[2024-05-05T14:00:17.507+0000] {taskinstance.py:1979} INFO - Dependencies all met for dep_context=non-requeueable deps ti=<TaskInstance: Units_statistics_DAG.ETL_job scheduled__2024-05-05T13:40:00+00:00 map_index=8 [queued]>
[2024-05-05T14:00:17.599+0000] {taskinstance.py:1979} INFO - Dependencies all met for dep_context=requeueable deps ti=<TaskInstance: Units_statistics_DAG.ETL_job scheduled__2024-05-05T13:40:00+00:00 map_index=8 [queued]>
[2024-05-05T14:00:17.599+0000] {taskinstance.py:2193} INFO - Starting attempt 1 of 4
[2024-05-05T14:00:17.716+0000] {taskinstance.py:2217} INFO - Executing <Mapped(_PythonDecoratedOperator): ETL_job> on 2024-05-05 13:40:00+00:00
[2024-05-05T14:00:17.754+0000] {standard_task_runner.py:60} INFO - Started process 784057 to run task
[2024-05-05T14:00:17.811+0000] {standard_task_runner.py:87} INFO - Running: ['***', 'tasks', 'run', 'Units_statistics_DAG', 'ETL_job', 'scheduled__2024-05-05T13:40:00+00:00', '--job-id', '33420', '--raw', '--subdir', 'DAGS_FOLDER/Units_dag.py', '--cfg-path', '/tmp/tmpxxu1uzio', '--map-index', '8']
[2024-05-05T14:00:17.814+0000] {standard_task_runner.py:88} INFO - Job 33420: Subtask ETL_job
[2024-05-05T14:00:18.157+0000] {task_command.py:423} INFO - Running <TaskInstance: Units_statistics_DAG.ETL_job scheduled__2024-05-05T13:40:00+00:00 map_index=8 [running]> on host a09da322e808
[2024-05-05T14:00:18.653+0000] {taskinstance.py:2513} INFO - Exporting env vars: AIRFLOW_CTX_DAG_OWNER='abeer-araby' AIRFLOW_CTX_DAG_ID='Units_statistics_DAG' AIRFLOW_CTX_TASK_ID='ETL_job' AIRFLOW_CTX_EXECUTION_DATE='2024-05-05T13:40:00+00:00' AIRFLOW_CTX_TRY_NUMBER='1' AIRFLOW_CTX_DAG_RUN_ID='scheduled__2024-05-05T13:40:00+00:00'
[2024-05-05T14:00:18.654+0000] {Units_dag.py:99} INFO - i: 80000, chunk: 10000
[2024-05-05T14:00:18.654+0000] {Units_dag.py:100} INFO - child token is::: eyJ0eXAiOiJKV1QiLCJhbGciOiJIUzI1NiJ9.eyJpc3MiOiJodHRwczovL2FwaS5hZmFxeS5zYS9hdXRoL2xvZ2luX2FzIiwiaWF0IjoxNzE0OTE3NjAzLCJleHAiOjE3MTc1MDk2MDMsIm5iZiI6MTcxNDkxNzYwMywianRpIjoiUE9NeVhkZlFWRlc0dzZ6MiIsInN1YiI6IjVkNjNlNTFlMDNlZDUyOTJhNDJjMjRlNiIsInBydiI6IjI3MGVjZmM3ZWEzZWQ5MzdlYTg0OTM2MmEzYTUwOTEwYzZkOGNlNGYiLCJsb2dpbl9hc19pZCI6IjY1N2YwYWQ3M2Y5NzcyOTVjZjA1NTc2YSJ9.8CNcglArKLgefHobnLqx_We2_TP_4iW8hha-tNqugcA
[2024-05-05T14:00:41.401+0000] {Units_dag.py:104} INFO - {'_id': '63d8ebe5f0da0b68ff5692b1', 'icon': 'icons/icon.png', 'driver_id': '', 'tailer_id': '', 'profile': {'vehicle_type': '', 'measurement_type': 'count', 'max_capacity': 0, 'vin': '', 'plate_number': '', 'start_operation': '', 'contract_milage': '', 'opening_milage': '', 'model': '', 'fuel_type': '91', 'year': 0, 'seats': 2}, 'device_password': '***', 'device_type': 'gps', 'gateway': False, 'name': '6320 D R A', 'operation_code': '', 'device_gateway': '', 'business_types': {'waste': False, 'transportation': True, 'water': False}, 'imei': '869688059345829', 'sim_number': '+966830032369094', 'sim_serial': '996609821111961949', 'device_serial': '869688059345829', 'device': 'bce', 'user_id': '63c3ef672cabbb6db33623df', 'created_by': '5e6655bf03ed52e1ab79d301', 'updated_at': '2024-04-18 11:18:59', 'created_at': '2023-01-31 13:22:29', 'cctv': {'dvr_id': '', 'channels': 1}, 'shipment_info': {'product_category': None, 'truck_type': None, 'shipment_type': None, 'shipment_payment_type': None, 'transporter_type': None, 'operating_area': None, 'weight_kilograms_per_day': None, 'kms_per_day': None, 'shipment_trip_drive_hrs_day': None, 'allowable_delay_drive_hrs_day': None, 'expected_shipment_trip_day': None, 'car_pay_per_day': None, 'exceeding_temperature_limit_per_day': None, 'temperature_upper_limit': None, 'exceeding_humidity_limit_per_day': None, 'humidity_upper_limit': None}, 'skip_sim_information': '', 'custom_fields': [], 'creator': 'amr.ahmed', 'company': '', 'owner': 'al-nakhla-admin', 'last_update': {'dtt': 1714917396000, 'dts': 1714917413834, 'spd': 0, 'ang': 336, 'alt': 507, 'chPrams': {'ePwrV': {'v': 26.729, 'cdt': 1714917396000}, 'di16': {'v': 1, 'cdt': 1712941840000}, 'di15': {'v': 0, 'cdt': 1710757948000}, 'rssi1': {'v': 71, 'cdt': 1714917396000}, 'di14': {'v': 0, 'cdt': 1714917336000}, 'di13': {'v': 0, 'cdt': 1713350666000}, 'di12': {'v': 0, 'cdt': 1712941840000}, 'di11': {'v': 0, 'cdt': 1712941840000}, 'di10': {'v': 0, 'cdt': 1712941840000}, 'di2': {'v': 0, 'cdt': 1712941840000}, 'di1': {'v': 0, 'cdt': 1714917396000}, 'ai4': {'v': 340, 'cdt': 1714917366000}, 'di4': {'v': 0, 'cdt': 1712941840000}, 'di3': {'v': 0, 'cdt': 1712941840000}, 'di6': {'v': 0, 'cdt': 1712941840000}, 'di5': {'v': 0, 'cdt': 1714917366000}, 'lac1': {'v': 3711, 'cdt': 1714915970000}, 'protocol': {'v': 'bce', 'cdt': 1712941840000}, 'di8': {'v': 1, 'cdt': 1712941840000}, 'di7': {'v': 1, 'cdt': 1714911442000}, 'di9': {'v': 0, 'cdt': 1712941840000}, 'iPwrV': {'v': 4.03, 'cdt': 1714917366000}, 'cid1': {'v': 65452, 'cdt': 1714917296000}, 'odometer': {'v': 0, 'cdt': 1714917366000}, 'spd': {'v': 0, 'cdt': 1714917336000}, 'sat': {'v': 12, 'cdt': 1714804424000}, 'hdop': {'v': 1, 'cdt': 1712941840000}, 'ta': {'v': 0, 'cdt': 1712941840000}, 'mcc1': {'v': 420, 'cdt': 1714448028000}, 'mnc1': {'v': 3, 'cdt': 1714448028000}}, 'prms': {'protocol': 'bce', 'spd': 0, 'sat': 12, 'hdop': 1, 'odometer': 0, 'di16': 1, 'di15': 0, 'di14': 0, 'di13': 0, 'di12': 0, 'di11': 0, 'di10': 0, 'di9': 0, 'di8': 1, 'di7': 1, 'di6': 0, 'di5': 0, 'di4': 0, 'di3': 0, 'di2': 0, 'di1': 0, 'ePwrV': 26.729, 'ai4': 340, 'iPwrV': 4.03, 'ta': 0, 'mcc1': 420, 'mnc1': 3, 'lac1': 3711, 'cid1': 65452, 'rssi1': 71}, 'devPrms': ['protocol', 'spd', 'sat', 'hdop', 'odometer', 'di16', 'di15', 'di14', 'di13', 'di12', 'di11', 'di10', 'di9', 'di8', 'di7', 'di6', 'di5', 'di4', 'di3', 'di2', 'di1', 'ePwrV', 'ai4', 'iPwrV', 'ta', 'mcc1', 'mnc1', 'lac1', 'cid1', 'rssi1'], 'old_params': {'protocol': 'bce', 'spd': 0, 'sat': 12, 'hdop': 1, 'odometer': 0, 'di16': 1, 'di15': 0, 'di14': 0, 'di13': 0, 'di12': 0, 'di11': 0, 'di10': 0, 'di9': 0, 'di8': 1, 'di7': 1, 'di6': 0, 'di5': 0, 'di4': 0, 'di3': 0, 'di2': 0, 'di1': 1, 'ePwrV': 27.314, 'ai4': 340, 'iPwrV': 4.03, 'ta': 0, 'mcc1': 420, 'mnc1': 3, 'lac1': 3711, 'cid1': 65452, 'rssi1': 76}, 'vLoc': 1, 'vCon': 1, 'ip': '109.83.114.45', 'rl': 0, 'trl': 27637.768, 'mdu': 0, 'tmdu': 1395416, 'eidl': 0, 'teidl': 945742, 'fc': 0, 'tfc': 109.1457, 'acc': 0, 'accOn': 9824226, 'accOff': 15574230, 'sdu': 30, 'tsdu': 30, 'lat': 31.37406349182129, 'lng': 37.28451156616211}, 'counters': {'odometer_type': 'gps', 'odometer': 59345.3995, 'engine_hours_type': 'acc', 'engine_hours': 9824226, 'last_acc': 0}, 'is_wasl_connected': 'Connected', 'iconUrl': 'https://api.afaqy.sa/images/units/icons/icon.png', 'hasCCTV': False}
[2024-05-05T14:00:42.247+0000] {warnings.py:109} WARNING - /home/***/.local/lib/python3.8/site-packages/elasticsearch/_sync/client/__init__.py:399: SecurityWarning: Connecting to 'https://dbelk2.afaqy.local:9200' using TLS with verify_certs=False is insecure
  _transport = transport_class(

[2024-05-05T14:00:42.357+0000] {warnings.py:109} WARNING - /home/***/.local/lib/python3.8/site-packages/elasticsearch/_sync/client/__init__.py:399: SecurityWarning: Connecting to 'https://dbelk3.afaqy.local:9200' using TLS with verify_certs=False is insecure
  _transport = transport_class(

[2024-05-05T14:00:42.461+0000] {warnings.py:109} WARNING - /home/***/.local/lib/python3.8/site-packages/elasticsearch/_sync/client/__init__.py:399: SecurityWarning: Connecting to 'https://dbelk1.afaqy.local:9200' using TLS with verify_certs=False is insecure
  _transport = transport_class(

[2024-05-05T14:00:42.492+0000] {warnings.py:109} WARNING - /home/***/.local/lib/python3.8/site-packages/urllib3/connectionpool.py:1061: InsecureRequestWarning: Unverified HTTPS request is being made to host 'dbelk2.afaqy.local'. Adding certificate verification is strongly advised. See: https://urllib3.readthedocs.io/en/1.26.x/advanced-usage.html#ssl-warnings
  warnings.warn(

[2024-05-05T14:00:42.576+0000] {_transport.py:335} INFO - GET https://dbelk2.afaqy.local:9200/_cluster/health [status:200 duration:0.112s]
[2024-05-05T14:00:43.129+0000] {warnings.py:109} WARNING - /home/***/.local/lib/python3.8/site-packages/urllib3/connectionpool.py:1061: InsecureRequestWarning: Unverified HTTPS request is being made to host 'dbelk3.afaqy.local'. Adding certificate verification is strongly advised. See: https://urllib3.readthedocs.io/en/1.26.x/advanced-usage.html#ssl-warnings
  warnings.warn(

[2024-05-05T14:00:43.142+0000] {_transport.py:335} INFO - PUT https://dbelk3.afaqy.local:9200/units_statistics_***/_bulk [status:429 duration:0.032s]
[2024-05-05T14:00:43.142+0000] {_node_pool.py:249} WARNING - Node <Urllib3HttpNode(https://dbelk3.afaqy.local:9200)> has failed for 1 times in a row, putting on 1 second timeout
[2024-05-05T14:00:43.143+0000] {_transport.py:427} WARNING - Retrying request after non-successful status 429 (attempt 0 of 3)
[2024-05-05T14:00:43.143+0000] {warnings.py:109} WARNING - /home/***/.local/lib/python3.8/site-packages/urllib3/connectionpool.py:1061: InsecureRequestWarning: Unverified HTTPS request is being made to host 'dbelk2.afaqy.local'. Adding certificate verification is strongly advised. See: https://urllib3.readthedocs.io/en/1.26.x/advanced-usage.html#ssl-warnings
  warnings.warn(

[2024-05-05T14:00:46.967+0000] {_transport.py:335} INFO - PUT https://dbelk2.afaqy.local:9200/units_statistics_***/_bulk [status:200 duration:3.824s]
[2024-05-05T14:00:47.227+0000] {taskinstance.py:2731} ERROR - Task failed with exception
Traceback (most recent call last):
  File "/home/airflow/.local/lib/python3.8/site-packages/airflow/models/taskinstance.py", line 444, in _execute_task
    result = _execute_callable(context=context, **execute_callable_kwargs)
  File "/home/airflow/.local/lib/python3.8/site-packages/airflow/models/taskinstance.py", line 414, in _execute_callable
    return execute_callable(context=context, **execute_callable_kwargs)
  File "/home/airflow/.local/lib/python3.8/site-packages/airflow/decorators/base.py", line 241, in execute
    return_value = super().execute(context)
  File "/home/airflow/.local/lib/python3.8/site-packages/airflow/operators/python.py", line 200, in execute
    return_value = self.execute_callable()
  File "/home/airflow/.local/lib/python3.8/site-packages/airflow/operators/python.py", line 217, in execute_callable
    return self.python_callable(*self.op_args, **self.op_kwargs)
  File "/opt/airflow/dags/Units_dag.py", line 112, in ETL_job
    Elk_client.elk_pushData(Globals.index_name,units_list_update)
  File "/opt/airflow/dags/elk_manager.py", line 69, in elk_pushData
    helpers.bulk(self.elk_client, docs_list, index=index_name, chunk_size=batch)
  File "/home/airflow/.local/lib/python3.8/site-packages/elasticsearch/helpers/actions.py", line 521, in bulk
    for ok, item in streaming_bulk(
  File "/home/airflow/.local/lib/python3.8/site-packages/elasticsearch/helpers/actions.py", line 436, in streaming_bulk
    for data, (ok, info) in zip(
  File "/home/airflow/.local/lib/python3.8/site-packages/elasticsearch/helpers/actions.py", line 355, in _process_bulk_chunk
    yield from gen
  File "/home/airflow/.local/lib/python3.8/site-packages/elasticsearch/helpers/actions.py", line 274, in _process_bulk_chunk_success
    raise BulkIndexError(f"{len(errors)} document(s) failed to index.", errors)
elasticsearch.helpers.BulkIndexError: 1 document(s) failed to index.
[2024-05-05T14:00:47.268+0000] {taskinstance.py:1149} INFO - Marking task as UP_FOR_RETRY. dag_id=Units_statistics_DAG, task_id=ETL_job, map_index=8, execution_date=20240505T134000, start_date=20240505T140017, end_date=20240505T140047
[2024-05-05T14:00:47.292+0000] {standard_task_runner.py:107} ERROR - Failed to execute job 33420 for task ETL_job (1 document(s) failed to index.; 784057)
[2024-05-05T14:00:47.379+0000] {local_task_job_runner.py:234} INFO - Task exited with return code 1
[2024-05-05T14:00:47.420+0000] {taskinstance.py:3312} INFO - 0 downstream tasks scheduled from follow-on schedule check
