[2024-04-22T13:02:05.917+0000] {taskinstance.py:1979} INFO - Dependencies all met for dep_context=non-requeueable deps ti=<TaskInstance: Units_statistics_DAG.ETL_job scheduled__2024-04-22T12:40:00+00:00 map_index=9 [queued]>
[2024-04-22T13:02:05.934+0000] {taskinstance.py:1979} INFO - Dependencies all met for dep_context=requeueable deps ti=<TaskInstance: Units_statistics_DAG.ETL_job scheduled__2024-04-22T12:40:00+00:00 map_index=9 [queued]>
[2024-04-22T13:02:05.934+0000] {taskinstance.py:2193} INFO - Starting attempt 2 of 4
[2024-04-22T13:02:05.958+0000] {taskinstance.py:2217} INFO - Executing <Mapped(_PythonDecoratedOperator): ETL_job> on 2024-04-22 12:40:00+00:00
[2024-04-22T13:02:05.969+0000] {standard_task_runner.py:60} INFO - Started process 471695 to run task
[2024-04-22T13:02:05.980+0000] {standard_task_runner.py:87} INFO - Running: ['***', 'tasks', 'run', 'Units_statistics_DAG', 'ETL_job', 'scheduled__2024-04-22T12:40:00+00:00', '--job-id', '11406', '--raw', '--subdir', 'DAGS_FOLDER/Units_dag.py', '--cfg-path', '/tmp/tmp0gijcxc9', '--map-index', '9']
[2024-04-22T13:02:05.983+0000] {standard_task_runner.py:88} INFO - Job 11406: Subtask ETL_job
[2024-04-22T13:02:06.077+0000] {task_command.py:423} INFO - Running <TaskInstance: Units_statistics_DAG.ETL_job scheduled__2024-04-22T12:40:00+00:00 map_index=9 [running]> on host a09da322e808
[2024-04-22T13:02:06.266+0000] {taskinstance.py:2513} INFO - Exporting env vars: AIRFLOW_CTX_DAG_OWNER='abeer-araby' AIRFLOW_CTX_DAG_ID='Units_statistics_DAG' AIRFLOW_CTX_TASK_ID='ETL_job' AIRFLOW_CTX_EXECUTION_DATE='2024-04-22T12:40:00+00:00' AIRFLOW_CTX_TRY_NUMBER='2' AIRFLOW_CTX_DAG_RUN_ID='scheduled__2024-04-22T12:40:00+00:00'
[2024-04-22T13:02:06.269+0000] {Units_dag.py:99} INFO - i: 90000, chunk: 10000
[2024-04-22T13:02:06.270+0000] {Units_dag.py:100} INFO - child token is::: eyJ0eXAiOiJKV1QiLCJhbGciOiJIUzI1NiJ9.eyJpc3MiOiJodHRwczovL2FwaS5hZmFxeS5zYS9hdXRoL2xvZ2luX2FzIiwiaWF0IjoxNzEzNzkwODA0LCJleHAiOjE3MTYzODI4MDQsIm5iZiI6MTcxMzc5MDgwNCwianRpIjoicm55TG5Cd1RkUjF6QzhZNCIsInN1YiI6IjVkNjNlNTFlMDNlZDUyOTJhNDJjMjRlNiIsInBydiI6IjI3MGVjZmM3ZWEzZWQ5MzdlYTg0OTM2MmEzYTUwOTEwYzZkOGNlNGYiLCJsb2dpbl9hc19pZCI6IjY1N2YwYWQ3M2Y5NzcyOTVjZjA1NTc2YSJ9.wghGHdkeOdfuBztotUc604Ql6wUYLIoXHAvn6Gau7-A
[2024-04-22T13:02:23.433+0000] {Units_dag.py:104} INFO - {'_id': '640bfa154cd7b91fb317966e', 'icon': 'icons/icon.png', 'driver_id': '', 'tailer_id': '', 'profile': {'vehicle_type': '', 'measurement_type': 'count', 'max_capacity': 0, 'vin': '', 'plate_number': '', 'start_operation': '', 'contract_milage': '', 'opening_milage': '', 'model': '', 'fuel_type': '91', 'year': 0, 'seats': 2}, 'device_password': '***', 'device_type': 'gps', 'gateway': False, 'name': 'أ د م 5521  جديد', 'operation_code': '', 'imei': '863540061923265', 'sim_number': '+966212967268220', 'sim_serial': '8996604212967268220', 'device_serial': '1130040841', 'device': 'teltonika', 'created_by': '5e539d8203ed52f71d634478', 'user_id': '5e539d8203ed52f71d634478', 'updated_at': '2024-04-18 11:18:59', 'created_at': '2023-03-11 06:48:37', 'business_types': {'waste': False, 'transportation': True, 'water': False, 'hajj': False}, 'device_gateway': '', 'custom_fields': [], 'creator': 'aemallamar', 'company': '', 'owner': 'aemallamar', 'last_update': {'dtt': 1712364309000, 'dts': 1712364313931, 'spd': 0, 'ang': 257, 'alt': 36, 'chPrams': {'parm76': {'v': 0, 'cdt': 1709794962000}, 'output1': {'v': False, 'cdt': 1712352888000}, 'output2': {'v': False, 'cdt': 1712352888000}, 'motion': {'v': False, 'cdt': 1712352888000}, 'ePwrV': {'v': 0, 'cdt': 1712360102000}, 'sat': {'v': 12, 'cdt': 1712364309000}, 'ai1': {'v': 218, 'cdt': 1712189216000}, 'priority': {'v': 0, 'cdt': 1712330349000}, 'type': {'v': 6, 'cdt': 1709829698000}, 'di2': {'v': 0, 'cdt': 1711219745000}, 'di1': {'v': 0, 'cdt': 1712329447000}, 'temp1': {'v': 0, 'cdt': 1710353135000}, 'result': {'v': '5665723a30332e32372e31335f3534204750533a41584e5f352e312e392048773a464d43313330204d6f643a3420494d45493a38363335343030363139323332363520496e69743a323032342d342d3220393a313020557074696d653a333130313230204d41433a323634303843394536323631205350433a312830292041584c3a32204f42443a3020424c3a312e31302042543a34', 'cdt': 1712359501000}, 'protocol': {'v': 'FMC130', 'cdt': 1712352888000}, 'parm6': {'v': 218, 'cdt': 1712300330000}, 'temp5': {'v': 30, 'cdt': 1710353135000}, 'iPwrV': {'v': 3.358, 'cdt': 1712364309000}, 'event': {'v': 0, 'cdt': 1712329457000}, 'humidity86': {'v': 300, 'cdt': 1710353135000}}, 'prms': {'protocol': 'FMC130', 'priority': 0, 'sat': 12, 'event': 0, 'di1': 0, 'motion': 0, 'output1': 0, 'di2': 0, 'output2': 0, 'ePwrV': 0, 'iPwrV': 3.358, 'ai1': 218, 'parm6': 218, 'temp5': 30, 'humidity86': 300, 'temp1': 0, 'parm76': 0}, 'devPrms': ['protocol', 'priority', 'sat', 'event', 'di1', 'motion', 'output1', 'di2', 'output2', 'ePwrV', 'iPwrV', 'ai1', 'parm6', 'temp5', 'humidity86', 'temp1', 'parm76'], 'old_params': {'parm76': 0, 'output1': 0, 'output2': 0, 'motion': 0, 'ePwrV': 0, 'sat': 13, 'ai1': 218, 'priority': 0, 'di2': 0, 'di1': 0, 'temp1': 0, 'protocol': 'teltonika', 'parm6': 218, 'temp5': 30, 'iPwrV': 3.416, 'event': 0, 'humidity86': 300}, 'vLoc': 1, 'vCon': 1, 'ip': '51.36.14.45', 'rl': 0, 'trl': 76896.5147, 'mdu': 0, 'tmdu': 4832434, 'eidl': 0, 'teidl': 8041822, 'fc': 0, 'tfc': 0, 'acc': 0, 'accOn': 17910269, 'accOff': 20600813, 'sdu': 300, 'tsdu': 34863, 'lat': 26.196145, 'lng': 49.997535}, 'counters': {'odometer_type': 'gps', 'odometer': 76896.5126, 'engine_hours_type': 'acc', 'engine_hours': 17910269, 'last_acc': 0}, 'is_wasl_connected': 'Connected', 'iconUrl': 'https://api.afaqy.sa/images/units/icons/icon.png', 'hasCCTV': False}
[2024-04-22T13:02:24.068+0000] {warnings.py:109} WARNING - /home/***/.local/lib/python3.8/site-packages/elasticsearch/_sync/client/__init__.py:399: SecurityWarning: Connecting to 'https://dbelk2.afaqy.local:9200' using TLS with verify_certs=False is insecure
  _transport = transport_class(

[2024-04-22T13:02:24.115+0000] {warnings.py:109} WARNING - /home/***/.local/lib/python3.8/site-packages/elasticsearch/_sync/client/__init__.py:399: SecurityWarning: Connecting to 'https://dbelk3.afaqy.local:9200' using TLS with verify_certs=False is insecure
  _transport = transport_class(

[2024-04-22T13:02:24.165+0000] {warnings.py:109} WARNING - /home/***/.local/lib/python3.8/site-packages/elasticsearch/_sync/client/__init__.py:399: SecurityWarning: Connecting to 'https://dbelk1.afaqy.local:9200' using TLS with verify_certs=False is insecure
  _transport = transport_class(

[2024-04-22T13:02:24.196+0000] {warnings.py:109} WARNING - /home/***/.local/lib/python3.8/site-packages/urllib3/connectionpool.py:1061: InsecureRequestWarning: Unverified HTTPS request is being made to host 'dbelk2.afaqy.local'. Adding certificate verification is strongly advised. See: https://urllib3.readthedocs.io/en/1.26.x/advanced-usage.html#ssl-warnings
  warnings.warn(

[2024-04-22T13:02:24.276+0000] {_transport.py:335} INFO - GET https://dbelk2.afaqy.local:9200/_cluster/health [status:200 duration:0.109s]
[2024-04-22T13:02:24.674+0000] {warnings.py:109} WARNING - /home/***/.local/lib/python3.8/site-packages/urllib3/connectionpool.py:1061: InsecureRequestWarning: Unverified HTTPS request is being made to host 'dbelk3.afaqy.local'. Adding certificate verification is strongly advised. See: https://urllib3.readthedocs.io/en/1.26.x/advanced-usage.html#ssl-warnings
  warnings.warn(

[2024-04-22T13:02:26.074+0000] {_transport.py:335} INFO - PUT https://dbelk3.afaqy.local:9200/units_statistics_***/_bulk [status:200 duration:1.418s]
[2024-04-22T13:02:26.478+0000] {python.py:202} INFO - Done. Returned value was: None
[2024-04-22T13:02:26.493+0000] {taskinstance.py:1149} INFO - Marking task as SUCCESS. dag_id=Units_statistics_DAG, task_id=ETL_job, map_index=9, execution_date=20240422T124000, start_date=20240422T130205, end_date=20240422T130226
[2024-04-22T13:02:26.543+0000] {local_task_job_runner.py:234} INFO - Task exited with return code 0
[2024-04-22T13:02:26.577+0000] {taskinstance.py:3312} INFO - 0 downstream tasks scheduled from follow-on schedule check
