[2024-05-11T10:41:47.865+0000] {taskinstance.py:1979} INFO - Dependencies all met for dep_context=non-requeueable deps ti=<TaskInstance: Units_statistics_DAG.ETL_job scheduled__2024-05-11T10:20:00+00:00 map_index=7 [queued]>
[2024-05-11T10:41:47.881+0000] {taskinstance.py:1979} INFO - Dependencies all met for dep_context=requeueable deps ti=<TaskInstance: Units_statistics_DAG.ETL_job scheduled__2024-05-11T10:20:00+00:00 map_index=7 [queued]>
[2024-05-11T10:41:47.881+0000] {taskinstance.py:2193} INFO - Starting attempt 2 of 4
[2024-05-11T10:41:47.908+0000] {taskinstance.py:2217} INFO - Executing <Mapped(_PythonDecoratedOperator): ETL_job> on 2024-05-11 10:20:00+00:00
[2024-05-11T10:41:47.916+0000] {standard_task_runner.py:60} INFO - Started process 938351 to run task
[2024-05-11T10:41:47.926+0000] {standard_task_runner.py:87} INFO - Running: ['***', 'tasks', 'run', 'Units_statistics_DAG', 'ETL_job', 'scheduled__2024-05-11T10:20:00+00:00', '--job-id', '50350', '--raw', '--subdir', 'DAGS_FOLDER/Units_dag.py', '--cfg-path', '/tmp/tmpybofkdxd', '--map-index', '7']
[2024-05-11T10:41:47.929+0000] {standard_task_runner.py:88} INFO - Job 50350: Subtask ETL_job
[2024-05-11T10:41:48.030+0000] {task_command.py:423} INFO - Running <TaskInstance: Units_statistics_DAG.ETL_job scheduled__2024-05-11T10:20:00+00:00 map_index=7 [running]> on host a09da322e808
[2024-05-11T10:41:48.230+0000] {taskinstance.py:2513} INFO - Exporting env vars: AIRFLOW_CTX_DAG_OWNER='abeer-araby' AIRFLOW_CTX_DAG_ID='Units_statistics_DAG' AIRFLOW_CTX_TASK_ID='ETL_job' AIRFLOW_CTX_EXECUTION_DATE='2024-05-11T10:20:00+00:00' AIRFLOW_CTX_TRY_NUMBER='2' AIRFLOW_CTX_DAG_RUN_ID='scheduled__2024-05-11T10:20:00+00:00'
[2024-05-11T10:41:48.231+0000] {Units_dag.py:98} INFO - i: 70000, chunk: 10000
[2024-05-11T10:41:48.232+0000] {Units_dag.py:99} INFO - child token is::: eyJ0eXAiOiJKV1QiLCJhbGciOiJIUzI1NiJ9.eyJpc3MiOiJodHRwczovL2FwaS5hZmFxeS5zYS9hdXRoL2xvZ2luX2FzIiwiaWF0IjoxNzE1NDI0MDA0LCJleHAiOjE3MTgwMTYwMDQsIm5iZiI6MTcxNTQyNDAwNCwianRpIjoiYUM2S2R0TDhqem81RjBxbSIsInN1YiI6IjVkNjNlNTFlMDNlZDUyOTJhNDJjMjRlNiIsInBydiI6IjI3MGVjZmM3ZWEzZWQ5MzdlYTg0OTM2MmEzYTUwOTEwYzZkOGNlNGYiLCJsb2dpbl9hc19pZCI6IjY1N2YwYWQ3M2Y5NzcyOTVjZjA1NTc2YSJ9.qHrTGvnmMFEx2nPqie13IVzZCBKf6Ije9mMUuOmNTFk
[2024-05-11T10:42:06.005+0000] {Units_dag.py:103} INFO - {'_id': '63a466fe4f0dbb24824e5b49', 'icon': 'icons/icon.png', 'driver_id': '', 'tailer_id': '', 'profile': {'vehicle_type': '', 'measurement_type': 'count', 'max_capacity': 0, 'vin': '', 'plate_number': '7012 - J S A', 'start_operation': '', 'contract_milage': '', 'opening_milage': '', 'model': '', 'fuel_type': '91', 'year': 0, 'seats': 2}, 'device_password': '***', 'device_type': 'gps', 'gateway': False, 'name': '7012 - J S A', 'operation_code': '', 'device_gateway': '', 'business_types': {'waste': False, 'transportation': True, 'water': False}, 'imei': '869688059136806', 'sim_number': '+966830028982130', 'sim_serial': '996609821111010818', 'device_serial': '869688059136806', 'device': 'bce', 'user_id': '61ee87763844a671b85a553f', 'created_by': '5e6655bf03ed52e1ab79d301', 'updated_at': '2024-04-18 11:18:59', 'created_at': '2022-12-22 17:17:34', 'custom_fields': [], 'creator': 'amr.ahmed', 'company': '', 'owner': 'al-jameel-int-admin', 'last_update': {'dtt': 1715424076000, 'dts': 1715424093793, 'spd': 0, 'ang': 72, 'alt': 648, 'chPrams': {'ePwrV': {'v': 27.775, 'cdt': 1715424076000}, 'di16': {'v': 1, 'cdt': 1712945120000}, 'di15': {'v': 0, 'cdt': 1697390612000}, 'rssi1': {'v': 54, 'cdt': 1715424076000}, 'di14': {'v': 0, 'cdt': 1715422210000}, 'di13': {'v': 0, 'cdt': 1712945120000}, 'di12': {'v': 0, 'cdt': 1712945120000}, 'ai3': {'v': 444, 'cdt': 1715424076000}, 'di11': {'v': 0, 'cdt': 1712945120000}, 'di10': {'v': 0, 'cdt': 1712945120000}, 'di2': {'v': 0, 'cdt': 1715280620000}, 'di1': {'v': 0, 'cdt': 1715422246000}, 'ai4': {'v': 92, 'cdt': 1715424076000}, 'di4': {'v': 0, 'cdt': 1712945120000}, 'di3': {'v': 0, 'cdt': 1712945120000}, 'di6': {'v': 0, 'cdt': 1712945120000}, 'di5': {'v': 1, 'cdt': 1715418134000}, 'lac1': {'v': 1221, 'cdt': 1715422104000}, 'protocol': {'v': 'bce', 'cdt': 1712945120000}, 'di8': {'v': 1, 'cdt': 1712945120000}, 'di7': {'v': 1, 'cdt': 1715418134000}, 'di9': {'v': 0, 'cdt': 1712945120000}, 'iPwrV': {'v': 4.008, 'cdt': 1715423596000}, 'humidity': {'v': 15, 'cdt': 1715423356000}, 'cid1': {'v': 7072, 'cdt': 1715424046000}, 'temp': {'v': 33.69999999999999, 'cdt': 1715423926000}, 'odometer': {'v': 0, 'cdt': 1715422216000}, 'spd': {'v': 0, 'cdt': 1715422216000}, 'sat': {'v': 12, 'cdt': 1715420908000}, 'hdop': {'v': 1, 'cdt': 1715420644000}, 'ta': {'v': 0, 'cdt': 1712945120000}, 'mcc1': {'v': 420, 'cdt': 1715248780000}, 'mnc1': {'v': 3, 'cdt': 1715006454000}}, 'prms': {'protocol': 'bce', 'spd': 0, 'sat': 12, 'hdop': 1, 'odometer': 0, 'di16': 1, 'di15': 0, 'di14': 0, 'di13': 0, 'di12': 0, 'di11': 0, 'di10': 0, 'di9': 0, 'di8': 1, 'di7': 1, 'di6': 0, 'di5': 1, 'di4': 0, 'di3': 0, 'di2': 0, 'di1': 0, 'ePwrV': 27.775, 'ai3': 444, 'ai4': 92, 'iPwrV': 4.008, 'ta': 0, 'mcc1': 420, 'mnc1': 3, 'lac1': 1221, 'cid1': 7072, 'rssi1': 54, 'temp': 33.69999999999999, 'humidity': 15}, 'devPrms': ['protocol', 'spd', 'sat', 'hdop', 'odometer', 'di16', 'di15', 'di14', 'di13', 'di12', 'di11', 'di10', 'di9', 'di8', 'di7', 'di6', 'di5', 'di4', 'di3', 'di2', 'di1', 'ePwrV', 'ai3', 'ai4', 'iPwrV', 'ta', 'mcc1', 'mnc1', 'lac1', 'cid1', 'rssi1', 'temp', 'humidity'], 'old_params': {'protocol': 'bce', 'spd': 0, 'sat': 12, 'hdop': 1, 'odometer': 0, 'di16': 1, 'di15': 0, 'di14': 0, 'di13': 0, 'di12': 0, 'di11': 0, 'di10': 0, 'di9': 0, 'di8': 1, 'di7': 1, 'di6': 0, 'di5': 1, 'di4': 0, 'di3': 0, 'di2': 0, 'di1': 0, 'ePwrV': 27.899, 'ai3': 464, 'ai4': 113, 'iPwrV': 4.008, 'ta': 0, 'mcc1': 420, 'mnc1': 3, 'lac1': 1221, 'cid1': 7072, 'rssi1': 61, 'temp': 33.69999999999999, 'humidity': 15}, 'vLoc': 1, 'vCon': 1, 'ip': '109.83.118.42', 'rl': 0, 'trl': 20606.8792, 'mdu': 0, 'tmdu': 1897710, 'eidl': 30, 'teidl': 4487056, 'fc': 0, 'tfc': 3.137736, 'acc': 1, 'accOn': 13182856, 'accOff': 11821236, 'sdu': 0, 'tsdu': 0, 'lat': 24.777122497558594, 'lng': 46.63726043701172}, 'counters': {'odometer_type': 'gps', 'odometer': 45807.6377, 'engine_hours_type': 'acc', 'engine_hours': 13182856, 'last_acc': 1}, 'is_wasl_connected': 'Connected', 'iconUrl': 'https://api.afaqy.sa/images/units/icons/icon.png', 'hasCCTV': False}
[2024-05-11T10:42:06.632+0000] {warnings.py:109} WARNING - /home/***/.local/lib/python3.8/site-packages/elasticsearch/_sync/client/__init__.py:399: SecurityWarning: Connecting to 'https://dbelk2.afaqy.local:9200' using TLS with verify_certs=False is insecure
  _transport = transport_class(

[2024-05-11T10:42:06.696+0000] {warnings.py:109} WARNING - /home/***/.local/lib/python3.8/site-packages/elasticsearch/_sync/client/__init__.py:399: SecurityWarning: Connecting to 'https://dbelk3.afaqy.local:9200' using TLS with verify_certs=False is insecure
  _transport = transport_class(

[2024-05-11T10:42:06.739+0000] {warnings.py:109} WARNING - /home/***/.local/lib/python3.8/site-packages/elasticsearch/_sync/client/__init__.py:399: SecurityWarning: Connecting to 'https://dbelk1.afaqy.local:9200' using TLS with verify_certs=False is insecure
  _transport = transport_class(

[2024-05-11T10:42:06.763+0000] {warnings.py:109} WARNING - /home/***/.local/lib/python3.8/site-packages/urllib3/connectionpool.py:1061: InsecureRequestWarning: Unverified HTTPS request is being made to host 'dbelk2.afaqy.local'. Adding certificate verification is strongly advised. See: https://urllib3.readthedocs.io/en/1.26.x/advanced-usage.html#ssl-warnings
  warnings.warn(

[2024-05-11T10:42:06.858+0000] {_transport.py:335} INFO - GET https://dbelk2.afaqy.local:9200/_cluster/health [status:200 duration:0.117s]
[2024-05-11T10:42:07.346+0000] {warnings.py:109} WARNING - /home/***/.local/lib/python3.8/site-packages/urllib3/connectionpool.py:1061: InsecureRequestWarning: Unverified HTTPS request is being made to host 'dbelk3.afaqy.local'. Adding certificate verification is strongly advised. See: https://urllib3.readthedocs.io/en/1.26.x/advanced-usage.html#ssl-warnings
  warnings.warn(

[2024-05-11T10:42:07.360+0000] {_transport.py:335} INFO - PUT https://dbelk3.afaqy.local:9200/units_statistics_***/_bulk [status:429 duration:0.041s]
[2024-05-11T10:42:07.361+0000] {_node_pool.py:249} WARNING - Node <Urllib3HttpNode(https://dbelk3.afaqy.local:9200)> has failed for 1 times in a row, putting on 1 second timeout
[2024-05-11T10:42:07.361+0000] {_transport.py:427} WARNING - Retrying request after non-successful status 429 (attempt 0 of 3)
[2024-05-11T10:42:07.362+0000] {warnings.py:109} WARNING - /home/***/.local/lib/python3.8/site-packages/urllib3/connectionpool.py:1061: InsecureRequestWarning: Unverified HTTPS request is being made to host 'dbelk2.afaqy.local'. Adding certificate verification is strongly advised. See: https://urllib3.readthedocs.io/en/1.26.x/advanced-usage.html#ssl-warnings
  warnings.warn(

[2024-05-11T10:42:11.242+0000] {_transport.py:335} INFO - PUT https://dbelk2.afaqy.local:9200/units_statistics_***/_bulk [status:200 duration:3.880s]
[2024-05-11T10:42:11.601+0000] {python.py:202} INFO - Done. Returned value was: None
[2024-05-11T10:42:11.616+0000] {taskinstance.py:1149} INFO - Marking task as SUCCESS. dag_id=Units_statistics_DAG, task_id=ETL_job, map_index=7, execution_date=20240511T102000, start_date=20240511T104147, end_date=20240511T104211
[2024-05-11T10:42:11.679+0000] {local_task_job_runner.py:234} INFO - Task exited with return code 0
[2024-05-11T10:42:11.703+0000] {taskinstance.py:3312} INFO - 0 downstream tasks scheduled from follow-on schedule check
