[2024-04-18T00:08:14.371+0000] {taskinstance.py:1979} INFO - Dependencies all met for dep_context=non-requeueable deps ti=<TaskInstance: Units_statistics_DAG.login_parent manual__2024-04-18T00:05:19.827394+00:00 [queued]>
[2024-04-18T00:08:14.442+0000] {taskinstance.py:1979} INFO - Dependencies all met for dep_context=requeueable deps ti=<TaskInstance: Units_statistics_DAG.login_parent manual__2024-04-18T00:05:19.827394+00:00 [queued]>
[2024-04-18T00:08:14.443+0000] {taskinstance.py:2193} INFO - Starting attempt 2 of 4
[2024-04-18T00:08:14.511+0000] {taskinstance.py:2217} INFO - Executing <Task(_PythonDecoratedOperator): login_parent> on 2024-04-18 00:05:19.827394+00:00
[2024-04-18T00:08:14.525+0000] {standard_task_runner.py:60} INFO - Started process 366547 to run task
[2024-04-18T00:08:14.553+0000] {standard_task_runner.py:87} INFO - Running: ['***', 'tasks', 'run', 'Units_statistics_DAG', 'login_parent', 'manual__2024-04-18T00:05:19.827394+00:00', '--job-id', '5932', '--raw', '--subdir', 'DAGS_FOLDER/Units_dag.py', '--cfg-path', '/tmp/tmpzqbqdqj7']
[2024-04-18T00:08:14.561+0000] {standard_task_runner.py:88} INFO - Job 5932: Subtask login_parent
[2024-04-18T00:08:14.742+0000] {task_command.py:423} INFO - Running <TaskInstance: Units_statistics_DAG.login_parent manual__2024-04-18T00:05:19.827394+00:00 [running]> on host a09da322e808
[2024-04-18T00:08:15.220+0000] {taskinstance.py:2513} INFO - Exporting env vars: AIRFLOW_CTX_DAG_OWNER='abeer-araby' AIRFLOW_CTX_DAG_ID='Units_statistics_DAG' AIRFLOW_CTX_TASK_ID='login_parent' AIRFLOW_CTX_EXECUTION_DATE='2024-04-18T00:05:19.827394+00:00' AIRFLOW_CTX_TRY_NUMBER='2' AIRFLOW_CTX_DAG_RUN_ID='manual__2024-04-18T00:05:19.827394+00:00'
[2024-04-18T00:08:15.679+0000] {taskinstance.py:2731} ERROR - Task failed with exception
Traceback (most recent call last):
  File "/home/airflow/.local/lib/python3.8/site-packages/airflow/models/taskinstance.py", line 444, in _execute_task
    result = _execute_callable(context=context, **execute_callable_kwargs)
  File "/home/airflow/.local/lib/python3.8/site-packages/airflow/models/taskinstance.py", line 414, in _execute_callable
    return execute_callable(context=context, **execute_callable_kwargs)
  File "/home/airflow/.local/lib/python3.8/site-packages/airflow/decorators/base.py", line 241, in execute
    return_value = super().execute(context)
  File "/home/airflow/.local/lib/python3.8/site-packages/airflow/operators/python.py", line 200, in execute
    return_value = self.execute_callable()
  File "/home/airflow/.local/lib/python3.8/site-packages/airflow/operators/python.py", line 217, in execute_callable
    return self.python_callable(*self.op_args, **self.op_kwargs)
  File "/opt/airflow/dags/Units_dag.py", line 45, in login_parent
    ti.xcom_push(key='parent_token_1', value=response.json()['data']['token'],task_ids=['parent'])
  File "/home/airflow/.local/lib/python3.8/site-packages/airflow/utils/session.py", line 79, in wrapper
    return func(*args, session=session, **kwargs)
TypeError: xcom_push() got an unexpected keyword argument 'task_ids'
[2024-04-18T00:08:15.707+0000] {taskinstance.py:1149} INFO - Marking task as UP_FOR_RETRY. dag_id=Units_statistics_DAG, task_id=login_parent, execution_date=20240418T000519, start_date=20240418T000814, end_date=20240418T000815
[2024-04-18T00:08:15.733+0000] {standard_task_runner.py:107} ERROR - Failed to execute job 5932 for task login_parent (xcom_push() got an unexpected keyword argument 'task_ids'; 366547)
[2024-04-18T00:08:15.777+0000] {local_task_job_runner.py:234} INFO - Task exited with return code 1
[2024-04-18T00:08:15.961+0000] {taskinstance.py:3312} INFO - 0 downstream tasks scheduled from follow-on schedule check
