[2024-04-21T17:40:15.697+0000] {taskinstance.py:1979} INFO - Dependencies all met for dep_context=non-requeueable deps ti=<TaskInstance: Units_statistics_DAG.ETL_job scheduled__2024-04-21T17:20:00+00:00 map_index=14 [queued]>
[2024-04-21T17:40:15.794+0000] {taskinstance.py:1979} INFO - Dependencies all met for dep_context=requeueable deps ti=<TaskInstance: Units_statistics_DAG.ETL_job scheduled__2024-04-21T17:20:00+00:00 map_index=14 [queued]>
[2024-04-21T17:40:15.799+0000] {taskinstance.py:2193} INFO - Starting attempt 1 of 4
[2024-04-21T17:40:15.881+0000] {taskinstance.py:2217} INFO - Executing <Mapped(_PythonDecoratedOperator): ETL_job> on 2024-04-21 17:20:00+00:00
[2024-04-21T17:40:15.935+0000] {standard_task_runner.py:60} INFO - Started process 452508 to run task
[2024-04-21T17:40:15.975+0000] {standard_task_runner.py:87} INFO - Running: ['***', 'tasks', 'run', 'Units_statistics_DAG', 'ETL_job', 'scheduled__2024-04-21T17:20:00+00:00', '--job-id', '10082', '--raw', '--subdir', 'DAGS_FOLDER/Units_dag.py', '--cfg-path', '/tmp/tmpz72nf_ti', '--map-index', '14']
[2024-04-21T17:40:15.988+0000] {standard_task_runner.py:88} INFO - Job 10082: Subtask ETL_job
[2024-04-21T17:40:16.296+0000] {task_command.py:423} INFO - Running <TaskInstance: Units_statistics_DAG.ETL_job scheduled__2024-04-21T17:20:00+00:00 map_index=14 [running]> on host a09da322e808
[2024-04-21T17:40:16.635+0000] {taskinstance.py:2513} INFO - Exporting env vars: AIRFLOW_CTX_DAG_OWNER='abeer-araby' AIRFLOW_CTX_DAG_ID='Units_statistics_DAG' AIRFLOW_CTX_TASK_ID='ETL_job' AIRFLOW_CTX_EXECUTION_DATE='2024-04-21T17:20:00+00:00' AIRFLOW_CTX_TRY_NUMBER='1' AIRFLOW_CTX_DAG_RUN_ID='scheduled__2024-04-21T17:20:00+00:00'
[2024-04-21T17:40:16.638+0000] {Units_dag.py:99} INFO - i: 140000, chunk: 10000
[2024-04-21T17:40:16.638+0000] {Units_dag.py:100} INFO - child token is::: eyJ0eXAiOiJKV1QiLCJhbGciOiJIUzI1NiJ9.eyJpc3MiOiJodHRwczovL2FwaS5hZmFxeS5zYS9hdXRoL2xvZ2luX2FzIiwiaWF0IjoxNzEzNzIxMjA0LCJleHAiOjE3MTYzMTMyMDQsIm5iZiI6MTcxMzcyMTIwNCwianRpIjoieG9aZmU3akNNZmRBS1BoaiIsInN1YiI6IjVkNjNlNTFlMDNlZDUyOTJhNDJjMjRlNiIsInBydiI6IjI3MGVjZmM3ZWEzZWQ5MzdlYTg0OTM2MmEzYTUwOTEwYzZkOGNlNGYiLCJsb2dpbl9hc19pZCI6IjY1N2YwYWQ3M2Y5NzcyOTVjZjA1NTc2YSJ9.dj0UA15IlVKNAqqQoLoX0losHByQy1rCnbAvtSQj2-0
[2024-04-21T17:40:37.581+0000] {Units_dag.py:104} INFO - {'_id': '6548f97128ae1c111c0c4aa5', 'icon': 'icons/icon.png', 'driver_id': '', 'tailer_id': '', 'profile': {'vehicle_type': '58', 'measurement_type': 'count', 'max_capacity': None, 'vin': '12', 'plate_number': '1234tuv', 'start_operation': '2020-05', 'contract_milage': 234, 'opening_milage': 2343, 'model': '12', 'fuel_type': '91', 'year': 0, 'current_owner': 'test000', 'Seats': 2, 'seats': 2}, 'shipment_info': {'product_category': '', 'truck_type': '', 'shipment_type': '', 'shipment_payment_type': '', 'transporter_type': '', 'operating_area': '', 'weight_kilograms_per_day': '', 'kms_per_day': '', 'opening_milage': '', 'shipment_trip_drive_hrs_day': '', 'expected_shipment_trip_day': '', 'car_pay_per_day': '', 'exceeding_temperature_limit_per_day': '', 'temperature_upper_limit': '', 'exceeding_humidity_limit_per_day': '', 'humidity_upper_limit': '', 'allowable_delay_drive_hrs_day': ''}, 'device_password': '***', 'device_type': 'gps', 'gateway': False, 'business_types': {'waste': False, 'transportation': True}, 'name': 'Kim Howell', 'operation_code': 'ed1e3c27-1c4b-40b1-a9b2-5440334c2e44', 'device_gateway': None, 'skip_sim_information': False, 'imei': '61044111', 'sim_number': '+966937439432', 'sim_serial': '8701231156', 'device_serial': '4468540953', 'device': 'bceIotm', 'cctv': {'dvr_id': None, 'channels': 1}, 'user_id': '5b5475eeec689d30c527f124', 'created_by': '5f5e1a5c03ed52b74e484af2', 'updated_at': '2024-04-18 11:18:59', 'created_at': '2023-11-06 17:34:25', 'custom_fields': [], 'creator': 'betalarge', 'company': '', 'owner': 'afaqy', 'counters': None, 'is_wasl_connected': 'Not Connected', 'iconUrl': 'https://api.afaqy.sa/images/units/icons/icon.png', 'hasCCTV': False}
[2024-04-21T17:40:38.135+0000] {warnings.py:109} WARNING - /home/***/.local/lib/python3.8/site-packages/elasticsearch/_sync/client/__init__.py:399: SecurityWarning: Connecting to 'https://dbelk1.afaqy.local:9200' using TLS with verify_certs=False is insecure
  _transport = transport_class(

[2024-04-21T17:40:38.179+0000] {warnings.py:109} WARNING - /home/***/.local/lib/python3.8/site-packages/elasticsearch/_sync/client/__init__.py:399: SecurityWarning: Connecting to 'https://dbelk3.afaqy.local:9200' using TLS with verify_certs=False is insecure
  _transport = transport_class(

[2024-04-21T17:40:38.227+0000] {warnings.py:109} WARNING - /home/***/.local/lib/python3.8/site-packages/elasticsearch/_sync/client/__init__.py:399: SecurityWarning: Connecting to 'https://dbelk2.afaqy.local:9200' using TLS with verify_certs=False is insecure
  _transport = transport_class(

[2024-04-21T17:40:38.255+0000] {warnings.py:109} WARNING - /home/***/.local/lib/python3.8/site-packages/urllib3/connectionpool.py:1061: InsecureRequestWarning: Unverified HTTPS request is being made to host 'dbelk1.afaqy.local'. Adding certificate verification is strongly advised. See: https://urllib3.readthedocs.io/en/1.26.x/advanced-usage.html#ssl-warnings
  warnings.warn(

[2024-04-21T17:40:38.299+0000] {_transport.py:335} INFO - GET https://dbelk1.afaqy.local:9200/_cluster/health [status:200 duration:0.069s]
[2024-04-21T17:40:38.713+0000] {warnings.py:109} WARNING - /home/***/.local/lib/python3.8/site-packages/urllib3/connectionpool.py:1061: InsecureRequestWarning: Unverified HTTPS request is being made to host 'dbelk3.afaqy.local'. Adding certificate verification is strongly advised. See: https://urllib3.readthedocs.io/en/1.26.x/advanced-usage.html#ssl-warnings
  warnings.warn(

[2024-04-21T17:40:41.121+0000] {_transport.py:335} INFO - PUT https://dbelk3.afaqy.local:9200/units_statistics_***/_bulk [status:200 duration:2.425s]
[2024-04-21T17:40:41.334+0000] {taskinstance.py:2731} ERROR - Task failed with exception
Traceback (most recent call last):
  File "/home/airflow/.local/lib/python3.8/site-packages/airflow/models/taskinstance.py", line 444, in _execute_task
    result = _execute_callable(context=context, **execute_callable_kwargs)
  File "/home/airflow/.local/lib/python3.8/site-packages/airflow/models/taskinstance.py", line 414, in _execute_callable
    return execute_callable(context=context, **execute_callable_kwargs)
  File "/home/airflow/.local/lib/python3.8/site-packages/airflow/decorators/base.py", line 241, in execute
    return_value = super().execute(context)
  File "/home/airflow/.local/lib/python3.8/site-packages/airflow/operators/python.py", line 200, in execute
    return_value = self.execute_callable()
  File "/home/airflow/.local/lib/python3.8/site-packages/airflow/operators/python.py", line 217, in execute_callable
    return self.python_callable(*self.op_args, **self.op_kwargs)
  File "/opt/airflow/dags/Units_dag.py", line 112, in ETL_job
    Elk_client.elk_pushData(Globals.index_name,units_list_update)
  File "/opt/airflow/dags/elk_manager.py", line 69, in elk_pushData
    helpers.bulk(self.elk_client, docs_list, index=index_name, chunk_size=batch)
  File "/home/airflow/.local/lib/python3.8/site-packages/elasticsearch/helpers/actions.py", line 521, in bulk
    for ok, item in streaming_bulk(
  File "/home/airflow/.local/lib/python3.8/site-packages/elasticsearch/helpers/actions.py", line 436, in streaming_bulk
    for data, (ok, info) in zip(
  File "/home/airflow/.local/lib/python3.8/site-packages/elasticsearch/helpers/actions.py", line 355, in _process_bulk_chunk
    yield from gen
  File "/home/airflow/.local/lib/python3.8/site-packages/elasticsearch/helpers/actions.py", line 274, in _process_bulk_chunk_success
    raise BulkIndexError(f"{len(errors)} document(s) failed to index.", errors)
elasticsearch.helpers.BulkIndexError: 1 document(s) failed to index.
[2024-04-21T17:40:41.367+0000] {taskinstance.py:1149} INFO - Marking task as UP_FOR_RETRY. dag_id=Units_statistics_DAG, task_id=ETL_job, map_index=14, execution_date=20240421T172000, start_date=20240421T174015, end_date=20240421T174041
[2024-04-21T17:40:41.399+0000] {standard_task_runner.py:107} ERROR - Failed to execute job 10082 for task ETL_job (1 document(s) failed to index.; 452508)
[2024-04-21T17:40:41.543+0000] {local_task_job_runner.py:234} INFO - Task exited with return code 1
[2024-04-21T17:40:41.740+0000] {taskinstance.py:3312} INFO - 0 downstream tasks scheduled from follow-on schedule check
