[2024-05-13T06:00:55.619+0000] {local_task_job_runner.py:120} INFO - ::group::Pre task execution logs
[2024-05-13T06:00:55.837+0000] {taskinstance.py:2076} INFO - Dependencies all met for dep_context=non-requeueable deps ti=<TaskInstance: Units_statistics_DAG.ETL_job scheduled__2024-05-13T05:40:00+00:00 map_index=16 [queued]>
[2024-05-13T06:00:55.931+0000] {taskinstance.py:2076} INFO - Dependencies all met for dep_context=requeueable deps ti=<TaskInstance: Units_statistics_DAG.ETL_job scheduled__2024-05-13T05:40:00+00:00 map_index=16 [queued]>
[2024-05-13T06:00:55.932+0000] {taskinstance.py:2306} INFO - Starting attempt 1 of 4
[2024-05-13T06:00:56.032+0000] {taskinstance.py:2330} INFO - Executing <Mapped(_PythonDecoratedOperator): ETL_job> on 2024-05-13 05:40:00+00:00
[2024-05-13T06:00:56.058+0000] {warnings.py:110} WARNING - /home/***/.local/lib/python3.12/site-packages/***/task/task_runner/standard_task_runner.py:61: DeprecationWarning: This process (pid=13078) is multi-threaded, use of fork() may lead to deadlocks in the child.
  pid = os.fork()

[2024-05-13T06:00:56.078+0000] {standard_task_runner.py:90} INFO - Running: ['***', 'tasks', 'run', 'Units_statistics_DAG', 'ETL_job', 'scheduled__2024-05-13T05:40:00+00:00', '--job-id', '55369', '--raw', '--subdir', 'DAGS_FOLDER/Units_dag.py', '--cfg-path', '/tmp/tmppgy5ueet', '--map-index', '16']
[2024-05-13T06:00:56.084+0000] {standard_task_runner.py:91} INFO - Job 55369: Subtask ETL_job
[2024-05-13T06:00:56.084+0000] {standard_task_runner.py:63} INFO - Started process 13079 to run task
[2024-05-13T06:00:56.312+0000] {task_command.py:426} INFO - Running <TaskInstance: Units_statistics_DAG.ETL_job scheduled__2024-05-13T05:40:00+00:00 map_index=16 [running]> on host 7138d7e072c5
[2024-05-13T06:00:57.006+0000] {taskinstance.py:2648} INFO - Exporting env vars: AIRFLOW_CTX_DAG_OWNER='abeer-araby' AIRFLOW_CTX_DAG_ID='Units_statistics_DAG' AIRFLOW_CTX_TASK_ID='ETL_job' AIRFLOW_CTX_EXECUTION_DATE='2024-05-13T05:40:00+00:00' AIRFLOW_CTX_TRY_NUMBER='1' AIRFLOW_CTX_DAG_RUN_ID='scheduled__2024-05-13T05:40:00+00:00'
[2024-05-13T06:00:57.011+0000] {taskinstance.py:430} INFO - ::endgroup::
[2024-05-13T06:00:57.011+0000] {Units_dag.py:98} INFO - i: 160000, chunk: 10000
[2024-05-13T06:00:57.012+0000] {Units_dag.py:99} INFO - child token is::: eyJ0eXAiOiJKV1QiLCJhbGciOiJIUzI1NiJ9.eyJpc3MiOiJodHRwczovL2FwaS5hZmFxeS5zYS9hdXRoL2xvZ2luX2FzIiwiaWF0IjoxNzE1NTgwMDA0LCJleHAiOjE3MTgxNzIwMDQsIm5iZiI6MTcxNTU4MDAwNCwianRpIjoicmpzdnBWOFBSTzZuMkpQdiIsInN1YiI6IjVkNjNlNTFlMDNlZDUyOTJhNDJjMjRlNiIsInBydiI6IjI3MGVjZmM3ZWEzZWQ5MzdlYTg0OTM2MmEzYTUwOTEwYzZkOGNlNGYiLCJsb2dpbl9hc19pZCI6IjY1N2YwYWQ3M2Y5NzcyOTVjZjA1NTc2YSJ9.LfN0J6sjAFGFgXXDPq4NSldADx-SNisRjDAUAM7VxD4
[2024-05-13T06:01:15.557+0000] {Units_dag.py:103} INFO - {'_id': '65f0bc0d37b86bea200ee276', 'icon': 'icons/icon.png', 'driver_id': '', 'tailer_id': '', 'profile': {'vehicle_type': '', 'measurement_type': 'count', 'max_capacity': 0, 'vin': '', 'plate_number': '', 'start_operation': '', 'contract_milage': '', 'opening_milage': '', 'model': '', 'fuel_type': '91', 'year': 0, 'seats': 2}, 'shipment_info': {'product_category': None, 'truck_type': None, 'shipment_type': None, 'shipment_payment_type': None, 'transporter_type': None, 'operating_area': None, 'weight_kilograms_per_day': None, 'kms_per_day': None, 'shipment_trip_drive_hrs_day': None, 'allowable_delay_drive_hrs_day': None, 'expected_shipment_trip_day': None, 'car_pay_per_day': None, 'exceeding_temperature_limit_per_day': None, 'temperature_upper_limit': None, 'exceeding_humidity_limit_per_day': None, 'humidity_upper_limit': None}, 'device_password': '***', 'device_type': 'gps', 'gateway': False, 'business_types': {'waste': False, 'transportation': True, 'water': False, 'hajj': False}, 'name': 'أ ص أ 6493', 'operation_code': '', 'device_gateway': '', 'skip_sim_information': '', 'imei': '352592572824951', 'sim_number': '+96699011364601', 'sim_serial': '8996606099011364601', 'device_serial': '1136936272', 'device': 'teltonika', 'user_id': '5e539d8203ed52f71d634478', 'created_by': '5e539d8203ed52f71d634478', 'updated_at': '2024-04-18 11:18:59', 'created_at': '2024-03-12 23:33:17', 'custom_fields': [], 'creator': 'aemallamar', 'company': '', 'owner': 'aemallamar', 'last_update': {'dtt': 1715579995000, 'dts': 1715579999410, 'spd': 3, 'ang': 210, 'alt': 593, 'chPrams': {'output1': {'v': False, 'cdt': 1715487537000}, 'motion': {'v': True, 'cdt': 1715579329000}, 'ePwrV': {'v': 27.904, 'cdt': 1715579995000}, 'sat': {'v': 14, 'cdt': 1715579995000}, 'ai1': {'v': 6399, 'cdt': 1715579995000}, 'priority': {'v': 0, 'cdt': 1715579937000}, 'type': {'v': 6, 'cdt': 1715472663000}, 'di1': {'v': 1, 'cdt': 1715579331000}, 'result': {'v': '5665723a30332e32372e31345f3030204750533a41584e5f352e312e392048773a464d42393230204d6f643a313320494d45493a33353235393235373238323439353120496e69743a323032342d342d31392031333a313020557074696d653a32303430303234204d41433a333838413231344243363931205350433a312830292041584c3a32204f42443a3020424c3a312e31302042543a34', 'cdt': 1715575956000}, 'protocol': {'v': 'FMB920', 'cdt': 1715575953000}, 'temp5': {'v': 30, 'cdt': 1715459527000}, 'iPwrV': {'v': 4.121, 'cdt': 1715579995000}, 'parm252': {'v': 0, 'cdt': 1714415734000}, 'event': {'v': 0, 'cdt': 1715579333000}, 'humidity86': {'v': 300, 'cdt': 1715459527000}}, 'prms': {'protocol': 'FMB920', 'priority': 0, 'sat': 14, 'event': 0, 'di1': 1, 'motion': 1, 'output1': 0, 'parm252': 0, 'ePwrV': 27.904, 'iPwrV': 4.121, 'ai1': 6399, 'temp5': 30, 'humidity86': 300}, 'devPrms': ['protocol', 'priority', 'sat', 'event', 'di1', 'motion', 'output1', 'parm252', 'ePwrV', 'iPwrV', 'ai1', 'temp5', 'humidity86'], 'old_params': {'protocol': 'FMB920', 'priority': 0, 'sat': 13, 'event': 0, 'di1': 1, 'motion': 1, 'output1': 0, 'parm252': 0, 'ePwrV': 27.903000000000002, 'iPwrV': 4.118, 'ai1': 6396, 'temp5': 30, 'humidity86': 300}, 'vLoc': 1, 'vCon': 1, 'ip': '185.133.181.40', 'rl': 0.0024, 'trl': 13801.444, 'mdu': 0, 'tmdu': 770777, 'eidl': 1, 'teidl': 1959161, 'fc': 0.000288, 'tfc': 0.062028, 'acc': 1, 'accOn': 2984717, 'accOff': 2315608, 'sdu': 0, 'tsdu': 0, 'lat': 24.5924933, 'lng': 46.7396683}, 'counters': {'engine_hours': 2984717, 'last_acc': 1, 'odometer': 13801.4409, 'engine_hours_type': '', 'odometer_type': ''}, 'is_wasl_connected': 'Connected', 'iconUrl': 'https://api.afaqy.sa/images/units/icons/icon.png', 'hasCCTV': False}
[2024-05-13T06:01:16.150+0000] {warnings.py:110} WARNING - /home/***/.local/lib/python3.12/site-packages/elasticsearch/_sync/client/__init__.py:399: SecurityWarning: Connecting to 'https://dbelk3.afaqy.local:9200' using TLS with verify_certs=False is insecure
  _transport = transport_class(

[2024-05-13T06:01:16.203+0000] {warnings.py:110} WARNING - /home/***/.local/lib/python3.12/site-packages/elasticsearch/_sync/client/__init__.py:399: SecurityWarning: Connecting to 'https://dbelk2.afaqy.local:9200' using TLS with verify_certs=False is insecure
  _transport = transport_class(

[2024-05-13T06:01:16.546+0000] {warnings.py:110} WARNING - /home/***/.local/lib/python3.12/site-packages/elasticsearch/_sync/client/__init__.py:399: SecurityWarning: Connecting to 'https://dbelk1.afaqy.local:9200' using TLS with verify_certs=False is insecure
  _transport = transport_class(

[2024-05-13T06:01:16.569+0000] {warnings.py:110} WARNING - /home/***/.local/lib/python3.12/site-packages/urllib3/connectionpool.py:1103: InsecureRequestWarning: Unverified HTTPS request is being made to host 'dbelk3.afaqy.local'. Adding certificate verification is strongly advised. See: https://urllib3.readthedocs.io/en/latest/advanced-usage.html#tls-warnings
  warnings.warn(

[2024-05-13T06:01:16.640+0000] {_transport.py:349} INFO - GET https://dbelk3.afaqy.local:9200/_cluster/health [status:200 duration:0.092s]
[2024-05-13T06:01:16.992+0000] {warnings.py:110} WARNING - /home/***/.local/lib/python3.12/site-packages/urllib3/connectionpool.py:1103: InsecureRequestWarning: Unverified HTTPS request is being made to host 'dbelk2.afaqy.local'. Adding certificate verification is strongly advised. See: https://urllib3.readthedocs.io/en/latest/advanced-usage.html#tls-warnings
  warnings.warn(

[2024-05-13T06:01:18.568+0000] {_transport.py:349} INFO - PUT https://dbelk2.afaqy.local:9200/units_statistics_***/_bulk [status:200 duration:1.598s]
[2024-05-13T06:01:18.784+0000] {python.py:237} INFO - Done. Returned value was: None
[2024-05-13T06:01:18.785+0000] {taskinstance.py:441} INFO - ::group::Post task execution logs
[2024-05-13T06:01:18.812+0000] {taskinstance.py:1206} INFO - Marking task as SUCCESS. dag_id=Units_statistics_DAG, task_id=ETL_job, run_id=scheduled__2024-05-13T05:40:00+00:00, map_index=16, execution_date=20240513T054000, start_date=20240513T060055, end_date=20240513T060118
[2024-05-13T06:01:18.869+0000] {local_task_job_runner.py:240} INFO - Task exited with return code 0
[2024-05-13T06:01:18.905+0000] {taskinstance.py:3498} INFO - 0 downstream tasks scheduled from follow-on schedule check
[2024-05-13T06:01:18.906+0000] {local_task_job_runner.py:222} INFO - ::endgroup::
