[2024-04-21T20:40:16.239+0000] {taskinstance.py:1979} INFO - Dependencies all met for dep_context=non-requeueable deps ti=<TaskInstance: Units_statistics_DAG.ETL_job scheduled__2024-04-21T20:20:00+00:00 map_index=11 [queued]>
[2024-04-21T20:40:16.324+0000] {taskinstance.py:1979} INFO - Dependencies all met for dep_context=requeueable deps ti=<TaskInstance: Units_statistics_DAG.ETL_job scheduled__2024-04-21T20:20:00+00:00 map_index=11 [queued]>
[2024-04-21T20:40:16.324+0000] {taskinstance.py:2193} INFO - Starting attempt 1 of 4
[2024-04-21T20:40:16.411+0000] {taskinstance.py:2217} INFO - Executing <Mapped(_PythonDecoratedOperator): ETL_job> on 2024-04-21 20:20:00+00:00
[2024-04-21T20:40:16.436+0000] {standard_task_runner.py:60} INFO - Started process 455486 to run task
[2024-04-21T20:40:16.456+0000] {standard_task_runner.py:87} INFO - Running: ['***', 'tasks', 'run', 'Units_statistics_DAG', 'ETL_job', 'scheduled__2024-04-21T20:20:00+00:00', '--job-id', '10294', '--raw', '--subdir', 'DAGS_FOLDER/Units_dag.py', '--cfg-path', '/tmp/tmpystkgjh0', '--map-index', '11']
[2024-04-21T20:40:16.475+0000] {standard_task_runner.py:88} INFO - Job 10294: Subtask ETL_job
[2024-04-21T20:40:16.653+0000] {task_command.py:423} INFO - Running <TaskInstance: Units_statistics_DAG.ETL_job scheduled__2024-04-21T20:20:00+00:00 map_index=11 [running]> on host a09da322e808
[2024-04-21T20:40:16.991+0000] {taskinstance.py:2513} INFO - Exporting env vars: AIRFLOW_CTX_DAG_OWNER='abeer-araby' AIRFLOW_CTX_DAG_ID='Units_statistics_DAG' AIRFLOW_CTX_TASK_ID='ETL_job' AIRFLOW_CTX_EXECUTION_DATE='2024-04-21T20:20:00+00:00' AIRFLOW_CTX_TRY_NUMBER='1' AIRFLOW_CTX_DAG_RUN_ID='scheduled__2024-04-21T20:20:00+00:00'
[2024-04-21T20:40:16.992+0000] {Units_dag.py:99} INFO - i: 110000, chunk: 10000
[2024-04-21T20:40:16.992+0000] {Units_dag.py:100} INFO - child token is::: eyJ0eXAiOiJKV1QiLCJhbGciOiJIUzI1NiJ9.eyJpc3MiOiJodHRwczovL2FwaS5hZmFxeS5zYS9hdXRoL2xvZ2luX2FzIiwiaWF0IjoxNzEzNzMyMDA0LCJleHAiOjE3MTYzMjQwMDQsIm5iZiI6MTcxMzczMjAwNCwianRpIjoiMGRJeE5CV1k4a0swRllKQyIsInN1YiI6IjVkNjNlNTFlMDNlZDUyOTJhNDJjMjRlNiIsInBydiI6IjI3MGVjZmM3ZWEzZWQ5MzdlYTg0OTM2MmEzYTUwOTEwYzZkOGNlNGYiLCJsb2dpbl9hc19pZCI6IjY1N2YwYWQ3M2Y5NzcyOTVjZjA1NTc2YSJ9.E9cBT_8Ah-9obJ_vLJILO_J-nSoVI9lWZptKpumJj-Q
[2024-04-21T20:40:48.755+0000] {Units_dag.py:104} INFO - {'_id': '6486fc70ffb3a67afc2e97c0', 'icon': 'icons/icon.png', 'driver_id': '', 'tailer_id': '', 'profile': {'vehicle_type': '', 'measurement_type': 'count', 'max_capacity': 0, 'vin': '', 'plate_number': '', 'start_operation': '', 'contract_milage': '', 'opening_milage': '', 'model': '', 'fuel_type': '91', 'year': 0, 'seats': 2}, 'device_password': '***', 'device_type': 'gps', 'gateway': False, 'business_types': {'waste': False, 'transportation': False, 'water': False}, 'name': '1907 A X J', 'operation_code': '', 'device_gateway': '', 'skip_sim_information': '', 'imei': '350424067524247', 'sim_number': '+966830031797865', 'sim_serial': '421296732480', 'device_serial': '1125807978', 'device': 'teltonika', 'user_id': '646f44de0fcb4d6f2d4ba440', 'created_by': '6062f4057f236761b5255ef4', 'updated_at': '2024-04-18 11:18:59', 'created_at': '2023-06-12 14:07:28', 'deleted_at': '', 'custom_fields': [], 'creator': 'hassan.salem', 'company': '', 'owner': 'samaa-technologies-admin', 'last_update': {'dtt': 1713731725000, 'dts': 1713731729215, 'spd': 0, 'ang': 78, 'alt': -17, 'chPrams': {'Speed': {'v': 0, 'cdt': 1713721717000}, 'output1': {'v': False, 'cdt': 1713731424000}, 'ePwrV': {'v': 12.977, 'cdt': 1713731725000}, 'parm24': {'v': 0, 'cdt': 1713721717000}, 'sat': {'v': 15, 'cdt': 1713731424000}, 'ai1': {'v': 43, 'cdt': 1713419458000}, 'driverUniqueId_Reversed': {'v': 'C100001B16D68201', 'cdt': 1713721522000}, 'di2': {'v': 0, 'cdt': 1712928905000}, 'type': {'v': 6, 'cdt': 1713007592000}, 'priority': {'v': 0, 'cdt': 1711896383000}, 'di1': {'v': 0, 'cdt': 1713721717000}, 'di3': {'v': 0, 'cdt': 1712928905000}, 'result': {'v': '5665723a30332e32372e31335f3033204750533a41584e5f352e312e392048773a464d42313230204d6f643a333320494d45493a33353034323430363735323432343720496e69743a323032342d342d313020353a333120557074696d653a31303032353638204d41433a333838413231303934334637205350433a312830292041584c3a32204f42443a3020424c3a312e31302042543a34', 'cdt': 1713731124000}, 'protocol': {'v': 'FMB120', 'cdt': 1713731424000}, 'parm248': {'v': 2, 'cdt': 1711896353000}, 'driverUniqueId': {'v': '0182D6161B0000C1', 'cdt': 1713721522000}, 'iPwrV': {'v': 4.057, 'cdt': 1713729321000}, 'event': {'v': 0, 'cdt': 1711896383000}}, 'prms': {'protocol': 'FMB120', 'priority': 0, 'sat': 15, 'event': 0, 'di1': 0, 'output1': 0, 'di2': 0, 'di3': 0, 'parm248': 2, 'ePwrV': 12.977, 'Speed': 0, 'parm24': 0, 'iPwrV': 4.057, 'ai1': 43, 'driverUniqueId': '0182D6161B0000C1', 'driverUniqueId_Reversed': 'C100001B16D68201'}, 'devPrms': ['Speed', 'output1', 'ePwrV', 'parm24', 'sat', 'ai1', 'driverUniqueId_Reversed', 'priority', 'di2', 'type', 'di1', 'di3', 'result', 'protocol', 'parm248', 'driverUniqueId', 'iPwrV', 'event'], 'old_params': {'protocol': 'FMB120', 'priority': 0, 'sat': 15, 'event': 0, 'di1': 0, 'output1': 0, 'di2': 0, 'di3': 0, 'parm248': 2, 'ePwrV': 12.978, 'Speed': 0, 'parm24': 0, 'iPwrV': 4.057, 'ai1': 43, 'driverUniqueId': '0182D6161B0000C1', 'driverUniqueId_Reversed': 'C100001B16D68201'}, 'vLoc': 1, 'vCon': 1, 'ip': '51.39.24.247', 'rl': 0, 'trl': 11278.8893, 'mdu': 0, 'tmdu': 894187, 'eidl': 0, 'teidl': 467293, 'fc': 0, 'tfc': 533.40492, 'acc': 0, 'accOn': 124838165795, 'accOff': 1263351597, 'sdu': 301, 'tsdu': 10008, 'lat': 26.275225, 'lng': 50.1956183}, 'counters': {'odometer_type': 'gps', 'odometer': 332471.8876, 'engine_hours_type': 'acc', 'engine_hours': 124838165795, 'last_acc': 0}, 'is_wasl_connected': 'Not Connected', 'iconUrl': 'https://api.afaqy.sa/images/units/icons/icon.png', 'hasCCTV': False}
[2024-04-21T20:40:49.410+0000] {warnings.py:109} WARNING - /home/***/.local/lib/python3.8/site-packages/elasticsearch/_sync/client/__init__.py:399: SecurityWarning: Connecting to 'https://dbelk2.afaqy.local:9200' using TLS with verify_certs=False is insecure
  _transport = transport_class(

[2024-04-21T20:40:49.454+0000] {warnings.py:109} WARNING - /home/***/.local/lib/python3.8/site-packages/elasticsearch/_sync/client/__init__.py:399: SecurityWarning: Connecting to 'https://dbelk3.afaqy.local:9200' using TLS with verify_certs=False is insecure
  _transport = transport_class(

[2024-04-21T20:40:49.519+0000] {warnings.py:109} WARNING - /home/***/.local/lib/python3.8/site-packages/elasticsearch/_sync/client/__init__.py:399: SecurityWarning: Connecting to 'https://dbelk1.afaqy.local:9200' using TLS with verify_certs=False is insecure
  _transport = transport_class(

[2024-04-21T20:40:49.583+0000] {warnings.py:109} WARNING - /home/***/.local/lib/python3.8/site-packages/urllib3/connectionpool.py:1061: InsecureRequestWarning: Unverified HTTPS request is being made to host 'dbelk2.afaqy.local'. Adding certificate verification is strongly advised. See: https://urllib3.readthedocs.io/en/1.26.x/advanced-usage.html#ssl-warnings
  warnings.warn(

[2024-04-21T20:40:49.700+0000] {_transport.py:335} INFO - GET https://dbelk2.afaqy.local:9200/_cluster/health [status:200 duration:0.178s]
[2024-04-21T20:40:50.088+0000] {warnings.py:109} WARNING - /home/***/.local/lib/python3.8/site-packages/urllib3/connectionpool.py:1061: InsecureRequestWarning: Unverified HTTPS request is being made to host 'dbelk3.afaqy.local'. Adding certificate verification is strongly advised. See: https://urllib3.readthedocs.io/en/1.26.x/advanced-usage.html#ssl-warnings
  warnings.warn(

[2024-04-21T20:40:51.567+0000] {_transport.py:335} INFO - PUT https://dbelk3.afaqy.local:9200/units_statistics_***/_bulk [status:200 duration:1.499s]
[2024-04-21T20:40:51.730+0000] {python.py:202} INFO - Done. Returned value was: None
[2024-04-21T20:40:51.749+0000] {taskinstance.py:1149} INFO - Marking task as SUCCESS. dag_id=Units_statistics_DAG, task_id=ETL_job, map_index=11, execution_date=20240421T202000, start_date=20240421T204016, end_date=20240421T204051
[2024-04-21T20:40:51.798+0000] {local_task_job_runner.py:234} INFO - Task exited with return code 0
[2024-04-21T20:40:51.821+0000] {taskinstance.py:3312} INFO - 0 downstream tasks scheduled from follow-on schedule check
