[2024-04-24T09:40:16.589+0000] {taskinstance.py:1979} INFO - Dependencies all met for dep_context=non-requeueable deps ti=<TaskInstance: Units_statistics_DAG.ETL_job scheduled__2024-04-24T09:20:00+00:00 map_index=9 [queued]>
[2024-04-24T09:40:16.706+0000] {taskinstance.py:1979} INFO - Dependencies all met for dep_context=requeueable deps ti=<TaskInstance: Units_statistics_DAG.ETL_job scheduled__2024-04-24T09:20:00+00:00 map_index=9 [queued]>
[2024-04-24T09:40:16.707+0000] {taskinstance.py:2193} INFO - Starting attempt 1 of 4
[2024-04-24T09:40:16.776+0000] {taskinstance.py:2217} INFO - Executing <Mapped(_PythonDecoratedOperator): ETL_job> on 2024-04-24 09:20:00+00:00
[2024-04-24T09:40:16.807+0000] {standard_task_runner.py:60} INFO - Started process 516167 to run task
[2024-04-24T09:40:16.835+0000] {standard_task_runner.py:87} INFO - Running: ['***', 'tasks', 'run', 'Units_statistics_DAG', 'ETL_job', 'scheduled__2024-04-24T09:20:00+00:00', '--job-id', '14463', '--raw', '--subdir', 'DAGS_FOLDER/Units_dag.py', '--cfg-path', '/tmp/tmpdlkpo9u8', '--map-index', '9']
[2024-04-24T09:40:16.837+0000] {standard_task_runner.py:88} INFO - Job 14463: Subtask ETL_job
[2024-04-24T09:40:17.048+0000] {task_command.py:423} INFO - Running <TaskInstance: Units_statistics_DAG.ETL_job scheduled__2024-04-24T09:20:00+00:00 map_index=9 [running]> on host a09da322e808
[2024-04-24T09:40:17.645+0000] {taskinstance.py:2513} INFO - Exporting env vars: AIRFLOW_CTX_DAG_OWNER='abeer-araby' AIRFLOW_CTX_DAG_ID='Units_statistics_DAG' AIRFLOW_CTX_TASK_ID='ETL_job' AIRFLOW_CTX_EXECUTION_DATE='2024-04-24T09:20:00+00:00' AIRFLOW_CTX_TRY_NUMBER='1' AIRFLOW_CTX_DAG_RUN_ID='scheduled__2024-04-24T09:20:00+00:00'
[2024-04-24T09:40:17.646+0000] {Units_dag.py:99} INFO - i: 90000, chunk: 10000
[2024-04-24T09:40:17.647+0000] {Units_dag.py:100} INFO - child token is::: eyJ0eXAiOiJKV1QiLCJhbGciOiJIUzI1NiJ9.eyJpc3MiOiJodHRwczovL2FwaS5hZmFxeS5zYS9hdXRoL2xvZ2luX2FzIiwiaWF0IjoxNzEzOTUxNjA3LCJleHAiOjE3MTY1NDM2MDcsIm5iZiI6MTcxMzk1MTYwNywianRpIjoiZzgxeXVLVkdQbFNSZ3lrWiIsInN1YiI6IjVkNjNlNTFlMDNlZDUyOTJhNDJjMjRlNiIsInBydiI6IjI3MGVjZmM3ZWEzZWQ5MzdlYTg0OTM2MmEzYTUwOTEwYzZkOGNlNGYiLCJsb2dpbl9hc19pZCI6IjY1N2YwYWQ3M2Y5NzcyOTVjZjA1NTc2YSJ9.L2v3YHSHq_rdAUUuLlopGA3yiuXbKntJBEDEjJnHoCs
[2024-04-24T09:40:42.702+0000] {Units_dag.py:104} INFO - {'_id': '640c651137f5de50b761c756', 'icon': 'icons/icon.png', 'driver_id': '', 'tailer_id': '', 'profile': {'vehicle_type': '', 'measurement_type': 'count', 'max_capacity': 0, 'vin': '', 'plate_number': '', 'start_operation': '', 'contract_milage': '', 'opening_milage': '', 'model': '', 'fuel_type': '91', 'year': 0, 'seats': 2}, 'device_password': '***', 'device_type': 'gps', 'gateway': False, 'name': '0882', 'operation_code': '882', 'device_gateway': '', 'business_types': {'waste': False, 'transportation': False, 'water': False, 'hajj': True}, 'imei': '357073294684739', 'sim_number': '+966830032259213', 'sim_serial': '8996609821111923643', 'device_serial': '1125807454', 'device': 'teltonika', 'cctv': {'dvr_id': None, 'channels': None}, 'user_id': '61c19bd0ca8eb524395ec770', 'created_by': '63566351d592444621078e69', 'updated_at': '2024-04-18 11:18:59', 'created_at': '2023-03-11 14:25:05', 'shipment_info': {'product_category': None, 'truck_type': None, 'shipment_type': None, 'shipment_payment_type': None, 'transporter_type': None, 'operating_area': None, 'weight_kilograms_per_day': None, 'kms_per_day': None, 'shipment_trip_drive_hrs_day': None, 'allowable_delay_drive_hrs_day': None, 'expected_shipment_trip_day': None, 'car_pay_per_day': None, 'exceeding_temperature_limit_per_day': None, 'temperature_upper_limit': None, 'exceeding_humidity_limit_per_day': None, 'humidity_upper_limit': None}, 'skip_sim_information': False, 'custom_fields': [], 'creator': 'm.gamal', 'company': 'شركة رواحل المشاعر المحدودة لنقل الحجاج', 'owner': 'rawahl-hajj', 'last_update': {'dtt': 1713951567000, 'dts': 1713951571298, 'spd': 0, 'ang': 348, 'alt': 157, 'chPrams': {'output1': {'v': False, 'cdt': 1713279590000}, 'output2': {'v': False, 'cdt': 1713279590000}, 'ePwrV': {'v': 28.612000000000002, 'cdt': 1713951567000}, 'sat': {'v': 10, 'cdt': 1713951567000}, 'ai1': {'v': 217, 'cdt': 1712723793000}, 'priority': {'v': 0, 'cdt': 1713946638000}, 'type': {'v': 6, 'cdt': 1713424830000}, 'di1': {'v': 1, 'cdt': 1713946577000}, 'di3': {'v': 0, 'cdt': 1680440729000}, 'result': {'v': '5665723a30332e32372e31335f3033204750533a41584e5f352e312e392048773a464d42313230204d6f643a333320494d45493a33353730373332393436383437333920496e69743a323032342d342d323420373a353220557074696d653a3231204d41433a303031453432374446444235205350433a312830292041584c3a32204f42443a3020424c3a312e31302042543a34', 'cdt': 1713945166000}, 'protocol': {'v': 'FMB120', 'cdt': 1713945205000}, 'iPwrV': {'v': 0, 'cdt': 1697530479000}, 'event': {'v': 0, 'cdt': 1713946638000}}, 'prms': {'protocol': 'FMB120', 'priority': 0, 'sat': 10, 'event': 0, 'di1': 1, 'output1': 0, 'output2': 0, 'ePwrV': 28.612000000000002, 'iPwrV': 0, 'ai1': 217}, 'devPrms': ['protocol', 'priority', 'sat', 'event', 'di1', 'output1', 'output2', 'ePwrV', 'iPwrV', 'ai1'], 'old_params': {'protocol': 'FMB120', 'priority': 0, 'sat': 11, 'event': 0, 'di1': 1, 'output1': 0, 'output2': 0, 'ePwrV': 28.643, 'iPwrV': 0, 'ai1': 217}, 'vLoc': 1, 'vCon': 1, 'ip': '109.83.51.14', 'rl': 0.0107, 'trl': 18487.0498, 'mdu': 0, 'tmdu': 1509056, 'eidl': 61, 'teidl': 4252563, 'fc': 0.001284, 'tfc': 13.132416, 'acc': 1, 'accOn': 642089178, 'accOff': 658868259, 'sdu': 0, 'tsdu': 0, 'lat': 21.4351099, 'lng': 39.61222}, 'counters': {'odometer_type': 'gps', 'odometer': 18485.8015, 'engine_hours_type': 'acc', 'engine_hours': 642089178, 'last_acc': 1}, 'is_wasl_connected': 'Connected', 'iconUrl': 'https://api.afaqy.sa/images/units/icons/icon.png', 'hasCCTV': False}
[2024-04-24T09:40:44.456+0000] {warnings.py:109} WARNING - /home/***/.local/lib/python3.8/site-packages/elasticsearch/_sync/client/__init__.py:399: SecurityWarning: Connecting to 'https://dbelk3.afaqy.local:9200' using TLS with verify_certs=False is insecure
  _transport = transport_class(

[2024-04-24T09:40:44.548+0000] {warnings.py:109} WARNING - /home/***/.local/lib/python3.8/site-packages/elasticsearch/_sync/client/__init__.py:399: SecurityWarning: Connecting to 'https://dbelk1.afaqy.local:9200' using TLS with verify_certs=False is insecure
  _transport = transport_class(

[2024-04-24T09:40:44.600+0000] {warnings.py:109} WARNING - /home/***/.local/lib/python3.8/site-packages/elasticsearch/_sync/client/__init__.py:399: SecurityWarning: Connecting to 'https://dbelk2.afaqy.local:9200' using TLS with verify_certs=False is insecure
  _transport = transport_class(

[2024-04-24T09:40:44.625+0000] {warnings.py:109} WARNING - /home/***/.local/lib/python3.8/site-packages/urllib3/connectionpool.py:1061: InsecureRequestWarning: Unverified HTTPS request is being made to host 'dbelk3.afaqy.local'. Adding certificate verification is strongly advised. See: https://urllib3.readthedocs.io/en/1.26.x/advanced-usage.html#ssl-warnings
  warnings.warn(

[2024-04-24T09:40:44.690+0000] {_transport.py:335} INFO - GET https://dbelk3.afaqy.local:9200/_cluster/health [status:200 duration:0.088s]
[2024-04-24T09:40:46.269+0000] {warnings.py:109} WARNING - /home/***/.local/lib/python3.8/site-packages/urllib3/connectionpool.py:1061: InsecureRequestWarning: Unverified HTTPS request is being made to host 'dbelk1.afaqy.local'. Adding certificate verification is strongly advised. See: https://urllib3.readthedocs.io/en/1.26.x/advanced-usage.html#ssl-warnings
  warnings.warn(

[2024-04-24T09:40:47.988+0000] {_transport.py:335} INFO - PUT https://dbelk1.afaqy.local:9200/units_statistics_***/_bulk [status:200 duration:1.767s]
[2024-04-24T09:40:48.621+0000] {python.py:202} INFO - Done. Returned value was: None
[2024-04-24T09:40:48.659+0000] {taskinstance.py:1149} INFO - Marking task as SUCCESS. dag_id=Units_statistics_DAG, task_id=ETL_job, map_index=9, execution_date=20240424T092000, start_date=20240424T094016, end_date=20240424T094048
[2024-04-24T09:40:48.790+0000] {local_task_job_runner.py:234} INFO - Task exited with return code 0
[2024-04-24T09:40:48.816+0000] {taskinstance.py:3312} INFO - 0 downstream tasks scheduled from follow-on schedule check
