[2024-04-28T17:40:18.503+0000] {taskinstance.py:1979} INFO - Dependencies all met for dep_context=non-requeueable deps ti=<TaskInstance: Units_statistics_DAG.ETL_job scheduled__2024-04-28T17:20:00+00:00 map_index=5 [queued]>
[2024-04-28T17:40:18.579+0000] {taskinstance.py:1979} INFO - Dependencies all met for dep_context=requeueable deps ti=<TaskInstance: Units_statistics_DAG.ETL_job scheduled__2024-04-28T17:20:00+00:00 map_index=5 [queued]>
[2024-04-28T17:40:18.580+0000] {taskinstance.py:2193} INFO - Starting attempt 1 of 4
[2024-04-28T17:40:18.677+0000] {taskinstance.py:2217} INFO - Executing <Mapped(_PythonDecoratedOperator): ETL_job> on 2024-04-28 17:20:00+00:00
[2024-04-28T17:40:18.698+0000] {standard_task_runner.py:60} INFO - Started process 619476 to run task
[2024-04-28T17:40:18.726+0000] {standard_task_runner.py:87} INFO - Running: ['***', 'tasks', 'run', 'Units_statistics_DAG', 'ETL_job', 'scheduled__2024-04-28T17:20:00+00:00', '--job-id', '21600', '--raw', '--subdir', 'DAGS_FOLDER/Units_dag.py', '--cfg-path', '/tmp/tmp1l1ksqdn', '--map-index', '5']
[2024-04-28T17:40:18.731+0000] {standard_task_runner.py:88} INFO - Job 21600: Subtask ETL_job
[2024-04-28T17:40:19.002+0000] {task_command.py:423} INFO - Running <TaskInstance: Units_statistics_DAG.ETL_job scheduled__2024-04-28T17:20:00+00:00 map_index=5 [running]> on host a09da322e808
[2024-04-28T17:40:19.478+0000] {taskinstance.py:2513} INFO - Exporting env vars: AIRFLOW_CTX_DAG_OWNER='abeer-araby' AIRFLOW_CTX_DAG_ID='Units_statistics_DAG' AIRFLOW_CTX_TASK_ID='ETL_job' AIRFLOW_CTX_EXECUTION_DATE='2024-04-28T17:20:00+00:00' AIRFLOW_CTX_TRY_NUMBER='1' AIRFLOW_CTX_DAG_RUN_ID='scheduled__2024-04-28T17:20:00+00:00'
[2024-04-28T17:40:19.479+0000] {Units_dag.py:99} INFO - i: 50000, chunk: 10000
[2024-04-28T17:40:19.480+0000] {Units_dag.py:100} INFO - child token is::: eyJ0eXAiOiJKV1QiLCJhbGciOiJIUzI1NiJ9.eyJpc3MiOiJodHRwczovL2FwaS5hZmFxeS5zYS9hdXRoL2xvZ2luX2FzIiwiaWF0IjoxNzE0MzI2MDAzLCJleHAiOjE3MTY5MTgwMDMsIm5iZiI6MTcxNDMyNjAwMywianRpIjoiaGVxRXdMc2trVHFKSjFpZyIsInN1YiI6IjVkNjNlNTFlMDNlZDUyOTJhNDJjMjRlNiIsInBydiI6IjI3MGVjZmM3ZWEzZWQ5MzdlYTg0OTM2MmEzYTUwOTEwYzZkOGNlNGYiLCJsb2dpbl9hc19pZCI6IjY1N2YwYWQ3M2Y5NzcyOTVjZjA1NTc2YSJ9.kpE5mKinhWiW5PGuH5_aaU7vBVKZaL4t--ojAC629do
[2024-04-28T17:40:41.421+0000] {Units_dag.py:104} INFO - {'_id': '62aedc4f69ba0965b501fb27', 'icon': 'icons/G_13.png', 'driver_id': '', 'tailer_id': '', 'profile': {'vehicle_type': None, 'measurement_type': 'count', 'max_capacity': 0, 'vin': None, 'plate_number': None, 'start_operation': None, 'contract_milage': None, 'opening_milage': None, 'model': None, 'fuel_type': '91', 'year': 0, 'seats': 2}, 'device_password': '***', 'device_type': 'gps', 'gateway': False, 'name': '0138', 'operation_code': '138', 'device_gateway': '', 'business_types': {'waste': False, 'transportation': False, 'water': False, 'hajj': True}, 'imei': '358480082920440', 'sim_number': '+966830030799946', 'sim_serial': '421276213348', 'device_serial': '1102108444', 'device': 'teltonika', 'user_id': '62ae28f6e2df4352f3455062', 'created_by': '5d5d152003ed5207c22d6fb5', 'updated_at': '2024-04-18 11:18:59', 'created_at': '2022-06-19 11:20:31', 'custom_fields': [], 'creator': 'diaa.ahmed', 'company': 'مؤسسة بسمة اعمار لنقل الحجاج والمعتمرين', 'owner': 'basma-emaar-hajj', 'last_update': {'dtt': 1714326006078, 'dts': 1714326009635, 'spd': 81, 'ang': 158, 'alt': 117, 'chPrams': {'Speed': {'v': 81, 'cdt': 1714326006078}, 'output1': {'v': False, 'cdt': 1714292064031}, 'motion': {'v': True, 'cdt': 1714320506218}, 'ePwrV': {'v': 27.331, 'cdt': 1714326006078}, 'parm24': {'v': 81, 'cdt': 1714326006078}, 'sat': {'v': 12, 'cdt': 1714325978156}, 'priority': {'v': 0, 'cdt': 1714269830335}, 'di2': {'v': 0, 'cdt': 2509090122285}, 'type': {'v': 6, 'cdt': 1713781855265}, 'di1': {'v': 1, 'cdt': 1714272881824}, 'result': {'v': '5665723a30312e30302e303520494d45493a3335383438303038323932303434302049443a333320424c3a31362e3041204d6f64656d3a30312e30302e30312e30305f3030352048773a464d423634302048572e3320455854205350433a3128302920', 'cdt': 1713781855265}, 'protocol': {'v': 'FMB640', 'cdt': 1714292064031}, 'iPwrV': {'v': 9.788, 'cdt': 1714326006078}, 'event': {'v': 0, 'cdt': 1714269830335}}, 'prms': {'protocol': 'FMB640', 'priority': 0, 'sat': 12, 'event': 0, 'di1': 1, 'di2': 0, 'output1': 0, 'motion': 1, 'iPwrV': 9.788, 'ePwrV': 27.331, 'Speed': 81, 'parm24': 81}, 'devPrms': ['protocol', 'priority', 'sat', 'event', 'di1', 'di2', 'output1', 'motion', 'iPwrV', 'ePwrV', 'Speed', 'parm24'], 'old_params': {'protocol': 'FMB640', 'priority': 0, 'sat': 12, 'event': 0, 'di1': 1, 'di2': 0, 'output1': 0, 'motion': 1, 'iPwrV': 9.793000000000001, 'ePwrV': 27.319, 'Speed': 95, 'parm24': 95}, 'vLoc': 1, 'vCon': 1, 'ip': '51.36.193.121', 'rl': 0.2723, 'trl': 703959.9951, 'mdu': 10, 'tmdu': 26768008, 'eidl': 0, 'teidl': 16906632, 'fc': 0.032676, 'tfc': 75.720096, 'acc': 1, 'accOn': 1176254728, 'accOff': 3487154097, 'sdu': 0, 'tsdu': 0, 'lat': 21.7171983, 'lng': 39.4668933}, 'counters': {'odometer_type': 'gps', 'odometer': 703959.9951, 'engine_hours_type': 'acc', 'engine_hours': 1176254728, 'last_acc': 1}, 'is_wasl_connected': 'Not Connected', 'iconUrl': 'https://api.afaqy.sa/images/units/icons/G_13.png', 'hasCCTV': False}
[2024-04-28T17:40:42.761+0000] {warnings.py:109} WARNING - /home/***/.local/lib/python3.8/site-packages/elasticsearch/_sync/client/__init__.py:399: SecurityWarning: Connecting to 'https://dbelk1.afaqy.local:9200' using TLS with verify_certs=False is insecure
  _transport = transport_class(

[2024-04-28T17:40:42.889+0000] {warnings.py:109} WARNING - /home/***/.local/lib/python3.8/site-packages/elasticsearch/_sync/client/__init__.py:399: SecurityWarning: Connecting to 'https://dbelk2.afaqy.local:9200' using TLS with verify_certs=False is insecure
  _transport = transport_class(

[2024-04-28T17:40:42.996+0000] {warnings.py:109} WARNING - /home/***/.local/lib/python3.8/site-packages/elasticsearch/_sync/client/__init__.py:399: SecurityWarning: Connecting to 'https://dbelk3.afaqy.local:9200' using TLS with verify_certs=False is insecure
  _transport = transport_class(

[2024-04-28T17:40:43.035+0000] {warnings.py:109} WARNING - /home/***/.local/lib/python3.8/site-packages/urllib3/connectionpool.py:1061: InsecureRequestWarning: Unverified HTTPS request is being made to host 'dbelk1.afaqy.local'. Adding certificate verification is strongly advised. See: https://urllib3.readthedocs.io/en/1.26.x/advanced-usage.html#ssl-warnings
  warnings.warn(

[2024-04-28T17:40:43.092+0000] {_transport.py:335} INFO - GET https://dbelk1.afaqy.local:9200/_cluster/health [status:200 duration:0.081s]
[2024-04-28T17:40:44.234+0000] {warnings.py:109} WARNING - /home/***/.local/lib/python3.8/site-packages/urllib3/connectionpool.py:1061: InsecureRequestWarning: Unverified HTTPS request is being made to host 'dbelk2.afaqy.local'. Adding certificate verification is strongly advised. See: https://urllib3.readthedocs.io/en/1.26.x/advanced-usage.html#ssl-warnings
  warnings.warn(

[2024-04-28T17:40:47.874+0000] {_transport.py:335} INFO - PUT https://dbelk2.afaqy.local:9200/units_statistics_***/_bulk [status:200 duration:3.660s]
[2024-04-28T17:40:49.147+0000] {python.py:202} INFO - Done. Returned value was: None
[2024-04-28T17:40:49.178+0000] {taskinstance.py:1149} INFO - Marking task as SUCCESS. dag_id=Units_statistics_DAG, task_id=ETL_job, map_index=5, execution_date=20240428T172000, start_date=20240428T174018, end_date=20240428T174049
[2024-04-28T17:40:49.306+0000] {local_task_job_runner.py:234} INFO - Task exited with return code 0
[2024-04-28T17:40:49.332+0000] {taskinstance.py:3312} INFO - 0 downstream tasks scheduled from follow-on schedule check
