[2024-05-06T22:20:16.645+0000] {taskinstance.py:1979} INFO - Dependencies all met for dep_context=non-requeueable deps ti=<TaskInstance: Units_statistics_DAG.ETL_job scheduled__2024-05-06T22:00:00+00:00 map_index=12 [queued]>
[2024-05-06T22:20:16.743+0000] {taskinstance.py:1979} INFO - Dependencies all met for dep_context=requeueable deps ti=<TaskInstance: Units_statistics_DAG.ETL_job scheduled__2024-05-06T22:00:00+00:00 map_index=12 [queued]>
[2024-05-06T22:20:16.743+0000] {taskinstance.py:2193} INFO - Starting attempt 1 of 4
[2024-05-06T22:20:16.825+0000] {taskinstance.py:2217} INFO - Executing <Mapped(_PythonDecoratedOperator): ETL_job> on 2024-05-06 22:00:00+00:00
[2024-05-06T22:20:16.852+0000] {standard_task_runner.py:60} INFO - Started process 818301 to run task
[2024-05-06T22:20:16.922+0000] {standard_task_runner.py:87} INFO - Running: ['***', 'tasks', 'run', 'Units_statistics_DAG', 'ETL_job', 'scheduled__2024-05-06T22:00:00+00:00', '--job-id', '36663', '--raw', '--subdir', 'DAGS_FOLDER/Units_dag.py', '--cfg-path', '/tmp/tmpg1s_pc3r', '--map-index', '12']
[2024-05-06T22:20:16.936+0000] {standard_task_runner.py:88} INFO - Job 36663: Subtask ETL_job
[2024-05-06T22:20:17.293+0000] {task_command.py:423} INFO - Running <TaskInstance: Units_statistics_DAG.ETL_job scheduled__2024-05-06T22:00:00+00:00 map_index=12 [running]> on host a09da322e808
[2024-05-06T22:20:17.963+0000] {taskinstance.py:2513} INFO - Exporting env vars: AIRFLOW_CTX_DAG_OWNER='abeer-araby' AIRFLOW_CTX_DAG_ID='Units_statistics_DAG' AIRFLOW_CTX_TASK_ID='ETL_job' AIRFLOW_CTX_EXECUTION_DATE='2024-05-06T22:00:00+00:00' AIRFLOW_CTX_TRY_NUMBER='1' AIRFLOW_CTX_DAG_RUN_ID='scheduled__2024-05-06T22:00:00+00:00'
[2024-05-06T22:20:17.964+0000] {Units_dag.py:99} INFO - i: 120000, chunk: 10000
[2024-05-06T22:20:17.965+0000] {Units_dag.py:100} INFO - child token is::: eyJ0eXAiOiJKV1QiLCJhbGciOiJIUzI1NiJ9.eyJpc3MiOiJodHRwczovL2FwaS5hZmFxeS5zYS9hdXRoL2xvZ2luX2FzIiwiaWF0IjoxNzE1MDM0MDA0LCJleHAiOjE3MTc2MjYwMDQsIm5iZiI6MTcxNTAzNDAwNCwianRpIjoiOE1RYkNVbG9pZ3FCM0cxZSIsInN1YiI6IjVkNjNlNTFlMDNlZDUyOTJhNDJjMjRlNiIsInBydiI6IjI3MGVjZmM3ZWEzZWQ5MzdlYTg0OTM2MmEzYTUwOTEwYzZkOGNlNGYiLCJsb2dpbl9hc19pZCI6IjY1N2YwYWQ3M2Y5NzcyOTVjZjA1NTc2YSJ9.qBRw-MqzMob0BRP3VsAlcMPhz4znqI5EuLwOIK41dMY
[2024-05-06T22:20:50.739+0000] {Units_dag.py:104} INFO - {'_id': '64ca6682ee93cb6213056113', 'icon': 'icons/icon.png', 'driver_id': '', 'tailer_id': '', 'profile': {'measurement_type': 'count', 'fuel_type': '91', 'year': 0, 'seats': 2}, 'device_password': '***', 'device_type': 'gps', 'gateway': False, 'business_types': {'waste': False, 'transportation': True, 'water': False}, 'name': '6535 Z J R', 'operation_code': None, 'device_gateway': None, 'skip_sim_information': False, 'imei': '863940058719496', 'sim_number': '+966830028755511', 'sim_serial': '8996609821111311988', 'device_serial': '863940058719496', 'device': 'ruptela', 'user_id': '64c7bac2f1af17551b44b759', 'created_by': '5e6655bf03ed52e1ab79d301', 'updated_at': '2024-04-18 11:18:59', 'created_at': '2023-08-02 17:21:54', 'custom_fields': [], 'creator': 'amr.ahmed', 'company': '', 'owner': 'bander-trading-admin', 'last_update': {'dtt': 1715034015000, 'dts': 1715034017445, 'spd': 0, 'ang': 233, 'alt': 23, 'chPrams': {'gsm': {'v': 20, 'cdt': 1714577568000}, 'io_2_817': {'v': 2000, 'cdt': 1714993392000}, 'io_2_818': {'v': 2000, 'cdt': 1714993392000}, 'ai23': {'v': 213, 'cdt': 1715033278000}, 'ePwrV': {'v': 13.529, 'cdt': 1715034015000}, 'ai22': {'v': 236, 'cdt': 1715034015000}, 'di2': {'v': 0, 'cdt': 1714440822000}, 'operator': {'v': 42003, 'cdt': 1714572682000}, 'di4': {'v': 0, 'cdt': 1714440822000}, 'di3': {'v': 0, 'cdt': 1714440822000}, 'di5': {'v': 1, 'cdt': 1715032184000}, 'protocol': {'v': 'ruptela', 'cdt': 1714393826000}, 'io_8_70': {'v': 0, 'cdt': 1714440822000}, 'io_8_71': {'v': 0, 'cdt': 1714440822000}, 'iPwrV': {'v': 4.112, 'cdt': 1715033955000}, 'event': {'v': 7, 'cdt': 1715033985000}, 'io_1_418': {'v': 1, 'cdt': 1714610560000}, 'move': {'v': 1, 'cdt': 1715031910000}, 'io_2_79': {'v': 2000, 'cdt': 1714993392000}, 'spd': {'v': 0, 'cdt': 1715034015000}, 'sat': {'v': 0, 'cdt': 1715034015000}, 'io_2_78': {'v': 2000, 'cdt': 1714993392000}, 'hdop': {'v': 0, 'cdt': 1715034015000}, 'accTemp': {'v': 40, 'cdt': 1715034015000}, 'io_1_406': {'v': 1, 'cdt': 1714440822000}, 'io_1_405': {'v': 1, 'cdt': 1691110623000}}, 'prms': {'protocol': 'ruptela', 'sat': 0, 'spd': 0, 'hdop': 0, 'event': 7, 'gsm': 20, 'io_1_418': 1, 'accTemp': 40, 'move': 1, 'di2': 0, 'di3': 0, 'di4': 0, 'di5': 1, 'io_1_405': 1, 'io_1_406': 1, 'ePwrV': 13.529, 'iPwrV': 4.112, 'ai22': 236, 'ai23': 213, 'io_2_78': 2000, 'io_2_79': 2000, 'io_2_817': 2000, 'io_2_818': 2000, 'operator': 42003, 'io_8_70': 0, 'io_8_71': 0}, 'devPrms': ['protocol', 'sat', 'spd', 'hdop', 'event', 'gsm', 'io_1_418', 'accTemp', 'move', 'di2', 'di3', 'di4', 'di5', 'io_1_405', 'io_1_406', 'ePwrV', 'iPwrV', 'ai22', 'ai23', 'io_2_78', 'io_2_79', 'io_2_817', 'io_2_818', 'operator', 'io_8_70', 'io_8_71'], 'old_params': {'protocol': 'ruptela', 'sat': 7, 'spd': 12, 'hdop': 1.4, 'event': 7, 'gsm': 20, 'io_1_418': 1, 'accTemp': 41, 'move': 1, 'di2': 0, 'di3': 0, 'di4': 0, 'di5': 1, 'io_1_405': 1, 'io_1_406': 1, 'ePwrV': 13.572, 'iPwrV': 4.112, 'ai22': 234, 'ai23': 213, 'io_2_78': 2000, 'io_2_79': 2000, 'io_2_817': 2000, 'io_2_818': 2000, 'operator': 42003, 'io_8_70': 0, 'io_8_71': 0}, 'vLoc': 1, 'vCon': 0, 'ip': '37.216.77.64', 'rl': 0.0018, 'trl': 64661.1024, 'mdu': 30, 'tmdu': 5750451, 'eidl': 0, 'teidl': 4838555, 'fc': 0.000216, 'tfc': 481.22166, 'acc': 1, 'accOn': 9533491, 'accOff': 14719063, 'sdu': 0, 'tsdu': 0, 'lat': 21.5850783, 'lng': 39.1489316}, 'counters': {'odometer_type': 'gps', 'odometer': 64661.1024, 'engine_hours_type': 'acc', 'engine_hours': 9533491, 'last_acc': 1}, 'is_wasl_connected': 'Not Connected', 'iconUrl': 'https://api.afaqy.sa/images/units/icons/icon.png', 'hasCCTV': False}
[2024-05-06T22:20:51.679+0000] {warnings.py:109} WARNING - /home/***/.local/lib/python3.8/site-packages/elasticsearch/_sync/client/__init__.py:399: SecurityWarning: Connecting to 'https://dbelk3.afaqy.local:9200' using TLS with verify_certs=False is insecure
  _transport = transport_class(

[2024-05-06T22:20:51.743+0000] {warnings.py:109} WARNING - /home/***/.local/lib/python3.8/site-packages/elasticsearch/_sync/client/__init__.py:399: SecurityWarning: Connecting to 'https://dbelk1.afaqy.local:9200' using TLS with verify_certs=False is insecure
  _transport = transport_class(

[2024-05-06T22:20:51.829+0000] {warnings.py:109} WARNING - /home/***/.local/lib/python3.8/site-packages/elasticsearch/_sync/client/__init__.py:399: SecurityWarning: Connecting to 'https://dbelk2.afaqy.local:9200' using TLS with verify_certs=False is insecure
  _transport = transport_class(

[2024-05-06T22:20:51.867+0000] {warnings.py:109} WARNING - /home/***/.local/lib/python3.8/site-packages/urllib3/connectionpool.py:1061: InsecureRequestWarning: Unverified HTTPS request is being made to host 'dbelk3.afaqy.local'. Adding certificate verification is strongly advised. See: https://urllib3.readthedocs.io/en/1.26.x/advanced-usage.html#ssl-warnings
  warnings.warn(

[2024-05-06T22:20:51.949+0000] {_transport.py:335} INFO - GET https://dbelk3.afaqy.local:9200/_cluster/health [status:200 duration:0.113s]
[2024-05-06T22:20:52.445+0000] {warnings.py:109} WARNING - /home/***/.local/lib/python3.8/site-packages/urllib3/connectionpool.py:1061: InsecureRequestWarning: Unverified HTTPS request is being made to host 'dbelk1.afaqy.local'. Adding certificate verification is strongly advised. See: https://urllib3.readthedocs.io/en/1.26.x/advanced-usage.html#ssl-warnings
  warnings.warn(

[2024-05-06T22:20:52.594+0000] {_transport.py:335} INFO - PUT https://dbelk1.afaqy.local:9200/units_statistics_***/_bulk [status:200 duration:0.173s]
[2024-05-06T22:20:52.895+0000] {taskinstance.py:2731} ERROR - Task failed with exception
Traceback (most recent call last):
  File "/home/airflow/.local/lib/python3.8/site-packages/airflow/models/taskinstance.py", line 444, in _execute_task
    result = _execute_callable(context=context, **execute_callable_kwargs)
  File "/home/airflow/.local/lib/python3.8/site-packages/airflow/models/taskinstance.py", line 414, in _execute_callable
    return execute_callable(context=context, **execute_callable_kwargs)
  File "/home/airflow/.local/lib/python3.8/site-packages/airflow/decorators/base.py", line 241, in execute
    return_value = super().execute(context)
  File "/home/airflow/.local/lib/python3.8/site-packages/airflow/operators/python.py", line 200, in execute
    return_value = self.execute_callable()
  File "/home/airflow/.local/lib/python3.8/site-packages/airflow/operators/python.py", line 217, in execute_callable
    return self.python_callable(*self.op_args, **self.op_kwargs)
  File "/opt/airflow/dags/Units_dag.py", line 112, in ETL_job
    Elk_client.elk_pushData(Globals.index_name,units_list_update)
  File "/opt/airflow/dags/elk_manager.py", line 69, in elk_pushData
    helpers.bulk(self.elk_client, docs_list, index=index_name, chunk_size=batch)
  File "/home/airflow/.local/lib/python3.8/site-packages/elasticsearch/helpers/actions.py", line 521, in bulk
    for ok, item in streaming_bulk(
  File "/home/airflow/.local/lib/python3.8/site-packages/elasticsearch/helpers/actions.py", line 436, in streaming_bulk
    for data, (ok, info) in zip(
  File "/home/airflow/.local/lib/python3.8/site-packages/elasticsearch/helpers/actions.py", line 355, in _process_bulk_chunk
    yield from gen
  File "/home/airflow/.local/lib/python3.8/site-packages/elasticsearch/helpers/actions.py", line 274, in _process_bulk_chunk_success
    raise BulkIndexError(f"{len(errors)} document(s) failed to index.", errors)
elasticsearch.helpers.BulkIndexError: 10000 document(s) failed to index.
[2024-05-06T22:20:52.909+0000] {taskinstance.py:1149} INFO - Marking task as UP_FOR_RETRY. dag_id=Units_statistics_DAG, task_id=ETL_job, map_index=12, execution_date=20240506T220000, start_date=20240506T222016, end_date=20240506T222052
[2024-05-06T22:20:52.932+0000] {standard_task_runner.py:107} ERROR - Failed to execute job 36663 for task ETL_job (10000 document(s) failed to index.; 818301)
[2024-05-06T22:20:52.993+0000] {local_task_job_runner.py:234} INFO - Task exited with return code 1
[2024-05-06T22:20:53.026+0000] {taskinstance.py:3312} INFO - 0 downstream tasks scheduled from follow-on schedule check
