[2024-05-12T06:01:45.958+0000] {taskinstance.py:1979} INFO - Dependencies all met for dep_context=non-requeueable deps ti=<TaskInstance: Units_statistics_DAG.ETL_job scheduled__2024-05-12T05:40:00+00:00 map_index=15 [queued]>
[2024-05-12T06:01:45.969+0000] {taskinstance.py:1979} INFO - Dependencies all met for dep_context=requeueable deps ti=<TaskInstance: Units_statistics_DAG.ETL_job scheduled__2024-05-12T05:40:00+00:00 map_index=15 [queued]>
[2024-05-12T06:01:45.970+0000] {taskinstance.py:2193} INFO - Starting attempt 2 of 4
[2024-05-12T06:01:45.989+0000] {taskinstance.py:2217} INFO - Executing <Mapped(_PythonDecoratedOperator): ETL_job> on 2024-05-12 05:40:00+00:00
[2024-05-12T06:01:45.996+0000] {standard_task_runner.py:60} INFO - Started process 960345 to run task
[2024-05-12T06:01:46.004+0000] {standard_task_runner.py:87} INFO - Running: ['***', 'tasks', 'run', 'Units_statistics_DAG', 'ETL_job', 'scheduled__2024-05-12T05:40:00+00:00', '--job-id', '53097', '--raw', '--subdir', 'DAGS_FOLDER/Units_dag.py', '--cfg-path', '/tmp/tmpjozs_4r3', '--map-index', '15']
[2024-05-12T06:01:46.006+0000] {standard_task_runner.py:88} INFO - Job 53097: Subtask ETL_job
[2024-05-12T06:01:46.094+0000] {task_command.py:423} INFO - Running <TaskInstance: Units_statistics_DAG.ETL_job scheduled__2024-05-12T05:40:00+00:00 map_index=15 [running]> on host a09da322e808
[2024-05-12T06:01:46.263+0000] {taskinstance.py:2513} INFO - Exporting env vars: AIRFLOW_CTX_DAG_OWNER='abeer-araby' AIRFLOW_CTX_DAG_ID='Units_statistics_DAG' AIRFLOW_CTX_TASK_ID='ETL_job' AIRFLOW_CTX_EXECUTION_DATE='2024-05-12T05:40:00+00:00' AIRFLOW_CTX_TRY_NUMBER='2' AIRFLOW_CTX_DAG_RUN_ID='scheduled__2024-05-12T05:40:00+00:00'
[2024-05-12T06:01:46.264+0000] {Units_dag.py:98} INFO - i: 150000, chunk: 10000
[2024-05-12T06:01:46.265+0000] {Units_dag.py:99} INFO - child token is::: eyJ0eXAiOiJKV1QiLCJhbGciOiJIUzI1NiJ9.eyJpc3MiOiJodHRwczovL2FwaS5hZmFxeS5zYS9hdXRoL2xvZ2luX2FzIiwiaWF0IjoxNzE1NDkzNjA0LCJleHAiOjE3MTgwODU2MDQsIm5iZiI6MTcxNTQ5MzYwNCwianRpIjoiMW0xcEZxd2E4OG03UTRqayIsInN1YiI6IjVkNjNlNTFlMDNlZDUyOTJhNDJjMjRlNiIsInBydiI6IjI3MGVjZmM3ZWEzZWQ5MzdlYTg0OTM2MmEzYTUwOTEwYzZkOGNlNGYiLCJsb2dpbl9hc19pZCI6IjY1N2YwYWQ3M2Y5NzcyOTVjZjA1NTc2YSJ9.F9s_auRHgynGnf8CHj4SnSJqfni65FhgKgN5lrGQg3U
[2024-05-12T06:02:06.745+0000] {Units_dag.py:103} INFO - {'_id': '659bfcd033f0dedf4b080c39', 'icon': 'icons/icon.png', 'driver_id': '61f9119e0945374ce5625e1c', 'tailer_id': '', 'profile': {'vehicle_type': 'SINOTRUCK', 'measurement_type': 'count', 'max_capacity': 600, 'vin': 'LZZPBLNF6PJ306714', 'plate_number': 'ZSA9767', 'start_operation': '', 'contract_milage': '', 'opening_milage': '', 'model': '122984020', 'fuel_type': 'diesel', 'year': 2023, 'seats': 1}, 'shipment_info': {'product_category': None, 'truck_type': None, 'shipment_type': None, 'shipment_payment_type': None, 'transporter_type': None, 'operating_area': None, 'weight_kilograms_per_day': None, 'kms_per_day': None, 'shipment_trip_drive_hrs_day': None, 'allowable_delay_drive_hrs_day': None, 'expected_shipment_trip_day': None, 'car_pay_per_day': None, 'exceeding_temperature_limit_per_day': None, 'temperature_upper_limit': None, 'exceeding_humidity_limit_per_day': None, 'humidity_upper_limit': None}, 'device_password': '***', 'device_type': 'gps', 'gateway': False, 'business_types': {'waste': False, 'transportation': True, 'water': False}, 'name': '2656-ZSA9767', 'operation_code': '', 'device_gateway': '', 'skip_sim_information': False, 'imei': '864376049476111', 'sim_number': '+966830020197064', 'sim_serial': '8996609821112134525', 'device_serial': '864376049476111', 'device': 'bce', 'user_id': '5e57ed5a03ed52ad545fafb7', 'created_by': '5e6655bf03ed52e1ab79d301', 'updated_at': '2024-05-01 16:51:08', 'created_at': '2024-01-08 16:46:56', 'custom_fields': [], 'creator': 'amr.ahmed', 'company': 'Al Khalidi Holding Co.', 'owner': 'al-khalidi', 'last_update': {'dtt': 1715493686000, 'dts': 1715493693895, 'spd': 78, 'ang': 22, 'alt': 864, 'chPrams': {'ai1': {'v': 0, 'cdt': 1712930486000}, 'trailer1_status': {'v': 0, 'cdt': 1712930486000}, 'trailer2_status': {'v': 0, 'cdt': 1712930486000}, 'j1939_fuel_rate': {'v': 227, 'cdt': 1715493686000}, 'can_engine_hrs': {'v': 16580, 'cdt': 1715493552000}, 'trailer2_id': {'v': 0, 'cdt': 1712930486000}, 'ai4': {'v': 11132, 'cdt': 1715493686000}, 'j1939_air_temp': {'v': 13375, 'cdt': 1715481990000}, 'protocol': {'v': 'bce', 'cdt': 1712930486000}, 'iPwrV': {'v': 4.129, 'cdt': 1715493558000}, 'brk': {'v': '0.00', 'cdt': 1715493660000}, 'ID': {'v': '1205CA0', 'cdt': 1715493686000}, 'cid1': {'v': 16242, 'cdt': 1715493516000}, 'j1939_fl_con': {'v': 9362050, 'cdt': 1715493686000}, 'odometer': {'v': 1138359283, 'cdt': 1715493686000}, 'spd': {'v': 78, 'cdt': 1715493630000}, 'can_taho': {'v': '0', 'cdt': 1708170658000}, 'can_fls': {'v': 0, 'cdt': 1715493260000}, 'mnc1': {'v': 3, 'cdt': 1713930508000}, 'total_fuel': {'v': 18724, 'cdt': 1715493618000}, 'ePwrV': {'v': 28.156, 'cdt': 1715493686000}, 'di16': {'v': 1, 'cdt': 1712930486000}, 'di15': {'v': '0', 'cdt': 1708255528000}, 'rssi1': {'v': 88, 'cdt': 1715493660000}, 'di14': {'v': 1, 'cdt': 1715493630000}, 'di13': {'v': 0, 'cdt': 1712930486000}, 'di12': {'v': 1, 'cdt': 1715493594000}, 'di11': {'v': 0, 'cdt': 1715441002000}, 'can_mileage': {'v': 6851673, 'cdt': 1715493686000}, 'can_rpm': {'v': 10072, 'cdt': 1715493686000}, 'fuel_con_ins': {'v': 0.063416667282581, 'cdt': 1715493686000}, 'di10': {'v': 0, 'cdt': 1712930486000}, 'di2': {'v': 1, 'cdt': 1715394104000}, 'di1': {'v': 1, 'cdt': 1715493358000}, 'di4': {'v': 1, 'cdt': 1715394104000}, 'di3': {'v': 1, 'cdt': 1715486668000}, 'di6': {'v': 1, 'cdt': 1715394104000}, 'di5': {'v': 1, 'cdt': 1715481960000}, 'lac1': {'v': 1086, 'cdt': 1715493466000}, 'j1939_flfmseco': {'v': 3533, 'cdt': 1715493686000}, 'di8': {'v': 1, 'cdt': 1715394104000}, 'di7': {'v': 1, 'cdt': 1715481990000}, 'engine_temp': {'v': 124, 'cdt': 1715493686000}, 'di9': {'v': 0, 'cdt': 1713644970000}, 'crn': {'v': '0.02', 'cdt': 1715493522000}, 'crashData3': {'v': 8, 'cdt': 1713233822000}, 'crashData1': {'v': 54, 'cdt': 1715066854000}, 'crashData2': {'v': 47, 'cdt': 1715066854000}, 'sat': {'v': 12, 'cdt': 1715433986000}, 'trailer1_id': {'v': 0, 'cdt': 1712930486000}, 'accel': {'v': '0.00', 'cdt': 1715493660000}, 'ta': {'v': 0, 'cdt': 1712930486000}, 'hdop': {'v': 1, 'cdt': 1715091662000}, 'mcc1': {'v': 420, 'cdt': 1713930508000}}, 'prms': {'protocol': 'bce', 'spd': 78, 'sat': 12, 'hdop': 1, 'odometer': 1138359283, 'di16': 1, 'di15': 0, 'di14': 1, 'di13': 0, 'di12': 1, 'di11': 0, 'di10': 0, 'di9': 0, 'di8': 1, 'di7': 1, 'di6': 1, 'di5': 1, 'di4': 1, 'di3': 1, 'di2': 1, 'di1': 1, 'ai1': 0, 'ePwrV': 28.156, 'ai4': 11132, 'iPwrV': 4.129, 'ta': 0, 'mcc1': 420, 'mnc1': 3, 'lac1': 1086, 'cid1': 16242, 'rssi1': 88, 'total_fuel': 18724, 'can_fls': 0, 'can_rpm': 10072, 'can_engine_hrs': 16580, 'can_mileage': 6851673, 'engine_temp': 124, 'j1939_air_temp': 13375, 'trailer1_id': 0, 'trailer1_status': 0, 'trailer2_id': 0, 'trailer2_status': 0, 'j1939_fuel_rate': 227, 'j1939_flfmseco': 3533, 'j1939_fl_con': 9362050, 'ID': '1205CA0', 'fuel_con_ins': 0.063416667282581, 'accel': '0.00', 'brk': '0.00', 'crn': '0.02'}, 'devPrms': ['protocol', 'spd', 'sat', 'hdop', 'odometer', 'di16', 'di15', 'di14', 'di13', 'di12', 'di11', 'di10', 'di9', 'di8', 'di7', 'di6', 'di5', 'di4', 'di3', 'di2', 'di1', 'ai1', 'ePwrV', 'ai4', 'iPwrV', 'ta', 'mcc1', 'mnc1', 'lac1', 'cid1', 'rssi1', 'total_fuel', 'can_fls', 'can_rpm', 'can_engine_hrs', 'can_mileage', 'engine_temp', 'j1939_air_temp', 'trailer1_id', 'trailer1_status', 'trailer2_id', 'trailer2_status', 'j1939_fuel_rate', 'j1939_flfmseco', 'j1939_fl_con', 'ID', 'fuel_con_ins', 'accel', 'brk', 'crn'], 'old_params': {'protocol': 'bce', 'spd': 78, 'sat': 12, 'hdop': 1, 'odometer': 1124271084, 'di16': 1, 'di15': 0, 'di14': 1, 'di13': 0, 'di12': 1, 'di11': 0, 'di10': 0, 'di9': 0, 'di8': 1, 'di7': 1, 'di6': 1, 'di5': 1, 'di4': 1, 'di3': 1, 'di2': 1, 'di1': 1, 'ai1': 0, 'ePwrV': 28.13, 'ai4': 9108, 'iPwrV': 4.129, 'ta': 0, 'mcc1': 420, 'mnc1': 3, 'lac1': 1086, 'cid1': 16242, 'rssi1': 88, 'total_fuel': 18724, 'can_fls': 0, 'can_rpm': 10076, 'can_engine_hrs': 16580, 'can_mileage': 6851584, 'engine_temp': 123, 'j1939_air_temp': 13375, 'trailer1_id': 0, 'trailer1_status': 0, 'trailer2_id': 0, 'trailer2_status': 0, 'j1939_fuel_rate': 229, 'j1939_flfmseco': 3507, 'j1939_fl_con': 9361987, 'ID': '0', 'fuel_con_ins': 0.021138889715075, 'accel': '0.00', 'brk': '0.00', 'crn': '0.02'}, 'vLoc': 1, 'vCon': 1, 'ip': '37.216.7.102', 'rl': 0.4357, 'trl': 32739.6559, 'mdu': 20, 'tmdu': 1769572, 'eidl': 0, 'teidl': 1255344, 'fc': 0.052284, 'tfc': 4.103628, 'acc': 1, 'accOn': 3088830654, 'accOff': 3082118464, 'sdu': 0, 'tsdu': 0, 'lat': 24.01113510131836, 'lng': 45.215511322021484}, 'counters': {'engine_hours': 3088830654, 'last_acc': 1, 'odometer': 32738.4551, 'engine_hours_type': '', 'odometer_type': ''}, 'is_wasl_connected': 'Connected', 'iconUrl': 'https://api.afaqy.sa/images/units/icons/icon.png', 'hasCCTV': False}
[2024-05-12T06:02:07.293+0000] {warnings.py:109} WARNING - /home/***/.local/lib/python3.8/site-packages/elasticsearch/_sync/client/__init__.py:399: SecurityWarning: Connecting to 'https://dbelk1.afaqy.local:9200' using TLS with verify_certs=False is insecure
  _transport = transport_class(

[2024-05-12T06:02:07.343+0000] {warnings.py:109} WARNING - /home/***/.local/lib/python3.8/site-packages/elasticsearch/_sync/client/__init__.py:399: SecurityWarning: Connecting to 'https://dbelk2.afaqy.local:9200' using TLS with verify_certs=False is insecure
  _transport = transport_class(

[2024-05-12T06:02:07.392+0000] {warnings.py:109} WARNING - /home/***/.local/lib/python3.8/site-packages/elasticsearch/_sync/client/__init__.py:399: SecurityWarning: Connecting to 'https://dbelk3.afaqy.local:9200' using TLS with verify_certs=False is insecure
  _transport = transport_class(

[2024-05-12T06:02:07.417+0000] {warnings.py:109} WARNING - /home/***/.local/lib/python3.8/site-packages/urllib3/connectionpool.py:1061: InsecureRequestWarning: Unverified HTTPS request is being made to host 'dbelk1.afaqy.local'. Adding certificate verification is strongly advised. See: https://urllib3.readthedocs.io/en/1.26.x/advanced-usage.html#ssl-warnings
  warnings.warn(

[2024-05-12T06:02:07.479+0000] {_transport.py:335} INFO - GET https://dbelk1.afaqy.local:9200/_cluster/health [status:200 duration:0.084s]
[2024-05-12T06:02:07.900+0000] {warnings.py:109} WARNING - /home/***/.local/lib/python3.8/site-packages/urllib3/connectionpool.py:1061: InsecureRequestWarning: Unverified HTTPS request is being made to host 'dbelk2.afaqy.local'. Adding certificate verification is strongly advised. See: https://urllib3.readthedocs.io/en/1.26.x/advanced-usage.html#ssl-warnings
  warnings.warn(

[2024-05-12T06:02:07.917+0000] {_transport.py:335} INFO - PUT https://dbelk2.afaqy.local:9200/units_statistics_***/_bulk [status:429 duration:0.051s]
[2024-05-12T06:02:07.918+0000] {_node_pool.py:249} WARNING - Node <Urllib3HttpNode(https://dbelk2.afaqy.local:9200)> has failed for 1 times in a row, putting on 1 second timeout
[2024-05-12T06:02:07.918+0000] {_transport.py:427} WARNING - Retrying request after non-successful status 429 (attempt 0 of 3)
[2024-05-12T06:02:07.919+0000] {warnings.py:109} WARNING - /home/***/.local/lib/python3.8/site-packages/urllib3/connectionpool.py:1061: InsecureRequestWarning: Unverified HTTPS request is being made to host 'dbelk1.afaqy.local'. Adding certificate verification is strongly advised. See: https://urllib3.readthedocs.io/en/1.26.x/advanced-usage.html#ssl-warnings
  warnings.warn(

[2024-05-12T06:02:11.511+0000] {_transport.py:335} INFO - PUT https://dbelk1.afaqy.local:9200/units_statistics_***/_bulk [status:200 duration:3.593s]
[2024-05-12T06:02:12.045+0000] {taskinstance.py:2731} ERROR - Task failed with exception
Traceback (most recent call last):
  File "/home/airflow/.local/lib/python3.8/site-packages/airflow/models/taskinstance.py", line 444, in _execute_task
    result = _execute_callable(context=context, **execute_callable_kwargs)
  File "/home/airflow/.local/lib/python3.8/site-packages/airflow/models/taskinstance.py", line 414, in _execute_callable
    return execute_callable(context=context, **execute_callable_kwargs)
  File "/home/airflow/.local/lib/python3.8/site-packages/airflow/decorators/base.py", line 241, in execute
    return_value = super().execute(context)
  File "/home/airflow/.local/lib/python3.8/site-packages/airflow/operators/python.py", line 200, in execute
    return_value = self.execute_callable()
  File "/home/airflow/.local/lib/python3.8/site-packages/airflow/operators/python.py", line 217, in execute_callable
    return self.python_callable(*self.op_args, **self.op_kwargs)
  File "/opt/airflow/dags/Units_dag.py", line 111, in ETL_job
    Elk_client.elk_pushData(Globals.index_name,units_list_update)
  File "/opt/airflow/dags/units_statistics/elk_manager.py", line 69, in elk_pushData
    helpers.bulk(self.elk_client, docs_list, index=index_name, chunk_size=batch)
  File "/home/airflow/.local/lib/python3.8/site-packages/elasticsearch/helpers/actions.py", line 521, in bulk
    for ok, item in streaming_bulk(
  File "/home/airflow/.local/lib/python3.8/site-packages/elasticsearch/helpers/actions.py", line 436, in streaming_bulk
    for data, (ok, info) in zip(
  File "/home/airflow/.local/lib/python3.8/site-packages/elasticsearch/helpers/actions.py", line 355, in _process_bulk_chunk
    yield from gen
  File "/home/airflow/.local/lib/python3.8/site-packages/elasticsearch/helpers/actions.py", line 274, in _process_bulk_chunk_success
    raise BulkIndexError(f"{len(errors)} document(s) failed to index.", errors)
elasticsearch.helpers.BulkIndexError: 668 document(s) failed to index.
[2024-05-12T06:02:12.059+0000] {taskinstance.py:1149} INFO - Marking task as UP_FOR_RETRY. dag_id=Units_statistics_DAG, task_id=ETL_job, map_index=15, execution_date=20240512T054000, start_date=20240512T060145, end_date=20240512T060212
[2024-05-12T06:02:12.078+0000] {standard_task_runner.py:107} ERROR - Failed to execute job 53097 for task ETL_job (668 document(s) failed to index.; 960345)
[2024-05-12T06:02:12.133+0000] {local_task_job_runner.py:234} INFO - Task exited with return code 1
[2024-05-12T06:02:12.167+0000] {taskinstance.py:3312} INFO - 0 downstream tasks scheduled from follow-on schedule check
