[2024-05-09T03:03:24.548+0000] {taskinstance.py:1979} INFO - Dependencies all met for dep_context=non-requeueable deps ti=<TaskInstance: Units_statistics_DAG.ETL_job scheduled__2024-05-09T02:40:00+00:00 map_index=5 [queued]>
[2024-05-09T03:03:24.564+0000] {taskinstance.py:1979} INFO - Dependencies all met for dep_context=requeueable deps ti=<TaskInstance: Units_statistics_DAG.ETL_job scheduled__2024-05-09T02:40:00+00:00 map_index=5 [queued]>
[2024-05-09T03:03:24.564+0000] {taskinstance.py:2193} INFO - Starting attempt 3 of 4
[2024-05-09T03:03:24.592+0000] {taskinstance.py:2217} INFO - Executing <Mapped(_PythonDecoratedOperator): ETL_job> on 2024-05-09 02:40:00+00:00
[2024-05-09T03:03:24.600+0000] {standard_task_runner.py:60} INFO - Started process 876709 to run task
[2024-05-09T03:03:24.613+0000] {standard_task_runner.py:87} INFO - Running: ['***', 'tasks', 'run', 'Units_statistics_DAG', 'ETL_job', 'scheduled__2024-05-09T02:40:00+00:00', '--job-id', '43321', '--raw', '--subdir', 'DAGS_FOLDER/Units_dag.py', '--cfg-path', '/tmp/tmpodzfofz0', '--map-index', '5']
[2024-05-09T03:03:24.615+0000] {standard_task_runner.py:88} INFO - Job 43321: Subtask ETL_job
[2024-05-09T03:03:24.713+0000] {task_command.py:423} INFO - Running <TaskInstance: Units_statistics_DAG.ETL_job scheduled__2024-05-09T02:40:00+00:00 map_index=5 [running]> on host a09da322e808
[2024-05-09T03:03:24.901+0000] {taskinstance.py:2513} INFO - Exporting env vars: AIRFLOW_CTX_DAG_OWNER='abeer-araby' AIRFLOW_CTX_DAG_ID='Units_statistics_DAG' AIRFLOW_CTX_TASK_ID='ETL_job' AIRFLOW_CTX_EXECUTION_DATE='2024-05-09T02:40:00+00:00' AIRFLOW_CTX_TRY_NUMBER='3' AIRFLOW_CTX_DAG_RUN_ID='scheduled__2024-05-09T02:40:00+00:00'
[2024-05-09T03:03:24.903+0000] {Units_dag.py:98} INFO - i: 50000, chunk: 10000
[2024-05-09T03:03:24.903+0000] {Units_dag.py:99} INFO - child token is::: eyJ0eXAiOiJKV1QiLCJhbGciOiJIUzI1NiJ9.eyJpc3MiOiJodHRwczovL2FwaS5hZmFxeS5zYS9hdXRoL2xvZ2luX2FzIiwiaWF0IjoxNzE1MjIzNjA0LCJleHAiOjE3MTc4MTU2MDQsIm5iZiI6MTcxNTIyMzYwNCwianRpIjoibmhDN2U1WERScThsSGlFMSIsInN1YiI6IjVkNjNlNTFlMDNlZDUyOTJhNDJjMjRlNiIsInBydiI6IjI3MGVjZmM3ZWEzZWQ5MzdlYTg0OTM2MmEzYTUwOTEwYzZkOGNlNGYiLCJsb2dpbl9hc19pZCI6IjY1N2YwYWQ3M2Y5NzcyOTVjZjA1NTc2YSJ9.GArUmUCoiM3vG7ThmeEHN3CFZYM0tIIZRfeNMqNIn8Y
[2024-05-09T03:03:43.437+0000] {Units_dag.py:103} INFO - {'_id': '62b0788143137952a6296529', 'icon': 'icons/icon.png', 'driver_id': '', 'tailer_id': '', 'profile': {'measurement_type': 'count', 'fuel_type': '91', 'year': 0, 'seats': 2}, 'device_password': '***', 'device_type': 'gps', 'gateway': False, 'name': '3307 - T H D', 'operation_code': None, 'device_gateway': None, 'business_types': {'waste': False, 'transportation': True, 'water': False}, 'imei': '866854051820887', 'sim_number': '+966830028652717', 'sim_serial': '996609821111313313', 'device_serial': '866854051820887', 'device': 'bce', 'user_id': '62693bbb07a96a0b2714bff8', 'created_by': '5e6655bf03ed52e1ab79d301', 'updated_at': '2024-04-18 11:18:59', 'created_at': '2022-06-20 16:39:13', 'custom_fields': [], 'creator': 'amr.ahmed', 'company': '', 'owner': 'hawadij-rental-admin', 'last_update': {'dtt': 1715223774000, 'dts': 1715223794576, 'spd': 99, 'ang': 250, 'alt': 171, 'chPrams': {'ePwrV': {'v': 13.941, 'cdt': 1715223762000}, 'di16': {'v': 0, 'cdt': 1714813122000}, 'rssi1': {'v': 54, 'cdt': 1715223774000}, 'di15': {'v': 0, 'cdt': 1714812222000}, 'di14': {'v': 0, 'cdt': 1715223774000}, 'di13': {'v': 0, 'cdt': 1714813122000}, 'di12': {'v': 0, 'cdt': 1714812222000}, 'di11': {'v': 0, 'cdt': 1714812222000}, 'di10': {'v': 0, 'cdt': 1714812222000}, 'di2': {'v': 1, 'cdt': 1714812222000}, 'di1': {'v': 1, 'cdt': 1715223532000}, 'di4': {'v': 0, 'cdt': 1714812222000}, 'di3': {'v': 0, 'cdt': 1714812222000}, 'di6': {'v': 1, 'cdt': 1714812222000}, 'di5': {'v': 1, 'cdt': 1715221886000}, 'lac1': {'v': 3724, 'cdt': 1715192200000}, 'protocol': {'v': 'bce', 'cdt': 1714812222000}, 'di8': {'v': 1, 'cdt': 1714812222000}, 'di7': {'v': 1, 'cdt': 1715221886000}, 'di9': {'v': 0, 'cdt': 1714812222000}, 'iPwrV': {'v': 3.975, 'cdt': 1715223774000}, 'cid1': {'v': 23141, 'cdt': 1715223710000}, 'odometer': {'v': 1135397395, 'cdt': 1715223774000}, 'spd': {'v': 99, 'cdt': 1715223774000}, 'sat': {'v': 15, 'cdt': 1715221916000}, 'hdop': {'v': 1, 'cdt': 1715150580000}, 'ta': {'v': 0, 'cdt': 1714812222000}, 'mcc1': {'v': 420, 'cdt': 1713639326000}, 'mnc1': {'v': 3, 'cdt': 1713639326000}}, 'prms': {'protocol': 'bce', 'spd': 99, 'sat': 15, 'hdop': 1, 'odometer': 1135397395, 'di16': 0, 'di15': 0, 'di14': 0, 'di13': 0, 'di12': 0, 'di11': 0, 'di10': 0, 'di9': 0, 'di8': 1, 'di7': 1, 'di6': 1, 'di5': 1, 'di4': 0, 'di3': 0, 'di2': 1, 'di1': 1, 'ePwrV': 13.941, 'iPwrV': 3.975, 'ta': 0, 'mcc1': 420, 'mnc1': 3, 'lac1': 3724, 'cid1': 23141, 'rssi1': 54}, 'devPrms': ['protocol', 'spd', 'sat', 'hdop', 'odometer', 'di16', 'di15', 'di14', 'di13', 'di12', 'di11', 'di10', 'di9', 'di8', 'di7', 'di6', 'di5', 'di4', 'di3', 'di2', 'di1', 'ePwrV', 'iPwrV', 'ta', 'mcc1', 'mnc1', 'lac1', 'cid1', 'rssi1'], 'old_params': {'protocol': 'bce', 'spd': 84, 'sat': 15, 'hdop': 1, 'odometer': 1133652600, 'di16': 0, 'di15': 0, 'di14': 1, 'di13': 0, 'di12': 0, 'di11': 0, 'di10': 0, 'di9': 0, 'di8': 1, 'di7': 1, 'di6': 1, 'di5': 1, 'di4': 0, 'di3': 0, 'di2': 1, 'di1': 1, 'ePwrV': 13.941, 'iPwrV': 3.973, 'ta': 0, 'mcc1': 420, 'mnc1': 3, 'lac1': 3724, 'cid1': 23141, 'rssi1': 50}, 'vLoc': 1, 'vCon': 1, 'ip': '109.83.188.38', 'rl': 0.346, 'trl': 104458.6637, 'mdu': 12, 'tmdu': 5706264, 'eidl': 0, 'teidl': 2234498, 'fc': 0.04152, 'tfc': 1.717032, 'acc': 1, 'accOn': 10383608, 'accOff': 52219320, 'sdu': 0, 'tsdu': 0, 'lat': 25.27303123474121, 'lng': 49.55437469482422}, 'counters': {'odometer_type': 'gps', 'odometer': 104496.6637, 'engine_hours_type': 'acc', 'engine_hours': 10383608, 'last_acc': 1}, 'is_wasl_connected': 'Not Connected', 'iconUrl': 'https://api.afaqy.sa/images/units/icons/icon.png', 'hasCCTV': False}
[2024-05-09T03:03:44.319+0000] {warnings.py:109} WARNING - /home/***/.local/lib/python3.8/site-packages/elasticsearch/_sync/client/__init__.py:399: SecurityWarning: Connecting to 'https://dbelk1.afaqy.local:9200' using TLS with verify_certs=False is insecure
  _transport = transport_class(

[2024-05-09T03:03:44.365+0000] {warnings.py:109} WARNING - /home/***/.local/lib/python3.8/site-packages/elasticsearch/_sync/client/__init__.py:399: SecurityWarning: Connecting to 'https://dbelk2.afaqy.local:9200' using TLS with verify_certs=False is insecure
  _transport = transport_class(

[2024-05-09T03:03:44.411+0000] {warnings.py:109} WARNING - /home/***/.local/lib/python3.8/site-packages/elasticsearch/_sync/client/__init__.py:399: SecurityWarning: Connecting to 'https://dbelk3.afaqy.local:9200' using TLS with verify_certs=False is insecure
  _transport = transport_class(

[2024-05-09T03:03:44.443+0000] {warnings.py:109} WARNING - /home/***/.local/lib/python3.8/site-packages/urllib3/connectionpool.py:1061: InsecureRequestWarning: Unverified HTTPS request is being made to host 'dbelk1.afaqy.local'. Adding certificate verification is strongly advised. See: https://urllib3.readthedocs.io/en/1.26.x/advanced-usage.html#ssl-warnings
  warnings.warn(

[2024-05-09T03:03:44.515+0000] {_transport.py:335} INFO - GET https://dbelk1.afaqy.local:9200/_cluster/health [status:200 duration:0.101s]
[2024-05-09T03:03:45.908+0000] {warnings.py:109} WARNING - /home/***/.local/lib/python3.8/site-packages/urllib3/connectionpool.py:1061: InsecureRequestWarning: Unverified HTTPS request is being made to host 'dbelk2.afaqy.local'. Adding certificate verification is strongly advised. See: https://urllib3.readthedocs.io/en/1.26.x/advanced-usage.html#ssl-warnings
  warnings.warn(

[2024-05-09T03:03:47.517+0000] {_transport.py:335} INFO - PUT https://dbelk2.afaqy.local:9200/units_statistics_***/_bulk [status:200 duration:2.600s]
[2024-05-09T03:03:48.006+0000] {python.py:202} INFO - Done. Returned value was: None
[2024-05-09T03:03:48.020+0000] {taskinstance.py:1149} INFO - Marking task as SUCCESS. dag_id=Units_statistics_DAG, task_id=ETL_job, map_index=5, execution_date=20240509T024000, start_date=20240509T030324, end_date=20240509T030348
[2024-05-09T03:03:48.083+0000] {local_task_job_runner.py:234} INFO - Task exited with return code 0
[2024-05-09T03:03:48.110+0000] {taskinstance.py:3312} INFO - 0 downstream tasks scheduled from follow-on schedule check
