[2024-05-07T18:03:14.240+0000] {taskinstance.py:1979} INFO - Dependencies all met for dep_context=non-requeueable deps ti=<TaskInstance: Units_statistics_DAG.ETL_job scheduled__2024-05-07T17:40:00+00:00 map_index=2 [queued]>
[2024-05-07T18:03:14.258+0000] {taskinstance.py:1979} INFO - Dependencies all met for dep_context=requeueable deps ti=<TaskInstance: Units_statistics_DAG.ETL_job scheduled__2024-05-07T17:40:00+00:00 map_index=2 [queued]>
[2024-05-07T18:03:14.258+0000] {taskinstance.py:2193} INFO - Starting attempt 3 of 4
[2024-05-07T18:03:14.280+0000] {taskinstance.py:2217} INFO - Executing <Mapped(_PythonDecoratedOperator): ETL_job> on 2024-05-07 17:40:00+00:00
[2024-05-07T18:03:14.288+0000] {standard_task_runner.py:60} INFO - Started process 840719 to run task
[2024-05-07T18:03:14.294+0000] {standard_task_runner.py:87} INFO - Running: ['***', 'tasks', 'run', 'Units_statistics_DAG', 'ETL_job', 'scheduled__2024-05-07T17:40:00+00:00', '--job-id', '39441', '--raw', '--subdir', 'DAGS_FOLDER/Units_dag.py', '--cfg-path', '/tmp/tmp92wbu4zk', '--map-index', '2']
[2024-05-07T18:03:14.297+0000] {standard_task_runner.py:88} INFO - Job 39441: Subtask ETL_job
[2024-05-07T18:03:14.390+0000] {task_command.py:423} INFO - Running <TaskInstance: Units_statistics_DAG.ETL_job scheduled__2024-05-07T17:40:00+00:00 map_index=2 [running]> on host a09da322e808
[2024-05-07T18:03:14.584+0000] {taskinstance.py:2513} INFO - Exporting env vars: AIRFLOW_CTX_DAG_OWNER='abeer-araby' AIRFLOW_CTX_DAG_ID='Units_statistics_DAG' AIRFLOW_CTX_TASK_ID='ETL_job' AIRFLOW_CTX_EXECUTION_DATE='2024-05-07T17:40:00+00:00' AIRFLOW_CTX_TRY_NUMBER='3' AIRFLOW_CTX_DAG_RUN_ID='scheduled__2024-05-07T17:40:00+00:00'
[2024-05-07T18:03:14.587+0000] {Units_dag.py:98} INFO - i: 20000, chunk: 10000
[2024-05-07T18:03:14.588+0000] {Units_dag.py:99} INFO - child token is::: eyJ0eXAiOiJKV1QiLCJhbGciOiJIUzI1NiJ9.eyJpc3MiOiJodHRwczovL2FwaS5hZmFxeS5zYS9hdXRoL2xvZ2luX2FzIiwiaWF0IjoxNzE1MTA0ODA0LCJleHAiOjE3MTc2OTY4MDQsIm5iZiI6MTcxNTEwNDgwNCwianRpIjoiYTJUVGo0cncwbjQ1RUpLMyIsInN1YiI6IjVkNjNlNTFlMDNlZDUyOTJhNDJjMjRlNiIsInBydiI6IjI3MGVjZmM3ZWEzZWQ5MzdlYTg0OTM2MmEzYTUwOTEwYzZkOGNlNGYiLCJsb2dpbl9hc19pZCI6IjY1N2YwYWQ3M2Y5NzcyOTVjZjA1NTc2YSJ9.G2JSttoEMVNOm5HGES6lGRWHCPxb4l2jpvc9-YzKcjg
[2024-05-07T18:03:30.901+0000] {Units_dag.py:103} INFO - {'_id': '618a70e9fabb56337f79c30f', 'icon': 'icons/icon.png', 'driver_id': '', 'tailer_id': '', 'profile': {'vehicle_type': '', 'measurement_type': 'weight', 'max_capacity': 0, 'vin': '', 'plate_number': '', 'start_operation': '', 'contract_milage': '', 'opening_milage': '', 'model': '', 'fuel_type': '91', 'year': 0, 'seats': 2}, 'device_password': '***', 'device_type': 'gps', 'gateway': False, 'name': 'ب س م 7343', 'operation_code': '', 'device_gateway': '', 'business_types': {'waste': False, 'transportation': True, 'water': False}, 'imei': '862549044125154', 'sim_number': '+966862549084845', 'sim_serial': '862549044125154', 'device_serial': '862549044125154', 'device': 'ruptela', 'user_id': '5e539d8203ed52f71d634478', 'created_by': '5e6655bf03ed52e1ab79d301', 'updated_at': '2024-04-18 11:18:59', 'created_at': '2021-11-09 16:00:25', 'custom_fields': [], 'creator': 'amr.ahmed', 'company': '', 'owner': 'aemallamar', 'last_update': {'dtt': 1715104948000, 'dts': 1715104949975, 'spd': 0, 'ang': 268, 'alt': 616, 'chPrams': {'gsm': {'v': 24, 'cdt': 1715104888000}, 'io_1_176': {'v': 0, 'cdt': 1715104134000}, 'io_1_134': {'v': 0, 'cdt': 1715104042000}, 'io_1_136': {'v': 0, 'cdt': 1715086038000}, 'ai22': {'v': 2922, 'cdt': 1715104888000}, 'ePwrV': {'v': 25.956, 'cdt': 1715104948000}, 'io_1_135': {'v': 0, 'cdt': 1715104106000}, 'io_2_139': {'v': 60, 'cdt': 1715104228000}, 'di2': {'v': 0, 'cdt': 1636636963000}, 'operator': {'v': 42004, 'cdt': 1714544431000}, 'io_1_130': {'v': 0, 'cdt': 1715104148000}, 'di5': {'v': 0, 'cdt': 1715104134000}, 'io_2_131': {'v': 0, 'cdt': 1715001417000}, 'protocol': {'v': 'ruptela', 'cdt': 1714399624000}, 'io_2_137': {'v': 60, 'cdt': 1715104588000}, 'iPwrV': {'v': 4.089, 'cdt': 1715104948000}, 'event': {'v': 7, 'cdt': 1715104168000}, 'io_1_418': {'v': 1, 'cdt': 1714544431000}, 'move': {'v': 0, 'cdt': 1715104148000}, 'spd': {'v': 0, 'cdt': 1715104134000}, 'sat': {'v': 12, 'cdt': 1715104888000}, 'hdop': {'v': 0.7, 'cdt': 1715104948000}, 'io_2_560': {'v': 0, 'cdt': 1714472247000}, 'accTemp': {'v': 34, 'cdt': 1715104348000}, 'vOdometer': {'v': 188213425, 'cdt': 1715104134000}, 'io_1_405': {'v': 1, 'cdt': 1714399624000}}, 'prms': {'protocol': 'ruptela', 'sat': 12, 'spd': 0, 'hdop': 0.7, 'event': 7, 'io_1_130': 0, 'io_1_134': 0, 'io_1_135': 0, 'io_1_136': 0, 'di2': 0, 'di5': 0, 'accTemp': 34, 'io_1_405': 1, 'gsm': 24, 'move': 0, 'io_1_176': 0, 'io_1_418': 1, 'io_2_131': 0, 'io_2_137': 60, 'io_2_139': 60, 'ai22': 2922, 'io_2_560': 0, 'ePwrV': 25.956, 'iPwrV': 4.089, 'vOdometer': 188213425, 'operator': 42004}, 'devPrms': ['protocol', 'sat', 'spd', 'hdop', 'event', 'io_1_130', 'io_1_134', 'io_1_135', 'io_1_136', 'di2', 'di5', 'accTemp', 'io_1_405', 'gsm', 'move', 'io_1_176', 'io_1_418', 'io_2_131', 'io_2_137', 'io_2_139', 'ai22', 'io_2_560', 'ePwrV', 'iPwrV', 'vOdometer', 'operator'], 'old_params': {'protocol': 'ruptela', 'sat': 12, 'spd': 0, 'hdop': 0.8, 'event': 7, 'io_1_130': 0, 'io_1_134': 0, 'io_1_135': 0, 'io_1_136': 0, 'di2': 0, 'di5': 0, 'accTemp': 34, 'io_1_405': 1, 'gsm': 24, 'move': 0, 'io_1_176': 0, 'io_1_418': 1, 'io_2_131': 0, 'io_2_137': 60, 'io_2_139': 60, 'ai22': 2922, 'io_2_560': 0, 'ePwrV': 25.955, 'iPwrV': 4.088, 'vOdometer': 188213425, 'operator': 42004}, 'vLoc': 1, 'vCon': 1, 'ip': '51.39.13.86', 'rl': 0, 'trl': 189698.1259, 'mdu': 0, 'tmdu': 10366523, 'eidl': 0, 'teidl': 6646367, 'fc': 0, 'tfc': 678.284064, 'acc': 0, 'accOn': 143231455, 'accOff': 61752975, 'sdu': 60, 'tsdu': 814, 'lat': 26.3378583, 'lng': 43.97701}, 'counters': {'odometer_type': 'gps', 'odometer': 189698.1259, 'engine_hours_type': 'acc', 'engine_hours': 143231455, 'last_acc': 0}, 'is_wasl_connected': 'Connected', 'iconUrl': 'https://api.afaqy.sa/images/units/icons/icon.png', 'hasCCTV': False}
[2024-05-07T18:03:31.463+0000] {warnings.py:109} WARNING - /home/***/.local/lib/python3.8/site-packages/elasticsearch/_sync/client/__init__.py:399: SecurityWarning: Connecting to 'https://dbelk1.afaqy.local:9200' using TLS with verify_certs=False is insecure
  _transport = transport_class(

[2024-05-07T18:03:31.519+0000] {warnings.py:109} WARNING - /home/***/.local/lib/python3.8/site-packages/elasticsearch/_sync/client/__init__.py:399: SecurityWarning: Connecting to 'https://dbelk3.afaqy.local:9200' using TLS with verify_certs=False is insecure
  _transport = transport_class(

[2024-05-07T18:03:31.566+0000] {warnings.py:109} WARNING - /home/***/.local/lib/python3.8/site-packages/elasticsearch/_sync/client/__init__.py:399: SecurityWarning: Connecting to 'https://dbelk2.afaqy.local:9200' using TLS with verify_certs=False is insecure
  _transport = transport_class(

[2024-05-07T18:03:31.595+0000] {warnings.py:109} WARNING - /home/***/.local/lib/python3.8/site-packages/urllib3/connectionpool.py:1061: InsecureRequestWarning: Unverified HTTPS request is being made to host 'dbelk1.afaqy.local'. Adding certificate verification is strongly advised. See: https://urllib3.readthedocs.io/en/1.26.x/advanced-usage.html#ssl-warnings
  warnings.warn(

[2024-05-07T18:03:31.649+0000] {_transport.py:335} INFO - GET https://dbelk1.afaqy.local:9200/_cluster/health [status:200 duration:0.081s]
[2024-05-07T18:03:32.059+0000] {warnings.py:109} WARNING - /home/***/.local/lib/python3.8/site-packages/urllib3/connectionpool.py:1061: InsecureRequestWarning: Unverified HTTPS request is being made to host 'dbelk3.afaqy.local'. Adding certificate verification is strongly advised. See: https://urllib3.readthedocs.io/en/1.26.x/advanced-usage.html#ssl-warnings
  warnings.warn(

[2024-05-07T18:03:32.072+0000] {_transport.py:335} INFO - PUT https://dbelk3.afaqy.local:9200/units_statistics_***/_bulk [status:429 duration:0.039s]
[2024-05-07T18:03:32.073+0000] {_node_pool.py:249} WARNING - Node <Urllib3HttpNode(https://dbelk3.afaqy.local:9200)> has failed for 1 times in a row, putting on 1 second timeout
[2024-05-07T18:03:32.074+0000] {_transport.py:427} WARNING - Retrying request after non-successful status 429 (attempt 0 of 3)
[2024-05-07T18:03:32.075+0000] {warnings.py:109} WARNING - /home/***/.local/lib/python3.8/site-packages/urllib3/connectionpool.py:1061: InsecureRequestWarning: Unverified HTTPS request is being made to host 'dbelk1.afaqy.local'. Adding certificate verification is strongly advised. See: https://urllib3.readthedocs.io/en/1.26.x/advanced-usage.html#ssl-warnings
  warnings.warn(

[2024-05-07T18:03:33.701+0000] {_transport.py:335} INFO - PUT https://dbelk1.afaqy.local:9200/units_statistics_***/_bulk [status:200 duration:1.626s]
[2024-05-07T18:03:33.882+0000] {python.py:202} INFO - Done. Returned value was: None
[2024-05-07T18:03:33.904+0000] {taskinstance.py:1149} INFO - Marking task as SUCCESS. dag_id=Units_statistics_DAG, task_id=ETL_job, map_index=2, execution_date=20240507T174000, start_date=20240507T180314, end_date=20240507T180333
[2024-05-07T18:03:34.091+0000] {local_task_job_runner.py:234} INFO - Task exited with return code 0
[2024-05-07T18:03:34.126+0000] {taskinstance.py:3312} INFO - 0 downstream tasks scheduled from follow-on schedule check
