[2024-05-08T08:40:17.147+0000] {taskinstance.py:1979} INFO - Dependencies all met for dep_context=non-requeueable deps ti=<TaskInstance: Units_statistics_DAG.ETL_job scheduled__2024-05-08T08:20:00+00:00 map_index=8 [queued]>
[2024-05-08T08:40:17.267+0000] {taskinstance.py:1979} INFO - Dependencies all met for dep_context=requeueable deps ti=<TaskInstance: Units_statistics_DAG.ETL_job scheduled__2024-05-08T08:20:00+00:00 map_index=8 [queued]>
[2024-05-08T08:40:17.267+0000] {taskinstance.py:2193} INFO - Starting attempt 1 of 4
[2024-05-08T08:40:17.387+0000] {taskinstance.py:2217} INFO - Executing <Mapped(_PythonDecoratedOperator): ETL_job> on 2024-05-08 08:20:00+00:00
[2024-05-08T08:40:17.432+0000] {standard_task_runner.py:60} INFO - Started process 856792 to run task
[2024-05-08T08:40:17.483+0000] {standard_task_runner.py:87} INFO - Running: ['***', 'tasks', 'run', 'Units_statistics_DAG', 'ETL_job', 'scheduled__2024-05-08T08:20:00+00:00', '--job-id', '41222', '--raw', '--subdir', 'DAGS_FOLDER/Units_dag.py', '--cfg-path', '/tmp/tmp3q5yev56', '--map-index', '8']
[2024-05-08T08:40:17.485+0000] {standard_task_runner.py:88} INFO - Job 41222: Subtask ETL_job
[2024-05-08T08:40:17.893+0000] {task_command.py:423} INFO - Running <TaskInstance: Units_statistics_DAG.ETL_job scheduled__2024-05-08T08:20:00+00:00 map_index=8 [running]> on host a09da322e808
[2024-05-08T08:40:18.423+0000] {taskinstance.py:2513} INFO - Exporting env vars: AIRFLOW_CTX_DAG_OWNER='abeer-araby' AIRFLOW_CTX_DAG_ID='Units_statistics_DAG' AIRFLOW_CTX_TASK_ID='ETL_job' AIRFLOW_CTX_EXECUTION_DATE='2024-05-08T08:20:00+00:00' AIRFLOW_CTX_TRY_NUMBER='1' AIRFLOW_CTX_DAG_RUN_ID='scheduled__2024-05-08T08:20:00+00:00'
[2024-05-08T08:40:18.424+0000] {Units_dag.py:98} INFO - i: 80000, chunk: 10000
[2024-05-08T08:40:18.424+0000] {Units_dag.py:99} INFO - child token is::: eyJ0eXAiOiJKV1QiLCJhbGciOiJIUzI1NiJ9.eyJpc3MiOiJodHRwczovL2FwaS5hZmFxeS5zYS9hdXRoL2xvZ2luX2FzIiwiaWF0IjoxNzE1MTU3NjA0LCJleHAiOjE3MTc3NDk2MDQsIm5iZiI6MTcxNTE1NzYwNCwianRpIjoiYmNObnBlYXhnVW5YTmR5UyIsInN1YiI6IjVkNjNlNTFlMDNlZDUyOTJhNDJjMjRlNiIsInBydiI6IjI3MGVjZmM3ZWEzZWQ5MzdlYTg0OTM2MmEzYTUwOTEwYzZkOGNlNGYiLCJsb2dpbl9hc19pZCI6IjY1N2YwYWQ3M2Y5NzcyOTVjZjA1NTc2YSJ9.zqBI6sSFphTGhbPTNqkEImB1S7fQ04iVX8Ts57hvOiM
[2024-05-08T08:41:00.173+0000] {Units_dag.py:103} INFO - {'_id': '63d91859002da46bd65f124d', 'icon': 'icons/icon.png', 'driver_id': '', 'tailer_id': '', 'profile': {'vehicle_type': '', 'measurement_type': 'count', 'max_capacity': 0, 'vin': '', 'plate_number': '', 'start_operation': '', 'contract_milage': '', 'opening_milage': '', 'model': '', 'fuel_type': '91', 'year': 0, 'seats': 2}, 'device_password': '***', 'device_type': 'gps', 'gateway': False, 'name': '7137 ر ر ح', 'operation_code': '', 'device_gateway': '', 'business_types': {'waste': False, 'transportation': True, 'water': False}, 'imei': '869688059154635', 'sim_number': '+966830032260449', 'sim_serial': '996609821111956133', 'device_serial': '869688059154635', 'device': 'bce', 'user_id': '5f8bf21303ed52b7fb1c11ba', 'created_by': '5e6655bf03ed52e1ab79d301', 'updated_at': '2024-04-18 11:18:59', 'created_at': '2023-01-31 16:32:09', 'custom_fields': [], 'creator': 'amr.ahmed', 'company': '', 'owner': 'alwefaq-rent', 'last_update': {'dtt': 1715157572000, 'dts': 1715157618280, 'spd': 0, 'ang': 156, 'alt': 637, 'chPrams': {'ePwrV': {'v': 12.971, 'cdt': 1715156972000}, 'di16': {'v': 1, 'cdt': 1714121138000}, 'rssi1': {'v': 51, 'cdt': 1715157572000}, 'di15': {'v': 0, 'cdt': 1712668678000}, 'di14': {'v': 0, 'cdt': 1715151826000}, 'di13': {'v': 0, 'cdt': 1714121138000}, 'di12': {'v': 0, 'cdt': 1714121138000}, 'di11': {'v': 0, 'cdt': 1714121138000}, 'di10': {'v': 0, 'cdt': 1714121138000}, 'di2': {'v': 0, 'cdt': 1714121138000}, 'di1': {'v': 0, 'cdt': 1715151870000}, 'ai4': {'v': 196, 'cdt': 1715156372000}, 'di4': {'v': 0, 'cdt': 1714121138000}, 'di3': {'v': 0, 'cdt': 1714121138000}, 'di6': {'v': 0, 'cdt': 1714121138000}, 'di5': {'v': 0, 'cdt': 1715151870000}, 'lac1': {'v': 1221, 'cdt': 1715150446000}, 'protocol': {'v': 'bce', 'cdt': 1714121138000}, 'di8': {'v': 1, 'cdt': 1714121138000}, 'di7': {'v': 0, 'cdt': 1715152172000}, 'di9': {'v': 0, 'cdt': 1714121138000}, 'iPwrV': {'v': 3.972, 'cdt': 1715085956000}, 'humidity': {'v': -1, 'cdt': 1714121138000}, 'cid1': {'v': 6961, 'cdt': 1715157272000}, 'temp': {'v': -273, 'cdt': 1712945326000}, 'odometer': {'v': 0, 'cdt': 1715151832000}, 'spd': {'v': 0, 'cdt': 1715151864000}, 'sat': {'v': 12, 'cdt': 1715151792000}, 'hdop': {'v': 1, 'cdt': 1715149042000}, 'ta': {'v': 0, 'cdt': 1714121138000}, 'mcc1': {'v': 420, 'cdt': 1714409772000}, 'mnc1': {'v': 3, 'cdt': 1714409772000}}, 'prms': {'protocol': 'bce', 'spd': 0, 'sat': 12, 'hdop': 1, 'odometer': 0, 'di16': 1, 'di15': 0, 'di14': 0, 'di13': 0, 'di12': 0, 'di11': 0, 'di10': 0, 'di9': 0, 'di8': 1, 'di7': 0, 'di6': 0, 'di5': 0, 'di4': 0, 'di3': 0, 'di2': 0, 'di1': 0, 'ePwrV': 12.971, 'ai4': 196, 'iPwrV': 3.972, 'ta': 0, 'mcc1': 420, 'mnc1': 3, 'lac1': 1221, 'cid1': 6961, 'rssi1': 51, 'temp': -273, 'humidity': -1}, 'devPrms': ['protocol', 'spd', 'sat', 'hdop', 'odometer', 'di16', 'di15', 'di14', 'di13', 'di12', 'di11', 'di10', 'di9', 'di8', 'di7', 'di6', 'di5', 'di4', 'di3', 'di2', 'di1', 'ePwrV', 'ai4', 'iPwrV', 'ta', 'mcc1', 'mnc1', 'lac1', 'cid1', 'rssi1', 'temp', 'humidity'], 'old_params': {'di16': 1, 'ePwrV': 12.971, 'di15': 0, 'rssi1': 50, 'di14': 0, 'di13': 0, 'di12': 0, 'di11': 0, 'di10': 0, 'di2': 0, 'di1': 0, 'ai4': 196, 'di4': 0, 'di3': 0, 'di6': 0, 'di5': 0, 'lac1': 1221, 'protocol': 'bce', 'di8': 1, 'di7': 0, 'di9': 0, 'iPwrV': 3.972, 'humidity': -1, 'cid1': 6961, 'temp': -273, 'odometer': 0, 'spd': 0, 'sat': 12, 'hdop': 1, 'ta': 0, 'mcc1': 420, 'mnc1': 3}, 'vLoc': 1, 'vCon': 1, 'ip': '109.83.5.230', 'rl': 0, 'trl': 35621.6573, 'mdu': 0, 'tmdu': 2335206, 'eidl': 0, 'teidl': 1531192, 'fc': 0, 'tfc': 0.190968, 'acc': 0, 'accOn': 4195946, 'accOff': 37246534, 'sdu': 300, 'tsdu': 5702, 'lat': 24.75908660888672, 'lng': 46.637001037597656}, 'counters': {'odometer_type': 'gps', 'odometer': 35646.6573, 'engine_hours_type': 'acc', 'engine_hours': 4195946, 'last_acc': 0}, 'is_wasl_connected': 'Not Connected', 'iconUrl': 'https://api.afaqy.sa/images/units/icons/icon.png', 'hasCCTV': False}
[2024-05-08T08:41:02.039+0000] {warnings.py:109} WARNING - /home/***/.local/lib/python3.8/site-packages/elasticsearch/_sync/client/__init__.py:399: SecurityWarning: Connecting to 'https://dbelk1.afaqy.local:9200' using TLS with verify_certs=False is insecure
  _transport = transport_class(

[2024-05-08T08:41:02.137+0000] {warnings.py:109} WARNING - /home/***/.local/lib/python3.8/site-packages/elasticsearch/_sync/client/__init__.py:399: SecurityWarning: Connecting to 'https://dbelk3.afaqy.local:9200' using TLS with verify_certs=False is insecure
  _transport = transport_class(

[2024-05-08T08:41:02.202+0000] {warnings.py:109} WARNING - /home/***/.local/lib/python3.8/site-packages/elasticsearch/_sync/client/__init__.py:399: SecurityWarning: Connecting to 'https://dbelk2.afaqy.local:9200' using TLS with verify_certs=False is insecure
  _transport = transport_class(

[2024-05-08T08:41:02.227+0000] {warnings.py:109} WARNING - /home/***/.local/lib/python3.8/site-packages/urllib3/connectionpool.py:1061: InsecureRequestWarning: Unverified HTTPS request is being made to host 'dbelk1.afaqy.local'. Adding certificate verification is strongly advised. See: https://urllib3.readthedocs.io/en/1.26.x/advanced-usage.html#ssl-warnings
  warnings.warn(

[2024-05-08T08:41:02.296+0000] {_transport.py:335} INFO - GET https://dbelk1.afaqy.local:9200/_cluster/health [status:200 duration:0.091s]
[2024-05-08T08:41:03.491+0000] {warnings.py:109} WARNING - /home/***/.local/lib/python3.8/site-packages/urllib3/connectionpool.py:1061: InsecureRequestWarning: Unverified HTTPS request is being made to host 'dbelk3.afaqy.local'. Adding certificate verification is strongly advised. See: https://urllib3.readthedocs.io/en/1.26.x/advanced-usage.html#ssl-warnings
  warnings.warn(

[2024-05-08T08:41:03.629+0000] {_transport.py:335} INFO - PUT https://dbelk3.afaqy.local:9200/units_statistics_***/_bulk [status:200 duration:0.910s]
[2024-05-08T08:41:03.956+0000] {taskinstance.py:2731} ERROR - Task failed with exception
Traceback (most recent call last):
  File "/home/airflow/.local/lib/python3.8/site-packages/airflow/models/taskinstance.py", line 444, in _execute_task
    result = _execute_callable(context=context, **execute_callable_kwargs)
  File "/home/airflow/.local/lib/python3.8/site-packages/airflow/models/taskinstance.py", line 414, in _execute_callable
    return execute_callable(context=context, **execute_callable_kwargs)
  File "/home/airflow/.local/lib/python3.8/site-packages/airflow/decorators/base.py", line 241, in execute
    return_value = super().execute(context)
  File "/home/airflow/.local/lib/python3.8/site-packages/airflow/operators/python.py", line 200, in execute
    return_value = self.execute_callable()
  File "/home/airflow/.local/lib/python3.8/site-packages/airflow/operators/python.py", line 217, in execute_callable
    return self.python_callable(*self.op_args, **self.op_kwargs)
  File "/opt/airflow/dags/Units_dag.py", line 111, in ETL_job
    Elk_client.elk_pushData(Globals.index_name,units_list_update)
  File "/opt/airflow/dags/units_statistics/elk_manager.py", line 69, in elk_pushData
    helpers.bulk(self.elk_client, docs_list, index=index_name, chunk_size=batch)
  File "/home/airflow/.local/lib/python3.8/site-packages/elasticsearch/helpers/actions.py", line 521, in bulk
    for ok, item in streaming_bulk(
  File "/home/airflow/.local/lib/python3.8/site-packages/elasticsearch/helpers/actions.py", line 436, in streaming_bulk
    for data, (ok, info) in zip(
  File "/home/airflow/.local/lib/python3.8/site-packages/elasticsearch/helpers/actions.py", line 355, in _process_bulk_chunk
    yield from gen
  File "/home/airflow/.local/lib/python3.8/site-packages/elasticsearch/helpers/actions.py", line 274, in _process_bulk_chunk_success
    raise BulkIndexError(f"{len(errors)} document(s) failed to index.", errors)
elasticsearch.helpers.BulkIndexError: 10000 document(s) failed to index.
[2024-05-08T08:41:03.982+0000] {taskinstance.py:1149} INFO - Marking task as UP_FOR_RETRY. dag_id=Units_statistics_DAG, task_id=ETL_job, map_index=8, execution_date=20240508T082000, start_date=20240508T084017, end_date=20240508T084103
[2024-05-08T08:41:04.008+0000] {standard_task_runner.py:107} ERROR - Failed to execute job 41222 for task ETL_job (10000 document(s) failed to index.; 856792)
[2024-05-08T08:41:04.119+0000] {local_task_job_runner.py:234} INFO - Task exited with return code 1
[2024-05-08T08:41:04.154+0000] {taskinstance.py:3312} INFO - 0 downstream tasks scheduled from follow-on schedule check
