[2024-05-11T09:02:32.556+0000] {taskinstance.py:1979} INFO - Dependencies all met for dep_context=non-requeueable deps ti=<TaskInstance: Units_statistics_DAG.ETL_job scheduled__2024-05-11T08:40:00+00:00 map_index=4 [queued]>
[2024-05-11T09:02:32.573+0000] {taskinstance.py:1979} INFO - Dependencies all met for dep_context=requeueable deps ti=<TaskInstance: Units_statistics_DAG.ETL_job scheduled__2024-05-11T08:40:00+00:00 map_index=4 [queued]>
[2024-05-11T09:02:32.574+0000] {taskinstance.py:2193} INFO - Starting attempt 2 of 4
[2024-05-11T09:02:32.600+0000] {taskinstance.py:2217} INFO - Executing <Mapped(_PythonDecoratedOperator): ETL_job> on 2024-05-11 08:40:00+00:00
[2024-05-11T09:02:32.607+0000] {standard_task_runner.py:60} INFO - Started process 936548 to run task
[2024-05-11T09:02:32.614+0000] {standard_task_runner.py:87} INFO - Running: ['***', 'tasks', 'run', 'Units_statistics_DAG', 'ETL_job', 'scheduled__2024-05-11T08:40:00+00:00', '--job-id', '50164', '--raw', '--subdir', 'DAGS_FOLDER/Units_dag.py', '--cfg-path', '/tmp/tmpn8rc5sae', '--map-index', '4']
[2024-05-11T09:02:32.617+0000] {standard_task_runner.py:88} INFO - Job 50164: Subtask ETL_job
[2024-05-11T09:02:32.711+0000] {task_command.py:423} INFO - Running <TaskInstance: Units_statistics_DAG.ETL_job scheduled__2024-05-11T08:40:00+00:00 map_index=4 [running]> on host a09da322e808
[2024-05-11T09:02:32.897+0000] {taskinstance.py:2513} INFO - Exporting env vars: AIRFLOW_CTX_DAG_OWNER='abeer-araby' AIRFLOW_CTX_DAG_ID='Units_statistics_DAG' AIRFLOW_CTX_TASK_ID='ETL_job' AIRFLOW_CTX_EXECUTION_DATE='2024-05-11T08:40:00+00:00' AIRFLOW_CTX_TRY_NUMBER='2' AIRFLOW_CTX_DAG_RUN_ID='scheduled__2024-05-11T08:40:00+00:00'
[2024-05-11T09:02:32.898+0000] {Units_dag.py:98} INFO - i: 40000, chunk: 10000
[2024-05-11T09:02:32.899+0000] {Units_dag.py:99} INFO - child token is::: eyJ0eXAiOiJKV1QiLCJhbGciOiJIUzI1NiJ9.eyJpc3MiOiJodHRwczovL2FwaS5hZmFxeS5zYS9hdXRoL2xvZ2luX2FzIiwiaWF0IjoxNzE1NDE4MDAzLCJleHAiOjE3MTgwMTAwMDMsIm5iZiI6MTcxNTQxODAwMywianRpIjoiZlJlbkZFdWVPV3I0NTl0bCIsInN1YiI6IjVkNjNlNTFlMDNlZDUyOTJhNDJjMjRlNiIsInBydiI6IjI3MGVjZmM3ZWEzZWQ5MzdlYTg0OTM2MmEzYTUwOTEwYzZkOGNlNGYiLCJsb2dpbl9hc19pZCI6IjY1N2YwYWQ3M2Y5NzcyOTVjZjA1NTc2YSJ9.tXh-tQrymnHwupsMTx52C3-sCkIC64zQ6aw_bOxGLqU
[2024-05-11T09:02:53.048+0000] {Units_dag.py:103} INFO - {'_id': '626800ee15b48c562d42dba3', 'icon': 'icons/icon.png', 'driver_id': '', 'tailer_id': '', 'profile': {'measurement_type': 'count', 'fuel_type': '91', 'year': 0, 'seats': 2}, 'device_password': '***', 'device_type': 'gps', 'gateway': False, 'name': '7486 - L B R', 'operation_code': None, 'device_gateway': None, 'business_types': {'waste': False, 'transportation': True, 'water': False}, 'imei': '866069061960504', 'sim_number': '+966830024221396', 'sim_serial': '8996609821112196163', 'device_serial': '1135586548', 'device': 'teltonika', 'user_id': '6203ca86d5264a332265ce5d', 'created_by': '5e6655bf03ed52e1ab79d301', 'updated_at': '2024-04-18 11:18:59', 'created_at': '2022-04-26 17:25:50', 'shipment_info': None, 'skip_sim_information': False, 'custom_fields': [], 'creator': 'amr.ahmed', 'company': '', 'owner': 'i_drive_co_admin', 'last_update': {'dtt': 1714700996000, 'dts': 1714700999062, 'spd': 0, 'ang': 0, 'alt': 649, 'chPrams': {'Speed': {'v': 0, 'cdt': 1712255859000}, 'output1': {'v': False, 'cdt': 1714697089000}, 'ePwrV': {'v': 7.787, 'cdt': 1714700996000}, 'parm24': {'v': 0, 'cdt': 1712255859000}, 'sat': {'v': 19, 'cdt': 1714700095000}, 'ai1': {'v': 0, 'cdt': 1714662925000}, 'priority': {'v': 0, 'cdt': 1712255702000}, 'humidity104': {'v': 6553.5, 'cdt': 1714662925000}, 'type': {'v': 6, 'cdt': 1714663526000}, 'di1': {'v': 0, 'cdt': 1714663929000}, 'result': {'v': '5665723a30332e32382e30325f313937204750533a41584e5f352e312e392048773a464d43393230204d6f643a3120494d45493a38363630363930363139363035303420496e69743a323032342d352d3320303a333920557074696d653a363032204d41433a333838413231384345443442205350433a312830292041584c3a31204f42443a3020424c3a312e31302042543a34', 'cdt': 1714696768000}, 'temp6': {'v': 327.67, 'cdt': 1714662925000}, 'parm258': {'v': 1606284277951, 'cdt': 1712255699000}, 'protocol': {'v': 'FMC920', 'cdt': 1714697089000}, 'parm259': {'v': 1434487945460, 'cdt': 1712255699000}, 'temp5': {'v': 327.67, 'cdt': 1714662925000}, 'iPwrV': {'v': 0, 'cdt': 1709194129000}, 'event': {'v': 0, 'cdt': 1712255702000}, 'humidity86': {'v': 6553.5, 'cdt': 1714662925000}, 'parm255': {'v': 77, 'cdt': 1712254976000}}, 'prms': {'protocol': 'FMC920', 'priority': 0, 'sat': 19, 'event': 0, 'di1': 0, 'output1': 0, 'ePwrV': 7.787, 'Speed': 0, 'parm24': 0, 'iPwrV': 0, 'ai1': 0, 'temp5': 327.67, 'temp6': 327.67, 'humidity86': 6553.5, 'humidity104': 6553.5}, 'devPrms': ['protocol', 'priority', 'sat', 'event', 'di1', 'output1', 'ePwrV', 'Speed', 'parm24', 'iPwrV', 'ai1', 'temp5', 'temp6', 'humidity86', 'humidity104'], 'old_params': {'protocol': 'FMC920', 'priority': 0, 'sat': 19, 'event': 0, 'di1': 0, 'output1': 0, 'ePwrV': 7.79, 'Speed': 0, 'parm24': 0, 'iPwrV': 0, 'ai1': 0, 'temp5': 327.67, 'temp6': 327.67, 'humidity86': 6553.5, 'humidity104': 6553.5}, 'vLoc': 1, 'vCon': 1, 'ip': '109.83.197.44', 'rl': 0, 'trl': 30.1714, 'mdu': 0, 'tmdu': 3258, 'eidl': 0, 'teidl': 12528, 'fc': 0, 'tfc': 0.656604, 'acc': 0, 'accOn': 12313297, 'accOff': 5254676, 'sdu': 301, 'tsdu': 37067, 'lat': 24.7326233, 'lng': 46.649725}, 'counters': {'engine_hours': 12313297, 'last_acc': 0, 'odometer': 55701.6806}, 'is_wasl_connected': 'Not Connected', 'iconUrl': 'https://api.afaqy.sa/images/units/icons/icon.png', 'hasCCTV': False}
[2024-05-11T09:02:53.545+0000] {warnings.py:109} WARNING - /home/***/.local/lib/python3.8/site-packages/elasticsearch/_sync/client/__init__.py:399: SecurityWarning: Connecting to 'https://dbelk1.afaqy.local:9200' using TLS with verify_certs=False is insecure
  _transport = transport_class(

[2024-05-11T09:02:53.590+0000] {warnings.py:109} WARNING - /home/***/.local/lib/python3.8/site-packages/elasticsearch/_sync/client/__init__.py:399: SecurityWarning: Connecting to 'https://dbelk2.afaqy.local:9200' using TLS with verify_certs=False is insecure
  _transport = transport_class(

[2024-05-11T09:02:53.635+0000] {warnings.py:109} WARNING - /home/***/.local/lib/python3.8/site-packages/elasticsearch/_sync/client/__init__.py:399: SecurityWarning: Connecting to 'https://dbelk3.afaqy.local:9200' using TLS with verify_certs=False is insecure
  _transport = transport_class(

[2024-05-11T09:02:53.661+0000] {warnings.py:109} WARNING - /home/***/.local/lib/python3.8/site-packages/urllib3/connectionpool.py:1061: InsecureRequestWarning: Unverified HTTPS request is being made to host 'dbelk1.afaqy.local'. Adding certificate verification is strongly advised. See: https://urllib3.readthedocs.io/en/1.26.x/advanced-usage.html#ssl-warnings
  warnings.warn(

[2024-05-11T09:02:53.725+0000] {_transport.py:335} INFO - GET https://dbelk1.afaqy.local:9200/_cluster/health [status:200 duration:0.088s]
[2024-05-11T09:02:54.129+0000] {warnings.py:109} WARNING - /home/***/.local/lib/python3.8/site-packages/urllib3/connectionpool.py:1061: InsecureRequestWarning: Unverified HTTPS request is being made to host 'dbelk2.afaqy.local'. Adding certificate verification is strongly advised. See: https://urllib3.readthedocs.io/en/1.26.x/advanced-usage.html#ssl-warnings
  warnings.warn(

[2024-05-11T09:02:54.900+0000] {_transport.py:335} INFO - PUT https://dbelk2.afaqy.local:9200/units_statistics_***/_bulk [status:200 duration:0.801s]
[2024-05-11T09:02:55.274+0000] {python.py:202} INFO - Done. Returned value was: None
[2024-05-11T09:02:55.297+0000] {taskinstance.py:1149} INFO - Marking task as SUCCESS. dag_id=Units_statistics_DAG, task_id=ETL_job, map_index=4, execution_date=20240511T084000, start_date=20240511T090232, end_date=20240511T090255
[2024-05-11T09:02:55.351+0000] {local_task_job_runner.py:234} INFO - Task exited with return code 0
[2024-05-11T09:02:55.378+0000] {taskinstance.py:3312} INFO - 0 downstream tasks scheduled from follow-on schedule check
