[2024-05-06T11:41:50.463+0000] {taskinstance.py:1979} INFO - Dependencies all met for dep_context=non-requeueable deps ti=<TaskInstance: Units_statistics_DAG.ETL_job scheduled__2024-05-06T11:20:00+00:00 map_index=15 [queued]>
[2024-05-06T11:41:50.513+0000] {taskinstance.py:1979} INFO - Dependencies all met for dep_context=requeueable deps ti=<TaskInstance: Units_statistics_DAG.ETL_job scheduled__2024-05-06T11:20:00+00:00 map_index=15 [queued]>
[2024-05-06T11:41:50.514+0000] {taskinstance.py:2193} INFO - Starting attempt 2 of 4
[2024-05-06T11:41:50.548+0000] {taskinstance.py:2217} INFO - Executing <Mapped(_PythonDecoratedOperator): ETL_job> on 2024-05-06 11:20:00+00:00
[2024-05-06T11:41:50.580+0000] {standard_task_runner.py:60} INFO - Started process 806887 to run task
[2024-05-06T11:41:50.602+0000] {standard_task_runner.py:87} INFO - Running: ['***', 'tasks', 'run', 'Units_statistics_DAG', 'ETL_job', 'scheduled__2024-05-06T11:20:00+00:00', '--job-id', '35526', '--raw', '--subdir', 'DAGS_FOLDER/Units_dag.py', '--cfg-path', '/tmp/tmpm3rhzubt', '--map-index', '15']
[2024-05-06T11:41:50.604+0000] {standard_task_runner.py:88} INFO - Job 35526: Subtask ETL_job
[2024-05-06T11:41:50.789+0000] {task_command.py:423} INFO - Running <TaskInstance: Units_statistics_DAG.ETL_job scheduled__2024-05-06T11:20:00+00:00 map_index=15 [running]> on host a09da322e808
[2024-05-06T11:41:51.144+0000] {taskinstance.py:2513} INFO - Exporting env vars: AIRFLOW_CTX_DAG_OWNER='abeer-araby' AIRFLOW_CTX_DAG_ID='Units_statistics_DAG' AIRFLOW_CTX_TASK_ID='ETL_job' AIRFLOW_CTX_EXECUTION_DATE='2024-05-06T11:20:00+00:00' AIRFLOW_CTX_TRY_NUMBER='2' AIRFLOW_CTX_DAG_RUN_ID='scheduled__2024-05-06T11:20:00+00:00'
[2024-05-06T11:41:51.145+0000] {Units_dag.py:99} INFO - i: 150000, chunk: 10000
[2024-05-06T11:41:51.145+0000] {Units_dag.py:100} INFO - child token is::: eyJ0eXAiOiJKV1QiLCJhbGciOiJIUzI1NiJ9.eyJpc3MiOiJodHRwczovL2FwaS5hZmFxeS5zYS9hdXRoL2xvZ2luX2FzIiwiaWF0IjoxNzE0OTk1NjAzLCJleHAiOjE3MTc1ODc2MDMsIm5iZiI6MTcxNDk5NTYwMywianRpIjoiYWJieFJydmxTUkdqaExhRyIsInN1YiI6IjVkNjNlNTFlMDNlZDUyOTJhNDJjMjRlNiIsInBydiI6IjI3MGVjZmM3ZWEzZWQ5MzdlYTg0OTM2MmEzYTUwOTEwYzZkOGNlNGYiLCJsb2dpbl9hc19pZCI6IjY1N2YwYWQ3M2Y5NzcyOTVjZjA1NTc2YSJ9.FJ6lnt8wknuq9fQ69v73s1T8AipUxJwBXp4s8EX-WTw
[2024-05-06T11:42:13.249+0000] {Units_dag.py:104} INFO - {'_id': '659a75aba20cebbbc509cf1b', 'icon': 'icons/icon.png', 'driver_id': '', 'tailer_id': '', 'profile': {'measurement_type': 'count', 'fuel_type': '91', 'year': 0, 'seats': 2}, 'shipment_info': {'product_category': '', 'truck_type': '', 'shipment_type': '', 'shipment_payment_type': '', 'transporter_type': '', 'operating_area': '', 'weight_kilograms_per_day': '', 'kms_per_day': '', 'opening_milage': '', 'shipment_trip_drive_hrs_day': '', 'expected_shipment_trip_day': '', 'car_pay_per_day': '', 'exceeding_temperature_limit_per_day': '', 'temperature_upper_limit': '', 'exceeding_humidity_limit_per_day': '', 'humidity_upper_limit': '', 'allowable_delay_drive_hrs_day': ''}, 'device_password': '***', 'device_type': 'gps', 'gateway': False, 'business_types': {'waste': False, 'transportation': True, 'water': False}, 'name': '5088HER', 'operation_code': None, 'device_gateway': None, 'skip_sim_information': False, 'imei': '352016702386343', 'sim_number': '+966830020785210', 'sim_serial': '8996609821112133855', 'device_serial': '1133599689', 'device': 'teltonika', 'user_id': '62f8fca83e970475bb490524', 'created_by': '5e6655bf03ed52e1ab79d301', 'updated_at': '2024-04-18 11:18:59', 'created_at': '2024-01-07 12:58:03', 'custom_fields': [], 'creator': 'amr.ahmed', 'company': '', 'owner': 'fahad-falwan-admin', 'last_update': {'dtt': 1714995683000, 'dts': 1714995685705, 'spd': 1, 'ang': 356, 'alt': 11, 'chPrams': {'parm20': {'v': 0, 'cdt': 1712404674000}, 'output1': {'v': False, 'cdt': 1714447445000}, 'output2': {'v': False, 'cdt': 1714447445000}, 'ePwrV': {'v': 13.742, 'cdt': 1714995683000}, 'parm24': {'v': 1, 'cdt': 1714995683000}, 'parm22': {'v': 0, 'cdt': 1712404674000}, 'ai1': {'v': 0, 'cdt': 1714843658000}, 'humidity106': {'v': 300, 'cdt': 1712404674000}, 'di2': {'v': 0, 'cdt': 1712404674000}, 'humidity104': {'v': 300, 'cdt': 1712404674000}, 'type': {'v': 6, 'cdt': 1712531071000}, 'di1': {'v': 1, 'cdt': 1714994877000}, 'result': {'v': '5665723a30332e32372e31345f3030204750533a41584e5f352e312e392048773a464d42313230204d6f643a333320494d45493a33353230313637303233383633343320496e69743a323032342d322d31332031363a323820557074696d653a37313339313638204d41433a333838413231334430424541205350433a312830292041584c3a32204f42443a3020424c3a312e31302042543a34', 'cdt': 1714991802000}, 'protocol': {'v': 'FMB120', 'cdt': 1714991809000}, 'parm6': {'v': 0, 'cdt': 1714897833000}, 'iPwrV': {'v': 4.059, 'cdt': 1714995683000}, 'event': {'v': 0, 'cdt': 1712404674000}, 'parm113': {'v': 94, 'cdt': 1714995599000}, 'Speed': {'v': 1, 'cdt': 1714995683000}, 'sat': {'v': 15, 'cdt': 1714995676000}, 'priority': {'v': 0, 'cdt': 1712404674000}, 'temp6': {'v': 30, 'cdt': 1712404674000}, 'temp7': {'v': 30, 'cdt': 1712404674000}, 'temp5': {'v': 30, 'cdt': 1712404674000}, 'humidity86': {'v': 300, 'cdt': 1712404674000}}, 'prms': {'protocol': 'FMB120', 'priority': 0, 'sat': 15, 'event': 0, 'di1': 1, 'output1': 0, 'di2': 0, 'output2': 0, 'parm20': 0, 'parm22': 0, 'parm113': 94, 'ePwrV': 13.742, 'Speed': 1, 'parm24': 1, 'iPwrV': 4.059, 'ai1': 0, 'parm6': 0, 'temp5': 30, 'temp6': 30, 'temp7': 30, 'humidity86': 300, 'humidity104': 300, 'humidity106': 300}, 'devPrms': ['protocol', 'priority', 'sat', 'event', 'di1', 'output1', 'di2', 'output2', 'parm20', 'parm22', 'parm113', 'ePwrV', 'Speed', 'parm24', 'iPwrV', 'ai1', 'parm6', 'temp5', 'temp6', 'temp7', 'humidity86', 'humidity104', 'humidity106', 'type', 'result'], 'old_params': {'protocol': 'FMB120', 'priority': 0, 'sat': 15, 'event': 0, 'di1': 1, 'output1': 0, 'di2': 0, 'output2': 0, 'parm20': 0, 'parm22': 0, 'parm113': 94, 'ePwrV': 13.971, 'Speed': 16, 'parm24': 16, 'iPwrV': 4.057, 'ai1': 0, 'parm6': 0, 'temp5': 30, 'temp6': 30, 'temp7': 30, 'humidity86': 300, 'humidity104': 300, 'humidity106': 300}, 'vLoc': 1, 'vCon': 1, 'ip': '109.83.87.206', 'rl': 0.0205, 'trl': 11700.5956, 'mdu': 7, 'tmdu': 818609, 'eidl': 0, 'teidl': 430873, 'fc': 0.00246, 'tfc': 546.893604, 'acc': 1, 'accOn': 1333335, 'accOff': 640749701, 'sdu': 0, 'tsdu': 0, 'lat': 26.3167533, 'lng': 50.22381}, 'counters': {'engine_hours': 1333335, 'last_acc': 1, 'odometer': 11699.928, 'engine_hours_type': 'acc', 'odometer_type': 'gps'}, 'is_wasl_connected': 'Not Connected', 'iconUrl': 'https://api.afaqy.sa/images/units/icons/icon.png', 'hasCCTV': False}
[2024-05-06T11:42:14.013+0000] {warnings.py:109} WARNING - /home/***/.local/lib/python3.8/site-packages/elasticsearch/_sync/client/__init__.py:399: SecurityWarning: Connecting to 'https://dbelk2.afaqy.local:9200' using TLS with verify_certs=False is insecure
  _transport = transport_class(

[2024-05-06T11:42:14.084+0000] {warnings.py:109} WARNING - /home/***/.local/lib/python3.8/site-packages/elasticsearch/_sync/client/__init__.py:399: SecurityWarning: Connecting to 'https://dbelk3.afaqy.local:9200' using TLS with verify_certs=False is insecure
  _transport = transport_class(

[2024-05-06T11:42:14.145+0000] {warnings.py:109} WARNING - /home/***/.local/lib/python3.8/site-packages/elasticsearch/_sync/client/__init__.py:399: SecurityWarning: Connecting to 'https://dbelk1.afaqy.local:9200' using TLS with verify_certs=False is insecure
  _transport = transport_class(

[2024-05-06T11:42:14.189+0000] {warnings.py:109} WARNING - /home/***/.local/lib/python3.8/site-packages/urllib3/connectionpool.py:1061: InsecureRequestWarning: Unverified HTTPS request is being made to host 'dbelk2.afaqy.local'. Adding certificate verification is strongly advised. See: https://urllib3.readthedocs.io/en/1.26.x/advanced-usage.html#ssl-warnings
  warnings.warn(

[2024-05-06T11:42:14.276+0000] {_transport.py:335} INFO - GET https://dbelk2.afaqy.local:9200/_cluster/health [status:200 duration:0.118s]
[2024-05-06T11:42:14.710+0000] {warnings.py:109} WARNING - /home/***/.local/lib/python3.8/site-packages/urllib3/connectionpool.py:1061: InsecureRequestWarning: Unverified HTTPS request is being made to host 'dbelk3.afaqy.local'. Adding certificate verification is strongly advised. See: https://urllib3.readthedocs.io/en/1.26.x/advanced-usage.html#ssl-warnings
  warnings.warn(

[2024-05-06T11:42:14.723+0000] {_transport.py:335} INFO - PUT https://dbelk3.afaqy.local:9200/units_statistics_***/_bulk [status:429 duration:0.032s]
[2024-05-06T11:42:14.724+0000] {_node_pool.py:249} WARNING - Node <Urllib3HttpNode(https://dbelk3.afaqy.local:9200)> has failed for 1 times in a row, putting on 1 second timeout
[2024-05-06T11:42:14.724+0000] {_transport.py:427} WARNING - Retrying request after non-successful status 429 (attempt 0 of 3)
[2024-05-06T11:42:14.725+0000] {warnings.py:109} WARNING - /home/***/.local/lib/python3.8/site-packages/urllib3/connectionpool.py:1061: InsecureRequestWarning: Unverified HTTPS request is being made to host 'dbelk2.afaqy.local'. Adding certificate verification is strongly advised. See: https://urllib3.readthedocs.io/en/1.26.x/advanced-usage.html#ssl-warnings
  warnings.warn(

[2024-05-06T11:42:14.738+0000] {_transport.py:335} INFO - PUT https://dbelk2.afaqy.local:9200/units_statistics_***/_bulk [status:429 duration:0.013s]
[2024-05-06T11:42:14.738+0000] {_node_pool.py:249} WARNING - Node <Urllib3HttpNode(https://dbelk2.afaqy.local:9200)> has failed for 1 times in a row, putting on 1 second timeout
[2024-05-06T11:42:14.738+0000] {_transport.py:427} WARNING - Retrying request after non-successful status 429 (attempt 1 of 3)
[2024-05-06T11:42:14.771+0000] {warnings.py:109} WARNING - /home/***/.local/lib/python3.8/site-packages/urllib3/connectionpool.py:1061: InsecureRequestWarning: Unverified HTTPS request is being made to host 'dbelk1.afaqy.local'. Adding certificate verification is strongly advised. See: https://urllib3.readthedocs.io/en/1.26.x/advanced-usage.html#ssl-warnings
  warnings.warn(

[2024-05-06T11:42:14.929+0000] {_transport.py:335} INFO - PUT https://dbelk1.afaqy.local:9200/units_statistics_***/_bulk [status:200 duration:0.191s]
[2024-05-06T11:42:15.457+0000] {taskinstance.py:2731} ERROR - Task failed with exception
Traceback (most recent call last):
  File "/home/airflow/.local/lib/python3.8/site-packages/airflow/models/taskinstance.py", line 444, in _execute_task
    result = _execute_callable(context=context, **execute_callable_kwargs)
  File "/home/airflow/.local/lib/python3.8/site-packages/airflow/models/taskinstance.py", line 414, in _execute_callable
    return execute_callable(context=context, **execute_callable_kwargs)
  File "/home/airflow/.local/lib/python3.8/site-packages/airflow/decorators/base.py", line 241, in execute
    return_value = super().execute(context)
  File "/home/airflow/.local/lib/python3.8/site-packages/airflow/operators/python.py", line 200, in execute
    return_value = self.execute_callable()
  File "/home/airflow/.local/lib/python3.8/site-packages/airflow/operators/python.py", line 217, in execute_callable
    return self.python_callable(*self.op_args, **self.op_kwargs)
  File "/opt/airflow/dags/Units_dag.py", line 112, in ETL_job
    Elk_client.elk_pushData(Globals.index_name,units_list_update)
  File "/opt/airflow/dags/elk_manager.py", line 69, in elk_pushData
    helpers.bulk(self.elk_client, docs_list, index=index_name, chunk_size=batch)
  File "/home/airflow/.local/lib/python3.8/site-packages/elasticsearch/helpers/actions.py", line 521, in bulk
    for ok, item in streaming_bulk(
  File "/home/airflow/.local/lib/python3.8/site-packages/elasticsearch/helpers/actions.py", line 436, in streaming_bulk
    for data, (ok, info) in zip(
  File "/home/airflow/.local/lib/python3.8/site-packages/elasticsearch/helpers/actions.py", line 355, in _process_bulk_chunk
    yield from gen
  File "/home/airflow/.local/lib/python3.8/site-packages/elasticsearch/helpers/actions.py", line 274, in _process_bulk_chunk_success
    raise BulkIndexError(f"{len(errors)} document(s) failed to index.", errors)
elasticsearch.helpers.BulkIndexError: 10000 document(s) failed to index.
[2024-05-06T11:42:15.470+0000] {taskinstance.py:1149} INFO - Marking task as UP_FOR_RETRY. dag_id=Units_statistics_DAG, task_id=ETL_job, map_index=15, execution_date=20240506T112000, start_date=20240506T114150, end_date=20240506T114215
[2024-05-06T11:42:15.503+0000] {standard_task_runner.py:107} ERROR - Failed to execute job 35526 for task ETL_job (10000 document(s) failed to index.; 806887)
[2024-05-06T11:42:15.578+0000] {local_task_job_runner.py:234} INFO - Task exited with return code 1
[2024-05-06T11:42:15.608+0000] {taskinstance.py:3312} INFO - 0 downstream tasks scheduled from follow-on schedule check
