[2024-04-25T22:00:10.676+0000] {taskinstance.py:1979} INFO - Dependencies all met for dep_context=non-requeueable deps ti=<TaskInstance: Units_statistics_DAG.split_data_into_chunks scheduled__2024-04-25T21:40:00+00:00 [queued]>
[2024-04-25T22:00:10.689+0000] {taskinstance.py:1979} INFO - Dependencies all met for dep_context=requeueable deps ti=<TaskInstance: Units_statistics_DAG.split_data_into_chunks scheduled__2024-04-25T21:40:00+00:00 [queued]>
[2024-04-25T22:00:10.690+0000] {taskinstance.py:2193} INFO - Starting attempt 1 of 4
[2024-04-25T22:00:10.711+0000] {taskinstance.py:2217} INFO - Executing <Task(_PythonDecoratedOperator): split_data_into_chunks> on 2024-04-25 21:40:00+00:00
[2024-04-25T22:00:10.718+0000] {standard_task_runner.py:60} INFO - Started process 552256 to run task
[2024-04-25T22:00:10.725+0000] {standard_task_runner.py:87} INFO - Running: ['***', 'tasks', 'run', 'Units_statistics_DAG', 'split_data_into_chunks', 'scheduled__2024-04-25T21:40:00+00:00', '--job-id', '16977', '--raw', '--subdir', 'DAGS_FOLDER/Units_dag.py', '--cfg-path', '/tmp/tmpfnsner18']
[2024-04-25T22:00:10.727+0000] {standard_task_runner.py:88} INFO - Job 16977: Subtask split_data_into_chunks
[2024-04-25T22:00:10.819+0000] {task_command.py:423} INFO - Running <TaskInstance: Units_statistics_DAG.split_data_into_chunks scheduled__2024-04-25T21:40:00+00:00 [running]> on host a09da322e808
[2024-04-25T22:00:10.976+0000] {taskinstance.py:2513} INFO - Exporting env vars: AIRFLOW_CTX_DAG_OWNER='abeer-araby' AIRFLOW_CTX_DAG_ID='Units_statistics_DAG' AIRFLOW_CTX_TASK_ID='split_data_into_chunks' AIRFLOW_CTX_EXECUTION_DATE='2024-04-25T21:40:00+00:00' AIRFLOW_CTX_TRY_NUMBER='1' AIRFLOW_CTX_DAG_RUN_ID='scheduled__2024-04-25T21:40:00+00:00'
[2024-04-25T22:00:10.997+0000] {Units_dag.py:78} INFO - type of length is :<class 'int'>
[2024-04-25T22:00:11.491+0000] {warnings.py:109} WARNING - /home/***/.local/lib/python3.8/site-packages/elasticsearch/_sync/client/__init__.py:399: SecurityWarning: Connecting to 'https://dbelk1.afaqy.local:9200' using TLS with verify_certs=False is insecure
  _transport = transport_class(

[2024-04-25T22:00:11.538+0000] {warnings.py:109} WARNING - /home/***/.local/lib/python3.8/site-packages/elasticsearch/_sync/client/__init__.py:399: SecurityWarning: Connecting to 'https://dbelk3.afaqy.local:9200' using TLS with verify_certs=False is insecure
  _transport = transport_class(

[2024-04-25T22:00:11.581+0000] {warnings.py:109} WARNING - /home/***/.local/lib/python3.8/site-packages/elasticsearch/_sync/client/__init__.py:399: SecurityWarning: Connecting to 'https://dbelk2.afaqy.local:9200' using TLS with verify_certs=False is insecure
  _transport = transport_class(

[2024-04-25T22:00:11.614+0000] {warnings.py:109} WARNING - /home/***/.local/lib/python3.8/site-packages/urllib3/connectionpool.py:1061: InsecureRequestWarning: Unverified HTTPS request is being made to host 'dbelk1.afaqy.local'. Adding certificate verification is strongly advised. See: https://urllib3.readthedocs.io/en/1.26.x/advanced-usage.html#ssl-warnings
  warnings.warn(

[2024-04-25T22:00:11.675+0000] {_transport.py:335} INFO - GET https://dbelk1.afaqy.local:9200/_cluster/health [status:200 duration:0.091s]
[2024-04-25T22:00:11.697+0000] {warnings.py:109} WARNING - /home/***/.local/lib/python3.8/site-packages/urllib3/connectionpool.py:1061: InsecureRequestWarning: Unverified HTTPS request is being made to host 'dbelk3.afaqy.local'. Adding certificate verification is strongly advised. See: https://urllib3.readthedocs.io/en/1.26.x/advanced-usage.html#ssl-warnings
  warnings.warn(

[2024-04-25T22:00:11.701+0000] {_transport.py:335} INFO - HEAD https://dbelk3.afaqy.local:9200/units_statistics_*** [status:200 duration:0.024s]
[2024-04-25T22:00:11.728+0000] {warnings.py:109} WARNING - /home/***/.local/lib/python3.8/site-packages/urllib3/connectionpool.py:1061: InsecureRequestWarning: Unverified HTTPS request is being made to host 'dbelk2.afaqy.local'. Adding certificate verification is strongly advised. See: https://urllib3.readthedocs.io/en/1.26.x/advanced-usage.html#ssl-warnings
  warnings.warn(

[2024-04-25T22:00:12.146+0000] {_transport.py:335} INFO - DELETE https://dbelk2.afaqy.local:9200/units_statistics_*** [status:200 duration:0.444s]
[2024-04-25T22:00:12.149+0000] {Units_dag.py:91} INFO - i = 0, chunk = 10000
[2024-04-25T22:00:12.150+0000] {Units_dag.py:91} INFO - i = 10000, chunk = 10000
[2024-04-25T22:00:12.150+0000] {Units_dag.py:91} INFO - i = 20000, chunk = 10000
[2024-04-25T22:00:12.151+0000] {Units_dag.py:91} INFO - i = 30000, chunk = 10000
[2024-04-25T22:00:12.151+0000] {Units_dag.py:91} INFO - i = 40000, chunk = 10000
[2024-04-25T22:00:12.151+0000] {Units_dag.py:91} INFO - i = 50000, chunk = 10000
[2024-04-25T22:00:12.152+0000] {Units_dag.py:91} INFO - i = 60000, chunk = 10000
[2024-04-25T22:00:12.152+0000] {Units_dag.py:91} INFO - i = 70000, chunk = 10000
[2024-04-25T22:00:12.152+0000] {Units_dag.py:91} INFO - i = 80000, chunk = 10000
[2024-04-25T22:00:12.152+0000] {Units_dag.py:91} INFO - i = 90000, chunk = 10000
[2024-04-25T22:00:12.153+0000] {Units_dag.py:91} INFO - i = 100000, chunk = 10000
[2024-04-25T22:00:12.153+0000] {Units_dag.py:91} INFO - i = 110000, chunk = 10000
[2024-04-25T22:00:12.153+0000] {Units_dag.py:91} INFO - i = 120000, chunk = 10000
[2024-04-25T22:00:12.153+0000] {Units_dag.py:91} INFO - i = 130000, chunk = 10000
[2024-04-25T22:00:12.154+0000] {Units_dag.py:91} INFO - i = 140000, chunk = 10000
[2024-04-25T22:00:12.154+0000] {Units_dag.py:91} INFO - i = 150000, chunk = 10000
[2024-04-25T22:00:12.154+0000] {Units_dag.py:91} INFO - i = 160000, chunk = 8101
[2024-04-25T22:00:12.187+0000] {python.py:202} INFO - Done. Returned value was: [[0, 10000], [10000, 10000], [20000, 10000], [30000, 10000], [40000, 10000], [50000, 10000], [60000, 10000], [70000, 10000], [80000, 10000], [90000, 10000], [100000, 10000], [110000, 10000], [120000, 10000], [130000, 10000], [140000, 10000], [150000, 10000], [160000, 8101]]
[2024-04-25T22:00:12.244+0000] {taskinstance.py:1149} INFO - Marking task as SUCCESS. dag_id=Units_statistics_DAG, task_id=split_data_into_chunks, execution_date=20240425T214000, start_date=20240425T220010, end_date=20240425T220012
[2024-04-25T22:00:12.346+0000] {local_task_job_runner.py:234} INFO - Task exited with return code 0
[2024-04-25T22:00:12.601+0000] {taskinstance.py:3312} INFO - 17 downstream tasks scheduled from follow-on schedule check
