[2024-04-22T08:20:15.162+0000] {taskinstance.py:1979} INFO - Dependencies all met for dep_context=non-requeueable deps ti=<TaskInstance: Units_statistics_DAG.ETL_job scheduled__2024-04-22T08:00:00+00:00 map_index=7 [queued]>
[2024-04-22T08:20:15.263+0000] {taskinstance.py:1979} INFO - Dependencies all met for dep_context=requeueable deps ti=<TaskInstance: Units_statistics_DAG.ETL_job scheduled__2024-04-22T08:00:00+00:00 map_index=7 [queued]>
[2024-04-22T08:20:15.264+0000] {taskinstance.py:2193} INFO - Starting attempt 1 of 4
[2024-04-22T08:20:15.415+0000] {taskinstance.py:2217} INFO - Executing <Mapped(_PythonDecoratedOperator): ETL_job> on 2024-04-22 08:00:00+00:00
[2024-04-22T08:20:15.490+0000] {standard_task_runner.py:87} INFO - Running: ['***', 'tasks', 'run', 'Units_statistics_DAG', 'ETL_job', 'scheduled__2024-04-22T08:00:00+00:00', '--job-id', '11070', '--raw', '--subdir', 'DAGS_FOLDER/Units_dag.py', '--cfg-path', '/tmp/tmprtt7ipic', '--map-index', '7']
[2024-04-22T08:20:15.492+0000] {standard_task_runner.py:88} INFO - Job 11070: Subtask ETL_job
[2024-04-22T08:20:15.486+0000] {standard_task_runner.py:60} INFO - Started process 467027 to run task
[2024-04-22T08:20:15.784+0000] {task_command.py:423} INFO - Running <TaskInstance: Units_statistics_DAG.ETL_job scheduled__2024-04-22T08:00:00+00:00 map_index=7 [running]> on host a09da322e808
[2024-04-22T08:20:16.379+0000] {taskinstance.py:2513} INFO - Exporting env vars: AIRFLOW_CTX_DAG_OWNER='abeer-araby' AIRFLOW_CTX_DAG_ID='Units_statistics_DAG' AIRFLOW_CTX_TASK_ID='ETL_job' AIRFLOW_CTX_EXECUTION_DATE='2024-04-22T08:00:00+00:00' AIRFLOW_CTX_TRY_NUMBER='1' AIRFLOW_CTX_DAG_RUN_ID='scheduled__2024-04-22T08:00:00+00:00'
[2024-04-22T08:20:16.380+0000] {Units_dag.py:99} INFO - i: 70000, chunk: 10000
[2024-04-22T08:20:16.381+0000] {Units_dag.py:100} INFO - child token is::: eyJ0eXAiOiJKV1QiLCJhbGciOiJIUzI1NiJ9.eyJpc3MiOiJodHRwczovL2FwaS5hZmFxeS5zYS9hdXRoL2xvZ2luX2FzIiwiaWF0IjoxNzEzNzc0MDA0LCJleHAiOjE3MTYzNjYwMDQsIm5iZiI6MTcxMzc3NDAwNCwianRpIjoiQmVEejk5TjE0am1wc3FLSiIsInN1YiI6IjVkNjNlNTFlMDNlZDUyOTJhNDJjMjRlNiIsInBydiI6IjI3MGVjZmM3ZWEzZWQ5MzdlYTg0OTM2MmEzYTUwOTEwYzZkOGNlNGYiLCJsb2dpbl9hc19pZCI6IjY1N2YwYWQ3M2Y5NzcyOTVjZjA1NTc2YSJ9.5TUTwEDjqBEOBzM_CboQf_rI4n17faBkkQk_iTEvZtU
[2024-04-22T08:20:51.339+0000] {Units_dag.py:104} INFO - {'_id': '639f29db44053669e97fa167', 'icon': 'icons/icon.png', 'driver_id': '', 'tailer_id': '', 'profile': {'vehicle_type': '', 'measurement_type': 'count', 'max_capacity': 0, 'vin': '', 'plate_number': '', 'start_operation': '', 'contract_milage': '', 'opening_milage': '', 'model': '', 'fuel_type': '91', 'year': 0, 'seats': 2}, 'device_password': '***', 'device_type': 'gps', 'gateway': False, 'name': 'أ ر ن 6650', 'operation_code': '', 'imei': '866907058846956', 'sim_number': '+966821111009952', 'sim_serial': '8996609821111009952', 'device_serial': '1125959689', 'device': 'teltonika', 'created_by': '5e539d8203ed52f71d634478', 'user_id': '5e539d8203ed52f71d634478', 'updated_at': '2024-04-18 11:18:59', 'created_at': '2022-12-18 17:55:23', 'business_types': {'waste': False, 'transportation': True, 'water': False, 'hajj': False}, 'device_gateway': '', 'custom_fields': [], 'creator': 'aemallamar', 'company': '', 'owner': 'aemallamar', 'last_update': {'dtt': 1713773939000, 'dts': 1713773943089, 'spd': 0, 'ang': 0, 'alt': 32, 'chPrams': {'parm76': {'v': 0, 'cdt': 1712917427000}, 'output2': {'v': False, 'cdt': 1713772435000}, 'odometer': {'v': 32346769, 'cdt': 1711769997000}, 'motion': {'v': False, 'cdt': 1713772435000}, 'ePwrV': {'v': 24.851, 'cdt': 1713773939000}, 'sat': {'v': 14, 'cdt': 1713773939000}, 'ai1': {'v': 43, 'cdt': 1711777818000}, 'di2': {'v': 0, 'cdt': 1711772108000}, 'priority': {'v': 0, 'cdt': 1711770305000}, 'type': {'v': 6, 'cdt': 1712933657000}, 'di1': {'v': 0, 'cdt': 1711770303000}, 'temp1': {'v': 0, 'cdt': 1712941471000}, 'result': {'v': '5665723a30332e32372e31335f3534204750533a41584e5f352e312e392048773a464d43313330204d6f643a3420494d45493a38363639303730353838343639353620496e69743a323032342d332d332031333a323620557074696d653a34323931373135204d41433a303031453432353441314432205350433a312830292041584c3a32204f42443a3020424c3a312e31302042543a34', 'cdt': 1713772135000}, 'protocol': {'v': 'FMC130', 'cdt': 1713772435000}, 'temp5': {'v': 30, 'cdt': 1712941471000}, 'parm29': {'v': 0, 'cdt': 1712917427000}, 'iPwrV': {'v': 3.991, 'cdt': 1713760715000}, 'event': {'v': 0, 'cdt': 1711770606000}, 'humidity86': {'v': 300, 'cdt': 1712941471000}}, 'prms': {'protocol': 'FMC130', 'priority': 0, 'sat': 14, 'event': 0, 'di1': 0, 'motion': 0, 'di2': 0, 'output2': 0, 'parm29': 0, 'ePwrV': 24.851, 'iPwrV': 3.991, 'ai1': 43, 'temp5': 30, 'humidity86': 300, 'odometer': 32346769, 'temp1': 0, 'parm76': 0}, 'devPrms': ['protocol', 'priority', 'sat', 'event', 'di1', 'motion', 'di2', 'output2', 'parm29', 'ePwrV', 'iPwrV', 'ai1', 'temp5', 'humidity86', 'odometer', 'temp1', 'parm76'], 'old_params': {'parm76': 0, 'output2': 0, 'motion': 0, 'odometer': 32346769, 'ePwrV': 24.852, 'sat': 12, 'ai1': 43, 'priority': 0, 'di2': 0, 'di1': 0, 'temp1': 0, 'protocol': 'teltonika', 'temp5': 30, 'parm29': 0, 'iPwrV': 3.991, 'event': 0, 'humidity86': 300}, 'vLoc': 1, 'vCon': 1, 'ip': '109.83.55.12', 'rl': 0, 'trl': 31875.4754, 'mdu': 0, 'tmdu': 1564893, 'eidl': 0, 'teidl': 1631494, 'fc': 0, 'tfc': 6.058068, 'acc': 0, 'accOn': -556151933, 'accOff': 3791260321, 'sdu': 301, 'tsdu': 2003636, 'lat': 21.7622516, 'lng': 39.1656133}, 'counters': {'odometer_type': 'gps', 'odometer': 31875.4751, 'engine_hours_type': 'acc', 'engine_hours': -556151933, 'last_acc': 0}, 'is_wasl_connected': 'Connected', 'iconUrl': 'https://api.afaqy.sa/images/units/icons/icon.png', 'hasCCTV': False}
[2024-04-22T08:20:53.253+0000] {warnings.py:109} WARNING - /home/***/.local/lib/python3.8/site-packages/elasticsearch/_sync/client/__init__.py:399: SecurityWarning: Connecting to 'https://dbelk2.afaqy.local:9200' using TLS with verify_certs=False is insecure
  _transport = transport_class(

[2024-04-22T08:20:53.392+0000] {warnings.py:109} WARNING - /home/***/.local/lib/python3.8/site-packages/elasticsearch/_sync/client/__init__.py:399: SecurityWarning: Connecting to 'https://dbelk3.afaqy.local:9200' using TLS with verify_certs=False is insecure
  _transport = transport_class(

[2024-04-22T08:20:53.504+0000] {warnings.py:109} WARNING - /home/***/.local/lib/python3.8/site-packages/elasticsearch/_sync/client/__init__.py:399: SecurityWarning: Connecting to 'https://dbelk1.afaqy.local:9200' using TLS with verify_certs=False is insecure
  _transport = transport_class(

[2024-04-22T08:20:53.556+0000] {warnings.py:109} WARNING - /home/***/.local/lib/python3.8/site-packages/urllib3/connectionpool.py:1061: InsecureRequestWarning: Unverified HTTPS request is being made to host 'dbelk2.afaqy.local'. Adding certificate verification is strongly advised. See: https://urllib3.readthedocs.io/en/1.26.x/advanced-usage.html#ssl-warnings
  warnings.warn(

[2024-04-22T08:20:53.641+0000] {_transport.py:335} INFO - GET https://dbelk2.afaqy.local:9200/_cluster/health [status:200 duration:0.120s]
[2024-04-22T08:20:54.394+0000] {warnings.py:109} WARNING - /home/***/.local/lib/python3.8/site-packages/urllib3/connectionpool.py:1061: InsecureRequestWarning: Unverified HTTPS request is being made to host 'dbelk3.afaqy.local'. Adding certificate verification is strongly advised. See: https://urllib3.readthedocs.io/en/1.26.x/advanced-usage.html#ssl-warnings
  warnings.warn(

[2024-04-22T08:20:55.945+0000] {_transport.py:335} INFO - PUT https://dbelk3.afaqy.local:9200/units_statistics_***/_bulk [status:200 duration:1.569s]
[2024-04-22T08:20:56.499+0000] {python.py:202} INFO - Done. Returned value was: None
[2024-04-22T08:20:56.518+0000] {taskinstance.py:1149} INFO - Marking task as SUCCESS. dag_id=Units_statistics_DAG, task_id=ETL_job, map_index=7, execution_date=20240422T080000, start_date=20240422T082015, end_date=20240422T082056
[2024-04-22T08:20:56.585+0000] {local_task_job_runner.py:234} INFO - Task exited with return code 0
[2024-04-22T08:20:56.628+0000] {taskinstance.py:3312} INFO - 0 downstream tasks scheduled from follow-on schedule check
