[2024-05-12T21:20:01.512+0000] {local_task_job_runner.py:120} INFO - ::group::Pre task execution logs
[2024-05-12T21:20:01.582+0000] {taskinstance.py:2076} INFO - Dependencies all met for dep_context=non-requeueable deps ti=<TaskInstance: Units_statistics_DAG.login_parent scheduled__2024-05-12T21:00:00+00:00 [queued]>
[2024-05-12T21:20:01.597+0000] {taskinstance.py:2076} INFO - Dependencies all met for dep_context=requeueable deps ti=<TaskInstance: Units_statistics_DAG.login_parent scheduled__2024-05-12T21:00:00+00:00 [queued]>
[2024-05-12T21:20:01.598+0000] {taskinstance.py:2306} INFO - Starting attempt 1 of 4
[2024-05-12T21:20:01.624+0000] {taskinstance.py:2330} INFO - Executing <Task(_PythonDecoratedOperator): login_parent> on 2024-05-12 21:00:00+00:00
[2024-05-12T21:20:01.636+0000] {warnings.py:110} WARNING - /home/***/.local/lib/python3.12/site-packages/***/task/task_runner/standard_task_runner.py:61: DeprecationWarning: This process (pid=5525) is multi-threaded, use of fork() may lead to deadlocks in the child.
  pid = os.fork()

[2024-05-12T21:20:01.640+0000] {standard_task_runner.py:63} INFO - Started process 5526 to run task
[2024-05-12T21:20:01.644+0000] {standard_task_runner.py:90} INFO - Running: ['***', 'tasks', 'run', 'Units_statistics_DAG', 'login_parent', 'scheduled__2024-05-12T21:00:00+00:00', '--job-id', '54746', '--raw', '--subdir', 'DAGS_FOLDER/Units_dag.py', '--cfg-path', '/tmp/tmpzxl6cpdf']
[2024-05-12T21:20:01.648+0000] {standard_task_runner.py:91} INFO - Job 54746: Subtask login_parent
[2024-05-12T21:20:01.769+0000] {task_command.py:426} INFO - Running <TaskInstance: Units_statistics_DAG.login_parent scheduled__2024-05-12T21:00:00+00:00 [running]> on host 7138d7e072c5
[2024-05-12T21:20:01.987+0000] {taskinstance.py:2648} INFO - Exporting env vars: AIRFLOW_CTX_DAG_OWNER='abeer-araby' AIRFLOW_CTX_DAG_ID='Units_statistics_DAG' AIRFLOW_CTX_TASK_ID='login_parent' AIRFLOW_CTX_EXECUTION_DATE='2024-05-12T21:00:00+00:00' AIRFLOW_CTX_TRY_NUMBER='1' AIRFLOW_CTX_DAG_RUN_ID='scheduled__2024-05-12T21:00:00+00:00'
[2024-05-12T21:20:01.988+0000] {taskinstance.py:430} INFO - ::endgroup::
[2024-05-12T21:20:02.640+0000] {Units_dag.py:45} INFO - ti context info :eyJ0eXAiOiJKV1QiLCJhbGciOiJIUzI1NiJ9.eyJpc3MiOiJodHRwczovL2FwaS5hZmFxeS5zYS9hdXRoL2xvZ2luIiwiaWF0IjoxNzE1NTQ4ODAyLCJleHAiOjE3MTgxNDA4MDIsIm5iZiI6MTcxNTU0ODgwMiwianRpIjoiWUNqRzZFcGNnZHlWYWQzOCIsInN1YiI6IjY1N2YwYWQ3M2Y5NzcyOTVjZjA1NTc2YSIsInBydiI6IjI3MGVjZmM3ZWEzZWQ5MzdlYTg0OTM2MmEzYTUwOTEwYzZkOGNlNGYifQ.gOD80GaFftaF_19LCvP7KSPJ0VRg39gzU4cZZ3kU5k0
[2024-05-12T21:20:02.643+0000] {python.py:237} INFO - Done. Returned value was: None
[2024-05-12T21:20:02.645+0000] {taskinstance.py:441} INFO - ::group::Post task execution logs
[2024-05-12T21:20:02.667+0000] {taskinstance.py:1206} INFO - Marking task as SUCCESS. dag_id=Units_statistics_DAG, task_id=login_parent, run_id=scheduled__2024-05-12T21:00:00+00:00, execution_date=20240512T210000, start_date=20240512T212001, end_date=20240512T212002
[2024-05-12T21:20:02.709+0000] {local_task_job_runner.py:240} INFO - Task exited with return code 0
[2024-05-12T21:20:02.784+0000] {taskinstance.py:3498} INFO - 1 downstream tasks scheduled from follow-on schedule check
[2024-05-12T21:20:02.786+0000] {local_task_job_runner.py:222} INFO - ::endgroup::
