[2024-05-07T08:01:56.954+0000] {taskinstance.py:1979} INFO - Dependencies all met for dep_context=non-requeueable deps ti=<TaskInstance: Units_statistics_DAG.ETL_job scheduled__2024-05-07T07:40:00+00:00 map_index=6 [queued]>
[2024-05-07T08:01:56.978+0000] {taskinstance.py:1979} INFO - Dependencies all met for dep_context=requeueable deps ti=<TaskInstance: Units_statistics_DAG.ETL_job scheduled__2024-05-07T07:40:00+00:00 map_index=6 [queued]>
[2024-05-07T08:01:56.978+0000] {taskinstance.py:2193} INFO - Starting attempt 2 of 4
[2024-05-07T08:01:57.010+0000] {taskinstance.py:2217} INFO - Executing <Mapped(_PythonDecoratedOperator): ETL_job> on 2024-05-07 07:40:00+00:00
[2024-05-07T08:01:57.037+0000] {standard_task_runner.py:60} INFO - Started process 828859 to run task
[2024-05-07T08:01:57.045+0000] {standard_task_runner.py:87} INFO - Running: ['***', 'tasks', 'run', 'Units_statistics_DAG', 'ETL_job', 'scheduled__2024-05-07T07:40:00+00:00', '--job-id', '37797', '--raw', '--subdir', 'DAGS_FOLDER/Units_dag.py', '--cfg-path', '/tmp/tmpknvtloms', '--map-index', '6']
[2024-05-07T08:01:57.049+0000] {standard_task_runner.py:88} INFO - Job 37797: Subtask ETL_job
[2024-05-07T08:01:57.177+0000] {task_command.py:423} INFO - Running <TaskInstance: Units_statistics_DAG.ETL_job scheduled__2024-05-07T07:40:00+00:00 map_index=6 [running]> on host a09da322e808
[2024-05-07T08:01:57.479+0000] {taskinstance.py:2513} INFO - Exporting env vars: AIRFLOW_CTX_DAG_OWNER='abeer-araby' AIRFLOW_CTX_DAG_ID='Units_statistics_DAG' AIRFLOW_CTX_TASK_ID='ETL_job' AIRFLOW_CTX_EXECUTION_DATE='2024-05-07T07:40:00+00:00' AIRFLOW_CTX_TRY_NUMBER='2' AIRFLOW_CTX_DAG_RUN_ID='scheduled__2024-05-07T07:40:00+00:00'
[2024-05-07T08:01:57.480+0000] {Units_dag.py:98} INFO - i: 60000, chunk: 10000
[2024-05-07T08:01:57.481+0000] {Units_dag.py:99} INFO - child token is::: eyJ0eXAiOiJKV1QiLCJhbGciOiJIUzI1NiJ9.eyJpc3MiOiJodHRwczovL2FwaS5hZmFxeS5zYS9hdXRoL2xvZ2luX2FzIiwiaWF0IjoxNzE1MDY4ODA0LCJleHAiOjE3MTc2NjA4MDQsIm5iZiI6MTcxNTA2ODgwNCwianRpIjoickozNEVhTmpMcDNaTEh0aSIsInN1YiI6IjVkNjNlNTFlMDNlZDUyOTJhNDJjMjRlNiIsInBydiI6IjI3MGVjZmM3ZWEzZWQ5MzdlYTg0OTM2MmEzYTUwOTEwYzZkOGNlNGYiLCJsb2dpbl9hc19pZCI6IjY1N2YwYWQ3M2Y5NzcyOTVjZjA1NTc2YSJ9.GoknqKSmlrbOs5lYktfZd6yX1xDm4zFtLKSOdyXvwXI
[2024-05-07T08:02:17.245+0000] {Units_dag.py:103} INFO - {'_id': '632ac9aaad52833a9f75f627', 'icon': 'icons/icon.png', 'driver_id': '', 'tailer_id': '', 'profile': {'measurement_type': 'count', 'fuel_type': '91', 'year': 0, 'seats': 2}, 'device_password': '***', 'device_type': 'gps', 'gateway': False, 'name': 'ADR9277', 'operation_code': None, 'device_gateway': None, 'business_types': {'waste': False, 'transportation': True, 'water': False}, 'imei': '357073292779853', 'sim_number': '+966830028756554', 'sim_serial': '996609821111311488', 'device_serial': '1118909313', 'device': 'teltonika', 'user_id': '5edc9ce503ed5252d3361fa8', 'created_by': '5e6655bf03ed52e1ab79d301', 'updated_at': '2024-04-18 11:18:59', 'created_at': '2022-09-21 11:22:02', 'custom_fields': [], 'creator': 'amr.ahmed', 'company': '', 'owner': 'hertz-admin', 'last_update': {'dtt': 1715068657000, 'dts': 1715068660431, 'spd': 0, 'ang': 227, 'alt': 20, 'chPrams': {'Speed': {'v': 0, 'cdt': 1715061309000}, 'output1': {'v': True, 'cdt': 1715047962000}, 'output2': {'v': True, 'cdt': 1715047962000}, 'ePwrV': {'v': 13.531, 'cdt': 1715068657000}, 'parm24': {'v': 0, 'cdt': 1715061309000}, 'sat': {'v': 11, 'cdt': 1715068056000}, 'ai1': {'v': 174, 'cdt': 1714884614000}, 'priority': {'v': 0, 'cdt': 1713966098000}, 'di2': {'v': 0, 'cdt': 1714466391000}, 'di1': {'v': 0, 'cdt': 1715067425000}, 'result': {'v': '5665723a30332e32372e31335f3033204750533a41584e5f352e312e392048773a464d42313230204d6f643a333320494d45493a33353730373332393237373938353320496e69743a323032342d312d31382032323a313520557074696d653a39343135343033204d41433a303031453432373443413637205350433a312830292041584c3a32204f42443a3020424c3a312e31302042543a34', 'cdt': 1715047662000}, 'protocol': {'v': 'FMB120', 'cdt': 1715047962000}, 'parm6': {'v': 174, 'cdt': 1714466391000}, 'iPwrV': {'v': 4, 'cdt': 1715068657000}, 'event': {'v': 0, 'cdt': 1713966098000}}, 'prms': {'protocol': 'FMB120', 'priority': 0, 'sat': 11, 'event': 0, 'di1': 0, 'output1': 1, 'di2': 0, 'output2': 1, 'ePwrV': 13.531, 'Speed': 0, 'parm24': 0, 'iPwrV': 4, 'ai1': 174, 'parm6': 174}, 'devPrms': ['protocol', 'priority', 'sat', 'event', 'di1', 'output1', 'di2', 'output2', 'ePwrV', 'Speed', 'parm24', 'iPwrV', 'ai1', 'parm6'], 'old_params': {'protocol': 'FMB120', 'priority': 0, 'sat': 11, 'event': 0, 'di1': 0, 'output1': 1, 'di2': 0, 'output2': 1, 'ePwrV': 13.48, 'Speed': 0, 'parm24': 0, 'iPwrV': 3.991, 'ai1': 174, 'parm6': 174}, 'vLoc': 1, 'vCon': 1, 'ip': '37.216.55.32', 'rl': 0, 'trl': 30115.5743, 'mdu': 0, 'tmdu': 2385058, 'eidl': 0, 'teidl': 1368621, 'fc': 0, 'tfc': 702.028922, 'acc': 0, 'accOn': 18914993, 'accOff': 47369727, 'sdu': 300, 'tsdu': 1232, 'lat': 21.59037, 'lng': 39.1629883}, 'counters': {'odometer_type': 'gps', 'odometer': 30158.5743, 'engine_hours_type': 'acc', 'engine_hours': 18914993, 'last_acc': 0}, 'is_wasl_connected': 'Not Connected', 'iconUrl': 'https://api.afaqy.sa/images/units/icons/icon.png', 'hasCCTV': False}
[2024-05-07T08:02:17.811+0000] {warnings.py:109} WARNING - /home/***/.local/lib/python3.8/site-packages/elasticsearch/_sync/client/__init__.py:399: SecurityWarning: Connecting to 'https://dbelk2.afaqy.local:9200' using TLS with verify_certs=False is insecure
  _transport = transport_class(

[2024-05-07T08:02:17.860+0000] {warnings.py:109} WARNING - /home/***/.local/lib/python3.8/site-packages/elasticsearch/_sync/client/__init__.py:399: SecurityWarning: Connecting to 'https://dbelk3.afaqy.local:9200' using TLS with verify_certs=False is insecure
  _transport = transport_class(

[2024-05-07T08:02:17.911+0000] {warnings.py:109} WARNING - /home/***/.local/lib/python3.8/site-packages/elasticsearch/_sync/client/__init__.py:399: SecurityWarning: Connecting to 'https://dbelk1.afaqy.local:9200' using TLS with verify_certs=False is insecure
  _transport = transport_class(

[2024-05-07T08:02:17.931+0000] {warnings.py:109} WARNING - /home/***/.local/lib/python3.8/site-packages/urllib3/connectionpool.py:1061: InsecureRequestWarning: Unverified HTTPS request is being made to host 'dbelk2.afaqy.local'. Adding certificate verification is strongly advised. See: https://urllib3.readthedocs.io/en/1.26.x/advanced-usage.html#ssl-warnings
  warnings.warn(

[2024-05-07T08:02:18.018+0000] {_transport.py:335} INFO - GET https://dbelk2.afaqy.local:9200/_cluster/health [status:200 duration:0.106s]
[2024-05-07T08:02:18.426+0000] {warnings.py:109} WARNING - /home/***/.local/lib/python3.8/site-packages/urllib3/connectionpool.py:1061: InsecureRequestWarning: Unverified HTTPS request is being made to host 'dbelk3.afaqy.local'. Adding certificate verification is strongly advised. See: https://urllib3.readthedocs.io/en/1.26.x/advanced-usage.html#ssl-warnings
  warnings.warn(

[2024-05-07T08:02:18.442+0000] {_transport.py:335} INFO - PUT https://dbelk3.afaqy.local:9200/units_statistics_***/_bulk [status:429 duration:0.034s]
[2024-05-07T08:02:18.443+0000] {_node_pool.py:249} WARNING - Node <Urllib3HttpNode(https://dbelk3.afaqy.local:9200)> has failed for 1 times in a row, putting on 1 second timeout
[2024-05-07T08:02:18.444+0000] {_transport.py:427} WARNING - Retrying request after non-successful status 429 (attempt 0 of 3)
[2024-05-07T08:02:18.444+0000] {warnings.py:109} WARNING - /home/***/.local/lib/python3.8/site-packages/urllib3/connectionpool.py:1061: InsecureRequestWarning: Unverified HTTPS request is being made to host 'dbelk2.afaqy.local'. Adding certificate verification is strongly advised. See: https://urllib3.readthedocs.io/en/1.26.x/advanced-usage.html#ssl-warnings
  warnings.warn(

[2024-05-07T08:02:18.470+0000] {_transport.py:335} INFO - PUT https://dbelk2.afaqy.local:9200/units_statistics_***/_bulk [status:429 duration:0.026s]
[2024-05-07T08:02:18.471+0000] {_node_pool.py:249} WARNING - Node <Urllib3HttpNode(https://dbelk2.afaqy.local:9200)> has failed for 1 times in a row, putting on 1 second timeout
[2024-05-07T08:02:18.471+0000] {_transport.py:427} WARNING - Retrying request after non-successful status 429 (attempt 1 of 3)
[2024-05-07T08:02:18.498+0000] {warnings.py:109} WARNING - /home/***/.local/lib/python3.8/site-packages/urllib3/connectionpool.py:1061: InsecureRequestWarning: Unverified HTTPS request is being made to host 'dbelk1.afaqy.local'. Adding certificate verification is strongly advised. See: https://urllib3.readthedocs.io/en/1.26.x/advanced-usage.html#ssl-warnings
  warnings.warn(

[2024-05-07T08:02:18.651+0000] {_transport.py:335} INFO - PUT https://dbelk1.afaqy.local:9200/units_statistics_***/_bulk [status:200 duration:0.180s]
[2024-05-07T08:02:19.126+0000] {taskinstance.py:2731} ERROR - Task failed with exception
Traceback (most recent call last):
  File "/home/airflow/.local/lib/python3.8/site-packages/airflow/models/taskinstance.py", line 444, in _execute_task
    result = _execute_callable(context=context, **execute_callable_kwargs)
  File "/home/airflow/.local/lib/python3.8/site-packages/airflow/models/taskinstance.py", line 414, in _execute_callable
    return execute_callable(context=context, **execute_callable_kwargs)
  File "/home/airflow/.local/lib/python3.8/site-packages/airflow/decorators/base.py", line 241, in execute
    return_value = super().execute(context)
  File "/home/airflow/.local/lib/python3.8/site-packages/airflow/operators/python.py", line 200, in execute
    return_value = self.execute_callable()
  File "/home/airflow/.local/lib/python3.8/site-packages/airflow/operators/python.py", line 217, in execute_callable
    return self.python_callable(*self.op_args, **self.op_kwargs)
  File "/opt/airflow/dags/Units_dag.py", line 111, in ETL_job
    Elk_client.elk_pushData(Globals.index_name,units_list_update)
  File "/opt/airflow/dags/units_statistics/elk_manager.py", line 69, in elk_pushData
    helpers.bulk(self.elk_client, docs_list, index=index_name, chunk_size=batch)
  File "/home/airflow/.local/lib/python3.8/site-packages/elasticsearch/helpers/actions.py", line 521, in bulk
    for ok, item in streaming_bulk(
  File "/home/airflow/.local/lib/python3.8/site-packages/elasticsearch/helpers/actions.py", line 436, in streaming_bulk
    for data, (ok, info) in zip(
  File "/home/airflow/.local/lib/python3.8/site-packages/elasticsearch/helpers/actions.py", line 355, in _process_bulk_chunk
    yield from gen
  File "/home/airflow/.local/lib/python3.8/site-packages/elasticsearch/helpers/actions.py", line 274, in _process_bulk_chunk_success
    raise BulkIndexError(f"{len(errors)} document(s) failed to index.", errors)
elasticsearch.helpers.BulkIndexError: 10000 document(s) failed to index.
[2024-05-07T08:02:19.148+0000] {taskinstance.py:1149} INFO - Marking task as UP_FOR_RETRY. dag_id=Units_statistics_DAG, task_id=ETL_job, map_index=6, execution_date=20240507T074000, start_date=20240507T080156, end_date=20240507T080219
[2024-05-07T08:02:19.169+0000] {standard_task_runner.py:107} ERROR - Failed to execute job 37797 for task ETL_job (10000 document(s) failed to index.; 828859)
[2024-05-07T08:02:19.260+0000] {local_task_job_runner.py:234} INFO - Task exited with return code 1
[2024-05-07T08:02:19.297+0000] {taskinstance.py:3312} INFO - 0 downstream tasks scheduled from follow-on schedule check
