[2024-05-07T17:43:27.248+0000] {taskinstance.py:1979} INFO - Dependencies all met for dep_context=non-requeueable deps ti=<TaskInstance: Units_statistics_DAG.ETL_job scheduled__2024-05-07T17:20:00+00:00 map_index=14 [queued]>
[2024-05-07T17:43:27.261+0000] {taskinstance.py:1979} INFO - Dependencies all met for dep_context=requeueable deps ti=<TaskInstance: Units_statistics_DAG.ETL_job scheduled__2024-05-07T17:20:00+00:00 map_index=14 [queued]>
[2024-05-07T17:43:27.261+0000] {taskinstance.py:2193} INFO - Starting attempt 3 of 4
[2024-05-07T17:43:27.280+0000] {taskinstance.py:2217} INFO - Executing <Mapped(_PythonDecoratedOperator): ETL_job> on 2024-05-07 17:20:00+00:00
[2024-05-07T17:43:27.287+0000] {standard_task_runner.py:60} INFO - Started process 840358 to run task
[2024-05-07T17:43:27.296+0000] {standard_task_runner.py:87} INFO - Running: ['***', 'tasks', 'run', 'Units_statistics_DAG', 'ETL_job', 'scheduled__2024-05-07T17:20:00+00:00', '--job-id', '39400', '--raw', '--subdir', 'DAGS_FOLDER/Units_dag.py', '--cfg-path', '/tmp/tmp0tyatgx7', '--map-index', '14']
[2024-05-07T17:43:27.299+0000] {standard_task_runner.py:88} INFO - Job 39400: Subtask ETL_job
[2024-05-07T17:43:27.393+0000] {task_command.py:423} INFO - Running <TaskInstance: Units_statistics_DAG.ETL_job scheduled__2024-05-07T17:20:00+00:00 map_index=14 [running]> on host a09da322e808
[2024-05-07T17:43:27.533+0000] {taskinstance.py:2513} INFO - Exporting env vars: AIRFLOW_CTX_DAG_OWNER='abeer-araby' AIRFLOW_CTX_DAG_ID='Units_statistics_DAG' AIRFLOW_CTX_TASK_ID='ETL_job' AIRFLOW_CTX_EXECUTION_DATE='2024-05-07T17:20:00+00:00' AIRFLOW_CTX_TRY_NUMBER='3' AIRFLOW_CTX_DAG_RUN_ID='scheduled__2024-05-07T17:20:00+00:00'
[2024-05-07T17:43:27.534+0000] {Units_dag.py:98} INFO - i: 140000, chunk: 10000
[2024-05-07T17:43:27.534+0000] {Units_dag.py:99} INFO - child token is::: eyJ0eXAiOiJKV1QiLCJhbGciOiJIUzI1NiJ9.eyJpc3MiOiJodHRwczovL2FwaS5hZmFxeS5zYS9hdXRoL2xvZ2luX2FzIiwiaWF0IjoxNzE1MTAzNjA0LCJleHAiOjE3MTc2OTU2MDQsIm5iZiI6MTcxNTEwMzYwNCwianRpIjoiS1dUOVJjbUNsTVJmQmtTVSIsInN1YiI6IjVkNjNlNTFlMDNlZDUyOTJhNDJjMjRlNiIsInBydiI6IjI3MGVjZmM3ZWEzZWQ5MzdlYTg0OTM2MmEzYTUwOTEwYzZkOGNlNGYiLCJsb2dpbl9hc19pZCI6IjY1N2YwYWQ3M2Y5NzcyOTVjZjA1NTc2YSJ9.ETVtqFTcgrCm_iYjHV3tInvgfAISsCMRbFfXb0navTg
[2024-05-07T17:43:45.334+0000] {Units_dag.py:103} INFO - {'_id': '6550b82ad0c879194602770f', 'icon': 'icons/icon.png', 'driver_id': '', 'tailer_id': '', 'profile': {'vehicle_type': '', 'measurement_type': 'count', 'max_capacity': 0, 'vin': '', 'plate_number': '', 'start_operation': '', 'contract_milage': '', 'opening_milage': '', 'model': '', 'fuel_type': '91', 'year': 0, 'seats': 2}, 'shipment_info': {'product_category': None, 'truck_type': None, 'shipment_type': None, 'shipment_payment_type': None, 'transporter_type': None, 'operating_area': None, 'weight_kilograms_per_day': None, 'kms_per_day': None, 'shipment_trip_drive_hrs_day': None, 'allowable_delay_drive_hrs_day': None, 'expected_shipment_trip_day': None, 'car_pay_per_day': None, 'exceeding_temperature_limit_per_day': None, 'temperature_upper_limit': None, 'exceeding_humidity_limit_per_day': None, 'humidity_upper_limit': None}, 'device_password': '***', 'device_type': 'gps', 'gateway': False, 'business_types': {'waste': False, 'transportation': True, 'water': False}, 'name': '3749 E Z J  Relay', 'operation_code': '', 'device_gateway': '', 'skip_sim_information': False, 'imei': '350612075225217', 'sim_number': '+966830032355565', 'sim_serial': '8996609821111930932', 'device_serial': '1131495769', 'device': 'teltonika', 'user_id': '62693bbb07a96a0b2714bff8', 'created_by': '5e6655bf03ed52e1ab79d301', 'updated_at': '2024-04-18 11:18:59', 'created_at': '2023-11-12 14:34:02', 'custom_fields': [], 'creator': 'amr.ahmed', 'company': '', 'owner': 'hawadij-rental-admin', 'last_update': {'dtt': 1715103805000, 'dts': 1715103808261, 'spd': 50, 'ang': 304, 'alt': 19, 'chPrams': {'Speed': {'v': 50, 'cdt': 1715103805000}, 'output1': {'v': False, 'cdt': 1715099513000}, 'output2': {'v': False, 'cdt': 1715099513000}, 'ePwrV': {'v': 13.809000000000001, 'cdt': 1715103805000}, 'parm24': {'v': 50, 'cdt': 1715103805000}, 'sat': {'v': 17, 'cdt': 1715103805000}, 'ai1': {'v': 216, 'cdt': 1712829599000}, 'priority': {'v': 0, 'cdt': 1712829299000}, 'di2': {'v': 0, 'cdt': 1712829599000}, 'type': {'v': 6, 'cdt': 1712957325000}, 'di1': {'v': 1, 'cdt': 1715102717000}, 'result': {'v': '5665723a30332e32372e31345f3030204750533a41584e5f352e312e392048773a464d42313230204d6f643a333320494d45493a33353036313230373532323532313720496e69743a323032342d312d31382032323a313320557074696d653a39343638343337204d41433a333838413231333242373839205350433a312830292041584c3a32204f42443a3020424c3a312e31302042543a34', 'cdt': 1715099483000}, 'protocol': {'v': 'FMB120', 'cdt': 1715099513000}, 'parm6': {'v': 216, 'cdt': 1712829599000}, 'iPwrV': {'v': 4.019, 'cdt': 1715103773000}, 'event': {'v': 0, 'cdt': 1712829299000}}, 'prms': {'protocol': 'FMB120', 'priority': 0, 'sat': 17, 'event': 0, 'di1': 1, 'output1': 0, 'di2': 0, 'output2': 0, 'ePwrV': 13.809000000000001, 'Speed': 50, 'parm24': 50, 'iPwrV': 4.019, 'ai1': 216, 'parm6': 216}, 'devPrms': ['protocol', 'priority', 'sat', 'event', 'di1', 'output1', 'di2', 'output2', 'ePwrV', 'Speed', 'parm24', 'iPwrV', 'ai1', 'parm6'], 'old_params': {'protocol': 'FMB120', 'priority': 0, 'sat': 16, 'event': 0, 'di1': 1, 'output1': 0, 'di2': 0, 'output2': 0, 'ePwrV': 13.769, 'Speed': 49, 'parm24': 49, 'iPwrV': 4.019, 'ai1': 216, 'parm6': 216}, 'vLoc': 1, 'vCon': 1, 'ip': '109.83.139.84', 'rl': 0.096, 'trl': 30657.3657, 'mdu': 7, 'tmdu': 3206922, 'eidl': 0, 'teidl': 1743051, 'fc': 0.01152, 'tfc': 387.757164, 'acc': 1, 'accOn': 631933372, 'accOff': 10255152, 'sdu': 0, 'tsdu': 0, 'lat': 26.4855466, 'lng': 50.0520616}, 'counters': {'engine_hours': 631933372, 'last_acc': 1, 'odometer': 365578.1922, 'engine_hours_type': 'acc', 'odometer_type': 'gps'}, 'is_wasl_connected': 'Not Connected', 'iconUrl': 'https://api.afaqy.sa/images/units/icons/icon.png', 'hasCCTV': False}
[2024-05-07T17:43:45.832+0000] {warnings.py:109} WARNING - /home/***/.local/lib/python3.8/site-packages/elasticsearch/_sync/client/__init__.py:399: SecurityWarning: Connecting to 'https://dbelk3.afaqy.local:9200' using TLS with verify_certs=False is insecure
  _transport = transport_class(

[2024-05-07T17:43:45.875+0000] {warnings.py:109} WARNING - /home/***/.local/lib/python3.8/site-packages/elasticsearch/_sync/client/__init__.py:399: SecurityWarning: Connecting to 'https://dbelk2.afaqy.local:9200' using TLS with verify_certs=False is insecure
  _transport = transport_class(

[2024-05-07T17:43:45.918+0000] {warnings.py:109} WARNING - /home/***/.local/lib/python3.8/site-packages/elasticsearch/_sync/client/__init__.py:399: SecurityWarning: Connecting to 'https://dbelk1.afaqy.local:9200' using TLS with verify_certs=False is insecure
  _transport = transport_class(

[2024-05-07T17:43:45.952+0000] {warnings.py:109} WARNING - /home/***/.local/lib/python3.8/site-packages/urllib3/connectionpool.py:1061: InsecureRequestWarning: Unverified HTTPS request is being made to host 'dbelk3.afaqy.local'. Adding certificate verification is strongly advised. See: https://urllib3.readthedocs.io/en/1.26.x/advanced-usage.html#ssl-warnings
  warnings.warn(

[2024-05-07T17:43:46.032+0000] {_transport.py:335} INFO - GET https://dbelk3.afaqy.local:9200/_cluster/health [status:200 duration:0.112s]
[2024-05-07T17:43:46.416+0000] {warnings.py:109} WARNING - /home/***/.local/lib/python3.8/site-packages/urllib3/connectionpool.py:1061: InsecureRequestWarning: Unverified HTTPS request is being made to host 'dbelk2.afaqy.local'. Adding certificate verification is strongly advised. See: https://urllib3.readthedocs.io/en/1.26.x/advanced-usage.html#ssl-warnings
  warnings.warn(

[2024-05-07T17:43:46.431+0000] {_transport.py:335} INFO - PUT https://dbelk2.afaqy.local:9200/units_statistics_***/_bulk [status:429 duration:0.037s]
[2024-05-07T17:43:46.432+0000] {_node_pool.py:249} WARNING - Node <Urllib3HttpNode(https://dbelk2.afaqy.local:9200)> has failed for 1 times in a row, putting on 1 second timeout
[2024-05-07T17:43:46.433+0000] {_transport.py:427} WARNING - Retrying request after non-successful status 429 (attempt 0 of 3)
[2024-05-07T17:43:46.434+0000] {warnings.py:109} WARNING - /home/***/.local/lib/python3.8/site-packages/urllib3/connectionpool.py:1061: InsecureRequestWarning: Unverified HTTPS request is being made to host 'dbelk3.afaqy.local'. Adding certificate verification is strongly advised. See: https://urllib3.readthedocs.io/en/1.26.x/advanced-usage.html#ssl-warnings
  warnings.warn(

[2024-05-07T17:43:46.445+0000] {_transport.py:335} INFO - PUT https://dbelk3.afaqy.local:9200/units_statistics_***/_bulk [status:429 duration:0.012s]
[2024-05-07T17:43:46.446+0000] {_node_pool.py:249} WARNING - Node <Urllib3HttpNode(https://dbelk3.afaqy.local:9200)> has failed for 1 times in a row, putting on 1 second timeout
[2024-05-07T17:43:46.446+0000] {_transport.py:427} WARNING - Retrying request after non-successful status 429 (attempt 1 of 3)
[2024-05-07T17:43:46.464+0000] {warnings.py:109} WARNING - /home/***/.local/lib/python3.8/site-packages/urllib3/connectionpool.py:1061: InsecureRequestWarning: Unverified HTTPS request is being made to host 'dbelk1.afaqy.local'. Adding certificate verification is strongly advised. See: https://urllib3.readthedocs.io/en/1.26.x/advanced-usage.html#ssl-warnings
  warnings.warn(

[2024-05-07T17:43:49.040+0000] {_transport.py:335} INFO - PUT https://dbelk1.afaqy.local:9200/units_statistics_***/_bulk [status:200 duration:2.593s]
[2024-05-07T17:43:49.201+0000] {python.py:202} INFO - Done. Returned value was: None
[2024-05-07T17:43:49.219+0000] {taskinstance.py:1149} INFO - Marking task as SUCCESS. dag_id=Units_statistics_DAG, task_id=ETL_job, map_index=14, execution_date=20240507T172000, start_date=20240507T174327, end_date=20240507T174349
[2024-05-07T17:43:49.281+0000] {local_task_job_runner.py:234} INFO - Task exited with return code 0
[2024-05-07T17:43:49.320+0000] {taskinstance.py:3312} INFO - 0 downstream tasks scheduled from follow-on schedule check
