[2024-04-22T16:20:18.252+0000] {taskinstance.py:1979} INFO - Dependencies all met for dep_context=non-requeueable deps ti=<TaskInstance: Units_statistics_DAG.ETL_job scheduled__2024-04-22T16:00:00+00:00 map_index=7 [queued]>
[2024-04-22T16:20:18.283+0000] {taskinstance.py:1979} INFO - Dependencies all met for dep_context=requeueable deps ti=<TaskInstance: Units_statistics_DAG.ETL_job scheduled__2024-04-22T16:00:00+00:00 map_index=7 [queued]>
[2024-04-22T16:20:18.283+0000] {taskinstance.py:2193} INFO - Starting attempt 1 of 4
[2024-04-22T16:20:18.327+0000] {taskinstance.py:2217} INFO - Executing <Mapped(_PythonDecoratedOperator): ETL_job> on 2024-04-22 16:00:00+00:00
[2024-04-22T16:20:18.368+0000] {standard_task_runner.py:60} INFO - Started process 474974 to run task
[2024-04-22T16:20:18.387+0000] {standard_task_runner.py:87} INFO - Running: ['***', 'tasks', 'run', 'Units_statistics_DAG', 'ETL_job', 'scheduled__2024-04-22T16:00:00+00:00', '--job-id', '11625', '--raw', '--subdir', 'DAGS_FOLDER/Units_dag.py', '--cfg-path', '/tmp/tmpplwr88g2', '--map-index', '7']
[2024-04-22T16:20:18.389+0000] {standard_task_runner.py:88} INFO - Job 11625: Subtask ETL_job
[2024-04-22T16:20:18.691+0000] {task_command.py:423} INFO - Running <TaskInstance: Units_statistics_DAG.ETL_job scheduled__2024-04-22T16:00:00+00:00 map_index=7 [running]> on host a09da322e808
[2024-04-22T16:20:19.192+0000] {taskinstance.py:2513} INFO - Exporting env vars: AIRFLOW_CTX_DAG_OWNER='abeer-araby' AIRFLOW_CTX_DAG_ID='Units_statistics_DAG' AIRFLOW_CTX_TASK_ID='ETL_job' AIRFLOW_CTX_EXECUTION_DATE='2024-04-22T16:00:00+00:00' AIRFLOW_CTX_TRY_NUMBER='1' AIRFLOW_CTX_DAG_RUN_ID='scheduled__2024-04-22T16:00:00+00:00'
[2024-04-22T16:20:19.194+0000] {Units_dag.py:99} INFO - i: 70000, chunk: 10000
[2024-04-22T16:20:19.194+0000] {Units_dag.py:100} INFO - child token is::: eyJ0eXAiOiJKV1QiLCJhbGciOiJIUzI1NiJ9.eyJpc3MiOiJodHRwczovL2FwaS5hZmFxeS5zYS9hdXRoL2xvZ2luX2FzIiwiaWF0IjoxNzEzODAyODAzLCJleHAiOjE3MTYzOTQ4MDMsIm5iZiI6MTcxMzgwMjgwMywianRpIjoiVHQyRVVncEN1QzhKTGxHbSIsInN1YiI6IjVkNjNlNTFlMDNlZDUyOTJhNDJjMjRlNiIsInBydiI6IjI3MGVjZmM3ZWEzZWQ5MzdlYTg0OTM2MmEzYTUwOTEwYzZkOGNlNGYiLCJsb2dpbl9hc19pZCI6IjY1N2YwYWQ3M2Y5NzcyOTVjZjA1NTc2YSJ9.SJbpWauqwo63xeWNMiAjbSYhDaHhC5ASfwYX56KAfyc
[2024-04-22T16:20:45.476+0000] {Units_dag.py:104} INFO - {'_id': '639f29dc44053669e97fa1e3', 'icon': 'icons/icon.png', 'driver_id': '', 'tailer_id': '', 'profile': {'vehicle_type': '', 'measurement_type': 'count', 'max_capacity': 0, 'vin': '', 'plate_number': '', 'start_operation': '', 'contract_milage': '', 'opening_milage': '', 'model': '', 'fuel_type': '91', 'year': 0, 'seats': 2}, 'device_password': '***', 'device_type': 'gps', 'gateway': False, 'name': 'أ ي م 7867', 'operation_code': '', 'imei': '866907058909069', 'sim_number': '+966821111009914', 'sim_serial': '8996609821111009914', 'device_serial': '1125945036', 'device': 'teltonika', 'created_by': '5e539d8203ed52f71d634478', 'user_id': '5e539d8203ed52f71d634478', 'updated_at': '2024-04-18 11:18:59', 'created_at': '2022-12-18 17:55:24', 'business_types': {'waste': False, 'transportation': True, 'water': False, 'hajj': False}, 'device_gateway': '', 'custom_fields': [], 'creator': 'aemallamar', 'company': '', 'owner': 'aemallamar', 'last_update': {'dtt': 1713802766000, 'dts': 1713802769925, 'spd': 0, 'ang': 232, 'alt': 946, 'chPrams': {'parm76': {'v': 0, 'cdt': 1713021023000}, 'output2': {'v': False, 'cdt': 1713797716000}, 'motion': {'v': True, 'cdt': 1713798991000}, 'odometer': {'v': 198114050, 'cdt': 1713802647000}, 'ePwrV': {'v': 28.354, 'cdt': 1713802766000}, 'sat': {'v': 11, 'cdt': 1713802766000}, 'ai1': {'v': 43, 'cdt': 1712674775000}, 'priority': {'v': 0, 'cdt': 1713798993000}, 'di2': {'v': 0, 'cdt': 1712653970000}, 'type': {'v': 6, 'cdt': 1713003292000}, 'di1': {'v': 1, 'cdt': 1713798991000}, 'temp1': {'v': 0, 'cdt': 1712942285000}, 'result': {'v': '5665723a30332e32372e31335f3534204750533a41584e5f352e312e392048773a464d43313330204d6f643a3420494d45493a38363639303730353839303930363920496e69743a323032342d312d33312032313a3620557074696d653a37303535303739204d41433a303031453432354643303630205350433a312830292041584c3a32204f42443a3020424c3a312e31302042543a34', 'cdt': 1713802526000}, 'protocol': {'v': 'FMC130', 'cdt': 1713797716000}, 'temp5': {'v': 30, 'cdt': 1712942285000}, 'parm29': {'v': 0, 'cdt': 1713021023000}, 'iPwrV': {'v': 3.995, 'cdt': 1713801304000}, 'event': {'v': 0, 'cdt': 1713799114000}, 'humidity86': {'v': 300, 'cdt': 1712942285000}}, 'prms': {'protocol': 'FMC130', 'priority': 0, 'sat': 11, 'event': 0, 'di1': 1, 'motion': 1, 'di2': 0, 'output2': 0, 'parm29': 0, 'ePwrV': 28.354, 'iPwrV': 3.995, 'ai1': 43, 'temp5': 30, 'humidity86': 300, 'odometer': 198114050, 'temp1': 0, 'parm76': 0}, 'devPrms': ['protocol', 'priority', 'sat', 'event', 'di1', 'motion', 'di2', 'output2', 'parm29', 'ePwrV', 'iPwrV', 'ai1', 'temp5', 'humidity86', 'odometer', 'temp1', 'parm76', 'type', 'result'], 'old_params': {'protocol': 'FMC130', 'priority': 0, 'sat': 12, 'event': 0, 'di1': 1, 'motion': 1, 'di2': 0, 'output2': 0, 'parm29': 0, 'ePwrV': 28.407, 'iPwrV': 3.995, 'ai1': 43, 'temp5': 30, 'humidity86': 300, 'odometer': 198114050, 'temp1': 0, 'parm76': 0}, 'vLoc': 1, 'vCon': 1, 'ip': '109.83.238.29', 'rl': 0, 'trl': 197772.2548, 'mdu': 0, 'tmdu': 9609059, 'eidl': 119, 'teidl': 5692247, 'fc': 0, 'tfc': 13.289208, 'acc': 1, 'accOn': 17559836, 'accOff': 37156469, 'sdu': 0, 'tsdu': 0, 'lat': 24.2972333, 'lng': 43.7366366}, 'counters': {'odometer_type': 'gps', 'odometer': 197772.2532, 'engine_hours_type': 'acc', 'engine_hours': 17559836, 'last_acc': 1}, 'is_wasl_connected': 'Connected', 'iconUrl': 'https://api.afaqy.sa/images/units/icons/icon.png', 'hasCCTV': False}
[2024-04-22T16:20:46.883+0000] {warnings.py:109} WARNING - /home/***/.local/lib/python3.8/site-packages/elasticsearch/_sync/client/__init__.py:399: SecurityWarning: Connecting to 'https://dbelk2.afaqy.local:9200' using TLS with verify_certs=False is insecure
  _transport = transport_class(

[2024-04-22T16:20:47.072+0000] {warnings.py:109} WARNING - /home/***/.local/lib/python3.8/site-packages/elasticsearch/_sync/client/__init__.py:399: SecurityWarning: Connecting to 'https://dbelk3.afaqy.local:9200' using TLS with verify_certs=False is insecure
  _transport = transport_class(

[2024-04-22T16:20:47.201+0000] {warnings.py:109} WARNING - /home/***/.local/lib/python3.8/site-packages/elasticsearch/_sync/client/__init__.py:399: SecurityWarning: Connecting to 'https://dbelk1.afaqy.local:9200' using TLS with verify_certs=False is insecure
  _transport = transport_class(

[2024-04-22T16:20:47.239+0000] {warnings.py:109} WARNING - /home/***/.local/lib/python3.8/site-packages/urllib3/connectionpool.py:1061: InsecureRequestWarning: Unverified HTTPS request is being made to host 'dbelk2.afaqy.local'. Adding certificate verification is strongly advised. See: https://urllib3.readthedocs.io/en/1.26.x/advanced-usage.html#ssl-warnings
  warnings.warn(

[2024-04-22T16:20:47.309+0000] {_transport.py:335} INFO - GET https://dbelk2.afaqy.local:9200/_cluster/health [status:200 duration:0.107s]
[2024-04-22T16:20:47.920+0000] {warnings.py:109} WARNING - /home/***/.local/lib/python3.8/site-packages/urllib3/connectionpool.py:1061: InsecureRequestWarning: Unverified HTTPS request is being made to host 'dbelk3.afaqy.local'. Adding certificate verification is strongly advised. See: https://urllib3.readthedocs.io/en/1.26.x/advanced-usage.html#ssl-warnings
  warnings.warn(

[2024-04-22T16:20:49.465+0000] {_transport.py:335} INFO - PUT https://dbelk3.afaqy.local:9200/units_statistics_***/_bulk [status:200 duration:1.579s]
[2024-04-22T16:20:49.996+0000] {python.py:202} INFO - Done. Returned value was: None
[2024-04-22T16:20:50.011+0000] {taskinstance.py:1149} INFO - Marking task as SUCCESS. dag_id=Units_statistics_DAG, task_id=ETL_job, map_index=7, execution_date=20240422T160000, start_date=20240422T162018, end_date=20240422T162050
[2024-04-22T16:20:50.084+0000] {local_task_job_runner.py:234} INFO - Task exited with return code 0
[2024-04-22T16:20:50.118+0000] {taskinstance.py:3312} INFO - 0 downstream tasks scheduled from follow-on schedule check
