[2024-05-11T10:01:45.868+0000] {taskinstance.py:1979} INFO - Dependencies all met for dep_context=non-requeueable deps ti=<TaskInstance: Units_statistics_DAG.ETL_job scheduled__2024-05-11T09:40:00+00:00 map_index=5 [queued]>
[2024-05-11T10:01:45.884+0000] {taskinstance.py:1979} INFO - Dependencies all met for dep_context=requeueable deps ti=<TaskInstance: Units_statistics_DAG.ETL_job scheduled__2024-05-11T09:40:00+00:00 map_index=5 [queued]>
[2024-05-11T10:01:45.884+0000] {taskinstance.py:2193} INFO - Starting attempt 2 of 4
[2024-05-11T10:01:45.908+0000] {taskinstance.py:2217} INFO - Executing <Mapped(_PythonDecoratedOperator): ETL_job> on 2024-05-11 09:40:00+00:00
[2024-05-11T10:01:45.915+0000] {standard_task_runner.py:60} INFO - Started process 937681 to run task
[2024-05-11T10:01:45.932+0000] {standard_task_runner.py:87} INFO - Running: ['***', 'tasks', 'run', 'Units_statistics_DAG', 'ETL_job', 'scheduled__2024-05-11T09:40:00+00:00', '--job-id', '50298', '--raw', '--subdir', 'DAGS_FOLDER/Units_dag.py', '--cfg-path', '/tmp/tmpdodb6qgj', '--map-index', '5']
[2024-05-11T10:01:45.934+0000] {standard_task_runner.py:88} INFO - Job 50298: Subtask ETL_job
[2024-05-11T10:01:46.018+0000] {task_command.py:423} INFO - Running <TaskInstance: Units_statistics_DAG.ETL_job scheduled__2024-05-11T09:40:00+00:00 map_index=5 [running]> on host a09da322e808
[2024-05-11T10:01:46.257+0000] {taskinstance.py:2513} INFO - Exporting env vars: AIRFLOW_CTX_DAG_OWNER='abeer-araby' AIRFLOW_CTX_DAG_ID='Units_statistics_DAG' AIRFLOW_CTX_TASK_ID='ETL_job' AIRFLOW_CTX_EXECUTION_DATE='2024-05-11T09:40:00+00:00' AIRFLOW_CTX_TRY_NUMBER='2' AIRFLOW_CTX_DAG_RUN_ID='scheduled__2024-05-11T09:40:00+00:00'
[2024-05-11T10:01:46.258+0000] {Units_dag.py:98} INFO - i: 50000, chunk: 10000
[2024-05-11T10:01:46.259+0000] {Units_dag.py:99} INFO - child token is::: eyJ0eXAiOiJKV1QiLCJhbGciOiJIUzI1NiJ9.eyJpc3MiOiJodHRwczovL2FwaS5hZmFxeS5zYS9hdXRoL2xvZ2luX2FzIiwiaWF0IjoxNzE1NDIxNjA0LCJleHAiOjE3MTgwMTM2MDQsIm5iZiI6MTcxNTQyMTYwNCwianRpIjoiNVFlcllMVTNKMHVEMFQ2NiIsInN1YiI6IjVkNjNlNTFlMDNlZDUyOTJhNDJjMjRlNiIsInBydiI6IjI3MGVjZmM3ZWEzZWQ5MzdlYTg0OTM2MmEzYTUwOTEwYzZkOGNlNGYiLCJsb2dpbl9hc19pZCI6IjY1N2YwYWQ3M2Y5NzcyOTVjZjA1NTc2YSJ9.HOWtlO5E5YNHg-BaC2ExD-_ad2G6TxPZG1iL5je1w_o
[2024-05-11T10:02:03.269+0000] {Units_dag.py:103} INFO - {'_id': '62b07e215e94ae88895d4319', 'imei': '359633109807821', 'updated_at': '2024-04-18 11:18:59', 'custom_fields': [], 'creator': '', 'company': '', 'owner': '', 'last_update': {'dtt': 1655814601000, 'dts': 1655814603866, 'spd': 0, 'ang': 334, 'alt': 634, 'chPrams': {'output1': {'v': False, 'cdt': 1653546304000}, 'protocol': {'v': 'teltonika_FMB640', 'cdt': 1654086711000}, 'ePwrV': {'v': 28.232, 'cdt': 1655814601000}, 'sat': {'v': 15, 'cdt': 1655814541000}, 'ai1': {'v': 0, 'cdt': 1654680831000}, 'iPwrV': {'v': 4.037, 'cdt': 1655814601000}, 'priority': {'v': 0, 'cdt': 1655796525000}, 'event': {'v': 0, 'cdt': 1655796525000}, 'di1': {'v': 1, 'cdt': 1655796465000}}, 'prms': {'protocol': 'teltonika_FMB640', 'priority': 0, 'sat': 15, 'event': 0, 'di1': 1, 'output1': 0, 'ePwrV': 28.232, 'iPwrV': 4.037, 'ai1': 0}, 'devPrms': ['protocol', 'priority', 'sat', 'event', 'di1', 'output1', 'ePwrV', 'iPwrV', 'ai1'], 'old_params': {'protocol': 'teltonika_FMB640', 'priority': 0, 'sat': 15, 'event': 0, 'di1': 1, 'output1': 0, 'ePwrV': 28.234, 'iPwrV': 4.039, 'ai1': 0}, 'vLoc': 1, 'vCon': 1, 'ip': '146.251.176.2', 'rl': 0, 'trl': 44863.478, 'mdu': 0, 'tmdu': 3651354, 'eidl': 60, 'teidl': 22226105, 'fc': 0, 'tfc': 29.043144, 'acc': 1, 'accOn': 25969757, 'accOff': 11703406, 'sdu': 0, 'tsdu': 0, 'lat': 24.7303833, 'lng': 46.7123016}, 'counters': {'engine_hours': 25969757, 'last_acc': 1, 'odometer': 44863.4477}, 'is_wasl_connected': 'Not Connected', 'iconUrl': '', 'hasCCTV': False}
[2024-05-11T10:02:03.805+0000] {warnings.py:109} WARNING - /home/***/.local/lib/python3.8/site-packages/elasticsearch/_sync/client/__init__.py:399: SecurityWarning: Connecting to 'https://dbelk2.afaqy.local:9200' using TLS with verify_certs=False is insecure
  _transport = transport_class(

[2024-05-11T10:02:03.856+0000] {warnings.py:109} WARNING - /home/***/.local/lib/python3.8/site-packages/elasticsearch/_sync/client/__init__.py:399: SecurityWarning: Connecting to 'https://dbelk1.afaqy.local:9200' using TLS with verify_certs=False is insecure
  _transport = transport_class(

[2024-05-11T10:02:03.904+0000] {warnings.py:109} WARNING - /home/***/.local/lib/python3.8/site-packages/elasticsearch/_sync/client/__init__.py:399: SecurityWarning: Connecting to 'https://dbelk3.afaqy.local:9200' using TLS with verify_certs=False is insecure
  _transport = transport_class(

[2024-05-11T10:02:03.926+0000] {warnings.py:109} WARNING - /home/***/.local/lib/python3.8/site-packages/urllib3/connectionpool.py:1061: InsecureRequestWarning: Unverified HTTPS request is being made to host 'dbelk2.afaqy.local'. Adding certificate verification is strongly advised. See: https://urllib3.readthedocs.io/en/1.26.x/advanced-usage.html#ssl-warnings
  warnings.warn(

[2024-05-11T10:02:04.006+0000] {_transport.py:335} INFO - GET https://dbelk2.afaqy.local:9200/_cluster/health [status:200 duration:0.099s]
[2024-05-11T10:02:04.405+0000] {warnings.py:109} WARNING - /home/***/.local/lib/python3.8/site-packages/urllib3/connectionpool.py:1061: InsecureRequestWarning: Unverified HTTPS request is being made to host 'dbelk1.afaqy.local'. Adding certificate verification is strongly advised. See: https://urllib3.readthedocs.io/en/1.26.x/advanced-usage.html#ssl-warnings
  warnings.warn(

[2024-05-11T10:02:05.827+0000] {_transport.py:335} INFO - PUT https://dbelk1.afaqy.local:9200/units_statistics_***/_bulk [status:200 duration:1.447s]
[2024-05-11T10:02:06.159+0000] {python.py:202} INFO - Done. Returned value was: None
[2024-05-11T10:02:06.172+0000] {taskinstance.py:1149} INFO - Marking task as SUCCESS. dag_id=Units_statistics_DAG, task_id=ETL_job, map_index=5, execution_date=20240511T094000, start_date=20240511T100145, end_date=20240511T100206
[2024-05-11T10:02:06.238+0000] {local_task_job_runner.py:234} INFO - Task exited with return code 0
[2024-05-11T10:02:06.278+0000] {taskinstance.py:3312} INFO - 0 downstream tasks scheduled from follow-on schedule check
