[2024-04-24T14:20:15.568+0000] {taskinstance.py:1979} INFO - Dependencies all met for dep_context=non-requeueable deps ti=<TaskInstance: Units_statistics_DAG.ETL_job scheduled__2024-04-24T14:00:00+00:00 map_index=8 [queued]>
[2024-04-24T14:20:15.666+0000] {taskinstance.py:1979} INFO - Dependencies all met for dep_context=requeueable deps ti=<TaskInstance: Units_statistics_DAG.ETL_job scheduled__2024-04-24T14:00:00+00:00 map_index=8 [queued]>
[2024-04-24T14:20:15.666+0000] {taskinstance.py:2193} INFO - Starting attempt 1 of 4
[2024-04-24T14:20:15.799+0000] {taskinstance.py:2217} INFO - Executing <Mapped(_PythonDecoratedOperator): ETL_job> on 2024-04-24 14:00:00+00:00
[2024-04-24T14:20:15.849+0000] {standard_task_runner.py:60} INFO - Started process 520819 to run task
[2024-04-24T14:20:15.904+0000] {standard_task_runner.py:87} INFO - Running: ['***', 'tasks', 'run', 'Units_statistics_DAG', 'ETL_job', 'scheduled__2024-04-24T14:00:00+00:00', '--job-id', '14802', '--raw', '--subdir', 'DAGS_FOLDER/Units_dag.py', '--cfg-path', '/tmp/tmp9im20_26', '--map-index', '8']
[2024-04-24T14:20:15.938+0000] {standard_task_runner.py:88} INFO - Job 14802: Subtask ETL_job
[2024-04-24T14:20:16.307+0000] {task_command.py:423} INFO - Running <TaskInstance: Units_statistics_DAG.ETL_job scheduled__2024-04-24T14:00:00+00:00 map_index=8 [running]> on host a09da322e808
[2024-04-24T14:20:17.034+0000] {taskinstance.py:2513} INFO - Exporting env vars: AIRFLOW_CTX_DAG_OWNER='abeer-araby' AIRFLOW_CTX_DAG_ID='Units_statistics_DAG' AIRFLOW_CTX_TASK_ID='ETL_job' AIRFLOW_CTX_EXECUTION_DATE='2024-04-24T14:00:00+00:00' AIRFLOW_CTX_TRY_NUMBER='1' AIRFLOW_CTX_DAG_RUN_ID='scheduled__2024-04-24T14:00:00+00:00'
[2024-04-24T14:20:17.036+0000] {Units_dag.py:99} INFO - i: 80000, chunk: 10000
[2024-04-24T14:20:17.036+0000] {Units_dag.py:100} INFO - child token is::: eyJ0eXAiOiJKV1QiLCJhbGciOiJIUzI1NiJ9.eyJpc3MiOiJodHRwczovL2FwaS5hZmFxeS5zYS9hdXRoL2xvZ2luX2FzIiwiaWF0IjoxNzEzOTY4NDA0LCJleHAiOjE3MTY1NjA0MDQsIm5iZiI6MTcxMzk2ODQwNCwianRpIjoiMll6elh5Z1o1U1RuVmNKayIsInN1YiI6IjVkNjNlNTFlMDNlZDUyOTJhNDJjMjRlNiIsInBydiI6IjI3MGVjZmM3ZWEzZWQ5MzdlYTg0OTM2MmEzYTUwOTEwYzZkOGNlNGYiLCJsb2dpbl9hc19pZCI6IjY1N2YwYWQ3M2Y5NzcyOTVjZjA1NTc2YSJ9.7O78fyhgWeaoAkwSg43FGf0VpxMNiKC0AcEQMUCzlYQ
[2024-04-24T14:20:49.872+0000] {Units_dag.py:104} INFO - {'_id': '63d80d7daf4e5d0d28281895', 'icon': 'icons/icon.png', 'driver_id': '', 'tailer_id': '', 'profile': {'measurement_type': 'count', 'fuel_type': '91', 'year': 0, 'seats': 2}, 'device_password': '***', 'device_type': 'gps', 'gateway': False, 'name': '8546 - X B R', 'operation_code': None, 'device_gateway': None, 'business_types': {'waste': False, 'transportation': True, 'water': False}, 'imei': '866854051753377', 'sim_number': '+966830020810020', 'sim_serial': '996609821110853817', 'device_serial': '866854051753377', 'device': 'bce', 'user_id': '63c3ef672cabbb6db33623df', 'created_by': '5e6655bf03ed52e1ab79d301', 'updated_at': '2024-04-18 11:18:59', 'created_at': '2023-01-30 21:33:33', 'custom_fields': [], 'creator': 'amr.ahmed', 'company': '', 'owner': 'al-nakhla-admin', 'last_update': {'dtt': 1713968372000, 'dts': 1713968399143, 'spd': 14, 'ang': 156, 'alt': 643, 'chPrams': {'di16': {'v': 0, 'cdt': 1713968372000}, 'ePwrV': {'v': 13.551, 'cdt': 1713968372000}, 'di15': {'v': 0, 'cdt': 1675106810000}, 'rssi1': {'v': 33, 'cdt': 1713968372000}, 'di14': {'v': 0, 'cdt': 1713967418000}, 'di13': {'v': 0, 'cdt': 1711400874000}, 'di12': {'v': 0, 'cdt': 1711400874000}, 'di11': {'v': 0, 'cdt': 1711400874000}, 'di10': {'v': 0, 'cdt': 1711400874000}, 'di2': {'v': 1, 'cdt': 1711400874000}, 'di1': {'v': 1, 'cdt': 1713968326000}, 'di4': {'v': 0, 'cdt': 1711400874000}, 'di3': {'v': 0, 'cdt': 1711400874000}, 'di6': {'v': 1, 'cdt': 1711400874000}, 'di5': {'v': 1, 'cdt': 1713966802000}, 'lac1': {'v': 1213, 'cdt': 1713967906000}, 'protocol': {'v': 'bce', 'cdt': 1711400874000}, 'di8': {'v': 1, 'cdt': 1711400874000}, 'di7': {'v': 1, 'cdt': 1713966802000}, 'di9': {'v': 0, 'cdt': 1711400874000}, 'iPwrV': {'v': 3.968, 'cdt': 1713968304000}, 'cid1': {'v': 48431, 'cdt': 1713968326000}, 'odometer': {'v': 1127943175, 'cdt': 1713968372000}, 'spd': {'v': 14, 'cdt': 1713968372000}, 'sat': {'v': 14, 'cdt': 1713968214000}, 'hdop': {'v': 1, 'cdt': 1713887460000}, 'ta': {'v': 0, 'cdt': 1711400874000}, 'mcc1': {'v': 420, 'cdt': 1711923000000}, 'mnc1': {'v': 3, 'cdt': 1711923000000}}, 'prms': {'protocol': 'bce', 'spd': 14, 'sat': 14, 'hdop': 1, 'odometer': 1127943175, 'di16': 0, 'di15': 0, 'di14': 0, 'di13': 0, 'di12': 0, 'di11': 0, 'di10': 0, 'di9': 0, 'di8': 1, 'di7': 1, 'di6': 1, 'di5': 1, 'di4': 0, 'di3': 0, 'di2': 1, 'di1': 1, 'ePwrV': 13.551, 'iPwrV': 3.968, 'ta': 0, 'mcc1': 420, 'mnc1': 3, 'lac1': 1213, 'cid1': 48431, 'rssi1': 33}, 'devPrms': ['protocol', 'spd', 'sat', 'hdop', 'odometer', 'di16', 'di15', 'di14', 'di13', 'di12', 'di11', 'di10', 'di9', 'di8', 'di7', 'di6', 'di5', 'di4', 'di3', 'di2', 'di1', 'ePwrV', 'iPwrV', 'ta', 'mcc1', 'mnc1', 'lac1', 'cid1', 'rssi1'], 'old_params': {'protocol': 'bce', 'spd': 22, 'sat': 14, 'hdop': 1, 'odometer': 1111140094, 'di16': 1, 'di15': 0, 'di14': 0, 'di13': 0, 'di12': 0, 'di11': 0, 'di10': 0, 'di9': 0, 'di8': 1, 'di7': 1, 'di6': 1, 'di5': 1, 'di4': 0, 'di3': 0, 'di2': 1, 'di1': 1, 'ePwrV': 13.702, 'iPwrV': 3.968, 'ta': 0, 'mcc1': 420, 'mnc1': 3, 'lac1': 1213, 'cid1': 48431, 'rssi1': 43}, 'vLoc': 1, 'vCon': 1, 'ip': '109.83.20.49', 'rl': 0.1874, 'trl': 10297.954, 'mdu': 30, 'tmdu': 682144, 'eidl': 0, 'teidl': 266278, 'fc': 0.022488, 'tfc': 4.979832, 'acc': 1, 'accOn': 1687580, 'accOff': 38943598, 'sdu': 0, 'tsdu': 0, 'lat': 24.763540267944336, 'lng': 46.73695755004883}, 'counters': {'odometer_type': 'gps', 'odometer': 14774.4853, 'engine_hours_type': 'acc', 'engine_hours': 1687580, 'last_acc': 1}, 'is_wasl_connected': 'Not Connected', 'iconUrl': 'https://api.afaqy.sa/images/units/icons/icon.png', 'hasCCTV': False}
[2024-04-24T14:20:52.685+0000] {warnings.py:109} WARNING - /home/***/.local/lib/python3.8/site-packages/elasticsearch/_sync/client/__init__.py:399: SecurityWarning: Connecting to 'https://dbelk3.afaqy.local:9200' using TLS with verify_certs=False is insecure
  _transport = transport_class(

[2024-04-24T14:20:52.784+0000] {warnings.py:109} WARNING - /home/***/.local/lib/python3.8/site-packages/elasticsearch/_sync/client/__init__.py:399: SecurityWarning: Connecting to 'https://dbelk1.afaqy.local:9200' using TLS with verify_certs=False is insecure
  _transport = transport_class(

[2024-04-24T14:20:52.866+0000] {warnings.py:109} WARNING - /home/***/.local/lib/python3.8/site-packages/elasticsearch/_sync/client/__init__.py:399: SecurityWarning: Connecting to 'https://dbelk2.afaqy.local:9200' using TLS with verify_certs=False is insecure
  _transport = transport_class(

[2024-04-24T14:20:52.898+0000] {warnings.py:109} WARNING - /home/***/.local/lib/python3.8/site-packages/urllib3/connectionpool.py:1061: InsecureRequestWarning: Unverified HTTPS request is being made to host 'dbelk3.afaqy.local'. Adding certificate verification is strongly advised. See: https://urllib3.readthedocs.io/en/1.26.x/advanced-usage.html#ssl-warnings
  warnings.warn(

[2024-04-24T14:20:52.968+0000] {_transport.py:335} INFO - GET https://dbelk3.afaqy.local:9200/_cluster/health [status:200 duration:0.086s]
[2024-04-24T14:20:53.932+0000] {warnings.py:109} WARNING - /home/***/.local/lib/python3.8/site-packages/urllib3/connectionpool.py:1061: InsecureRequestWarning: Unverified HTTPS request is being made to host 'dbelk1.afaqy.local'. Adding certificate verification is strongly advised. See: https://urllib3.readthedocs.io/en/1.26.x/advanced-usage.html#ssl-warnings
  warnings.warn(

[2024-04-24T14:20:56.364+0000] {_transport.py:335} INFO - PUT https://dbelk1.afaqy.local:9200/units_statistics_***/_bulk [status:200 duration:2.461s]
[2024-04-24T14:20:57.199+0000] {python.py:202} INFO - Done. Returned value was: None
[2024-04-24T14:20:57.229+0000] {taskinstance.py:1149} INFO - Marking task as SUCCESS. dag_id=Units_statistics_DAG, task_id=ETL_job, map_index=8, execution_date=20240424T140000, start_date=20240424T142015, end_date=20240424T142057
[2024-04-24T14:20:57.313+0000] {local_task_job_runner.py:234} INFO - Task exited with return code 0
[2024-04-24T14:20:57.338+0000] {taskinstance.py:3312} INFO - 0 downstream tasks scheduled from follow-on schedule check
