[2024-04-30T15:20:12.926+0000] {taskinstance.py:1979} INFO - Dependencies all met for dep_context=non-requeueable deps ti=<TaskInstance: Units_statistics_DAG.ETL_job scheduled__2024-04-30T15:00:00+00:00 map_index=10 [queued]>
[2024-04-30T15:20:12.999+0000] {taskinstance.py:1979} INFO - Dependencies all met for dep_context=requeueable deps ti=<TaskInstance: Units_statistics_DAG.ETL_job scheduled__2024-04-30T15:00:00+00:00 map_index=10 [queued]>
[2024-04-30T15:20:13.000+0000] {taskinstance.py:2193} INFO - Starting attempt 1 of 4
[2024-04-30T15:20:13.099+0000] {taskinstance.py:2217} INFO - Executing <Mapped(_PythonDecoratedOperator): ETL_job> on 2024-04-30 15:00:00+00:00
[2024-04-30T15:20:13.114+0000] {standard_task_runner.py:60} INFO - Started process 665088 to run task
[2024-04-30T15:20:13.140+0000] {standard_task_runner.py:87} INFO - Running: ['***', 'tasks', 'run', 'Units_statistics_DAG', 'ETL_job', 'scheduled__2024-04-30T15:00:00+00:00', '--job-id', '24864', '--raw', '--subdir', 'DAGS_FOLDER/Units_dag.py', '--cfg-path', '/tmp/tmpcyooc5im', '--map-index', '10']
[2024-04-30T15:20:13.162+0000] {standard_task_runner.py:88} INFO - Job 24864: Subtask ETL_job
[2024-04-30T15:20:13.567+0000] {task_command.py:423} INFO - Running <TaskInstance: Units_statistics_DAG.ETL_job scheduled__2024-04-30T15:00:00+00:00 map_index=10 [running]> on host a09da322e808
[2024-04-30T15:20:14.223+0000] {taskinstance.py:2513} INFO - Exporting env vars: AIRFLOW_CTX_DAG_OWNER='abeer-araby' AIRFLOW_CTX_DAG_ID='Units_statistics_DAG' AIRFLOW_CTX_TASK_ID='ETL_job' AIRFLOW_CTX_EXECUTION_DATE='2024-04-30T15:00:00+00:00' AIRFLOW_CTX_TRY_NUMBER='1' AIRFLOW_CTX_DAG_RUN_ID='scheduled__2024-04-30T15:00:00+00:00'
[2024-04-30T15:20:14.225+0000] {Units_dag.py:99} INFO - i: 100000, chunk: 10000
[2024-04-30T15:20:14.225+0000] {Units_dag.py:100} INFO - child token is::: eyJ0eXAiOiJKV1QiLCJhbGciOiJIUzI1NiJ9.eyJpc3MiOiJodHRwczovL2FwaS5hZmFxeS5zYS9hdXRoL2xvZ2luX2FzIiwiaWF0IjoxNzE0NDkwNDAzLCJleHAiOjE3MTcwODI0MDMsIm5iZiI6MTcxNDQ5MDQwMywianRpIjoiTE5SUzliTEZpbjkyZEY5RSIsInN1YiI6IjVkNjNlNTFlMDNlZDUyOTJhNDJjMjRlNiIsInBydiI6IjI3MGVjZmM3ZWEzZWQ5MzdlYTg0OTM2MmEzYTUwOTEwYzZkOGNlNGYiLCJsb2dpbl9hc19pZCI6IjY1N2YwYWQ3M2Y5NzcyOTVjZjA1NTc2YSJ9.raPqEhFuQegKNaII4aPe8FKhv3BMIRP-7UASfBXwsEw
[2024-04-30T15:20:33.038+0000] {Units_dag.py:104} INFO - {'_id': '6453765aab7e514104580ff5', 'icon': 'icons/icon.png', 'driver_id': '', 'tailer_id': '', 'profile': {'vehicle_type': None, 'measurement_type': 'count', 'max_capacity': 0, 'vin': None, 'plate_number': '3627 ERA', 'start_operation': None, 'contract_milage': None, 'opening_milage': None, 'model': None, 'fuel_type': '91', 'year': 0, 'seats': 2}, 'device_password': '***', 'device_type': 'gps', 'gateway': False, 'name': '5100313', 'operation_code': '', 'device_gateway': '', 'business_types': {'waste': False, 'transportation': True, 'water': False}, 'imei': '869688059179731', 'sim_number': '+966830031807740', 'sim_serial': '421296736956', 'device_serial': '869688059179731', 'device': 'bce', 'user_id': '633ed22ee267ca0078423ef3', 'created_by': '5e6655bf03ed52e1ab79d301', 'updated_at': '2024-04-22 12:12:09', 'created_at': '2023-05-04 12:09:46', 'custom_fields': [], 'shipment_info': None, 'skip_sim_information': False, 'creator': 'amr.ahmed', 'company': '', 'owner': 'herfy-food-admin', 'last_update': {'dtt': 1714490386000, 'dts': 1714490415063, 'spd': 0, 'ang': 292, 'alt': 2067, 'chPrams': {'oneWireTemp2': {'v': '-273.00', 'cdt': 1712071084000}, 'oneWireTemp1': {'v': '14.60', 'cdt': 1714490386000}, 'oneWireTemp4': {'v': '-273.00', 'cdt': 1712071084000}, 'ePwrV': {'v': 25.772, 'cdt': 1714490386000}, 'oneWireTemp3': {'v': '-273.00', 'cdt': 1712071084000}, 'di16': {'v': 1, 'cdt': 1714131904000}, 'di15': {'v': 0, 'cdt': 1712660664000}, 'rssi1': {'v': 57, 'cdt': 1714490386000}, 'di14': {'v': 0, 'cdt': 1714487638000}, 'di13': {'v': 0, 'cdt': 1714131904000}, 'di12': {'v': 0, 'cdt': 1714131904000}, 'di11': {'v': 0, 'cdt': 1714131904000}, 'di10': {'v': 0, 'cdt': 1714131904000}, 'di2': {'v': 1, 'cdt': 1712070184000}, 'di1': {'v': 0, 'cdt': 1714487686000}, 'ai4': {'v': 16310, 'cdt': 1714490386000}, 'di4': {'v': 0, 'cdt': 1714131904000}, 'di3': {'v': 0, 'cdt': 1714131904000}, 'di6': {'v': 0, 'cdt': 1714131904000}, 'di5': {'v': 0, 'cdt': 1714487656000}, 'lac1': {'v': 62012, 'cdt': 1714460448000}, 'oneWireTemp1Hex': {'v': 'C3FF001E6B4FF701', 'cdt': 1712071084000}, 'protocol': {'v': 'bce', 'cdt': 1714131904000}, 'di8': {'v': 1, 'cdt': 1714131904000}, 'di7': {'v': 0, 'cdt': 1714487686000}, 'di9': {'v': 0, 'cdt': 1714131904000}, 'iPwrV': {'v': 4.014, 'cdt': 1714489186000}, 'humidity': {'v': 79, 'cdt': 1714490086000}, 'oneWireTemp3Hex': {'v': '0', 'cdt': 1712071084000}, 'ID': {'v': 'FF001E6B4FF7', 'cdt': 1712279484000}, 'cid1': {'v': 12474, 'cdt': 1714473658000}, 'oneWireTemp2ID': {'v': '0', 'cdt': 1712071084000}, 'oneWireTemp3ID': {'v': '0', 'cdt': 1712071084000}, 'temp': {'v': -273, 'cdt': 1712940848000}, 'oneWireTemp1ID': {'v': '-4323736986602965247', 'cdt': 1712071084000}, 'odometer': {'v': 0, 'cdt': 1714487650000}, 'spd': {'v': 0, 'cdt': 1714487650000}, 'sat': {'v': 12, 'cdt': 1714487074000}, 'hdop': {'v': 1, 'cdt': 1714420462000}, 'ta': {'v': 0, 'cdt': 1714131304000}, 'oneWireTemp2Hex': {'v': '0', 'cdt': 1712071084000}, 'mcc1': {'v': 420, 'cdt': 1713252680000}, 'oneWireTemp4Hex': {'v': '0', 'cdt': 1712071084000}, 'mnc1': {'v': 4, 'cdt': 1714383864000}, 'oneWireTemp4ID': {'v': '0', 'cdt': 1712071084000}}, 'prms': {'protocol': 'bce', 'spd': 0, 'sat': 12, 'hdop': 1, 'odometer': 0, 'di16': 1, 'di15': 0, 'di14': 0, 'di13': 0, 'di12': 0, 'di11': 0, 'di10': 0, 'di9': 0, 'di8': 1, 'di7': 0, 'di6': 0, 'di5': 0, 'di4': 0, 'di3': 0, 'di2': 1, 'di1': 0, 'ePwrV': 25.772, 'ai4': 16310, 'iPwrV': 4.014, 'ta': 0, 'mcc1': 420, 'mnc1': 4, 'lac1': 62012, 'cid1': 12474, 'rssi1': 57, 'ID': 'FF001E6B4FF7', 'temp': -273, 'humidity': 79, 'oneWireTemp1': '14.60', 'oneWireTemp1ID': '-4323736986602965247', 'oneWireTemp1Hex': 'C3FF001E6B4FF701', 'oneWireTemp2': '-273.00', 'oneWireTemp2ID': '0', 'oneWireTemp2Hex': '0', 'oneWireTemp3': '-273.00', 'oneWireTemp3ID': '0', 'oneWireTemp3Hex': '0', 'oneWireTemp4': '-273.00', 'oneWireTemp4ID': '0', 'oneWireTemp4Hex': '0'}, 'devPrms': ['protocol', 'spd', 'sat', 'hdop', 'odometer', 'di16', 'di15', 'di14', 'di13', 'di12', 'di11', 'di10', 'di9', 'di8', 'di7', 'di6', 'di5', 'di4', 'di3', 'di2', 'di1', 'ePwrV', 'ai4', 'iPwrV', 'ta', 'mcc1', 'mnc1', 'lac1', 'cid1', 'rssi1', 'ID', 'temp', 'humidity', 'oneWireTemp1', 'oneWireTemp1ID', 'oneWireTemp1Hex', 'oneWireTemp2', 'oneWireTemp2ID', 'oneWireTemp2Hex', 'oneWireTemp3', 'oneWireTemp3ID', 'oneWireTemp3Hex', 'oneWireTemp4', 'oneWireTemp4ID', 'oneWireTemp4Hex'], 'old_params': {'oneWireTemp2': '-273.00', 'oneWireTemp1': '14.80', 'oneWireTemp4': '-273.00', 'di16': 1, 'ePwrV': 25.807, 'oneWireTemp3': '-273.00', 'di15': 0, 'rssi1': 54, 'di14': 0, 'di13': 0, 'di12': 0, 'di11': 0, 'di10': 0, 'di2': 1, 'di1': 0, 'ai4': 16351, 'di4': 0, 'di3': 0, 'di6': 0, 'di5': 0, 'lac1': 62012, 'protocol': 'bce', 'di8': 1, 'oneWireTemp1Hex': 'C3FF001E6B4FF701', 'di7': 0, 'di9': 0, 'iPwrV': 4.014, 'humidity': 79, 'ID': 'FF001E6B4FF7', 'oneWireTemp3Hex': '0', 'cid1': 12474, 'oneWireTemp2ID': '0', 'oneWireTemp3ID': '0', 'temp': -273, 'oneWireTemp1ID': '-4323736986602965247', 'odometer': 0, 'spd': 0, 'sat': 12, 'hdop': 1, 'ta': 0, 'oneWireTemp2Hex': '0', 'mcc1': 420, 'oneWireTemp4Hex': '0', 'mnc1': 4, 'oneWireTemp4ID': '0'}, 'vLoc': 1, 'vCon': 1, 'ip': '51.39.23.84', 'rl': 0, 'trl': 54826.3573, 'mdu': 0, 'tmdu': 3646482, 'eidl': 0, 'teidl': 6976532, 'fc': 0, 'tfc': 0.743472, 'acc': 0, 'accOn': 11457920, 'accOff': 20141932, 'sdu': 300, 'tsdu': 2730, 'lat': 18.286531448364258, 'lng': 42.675079345703125}, 'counters': {'odometer_type': 'gps', 'odometer': 54826.1247, 'engine_hours_type': 'acc', 'engine_hours': 11457920, 'last_acc': 0}, 'is_wasl_connected': 'Connected', 'iconUrl': 'https://api.afaqy.sa/images/units/icons/icon.png', 'hasCCTV': False}
[2024-04-30T15:20:33.601+0000] {warnings.py:109} WARNING - /home/***/.local/lib/python3.8/site-packages/elasticsearch/_sync/client/__init__.py:399: SecurityWarning: Connecting to 'https://dbelk3.afaqy.local:9200' using TLS with verify_certs=False is insecure
  _transport = transport_class(

[2024-04-30T15:20:33.644+0000] {warnings.py:109} WARNING - /home/***/.local/lib/python3.8/site-packages/elasticsearch/_sync/client/__init__.py:399: SecurityWarning: Connecting to 'https://dbelk1.afaqy.local:9200' using TLS with verify_certs=False is insecure
  _transport = transport_class(

[2024-04-30T15:20:33.686+0000] {warnings.py:109} WARNING - /home/***/.local/lib/python3.8/site-packages/elasticsearch/_sync/client/__init__.py:399: SecurityWarning: Connecting to 'https://dbelk2.afaqy.local:9200' using TLS with verify_certs=False is insecure
  _transport = transport_class(

[2024-04-30T15:20:33.705+0000] {warnings.py:109} WARNING - /home/***/.local/lib/python3.8/site-packages/urllib3/connectionpool.py:1061: InsecureRequestWarning: Unverified HTTPS request is being made to host 'dbelk3.afaqy.local'. Adding certificate verification is strongly advised. See: https://urllib3.readthedocs.io/en/1.26.x/advanced-usage.html#ssl-warnings
  warnings.warn(

[2024-04-30T15:20:33.790+0000] {_transport.py:335} INFO - GET https://dbelk3.afaqy.local:9200/_cluster/health [status:200 duration:0.102s]
[2024-04-30T15:20:34.187+0000] {warnings.py:109} WARNING - /home/***/.local/lib/python3.8/site-packages/urllib3/connectionpool.py:1061: InsecureRequestWarning: Unverified HTTPS request is being made to host 'dbelk1.afaqy.local'. Adding certificate verification is strongly advised. See: https://urllib3.readthedocs.io/en/1.26.x/advanced-usage.html#ssl-warnings
  warnings.warn(

[2024-04-30T15:20:37.345+0000] {_transport.py:335} INFO - PUT https://dbelk1.afaqy.local:9200/units_statistics_***/_bulk [status:200 duration:3.184s]
[2024-04-30T15:20:37.502+0000] {taskinstance.py:2731} ERROR - Task failed with exception
Traceback (most recent call last):
  File "/home/airflow/.local/lib/python3.8/site-packages/airflow/models/taskinstance.py", line 444, in _execute_task
    result = _execute_callable(context=context, **execute_callable_kwargs)
  File "/home/airflow/.local/lib/python3.8/site-packages/airflow/models/taskinstance.py", line 414, in _execute_callable
    return execute_callable(context=context, **execute_callable_kwargs)
  File "/home/airflow/.local/lib/python3.8/site-packages/airflow/decorators/base.py", line 241, in execute
    return_value = super().execute(context)
  File "/home/airflow/.local/lib/python3.8/site-packages/airflow/operators/python.py", line 200, in execute
    return_value = self.execute_callable()
  File "/home/airflow/.local/lib/python3.8/site-packages/airflow/operators/python.py", line 217, in execute_callable
    return self.python_callable(*self.op_args, **self.op_kwargs)
  File "/opt/airflow/dags/Units_dag.py", line 112, in ETL_job
    Elk_client.elk_pushData(Globals.index_name,units_list_update)
  File "/opt/airflow/dags/elk_manager.py", line 69, in elk_pushData
    helpers.bulk(self.elk_client, docs_list, index=index_name, chunk_size=batch)
  File "/home/airflow/.local/lib/python3.8/site-packages/elasticsearch/helpers/actions.py", line 521, in bulk
    for ok, item in streaming_bulk(
  File "/home/airflow/.local/lib/python3.8/site-packages/elasticsearch/helpers/actions.py", line 436, in streaming_bulk
    for data, (ok, info) in zip(
  File "/home/airflow/.local/lib/python3.8/site-packages/elasticsearch/helpers/actions.py", line 355, in _process_bulk_chunk
    yield from gen
  File "/home/airflow/.local/lib/python3.8/site-packages/elasticsearch/helpers/actions.py", line 274, in _process_bulk_chunk_success
    raise BulkIndexError(f"{len(errors)} document(s) failed to index.", errors)
elasticsearch.helpers.BulkIndexError: 1 document(s) failed to index.
[2024-04-30T15:20:37.531+0000] {taskinstance.py:1149} INFO - Marking task as UP_FOR_RETRY. dag_id=Units_statistics_DAG, task_id=ETL_job, map_index=10, execution_date=20240430T150000, start_date=20240430T152012, end_date=20240430T152037
[2024-04-30T15:20:37.561+0000] {standard_task_runner.py:107} ERROR - Failed to execute job 24864 for task ETL_job (1 document(s) failed to index.; 665088)
[2024-04-30T15:20:37.671+0000] {local_task_job_runner.py:234} INFO - Task exited with return code 1
[2024-04-30T15:20:37.700+0000] {taskinstance.py:3312} INFO - 0 downstream tasks scheduled from follow-on schedule check
