[2024-05-12T10:22:07.359+0000] {taskinstance.py:1979} INFO - Dependencies all met for dep_context=non-requeueable deps ti=<TaskInstance: Units_statistics_DAG.ETL_job scheduled__2024-05-12T10:00:00+00:00 map_index=16 [queued]>
[2024-05-12T10:22:07.384+0000] {taskinstance.py:1979} INFO - Dependencies all met for dep_context=requeueable deps ti=<TaskInstance: Units_statistics_DAG.ETL_job scheduled__2024-05-12T10:00:00+00:00 map_index=16 [queued]>
[2024-05-12T10:22:07.385+0000] {taskinstance.py:2193} INFO - Starting attempt 2 of 4
[2024-05-12T10:22:07.422+0000] {taskinstance.py:2217} INFO - Executing <Mapped(_PythonDecoratedOperator): ETL_job> on 2024-05-12 10:00:00+00:00
[2024-05-12T10:22:07.428+0000] {standard_task_runner.py:60} INFO - Started process 690 to run task
[2024-05-12T10:22:07.449+0000] {standard_task_runner.py:87} INFO - Running: ['***', 'tasks', 'run', 'Units_statistics_DAG', 'ETL_job', 'scheduled__2024-05-12T10:00:00+00:00', '--job-id', '53817', '--raw', '--subdir', 'DAGS_FOLDER/Units_dag.py', '--cfg-path', '/tmp/tmpz3yv_j84', '--map-index', '16']
[2024-05-12T10:22:07.451+0000] {standard_task_runner.py:88} INFO - Job 53817: Subtask ETL_job
[2024-05-12T10:22:07.585+0000] {task_command.py:423} INFO - Running <TaskInstance: Units_statistics_DAG.ETL_job scheduled__2024-05-12T10:00:00+00:00 map_index=16 [running]> on host 3abf70bf7e68
[2024-05-12T10:22:07.855+0000] {taskinstance.py:2513} INFO - Exporting env vars: AIRFLOW_CTX_DAG_OWNER='abeer-araby' AIRFLOW_CTX_DAG_ID='Units_statistics_DAG' AIRFLOW_CTX_TASK_ID='ETL_job' AIRFLOW_CTX_EXECUTION_DATE='2024-05-12T10:00:00+00:00' AIRFLOW_CTX_TRY_NUMBER='2' AIRFLOW_CTX_DAG_RUN_ID='scheduled__2024-05-12T10:00:00+00:00'
[2024-05-12T10:22:07.857+0000] {Units_dag.py:98} INFO - i: 160000, chunk: 10000
[2024-05-12T10:22:07.857+0000] {Units_dag.py:99} INFO - child token is::: eyJ0eXAiOiJKV1QiLCJhbGciOiJIUzI1NiJ9.eyJpc3MiOiJodHRwczovL2FwaS5hZmFxeS5zYS9hdXRoL2xvZ2luX2FzIiwiaWF0IjoxNzE1NTA5MjAzLCJleHAiOjE3MTgxMDEyMDMsIm5iZiI6MTcxNTUwOTIwMywianRpIjoibnhtaVR2dVR0eFN5ZkxxNCIsInN1YiI6IjVkNjNlNTFlMDNlZDUyOTJhNDJjMjRlNiIsInBydiI6IjI3MGVjZmM3ZWEzZWQ5MzdlYTg0OTM2MmEzYTUwOTEwYzZkOGNlNGYiLCJsb2dpbl9hc19pZCI6IjY1N2YwYWQ3M2Y5NzcyOTVjZjA1NTc2YSJ9.eGG5UfCxrdsbBAWnPkWAJF3Uzi_iG3Y4yIF1sM4WpFc
[2024-05-12T10:22:25.563+0000] {Units_dag.py:103} INFO - {'_id': '65f03d86be586c7f0503f2ca', 'icon': 'icons/icon.png', 'driver_id': '', 'tailer_id': '', 'profile': {'measurement_type': 'count', 'fuel_type': '91', 'year': 0, 'seats': 2}, 'shipment_info': {'product_category': '', 'truck_type': '', 'shipment_type': '', 'shipment_payment_type': '', 'transporter_type': '', 'operating_area': '', 'weight_kilograms_per_day': '', 'kms_per_day': '', 'opening_milage': '', 'shipment_trip_drive_hrs_day': '', 'expected_shipment_trip_day': '', 'car_pay_per_day': '', 'exceeding_temperature_limit_per_day': '', 'temperature_upper_limit': '', 'exceeding_humidity_limit_per_day': '', 'humidity_upper_limit': '', 'allowable_delay_drive_hrs_day': ''}, 'device_password': '***', 'device_type': 'gps', 'gateway': False, 'business_types': {'waste': False, 'transportation': True, 'water': False}, 'name': '6096 EGR', 'operation_code': None, 'device_gateway': None, 'skip_sim_information': False, 'imei': '864636062321514', 'sim_number': '+966830020519385', 'sim_serial': '8996609821112203586', 'device_serial': '1136680496', 'device': 'teltonika', 'user_id': '64a521fa2b89b242d0656ad2', 'created_by': '5e6655bf03ed52e1ab79d301', 'updated_at': '2024-04-18 11:18:59', 'created_at': '2024-03-12 14:33:26', 'custom_fields': [], 'creator': 'amr.ahmed', 'company': '', 'owner': 'chery-trading-admin', 'last_update': {'dtt': 1715509321000, 'dts': 1715509323420, 'spd': 39, 'ang': 131, 'alt': 750, 'chPrams': {'Speed': {'v': 39, 'cdt': 1715509321000}, 'output1': {'v': False, 'cdt': 1715459085000}, 'output2': {'v': False, 'cdt': 1715459085000}, 'ePwrV': {'v': 14.251, 'cdt': 1715509321000}, 'parm24': {'v': 39, 'cdt': 1715509321000}, 'sat': {'v': 18, 'cdt': 1715509321000}, 'ai1': {'v': 43, 'cdt': 1715235609000}, 'type': {'v': 6, 'cdt': 1713335095000}, 'priority': {'v': 0, 'cdt': 1714306123000}, 'di2': {'v': 0, 'cdt': 1714306123000}, 'di1': {'v': 1, 'cdt': 1715509009000}, 'result': {'v': '5665723a30332e32372e31335f343433204750533a41584e5f352e312e392048773a464d43313330204d6f643a3420494d45493a38363436333630363233323135313420496e69743a323032342d332d31372031303a353220557074696d653a34373737393239204d41433a363041443836354236323631205350433a312830292041584c3a32204f42443a3020424c3a312e31302042543a34', 'cdt': 1715458785000}, 'protocol': {'v': 'FMC130', 'cdt': 1715459085000}, 'parm6': {'v': 43, 'cdt': 1714306123000}, 'iPwrV': {'v': 3.959, 'cdt': 1715509321000}, 'event': {'v': 0, 'cdt': 1714306123000}}, 'prms': {'protocol': 'FMC130', 'priority': 0, 'sat': 18, 'event': 0, 'di1': 1, 'output1': 0, 'di2': 0, 'output2': 0, 'ePwrV': 14.251, 'Speed': 39, 'parm24': 39, 'iPwrV': 3.959, 'ai1': 43, 'parm6': 43}, 'devPrms': ['protocol', 'priority', 'sat', 'event', 'di1', 'output1', 'di2', 'output2', 'ePwrV', 'Speed', 'parm24', 'iPwrV', 'ai1', 'parm6'], 'old_params': {'protocol': 'FMC130', 'priority': 0, 'sat': 17, 'event': 0, 'di1': 1, 'output1': 0, 'di2': 0, 'output2': 0, 'ePwrV': 14.297, 'Speed': 35, 'parm24': 35, 'iPwrV': 3.963, 'ai1': 43, 'parm6': 43}, 'vLoc': 1, 'vCon': 1, 'ip': '37.216.26.16', 'rl': 0.0238, 'trl': 2542.324, 'mdu': 2, 'tmdu': 156644, 'eidl': 0, 'teidl': 50128, 'fc': 0.002856, 'tfc': 116.601036, 'acc': 1, 'accOn': 211114, 'accOff': 6177086, 'sdu': 0, 'tsdu': 0, 'lat': 24.5761783, 'lng': 46.6050516}, 'counters': {'engine_hours': 211114, 'last_acc': 1, 'odometer': 2542.324, 'engine_hours_type': 'acc', 'odometer_type': 'gps'}, 'is_wasl_connected': 'Not Connected', 'iconUrl': 'https://api.afaqy.sa/images/units/icons/icon.png', 'hasCCTV': False}
[2024-05-12T10:22:26.086+0000] {warnings.py:109} WARNING - /home/***/.local/lib/python3.8/site-packages/elasticsearch/_sync/client/__init__.py:399: SecurityWarning: Connecting to 'https://dbelk2.afaqy.local:9200' using TLS with verify_certs=False is insecure
  _transport = transport_class(

[2024-05-12T10:22:26.136+0000] {warnings.py:109} WARNING - /home/***/.local/lib/python3.8/site-packages/elasticsearch/_sync/client/__init__.py:399: SecurityWarning: Connecting to 'https://dbelk3.afaqy.local:9200' using TLS with verify_certs=False is insecure
  _transport = transport_class(

[2024-05-12T10:22:26.184+0000] {warnings.py:109} WARNING - /home/***/.local/lib/python3.8/site-packages/elasticsearch/_sync/client/__init__.py:399: SecurityWarning: Connecting to 'https://dbelk1.afaqy.local:9200' using TLS with verify_certs=False is insecure
  _transport = transport_class(

[2024-05-12T10:22:26.207+0000] {warnings.py:109} WARNING - /home/***/.local/lib/python3.8/site-packages/urllib3/connectionpool.py:1061: InsecureRequestWarning: Unverified HTTPS request is being made to host 'dbelk2.afaqy.local'. Adding certificate verification is strongly advised. See: https://urllib3.readthedocs.io/en/1.26.x/advanced-usage.html#ssl-warnings
  warnings.warn(

[2024-05-12T10:22:26.282+0000] {_transport.py:335} INFO - GET https://dbelk2.afaqy.local:9200/_cluster/health [status:200 duration:0.096s]
[2024-05-12T10:22:26.680+0000] {warnings.py:109} WARNING - /home/***/.local/lib/python3.8/site-packages/urllib3/connectionpool.py:1061: InsecureRequestWarning: Unverified HTTPS request is being made to host 'dbelk3.afaqy.local'. Adding certificate verification is strongly advised. See: https://urllib3.readthedocs.io/en/1.26.x/advanced-usage.html#ssl-warnings
  warnings.warn(

[2024-05-12T10:22:27.549+0000] {_transport.py:335} INFO - PUT https://dbelk3.afaqy.local:9200/units_statistics_***/_bulk [status:200 duration:0.891s]
[2024-05-12T10:22:27.627+0000] {taskinstance.py:2731} ERROR - Task failed with exception
Traceback (most recent call last):
  File "/home/airflow/.local/lib/python3.8/site-packages/airflow/models/taskinstance.py", line 444, in _execute_task
    result = _execute_callable(context=context, **execute_callable_kwargs)
  File "/home/airflow/.local/lib/python3.8/site-packages/airflow/models/taskinstance.py", line 414, in _execute_callable
    return execute_callable(context=context, **execute_callable_kwargs)
  File "/home/airflow/.local/lib/python3.8/site-packages/airflow/decorators/base.py", line 241, in execute
    return_value = super().execute(context)
  File "/home/airflow/.local/lib/python3.8/site-packages/airflow/operators/python.py", line 200, in execute
    return_value = self.execute_callable()
  File "/home/airflow/.local/lib/python3.8/site-packages/airflow/operators/python.py", line 217, in execute_callable
    return self.python_callable(*self.op_args, **self.op_kwargs)
  File "/opt/airflow/dags/Units_dag.py", line 111, in ETL_job
    Elk_client.elk_pushData(Globals.index_name,units_list_update)
  File "/opt/airflow/dags/units_statistics/elk_manager.py", line 69, in elk_pushData
    helpers.bulk(self.elk_client, docs_list, index=index_name, chunk_size=batch)
  File "/home/airflow/.local/lib/python3.8/site-packages/elasticsearch/helpers/actions.py", line 521, in bulk
    for ok, item in streaming_bulk(
  File "/home/airflow/.local/lib/python3.8/site-packages/elasticsearch/helpers/actions.py", line 436, in streaming_bulk
    for data, (ok, info) in zip(
  File "/home/airflow/.local/lib/python3.8/site-packages/elasticsearch/helpers/actions.py", line 355, in _process_bulk_chunk
    yield from gen
  File "/home/airflow/.local/lib/python3.8/site-packages/elasticsearch/helpers/actions.py", line 274, in _process_bulk_chunk_success
    raise BulkIndexError(f"{len(errors)} document(s) failed to index.", errors)
elasticsearch.helpers.BulkIndexError: 37 document(s) failed to index.
[2024-05-12T10:22:27.643+0000] {taskinstance.py:1149} INFO - Marking task as UP_FOR_RETRY. dag_id=Units_statistics_DAG, task_id=ETL_job, map_index=16, execution_date=20240512T100000, start_date=20240512T102207, end_date=20240512T102227
[2024-05-12T10:22:27.659+0000] {standard_task_runner.py:107} ERROR - Failed to execute job 53817 for task ETL_job (37 document(s) failed to index.; 690)
[2024-05-12T10:22:27.697+0000] {local_task_job_runner.py:234} INFO - Task exited with return code 1
[2024-05-12T10:22:27.732+0000] {taskinstance.py:3312} INFO - 0 downstream tasks scheduled from follow-on schedule check
