[2024-05-12T17:20:22.503+0000] {local_task_job_runner.py:120} INFO - ::group::Pre task execution logs
[2024-05-12T17:20:22.673+0000] {taskinstance.py:2076} INFO - Dependencies all met for dep_context=non-requeueable deps ti=<TaskInstance: Units_statistics_DAG.ETL_job scheduled__2024-05-12T17:00:00+00:00 map_index=5 [queued]>
[2024-05-12T17:20:22.777+0000] {taskinstance.py:2076} INFO - Dependencies all met for dep_context=requeueable deps ti=<TaskInstance: Units_statistics_DAG.ETL_job scheduled__2024-05-12T17:00:00+00:00 map_index=5 [queued]>
[2024-05-12T17:20:22.777+0000] {taskinstance.py:2306} INFO - Starting attempt 1 of 4
[2024-05-12T17:20:22.875+0000] {taskinstance.py:2330} INFO - Executing <Mapped(_PythonDecoratedOperator): ETL_job> on 2024-05-12 17:00:00+00:00
[2024-05-12T17:20:22.902+0000] {warnings.py:110} WARNING - /home/***/.local/lib/python3.12/site-packages/***/task/task_runner/standard_task_runner.py:61: DeprecationWarning: This process (pid=2062) is multi-threaded, use of fork() may lead to deadlocks in the child.
  pid = os.fork()

[2024-05-12T17:20:22.924+0000] {standard_task_runner.py:63} INFO - Started process 2071 to run task
[2024-05-12T17:20:22.944+0000] {standard_task_runner.py:90} INFO - Running: ['***', 'tasks', 'run', 'Units_statistics_DAG', 'ETL_job', 'scheduled__2024-05-12T17:00:00+00:00', '--job-id', '54455', '--raw', '--subdir', 'DAGS_FOLDER/Units_dag.py', '--cfg-path', '/tmp/tmp57ep0034', '--map-index', '5']
[2024-05-12T17:20:22.956+0000] {standard_task_runner.py:91} INFO - Job 54455: Subtask ETL_job
[2024-05-12T17:20:23.231+0000] {task_command.py:426} INFO - Running <TaskInstance: Units_statistics_DAG.ETL_job scheduled__2024-05-12T17:00:00+00:00 map_index=5 [running]> on host 7138d7e072c5
[2024-05-12T17:20:24.030+0000] {taskinstance.py:2648} INFO - Exporting env vars: AIRFLOW_CTX_DAG_OWNER='abeer-araby' AIRFLOW_CTX_DAG_ID='Units_statistics_DAG' AIRFLOW_CTX_TASK_ID='ETL_job' AIRFLOW_CTX_EXECUTION_DATE='2024-05-12T17:00:00+00:00' AIRFLOW_CTX_TRY_NUMBER='1' AIRFLOW_CTX_DAG_RUN_ID='scheduled__2024-05-12T17:00:00+00:00'
[2024-05-12T17:20:24.043+0000] {taskinstance.py:430} INFO - ::endgroup::
[2024-05-12T17:20:24.043+0000] {Units_dag.py:98} INFO - i: 50000, chunk: 10000
[2024-05-12T17:20:24.044+0000] {Units_dag.py:99} INFO - child token is::: eyJ0eXAiOiJKV1QiLCJhbGciOiJIUzI1NiJ9.eyJpc3MiOiJodHRwczovL2FwaS5hZmFxeS5zYS9hdXRoL2xvZ2luX2FzIiwiaWF0IjoxNzE1NTM0NDA1LCJleHAiOjE3MTgxMjY0MDUsIm5iZiI6MTcxNTUzNDQwNSwianRpIjoibk5pNlhGeXU0S2w3V2pITSIsInN1YiI6IjVkNjNlNTFlMDNlZDUyOTJhNDJjMjRlNiIsInBydiI6IjI3MGVjZmM3ZWEzZWQ5MzdlYTg0OTM2MmEzYTUwOTEwYzZkOGNlNGYiLCJsb2dpbl9hc19pZCI6IjY1N2YwYWQ3M2Y5NzcyOTVjZjA1NTc2YSJ9.NKI4VFaTnZO3IOFNjv02YrheZRPm-cG1-uGYw2Pe2hk
[2024-05-12T17:20:46.960+0000] {Units_dag.py:103} INFO - {'_id': '62b0866d70a8a171b7596562', 'icon': 'icons/icon.png', 'driver_id': '', 'tailer_id': '', 'profile': {'vehicle_type': '', 'measurement_type': 'count', 'max_capacity': 0, 'vin': '', 'plate_number': '', 'start_operation': '', 'contract_milage': '', 'opening_milage': '', 'model': '', 'fuel_type': '91', 'year': 0, 'seats': 2}, 'device_password': '***', 'device_type': 'gps', 'gateway': False, 'name': '6415 - R S B', 'operation_code': '', 'device_gateway': '', 'business_types': {'waste': False, 'transportation': True, 'water': False}, 'imei': '860665057558123', 'sim_number': '+966830028936814', 'sim_serial': '996609821111314606', 'device_serial': '860665057558123', 'device': 'bce', 'user_id': '62af7bfc84f980111c2de846', 'created_by': '5e6655bf03ed52e1ab79d301', 'updated_at': '2024-04-18 11:18:59', 'created_at': '2022-06-20 17:38:37', 'custom_fields': [], 'creator': 'amr.ahmed', 'company': '', 'owner': 'benaa-enmaa-admin', 'last_update': {'dtt': 1715534308000, 'dts': 1715534416589, 'spd': 0, 'ang': 10, 'alt': 8, 'chPrams': {'ePwrV': {'v': 25.48, 'cdt': 1715534308000}, 'di16': {'v': 1, 'cdt': 1715429500000}, 'di15': {'v': 0, 'cdt': 1655807834000}, 'rssi1': {'v': 61, 'cdt': 1715534308000}, 'di14': {'v': 0, 'cdt': 1715519308000}, 'di13': {'v': 0, 'cdt': 1715429500000}, 'di12': {'v': 0, 'cdt': 1715429500000}, 'di11': {'v': 0, 'cdt': 1715429500000}, 'di10': {'v': 0, 'cdt': 1715429500000}, 'di2': {'v': 1, 'cdt': 1714215386000}, 'di1': {'v': 0, 'cdt': 1715518990000}, 'ai4': {'v': 11597, 'cdt': 1715533708000}, 'di4': {'v': 0, 'cdt': 1715429500000}, 'di3': {'v': 0, 'cdt': 1715429500000}, 'di6': {'v': 0, 'cdt': 1715429500000}, 'di5': {'v': 0, 'cdt': 1715519008000}, 'lac1': {'v': 2244, 'cdt': 1713060212000}, 'di8': {'v': 1, 'cdt': 1714215386000}, 'protocol': {'v': 'bce', 'cdt': 1715429500000}, 'di7': {'v': 0, 'cdt': 1715519608000}, 'di9': {'v': 0, 'cdt': 1713576506000}, 'iPwrV': {'v': 3.992, 'cdt': 1715531908000}, 'cid1': {'v': 41742, 'cdt': 1715518732000}, 'odometer': {'v': 0, 'cdt': 1715518866000}, 'spd': {'v': 0, 'cdt': 1715518960000}, 'sat': {'v': 12, 'cdt': 1715518492000}, 'hdop': {'v': 1, 'cdt': 1715413570000}, 'ta': {'v': 0, 'cdt': 1715429500000}, 'mcc1': {'v': 420, 'cdt': 1714730112000}, 'mnc1': {'v': 3, 'cdt': 1715247450000}}, 'prms': {'protocol': 'bce', 'spd': 0, 'sat': 12, 'hdop': 1, 'odometer': 0, 'di16': 1, 'di15': 0, 'di14': 0, 'di13': 0, 'di12': 0, 'di11': 0, 'di10': 0, 'di9': 0, 'di8': 1, 'di7': 0, 'di6': 0, 'di5': 0, 'di4': 0, 'di3': 0, 'di2': 1, 'di1': 0, 'ePwrV': 25.48, 'ai4': 11597, 'iPwrV': 3.992, 'ta': 0, 'mcc1': 420, 'mnc1': 3, 'lac1': 2244, 'cid1': 41742, 'rssi1': 61}, 'devPrms': ['protocol', 'spd', 'sat', 'hdop', 'odometer', 'di16', 'di15', 'di14', 'di13', 'di12', 'di11', 'di10', 'di9', 'di8', 'di7', 'di6', 'di5', 'di4', 'di3', 'di2', 'di1', 'ePwrV', 'ai4', 'iPwrV', 'ta', 'mcc1', 'mnc1', 'lac1', 'cid1', 'rssi1'], 'old_params': {'di16': 1, 'ePwrV': 25.471, 'di15': 0, 'rssi1': 60, 'di14': 0, 'di13': 0, 'di12': 0, 'di11': 0, 'di10': 0, 'di2': 1, 'di1': 0, 'ai4': 11597, 'di4': 0, 'di3': 0, 'di6': 0, 'di5': 0, 'lac1': 2244, 'protocol': 'bce', 'di8': 1, 'di7': 0, 'di9': 0, 'iPwrV': 3.992, 'cid1': 41742, 'odometer': 0, 'spd': 0, 'sat': 12, 'hdop': 1, 'ta': 0, 'mcc1': 420, 'mnc1': 3}, 'vLoc': 1, 'vCon': 1, 'ip': '109.83.137.77', 'rl': 0, 'trl': 21648.9668, 'mdu': 0, 'tmdu': 3294674, 'eidl': 0, 'teidl': 13129806, 'fc': 0, 'tfc': 0.759132, 'acc': 0, 'accOn': 16459072, 'accOff': 45524380, 'sdu': 300, 'tsdu': 15300, 'lat': 21.577064514160156, 'lng': 39.137752532958984}, 'counters': {'odometer_type': 'gps', 'odometer': 144784.8894, 'engine_hours_type': 'acc', 'engine_hours': 16459072, 'last_acc': 0}, 'is_wasl_connected': 'Connected', 'iconUrl': 'https://api.afaqy.sa/images/units/icons/icon.png', 'hasCCTV': False}
[2024-05-12T17:20:49.311+0000] {warnings.py:110} WARNING - /home/***/.local/lib/python3.12/site-packages/elasticsearch/_sync/client/__init__.py:399: SecurityWarning: Connecting to 'https://dbelk2.afaqy.local:9200' using TLS with verify_certs=False is insecure
  _transport = transport_class(

[2024-05-12T17:20:49.421+0000] {warnings.py:110} WARNING - /home/***/.local/lib/python3.12/site-packages/elasticsearch/_sync/client/__init__.py:399: SecurityWarning: Connecting to 'https://dbelk3.afaqy.local:9200' using TLS with verify_certs=False is insecure
  _transport = transport_class(

[2024-05-12T17:20:52.495+0000] {warnings.py:110} WARNING - /home/***/.local/lib/python3.12/site-packages/elasticsearch/_sync/client/__init__.py:399: SecurityWarning: Connecting to 'https://dbelk1.afaqy.local:9200' using TLS with verify_certs=False is insecure
  _transport = transport_class(

[2024-05-12T17:20:52.971+0000] {warnings.py:110} WARNING - /home/***/.local/lib/python3.12/site-packages/urllib3/connectionpool.py:1103: InsecureRequestWarning: Unverified HTTPS request is being made to host 'dbelk2.afaqy.local'. Adding certificate verification is strongly advised. See: https://urllib3.readthedocs.io/en/latest/advanced-usage.html#tls-warnings
  warnings.warn(

[2024-05-12T17:20:53.056+0000] {_transport.py:349} INFO - GET https://dbelk2.afaqy.local:9200/_cluster/health [status:200 duration:0.529s]
[2024-05-12T17:20:54.942+0000] {warnings.py:110} WARNING - /home/***/.local/lib/python3.12/site-packages/urllib3/connectionpool.py:1103: InsecureRequestWarning: Unverified HTTPS request is being made to host 'dbelk3.afaqy.local'. Adding certificate verification is strongly advised. See: https://urllib3.readthedocs.io/en/latest/advanced-usage.html#tls-warnings
  warnings.warn(

[2024-05-12T17:20:56.540+0000] {_transport.py:349} INFO - PUT https://dbelk3.afaqy.local:9200/units_statistics_***/_bulk [status:200 duration:1.656s]
[2024-05-12T17:20:56.937+0000] {python.py:237} INFO - Done. Returned value was: None
[2024-05-12T17:20:56.938+0000] {taskinstance.py:441} INFO - ::group::Post task execution logs
[2024-05-12T17:20:56.954+0000] {taskinstance.py:1206} INFO - Marking task as SUCCESS. dag_id=Units_statistics_DAG, task_id=ETL_job, run_id=scheduled__2024-05-12T17:00:00+00:00, map_index=5, execution_date=20240512T170000, start_date=20240512T172022, end_date=20240512T172056
[2024-05-12T17:20:57.010+0000] {local_task_job_runner.py:240} INFO - Task exited with return code 0
[2024-05-12T17:20:57.044+0000] {taskinstance.py:3498} INFO - 0 downstream tasks scheduled from follow-on schedule check
[2024-05-12T17:20:57.050+0000] {local_task_job_runner.py:222} INFO - ::endgroup::
