[2024-04-24T16:40:14.669+0000] {taskinstance.py:1979} INFO - Dependencies all met for dep_context=non-requeueable deps ti=<TaskInstance: Units_statistics_DAG.ETL_job scheduled__2024-04-24T16:20:00+00:00 map_index=8 [queued]>
[2024-04-24T16:40:14.783+0000] {taskinstance.py:1979} INFO - Dependencies all met for dep_context=requeueable deps ti=<TaskInstance: Units_statistics_DAG.ETL_job scheduled__2024-04-24T16:20:00+00:00 map_index=8 [queued]>
[2024-04-24T16:40:14.803+0000] {taskinstance.py:2193} INFO - Starting attempt 1 of 4
[2024-04-24T16:40:14.936+0000] {taskinstance.py:2217} INFO - Executing <Mapped(_PythonDecoratedOperator): ETL_job> on 2024-04-24 16:20:00+00:00
[2024-04-24T16:40:14.990+0000] {standard_task_runner.py:60} INFO - Started process 523149 to run task
[2024-04-24T16:40:15.045+0000] {standard_task_runner.py:87} INFO - Running: ['***', 'tasks', 'run', 'Units_statistics_DAG', 'ETL_job', 'scheduled__2024-04-24T16:20:00+00:00', '--job-id', '14975', '--raw', '--subdir', 'DAGS_FOLDER/Units_dag.py', '--cfg-path', '/tmp/tmp8zlr3zng', '--map-index', '8']
[2024-04-24T16:40:15.076+0000] {standard_task_runner.py:88} INFO - Job 14975: Subtask ETL_job
[2024-04-24T16:40:15.506+0000] {task_command.py:423} INFO - Running <TaskInstance: Units_statistics_DAG.ETL_job scheduled__2024-04-24T16:20:00+00:00 map_index=8 [running]> on host a09da322e808
[2024-04-24T16:40:16.346+0000] {taskinstance.py:2513} INFO - Exporting env vars: AIRFLOW_CTX_DAG_OWNER='abeer-araby' AIRFLOW_CTX_DAG_ID='Units_statistics_DAG' AIRFLOW_CTX_TASK_ID='ETL_job' AIRFLOW_CTX_EXECUTION_DATE='2024-04-24T16:20:00+00:00' AIRFLOW_CTX_TRY_NUMBER='1' AIRFLOW_CTX_DAG_RUN_ID='scheduled__2024-04-24T16:20:00+00:00'
[2024-04-24T16:40:16.350+0000] {Units_dag.py:99} INFO - i: 80000, chunk: 10000
[2024-04-24T16:40:16.350+0000] {Units_dag.py:100} INFO - child token is::: eyJ0eXAiOiJKV1QiLCJhbGciOiJIUzI1NiJ9.eyJpc3MiOiJodHRwczovL2FwaS5hZmFxeS5zYS9hdXRoL2xvZ2luX2FzIiwiaWF0IjoxNzEzOTc2ODA0LCJleHAiOjE3MTY1Njg4MDQsIm5iZiI6MTcxMzk3NjgwNCwianRpIjoiN3NwWjVmbHM1UkU0bFM4YyIsInN1YiI6IjVkNjNlNTFlMDNlZDUyOTJhNDJjMjRlNiIsInBydiI6IjI3MGVjZmM3ZWEzZWQ5MzdlYTg0OTM2MmEzYTUwOTEwYzZkOGNlNGYiLCJsb2dpbl9hc19pZCI6IjY1N2YwYWQ3M2Y5NzcyOTVjZjA1NTc2YSJ9.ZjprRsmrxPAnKZWYbzWpHJjHb-MVjQYtGHDXoIeeLmY
[2024-04-24T16:40:48.406+0000] {Units_dag.py:104} INFO - {'_id': '63d80d7daf4e5d0d28281895', 'icon': 'icons/icon.png', 'driver_id': '', 'tailer_id': '', 'profile': {'measurement_type': 'count', 'fuel_type': '91', 'year': 0, 'seats': 2}, 'device_password': '***', 'device_type': 'gps', 'gateway': False, 'name': '8546 - X B R', 'operation_code': None, 'device_gateway': None, 'business_types': {'waste': False, 'transportation': True, 'water': False}, 'imei': '866854051753377', 'sim_number': '+966830020810020', 'sim_serial': '996609821110853817', 'device_serial': '866854051753377', 'device': 'bce', 'user_id': '63c3ef672cabbb6db33623df', 'created_by': '5e6655bf03ed52e1ab79d301', 'updated_at': '2024-04-18 11:18:59', 'created_at': '2023-01-30 21:33:33', 'custom_fields': [], 'creator': 'amr.ahmed', 'company': '', 'owner': 'al-nakhla-admin', 'last_update': {'dtt': 1713976800000, 'dts': 1713976814146, 'spd': 0, 'ang': 236, 'alt': 604, 'chPrams': {'di16': {'v': 1, 'cdt': 1713975738000}, 'ePwrV': {'v': 12.807, 'cdt': 1713976800000}, 'di15': {'v': 0, 'cdt': 1675106810000}, 'rssi1': {'v': 57, 'cdt': 1713975900000}, 'di14': {'v': 0, 'cdt': 1713975676000}, 'di13': {'v': 0, 'cdt': 1711400874000}, 'di12': {'v': 0, 'cdt': 1711400874000}, 'di11': {'v': 0, 'cdt': 1711400874000}, 'di10': {'v': 0, 'cdt': 1711400874000}, 'di2': {'v': 1, 'cdt': 1711400874000}, 'di1': {'v': 0, 'cdt': 1713975780000}, 'di4': {'v': 0, 'cdt': 1711400874000}, 'di3': {'v': 0, 'cdt': 1711400874000}, 'di6': {'v': 1, 'cdt': 1711400874000}, 'di5': {'v': 0, 'cdt': 1713975870000}, 'lac1': {'v': 1232, 'cdt': 1713970328000}, 'protocol': {'v': 'bce', 'cdt': 1711400874000}, 'di8': {'v': 1, 'cdt': 1711400874000}, 'di7': {'v': 0, 'cdt': 1713975900000}, 'di9': {'v': 0, 'cdt': 1711400874000}, 'iPwrV': {'v': 3.965, 'cdt': 1713976800000}, 'cid1': {'v': 15751, 'cdt': 1713975564000}, 'odometer': {'v': 0, 'cdt': 1713975780000}, 'spd': {'v': 0, 'cdt': 1713975750000}, 'sat': {'v': 15, 'cdt': 1713976500000}, 'hdop': {'v': 1, 'cdt': 1713887460000}, 'ta': {'v': 0, 'cdt': 1711400874000}, 'mcc1': {'v': 420, 'cdt': 1711923000000}, 'mnc1': {'v': 3, 'cdt': 1711923000000}}, 'prms': {'protocol': 'bce', 'spd': 0, 'sat': 15, 'hdop': 1, 'odometer': 0, 'di16': 1, 'di15': 0, 'di14': 0, 'di13': 0, 'di12': 0, 'di11': 0, 'di10': 0, 'di9': 0, 'di8': 1, 'di7': 0, 'di6': 1, 'di5': 0, 'di4': 0, 'di3': 0, 'di2': 1, 'di1': 0, 'ePwrV': 12.807, 'iPwrV': 3.965, 'ta': 0, 'mcc1': 420, 'mnc1': 3, 'lac1': 1232, 'cid1': 15751, 'rssi1': 57}, 'devPrms': ['protocol', 'spd', 'sat', 'hdop', 'odometer', 'di16', 'di15', 'di14', 'di13', 'di12', 'di11', 'di10', 'di9', 'di8', 'di7', 'di6', 'di5', 'di4', 'di3', 'di2', 'di1', 'ePwrV', 'iPwrV', 'ta', 'mcc1', 'mnc1', 'lac1', 'cid1', 'rssi1'], 'old_params': {'di16': 1, 'ePwrV': 12.798, 'di15': 0, 'rssi1': 57, 'di14': 0, 'di13': 0, 'di12': 0, 'di11': 0, 'di10': 0, 'di2': 1, 'di1': 0, 'di4': 0, 'di3': 0, 'di6': 1, 'di5': 0, 'lac1': 1232, 'protocol': 'bce', 'di8': 1, 'di7': 0, 'di9': 0, 'iPwrV': 3.963, 'cid1': 15751, 'odometer': 0, 'spd': 0, 'sat': 15, 'hdop': 1, 'ta': 0, 'mcc1': 420, 'mnc1': 3}, 'vLoc': 1, 'vCon': 1, 'ip': '109.83.20.49', 'rl': 0, 'trl': 10314.7775, 'mdu': 0, 'tmdu': 684218, 'eidl': 0, 'teidl': 268418, 'fc': 0, 'tfc': 6.998652, 'acc': 0, 'accOn': 1692014, 'accOff': 38947592, 'sdu': 300, 'tsdu': 930, 'lat': 24.711990356445312, 'lng': 46.81330871582031}, 'counters': {'odometer_type': 'gps', 'odometer': 14791.3088, 'engine_hours_type': 'acc', 'engine_hours': 1692014, 'last_acc': 0}, 'is_wasl_connected': 'Not Connected', 'iconUrl': 'https://api.afaqy.sa/images/units/icons/icon.png', 'hasCCTV': False}
[2024-04-24T16:40:52.711+0000] {warnings.py:109} WARNING - /home/***/.local/lib/python3.8/site-packages/elasticsearch/_sync/client/__init__.py:399: SecurityWarning: Connecting to 'https://dbelk2.afaqy.local:9200' using TLS with verify_certs=False is insecure
  _transport = transport_class(

[2024-04-24T16:40:52.891+0000] {warnings.py:109} WARNING - /home/***/.local/lib/python3.8/site-packages/elasticsearch/_sync/client/__init__.py:399: SecurityWarning: Connecting to 'https://dbelk1.afaqy.local:9200' using TLS with verify_certs=False is insecure
  _transport = transport_class(

[2024-04-24T16:40:53.154+0000] {warnings.py:109} WARNING - /home/***/.local/lib/python3.8/site-packages/elasticsearch/_sync/client/__init__.py:399: SecurityWarning: Connecting to 'https://dbelk3.afaqy.local:9200' using TLS with verify_certs=False is insecure
  _transport = transport_class(

[2024-04-24T16:40:53.203+0000] {warnings.py:109} WARNING - /home/***/.local/lib/python3.8/site-packages/urllib3/connectionpool.py:1061: InsecureRequestWarning: Unverified HTTPS request is being made to host 'dbelk2.afaqy.local'. Adding certificate verification is strongly advised. See: https://urllib3.readthedocs.io/en/1.26.x/advanced-usage.html#ssl-warnings
  warnings.warn(

[2024-04-24T16:40:53.385+0000] {_transport.py:335} INFO - GET https://dbelk2.afaqy.local:9200/_cluster/health [status:200 duration:0.221s]
[2024-04-24T16:40:54.226+0000] {warnings.py:109} WARNING - /home/***/.local/lib/python3.8/site-packages/urllib3/connectionpool.py:1061: InsecureRequestWarning: Unverified HTTPS request is being made to host 'dbelk1.afaqy.local'. Adding certificate verification is strongly advised. See: https://urllib3.readthedocs.io/en/1.26.x/advanced-usage.html#ssl-warnings
  warnings.warn(

[2024-04-24T16:40:56.314+0000] {_transport.py:335} INFO - PUT https://dbelk1.afaqy.local:9200/units_statistics_***/_bulk [status:200 duration:2.112s]
[2024-04-24T16:40:56.505+0000] {python.py:202} INFO - Done. Returned value was: None
[2024-04-24T16:40:56.528+0000] {taskinstance.py:1149} INFO - Marking task as SUCCESS. dag_id=Units_statistics_DAG, task_id=ETL_job, map_index=8, execution_date=20240424T162000, start_date=20240424T164014, end_date=20240424T164056
[2024-04-24T16:40:56.731+0000] {local_task_job_runner.py:234} INFO - Task exited with return code 0
[2024-04-24T16:40:56.772+0000] {taskinstance.py:3312} INFO - 0 downstream tasks scheduled from follow-on schedule check
