[2024-04-18T00:10:43.921+0000] {taskinstance.py:1979} INFO - Dependencies all met for dep_context=non-requeueable deps ti=<TaskInstance: Units_statistics_DAG.ETL_job manual__2024-04-14T23:47:14.516395+00:00 map_index=6 [queued]>
[2024-04-18T00:10:43.935+0000] {taskinstance.py:1979} INFO - Dependencies all met for dep_context=requeueable deps ti=<TaskInstance: Units_statistics_DAG.ETL_job manual__2024-04-14T23:47:14.516395+00:00 map_index=6 [queued]>
[2024-04-18T00:10:43.936+0000] {taskinstance.py:2193} INFO - Starting attempt 6 of 9
[2024-04-18T00:10:44.040+0000] {taskinstance.py:2217} INFO - Executing <Mapped(_PythonDecoratedOperator): ETL_job> on 2024-04-14 23:47:14.516395+00:00
[2024-04-18T00:10:44.101+0000] {standard_task_runner.py:87} INFO - Running: ['***', 'tasks', 'run', 'Units_statistics_DAG', 'ETL_job', 'manual__2024-04-14T23:47:14.516395+00:00', '--job-id', '6318', '--raw', '--subdir', 'DAGS_FOLDER/Units_dag.py', '--cfg-path', '/tmp/tmp3qz2hbl2', '--map-index', '6']
[2024-04-18T00:10:44.109+0000] {standard_task_runner.py:88} INFO - Job 6318: Subtask ETL_job
[2024-04-18T00:10:44.073+0000] {standard_task_runner.py:60} INFO - Started process 367351 to run task
[2024-04-18T00:10:44.384+0000] {task_command.py:423} INFO - Running <TaskInstance: Units_statistics_DAG.ETL_job manual__2024-04-14T23:47:14.516395+00:00 map_index=6 [running]> on host a09da322e808
[2024-04-18T00:10:45.117+0000] {taskinstance.py:2513} INFO - Exporting env vars: AIRFLOW_CTX_DAG_OWNER='abeer-araby' AIRFLOW_CTX_DAG_ID='Units_statistics_DAG' AIRFLOW_CTX_TASK_ID='ETL_job' AIRFLOW_CTX_EXECUTION_DATE='2024-04-14T23:47:14.516395+00:00' AIRFLOW_CTX_TRY_NUMBER='6' AIRFLOW_CTX_DAG_RUN_ID='manual__2024-04-14T23:47:14.516395+00:00'
[2024-04-18T00:10:45.121+0000] {Units_dag.py:99} INFO - i: 60000, chunk: 10000
[2024-04-18T00:10:45.121+0000] {Units_dag.py:100} INFO - child token is::: None
[2024-04-18T00:10:45.122+0000] {taskinstance.py:2731} ERROR - Task failed with exception
Traceback (most recent call last):
  File "/home/airflow/.local/lib/python3.8/site-packages/airflow/models/taskinstance.py", line 444, in _execute_task
    result = _execute_callable(context=context, **execute_callable_kwargs)
  File "/home/airflow/.local/lib/python3.8/site-packages/airflow/models/taskinstance.py", line 414, in _execute_callable
    return execute_callable(context=context, **execute_callable_kwargs)
  File "/home/airflow/.local/lib/python3.8/site-packages/airflow/decorators/base.py", line 241, in execute
    return_value = super().execute(context)
  File "/home/airflow/.local/lib/python3.8/site-packages/airflow/operators/python.py", line 200, in execute
    return_value = self.execute_callable()
  File "/home/airflow/.local/lib/python3.8/site-packages/airflow/operators/python.py", line 217, in execute_callable
    return self.python_callable(*self.op_args, **self.op_kwargs)
  File "/opt/airflow/dags/Units_dag.py", line 103, in ETL_job
    units_list = Utils.get_all_units_api(args[0], args[1],child_token)
  File "/opt/airflow/dags/utilities.py", line 15, in get_all_units_api
    response = _ApiCaller.post(Globals.api_endpoint+"units/lists?token="+child_token, data_payload)
TypeError: can only concatenate str (not "NoneType") to str
[2024-04-18T00:10:45.166+0000] {taskinstance.py:1149} INFO - Marking task as UP_FOR_RETRY. dag_id=Units_statistics_DAG, task_id=ETL_job, map_index=6, execution_date=20240414T234714, start_date=20240418T001043, end_date=20240418T001045
[2024-04-18T00:10:45.274+0000] {standard_task_runner.py:107} ERROR - Failed to execute job 6318 for task ETL_job (can only concatenate str (not "NoneType") to str; 367351)
[2024-04-18T00:10:45.319+0000] {local_task_job_runner.py:234} INFO - Task exited with return code 1
[2024-04-18T00:10:45.379+0000] {taskinstance.py:3312} INFO - 0 downstream tasks scheduled from follow-on schedule check
