[2024-05-10T09:40:16.226+0000] {taskinstance.py:1979} INFO - Dependencies all met for dep_context=non-requeueable deps ti=<TaskInstance: Units_statistics_DAG.ETL_job scheduled__2024-05-10T09:20:00+00:00 map_index=15 [queued]>
[2024-05-10T09:40:16.281+0000] {taskinstance.py:1979} INFO - Dependencies all met for dep_context=requeueable deps ti=<TaskInstance: Units_statistics_DAG.ETL_job scheduled__2024-05-10T09:20:00+00:00 map_index=15 [queued]>
[2024-05-10T09:40:16.282+0000] {taskinstance.py:2193} INFO - Starting attempt 1 of 4
[2024-05-10T09:40:16.367+0000] {taskinstance.py:2217} INFO - Executing <Mapped(_PythonDecoratedOperator): ETL_job> on 2024-05-10 09:20:00+00:00
[2024-05-10T09:40:16.382+0000] {standard_task_runner.py:60} INFO - Started process 910861 to run task
[2024-05-10T09:40:16.424+0000] {standard_task_runner.py:87} INFO - Running: ['***', 'tasks', 'run', 'Units_statistics_DAG', 'ETL_job', 'scheduled__2024-05-10T09:20:00+00:00', '--job-id', '47320', '--raw', '--subdir', 'DAGS_FOLDER/Units_dag.py', '--cfg-path', '/tmp/tmput62lkh3', '--map-index', '15']
[2024-05-10T09:40:16.426+0000] {standard_task_runner.py:88} INFO - Job 47320: Subtask ETL_job
[2024-05-10T09:40:16.625+0000] {task_command.py:423} INFO - Running <TaskInstance: Units_statistics_DAG.ETL_job scheduled__2024-05-10T09:20:00+00:00 map_index=15 [running]> on host a09da322e808
[2024-05-10T09:40:16.983+0000] {taskinstance.py:2513} INFO - Exporting env vars: AIRFLOW_CTX_DAG_OWNER='abeer-araby' AIRFLOW_CTX_DAG_ID='Units_statistics_DAG' AIRFLOW_CTX_TASK_ID='ETL_job' AIRFLOW_CTX_EXECUTION_DATE='2024-05-10T09:20:00+00:00' AIRFLOW_CTX_TRY_NUMBER='1' AIRFLOW_CTX_DAG_RUN_ID='scheduled__2024-05-10T09:20:00+00:00'
[2024-05-10T09:40:16.984+0000] {Units_dag.py:98} INFO - i: 150000, chunk: 10000
[2024-05-10T09:40:16.984+0000] {Units_dag.py:99} INFO - child token is::: eyJ0eXAiOiJKV1QiLCJhbGciOiJIUzI1NiJ9.eyJpc3MiOiJodHRwczovL2FwaS5hZmFxeS5zYS9hdXRoL2xvZ2luX2FzIiwiaWF0IjoxNzE1MzM0MDA0LCJleHAiOjE3MTc5MjYwMDQsIm5iZiI6MTcxNTMzNDAwNCwianRpIjoiekZKUG44cXYxazM2ellqNyIsInN1YiI6IjVkNjNlNTFlMDNlZDUyOTJhNDJjMjRlNiIsInBydiI6IjI3MGVjZmM3ZWEzZWQ5MzdlYTg0OTM2MmEzYTUwOTEwYzZkOGNlNGYiLCJsb2dpbl9hc19pZCI6IjY1N2YwYWQ3M2Y5NzcyOTVjZjA1NTc2YSJ9.ovBk5isASeHo9FQ5KHFYdT2xVokOYWqPUszQ6BrA-ZE
[2024-05-10T09:40:39.424+0000] {Units_dag.py:103} INFO - {'_id': '659bf827c8b8178bb8139122', 'icon': 'icons/icon.png', 'driver_id': '', 'tailer_id': '', 'profile': {'vehicle_type': '', 'measurement_type': 'count', 'max_capacity': 0, 'vin': '', 'plate_number': '', 'start_operation': '', 'contract_milage': '', 'opening_milage': '', 'model': '', 'fuel_type': '91', 'year': 0, 'seats': 2}, 'shipment_info': {'product_category': None, 'truck_type': None, 'shipment_type': None, 'shipment_payment_type': None, 'transporter_type': None, 'operating_area': None, 'weight_kilograms_per_day': None, 'kms_per_day': None, 'shipment_trip_drive_hrs_day': None, 'allowable_delay_drive_hrs_day': None, 'expected_shipment_trip_day': None, 'car_pay_per_day': None, 'exceeding_temperature_limit_per_day': None, 'temperature_upper_limit': None, 'exceeding_humidity_limit_per_day': None, 'humidity_upper_limit': None}, 'device_password': '***', 'device_type': 'gps', 'gateway': False, 'business_types': {'waste': False, 'transportation': True, 'water': False}, 'name': '8752EER', 'operation_code': '', 'device_gateway': '', 'skip_sim_information': False, 'imei': '866069061021174', 'sim_number': '+966830020337744', 'sim_serial': '8996609821112128735', 'device_serial': '1135686258', 'device': 'teltonika', 'user_id': '631866bf3cdfd0479c43062d', 'created_by': '5e6655bf03ed52e1ab79d301', 'updated_at': '2024-04-18 11:18:59', 'created_at': '2024-01-08 16:27:03', 'custom_fields': [], 'creator': 'amr.ahmed', 'company': '', 'owner': 'dar-almerkaba-admin', 'last_update': {'dtt': 1715333948000, 'dts': 1715333950986, 'spd': 0, 'ang': 48, 'alt': 682, 'chPrams': {'Speed': {'v': 0, 'cdt': 1715329720000}, 'output1': {'v': False, 'cdt': 1714988667000}, 'ePwrV': {'v': 12.967, 'cdt': 1715333948000}, 'parm24': {'v': 0, 'cdt': 1715329720000}, 'sat': {'v': 16, 'cdt': 1715333948000}, 'ai1': {'v': 87, 'cdt': 1714408966000}, 'type': {'v': 6, 'cdt': 1712865665000}, 'priority': {'v': 0, 'cdt': 1715163184000}, 'di1': {'v': 0, 'cdt': 1715329900000}, 'result': {'v': '5665723a30332e32382e30325f313937204750533a41584e5f352e312e392048773a464d43393230204d6f643a3120494d45493a38363630363930363130323131373420496e69743a323032342d312d33312031393a353620557074696d653a38333532333330204d41433a333838413231393031363533205350433a312830292041584c3a31204f42443a3020424c3a312e31302042543a34', 'cdt': 1715098218000}, 'protocol': {'v': 'FMC920', 'cdt': 1714988667000}, 'iPwrV': {'v': 4.033, 'cdt': 1715268477000}, 'event': {'v': 0, 'cdt': 1715163184000}}, 'prms': {'protocol': 'FMC920', 'priority': 0, 'sat': 16, 'event': 0, 'di1': 0, 'output1': 0, 'ePwrV': 12.967, 'Speed': 0, 'parm24': 0, 'iPwrV': 4.033, 'ai1': 87}, 'devPrms': ['protocol', 'priority', 'sat', 'event', 'di1', 'output1', 'ePwrV', 'Speed', 'parm24', 'iPwrV', 'ai1'], 'old_params': {'protocol': 'FMC920', 'priority': 0, 'sat': 18, 'event': 0, 'di1': 0, 'output1': 0, 'ePwrV': 12.905000000000001, 'Speed': 0, 'parm24': 0, 'iPwrV': 4.033, 'ai1': 87}, 'vLoc': 1, 'vCon': 1, 'ip': '109.83.154.70', 'rl': 0, 'trl': 11184.708, 'mdu': 0, 'tmdu': 969514, 'eidl': 0, 'teidl': 939654, 'fc': 0, 'tfc': 361.115964, 'acc': 0, 'accOn': 1955072, 'accOff': 640463620, 'sdu': 300, 'tsdu': 4048, 'lat': 24.812275, 'lng': 46.6569083}, 'counters': {'engine_hours': 1955072, 'last_acc': 0, 'odometer': 11184.5806, 'engine_hours_type': '', 'odometer_type': ''}, 'is_wasl_connected': 'Not Connected', 'iconUrl': 'https://api.afaqy.sa/images/units/icons/icon.png', 'hasCCTV': False}
[2024-05-10T09:40:39.964+0000] {warnings.py:109} WARNING - /home/***/.local/lib/python3.8/site-packages/elasticsearch/_sync/client/__init__.py:399: SecurityWarning: Connecting to 'https://dbelk2.afaqy.local:9200' using TLS with verify_certs=False is insecure
  _transport = transport_class(

[2024-05-10T09:40:39.994+0000] {warnings.py:109} WARNING - /home/***/.local/lib/python3.8/site-packages/elasticsearch/_sync/client/__init__.py:399: SecurityWarning: Connecting to 'https://dbelk1.afaqy.local:9200' using TLS with verify_certs=False is insecure
  _transport = transport_class(

[2024-05-10T09:40:40.045+0000] {warnings.py:109} WARNING - /home/***/.local/lib/python3.8/site-packages/elasticsearch/_sync/client/__init__.py:399: SecurityWarning: Connecting to 'https://dbelk3.afaqy.local:9200' using TLS with verify_certs=False is insecure
  _transport = transport_class(

[2024-05-10T09:40:41.807+0000] {warnings.py:109} WARNING - /home/***/.local/lib/python3.8/site-packages/urllib3/connectionpool.py:1061: InsecureRequestWarning: Unverified HTTPS request is being made to host 'dbelk2.afaqy.local'. Adding certificate verification is strongly advised. See: https://urllib3.readthedocs.io/en/1.26.x/advanced-usage.html#ssl-warnings
  warnings.warn(

[2024-05-10T09:40:41.878+0000] {_transport.py:335} INFO - GET https://dbelk2.afaqy.local:9200/_cluster/health [status:200 duration:1.832s]
[2024-05-10T09:40:42.797+0000] {warnings.py:109} WARNING - /home/***/.local/lib/python3.8/site-packages/urllib3/connectionpool.py:1061: InsecureRequestWarning: Unverified HTTPS request is being made to host 'dbelk1.afaqy.local'. Adding certificate verification is strongly advised. See: https://urllib3.readthedocs.io/en/1.26.x/advanced-usage.html#ssl-warnings
  warnings.warn(

[2024-05-10T09:40:43.473+0000] {_transport.py:335} INFO - PUT https://dbelk1.afaqy.local:9200/units_statistics_***/_bulk [status:200 duration:0.709s]
[2024-05-10T09:40:43.838+0000] {python.py:202} INFO - Done. Returned value was: None
[2024-05-10T09:40:43.860+0000] {taskinstance.py:1149} INFO - Marking task as SUCCESS. dag_id=Units_statistics_DAG, task_id=ETL_job, map_index=15, execution_date=20240510T092000, start_date=20240510T094016, end_date=20240510T094043
[2024-05-10T09:40:43.959+0000] {local_task_job_runner.py:234} INFO - Task exited with return code 0
[2024-05-10T09:40:43.977+0000] {taskinstance.py:3312} INFO - 0 downstream tasks scheduled from follow-on schedule check
