[2024-05-13T04:40:22.025+0000] {local_task_job_runner.py:120} INFO - ::group::Pre task execution logs
[2024-05-13T04:40:22.383+0000] {taskinstance.py:2076} INFO - Dependencies all met for dep_context=non-requeueable deps ti=<TaskInstance: Units_statistics_DAG.ETL_job scheduled__2024-05-13T04:20:00+00:00 map_index=2 [queued]>
[2024-05-13T04:40:22.543+0000] {taskinstance.py:2076} INFO - Dependencies all met for dep_context=requeueable deps ti=<TaskInstance: Units_statistics_DAG.ETL_job scheduled__2024-05-13T04:20:00+00:00 map_index=2 [queued]>
[2024-05-13T04:40:22.543+0000] {taskinstance.py:2306} INFO - Starting attempt 1 of 4
[2024-05-13T04:40:22.715+0000] {taskinstance.py:2330} INFO - Executing <Mapped(_PythonDecoratedOperator): ETL_job> on 2024-05-13 04:20:00+00:00
[2024-05-13T04:40:22.787+0000] {warnings.py:110} WARNING - /home/***/.local/lib/python3.12/site-packages/***/task/task_runner/standard_task_runner.py:61: DeprecationWarning: This process (pid=11900) is multi-threaded, use of fork() may lead to deadlocks in the child.
  pid = os.fork()

[2024-05-13T04:40:22.809+0000] {standard_task_runner.py:63} INFO - Started process 11913 to run task
[2024-05-13T04:40:22.815+0000] {standard_task_runner.py:90} INFO - Running: ['***', 'tasks', 'run', 'Units_statistics_DAG', 'ETL_job', 'scheduled__2024-05-13T04:20:00+00:00', '--job-id', '55266', '--raw', '--subdir', 'DAGS_FOLDER/Units_dag.py', '--cfg-path', '/tmp/tmpxk70yd9b', '--map-index', '2']
[2024-05-13T04:40:22.833+0000] {standard_task_runner.py:91} INFO - Job 55266: Subtask ETL_job
[2024-05-13T04:40:23.273+0000] {task_command.py:426} INFO - Running <TaskInstance: Units_statistics_DAG.ETL_job scheduled__2024-05-13T04:20:00+00:00 map_index=2 [running]> on host 7138d7e072c5
[2024-05-13T04:40:23.949+0000] {taskinstance.py:2648} INFO - Exporting env vars: AIRFLOW_CTX_DAG_OWNER='abeer-araby' AIRFLOW_CTX_DAG_ID='Units_statistics_DAG' AIRFLOW_CTX_TASK_ID='ETL_job' AIRFLOW_CTX_EXECUTION_DATE='2024-05-13T04:20:00+00:00' AIRFLOW_CTX_TRY_NUMBER='1' AIRFLOW_CTX_DAG_RUN_ID='scheduled__2024-05-13T04:20:00+00:00'
[2024-05-13T04:40:23.951+0000] {taskinstance.py:430} INFO - ::endgroup::
[2024-05-13T04:40:23.951+0000] {Units_dag.py:98} INFO - i: 20000, chunk: 10000
[2024-05-13T04:40:23.952+0000] {Units_dag.py:99} INFO - child token is::: eyJ0eXAiOiJKV1QiLCJhbGciOiJIUzI1NiJ9.eyJpc3MiOiJodHRwczovL2FwaS5hZmFxeS5zYS9hdXRoL2xvZ2luX2FzIiwiaWF0IjoxNzE1NTc1MjA1LCJleHAiOjE3MTgxNjcyMDUsIm5iZiI6MTcxNTU3NTIwNSwianRpIjoiR3ZBWjA2ejJHcno4dVNtbCIsInN1YiI6IjVkNjNlNTFlMDNlZDUyOTJhNDJjMjRlNiIsInBydiI6IjI3MGVjZmM3ZWEzZWQ5MzdlYTg0OTM2MmEzYTUwOTEwYzZkOGNlNGYiLCJsb2dpbl9hc19pZCI6IjY1N2YwYWQ3M2Y5NzcyOTVjZjA1NTc2YSJ9.u7g0MjG73A0dqiag-IdZhRAH54JBf8WQbHF_rWQEwBI
[2024-05-13T04:40:53.236+0000] {Units_dag.py:103} INFO - {'_id': '618a70f1554747746d043895', 'icon': 'icons/icon.png', 'driver_id': '', 'tailer_id': '', 'profile': {'vehicle_type': '', 'measurement_type': 'weight', 'max_capacity': 0, 'vin': '', 'plate_number': '', 'start_operation': '', 'contract_milage': '', 'opening_milage': '', 'model': '', 'fuel_type': '91', 'year': 0, 'seats': 2}, 'device_password': '***', 'device_type': 'gps', 'gateway': False, 'name': 'أ س أ 6546 -- 29-366', 'operation_code': '', 'device_gateway': '', 'business_types': {'waste': False, 'transportation': True, 'water': False}, 'imei': '862549044870411', 'sim_number': '+966862562654587', 'sim_serial': '862549044870411', 'device_serial': '862549044870411', 'device': 'ruptela', 'user_id': '5e539d8203ed52f71d634478', 'created_by': '5e6655bf03ed52e1ab79d301', 'updated_at': '2024-04-18 11:18:59', 'created_at': '2021-11-09 16:00:33', 'shipment_info': {'product_category': None, 'truck_type': None, 'shipment_type': None, 'shipment_payment_type': None, 'transporter_type': None, 'operating_area': None, 'weight_kilograms_per_day': None, 'kms_per_day': None, 'shipment_trip_drive_hrs_day': None, 'allowable_delay_drive_hrs_day': None, 'expected_shipment_trip_day': None, 'car_pay_per_day': None, 'exceeding_temperature_limit_per_day': None, 'temperature_upper_limit': None, 'exceeding_humidity_limit_per_day': None, 'humidity_upper_limit': None}, 'skip_sim_information': '', 'custom_fields': [], 'creator': 'amr.ahmed', 'company': '', 'owner': 'aemallamar', 'last_update': {'dtt': 1715575222000, 'dts': 1715575224002, 'spd': 8, 'ang': 269, 'alt': 596, 'chPrams': {'gsm': {'v': 23, 'cdt': 1715575220000}, 'io_1_176': {'v': 4, 'cdt': 1715575220000}, 'io_1_134': {'v': 0, 'cdt': 1715574505000}, 'io_1_136': {'v': 0, 'cdt': 1715523151000}, 'io_1_135': {'v': 0, 'cdt': 1715570743000}, 'ai22': {'v': 1850, 'cdt': 1715575222000}, 'ePwrV': {'v': 28.331, 'cdt': 1715575222000}, 'io_2_139': {'v': 2, 'cdt': 1715575222000}, 'di2': {'v': 0, 'cdt': 1636785243000}, 'io_1_130': {'v': 8, 'cdt': 1715575222000}, 'operator': {'v': 42004, 'cdt': 1715497356000}, 'di5': {'v': 1, 'cdt': 1715569100000}, 'io_2_131': {'v': 0, 'cdt': 1715331210000}, 'protocol': {'v': 'ruptela', 'cdt': 1714547294000}, 'io_2_137': {'v': 0, 'cdt': 1715574254000}, 'iPwrV': {'v': 4.069, 'cdt': 1715575222000}, 'event': {'v': 9, 'cdt': 1715575220000}, 'io_1_418': {'v': 1, 'cdt': 1715497383000}, 'move': {'v': 0, 'cdt': 1715573712000}, 'spd': {'v': 8, 'cdt': 1715575222000}, 'sat': {'v': 20, 'cdt': 1715575222000}, 'hdop': {'v': 0.6, 'cdt': 1715575220000}, 'io_2_560': {'v': 0, 'cdt': 1714651775000}, 'accTemp': {'v': 43, 'cdt': 1715574992000}, 'vOdometer': {'v': 79590023, 'cdt': 1715575220000}, 'io_1_405': {'v': 1, 'cdt': 1714547294000}}, 'prms': {'protocol': 'ruptela', 'sat': 20, 'spd': 8, 'hdop': 0.6, 'event': 9, 'io_1_130': 8, 'io_1_134': 0, 'io_1_135': 0, 'io_1_136': 0, 'di2': 0, 'di5': 1, 'accTemp': 43, 'io_1_405': 1, 'gsm': 23, 'move': 0, 'io_1_176': 4, 'io_1_418': 1, 'io_2_131': 0, 'io_2_137': 0, 'io_2_139': 2, 'ai22': 1850, 'io_2_560': 0, 'ePwrV': 28.331, 'iPwrV': 4.069, 'vOdometer': 79590023, 'operator': 42004}, 'devPrms': ['protocol', 'sat', 'spd', 'hdop', 'event', 'io_1_130', 'io_1_134', 'io_1_135', 'io_1_136', 'di2', 'di5', 'accTemp', 'io_1_405', 'gsm', 'move', 'io_1_176', 'io_1_418', 'io_2_131', 'io_2_137', 'io_2_139', 'ai22', 'io_2_560', 'ePwrV', 'iPwrV', 'vOdometer', 'operator'], 'old_params': {'protocol': 'ruptela', 'sat': 19, 'spd': 7, 'hdop': 0.6, 'event': 9, 'io_1_130': 18, 'io_1_134': 0, 'io_1_135': 0, 'io_1_136': 0, 'di2': 0, 'di5': 1, 'accTemp': 43, 'io_1_405': 1, 'gsm': 23, 'move': 0, 'io_1_176': 4, 'io_1_418': 1, 'io_2_131': 0, 'io_2_137': 0, 'io_2_139': 48, 'ai22': 1858, 'io_2_560': 0, 'ePwrV': 28.316, 'iPwrV': 4.066, 'vOdometer': 79590023, 'operator': 42004}, 'vLoc': 1, 'vCon': 1, 'ip': '51.39.48.56', 'rl': 0, 'trl': 81009.3517, 'mdu': 2, 'tmdu': 7617638, 'eidl': 0, 'teidl': 17639908, 'fc': 0, 'tfc': 226.587756, 'acc': 1, 'accOn': 27909806, 'accOff': 53843626, 'sdu': 0, 'tsdu': 0, 'lat': 24.491995, 'lng': 39.5783666}, 'counters': {'odometer_type': 'gps', 'odometer': 81007.5061, 'engine_hours_type': 'acc', 'engine_hours': 27909806, 'last_acc': 1}, 'is_wasl_connected': 'Connected', 'iconUrl': 'https://api.afaqy.sa/images/units/icons/icon.png', 'hasCCTV': False}
[2024-05-13T04:40:54.775+0000] {warnings.py:110} WARNING - /home/***/.local/lib/python3.12/site-packages/elasticsearch/_sync/client/__init__.py:399: SecurityWarning: Connecting to 'https://dbelk1.afaqy.local:9200' using TLS with verify_certs=False is insecure
  _transport = transport_class(

[2024-05-13T04:40:54.949+0000] {warnings.py:110} WARNING - /home/***/.local/lib/python3.12/site-packages/elasticsearch/_sync/client/__init__.py:399: SecurityWarning: Connecting to 'https://dbelk3.afaqy.local:9200' using TLS with verify_certs=False is insecure
  _transport = transport_class(

[2024-05-13T04:40:55.859+0000] {warnings.py:110} WARNING - /home/***/.local/lib/python3.12/site-packages/elasticsearch/_sync/client/__init__.py:399: SecurityWarning: Connecting to 'https://dbelk2.afaqy.local:9200' using TLS with verify_certs=False is insecure
  _transport = transport_class(

[2024-05-13T04:40:55.897+0000] {warnings.py:110} WARNING - /home/***/.local/lib/python3.12/site-packages/urllib3/connectionpool.py:1103: InsecureRequestWarning: Unverified HTTPS request is being made to host 'dbelk1.afaqy.local'. Adding certificate verification is strongly advised. See: https://urllib3.readthedocs.io/en/latest/advanced-usage.html#tls-warnings
  warnings.warn(

[2024-05-13T04:40:56.121+0000] {_transport.py:349} INFO - GET https://dbelk1.afaqy.local:9200/_cluster/health [status:200 duration:0.261s]
[2024-05-13T04:40:57.019+0000] {warnings.py:110} WARNING - /home/***/.local/lib/python3.12/site-packages/urllib3/connectionpool.py:1103: InsecureRequestWarning: Unverified HTTPS request is being made to host 'dbelk3.afaqy.local'. Adding certificate verification is strongly advised. See: https://urllib3.readthedocs.io/en/latest/advanced-usage.html#tls-warnings
  warnings.warn(

[2024-05-13T04:40:58.388+0000] {_transport.py:349} INFO - PUT https://dbelk3.afaqy.local:9200/units_statistics_***/_bulk [status:200 duration:1.390s]
[2024-05-13T04:40:58.862+0000] {python.py:237} INFO - Done. Returned value was: None
[2024-05-13T04:40:58.862+0000] {taskinstance.py:441} INFO - ::group::Post task execution logs
[2024-05-13T04:40:58.888+0000] {taskinstance.py:1206} INFO - Marking task as SUCCESS. dag_id=Units_statistics_DAG, task_id=ETL_job, run_id=scheduled__2024-05-13T04:20:00+00:00, map_index=2, execution_date=20240513T042000, start_date=20240513T044022, end_date=20240513T044058
[2024-05-13T04:40:58.962+0000] {local_task_job_runner.py:240} INFO - Task exited with return code 0
[2024-05-13T04:40:58.988+0000] {taskinstance.py:3498} INFO - 0 downstream tasks scheduled from follow-on schedule check
[2024-05-13T04:40:58.995+0000] {local_task_job_runner.py:222} INFO - ::endgroup::
