[2024-05-11T09:22:00.253+0000] {taskinstance.py:1979} INFO - Dependencies all met for dep_context=non-requeueable deps ti=<TaskInstance: Units_statistics_DAG.ETL_job scheduled__2024-05-11T09:00:00+00:00 map_index=7 [queued]>
[2024-05-11T09:22:00.268+0000] {taskinstance.py:1979} INFO - Dependencies all met for dep_context=requeueable deps ti=<TaskInstance: Units_statistics_DAG.ETL_job scheduled__2024-05-11T09:00:00+00:00 map_index=7 [queued]>
[2024-05-11T09:22:00.268+0000] {taskinstance.py:2193} INFO - Starting attempt 2 of 4
[2024-05-11T09:22:00.290+0000] {taskinstance.py:2217} INFO - Executing <Mapped(_PythonDecoratedOperator): ETL_job> on 2024-05-11 09:00:00+00:00
[2024-05-11T09:22:00.298+0000] {standard_task_runner.py:60} INFO - Started process 936915 to run task
[2024-05-11T09:22:00.305+0000] {standard_task_runner.py:87} INFO - Running: ['***', 'tasks', 'run', 'Units_statistics_DAG', 'ETL_job', 'scheduled__2024-05-11T09:00:00+00:00', '--job-id', '50206', '--raw', '--subdir', 'DAGS_FOLDER/Units_dag.py', '--cfg-path', '/tmp/tmp4tr3zsnp', '--map-index', '7']
[2024-05-11T09:22:00.307+0000] {standard_task_runner.py:88} INFO - Job 50206: Subtask ETL_job
[2024-05-11T09:22:00.386+0000] {task_command.py:423} INFO - Running <TaskInstance: Units_statistics_DAG.ETL_job scheduled__2024-05-11T09:00:00+00:00 map_index=7 [running]> on host a09da322e808
[2024-05-11T09:22:00.566+0000] {taskinstance.py:2513} INFO - Exporting env vars: AIRFLOW_CTX_DAG_OWNER='abeer-araby' AIRFLOW_CTX_DAG_ID='Units_statistics_DAG' AIRFLOW_CTX_TASK_ID='ETL_job' AIRFLOW_CTX_EXECUTION_DATE='2024-05-11T09:00:00+00:00' AIRFLOW_CTX_TRY_NUMBER='2' AIRFLOW_CTX_DAG_RUN_ID='scheduled__2024-05-11T09:00:00+00:00'
[2024-05-11T09:22:00.567+0000] {Units_dag.py:98} INFO - i: 70000, chunk: 10000
[2024-05-11T09:22:00.568+0000] {Units_dag.py:99} INFO - child token is::: eyJ0eXAiOiJKV1QiLCJhbGciOiJIUzI1NiJ9.eyJpc3MiOiJodHRwczovL2FwaS5hZmFxeS5zYS9hdXRoL2xvZ2luX2FzIiwiaWF0IjoxNzE1NDE5MjA0LCJleHAiOjE3MTgwMTEyMDQsIm5iZiI6MTcxNTQxOTIwNCwianRpIjoiS3dKazBwQ2RPcW1kZWZzMCIsInN1YiI6IjVkNjNlNTFlMDNlZDUyOTJhNDJjMjRlNiIsInBydiI6IjI3MGVjZmM3ZWEzZWQ5MzdlYTg0OTM2MmEzYTUwOTEwYzZkOGNlNGYiLCJsb2dpbl9hc19pZCI6IjY1N2YwYWQ3M2Y5NzcyOTVjZjA1NTc2YSJ9.21-7rCzqz9eZXUOu9KhBkpRsJG5wFeD6jq8ajZKUYPg
[2024-05-11T09:22:18.437+0000] {Units_dag.py:103} INFO - {'_id': '63a466fe4f0dbb24824e5b49', 'icon': 'icons/icon.png', 'driver_id': '', 'tailer_id': '', 'profile': {'vehicle_type': '', 'measurement_type': 'count', 'max_capacity': 0, 'vin': '', 'plate_number': '7012 - J S A', 'start_operation': '', 'contract_milage': '', 'opening_milage': '', 'model': '', 'fuel_type': '91', 'year': 0, 'seats': 2}, 'device_password': '***', 'device_type': 'gps', 'gateway': False, 'name': '7012 - J S A', 'operation_code': '', 'device_gateway': '', 'business_types': {'waste': False, 'transportation': True, 'water': False}, 'imei': '869688059136806', 'sim_number': '+966830028982130', 'sim_serial': '996609821111010818', 'device_serial': '869688059136806', 'device': 'bce', 'user_id': '61ee87763844a671b85a553f', 'created_by': '5e6655bf03ed52e1ab79d301', 'updated_at': '2024-04-18 11:18:59', 'created_at': '2022-12-22 17:17:34', 'custom_fields': [], 'creator': 'amr.ahmed', 'company': '', 'owner': 'al-jameel-int-admin', 'last_update': {'dtt': 1715419304000, 'dts': 1715419313795, 'spd': 0, 'ang': 324, 'alt': 579, 'chPrams': {'ePwrV': {'v': 27.757, 'cdt': 1715419304000}, 'di16': {'v': 1, 'cdt': 1712945120000}, 'di15': {'v': 0, 'cdt': 1697390612000}, 'rssi1': {'v': 61, 'cdt': 1715419304000}, 'di14': {'v': 0, 'cdt': 1715419186000}, 'di13': {'v': 0, 'cdt': 1712945120000}, 'di12': {'v': 0, 'cdt': 1712945120000}, 'ai3': {'v': 444, 'cdt': 1715419274000}, 'di11': {'v': 0, 'cdt': 1712945120000}, 'di10': {'v': 0, 'cdt': 1712945120000}, 'di2': {'v': 0, 'cdt': 1715280620000}, 'di1': {'v': 1, 'cdt': 1715419266000}, 'ai4': {'v': 113, 'cdt': 1715419266000}, 'di4': {'v': 0, 'cdt': 1712945120000}, 'di3': {'v': 0, 'cdt': 1712945120000}, 'di6': {'v': 0, 'cdt': 1712945120000}, 'di5': {'v': 1, 'cdt': 1715418134000}, 'lac1': {'v': 1252, 'cdt': 1715405520000}, 'protocol': {'v': 'bce', 'cdt': 1712945120000}, 'di8': {'v': 1, 'cdt': 1712945120000}, 'di7': {'v': 1, 'cdt': 1715418134000}, 'di9': {'v': 0, 'cdt': 1712945120000}, 'iPwrV': {'v': 4.011, 'cdt': 1715419304000}, 'humidity': {'v': 15, 'cdt': 1715419120000}, 'cid1': {'v': 1903, 'cdt': 1715419216000}, 'temp': {'v': 33.5, 'cdt': 1715419158000}, 'odometer': {'v': 1105174510, 'cdt': 1715419304000}, 'spd': {'v': 0, 'cdt': 1715419274000}, 'sat': {'v': 12, 'cdt': 1715404602000}, 'hdop': {'v': 1, 'cdt': 1715326244000}, 'ta': {'v': 0, 'cdt': 1712945120000}, 'mcc1': {'v': 420, 'cdt': 1715248780000}, 'mnc1': {'v': 3, 'cdt': 1715006454000}}, 'prms': {'protocol': 'bce', 'spd': 0, 'sat': 12, 'hdop': 1, 'odometer': 1105174510, 'di16': 1, 'di15': 0, 'di14': 0, 'di13': 0, 'di12': 0, 'di11': 0, 'di10': 0, 'di9': 0, 'di8': 1, 'di7': 1, 'di6': 0, 'di5': 1, 'di4': 0, 'di3': 0, 'di2': 0, 'di1': 1, 'ePwrV': 27.757, 'ai3': 444, 'ai4': 113, 'iPwrV': 4.011, 'ta': 0, 'mcc1': 420, 'mnc1': 3, 'lac1': 1252, 'cid1': 1903, 'rssi1': 61, 'temp': 33.5, 'humidity': 15}, 'devPrms': ['protocol', 'spd', 'sat', 'hdop', 'odometer', 'di16', 'di15', 'di14', 'di13', 'di12', 'di11', 'di10', 'di9', 'di8', 'di7', 'di6', 'di5', 'di4', 'di3', 'di2', 'di1', 'ePwrV', 'ai3', 'ai4', 'iPwrV', 'ta', 'mcc1', 'mnc1', 'lac1', 'cid1', 'rssi1', 'temp', 'humidity'], 'old_params': {'protocol': 'bce', 'spd': 0, 'sat': 12, 'hdop': 1, 'odometer': 1092687552, 'di16': 1, 'di15': 0, 'di14': 0, 'di13': 0, 'di12': 0, 'di11': 0, 'di10': 0, 'di9': 0, 'di8': 1, 'di7': 1, 'di6': 0, 'di5': 1, 'di4': 0, 'di3': 0, 'di2': 0, 'di1': 1, 'ePwrV': 27.864, 'ai3': 444, 'ai4': 113, 'iPwrV': 4.008, 'ta': 0, 'mcc1': 420, 'mnc1': 3, 'lac1': 1252, 'cid1': 1903, 'rssi1': 72, 'temp': 33.5, 'humidity': 15}, 'vLoc': 1, 'vCon': 1, 'ip': '109.83.118.42', 'rl': 0.0337, 'trl': 20576.3747, 'mdu': 0, 'tmdu': 1895434, 'eidl': 30, 'teidl': 4484550, 'fc': 0.004044, 'tfc': 13.209036, 'acc': 1, 'accOn': 13178074, 'accOff': 11821236, 'sdu': 0, 'tsdu': 0, 'lat': 24.588176727294922, 'lng': 46.74214172363281}, 'counters': {'odometer_type': 'gps', 'odometer': 45777.1332, 'engine_hours_type': 'acc', 'engine_hours': 13178074, 'last_acc': 1}, 'is_wasl_connected': 'Connected', 'iconUrl': 'https://api.afaqy.sa/images/units/icons/icon.png', 'hasCCTV': False}
[2024-05-11T09:22:19.011+0000] {warnings.py:109} WARNING - /home/***/.local/lib/python3.8/site-packages/elasticsearch/_sync/client/__init__.py:399: SecurityWarning: Connecting to 'https://dbelk2.afaqy.local:9200' using TLS with verify_certs=False is insecure
  _transport = transport_class(

[2024-05-11T09:22:19.057+0000] {warnings.py:109} WARNING - /home/***/.local/lib/python3.8/site-packages/elasticsearch/_sync/client/__init__.py:399: SecurityWarning: Connecting to 'https://dbelk1.afaqy.local:9200' using TLS with verify_certs=False is insecure
  _transport = transport_class(

[2024-05-11T09:22:19.109+0000] {warnings.py:109} WARNING - /home/***/.local/lib/python3.8/site-packages/elasticsearch/_sync/client/__init__.py:399: SecurityWarning: Connecting to 'https://dbelk3.afaqy.local:9200' using TLS with verify_certs=False is insecure
  _transport = transport_class(

[2024-05-11T09:22:19.130+0000] {warnings.py:109} WARNING - /home/***/.local/lib/python3.8/site-packages/urllib3/connectionpool.py:1061: InsecureRequestWarning: Unverified HTTPS request is being made to host 'dbelk2.afaqy.local'. Adding certificate verification is strongly advised. See: https://urllib3.readthedocs.io/en/1.26.x/advanced-usage.html#ssl-warnings
  warnings.warn(

[2024-05-11T09:22:19.209+0000] {_transport.py:335} INFO - GET https://dbelk2.afaqy.local:9200/_cluster/health [status:200 duration:0.097s]
[2024-05-11T09:22:19.726+0000] {warnings.py:109} WARNING - /home/***/.local/lib/python3.8/site-packages/urllib3/connectionpool.py:1061: InsecureRequestWarning: Unverified HTTPS request is being made to host 'dbelk1.afaqy.local'. Adding certificate verification is strongly advised. See: https://urllib3.readthedocs.io/en/1.26.x/advanced-usage.html#ssl-warnings
  warnings.warn(

[2024-05-11T09:22:20.508+0000] {_transport.py:335} INFO - PUT https://dbelk1.afaqy.local:9200/units_statistics_***/_bulk [status:200 duration:0.808s]
[2024-05-11T09:22:20.604+0000] {taskinstance.py:2731} ERROR - Task failed with exception
Traceback (most recent call last):
  File "/home/airflow/.local/lib/python3.8/site-packages/airflow/models/taskinstance.py", line 444, in _execute_task
    result = _execute_callable(context=context, **execute_callable_kwargs)
  File "/home/airflow/.local/lib/python3.8/site-packages/airflow/models/taskinstance.py", line 414, in _execute_callable
    return execute_callable(context=context, **execute_callable_kwargs)
  File "/home/airflow/.local/lib/python3.8/site-packages/airflow/decorators/base.py", line 241, in execute
    return_value = super().execute(context)
  File "/home/airflow/.local/lib/python3.8/site-packages/airflow/operators/python.py", line 200, in execute
    return_value = self.execute_callable()
  File "/home/airflow/.local/lib/python3.8/site-packages/airflow/operators/python.py", line 217, in execute_callable
    return self.python_callable(*self.op_args, **self.op_kwargs)
  File "/opt/airflow/dags/Units_dag.py", line 111, in ETL_job
    Elk_client.elk_pushData(Globals.index_name,units_list_update)
  File "/opt/airflow/dags/units_statistics/elk_manager.py", line 69, in elk_pushData
    helpers.bulk(self.elk_client, docs_list, index=index_name, chunk_size=batch)
  File "/home/airflow/.local/lib/python3.8/site-packages/elasticsearch/helpers/actions.py", line 521, in bulk
    for ok, item in streaming_bulk(
  File "/home/airflow/.local/lib/python3.8/site-packages/elasticsearch/helpers/actions.py", line 436, in streaming_bulk
    for data, (ok, info) in zip(
  File "/home/airflow/.local/lib/python3.8/site-packages/elasticsearch/helpers/actions.py", line 355, in _process_bulk_chunk
    yield from gen
  File "/home/airflow/.local/lib/python3.8/site-packages/elasticsearch/helpers/actions.py", line 274, in _process_bulk_chunk_success
    raise BulkIndexError(f"{len(errors)} document(s) failed to index.", errors)
elasticsearch.helpers.BulkIndexError: 1755 document(s) failed to index.
[2024-05-11T09:22:20.615+0000] {taskinstance.py:1149} INFO - Marking task as UP_FOR_RETRY. dag_id=Units_statistics_DAG, task_id=ETL_job, map_index=7, execution_date=20240511T090000, start_date=20240511T092200, end_date=20240511T092220
[2024-05-11T09:22:20.663+0000] {standard_task_runner.py:107} ERROR - Failed to execute job 50206 for task ETL_job (1755 document(s) failed to index.; 936915)
[2024-05-11T09:22:20.752+0000] {local_task_job_runner.py:234} INFO - Task exited with return code 1
[2024-05-11T09:22:20.780+0000] {taskinstance.py:3312} INFO - 0 downstream tasks scheduled from follow-on schedule check
