[2024-05-07T06:21:44.661+0000] {taskinstance.py:1979} INFO - Dependencies all met for dep_context=non-requeueable deps ti=<TaskInstance: Units_statistics_DAG.ETL_job scheduled__2024-05-07T06:00:00+00:00 map_index=6 [queued]>
[2024-05-07T06:21:44.677+0000] {taskinstance.py:1979} INFO - Dependencies all met for dep_context=requeueable deps ti=<TaskInstance: Units_statistics_DAG.ETL_job scheduled__2024-05-07T06:00:00+00:00 map_index=6 [queued]>
[2024-05-07T06:21:44.677+0000] {taskinstance.py:2193} INFO - Starting attempt 2 of 4
[2024-05-07T06:21:44.696+0000] {taskinstance.py:2217} INFO - Executing <Mapped(_PythonDecoratedOperator): ETL_job> on 2024-05-07 06:00:00+00:00
[2024-05-07T06:21:44.704+0000] {standard_task_runner.py:60} INFO - Started process 827093 to run task
[2024-05-07T06:21:44.716+0000] {standard_task_runner.py:87} INFO - Running: ['***', 'tasks', 'run', 'Units_statistics_DAG', 'ETL_job', 'scheduled__2024-05-07T06:00:00+00:00', '--job-id', '37635', '--raw', '--subdir', 'DAGS_FOLDER/Units_dag.py', '--cfg-path', '/tmp/tmpc2in8ely', '--map-index', '6']
[2024-05-07T06:21:44.719+0000] {standard_task_runner.py:88} INFO - Job 37635: Subtask ETL_job
[2024-05-07T06:21:44.808+0000] {task_command.py:423} INFO - Running <TaskInstance: Units_statistics_DAG.ETL_job scheduled__2024-05-07T06:00:00+00:00 map_index=6 [running]> on host a09da322e808
[2024-05-07T06:21:44.999+0000] {taskinstance.py:2513} INFO - Exporting env vars: AIRFLOW_CTX_DAG_OWNER='abeer-araby' AIRFLOW_CTX_DAG_ID='Units_statistics_DAG' AIRFLOW_CTX_TASK_ID='ETL_job' AIRFLOW_CTX_EXECUTION_DATE='2024-05-07T06:00:00+00:00' AIRFLOW_CTX_TRY_NUMBER='2' AIRFLOW_CTX_DAG_RUN_ID='scheduled__2024-05-07T06:00:00+00:00'
[2024-05-07T06:21:45.002+0000] {Units_dag.py:98} INFO - i: 60000, chunk: 10000
[2024-05-07T06:21:45.003+0000] {Units_dag.py:99} INFO - child token is::: eyJ0eXAiOiJKV1QiLCJhbGciOiJIUzI1NiJ9.eyJpc3MiOiJodHRwczovL2FwaS5hZmFxeS5zYS9hdXRoL2xvZ2luX2FzIiwiaWF0IjoxNzE1MDYyODAzLCJleHAiOjE3MTc2NTQ4MDMsIm5iZiI6MTcxNTA2MjgwMywianRpIjoickpOc0pENkZDdndRYkxPaSIsInN1YiI6IjVkNjNlNTFlMDNlZDUyOTJhNDJjMjRlNiIsInBydiI6IjI3MGVjZmM3ZWEzZWQ5MzdlYTg0OTM2MmEzYTUwOTEwYzZkOGNlNGYiLCJsb2dpbl9hc19pZCI6IjY1N2YwYWQ3M2Y5NzcyOTVjZjA1NTc2YSJ9.NQpmbFhQ-H0Ueu6zYQVCOW2f-L9JWuQIsoefb0ohDzw
[2024-05-07T06:22:06.583+0000] {Units_dag.py:103} INFO - {'_id': '632ac9aaad52833a9f75f627', 'icon': 'icons/icon.png', 'driver_id': '', 'tailer_id': '', 'profile': {'measurement_type': 'count', 'fuel_type': '91', 'year': 0, 'seats': 2}, 'device_password': '***', 'device_type': 'gps', 'gateway': False, 'name': 'ADR9277', 'operation_code': None, 'device_gateway': None, 'business_types': {'waste': False, 'transportation': True, 'water': False}, 'imei': '357073292779853', 'sim_number': '+966830028756554', 'sim_serial': '996609821111311488', 'device_serial': '1118909313', 'device': 'teltonika', 'user_id': '5edc9ce503ed5252d3361fa8', 'created_by': '5e6655bf03ed52e1ab79d301', 'updated_at': '2024-04-18 11:18:59', 'created_at': '2022-09-21 11:22:02', 'custom_fields': [], 'creator': 'amr.ahmed', 'company': '', 'owner': 'hertz-admin', 'last_update': {'dtt': 1715062660000, 'dts': 1715062664537, 'spd': 0, 'ang': 200, 'alt': 47, 'chPrams': {'Speed': {'v': 0, 'cdt': 1715061309000}, 'output1': {'v': True, 'cdt': 1715047962000}, 'output2': {'v': True, 'cdt': 1715047962000}, 'ePwrV': {'v': 13.366, 'cdt': 1715062660000}, 'parm24': {'v': 0, 'cdt': 1715061309000}, 'sat': {'v': 12, 'cdt': 1715062660000}, 'ai1': {'v': 174, 'cdt': 1714884614000}, 'priority': {'v': 0, 'cdt': 1713966098000}, 'di2': {'v': 0, 'cdt': 1714466391000}, 'di1': {'v': 0, 'cdt': 1715061428000}, 'result': {'v': '5665723a30332e32372e31335f3033204750533a41584e5f352e312e392048773a464d42313230204d6f643a333320494d45493a33353730373332393237373938353320496e69743a323032342d312d31382032323a313520557074696d653a39343135343033204d41433a303031453432373443413637205350433a312830292041584c3a32204f42443a3020424c3a312e31302042543a34', 'cdt': 1715047662000}, 'protocol': {'v': 'FMB120', 'cdt': 1715047962000}, 'parm6': {'v': 174, 'cdt': 1714466391000}, 'iPwrV': {'v': 3.92, 'cdt': 1715062360000}, 'event': {'v': 0, 'cdt': 1713966098000}}, 'prms': {'protocol': 'FMB120', 'priority': 0, 'sat': 12, 'event': 0, 'di1': 0, 'output1': 1, 'di2': 0, 'output2': 1, 'ePwrV': 13.366, 'Speed': 0, 'parm24': 0, 'iPwrV': 3.92, 'ai1': 174, 'parm6': 174}, 'devPrms': ['protocol', 'priority', 'sat', 'event', 'di1', 'output1', 'di2', 'output2', 'ePwrV', 'Speed', 'parm24', 'iPwrV', 'ai1', 'parm6'], 'old_params': {'Speed': 0, 'output1': 1, 'output2': 1, 'ePwrV': 13.345, 'parm24': 0, 'sat': 14, 'ai1': 174, 'priority': 0, 'di2': 0, 'di1': 0, 'protocol': 'teltonika', 'parm6': 174, 'iPwrV': 3.92, 'event': 0}, 'vLoc': 1, 'vCon': 1, 'ip': '37.216.55.32', 'rl': 0, 'trl': 30115.5653, 'mdu': 0, 'tmdu': 2385058, 'eidl': 0, 'teidl': 1368561, 'fc': 0, 'tfc': 702.027842, 'acc': 0, 'accOn': 18914767, 'accOff': 47363956, 'sdu': 300, 'tsdu': 1232, 'lat': 21.59051, 'lng': 39.1630333}, 'counters': {'odometer_type': 'gps', 'odometer': 30158.5653, 'engine_hours_type': 'acc', 'engine_hours': 18914767, 'last_acc': 0}, 'is_wasl_connected': 'Not Connected', 'iconUrl': 'https://api.afaqy.sa/images/units/icons/icon.png', 'hasCCTV': False}
[2024-05-07T06:22:07.568+0000] {warnings.py:109} WARNING - /home/***/.local/lib/python3.8/site-packages/elasticsearch/_sync/client/__init__.py:399: SecurityWarning: Connecting to 'https://dbelk1.afaqy.local:9200' using TLS with verify_certs=False is insecure
  _transport = transport_class(

[2024-05-07T06:22:07.673+0000] {warnings.py:109} WARNING - /home/***/.local/lib/python3.8/site-packages/elasticsearch/_sync/client/__init__.py:399: SecurityWarning: Connecting to 'https://dbelk3.afaqy.local:9200' using TLS with verify_certs=False is insecure
  _transport = transport_class(

[2024-05-07T06:22:07.779+0000] {warnings.py:109} WARNING - /home/***/.local/lib/python3.8/site-packages/elasticsearch/_sync/client/__init__.py:399: SecurityWarning: Connecting to 'https://dbelk2.afaqy.local:9200' using TLS with verify_certs=False is insecure
  _transport = transport_class(

[2024-05-07T06:22:07.815+0000] {warnings.py:109} WARNING - /home/***/.local/lib/python3.8/site-packages/urllib3/connectionpool.py:1061: InsecureRequestWarning: Unverified HTTPS request is being made to host 'dbelk1.afaqy.local'. Adding certificate verification is strongly advised. See: https://urllib3.readthedocs.io/en/1.26.x/advanced-usage.html#ssl-warnings
  warnings.warn(

[2024-05-07T06:22:07.876+0000] {_transport.py:335} INFO - GET https://dbelk1.afaqy.local:9200/_cluster/health [status:200 duration:0.093s]
[2024-05-07T06:22:08.751+0000] {warnings.py:109} WARNING - /home/***/.local/lib/python3.8/site-packages/urllib3/connectionpool.py:1061: InsecureRequestWarning: Unverified HTTPS request is being made to host 'dbelk3.afaqy.local'. Adding certificate verification is strongly advised. See: https://urllib3.readthedocs.io/en/1.26.x/advanced-usage.html#ssl-warnings
  warnings.warn(

[2024-05-07T06:22:08.763+0000] {_transport.py:335} INFO - PUT https://dbelk3.afaqy.local:9200/units_statistics_***/_bulk [status:429 duration:0.038s]
[2024-05-07T06:22:08.763+0000] {_node_pool.py:249} WARNING - Node <Urllib3HttpNode(https://dbelk3.afaqy.local:9200)> has failed for 1 times in a row, putting on 1 second timeout
[2024-05-07T06:22:08.764+0000] {_transport.py:427} WARNING - Retrying request after non-successful status 429 (attempt 0 of 3)
[2024-05-07T06:22:08.764+0000] {warnings.py:109} WARNING - /home/***/.local/lib/python3.8/site-packages/urllib3/connectionpool.py:1061: InsecureRequestWarning: Unverified HTTPS request is being made to host 'dbelk1.afaqy.local'. Adding certificate verification is strongly advised. See: https://urllib3.readthedocs.io/en/1.26.x/advanced-usage.html#ssl-warnings
  warnings.warn(

[2024-05-07T06:22:10.441+0000] {_transport.py:335} INFO - PUT https://dbelk1.afaqy.local:9200/units_statistics_***/_bulk [status:200 duration:1.677s]
[2024-05-07T06:22:11.074+0000] {python.py:202} INFO - Done. Returned value was: None
[2024-05-07T06:22:11.108+0000] {taskinstance.py:1149} INFO - Marking task as SUCCESS. dag_id=Units_statistics_DAG, task_id=ETL_job, map_index=6, execution_date=20240507T060000, start_date=20240507T062144, end_date=20240507T062211
[2024-05-07T06:22:11.217+0000] {local_task_job_runner.py:234} INFO - Task exited with return code 0
[2024-05-07T06:22:11.265+0000] {taskinstance.py:3312} INFO - 0 downstream tasks scheduled from follow-on schedule check
