[2024-05-12T09:20:18.272+0000] {taskinstance.py:1979} INFO - Dependencies all met for dep_context=non-requeueable deps ti=<TaskInstance: Units_statistics_DAG.ETL_job scheduled__2024-05-12T09:00:00+00:00 map_index=7 [queued]>
[2024-05-12T09:20:18.331+0000] {taskinstance.py:1979} INFO - Dependencies all met for dep_context=requeueable deps ti=<TaskInstance: Units_statistics_DAG.ETL_job scheduled__2024-05-12T09:00:00+00:00 map_index=7 [queued]>
[2024-05-12T09:20:18.332+0000] {taskinstance.py:2193} INFO - Starting attempt 1 of 4
[2024-05-12T09:20:18.439+0000] {taskinstance.py:2217} INFO - Executing <Mapped(_PythonDecoratedOperator): ETL_job> on 2024-05-12 09:00:00+00:00
[2024-05-12T09:20:18.461+0000] {standard_task_runner.py:60} INFO - Started process 964351 to run task
[2024-05-12T09:20:18.498+0000] {standard_task_runner.py:87} INFO - Running: ['***', 'tasks', 'run', 'Units_statistics_DAG', 'ETL_job', 'scheduled__2024-05-12T09:00:00+00:00', '--job-id', '53672', '--raw', '--subdir', 'DAGS_FOLDER/Units_dag.py', '--cfg-path', '/tmp/tmp1npb15po', '--map-index', '7']
[2024-05-12T09:20:18.505+0000] {standard_task_runner.py:88} INFO - Job 53672: Subtask ETL_job
[2024-05-12T09:20:18.873+0000] {task_command.py:423} INFO - Running <TaskInstance: Units_statistics_DAG.ETL_job scheduled__2024-05-12T09:00:00+00:00 map_index=7 [running]> on host a09da322e808
[2024-05-12T09:20:19.641+0000] {taskinstance.py:2513} INFO - Exporting env vars: AIRFLOW_CTX_DAG_OWNER='abeer-araby' AIRFLOW_CTX_DAG_ID='Units_statistics_DAG' AIRFLOW_CTX_TASK_ID='ETL_job' AIRFLOW_CTX_EXECUTION_DATE='2024-05-12T09:00:00+00:00' AIRFLOW_CTX_TRY_NUMBER='1' AIRFLOW_CTX_DAG_RUN_ID='scheduled__2024-05-12T09:00:00+00:00'
[2024-05-12T09:20:19.642+0000] {Units_dag.py:98} INFO - i: 70000, chunk: 10000
[2024-05-12T09:20:19.643+0000] {Units_dag.py:99} INFO - child token is::: eyJ0eXAiOiJKV1QiLCJhbGciOiJIUzI1NiJ9.eyJpc3MiOiJodHRwczovL2FwaS5hZmFxeS5zYS9hdXRoL2xvZ2luX2FzIiwiaWF0IjoxNzE1NTA1NjAzLCJleHAiOjE3MTgwOTc2MDMsIm5iZiI6MTcxNTUwNTYwMywianRpIjoiZklYUHdubWVzbUt4YmVVZyIsInN1YiI6IjVkNjNlNTFlMDNlZDUyOTJhNDJjMjRlNiIsInBydiI6IjI3MGVjZmM3ZWEzZWQ5MzdlYTg0OTM2MmEzYTUwOTEwYzZkOGNlNGYiLCJsb2dpbl9hc19pZCI6IjY1N2YwYWQ3M2Y5NzcyOTVjZjA1NTc2YSJ9.Ik6eT31roFYoJVrKzgNlPK1M40PkiTYs8FE8sY9_fRY
[2024-05-12T09:20:59.384+0000] {Units_dag.py:103} INFO - {'_id': '63a7f8d541640235b464cb3a', 'icon': 'icons/icon.png', 'driver_id': '', 'tailer_id': '', 'profile': {'vehicle_type': None, 'measurement_type': 'count', 'max_capacity': 0, 'vin': None, 'plate_number': '1795 - V D R', 'start_operation': None, 'contract_milage': None, 'opening_milage': None, 'model': None, 'fuel_type': '91', 'year': 0, 'seats': 2}, 'device_password': '***', 'device_type': 'gps', 'gateway': False, 'name': 'VDR1795', 'operation_code': '', 'device_gateway': '', 'business_types': {'waste': False, 'transportation': True, 'water': False}, 'imei': '866907058440008', 'sim_number': '+966830030948666', 'sim_serial': '21294045062', 'device_serial': '1125898360', 'device': 'teltonika', 'user_id': '5edc9ce503ed5252d3361fa8', 'created_by': '5e6655bf03ed52e1ab79d301', 'updated_at': '2024-04-18 11:18:59', 'created_at': '2022-12-25 10:16:37', 'custom_fields': [], 'creator': 'amr.ahmed', 'company': '', 'owner': 'hertz-admin', 'last_update': {'dtt': 1715505381000, 'dts': 1715505385780, 'spd': 0, 'ang': 104, 'alt': 605, 'chPrams': {'output1': {'v': False, 'cdt': 1715335705000}, 'output2': {'v': False, 'cdt': 1715335705000}, 'ePwrV': {'v': 12.914, 'cdt': 1715503878000}, 'sat': {'v': 18, 'cdt': 1715504178000}, 'ai1': {'v': 87, 'cdt': 1715233654000}, 'priority': {'v': 0, 'cdt': 1715487048000}, 'type': {'v': 6, 'cdt': 1713080077000}, 'di2': {'v': 0, 'cdt': 1715177329000}, 'di1': {'v': 0, 'cdt': 1715486747000}, 'result': {'v': '5665723a30332e32372e31335f3534204750533a41584e5f352e312e392048773a464d43313330204d6f643a3420494d45493a38363639303730353834343030303820496e69743a323032342d322d313320303a333420557074696d653a37363839353039204d41433a303031453432353538393142205350433a312830292041584c3a32204f42443a3020424c3a312e31302042543a34', 'cdt': 1715487349000}, 'protocol': {'v': 'FMC130', 'cdt': 1715335705000}, 'parm6': {'v': 87, 'cdt': 1715190487000}, 'iPwrV': {'v': 3.924, 'cdt': 1715493360000}, 'event': {'v': 0, 'cdt': 1715487048000}}, 'prms': {'protocol': 'FMC130', 'priority': 0, 'sat': 18, 'event': 0, 'di1': 0, 'output1': 0, 'di2': 0, 'output2': 0, 'ePwrV': 12.914, 'iPwrV': 3.924, 'ai1': 87, 'parm6': 87}, 'devPrms': ['protocol', 'priority', 'sat', 'event', 'di1', 'output1', 'di2', 'output2', 'ePwrV', 'iPwrV', 'ai1', 'parm6'], 'old_params': {'protocol': 'teltonika', 'output1': 0, 'parm6': 87, 'output2': 0, 'ePwrV': 12.914, 'sat': 18, 'ai1': 87, 'iPwrV': 3.924, 'priority': 0, 'event': 0, 'di2': 0, 'di1': 0}, 'vLoc': 1, 'vCon': 1, 'ip': '51.36.56.216', 'rl': 0, 'trl': 20498.5217, 'mdu': 0, 'tmdu': 1392272, 'eidl': 0, 'teidl': 919455, 'fc': 0, 'tfc': 2.914644, 'acc': 0, 'accOn': 614644556, 'accOff': 653541171, 'sdu': 301, 'tsdu': 18634, 'lat': 24.961035, 'lng': 46.7006799}, 'counters': {'odometer_type': 'gps', 'odometer': 20498.4866, 'engine_hours_type': 'acc', 'engine_hours': 614644556, 'last_acc': 0}, 'is_wasl_connected': 'Not Connected', 'iconUrl': 'https://api.afaqy.sa/images/units/icons/icon.png', 'hasCCTV': False}
[2024-05-12T09:21:01.339+0000] {warnings.py:109} WARNING - /home/***/.local/lib/python3.8/site-packages/elasticsearch/_sync/client/__init__.py:399: SecurityWarning: Connecting to 'https://dbelk3.afaqy.local:9200' using TLS with verify_certs=False is insecure
  _transport = transport_class(

[2024-05-12T09:21:01.514+0000] {warnings.py:109} WARNING - /home/***/.local/lib/python3.8/site-packages/elasticsearch/_sync/client/__init__.py:399: SecurityWarning: Connecting to 'https://dbelk2.afaqy.local:9200' using TLS with verify_certs=False is insecure
  _transport = transport_class(

[2024-05-12T09:21:01.648+0000] {warnings.py:109} WARNING - /home/***/.local/lib/python3.8/site-packages/elasticsearch/_sync/client/__init__.py:399: SecurityWarning: Connecting to 'https://dbelk1.afaqy.local:9200' using TLS with verify_certs=False is insecure
  _transport = transport_class(

[2024-05-12T09:21:01.680+0000] {warnings.py:109} WARNING - /home/***/.local/lib/python3.8/site-packages/urllib3/connectionpool.py:1061: InsecureRequestWarning: Unverified HTTPS request is being made to host 'dbelk3.afaqy.local'. Adding certificate verification is strongly advised. See: https://urllib3.readthedocs.io/en/1.26.x/advanced-usage.html#ssl-warnings
  warnings.warn(

[2024-05-12T09:21:01.747+0000] {_transport.py:335} INFO - GET https://dbelk3.afaqy.local:9200/_cluster/health [status:200 duration:0.097s]
[2024-05-12T09:21:02.728+0000] {warnings.py:109} WARNING - /home/***/.local/lib/python3.8/site-packages/urllib3/connectionpool.py:1061: InsecureRequestWarning: Unverified HTTPS request is being made to host 'dbelk2.afaqy.local'. Adding certificate verification is strongly advised. See: https://urllib3.readthedocs.io/en/1.26.x/advanced-usage.html#ssl-warnings
  warnings.warn(

[2024-05-12T09:21:02.742+0000] {_transport.py:335} INFO - PUT https://dbelk2.afaqy.local:9200/units_statistics_***/_bulk [status:429 duration:0.033s]
[2024-05-12T09:21:02.743+0000] {_node_pool.py:249} WARNING - Node <Urllib3HttpNode(https://dbelk2.afaqy.local:9200)> has failed for 1 times in a row, putting on 1 second timeout
[2024-05-12T09:21:02.744+0000] {_transport.py:427} WARNING - Retrying request after non-successful status 429 (attempt 0 of 3)
[2024-05-12T09:21:02.745+0000] {warnings.py:109} WARNING - /home/***/.local/lib/python3.8/site-packages/urllib3/connectionpool.py:1061: InsecureRequestWarning: Unverified HTTPS request is being made to host 'dbelk3.afaqy.local'. Adding certificate verification is strongly advised. See: https://urllib3.readthedocs.io/en/1.26.x/advanced-usage.html#ssl-warnings
  warnings.warn(

[2024-05-12T09:21:02.761+0000] {_transport.py:335} INFO - PUT https://dbelk3.afaqy.local:9200/units_statistics_***/_bulk [status:429 duration:0.016s]
[2024-05-12T09:21:02.762+0000] {_node_pool.py:249} WARNING - Node <Urllib3HttpNode(https://dbelk3.afaqy.local:9200)> has failed for 1 times in a row, putting on 1 second timeout
[2024-05-12T09:21:02.762+0000] {_transport.py:427} WARNING - Retrying request after non-successful status 429 (attempt 1 of 3)
[2024-05-12T09:21:02.803+0000] {warnings.py:109} WARNING - /home/***/.local/lib/python3.8/site-packages/urllib3/connectionpool.py:1061: InsecureRequestWarning: Unverified HTTPS request is being made to host 'dbelk1.afaqy.local'. Adding certificate verification is strongly advised. See: https://urllib3.readthedocs.io/en/1.26.x/advanced-usage.html#ssl-warnings
  warnings.warn(

[2024-05-12T09:21:10.668+0000] {_transport.py:335} INFO - PUT https://dbelk1.afaqy.local:9200/units_statistics_***/_bulk [status:200 duration:7.905s]
[2024-05-12T09:21:10.919+0000] {python.py:202} INFO - Done. Returned value was: None
[2024-05-12T09:21:10.938+0000] {taskinstance.py:1149} INFO - Marking task as SUCCESS. dag_id=Units_statistics_DAG, task_id=ETL_job, map_index=7, execution_date=20240512T090000, start_date=20240512T092018, end_date=20240512T092110
[2024-05-12T09:21:11.130+0000] {local_task_job_runner.py:234} INFO - Task exited with return code 0
[2024-05-12T09:21:11.177+0000] {taskinstance.py:3312} INFO - 0 downstream tasks scheduled from follow-on schedule check
