[2024-05-12T08:40:15.825+0000] {taskinstance.py:1979} INFO - Dependencies all met for dep_context=non-requeueable deps ti=<TaskInstance: Units_statistics_DAG.ETL_job scheduled__2024-05-12T08:20:00+00:00 map_index=14 [queued]>
[2024-05-12T08:40:15.923+0000] {taskinstance.py:1979} INFO - Dependencies all met for dep_context=requeueable deps ti=<TaskInstance: Units_statistics_DAG.ETL_job scheduled__2024-05-12T08:20:00+00:00 map_index=14 [queued]>
[2024-05-12T08:40:15.923+0000] {taskinstance.py:2193} INFO - Starting attempt 1 of 4
[2024-05-12T08:40:16.043+0000] {taskinstance.py:2217} INFO - Executing <Mapped(_PythonDecoratedOperator): ETL_job> on 2024-05-12 08:20:00+00:00
[2024-05-12T08:40:16.068+0000] {standard_task_runner.py:60} INFO - Started process 963642 to run task
[2024-05-12T08:40:16.136+0000] {standard_task_runner.py:87} INFO - Running: ['***', 'tasks', 'run', 'Units_statistics_DAG', 'ETL_job', 'scheduled__2024-05-12T08:20:00+00:00', '--job-id', '53604', '--raw', '--subdir', 'DAGS_FOLDER/Units_dag.py', '--cfg-path', '/tmp/tmphgpqpy4d', '--map-index', '14']
[2024-05-12T08:40:16.151+0000] {standard_task_runner.py:88} INFO - Job 53604: Subtask ETL_job
[2024-05-12T08:40:16.382+0000] {task_command.py:423} INFO - Running <TaskInstance: Units_statistics_DAG.ETL_job scheduled__2024-05-12T08:20:00+00:00 map_index=14 [running]> on host a09da322e808
[2024-05-12T08:40:16.824+0000] {taskinstance.py:2513} INFO - Exporting env vars: AIRFLOW_CTX_DAG_OWNER='abeer-araby' AIRFLOW_CTX_DAG_ID='Units_statistics_DAG' AIRFLOW_CTX_TASK_ID='ETL_job' AIRFLOW_CTX_EXECUTION_DATE='2024-05-12T08:20:00+00:00' AIRFLOW_CTX_TRY_NUMBER='1' AIRFLOW_CTX_DAG_RUN_ID='scheduled__2024-05-12T08:20:00+00:00'
[2024-05-12T08:40:16.831+0000] {Units_dag.py:98} INFO - i: 140000, chunk: 10000
[2024-05-12T08:40:16.832+0000] {Units_dag.py:99} INFO - child token is::: eyJ0eXAiOiJKV1QiLCJhbGciOiJIUzI1NiJ9.eyJpc3MiOiJodHRwczovL2FwaS5hZmFxeS5zYS9hdXRoL2xvZ2luX2FzIiwiaWF0IjoxNzE1NTAzMjA0LCJleHAiOjE3MTgwOTUyMDQsIm5iZiI6MTcxNTUwMzIwNCwianRpIjoic1BPdnBBdTV1NTl0QnV2eiIsInN1YiI6IjVkNjNlNTFlMDNlZDUyOTJhNDJjMjRlNiIsInBydiI6IjI3MGVjZmM3ZWEzZWQ5MzdlYTg0OTM2MmEzYTUwOTEwYzZkOGNlNGYiLCJsb2dpbl9hc19pZCI6IjY1N2YwYWQ3M2Y5NzcyOTVjZjA1NTc2YSJ9.2VPBl_gWZDuSqi6Wy8mYC2FaV27c7Bf4eiWry-Krr3w
[2024-05-12T08:40:39.377+0000] {Units_dag.py:103} INFO - {'_id': '6551de9b4e13cb7cfd0bd38c', 'icon': 'icons/icon.png', 'driver_id': '', 'tailer_id': '', 'profile': {'vehicle_type': '', 'measurement_type': 'count', 'max_capacity': 0, 'vin': '', 'plate_number': '', 'start_operation': '', 'contract_milage': '', 'opening_milage': '', 'model': '', 'fuel_type': '91', 'year': 0, 'seats': 2}, 'shipment_info': {'product_category': None, 'truck_type': None, 'shipment_type': None, 'shipment_payment_type': None, 'transporter_type': None, 'operating_area': None, 'weight_kilograms_per_day': None, 'kms_per_day': None, 'shipment_trip_drive_hrs_day': None, 'allowable_delay_drive_hrs_day': None, 'expected_shipment_trip_day': None, 'car_pay_per_day': None, 'exceeding_temperature_limit_per_day': None, 'temperature_upper_limit': None, 'exceeding_humidity_limit_per_day': None, 'humidity_upper_limit': None}, 'device_password': '***', 'device_type': 'gps', 'gateway': False, 'business_types': {'waste': False, 'transportation': False, 'water': False}, 'name': '30830 - 3T Boom Truck', 'operation_code': '', 'device_gateway': '', 'skip_sim_information': '', 'imei': '861937063281654', 'sim_number': '+97474420463', 'sim_serial': '8942702111360369061', 'device_serial': '861937063281654', 'device': 'bce', 'user_id': '654f57cea002a97a800ca610', 'created_by': '63566351d592444621078e69', 'updated_at': '2024-04-18 11:18:59', 'created_at': '2023-11-13 11:30:19', 'custom_fields': [], 'creator': 'm.gamal', 'company': '', 'owner': 'power-link-admin', 'last_update': {'dtt': 1715503074000, 'dts': 1715503082364, 'spd': 0, 'ang': 0, 'alt': 0, 'chPrams': {'ePwrV': {'v': 24.594, 'cdt': 1715503074000}, 'di16': {'v': 1, 'cdt': 1713175562000}, 'rssi1': {'v': 58, 'cdt': 1715502474000}, 'di15': {'v': 0, 'cdt': 1713175562000}, 'di14': {'v': 0, 'cdt': 1715409170000}, 'di13': {'v': 0, 'cdt': 1713367220000}, 'di12': {'v': 0, 'cdt': 1713175562000}, 'di11': {'v': 0, 'cdt': 1713175562000}, 'di10': {'v': 0, 'cdt': 1713175562000}, 'di2': {'v': 0, 'cdt': 1713175562000}, 'di1': {'v': 0, 'cdt': 1715409170000}, 'di4': {'v': 0, 'cdt': 1713175562000}, 'di3': {'v': 0, 'cdt': 1713175562000}, 'di6': {'v': 0, 'cdt': 1713175562000}, 'di5': {'v': 0, 'cdt': 1715409176000}, 'lac1': {'v': 131, 'cdt': 1714623212000}, 'ai8': {'v': 0, 'cdt': 1713175562000}, 'di8': {'v': 1, 'cdt': 1715397484000}, 'protocol': {'v': 'bce', 'cdt': 1713175562000}, 'di7': {'v': 0, 'cdt': 1715409476000}, 'di9': {'v': 0, 'cdt': 1713175562000}, 'iPwrV': {'v': 4.163, 'cdt': 1715496774000}, 'ID': {'v': '0', 'cdt': 1713175562000}, 'cid1': {'v': 19699, 'cdt': 1715491974000}, 'odometer': {'v': 0, 'cdt': 1714653524000}, 'spd': {'v': 0, 'cdt': 1714653524000}, 'sat': {'v': 12, 'cdt': 1715397532000}, 'hdop': {'v': 1, 'cdt': 1714015548000}, 'ta': {'v': 0, 'cdt': 1713175562000}, 'mcc1': {'v': 427, 'cdt': 1713982702000}, 'mnc1': {'v': 2, 'cdt': 1714827528000}}, 'prms': {'protocol': 'bce', 'spd': 0, 'sat': 12, 'hdop': 1, 'odometer': 0, 'di16': 1, 'di15': 0, 'di14': 0, 'di13': 0, 'di12': 0, 'di11': 0, 'di10': 0, 'di9': 0, 'di8': 1, 'di7': 0, 'di6': 0, 'di5': 0, 'di4': 0, 'di3': 0, 'di2': 0, 'di1': 0, 'ePwrV': 24.594, 'iPwrV': 4.163, 'ai8': 0, 'ta': 0, 'mcc1': 427, 'mnc1': 2, 'lac1': 131, 'cid1': 19699, 'rssi1': 58, 'ID': '0'}, 'devPrms': ['protocol', 'spd', 'sat', 'hdop', 'odometer', 'di16', 'di15', 'di14', 'di13', 'di12', 'di11', 'di10', 'di9', 'di8', 'di7', 'di6', 'di5', 'di4', 'di3', 'di2', 'di1', 'ePwrV', 'iPwrV', 'ai8', 'ta', 'mcc1', 'mnc1', 'lac1', 'cid1', 'rssi1', 'ID'], 'old_params': {'protocol': 'bce', 'spd': 0, 'sat': 12, 'hdop': 1, 'odometer': 0, 'di16': 1, 'di15': 0, 'di14': 0, 'di13': 0, 'di12': 0, 'di11': 0, 'di10': 0, 'di9': 0, 'di8': 1, 'di7': 0, 'di6': 0, 'di5': 0, 'di4': 0, 'di3': 0, 'di2': 0, 'di1': 0, 'ePwrV': 24.576, 'iPwrV': 4.163, 'ai8': 0, 'ta': 0, 'mcc1': 427, 'mnc1': 2, 'lac1': 131, 'cid1': 19699, 'rssi1': 58, 'ID': '0'}, 'vLoc': 1, 'vCon': 1, 'ip': '37.186.44.76', 'rl': 0, 'trl': 13077.073, 'mdu': 0, 'tmdu': 835994, 'eidl': 0, 'teidl': 473508, 'fc': 0, 'tfc': 6.889776, 'acc': 0, 'accOn': 2396848, 'accOff': 13419936, 'sdu': 300, 'tsdu': 93898, 'lat': 25.201068878173828, 'lng': 51.43275451660156}, 'counters': {'engine_hours': 2396848, 'last_acc': 0, 'odometer': 13076.9223, 'engine_hours_type': '', 'odometer_type': ''}, 'is_wasl_connected': 'Not Connected', 'iconUrl': 'https://api.afaqy.sa/images/units/icons/icon.png', 'hasCCTV': False}
[2024-05-12T08:40:43.520+0000] {warnings.py:109} WARNING - /home/***/.local/lib/python3.8/site-packages/elasticsearch/_sync/client/__init__.py:399: SecurityWarning: Connecting to 'https://dbelk2.afaqy.local:9200' using TLS with verify_certs=False is insecure
  _transport = transport_class(

[2024-05-12T08:40:43.721+0000] {warnings.py:109} WARNING - /home/***/.local/lib/python3.8/site-packages/elasticsearch/_sync/client/__init__.py:399: SecurityWarning: Connecting to 'https://dbelk3.afaqy.local:9200' using TLS with verify_certs=False is insecure
  _transport = transport_class(

[2024-05-12T08:40:45.522+0000] {warnings.py:109} WARNING - /home/***/.local/lib/python3.8/site-packages/elasticsearch/_sync/client/__init__.py:399: SecurityWarning: Connecting to 'https://dbelk1.afaqy.local:9200' using TLS with verify_certs=False is insecure
  _transport = transport_class(

[2024-05-12T08:40:45.567+0000] {warnings.py:109} WARNING - /home/***/.local/lib/python3.8/site-packages/urllib3/connectionpool.py:1061: InsecureRequestWarning: Unverified HTTPS request is being made to host 'dbelk2.afaqy.local'. Adding certificate verification is strongly advised. See: https://urllib3.readthedocs.io/en/1.26.x/advanced-usage.html#ssl-warnings
  warnings.warn(

[2024-05-12T08:40:45.680+0000] {_transport.py:335} INFO - GET https://dbelk2.afaqy.local:9200/_cluster/health [status:200 duration:0.150s]
[2024-05-12T08:40:50.419+0000] {warnings.py:109} WARNING - /home/***/.local/lib/python3.8/site-packages/urllib3/connectionpool.py:1061: InsecureRequestWarning: Unverified HTTPS request is being made to host 'dbelk3.afaqy.local'. Adding certificate verification is strongly advised. See: https://urllib3.readthedocs.io/en/1.26.x/advanced-usage.html#ssl-warnings
  warnings.warn(

[2024-05-12T08:40:50.442+0000] {_transport.py:335} INFO - PUT https://dbelk3.afaqy.local:9200/units_statistics_***/_bulk [status:429 duration:0.086s]
[2024-05-12T08:40:50.446+0000] {_node_pool.py:249} WARNING - Node <Urllib3HttpNode(https://dbelk3.afaqy.local:9200)> has failed for 1 times in a row, putting on 1 second timeout
[2024-05-12T08:40:50.447+0000] {_transport.py:427} WARNING - Retrying request after non-successful status 429 (attempt 0 of 3)
[2024-05-12T08:40:50.447+0000] {warnings.py:109} WARNING - /home/***/.local/lib/python3.8/site-packages/urllib3/connectionpool.py:1061: InsecureRequestWarning: Unverified HTTPS request is being made to host 'dbelk2.afaqy.local'. Adding certificate verification is strongly advised. See: https://urllib3.readthedocs.io/en/1.26.x/advanced-usage.html#ssl-warnings
  warnings.warn(

[2024-05-12T08:40:50.507+0000] {_transport.py:335} INFO - PUT https://dbelk2.afaqy.local:9200/units_statistics_***/_bulk [status:429 duration:0.060s]
[2024-05-12T08:40:50.508+0000] {_node_pool.py:249} WARNING - Node <Urllib3HttpNode(https://dbelk2.afaqy.local:9200)> has failed for 1 times in a row, putting on 1 second timeout
[2024-05-12T08:40:50.508+0000] {_transport.py:427} WARNING - Retrying request after non-successful status 429 (attempt 1 of 3)
[2024-05-12T08:40:50.557+0000] {warnings.py:109} WARNING - /home/***/.local/lib/python3.8/site-packages/urllib3/connectionpool.py:1061: InsecureRequestWarning: Unverified HTTPS request is being made to host 'dbelk1.afaqy.local'. Adding certificate verification is strongly advised. See: https://urllib3.readthedocs.io/en/1.26.x/advanced-usage.html#ssl-warnings
  warnings.warn(

[2024-05-12T08:40:50.965+0000] {_transport.py:335} INFO - PUT https://dbelk1.afaqy.local:9200/units_statistics_***/_bulk [status:200 duration:0.451s]
[2024-05-12T08:40:56.170+0000] {taskinstance.py:2731} ERROR - Task failed with exception
Traceback (most recent call last):
  File "/home/airflow/.local/lib/python3.8/site-packages/airflow/models/taskinstance.py", line 444, in _execute_task
    result = _execute_callable(context=context, **execute_callable_kwargs)
  File "/home/airflow/.local/lib/python3.8/site-packages/airflow/models/taskinstance.py", line 414, in _execute_callable
    return execute_callable(context=context, **execute_callable_kwargs)
  File "/home/airflow/.local/lib/python3.8/site-packages/airflow/decorators/base.py", line 241, in execute
    return_value = super().execute(context)
  File "/home/airflow/.local/lib/python3.8/site-packages/airflow/operators/python.py", line 200, in execute
    return_value = self.execute_callable()
  File "/home/airflow/.local/lib/python3.8/site-packages/airflow/operators/python.py", line 217, in execute_callable
    return self.python_callable(*self.op_args, **self.op_kwargs)
  File "/opt/airflow/dags/Units_dag.py", line 111, in ETL_job
    Elk_client.elk_pushData(Globals.index_name,units_list_update)
  File "/opt/airflow/dags/units_statistics/elk_manager.py", line 69, in elk_pushData
    helpers.bulk(self.elk_client, docs_list, index=index_name, chunk_size=batch)
  File "/home/airflow/.local/lib/python3.8/site-packages/elasticsearch/helpers/actions.py", line 521, in bulk
    for ok, item in streaming_bulk(
  File "/home/airflow/.local/lib/python3.8/site-packages/elasticsearch/helpers/actions.py", line 436, in streaming_bulk
    for data, (ok, info) in zip(
  File "/home/airflow/.local/lib/python3.8/site-packages/elasticsearch/helpers/actions.py", line 355, in _process_bulk_chunk
    yield from gen
  File "/home/airflow/.local/lib/python3.8/site-packages/elasticsearch/helpers/actions.py", line 274, in _process_bulk_chunk_success
    raise BulkIndexError(f"{len(errors)} document(s) failed to index.", errors)
elasticsearch.helpers.BulkIndexError: 10000 document(s) failed to index.
[2024-05-12T08:40:56.219+0000] {taskinstance.py:1149} INFO - Marking task as UP_FOR_RETRY. dag_id=Units_statistics_DAG, task_id=ETL_job, map_index=14, execution_date=20240512T082000, start_date=20240512T084015, end_date=20240512T084056
[2024-05-12T08:40:56.267+0000] {standard_task_runner.py:107} ERROR - Failed to execute job 53604 for task ETL_job (10000 document(s) failed to index.; 963642)
[2024-05-12T08:40:56.339+0000] {local_task_job_runner.py:234} INFO - Task exited with return code 1
[2024-05-12T08:40:56.400+0000] {taskinstance.py:3312} INFO - 0 downstream tasks scheduled from follow-on schedule check
