[2024-04-29T02:01:57.042+0000] {taskinstance.py:1979} INFO - Dependencies all met for dep_context=non-requeueable deps ti=<TaskInstance: Units_statistics_DAG.ETL_job scheduled__2024-04-29T01:40:00+00:00 map_index=0 [queued]>
[2024-04-29T02:01:57.059+0000] {taskinstance.py:1979} INFO - Dependencies all met for dep_context=requeueable deps ti=<TaskInstance: Units_statistics_DAG.ETL_job scheduled__2024-04-29T01:40:00+00:00 map_index=0 [queued]>
[2024-04-29T02:01:57.060+0000] {taskinstance.py:2193} INFO - Starting attempt 2 of 4
[2024-04-29T02:01:57.085+0000] {taskinstance.py:2217} INFO - Executing <Mapped(_PythonDecoratedOperator): ETL_job> on 2024-04-29 01:40:00+00:00
[2024-04-29T02:01:57.092+0000] {standard_task_runner.py:60} INFO - Started process 627848 to run task
[2024-04-29T02:01:57.099+0000] {standard_task_runner.py:87} INFO - Running: ['***', 'tasks', 'run', 'Units_statistics_DAG', 'ETL_job', 'scheduled__2024-04-29T01:40:00+00:00', '--job-id', '22209', '--raw', '--subdir', 'DAGS_FOLDER/Units_dag.py', '--cfg-path', '/tmp/tmpitt7ipmm', '--map-index', '0']
[2024-04-29T02:01:57.101+0000] {standard_task_runner.py:88} INFO - Job 22209: Subtask ETL_job
[2024-04-29T02:01:57.203+0000] {task_command.py:423} INFO - Running <TaskInstance: Units_statistics_DAG.ETL_job scheduled__2024-04-29T01:40:00+00:00 map_index=0 [running]> on host a09da322e808
[2024-04-29T02:01:57.395+0000] {taskinstance.py:2513} INFO - Exporting env vars: AIRFLOW_CTX_DAG_OWNER='abeer-araby' AIRFLOW_CTX_DAG_ID='Units_statistics_DAG' AIRFLOW_CTX_TASK_ID='ETL_job' AIRFLOW_CTX_EXECUTION_DATE='2024-04-29T01:40:00+00:00' AIRFLOW_CTX_TRY_NUMBER='2' AIRFLOW_CTX_DAG_RUN_ID='scheduled__2024-04-29T01:40:00+00:00'
[2024-04-29T02:01:57.396+0000] {Units_dag.py:99} INFO - i: 0, chunk: 10000
[2024-04-29T02:01:57.396+0000] {Units_dag.py:100} INFO - child token is::: eyJ0eXAiOiJKV1QiLCJhbGciOiJIUzI1NiJ9.eyJpc3MiOiJodHRwczovL2FwaS5hZmFxeS5zYS9hdXRoL2xvZ2luX2FzIiwiaWF0IjoxNzE0MzU2MDA0LCJleHAiOjE3MTY5NDgwMDQsIm5iZiI6MTcxNDM1NjAwNCwianRpIjoieE1JMWJtT3F4eE9xMFMzOSIsInN1YiI6IjVkNjNlNTFlMDNlZDUyOTJhNDJjMjRlNiIsInBydiI6IjI3MGVjZmM3ZWEzZWQ5MzdlYTg0OTM2MmEzYTUwOTEwYzZkOGNlNGYiLCJsb2dpbl9hc19pZCI6IjY1N2YwYWQ3M2Y5NzcyOTVjZjA1NTc2YSJ9.wyAH5dd9RrwMp6wCDA5Sy0OHy3Ydq5Ipo54wmxRVeNE
[2024-04-29T02:02:14.755+0000] {Units_dag.py:104} INFO - {'_id': '5c3b1d7303ed52664c40f2c5', 'icon': 'icons/icon.png', 'driver_id': '', 'tailer_id': '', 'profile': {'vehicle_type': '', 'measurement_type': 'count', 'max_capacity': 0, 'vin': 'ddffffff', 'plate_number': '8222222f', 'start_operation': '', 'contract_milage': '', 'opening_milage': '', 'model': '', 'fuel_type': '91', 'year': 0, 'seats': 2}, 'device_password': '***', 'name': 'yasser nabeh', 'imei': '867459040839029', 'sim_number': '', 'sim_serial': '', 'device_serial': '867459040839029', 'device': 'bceIotm', 'created_by': '5b5475eeec689d30c527f124', 'user_id': '5b5475eeec689d30c527f124', 'operation_code': '51420085', 'updated_at': '2024-04-28 09:23:47', 'device_type': 'fixed_unit', 'business_types': {'waste': False, 'transportation': False, 'water': False, 'hajj': False}, 'device_gateway': '', 'gateway': False, 'deleted_at': '', 'skip_sim_information': True, 'cctv': {'dvr_id': '', 'channels': 1}, 'shipment_info': {'product_category': 'frozen_meat', 'truck_type': 'bulker_40_footer', 'shipment_type': 'long_haul', 'shipment_payment_type': 'trip_paid', 'transporter_type': 't typw', 'operating_area': 'oparea', 'weight_kilograms_per_day': 1, 'kms_per_day': 2, 'shipment_trip_drive_hrs_day': 1, 'allowable_delay_drive_hrs_day': 1, 'expected_shipment_trip_day': 1, 'car_pay_per_day': 1, 'exceeding_temperature_limit_per_day': 1, 'temperature_upper_limit': 1, 'exceeding_humidity_limit_per_day': 1, 'humidity_upper_limit': 1}, 'custom_fields': [{'id': '6621020a721cc3fb8c0b7ca4', 'key': 'test-1', 'value': 'value-1', 'type': 'general', 'measurement_unit': ''}, {'id': '6621020a721cc3fb8c0b7ca6', 'key': 'test-4', 'value': 'value-4', 'type': 'general', 'measurement_unit': ''}, {'id': '6621020a721cc3fb8c0b7ca8', 'key': 'test-3', 'value': 'value-3', 'type': 'general', 'measurement_unit': ''}, {'id': '6621020a721cc3fb8c0b7caa', 'key': 'test-2', 'value': 'value-2', 'type': 'general', 'measurement_unit': ''}], 'creator': 'afaqy', 'company': '', 'owner': 'afaqy', 'last_update': {'dtt': 1714296482593, 'dts': 1714296578953, 'spd': 0, 'ang': 0, 'alt': 28, 'chPrams': {'Temp3': {'v': '30', 'cdt': 1714295133318}, 'di5': {'v': '0', 'cdt': 1714295002430}, 'Temp2': {'v': '10', 'cdt': 1714295133318}, 'Temp1': {'v': '0', 'cdt': 1714295133318}, 'sat': {'v': '12', 'cdt': 1713265080000}, 'Temp6': {'v': '-50', 'cdt': 1714296056290}, 'Temp5': {'v': '-13', 'cdt': 1714296056290}, 'Temp4': {'v': '-0.9', 'cdt': 1714296056290}}, 'prms': {'di5': '0', 'sat': '12', 'Temp1': '0', 'Temp2': '10', 'Temp3': '30', 'Temp4': '-0.9', 'Temp5': '-13', 'Temp6': '-50'}, 'devPrms': ['di5', 'sat', 'Temp1', 'Temp2', 'Temp3', 'Temp4', 'Temp5', 'Temp6'], 'old_params': {'Temp3': '30', 'di5': '0', 'Temp2': '10', 'Temp1': '0', 'protocol': 'bceIotm', 'sat': '12', 'Temp6': '-50', 'Temp5': '-13', 'Temp4': '-0.9'}, 'vLoc': 1, 'vCon': 1, 'ip': '41.33.102.171', 'rl': 0, 'trl': 0, 'mdu': 0, 'tmdu': 0, 'eidl': 0, 'teidl': 0, 'fc': 0, 'tfc': 0, 'acc': 0, 'accOn': 0, 'accOff': 0, 'sdu': 0, 'tsdu': 0, 'lat': 25.598624150474365, 'lng': 48.439633403459304}, 'counters': {'odometer_type': 'gps', 'odometer': 0, 'engine_hours_type': 'acc', 'engine_hours': 0, 'last_acc': None}, 'is_wasl_connected': 'Not Connected', 'iconUrl': 'https://api.afaqy.sa/images/units/icons/icon.png', 'hasCCTV': False}
[2024-04-29T02:02:15.303+0000] {warnings.py:109} WARNING - /home/***/.local/lib/python3.8/site-packages/elasticsearch/_sync/client/__init__.py:399: SecurityWarning: Connecting to 'https://dbelk1.afaqy.local:9200' using TLS with verify_certs=False is insecure
  _transport = transport_class(

[2024-04-29T02:02:15.349+0000] {warnings.py:109} WARNING - /home/***/.local/lib/python3.8/site-packages/elasticsearch/_sync/client/__init__.py:399: SecurityWarning: Connecting to 'https://dbelk2.afaqy.local:9200' using TLS with verify_certs=False is insecure
  _transport = transport_class(

[2024-04-29T02:02:15.396+0000] {warnings.py:109} WARNING - /home/***/.local/lib/python3.8/site-packages/elasticsearch/_sync/client/__init__.py:399: SecurityWarning: Connecting to 'https://dbelk3.afaqy.local:9200' using TLS with verify_certs=False is insecure
  _transport = transport_class(

[2024-04-29T02:02:15.426+0000] {warnings.py:109} WARNING - /home/***/.local/lib/python3.8/site-packages/urllib3/connectionpool.py:1061: InsecureRequestWarning: Unverified HTTPS request is being made to host 'dbelk1.afaqy.local'. Adding certificate verification is strongly advised. See: https://urllib3.readthedocs.io/en/1.26.x/advanced-usage.html#ssl-warnings
  warnings.warn(

[2024-04-29T02:02:15.486+0000] {_transport.py:335} INFO - GET https://dbelk1.afaqy.local:9200/_cluster/health [status:200 duration:0.087s]
[2024-04-29T02:02:15.780+0000] {warnings.py:109} WARNING - /home/***/.local/lib/python3.8/site-packages/urllib3/connectionpool.py:1061: InsecureRequestWarning: Unverified HTTPS request is being made to host 'dbelk2.afaqy.local'. Adding certificate verification is strongly advised. See: https://urllib3.readthedocs.io/en/1.26.x/advanced-usage.html#ssl-warnings
  warnings.warn(

[2024-04-29T02:02:17.061+0000] {_transport.py:335} INFO - PUT https://dbelk2.afaqy.local:9200/units_statistics_***/_bulk [status:200 duration:1.301s]
[2024-04-29T02:02:17.456+0000] {python.py:202} INFO - Done. Returned value was: None
[2024-04-29T02:02:17.476+0000] {taskinstance.py:1149} INFO - Marking task as SUCCESS. dag_id=Units_statistics_DAG, task_id=ETL_job, map_index=0, execution_date=20240429T014000, start_date=20240429T020157, end_date=20240429T020217
[2024-04-29T02:02:17.525+0000] {local_task_job_runner.py:234} INFO - Task exited with return code 0
[2024-04-29T02:02:17.550+0000] {taskinstance.py:3312} INFO - 0 downstream tasks scheduled from follow-on schedule check
