[2024-04-23T16:20:16.840+0000] {taskinstance.py:1979} INFO - Dependencies all met for dep_context=non-requeueable deps ti=<TaskInstance: Units_statistics_DAG.ETL_job scheduled__2024-04-23T16:00:00+00:00 map_index=9 [queued]>
[2024-04-23T16:20:16.889+0000] {taskinstance.py:1979} INFO - Dependencies all met for dep_context=requeueable deps ti=<TaskInstance: Units_statistics_DAG.ETL_job scheduled__2024-04-23T16:00:00+00:00 map_index=9 [queued]>
[2024-04-23T16:20:16.890+0000] {taskinstance.py:2193} INFO - Starting attempt 1 of 4
[2024-04-23T16:20:16.967+0000] {taskinstance.py:2217} INFO - Executing <Mapped(_PythonDecoratedOperator): ETL_job> on 2024-04-23 16:00:00+00:00
[2024-04-23T16:20:16.999+0000] {standard_task_runner.py:60} INFO - Started process 498946 to run task
[2024-04-23T16:20:17.040+0000] {standard_task_runner.py:87} INFO - Running: ['***', 'tasks', 'run', 'Units_statistics_DAG', 'ETL_job', 'scheduled__2024-04-23T16:00:00+00:00', '--job-id', '13305', '--raw', '--subdir', 'DAGS_FOLDER/Units_dag.py', '--cfg-path', '/tmp/tmp_psvs55k', '--map-index', '9']
[2024-04-23T16:20:17.048+0000] {standard_task_runner.py:88} INFO - Job 13305: Subtask ETL_job
[2024-04-23T16:20:17.401+0000] {task_command.py:423} INFO - Running <TaskInstance: Units_statistics_DAG.ETL_job scheduled__2024-04-23T16:00:00+00:00 map_index=9 [running]> on host a09da322e808
[2024-04-23T16:20:17.848+0000] {taskinstance.py:2513} INFO - Exporting env vars: AIRFLOW_CTX_DAG_OWNER='abeer-araby' AIRFLOW_CTX_DAG_ID='Units_statistics_DAG' AIRFLOW_CTX_TASK_ID='ETL_job' AIRFLOW_CTX_EXECUTION_DATE='2024-04-23T16:00:00+00:00' AIRFLOW_CTX_TRY_NUMBER='1' AIRFLOW_CTX_DAG_RUN_ID='scheduled__2024-04-23T16:00:00+00:00'
[2024-04-23T16:20:17.849+0000] {Units_dag.py:99} INFO - i: 90000, chunk: 10000
[2024-04-23T16:20:17.850+0000] {Units_dag.py:100} INFO - child token is::: eyJ0eXAiOiJKV1QiLCJhbGciOiJIUzI1NiJ9.eyJpc3MiOiJodHRwczovL2FwaS5hZmFxeS5zYS9hdXRoL2xvZ2luX2FzIiwiaWF0IjoxNzEzODg5MjA0LCJleHAiOjE3MTY0ODEyMDQsIm5iZiI6MTcxMzg4OTIwNCwianRpIjoianJrV0hROFlDZU9UUkxQaiIsInN1YiI6IjVkNjNlNTFlMDNlZDUyOTJhNDJjMjRlNiIsInBydiI6IjI3MGVjZmM3ZWEzZWQ5MzdlYTg0OTM2MmEzYTUwOTEwYzZkOGNlNGYiLCJsb2dpbl9hc19pZCI6IjY1N2YwYWQ3M2Y5NzcyOTVjZjA1NTc2YSJ9.3yTwoBGWx0FicUBT3yV8UvA8V5WlCDHIFyy5QBKrqmA
[2024-04-23T16:20:40.566+0000] {Units_dag.py:104} INFO - {'_id': '640c4fc4210ca02d04162c87', 'icon': 'icons/icon.png', 'driver_id': '', 'tailer_id': '', 'profile': {'vehicle_type': '', 'measurement_type': 'count', 'max_capacity': 0, 'vin': '', 'plate_number': '', 'start_operation': '', 'contract_milage': '', 'opening_milage': '', 'model': '', 'fuel_type': '91', 'year': 0, 'seats': 2}, 'device_password': '***', 'device_type': 'gps', 'gateway': False, 'name': '6772-BZA', 'operation_code': '', 'device_gateway': '', 'business_types': {'waste': False, 'transportation': False, 'water': False}, 'imei': '350424061053573', 'sim_number': '+966830032369203', 'sim_serial': '8996609821111963705', 'device_serial': '1121907582', 'device': 'teltonika', 'user_id': '64088dfb371f8d4b0e0a7327', 'created_by': '63566351d592444621078e69', 'updated_at': '2024-04-18 11:18:59', 'created_at': '2023-03-11 12:54:12', 'skip_sim_information': '', 'custom_fields': [], 'creator': 'm.gamal', 'company': '', 'owner': 'isnad-almabani-admin', 'last_update': {'dtt': 1713888051000, 'dts': 1713888173950, 'spd': 0, 'ang': 0, 'alt': 53, 'chPrams': {'result': {'v': '5665723a30332e32372e30375f3030204750533a41584e5f352e312e392048773a464d42313230204d6f643a333320494d45493a33353034323430363130353335373320496e69743a323032342d342d323220353a353720557074696d653a313230373231204d41433a333838413231303546323634205350433a312830292041584c3a32204f42443a3020424c3a312e31302042543a34', 'cdt': 1713886248000}, 'protocol': {'v': 'FMB120', 'cdt': 1713888051000}, 'ePwrV': {'v': 25.734, 'cdt': 1713888051000}, 'sat': {'v': 15, 'cdt': 1713888051000}, 'ai1': {'v': 87, 'cdt': 1713238820000}, 'iPwrV': {'v': 3.991, 'cdt': 1713886248000}, 'event': {'v': 0, 'cdt': 1713346247000}, 'priority': {'v': 0, 'cdt': 1712237392000}, 'type': {'v': 6, 'cdt': 1712237392000}, 'di1': {'v': 0, 'cdt': 1713344442000}, 'parm113': {'v': 88, 'cdt': 1713837562000}}, 'prms': {'protocol': 'FMB120', 'priority': 0, 'sat': 15, 'event': 0, 'di1': 0, 'parm113': 88, 'ePwrV': 25.734, 'iPwrV': 3.991, 'ai1': 87}, 'devPrms': ['protocol', 'priority', 'sat', 'event', 'di1', 'parm113', 'ePwrV', 'iPwrV', 'ai1'], 'old_params': {'result': '5665723a30332e32372e30375f3030204750533a41584e5f352e312e392048773a464d42313230204d6f643a333320494d45493a33353034323430363130353335373320496e69743a323032342d342d323220353a353720557074696d653a313230373231204d41433a333838413231303546323634205350433a312830292041584c3a32204f42443a3020424c3a312e31302042543a34', 'protocol': 'teltonika', 'ePwrV': 25.778000000000002, 'sat': 16, 'ai1': 87, 'iPwrV': 3.991, 'priority': 0, 'event': 0, 'type': 6, 'di1': 0, 'parm113': 88}, 'vLoc': 1, 'vCon': 1, 'ip': '109.83.185.2', 'rl': 0, 'trl': 79888.2753, 'mdu': 0, 'tmdu': 5938209, 'eidl': 0, 'teidl': 7227710, 'fc': 0, 'tfc': 25.080156, 'acc': 0, 'accOn': 13933068, 'accOff': 21963492, 'sdu': 1803, 'tsdu': 543608, 'lat': 21.441685, 'lng': 39.2624016}, 'counters': {'odometer_type': 'gps', 'odometer': 79888.2755, 'engine_hours_type': 'acc', 'engine_hours': 13933068, 'last_acc': 0}, 'is_wasl_connected': 'Not Connected', 'iconUrl': 'https://api.afaqy.sa/images/units/icons/icon.png', 'hasCCTV': False}
[2024-04-23T16:20:41.398+0000] {warnings.py:109} WARNING - /home/***/.local/lib/python3.8/site-packages/elasticsearch/_sync/client/__init__.py:399: SecurityWarning: Connecting to 'https://dbelk1.afaqy.local:9200' using TLS with verify_certs=False is insecure
  _transport = transport_class(

[2024-04-23T16:20:41.444+0000] {warnings.py:109} WARNING - /home/***/.local/lib/python3.8/site-packages/elasticsearch/_sync/client/__init__.py:399: SecurityWarning: Connecting to 'https://dbelk2.afaqy.local:9200' using TLS with verify_certs=False is insecure
  _transport = transport_class(

[2024-04-23T16:20:41.505+0000] {warnings.py:109} WARNING - /home/***/.local/lib/python3.8/site-packages/elasticsearch/_sync/client/__init__.py:399: SecurityWarning: Connecting to 'https://dbelk3.afaqy.local:9200' using TLS with verify_certs=False is insecure
  _transport = transport_class(

[2024-04-23T16:20:41.531+0000] {warnings.py:109} WARNING - /home/***/.local/lib/python3.8/site-packages/urllib3/connectionpool.py:1061: InsecureRequestWarning: Unverified HTTPS request is being made to host 'dbelk1.afaqy.local'. Adding certificate verification is strongly advised. See: https://urllib3.readthedocs.io/en/1.26.x/advanced-usage.html#ssl-warnings
  warnings.warn(

[2024-04-23T16:20:41.588+0000] {_transport.py:335} INFO - GET https://dbelk1.afaqy.local:9200/_cluster/health [status:200 duration:0.081s]
[2024-04-23T16:20:42.099+0000] {warnings.py:109} WARNING - /home/***/.local/lib/python3.8/site-packages/urllib3/connectionpool.py:1061: InsecureRequestWarning: Unverified HTTPS request is being made to host 'dbelk2.afaqy.local'. Adding certificate verification is strongly advised. See: https://urllib3.readthedocs.io/en/1.26.x/advanced-usage.html#ssl-warnings
  warnings.warn(

[2024-04-23T16:20:43.614+0000] {_transport.py:335} INFO - PUT https://dbelk2.afaqy.local:9200/units_statistics_***/_bulk [status:200 duration:1.539s]
[2024-04-23T16:20:43.781+0000] {python.py:202} INFO - Done. Returned value was: None
[2024-04-23T16:20:43.799+0000] {taskinstance.py:1149} INFO - Marking task as SUCCESS. dag_id=Units_statistics_DAG, task_id=ETL_job, map_index=9, execution_date=20240423T160000, start_date=20240423T162016, end_date=20240423T162043
[2024-04-23T16:20:43.861+0000] {local_task_job_runner.py:234} INFO - Task exited with return code 0
[2024-04-23T16:20:43.892+0000] {taskinstance.py:3312} INFO - 0 downstream tasks scheduled from follow-on schedule check
