[2024-05-05T11:40:17.927+0000] {taskinstance.py:1979} INFO - Dependencies all met for dep_context=non-requeueable deps ti=<TaskInstance: Units_statistics_DAG.ETL_job scheduled__2024-05-05T11:20:00+00:00 map_index=9 [queued]>
[2024-05-05T11:40:17.997+0000] {taskinstance.py:1979} INFO - Dependencies all met for dep_context=requeueable deps ti=<TaskInstance: Units_statistics_DAG.ETL_job scheduled__2024-05-05T11:20:00+00:00 map_index=9 [queued]>
[2024-05-05T11:40:17.998+0000] {taskinstance.py:2193} INFO - Starting attempt 1 of 4
[2024-05-05T11:40:18.136+0000] {taskinstance.py:2217} INFO - Executing <Mapped(_PythonDecoratedOperator): ETL_job> on 2024-05-05 11:20:00+00:00
[2024-05-05T11:40:18.162+0000] {standard_task_runner.py:60} INFO - Started process 781659 to run task
[2024-05-05T11:40:18.184+0000] {standard_task_runner.py:87} INFO - Running: ['***', 'tasks', 'run', 'Units_statistics_DAG', 'ETL_job', 'scheduled__2024-05-05T11:20:00+00:00', '--job-id', '33212', '--raw', '--subdir', 'DAGS_FOLDER/Units_dag.py', '--cfg-path', '/tmp/tmpdddc901f', '--map-index', '9']
[2024-05-05T11:40:18.204+0000] {standard_task_runner.py:88} INFO - Job 33212: Subtask ETL_job
[2024-05-05T11:40:18.430+0000] {task_command.py:423} INFO - Running <TaskInstance: Units_statistics_DAG.ETL_job scheduled__2024-05-05T11:20:00+00:00 map_index=9 [running]> on host a09da322e808
[2024-05-05T11:40:18.791+0000] {taskinstance.py:2513} INFO - Exporting env vars: AIRFLOW_CTX_DAG_OWNER='abeer-araby' AIRFLOW_CTX_DAG_ID='Units_statistics_DAG' AIRFLOW_CTX_TASK_ID='ETL_job' AIRFLOW_CTX_EXECUTION_DATE='2024-05-05T11:20:00+00:00' AIRFLOW_CTX_TRY_NUMBER='1' AIRFLOW_CTX_DAG_RUN_ID='scheduled__2024-05-05T11:20:00+00:00'
[2024-05-05T11:40:18.792+0000] {Units_dag.py:99} INFO - i: 90000, chunk: 10000
[2024-05-05T11:40:18.793+0000] {Units_dag.py:100} INFO - child token is::: eyJ0eXAiOiJKV1QiLCJhbGciOiJIUzI1NiJ9.eyJpc3MiOiJodHRwczovL2FwaS5hZmFxeS5zYS9hdXRoL2xvZ2luX2FzIiwiaWF0IjoxNzE0OTA5MjAzLCJleHAiOjE3MTc1MDEyMDMsIm5iZiI6MTcxNDkwOTIwMywianRpIjoiZjhpRU5xNTUxN2cyeU5DTCIsInN1YiI6IjVkNjNlNTFlMDNlZDUyOTJhNDJjMjRlNiIsInBydiI6IjI3MGVjZmM3ZWEzZWQ5MzdlYTg0OTM2MmEzYTUwOTEwYzZkOGNlNGYiLCJsb2dpbl9hc19pZCI6IjY1N2YwYWQ3M2Y5NzcyOTVjZjA1NTc2YSJ9.Jfh1ul1iTqm85ezc7Dw7yTcvQg_zM-A1-obzp8ZUrIY
[2024-05-05T11:40:54.191+0000] {Units_dag.py:104} INFO - {'_id': '640d92128bce66672209b197', 'icon': 'icons/icon.png', 'driver_id': '', 'tailer_id': '', 'profile': {'vehicle_type': '', 'measurement_type': 'count', 'max_capacity': 0, 'vin': '', 'plate_number': '', 'start_operation': '', 'contract_milage': '', 'opening_milage': '', 'model': '', 'fuel_type': '91', 'year': 0, 'seats': 2}, 'device_password': '***', 'device_type': 'gps', 'gateway': False, 'name': '2633 ب ص ك', 'operation_code': '', 'device_gateway': '', 'business_types': {'waste': False, 'transportation': True, 'water': False}, 'imei': '861937062974648', 'sim_number': '+966830031778746', 'sim_serial': '21296774001', 'device_serial': '861937062974648', 'device': 'bce', 'user_id': '5f8bf21303ed52b7fb1c11ba', 'created_by': '5e6655bf03ed52e1ab79d301', 'updated_at': '2024-04-18 11:18:59', 'created_at': '2023-03-12 11:49:22', 'custom_fields': [], 'creator': 'amr.ahmed', 'company': '', 'owner': 'alwefaq-rent', 'last_update': {'dtt': 1709741266000, 'dts': 1709741287895, 'spd': 0, 'ang': 0, 'alt': 116, 'chPrams': {'ePwrV': {'v': 5.49, 'cdt': 1709741266000}, 'di16': {'v': 1, 'cdt': 1707576026000}, 'rssi1': {'v': 58, 'cdt': 1709739766000}, 'di15': {'v': 0, 'cdt': 1707576026000}, 'di14': {'v': 0, 'cdt': 1709671250000}, 'di13': {'v': 0, 'cdt': 1707576026000}, 'di12': {'v': 0, 'cdt': 1707576026000}, 'di11': {'v': 0, 'cdt': 1707576026000}, 'di10': {'v': 0, 'cdt': 1707576026000}, 'di2': {'v': 0, 'cdt': 1707576026000}, 'di1': {'v': 0, 'cdt': 1709671250000}, 'ai4': {'v': 113, 'cdt': 1709740606000}, 'di4': {'v': 0, 'cdt': 1707576026000}, 'di3': {'v': 0, 'cdt': 1707576026000}, 'di6': {'v': 0, 'cdt': 1707576026000}, 'di5': {'v': 0, 'cdt': 1678350136000}, 'lac1': {'v': 42005, 'cdt': 1709502178000}, 'protocol': {'v': 'bce', 'cdt': 1707576026000}, 'di8': {'v': 1, 'cdt': 1707576026000}, 'di7': {'v': 0, 'cdt': 1708000788000}, 'di9': {'v': 0, 'cdt': 1707576026000}, 'iPwrV': {'v': 3.447, 'cdt': 1709741266000}, 'humidity': {'v': -1, 'cdt': 1707576026000}, 'ID': {'v': '0', 'cdt': 1707576026000}, 'cid1': {'v': 12372, 'cdt': 1709688108000}, 'temp': {'v': -273, 'cdt': 1708670388000}, 'odometer': {'v': 0, 'cdt': 1708000728000}, 'spd': {'v': 0, 'cdt': 1708000728000}, 'sat': {'v': 12, 'cdt': 1709634772000}, 'ta': {'v': 0, 'cdt': 1707576026000}, 'hdop': {'v': 1, 'cdt': 1709272642000}, 'mcc1': {'v': 420, 'cdt': 1709272642000}, 'mnc1': {'v': 4, 'cdt': 1709260464000}}, 'prms': {'protocol': 'bce', 'spd': 0, 'sat': 12, 'hdop': 1, 'odometer': 0, 'di16': 1, 'di15': 0, 'di14': 0, 'di13': 0, 'di12': 0, 'di11': 0, 'di10': 0, 'di9': 0, 'di8': 1, 'di7': 0, 'di6': 0, 'di5': 0, 'di4': 0, 'di3': 0, 'di2': 0, 'di1': 0, 'ePwrV': 5.49, 'ai4': 113, 'iPwrV': 3.447, 'ta': 0, 'mcc1': 420, 'mnc1': 4, 'lac1': 42005, 'cid1': 12372, 'rssi1': 58, 'ID': '0', 'temp': -273, 'humidity': -1}, 'devPrms': ['protocol', 'spd', 'sat', 'hdop', 'odometer', 'di16', 'di15', 'di14', 'di13', 'di12', 'di11', 'di10', 'di9', 'di8', 'di7', 'di6', 'di5', 'di4', 'di3', 'di2', 'di1', 'ePwrV', 'ai4', 'iPwrV', 'ta', 'mcc1', 'mnc1', 'lac1', 'cid1', 'rssi1', 'ID', 'temp', 'humidity'], 'old_params': {'protocol': 'bce', 'spd': 0, 'sat': 12, 'hdop': 1, 'odometer': 0, 'di16': 1, 'di15': 0, 'di14': 0, 'di13': 0, 'di12': 0, 'di11': 0, 'di10': 0, 'di9': 0, 'di8': 1, 'di7': 0, 'di6': 0, 'di5': 0, 'di4': 0, 'di3': 0, 'di2': 0, 'di1': 0, 'ePwrV': 5.525, 'ai4': 113, 'iPwrV': 3.45, 'ta': 0, 'mcc1': 420, 'mnc1': 4, 'lac1': 42005, 'cid1': 12372, 'rssi1': 58, 'ID': '0', 'temp': -273, 'humidity': -1}, 'vLoc': 1, 'vCon': 1, 'ip': '51.39.74.66', 'rl': 0, 'trl': 0, 'mdu': 0, 'tmdu': 0, 'eidl': 0, 'teidl': 0, 'fc': 0, 'tfc': 0, 'acc': 0, 'accOn': 0, 'accOff': 31556772, 'sdu': 60, 'tsdu': 663374, 'lat': 21.921926498413086, 'lng': 39.305320739746094}, 'counters': {'odometer_type': 'gps', 'odometer': 0, 'engine_hours_type': 'acc', 'engine_hours': 0, 'last_acc': 0}, 'is_wasl_connected': 'Not Connected', 'iconUrl': 'https://api.afaqy.sa/images/units/icons/icon.png', 'hasCCTV': False}
[2024-05-05T11:40:55.996+0000] {warnings.py:109} WARNING - /home/***/.local/lib/python3.8/site-packages/elasticsearch/_sync/client/__init__.py:399: SecurityWarning: Connecting to 'https://dbelk3.afaqy.local:9200' using TLS with verify_certs=False is insecure
  _transport = transport_class(

[2024-05-05T11:40:56.059+0000] {warnings.py:109} WARNING - /home/***/.local/lib/python3.8/site-packages/elasticsearch/_sync/client/__init__.py:399: SecurityWarning: Connecting to 'https://dbelk2.afaqy.local:9200' using TLS with verify_certs=False is insecure
  _transport = transport_class(

[2024-05-05T11:40:56.123+0000] {warnings.py:109} WARNING - /home/***/.local/lib/python3.8/site-packages/elasticsearch/_sync/client/__init__.py:399: SecurityWarning: Connecting to 'https://dbelk1.afaqy.local:9200' using TLS with verify_certs=False is insecure
  _transport = transport_class(

[2024-05-05T11:40:56.159+0000] {warnings.py:109} WARNING - /home/***/.local/lib/python3.8/site-packages/urllib3/connectionpool.py:1061: InsecureRequestWarning: Unverified HTTPS request is being made to host 'dbelk3.afaqy.local'. Adding certificate verification is strongly advised. See: https://urllib3.readthedocs.io/en/1.26.x/advanced-usage.html#ssl-warnings
  warnings.warn(

[2024-05-05T11:40:56.235+0000] {_transport.py:335} INFO - GET https://dbelk3.afaqy.local:9200/_cluster/health [status:200 duration:0.110s]
[2024-05-05T11:40:56.940+0000] {warnings.py:109} WARNING - /home/***/.local/lib/python3.8/site-packages/urllib3/connectionpool.py:1061: InsecureRequestWarning: Unverified HTTPS request is being made to host 'dbelk2.afaqy.local'. Adding certificate verification is strongly advised. See: https://urllib3.readthedocs.io/en/1.26.x/advanced-usage.html#ssl-warnings
  warnings.warn(

[2024-05-05T11:40:56.983+0000] {_transport.py:335} INFO - PUT https://dbelk2.afaqy.local:9200/units_statistics_***/_bulk [status:429 duration:0.065s]
[2024-05-05T11:40:56.984+0000] {_node_pool.py:249} WARNING - Node <Urllib3HttpNode(https://dbelk2.afaqy.local:9200)> has failed for 1 times in a row, putting on 1 second timeout
[2024-05-05T11:40:56.984+0000] {_transport.py:427} WARNING - Retrying request after non-successful status 429 (attempt 0 of 3)
[2024-05-05T11:40:56.984+0000] {warnings.py:109} WARNING - /home/***/.local/lib/python3.8/site-packages/urllib3/connectionpool.py:1061: InsecureRequestWarning: Unverified HTTPS request is being made to host 'dbelk3.afaqy.local'. Adding certificate verification is strongly advised. See: https://urllib3.readthedocs.io/en/1.26.x/advanced-usage.html#ssl-warnings
  warnings.warn(

[2024-05-05T11:40:57.003+0000] {_transport.py:335} INFO - PUT https://dbelk3.afaqy.local:9200/units_statistics_***/_bulk [status:429 duration:0.019s]
[2024-05-05T11:40:57.003+0000] {_node_pool.py:249} WARNING - Node <Urllib3HttpNode(https://dbelk3.afaqy.local:9200)> has failed for 1 times in a row, putting on 1 second timeout
[2024-05-05T11:40:57.004+0000] {_transport.py:427} WARNING - Retrying request after non-successful status 429 (attempt 1 of 3)
[2024-05-05T11:40:57.027+0000] {warnings.py:109} WARNING - /home/***/.local/lib/python3.8/site-packages/urllib3/connectionpool.py:1061: InsecureRequestWarning: Unverified HTTPS request is being made to host 'dbelk1.afaqy.local'. Adding certificate verification is strongly advised. See: https://urllib3.readthedocs.io/en/1.26.x/advanced-usage.html#ssl-warnings
  warnings.warn(

[2024-05-05T11:40:57.181+0000] {_transport.py:335} INFO - PUT https://dbelk1.afaqy.local:9200/units_statistics_***/_bulk [status:200 duration:0.177s]
[2024-05-05T11:40:57.559+0000] {taskinstance.py:2731} ERROR - Task failed with exception
Traceback (most recent call last):
  File "/home/airflow/.local/lib/python3.8/site-packages/airflow/models/taskinstance.py", line 444, in _execute_task
    result = _execute_callable(context=context, **execute_callable_kwargs)
  File "/home/airflow/.local/lib/python3.8/site-packages/airflow/models/taskinstance.py", line 414, in _execute_callable
    return execute_callable(context=context, **execute_callable_kwargs)
  File "/home/airflow/.local/lib/python3.8/site-packages/airflow/decorators/base.py", line 241, in execute
    return_value = super().execute(context)
  File "/home/airflow/.local/lib/python3.8/site-packages/airflow/operators/python.py", line 200, in execute
    return_value = self.execute_callable()
  File "/home/airflow/.local/lib/python3.8/site-packages/airflow/operators/python.py", line 217, in execute_callable
    return self.python_callable(*self.op_args, **self.op_kwargs)
  File "/opt/airflow/dags/Units_dag.py", line 112, in ETL_job
    Elk_client.elk_pushData(Globals.index_name,units_list_update)
  File "/opt/airflow/dags/elk_manager.py", line 69, in elk_pushData
    helpers.bulk(self.elk_client, docs_list, index=index_name, chunk_size=batch)
  File "/home/airflow/.local/lib/python3.8/site-packages/elasticsearch/helpers/actions.py", line 521, in bulk
    for ok, item in streaming_bulk(
  File "/home/airflow/.local/lib/python3.8/site-packages/elasticsearch/helpers/actions.py", line 436, in streaming_bulk
    for data, (ok, info) in zip(
  File "/home/airflow/.local/lib/python3.8/site-packages/elasticsearch/helpers/actions.py", line 355, in _process_bulk_chunk
    yield from gen
  File "/home/airflow/.local/lib/python3.8/site-packages/elasticsearch/helpers/actions.py", line 274, in _process_bulk_chunk_success
    raise BulkIndexError(f"{len(errors)} document(s) failed to index.", errors)
elasticsearch.helpers.BulkIndexError: 10000 document(s) failed to index.
[2024-05-05T11:40:57.573+0000] {taskinstance.py:1149} INFO - Marking task as UP_FOR_RETRY. dag_id=Units_statistics_DAG, task_id=ETL_job, map_index=9, execution_date=20240505T112000, start_date=20240505T114017, end_date=20240505T114057
[2024-05-05T11:40:57.601+0000] {standard_task_runner.py:107} ERROR - Failed to execute job 33212 for task ETL_job (10000 document(s) failed to index.; 781659)
[2024-05-05T11:40:57.669+0000] {local_task_job_runner.py:234} INFO - Task exited with return code 1
[2024-05-05T11:40:57.694+0000] {taskinstance.py:3312} INFO - 0 downstream tasks scheduled from follow-on schedule check
