[2024-04-27T10:41:49.909+0000] {taskinstance.py:1979} INFO - Dependencies all met for dep_context=non-requeueable deps ti=<TaskInstance: Units_statistics_DAG.ETL_job scheduled__2024-04-27T10:20:00+00:00 map_index=6 [queued]>
[2024-04-27T10:41:49.926+0000] {taskinstance.py:1979} INFO - Dependencies all met for dep_context=requeueable deps ti=<TaskInstance: Units_statistics_DAG.ETL_job scheduled__2024-04-27T10:20:00+00:00 map_index=6 [queued]>
[2024-04-27T10:41:49.927+0000] {taskinstance.py:2193} INFO - Starting attempt 2 of 4
[2024-04-27T10:41:49.948+0000] {taskinstance.py:2217} INFO - Executing <Mapped(_PythonDecoratedOperator): ETL_job> on 2024-04-27 10:20:00+00:00
[2024-04-27T10:41:49.956+0000] {standard_task_runner.py:60} INFO - Started process 588707 to run task
[2024-04-27T10:41:49.964+0000] {standard_task_runner.py:87} INFO - Running: ['***', 'tasks', 'run', 'Units_statistics_DAG', 'ETL_job', 'scheduled__2024-04-27T10:20:00+00:00', '--job-id', '19493', '--raw', '--subdir', 'DAGS_FOLDER/Units_dag.py', '--cfg-path', '/tmp/tmph8_80809', '--map-index', '6']
[2024-04-27T10:41:49.966+0000] {standard_task_runner.py:88} INFO - Job 19493: Subtask ETL_job
[2024-04-27T10:41:50.066+0000] {task_command.py:423} INFO - Running <TaskInstance: Units_statistics_DAG.ETL_job scheduled__2024-04-27T10:20:00+00:00 map_index=6 [running]> on host a09da322e808
[2024-04-27T10:41:50.256+0000] {taskinstance.py:2513} INFO - Exporting env vars: AIRFLOW_CTX_DAG_OWNER='abeer-araby' AIRFLOW_CTX_DAG_ID='Units_statistics_DAG' AIRFLOW_CTX_TASK_ID='ETL_job' AIRFLOW_CTX_EXECUTION_DATE='2024-04-27T10:20:00+00:00' AIRFLOW_CTX_TRY_NUMBER='2' AIRFLOW_CTX_DAG_RUN_ID='scheduled__2024-04-27T10:20:00+00:00'
[2024-04-27T10:41:50.258+0000] {Units_dag.py:99} INFO - i: 60000, chunk: 10000
[2024-04-27T10:41:50.258+0000] {Units_dag.py:100} INFO - child token is::: eyJ0eXAiOiJKV1QiLCJhbGciOiJIUzI1NiJ9.eyJpc3MiOiJodHRwczovL2FwaS5hZmFxeS5zYS9hdXRoL2xvZ2luX2FzIiwiaWF0IjoxNzE0MjE0NDA1LCJleHAiOjE3MTY4MDY0MDUsIm5iZiI6MTcxNDIxNDQwNSwianRpIjoiVXg3cWhFMDNja0R6M0ZaQyIsInN1YiI6IjVkNjNlNTFlMDNlZDUyOTJhNDJjMjRlNiIsInBydiI6IjI3MGVjZmM3ZWEzZWQ5MzdlYTg0OTM2MmEzYTUwOTEwYzZkOGNlNGYiLCJsb2dpbl9hc19pZCI6IjY1N2YwYWQ3M2Y5NzcyOTVjZjA1NTc2YSJ9.35I2BveVTaZ-q0i7k2kl6Wkv2cLS3m_Wxk874zNeC88
[2024-04-27T10:42:07.960+0000] {Units_dag.py:104} INFO - {'_id': '632884af1fb14613c0576abf', 'icon': 'icons/D_7.png', 'driver_id': '', 'tailer_id': '', 'profile': {'measurement_type': 'count', 'fuel_type': '91', 'year': 0, 'seats': 2}, 'device_password': '***', 'device_type': 'gps', 'gateway': False, 'name': '6679 RSA', 'operation_code': None, 'device_gateway': None, 'business_types': {'waste': False, 'transportation': True, 'water': False}, 'imei': '357073291957062', 'sim_number': '+966830031893584', 'sim_serial': '421296740553', 'device_serial': '1118911001', 'device': 'teltonika', 'user_id': '62b9a1516bfc54699f7b0c2b', 'created_by': '5e6655bf03ed52e1ab79d301', 'updated_at': '2024-04-18 11:18:59', 'created_at': '2022-09-19 18:03:11', 'skip_sim_information': False, 'shipment_info': None, 'custom_fields': [], 'creator': 'amr.ahmed', 'company': '', 'owner': 'saudi-hemaya-admin', 'last_update': {'dtt': 1714214474000, 'dts': 1714214476845, 'spd': 0, 'ang': 217, 'alt': 1206, 'chPrams': {'Speed': {'v': 0, 'cdt': 1714211469000}, 'output1': {'v': False, 'cdt': 1713703904000}, 'output2': {'v': False, 'cdt': 1713703904000}, 'ePwrV': {'v': 25.847, 'cdt': 1714212972000}, 'parm24': {'v': 0, 'cdt': 1714211469000}, 'sat': {'v': 17, 'cdt': 1714214173000}, 'ai1': {'v': 13946, 'cdt': 1714214474000}, 'type': {'v': 6, 'cdt': 1712482279000}, 'priority': {'v': 0, 'cdt': 1713076038000}, 'di2': {'v': 0, 'cdt': 1713124530000}, 'di1': {'v': 0, 'cdt': 1714211770000}, 'result': {'v': '5665723a30332e32372e31345f3030204750533a41584e5f352e312e392048773a464d42313230204d6f643a333320494d45493a33353730373332393139353730363220496e69743a323032342d342d32322031343a323320557074696d653a313130373036204d41433a303031453432373430463336205350433a312830292041584c3a32204f42443a3020424c3a312e31302042543a34', 'cdt': 1713906677000}, 'parm6': {'v': 304, 'cdt': 1713124530000}, 'protocol': {'v': 'FMB120', 'cdt': 1713906708000}, 'iPwrV': {'v': 0, 'cdt': 1714213572000}, 'event': {'v': 0, 'cdt': 1713076038000}}, 'prms': {'protocol': 'FMB120', 'priority': 0, 'sat': 17, 'event': 0, 'di1': 0, 'output1': 0, 'di2': 0, 'output2': 0, 'ePwrV': 25.847, 'Speed': 0, 'parm24': 0, 'iPwrV': 0, 'ai1': 13946, 'parm6': 304}, 'devPrms': ['protocol', 'priority', 'sat', 'event', 'di1', 'output1', 'di2', 'output2', 'ePwrV', 'Speed', 'parm24', 'iPwrV', 'ai1', 'parm6'], 'old_params': {'Speed': 0, 'output1': 0, 'output2': 0, 'ePwrV': 25.847, 'parm24': 0, 'sat': 17, 'ai1': 13843, 'priority': 0, 'di2': 0, 'di1': 0, 'protocol': 'teltonika', 'parm6': 304, 'iPwrV': 0, 'event': 0}, 'vLoc': 1, 'vCon': 1, 'ip': '51.39.23.51', 'rl': 0, 'trl': 125756.4099, 'mdu': 0, 'tmdu': 7022808, 'eidl': 0, 'teidl': 5412648, 'fc': 0, 'tfc': 313.150524, 'acc': 0, 'accOn': 126322637458, 'accOff': 35133495125, 'sdu': 301, 'tsdu': 2704, 'lat': 19.3250133, 'lng': 43.4703683}, 'counters': {'odometer_type': 'gps', 'odometer': 125755.5965, 'engine_hours_type': 'acc', 'engine_hours': 126322637458, 'last_acc': 0}, 'is_wasl_connected': 'Connected', 'iconUrl': 'https://api.afaqy.sa/images/units/icons/D_7.png', 'hasCCTV': False}
[2024-04-27T10:42:08.566+0000] {warnings.py:109} WARNING - /home/***/.local/lib/python3.8/site-packages/elasticsearch/_sync/client/__init__.py:399: SecurityWarning: Connecting to 'https://dbelk1.afaqy.local:9200' using TLS with verify_certs=False is insecure
  _transport = transport_class(

[2024-04-27T10:42:08.619+0000] {warnings.py:109} WARNING - /home/***/.local/lib/python3.8/site-packages/elasticsearch/_sync/client/__init__.py:399: SecurityWarning: Connecting to 'https://dbelk3.afaqy.local:9200' using TLS with verify_certs=False is insecure
  _transport = transport_class(

[2024-04-27T10:42:08.673+0000] {warnings.py:109} WARNING - /home/***/.local/lib/python3.8/site-packages/elasticsearch/_sync/client/__init__.py:399: SecurityWarning: Connecting to 'https://dbelk2.afaqy.local:9200' using TLS with verify_certs=False is insecure
  _transport = transport_class(

[2024-04-27T10:42:08.702+0000] {warnings.py:109} WARNING - /home/***/.local/lib/python3.8/site-packages/urllib3/connectionpool.py:1061: InsecureRequestWarning: Unverified HTTPS request is being made to host 'dbelk1.afaqy.local'. Adding certificate verification is strongly advised. See: https://urllib3.readthedocs.io/en/1.26.x/advanced-usage.html#ssl-warnings
  warnings.warn(

[2024-04-27T10:42:08.759+0000] {_transport.py:335} INFO - GET https://dbelk1.afaqy.local:9200/_cluster/health [status:200 duration:0.084s]
[2024-04-27T10:42:09.165+0000] {warnings.py:109} WARNING - /home/***/.local/lib/python3.8/site-packages/urllib3/connectionpool.py:1061: InsecureRequestWarning: Unverified HTTPS request is being made to host 'dbelk3.afaqy.local'. Adding certificate verification is strongly advised. See: https://urllib3.readthedocs.io/en/1.26.x/advanced-usage.html#ssl-warnings
  warnings.warn(

[2024-04-27T10:42:10.474+0000] {_transport.py:335} INFO - PUT https://dbelk3.afaqy.local:9200/units_statistics_***/_bulk [status:200 duration:1.326s]
[2024-04-27T10:42:10.845+0000] {python.py:202} INFO - Done. Returned value was: None
[2024-04-27T10:42:10.863+0000] {taskinstance.py:1149} INFO - Marking task as SUCCESS. dag_id=Units_statistics_DAG, task_id=ETL_job, map_index=6, execution_date=20240427T102000, start_date=20240427T104149, end_date=20240427T104210
[2024-04-27T10:42:10.909+0000] {local_task_job_runner.py:234} INFO - Task exited with return code 0
[2024-04-27T10:42:10.948+0000] {taskinstance.py:3312} INFO - 0 downstream tasks scheduled from follow-on schedule check
