[2024-04-18T00:16:43.166+0000] {taskinstance.py:1979} INFO - Dependencies all met for dep_context=non-requeueable deps ti=<TaskInstance: Units_statistics_DAG.ETL_job manual__2024-04-15T21:09:06.487421+00:00 map_index=7 [queued]>
[2024-04-18T00:16:43.185+0000] {taskinstance.py:1979} INFO - Dependencies all met for dep_context=requeueable deps ti=<TaskInstance: Units_statistics_DAG.ETL_job manual__2024-04-15T21:09:06.487421+00:00 map_index=7 [queued]>
[2024-04-18T00:16:43.186+0000] {taskinstance.py:2193} INFO - Starting attempt 12 of 12
[2024-04-18T00:16:43.219+0000] {taskinstance.py:2217} INFO - Executing <Mapped(_PythonDecoratedOperator): ETL_job> on 2024-04-15 21:09:06.487421+00:00
[2024-04-18T00:16:43.230+0000] {standard_task_runner.py:60} INFO - Started process 368809 to run task
[2024-04-18T00:16:43.239+0000] {standard_task_runner.py:87} INFO - Running: ['***', 'tasks', 'run', 'Units_statistics_DAG', 'ETL_job', 'manual__2024-04-15T21:09:06.487421+00:00', '--job-id', '6997', '--raw', '--subdir', 'DAGS_FOLDER/Units_dag.py', '--cfg-path', '/tmp/tmpcusxkl06', '--map-index', '7']
[2024-04-18T00:16:43.240+0000] {standard_task_runner.py:88} INFO - Job 6997: Subtask ETL_job
[2024-04-18T00:16:43.361+0000] {task_command.py:423} INFO - Running <TaskInstance: Units_statistics_DAG.ETL_job manual__2024-04-15T21:09:06.487421+00:00 map_index=7 [running]> on host a09da322e808
[2024-04-18T00:16:43.507+0000] {taskinstance.py:2731} ERROR - Task failed with exception
Traceback (most recent call last):
  File "/home/airflow/.local/lib/python3.8/site-packages/airflow/models/taskinstance.py", line 2360, in _run_raw_task
    self._execute_task_with_callbacks(context, test_mode, session=session)
  File "/home/airflow/.local/lib/python3.8/site-packages/airflow/models/taskinstance.py", line 2498, in _execute_task_with_callbacks
    task_orig = self.render_templates(context=context)
  File "/home/airflow/.local/lib/python3.8/site-packages/airflow/models/taskinstance.py", line 2910, in render_templates
    original_task.render_template_fields(context)
  File "/home/airflow/.local/lib/python3.8/site-packages/airflow/models/mappedoperator.py", line 799, in render_template_fields
    mapped_kwargs, seen_oids = self._expand_mapped_kwargs(context, session)
  File "/home/airflow/.local/lib/python3.8/site-packages/airflow/decorators/base.py", line 548, in _expand_mapped_kwargs
    op_kwargs, resolved_oids = super()._expand_mapped_kwargs(context, session)
  File "/home/airflow/.local/lib/python3.8/site-packages/airflow/models/mappedoperator.py", line 658, in _expand_mapped_kwargs
    return self._get_specified_expand_input().resolve(context, session)
  File "/home/airflow/.local/lib/python3.8/site-packages/airflow/models/expandinput.py", line 202, in resolve
    data = {k: self._expand_mapped_field(k, v, context, session=session) for k, v in self.value.items()}
  File "/home/airflow/.local/lib/python3.8/site-packages/airflow/models/expandinput.py", line 202, in <dictcomp>
    data = {k: self._expand_mapped_field(k, v, context, session=session) for k, v in self.value.items()}
  File "/home/airflow/.local/lib/python3.8/site-packages/airflow/models/expandinput.py", line 188, in _expand_mapped_field
    raise TypeError(f"can't map over value of type {type(value)}")
TypeError: can't map over value of type <class 'NoneType'>
[2024-04-18T00:16:43.528+0000] {taskinstance.py:2777} ERROR - Unable to unmap task to determine if we need to send an alert email
[2024-04-18T00:16:43.535+0000] {taskinstance.py:1149} INFO - Marking task as FAILED. dag_id=Units_statistics_DAG, task_id=ETL_job, map_index=7, execution_date=20240415T210906, start_date=20240418T001643, end_date=20240418T001643
[2024-04-18T00:16:43.607+0000] {standard_task_runner.py:107} ERROR - Failed to execute job 6997 for task ETL_job (can't map over value of type <class 'NoneType'>; 368809)
[2024-04-18T00:16:43.660+0000] {local_task_job_runner.py:234} INFO - Task exited with return code 1
[2024-04-18T00:16:43.700+0000] {taskinstance.py:3312} INFO - 0 downstream tasks scheduled from follow-on schedule check
