[2024-05-13T08:40:19.175+0000] {local_task_job_runner.py:120} INFO - ::group::Pre task execution logs
[2024-05-13T08:40:19.337+0000] {taskinstance.py:2076} INFO - Dependencies all met for dep_context=non-requeueable deps ti=<TaskInstance: Units_statistics_DAG.ETL_job scheduled__2024-05-13T08:20:00+00:00 map_index=6 [queued]>
[2024-05-13T08:40:19.453+0000] {taskinstance.py:2076} INFO - Dependencies all met for dep_context=requeueable deps ti=<TaskInstance: Units_statistics_DAG.ETL_job scheduled__2024-05-13T08:20:00+00:00 map_index=6 [queued]>
[2024-05-13T08:40:19.453+0000] {taskinstance.py:2306} INFO - Starting attempt 1 of 4
[2024-05-13T08:40:19.612+0000] {taskinstance.py:2330} INFO - Executing <Mapped(_PythonDecoratedOperator): ETL_job> on 2024-05-13 08:20:00+00:00
[2024-05-13T08:40:19.664+0000] {warnings.py:110} WARNING - /home/***/.local/lib/python3.12/site-packages/***/task/task_runner/standard_task_runner.py:61: DeprecationWarning: This process (pid=15426) is multi-threaded, use of fork() may lead to deadlocks in the child.
  pid = os.fork()

[2024-05-13T08:40:19.705+0000] {standard_task_runner.py:63} INFO - Started process 15450 to run task
[2024-05-13T08:40:19.702+0000] {standard_task_runner.py:90} INFO - Running: ['***', 'tasks', 'run', 'Units_statistics_DAG', 'ETL_job', 'scheduled__2024-05-13T08:20:00+00:00', '--job-id', '55581', '--raw', '--subdir', 'DAGS_FOLDER/Units_dag.py', '--cfg-path', '/tmp/tmpm2flkpkv', '--map-index', '6']
[2024-05-13T08:40:19.728+0000] {standard_task_runner.py:91} INFO - Job 55581: Subtask ETL_job
[2024-05-13T08:40:20.014+0000] {task_command.py:426} INFO - Running <TaskInstance: Units_statistics_DAG.ETL_job scheduled__2024-05-13T08:20:00+00:00 map_index=6 [running]> on host 7138d7e072c5
[2024-05-13T08:40:20.745+0000] {taskinstance.py:2648} INFO - Exporting env vars: AIRFLOW_CTX_DAG_OWNER='abeer-araby' AIRFLOW_CTX_DAG_ID='Units_statistics_DAG' AIRFLOW_CTX_TASK_ID='ETL_job' AIRFLOW_CTX_EXECUTION_DATE='2024-05-13T08:20:00+00:00' AIRFLOW_CTX_TRY_NUMBER='1' AIRFLOW_CTX_DAG_RUN_ID='scheduled__2024-05-13T08:20:00+00:00'
[2024-05-13T08:40:20.747+0000] {taskinstance.py:430} INFO - ::endgroup::
[2024-05-13T08:40:20.747+0000] {Units_dag.py:98} INFO - i: 60000, chunk: 10000
[2024-05-13T08:40:20.747+0000] {Units_dag.py:99} INFO - child token is::: eyJ0eXAiOiJKV1QiLCJhbGciOiJIUzI1NiJ9.eyJpc3MiOiJodHRwczovL2FwaS5hZmFxeS5zYS9hdXRoL2xvZ2luX2FzIiwiaWF0IjoxNzE1NTg5NjA0LCJleHAiOjE3MTgxODE2MDQsIm5iZiI6MTcxNTU4OTYwNCwianRpIjoiQ21zaFFDTmxZY2NxSlhTNiIsInN1YiI6IjVkNjNlNTFlMDNlZDUyOTJhNDJjMjRlNiIsInBydiI6IjI3MGVjZmM3ZWEzZWQ5MzdlYTg0OTM2MmEzYTUwOTEwYzZkOGNlNGYiLCJsb2dpbl9hc19pZCI6IjY1N2YwYWQ3M2Y5NzcyOTVjZjA1NTc2YSJ9.yjgiFLqBNGBL8iKWooGTyUJ_5WYGLhDO4FHyKykrnBM
[2024-05-13T08:40:54.351+0000] {Units_dag.py:103} INFO - {'_id': '63316624ba4a1542b75c2fee', 'icon': 'icons/icon.png', 'driver_id': '', 'tailer_id': '', 'profile': {'vehicle_type': '', 'measurement_type': 'count', 'max_capacity': 0, 'vin': '', 'plate_number': '', 'start_operation': '', 'contract_milage': '', 'opening_milage': '', 'model': '', 'fuel_type': '91', 'year': 0, 'seats': 2}, 'device_password': '***', 'device_type': 'gps', 'gateway': False, 'name': '637875-KIA K5', 'operation_code': '', 'device_gateway': '', 'business_types': {'waste': False, 'transportation': False, 'water': False}, 'imei': '869688059404980', 'sim_number': '+9742800079157', 'sim_serial': '8997401002191416627', 'device_serial': '869688059404980', 'device': 'bce', 'user_id': '6227291650b2502189367352', 'created_by': '5d820a9403ed52e127039005', 'updated_at': '2024-04-18 11:18:59', 'created_at': '2022-09-26 11:43:16', 'custom_fields': [], 'creator': 'ahmed', 'company': '', 'owner': 'strong-rent-a-car-admin', 'last_update': {'dtt': 1715589570000, 'dts': 1715589583246, 'spd': 0, 'ang': 0, 'alt': 0, 'lastloc': {'lat': 25.316665649414062, 'lng': 51.52614974975586}, 'chPrams': {'ePwrV': {'v': 12.528, 'cdt': 1715589270000}, 'di16': {'v': 1, 'cdt': 1713096938000}, 'rssi1': {'v': 61, 'cdt': 1715588370000}, 'di15': {'v': 0, 'cdt': 1713096938000}, 'di14': {'v': 0, 'cdt': 1715584170000}, 'di13': {'v': 0, 'cdt': 1713263448000}, 'di12': {'v': 0, 'cdt': 1713096938000}, 'di11': {'v': 0, 'cdt': 1713096938000}, 'di10': {'v': 0, 'cdt': 1713096938000}, 'di2': {'v': 0, 'cdt': 1713096938000}, 'di1': {'v': 0, 'cdt': 1715584470000}, 'di4': {'v': 0, 'cdt': 1713096938000}, 'di3': {'v': 0, 'cdt': 1713096938000}, 'di6': {'v': 0, 'cdt': 1713096938000}, 'di5': {'v': 0, 'cdt': 1715584170000}, 'lac1': {'v': 1261, 'cdt': 1715583782000}, 'ai8': {'v': 0, 'cdt': 1713098438000}, 'protocol': {'v': 'bce', 'cdt': 1713096938000}, 'di8': {'v': 1, 'cdt': 1713096938000}, 'di7': {'v': 0, 'cdt': 1715584470000}, 'di9': {'v': 0, 'cdt': 1713096938000}, 'iPwrV': {'v': 3.976, 'cdt': 1715586870000}, 'ID': {'v': '0', 'cdt': 1715341212000}, 'cid1': {'v': 3951, 'cdt': 1715584144000}, 'odometer': {'v': 1105013107, 'cdt': 1715584144000}, 'spd': {'v': 0, 'cdt': 1715584144000}, 'sat': {'v': 0, 'cdt': 1715584144000}, 'hdop': {'v': 1, 'cdt': 1715584114000}, 'ta': {'v': 0, 'cdt': 1713098438000}, 'mcc1': {'v': 427, 'cdt': 1715166360000}, 'mnc1': {'v': 1, 'cdt': 1714603150000}}, 'prms': {'protocol': 'bce', 'di16': 1, 'di15': 0, 'di14': 0, 'di13': 0, 'di12': 0, 'di11': 0, 'di10': 0, 'di9': 0, 'di8': 1, 'di7': 0, 'di6': 0, 'di5': 0, 'di4': 0, 'di3': 0, 'di2': 0, 'di1': 0, 'ePwrV': 12.528, 'iPwrV': 3.976, 'ai8': 0, 'ta': 0, 'mcc1': 427, 'mnc1': 1, 'lac1': 1261, 'cid1': 3951, 'rssi1': 61, 'ID': '0'}, 'devPrms': ['protocol', 'di16', 'di15', 'di14', 'di13', 'di12', 'di11', 'di10', 'di9', 'di8', 'di7', 'di6', 'di5', 'di4', 'di3', 'di2', 'di1', 'ePwrV', 'iPwrV', 'ai8', 'ta', 'mcc1', 'mnc1', 'lac1', 'cid1', 'rssi1', 'ID'], 'old_params': {'di16': 1, 'ePwrV': 12.528, 'di15': 0, 'rssi1': 61, 'di14': 0, 'di13': 0, 'di12': 0, 'di11': 0, 'di10': 0, 'di2': 0, 'di1': 0, 'di4': 0, 'di3': 0, 'di6': 0, 'di5': 0, 'ai8': 0, 'lac1': 1261, 'protocol': 'bce', 'di8': 1, 'di7': 0, 'di9': 0, 'iPwrV': 3.976, 'ID': '0', 'cid1': 3951, 'ta': 0, 'mcc1': 427, 'mnc1': 1}, 'vLoc': 0, 'vCon': 0, 'ip': '178.152.193.41', 'rl': 0, 'trl': 27070.6207, 'mdu': 0, 'tmdu': 1528674, 'eidl': 0, 'teidl': 1039028, 'fc': 0, 'tfc': 16.167012, 'acc': 0, 'accOn': 2945440, 'accOff': 50705850, 'sdu': 300, 'tsdu': 5400, 'lat': 0, 'lng': 0}, 'counters': {'odometer_type': 'gps', 'odometer': 27070.6173, 'engine_hours_type': 'acc', 'engine_hours': 2945440, 'last_acc': 0}, 'is_wasl_connected': 'Not Connected', 'iconUrl': 'https://api.afaqy.sa/images/units/icons/icon.png', 'hasCCTV': False}
[2024-05-13T08:40:55.568+0000] {warnings.py:110} WARNING - /home/***/.local/lib/python3.12/site-packages/elasticsearch/_sync/client/__init__.py:399: SecurityWarning: Connecting to 'https://dbelk1.afaqy.local:9200' using TLS with verify_certs=False is insecure
  _transport = transport_class(

[2024-05-13T08:40:55.684+0000] {warnings.py:110} WARNING - /home/***/.local/lib/python3.12/site-packages/elasticsearch/_sync/client/__init__.py:399: SecurityWarning: Connecting to 'https://dbelk2.afaqy.local:9200' using TLS with verify_certs=False is insecure
  _transport = transport_class(

[2024-05-13T08:40:56.623+0000] {warnings.py:110} WARNING - /home/***/.local/lib/python3.12/site-packages/elasticsearch/_sync/client/__init__.py:399: SecurityWarning: Connecting to 'https://dbelk3.afaqy.local:9200' using TLS with verify_certs=False is insecure
  _transport = transport_class(

[2024-05-13T08:40:56.649+0000] {warnings.py:110} WARNING - /home/***/.local/lib/python3.12/site-packages/urllib3/connectionpool.py:1103: InsecureRequestWarning: Unverified HTTPS request is being made to host 'dbelk1.afaqy.local'. Adding certificate verification is strongly advised. See: https://urllib3.readthedocs.io/en/latest/advanced-usage.html#tls-warnings
  warnings.warn(

[2024-05-13T08:40:56.733+0000] {_transport.py:349} INFO - GET https://dbelk1.afaqy.local:9200/_cluster/health [status:200 duration:0.108s]
[2024-05-13T08:40:57.408+0000] {warnings.py:110} WARNING - /home/***/.local/lib/python3.12/site-packages/urllib3/connectionpool.py:1103: InsecureRequestWarning: Unverified HTTPS request is being made to host 'dbelk2.afaqy.local'. Adding certificate verification is strongly advised. See: https://urllib3.readthedocs.io/en/latest/advanced-usage.html#tls-warnings
  warnings.warn(

[2024-05-13T08:40:58.874+0000] {_transport.py:349} INFO - PUT https://dbelk2.afaqy.local:9200/units_statistics_***/_bulk [status:200 duration:1.484s]
[2024-05-13T08:40:59.115+0000] {python.py:237} INFO - Done. Returned value was: None
[2024-05-13T08:40:59.115+0000] {taskinstance.py:441} INFO - ::group::Post task execution logs
[2024-05-13T08:40:59.132+0000] {taskinstance.py:1206} INFO - Marking task as SUCCESS. dag_id=Units_statistics_DAG, task_id=ETL_job, run_id=scheduled__2024-05-13T08:20:00+00:00, map_index=6, execution_date=20240513T082000, start_date=20240513T084019, end_date=20240513T084059
[2024-05-13T08:40:59.198+0000] {local_task_job_runner.py:240} INFO - Task exited with return code 0
[2024-05-13T08:40:59.223+0000] {taskinstance.py:3498} INFO - 0 downstream tasks scheduled from follow-on schedule check
[2024-05-13T08:40:59.225+0000] {local_task_job_runner.py:222} INFO - ::endgroup::
