[2024-04-27T08:20:18.970+0000] {taskinstance.py:1979} INFO - Dependencies all met for dep_context=non-requeueable deps ti=<TaskInstance: Units_statistics_DAG.ETL_job scheduled__2024-04-27T08:00:00+00:00 map_index=2 [queued]>
[2024-04-27T08:20:19.086+0000] {taskinstance.py:1979} INFO - Dependencies all met for dep_context=requeueable deps ti=<TaskInstance: Units_statistics_DAG.ETL_job scheduled__2024-04-27T08:00:00+00:00 map_index=2 [queued]>
[2024-04-27T08:20:19.097+0000] {taskinstance.py:2193} INFO - Starting attempt 1 of 4
[2024-04-27T08:20:19.210+0000] {taskinstance.py:2217} INFO - Executing <Mapped(_PythonDecoratedOperator): ETL_job> on 2024-04-27 08:00:00+00:00
[2024-04-27T08:20:19.252+0000] {standard_task_runner.py:60} INFO - Started process 586358 to run task
[2024-04-27T08:20:19.277+0000] {standard_task_runner.py:87} INFO - Running: ['***', 'tasks', 'run', 'Units_statistics_DAG', 'ETL_job', 'scheduled__2024-04-27T08:00:00+00:00', '--job-id', '19322', '--raw', '--subdir', 'DAGS_FOLDER/Units_dag.py', '--cfg-path', '/tmp/tmp7us9kci7', '--map-index', '2']
[2024-04-27T08:20:19.290+0000] {standard_task_runner.py:88} INFO - Job 19322: Subtask ETL_job
[2024-04-27T08:20:19.503+0000] {task_command.py:423} INFO - Running <TaskInstance: Units_statistics_DAG.ETL_job scheduled__2024-04-27T08:00:00+00:00 map_index=2 [running]> on host a09da322e808
[2024-04-27T08:20:20.087+0000] {taskinstance.py:2513} INFO - Exporting env vars: AIRFLOW_CTX_DAG_OWNER='abeer-araby' AIRFLOW_CTX_DAG_ID='Units_statistics_DAG' AIRFLOW_CTX_TASK_ID='ETL_job' AIRFLOW_CTX_EXECUTION_DATE='2024-04-27T08:00:00+00:00' AIRFLOW_CTX_TRY_NUMBER='1' AIRFLOW_CTX_DAG_RUN_ID='scheduled__2024-04-27T08:00:00+00:00'
[2024-04-27T08:20:20.089+0000] {Units_dag.py:99} INFO - i: 20000, chunk: 10000
[2024-04-27T08:20:20.089+0000] {Units_dag.py:100} INFO - child token is::: eyJ0eXAiOiJKV1QiLCJhbGciOiJIUzI1NiJ9.eyJpc3MiOiJodHRwczovL2FwaS5hZmFxeS5zYS9hdXRoL2xvZ2luX2FzIiwiaWF0IjoxNzE0MjA2MDAzLCJleHAiOjE3MTY3OTgwMDMsIm5iZiI6MTcxNDIwNjAwMywianRpIjoiNXhncVFrdUYwRWk2NXdJaSIsInN1YiI6IjVkNjNlNTFlMDNlZDUyOTJhNDJjMjRlNiIsInBydiI6IjI3MGVjZmM3ZWEzZWQ5MzdlYTg0OTM2MmEzYTUwOTEwYzZkOGNlNGYiLCJsb2dpbl9hc19pZCI6IjY1N2YwYWQ3M2Y5NzcyOTVjZjA1NTc2YSJ9.O5gi1Jrxn-_MfqHWvr00XloSKdiTubsj16lvtpL9QM8
[2024-04-27T08:20:40.842+0000] {Units_dag.py:104} INFO - {'_id': '6187cb4da66b056b38628407', 'icon': 'icons/icon.png', 'driver_id': '', 'tailer_id': '', 'profile': {'vehicle_type': None, 'measurement_type': 'count', 'max_capacity': 0, 'vin': None, 'plate_number': None, 'start_operation': None, 'contract_milage': None, 'opening_milage': None, 'model': None, 'fuel_type': '91', 'year': 0, 'seats': 2}, 'device_password': '***', 'device_type': 'gps', 'gateway': False, 'name': '5049 - د ي ن', 'operation_code': '', 'device_gateway': None, 'business_types': {'waste': False, 'transportation': True, 'water': False}, 'imei': '867556044031253', 'sim_number': '+966830020112688', 'sim_serial': '996641520415746714', 'device_serial': '867556044031253', 'device': 'bce', 'user_id': '5f8bf21303ed52b7fb1c11ba', 'created_by': '5e6655bf03ed52e1ab79d301', 'updated_at': '2024-04-18 11:18:59', 'created_at': '2021-11-07 15:49:17', 'custom_fields': [], 'creator': 'amr.ahmed', 'company': '', 'owner': 'alwefaq-rent', 'last_update': {'dtt': 1714205668000, 'dts': 1714205880406, 'spd': 0, 'ang': 252, 'alt': 599, 'chPrams': {'ePwrV': {'v': 12.833, 'cdt': 1714205668000}, 'di16': {'v': 1, 'cdt': 1714128892000}, 'rssi1': {'v': 71, 'cdt': 1714205368000}, 'di15': {'v': 0, 'cdt': 1714128892000}, 'di14': {'v': 0, 'cdt': 1714178914000}, 'di13': {'v': 0, 'cdt': 1714129492000}, 'di12': {'v': 0, 'cdt': 1714128892000}, 'di11': {'v': 0, 'cdt': 1714128892000}, 'di10': {'v': 0, 'cdt': 1714128892000}, 'di2': {'v': 0, 'cdt': 1714128892000}, 'di1': {'v': 0, 'cdt': 1714179238000}, 'ai4': {'v': 278, 'cdt': 1714205068000}, 'di4': {'v': 0, 'cdt': 1714128892000}, 'di3': {'v': 0, 'cdt': 1714128892000}, 'di6': {'v': 0, 'cdt': 1714128892000}, 'di5': {'v': 0, 'cdt': 1714179268000}, 'lac1': {'v': 1251, 'cdt': 1714178692000}, 'di8': {'v': 1, 'cdt': 1713689026000}, 'protocol': {'v': 'bce', 'cdt': 1714128892000}, 'di7': {'v': 0, 'cdt': 1714179268000}, 'di9': {'v': 0, 'cdt': 1713335584000}, 'iPwrV': {'v': 3.996, 'cdt': 1714205668000}, 'humidity': {'v': -1, 'cdt': 1714128892000}, 'cid1': {'v': 13013, 'cdt': 1714179568000}, 'temp': {'v': -273, 'cdt': 1712941534000}, 'odometer': {'v': 0, 'cdt': 1714179208000}, 'spd': {'v': 0, 'cdt': 1714179178000}, 'sat': {'v': 12, 'cdt': 1714202068000}, 'hdop': {'v': 1, 'cdt': 1714166234000}, 'ta': {'v': 0, 'cdt': 1714128892000}, 'mcc1': {'v': 420, 'cdt': 1713346440000}, 'mnc1': {'v': 3, 'cdt': 1713346440000}}, 'prms': {'protocol': 'bce', 'spd': 0, 'sat': 12, 'hdop': 1, 'odometer': 0, 'di16': 1, 'di15': 0, 'di14': 0, 'di13': 0, 'di12': 0, 'di11': 0, 'di10': 0, 'di9': 0, 'di8': 1, 'di7': 0, 'di6': 0, 'di5': 0, 'di4': 0, 'di3': 0, 'di2': 0, 'di1': 0, 'ePwrV': 12.833, 'ai4': 278, 'iPwrV': 3.996, 'ta': 0, 'mcc1': 420, 'mnc1': 3, 'lac1': 1251, 'cid1': 13013, 'rssi1': 71, 'temp': -273, 'humidity': -1}, 'devPrms': ['protocol', 'spd', 'sat', 'hdop', 'odometer', 'di16', 'di15', 'di14', 'di13', 'di12', 'di11', 'di10', 'di9', 'di8', 'di7', 'di6', 'di5', 'di4', 'di3', 'di2', 'di1', 'ePwrV', 'ai4', 'iPwrV', 'ta', 'mcc1', 'mnc1', 'lac1', 'cid1', 'rssi1', 'temp', 'humidity'], 'old_params': {'di16': 1, 'ePwrV': 12.869, 'di15': 0, 'rssi1': 71, 'di14': 0, 'di13': 0, 'di12': 0, 'di11': 0, 'di10': 0, 'di2': 0, 'di1': 0, 'ai4': 278, 'di4': 0, 'di3': 0, 'di6': 0, 'di5': 0, 'lac1': 1251, 'protocol': 'bce', 'di8': 1, 'di7': 0, 'di9': 0, 'iPwrV': 3.997, 'humidity': -1, 'cid1': 13013, 'temp': -273, 'odometer': 0, 'spd': 0, 'sat': 12, 'hdop': 1, 'ta': 0, 'mcc1': 420, 'mnc1': 3}, 'vLoc': 1, 'vCon': 1, 'ip': '109.83.251.194', 'rl': 0, 'trl': 195969.0847, 'mdu': 0, 'tmdu': 10351128, 'eidl': 0, 'teidl': 4655430, 'fc': 0, 'tfc': 13.511064, 'acc': 0, 'accOn': 16121503, 'accOff': 66432740, 'sdu': 300, 'tsdu': 26400, 'lat': 24.6147403717041, 'lng': 46.70180892944336}, 'counters': {'odometer_type': 'gps', 'odometer': 195980.0847, 'engine_hours_type': 'acc', 'engine_hours': 16121503, 'last_acc': 0}, 'is_wasl_connected': 'Not Connected', 'iconUrl': 'https://api.afaqy.sa/images/units/icons/icon.png', 'hasCCTV': False}
[2024-04-27T08:20:41.429+0000] {warnings.py:109} WARNING - /home/***/.local/lib/python3.8/site-packages/elasticsearch/_sync/client/__init__.py:399: SecurityWarning: Connecting to 'https://dbelk1.afaqy.local:9200' using TLS with verify_certs=False is insecure
  _transport = transport_class(

[2024-04-27T08:20:41.477+0000] {warnings.py:109} WARNING - /home/***/.local/lib/python3.8/site-packages/elasticsearch/_sync/client/__init__.py:399: SecurityWarning: Connecting to 'https://dbelk2.afaqy.local:9200' using TLS with verify_certs=False is insecure
  _transport = transport_class(

[2024-04-27T08:20:41.542+0000] {warnings.py:109} WARNING - /home/***/.local/lib/python3.8/site-packages/elasticsearch/_sync/client/__init__.py:399: SecurityWarning: Connecting to 'https://dbelk3.afaqy.local:9200' using TLS with verify_certs=False is insecure
  _transport = transport_class(

[2024-04-27T08:20:41.568+0000] {warnings.py:109} WARNING - /home/***/.local/lib/python3.8/site-packages/urllib3/connectionpool.py:1061: InsecureRequestWarning: Unverified HTTPS request is being made to host 'dbelk1.afaqy.local'. Adding certificate verification is strongly advised. See: https://urllib3.readthedocs.io/en/1.26.x/advanced-usage.html#ssl-warnings
  warnings.warn(

[2024-04-27T08:20:41.629+0000] {_transport.py:335} INFO - GET https://dbelk1.afaqy.local:9200/_cluster/health [status:200 duration:0.085s]
[2024-04-27T08:20:42.034+0000] {warnings.py:109} WARNING - /home/***/.local/lib/python3.8/site-packages/urllib3/connectionpool.py:1061: InsecureRequestWarning: Unverified HTTPS request is being made to host 'dbelk2.afaqy.local'. Adding certificate verification is strongly advised. See: https://urllib3.readthedocs.io/en/1.26.x/advanced-usage.html#ssl-warnings
  warnings.warn(

[2024-04-27T08:20:45.632+0000] {_transport.py:335} INFO - PUT https://dbelk2.afaqy.local:9200/units_statistics_***/_bulk [status:200 duration:3.617s]
[2024-04-27T08:20:45.828+0000] {taskinstance.py:2731} ERROR - Task failed with exception
Traceback (most recent call last):
  File "/home/airflow/.local/lib/python3.8/site-packages/airflow/models/taskinstance.py", line 444, in _execute_task
    result = _execute_callable(context=context, **execute_callable_kwargs)
  File "/home/airflow/.local/lib/python3.8/site-packages/airflow/models/taskinstance.py", line 414, in _execute_callable
    return execute_callable(context=context, **execute_callable_kwargs)
  File "/home/airflow/.local/lib/python3.8/site-packages/airflow/decorators/base.py", line 241, in execute
    return_value = super().execute(context)
  File "/home/airflow/.local/lib/python3.8/site-packages/airflow/operators/python.py", line 200, in execute
    return_value = self.execute_callable()
  File "/home/airflow/.local/lib/python3.8/site-packages/airflow/operators/python.py", line 217, in execute_callable
    return self.python_callable(*self.op_args, **self.op_kwargs)
  File "/opt/airflow/dags/Units_dag.py", line 112, in ETL_job
    Elk_client.elk_pushData(Globals.index_name,units_list_update)
  File "/opt/airflow/dags/elk_manager.py", line 69, in elk_pushData
    helpers.bulk(self.elk_client, docs_list, index=index_name, chunk_size=batch)
  File "/home/airflow/.local/lib/python3.8/site-packages/elasticsearch/helpers/actions.py", line 521, in bulk
    for ok, item in streaming_bulk(
  File "/home/airflow/.local/lib/python3.8/site-packages/elasticsearch/helpers/actions.py", line 436, in streaming_bulk
    for data, (ok, info) in zip(
  File "/home/airflow/.local/lib/python3.8/site-packages/elasticsearch/helpers/actions.py", line 355, in _process_bulk_chunk
    yield from gen
  File "/home/airflow/.local/lib/python3.8/site-packages/elasticsearch/helpers/actions.py", line 274, in _process_bulk_chunk_success
    raise BulkIndexError(f"{len(errors)} document(s) failed to index.", errors)
elasticsearch.helpers.BulkIndexError: 1 document(s) failed to index.
[2024-04-27T08:20:45.867+0000] {taskinstance.py:1149} INFO - Marking task as UP_FOR_RETRY. dag_id=Units_statistics_DAG, task_id=ETL_job, map_index=2, execution_date=20240427T080000, start_date=20240427T082018, end_date=20240427T082045
[2024-04-27T08:20:45.914+0000] {standard_task_runner.py:107} ERROR - Failed to execute job 19322 for task ETL_job (1 document(s) failed to index.; 586358)
[2024-04-27T08:20:46.063+0000] {local_task_job_runner.py:234} INFO - Task exited with return code 1
[2024-04-27T08:20:46.112+0000] {taskinstance.py:3312} INFO - 0 downstream tasks scheduled from follow-on schedule check
