[2024-04-23T07:40:14.039+0000] {taskinstance.py:1979} INFO - Dependencies all met for dep_context=non-requeueable deps ti=<TaskInstance: Units_statistics_DAG.ETL_job scheduled__2024-04-23T07:20:00+00:00 map_index=1 [queued]>
[2024-04-23T07:40:14.073+0000] {taskinstance.py:1979} INFO - Dependencies all met for dep_context=requeueable deps ti=<TaskInstance: Units_statistics_DAG.ETL_job scheduled__2024-04-23T07:20:00+00:00 map_index=1 [queued]>
[2024-04-23T07:40:14.073+0000] {taskinstance.py:2193} INFO - Starting attempt 1 of 4
[2024-04-23T07:40:14.127+0000] {taskinstance.py:2217} INFO - Executing <Mapped(_PythonDecoratedOperator): ETL_job> on 2024-04-23 07:20:00+00:00
[2024-04-23T07:40:14.138+0000] {standard_task_runner.py:60} INFO - Started process 490318 to run task
[2024-04-23T07:40:14.185+0000] {standard_task_runner.py:87} INFO - Running: ['***', 'tasks', 'run', 'Units_statistics_DAG', 'ETL_job', 'scheduled__2024-04-23T07:20:00+00:00', '--job-id', '12693', '--raw', '--subdir', 'DAGS_FOLDER/Units_dag.py', '--cfg-path', '/tmp/tmp_c8uyksc', '--map-index', '1']
[2024-04-23T07:40:14.199+0000] {standard_task_runner.py:88} INFO - Job 12693: Subtask ETL_job
[2024-04-23T07:40:14.546+0000] {task_command.py:423} INFO - Running <TaskInstance: Units_statistics_DAG.ETL_job scheduled__2024-04-23T07:20:00+00:00 map_index=1 [running]> on host a09da322e808
[2024-04-23T07:40:15.233+0000] {taskinstance.py:2513} INFO - Exporting env vars: AIRFLOW_CTX_DAG_OWNER='abeer-araby' AIRFLOW_CTX_DAG_ID='Units_statistics_DAG' AIRFLOW_CTX_TASK_ID='ETL_job' AIRFLOW_CTX_EXECUTION_DATE='2024-04-23T07:20:00+00:00' AIRFLOW_CTX_TRY_NUMBER='1' AIRFLOW_CTX_DAG_RUN_ID='scheduled__2024-04-23T07:20:00+00:00'
[2024-04-23T07:40:15.235+0000] {Units_dag.py:99} INFO - i: 10000, chunk: 10000
[2024-04-23T07:40:15.235+0000] {Units_dag.py:100} INFO - child token is::: eyJ0eXAiOiJKV1QiLCJhbGciOiJIUzI1NiJ9.eyJpc3MiOiJodHRwczovL2FwaS5hZmFxeS5zYS9hdXRoL2xvZ2luX2FzIiwiaWF0IjoxNzEzODU4MDAzLCJleHAiOjE3MTY0NTAwMDMsIm5iZiI6MTcxMzg1ODAwMywianRpIjoiU00zS3FQU1k1QU91WFN0ciIsInN1YiI6IjVkNjNlNTFlMDNlZDUyOTJhNDJjMjRlNiIsInBydiI6IjI3MGVjZmM3ZWEzZWQ5MzdlYTg0OTM2MmEzYTUwOTEwYzZkOGNlNGYiLCJsb2dpbl9hc19pZCI6IjY1N2YwYWQ3M2Y5NzcyOTVjZjA1NTc2YSJ9.vdEOUnjsNLXaIktZEa0JUQSIHPmA6wIgmsoKFtOfvHw
[2024-04-23T07:40:37.548+0000] {Units_dag.py:104} INFO - {'_id': '6061905c51e6e5319164bb67', 'icon': 'icons/icon.png', 'driver_id': '', 'tailer_id': '', 'profile': {'vehicle_type': 'Accent', 'measurement_type': 'count', 'max_capacity': None, 'vin': '', 'plate_number': '', 'start_operation': '', 'contract_milage': '', 'opening_milage': '', 'model': '', 'fuel_type': '91', 'year': 0, 'seats': 2}, 'device_password': '***', 'name': '6475GHD', 'operation_code': '', 'imei': '861230049848998', 'sim_number': '+966830021028812', 'sim_serial': '8996641520112656772', 'device_serial': '861230049848998', 'device': 'bceIotm', 'user_id': '5e68ea7a03ed528a611e0f38', 'created_by': '5e6655bf03ed52e1ab79d301', 'updated_at': '2024-04-18 11:18:59', 'created_at': '2021-03-29 11:31:24', 'device_type': 'gps', 'business_types': {'waste': False, 'transportation': True, 'water': False}, 'device_gateway': '', 'gateway': '', 'skip_sim_information': '', 'custom_fields': [], 'creator': 'amr.ahmed', 'company': '', 'owner': 'shift_co', 'last_update': {'dtt': 1713857771000, 'dts': 1713857778511, 'spd': 0, 'ang': 0, 'alt': 686, 'chPrams': {'acc': {'v': 0, 'cdt': 1713448367000}, 'sensor_8192': {'v': 0, 'cdt': 1713446270000}, 'sensor_16386': {'v': 0, 'cdt': 1713423924000}, 'sensor_16385': {'v': 58630, 'cdt': 1713448076000}, 'fw_name': {'v': 'FF0_01_122', 'cdt': 1712396892000}, 'ePwrV': {'v': 12312, 'cdt': 1713857744000}, 'sensor_8199': {'v': 0, 'cdt': 1713730909000}, 'sensor_16387': {'v': 0, 'cdt': 1713730909000}, 'sensor_153': {'v': 0, 'cdt': 1713423924000}, 'sensor_12300': {'v': 0, 'cdt': 1713448367000}, 'war_id': {'v': 1, 'cdt': 1713857469000}, 'protocol': {'v': 'MQTT', 'cdt': 1713541376000}, 'sensor_97': {'v': 0, 'cdt': 1713423924000}, 'sensor_98': {'v': 0, 'cdt': 1713856617000}, 'sensor_99': {'v': 0, 'cdt': 1713805110000}, 'sensor_12292': {'v': 0, 'cdt': 1713730909000}, 'spd': {'v': 0, 'cdt': 1713423924000}, 'sat': {'v': 12, 'cdt': 1713856842000}, 'sensor_103': {'v': 0, 'cdt': 1713423924000}, 'fun_id': {'v': 240, 'cdt': 1713857469000}, 'sensor_102': {'v': 0, 'cdt': 1713423924000}, 'sensor_8200': {'v': 0, 'cdt': 1713730909000}, 'sensor_101': {'v': 0, 'cdt': 1713793926000}, 'sensor_100': {'v': 1, 'cdt': 1713790893000}, 'hdop': {'v': 9, 'cdt': 1713857744000}, 'sensor_12299': {'v': 0, 'cdt': 1711997439000}, 'sensor_40962': {'v': 0, 'cdt': 1711998285000}, 'sensor_49156': {'v': 'SMS accent lock/unlo', 'cdt': 1712396892000}, 'sensor_40961': {'v': 0, 'cdt': 1711998285000}}, 'prms': {'fun_id': 240, 'war_id': 1, 'fw_name': 'FF0_01_122', 'protocol': 'MQTT', 'sensor_40962': 0, 'sensor_40961': 0, 'sensor_16386': 0, 'sensor_16387': 0, 'sensor_16385': 58630, 'sensor_12300': 0, 'ePwrV': 12312, 'sensor_12299': 0, 'sensor_12292': 0, 'sensor_153': 0, 'sensor_8192': 0, 'sensor_99': 0, 'sensor_97': 0, 'sensor_8200': 0, 'sensor_103': 0, 'sensor_98': 0, 'sensor_102': 0, 'sensor_101': 0, 'acc': 0, 'spd': 0, 'hdop': 9, 'sat': 12, 'sensor_8199': 0, 'sensor_100': 1}, 'devPrms': ['sensor_40962', 'sensor_40961', 'sensor_16386', 'sensor_16387', 'sensor_16385', 'sensor_12300', 'ePwrV', 'sensor_12299', 'sensor_12292', 'sensor_153', 'sensor_8192', 'sensor_99', 'sensor_97', 'sensor_8200', 'sensor_103', 'sensor_98', 'sensor_102', 'sensor_101', 'acc', 'spd', 'hdop', 'sat', 'sensor_8199', 'sensor_100', 'protocol', 'fun_id', 'war_id', 'fw_name'], 'old_params': {'sensor_40962': 0, 'sensor_40961': 0, 'sensor_16386': 0, 'sensor_16387': 0, 'sensor_16385': 58630, 'sensor_12300': 0, 'ePwrV': 12312, 'sensor_12299': 0, 'sensor_12292': 0, 'sensor_153': 0, 'sensor_8192': 0, 'sensor_99': 0, 'sensor_97': 0, 'sensor_8200': 0, 'sensor_103': 0, 'sensor_98': 0, 'sensor_102': 0, 'sensor_101': 0, 'acc': 0, 'spd': 0, 'hdop': 9, 'sat': 12, 'sensor_8199': 0, 'sensor_100': 1, 'protocol': 'MQTT'}, 'vLoc': 1, 'vCon': 1, 'ip': '37.216.35.168', 'rl': 0, 'trl': 139248, 'mdu': 0, 'tmdu': 9590760, 'eidl': 0, 'teidl': 9045103, 'fc': 0, 'tfc': 0, 'acc': 0, 'accOn': 0, 'accOff': 423766, 'sdu': 27, 'tsdu': 148033, 'lat': 26.3505859375, 'lng': 43.98295593261719}, 'counters': {'odometer_type': 'canbus', 'odometer': 139248, 'engine_hours_type': 'canbus', 'engine_hours': 0, 'last_acc': 0}, 'is_wasl_connected': 'Not Connected', 'iconUrl': 'https://api.afaqy.sa/images/units/icons/icon.png', 'hasCCTV': False}
[2024-04-23T07:40:38.386+0000] {warnings.py:109} WARNING - /home/***/.local/lib/python3.8/site-packages/elasticsearch/_sync/client/__init__.py:399: SecurityWarning: Connecting to 'https://dbelk1.afaqy.local:9200' using TLS with verify_certs=False is insecure
  _transport = transport_class(

[2024-04-23T07:40:38.438+0000] {warnings.py:109} WARNING - /home/***/.local/lib/python3.8/site-packages/elasticsearch/_sync/client/__init__.py:399: SecurityWarning: Connecting to 'https://dbelk2.afaqy.local:9200' using TLS with verify_certs=False is insecure
  _transport = transport_class(

[2024-04-23T07:40:38.488+0000] {warnings.py:109} WARNING - /home/***/.local/lib/python3.8/site-packages/elasticsearch/_sync/client/__init__.py:399: SecurityWarning: Connecting to 'https://dbelk3.afaqy.local:9200' using TLS with verify_certs=False is insecure
  _transport = transport_class(

[2024-04-23T07:40:38.510+0000] {warnings.py:109} WARNING - /home/***/.local/lib/python3.8/site-packages/urllib3/connectionpool.py:1061: InsecureRequestWarning: Unverified HTTPS request is being made to host 'dbelk1.afaqy.local'. Adding certificate verification is strongly advised. See: https://urllib3.readthedocs.io/en/1.26.x/advanced-usage.html#ssl-warnings
  warnings.warn(

[2024-04-23T07:40:38.580+0000] {_transport.py:335} INFO - GET https://dbelk1.afaqy.local:9200/_cluster/health [status:200 duration:0.090s]
[2024-04-23T07:40:39.087+0000] {warnings.py:109} WARNING - /home/***/.local/lib/python3.8/site-packages/urllib3/connectionpool.py:1061: InsecureRequestWarning: Unverified HTTPS request is being made to host 'dbelk2.afaqy.local'. Adding certificate verification is strongly advised. See: https://urllib3.readthedocs.io/en/1.26.x/advanced-usage.html#ssl-warnings
  warnings.warn(

[2024-04-23T07:40:43.045+0000] {_transport.py:335} INFO - PUT https://dbelk2.afaqy.local:9200/units_statistics_***/_bulk [status:200 duration:3.983s]
[2024-04-23T07:40:44.146+0000] {taskinstance.py:2731} ERROR - Task failed with exception
Traceback (most recent call last):
  File "/home/airflow/.local/lib/python3.8/site-packages/airflow/models/taskinstance.py", line 444, in _execute_task
    result = _execute_callable(context=context, **execute_callable_kwargs)
  File "/home/airflow/.local/lib/python3.8/site-packages/airflow/models/taskinstance.py", line 414, in _execute_callable
    return execute_callable(context=context, **execute_callable_kwargs)
  File "/home/airflow/.local/lib/python3.8/site-packages/airflow/decorators/base.py", line 241, in execute
    return_value = super().execute(context)
  File "/home/airflow/.local/lib/python3.8/site-packages/airflow/operators/python.py", line 200, in execute
    return_value = self.execute_callable()
  File "/home/airflow/.local/lib/python3.8/site-packages/airflow/operators/python.py", line 217, in execute_callable
    return self.python_callable(*self.op_args, **self.op_kwargs)
  File "/opt/airflow/dags/Units_dag.py", line 112, in ETL_job
    Elk_client.elk_pushData(Globals.index_name,units_list_update)
  File "/opt/airflow/dags/elk_manager.py", line 69, in elk_pushData
    helpers.bulk(self.elk_client, docs_list, index=index_name, chunk_size=batch)
  File "/home/airflow/.local/lib/python3.8/site-packages/elasticsearch/helpers/actions.py", line 521, in bulk
    for ok, item in streaming_bulk(
  File "/home/airflow/.local/lib/python3.8/site-packages/elasticsearch/helpers/actions.py", line 436, in streaming_bulk
    for data, (ok, info) in zip(
  File "/home/airflow/.local/lib/python3.8/site-packages/elasticsearch/helpers/actions.py", line 355, in _process_bulk_chunk
    yield from gen
  File "/home/airflow/.local/lib/python3.8/site-packages/elasticsearch/helpers/actions.py", line 274, in _process_bulk_chunk_success
    raise BulkIndexError(f"{len(errors)} document(s) failed to index.", errors)
elasticsearch.helpers.BulkIndexError: 1 document(s) failed to index.
[2024-04-23T07:40:44.184+0000] {taskinstance.py:1149} INFO - Marking task as UP_FOR_RETRY. dag_id=Units_statistics_DAG, task_id=ETL_job, map_index=1, execution_date=20240423T072000, start_date=20240423T074014, end_date=20240423T074044
[2024-04-23T07:40:44.233+0000] {standard_task_runner.py:107} ERROR - Failed to execute job 12693 for task ETL_job (1 document(s) failed to index.; 490318)
[2024-04-23T07:40:44.344+0000] {local_task_job_runner.py:234} INFO - Task exited with return code 1
[2024-04-23T07:40:44.389+0000] {taskinstance.py:3312} INFO - 0 downstream tasks scheduled from follow-on schedule check
