[2024-05-11T22:03:27.619+0000] {taskinstance.py:1979} INFO - Dependencies all met for dep_context=non-requeueable deps ti=<TaskInstance: Units_statistics_DAG.ETL_job scheduled__2024-05-11T21:40:00+00:00 map_index=5 [queued]>
[2024-05-11T22:03:27.636+0000] {taskinstance.py:1979} INFO - Dependencies all met for dep_context=requeueable deps ti=<TaskInstance: Units_statistics_DAG.ETL_job scheduled__2024-05-11T21:40:00+00:00 map_index=5 [queued]>
[2024-05-11T22:03:27.638+0000] {taskinstance.py:2193} INFO - Starting attempt 3 of 4
[2024-05-11T22:03:27.665+0000] {taskinstance.py:2217} INFO - Executing <Mapped(_PythonDecoratedOperator): ETL_job> on 2024-05-11 21:40:00+00:00
[2024-05-11T22:03:27.677+0000] {standard_task_runner.py:60} INFO - Started process 950916 to run task
[2024-05-11T22:03:27.691+0000] {standard_task_runner.py:87} INFO - Running: ['***', 'tasks', 'run', 'Units_statistics_DAG', 'ETL_job', 'scheduled__2024-05-11T21:40:00+00:00', '--job-id', '51780', '--raw', '--subdir', 'DAGS_FOLDER/Units_dag.py', '--cfg-path', '/tmp/tmp6y7o7nef', '--map-index', '5']
[2024-05-11T22:03:27.694+0000] {standard_task_runner.py:88} INFO - Job 51780: Subtask ETL_job
[2024-05-11T22:03:27.839+0000] {task_command.py:423} INFO - Running <TaskInstance: Units_statistics_DAG.ETL_job scheduled__2024-05-11T21:40:00+00:00 map_index=5 [running]> on host a09da322e808
[2024-05-11T22:03:28.066+0000] {taskinstance.py:2513} INFO - Exporting env vars: AIRFLOW_CTX_DAG_OWNER='abeer-araby' AIRFLOW_CTX_DAG_ID='Units_statistics_DAG' AIRFLOW_CTX_TASK_ID='ETL_job' AIRFLOW_CTX_EXECUTION_DATE='2024-05-11T21:40:00+00:00' AIRFLOW_CTX_TRY_NUMBER='3' AIRFLOW_CTX_DAG_RUN_ID='scheduled__2024-05-11T21:40:00+00:00'
[2024-05-11T22:03:28.068+0000] {Units_dag.py:98} INFO - i: 50000, chunk: 10000
[2024-05-11T22:03:28.068+0000] {Units_dag.py:99} INFO - child token is::: eyJ0eXAiOiJKV1QiLCJhbGciOiJIUzI1NiJ9.eyJpc3MiOiJodHRwczovL2FwaS5hZmFxeS5zYS9hdXRoL2xvZ2luX2FzIiwiaWF0IjoxNzE1NDY0ODA0LCJleHAiOjE3MTgwNTY4MDQsIm5iZiI6MTcxNTQ2NDgwNCwianRpIjoibDVBcHZOZG5VaVBLZ1NDSCIsInN1YiI6IjVkNjNlNTFlMDNlZDUyOTJhNDJjMjRlNiIsInBydiI6IjI3MGVjZmM3ZWEzZWQ5MzdlYTg0OTM2MmEzYTUwOTEwYzZkOGNlNGYiLCJsb2dpbl9hc19pZCI6IjY1N2YwYWQ3M2Y5NzcyOTVjZjA1NTc2YSJ9.y28OqCtOZ7JEg2BUdCYW4VV-RZBvLCfIK7R14i7ZmoI
[2024-05-11T22:03:45.911+0000] {Units_dag.py:103} INFO - {'_id': '62b07e655e94ae88895efafb', 'imei': '354017110488349', 'updated_at': '2024-04-18 11:18:59', 'custom_fields': [], 'creator': '', 'company': '', 'owner': '', 'last_update': {'dtt': 1655738155000, 'dts': 1655738157153, 'spd': 0, 'ang': 292, 'alt': 706, 'chPrams': {'output1': {'v': False, 'cdt': 1653715512000}, 'protocol': {'v': 'teltonika_FMB640', 'cdt': 1654238106000}, 'ePwrV': {'v': 28.497, 'cdt': 1655738155000}, 'sat': {'v': 14, 'cdt': 1655738155000}, 'ai1': {'v': 43, 'cdt': 1655737968000}, 'iPwrV': {'v': 4.0520000000000005, 'cdt': 1655738155000}, 'priority': {'v': 1, 'cdt': 1655738155000}, 'event': {'v': 1, 'cdt': 1655738155000}, 'di1': {'v': 0, 'cdt': 1655738155000}}, 'prms': {'protocol': 'teltonika_FMB640', 'priority': 1, 'sat': 14, 'event': 1, 'di1': 0, 'output1': 0, 'ePwrV': 28.497, 'iPwrV': 4.0520000000000005, 'ai1': 43}, 'devPrms': ['protocol', 'priority', 'sat', 'event', 'di1', 'output1', 'ePwrV', 'iPwrV', 'ai1'], 'old_params': {'protocol': 'teltonika_FMB640', 'priority': 0, 'sat': 13, 'event': 0, 'di1': 1, 'output1': 0, 'ePwrV': 28.48, 'iPwrV': 4.048, 'ai1': 43}, 'vLoc': 1, 'vCon': 1, 'ip': '51.39.41.45', 'rl': 0, 'trl': 105937.6383, 'mdu': 0, 'tmdu': 6094403, 'eidl': 11, 'teidl': 9042425, 'fc': 0, 'tfc': 1.040508, 'acc': 0, 'accOn': -4534253940, 'accOff': 6270984274, 'sdu': 0, 'tsdu': 0, 'lat': 25.1114516, 'lng': 46.381395}, 'counters': {'engine_hours': -4534253940, 'last_acc': 0, 'odometer': 896894.0236}, 'is_wasl_connected': 'Not Connected', 'iconUrl': '', 'hasCCTV': False}
[2024-05-11T22:03:46.445+0000] {warnings.py:109} WARNING - /home/***/.local/lib/python3.8/site-packages/elasticsearch/_sync/client/__init__.py:399: SecurityWarning: Connecting to 'https://dbelk1.afaqy.local:9200' using TLS with verify_certs=False is insecure
  _transport = transport_class(

[2024-05-11T22:03:46.488+0000] {warnings.py:109} WARNING - /home/***/.local/lib/python3.8/site-packages/elasticsearch/_sync/client/__init__.py:399: SecurityWarning: Connecting to 'https://dbelk2.afaqy.local:9200' using TLS with verify_certs=False is insecure
  _transport = transport_class(

[2024-05-11T22:03:46.535+0000] {warnings.py:109} WARNING - /home/***/.local/lib/python3.8/site-packages/elasticsearch/_sync/client/__init__.py:399: SecurityWarning: Connecting to 'https://dbelk3.afaqy.local:9200' using TLS with verify_certs=False is insecure
  _transport = transport_class(

[2024-05-11T22:03:46.566+0000] {warnings.py:109} WARNING - /home/***/.local/lib/python3.8/site-packages/urllib3/connectionpool.py:1061: InsecureRequestWarning: Unverified HTTPS request is being made to host 'dbelk1.afaqy.local'. Adding certificate verification is strongly advised. See: https://urllib3.readthedocs.io/en/1.26.x/advanced-usage.html#ssl-warnings
  warnings.warn(

[2024-05-11T22:03:46.617+0000] {_transport.py:335} INFO - GET https://dbelk1.afaqy.local:9200/_cluster/health [status:200 duration:0.080s]
[2024-05-11T22:03:47.007+0000] {warnings.py:109} WARNING - /home/***/.local/lib/python3.8/site-packages/urllib3/connectionpool.py:1061: InsecureRequestWarning: Unverified HTTPS request is being made to host 'dbelk2.afaqy.local'. Adding certificate verification is strongly advised. See: https://urllib3.readthedocs.io/en/1.26.x/advanced-usage.html#ssl-warnings
  warnings.warn(

[2024-05-11T22:03:47.022+0000] {_transport.py:335} INFO - PUT https://dbelk2.afaqy.local:9200/units_statistics_***/_bulk [status:429 duration:0.033s]
[2024-05-11T22:03:47.023+0000] {_node_pool.py:249} WARNING - Node <Urllib3HttpNode(https://dbelk2.afaqy.local:9200)> has failed for 1 times in a row, putting on 1 second timeout
[2024-05-11T22:03:47.024+0000] {_transport.py:427} WARNING - Retrying request after non-successful status 429 (attempt 0 of 3)
[2024-05-11T22:03:47.026+0000] {warnings.py:109} WARNING - /home/***/.local/lib/python3.8/site-packages/urllib3/connectionpool.py:1061: InsecureRequestWarning: Unverified HTTPS request is being made to host 'dbelk1.afaqy.local'. Adding certificate verification is strongly advised. See: https://urllib3.readthedocs.io/en/1.26.x/advanced-usage.html#ssl-warnings
  warnings.warn(

[2024-05-11T22:03:47.755+0000] {_transport.py:335} INFO - PUT https://dbelk1.afaqy.local:9200/units_statistics_***/_bulk [status:200 duration:0.730s]
[2024-05-11T22:03:48.027+0000] {taskinstance.py:2731} ERROR - Task failed with exception
Traceback (most recent call last):
  File "/home/airflow/.local/lib/python3.8/site-packages/airflow/models/taskinstance.py", line 444, in _execute_task
    result = _execute_callable(context=context, **execute_callable_kwargs)
  File "/home/airflow/.local/lib/python3.8/site-packages/airflow/models/taskinstance.py", line 414, in _execute_callable
    return execute_callable(context=context, **execute_callable_kwargs)
  File "/home/airflow/.local/lib/python3.8/site-packages/airflow/decorators/base.py", line 241, in execute
    return_value = super().execute(context)
  File "/home/airflow/.local/lib/python3.8/site-packages/airflow/operators/python.py", line 200, in execute
    return_value = self.execute_callable()
  File "/home/airflow/.local/lib/python3.8/site-packages/airflow/operators/python.py", line 217, in execute_callable
    return self.python_callable(*self.op_args, **self.op_kwargs)
  File "/opt/airflow/dags/Units_dag.py", line 111, in ETL_job
    Elk_client.elk_pushData(Globals.index_name,units_list_update)
  File "/opt/airflow/dags/units_statistics/elk_manager.py", line 69, in elk_pushData
    helpers.bulk(self.elk_client, docs_list, index=index_name, chunk_size=batch)
  File "/home/airflow/.local/lib/python3.8/site-packages/elasticsearch/helpers/actions.py", line 521, in bulk
    for ok, item in streaming_bulk(
  File "/home/airflow/.local/lib/python3.8/site-packages/elasticsearch/helpers/actions.py", line 436, in streaming_bulk
    for data, (ok, info) in zip(
  File "/home/airflow/.local/lib/python3.8/site-packages/elasticsearch/helpers/actions.py", line 355, in _process_bulk_chunk
    yield from gen
  File "/home/airflow/.local/lib/python3.8/site-packages/elasticsearch/helpers/actions.py", line 274, in _process_bulk_chunk_success
    raise BulkIndexError(f"{len(errors)} document(s) failed to index.", errors)
elasticsearch.helpers.BulkIndexError: 1573 document(s) failed to index.
[2024-05-11T22:03:48.041+0000] {taskinstance.py:1149} INFO - Marking task as UP_FOR_RETRY. dag_id=Units_statistics_DAG, task_id=ETL_job, map_index=5, execution_date=20240511T214000, start_date=20240511T220327, end_date=20240511T220348
[2024-05-11T22:03:48.184+0000] {standard_task_runner.py:107} ERROR - Failed to execute job 51780 for task ETL_job (1573 document(s) failed to index.; 950916)
[2024-05-11T22:03:48.242+0000] {local_task_job_runner.py:234} INFO - Task exited with return code 1
[2024-05-11T22:03:48.270+0000] {taskinstance.py:3312} INFO - 0 downstream tasks scheduled from follow-on schedule check
