[2024-05-10T11:24:28.279+0000] {taskinstance.py:1979} INFO - Dependencies all met for dep_context=non-requeueable deps ti=<TaskInstance: Units_statistics_DAG.ETL_job scheduled__2024-05-10T11:00:00+00:00 map_index=12 [queued]>
[2024-05-10T11:24:28.318+0000] {taskinstance.py:1979} INFO - Dependencies all met for dep_context=requeueable deps ti=<TaskInstance: Units_statistics_DAG.ETL_job scheduled__2024-05-10T11:00:00+00:00 map_index=12 [queued]>
[2024-05-10T11:24:28.318+0000] {taskinstance.py:2193} INFO - Starting attempt 3 of 4
[2024-05-10T11:24:28.409+0000] {taskinstance.py:2217} INFO - Executing <Mapped(_PythonDecoratedOperator): ETL_job> on 2024-05-10 11:00:00+00:00
[2024-05-10T11:24:28.425+0000] {standard_task_runner.py:60} INFO - Started process 912887 to run task
[2024-05-10T11:24:28.460+0000] {standard_task_runner.py:87} INFO - Running: ['***', 'tasks', 'run', 'Units_statistics_DAG', 'ETL_job', 'scheduled__2024-05-10T11:00:00+00:00', '--job-id', '47590', '--raw', '--subdir', 'DAGS_FOLDER/Units_dag.py', '--cfg-path', '/tmp/tmpahkgvk2n', '--map-index', '12']
[2024-05-10T11:24:28.480+0000] {standard_task_runner.py:88} INFO - Job 47590: Subtask ETL_job
[2024-05-10T11:24:28.691+0000] {task_command.py:423} INFO - Running <TaskInstance: Units_statistics_DAG.ETL_job scheduled__2024-05-10T11:00:00+00:00 map_index=12 [running]> on host a09da322e808
[2024-05-10T11:24:28.920+0000] {taskinstance.py:2513} INFO - Exporting env vars: AIRFLOW_CTX_DAG_OWNER='abeer-araby' AIRFLOW_CTX_DAG_ID='Units_statistics_DAG' AIRFLOW_CTX_TASK_ID='ETL_job' AIRFLOW_CTX_EXECUTION_DATE='2024-05-10T11:00:00+00:00' AIRFLOW_CTX_TRY_NUMBER='3' AIRFLOW_CTX_DAG_RUN_ID='scheduled__2024-05-10T11:00:00+00:00'
[2024-05-10T11:24:28.921+0000] {Units_dag.py:98} INFO - i: 120000, chunk: 10000
[2024-05-10T11:24:28.922+0000] {Units_dag.py:99} INFO - child token is::: eyJ0eXAiOiJKV1QiLCJhbGciOiJIUzI1NiJ9.eyJpc3MiOiJodHRwczovL2FwaS5hZmFxeS5zYS9hdXRoL2xvZ2luX2FzIiwiaWF0IjoxNzE1MzQwMDA0LCJleHAiOjE3MTc5MzIwMDQsIm5iZiI6MTcxNTM0MDAwNCwianRpIjoiaUlkWnJnMktzSHliTE9vSCIsInN1YiI6IjVkNjNlNTFlMDNlZDUyOTJhNDJjMjRlNiIsInBydiI6IjI3MGVjZmM3ZWEzZWQ5MzdlYTg0OTM2MmEzYTUwOTEwYzZkOGNlNGYiLCJsb2dpbl9hc19pZCI6IjY1N2YwYWQ3M2Y5NzcyOTVjZjA1NTc2YSJ9.Trfwbi-ogltkAqSKEvXILLwO-E4TyR2bdOEUgKTl5CM
[2024-05-10T11:24:45.395+0000] {Units_dag.py:103} INFO - {'_id': '64cf9bdeb60a5b123122071c', 'icon': 'icons/A_10.png', 'driver_id': '', 'tailer_id': '', 'profile': {'vehicle_type': '', 'measurement_type': 'count', 'max_capacity': 0, 'vin': '', 'plate_number': '', 'start_operation': '', 'contract_milage': '', 'opening_milage': '', 'model': '', 'fuel_type': '91', 'year': 0, 'seats': 2}, 'device_password': '***', 'device_type': 'gps', 'gateway': False, 'business_types': {'waste': False, 'transportation': True, 'water': False}, 'name': 'ุฃ ุณ ุต 9779', 'operation_code': '', 'device_gateway': '', 'skip_sim_information': False, 'imei': '867994064634898', 'sim_number': '+966830021056062', 'sim_serial': '8996609821112133333', 'device_serial': '867994064634898', 'device': 'bce', 'user_id': '5ed3a92603ed527acb46a02c', 'created_by': '5e6655bf03ed52e1ab79d301', 'updated_at': '2024-04-18 11:18:59', 'created_at': '2023-08-06 16:10:54', 'shipment_info': {'product_category': None, 'truck_type': None, 'shipment_type': None, 'shipment_payment_type': None, 'transporter_type': None, 'operating_area': None, 'weight_kilograms_per_day': None, 'kms_per_day': None, 'shipment_trip_drive_hrs_day': None, 'allowable_delay_drive_hrs_day': None, 'expected_shipment_trip_day': None, 'car_pay_per_day': None, 'exceeding_temperature_limit_per_day': None, 'temperature_upper_limit': None, 'exceeding_humidity_limit_per_day': None, 'humidity_upper_limit': None}, 'custom_fields': [], 'creator': 'amr.ahmed', 'company': '', 'owner': 'al-musalam', 'last_update': {'dtt': 1715340240000, 'dts': 1715340260261, 'spd': 0, 'ang': 112, 'alt': 43, 'chPrams': {'ePwrV': {'v': 27.651, 'cdt': 1715340240000}, 'di16': {'v': 1, 'cdt': 1713000156000}, 'di15': {'v': 0, 'cdt': 1704181346000}, 'rssi1': {'v': 73, 'cdt': 1715340240000}, 'di14': {'v': 0, 'cdt': 1715334696000}, 'di13': {'v': 0, 'cdt': 1713000156000}, 'di12': {'v': 0, 'cdt': 1713000156000}, 'di11': {'v': 0, 'cdt': 1713000156000}, 'di10': {'v': 0, 'cdt': 1713000156000}, 'di2': {'v': 0, 'cdt': 1715332518000}, 'ai4': {'v': 4906, 'cdt': 1715340210000}, 'di1': {'v': 0, 'cdt': 1715340240000}, 'di4': {'v': 0, 'cdt': 1713000156000}, 'di3': {'v': 0, 'cdt': 1713000156000}, 'di6': {'v': 0, 'cdt': 1713000156000}, 'di5': {'v': 1, 'cdt': 1715338050000}, 'lac1': {'v': 2232, 'cdt': 1715334894000}, 'protocol': {'v': 'bce', 'cdt': 1713000156000}, 'di8': {'v': 1, 'cdt': 1713000156000}, 'di7': {'v': 1, 'cdt': 1715338050000}, 'di9': {'v': 0, 'cdt': 1713000156000}, 'iPwrV': {'v': 4.04, 'cdt': 1715340210000}, 'cid1': {'v': 65301, 'cdt': 1715338050000}, 'odometer': {'v': 0, 'cdt': 1715336580000}, 'spd': {'v': 0, 'cdt': 1715336550000}, 'sat': {'v': 12, 'cdt': 1715327910000}, 'hdop': {'v': 1, 'cdt': 1715126354000}, 'ta': {'v': 0, 'cdt': 1713000156000}, 'mcc1': {'v': 420, 'cdt': 1714746952000}, 'mnc1': {'v': 3, 'cdt': 1714746952000}}, 'prms': {'protocol': 'bce', 'spd': 0, 'sat': 12, 'hdop': 1, 'odometer': 0, 'di16': 1, 'di15': 0, 'di14': 0, 'di13': 0, 'di12': 0, 'di11': 0, 'di10': 0, 'di9': 0, 'di8': 1, 'di7': 1, 'di6': 0, 'di5': 1, 'di4': 0, 'di3': 0, 'di2': 0, 'di1': 0, 'ePwrV': 27.651, 'ai4': 4906, 'iPwrV': 4.04, 'ta': 0, 'mcc1': 420, 'mnc1': 3, 'lac1': 2232, 'cid1': 65301, 'rssi1': 73}, 'devPrms': ['protocol', 'spd', 'sat', 'hdop', 'odometer', 'di16', 'di15', 'di14', 'di13', 'di12', 'di11', 'di10', 'di9', 'di8', 'di7', 'di6', 'di5', 'di4', 'di3', 'di2', 'di1', 'ePwrV', 'ai4', 'iPwrV', 'ta', 'mcc1', 'mnc1', 'lac1', 'cid1', 'rssi1'], 'old_params': {'protocol': 'bce', 'spd': 0, 'sat': 12, 'hdop': 1, 'odometer': 0, 'di16': 1, 'di15': 0, 'di14': 0, 'di13': 0, 'di12': 0, 'di11': 0, 'di10': 0, 'di9': 0, 'di8': 1, 'di7': 1, 'di6': 0, 'di5': 1, 'di4': 0, 'di3': 0, 'di2': 0, 'di1': 1, 'ePwrV': 27.722, 'ai4': 4906, 'iPwrV': 4.04, 'ta': 0, 'mcc1': 420, 'mnc1': 3, 'lac1': 2232, 'cid1': 65301, 'rssi1': 72}, 'vLoc': 1, 'vCon': 1, 'ip': '109.83.175.215', 'rl': 0, 'trl': 32192.486, 'mdu': 0, 'tmdu': 1950578, 'eidl': 30, 'teidl': 1659648, 'fc': 0, 'tfc': 24.629124, 'acc': 1, 'accOn': 20885646, 'accOff': 3864952, 'sdu': 0, 'tsdu': 0, 'lat': 21.41635513305664, 'lng': 39.26634979248047}, 'counters': {'engine_hours': 20885646, 'last_acc': 1, 'odometer': 54701.7113, 'engine_hours_type': '', 'odometer_type': ''}, 'is_wasl_connected': 'Connected', 'iconUrl': 'https://api.afaqy.sa/images/units/icons/A_10.png', 'hasCCTV': False}
[2024-05-10T11:24:45.995+0000] {warnings.py:109} WARNING - /home/***/.local/lib/python3.8/site-packages/elasticsearch/_sync/client/__init__.py:399: SecurityWarning: Connecting to 'https://dbelk3.afaqy.local:9200' using TLS with verify_certs=False is insecure
  _transport = transport_class(

[2024-05-10T11:24:46.043+0000] {warnings.py:109} WARNING - /home/***/.local/lib/python3.8/site-packages/elasticsearch/_sync/client/__init__.py:399: SecurityWarning: Connecting to 'https://dbelk2.afaqy.local:9200' using TLS with verify_certs=False is insecure
  _transport = transport_class(

[2024-05-10T11:24:46.089+0000] {warnings.py:109} WARNING - /home/***/.local/lib/python3.8/site-packages/elasticsearch/_sync/client/__init__.py:399: SecurityWarning: Connecting to 'https://dbelk1.afaqy.local:9200' using TLS with verify_certs=False is insecure
  _transport = transport_class(

[2024-05-10T11:24:47.122+0000] {warnings.py:109} WARNING - /home/***/.local/lib/python3.8/site-packages/urllib3/connectionpool.py:1061: InsecureRequestWarning: Unverified HTTPS request is being made to host 'dbelk3.afaqy.local'. Adding certificate verification is strongly advised. See: https://urllib3.readthedocs.io/en/1.26.x/advanced-usage.html#ssl-warnings
  warnings.warn(

[2024-05-10T11:24:47.198+0000] {_transport.py:335} INFO - GET https://dbelk3.afaqy.local:9200/_cluster/health [status:200 duration:1.107s]
[2024-05-10T11:24:47.634+0000] {warnings.py:109} WARNING - /home/***/.local/lib/python3.8/site-packages/urllib3/connectionpool.py:1061: InsecureRequestWarning: Unverified HTTPS request is being made to host 'dbelk2.afaqy.local'. Adding certificate verification is strongly advised. See: https://urllib3.readthedocs.io/en/1.26.x/advanced-usage.html#ssl-warnings
  warnings.warn(

[2024-05-10T11:24:47.725+0000] {_transport.py:335} INFO - PUT https://dbelk2.afaqy.local:9200/units_statistics_***/_bulk [status:429 duration:0.110s]
[2024-05-10T11:24:47.726+0000] {_node_pool.py:249} WARNING - Node <Urllib3HttpNode(https://dbelk2.afaqy.local:9200)> has failed for 1 times in a row, putting on 1 second timeout
[2024-05-10T11:24:47.726+0000] {_transport.py:427} WARNING - Retrying request after non-successful status 429 (attempt 0 of 3)
[2024-05-10T11:24:47.727+0000] {warnings.py:109} WARNING - /home/***/.local/lib/python3.8/site-packages/urllib3/connectionpool.py:1061: InsecureRequestWarning: Unverified HTTPS request is being made to host 'dbelk3.afaqy.local'. Adding certificate verification is strongly advised. See: https://urllib3.readthedocs.io/en/1.26.x/advanced-usage.html#ssl-warnings
  warnings.warn(

[2024-05-10T11:24:47.747+0000] {_transport.py:335} INFO - PUT https://dbelk3.afaqy.local:9200/units_statistics_***/_bulk [status:429 duration:0.021s]
[2024-05-10T11:24:47.748+0000] {_node_pool.py:249} WARNING - Node <Urllib3HttpNode(https://dbelk3.afaqy.local:9200)> has failed for 1 times in a row, putting on 1 second timeout
[2024-05-10T11:24:47.748+0000] {_transport.py:427} WARNING - Retrying request after non-successful status 429 (attempt 1 of 3)
[2024-05-10T11:24:47.775+0000] {warnings.py:109} WARNING - /home/***/.local/lib/python3.8/site-packages/urllib3/connectionpool.py:1061: InsecureRequestWarning: Unverified HTTPS request is being made to host 'dbelk1.afaqy.local'. Adding certificate verification is strongly advised. See: https://urllib3.readthedocs.io/en/1.26.x/advanced-usage.html#ssl-warnings
  warnings.warn(

[2024-05-10T11:25:11.776+0000] {_transport.py:335} INFO - PUT https://dbelk1.afaqy.local:9200/units_statistics_***/_bulk [status:200 duration:24.027s]
[2024-05-10T11:25:12.554+0000] {taskinstance.py:2731} ERROR - Task failed with exception
Traceback (most recent call last):
  File "/home/airflow/.local/lib/python3.8/site-packages/airflow/models/taskinstance.py", line 444, in _execute_task
    result = _execute_callable(context=context, **execute_callable_kwargs)
  File "/home/airflow/.local/lib/python3.8/site-packages/airflow/models/taskinstance.py", line 414, in _execute_callable
    return execute_callable(context=context, **execute_callable_kwargs)
  File "/home/airflow/.local/lib/python3.8/site-packages/airflow/decorators/base.py", line 241, in execute
    return_value = super().execute(context)
  File "/home/airflow/.local/lib/python3.8/site-packages/airflow/operators/python.py", line 200, in execute
    return_value = self.execute_callable()
  File "/home/airflow/.local/lib/python3.8/site-packages/airflow/operators/python.py", line 217, in execute_callable
    return self.python_callable(*self.op_args, **self.op_kwargs)
  File "/opt/airflow/dags/Units_dag.py", line 111, in ETL_job
    Elk_client.elk_pushData(Globals.index_name,units_list_update)
  File "/opt/airflow/dags/units_statistics/elk_manager.py", line 69, in elk_pushData
    helpers.bulk(self.elk_client, docs_list, index=index_name, chunk_size=batch)
  File "/home/airflow/.local/lib/python3.8/site-packages/elasticsearch/helpers/actions.py", line 521, in bulk
    for ok, item in streaming_bulk(
  File "/home/airflow/.local/lib/python3.8/site-packages/elasticsearch/helpers/actions.py", line 436, in streaming_bulk
    for data, (ok, info) in zip(
  File "/home/airflow/.local/lib/python3.8/site-packages/elasticsearch/helpers/actions.py", line 355, in _process_bulk_chunk
    yield from gen
  File "/home/airflow/.local/lib/python3.8/site-packages/elasticsearch/helpers/actions.py", line 274, in _process_bulk_chunk_success
    raise BulkIndexError(f"{len(errors)} document(s) failed to index.", errors)
elasticsearch.helpers.BulkIndexError: 2547 document(s) failed to index.
[2024-05-10T11:25:12.582+0000] {taskinstance.py:1149} INFO - Marking task as UP_FOR_RETRY. dag_id=Units_statistics_DAG, task_id=ETL_job, map_index=12, execution_date=20240510T110000, start_date=20240510T112428, end_date=20240510T112512
[2024-05-10T11:25:12.604+0000] {standard_task_runner.py:107} ERROR - Failed to execute job 47590 for task ETL_job (2547 document(s) failed to index.; 912887)
[2024-05-10T11:25:12.719+0000] {local_task_job_runner.py:234} INFO - Task exited with return code 1
[2024-05-10T11:25:12.747+0000] {taskinstance.py:3312} INFO - 0 downstream tasks scheduled from follow-on schedule check
