[2024-05-05T11:02:35.055+0000] {taskinstance.py:1979} INFO - Dependencies all met for dep_context=non-requeueable deps ti=<TaskInstance: Units_statistics_DAG.ETL_job scheduled__2024-05-05T10:40:00+00:00 map_index=8 [queued]>
[2024-05-05T11:02:35.071+0000] {taskinstance.py:1979} INFO - Dependencies all met for dep_context=requeueable deps ti=<TaskInstance: Units_statistics_DAG.ETL_job scheduled__2024-05-05T10:40:00+00:00 map_index=8 [queued]>
[2024-05-05T11:02:35.072+0000] {taskinstance.py:2193} INFO - Starting attempt 2 of 4
[2024-05-05T11:02:35.095+0000] {taskinstance.py:2217} INFO - Executing <Mapped(_PythonDecoratedOperator): ETL_job> on 2024-05-05 10:40:00+00:00
[2024-05-05T11:02:35.103+0000] {standard_task_runner.py:60} INFO - Started process 781041 to run task
[2024-05-05T11:02:35.116+0000] {standard_task_runner.py:87} INFO - Running: ['***', 'tasks', 'run', 'Units_statistics_DAG', 'ETL_job', 'scheduled__2024-05-05T10:40:00+00:00', '--job-id', '33174', '--raw', '--subdir', 'DAGS_FOLDER/Units_dag.py', '--cfg-path', '/tmp/tmptcbk5id8', '--map-index', '8']
[2024-05-05T11:02:35.118+0000] {standard_task_runner.py:88} INFO - Job 33174: Subtask ETL_job
[2024-05-05T11:02:35.215+0000] {task_command.py:423} INFO - Running <TaskInstance: Units_statistics_DAG.ETL_job scheduled__2024-05-05T10:40:00+00:00 map_index=8 [running]> on host a09da322e808
[2024-05-05T11:02:35.394+0000] {taskinstance.py:2513} INFO - Exporting env vars: AIRFLOW_CTX_DAG_OWNER='abeer-araby' AIRFLOW_CTX_DAG_ID='Units_statistics_DAG' AIRFLOW_CTX_TASK_ID='ETL_job' AIRFLOW_CTX_EXECUTION_DATE='2024-05-05T10:40:00+00:00' AIRFLOW_CTX_TRY_NUMBER='2' AIRFLOW_CTX_DAG_RUN_ID='scheduled__2024-05-05T10:40:00+00:00'
[2024-05-05T11:02:35.396+0000] {Units_dag.py:99} INFO - i: 80000, chunk: 10000
[2024-05-05T11:02:35.396+0000] {Units_dag.py:100} INFO - child token is::: eyJ0eXAiOiJKV1QiLCJhbGciOiJIUzI1NiJ9.eyJpc3MiOiJodHRwczovL2FwaS5hZmFxeS5zYS9hdXRoL2xvZ2luX2FzIiwiaWF0IjoxNzE0OTA2ODA0LCJleHAiOjE3MTc0OTg4MDQsIm5iZiI6MTcxNDkwNjgwNCwianRpIjoiVllWcEtDVGhqMTBidk5CVCIsInN1YiI6IjVkNjNlNTFlMDNlZDUyOTJhNDJjMjRlNiIsInBydiI6IjI3MGVjZmM3ZWEzZWQ5MzdlYTg0OTM2MmEzYTUwOTEwYzZkOGNlNGYiLCJsb2dpbl9hc19pZCI6IjY1N2YwYWQ3M2Y5NzcyOTVjZjA1NTc2YSJ9.IP1SaqpGdn4wJLHFCvdxGkfNQTqbrDWA9z3yCYz1vv8
[2024-05-05T11:02:54.277+0000] {Units_dag.py:104} INFO - {'_id': '63d8ebe59e39255c685308fe', 'icon': 'icons/icon.png', 'driver_id': '', 'tailer_id': '', 'profile': {'vehicle_type': '', 'measurement_type': 'count', 'max_capacity': 0, 'vin': '', 'plate_number': '', 'start_operation': '', 'contract_milage': '', 'opening_milage': '', 'model': '', 'fuel_type': '91', 'year': 0, 'seats': 2}, 'device_password': '***', 'device_type': 'gps', 'gateway': False, 'name': '5696 D R A', 'operation_code': '', 'device_gateway': '', 'business_types': {'waste': False, 'transportation': True, 'water': False}, 'imei': '869688059346454', 'sim_number': '+966830032369080', 'sim_serial': '996609821111961935', 'device_serial': '869688059346454', 'device': 'bce', 'user_id': '63c3ef672cabbb6db33623df', 'created_by': '5e6655bf03ed52e1ab79d301', 'updated_at': '2024-04-18 11:18:59', 'created_at': '2023-01-31 13:22:29', 'custom_fields': [], 'creator': 'amr.ahmed', 'company': '', 'owner': 'al-nakhla-admin', 'last_update': {'dtt': 1714906938000, 'dts': 1714906954324, 'spd': 81, 'ang': 288, 'alt': 565, 'chPrams': {'ePwrV': {'v': 28.325, 'cdt': 1714906938000}, 'di16': {'v': 1, 'cdt': 1714465794000}, 'di15': {'v': 0, 'cdt': 1706010604000}, 'rssi1': {'v': 54, 'cdt': 1714906938000}, 'di14': {'v': 1, 'cdt': 1714906678000}, 'di13': {'v': 0, 'cdt': 1714469392000}, 'di12': {'v': 0, 'cdt': 1714465794000}, 'di11': {'v': 0, 'cdt': 1714465794000}, 'di10': {'v': 0, 'cdt': 1714465794000}, 'di2': {'v': 0, 'cdt': 1714465794000}, 'di1': {'v': 1, 'cdt': 1714905032000}, 'ai4': {'v': 361, 'cdt': 1714906938000}, 'di4': {'v': 0, 'cdt': 1714465794000}, 'di3': {'v': 0, 'cdt': 1714465794000}, 'di6': {'v': 0, 'cdt': 1714465794000}, 'di5': {'v': 1, 'cdt': 1714896766000}, 'lac1': {'v': 1708, 'cdt': 1714880174000}, 'protocol': {'v': 'bce', 'cdt': 1714465794000}, 'di8': {'v': 1, 'cdt': 1714465794000}, 'di7': {'v': 1, 'cdt': 1714896766000}, 'di9': {'v': 0, 'cdt': 1714465794000}, 'iPwrV': {'v': 3.956, 'cdt': 1714906938000}, 'cid1': {'v': 64503, 'cdt': 1714906822000}, 'odometer': {'v': 1132599487, 'cdt': 1714906938000}, 'spd': {'v': 81, 'cdt': 1714906938000}, 'sat': {'v': 12, 'cdt': 1714340704000}, 'hdop': {'v': 1, 'cdt': 1713072926000}, 'ta': {'v': 0, 'cdt': 1714465794000}, 'mcc1': {'v': 420, 'cdt': 1714379062000}, 'mnc1': {'v': 3, 'cdt': 1714274006000}}, 'prms': {'protocol': 'bce', 'spd': 81, 'sat': 12, 'hdop': 1, 'odometer': 1132599487, 'di16': 1, 'di15': 0, 'di14': 1, 'di13': 0, 'di12': 0, 'di11': 0, 'di10': 0, 'di9': 0, 'di8': 1, 'di7': 1, 'di6': 0, 'di5': 1, 'di4': 0, 'di3': 0, 'di2': 0, 'di1': 1, 'ePwrV': 28.325, 'ai4': 361, 'iPwrV': 3.956, 'ta': 0, 'mcc1': 420, 'mnc1': 3, 'lac1': 1708, 'cid1': 64503, 'rssi1': 54}, 'devPrms': ['protocol', 'spd', 'sat', 'hdop', 'odometer', 'di16', 'di15', 'di14', 'di13', 'di12', 'di11', 'di10', 'di9', 'di8', 'di7', 'di6', 'di5', 'di4', 'di3', 'di2', 'di1', 'ePwrV', 'ai4', 'iPwrV', 'ta', 'mcc1', 'mnc1', 'lac1', 'cid1', 'rssi1'], 'old_params': {'protocol': 'bce', 'spd': 70, 'sat': 12, 'hdop': 1, 'odometer': 1130218454, 'di16': 1, 'di15': 0, 'di14': 1, 'di13': 0, 'di12': 0, 'di11': 0, 'di10': 0, 'di9': 0, 'di8': 1, 'di7': 1, 'di6': 0, 'di5': 1, 'di4': 0, 'di3': 0, 'di2': 0, 'di1': 1, 'ePwrV': 28.076, 'ai4': 340, 'iPwrV': 3.96, 'ta': 0, 'mcc1': 420, 'mnc1': 3, 'lac1': 1708, 'cid1': 64503, 'rssi1': 64}, 'vLoc': 1, 'vCon': 1, 'ip': '37.216.74.28', 'rl': 0.2606, 'trl': 49952.5576, 'mdu': 12, 'tmdu': 2777900, 'eidl': 0, 'teidl': 2301726, 'fc': 0.031272, 'tfc': 51.646908, 'acc': 1, 'accOn': 6199968, 'accOff': 33948590, 'sdu': 0, 'tsdu': 0, 'lat': 22.003887176513672, 'lng': 46.54051971435547}, 'counters': {'odometer_type': 'gps', 'odometer': 49952.0039, 'engine_hours_type': 'acc', 'engine_hours': 6199968, 'last_acc': 1}, 'is_wasl_connected': 'Connected', 'iconUrl': 'https://api.afaqy.sa/images/units/icons/icon.png', 'hasCCTV': False}
[2024-05-05T11:02:54.689+0000] {warnings.py:109} WARNING - /home/***/.local/lib/python3.8/site-packages/elasticsearch/_sync/client/__init__.py:399: SecurityWarning: Connecting to 'https://dbelk2.afaqy.local:9200' using TLS with verify_certs=False is insecure
  _transport = transport_class(

[2024-05-05T11:02:54.722+0000] {warnings.py:109} WARNING - /home/***/.local/lib/python3.8/site-packages/elasticsearch/_sync/client/__init__.py:399: SecurityWarning: Connecting to 'https://dbelk3.afaqy.local:9200' using TLS with verify_certs=False is insecure
  _transport = transport_class(

[2024-05-05T11:02:54.755+0000] {warnings.py:109} WARNING - /home/***/.local/lib/python3.8/site-packages/elasticsearch/_sync/client/__init__.py:399: SecurityWarning: Connecting to 'https://dbelk1.afaqy.local:9200' using TLS with verify_certs=False is insecure
  _transport = transport_class(

[2024-05-05T11:02:54.777+0000] {warnings.py:109} WARNING - /home/***/.local/lib/python3.8/site-packages/urllib3/connectionpool.py:1061: InsecureRequestWarning: Unverified HTTPS request is being made to host 'dbelk2.afaqy.local'. Adding certificate verification is strongly advised. See: https://urllib3.readthedocs.io/en/1.26.x/advanced-usage.html#ssl-warnings
  warnings.warn(

[2024-05-05T11:02:54.857+0000] {_transport.py:335} INFO - GET https://dbelk2.afaqy.local:9200/_cluster/health [status:200 duration:0.101s]
[2024-05-05T11:02:55.242+0000] {warnings.py:109} WARNING - /home/***/.local/lib/python3.8/site-packages/urllib3/connectionpool.py:1061: InsecureRequestWarning: Unverified HTTPS request is being made to host 'dbelk3.afaqy.local'. Adding certificate verification is strongly advised. See: https://urllib3.readthedocs.io/en/1.26.x/advanced-usage.html#ssl-warnings
  warnings.warn(

[2024-05-05T11:02:55.254+0000] {_transport.py:335} INFO - PUT https://dbelk3.afaqy.local:9200/units_statistics_***/_bulk [status:429 duration:0.030s]
[2024-05-05T11:02:55.255+0000] {_node_pool.py:249} WARNING - Node <Urllib3HttpNode(https://dbelk3.afaqy.local:9200)> has failed for 1 times in a row, putting on 1 second timeout
[2024-05-05T11:02:55.255+0000] {_transport.py:427} WARNING - Retrying request after non-successful status 429 (attempt 0 of 3)
[2024-05-05T11:02:55.256+0000] {warnings.py:109} WARNING - /home/***/.local/lib/python3.8/site-packages/urllib3/connectionpool.py:1061: InsecureRequestWarning: Unverified HTTPS request is being made to host 'dbelk2.afaqy.local'. Adding certificate verification is strongly advised. See: https://urllib3.readthedocs.io/en/1.26.x/advanced-usage.html#ssl-warnings
  warnings.warn(

[2024-05-05T11:02:56.809+0000] {_transport.py:335} INFO - PUT https://dbelk2.afaqy.local:9200/units_statistics_***/_bulk [status:200 duration:1.554s]
[2024-05-05T11:02:57.148+0000] {python.py:202} INFO - Done. Returned value was: None
[2024-05-05T11:02:57.169+0000] {taskinstance.py:1149} INFO - Marking task as SUCCESS. dag_id=Units_statistics_DAG, task_id=ETL_job, map_index=8, execution_date=20240505T104000, start_date=20240505T110235, end_date=20240505T110257
[2024-05-05T11:02:57.213+0000] {local_task_job_runner.py:234} INFO - Task exited with return code 0
[2024-05-05T11:02:57.245+0000] {taskinstance.py:3312} INFO - 0 downstream tasks scheduled from follow-on schedule check
