[2024-05-13T07:42:39.177+0000] {local_task_job_runner.py:120} INFO - ::group::Pre task execution logs
[2024-05-13T07:42:39.346+0000] {taskinstance.py:2076} INFO - Dependencies all met for dep_context=non-requeueable deps ti=<TaskInstance: Units_statistics_DAG.ETL_job scheduled__2024-05-13T07:20:00+00:00 map_index=2 [queued]>
[2024-05-13T07:42:39.431+0000] {taskinstance.py:2076} INFO - Dependencies all met for dep_context=requeueable deps ti=<TaskInstance: Units_statistics_DAG.ETL_job scheduled__2024-05-13T07:20:00+00:00 map_index=2 [queued]>
[2024-05-13T07:42:39.432+0000] {taskinstance.py:2306} INFO - Starting attempt 3 of 4
[2024-05-13T07:42:39.504+0000] {taskinstance.py:2330} INFO - Executing <Mapped(_PythonDecoratedOperator): ETL_job> on 2024-05-13 07:20:00+00:00
[2024-05-13T07:42:39.540+0000] {warnings.py:110} WARNING - /home/***/.local/lib/python3.12/site-packages/***/task/task_runner/standard_task_runner.py:61: DeprecationWarning: This process (pid=14590) is multi-threaded, use of fork() may lead to deadlocks in the child.
  pid = os.fork()

[2024-05-13T07:42:39.544+0000] {standard_task_runner.py:63} INFO - Started process 14606 to run task
[2024-05-13T07:42:39.547+0000] {standard_task_runner.py:90} INFO - Running: ['***', 'tasks', 'run', 'Units_statistics_DAG', 'ETL_job', 'scheduled__2024-05-13T07:20:00+00:00', '--job-id', '55511', '--raw', '--subdir', 'DAGS_FOLDER/Units_dag.py', '--cfg-path', '/tmp/tmpf3wgbpvs', '--map-index', '2']
[2024-05-13T07:42:39.549+0000] {standard_task_runner.py:91} INFO - Job 55511: Subtask ETL_job
[2024-05-13T07:42:39.869+0000] {task_command.py:426} INFO - Running <TaskInstance: Units_statistics_DAG.ETL_job scheduled__2024-05-13T07:20:00+00:00 map_index=2 [running]> on host 7138d7e072c5
[2024-05-13T07:42:40.360+0000] {taskinstance.py:2648} INFO - Exporting env vars: AIRFLOW_CTX_DAG_OWNER='abeer-araby' AIRFLOW_CTX_DAG_ID='Units_statistics_DAG' AIRFLOW_CTX_TASK_ID='ETL_job' AIRFLOW_CTX_EXECUTION_DATE='2024-05-13T07:20:00+00:00' AIRFLOW_CTX_TRY_NUMBER='3' AIRFLOW_CTX_DAG_RUN_ID='scheduled__2024-05-13T07:20:00+00:00'
[2024-05-13T07:42:40.361+0000] {taskinstance.py:430} INFO - ::endgroup::
[2024-05-13T07:42:40.362+0000] {Units_dag.py:98} INFO - i: 20000, chunk: 10000
[2024-05-13T07:42:40.362+0000] {Units_dag.py:99} INFO - child token is::: eyJ0eXAiOiJKV1QiLCJhbGciOiJIUzI1NiJ9.eyJpc3MiOiJodHRwczovL2FwaS5hZmFxeS5zYS9hdXRoL2xvZ2luX2FzIiwiaWF0IjoxNzE1NTg2MDA0LCJleHAiOjE3MTgxNzgwMDQsIm5iZiI6MTcxNTU4NjAwNCwianRpIjoiRHdYbUpwREp4Y2YxczZ2VCIsInN1YiI6IjVkNjNlNTFlMDNlZDUyOTJhNDJjMjRlNiIsInBydiI6IjI3MGVjZmM3ZWEzZWQ5MzdlYTg0OTM2MmEzYTUwOTEwYzZkOGNlNGYiLCJsb2dpbl9hc19pZCI6IjY1N2YwYWQ3M2Y5NzcyOTVjZjA1NTc2YSJ9.bq-AMWdByDQbni_1dzmLY950oi1euc1_Kd-Ce7sGTto
[2024-05-13T07:43:01.148+0000] {Units_dag.py:103} INFO - {'_id': '618a70f36157227324537712', 'icon': 'icons/icon.png', 'driver_id': '', 'tailer_id': '', 'profile': {'vehicle_type': '', 'measurement_type': 'weight', 'max_capacity': 0, 'vin': '', 'plate_number': '', 'start_operation': '', 'contract_milage': '', 'opening_milage': '', 'model': '', 'fuel_type': '91', 'year': 0, 'seats': 2}, 'device_password': '***', 'device_type': 'gps', 'gateway': False, 'name': 'ب س د 8841', 'operation_code': '', 'device_gateway': '', 'business_types': {'waste': False, 'transportation': True, 'water': False}, 'imei': '862549044074592', 'sim_number': '+966862632145625', 'sim_serial': '862549044074592', 'device_serial': '862549044074592', 'device': 'ruptela', 'user_id': '5e539d8203ed52f71d634478', 'created_by': '5e6655bf03ed52e1ab79d301', 'updated_at': '2024-04-18 11:18:59', 'created_at': '2021-11-09 16:00:35', 'custom_fields': [], 'creator': 'amr.ahmed', 'company': '', 'owner': 'aemallamar', 'last_update': {'dtt': 1715586130000, 'dts': 1715586133110, 'spd': 34, 'ang': 334, 'alt': 622, 'chPrams': {'gsm': {'v': 19, 'cdt': 1715586130000}, 'io_1_176': {'v': 33, 'cdt': 1715586130000}, 'io_1_134': {'v': 0, 'cdt': 1715586130000}, 'io_1_136': {'v': 0, 'cdt': 1715533005000}, 'io_1_135': {'v': 0, 'cdt': 1715585953000}, 'ai22': {'v': 2794, 'cdt': 1715586073000}, 'ePwrV': {'v': 27.818, 'cdt': 1715586130000}, 'io_2_139': {'v': 57, 'cdt': 1715586130000}, 'di2': {'v': 0, 'cdt': 1636652649000}, 'io_1_130': {'v': 48, 'cdt': 1715586130000}, 'operator': {'v': 42004, 'cdt': 1713708021000}, 'di5': {'v': 1, 'cdt': 1715583381000}, 'io_2_131': {'v': 0, 'cdt': 1713697319000}, 'protocol': {'v': 'ruptela', 'cdt': 1714414717000}, 'io_2_137': {'v': 0, 'cdt': 1715583887000}, 'iPwrV': {'v': 4.071, 'cdt': 1715586073000}, 'event': {'v': 8, 'cdt': 1715586130000}, 'io_1_418': {'v': 1, 'cdt': 1713708561000}, 'move': {'v': 1, 'cdt': 1715585115000}, 'spd': {'v': 34, 'cdt': 1715586130000}, 'sat': {'v': 18, 'cdt': 1715586013000}, 'hdop': {'v': 0.7, 'cdt': 1715586013000}, 'io_2_560': {'v': 0, 'cdt': 1714991631000}, 'accTemp': {'v': 44, 'cdt': 1715585725000}, 'vOdometer': {'v': 148492180, 'cdt': 1715586130000}, 'io_1_405': {'v': 1, 'cdt': 1714414717000}}, 'prms': {'protocol': 'ruptela', 'sat': 18, 'spd': 34, 'hdop': 0.7, 'event': 8, 'io_1_130': 48, 'io_1_134': 0, 'io_1_135': 0, 'io_1_136': 0, 'di2': 0, 'di5': 1, 'accTemp': 44, 'io_1_405': 1, 'gsm': 19, 'move': 1, 'io_1_176': 33, 'io_1_418': 1, 'io_2_131': 0, 'io_2_137': 0, 'io_2_139': 57, 'ai22': 2794, 'io_2_560': 0, 'ePwrV': 27.818, 'iPwrV': 4.071, 'vOdometer': 148492180, 'operator': 42004}, 'devPrms': ['protocol', 'sat', 'spd', 'hdop', 'event', 'io_1_130', 'io_1_134', 'io_1_135', 'io_1_136', 'di2', 'di5', 'accTemp', 'io_1_405', 'gsm', 'move', 'io_1_176', 'io_1_418', 'io_2_131', 'io_2_137', 'io_2_139', 'ai22', 'io_2_560', 'ePwrV', 'iPwrV', 'vOdometer', 'operator'], 'old_params': {'protocol': 'ruptela', 'sat': 18, 'spd': 19, 'hdop': 0.7, 'event': 7, 'io_1_130': 39, 'io_1_134': 1, 'io_1_135': 0, 'io_1_136': 0, 'di2': 0, 'di5': 1, 'accTemp': 44, 'io_1_405': 1, 'gsm': 25, 'move': 1, 'io_1_176': 20, 'io_1_418': 1, 'io_2_131': 0, 'io_2_137': 0, 'io_2_139': 60, 'ai22': 2794, 'io_2_560': 0, 'ePwrV': 27.784, 'iPwrV': 4.071, 'vOdometer': 148491673, 'operator': 42004}, 'vLoc': 1, 'vCon': 1, 'ip': '51.39.42.194', 'rl': 0.5045, 'trl': 149860.3049, 'mdu': 57, 'tmdu': 11903069, 'eidl': 0, 'teidl': 5892135, 'fc': 0.06054, 'tfc': 348.600396, 'acc': 1, 'accOn': 7634924173, 'accOff': 59307534, 'sdu': 0, 'tsdu': 0, 'lat': 24.7164133, 'lng': 46.760905}, 'counters': {'odometer_type': 'gps', 'odometer': 149860.1036, 'engine_hours_type': 'acc', 'engine_hours': 7634924173, 'last_acc': 1}, 'is_wasl_connected': 'Connected', 'iconUrl': 'https://api.afaqy.sa/images/units/icons/icon.png', 'hasCCTV': False}
[2024-05-13T07:43:01.924+0000] {warnings.py:110} WARNING - /home/***/.local/lib/python3.12/site-packages/elasticsearch/_sync/client/__init__.py:399: SecurityWarning: Connecting to 'https://dbelk2.afaqy.local:9200' using TLS with verify_certs=False is insecure
  _transport = transport_class(

[2024-05-13T07:43:01.991+0000] {warnings.py:110} WARNING - /home/***/.local/lib/python3.12/site-packages/elasticsearch/_sync/client/__init__.py:399: SecurityWarning: Connecting to 'https://dbelk1.afaqy.local:9200' using TLS with verify_certs=False is insecure
  _transport = transport_class(

[2024-05-13T07:43:02.410+0000] {warnings.py:110} WARNING - /home/***/.local/lib/python3.12/site-packages/elasticsearch/_sync/client/__init__.py:399: SecurityWarning: Connecting to 'https://dbelk3.afaqy.local:9200' using TLS with verify_certs=False is insecure
  _transport = transport_class(

[2024-05-13T07:43:02.449+0000] {warnings.py:110} WARNING - /home/***/.local/lib/python3.12/site-packages/urllib3/connectionpool.py:1103: InsecureRequestWarning: Unverified HTTPS request is being made to host 'dbelk2.afaqy.local'. Adding certificate verification is strongly advised. See: https://urllib3.readthedocs.io/en/latest/advanced-usage.html#tls-warnings
  warnings.warn(

[2024-05-13T07:43:02.559+0000] {_transport.py:349} INFO - GET https://dbelk2.afaqy.local:9200/_cluster/health [status:200 duration:0.148s]
[2024-05-13T07:43:02.973+0000] {warnings.py:110} WARNING - /home/***/.local/lib/python3.12/site-packages/urllib3/connectionpool.py:1103: InsecureRequestWarning: Unverified HTTPS request is being made to host 'dbelk1.afaqy.local'. Adding certificate verification is strongly advised. See: https://urllib3.readthedocs.io/en/latest/advanced-usage.html#tls-warnings
  warnings.warn(

[2024-05-13T07:43:04.259+0000] {_transport.py:349} INFO - PUT https://dbelk1.afaqy.local:9200/units_statistics_***/_bulk [status:200 duration:1.318s]
[2024-05-13T07:43:04.545+0000] {python.py:237} INFO - Done. Returned value was: None
[2024-05-13T07:43:04.545+0000] {taskinstance.py:441} INFO - ::group::Post task execution logs
[2024-05-13T07:43:04.567+0000] {taskinstance.py:1206} INFO - Marking task as SUCCESS. dag_id=Units_statistics_DAG, task_id=ETL_job, run_id=scheduled__2024-05-13T07:20:00+00:00, map_index=2, execution_date=20240513T072000, start_date=20240513T074239, end_date=20240513T074304
[2024-05-13T07:43:04.612+0000] {local_task_job_runner.py:240} INFO - Task exited with return code 0
[2024-05-13T07:43:04.646+0000] {taskinstance.py:3498} INFO - 0 downstream tasks scheduled from follow-on schedule check
[2024-05-13T07:43:04.647+0000] {local_task_job_runner.py:222} INFO - ::endgroup::
