[2024-05-13T06:20:21.585+0000] {local_task_job_runner.py:120} INFO - ::group::Pre task execution logs
[2024-05-13T06:20:21.745+0000] {taskinstance.py:2076} INFO - Dependencies all met for dep_context=non-requeueable deps ti=<TaskInstance: Units_statistics_DAG.ETL_job scheduled__2024-05-13T06:00:00+00:00 map_index=2 [queued]>
[2024-05-13T06:20:21.836+0000] {taskinstance.py:2076} INFO - Dependencies all met for dep_context=requeueable deps ti=<TaskInstance: Units_statistics_DAG.ETL_job scheduled__2024-05-13T06:00:00+00:00 map_index=2 [queued]>
[2024-05-13T06:20:21.837+0000] {taskinstance.py:2306} INFO - Starting attempt 1 of 4
[2024-05-13T06:20:21.895+0000] {taskinstance.py:2330} INFO - Executing <Mapped(_PythonDecoratedOperator): ETL_job> on 2024-05-13 06:00:00+00:00
[2024-05-13T06:20:21.910+0000] {warnings.py:110} WARNING - /home/***/.local/lib/python3.12/site-packages/***/task/task_runner/standard_task_runner.py:61: DeprecationWarning: This process (pid=13341) is multi-threaded, use of fork() may lead to deadlocks in the child.
  pid = os.fork()

[2024-05-13T06:20:21.913+0000] {standard_task_runner.py:63} INFO - Started process 13355 to run task
[2024-05-13T06:20:21.944+0000] {standard_task_runner.py:90} INFO - Running: ['***', 'tasks', 'run', 'Units_statistics_DAG', 'ETL_job', 'scheduled__2024-05-13T06:00:00+00:00', '--job-id', '55388', '--raw', '--subdir', 'DAGS_FOLDER/Units_dag.py', '--cfg-path', '/tmp/tmp3s1rs_jq', '--map-index', '2']
[2024-05-13T06:20:21.946+0000] {standard_task_runner.py:91} INFO - Job 55388: Subtask ETL_job
[2024-05-13T06:20:22.221+0000] {task_command.py:426} INFO - Running <TaskInstance: Units_statistics_DAG.ETL_job scheduled__2024-05-13T06:00:00+00:00 map_index=2 [running]> on host 7138d7e072c5
[2024-05-13T06:20:22.948+0000] {taskinstance.py:2648} INFO - Exporting env vars: AIRFLOW_CTX_DAG_OWNER='abeer-araby' AIRFLOW_CTX_DAG_ID='Units_statistics_DAG' AIRFLOW_CTX_TASK_ID='ETL_job' AIRFLOW_CTX_EXECUTION_DATE='2024-05-13T06:00:00+00:00' AIRFLOW_CTX_TRY_NUMBER='1' AIRFLOW_CTX_DAG_RUN_ID='scheduled__2024-05-13T06:00:00+00:00'
[2024-05-13T06:20:22.949+0000] {taskinstance.py:430} INFO - ::endgroup::
[2024-05-13T06:20:22.951+0000] {Units_dag.py:98} INFO - i: 20000, chunk: 10000
[2024-05-13T06:20:22.956+0000] {Units_dag.py:99} INFO - child token is::: eyJ0eXAiOiJKV1QiLCJhbGciOiJIUzI1NiJ9.eyJpc3MiOiJodHRwczovL2FwaS5hZmFxeS5zYS9hdXRoL2xvZ2luX2FzIiwiaWF0IjoxNzE1NTgxMjA1LCJleHAiOjE3MTgxNzMyMDUsIm5iZiI6MTcxNTU4MTIwNSwianRpIjoicjdUMEVyWlJFN2g0OVRKSSIsInN1YiI6IjVkNjNlNTFlMDNlZDUyOTJhNDJjMjRlNiIsInBydiI6IjI3MGVjZmM3ZWEzZWQ5MzdlYTg0OTM2MmEzYTUwOTEwYzZkOGNlNGYiLCJsb2dpbl9hc19pZCI6IjY1N2YwYWQ3M2Y5NzcyOTVjZjA1NTc2YSJ9.uyxlMGVP5nyC8uuxYCzpmGBJQ0YuB69sPuJ08DJ3IDM
[2024-05-13T06:20:51.694+0000] {Units_dag.py:103} INFO - {'_id': '618a70f1554747746d043895', 'icon': 'icons/icon.png', 'driver_id': '', 'tailer_id': '', 'profile': {'vehicle_type': '', 'measurement_type': 'weight', 'max_capacity': 0, 'vin': '', 'plate_number': '', 'start_operation': '', 'contract_milage': '', 'opening_milage': '', 'model': '', 'fuel_type': '91', 'year': 0, 'seats': 2}, 'device_password': '***', 'device_type': 'gps', 'gateway': False, 'name': 'أ س أ 6546 -- 29-366', 'operation_code': '', 'device_gateway': '', 'business_types': {'waste': False, 'transportation': True, 'water': False}, 'imei': '862549044870411', 'sim_number': '+966862562654587', 'sim_serial': '862549044870411', 'device_serial': '862549044870411', 'device': 'ruptela', 'user_id': '5e539d8203ed52f71d634478', 'created_by': '5e6655bf03ed52e1ab79d301', 'updated_at': '2024-04-18 11:18:59', 'created_at': '2021-11-09 16:00:33', 'shipment_info': {'product_category': None, 'truck_type': None, 'shipment_type': None, 'shipment_payment_type': None, 'transporter_type': None, 'operating_area': None, 'weight_kilograms_per_day': None, 'kms_per_day': None, 'shipment_trip_drive_hrs_day': None, 'allowable_delay_drive_hrs_day': None, 'expected_shipment_trip_day': None, 'car_pay_per_day': None, 'exceeding_temperature_limit_per_day': None, 'temperature_upper_limit': None, 'exceeding_humidity_limit_per_day': None, 'humidity_upper_limit': None}, 'skip_sim_information': '', 'custom_fields': [], 'creator': 'amr.ahmed', 'company': '', 'owner': 'aemallamar', 'last_update': {'dtt': 1715581190000, 'dts': 1715581193129, 'spd': 13, 'ang': 271, 'alt': 604, 'chPrams': {'gsm': {'v': 22, 'cdt': 1715581183000}, 'io_1_176': {'v': 13, 'cdt': 1715581190000}, 'io_1_134': {'v': 0, 'cdt': 1715581148000}, 'io_1_136': {'v': 0, 'cdt': 1715523151000}, 'io_1_135': {'v': 0, 'cdt': 1715579950000}, 'ai22': {'v': 2005, 'cdt': 1715581190000}, 'ePwrV': {'v': 28.213, 'cdt': 1715581190000}, 'io_2_139': {'v': 1, 'cdt': 1715581190000}, 'di2': {'v': 0, 'cdt': 1636785243000}, 'io_1_130': {'v': 13, 'cdt': 1715581187000}, 'operator': {'v': 42004, 'cdt': 1715497356000}, 'di5': {'v': 1, 'cdt': 1715569100000}, 'io_2_131': {'v': 0, 'cdt': 1715331210000}, 'protocol': {'v': 'ruptela', 'cdt': 1714547294000}, 'io_2_137': {'v': 0, 'cdt': 1715580649000}, 'iPwrV': {'v': 4.061, 'cdt': 1715581190000}, 'event': {'v': 9, 'cdt': 1715581143000}, 'io_1_418': {'v': 1, 'cdt': 1715497383000}, 'move': {'v': 0, 'cdt': 1715580684000}, 'spd': {'v': 13, 'cdt': 1715581187000}, 'sat': {'v': 19, 'cdt': 1715581190000}, 'hdop': {'v': 0.6, 'cdt': 1715581190000}, 'io_2_560': {'v': 0, 'cdt': 1714651775000}, 'accTemp': {'v': 50, 'cdt': 1715580759000}, 'vOdometer': {'v': 79596220, 'cdt': 1715581190000}, 'io_1_405': {'v': 1, 'cdt': 1714547294000}}, 'prms': {'protocol': 'ruptela', 'sat': 19, 'spd': 13, 'hdop': 0.6, 'event': 9, 'io_1_130': 13, 'io_1_134': 0, 'io_1_135': 0, 'io_1_136': 0, 'di2': 0, 'di5': 1, 'accTemp': 50, 'io_1_405': 1, 'gsm': 22, 'move': 0, 'io_1_176': 13, 'io_1_418': 1, 'io_2_131': 0, 'io_2_137': 0, 'io_2_139': 1, 'ai22': 2005, 'io_2_560': 0, 'ePwrV': 28.213, 'iPwrV': 4.061, 'vOdometer': 79596220, 'operator': 42004}, 'devPrms': ['protocol', 'sat', 'spd', 'hdop', 'event', 'io_1_130', 'io_1_134', 'io_1_135', 'io_1_136', 'di2', 'di5', 'accTemp', 'io_1_405', 'gsm', 'move', 'io_1_176', 'io_1_418', 'io_2_131', 'io_2_137', 'io_2_139', 'ai22', 'io_2_560', 'ePwrV', 'iPwrV', 'vOdometer', 'operator'], 'old_params': {'protocol': 'ruptela', 'sat': 20, 'spd': 13, 'hdop': 0.5, 'event': 9, 'io_1_130': 13, 'io_1_134': 0, 'io_1_135': 0, 'io_1_136': 0, 'di2': 0, 'di5': 1, 'accTemp': 50, 'io_1_405': 1, 'gsm': 22, 'move': 0, 'io_1_176': 12, 'io_1_418': 1, 'io_2_131': 0, 'io_2_137': 0, 'io_2_139': 2, 'ai22': 1997, 'io_2_560': 0, 'ePwrV': 28.273, 'iPwrV': 4.062, 'vOdometer': 79596216, 'operator': 42004}, 'vLoc': 1, 'vCon': 1, 'ip': '51.39.48.56', 'rl': 0.0043, 'trl': 81015.6943, 'mdu': 1, 'tmdu': 7618632, 'eidl': 0, 'teidl': 17644882, 'fc': 0.000516, 'tfc': 227.348868, 'acc': 1, 'accOn': 27915774, 'accOff': 53843626, 'sdu': 0, 'tsdu': 0, 'lat': 24.5126983, 'lng': 39.58413}, 'counters': {'odometer_type': 'gps', 'odometer': 81013.8487, 'engine_hours_type': 'acc', 'engine_hours': 27915774, 'last_acc': 1}, 'is_wasl_connected': 'Connected', 'iconUrl': 'https://api.afaqy.sa/images/units/icons/icon.png', 'hasCCTV': False}
[2024-05-13T06:20:56.643+0000] {warnings.py:110} WARNING - /home/***/.local/lib/python3.12/site-packages/elasticsearch/_sync/client/__init__.py:399: SecurityWarning: Connecting to 'https://dbelk3.afaqy.local:9200' using TLS with verify_certs=False is insecure
  _transport = transport_class(

[2024-05-13T06:20:56.800+0000] {warnings.py:110} WARNING - /home/***/.local/lib/python3.12/site-packages/elasticsearch/_sync/client/__init__.py:399: SecurityWarning: Connecting to 'https://dbelk1.afaqy.local:9200' using TLS with verify_certs=False is insecure
  _transport = transport_class(

[2024-05-13T06:21:00.062+0000] {warnings.py:110} WARNING - /home/***/.local/lib/python3.12/site-packages/elasticsearch/_sync/client/__init__.py:399: SecurityWarning: Connecting to 'https://dbelk2.afaqy.local:9200' using TLS with verify_certs=False is insecure
  _transport = transport_class(

[2024-05-13T06:21:00.292+0000] {warnings.py:110} WARNING - /home/***/.local/lib/python3.12/site-packages/urllib3/connectionpool.py:1103: InsecureRequestWarning: Unverified HTTPS request is being made to host 'dbelk3.afaqy.local'. Adding certificate verification is strongly advised. See: https://urllib3.readthedocs.io/en/latest/advanced-usage.html#tls-warnings
  warnings.warn(

[2024-05-13T06:21:00.473+0000] {_transport.py:349} INFO - GET https://dbelk3.afaqy.local:9200/_cluster/health [status:200 duration:0.392s]
[2024-05-13T06:21:01.505+0000] {warnings.py:110} WARNING - /home/***/.local/lib/python3.12/site-packages/urllib3/connectionpool.py:1103: InsecureRequestWarning: Unverified HTTPS request is being made to host 'dbelk1.afaqy.local'. Adding certificate verification is strongly advised. See: https://urllib3.readthedocs.io/en/latest/advanced-usage.html#tls-warnings
  warnings.warn(

[2024-05-13T06:21:03.758+0000] {_transport.py:349} INFO - PUT https://dbelk1.afaqy.local:9200/units_statistics_***/_bulk [status:200 duration:2.282s]
[2024-05-13T06:21:03.982+0000] {python.py:237} INFO - Done. Returned value was: None
[2024-05-13T06:21:03.982+0000] {taskinstance.py:441} INFO - ::group::Post task execution logs
[2024-05-13T06:21:04.002+0000] {taskinstance.py:1206} INFO - Marking task as SUCCESS. dag_id=Units_statistics_DAG, task_id=ETL_job, run_id=scheduled__2024-05-13T06:00:00+00:00, map_index=2, execution_date=20240513T060000, start_date=20240513T062021, end_date=20240513T062104
[2024-05-13T06:21:04.104+0000] {local_task_job_runner.py:240} INFO - Task exited with return code 0
[2024-05-13T06:21:04.138+0000] {taskinstance.py:3498} INFO - 0 downstream tasks scheduled from follow-on schedule check
[2024-05-13T06:21:04.140+0000] {local_task_job_runner.py:222} INFO - ::endgroup::
