[2024-04-29T14:04:47.656+0000] {taskinstance.py:1979} INFO - Dependencies all met for dep_context=non-requeueable deps ti=<TaskInstance: Units_statistics_DAG.ETL_job scheduled__2024-04-29T13:40:00+00:00 map_index=11 [queued]>
[2024-04-29T14:04:47.671+0000] {taskinstance.py:1979} INFO - Dependencies all met for dep_context=requeueable deps ti=<TaskInstance: Units_statistics_DAG.ETL_job scheduled__2024-04-29T13:40:00+00:00 map_index=11 [queued]>
[2024-04-29T14:04:47.672+0000] {taskinstance.py:2193} INFO - Starting attempt 4 of 4
[2024-04-29T14:04:47.693+0000] {taskinstance.py:2217} INFO - Executing <Mapped(_PythonDecoratedOperator): ETL_job> on 2024-04-29 13:40:00+00:00
[2024-04-29T14:04:47.702+0000] {standard_task_runner.py:60} INFO - Started process 639938 to run task
[2024-04-29T14:04:47.709+0000] {standard_task_runner.py:87} INFO - Running: ['***', 'tasks', 'run', 'Units_statistics_DAG', 'ETL_job', 'scheduled__2024-04-29T13:40:00+00:00', '--job-id', '23127', '--raw', '--subdir', 'DAGS_FOLDER/Units_dag.py', '--cfg-path', '/tmp/tmpi8o3ry2g', '--map-index', '11']
[2024-04-29T14:04:47.711+0000] {standard_task_runner.py:88} INFO - Job 23127: Subtask ETL_job
[2024-04-29T14:04:47.809+0000] {task_command.py:423} INFO - Running <TaskInstance: Units_statistics_DAG.ETL_job scheduled__2024-04-29T13:40:00+00:00 map_index=11 [running]> on host a09da322e808
[2024-04-29T14:04:47.994+0000] {taskinstance.py:2513} INFO - Exporting env vars: AIRFLOW_CTX_DAG_OWNER='abeer-araby' AIRFLOW_CTX_DAG_ID='Units_statistics_DAG' AIRFLOW_CTX_TASK_ID='ETL_job' AIRFLOW_CTX_EXECUTION_DATE='2024-04-29T13:40:00+00:00' AIRFLOW_CTX_TRY_NUMBER='4' AIRFLOW_CTX_DAG_RUN_ID='scheduled__2024-04-29T13:40:00+00:00'
[2024-04-29T14:04:47.996+0000] {Units_dag.py:99} INFO - i: 110000, chunk: 10000
[2024-04-29T14:04:47.996+0000] {Units_dag.py:100} INFO - child token is::: eyJ0eXAiOiJKV1QiLCJhbGciOiJIUzI1NiJ9.eyJpc3MiOiJodHRwczovL2FwaS5hZmFxeS5zYS9hdXRoL2xvZ2luX2FzIiwiaWF0IjoxNzE0Mzk5MjA0LCJleHAiOjE3MTY5OTEyMDQsIm5iZiI6MTcxNDM5OTIwNCwianRpIjoiV2JUNnU0UUZWWk50Z3Q5TiIsInN1YiI6IjVkNjNlNTFlMDNlZDUyOTJhNDJjMjRlNiIsInBydiI6IjI3MGVjZmM3ZWEzZWQ5MzdlYTg0OTM2MmEzYTUwOTEwYzZkOGNlNGYiLCJsb2dpbl9hc19pZCI6IjY1N2YwYWQ3M2Y5NzcyOTVjZjA1NTc2YSJ9.tVP0N8r6XYfHHbyxyguTZtK0S7EUhhtlsm4GjqIITis
[2024-04-29T14:05:07.098+0000] {Units_dag.py:104} INFO - {'_id': '648872f819255e18c5047c98', 'icon': 'icons/icon.png', 'driver_id': '', 'tailer_id': '', 'profile': {'measurement_type': 'count', 'fuel_type': '91', 'year': 0, 'seats': 2}, 'device_password': '***', 'device_type': 'gps', 'gateway': False, 'business_types': {'waste': False, 'transportation': True, 'water': False}, 'name': '7043ZRA', 'operation_code': None, 'device_gateway': None, 'skip_sim_information': False, 'imei': '350424067525665', 'sim_number': '+966830031857546', 'sim_serial': '421296748656', 'device_serial': '1125829299', 'device': 'teltonika', 'user_id': '647dd6be9e656924c70d73f6', 'created_by': '5e6655bf03ed52e1ab79d301', 'updated_at': '2024-04-18 11:18:59', 'created_at': '2023-06-13 16:45:28', 'custom_fields': [], 'creator': 'amr.ahmed', 'company': '', 'owner': 'alfaisal-admin', 'last_update': {'dtt': 1714399284000, 'dts': 1714399287442, 'spd': 0, 'ang': 173, 'alt': 110, 'chPrams': {'Speed': {'v': 0, 'cdt': 1714396850000}, 'output1': {'v': False, 'cdt': 1711598373000}, 'output2': {'v': False, 'cdt': 1714190848000}, 'ePwrV': {'v': 13.117, 'cdt': 1714399284000}, 'parm24': {'v': 0, 'cdt': 1714396850000}, 'sat': {'v': 13, 'cdt': 1714398983000}, 'ai1': {'v': 86, 'cdt': 1714376871000}, 'priority': {'v': 0, 'cdt': 1712783876000}, 'di2': {'v': 0, 'cdt': 1712791991000}, 'type': {'v': 6, 'cdt': 1713707718000}, 'di1': {'v': 0, 'cdt': 1714396850000}, 'result': {'v': '5665723a30332e32372e31335f3033204750533a41584e5f352e312e392048773a464d42313230204d6f643a333320494d45493a33353034323430363735323536363520496e69743a323032342d312d31382032323a3920557074696d653a38333536393530204d41433a333838413231303934334431205350433a312830292041584c3a32204f42443a3020424c3a312e31302042543a34', 'cdt': 1713987427000}, 'protocol': {'v': 'FMB120', 'cdt': 1713987728000}, 'parm6': {'v': 86, 'cdt': 1712791991000}, 'iPwrV': {'v': 4.005, 'cdt': 1714397781000}, 'event': {'v': 0, 'cdt': 1712783876000}}, 'prms': {'protocol': 'FMB120', 'priority': 0, 'sat': 13, 'event': 0, 'di1': 0, 'output1': 0, 'di2': 0, 'output2': 0, 'ePwrV': 13.117, 'Speed': 0, 'parm24': 0, 'iPwrV': 4.005, 'ai1': 86, 'parm6': 86}, 'devPrms': ['protocol', 'priority', 'sat', 'event', 'di1', 'output1', 'di2', 'output2', 'ePwrV', 'Speed', 'parm24', 'iPwrV', 'ai1', 'parm6'], 'old_params': {'Speed': 0, 'output1': 0, 'output2': 0, 'ePwrV': 13.121, 'parm24': 0, 'sat': 13, 'ai1': 86, 'priority': 0, 'di2': 0, 'di1': 0, 'protocol': 'teltonika', 'parm6': 86, 'iPwrV': 4.005, 'event': 0}, 'vLoc': 1, 'vCon': 1, 'ip': '51.36.52.4', 'rl': 0, 'trl': 41184.3228, 'mdu': 0, 'tmdu': 2736990, 'eidl': 0, 'teidl': 1513751, 'fc': 0, 'tfc': 1706.507994, 'acc': 0, 'accOn': 4313379, 'accOff': 637196750, 'sdu': 301, 'tsdu': 2434, 'lat': 21.395085, 'lng': 39.4221166}, 'counters': {'odometer_type': 'gps', 'odometer': 41184.3228, 'engine_hours_type': 'acc', 'engine_hours': 4313379, 'last_acc': 0}, 'is_wasl_connected': 'Not Connected', 'iconUrl': 'https://api.afaqy.sa/images/units/icons/icon.png', 'hasCCTV': False}
[2024-04-29T14:05:07.540+0000] {warnings.py:109} WARNING - /home/***/.local/lib/python3.8/site-packages/elasticsearch/_sync/client/__init__.py:399: SecurityWarning: Connecting to 'https://dbelk1.afaqy.local:9200' using TLS with verify_certs=False is insecure
  _transport = transport_class(

[2024-04-29T14:05:07.577+0000] {warnings.py:109} WARNING - /home/***/.local/lib/python3.8/site-packages/elasticsearch/_sync/client/__init__.py:399: SecurityWarning: Connecting to 'https://dbelk2.afaqy.local:9200' using TLS with verify_certs=False is insecure
  _transport = transport_class(

[2024-04-29T14:05:07.616+0000] {warnings.py:109} WARNING - /home/***/.local/lib/python3.8/site-packages/elasticsearch/_sync/client/__init__.py:399: SecurityWarning: Connecting to 'https://dbelk3.afaqy.local:9200' using TLS with verify_certs=False is insecure
  _transport = transport_class(

[2024-04-29T14:05:07.637+0000] {warnings.py:109} WARNING - /home/***/.local/lib/python3.8/site-packages/urllib3/connectionpool.py:1061: InsecureRequestWarning: Unverified HTTPS request is being made to host 'dbelk1.afaqy.local'. Adding certificate verification is strongly advised. See: https://urllib3.readthedocs.io/en/1.26.x/advanced-usage.html#ssl-warnings
  warnings.warn(

[2024-04-29T14:05:07.687+0000] {_transport.py:335} INFO - GET https://dbelk1.afaqy.local:9200/_cluster/health [status:200 duration:0.070s]
[2024-04-29T14:05:08.089+0000] {warnings.py:109} WARNING - /home/***/.local/lib/python3.8/site-packages/urllib3/connectionpool.py:1061: InsecureRequestWarning: Unverified HTTPS request is being made to host 'dbelk2.afaqy.local'. Adding certificate verification is strongly advised. See: https://urllib3.readthedocs.io/en/1.26.x/advanced-usage.html#ssl-warnings
  warnings.warn(

[2024-04-29T14:05:09.900+0000] {_transport.py:335} INFO - PUT https://dbelk2.afaqy.local:9200/units_statistics_***/_bulk [status:200 duration:1.835s]
[2024-04-29T14:05:09.998+0000] {taskinstance.py:2731} ERROR - Task failed with exception
Traceback (most recent call last):
  File "/home/airflow/.local/lib/python3.8/site-packages/airflow/models/taskinstance.py", line 444, in _execute_task
    result = _execute_callable(context=context, **execute_callable_kwargs)
  File "/home/airflow/.local/lib/python3.8/site-packages/airflow/models/taskinstance.py", line 414, in _execute_callable
    return execute_callable(context=context, **execute_callable_kwargs)
  File "/home/airflow/.local/lib/python3.8/site-packages/airflow/decorators/base.py", line 241, in execute
    return_value = super().execute(context)
  File "/home/airflow/.local/lib/python3.8/site-packages/airflow/operators/python.py", line 200, in execute
    return_value = self.execute_callable()
  File "/home/airflow/.local/lib/python3.8/site-packages/airflow/operators/python.py", line 217, in execute_callable
    return self.python_callable(*self.op_args, **self.op_kwargs)
  File "/opt/airflow/dags/Units_dag.py", line 112, in ETL_job
    Elk_client.elk_pushData(Globals.index_name,units_list_update)
  File "/opt/airflow/dags/elk_manager.py", line 69, in elk_pushData
    helpers.bulk(self.elk_client, docs_list, index=index_name, chunk_size=batch)
  File "/home/airflow/.local/lib/python3.8/site-packages/elasticsearch/helpers/actions.py", line 521, in bulk
    for ok, item in streaming_bulk(
  File "/home/airflow/.local/lib/python3.8/site-packages/elasticsearch/helpers/actions.py", line 436, in streaming_bulk
    for data, (ok, info) in zip(
  File "/home/airflow/.local/lib/python3.8/site-packages/elasticsearch/helpers/actions.py", line 355, in _process_bulk_chunk
    yield from gen
  File "/home/airflow/.local/lib/python3.8/site-packages/elasticsearch/helpers/actions.py", line 274, in _process_bulk_chunk_success
    raise BulkIndexError(f"{len(errors)} document(s) failed to index.", errors)
elasticsearch.helpers.BulkIndexError: 2218 document(s) failed to index.
[2024-04-29T14:05:10.015+0000] {taskinstance.py:1149} INFO - Marking task as FAILED. dag_id=Units_statistics_DAG, task_id=ETL_job, map_index=11, execution_date=20240429T134000, start_date=20240429T140447, end_date=20240429T140510
[2024-04-29T14:05:10.274+0000] {standard_task_runner.py:107} ERROR - Failed to execute job 23127 for task ETL_job (2218 document(s) failed to index.; 639938)
[2024-04-29T14:05:10.340+0000] {local_task_job_runner.py:234} INFO - Task exited with return code 1
[2024-04-29T14:05:10.366+0000] {taskinstance.py:3312} INFO - 0 downstream tasks scheduled from follow-on schedule check
