[2024-05-12T15:20:21.482+0000] {local_task_job_runner.py:120} INFO - ::group::Pre task execution logs
[2024-05-12T15:20:21.658+0000] {taskinstance.py:2076} INFO - Dependencies all met for dep_context=non-requeueable deps ti=<TaskInstance: Units_statistics_DAG.ETL_job scheduled__2024-05-12T15:00:00+00:00 map_index=5 [queued]>
[2024-05-12T15:20:21.722+0000] {taskinstance.py:2076} INFO - Dependencies all met for dep_context=requeueable deps ti=<TaskInstance: Units_statistics_DAG.ETL_job scheduled__2024-05-12T15:00:00+00:00 map_index=5 [queued]>
[2024-05-12T15:20:21.726+0000] {taskinstance.py:2306} INFO - Starting attempt 1 of 4
[2024-05-12T15:20:21.803+0000] {taskinstance.py:2330} INFO - Executing <Mapped(_PythonDecoratedOperator): ETL_job> on 2024-05-12 15:00:00+00:00
[2024-05-12T15:20:21.833+0000] {warnings.py:110} WARNING - /home/***/.local/lib/python3.12/site-packages/***/task/task_runner/standard_task_runner.py:61: DeprecationWarning: This process (pid=311) is multi-threaded, use of fork() may lead to deadlocks in the child.
  pid = os.fork()

[2024-05-12T15:20:21.844+0000] {standard_task_runner.py:63} INFO - Started process 332 to run task
[2024-05-12T15:20:21.875+0000] {standard_task_runner.py:90} INFO - Running: ['***', 'tasks', 'run', 'Units_statistics_DAG', 'ETL_job', 'scheduled__2024-05-12T15:00:00+00:00', '--job-id', '54308', '--raw', '--subdir', 'DAGS_FOLDER/Units_dag.py', '--cfg-path', '/tmp/tmpipihzydm', '--map-index', '5']
[2024-05-12T15:20:21.878+0000] {standard_task_runner.py:91} INFO - Job 54308: Subtask ETL_job
[2024-05-12T15:20:22.143+0000] {task_command.py:426} INFO - Running <TaskInstance: Units_statistics_DAG.ETL_job scheduled__2024-05-12T15:00:00+00:00 map_index=5 [running]> on host 7138d7e072c5
[2024-05-12T15:20:22.797+0000] {taskinstance.py:2648} INFO - Exporting env vars: AIRFLOW_CTX_DAG_OWNER='abeer-araby' AIRFLOW_CTX_DAG_ID='Units_statistics_DAG' AIRFLOW_CTX_TASK_ID='ETL_job' AIRFLOW_CTX_EXECUTION_DATE='2024-05-12T15:00:00+00:00' AIRFLOW_CTX_TRY_NUMBER='1' AIRFLOW_CTX_DAG_RUN_ID='scheduled__2024-05-12T15:00:00+00:00'
[2024-05-12T15:20:22.799+0000] {taskinstance.py:430} INFO - ::endgroup::
[2024-05-12T15:20:22.799+0000] {Units_dag.py:98} INFO - i: 50000, chunk: 10000
[2024-05-12T15:20:22.800+0000] {Units_dag.py:99} INFO - child token is::: eyJ0eXAiOiJKV1QiLCJhbGciOiJIUzI1NiJ9.eyJpc3MiOiJodHRwczovL2FwaS5hZmFxeS5zYS9hdXRoL2xvZ2luX2FzIiwiaWF0IjoxNzE1NTI3MjA0LCJleHAiOjE3MTgxMTkyMDQsIm5iZiI6MTcxNTUyNzIwNCwianRpIjoib1BBelZMcElWT1lBeDM5VSIsInN1YiI6IjVkNjNlNTFlMDNlZDUyOTJhNDJjMjRlNiIsInBydiI6IjI3MGVjZmM3ZWEzZWQ5MzdlYTg0OTM2MmEzYTUwOTEwYzZkOGNlNGYiLCJsb2dpbl9hc19pZCI6IjY1N2YwYWQ3M2Y5NzcyOTVjZjA1NTc2YSJ9.Cz-M0NSzdXvBArt_8jR5M2QA8OazuOnsLLuAl4q_3Uw
[2024-05-12T15:20:46.965+0000] {Units_dag.py:103} INFO - {'_id': '62b08669d052c84c6f29b154', 'icon': 'icons/icon.png', 'driver_id': '', 'tailer_id': '', 'profile': {'vehicle_type': '', 'measurement_type': 'count', 'max_capacity': 0, 'vin': '', 'plate_number': '6414 - R S B', 'start_operation': '', 'contract_milage': '', 'opening_milage': '', 'model': '', 'fuel_type': '91', 'year': 0, 'seats': 2}, 'device_password': '***', 'device_type': 'gps', 'gateway': False, 'name': '6414 - R S B', 'operation_code': '', 'device_gateway': '', 'business_types': {'waste': False, 'transportation': True, 'water': False}, 'imei': '860665057460957', 'sim_number': '+966830028980452', 'sim_serial': '996609821111314605', 'device_serial': '860665057460957', 'device': 'bce', 'user_id': '62af7bfc84f980111c2de846', 'created_by': '5e6655bf03ed52e1ab79d301', 'updated_at': '2024-04-18 11:18:59', 'created_at': '2022-06-20 17:38:33', 'custom_fields': [], 'creator': 'amr.ahmed', 'company': '', 'owner': 'benaa-enmaa-admin', 'last_update': {'dtt': 1715526988000, 'dts': 1715527033930, 'spd': 0, 'ang': 66, 'alt': 5, 'chPrams': {'ePwrV': {'v': 25.737, 'cdt': 1715526988000}, 'di16': {'v': 1, 'cdt': 1715431956000}, 'di15': {'v': 0, 'cdt': 1655811094000}, 'rssi1': {'v': 59, 'cdt': 1715526688000}, 'di14': {'v': 0, 'cdt': 1715520688000}, 'di13': {'v': 0, 'cdt': 1715431956000}, 'di12': {'v': 0, 'cdt': 1715431956000}, 'di11': {'v': 0, 'cdt': 1715431956000}, 'di10': {'v': 0, 'cdt': 1715431956000}, 'di2': {'v': 1, 'cdt': 1714390050000}, 'di1': {'v': 0, 'cdt': 1715520688000}, 'ai4': {'v': 10812, 'cdt': 1715526988000}, 'di4': {'v': 0, 'cdt': 1715431956000}, 'di3': {'v': 0, 'cdt': 1715431956000}, 'di6': {'v': 0, 'cdt': 1715431956000}, 'di5': {'v': 0, 'cdt': 1715520388000}, 'lac1': {'v': 2244, 'cdt': 1713170388000}, 'di8': {'v': 1, 'cdt': 1714390050000}, 'protocol': {'v': 'bce', 'cdt': 1715431956000}, 'di7': {'v': 0, 'cdt': 1715520988000}, 'di9': {'v': 0, 'cdt': 1715308860000}, 'iPwrV': {'v': 4.004, 'cdt': 1715524588000}, 'cid1': {'v': 65492, 'cdt': 1715518656000}, 'odometer': {'v': 0, 'cdt': 1715518678000}, 'spd': {'v': 0, 'cdt': 1715518678000}, 'sat': {'v': 12, 'cdt': 1715521288000}, 'hdop': {'v': 1, 'cdt': 1715177604000}, 'ta': {'v': 0, 'cdt': 1715431956000}, 'mcc1': {'v': 420, 'cdt': 1714448544000}, 'mnc1': {'v': 3, 'cdt': 1714448544000}}, 'prms': {'protocol': 'bce', 'spd': 0, 'sat': 12, 'hdop': 1, 'odometer': 0, 'di16': 1, 'di15': 0, 'di14': 0, 'di13': 0, 'di12': 0, 'di11': 0, 'di10': 0, 'di9': 0, 'di8': 1, 'di7': 0, 'di6': 0, 'di5': 0, 'di4': 0, 'di3': 0, 'di2': 1, 'di1': 0, 'ePwrV': 25.737, 'ai4': 10812, 'iPwrV': 4.004, 'ta': 0, 'mcc1': 420, 'mnc1': 3, 'lac1': 2244, 'cid1': 65492, 'rssi1': 59}, 'devPrms': ['protocol', 'spd', 'sat', 'hdop', 'odometer', 'di16', 'di15', 'di14', 'di13', 'di12', 'di11', 'di10', 'di9', 'di8', 'di7', 'di6', 'di5', 'di4', 'di3', 'di2', 'di1', 'ePwrV', 'ai4', 'iPwrV', 'ta', 'mcc1', 'mnc1', 'lac1', 'cid1', 'rssi1'], 'old_params': {'di16': 1, 'ePwrV': 25.755, 'di15': 0, 'rssi1': 59, 'di14': 0, 'di13': 0, 'di12': 0, 'di11': 0, 'di10': 0, 'di2': 1, 'di1': 0, 'ai4': 10523, 'di4': 0, 'di3': 0, 'di6': 0, 'di5': 0, 'lac1': 2244, 'protocol': 'bce', 'di8': 1, 'di7': 0, 'di9': 0, 'iPwrV': 4.004, 'cid1': 65492, 'odometer': 0, 'spd': 0, 'sat': 12, 'hdop': 1, 'ta': 0, 'mcc1': 420, 'mnc1': 3}, 'vLoc': 1, 'vCon': 1, 'ip': '37.216.93.74', 'rl': 0, 'trl': 24313.7084, 'mdu': 0, 'tmdu': 3677658, 'eidl': 0, 'teidl': 13280764, 'fc': 0, 'tfc': 0.131592, 'acc': 0, 'accOn': 16836842, 'accOff': 44681548, 'sdu': 300, 'tsdu': 6600, 'lat': 21.59261703491211, 'lng': 39.131996154785156}, 'counters': {'odometer_type': 'gps', 'odometer': 37878.7047, 'engine_hours_type': 'acc', 'engine_hours': 16836842, 'last_acc': 0}, 'is_wasl_connected': 'Connected', 'iconUrl': 'https://api.afaqy.sa/images/units/icons/icon.png', 'hasCCTV': False}
[2024-05-12T15:21:08.094+0000] {warnings.py:110} WARNING - /home/***/.local/lib/python3.12/site-packages/elasticsearch/_sync/client/__init__.py:399: SecurityWarning: Connecting to 'https://dbelk2.afaqy.local:9200' using TLS with verify_certs=False is insecure
  _transport = transport_class(

[2024-05-12T15:21:08.421+0000] {warnings.py:110} WARNING - /home/***/.local/lib/python3.12/site-packages/elasticsearch/_sync/client/__init__.py:399: SecurityWarning: Connecting to 'https://dbelk3.afaqy.local:9200' using TLS with verify_certs=False is insecure
  _transport = transport_class(

[2024-05-12T15:21:13.209+0000] {warnings.py:110} WARNING - /home/***/.local/lib/python3.12/site-packages/elasticsearch/_sync/client/__init__.py:399: SecurityWarning: Connecting to 'https://dbelk1.afaqy.local:9200' using TLS with verify_certs=False is insecure
  _transport = transport_class(

[2024-05-12T15:21:13.458+0000] {warnings.py:110} WARNING - /home/***/.local/lib/python3.12/site-packages/urllib3/connectionpool.py:1103: InsecureRequestWarning: Unverified HTTPS request is being made to host 'dbelk2.afaqy.local'. Adding certificate verification is strongly advised. See: https://urllib3.readthedocs.io/en/latest/advanced-usage.html#tls-warnings
  warnings.warn(

[2024-05-12T15:21:13.535+0000] {_transport.py:349} INFO - GET https://dbelk2.afaqy.local:9200/_cluster/health [status:200 duration:0.281s]
[2024-05-12T15:21:16.045+0000] {warnings.py:110} WARNING - /home/***/.local/lib/python3.12/site-packages/urllib3/connectionpool.py:1103: InsecureRequestWarning: Unverified HTTPS request is being made to host 'dbelk3.afaqy.local'. Adding certificate verification is strongly advised. See: https://urllib3.readthedocs.io/en/latest/advanced-usage.html#tls-warnings
  warnings.warn(

[2024-05-12T15:21:17.822+0000] {_transport.py:349} INFO - PUT https://dbelk3.afaqy.local:9200/units_statistics_***/_bulk [status:200 duration:1.916s]
[2024-05-12T15:21:19.641+0000] {python.py:237} INFO - Done. Returned value was: None
[2024-05-12T15:21:19.654+0000] {taskinstance.py:441} INFO - ::group::Post task execution logs
[2024-05-12T15:21:19.703+0000] {taskinstance.py:1206} INFO - Marking task as SUCCESS. dag_id=Units_statistics_DAG, task_id=ETL_job, run_id=scheduled__2024-05-12T15:00:00+00:00, map_index=5, execution_date=20240512T150000, start_date=20240512T152021, end_date=20240512T152119
[2024-05-12T15:21:20.052+0000] {local_task_job_runner.py:240} INFO - Task exited with return code 0
[2024-05-12T15:21:20.127+0000] {taskinstance.py:3498} INFO - 0 downstream tasks scheduled from follow-on schedule check
[2024-05-12T15:21:20.154+0000] {local_task_job_runner.py:222} INFO - ::endgroup::
