[2024-05-06T15:02:12.896+0000] {taskinstance.py:1979} INFO - Dependencies all met for dep_context=non-requeueable deps ti=<TaskInstance: Units_statistics_DAG.ETL_job scheduled__2024-05-06T14:40:00+00:00 map_index=12 [queued]>
[2024-05-06T15:02:12.911+0000] {taskinstance.py:1979} INFO - Dependencies all met for dep_context=requeueable deps ti=<TaskInstance: Units_statistics_DAG.ETL_job scheduled__2024-05-06T14:40:00+00:00 map_index=12 [queued]>
[2024-05-06T15:02:12.912+0000] {taskinstance.py:2193} INFO - Starting attempt 2 of 4
[2024-05-06T15:02:12.930+0000] {taskinstance.py:2217} INFO - Executing <Mapped(_PythonDecoratedOperator): ETL_job> on 2024-05-06 14:40:00+00:00
[2024-05-06T15:02:12.941+0000] {standard_task_runner.py:60} INFO - Started process 810420 to run task
[2024-05-06T15:02:12.951+0000] {standard_task_runner.py:87} INFO - Running: ['***', 'tasks', 'run', 'Units_statistics_DAG', 'ETL_job', 'scheduled__2024-05-06T14:40:00+00:00', '--job-id', '35866', '--raw', '--subdir', 'DAGS_FOLDER/Units_dag.py', '--cfg-path', '/tmp/tmp8iozh6n_', '--map-index', '12']
[2024-05-06T15:02:12.953+0000] {standard_task_runner.py:88} INFO - Job 35866: Subtask ETL_job
[2024-05-06T15:02:13.058+0000] {task_command.py:423} INFO - Running <TaskInstance: Units_statistics_DAG.ETL_job scheduled__2024-05-06T14:40:00+00:00 map_index=12 [running]> on host a09da322e808
[2024-05-06T15:02:13.269+0000] {taskinstance.py:2513} INFO - Exporting env vars: AIRFLOW_CTX_DAG_OWNER='abeer-araby' AIRFLOW_CTX_DAG_ID='Units_statistics_DAG' AIRFLOW_CTX_TASK_ID='ETL_job' AIRFLOW_CTX_EXECUTION_DATE='2024-05-06T14:40:00+00:00' AIRFLOW_CTX_TRY_NUMBER='2' AIRFLOW_CTX_DAG_RUN_ID='scheduled__2024-05-06T14:40:00+00:00'
[2024-05-06T15:02:13.270+0000] {Units_dag.py:99} INFO - i: 120000, chunk: 10000
[2024-05-06T15:02:13.270+0000] {Units_dag.py:100} INFO - child token is::: eyJ0eXAiOiJKV1QiLCJhbGciOiJIUzI1NiJ9.eyJpc3MiOiJodHRwczovL2FwaS5hZmFxeS5zYS9hdXRoL2xvZ2luX2FzIiwiaWF0IjoxNzE1MDA3NjAzLCJleHAiOjE3MTc1OTk2MDMsIm5iZiI6MTcxNTAwNzYwMywianRpIjoiUll0dzZtNHlvbzdYdlR0byIsInN1YiI6IjVkNjNlNTFlMDNlZDUyOTJhNDJjMjRlNiIsInBydiI6IjI3MGVjZmM3ZWEzZWQ5MzdlYTg0OTM2MmEzYTUwOTEwYzZkOGNlNGYiLCJsb2dpbl9hc19pZCI6IjY1N2YwYWQ3M2Y5NzcyOTVjZjA1NTc2YSJ9.BPs72OtPQSSe1m5X05cL5e9qeaHCRi40agy81dJC74I
[2024-05-06T15:02:32.242+0000] {Units_dag.py:104} INFO - {'_id': '64ca6682ee93cb6213056113', 'icon': 'icons/icon.png', 'driver_id': '', 'tailer_id': '', 'profile': {'measurement_type': 'count', 'fuel_type': '91', 'year': 0, 'seats': 2}, 'device_password': '***', 'device_type': 'gps', 'gateway': False, 'business_types': {'waste': False, 'transportation': True, 'water': False}, 'name': '6535 Z J R', 'operation_code': None, 'device_gateway': None, 'skip_sim_information': False, 'imei': '863940058719496', 'sim_number': '+966830028755511', 'sim_serial': '8996609821111311988', 'device_serial': '863940058719496', 'device': 'ruptela', 'user_id': '64c7bac2f1af17551b44b759', 'created_by': '5e6655bf03ed52e1ab79d301', 'updated_at': '2024-04-18 11:18:59', 'created_at': '2023-08-02 17:21:54', 'custom_fields': [], 'creator': 'amr.ahmed', 'company': '', 'owner': 'bander-trading-admin', 'last_update': {'dtt': 1715007721000, 'dts': 1715007723067, 'spd': 22, 'ang': 339, 'alt': 71, 'chPrams': {'gsm': {'v': 20, 'cdt': 1714577568000}, 'io_2_817': {'v': 2000, 'cdt': 1714993392000}, 'io_2_818': {'v': 2000, 'cdt': 1714993392000}, 'ai23': {'v': 213, 'cdt': 1715007715000}, 'ePwrV': {'v': 13.682, 'cdt': 1715007721000}, 'ai22': {'v': 234, 'cdt': 1715007721000}, 'di2': {'v': 0, 'cdt': 1714440822000}, 'operator': {'v': 42003, 'cdt': 1714572682000}, 'di4': {'v': 0, 'cdt': 1714440822000}, 'di3': {'v': 0, 'cdt': 1714440822000}, 'di5': {'v': 1, 'cdt': 1714995037000}, 'protocol': {'v': 'ruptela', 'cdt': 1714393826000}, 'io_8_70': {'v': 0, 'cdt': 1714440822000}, 'io_8_71': {'v': 0, 'cdt': 1714440822000}, 'iPwrV': {'v': 4.114, 'cdt': 1715007721000}, 'event': {'v': 9, 'cdt': 1715007705000}, 'io_1_418': {'v': 1, 'cdt': 1714610560000}, 'move': {'v': 1, 'cdt': 1715007628000}, 'io_2_79': {'v': 2000, 'cdt': 1714993392000}, 'spd': {'v': 22, 'cdt': 1715007721000}, 'sat': {'v': 12, 'cdt': 1715007721000}, 'io_2_78': {'v': 2000, 'cdt': 1714993392000}, 'hdop': {'v': 1.1, 'cdt': 1715007721000}, 'accTemp': {'v': 44, 'cdt': 1715007487000}, 'io_1_406': {'v': 1, 'cdt': 1714440822000}, 'io_1_405': {'v': 1, 'cdt': 1691110623000}}, 'prms': {'protocol': 'ruptela', 'sat': 12, 'spd': 22, 'hdop': 1.1, 'event': 9, 'gsm': 20, 'io_1_418': 1, 'accTemp': 44, 'move': 1, 'di2': 0, 'di3': 0, 'di4': 0, 'di5': 1, 'io_1_405': 1, 'io_1_406': 1, 'ePwrV': 13.682, 'iPwrV': 4.114, 'ai22': 234, 'ai23': 213, 'io_2_78': 2000, 'io_2_79': 2000, 'io_2_817': 2000, 'io_2_818': 2000, 'operator': 42003, 'io_8_70': 0, 'io_8_71': 0}, 'devPrms': ['protocol', 'sat', 'spd', 'hdop', 'event', 'gsm', 'io_1_418', 'accTemp', 'move', 'di2', 'di3', 'di4', 'di5', 'io_1_405', 'io_1_406', 'ePwrV', 'iPwrV', 'ai22', 'ai23', 'io_2_78', 'io_2_79', 'io_2_817', 'io_2_818', 'operator', 'io_8_70', 'io_8_71'], 'old_params': {'protocol': 'ruptela', 'sat': 15, 'spd': 15, 'hdop': 0.7, 'event': 9, 'gsm': 20, 'io_1_418': 1, 'accTemp': 44, 'move': 1, 'di2': 0, 'di3': 0, 'di4': 0, 'di5': 1, 'io_1_405': 1, 'io_1_406': 1, 'ePwrV': 13.694, 'iPwrV': 4.115, 'ai22': 233, 'ai23': 213, 'io_2_78': 2000, 'io_2_79': 2000, 'io_2_817': 2000, 'io_2_818': 2000, 'operator': 42003, 'io_8_70': 0, 'io_8_71': 0}, 'vLoc': 1, 'vCon': 1, 'ip': '37.216.77.64', 'rl': 0.0354, 'trl': 64568.8858, 'mdu': 6, 'tmdu': 5740737, 'eidl': 0, 'teidl': 4832057, 'fc': 0.004248, 'tfc': 470.155668, 'acc': 1, 'accOn': 9519769, 'accOff': 14706491, 'sdu': 0, 'tsdu': 0, 'lat': 21.5900233, 'lng': 39.1562733}, 'counters': {'odometer_type': 'gps', 'odometer': 64568.8858, 'engine_hours_type': 'acc', 'engine_hours': 9519769, 'last_acc': 1}, 'is_wasl_connected': 'Not Connected', 'iconUrl': 'https://api.afaqy.sa/images/units/icons/icon.png', 'hasCCTV': False}
[2024-05-06T15:02:32.748+0000] {warnings.py:109} WARNING - /home/***/.local/lib/python3.8/site-packages/elasticsearch/_sync/client/__init__.py:399: SecurityWarning: Connecting to 'https://dbelk3.afaqy.local:9200' using TLS with verify_certs=False is insecure
  _transport = transport_class(

[2024-05-06T15:02:32.798+0000] {warnings.py:109} WARNING - /home/***/.local/lib/python3.8/site-packages/elasticsearch/_sync/client/__init__.py:399: SecurityWarning: Connecting to 'https://dbelk2.afaqy.local:9200' using TLS with verify_certs=False is insecure
  _transport = transport_class(

[2024-05-06T15:02:32.846+0000] {warnings.py:109} WARNING - /home/***/.local/lib/python3.8/site-packages/elasticsearch/_sync/client/__init__.py:399: SecurityWarning: Connecting to 'https://dbelk1.afaqy.local:9200' using TLS with verify_certs=False is insecure
  _transport = transport_class(

[2024-05-06T15:02:32.871+0000] {warnings.py:109} WARNING - /home/***/.local/lib/python3.8/site-packages/urllib3/connectionpool.py:1061: InsecureRequestWarning: Unverified HTTPS request is being made to host 'dbelk3.afaqy.local'. Adding certificate verification is strongly advised. See: https://urllib3.readthedocs.io/en/1.26.x/advanced-usage.html#ssl-warnings
  warnings.warn(

[2024-05-06T15:02:32.953+0000] {_transport.py:335} INFO - GET https://dbelk3.afaqy.local:9200/_cluster/health [status:200 duration:0.105s]
[2024-05-06T15:02:33.439+0000] {warnings.py:109} WARNING - /home/***/.local/lib/python3.8/site-packages/urllib3/connectionpool.py:1061: InsecureRequestWarning: Unverified HTTPS request is being made to host 'dbelk2.afaqy.local'. Adding certificate verification is strongly advised. See: https://urllib3.readthedocs.io/en/1.26.x/advanced-usage.html#ssl-warnings
  warnings.warn(

[2024-05-06T15:02:33.456+0000] {_transport.py:335} INFO - PUT https://dbelk2.afaqy.local:9200/units_statistics_***/_bulk [status:429 duration:0.040s]
[2024-05-06T15:02:33.456+0000] {_node_pool.py:249} WARNING - Node <Urllib3HttpNode(https://dbelk2.afaqy.local:9200)> has failed for 1 times in a row, putting on 1 second timeout
[2024-05-06T15:02:33.457+0000] {_transport.py:427} WARNING - Retrying request after non-successful status 429 (attempt 0 of 3)
[2024-05-06T15:02:33.458+0000] {warnings.py:109} WARNING - /home/***/.local/lib/python3.8/site-packages/urllib3/connectionpool.py:1061: InsecureRequestWarning: Unverified HTTPS request is being made to host 'dbelk3.afaqy.local'. Adding certificate verification is strongly advised. See: https://urllib3.readthedocs.io/en/1.26.x/advanced-usage.html#ssl-warnings
  warnings.warn(

[2024-05-06T15:02:55.061+0000] {_transport.py:335} INFO - PUT https://dbelk3.afaqy.local:9200/units_statistics_***/_bulk [status:200 duration:21.604s]
[2024-05-06T15:02:55.218+0000] {python.py:202} INFO - Done. Returned value was: None
[2024-05-06T15:02:55.237+0000] {taskinstance.py:1149} INFO - Marking task as SUCCESS. dag_id=Units_statistics_DAG, task_id=ETL_job, map_index=12, execution_date=20240506T144000, start_date=20240506T150212, end_date=20240506T150255
[2024-05-06T15:02:55.310+0000] {local_task_job_runner.py:234} INFO - Task exited with return code 0
[2024-05-06T15:02:55.339+0000] {taskinstance.py:3312} INFO - 0 downstream tasks scheduled from follow-on schedule check
