[2024-05-09T11:01:45.672+0000] {taskinstance.py:1979} INFO - Dependencies all met for dep_context=non-requeueable deps ti=<TaskInstance: Units_statistics_DAG.ETL_job scheduled__2024-05-09T10:40:00+00:00 map_index=10 [queued]>
[2024-05-09T11:01:45.701+0000] {taskinstance.py:1979} INFO - Dependencies all met for dep_context=requeueable deps ti=<TaskInstance: Units_statistics_DAG.ETL_job scheduled__2024-05-09T10:40:00+00:00 map_index=10 [queued]>
[2024-05-09T11:01:45.702+0000] {taskinstance.py:2193} INFO - Starting attempt 2 of 4
[2024-05-09T11:01:45.745+0000] {taskinstance.py:2217} INFO - Executing <Mapped(_PythonDecoratedOperator): ETL_job> on 2024-05-09 10:40:00+00:00
[2024-05-09T11:01:45.755+0000] {standard_task_runner.py:60} INFO - Started process 885128 to run task
[2024-05-09T11:01:45.769+0000] {standard_task_runner.py:87} INFO - Running: ['***', 'tasks', 'run', 'Units_statistics_DAG', 'ETL_job', 'scheduled__2024-05-09T10:40:00+00:00', '--job-id', '44125', '--raw', '--subdir', 'DAGS_FOLDER/Units_dag.py', '--cfg-path', '/tmp/tmpf7_fa1ei', '--map-index', '10']
[2024-05-09T11:01:45.771+0000] {standard_task_runner.py:88} INFO - Job 44125: Subtask ETL_job
[2024-05-09T11:01:45.890+0000] {task_command.py:423} INFO - Running <TaskInstance: Units_statistics_DAG.ETL_job scheduled__2024-05-09T10:40:00+00:00 map_index=10 [running]> on host a09da322e808
[2024-05-09T11:01:46.154+0000] {taskinstance.py:2513} INFO - Exporting env vars: AIRFLOW_CTX_DAG_OWNER='abeer-araby' AIRFLOW_CTX_DAG_ID='Units_statistics_DAG' AIRFLOW_CTX_TASK_ID='ETL_job' AIRFLOW_CTX_EXECUTION_DATE='2024-05-09T10:40:00+00:00' AIRFLOW_CTX_TRY_NUMBER='2' AIRFLOW_CTX_DAG_RUN_ID='scheduled__2024-05-09T10:40:00+00:00'
[2024-05-09T11:01:46.155+0000] {Units_dag.py:98} INFO - i: 100000, chunk: 10000
[2024-05-09T11:01:46.156+0000] {Units_dag.py:99} INFO - child token is::: eyJ0eXAiOiJKV1QiLCJhbGciOiJIUzI1NiJ9.eyJpc3MiOiJodHRwczovL2FwaS5hZmFxeS5zYS9hdXRoL2xvZ2luX2FzIiwiaWF0IjoxNzE1MjUyNDA0LCJleHAiOjE3MTc4NDQ0MDQsIm5iZiI6MTcxNTI1MjQwNCwianRpIjoiYWpWYlE2VnJIRG1QS3A0USIsInN1YiI6IjVkNjNlNTFlMDNlZDUyOTJhNDJjMjRlNiIsInBydiI6IjI3MGVjZmM3ZWEzZWQ5MzdlYTg0OTM2MmEzYTUwOTEwYzZkOGNlNGYiLCJsb2dpbl9hc19pZCI6IjY1N2YwYWQ3M2Y5NzcyOTVjZjA1NTc2YSJ9.OtqvRW_H37O6dl4Xb-xuWnidDjhAAIAfibBEUX_AROk
[2024-05-09T11:02:11.646+0000] {Units_dag.py:103} INFO - {'_id': '64579c5bfd37b97a5f0d9a02', 'icon': 'icons/icon.png', 'driver_id': '', 'tailer_id': '', 'profile': {'vehicle_type': None, 'measurement_type': 'count', 'max_capacity': 0, 'vin': None, 'plate_number': None, 'start_operation': None, 'contract_milage': None, 'opening_milage': None, 'model': None, 'fuel_type': '91', 'year': 0, 'seats': 2}, 'device_password': '***', 'device_type': 'gps', 'gateway': False, 'name': 'V0100026 ( 1885/SRJ )', 'operation_code': 'V0100026', 'device_gateway': '', 'business_types': {'waste': False, 'transportation': True, 'water': False}, 'imei': '350544507883794', 'sim_number': '+966830031794223', 'sim_serial': '421296730051', 'device_serial': '1125711499', 'device': 'teltonika', 'user_id': '62bb1bb23c00423a7b3af933', 'created_by': '5e6655bf03ed52e1ab79d301', 'updated_at': '2024-04-18 11:18:59', 'created_at': '2023-05-07 15:40:59', 'shipment_info': None, 'skip_sim_information': False, 'custom_fields': [], 'creator': 'amr.ahmed', 'company': '', 'owner': 'al-yamama-trading-admin', 'last_update': {'dtt': 1715252498000, 'dts': 1715252501834, 'spd': 0, 'ang': 179, 'alt': 15, 'chPrams': {'Speed': {'v': 0, 'cdt': 1715251205000}, 'output1': {'v': False, 'cdt': 1715146049000}, 'output2': {'v': False, 'cdt': 1715146049000}, 'ePwrV': {'v': 12.907, 'cdt': 1715252498000}, 'parm24': {'v': 0, 'cdt': 1715251205000}, 'sat': {'v': 18, 'cdt': 1715252498000}, 'ai1': {'v': 131, 'cdt': 1715177965000}, 'type': {'v': 6, 'cdt': 1712977687000}, 'priority': {'v': 0, 'cdt': 1714474145000}, 'di2': {'v': 0, 'cdt': 1714636008000}, 'di1': {'v': 1, 'cdt': 1715243652000}, 'result': {'v': '5665723a30332e32372e31335f3033204750533a41584e5f352e312e392048773a464d42313230204d6f643a333320494d45493a33353035343435303738383337393420496e69743a323032342d352d3520353a343220557074696d653a323735383535204d41433a333838413231313638353231205350433a312830292041584c3a32204f42443a3020424c3a312e31302042543a34', 'cdt': 1715163493000}, 'protocol': {'v': 'FMB120', 'cdt': 1715163195000}, 'parm6': {'v': 131, 'cdt': 1715220706000}, 'iPwrV': {'v': 4.066, 'cdt': 1715252407000}, 'event': {'v': 0, 'cdt': 1714474145000}}, 'prms': {'protocol': 'FMB120', 'priority': 0, 'sat': 18, 'event': 0, 'di1': 1, 'output1': 0, 'di2': 0, 'output2': 0, 'ePwrV': 12.907, 'Speed': 0, 'parm24': 0, 'iPwrV': 4.066, 'ai1': 131, 'parm6': 131}, 'devPrms': ['protocol', 'priority', 'sat', 'event', 'di1', 'output1', 'di2', 'output2', 'ePwrV', 'Speed', 'parm24', 'iPwrV', 'ai1', 'parm6'], 'old_params': {'protocol': 'FMB120', 'priority': 0, 'sat': 19, 'event': 0, 'di1': 1, 'output1': 0, 'di2': 0, 'output2': 0, 'ePwrV': 12.912, 'Speed': 0, 'parm24': 0, 'iPwrV': 4.066, 'ai1': 131, 'parm6': 131}, 'vLoc': 1, 'vCon': 1, 'ip': '51.39.51.124', 'rl': 0, 'trl': 25428.8539, 'mdu': 0, 'tmdu': 2420726, 'eidl': 31, 'teidl': 3538435, 'fc': 0, 'tfc': 36.601884, 'acc': 1, 'accOn': 1250307672, 'accOff': 25530503, 'sdu': 0, 'tsdu': 0, 'lat': 28.3999049, 'lng': 48.5025983}, 'counters': {'odometer_type': 'gps', 'odometer': 25428.8509, 'engine_hours_type': 'acc', 'engine_hours': 1250307672, 'last_acc': 1}, 'is_wasl_connected': 'Not Connected', 'iconUrl': 'https://api.afaqy.sa/images/units/icons/icon.png', 'hasCCTV': False}
[2024-05-09T11:02:12.313+0000] {warnings.py:109} WARNING - /home/***/.local/lib/python3.8/site-packages/elasticsearch/_sync/client/__init__.py:399: SecurityWarning: Connecting to 'https://dbelk1.afaqy.local:9200' using TLS with verify_certs=False is insecure
  _transport = transport_class(

[2024-05-09T11:02:12.361+0000] {warnings.py:109} WARNING - /home/***/.local/lib/python3.8/site-packages/elasticsearch/_sync/client/__init__.py:399: SecurityWarning: Connecting to 'https://dbelk3.afaqy.local:9200' using TLS with verify_certs=False is insecure
  _transport = transport_class(

[2024-05-09T11:02:12.403+0000] {warnings.py:109} WARNING - /home/***/.local/lib/python3.8/site-packages/elasticsearch/_sync/client/__init__.py:399: SecurityWarning: Connecting to 'https://dbelk2.afaqy.local:9200' using TLS with verify_certs=False is insecure
  _transport = transport_class(

[2024-05-09T11:02:12.423+0000] {warnings.py:109} WARNING - /home/***/.local/lib/python3.8/site-packages/urllib3/connectionpool.py:1061: InsecureRequestWarning: Unverified HTTPS request is being made to host 'dbelk1.afaqy.local'. Adding certificate verification is strongly advised. See: https://urllib3.readthedocs.io/en/1.26.x/advanced-usage.html#ssl-warnings
  warnings.warn(

[2024-05-09T11:02:12.497+0000] {_transport.py:335} INFO - GET https://dbelk1.afaqy.local:9200/_cluster/health [status:200 duration:0.093s]
[2024-05-09T11:02:13.030+0000] {warnings.py:109} WARNING - /home/***/.local/lib/python3.8/site-packages/urllib3/connectionpool.py:1061: InsecureRequestWarning: Unverified HTTPS request is being made to host 'dbelk3.afaqy.local'. Adding certificate verification is strongly advised. See: https://urllib3.readthedocs.io/en/1.26.x/advanced-usage.html#ssl-warnings
  warnings.warn(

[2024-05-09T11:02:13.059+0000] {_transport.py:335} INFO - PUT https://dbelk3.afaqy.local:9200/units_statistics_***/_bulk [status:429 duration:0.049s]
[2024-05-09T11:02:13.060+0000] {_node_pool.py:249} WARNING - Node <Urllib3HttpNode(https://dbelk3.afaqy.local:9200)> has failed for 1 times in a row, putting on 1 second timeout
[2024-05-09T11:02:13.060+0000] {_transport.py:427} WARNING - Retrying request after non-successful status 429 (attempt 0 of 3)
[2024-05-09T11:02:13.061+0000] {warnings.py:109} WARNING - /home/***/.local/lib/python3.8/site-packages/urllib3/connectionpool.py:1061: InsecureRequestWarning: Unverified HTTPS request is being made to host 'dbelk1.afaqy.local'. Adding certificate verification is strongly advised. See: https://urllib3.readthedocs.io/en/1.26.x/advanced-usage.html#ssl-warnings
  warnings.warn(

[2024-05-09T11:02:13.219+0000] {_transport.py:335} INFO - PUT https://dbelk1.afaqy.local:9200/units_statistics_***/_bulk [status:200 duration:0.158s]
[2024-05-09T11:02:13.496+0000] {taskinstance.py:2731} ERROR - Task failed with exception
Traceback (most recent call last):
  File "/home/airflow/.local/lib/python3.8/site-packages/airflow/models/taskinstance.py", line 444, in _execute_task
    result = _execute_callable(context=context, **execute_callable_kwargs)
  File "/home/airflow/.local/lib/python3.8/site-packages/airflow/models/taskinstance.py", line 414, in _execute_callable
    return execute_callable(context=context, **execute_callable_kwargs)
  File "/home/airflow/.local/lib/python3.8/site-packages/airflow/decorators/base.py", line 241, in execute
    return_value = super().execute(context)
  File "/home/airflow/.local/lib/python3.8/site-packages/airflow/operators/python.py", line 200, in execute
    return_value = self.execute_callable()
  File "/home/airflow/.local/lib/python3.8/site-packages/airflow/operators/python.py", line 217, in execute_callable
    return self.python_callable(*self.op_args, **self.op_kwargs)
  File "/opt/airflow/dags/Units_dag.py", line 111, in ETL_job
    Elk_client.elk_pushData(Globals.index_name,units_list_update)
  File "/opt/airflow/dags/units_statistics/elk_manager.py", line 69, in elk_pushData
    helpers.bulk(self.elk_client, docs_list, index=index_name, chunk_size=batch)
  File "/home/airflow/.local/lib/python3.8/site-packages/elasticsearch/helpers/actions.py", line 521, in bulk
    for ok, item in streaming_bulk(
  File "/home/airflow/.local/lib/python3.8/site-packages/elasticsearch/helpers/actions.py", line 436, in streaming_bulk
    for data, (ok, info) in zip(
  File "/home/airflow/.local/lib/python3.8/site-packages/elasticsearch/helpers/actions.py", line 355, in _process_bulk_chunk
    yield from gen
  File "/home/airflow/.local/lib/python3.8/site-packages/elasticsearch/helpers/actions.py", line 274, in _process_bulk_chunk_success
    raise BulkIndexError(f"{len(errors)} document(s) failed to index.", errors)
elasticsearch.helpers.BulkIndexError: 10000 document(s) failed to index.
[2024-05-09T11:02:13.508+0000] {taskinstance.py:1149} INFO - Marking task as UP_FOR_RETRY. dag_id=Units_statistics_DAG, task_id=ETL_job, map_index=10, execution_date=20240509T104000, start_date=20240509T110145, end_date=20240509T110213
[2024-05-09T11:02:13.526+0000] {standard_task_runner.py:107} ERROR - Failed to execute job 44125 for task ETL_job (10000 document(s) failed to index.; 885128)
[2024-05-09T11:02:13.580+0000] {local_task_job_runner.py:234} INFO - Task exited with return code 1
[2024-05-09T11:02:13.608+0000] {taskinstance.py:3312} INFO - 0 downstream tasks scheduled from follow-on schedule check
