[2024-05-12T11:44:54.261+0000] {taskinstance.py:1979} INFO - Dependencies all met for dep_context=non-requeueable deps ti=<TaskInstance: Units_statistics_DAG.ETL_job scheduled__2024-05-12T11:20:00+00:00 map_index=9 [queued]>
[2024-05-12T11:44:54.285+0000] {taskinstance.py:1979} INFO - Dependencies all met for dep_context=requeueable deps ti=<TaskInstance: Units_statistics_DAG.ETL_job scheduled__2024-05-12T11:20:00+00:00 map_index=9 [queued]>
[2024-05-12T11:44:54.286+0000] {taskinstance.py:2193} INFO - Starting attempt 4 of 4
[2024-05-12T11:44:54.310+0000] {taskinstance.py:2217} INFO - Executing <Mapped(_PythonDecoratedOperator): ETL_job> on 2024-05-12 11:20:00+00:00
[2024-05-12T11:44:54.316+0000] {standard_task_runner.py:60} INFO - Started process 2210 to run task
[2024-05-12T11:44:54.328+0000] {standard_task_runner.py:87} INFO - Running: ['***', 'tasks', 'run', 'Units_statistics_DAG', 'ETL_job', 'scheduled__2024-05-12T11:20:00+00:00', '--job-id', '53996', '--raw', '--subdir', 'DAGS_FOLDER/Units_dag.py', '--cfg-path', '/tmp/tmpi9rpg_eg', '--map-index', '9']
[2024-05-12T11:44:54.331+0000] {standard_task_runner.py:88} INFO - Job 53996: Subtask ETL_job
[2024-05-12T11:44:54.424+0000] {task_command.py:423} INFO - Running <TaskInstance: Units_statistics_DAG.ETL_job scheduled__2024-05-12T11:20:00+00:00 map_index=9 [running]> on host 3abf70bf7e68
[2024-05-12T11:44:54.632+0000] {taskinstance.py:2513} INFO - Exporting env vars: AIRFLOW_CTX_DAG_OWNER='abeer-araby' AIRFLOW_CTX_DAG_ID='Units_statistics_DAG' AIRFLOW_CTX_TASK_ID='ETL_job' AIRFLOW_CTX_EXECUTION_DATE='2024-05-12T11:20:00+00:00' AIRFLOW_CTX_TRY_NUMBER='4' AIRFLOW_CTX_DAG_RUN_ID='scheduled__2024-05-12T11:20:00+00:00'
[2024-05-12T11:44:54.638+0000] {Units_dag.py:98} INFO - i: 90000, chunk: 10000
[2024-05-12T11:44:54.638+0000] {Units_dag.py:99} INFO - child token is::: eyJ0eXAiOiJKV1QiLCJhbGciOiJIUzI1NiJ9.eyJpc3MiOiJodHRwczovL2FwaS5hZmFxeS5zYS9hdXRoL2xvZ2luX2FzIiwiaWF0IjoxNzE1NTE0MDA0LCJleHAiOjE3MTgxMDYwMDQsIm5iZiI6MTcxNTUxNDAwNCwianRpIjoidGgwcHFLcE1uM3ZtczlrNCIsInN1YiI6IjVkNjNlNTFlMDNlZDUyOTJhNDJjMjRlNiIsInBydiI6IjI3MGVjZmM3ZWEzZWQ5MzdlYTg0OTM2MmEzYTUwOTEwYzZkOGNlNGYiLCJsb2dpbl9hc19pZCI6IjY1N2YwYWQ3M2Y5NzcyOTVjZjA1NTc2YSJ9.T2BFhgmoVtlz-ytw0hdBEQht97cfc8IpqTDraomA8Jc
[2024-05-12T11:45:14.383+0000] {Units_dag.py:103} INFO - {'_id': '640f0e35ac3953002a14d886', 'icon': 'icons/G_13.png', 'driver_id': '', 'tailer_id': '', 'profile': {'vehicle_type': None, 'measurement_type': 'count', 'max_capacity': 0, 'vin': None, 'plate_number': None, 'start_operation': None, 'contract_milage': None, 'opening_milage': None, 'model': None, 'fuel_type': '91', 'year': 0, 'seats': 2}, 'device_password': '***', 'device_type': 'gps', 'gateway': False, 'name': '0178', 'operation_code': '178', 'device_gateway': '', 'business_types': {'waste': False, 'transportation': False, 'water': False, 'hajj': True}, 'imei': '350424066456664', 'sim_number': '+966830032203332', 'sim_serial': '996609821111927612', 'device_serial': '1125820916', 'device': 'teltonika', 'cctv': {'dvr_id': None, 'channels': None}, 'user_id': '61c19bd0ca8eb524395ec770', 'created_by': '6374c530e1b82a312b39a526', 'updated_at': '2024-04-18 11:18:59', 'created_at': '2023-03-13 14:51:17', 'custom_fields': [], 'creator': 'ahmed.yahia', 'company': 'شركة رواحل المشاعر المحدودة لنقل الحجاج', 'owner': 'rawahl-hajj', 'last_update': {'dtt': 1715514026000, 'dts': 1715514031654, 'spd': 0, 'ang': 168, 'alt': 156, 'chPrams': {'Speed': {'v': 0, 'cdt': 1715483251000}, 'output1': {'v': False, 'cdt': 1715439339000}, 'output2': {'v': False, 'cdt': 1715439339000}, 'ePwrV': {'v': 25.913, 'cdt': 1715514026000}, 'parm24': {'v': 0, 'cdt': 1715483251000}, 'sat': {'v': 12, 'cdt': 1715514026000}, 'ai1': {'v': 86, 'cdt': 1715089348000}, 'priority': {'v': 0, 'cdt': 1713938633000}, 'di2': {'v': 0, 'cdt': 1713938633000}, 'type': {'v': 6, 'cdt': 1713965080000}, 'di1': {'v': 0, 'cdt': 1715483372000}, 'di3': {'v': 0, 'cdt': 1680440755000}, 'result': {'v': '5665723a30332e32372e31335f3033204750533a41584e5f352e312e392048773a464d42313230204d6f643a333320494d45493a33353034323430363634353636363420496e69743a323032342d352d392031303a333020557074696d653a323331393535204d41433a333838413231304130314541205350433a312830292041584c3a32204f42443a3020424c3a312e31302042543a34', 'cdt': 1715482964000}, 'protocol': {'v': 'FMB120', 'cdt': 1715481104000}, 'parm6': {'v': 86, 'cdt': 1715089348000}, 'iPwrV': {'v': 4.033, 'cdt': 1715511923000}, 'event': {'v': 0, 'cdt': 1713938633000}}, 'prms': {'protocol': 'FMB120', 'priority': 0, 'sat': 12, 'event': 0, 'di1': 0, 'output1': 0, 'di2': 0, 'output2': 0, 'ePwrV': 25.913, 'Speed': 0, 'parm24': 0, 'iPwrV': 4.033, 'ai1': 86, 'parm6': 86}, 'devPrms': ['protocol', 'priority', 'sat', 'event', 'di1', 'output1', 'di2', 'output2', 'ePwrV', 'Speed', 'parm24', 'iPwrV', 'ai1', 'parm6'], 'old_params': {'protocol': 'FMB120', 'priority': 0, 'sat': 15, 'event': 0, 'di1': 0, 'output1': 0, 'di2': 0, 'output2': 0, 'ePwrV': 25.915, 'Speed': 0, 'parm24': 0, 'iPwrV': 4.033, 'ai1': 86, 'parm6': 86}, 'vLoc': 1, 'vCon': 1, 'ip': '109.83.148.52', 'rl': 0, 'trl': 8636.4715, 'mdu': 0, 'tmdu': 1127044, 'eidl': 0, 'teidl': 6004983, 'fc': 0, 'tfc': 21.71868, 'acc': 0, 'accOn': 15588918, 'accOff': 651342283, 'sdu': 300, 'tsdu': 30654, 'lat': 21.4340283, 'lng': 39.6123433}, 'counters': {'odometer_type': 'gps', 'odometer': 8636.3729, 'engine_hours_type': 'acc', 'engine_hours': 15588918, 'last_acc': 0}, 'is_wasl_connected': 'Connected', 'iconUrl': 'https://api.afaqy.sa/images/units/icons/G_13.png', 'hasCCTV': False}
[2024-05-12T11:45:15.175+0000] {warnings.py:109} WARNING - /home/***/.local/lib/python3.8/site-packages/elasticsearch/_sync/client/__init__.py:399: SecurityWarning: Connecting to 'https://dbelk1.afaqy.local:9200' using TLS with verify_certs=False is insecure
  _transport = transport_class(

[2024-05-12T11:45:15.283+0000] {warnings.py:109} WARNING - /home/***/.local/lib/python3.8/site-packages/elasticsearch/_sync/client/__init__.py:399: SecurityWarning: Connecting to 'https://dbelk2.afaqy.local:9200' using TLS with verify_certs=False is insecure
  _transport = transport_class(

[2024-05-12T11:45:15.353+0000] {warnings.py:109} WARNING - /home/***/.local/lib/python3.8/site-packages/elasticsearch/_sync/client/__init__.py:399: SecurityWarning: Connecting to 'https://dbelk3.afaqy.local:9200' using TLS with verify_certs=False is insecure
  _transport = transport_class(

[2024-05-12T11:45:15.376+0000] {warnings.py:109} WARNING - /home/***/.local/lib/python3.8/site-packages/urllib3/connectionpool.py:1061: InsecureRequestWarning: Unverified HTTPS request is being made to host 'dbelk1.afaqy.local'. Adding certificate verification is strongly advised. See: https://urllib3.readthedocs.io/en/1.26.x/advanced-usage.html#ssl-warnings
  warnings.warn(

[2024-05-12T11:45:15.473+0000] {_transport.py:335} INFO - GET https://dbelk1.afaqy.local:9200/_cluster/health [status:200 duration:0.119s]
[2024-05-12T11:45:15.881+0000] {warnings.py:109} WARNING - /home/***/.local/lib/python3.8/site-packages/urllib3/connectionpool.py:1061: InsecureRequestWarning: Unverified HTTPS request is being made to host 'dbelk2.afaqy.local'. Adding certificate verification is strongly advised. See: https://urllib3.readthedocs.io/en/1.26.x/advanced-usage.html#ssl-warnings
  warnings.warn(

[2024-05-12T11:45:17.534+0000] {_transport.py:335} INFO - PUT https://dbelk2.afaqy.local:9200/units_statistics_***/_bulk [status:200 duration:1.679s]
[2024-05-12T11:45:17.811+0000] {taskinstance.py:2731} ERROR - Task failed with exception
Traceback (most recent call last):
  File "/home/airflow/.local/lib/python3.8/site-packages/airflow/models/taskinstance.py", line 444, in _execute_task
    result = _execute_callable(context=context, **execute_callable_kwargs)
  File "/home/airflow/.local/lib/python3.8/site-packages/airflow/models/taskinstance.py", line 414, in _execute_callable
    return execute_callable(context=context, **execute_callable_kwargs)
  File "/home/airflow/.local/lib/python3.8/site-packages/airflow/decorators/base.py", line 241, in execute
    return_value = super().execute(context)
  File "/home/airflow/.local/lib/python3.8/site-packages/airflow/operators/python.py", line 200, in execute
    return_value = self.execute_callable()
  File "/home/airflow/.local/lib/python3.8/site-packages/airflow/operators/python.py", line 217, in execute_callable
    return self.python_callable(*self.op_args, **self.op_kwargs)
  File "/opt/airflow/dags/Units_dag.py", line 111, in ETL_job
    Elk_client.elk_pushData(Globals.index_name,units_list_update)
  File "/opt/airflow/dags/units_statistics/elk_manager.py", line 69, in elk_pushData
    helpers.bulk(self.elk_client, docs_list, index=index_name, chunk_size=batch)
  File "/home/airflow/.local/lib/python3.8/site-packages/elasticsearch/helpers/actions.py", line 521, in bulk
    for ok, item in streaming_bulk(
  File "/home/airflow/.local/lib/python3.8/site-packages/elasticsearch/helpers/actions.py", line 436, in streaming_bulk
    for data, (ok, info) in zip(
  File "/home/airflow/.local/lib/python3.8/site-packages/elasticsearch/helpers/actions.py", line 355, in _process_bulk_chunk
    yield from gen
  File "/home/airflow/.local/lib/python3.8/site-packages/elasticsearch/helpers/actions.py", line 274, in _process_bulk_chunk_success
    raise BulkIndexError(f"{len(errors)} document(s) failed to index.", errors)
elasticsearch.helpers.BulkIndexError: 3127 document(s) failed to index.
[2024-05-12T11:45:17.835+0000] {taskinstance.py:1149} INFO - Marking task as FAILED. dag_id=Units_statistics_DAG, task_id=ETL_job, map_index=9, execution_date=20240512T112000, start_date=20240512T114454, end_date=20240512T114517
[2024-05-12T11:45:17.857+0000] {standard_task_runner.py:107} ERROR - Failed to execute job 53996 for task ETL_job (3127 document(s) failed to index.; 2210)
[2024-05-12T11:45:17.919+0000] {local_task_job_runner.py:234} INFO - Task exited with return code 1
[2024-05-12T11:45:17.948+0000] {taskinstance.py:3312} INFO - 0 downstream tasks scheduled from follow-on schedule check
