[2024-05-08T07:20:18.035+0000] {taskinstance.py:1979} INFO - Dependencies all met for dep_context=non-requeueable deps ti=<TaskInstance: Units_statistics_DAG.ETL_job scheduled__2024-05-08T07:00:00+00:00 map_index=11 [queued]>
[2024-05-08T07:20:18.087+0000] {taskinstance.py:1979} INFO - Dependencies all met for dep_context=requeueable deps ti=<TaskInstance: Units_statistics_DAG.ETL_job scheduled__2024-05-08T07:00:00+00:00 map_index=11 [queued]>
[2024-05-08T07:20:18.088+0000] {taskinstance.py:2193} INFO - Starting attempt 1 of 4
[2024-05-08T07:20:18.171+0000] {taskinstance.py:2217} INFO - Executing <Mapped(_PythonDecoratedOperator): ETL_job> on 2024-05-08 07:00:00+00:00
[2024-05-08T07:20:18.179+0000] {standard_task_runner.py:60} INFO - Started process 855398 to run task
[2024-05-08T07:20:18.243+0000] {standard_task_runner.py:87} INFO - Running: ['***', 'tasks', 'run', 'Units_statistics_DAG', 'ETL_job', 'scheduled__2024-05-08T07:00:00+00:00', '--job-id', '41099', '--raw', '--subdir', 'DAGS_FOLDER/Units_dag.py', '--cfg-path', '/tmp/tmpfp2l10kb', '--map-index', '11']
[2024-05-08T07:20:18.246+0000] {standard_task_runner.py:88} INFO - Job 41099: Subtask ETL_job
[2024-05-08T07:20:18.500+0000] {task_command.py:423} INFO - Running <TaskInstance: Units_statistics_DAG.ETL_job scheduled__2024-05-08T07:00:00+00:00 map_index=11 [running]> on host a09da322e808
[2024-05-08T07:20:18.846+0000] {taskinstance.py:2513} INFO - Exporting env vars: AIRFLOW_CTX_DAG_OWNER='abeer-araby' AIRFLOW_CTX_DAG_ID='Units_statistics_DAG' AIRFLOW_CTX_TASK_ID='ETL_job' AIRFLOW_CTX_EXECUTION_DATE='2024-05-08T07:00:00+00:00' AIRFLOW_CTX_TRY_NUMBER='1' AIRFLOW_CTX_DAG_RUN_ID='scheduled__2024-05-08T07:00:00+00:00'
[2024-05-08T07:20:18.848+0000] {Units_dag.py:98} INFO - i: 110000, chunk: 10000
[2024-05-08T07:20:18.848+0000] {Units_dag.py:99} INFO - child token is::: eyJ0eXAiOiJKV1QiLCJhbGciOiJIUzI1NiJ9.eyJpc3MiOiJodHRwczovL2FwaS5hZmFxeS5zYS9hdXRoL2xvZ2luX2FzIiwiaWF0IjoxNzE1MTUyODA0LCJleHAiOjE3MTc3NDQ4MDQsIm5iZiI6MTcxNTE1MjgwNCwianRpIjoiUm1DZ3Q3ZGhtbnpWYnNBSiIsInN1YiI6IjVkNjNlNTFlMDNlZDUyOTJhNDJjMjRlNiIsInBydiI6IjI3MGVjZmM3ZWEzZWQ5MzdlYTg0OTM2MmEzYTUwOTEwYzZkOGNlNGYiLCJsb2dpbl9hc19pZCI6IjY1N2YwYWQ3M2Y5NzcyOTVjZjA1NTc2YSJ9.9rrbnAQVEMBItBPc4SWVW-3M4NvKxXo906TbjpOWbEs
[2024-05-08T07:20:41.133+0000] {Units_dag.py:103} INFO - {'_id': '6489c6d5b469e154b01c3680', 'icon': 'icons/C_12.png', 'driver_id': '', 'tailer_id': '', 'profile': {'vehicle_type': '', 'measurement_type': 'count', 'max_capacity': 0, 'vin': '', 'plate_number': '', 'start_operation': '', 'contract_milage': '', 'opening_milage': '', 'model': '', 'fuel_type': 'diesel', 'year': 0, 'seats': 2}, 'device_password': '***', 'device_type': 'gps', 'gateway': False, 'business_types': {'waste': False, 'transportation': True, 'water': False}, 'name': 'TR-D-159', 'operation_code': '', 'device_gateway': '', 'skip_sim_information': False, 'imei': '862315065369414', 'sim_number': '+966830031894850', 'sim_serial': '421296741009', 'device_serial': '862315065369414', 'device': 'bceIotm', 'user_id': '646b5d17429753253c3f456b', 'created_by': '5e6655bf03ed52e1ab79d301', 'updated_at': '2024-04-18 11:18:59', 'created_at': '2023-06-14 16:55:33', 'shipment_info': {'product_category': None, 'truck_type': None, 'shipment_type': None, 'shipment_payment_type': None, 'transporter_type': None, 'operating_area': None, 'weight_kilograms_per_day': None, 'kms_per_day': None, 'shipment_trip_drive_hrs_day': None, 'allowable_delay_drive_hrs_day': None, 'expected_shipment_trip_day': None, 'car_pay_per_day': None, 'exceeding_temperature_limit_per_day': None, 'temperature_upper_limit': None, 'exceeding_humidity_limit_per_day': None, 'humidity_upper_limit': None}, 'custom_fields': [], 'creator': 'amr.ahmed', 'company': '', 'owner': 'muhammad-mansour-al-bassami-admin', 'last_update': {'dtt': 1714750372000, 'dts': 1714870663549, 'spd': 0, 'ang': 0, 'alt': 104, 'chPrams': {'acc': {'v': 0, 'cdt': 1704103843000}, 'fw_name': {'v': 'QF0_01_128', 'cdt': 1713268015000}, 'ePwrV': {'v': 25168, 'cdt': 1705598755000}, 'sensor_12292': {'v': 4046, 'cdt': 1705598515000}, 'spd': {'v': 0, 'cdt': 1704103843000}, 'fun_id': {'v': 100, 'cdt': 1714750372000}, 'war_id': {'v': 64, 'cdt': 1714750372000}}, 'prms': {'fun_id': 100, 'war_id': 64, 'fw_name': 'QF0_01_128', 'protocol': 'MQTT', 'sensor_45058': 2917.9755859375, 'sensor_12299': 0, 'ePwrV': 25168, 'sensor_12292': 4046, 'sensor_12290': 9, 'spd': 0, 'hdop': 6, 'sat': 16, 'sensor_8192': 0, 'acc': 0, 'sensor_2': 0, 'sensor_105': 0, 'sensor_153': 0, 'sensor_152': 0, 'sensor_148': 0}, 'devPrms': ['sensor_45058', 'sensor_12299', 'ePwrV', 'sensor_12292', 'sensor_12290', 'spd', 'hdop', 'sat', 'sensor_8192', 'acc', 'sensor_2', 'sensor_105', 'sensor_153', 'sensor_152', 'sensor_148', 'protocol', 'fun_id', 'war_id', 'fw_name'], 'old_params': {'sensor_45058': 2917.9755859375, 'sensor_12299': 0, 'ePwrV': 25168, 'sensor_12292': 4046, 'sensor_12290': 9, 'spd': 0, 'hdop': 6, 'sat': 16, 'sensor_8192': 0, 'acc': 0, 'sensor_2': 0, 'sensor_105': 0, 'sensor_153': 0, 'sensor_152': 0, 'sensor_148': 0, 'protocol': 'MQTT'}, 'vLoc': 1, 'vCon': 1, 'ip': '51.36.200.135', 'rl': 0, 'trl': 0, 'mdu': 0, 'tmdu': 0, 'eidl': 0, 'teidl': 0, 'fc': 0, 'tfc': 0, 'acc': 0, 'accOn': 0, 'accOff': 100876899, 'sdu': 9151617, 'tsdu': 9154737, 'lat': 21.757123947143555, 'lng': 39.27836227416992}, 'counters': {'odometer_type': 'canbus', 'odometer': 0, 'engine_hours_type': 'acc', 'engine_hours': 0, 'last_acc': 0}, 'is_wasl_connected': 'Not Connected', 'iconUrl': 'https://api.afaqy.sa/images/units/icons/C_12.png', 'hasCCTV': False}
[2024-05-08T07:20:41.916+0000] {warnings.py:109} WARNING - /home/***/.local/lib/python3.8/site-packages/elasticsearch/_sync/client/__init__.py:399: SecurityWarning: Connecting to 'https://dbelk1.afaqy.local:9200' using TLS with verify_certs=False is insecure
  _transport = transport_class(

[2024-05-08T07:20:41.970+0000] {warnings.py:109} WARNING - /home/***/.local/lib/python3.8/site-packages/elasticsearch/_sync/client/__init__.py:399: SecurityWarning: Connecting to 'https://dbelk3.afaqy.local:9200' using TLS with verify_certs=False is insecure
  _transport = transport_class(

[2024-05-08T07:20:42.036+0000] {warnings.py:109} WARNING - /home/***/.local/lib/python3.8/site-packages/elasticsearch/_sync/client/__init__.py:399: SecurityWarning: Connecting to 'https://dbelk2.afaqy.local:9200' using TLS with verify_certs=False is insecure
  _transport = transport_class(

[2024-05-08T07:20:42.061+0000] {warnings.py:109} WARNING - /home/***/.local/lib/python3.8/site-packages/urllib3/connectionpool.py:1061: InsecureRequestWarning: Unverified HTTPS request is being made to host 'dbelk1.afaqy.local'. Adding certificate verification is strongly advised. See: https://urllib3.readthedocs.io/en/1.26.x/advanced-usage.html#ssl-warnings
  warnings.warn(

[2024-05-08T07:20:42.136+0000] {_transport.py:335} INFO - GET https://dbelk1.afaqy.local:9200/_cluster/health [status:200 duration:0.098s]
[2024-05-08T07:20:42.546+0000] {warnings.py:109} WARNING - /home/***/.local/lib/python3.8/site-packages/urllib3/connectionpool.py:1061: InsecureRequestWarning: Unverified HTTPS request is being made to host 'dbelk3.afaqy.local'. Adding certificate verification is strongly advised. See: https://urllib3.readthedocs.io/en/1.26.x/advanced-usage.html#ssl-warnings
  warnings.warn(

[2024-05-08T07:20:42.557+0000] {_transport.py:335} INFO - PUT https://dbelk3.afaqy.local:9200/units_statistics_***/_bulk [status:429 duration:0.028s]
[2024-05-08T07:20:42.558+0000] {_node_pool.py:249} WARNING - Node <Urllib3HttpNode(https://dbelk3.afaqy.local:9200)> has failed for 1 times in a row, putting on 1 second timeout
[2024-05-08T07:20:42.558+0000] {_transport.py:427} WARNING - Retrying request after non-successful status 429 (attempt 0 of 3)
[2024-05-08T07:20:42.559+0000] {warnings.py:109} WARNING - /home/***/.local/lib/python3.8/site-packages/urllib3/connectionpool.py:1061: InsecureRequestWarning: Unverified HTTPS request is being made to host 'dbelk1.afaqy.local'. Adding certificate verification is strongly advised. See: https://urllib3.readthedocs.io/en/1.26.x/advanced-usage.html#ssl-warnings
  warnings.warn(

[2024-05-08T07:21:00.620+0000] {_transport.py:335} INFO - PUT https://dbelk1.afaqy.local:9200/units_statistics_***/_bulk [status:200 duration:18.062s]
[2024-05-08T07:21:00.762+0000] {python.py:202} INFO - Done. Returned value was: None
[2024-05-08T07:21:00.778+0000] {taskinstance.py:1149} INFO - Marking task as SUCCESS. dag_id=Units_statistics_DAG, task_id=ETL_job, map_index=11, execution_date=20240508T070000, start_date=20240508T072018, end_date=20240508T072100
[2024-05-08T07:21:00.815+0000] {local_task_job_runner.py:234} INFO - Task exited with return code 0
[2024-05-08T07:21:00.844+0000] {taskinstance.py:3312} INFO - 0 downstream tasks scheduled from follow-on schedule check
