[2024-04-30T04:40:17.210+0000] {taskinstance.py:1979} INFO - Dependencies all met for dep_context=non-requeueable deps ti=<TaskInstance: Units_statistics_DAG.ETL_job scheduled__2024-04-30T04:20:00+00:00 map_index=8 [queued]>
[2024-04-30T04:40:17.310+0000] {taskinstance.py:1979} INFO - Dependencies all met for dep_context=requeueable deps ti=<TaskInstance: Units_statistics_DAG.ETL_job scheduled__2024-04-30T04:20:00+00:00 map_index=8 [queued]>
[2024-04-30T04:40:17.311+0000] {taskinstance.py:2193} INFO - Starting attempt 1 of 4
[2024-04-30T04:40:17.411+0000] {taskinstance.py:2217} INFO - Executing <Mapped(_PythonDecoratedOperator): ETL_job> on 2024-04-30 04:20:00+00:00
[2024-04-30T04:40:17.446+0000] {standard_task_runner.py:60} INFO - Started process 654495 to run task
[2024-04-30T04:40:17.493+0000] {standard_task_runner.py:87} INFO - Running: ['***', 'tasks', 'run', 'Units_statistics_DAG', 'ETL_job', 'scheduled__2024-04-30T04:20:00+00:00', '--job-id', '24123', '--raw', '--subdir', 'DAGS_FOLDER/Units_dag.py', '--cfg-path', '/tmp/tmpu_frrbfy', '--map-index', '8']
[2024-04-30T04:40:17.496+0000] {standard_task_runner.py:88} INFO - Job 24123: Subtask ETL_job
[2024-04-30T04:40:17.847+0000] {task_command.py:423} INFO - Running <TaskInstance: Units_statistics_DAG.ETL_job scheduled__2024-04-30T04:20:00+00:00 map_index=8 [running]> on host a09da322e808
[2024-04-30T04:40:18.226+0000] {taskinstance.py:2513} INFO - Exporting env vars: AIRFLOW_CTX_DAG_OWNER='abeer-araby' AIRFLOW_CTX_DAG_ID='Units_statistics_DAG' AIRFLOW_CTX_TASK_ID='ETL_job' AIRFLOW_CTX_EXECUTION_DATE='2024-04-30T04:20:00+00:00' AIRFLOW_CTX_TRY_NUMBER='1' AIRFLOW_CTX_DAG_RUN_ID='scheduled__2024-04-30T04:20:00+00:00'
[2024-04-30T04:40:18.227+0000] {Units_dag.py:99} INFO - i: 80000, chunk: 10000
[2024-04-30T04:40:18.227+0000] {Units_dag.py:100} INFO - child token is::: eyJ0eXAiOiJKV1QiLCJhbGciOiJIUzI1NiJ9.eyJpc3MiOiJodHRwczovL2FwaS5hZmFxeS5zYS9hdXRoL2xvZ2luX2FzIiwiaWF0IjoxNzE0NDUyMDA0LCJleHAiOjE3MTcwNDQwMDQsIm5iZiI6MTcxNDQ1MjAwNCwianRpIjoiVEd6S0hUSjhxMk9vWm1hMiIsInN1YiI6IjVkNjNlNTFlMDNlZDUyOTJhNDJjMjRlNiIsInBydiI6IjI3MGVjZmM3ZWEzZWQ5MzdlYTg0OTM2MmEzYTUwOTEwYzZkOGNlNGYiLCJsb2dpbl9hc19pZCI6IjY1N2YwYWQ3M2Y5NzcyOTVjZjA1NTc2YSJ9.1ZSk3rAmeVQvPmeGX0Ek_qd5rFQyD5Pd2hH-x5-xh34
[2024-04-30T04:40:41.973+0000] {Units_dag.py:104} INFO - {'_id': '63d82813d7709105c828804b', 'icon': 'icons/icon.png', 'driver_id': '', 'tailer_id': '', 'profile': {'vehicle_type': '', 'vin': '', 'plate_number': '', 'model': '', 'year': 0, 'seats': 2, 'fuel_type': '91', 'start_operation': '', 'contract_milage': '', 'opening_milage': '', 'measurement_type': '', 'max_capacity': None, 'current_owner': ''}, 'device_password': '***', 'device_type': 'gps', 'gateway': False, 'name': '42843895', 'operation_code': None, 'device_gateway': None, 'business_types': None, 'imei': '25883684', 'sim_number': '+966164223212', 'sim_serial': '1626758083', 'device_serial': '6319230014', 'device': 'bceIotm', 'user_id': '5b5475eeec689d30c527f124', 'created_by': '5f5e1a5c03ed52b74e484af2', 'updated_at': '2024-04-18 11:18:59', 'created_at': '2023-01-30 23:26:59', 'custom_fields': [], 'creator': 'betalarge', 'company': '', 'owner': 'afaqy', 'last_update': {'dtt': 1675110676000, 'dts': 1675110676682, 'spd': 60, 'ang': 11, 'alt': 28, 'chPrams': {'sat': {'v': '5', 'cdt': 1675110428000}}, 'prms': {'sat': '5'}, 'devPrms': ['sat'], 'old_params': {'sat': '5'}, 'vLoc': 1, 'vCon': 1, 'ip': '197.56.45.100', 'rl': 0, 'trl': 0, 'mdu': 0, 'tmdu': 0, 'eidl': 0, 'teidl': 0, 'fc': 0, 'tfc': 0, 'acc': 0, 'accOn': 0, 'accOff': 0, 'sdu': 0, 'tsdu': 0, 'lat': 24.773158, 'lng': 46.732254}, 'counters': {'odometer_type': 'gps', 'engine_hours_type': 'acc', 'engine_hours': 0, 'odometer': 0, 'last_acc': 0}, 'is_wasl_connected': 'Not Connected', 'iconUrl': 'https://api.afaqy.sa/images/units/icons/icon.png', 'hasCCTV': False}
[2024-04-30T04:40:43.293+0000] {warnings.py:109} WARNING - /home/***/.local/lib/python3.8/site-packages/elasticsearch/_sync/client/__init__.py:399: SecurityWarning: Connecting to 'https://dbelk1.afaqy.local:9200' using TLS with verify_certs=False is insecure
  _transport = transport_class(

[2024-04-30T04:40:43.340+0000] {warnings.py:109} WARNING - /home/***/.local/lib/python3.8/site-packages/elasticsearch/_sync/client/__init__.py:399: SecurityWarning: Connecting to 'https://dbelk3.afaqy.local:9200' using TLS with verify_certs=False is insecure
  _transport = transport_class(

[2024-04-30T04:40:43.376+0000] {warnings.py:109} WARNING - /home/***/.local/lib/python3.8/site-packages/elasticsearch/_sync/client/__init__.py:399: SecurityWarning: Connecting to 'https://dbelk2.afaqy.local:9200' using TLS with verify_certs=False is insecure
  _transport = transport_class(

[2024-04-30T04:40:43.400+0000] {warnings.py:109} WARNING - /home/***/.local/lib/python3.8/site-packages/urllib3/connectionpool.py:1061: InsecureRequestWarning: Unverified HTTPS request is being made to host 'dbelk1.afaqy.local'. Adding certificate verification is strongly advised. See: https://urllib3.readthedocs.io/en/1.26.x/advanced-usage.html#ssl-warnings
  warnings.warn(

[2024-04-30T04:40:43.451+0000] {_transport.py:335} INFO - GET https://dbelk1.afaqy.local:9200/_cluster/health [status:200 duration:0.073s]
[2024-04-30T04:40:44.002+0000] {warnings.py:109} WARNING - /home/***/.local/lib/python3.8/site-packages/urllib3/connectionpool.py:1061: InsecureRequestWarning: Unverified HTTPS request is being made to host 'dbelk3.afaqy.local'. Adding certificate verification is strongly advised. See: https://urllib3.readthedocs.io/en/1.26.x/advanced-usage.html#ssl-warnings
  warnings.warn(

[2024-04-30T04:40:44.991+0000] {local_task_job_runner.py:234} INFO - Task exited with return code -9
[2024-04-30T04:40:45.257+0000] {taskinstance.py:3312} INFO - 0 downstream tasks scheduled from follow-on schedule check
