[2024-04-21T17:00:19.332+0000] {taskinstance.py:1979} INFO - Dependencies all met for dep_context=non-requeueable deps ti=<TaskInstance: Units_statistics_DAG.ETL_job scheduled__2024-04-21T16:40:00+00:00 map_index=15 [queued]>
[2024-04-21T17:00:19.426+0000] {taskinstance.py:1979} INFO - Dependencies all met for dep_context=requeueable deps ti=<TaskInstance: Units_statistics_DAG.ETL_job scheduled__2024-04-21T16:40:00+00:00 map_index=15 [queued]>
[2024-04-21T17:00:19.427+0000] {taskinstance.py:2193} INFO - Starting attempt 1 of 4
[2024-04-21T17:00:19.615+0000] {taskinstance.py:2217} INFO - Executing <Mapped(_PythonDecoratedOperator): ETL_job> on 2024-04-21 16:40:00+00:00
[2024-04-21T17:00:19.673+0000] {standard_task_runner.py:60} INFO - Started process 451833 to run task
[2024-04-21T17:00:19.748+0000] {standard_task_runner.py:87} INFO - Running: ['***', 'tasks', 'run', 'Units_statistics_DAG', 'ETL_job', 'scheduled__2024-04-21T16:40:00+00:00', '--job-id', '10025', '--raw', '--subdir', 'DAGS_FOLDER/Units_dag.py', '--cfg-path', '/tmp/tmp7pi9mdcy', '--map-index', '15']
[2024-04-21T17:00:19.778+0000] {standard_task_runner.py:88} INFO - Job 10025: Subtask ETL_job
[2024-04-21T17:00:20.289+0000] {task_command.py:423} INFO - Running <TaskInstance: Units_statistics_DAG.ETL_job scheduled__2024-04-21T16:40:00+00:00 map_index=15 [running]> on host a09da322e808
[2024-04-21T17:00:21.035+0000] {taskinstance.py:2513} INFO - Exporting env vars: AIRFLOW_CTX_DAG_OWNER='abeer-araby' AIRFLOW_CTX_DAG_ID='Units_statistics_DAG' AIRFLOW_CTX_TASK_ID='ETL_job' AIRFLOW_CTX_EXECUTION_DATE='2024-04-21T16:40:00+00:00' AIRFLOW_CTX_TRY_NUMBER='1' AIRFLOW_CTX_DAG_RUN_ID='scheduled__2024-04-21T16:40:00+00:00'
[2024-04-21T17:00:21.038+0000] {Units_dag.py:99} INFO - i: 150000, chunk: 10000
[2024-04-21T17:00:21.038+0000] {Units_dag.py:100} INFO - child token is::: eyJ0eXAiOiJKV1QiLCJhbGciOiJIUzI1NiJ9.eyJpc3MiOiJodHRwczovL2FwaS5hZmFxeS5zYS9hdXRoL2xvZ2luX2FzIiwiaWF0IjoxNzEzNzE4ODAzLCJleHAiOjE3MTYzMTA4MDMsIm5iZiI6MTcxMzcxODgwMywianRpIjoiNk1kMlhXc2Ixc3RyZGtGViIsInN1YiI6IjVkNjNlNTFlMDNlZDUyOTJhNDJjMjRlNiIsInBydiI6IjI3MGVjZmM3ZWEzZWQ5MzdlYTg0OTM2MmEzYTUwOTEwYzZkOGNlNGYiLCJsb2dpbl9hc19pZCI6IjY1N2YwYWQ3M2Y5NzcyOTVjZjA1NTc2YSJ9.Lliewosfrej2CuQjtKo5yr33HzYxftZc2kIBnPO51cU
[2024-04-21T17:00:51.039+0000] {Units_dag.py:104} INFO - {'_id': '6593e4fc9b521955b50c7e75', 'icon': 'icons/icon.png', 'driver_id': '', 'tailer_id': '', 'profile': {'measurement_type': 'count', 'fuel_type': '91', 'year': 0, 'seats': 2}, 'shipment_info': {'product_category': '', 'truck_type': '', 'shipment_type': '', 'shipment_payment_type': '', 'transporter_type': '', 'operating_area': '', 'weight_kilograms_per_day': '', 'kms_per_day': '', 'opening_milage': '', 'shipment_trip_drive_hrs_day': '', 'expected_shipment_trip_day': '', 'car_pay_per_day': '', 'exceeding_temperature_limit_per_day': '', 'temperature_upper_limit': '', 'exceeding_humidity_limit_per_day': '', 'humidity_upper_limit': '', 'allowable_delay_drive_hrs_day': ''}, 'device_password': '***', 'device_type': 'gps', 'gateway': False, 'business_types': {'waste': False, 'transportation': True, 'water': False}, 'name': '5069RTB', 'operation_code': None, 'device_gateway': None, 'skip_sim_information': False, 'imei': '352016704161611', 'sim_number': '+966830020683795', 'sim_serial': '8996609821112134811', 'device_serial': '1134124463', 'device': 'teltonika', 'user_id': '605b2ce24dfbf765482210f2', 'created_by': '5e6655bf03ed52e1ab79d301', 'updated_at': '2024-04-18 11:18:59', 'created_at': '2024-01-02 13:27:08', 'custom_fields': [], 'creator': 'amr.ahmed', 'company': '', 'owner': 'theeb-admin', 'last_update': {'dtt': 1713718807000, 'dts': 1713718811014, 'spd': 36, 'ang': 155, 'alt': 653, 'chPrams': {'Speed': {'v': 36, 'cdt': 1713718807000}, 'output1': {'v': False, 'cdt': 1712618743000}, 'output2': {'v': False, 'cdt': 1712618743000}, 'ePwrV': {'v': 14.238, 'cdt': 1713718807000}, 'parm24': {'v': 36, 'cdt': 1713718807000}, 'sat': {'v': 10, 'cdt': 1713718761000}, 'ai1': {'v': 6348, 'cdt': 1713718807000}, 'priority': {'v': 0, 'cdt': 1711449672000}, 'di2': {'v': 0, 'cdt': 1712059608000}, 'type': {'v': 6, 'cdt': 1712389791000}, 'di1': {'v': 1, 'cdt': 1713717154000}, 'result': {'v': '5665723a30332e32372e31345f3030204750533a41584e5f352e312e392048773a464d42313230204d6f643a333320494d45493a33353230313637303431363136313120496e69743a323032342d332d3520323a353220557074696d653a34303933333335204d41433a333838413231334634424245205350433a312830292041584c3a32204f42443a3020424c3a312e31302042543a34', 'cdt': 1713704253000}, 'protocol': {'v': 'FMB120', 'cdt': 1713704267000}, 'parm6': {'v': 43, 'cdt': 1712059608000}, 'iPwrV': {'v': 3.99, 'cdt': 1713718669000}, 'event': {'v': 0, 'cdt': 1711449672000}}, 'prms': {'protocol': 'FMB120', 'priority': 0, 'sat': 10, 'event': 0, 'di1': 1, 'output1': 0, 'di2': 0, 'output2': 0, 'ePwrV': 14.238, 'Speed': 36, 'parm24': 36, 'iPwrV': 3.99, 'ai1': 6348, 'parm6': 43}, 'devPrms': ['protocol', 'priority', 'sat', 'event', 'di1', 'output1', 'di2', 'output2', 'ePwrV', 'Speed', 'parm24', 'iPwrV', 'ai1', 'parm6'], 'old_params': {'protocol': 'FMB120', 'priority': 0, 'sat': 10, 'event': 0, 'di1': 1, 'output1': 0, 'di2': 0, 'output2': 0, 'ePwrV': 14.254, 'Speed': 23, 'parm24': 23, 'iPwrV': 3.99, 'ai1': 6457, 'parm6': 43}, 'vLoc': 1, 'vCon': 1, 'ip': '37.216.23.156', 'rl': 0.0687, 'trl': 12138.6718, 'mdu': 8, 'tmdu': 820644, 'eidl': 0, 'teidl': 388422, 'fc': 0.008244, 'tfc': 1448.26288, 'acc': 1, 'accOn': 1238914, 'accOff': 8804562, 'sdu': 0, 'tsdu': 0, 'lat': 24.7330483, 'lng': 46.752285}, 'counters': {'engine_hours': 1238914, 'last_acc': 1, 'odometer': 12138.4554, 'engine_hours_type': 'acc', 'odometer_type': 'gps'}, 'is_wasl_connected': 'Not Connected', 'iconUrl': 'https://api.afaqy.sa/images/units/icons/icon.png', 'hasCCTV': False}
[2024-04-21T17:00:55.870+0000] {warnings.py:109} WARNING - /home/***/.local/lib/python3.8/site-packages/elasticsearch/_sync/client/__init__.py:399: SecurityWarning: Connecting to 'https://dbelk1.afaqy.local:9200' using TLS with verify_certs=False is insecure
  _transport = transport_class(

[2024-04-21T17:00:56.083+0000] {warnings.py:109} WARNING - /home/***/.local/lib/python3.8/site-packages/elasticsearch/_sync/client/__init__.py:399: SecurityWarning: Connecting to 'https://dbelk3.afaqy.local:9200' using TLS with verify_certs=False is insecure
  _transport = transport_class(

[2024-04-21T17:00:56.275+0000] {warnings.py:109} WARNING - /home/***/.local/lib/python3.8/site-packages/elasticsearch/_sync/client/__init__.py:399: SecurityWarning: Connecting to 'https://dbelk2.afaqy.local:9200' using TLS with verify_certs=False is insecure
  _transport = transport_class(

[2024-04-21T17:00:56.315+0000] {warnings.py:109} WARNING - /home/***/.local/lib/python3.8/site-packages/urllib3/connectionpool.py:1061: InsecureRequestWarning: Unverified HTTPS request is being made to host 'dbelk1.afaqy.local'. Adding certificate verification is strongly advised. See: https://urllib3.readthedocs.io/en/1.26.x/advanced-usage.html#ssl-warnings
  warnings.warn(

[2024-04-21T17:00:56.368+0000] {_transport.py:335} INFO - GET https://dbelk1.afaqy.local:9200/_cluster/health [status:200 duration:0.091s]
[2024-04-21T17:00:57.316+0000] {warnings.py:109} WARNING - /home/***/.local/lib/python3.8/site-packages/urllib3/connectionpool.py:1061: InsecureRequestWarning: Unverified HTTPS request is being made to host 'dbelk3.afaqy.local'. Adding certificate verification is strongly advised. See: https://urllib3.readthedocs.io/en/1.26.x/advanced-usage.html#ssl-warnings
  warnings.warn(

[2024-04-21T17:01:00.287+0000] {_transport.py:335} INFO - PUT https://dbelk3.afaqy.local:9200/units_statistics_***/_bulk [status:200 duration:3.003s]
[2024-04-21T17:01:00.489+0000] {python.py:202} INFO - Done. Returned value was: None
[2024-04-21T17:01:00.512+0000] {taskinstance.py:1149} INFO - Marking task as SUCCESS. dag_id=Units_statistics_DAG, task_id=ETL_job, map_index=15, execution_date=20240421T164000, start_date=20240421T170019, end_date=20240421T170100
[2024-04-21T17:01:00.590+0000] {local_task_job_runner.py:234} INFO - Task exited with return code 0
[2024-04-21T17:01:00.618+0000] {taskinstance.py:3312} INFO - 0 downstream tasks scheduled from follow-on schedule check
