[2024-05-09T23:21:49.727+0000] {taskinstance.py:1979} INFO - Dependencies all met for dep_context=non-requeueable deps ti=<TaskInstance: Units_statistics_DAG.ETL_job scheduled__2024-05-09T23:00:00+00:00 map_index=15 [queued]>
[2024-05-09T23:21:49.746+0000] {taskinstance.py:1979} INFO - Dependencies all met for dep_context=requeueable deps ti=<TaskInstance: Units_statistics_DAG.ETL_job scheduled__2024-05-09T23:00:00+00:00 map_index=15 [queued]>
[2024-05-09T23:21:49.747+0000] {taskinstance.py:2193} INFO - Starting attempt 2 of 4
[2024-05-09T23:21:49.768+0000] {taskinstance.py:2217} INFO - Executing <Mapped(_PythonDecoratedOperator): ETL_job> on 2024-05-09 23:00:00+00:00
[2024-05-09T23:21:49.776+0000] {standard_task_runner.py:60} INFO - Started process 898878 to run task
[2024-05-09T23:21:49.784+0000] {standard_task_runner.py:87} INFO - Running: ['***', 'tasks', 'run', 'Units_statistics_DAG', 'ETL_job', 'scheduled__2024-05-09T23:00:00+00:00', '--job-id', '45751', '--raw', '--subdir', 'DAGS_FOLDER/Units_dag.py', '--cfg-path', '/tmp/tmpnb_5c0jp', '--map-index', '15']
[2024-05-09T23:21:49.786+0000] {standard_task_runner.py:88} INFO - Job 45751: Subtask ETL_job
[2024-05-09T23:21:49.897+0000] {task_command.py:423} INFO - Running <TaskInstance: Units_statistics_DAG.ETL_job scheduled__2024-05-09T23:00:00+00:00 map_index=15 [running]> on host a09da322e808
[2024-05-09T23:21:50.121+0000] {taskinstance.py:2513} INFO - Exporting env vars: AIRFLOW_CTX_DAG_OWNER='abeer-araby' AIRFLOW_CTX_DAG_ID='Units_statistics_DAG' AIRFLOW_CTX_TASK_ID='ETL_job' AIRFLOW_CTX_EXECUTION_DATE='2024-05-09T23:00:00+00:00' AIRFLOW_CTX_TRY_NUMBER='2' AIRFLOW_CTX_DAG_RUN_ID='scheduled__2024-05-09T23:00:00+00:00'
[2024-05-09T23:21:50.122+0000] {Units_dag.py:98} INFO - i: 150000, chunk: 10000
[2024-05-09T23:21:50.123+0000] {Units_dag.py:99} INFO - child token is::: eyJ0eXAiOiJKV1QiLCJhbGciOiJIUzI1NiJ9.eyJpc3MiOiJodHRwczovL2FwaS5hZmFxeS5zYS9hdXRoL2xvZ2luX2FzIiwiaWF0IjoxNzE1Mjk2ODA0LCJleHAiOjE3MTc4ODg4MDQsIm5iZiI6MTcxNTI5NjgwNCwianRpIjoiOE00dVEzeW1EOU8yRThtUyIsInN1YiI6IjVkNjNlNTFlMDNlZDUyOTJhNDJjMjRlNiIsInBydiI6IjI3MGVjZmM3ZWEzZWQ5MzdlYTg0OTM2MmEzYTUwOTEwYzZkOGNlNGYiLCJsb2dpbl9hc19pZCI6IjY1N2YwYWQ3M2Y5NzcyOTVjZjA1NTc2YSJ9.kHXmBS8SSgdx9mwIk-LGo5f2mvwcXSctWM_GASKMbbg
[2024-05-09T23:22:09.584+0000] {Units_dag.py:103} INFO - {'_id': '659bf827c8b8178bb8139122', 'icon': 'icons/icon.png', 'driver_id': '', 'tailer_id': '', 'profile': {'vehicle_type': '', 'measurement_type': 'count', 'max_capacity': 0, 'vin': '', 'plate_number': '', 'start_operation': '', 'contract_milage': '', 'opening_milage': '', 'model': '', 'fuel_type': '91', 'year': 0, 'seats': 2}, 'shipment_info': {'product_category': None, 'truck_type': None, 'shipment_type': None, 'shipment_payment_type': None, 'transporter_type': None, 'operating_area': None, 'weight_kilograms_per_day': None, 'kms_per_day': None, 'shipment_trip_drive_hrs_day': None, 'allowable_delay_drive_hrs_day': None, 'expected_shipment_trip_day': None, 'car_pay_per_day': None, 'exceeding_temperature_limit_per_day': None, 'temperature_upper_limit': None, 'exceeding_humidity_limit_per_day': None, 'humidity_upper_limit': None}, 'device_password': '***', 'device_type': 'gps', 'gateway': False, 'business_types': {'waste': False, 'transportation': True, 'water': False}, 'name': '8752EER', 'operation_code': '', 'device_gateway': '', 'skip_sim_information': False, 'imei': '866069061021174', 'sim_number': '+966830020337744', 'sim_serial': '8996609821112128735', 'device_serial': '1135686258', 'device': 'teltonika', 'user_id': '631866bf3cdfd0479c43062d', 'created_by': '5e6655bf03ed52e1ab79d301', 'updated_at': '2024-04-18 11:18:59', 'created_at': '2024-01-08 16:27:03', 'custom_fields': [], 'creator': 'amr.ahmed', 'company': '', 'owner': 'dar-almerkaba-admin', 'last_update': {'dtt': 1715296896000, 'dts': 1715296898908, 'spd': 0, 'ang': 302, 'alt': 702, 'chPrams': {'Speed': {'v': 0, 'cdt': 1715296836000}, 'output1': {'v': False, 'cdt': 1714988667000}, 'ePwrV': {'v': 13.086, 'cdt': 1715296866000}, 'parm24': {'v': 0, 'cdt': 1715296836000}, 'sat': {'v': 16, 'cdt': 1715296896000}, 'ai1': {'v': 87, 'cdt': 1714408966000}, 'type': {'v': 6, 'cdt': 1712865665000}, 'priority': {'v': 0, 'cdt': 1715163184000}, 'di1': {'v': 1, 'cdt': 1715286394000}, 'result': {'v': '5665723a30332e32382e30325f313937204750533a41584e5f352e312e392048773a464d43393230204d6f643a3120494d45493a38363630363930363130323131373420496e69743a323032342d312d33312031393a353620557074696d653a38333532333330204d41433a333838413231393031363533205350433a312830292041584c3a31204f42443a3020424c3a312e31302042543a34', 'cdt': 1715098218000}, 'protocol': {'v': 'FMC920', 'cdt': 1714988667000}, 'iPwrV': {'v': 4.033, 'cdt': 1715268477000}, 'event': {'v': 0, 'cdt': 1715163184000}}, 'prms': {'protocol': 'FMC920', 'priority': 0, 'sat': 16, 'event': 0, 'di1': 1, 'output1': 0, 'ePwrV': 13.086, 'Speed': 0, 'parm24': 0, 'iPwrV': 4.033, 'ai1': 87}, 'devPrms': ['protocol', 'priority', 'sat', 'event', 'di1', 'output1', 'ePwrV', 'Speed', 'parm24', 'iPwrV', 'ai1'], 'old_params': {'protocol': 'FMC920', 'priority': 0, 'sat': 15, 'event': 0, 'di1': 1, 'output1': 0, 'ePwrV': 13.086, 'Speed': 0, 'parm24': 0, 'iPwrV': 4.033, 'ai1': 87}, 'vLoc': 1, 'vCon': 1, 'ip': '109.83.154.70', 'rl': 0, 'trl': 11155.6261, 'mdu': 0, 'tmdu': 966284, 'eidl': 30, 'teidl': 930338, 'fc': 0, 'tfc': 357.626136, 'acc': 1, 'accOn': 1942232, 'accOff': 640439408, 'sdu': 0, 'tsdu': 0, 'lat': 24.80221, 'lng': 46.5817383}, 'counters': {'engine_hours': 1942232, 'last_acc': 1, 'odometer': 11155.4987, 'engine_hours_type': '', 'odometer_type': ''}, 'is_wasl_connected': 'Not Connected', 'iconUrl': 'https://api.afaqy.sa/images/units/icons/icon.png', 'hasCCTV': False}
[2024-05-09T23:22:10.143+0000] {warnings.py:109} WARNING - /home/***/.local/lib/python3.8/site-packages/elasticsearch/_sync/client/__init__.py:399: SecurityWarning: Connecting to 'https://dbelk2.afaqy.local:9200' using TLS with verify_certs=False is insecure
  _transport = transport_class(

[2024-05-09T23:22:10.191+0000] {warnings.py:109} WARNING - /home/***/.local/lib/python3.8/site-packages/elasticsearch/_sync/client/__init__.py:399: SecurityWarning: Connecting to 'https://dbelk3.afaqy.local:9200' using TLS with verify_certs=False is insecure
  _transport = transport_class(

[2024-05-09T23:22:10.238+0000] {warnings.py:109} WARNING - /home/***/.local/lib/python3.8/site-packages/elasticsearch/_sync/client/__init__.py:399: SecurityWarning: Connecting to 'https://dbelk1.afaqy.local:9200' using TLS with verify_certs=False is insecure
  _transport = transport_class(

[2024-05-09T23:22:10.260+0000] {warnings.py:109} WARNING - /home/***/.local/lib/python3.8/site-packages/urllib3/connectionpool.py:1061: InsecureRequestWarning: Unverified HTTPS request is being made to host 'dbelk2.afaqy.local'. Adding certificate verification is strongly advised. See: https://urllib3.readthedocs.io/en/1.26.x/advanced-usage.html#ssl-warnings
  warnings.warn(

[2024-05-09T23:22:10.345+0000] {_transport.py:335} INFO - GET https://dbelk2.afaqy.local:9200/_cluster/health [status:200 duration:0.105s]
[2024-05-09T23:22:12.016+0000] {warnings.py:109} WARNING - /home/***/.local/lib/python3.8/site-packages/urllib3/connectionpool.py:1061: InsecureRequestWarning: Unverified HTTPS request is being made to host 'dbelk3.afaqy.local'. Adding certificate verification is strongly advised. See: https://urllib3.readthedocs.io/en/1.26.x/advanced-usage.html#ssl-warnings
  warnings.warn(

[2024-05-09T23:22:12.169+0000] {_transport.py:335} INFO - PUT https://dbelk3.afaqy.local:9200/units_statistics_***/_bulk [status:200 duration:1.348s]
[2024-05-09T23:22:12.718+0000] {taskinstance.py:2731} ERROR - Task failed with exception
Traceback (most recent call last):
  File "/home/airflow/.local/lib/python3.8/site-packages/airflow/models/taskinstance.py", line 444, in _execute_task
    result = _execute_callable(context=context, **execute_callable_kwargs)
  File "/home/airflow/.local/lib/python3.8/site-packages/airflow/models/taskinstance.py", line 414, in _execute_callable
    return execute_callable(context=context, **execute_callable_kwargs)
  File "/home/airflow/.local/lib/python3.8/site-packages/airflow/decorators/base.py", line 241, in execute
    return_value = super().execute(context)
  File "/home/airflow/.local/lib/python3.8/site-packages/airflow/operators/python.py", line 200, in execute
    return_value = self.execute_callable()
  File "/home/airflow/.local/lib/python3.8/site-packages/airflow/operators/python.py", line 217, in execute_callable
    return self.python_callable(*self.op_args, **self.op_kwargs)
  File "/opt/airflow/dags/Units_dag.py", line 111, in ETL_job
    Elk_client.elk_pushData(Globals.index_name,units_list_update)
  File "/opt/airflow/dags/units_statistics/elk_manager.py", line 69, in elk_pushData
    helpers.bulk(self.elk_client, docs_list, index=index_name, chunk_size=batch)
  File "/home/airflow/.local/lib/python3.8/site-packages/elasticsearch/helpers/actions.py", line 521, in bulk
    for ok, item in streaming_bulk(
  File "/home/airflow/.local/lib/python3.8/site-packages/elasticsearch/helpers/actions.py", line 436, in streaming_bulk
    for data, (ok, info) in zip(
  File "/home/airflow/.local/lib/python3.8/site-packages/elasticsearch/helpers/actions.py", line 355, in _process_bulk_chunk
    yield from gen
  File "/home/airflow/.local/lib/python3.8/site-packages/elasticsearch/helpers/actions.py", line 274, in _process_bulk_chunk_success
    raise BulkIndexError(f"{len(errors)} document(s) failed to index.", errors)
elasticsearch.helpers.BulkIndexError: 10000 document(s) failed to index.
[2024-05-09T23:22:12.736+0000] {taskinstance.py:1149} INFO - Marking task as UP_FOR_RETRY. dag_id=Units_statistics_DAG, task_id=ETL_job, map_index=15, execution_date=20240509T230000, start_date=20240509T232149, end_date=20240509T232212
[2024-05-09T23:22:12.763+0000] {standard_task_runner.py:107} ERROR - Failed to execute job 45751 for task ETL_job (10000 document(s) failed to index.; 898878)
[2024-05-09T23:22:12.822+0000] {local_task_job_runner.py:234} INFO - Task exited with return code 1
[2024-05-09T23:22:12.864+0000] {taskinstance.py:3312} INFO - 0 downstream tasks scheduled from follow-on schedule check
