[2024-04-25T05:40:16.450+0000] {taskinstance.py:1979} INFO - Dependencies all met for dep_context=non-requeueable deps ti=<TaskInstance: Units_statistics_DAG.ETL_job scheduled__2024-04-25T05:20:00+00:00 map_index=6 [queued]>
[2024-04-25T05:40:16.513+0000] {taskinstance.py:1979} INFO - Dependencies all met for dep_context=requeueable deps ti=<TaskInstance: Units_statistics_DAG.ETL_job scheduled__2024-04-25T05:20:00+00:00 map_index=6 [queued]>
[2024-04-25T05:40:16.513+0000] {taskinstance.py:2193} INFO - Starting attempt 1 of 4
[2024-04-25T05:40:16.609+0000] {taskinstance.py:2217} INFO - Executing <Mapped(_PythonDecoratedOperator): ETL_job> on 2024-04-25 05:20:00+00:00
[2024-04-25T05:40:16.670+0000] {standard_task_runner.py:60} INFO - Started process 536056 to run task
[2024-04-25T05:40:16.739+0000] {standard_task_runner.py:87} INFO - Running: ['***', 'tasks', 'run', 'Units_statistics_DAG', 'ETL_job', 'scheduled__2024-04-25T05:20:00+00:00', '--job-id', '15862', '--raw', '--subdir', 'DAGS_FOLDER/Units_dag.py', '--cfg-path', '/tmp/tmp7egjkp2z', '--map-index', '6']
[2024-04-25T05:40:16.759+0000] {standard_task_runner.py:88} INFO - Job 15862: Subtask ETL_job
[2024-04-25T05:40:17.033+0000] {task_command.py:423} INFO - Running <TaskInstance: Units_statistics_DAG.ETL_job scheduled__2024-04-25T05:20:00+00:00 map_index=6 [running]> on host a09da322e808
[2024-04-25T05:40:17.475+0000] {taskinstance.py:2513} INFO - Exporting env vars: AIRFLOW_CTX_DAG_OWNER='abeer-araby' AIRFLOW_CTX_DAG_ID='Units_statistics_DAG' AIRFLOW_CTX_TASK_ID='ETL_job' AIRFLOW_CTX_EXECUTION_DATE='2024-04-25T05:20:00+00:00' AIRFLOW_CTX_TRY_NUMBER='1' AIRFLOW_CTX_DAG_RUN_ID='scheduled__2024-04-25T05:20:00+00:00'
[2024-04-25T05:40:17.476+0000] {Units_dag.py:99} INFO - i: 60000, chunk: 10000
[2024-04-25T05:40:17.476+0000] {Units_dag.py:100} INFO - child token is::: eyJ0eXAiOiJKV1QiLCJhbGciOiJIUzI1NiJ9.eyJpc3MiOiJodHRwczovL2FwaS5hZmFxeS5zYS9hdXRoL2xvZ2luX2FzIiwiaWF0IjoxNzE0MDIzNjA0LCJleHAiOjE3MTY2MTU2MDQsIm5iZiI6MTcxNDAyMzYwNCwianRpIjoiSnFoTnZqN2xBS0ZxN3ZyUiIsInN1YiI6IjVkNjNlNTFlMDNlZDUyOTJhNDJjMjRlNiIsInBydiI6IjI3MGVjZmM3ZWEzZWQ5MzdlYTg0OTM2MmEzYTUwOTEwYzZkOGNlNGYiLCJsb2dpbl9hc19pZCI6IjY1N2YwYWQ3M2Y5NzcyOTVjZjA1NTc2YSJ9.UfIat5YMhIkd409VayfXK4EmnsDnZJ6QhyaL4LCU4O4
[2024-04-25T05:40:52.576+0000] {Units_dag.py:104} INFO - {'_id': '632884aa7662272f81103471', 'icon': 'icons/D_7.png', 'driver_id': '', 'tailer_id': '', 'profile': {'vehicle_type': None, 'measurement_type': 'count', 'max_capacity': 0, 'vin': None, 'plate_number': None, 'start_operation': None, 'contract_milage': None, 'opening_milage': None, 'model': None, 'fuel_type': '91', 'year': 0, 'seats': 2}, 'device_password': '***', 'device_type': 'gps', 'gateway': False, 'name': '1992 - A S A', 'operation_code': '', 'device_gateway': '', 'business_types': {'waste': False, 'transportation': True, 'water': False}, 'imei': '357073298605268', 'sim_number': '+966830028616385', 'sim_serial': '996609821111330851', 'device_serial': '1125014756', 'device': 'teltonika', 'user_id': '62b9a1516bfc54699f7b0c2b', 'created_by': '5e6655bf03ed52e1ab79d301', 'updated_at': '2024-04-18 11:18:59', 'created_at': '2022-09-19 18:03:06', 'shipment_info': None, 'skip_sim_information': False, 'custom_fields': [], 'creator': 'amr.ahmed', 'company': '', 'owner': 'saudi-hemaya-admin', 'last_update': {'dtt': 1714023453000, 'dts': 1714023457555, 'spd': 0, 'ang': 0, 'alt': 983, 'chPrams': {'Speed': {'v': 0, 'cdt': 1713985239000}, 'output1': {'v': False, 'cdt': 1713964934000}, 'output2': {'v': False, 'cdt': 1713964934000}, 'ePwrV': {'v': 25.734, 'cdt': 1714023453000}, 'parm24': {'v': 0, 'cdt': 1713985239000}, 'sat': {'v': 17, 'cdt': 1714023453000}, 'ai1': {'v': 9483, 'cdt': 1714023453000}, 'priority': {'v': 0, 'cdt': 1711460606000}, 'di2': {'v': 0, 'cdt': 1711460606000}, 'type': {'v': 6, 'cdt': 1711516001000}, 'di1': {'v': 0, 'cdt': 1713987012000}, 'result': {'v': '5665723a30332e32372e30375f3030204750533a41584e5f352e312e392048773a464d42313230204d6f643a333320494d45493a33353730373332393836303532363820496e69743a323032342d342d32342032323a323120557074696d653a3130323032204d41433a303031453432374632453545205350433a312830292041584c3a32204f42443a3020424c3a312e31302042543a34', 'cdt': 1714007525000}, 'parm6': {'v': 174, 'cdt': 1713959928000}, 'protocol': {'v': 'FMB120', 'cdt': 1714007825000}, 'iPwrV': {'v': 4, 'cdt': 1714005721000}, 'event': {'v': 0, 'cdt': 1711460606000}}, 'prms': {'protocol': 'FMB120', 'priority': 0, 'sat': 17, 'event': 0, 'di1': 0, 'output1': 0, 'di2': 0, 'output2': 0, 'ePwrV': 25.734, 'Speed': 0, 'parm24': 0, 'iPwrV': 4, 'ai1': 9483, 'parm6': 174}, 'devPrms': ['protocol', 'priority', 'sat', 'event', 'di1', 'output1', 'di2', 'output2', 'ePwrV', 'Speed', 'parm24', 'iPwrV', 'ai1', 'parm6'], 'old_params': {'Speed': 0, 'output1': 0, 'output2': 0, 'ePwrV': 25.69, 'parm24': 0, 'sat': 18, 'ai1': 9064, 'priority': 0, 'di2': 0, 'di1': 0, 'protocol': 'teltonika', 'parm6': 174, 'iPwrV': 4, 'event': 0}, 'vLoc': 1, 'vCon': 1, 'ip': '109.83.18.115', 'rl': 0, 'trl': 261236.7416, 'mdu': 0, 'tmdu': 14460434, 'eidl': 0, 'teidl': 6508513, 'fc': 0, 'tfc': 856.419996, 'acc': 0, 'accOn': -1109214231, 'accOff': 4310199912, 'sdu': 301, 'tsdu': 36441, 'lat': 27.4857833, 'lng': 41.75179}, 'counters': {'odometer_type': 'gps', 'odometer': 261236.726, 'engine_hours_type': 'acc', 'engine_hours': -1109214231, 'last_acc': 0}, 'is_wasl_connected': 'Connected', 'iconUrl': 'https://api.afaqy.sa/images/units/icons/D_7.png', 'hasCCTV': False}
[2024-04-25T05:40:54.853+0000] {warnings.py:109} WARNING - /home/***/.local/lib/python3.8/site-packages/elasticsearch/_sync/client/__init__.py:399: SecurityWarning: Connecting to 'https://dbelk2.afaqy.local:9200' using TLS with verify_certs=False is insecure
  _transport = transport_class(

[2024-04-25T05:40:55.100+0000] {warnings.py:109} WARNING - /home/***/.local/lib/python3.8/site-packages/elasticsearch/_sync/client/__init__.py:399: SecurityWarning: Connecting to 'https://dbelk1.afaqy.local:9200' using TLS with verify_certs=False is insecure
  _transport = transport_class(

[2024-04-25T05:40:55.354+0000] {warnings.py:109} WARNING - /home/***/.local/lib/python3.8/site-packages/elasticsearch/_sync/client/__init__.py:399: SecurityWarning: Connecting to 'https://dbelk3.afaqy.local:9200' using TLS with verify_certs=False is insecure
  _transport = transport_class(

[2024-04-25T05:40:55.424+0000] {warnings.py:109} WARNING - /home/***/.local/lib/python3.8/site-packages/urllib3/connectionpool.py:1061: InsecureRequestWarning: Unverified HTTPS request is being made to host 'dbelk2.afaqy.local'. Adding certificate verification is strongly advised. See: https://urllib3.readthedocs.io/en/1.26.x/advanced-usage.html#ssl-warnings
  warnings.warn(

[2024-04-25T05:40:55.514+0000] {_transport.py:335} INFO - GET https://dbelk2.afaqy.local:9200/_cluster/health [status:200 duration:0.135s]
[2024-04-25T05:40:56.090+0000] {warnings.py:109} WARNING - /home/***/.local/lib/python3.8/site-packages/urllib3/connectionpool.py:1061: InsecureRequestWarning: Unverified HTTPS request is being made to host 'dbelk1.afaqy.local'. Adding certificate verification is strongly advised. See: https://urllib3.readthedocs.io/en/1.26.x/advanced-usage.html#ssl-warnings
  warnings.warn(

[2024-04-25T05:41:00.230+0000] {_transport.py:335} INFO - PUT https://dbelk1.afaqy.local:9200/units_statistics_***/_bulk [status:200 duration:4.157s]
[2024-04-25T05:41:00.408+0000] {python.py:202} INFO - Done. Returned value was: None
[2024-04-25T05:41:00.428+0000] {taskinstance.py:1149} INFO - Marking task as SUCCESS. dag_id=Units_statistics_DAG, task_id=ETL_job, map_index=6, execution_date=20240425T052000, start_date=20240425T054016, end_date=20240425T054100
[2024-04-25T05:41:00.641+0000] {local_task_job_runner.py:234} INFO - Task exited with return code 0
[2024-04-25T05:41:00.676+0000] {taskinstance.py:3312} INFO - 0 downstream tasks scheduled from follow-on schedule check
