[2024-05-05T10:20:14.133+0000] {taskinstance.py:1979} INFO - Dependencies all met for dep_context=non-requeueable deps ti=<TaskInstance: Units_statistics_DAG.ETL_job scheduled__2024-05-05T10:00:00+00:00 map_index=6 [queued]>
[2024-05-05T10:20:14.198+0000] {taskinstance.py:1979} INFO - Dependencies all met for dep_context=requeueable deps ti=<TaskInstance: Units_statistics_DAG.ETL_job scheduled__2024-05-05T10:00:00+00:00 map_index=6 [queued]>
[2024-05-05T10:20:14.199+0000] {taskinstance.py:2193} INFO - Starting attempt 1 of 4
[2024-05-05T10:20:14.299+0000] {taskinstance.py:2217} INFO - Executing <Mapped(_PythonDecoratedOperator): ETL_job> on 2024-05-05 10:00:00+00:00
[2024-05-05T10:20:14.372+0000] {standard_task_runner.py:60} INFO - Started process 780278 to run task
[2024-05-05T10:20:14.406+0000] {standard_task_runner.py:87} INFO - Running: ['***', 'tasks', 'run', 'Units_statistics_DAG', 'ETL_job', 'scheduled__2024-05-05T10:00:00+00:00', '--job-id', '33091', '--raw', '--subdir', 'DAGS_FOLDER/Units_dag.py', '--cfg-path', '/tmp/tmp4pvalei_', '--map-index', '6']
[2024-05-05T10:20:14.431+0000] {standard_task_runner.py:88} INFO - Job 33091: Subtask ETL_job
[2024-05-05T10:20:14.741+0000] {task_command.py:423} INFO - Running <TaskInstance: Units_statistics_DAG.ETL_job scheduled__2024-05-05T10:00:00+00:00 map_index=6 [running]> on host a09da322e808
[2024-05-05T10:20:15.337+0000] {taskinstance.py:2513} INFO - Exporting env vars: AIRFLOW_CTX_DAG_OWNER='abeer-araby' AIRFLOW_CTX_DAG_ID='Units_statistics_DAG' AIRFLOW_CTX_TASK_ID='ETL_job' AIRFLOW_CTX_EXECUTION_DATE='2024-05-05T10:00:00+00:00' AIRFLOW_CTX_TRY_NUMBER='1' AIRFLOW_CTX_DAG_RUN_ID='scheduled__2024-05-05T10:00:00+00:00'
[2024-05-05T10:20:15.338+0000] {Units_dag.py:99} INFO - i: 60000, chunk: 10000
[2024-05-05T10:20:15.339+0000] {Units_dag.py:100} INFO - child token is::: eyJ0eXAiOiJKV1QiLCJhbGciOiJIUzI1NiJ9.eyJpc3MiOiJodHRwczovL2FwaS5hZmFxeS5zYS9hdXRoL2xvZ2luX2FzIiwiaWF0IjoxNzE0OTA0NDA0LCJleHAiOjE3MTc0OTY0MDQsIm5iZiI6MTcxNDkwNDQwNCwianRpIjoiOUZpTHh5aHdpQWFMVG1kYiIsInN1YiI6IjVkNjNlNTFlMDNlZDUyOTJhNDJjMjRlNiIsInBydiI6IjI3MGVjZmM3ZWEzZWQ5MzdlYTg0OTM2MmEzYTUwOTEwYzZkOGNlNGYiLCJsb2dpbl9hc19pZCI6IjY1N2YwYWQ3M2Y5NzcyOTVjZjA1NTc2YSJ9.ywEvIYkluJCVKLe2zqMMJQIysv6XzJ6PuJ7f3OM7K-w
[2024-05-05T10:20:46.562+0000] {Units_dag.py:104} INFO - {'_id': '6329e8d1a6f87f6340786320', 'icon': 'icons/icon.png', 'driver_id': '', 'tailer_id': '', 'profile': {'vehicle_type': '', 'measurement_type': 'count', 'max_capacity': 0, 'vin': '', 'plate_number': '', 'start_operation': '', 'contract_milage': '', 'opening_milage': '', 'model': '', 'fuel_type': '91', 'year': 0, 'seats': 2}, 'device_password': '***', 'device_type': 'gps', 'gateway': False, 'name': 'أ ر م 8749', 'operation_code': '', 'imei': '350544508021188', 'sim_number': '+966821111337222', 'sim_serial': '8996609821111337222', 'device_serial': '1125799554', 'device': 'teltonika', 'created_by': '5e539d8203ed52f71d634478', 'user_id': '5e539d8203ed52f71d634478', 'updated_at': '2024-04-18 11:18:59', 'created_at': '2022-09-20 19:22:41', 'business_types': {'waste': False, 'transportation': True, 'water': False, 'hajj': False}, 'device_gateway': '', 'custom_fields': [], 'creator': 'aemallamar', 'company': '', 'owner': 'aemallamar', 'last_update': {'dtt': 1714904404000, 'dts': 1714904407649, 'spd': 3, 'ang': 286, 'alt': 375, 'chPrams': {'parm76': {'v': 0, 'cdt': 1712760517000}, 'output1': {'v': False, 'cdt': 1714843636000}, 'output2': {'v': False, 'cdt': 1714843636000}, 'ePwrV': {'v': 28.259, 'cdt': 1714904404000}, 'sat': {'v': 15, 'cdt': 1714904404000}, 'ai1': {'v': 1926, 'cdt': 1714904404000}, 'priority': {'v': 0, 'cdt': 1714890115000}, 'di2': {'v': 0, 'cdt': 1712760517000}, 'type': {'v': 6, 'cdt': 1713983387000}, 'di1': {'v': 1, 'cdt': 1714889488000}, 'temp1': {'v': 0, 'cdt': 1712946803000}, 'result': {'v': '5665723a30332e32372e31335f3033204750533a41584e5f352e312e392048773a464d42313230204d6f643a333320494d45493a33353035343435303830323131383820496e69743a323032342d312d31382032323a313720557074696d653a39323730383536204d41433a333838413231313735303734205350433a312830292041584c3a32204f42443a3020424c3a312e31302042543a34', 'cdt': 1714903640000}, 'protocol': {'v': 'FMB120', 'cdt': 1714903172000}, 'temp5': {'v': 30, 'cdt': 1712946803000}, 'parm29': {'v': 0, 'cdt': 1712760517000}, 'iPwrV': {'v': 4, 'cdt': 1714904003000}, 'event': {'v': 0, 'cdt': 1714889489000}, 'humidity86': {'v': 300, 'cdt': 1712946803000}}, 'prms': {'protocol': 'FMB120', 'priority': 0, 'sat': 15, 'event': 0, 'di1': 1, 'output1': 0, 'di2': 0, 'output2': 0, 'parm29': 0, 'ePwrV': 28.259, 'iPwrV': 4, 'ai1': 1926, 'temp5': 30, 'humidity86': 300, 'temp1': 0, 'parm76': 0}, 'devPrms': ['protocol', 'priority', 'sat', 'event', 'di1', 'output1', 'di2', 'output2', 'parm29', 'ePwrV', 'iPwrV', 'ai1', 'temp5', 'humidity86', 'temp1', 'parm76', 'type', 'result'], 'old_params': {'protocol': 'FMB120', 'priority': 0, 'sat': 16, 'event': 0, 'di1': 1, 'output1': 0, 'di2': 0, 'output2': 0, 'parm29': 0, 'ePwrV': 28.255, 'iPwrV': 4, 'ai1': 1931, 'temp5': 30, 'humidity86': 300, 'temp1': 0, 'parm76': 0}, 'vLoc': 1, 'vCon': 1, 'ip': '109.83.228.210', 'rl': 0.0081, 'trl': 297450.6876, 'mdu': 0, 'tmdu': 17266117, 'eidl': 13, 'teidl': 11460987, 'fc': 0.000972, 'tfc': 25.985928, 'acc': 1, 'accOn': 29332448, 'accOff': 21666565, 'sdu': 0, 'tsdu': 0, 'lat': 25.6363033, 'lng': 48.2845266}, 'counters': {'odometer_type': 'gps', 'odometer': 297450.6876, 'engine_hours_type': 'acc', 'engine_hours': 29332448, 'last_acc': 1}, 'is_wasl_connected': 'Connected', 'iconUrl': 'https://api.afaqy.sa/images/units/icons/icon.png', 'hasCCTV': False}
[2024-05-05T10:20:47.912+0000] {warnings.py:109} WARNING - /home/***/.local/lib/python3.8/site-packages/elasticsearch/_sync/client/__init__.py:399: SecurityWarning: Connecting to 'https://dbelk2.afaqy.local:9200' using TLS with verify_certs=False is insecure
  _transport = transport_class(

[2024-05-05T10:20:47.993+0000] {warnings.py:109} WARNING - /home/***/.local/lib/python3.8/site-packages/elasticsearch/_sync/client/__init__.py:399: SecurityWarning: Connecting to 'https://dbelk3.afaqy.local:9200' using TLS with verify_certs=False is insecure
  _transport = transport_class(

[2024-05-05T10:20:48.050+0000] {warnings.py:109} WARNING - /home/***/.local/lib/python3.8/site-packages/elasticsearch/_sync/client/__init__.py:399: SecurityWarning: Connecting to 'https://dbelk1.afaqy.local:9200' using TLS with verify_certs=False is insecure
  _transport = transport_class(

[2024-05-05T10:20:48.077+0000] {warnings.py:109} WARNING - /home/***/.local/lib/python3.8/site-packages/urllib3/connectionpool.py:1061: InsecureRequestWarning: Unverified HTTPS request is being made to host 'dbelk2.afaqy.local'. Adding certificate verification is strongly advised. See: https://urllib3.readthedocs.io/en/1.26.x/advanced-usage.html#ssl-warnings
  warnings.warn(

[2024-05-05T10:20:48.155+0000] {_transport.py:335} INFO - GET https://dbelk2.afaqy.local:9200/_cluster/health [status:200 duration:0.100s]
[2024-05-05T10:20:48.871+0000] {warnings.py:109} WARNING - /home/***/.local/lib/python3.8/site-packages/urllib3/connectionpool.py:1061: InsecureRequestWarning: Unverified HTTPS request is being made to host 'dbelk3.afaqy.local'. Adding certificate verification is strongly advised. See: https://urllib3.readthedocs.io/en/1.26.x/advanced-usage.html#ssl-warnings
  warnings.warn(

[2024-05-05T10:20:52.128+0000] {_transport.py:335} INFO - PUT https://dbelk3.afaqy.local:9200/units_statistics_***/_bulk [status:200 duration:3.276s]
[2024-05-05T10:20:52.524+0000] {python.py:202} INFO - Done. Returned value was: None
[2024-05-05T10:20:52.544+0000] {taskinstance.py:1149} INFO - Marking task as SUCCESS. dag_id=Units_statistics_DAG, task_id=ETL_job, map_index=6, execution_date=20240505T100000, start_date=20240505T102014, end_date=20240505T102052
[2024-05-05T10:20:52.616+0000] {local_task_job_runner.py:234} INFO - Task exited with return code 0
[2024-05-05T10:20:52.652+0000] {taskinstance.py:3312} INFO - 0 downstream tasks scheduled from follow-on schedule check
