[2024-05-13T15:20:02.122+0000] {local_task_job_runner.py:120} INFO - ::group::Pre task execution logs
[2024-05-13T15:20:02.167+0000] {taskinstance.py:2076} INFO - Dependencies all met for dep_context=non-requeueable deps ti=<TaskInstance: Units_statistics_DAG.login_parent scheduled__2024-05-13T15:00:00+00:00 [queued]>
[2024-05-13T15:20:02.186+0000] {taskinstance.py:2076} INFO - Dependencies all met for dep_context=requeueable deps ti=<TaskInstance: Units_statistics_DAG.login_parent scheduled__2024-05-13T15:00:00+00:00 [queued]>
[2024-05-13T15:20:02.187+0000] {taskinstance.py:2306} INFO - Starting attempt 1 of 4
[2024-05-13T15:20:02.216+0000] {taskinstance.py:2330} INFO - Executing <Task(_PythonDecoratedOperator): login_parent> on 2024-05-13 15:00:00+00:00
[2024-05-13T15:20:02.225+0000] {warnings.py:110} WARNING - /home/***/.local/lib/python3.12/site-packages/***/task/task_runner/standard_task_runner.py:61: DeprecationWarning: This process (pid=21248) is multi-threaded, use of fork() may lead to deadlocks in the child.
  pid = os.fork()

[2024-05-13T15:20:02.228+0000] {standard_task_runner.py:63} INFO - Started process 21249 to run task
[2024-05-13T15:20:02.229+0000] {standard_task_runner.py:90} INFO - Running: ['***', 'tasks', 'run', 'Units_statistics_DAG', 'login_parent', 'scheduled__2024-05-13T15:00:00+00:00', '--job-id', '56047', '--raw', '--subdir', 'DAGS_FOLDER/Units_dag.py', '--cfg-path', '/tmp/tmp62hjaaye']
[2024-05-13T15:20:02.232+0000] {standard_task_runner.py:91} INFO - Job 56047: Subtask login_parent
[2024-05-13T15:20:02.313+0000] {task_command.py:426} INFO - Running <TaskInstance: Units_statistics_DAG.login_parent scheduled__2024-05-13T15:00:00+00:00 [running]> on host 7138d7e072c5
[2024-05-13T15:20:02.502+0000] {taskinstance.py:2648} INFO - Exporting env vars: AIRFLOW_CTX_DAG_OWNER='abeer-araby' AIRFLOW_CTX_DAG_ID='Units_statistics_DAG' AIRFLOW_CTX_TASK_ID='login_parent' AIRFLOW_CTX_EXECUTION_DATE='2024-05-13T15:00:00+00:00' AIRFLOW_CTX_TRY_NUMBER='1' AIRFLOW_CTX_DAG_RUN_ID='scheduled__2024-05-13T15:00:00+00:00'
[2024-05-13T15:20:02.503+0000] {taskinstance.py:430} INFO - ::endgroup::
[2024-05-13T15:20:03.115+0000] {Units_dag.py:45} INFO - ti context info :eyJ0eXAiOiJKV1QiLCJhbGciOiJIUzI1NiJ9.eyJpc3MiOiJodHRwczovL2FwaS5hZmFxeS5zYS9hdXRoL2xvZ2luIiwiaWF0IjoxNzE1NjEzNjAyLCJleHAiOjE3MTgyMDU2MDIsIm5iZiI6MTcxNTYxMzYwMiwianRpIjoiR0tRTk5kNjNBeFF2NDNDTyIsInN1YiI6IjY1N2YwYWQ3M2Y5NzcyOTVjZjA1NTc2YSIsInBydiI6IjI3MGVjZmM3ZWEzZWQ5MzdlYTg0OTM2MmEzYTUwOTEwYzZkOGNlNGYifQ.-TLsvP2eT97tLv6i7QPi9tUf7kL-_s8BLlJYoEIAdQI
[2024-05-13T15:20:03.118+0000] {python.py:237} INFO - Done. Returned value was: None
[2024-05-13T15:20:03.120+0000] {taskinstance.py:441} INFO - ::group::Post task execution logs
[2024-05-13T15:20:03.139+0000] {taskinstance.py:1206} INFO - Marking task as SUCCESS. dag_id=Units_statistics_DAG, task_id=login_parent, run_id=scheduled__2024-05-13T15:00:00+00:00, execution_date=20240513T150000, start_date=20240513T152002, end_date=20240513T152003
[2024-05-13T15:20:03.208+0000] {local_task_job_runner.py:240} INFO - Task exited with return code 0
[2024-05-13T15:20:03.273+0000] {taskinstance.py:3498} INFO - 1 downstream tasks scheduled from follow-on schedule check
[2024-05-13T15:20:03.275+0000] {local_task_job_runner.py:222} INFO - ::endgroup::
