[2024-04-16T08:11:16.146+0000] {taskinstance.py:1979} INFO - Dependencies all met for dep_context=non-requeueable deps ti=<TaskInstance: Units_statistics_DAG.ETL_job scheduled__2024-04-16T07:00:00+00:00 map_index=11 [queued]>
[2024-04-16T08:11:16.158+0000] {taskinstance.py:1979} INFO - Dependencies all met for dep_context=requeueable deps ti=<TaskInstance: Units_statistics_DAG.ETL_job scheduled__2024-04-16T07:00:00+00:00 map_index=11 [queued]>
[2024-04-16T08:11:16.158+0000] {taskinstance.py:2193} INFO - Starting attempt 3 of 4
[2024-04-16T08:11:16.177+0000] {taskinstance.py:2217} INFO - Executing <Mapped(_PythonDecoratedOperator): ETL_job> on 2024-04-16 07:00:00+00:00
[2024-04-16T08:11:16.183+0000] {standard_task_runner.py:60} INFO - Started process 327864 to run task
[2024-04-16T08:11:16.194+0000] {standard_task_runner.py:87} INFO - Running: ['***', 'tasks', 'run', 'Units_statistics_DAG', 'ETL_job', 'scheduled__2024-04-16T07:00:00+00:00', '--job-id', '3897', '--raw', '--subdir', 'DAGS_FOLDER/Units_dag.py', '--cfg-path', '/tmp/tmpg8khm06_', '--map-index', '11']
[2024-04-16T08:11:16.196+0000] {standard_task_runner.py:88} INFO - Job 3897: Subtask ETL_job
[2024-04-16T08:11:16.276+0000] {task_command.py:423} INFO - Running <TaskInstance: Units_statistics_DAG.ETL_job scheduled__2024-04-16T07:00:00+00:00 map_index=11 [running]> on host a09da322e808
[2024-04-16T08:11:16.446+0000] {taskinstance.py:2513} INFO - Exporting env vars: AIRFLOW_CTX_DAG_OWNER='abeer-araby' AIRFLOW_CTX_DAG_ID='Units_statistics_DAG' AIRFLOW_CTX_TASK_ID='ETL_job' AIRFLOW_CTX_EXECUTION_DATE='2024-04-16T07:00:00+00:00' AIRFLOW_CTX_TRY_NUMBER='3' AIRFLOW_CTX_DAG_RUN_ID='scheduled__2024-04-16T07:00:00+00:00'
[2024-04-16T08:11:16.448+0000] {Units_dag.py:90} INFO - i: 110000, chunk: 10000
[2024-04-16T08:11:16.448+0000] {Units_dag.py:91} INFO - child token is::: eyJ0eXAiOiJKV1QiLCJhbGciOiJIUzI1NiJ9.eyJpc3MiOiJodHRwczovL2FwaS5hZmFxeS5zYS9hdXRoL2xvZ2luX2FzIiwiaWF0IjoxNzEzMjU0NDA0LCJleHAiOjE3MTU4NDY0MDQsIm5iZiI6MTcxMzI1NDQwNCwianRpIjoiSW9WN3Q3Y3FPQVVybUxxaSIsInN1YiI6IjVkNjNlNTFlMDNlZDUyOTJhNDJjMjRlNiIsInBydiI6IjI3MGVjZmM3ZWEzZWQ5MzdlYTg0OTM2MmEzYTUwOTEwYzZkOGNlNGYiLCJsb2dpbl9hc19pZCI6IjY1N2YwYWQ3M2Y5NzcyOTVjZjA1NTc2YSJ9.2M05etDgrssmUKXcq11gV1jvK03n9KTdp2BRqhSWC2k
[2024-04-16T08:11:33.920+0000] {Units_dag.py:95} INFO - {'_id': '6485d70ac1e27d0bf33ef958', 'icon': 'icons/icon.png', 'driver_id': '', 'tailer_id': '', 'profile': {'vehicle_type': '', 'measurement_type': 'count', 'max_capacity': 0, 'vin': '', 'plate_number': '', 'start_operation': '', 'contract_milage': '', 'opening_milage': '', 'model': '', 'fuel_type': '91', 'year': 0, 'seats': 2}, 'device_password': '***', 'device_type': 'gps', 'gateway': False, 'business_types': {'waste': False, 'transportation': True, 'water': False}, 'name': '4670 ر ص ي', 'operation_code': 'f2e6b5bb-8eeb-4bbe-ab9e-b876bb67247a', 'device_gateway': '', 'skip_sim_information': False, 'imei': '869310066046031', 'sim_number': '+966830031813211', 'sim_serial': '421296739681', 'device_serial': '869310066046031', 'device': 'bce', 'user_id': '5f0d614303ed52b67f28d078', 'created_by': '5e6655bf03ed52e1ab79d301', 'updated_at': '2024-01-06 08:27:50', 'created_at': '2023-06-11 17:15:38', 'shipment_info': {'product_category': None, 'truck_type': None, 'shipment_type': None, 'shipment_payment_type': None, 'transporter_type': None, 'operating_area': None, 'weight_kilograms_per_day': None, 'kms_per_day': None, 'shipment_trip_drive_hrs_day': None, 'allowable_delay_drive_hrs_day': None, 'expected_shipment_trip_day': None, 'car_pay_per_day': None, 'exceeding_temperature_limit_per_day': None, 'temperature_upper_limit': None, 'exceeding_humidity_limit_per_day': None, 'humidity_upper_limit': None}, 'creator': 'amr.ahmed', 'company': '', 'owner': 'alwefaq-idrive', 'last_update': {'dtt': 1709991492000, 'dts': 1709991689987, 'spd': 0, 'ang': 0, 'alt': 1292, 'chPrams': {'ePwrV': {'v': 12.665, 'cdt': 1709991492000}, 'di16': {'v': 1, 'cdt': 1709977948000}, 'rssi1': {'v': 45, 'cdt': 1709991492000}, 'di15': {'v': 0, 'cdt': 1709977948000}, 'di14': {'v': 0, 'cdt': 1709977948000}, 'di13': {'v': 0, 'cdt': 1709977948000}, 'di12': {'v': 0, 'cdt': 1709977948000}, 'di11': {'v': 0, 'cdt': 1709977948000}, 'di10': {'v': 0, 'cdt': 1686731930000}, 'di2': {'v': 0, 'cdt': 1709977948000}, 'di1': {'v': 0, 'cdt': 1709977948000}, 'ai4': {'v': 258, 'cdt': 1709989992000}, 'di4': {'v': 0, 'cdt': 1709977948000}, 'di3': {'v': 0, 'cdt': 1709977948000}, 'di6': {'v': 0, 'cdt': 1709977948000}, 'di5': {'v': 0, 'cdt': 1704015736000}, 'lac1': {'v': 62013, 'cdt': 1709977648000}, 'protocol': {'v': 'bce', 'cdt': 1709977948000}, 'di8': {'v': 1, 'cdt': 1709977948000}, 'di7': {'v': 0, 'cdt': 1709977948000}, 'di9': {'v': 0, 'cdt': 1709977948000}, 'iPwrV': {'v': 4.041, 'cdt': 1709980282000}, 'cid1': {'v': 12331, 'cdt': 1709977648000}, 'odometer': {'v': 0, 'cdt': 1709977948000}, 'spd': {'v': 0, 'cdt': 1709977948000}, 'sat': {'v': 12, 'cdt': 1709977948000}, 'hdop': {'v': 1, 'cdt': 1709977948000}, 'ta': {'v': 0, 'cdt': 1709977948000}, 'mcc1': {'v': 420, 'cdt': 1709977948000}, 'mnc1': {'v': 4, 'cdt': 1709977948000}}, 'prms': {'protocol': 'bce', 'spd': 0, 'sat': 12, 'hdop': 1, 'odometer': 0, 'di16': 1, 'di15': 0, 'di14': 0, 'di13': 0, 'di12': 0, 'di11': 0, 'di10': 0, 'di9': 0, 'di8': 1, 'di7': 0, 'di6': 0, 'di5': 0, 'di4': 0, 'di3': 0, 'di2': 0, 'di1': 0, 'ePwrV': 12.665, 'ai4': 258, 'iPwrV': 4.041, 'ta': 0, 'mcc1': 420, 'mnc1': 4, 'lac1': 62013, 'cid1': 12331, 'rssi1': 45}, 'devPrms': ['protocol', 'spd', 'sat', 'hdop', 'odometer', 'di16', 'di15', 'di14', 'di13', 'di12', 'di11', 'di10', 'di9', 'di8', 'di7', 'di6', 'di5', 'di4', 'di3', 'di2', 'di1', 'ePwrV', 'ai4', 'iPwrV', 'ta', 'mcc1', 'mnc1', 'lac1', 'cid1', 'rssi1'], 'old_params': {'di16': 1, 'ePwrV': 12.55, 'di15': 0, 'rssi1': 47, 'di14': 0, 'di13': 0, 'di12': 0, 'di11': 0, 'di10': 0, 'di2': 0, 'di1': 0, 'ai4': 258, 'di4': 0, 'di3': 0, 'di6': 0, 'di5': 0, 'lac1': 62013, 'protocol': 'bce', 'di8': 1, 'di7': 0, 'di9': 0, 'iPwrV': 4.041, 'cid1': 12331, 'odometer': 0, 'spd': 0, 'sat': 12, 'hdop': 1, 'ta': 0, 'mcc1': 420, 'mnc1': 4}, 'vLoc': 1, 'vCon': 1, 'ip': '51.36.12.190', 'rl': 0, 'trl': 22778.6054, 'mdu': 0, 'tmdu': 1278312, 'eidl': 0, 'teidl': 802274, 'fc': 0, 'tfc': 0, 'acc': 0, 'accOn': 3327624, 'accOff': 21642490, 'sdu': 300, 'tsdu': 5968256, 'lat': 17.551660537719727, 'lng': 44.22394561767578}, 'counters': {'odometer_type': 'gps', 'odometer': 22778.61, 'engine_hours_type': 'acc', 'engine_hours': 3327624, 'last_acc': 0}, 'is_wasl_connected': 'Not Connected', 'iconUrl': 'https://api.afaqy.sa/images/units/icons/icon.png', 'hasCCTV': False}
[2024-04-16T08:11:34.430+0000] {warnings.py:109} WARNING - /home/***/.local/lib/python3.8/site-packages/elasticsearch/_sync/client/__init__.py:399: SecurityWarning: Connecting to 'https://dbelk1.afaqy.local:9200' using TLS with verify_certs=False is insecure
  _transport = transport_class(

[2024-04-16T08:11:34.472+0000] {warnings.py:109} WARNING - /home/***/.local/lib/python3.8/site-packages/elasticsearch/_sync/client/__init__.py:399: SecurityWarning: Connecting to 'https://dbelk3.afaqy.local:9200' using TLS with verify_certs=False is insecure
  _transport = transport_class(

[2024-04-16T08:11:34.515+0000] {warnings.py:109} WARNING - /home/***/.local/lib/python3.8/site-packages/elasticsearch/_sync/client/__init__.py:399: SecurityWarning: Connecting to 'https://dbelk2.afaqy.local:9200' using TLS with verify_certs=False is insecure
  _transport = transport_class(

[2024-04-16T08:11:34.544+0000] {warnings.py:109} WARNING - /home/***/.local/lib/python3.8/site-packages/urllib3/connectionpool.py:1061: InsecureRequestWarning: Unverified HTTPS request is being made to host 'dbelk1.afaqy.local'. Adding certificate verification is strongly advised. See: https://urllib3.readthedocs.io/en/1.26.x/advanced-usage.html#ssl-warnings
  warnings.warn(

[2024-04-16T08:11:34.608+0000] {_transport.py:335} INFO - GET https://dbelk1.afaqy.local:9200/_cluster/health [status:200 duration:0.091s]
[2024-04-16T08:11:34.970+0000] {_transport.py:358} INFO - PUT https://dbelk3.afaqy.local:9200/units_statistics_***/_bulk [status:N/A duration:0.002s]
[2024-04-16T08:11:34.970+0000] {_node_pool.py:249} WARNING - Node <Urllib3HttpNode(https://dbelk3.afaqy.local:9200)> has failed for 1 times in a row, putting on 1 second timeout
[2024-04-16T08:11:34.971+0000] {_transport.py:395} WARNING - Retrying request after failure (attempt 0 of 3)
Traceback (most recent call last):
  File "/home/airflow/.local/lib/python3.8/site-packages/elastic_transport/_transport.py", line 328, in perform_request
    meta, raw_data = node.perform_request(
  File "/home/airflow/.local/lib/python3.8/site-packages/elastic_transport/_node/_http_urllib3.py", line 202, in perform_request
    raise err from None
elastic_transport.ConnectionError: Connection error caused by: NewConnectionError(<urllib3.connection.HTTPSConnection object at 0x7faa177c6580>: Failed to establish a new connection: [Errno 111] Connection refused)
[2024-04-16T08:11:34.972+0000] {warnings.py:109} WARNING - /home/***/.local/lib/python3.8/site-packages/urllib3/connectionpool.py:1061: InsecureRequestWarning: Unverified HTTPS request is being made to host 'dbelk1.afaqy.local'. Adding certificate verification is strongly advised. See: https://urllib3.readthedocs.io/en/1.26.x/advanced-usage.html#ssl-warnings
  warnings.warn(

[2024-04-16T08:11:35.197+0000] {_transport.py:335} INFO - PUT https://dbelk1.afaqy.local:9200/units_statistics_***/_bulk [status:200 duration:0.225s]
[2024-04-16T08:11:35.249+0000] {taskinstance.py:2731} ERROR - Task failed with exception
Traceback (most recent call last):
  File "/home/airflow/.local/lib/python3.8/site-packages/airflow/models/taskinstance.py", line 444, in _execute_task
    result = _execute_callable(context=context, **execute_callable_kwargs)
  File "/home/airflow/.local/lib/python3.8/site-packages/airflow/models/taskinstance.py", line 414, in _execute_callable
    return execute_callable(context=context, **execute_callable_kwargs)
  File "/home/airflow/.local/lib/python3.8/site-packages/airflow/decorators/base.py", line 241, in execute
    return_value = super().execute(context)
  File "/home/airflow/.local/lib/python3.8/site-packages/airflow/operators/python.py", line 200, in execute
    return_value = self.execute_callable()
  File "/home/airflow/.local/lib/python3.8/site-packages/airflow/operators/python.py", line 217, in execute_callable
    return self.python_callable(*self.op_args, **self.op_kwargs)
  File "/opt/airflow/dags/Units_dag.py", line 103, in ETL_job
    Elk_client.elk_pushData(Globals.index_name,units_list_update)
  File "/opt/airflow/dags/elk_manager.py", line 69, in elk_pushData
    helpers.bulk(self.elk_client, docs_list, index=index_name, chunk_size=batch)
  File "/home/airflow/.local/lib/python3.8/site-packages/elasticsearch/helpers/actions.py", line 521, in bulk
    for ok, item in streaming_bulk(
  File "/home/airflow/.local/lib/python3.8/site-packages/elasticsearch/helpers/actions.py", line 436, in streaming_bulk
    for data, (ok, info) in zip(
  File "/home/airflow/.local/lib/python3.8/site-packages/elasticsearch/helpers/actions.py", line 355, in _process_bulk_chunk
    yield from gen
  File "/home/airflow/.local/lib/python3.8/site-packages/elasticsearch/helpers/actions.py", line 274, in _process_bulk_chunk_success
    raise BulkIndexError(f"{len(errors)} document(s) failed to index.", errors)
elasticsearch.helpers.BulkIndexError: 10000 document(s) failed to index.
[2024-04-16T08:11:35.262+0000] {taskinstance.py:1149} INFO - Marking task as UP_FOR_RETRY. dag_id=Units_statistics_DAG, task_id=ETL_job, map_index=11, execution_date=20240416T070000, start_date=20240416T081116, end_date=20240416T081135
[2024-04-16T08:11:35.287+0000] {standard_task_runner.py:107} ERROR - Failed to execute job 3897 for task ETL_job (10000 document(s) failed to index.; 327864)
[2024-04-16T08:11:35.330+0000] {local_task_job_runner.py:234} INFO - Task exited with return code 1
[2024-04-16T08:11:35.360+0000] {taskinstance.py:3312} INFO - 0 downstream tasks scheduled from follow-on schedule check
