[2024-05-12T10:20:17.859+0000] {taskinstance.py:1979} INFO - Dependencies all met for dep_context=non-requeueable deps ti=<TaskInstance: Units_statistics_DAG.ETL_job scheduled__2024-05-12T10:00:00+00:00 map_index=13 [queued]>
[2024-05-12T10:20:17.949+0000] {taskinstance.py:1979} INFO - Dependencies all met for dep_context=requeueable deps ti=<TaskInstance: Units_statistics_DAG.ETL_job scheduled__2024-05-12T10:00:00+00:00 map_index=13 [queued]>
[2024-05-12T10:20:17.955+0000] {taskinstance.py:2193} INFO - Starting attempt 1 of 4
[2024-05-12T10:20:18.097+0000] {taskinstance.py:2217} INFO - Executing <Mapped(_PythonDecoratedOperator): ETL_job> on 2024-05-12 10:00:00+00:00
[2024-05-12T10:20:18.116+0000] {standard_task_runner.py:60} INFO - Started process 628 to run task
[2024-05-12T10:20:18.158+0000] {standard_task_runner.py:87} INFO - Running: ['***', 'tasks', 'run', 'Units_statistics_DAG', 'ETL_job', 'scheduled__2024-05-12T10:00:00+00:00', '--job-id', '53797', '--raw', '--subdir', 'DAGS_FOLDER/Units_dag.py', '--cfg-path', '/tmp/tmpo6mj54bc', '--map-index', '13']
[2024-05-12T10:20:18.175+0000] {standard_task_runner.py:88} INFO - Job 53797: Subtask ETL_job
[2024-05-12T10:20:18.495+0000] {task_command.py:423} INFO - Running <TaskInstance: Units_statistics_DAG.ETL_job scheduled__2024-05-12T10:00:00+00:00 map_index=13 [running]> on host 3abf70bf7e68
[2024-05-12T10:20:18.929+0000] {taskinstance.py:2513} INFO - Exporting env vars: AIRFLOW_CTX_DAG_OWNER='abeer-araby' AIRFLOW_CTX_DAG_ID='Units_statistics_DAG' AIRFLOW_CTX_TASK_ID='ETL_job' AIRFLOW_CTX_EXECUTION_DATE='2024-05-12T10:00:00+00:00' AIRFLOW_CTX_TRY_NUMBER='1' AIRFLOW_CTX_DAG_RUN_ID='scheduled__2024-05-12T10:00:00+00:00'
[2024-05-12T10:20:18.930+0000] {Units_dag.py:98} INFO - i: 130000, chunk: 10000
[2024-05-12T10:20:18.934+0000] {Units_dag.py:99} INFO - child token is::: eyJ0eXAiOiJKV1QiLCJhbGciOiJIUzI1NiJ9.eyJpc3MiOiJodHRwczovL2FwaS5hZmFxeS5zYS9hdXRoL2xvZ2luX2FzIiwiaWF0IjoxNzE1NTA5MjAzLCJleHAiOjE3MTgxMDEyMDMsIm5iZiI6MTcxNTUwOTIwMywianRpIjoibnhtaVR2dVR0eFN5ZkxxNCIsInN1YiI6IjVkNjNlNTFlMDNlZDUyOTJhNDJjMjRlNiIsInBydiI6IjI3MGVjZmM3ZWEzZWQ5MzdlYTg0OTM2MmEzYTUwOTEwYzZkOGNlNGYiLCJsb2dpbl9hc19pZCI6IjY1N2YwYWQ3M2Y5NzcyOTVjZjA1NTc2YSJ9.eGG5UfCxrdsbBAWnPkWAJF3Uzi_iG3Y4yIF1sM4WpFc
[2024-05-12T10:20:39.040+0000] {Units_dag.py:103} INFO - {'_id': '65118e2700c5de79da616ebe', 'icon': 'icons/D_7.png', 'driver_id': '', 'tailer_id': '', 'profile': {'vehicle_type': None, 'measurement_type': 'count', 'max_capacity': 0, 'vin': None, 'plate_number': None, 'start_operation': None, 'contract_milage': None, 'opening_milage': None, 'model': None, 'fuel_type': '91', 'year': 0, 'seats': 2}, 'shipment_info': {'product_category': None, 'truck_type': None, 'shipment_type': None, 'shipment_payment_type': None, 'transporter_type': None, 'operating_area': None, 'weight_kilograms_per_day': None, 'kms_per_day': None, 'shipment_trip_drive_hrs_day': None, 'allowable_delay_drive_hrs_day': None, 'expected_shipment_trip_day': None, 'car_pay_per_day': None, 'exceeding_temperature_limit_per_day': None, 'temperature_upper_limit': None, 'exceeding_humidity_limit_per_day': None, 'humidity_upper_limit': None}, 'device_password': '***', 'device_type': 'gps', 'gateway': False, 'business_types': {'waste': False, 'transportation': True, 'water': False}, 'name': '7583XRA', 'operation_code': '', 'device_gateway': '', 'skip_sim_information': False, 'imei': '863719060595593', 'sim_number': '+966830032299696', 'sim_serial': '996609821111927310', 'device_serial': '1131864778', 'device': 'teltonika', 'user_id': '62b9a1516bfc54699f7b0c2b', 'created_by': '5e6655bf03ed52e1ab79d301', 'updated_at': '2024-04-18 11:18:59', 'created_at': '2023-09-25 16:41:59', 'custom_fields': [], 'creator': 'amr.ahmed', 'company': '', 'owner': 'saudi-hemaya-admin', 'last_update': {'dtt': 1715509202000, 'dts': 1715509204707, 'spd': 70, 'ang': 232, 'alt': 739, 'chPrams': {'Speed': {'v': 70, 'cdt': 1715509172000}, 'output1': {'v': False, 'cdt': 1715328856000}, 'output2': {'v': False, 'cdt': 1715328856000}, 'ePwrV': {'v': 28.585, 'cdt': 1715509202000}, 'parm24': {'v': 70, 'cdt': 1715509172000}, 'sat': {'v': 21, 'cdt': 1715509142000}, 'ai1': {'v': 10837, 'cdt': 1715509202000}, 'di2': {'v': 1, 'cdt': 1715286903000}, 'priority': {'v': 0, 'cdt': 1714391523000}, 'type': {'v': 6, 'cdt': 1714447682000}, 'di1': {'v': 1, 'cdt': 1715506220000}, 'di3': {'v': 0, 'cdt': 1696252484000}, 'result': {'v': '5665723a30332e32372e31335f343433204750533a41584e5f352e312e392048773a464d43313330204d6f643a3420494d45493a38363337313930363035393535393320496e69743a323032342d352d392032303a333020557074696d653a313833393431204d41433a363236464430453636323631205350433a312830292041584c3a32204f42443a3020424c3a312e31302042543a34', 'cdt': 1715470642000}, 'protocol': {'v': 'FMC130', 'cdt': 1715328856000}, 'parm6': {'v': 259, 'cdt': 1714391523000}, 'iPwrV': {'v': 4.0920000000000005, 'cdt': 1715506528000}, 'event': {'v': 0, 'cdt': 1714391523000}}, 'prms': {'protocol': 'FMC130', 'priority': 0, 'sat': 21, 'event': 0, 'di1': 1, 'output1': 0, 'di2': 1, 'di3': 0, 'output2': 0, 'ePwrV': 28.585, 'Speed': 70, 'parm24': 70, 'iPwrV': 4.0920000000000005, 'ai1': 10837, 'parm6': 259}, 'devPrms': ['protocol', 'priority', 'sat', 'event', 'di1', 'output1', 'di2', 'di3', 'output2', 'ePwrV', 'Speed', 'parm24', 'iPwrV', 'ai1', 'parm6'], 'old_params': {'protocol': 'FMC130', 'priority': 0, 'sat': 21, 'event': 0, 'di1': 1, 'output1': 0, 'di2': 1, 'di3': 0, 'output2': 0, 'ePwrV': 28.555, 'Speed': 70, 'parm24': 70, 'iPwrV': 4.0920000000000005, 'ai1': 10727, 'parm6': 259}, 'vLoc': 1, 'vCon': 1, 'ip': '109.83.55.103', 'rl': 0.5918, 'trl': 27996.4787, 'mdu': 30, 'tmdu': 1615100, 'eidl': 0, 'teidl': 1097549, 'fc': 0.071016, 'tfc': 911.609832, 'acc': 1, 'accOn': 16267686, 'accOff': 626327399, 'sdu': 0, 'tsdu': 0, 'lat': 24.14395, 'lng': 45.4123466}, 'counters': {'odometer_type': 'gps', 'odometer': 27996.4787, 'engine_hours_type': 'acc', 'engine_hours': 16267686, 'last_acc': 1}, 'is_wasl_connected': 'Connected', 'iconUrl': 'https://api.afaqy.sa/images/units/icons/D_7.png', 'hasCCTV': False}
[2024-05-12T10:20:39.654+0000] {warnings.py:109} WARNING - /home/***/.local/lib/python3.8/site-packages/elasticsearch/_sync/client/__init__.py:399: SecurityWarning: Connecting to 'https://dbelk3.afaqy.local:9200' using TLS with verify_certs=False is insecure
  _transport = transport_class(

[2024-05-12T10:20:39.699+0000] {warnings.py:109} WARNING - /home/***/.local/lib/python3.8/site-packages/elasticsearch/_sync/client/__init__.py:399: SecurityWarning: Connecting to 'https://dbelk1.afaqy.local:9200' using TLS with verify_certs=False is insecure
  _transport = transport_class(

[2024-05-12T10:20:39.749+0000] {warnings.py:109} WARNING - /home/***/.local/lib/python3.8/site-packages/elasticsearch/_sync/client/__init__.py:399: SecurityWarning: Connecting to 'https://dbelk2.afaqy.local:9200' using TLS with verify_certs=False is insecure
  _transport = transport_class(

[2024-05-12T10:20:39.780+0000] {warnings.py:109} WARNING - /home/***/.local/lib/python3.8/site-packages/urllib3/connectionpool.py:1061: InsecureRequestWarning: Unverified HTTPS request is being made to host 'dbelk3.afaqy.local'. Adding certificate verification is strongly advised. See: https://urllib3.readthedocs.io/en/1.26.x/advanced-usage.html#ssl-warnings
  warnings.warn(

[2024-05-12T10:20:39.840+0000] {_transport.py:335} INFO - GET https://dbelk3.afaqy.local:9200/_cluster/health [status:200 duration:0.088s]
[2024-05-12T10:20:40.280+0000] {warnings.py:109} WARNING - /home/***/.local/lib/python3.8/site-packages/urllib3/connectionpool.py:1061: InsecureRequestWarning: Unverified HTTPS request is being made to host 'dbelk1.afaqy.local'. Adding certificate verification is strongly advised. See: https://urllib3.readthedocs.io/en/1.26.x/advanced-usage.html#ssl-warnings
  warnings.warn(

[2024-05-12T10:20:41.499+0000] {_transport.py:335} INFO - PUT https://dbelk1.afaqy.local:9200/units_statistics_***/_bulk [status:200 duration:1.245s]
[2024-05-12T10:20:41.690+0000] {taskinstance.py:2731} ERROR - Task failed with exception
Traceback (most recent call last):
  File "/home/airflow/.local/lib/python3.8/site-packages/airflow/models/taskinstance.py", line 444, in _execute_task
    result = _execute_callable(context=context, **execute_callable_kwargs)
  File "/home/airflow/.local/lib/python3.8/site-packages/airflow/models/taskinstance.py", line 414, in _execute_callable
    return execute_callable(context=context, **execute_callable_kwargs)
  File "/home/airflow/.local/lib/python3.8/site-packages/airflow/decorators/base.py", line 241, in execute
    return_value = super().execute(context)
  File "/home/airflow/.local/lib/python3.8/site-packages/airflow/operators/python.py", line 200, in execute
    return_value = self.execute_callable()
  File "/home/airflow/.local/lib/python3.8/site-packages/airflow/operators/python.py", line 217, in execute_callable
    return self.python_callable(*self.op_args, **self.op_kwargs)
  File "/opt/airflow/dags/Units_dag.py", line 111, in ETL_job
    Elk_client.elk_pushData(Globals.index_name,units_list_update)
  File "/opt/airflow/dags/units_statistics/elk_manager.py", line 69, in elk_pushData
    helpers.bulk(self.elk_client, docs_list, index=index_name, chunk_size=batch)
  File "/home/airflow/.local/lib/python3.8/site-packages/elasticsearch/helpers/actions.py", line 521, in bulk
    for ok, item in streaming_bulk(
  File "/home/airflow/.local/lib/python3.8/site-packages/elasticsearch/helpers/actions.py", line 436, in streaming_bulk
    for data, (ok, info) in zip(
  File "/home/airflow/.local/lib/python3.8/site-packages/elasticsearch/helpers/actions.py", line 355, in _process_bulk_chunk
    yield from gen
  File "/home/airflow/.local/lib/python3.8/site-packages/elasticsearch/helpers/actions.py", line 274, in _process_bulk_chunk_success
    raise BulkIndexError(f"{len(errors)} document(s) failed to index.", errors)
elasticsearch.helpers.BulkIndexError: 1621 document(s) failed to index.
[2024-05-12T10:20:41.719+0000] {taskinstance.py:1149} INFO - Marking task as UP_FOR_RETRY. dag_id=Units_statistics_DAG, task_id=ETL_job, map_index=13, execution_date=20240512T100000, start_date=20240512T102017, end_date=20240512T102041
[2024-05-12T10:20:42.333+0000] {standard_task_runner.py:107} ERROR - Failed to execute job 53797 for task ETL_job (1621 document(s) failed to index.; 628)
[2024-05-12T10:20:42.442+0000] {local_task_job_runner.py:234} INFO - Task exited with return code 1
[2024-05-12T10:20:42.485+0000] {taskinstance.py:3312} INFO - 0 downstream tasks scheduled from follow-on schedule check
