[2024-05-01T11:00:17.587+0000] {taskinstance.py:1979} INFO - Dependencies all met for dep_context=non-requeueable deps ti=<TaskInstance: Units_statistics_DAG.ETL_job scheduled__2024-05-01T10:40:00+00:00 map_index=6 [queued]>
[2024-05-01T11:00:17.703+0000] {taskinstance.py:1979} INFO - Dependencies all met for dep_context=requeueable deps ti=<TaskInstance: Units_statistics_DAG.ETL_job scheduled__2024-05-01T10:40:00+00:00 map_index=6 [queued]>
[2024-05-01T11:00:17.704+0000] {taskinstance.py:2193} INFO - Starting attempt 1 of 4
[2024-05-01T11:00:17.845+0000] {taskinstance.py:2217} INFO - Executing <Mapped(_PythonDecoratedOperator): ETL_job> on 2024-05-01 10:40:00+00:00
[2024-05-01T11:00:17.915+0000] {standard_task_runner.py:60} INFO - Started process 684775 to run task
[2024-05-01T11:00:17.982+0000] {standard_task_runner.py:87} INFO - Running: ['***', 'tasks', 'run', 'Units_statistics_DAG', 'ETL_job', 'scheduled__2024-05-01T10:40:00+00:00', '--job-id', '26275', '--raw', '--subdir', 'DAGS_FOLDER/Units_dag.py', '--cfg-path', '/tmp/tmpk_r96dq8', '--map-index', '6']
[2024-05-01T11:00:18.015+0000] {standard_task_runner.py:88} INFO - Job 26275: Subtask ETL_job
[2024-05-01T11:00:18.360+0000] {task_command.py:423} INFO - Running <TaskInstance: Units_statistics_DAG.ETL_job scheduled__2024-05-01T10:40:00+00:00 map_index=6 [running]> on host a09da322e808
[2024-05-01T11:00:18.845+0000] {taskinstance.py:2513} INFO - Exporting env vars: AIRFLOW_CTX_DAG_OWNER='abeer-araby' AIRFLOW_CTX_DAG_ID='Units_statistics_DAG' AIRFLOW_CTX_TASK_ID='ETL_job' AIRFLOW_CTX_EXECUTION_DATE='2024-05-01T10:40:00+00:00' AIRFLOW_CTX_TRY_NUMBER='1' AIRFLOW_CTX_DAG_RUN_ID='scheduled__2024-05-01T10:40:00+00:00'
[2024-05-01T11:00:18.846+0000] {Units_dag.py:99} INFO - i: 60000, chunk: 10000
[2024-05-01T11:00:18.847+0000] {Units_dag.py:100} INFO - child token is::: eyJ0eXAiOiJKV1QiLCJhbGciOiJIUzI1NiJ9.eyJpc3MiOiJodHRwczovL2FwaS5hZmFxeS5zYS9hdXRoL2xvZ2luX2FzIiwiaWF0IjoxNzE0NTYxMjAzLCJleHAiOjE3MTcxNTMyMDMsIm5iZiI6MTcxNDU2MTIwMywianRpIjoiZzVPYWt2TlBLZjNvdVBERCIsInN1YiI6IjVkNjNlNTFlMDNlZDUyOTJhNDJjMjRlNiIsInBydiI6IjI3MGVjZmM3ZWEzZWQ5MzdlYTg0OTM2MmEzYTUwOTEwYzZkOGNlNGYiLCJsb2dpbl9hc19pZCI6IjY1N2YwYWQ3M2Y5NzcyOTVjZjA1NTc2YSJ9.cTPl5LqGsUCm5AYIusrEWucfCsDzI30yl5uwXB3j0EY
[2024-05-01T11:00:44.812+0000] {Units_dag.py:104} INFO - {'_id': '6329e8d0a6f87f63407862e5', 'icon': 'icons/icon.png', 'driver_id': '', 'tailer_id': '', 'profile': {'vehicle_type': '', 'measurement_type': 'count', 'max_capacity': 0, 'vin': '', 'plate_number': '', 'start_operation': '', 'contract_milage': '', 'opening_milage': '', 'model': '', 'fuel_type': '91', 'year': 0, 'seats': 2}, 'device_password': '***', 'device_type': 'gps', 'gateway': False, 'name': 'ب أ ص 3237', 'operation_code': '', 'imei': '350424060170303', 'sim_number': '+966821111337291', 'sim_serial': '8996609821111337291', 'device_serial': '1125683488', 'device': 'teltonika', 'created_by': '5e539d8203ed52f71d634478', 'user_id': '5e539d8203ed52f71d634478', 'updated_at': '2024-04-18 11:18:59', 'created_at': '2022-09-20 19:22:40', 'business_types': {'waste': False, 'transportation': True, 'water': False, 'hajj': False}, 'device_gateway': '', 'custom_fields': [], 'creator': 'aemallamar', 'company': '', 'owner': 'aemallamar', 'last_update': {'dtt': 1714560940000, 'dts': 1714560943133, 'spd': 0, 'ang': 265, 'alt': 470, 'chPrams': {'parm76': {'v': 0, 'cdt': 1712781617000}, 'output1': {'v': False, 'cdt': 1714558835000}, 'output2': {'v': False, 'cdt': 1714558835000}, 'ePwrV': {'v': 25.542, 'cdt': 1714560639000}, 'sat': {'v': 7, 'cdt': 1714560940000}, 'ai1': {'v': 4686, 'cdt': 1714560940000}, 'priority': {'v': 0, 'cdt': 1714545612000}, 'di2': {'v': 0, 'cdt': 1712781617000}, 'type': {'v': 6, 'cdt': 1714552224000}, 'di1': {'v': 0, 'cdt': 1714544709000}, 'temp1': {'v': 0, 'cdt': 1712947176000}, 'result': {'v': '5665723a30332e32372e31335f3033204750533a41584e5f352e312e392048773a464d42313230204d6f643a333320494d45493a33353034323430363031373033303320496e69743a323032342d352d3120353a333620557074696d653a3137323330204d41433a333838413231303246384135205350433a312830292041584c3a32204f42443a3020424c3a312e31302042543a34', 'cdt': 1714558535000}, 'protocol': {'v': 'FMB120', 'cdt': 1714558835000}, 'temp5': {'v': 30, 'cdt': 1712947176000}, 'parm29': {'v': 0, 'cdt': 1712781617000}, 'iPwrV': {'v': 4.019, 'cdt': 1714547115000}, 'event': {'v': 0, 'cdt': 1714544710000}, 'humidity86': {'v': 300, 'cdt': 1712947176000}}, 'prms': {'protocol': 'FMB120', 'priority': 0, 'sat': 7, 'event': 0, 'di1': 0, 'output1': 0, 'di2': 0, 'output2': 0, 'parm29': 0, 'ePwrV': 25.542, 'iPwrV': 4.019, 'ai1': 4686, 'temp5': 30, 'humidity86': 300, 'temp1': 0, 'parm76': 0}, 'devPrms': ['protocol', 'priority', 'sat', 'event', 'di1', 'output1', 'di2', 'output2', 'parm29', 'ePwrV', 'iPwrV', 'ai1', 'temp5', 'humidity86', 'temp1', 'parm76'], 'old_params': {'parm76': 0, 'output1': 0, 'output2': 0, 'ePwrV': 25.542, 'sat': 5, 'ai1': 4605, 'priority': 0, 'di2': 0, 'di1': 0, 'temp1': 0, 'protocol': 'teltonika', 'temp5': 30, 'parm29': 0, 'iPwrV': 4.019, 'event': 0, 'humidity86': 300}, 'vLoc': 1, 'vCon': 1, 'ip': '37.216.102.195', 'rl': 0, 'trl': 91726.2108, 'mdu': 0, 'tmdu': 4938048, 'eidl': 0, 'teidl': 3192930, 'fc': 0, 'tfc': 0.05064, 'acc': 0, 'accOn': 2502741370, 'accOff': 1286830281, 'sdu': 301, 'tsdu': 16231, 'lat': 24.227055, 'lng': 47.1900316}, 'counters': {'odometer_type': 'gps', 'odometer': 91726.2135, 'engine_hours_type': 'acc', 'engine_hours': 2502741370, 'last_acc': 0}, 'is_wasl_connected': 'Connected', 'iconUrl': 'https://api.afaqy.sa/images/units/icons/icon.png', 'hasCCTV': False}
[2024-05-01T11:00:48.033+0000] {warnings.py:109} WARNING - /home/***/.local/lib/python3.8/site-packages/elasticsearch/_sync/client/__init__.py:399: SecurityWarning: Connecting to 'https://dbelk2.afaqy.local:9200' using TLS with verify_certs=False is insecure
  _transport = transport_class(

[2024-05-01T11:00:48.165+0000] {warnings.py:109} WARNING - /home/***/.local/lib/python3.8/site-packages/elasticsearch/_sync/client/__init__.py:399: SecurityWarning: Connecting to 'https://dbelk1.afaqy.local:9200' using TLS with verify_certs=False is insecure
  _transport = transport_class(

[2024-05-01T11:00:48.337+0000] {warnings.py:109} WARNING - /home/***/.local/lib/python3.8/site-packages/elasticsearch/_sync/client/__init__.py:399: SecurityWarning: Connecting to 'https://dbelk3.afaqy.local:9200' using TLS with verify_certs=False is insecure
  _transport = transport_class(

[2024-05-01T11:00:48.393+0000] {warnings.py:109} WARNING - /home/***/.local/lib/python3.8/site-packages/urllib3/connectionpool.py:1061: InsecureRequestWarning: Unverified HTTPS request is being made to host 'dbelk2.afaqy.local'. Adding certificate verification is strongly advised. See: https://urllib3.readthedocs.io/en/1.26.x/advanced-usage.html#ssl-warnings
  warnings.warn(

[2024-05-01T11:00:48.495+0000] {_transport.py:335} INFO - GET https://dbelk2.afaqy.local:9200/_cluster/health [status:200 duration:0.156s]
[2024-05-01T11:00:49.810+0000] {warnings.py:109} WARNING - /home/***/.local/lib/python3.8/site-packages/urllib3/connectionpool.py:1061: InsecureRequestWarning: Unverified HTTPS request is being made to host 'dbelk1.afaqy.local'. Adding certificate verification is strongly advised. See: https://urllib3.readthedocs.io/en/1.26.x/advanced-usage.html#ssl-warnings
  warnings.warn(

[2024-05-01T11:00:51.840+0000] {_transport.py:335} INFO - PUT https://dbelk1.afaqy.local:9200/units_statistics_***/_bulk [status:200 duration:2.057s]
[2024-05-01T11:00:52.302+0000] {python.py:202} INFO - Done. Returned value was: None
[2024-05-01T11:00:52.479+0000] {taskinstance.py:1149} INFO - Marking task as SUCCESS. dag_id=Units_statistics_DAG, task_id=ETL_job, map_index=6, execution_date=20240501T104000, start_date=20240501T110017, end_date=20240501T110052
[2024-05-01T11:00:52.627+0000] {local_task_job_runner.py:234} INFO - Task exited with return code 0
[2024-05-01T11:00:52.663+0000] {taskinstance.py:3312} INFO - 0 downstream tasks scheduled from follow-on schedule check
