[2024-04-30T02:40:46.857+0000] {taskinstance.py:1979} INFO - Dependencies all met for dep_context=non-requeueable deps ti=<TaskInstance: Units_statistics_DAG.ETL_job scheduled__2024-04-30T02:20:00+00:00 map_index=16 [queued]>
[2024-04-30T02:40:46.911+0000] {taskinstance.py:1979} INFO - Dependencies all met for dep_context=requeueable deps ti=<TaskInstance: Units_statistics_DAG.ETL_job scheduled__2024-04-30T02:20:00+00:00 map_index=16 [queued]>
[2024-04-30T02:40:46.911+0000] {taskinstance.py:2193} INFO - Starting attempt 1 of 4
[2024-04-30T02:40:46.983+0000] {taskinstance.py:2217} INFO - Executing <Mapped(_PythonDecoratedOperator): ETL_job> on 2024-04-30 02:20:00+00:00
[2024-04-30T02:40:47.005+0000] {standard_task_runner.py:60} INFO - Started process 652506 to run task
[2024-04-30T02:40:47.014+0000] {standard_task_runner.py:87} INFO - Running: ['***', 'tasks', 'run', 'Units_statistics_DAG', 'ETL_job', 'scheduled__2024-04-30T02:20:00+00:00', '--job-id', '23982', '--raw', '--subdir', 'DAGS_FOLDER/Units_dag.py', '--cfg-path', '/tmp/tmpf3oa3trz', '--map-index', '16']
[2024-04-30T02:40:47.028+0000] {standard_task_runner.py:88} INFO - Job 23982: Subtask ETL_job
[2024-04-30T02:40:47.114+0000] {task_command.py:423} INFO - Running <TaskInstance: Units_statistics_DAG.ETL_job scheduled__2024-04-30T02:20:00+00:00 map_index=16 [running]> on host a09da322e808
[2024-04-30T02:40:47.363+0000] {taskinstance.py:2513} INFO - Exporting env vars: AIRFLOW_CTX_DAG_OWNER='abeer-araby' AIRFLOW_CTX_DAG_ID='Units_statistics_DAG' AIRFLOW_CTX_TASK_ID='ETL_job' AIRFLOW_CTX_EXECUTION_DATE='2024-04-30T02:20:00+00:00' AIRFLOW_CTX_TRY_NUMBER='1' AIRFLOW_CTX_DAG_RUN_ID='scheduled__2024-04-30T02:20:00+00:00'
[2024-04-30T02:40:47.364+0000] {Units_dag.py:99} INFO - i: 160000, chunk: 8767
[2024-04-30T02:40:47.365+0000] {Units_dag.py:100} INFO - child token is::: eyJ0eXAiOiJKV1QiLCJhbGciOiJIUzI1NiJ9.eyJpc3MiOiJodHRwczovL2FwaS5hZmFxeS5zYS9hdXRoL2xvZ2luX2FzIiwiaWF0IjoxNzE0NDQ0ODA0LCJleHAiOjE3MTcwMzY4MDQsIm5iZiI6MTcxNDQ0NDgwNCwianRpIjoiT0RHTmZzcTRKbkdQZ1V5eSIsInN1YiI6IjVkNjNlNTFlMDNlZDUyOTJhNDJjMjRlNiIsInBydiI6IjI3MGVjZmM3ZWEzZWQ5MzdlYTg0OTM2MmEzYTUwOTEwYzZkOGNlNGYiLCJsb2dpbl9hc19pZCI6IjY1N2YwYWQ3M2Y5NzcyOTVjZjA1NTc2YSJ9.K2iscT1TngN3GtOfnoN03GXLCVHtHk9n-07BfmpmT08
[2024-04-30T02:41:02.145+0000] {Units_dag.py:104} INFO - {'_id': '65ec4b3bd86150e572013169', 'icon': 'icons/P_4.png', 'driver_id': '65fcd370e0a54f7a630f0da2', 'tailer_id': '', 'profile': {'vehicle_type': '', 'measurement_type': 'length', 'max_capacity': 0, 'vin': '', 'plate_number': '', 'start_operation': '', 'contract_milage': '', 'opening_milage': '', 'model': '', 'fuel_type': '91', 'year': 0, 'seats': 2}, 'shipment_info': {'product_category': None, 'truck_type': None, 'shipment_type': None, 'shipment_payment_type': None, 'transporter_type': None, 'operating_area': None, 'weight_kilograms_per_day': None, 'kms_per_day': None, 'shipment_trip_drive_hrs_day': None, 'allowable_delay_drive_hrs_day': None, 'expected_shipment_trip_day': None, 'car_pay_per_day': None, 'exceeding_temperature_limit_per_day': None, 'temperature_upper_limit': None, 'exceeding_humidity_limit_per_day': None, 'humidity_upper_limit': None}, 'device_password': '***', 'device_type': 'gps', 'gateway': False, 'business_types': {'waste': False, 'transportation': True, 'water': False}, 'name': '1101AD', 'operation_code': '', 'device_gateway': '', 'skip_sim_information': False, 'imei': '866069062284516', 'sim_number': '+966830020558434', 'sim_serial': '8996609821112199408', 'device_serial': '1135867115', 'device': 'teltonika', 'user_id': '65d61c06eb33bd22e909fc25', 'created_by': '5e6655bf03ed52e1ab79d301', 'updated_at': '2024-04-18 11:18:59', 'created_at': '2024-03-09 14:42:51', 'custom_fields': [], 'creator': 'amr.ahmed', 'company': '', 'owner': 'debrah-logistics-admin', 'last_update': {'dtt': 1714444704000, 'dts': 1714444707198, 'spd': 0, 'ang': 252, 'alt': 28, 'chPrams': {'Speed': {'v': 0, 'cdt': 1714421503000}, 'output1': {'v': False, 'cdt': 1714401041000}, 'ePwrV': {'v': 12.532, 'cdt': 1714444403000}, 'parm24': {'v': 0, 'cdt': 1714421503000}, 'sat': {'v': 16, 'cdt': 1714444704000}, 'ai1': {'v': 174, 'cdt': 1714384512000}, 'type': {'v': 6, 'cdt': 1712923799000}, 'priority': {'v': 0, 'cdt': 1714384512000}, 'di1': {'v': 0, 'cdt': 1714421503000}, 'result': {'v': '5665723a30332e32382e30325f313937204750533a41584e5f352e312e392048773a464d43393230204d6f643a3120494d45493a38363630363930363232383435313620496e69743a323032342d332d313320383a333420557074696d653a34303735323038204d41433a333838413231393232463833205350433a312830292041584c3a31204f42443a3020424c3a312e31302042543a34', 'cdt': 1714400741000}, 'protocol': {'v': 'FMC920', 'cdt': 1714401041000}, 'iPwrV': {'v': 3.963, 'cdt': 1714389922000}, 'event': {'v': 0, 'cdt': 1714386616000}}, 'prms': {'protocol': 'FMC920', 'priority': 0, 'sat': 16, 'event': 0, 'di1': 0, 'output1': 0, 'ePwrV': 12.532, 'Speed': 0, 'parm24': 0, 'iPwrV': 3.963, 'ai1': 174}, 'devPrms': ['protocol', 'priority', 'sat', 'event', 'di1', 'output1', 'ePwrV', 'Speed', 'parm24', 'iPwrV', 'ai1'], 'old_params': {'Speed': 0, 'protocol': 'teltonika', 'output1': 0, 'ePwrV': 12.532, 'parm24': 0, 'sat': 15, 'ai1': 174, 'iPwrV': 3.963, 'priority': 0, 'event': 0, 'di1': 0}, 'vLoc': 1, 'vCon': 1, 'ip': '109.83.230.21', 'rl': 0, 'trl': 8332.79, 'mdu': 0, 'tmdu': 669377, 'eidl': 0, 'teidl': 224293, 'fc': 0, 'tfc': 999.9348, 'acc': 0, 'accOn': 2096857, 'accOff': 3147892, 'sdu': 301, 'tsdu': 23201, 'lat': 21.5613483, 'lng': 39.1369533}, 'counters': {'engine_hours': 2096857, 'last_acc': 0, 'odometer': 8331.8573, 'engine_hours_type': 'acc', 'odometer_type': 'gps'}, 'is_wasl_connected': 'Not Connected', 'iconUrl': 'https://api.afaqy.sa/images/units/icons/P_4.png', 'hasCCTV': False}
[2024-04-30T02:41:02.628+0000] {warnings.py:109} WARNING - /home/***/.local/lib/python3.8/site-packages/elasticsearch/_sync/client/__init__.py:399: SecurityWarning: Connecting to 'https://dbelk2.afaqy.local:9200' using TLS with verify_certs=False is insecure
  _transport = transport_class(

[2024-04-30T02:41:02.672+0000] {warnings.py:109} WARNING - /home/***/.local/lib/python3.8/site-packages/elasticsearch/_sync/client/__init__.py:399: SecurityWarning: Connecting to 'https://dbelk1.afaqy.local:9200' using TLS with verify_certs=False is insecure
  _transport = transport_class(

[2024-04-30T02:41:02.714+0000] {warnings.py:109} WARNING - /home/***/.local/lib/python3.8/site-packages/elasticsearch/_sync/client/__init__.py:399: SecurityWarning: Connecting to 'https://dbelk3.afaqy.local:9200' using TLS with verify_certs=False is insecure
  _transport = transport_class(

[2024-04-30T02:41:02.735+0000] {warnings.py:109} WARNING - /home/***/.local/lib/python3.8/site-packages/urllib3/connectionpool.py:1061: InsecureRequestWarning: Unverified HTTPS request is being made to host 'dbelk2.afaqy.local'. Adding certificate verification is strongly advised. See: https://urllib3.readthedocs.io/en/1.26.x/advanced-usage.html#ssl-warnings
  warnings.warn(

[2024-04-30T02:41:02.906+0000] {_transport.py:335} INFO - GET https://dbelk2.afaqy.local:9200/_cluster/health [status:200 duration:0.190s]
[2024-04-30T02:41:03.231+0000] {warnings.py:109} WARNING - /home/***/.local/lib/python3.8/site-packages/urllib3/connectionpool.py:1061: InsecureRequestWarning: Unverified HTTPS request is being made to host 'dbelk1.afaqy.local'. Adding certificate verification is strongly advised. See: https://urllib3.readthedocs.io/en/1.26.x/advanced-usage.html#ssl-warnings
  warnings.warn(

[2024-04-30T02:41:04.312+0000] {_transport.py:335} INFO - PUT https://dbelk1.afaqy.local:9200/units_statistics_***/_bulk [status:200 duration:1.109s]
[2024-04-30T02:41:04.449+0000] {python.py:202} INFO - Done. Returned value was: None
[2024-04-30T02:41:04.466+0000] {taskinstance.py:1149} INFO - Marking task as SUCCESS. dag_id=Units_statistics_DAG, task_id=ETL_job, map_index=16, execution_date=20240430T022000, start_date=20240430T024046, end_date=20240430T024104
[2024-04-30T02:41:04.535+0000] {local_task_job_runner.py:234} INFO - Task exited with return code 0
[2024-04-30T02:41:04.565+0000] {taskinstance.py:3312} INFO - 0 downstream tasks scheduled from follow-on schedule check
