[2024-05-04T14:00:14.895+0000] {taskinstance.py:1979} INFO - Dependencies all met for dep_context=non-requeueable deps ti=<TaskInstance: Units_statistics_DAG.ETL_job scheduled__2024-05-04T13:40:00+00:00 map_index=6 [queued]>
[2024-05-04T14:00:14.982+0000] {taskinstance.py:1979} INFO - Dependencies all met for dep_context=requeueable deps ti=<TaskInstance: Units_statistics_DAG.ETL_job scheduled__2024-05-04T13:40:00+00:00 map_index=6 [queued]>
[2024-05-04T14:00:14.983+0000] {taskinstance.py:2193} INFO - Starting attempt 1 of 4
[2024-05-04T14:00:15.151+0000] {taskinstance.py:2217} INFO - Executing <Mapped(_PythonDecoratedOperator): ETL_job> on 2024-05-04 13:40:00+00:00
[2024-05-04T14:00:15.186+0000] {standard_task_runner.py:60} INFO - Started process 759749 to run task
[2024-05-04T14:00:15.228+0000] {standard_task_runner.py:87} INFO - Running: ['***', 'tasks', 'run', 'Units_statistics_DAG', 'ETL_job', 'scheduled__2024-05-04T13:40:00+00:00', '--job-id', '31563', '--raw', '--subdir', 'DAGS_FOLDER/Units_dag.py', '--cfg-path', '/tmp/tmpetrfqrei', '--map-index', '6']
[2024-05-04T14:00:15.234+0000] {standard_task_runner.py:88} INFO - Job 31563: Subtask ETL_job
[2024-05-04T14:00:15.498+0000] {task_command.py:423} INFO - Running <TaskInstance: Units_statistics_DAG.ETL_job scheduled__2024-05-04T13:40:00+00:00 map_index=6 [running]> on host a09da322e808
[2024-05-04T14:00:16.134+0000] {taskinstance.py:2513} INFO - Exporting env vars: AIRFLOW_CTX_DAG_OWNER='abeer-araby' AIRFLOW_CTX_DAG_ID='Units_statistics_DAG' AIRFLOW_CTX_TASK_ID='ETL_job' AIRFLOW_CTX_EXECUTION_DATE='2024-05-04T13:40:00+00:00' AIRFLOW_CTX_TRY_NUMBER='1' AIRFLOW_CTX_DAG_RUN_ID='scheduled__2024-05-04T13:40:00+00:00'
[2024-05-04T14:00:16.135+0000] {Units_dag.py:99} INFO - i: 60000, chunk: 10000
[2024-05-04T14:00:16.136+0000] {Units_dag.py:100} INFO - child token is::: eyJ0eXAiOiJKV1QiLCJhbGciOiJIUzI1NiJ9.eyJpc3MiOiJodHRwczovL2FwaS5hZmFxeS5zYS9hdXRoL2xvZ2luX2FzIiwiaWF0IjoxNzE0ODMxMjAzLCJleHAiOjE3MTc0MjMyMDMsIm5iZiI6MTcxNDgzMTIwMywianRpIjoiQU4zV3MwaUlEUVFicHJGRCIsInN1YiI6IjVkNjNlNTFlMDNlZDUyOTJhNDJjMjRlNiIsInBydiI6IjI3MGVjZmM3ZWEzZWQ5MzdlYTg0OTM2MmEzYTUwOTEwYzZkOGNlNGYiLCJsb2dpbl9hc19pZCI6IjY1N2YwYWQ3M2Y5NzcyOTVjZjA1NTc2YSJ9.ZSt6rQIRD6fD0nnyGCMSxdyp62G8D8ZVQ2ZQWnnQzOQ
[2024-05-04T14:00:54.514+0000] {Units_dag.py:104} INFO - {'_id': '6329e8d1a6f87f6340786313', 'icon': 'icons/icon.png', 'driver_id': '', 'tailer_id': '', 'profile': {'vehicle_type': '', 'measurement_type': 'count', 'max_capacity': 0, 'vin': '', 'plate_number': '', 'start_operation': '', 'contract_milage': '', 'opening_milage': '', 'model': '', 'fuel_type': '91', 'year': 0, 'seats': 2}, 'device_password': '***', 'device_type': 'gps', 'gateway': False, 'name': 'ب ب ن 6152', 'operation_code': '', 'imei': '357073298396884', 'sim_number': '+966821111337226', 'sim_serial': '8996609821111337226', 'device_serial': '1125805302', 'device': 'teltonika', 'created_by': '5e539d8203ed52f71d634478', 'user_id': '5e539d8203ed52f71d634478', 'updated_at': '2024-04-18 11:18:59', 'created_at': '2022-09-20 19:22:41', 'business_types': {'waste': False, 'transportation': True, 'water': False, 'hajj': False}, 'device_gateway': '', 'custom_fields': [], 'creator': 'aemallamar', 'company': '', 'owner': 'aemallamar', 'last_update': {'dtt': 1714830996000, 'dts': 1714831000383, 'spd': 0, 'ang': 323, 'alt': 1, 'chPrams': {'parm76': {'v': 0, 'cdt': 1712762445000}, 'output1': {'v': False, 'cdt': 1714737166000}, 'output2': {'v': False, 'cdt': 1714737166000}, 'ePwrV': {'v': 25.822, 'cdt': 1714829793000}, 'sat': {'v': 14, 'cdt': 1714830996000}, 'ai1': {'v': 5251, 'cdt': 1714830996000}, 'priority': {'v': 0, 'cdt': 1714823783000}, 'di2': {'v': 0, 'cdt': 1712762445000}, 'type': {'v': 6, 'cdt': 1714246999000}, 'di1': {'v': 0, 'cdt': 1714822973000}, 'temp1': {'v': 0, 'cdt': 1712947272000}, 'result': {'v': '5665723a30332e32372e31335f3033204750533a41584e5f352e312e392048773a464d42313230204d6f643a333320494d45493a33353730373332393833393638383420496e69743a323032342d312d31382032323a313320557074696d653a39313839383836204d41433a303031453432374446303337205350433a312830292041584c3a32204f42443a3020424c3a312e31302042543a34', 'cdt': 1714822190000}, 'protocol': {'v': 'FMB120', 'cdt': 1714804486000}, 'temp5': {'v': 30, 'cdt': 1712947272000}, 'parm29': {'v': 0, 'cdt': 1712762445000}, 'iPwrV': {'v': 4, 'cdt': 1714823432000}, 'event': {'v': 0, 'cdt': 1714822981000}, 'humidity86': {'v': 300, 'cdt': 1712947272000}}, 'prms': {'protocol': 'FMB120', 'priority': 0, 'sat': 14, 'event': 0, 'di1': 0, 'output1': 0, 'di2': 0, 'output2': 0, 'parm29': 0, 'ePwrV': 25.822, 'iPwrV': 4, 'ai1': 5251, 'temp5': 30, 'humidity86': 300, 'temp1': 0, 'parm76': 0}, 'devPrms': ['protocol', 'priority', 'sat', 'event', 'di1', 'output1', 'di2', 'output2', 'parm29', 'ePwrV', 'iPwrV', 'ai1', 'temp5', 'humidity86', 'temp1', 'parm76'], 'old_params': {'protocol': 'FMB120', 'priority': 0, 'sat': 15, 'event': 0, 'di1': 0, 'output1': 0, 'di2': 0, 'output2': 0, 'parm29': 0, 'ePwrV': 25.822, 'iPwrV': 4, 'ai1': 5249, 'temp5': 30, 'humidity86': 300, 'temp1': 0, 'parm76': 0}, 'vLoc': 1, 'vCon': 1, 'ip': '109.83.254.56', 'rl': 0, 'trl': 70968.2113, 'mdu': 0, 'tmdu': 3448083, 'eidl': 0, 'teidl': 1816148, 'fc': 0, 'tfc': 0.001812, 'acc': 0, 'accOn': 5459944, 'accOff': 45759496, 'sdu': 300, 'tsdu': 8023, 'lat': 26.3816116, 'lng': 50.151685}, 'counters': {'odometer_type': 'gps', 'odometer': 70968.1827, 'engine_hours_type': 'acc', 'engine_hours': 5459944, 'last_acc': 0}, 'is_wasl_connected': 'Connected', 'iconUrl': 'https://api.afaqy.sa/images/units/icons/icon.png', 'hasCCTV': False}
[2024-05-04T14:00:56.400+0000] {warnings.py:109} WARNING - /home/***/.local/lib/python3.8/site-packages/elasticsearch/_sync/client/__init__.py:399: SecurityWarning: Connecting to 'https://dbelk3.afaqy.local:9200' using TLS with verify_certs=False is insecure
  _transport = transport_class(

[2024-05-04T14:00:56.689+0000] {warnings.py:109} WARNING - /home/***/.local/lib/python3.8/site-packages/elasticsearch/_sync/client/__init__.py:399: SecurityWarning: Connecting to 'https://dbelk1.afaqy.local:9200' using TLS with verify_certs=False is insecure
  _transport = transport_class(

[2024-05-04T14:00:56.949+0000] {warnings.py:109} WARNING - /home/***/.local/lib/python3.8/site-packages/elasticsearch/_sync/client/__init__.py:399: SecurityWarning: Connecting to 'https://dbelk2.afaqy.local:9200' using TLS with verify_certs=False is insecure
  _transport = transport_class(

[2024-05-04T14:00:56.991+0000] {warnings.py:109} WARNING - /home/***/.local/lib/python3.8/site-packages/urllib3/connectionpool.py:1061: InsecureRequestWarning: Unverified HTTPS request is being made to host 'dbelk3.afaqy.local'. Adding certificate verification is strongly advised. See: https://urllib3.readthedocs.io/en/1.26.x/advanced-usage.html#ssl-warnings
  warnings.warn(

[2024-05-04T14:00:57.076+0000] {_transport.py:335} INFO - GET https://dbelk3.afaqy.local:9200/_cluster/health [status:200 duration:0.118s]
[2024-05-04T14:00:58.442+0000] {warnings.py:109} WARNING - /home/***/.local/lib/python3.8/site-packages/urllib3/connectionpool.py:1061: InsecureRequestWarning: Unverified HTTPS request is being made to host 'dbelk1.afaqy.local'. Adding certificate verification is strongly advised. See: https://urllib3.readthedocs.io/en/1.26.x/advanced-usage.html#ssl-warnings
  warnings.warn(

[2024-05-04T14:01:04.711+0000] {_transport.py:335} INFO - PUT https://dbelk1.afaqy.local:9200/units_statistics_***/_bulk [status:200 duration:6.439s]
[2024-05-04T14:01:06.026+0000] {python.py:202} INFO - Done. Returned value was: None
[2024-05-04T14:01:06.088+0000] {taskinstance.py:1149} INFO - Marking task as SUCCESS. dag_id=Units_statistics_DAG, task_id=ETL_job, map_index=6, execution_date=20240504T134000, start_date=20240504T140014, end_date=20240504T140106
[2024-05-04T14:01:06.155+0000] {local_task_job_runner.py:234} INFO - Task exited with return code 0
[2024-05-04T14:01:06.182+0000] {taskinstance.py:3312} INFO - 0 downstream tasks scheduled from follow-on schedule check
