[2024-04-22T20:41:41.293+0000] {taskinstance.py:1979} INFO - Dependencies all met for dep_context=non-requeueable deps ti=<TaskInstance: Units_statistics_DAG.ETL_job scheduled__2024-04-22T20:20:00+00:00 map_index=12 [queued]>
[2024-04-22T20:41:41.307+0000] {taskinstance.py:1979} INFO - Dependencies all met for dep_context=requeueable deps ti=<TaskInstance: Units_statistics_DAG.ETL_job scheduled__2024-04-22T20:20:00+00:00 map_index=12 [queued]>
[2024-04-22T20:41:41.307+0000] {taskinstance.py:2193} INFO - Starting attempt 2 of 4
[2024-04-22T20:41:41.326+0000] {taskinstance.py:2217} INFO - Executing <Mapped(_PythonDecoratedOperator): ETL_job> on 2024-04-22 20:20:00+00:00
[2024-04-22T20:41:41.334+0000] {standard_task_runner.py:60} INFO - Started process 479321 to run task
[2024-04-22T20:41:41.345+0000] {standard_task_runner.py:87} INFO - Running: ['***', 'tasks', 'run', 'Units_statistics_DAG', 'ETL_job', 'scheduled__2024-04-22T20:20:00+00:00', '--job-id', '11929', '--raw', '--subdir', 'DAGS_FOLDER/Units_dag.py', '--cfg-path', '/tmp/tmpzsv9ydd6', '--map-index', '12']
[2024-04-22T20:41:41.347+0000] {standard_task_runner.py:88} INFO - Job 11929: Subtask ETL_job
[2024-04-22T20:41:41.425+0000] {task_command.py:423} INFO - Running <TaskInstance: Units_statistics_DAG.ETL_job scheduled__2024-04-22T20:20:00+00:00 map_index=12 [running]> on host a09da322e808
[2024-04-22T20:41:41.590+0000] {taskinstance.py:2513} INFO - Exporting env vars: AIRFLOW_CTX_DAG_OWNER='abeer-araby' AIRFLOW_CTX_DAG_ID='Units_statistics_DAG' AIRFLOW_CTX_TASK_ID='ETL_job' AIRFLOW_CTX_EXECUTION_DATE='2024-04-22T20:20:00+00:00' AIRFLOW_CTX_TRY_NUMBER='2' AIRFLOW_CTX_DAG_RUN_ID='scheduled__2024-04-22T20:20:00+00:00'
[2024-04-22T20:41:41.592+0000] {Units_dag.py:99} INFO - i: 120000, chunk: 10000
[2024-04-22T20:41:41.593+0000] {Units_dag.py:100} INFO - child token is::: eyJ0eXAiOiJKV1QiLCJhbGciOiJIUzI1NiJ9.eyJpc3MiOiJodHRwczovL2FwaS5hZmFxeS5zYS9hdXRoL2xvZ2luX2FzIiwiaWF0IjoxNzEzODE4NDAzLCJleHAiOjE3MTY0MTA0MDMsIm5iZiI6MTcxMzgxODQwMywianRpIjoiYXFSeG1ZNDNTbEx0eDJkYiIsInN1YiI6IjVkNjNlNTFlMDNlZDUyOTJhNDJjMjRlNiIsInBydiI6IjI3MGVjZmM3ZWEzZWQ5MzdlYTg0OTM2MmEzYTUwOTEwYzZkOGNlNGYiLCJsb2dpbl9hc19pZCI6IjY1N2YwYWQ3M2Y5NzcyOTVjZjA1NTc2YSJ9.5sjUcg98qFCyhh6qLDHgbRMF2df3NUo2_OG6Ammi3UM
[2024-04-22T20:41:59.519+0000] {Units_dag.py:104} INFO - {'_id': '64c79ada0d504a49065a787b', 'icon': 'icons/icon.png', 'driver_id': '', 'tailer_id': '', 'profile': {'measurement_type': 'count', 'fuel_type': '91', 'year': 0, 'seats': 2, 'max_capacity': None, 'model': None, 'plate_number': None, 'vehicle_type': None, 'vin': None}, 'device_password': '***', 'device_type': 'gps', 'gateway': False, 'business_types': {'waste': False, 'transportation': True, 'water': False}, 'name': 'V0001826 ( 4856ZVA )', 'operation_code': 'V0001826', 'device_gateway': None, 'skip_sim_information': False, 'imei': '350544501131919', 'sim_number': '+966830031832093', 'sim_serial': '421296752230', 'device_serial': '1125809956', 'device': 'teltonika', 'user_id': '62bb1bb23c00423a7b3af933', 'created_by': '5e6655bf03ed52e1ab79d301', 'updated_at': '2024-04-18 11:18:59', 'created_at': '2023-07-31 14:28:26', 'shipment_info': None, 'custom_fields': [], 'creator': 'amr.ahmed', 'company': '', 'owner': 'al-yamama-trading-admin', 'last_update': {'dtt': 1706085514000, 'dts': 1706085703788, 'spd': 0, 'ang': 311, 'alt': 461, 'chPrams': {'Speed': {'v': 0, 'cdt': 1706085133000}, 'output1': {'v': False, 'cdt': 1706083878000}, 'output2': {'v': False, 'cdt': 1706083878000}, 'ePwrV': {'v': 0, 'cdt': 1706084132000}, 'parm24': {'v': 0, 'cdt': 1706085133000}, 'sat': {'v': 17, 'cdt': 1706085514000}, 'ai1': {'v': 43, 'cdt': 1706083878000}, 'priority': {'v': 0, 'cdt': 1706081352000}, 'type': {'v': 6, 'cdt': 1706081352000}, 'di2': {'v': 0, 'cdt': 1706083878000}, 'di1': {'v': 0, 'cdt': 1706084103000}, 'result': {'v': '5665723a30332e32372e31335f3033204750533a41584e5f352e312e392048773a464d42313230204d6f643a333320494d45493a33353035343435303131333139313920496e69743a323032342d312d323420373a313920557074696d653a34393432204d41433a333838413231313737313936205350433a312830292041584c3a32204f42443a3020424c3a312e31302042543a34', 'cdt': 1706085514000}, 'protocol': {'v': 'teltonika', 'cdt': 1706085397000}, 'parm6': {'v': 43, 'cdt': 1706083878000}, 'iPwrV': {'v': 3.466, 'cdt': 1706085133000}, 'event': {'v': 0, 'cdt': 1706081352000}}, 'prms': {'protocol': 'teltonika', 'priority': 0, 'sat': 17, 'event': 0, 'type': 6, 'result': '5665723a30332e32372e31335f3033204750533a41584e5f352e312e392048773a464d42313230204d6f643a333320494d45493a33353035343435303131333139313920496e69743a323032342d312d323420373a313920557074696d653a34393432204d41433a333838413231313737313936205350433a312830292041584c3a32204f42443a3020424c3a312e31302042543a34'}, 'devPrms': ['protocol', 'priority', 'sat', 'event', 'type', 'result'], 'old_params': {'protocol': 'teltonika', 'priority': 0, 'sat': 17, 'event': 0}, 'vLoc': 1, 'vCon': 1, 'ip': '51.36.4.33', 'rl': 0, 'trl': 4485.462, 'mdu': 0, 'tmdu': 314423, 'eidl': 0, 'teidl': 267590, 'fc': 0, 'tfc': 1.299994, 'acc': 0, 'accOn': 6242661913, 'accOff': 3125517390, 'sdu': 0, 'tsdu': 66, 'lat': 21.5649649, 'lng': 39.9408233}, 'counters': {'odometer_type': 'gps', 'odometer': 4485.462, 'engine_hours_type': 'acc', 'engine_hours': 6242661913, 'last_acc': 0}, 'is_wasl_connected': 'Not Connected', 'iconUrl': 'https://api.afaqy.sa/images/units/icons/icon.png', 'hasCCTV': False}
[2024-04-22T20:42:00.016+0000] {warnings.py:109} WARNING - /home/***/.local/lib/python3.8/site-packages/elasticsearch/_sync/client/__init__.py:399: SecurityWarning: Connecting to 'https://dbelk3.afaqy.local:9200' using TLS with verify_certs=False is insecure
  _transport = transport_class(

[2024-04-22T20:42:00.058+0000] {warnings.py:109} WARNING - /home/***/.local/lib/python3.8/site-packages/elasticsearch/_sync/client/__init__.py:399: SecurityWarning: Connecting to 'https://dbelk1.afaqy.local:9200' using TLS with verify_certs=False is insecure
  _transport = transport_class(

[2024-04-22T20:42:00.102+0000] {warnings.py:109} WARNING - /home/***/.local/lib/python3.8/site-packages/elasticsearch/_sync/client/__init__.py:399: SecurityWarning: Connecting to 'https://dbelk2.afaqy.local:9200' using TLS with verify_certs=False is insecure
  _transport = transport_class(

[2024-04-22T20:42:00.123+0000] {warnings.py:109} WARNING - /home/***/.local/lib/python3.8/site-packages/urllib3/connectionpool.py:1061: InsecureRequestWarning: Unverified HTTPS request is being made to host 'dbelk3.afaqy.local'. Adding certificate verification is strongly advised. See: https://urllib3.readthedocs.io/en/1.26.x/advanced-usage.html#ssl-warnings
  warnings.warn(

[2024-04-22T20:42:00.195+0000] {_transport.py:335} INFO - GET https://dbelk3.afaqy.local:9200/_cluster/health [status:200 duration:0.091s]
[2024-04-22T20:42:00.574+0000] {warnings.py:109} WARNING - /home/***/.local/lib/python3.8/site-packages/urllib3/connectionpool.py:1061: InsecureRequestWarning: Unverified HTTPS request is being made to host 'dbelk1.afaqy.local'. Adding certificate verification is strongly advised. See: https://urllib3.readthedocs.io/en/1.26.x/advanced-usage.html#ssl-warnings
  warnings.warn(

[2024-04-22T20:42:02.100+0000] {_transport.py:335} INFO - PUT https://dbelk1.afaqy.local:9200/units_statistics_***/_bulk [status:200 duration:1.554s]
[2024-04-22T20:42:02.255+0000] {python.py:202} INFO - Done. Returned value was: None
[2024-04-22T20:42:02.275+0000] {taskinstance.py:1149} INFO - Marking task as SUCCESS. dag_id=Units_statistics_DAG, task_id=ETL_job, map_index=12, execution_date=20240422T202000, start_date=20240422T204141, end_date=20240422T204202
[2024-04-22T20:42:02.324+0000] {local_task_job_runner.py:234} INFO - Task exited with return code 0
[2024-04-22T20:42:02.350+0000] {taskinstance.py:3312} INFO - 0 downstream tasks scheduled from follow-on schedule check
