[2024-05-04T15:40:18.149+0000] {taskinstance.py:1979} INFO - Dependencies all met for dep_context=non-requeueable deps ti=<TaskInstance: Units_statistics_DAG.ETL_job scheduled__2024-05-04T15:20:00+00:00 map_index=10 [queued]>
[2024-05-04T15:40:18.268+0000] {taskinstance.py:1979} INFO - Dependencies all met for dep_context=requeueable deps ti=<TaskInstance: Units_statistics_DAG.ETL_job scheduled__2024-05-04T15:20:00+00:00 map_index=10 [queued]>
[2024-05-04T15:40:18.269+0000] {taskinstance.py:2193} INFO - Starting attempt 1 of 4
[2024-05-04T15:40:18.367+0000] {taskinstance.py:2217} INFO - Executing <Mapped(_PythonDecoratedOperator): ETL_job> on 2024-05-04 15:20:00+00:00
[2024-05-04T15:40:18.374+0000] {standard_task_runner.py:60} INFO - Started process 761418 to run task
[2024-05-04T15:40:18.413+0000] {standard_task_runner.py:87} INFO - Running: ['***', 'tasks', 'run', 'Units_statistics_DAG', 'ETL_job', 'scheduled__2024-05-04T15:20:00+00:00', '--job-id', '31681', '--raw', '--subdir', 'DAGS_FOLDER/Units_dag.py', '--cfg-path', '/tmp/tmp6gca6ps2', '--map-index', '10']
[2024-05-04T15:40:18.418+0000] {standard_task_runner.py:88} INFO - Job 31681: Subtask ETL_job
[2024-05-04T15:40:18.700+0000] {task_command.py:423} INFO - Running <TaskInstance: Units_statistics_DAG.ETL_job scheduled__2024-05-04T15:20:00+00:00 map_index=10 [running]> on host a09da322e808
[2024-05-04T15:40:19.363+0000] {taskinstance.py:2513} INFO - Exporting env vars: AIRFLOW_CTX_DAG_OWNER='abeer-araby' AIRFLOW_CTX_DAG_ID='Units_statistics_DAG' AIRFLOW_CTX_TASK_ID='ETL_job' AIRFLOW_CTX_EXECUTION_DATE='2024-05-04T15:20:00+00:00' AIRFLOW_CTX_TRY_NUMBER='1' AIRFLOW_CTX_DAG_RUN_ID='scheduled__2024-05-04T15:20:00+00:00'
[2024-05-04T15:40:19.364+0000] {Units_dag.py:99} INFO - i: 100000, chunk: 10000
[2024-05-04T15:40:19.364+0000] {Units_dag.py:100} INFO - child token is::: eyJ0eXAiOiJKV1QiLCJhbGciOiJIUzI1NiJ9.eyJpc3MiOiJodHRwczovL2FwaS5hZmFxeS5zYS9hdXRoL2xvZ2luX2FzIiwiaWF0IjoxNzE0ODM3MjAzLCJleHAiOjE3MTc0MjkyMDMsIm5iZiI6MTcxNDgzNzIwMywianRpIjoiYWlxRWFFd3NkYjNmSWZTbiIsInN1YiI6IjVkNjNlNTFlMDNlZDUyOTJhNDJjMjRlNiIsInBydiI6IjI3MGVjZmM3ZWEzZWQ5MzdlYTg0OTM2MmEzYTUwOTEwYzZkOGNlNGYiLCJsb2dpbl9hc19pZCI6IjY1N2YwYWQ3M2Y5NzcyOTVjZjA1NTc2YSJ9.DNMoeWLNQxYX_N-XOT3ajOSsT1Yn3wICepGLnr9c3HA
[2024-05-04T15:40:48.760+0000] {Units_dag.py:104} INFO - {'_id': '64539443046dc62e69034aa4', 'icon': 'uploads/1683786544tower light.png', 'driver_id': '', 'tailer_id': '', 'profile': {'vehicle_type': '', 'measurement_type': 'count', 'max_capacity': 0, 'vin': 'RL412-1135', 'plate_number': 'N/A', 'start_operation': '', 'contract_milage': '', 'opening_milage': '', 'model': '', 'fuel_type': 'diesel', 'year': 0, 'seats': 2}, 'device_password': '***', 'device_type': 'gps', 'gateway': False, 'name': 'PM00007997', 'operation_code': '', 'imei': '861937062957411', 'sim_number': '+966830031794806', 'sim_serial': '421296730634', 'device_serial': '861937062957411', 'device': 'bce', 'created_by': '605312957b88fe2047308f54', 'user_id': '605312957b88fe2047308f54', 'updated_at': '2024-04-18 11:18:59', 'created_at': '2023-05-04 14:17:23', 'business_types': {'waste': False, 'transportation': False, 'water': False}, 'device_gateway': '', 'skip_sim_information': '', 'custom_fields': [{'id': '662101bc721cc3fb8c0b7b4c', 'key': 'Description', 'value': 'GENERATOR , TOWER LIGHT , TEREX , RL4000 ,', 'type': 'general', 'measurement_unit': None}], 'creator': 'nesma-admin', 'company': 'nesma&partners-contracting-co', 'owner': 'nesma-admin', 'last_update': {'dtt': 1714837028000, 'dts': 1714837070474, 'spd': 0, 'ang': 100, 'alt': 660, 'chPrams': {'oneWireTemp2': {'v': '-273.00', 'cdt': 1713039436000}, 'oneWireTemp1': {'v': '-273.00', 'cdt': 1713039436000}, 'oneWireTemp4': {'v': '-273.00', 'cdt': 1713039436000}, 'oneWireTemp3': {'v': '-273.00', 'cdt': 1713039436000}, 'ai4': {'v': 196, 'cdt': 1714835830000}, 'protocol': {'v': 'bce', 'cdt': 1713039436000}, 'iPwrV': {'v': 4.146, 'cdt': 1714837028000}, 'humidity': {'v': -1, 'cdt': 1713039436000}, 'brk': {'v': '0.00', 'cdt': 1714687846000}, 'ID': {'v': '0', 'cdt': 1713039436000}, 'oneWireTemp3Hex': {'v': '0', 'cdt': 1713039436000}, 'cid1': {'v': 28281, 'cdt': 1714836428000}, 'oneWireTemp2ID': {'v': '0', 'cdt': 1713039436000}, 'odometer': {'v': 0, 'cdt': 1714826830000}, 'spd': {'v': 0, 'cdt': 1714525552000}, 'oneWireTemp4Hex': {'v': '0', 'cdt': 1713039436000}, 'mnc1': {'v': 4, 'cdt': 1714664656000}, 'oneWireTemp4ID': {'v': '0', 'cdt': 1713039436000}, 'ePwrV': {'v': 12.528, 'cdt': 1714834930000}, 'di16': {'v': 1, 'cdt': 1713039436000}, 'rssi1': {'v': 82, 'cdt': 1714837028000}, 'di15': {'v': 0, 'cdt': 1713039436000}, 'di14': {'v': 0, 'cdt': 1714708604000}, 'di13': {'v': 0, 'cdt': 1713039436000}, 'di12': {'v': 0, 'cdt': 1713039436000}, 'di11': {'v': 0, 'cdt': 1713039436000}, 'di10': {'v': 0, 'cdt': 1713039436000}, 'di2': {'v': 0, 'cdt': 1713039436000}, 'di1': {'v': 0, 'cdt': 1714708604000}, 'di4': {'v': 0, 'cdt': 1713039436000}, 'di3': {'v': 0, 'cdt': 1713039436000}, 'di6': {'v': 0, 'cdt': 1713039436000}, 'di5': {'v': 0, 'cdt': 1714708574000}, 'lac1': {'v': 22122, 'cdt': 1714513222000}, 'di8': {'v': 1, 'cdt': 1713039436000}, 'oneWireTemp1Hex': {'v': '0', 'cdt': 1713039436000}, 'di7': {'v': 0, 'cdt': 1714708634000}, 'di9': {'v': 0, 'cdt': 1713039436000}, 'crn': {'v': '0.00', 'cdt': 1714697206000}, 'oneWireTemp3ID': {'v': '0', 'cdt': 1713039436000}, 'temp': {'v': -273, 'cdt': 1713039436000}, 'oneWireTemp1ID': {'v': '0', 'cdt': 1713039436000}, 'sat': {'v': 12, 'cdt': 1714836728000}, 'hdop': {'v': 1, 'cdt': 1714834330000}, 'accel': {'v': '0.00', 'cdt': 1714697206000}, 'ta': {'v': 0, 'cdt': 1713039436000}, 'oneWireTemp2Hex': {'v': '0', 'cdt': 1713039436000}, 'mcc1': {'v': 420, 'cdt': 1713916808000}}, 'prms': {'protocol': 'bce', 'spd': 0, 'sat': 12, 'hdop': 1, 'odometer': 0, 'di16': 1, 'di15': 0, 'di14': 0, 'di13': 0, 'di12': 0, 'di11': 0, 'di10': 0, 'di9': 0, 'di8': 1, 'di7': 0, 'di6': 0, 'di5': 0, 'di4': 0, 'di3': 0, 'di2': 0, 'di1': 0, 'ePwrV': 12.528, 'ai4': 196, 'iPwrV': 4.146, 'ta': 0, 'mcc1': 420, 'mnc1': 4, 'lac1': 22122, 'cid1': 28281, 'rssi1': 82, 'ID': '0', 'temp': -273, 'humidity': -1, 'accel': '0.00', 'brk': '0.00', 'crn': '0.00', 'oneWireTemp1': '-273.00', 'oneWireTemp1ID': '0', 'oneWireTemp1Hex': '0', 'oneWireTemp2': '-273.00', 'oneWireTemp2ID': '0', 'oneWireTemp2Hex': '0', 'oneWireTemp3': '-273.00', 'oneWireTemp3ID': '0', 'oneWireTemp3Hex': '0', 'oneWireTemp4': '-273.00', 'oneWireTemp4ID': '0', 'oneWireTemp4Hex': '0'}, 'devPrms': ['protocol', 'spd', 'sat', 'hdop', 'odometer', 'di16', 'di15', 'di14', 'di13', 'di12', 'di11', 'di10', 'di9', 'di8', 'di7', 'di6', 'di5', 'di4', 'di3', 'di2', 'di1', 'ePwrV', 'ai4', 'iPwrV', 'ta', 'mcc1', 'mnc1', 'lac1', 'cid1', 'rssi1', 'ID', 'temp', 'humidity', 'accel', 'brk', 'crn', 'oneWireTemp1', 'oneWireTemp1ID', 'oneWireTemp1Hex', 'oneWireTemp2', 'oneWireTemp2ID', 'oneWireTemp2Hex', 'oneWireTemp3', 'oneWireTemp3ID', 'oneWireTemp3Hex', 'oneWireTemp4', 'oneWireTemp4ID', 'oneWireTemp4Hex'], 'old_params': {'oneWireTemp2': '-273.00', 'oneWireTemp1': '-273.00', 'oneWireTemp4': '-273.00', 'di16': 1, 'ePwrV': 12.528, 'oneWireTemp3': '-273.00', 'di15': 0, 'rssi1': 80, 'di14': 0, 'di13': 0, 'di12': 0, 'di11': 0, 'di10': 0, 'di2': 0, 'di1': 0, 'ai4': 196, 'di4': 0, 'di3': 0, 'di6': 0, 'di5': 0, 'lac1': 22122, 'protocol': 'bce', 'di8': 1, 'oneWireTemp1Hex': '0', 'di7': 0, 'di9': 0, 'iPwrV': 4.143, 'humidity': -1, 'brk': '0.00', 'ID': '0', 'oneWireTemp3Hex': '0', 'cid1': 28281, 'crn': '0.00', 'oneWireTemp2ID': '0', 'oneWireTemp3ID': '0', 'temp': -273, 'oneWireTemp1ID': '0', 'odometer': 0, 'spd': 0, 'sat': 12, 'hdop': 1, 'ta': 0, 'accel': '0.00', 'oneWireTemp2Hex': '0', 'mcc1': 420, 'oneWireTemp4Hex': '0', 'mnc1': 4, 'oneWireTemp4ID': '0'}, 'vLoc': 1, 'vCon': 1, 'ip': '51.36.193.225', 'rl': 0, 'trl': 39.6728, 'mdu': 0, 'tmdu': 2842, 'eidl': 0, 'teidl': 13977854, 'fc': 0, 'tfc': 0.001308, 'acc': 0, 'accOn': 52560686, 'accOff': 17177436, 'sdu': 300, 'tsdu': 128454, 'lat': 24.82202911376953, 'lng': 46.614418029785156}, 'counters': {'odometer_type': 'gps', 'odometer': 39.6834, 'engine_hours_type': 'acc', 'engine_hours': 52560686, 'last_acc': 0}, 'is_wasl_connected': 'Not Connected', 'iconUrl': 'https://api.afaqy.sa/images/units/uploads/1683786544tower light.png', 'hasCCTV': False}
[2024-05-04T15:40:49.981+0000] {warnings.py:109} WARNING - /home/***/.local/lib/python3.8/site-packages/elasticsearch/_sync/client/__init__.py:399: SecurityWarning: Connecting to 'https://dbelk3.afaqy.local:9200' using TLS with verify_certs=False is insecure
  _transport = transport_class(

[2024-05-04T15:40:50.198+0000] {warnings.py:109} WARNING - /home/***/.local/lib/python3.8/site-packages/elasticsearch/_sync/client/__init__.py:399: SecurityWarning: Connecting to 'https://dbelk2.afaqy.local:9200' using TLS with verify_certs=False is insecure
  _transport = transport_class(

[2024-05-04T15:40:50.377+0000] {warnings.py:109} WARNING - /home/***/.local/lib/python3.8/site-packages/elasticsearch/_sync/client/__init__.py:399: SecurityWarning: Connecting to 'https://dbelk1.afaqy.local:9200' using TLS with verify_certs=False is insecure
  _transport = transport_class(

[2024-05-04T15:40:50.429+0000] {warnings.py:109} WARNING - /home/***/.local/lib/python3.8/site-packages/urllib3/connectionpool.py:1061: InsecureRequestWarning: Unverified HTTPS request is being made to host 'dbelk3.afaqy.local'. Adding certificate verification is strongly advised. See: https://urllib3.readthedocs.io/en/1.26.x/advanced-usage.html#ssl-warnings
  warnings.warn(

[2024-05-04T15:40:50.517+0000] {_transport.py:335} INFO - GET https://dbelk3.afaqy.local:9200/_cluster/health [status:200 duration:0.139s]
[2024-05-04T15:40:51.873+0000] {warnings.py:109} WARNING - /home/***/.local/lib/python3.8/site-packages/urllib3/connectionpool.py:1061: InsecureRequestWarning: Unverified HTTPS request is being made to host 'dbelk2.afaqy.local'. Adding certificate verification is strongly advised. See: https://urllib3.readthedocs.io/en/1.26.x/advanced-usage.html#ssl-warnings
  warnings.warn(

[2024-05-04T15:40:52.020+0000] {_transport.py:335} INFO - PUT https://dbelk2.afaqy.local:9200/units_statistics_***/_bulk [status:200 duration:0.170s]
[2024-05-04T15:40:52.637+0000] {taskinstance.py:2731} ERROR - Task failed with exception
Traceback (most recent call last):
  File "/home/airflow/.local/lib/python3.8/site-packages/airflow/models/taskinstance.py", line 444, in _execute_task
    result = _execute_callable(context=context, **execute_callable_kwargs)
  File "/home/airflow/.local/lib/python3.8/site-packages/airflow/models/taskinstance.py", line 414, in _execute_callable
    return execute_callable(context=context, **execute_callable_kwargs)
  File "/home/airflow/.local/lib/python3.8/site-packages/airflow/decorators/base.py", line 241, in execute
    return_value = super().execute(context)
  File "/home/airflow/.local/lib/python3.8/site-packages/airflow/operators/python.py", line 200, in execute
    return_value = self.execute_callable()
  File "/home/airflow/.local/lib/python3.8/site-packages/airflow/operators/python.py", line 217, in execute_callable
    return self.python_callable(*self.op_args, **self.op_kwargs)
  File "/opt/airflow/dags/Units_dag.py", line 112, in ETL_job
    Elk_client.elk_pushData(Globals.index_name,units_list_update)
  File "/opt/airflow/dags/elk_manager.py", line 69, in elk_pushData
    helpers.bulk(self.elk_client, docs_list, index=index_name, chunk_size=batch)
  File "/home/airflow/.local/lib/python3.8/site-packages/elasticsearch/helpers/actions.py", line 521, in bulk
    for ok, item in streaming_bulk(
  File "/home/airflow/.local/lib/python3.8/site-packages/elasticsearch/helpers/actions.py", line 436, in streaming_bulk
    for data, (ok, info) in zip(
  File "/home/airflow/.local/lib/python3.8/site-packages/elasticsearch/helpers/actions.py", line 355, in _process_bulk_chunk
    yield from gen
  File "/home/airflow/.local/lib/python3.8/site-packages/elasticsearch/helpers/actions.py", line 274, in _process_bulk_chunk_success
    raise BulkIndexError(f"{len(errors)} document(s) failed to index.", errors)
elasticsearch.helpers.BulkIndexError: 10000 document(s) failed to index.
[2024-05-04T15:40:52.649+0000] {taskinstance.py:1149} INFO - Marking task as UP_FOR_RETRY. dag_id=Units_statistics_DAG, task_id=ETL_job, map_index=10, execution_date=20240504T152000, start_date=20240504T154018, end_date=20240504T154052
[2024-05-04T15:40:52.669+0000] {standard_task_runner.py:107} ERROR - Failed to execute job 31681 for task ETL_job (10000 document(s) failed to index.; 761418)
[2024-05-04T15:40:52.755+0000] {local_task_job_runner.py:234} INFO - Task exited with return code 1
[2024-05-04T15:40:52.787+0000] {taskinstance.py:3312} INFO - 0 downstream tasks scheduled from follow-on schedule check
