[2024-05-08T14:00:14.442+0000] {taskinstance.py:1979} INFO - Dependencies all met for dep_context=non-requeueable deps ti=<TaskInstance: Units_statistics_DAG.ETL_job scheduled__2024-05-08T13:40:00+00:00 map_index=8 [queued]>
[2024-05-08T14:00:14.545+0000] {taskinstance.py:1979} INFO - Dependencies all met for dep_context=requeueable deps ti=<TaskInstance: Units_statistics_DAG.ETL_job scheduled__2024-05-08T13:40:00+00:00 map_index=8 [queued]>
[2024-05-08T14:00:14.546+0000] {taskinstance.py:2193} INFO - Starting attempt 1 of 4
[2024-05-08T14:00:14.667+0000] {taskinstance.py:2217} INFO - Executing <Mapped(_PythonDecoratedOperator): ETL_job> on 2024-05-08 13:40:00+00:00
[2024-05-08T14:00:14.736+0000] {standard_task_runner.py:60} INFO - Started process 862641 to run task
[2024-05-08T14:00:14.757+0000] {standard_task_runner.py:87} INFO - Running: ['***', 'tasks', 'run', 'Units_statistics_DAG', 'ETL_job', 'scheduled__2024-05-08T13:40:00+00:00', '--job-id', '41878', '--raw', '--subdir', 'DAGS_FOLDER/Units_dag.py', '--cfg-path', '/tmp/tmp0iboag2n', '--map-index', '8']
[2024-05-08T14:00:14.770+0000] {standard_task_runner.py:88} INFO - Job 41878: Subtask ETL_job
[2024-05-08T14:00:15.031+0000] {task_command.py:423} INFO - Running <TaskInstance: Units_statistics_DAG.ETL_job scheduled__2024-05-08T13:40:00+00:00 map_index=8 [running]> on host a09da322e808
[2024-05-08T14:00:15.739+0000] {taskinstance.py:2513} INFO - Exporting env vars: AIRFLOW_CTX_DAG_OWNER='abeer-araby' AIRFLOW_CTX_DAG_ID='Units_statistics_DAG' AIRFLOW_CTX_TASK_ID='ETL_job' AIRFLOW_CTX_EXECUTION_DATE='2024-05-08T13:40:00+00:00' AIRFLOW_CTX_TRY_NUMBER='1' AIRFLOW_CTX_DAG_RUN_ID='scheduled__2024-05-08T13:40:00+00:00'
[2024-05-08T14:00:15.740+0000] {Units_dag.py:98} INFO - i: 80000, chunk: 10000
[2024-05-08T14:00:15.740+0000] {Units_dag.py:99} INFO - child token is::: eyJ0eXAiOiJKV1QiLCJhbGciOiJIUzI1NiJ9.eyJpc3MiOiJodHRwczovL2FwaS5hZmFxeS5zYS9hdXRoL2xvZ2luX2FzIiwiaWF0IjoxNzE1MTc2ODA0LCJleHAiOjE3MTc3Njg4MDQsIm5iZiI6MTcxNTE3NjgwNCwianRpIjoiUXJRRVlMQzM4OEQ1S2ZlOSIsInN1YiI6IjVkNjNlNTFlMDNlZDUyOTJhNDJjMjRlNiIsInBydiI6IjI3MGVjZmM3ZWEzZWQ5MzdlYTg0OTM2MmEzYTUwOTEwYzZkOGNlNGYiLCJsb2dpbl9hc19pZCI6IjY1N2YwYWQ3M2Y5NzcyOTVjZjA1NTc2YSJ9.Dk4sJOtemqfluzC3Uh3VZCNYJZf_oXK4gy_aedgmF70
[2024-05-08T14:00:49.527+0000] {Units_dag.py:103} INFO - {'_id': '63d91f609f2a6e140c058ba8', 'icon': 'icons/icon.png', 'driver_id': '', 'tailer_id': '', 'profile': {'vehicle_type': '', 'measurement_type': 'count', 'max_capacity': 0, 'vin': '', 'plate_number': '', 'start_operation': '', 'contract_milage': '', 'opening_milage': '', 'model': '', 'fuel_type': '91', 'year': 0, 'seats': 2}, 'device_password': '***', 'device_type': 'gps', 'gateway': False, 'name': '2965 ر ر ص', 'operation_code': 'eced7005-1c5a-47b2-8c21-159faca7bdda', 'device_gateway': '', 'business_types': {'waste': False, 'transportation': True, 'water': False}, 'imei': '861937062949574', 'sim_number': '+966830032262223', 'sim_serial': '996609821111960911', 'device_serial': '861937062949574', 'device': 'bce', 'user_id': '5f0d614303ed52b67f28d078', 'created_by': '5e6655bf03ed52e1ab79d301', 'updated_at': '2024-04-18 11:18:59', 'created_at': '2023-01-31 17:02:08', 'custom_fields': [], 'creator': 'amr.ahmed', 'company': '', 'owner': 'alwefaq-idrive', 'last_update': {'dtt': 1676289062000, 'dts': 1676289061525, 'spd': 29, 'ang': 158, 'alt': 21, 'chPrams': {'di16': {'v': 1, 'cdt': 1674896616000}, 'ePwrV': {'v': 14.035, 'cdt': 1676289062000}, 'di15': {'v': 0, 'cdt': 1674896616000}, 'rssi1': {'v': 48, 'cdt': 1676289054000}, 'di14': {'v': 0, 'cdt': 1676288632000}, 'di13': {'v': 0, 'cdt': 1675241406000}, 'di12': {'v': 0, 'cdt': 1674896616000}, 'di11': {'v': 0, 'cdt': 1674896616000}, 'di10': {'v': 0, 'cdt': 1674896616000}, 'di2': {'v': 0, 'cdt': 1674896616000}, 'di1': {'v': 1, 'cdt': 1676289016000}, 'ai4': {'v': 216, 'cdt': 1676289062000}, 'di4': {'v': 0, 'cdt': 1674896616000}, 'di3': {'v': 0, 'cdt': 1674896616000}, 'di6': {'v': 0, 'cdt': 1674896616000}, 'di5': {'v': 1, 'cdt': 1676288896000}, 'lac1': {'v': 2222, 'cdt': 1676288006000}, 'protocol': {'v': 'bce', 'cdt': 1674896616000}, 'di8': {'v': 1, 'cdt': 1674896616000}, 'di7': {'v': 1, 'cdt': 1676288592000}, 'di9': {'v': 0, 'cdt': 1674896616000}, 'iPwrV': {'v': 4.079, 'cdt': 1676289054000}, 'cid1': {'v': 23051, 'cdt': 1676288896000}, 'odometer': {'v': 1113203806, 'cdt': 1676289062000}, 'spd': {'v': 29, 'cdt': 1676289062000}, 'sat': {'v': 12, 'cdt': 1676288254000}, 'hdop': {'v': 1, 'cdt': 1676286762000}, 'ta': {'v': 0, 'cdt': 1675239392000}, 'mcc1': {'v': 420, 'cdt': 1676035436000}, 'mnc1': {'v': 3, 'cdt': 1676035436000}}, 'prms': {'protocol': 'bce', 'spd': 29, 'sat': 12, 'hdop': 1, 'odometer': 1113203806, 'di16': 1, 'di15': 0, 'di14': 0, 'di13': 0, 'di12': 0, 'di11': 0, 'di10': 0, 'di9': 0, 'di8': 1, 'di7': 1, 'di6': 0, 'di5': 1, 'di4': 0, 'di3': 0, 'di2': 0, 'di1': 1, 'ePwrV': 14.035, 'ai4': 216, 'iPwrV': 4.079, 'ta': 0, 'mcc1': 420, 'mnc1': 3, 'lac1': 2222, 'cid1': 23051, 'rssi1': 48}, 'devPrms': ['protocol', 'spd', 'sat', 'hdop', 'odometer', 'di16', 'di15', 'di14', 'di13', 'di12', 'di11', 'di10', 'di9', 'di8', 'di7', 'di6', 'di5', 'di4', 'di3', 'di2', 'di1', 'ePwrV', 'ai4', 'iPwrV', 'ta', 'mcc1', 'mnc1', 'lac1', 'cid1', 'rssi1'], 'old_params': {'protocol': 'bce', 'spd': 18, 'sat': 12, 'hdop': 1, 'odometer': 1116126947, 'di16': 1, 'di15': 0, 'di14': 0, 'di13': 0, 'di12': 0, 'di11': 0, 'di10': 0, 'di9': 0, 'di8': 1, 'di7': 1, 'di6': 0, 'di5': 1, 'di4': 0, 'di3': 0, 'di2': 0, 'di1': 1, 'ePwrV': 14, 'ai4': 196, 'iPwrV': 4.079, 'ta': 0, 'mcc1': 420, 'mnc1': 3, 'lac1': 2222, 'cid1': 23051, 'rssi1': 48}, 'vLoc': 1, 'vCon': 1, 'ip': '109.82.11.161', 'rl': 0.0546, 'trl': 963.7428, 'mdu': 8, 'tmdu': 61752, 'eidl': 0, 'teidl': 43028, 'fc': 0.00546, 'tfc': 2.62428, 'acc': 1, 'accOn': 436596, 'accOff': 969170, 'sdu': 0, 'tsdu': 0, 'lat': 21.628089904785156, 'lng': 39.18947982788086}, 'counters': {'odometer_type': 'gps', 'odometer': 972.0997, 'engine_hours_type': 'acc', 'engine_hours': 436596, 'last_acc': 1}, 'is_wasl_connected': 'Not Connected', 'iconUrl': 'https://api.afaqy.sa/images/units/icons/icon.png', 'hasCCTV': False}
[2024-05-08T14:00:51.127+0000] {warnings.py:109} WARNING - /home/***/.local/lib/python3.8/site-packages/elasticsearch/_sync/client/__init__.py:399: SecurityWarning: Connecting to 'https://dbelk1.afaqy.local:9200' using TLS with verify_certs=False is insecure
  _transport = transport_class(

[2024-05-08T14:00:51.210+0000] {warnings.py:109} WARNING - /home/***/.local/lib/python3.8/site-packages/elasticsearch/_sync/client/__init__.py:399: SecurityWarning: Connecting to 'https://dbelk2.afaqy.local:9200' using TLS with verify_certs=False is insecure
  _transport = transport_class(

[2024-05-08T14:00:51.289+0000] {warnings.py:109} WARNING - /home/***/.local/lib/python3.8/site-packages/elasticsearch/_sync/client/__init__.py:399: SecurityWarning: Connecting to 'https://dbelk3.afaqy.local:9200' using TLS with verify_certs=False is insecure
  _transport = transport_class(

[2024-05-08T14:00:51.340+0000] {warnings.py:109} WARNING - /home/***/.local/lib/python3.8/site-packages/urllib3/connectionpool.py:1061: InsecureRequestWarning: Unverified HTTPS request is being made to host 'dbelk1.afaqy.local'. Adding certificate verification is strongly advised. See: https://urllib3.readthedocs.io/en/1.26.x/advanced-usage.html#ssl-warnings
  warnings.warn(

[2024-05-08T14:00:51.417+0000] {_transport.py:335} INFO - GET https://dbelk1.afaqy.local:9200/_cluster/health [status:200 duration:0.125s]
[2024-05-08T14:00:52.051+0000] {warnings.py:109} WARNING - /home/***/.local/lib/python3.8/site-packages/urllib3/connectionpool.py:1061: InsecureRequestWarning: Unverified HTTPS request is being made to host 'dbelk2.afaqy.local'. Adding certificate verification is strongly advised. See: https://urllib3.readthedocs.io/en/1.26.x/advanced-usage.html#ssl-warnings
  warnings.warn(

[2024-05-08T14:00:52.070+0000] {_transport.py:335} INFO - PUT https://dbelk2.afaqy.local:9200/units_statistics_***/_bulk [status:429 duration:0.046s]
[2024-05-08T14:00:52.071+0000] {_node_pool.py:249} WARNING - Node <Urllib3HttpNode(https://dbelk2.afaqy.local:9200)> has failed for 1 times in a row, putting on 1 second timeout
[2024-05-08T14:00:52.071+0000] {_transport.py:427} WARNING - Retrying request after non-successful status 429 (attempt 0 of 3)
[2024-05-08T14:00:52.072+0000] {warnings.py:109} WARNING - /home/***/.local/lib/python3.8/site-packages/urllib3/connectionpool.py:1061: InsecureRequestWarning: Unverified HTTPS request is being made to host 'dbelk1.afaqy.local'. Adding certificate verification is strongly advised. See: https://urllib3.readthedocs.io/en/1.26.x/advanced-usage.html#ssl-warnings
  warnings.warn(

[2024-05-08T14:00:52.249+0000] {_transport.py:335} INFO - PUT https://dbelk1.afaqy.local:9200/units_statistics_***/_bulk [status:200 duration:0.177s]
[2024-05-08T14:00:52.552+0000] {taskinstance.py:2731} ERROR - Task failed with exception
Traceback (most recent call last):
  File "/home/airflow/.local/lib/python3.8/site-packages/airflow/models/taskinstance.py", line 444, in _execute_task
    result = _execute_callable(context=context, **execute_callable_kwargs)
  File "/home/airflow/.local/lib/python3.8/site-packages/airflow/models/taskinstance.py", line 414, in _execute_callable
    return execute_callable(context=context, **execute_callable_kwargs)
  File "/home/airflow/.local/lib/python3.8/site-packages/airflow/decorators/base.py", line 241, in execute
    return_value = super().execute(context)
  File "/home/airflow/.local/lib/python3.8/site-packages/airflow/operators/python.py", line 200, in execute
    return_value = self.execute_callable()
  File "/home/airflow/.local/lib/python3.8/site-packages/airflow/operators/python.py", line 217, in execute_callable
    return self.python_callable(*self.op_args, **self.op_kwargs)
  File "/opt/airflow/dags/Units_dag.py", line 111, in ETL_job
    Elk_client.elk_pushData(Globals.index_name,units_list_update)
  File "/opt/airflow/dags/units_statistics/elk_manager.py", line 69, in elk_pushData
    helpers.bulk(self.elk_client, docs_list, index=index_name, chunk_size=batch)
  File "/home/airflow/.local/lib/python3.8/site-packages/elasticsearch/helpers/actions.py", line 521, in bulk
    for ok, item in streaming_bulk(
  File "/home/airflow/.local/lib/python3.8/site-packages/elasticsearch/helpers/actions.py", line 436, in streaming_bulk
    for data, (ok, info) in zip(
  File "/home/airflow/.local/lib/python3.8/site-packages/elasticsearch/helpers/actions.py", line 355, in _process_bulk_chunk
    yield from gen
  File "/home/airflow/.local/lib/python3.8/site-packages/elasticsearch/helpers/actions.py", line 274, in _process_bulk_chunk_success
    raise BulkIndexError(f"{len(errors)} document(s) failed to index.", errors)
elasticsearch.helpers.BulkIndexError: 10000 document(s) failed to index.
[2024-05-08T14:00:52.567+0000] {taskinstance.py:1149} INFO - Marking task as UP_FOR_RETRY. dag_id=Units_statistics_DAG, task_id=ETL_job, map_index=8, execution_date=20240508T134000, start_date=20240508T140014, end_date=20240508T140052
[2024-05-08T14:00:52.589+0000] {standard_task_runner.py:107} ERROR - Failed to execute job 41878 for task ETL_job (10000 document(s) failed to index.; 862641)
[2024-05-08T14:00:52.660+0000] {local_task_job_runner.py:234} INFO - Task exited with return code 1
[2024-05-08T14:00:52.690+0000] {taskinstance.py:3312} INFO - 0 downstream tasks scheduled from follow-on schedule check
