[2024-05-02T23:20:15.775+0000] {taskinstance.py:1979} INFO - Dependencies all met for dep_context=non-requeueable deps ti=<TaskInstance: Units_statistics_DAG.ETL_job scheduled__2024-05-02T23:00:00+00:00 map_index=6 [queued]>
[2024-05-02T23:20:15.807+0000] {taskinstance.py:1979} INFO - Dependencies all met for dep_context=requeueable deps ti=<TaskInstance: Units_statistics_DAG.ETL_job scheduled__2024-05-02T23:00:00+00:00 map_index=6 [queued]>
[2024-05-02T23:20:15.808+0000] {taskinstance.py:2193} INFO - Starting attempt 1 of 4
[2024-05-02T23:20:15.862+0000] {taskinstance.py:2217} INFO - Executing <Mapped(_PythonDecoratedOperator): ETL_job> on 2024-05-02 23:00:00+00:00
[2024-05-02T23:20:15.876+0000] {standard_task_runner.py:60} INFO - Started process 721031 to run task
[2024-05-02T23:20:15.895+0000] {standard_task_runner.py:87} INFO - Running: ['***', 'tasks', 'run', 'Units_statistics_DAG', 'ETL_job', 'scheduled__2024-05-02T23:00:00+00:00', '--job-id', '28843', '--raw', '--subdir', 'DAGS_FOLDER/Units_dag.py', '--cfg-path', '/tmp/tmpkirtswh1', '--map-index', '6']
[2024-05-02T23:20:15.904+0000] {standard_task_runner.py:88} INFO - Job 28843: Subtask ETL_job
[2024-05-02T23:20:16.152+0000] {task_command.py:423} INFO - Running <TaskInstance: Units_statistics_DAG.ETL_job scheduled__2024-05-02T23:00:00+00:00 map_index=6 [running]> on host a09da322e808
[2024-05-02T23:20:16.811+0000] {taskinstance.py:2513} INFO - Exporting env vars: AIRFLOW_CTX_DAG_OWNER='abeer-araby' AIRFLOW_CTX_DAG_ID='Units_statistics_DAG' AIRFLOW_CTX_TASK_ID='ETL_job' AIRFLOW_CTX_EXECUTION_DATE='2024-05-02T23:00:00+00:00' AIRFLOW_CTX_TRY_NUMBER='1' AIRFLOW_CTX_DAG_RUN_ID='scheduled__2024-05-02T23:00:00+00:00'
[2024-05-02T23:20:16.812+0000] {Units_dag.py:99} INFO - i: 60000, chunk: 10000
[2024-05-02T23:20:16.813+0000] {Units_dag.py:100} INFO - child token is::: eyJ0eXAiOiJKV1QiLCJhbGciOiJIUzI1NiJ9.eyJpc3MiOiJodHRwczovL2FwaS5hZmFxeS5zYS9hdXRoL2xvZ2luX2FzIiwiaWF0IjoxNzE0NjkyMDA0LCJleHAiOjE3MTcyODQwMDQsIm5iZiI6MTcxNDY5MjAwNCwianRpIjoiZXA0V05mZTdFYUFMUmxLRCIsInN1YiI6IjVkNjNlNTFlMDNlZDUyOTJhNDJjMjRlNiIsInBydiI6IjI3MGVjZmM3ZWEzZWQ5MzdlYTg0OTM2MmEzYTUwOTEwYzZkOGNlNGYiLCJsb2dpbl9hc19pZCI6IjY1N2YwYWQ3M2Y5NzcyOTVjZjA1NTc2YSJ9.tQEsEYT8u8rsctAbELELQeLmVbLr2vCKD5o0qUZCP2Q
[2024-05-02T23:20:39.396+0000] {Units_dag.py:104} INFO - {'_id': '6329e8d1a6f87f634078630f', 'icon': 'icons/icon.png', 'driver_id': '', 'tailer_id': '', 'profile': {'vehicle_type': '', 'measurement_type': 'count', 'max_capacity': 0, 'vin': '', 'plate_number': '', 'start_operation': '', 'contract_milage': '', 'opening_milage': '', 'model': '', 'fuel_type': '91', 'year': 0, 'seats': 2}, 'device_password': '***', 'device_type': 'gps', 'gateway': False, 'name': 'ح ل ا 9243 جديد', 'operation_code': '', 'imei': '357073298255742', 'sim_number': '+966821111337227', 'sim_serial': '8996609821111337227', 'device_serial': '1125802378', 'device': 'teltonika', 'created_by': '5e539d8203ed52f71d634478', 'user_id': '5e539d8203ed52f71d634478', 'updated_at': '2024-04-18 11:18:59', 'created_at': '2022-09-20 19:22:41', 'business_types': {'waste': False, 'transportation': True, 'water': False, 'hajj': False}, 'device_gateway': '', 'custom_fields': [], 'creator': 'aemallamar', 'company': '', 'owner': 'aemallamar', 'last_update': {'dtt': 1693194274000, 'dts': 1693194277934, 'spd': 0, 'ang': 33, 'alt': 612, 'chPrams': {'parm76': {'v': 0, 'cdt': 1692355609000}, 'output1': {'v': False, 'cdt': 1691836583000}, 'output2': {'v': False, 'cdt': 1691836583000}, 'ePwrV': {'v': 8.459, 'cdt': 1693194274000}, 'sat': {'v': 14, 'cdt': 1693193973000}, 'ai1': {'v': 131, 'cdt': 1689237164000}, 'priority': {'v': 0, 'cdt': 1693117036000}, 'di2': {'v': 0, 'cdt': 1663681078000}, 'type': {'v': 6, 'cdt': 1692657649000}, 'di1': {'v': 0, 'cdt': 1693116286000}, 'temp1': {'v': 0, 'cdt': 1692355609000}, 'result': {'v': '5665723a30332e32372e31335f3033204750533a41584e5f352e312e392048773a464d42313230204d6f643a333320494d45493a33353730373332393832353537343220496e69743a323032332d382d323620363a343120557074696d653a313431393139204d41433a303031453432374445443846205350433a312830292041584c3a32204f42443a3020424c3a312e31302042543a34', 'cdt': 1693174138000}, 'protocol': {'v': 'FMB120', 'cdt': 1693174438000}, 'temp5': {'v': 30, 'cdt': 1692355609000}, 'parm29': {'v': 0, 'cdt': 1692355609000}, 'iPwrV': {'v': 3.353, 'cdt': 1693194274000}, 'event': {'v': 0, 'cdt': 1693116294000}, 'humidity86': {'v': 300, 'cdt': 1692355609000}}, 'prms': {'protocol': 'FMB120', 'priority': 0, 'sat': 14, 'event': 0, 'di1': 0, 'output1': 0, 'di2': 0, 'output2': 0, 'parm29': 0, 'ePwrV': 8.459, 'iPwrV': 3.353, 'ai1': 131, 'temp5': 30, 'humidity86': 300, 'temp1': 0, 'parm76': 0}, 'devPrms': ['protocol', 'priority', 'sat', 'event', 'di1', 'output1', 'di2', 'output2', 'parm29', 'ePwrV', 'iPwrV', 'ai1', 'temp5', 'humidity86', 'temp1', 'parm76'], 'old_params': {'parm76': 0, 'output1': 0, 'output2': 0, 'ePwrV': 8.437, 'sat': 14, 'ai1': 131, 'priority': 0, 'di2': 0, 'di1': 0, 'temp1': 0, 'protocol': 'teltonika', 'temp5': 30, 'parm29': 0, 'iPwrV': 3.408, 'event': 0, 'humidity86': 300}, 'vLoc': 1, 'vCon': 1, 'ip': '109.83.155.182', 'rl': 0, 'trl': 37177.2052, 'mdu': 0, 'tmdu': 2018743, 'eidl': 0, 'teidl': 1148514, 'fc': 0, 'tfc': 0.006888, 'acc': 0, 'accOn': 4109129, 'accOff': 616168597, 'sdu': 301, 'tsdu': 77988, 'lat': 24.56268, 'lng': 46.7555783}, 'counters': {'odometer_type': 'gps', 'odometer': 37177.2026, 'engine_hours_type': 'acc', 'engine_hours': 4109129, 'last_acc': 0}, 'is_wasl_connected': 'Not Connected', 'iconUrl': 'https://api.afaqy.sa/images/units/icons/icon.png', 'hasCCTV': False}
[2024-05-02T23:20:41.452+0000] {warnings.py:109} WARNING - /home/***/.local/lib/python3.8/site-packages/elasticsearch/_sync/client/__init__.py:399: SecurityWarning: Connecting to 'https://dbelk2.afaqy.local:9200' using TLS with verify_certs=False is insecure
  _transport = transport_class(

[2024-05-02T23:20:41.886+0000] {warnings.py:109} WARNING - /home/***/.local/lib/python3.8/site-packages/elasticsearch/_sync/client/__init__.py:399: SecurityWarning: Connecting to 'https://dbelk1.afaqy.local:9200' using TLS with verify_certs=False is insecure
  _transport = transport_class(

[2024-05-02T23:20:43.297+0000] {warnings.py:109} WARNING - /home/***/.local/lib/python3.8/site-packages/elasticsearch/_sync/client/__init__.py:399: SecurityWarning: Connecting to 'https://dbelk3.afaqy.local:9200' using TLS with verify_certs=False is insecure
  _transport = transport_class(

[2024-05-02T23:20:43.386+0000] {warnings.py:109} WARNING - /home/***/.local/lib/python3.8/site-packages/urllib3/connectionpool.py:1061: InsecureRequestWarning: Unverified HTTPS request is being made to host 'dbelk2.afaqy.local'. Adding certificate verification is strongly advised. See: https://urllib3.readthedocs.io/en/1.26.x/advanced-usage.html#ssl-warnings
  warnings.warn(

[2024-05-02T23:20:43.461+0000] {_transport.py:335} INFO - GET https://dbelk2.afaqy.local:9200/_cluster/health [status:200 duration:0.159s]
[2024-05-02T23:20:46.933+0000] {warnings.py:109} WARNING - /home/***/.local/lib/python3.8/site-packages/urllib3/connectionpool.py:1061: InsecureRequestWarning: Unverified HTTPS request is being made to host 'dbelk1.afaqy.local'. Adding certificate verification is strongly advised. See: https://urllib3.readthedocs.io/en/1.26.x/advanced-usage.html#ssl-warnings
  warnings.warn(

[2024-05-02T23:20:48.464+0000] {_transport.py:335} INFO - PUT https://dbelk1.afaqy.local:9200/units_statistics_***/_bulk [status:200 duration:1.575s]
[2024-05-02T23:20:49.534+0000] {python.py:202} INFO - Done. Returned value was: None
[2024-05-02T23:20:49.564+0000] {taskinstance.py:1149} INFO - Marking task as SUCCESS. dag_id=Units_statistics_DAG, task_id=ETL_job, map_index=6, execution_date=20240502T230000, start_date=20240502T232015, end_date=20240502T232049
[2024-05-02T23:20:49.684+0000] {local_task_job_runner.py:234} INFO - Task exited with return code 0
[2024-05-02T23:20:49.731+0000] {taskinstance.py:3312} INFO - 0 downstream tasks scheduled from follow-on schedule check
