[2024-04-28T20:00:16.138+0000] {taskinstance.py:1979} INFO - Dependencies all met for dep_context=non-requeueable deps ti=<TaskInstance: Units_statistics_DAG.ETL_job scheduled__2024-04-28T19:40:00+00:00 map_index=5 [queued]>
[2024-04-28T20:00:16.212+0000] {taskinstance.py:1979} INFO - Dependencies all met for dep_context=requeueable deps ti=<TaskInstance: Units_statistics_DAG.ETL_job scheduled__2024-04-28T19:40:00+00:00 map_index=5 [queued]>
[2024-04-28T20:00:16.236+0000] {taskinstance.py:2193} INFO - Starting attempt 1 of 4
[2024-04-28T20:00:16.323+0000] {taskinstance.py:2217} INFO - Executing <Mapped(_PythonDecoratedOperator): ETL_job> on 2024-04-28 19:40:00+00:00
[2024-04-28T20:00:16.340+0000] {standard_task_runner.py:60} INFO - Started process 621893 to run task
[2024-04-28T20:00:16.396+0000] {standard_task_runner.py:87} INFO - Running: ['***', 'tasks', 'run', 'Units_statistics_DAG', 'ETL_job', 'scheduled__2024-04-28T19:40:00+00:00', '--job-id', '21806', '--raw', '--subdir', 'DAGS_FOLDER/Units_dag.py', '--cfg-path', '/tmp/tmpk75o2g5o', '--map-index', '5']
[2024-04-28T20:00:16.400+0000] {standard_task_runner.py:88} INFO - Job 21806: Subtask ETL_job
[2024-04-28T20:00:16.636+0000] {task_command.py:423} INFO - Running <TaskInstance: Units_statistics_DAG.ETL_job scheduled__2024-04-28T19:40:00+00:00 map_index=5 [running]> on host a09da322e808
[2024-04-28T20:00:17.099+0000] {taskinstance.py:2513} INFO - Exporting env vars: AIRFLOW_CTX_DAG_OWNER='abeer-araby' AIRFLOW_CTX_DAG_ID='Units_statistics_DAG' AIRFLOW_CTX_TASK_ID='ETL_job' AIRFLOW_CTX_EXECUTION_DATE='2024-04-28T19:40:00+00:00' AIRFLOW_CTX_TRY_NUMBER='1' AIRFLOW_CTX_DAG_RUN_ID='scheduled__2024-04-28T19:40:00+00:00'
[2024-04-28T20:00:17.100+0000] {Units_dag.py:99} INFO - i: 50000, chunk: 10000
[2024-04-28T20:00:17.101+0000] {Units_dag.py:100} INFO - child token is::: eyJ0eXAiOiJKV1QiLCJhbGciOiJIUzI1NiJ9.eyJpc3MiOiJodHRwczovL2FwaS5hZmFxeS5zYS9hdXRoL2xvZ2luX2FzIiwiaWF0IjoxNzE0MzM0NDA0LCJleHAiOjE3MTY5MjY0MDQsIm5iZiI6MTcxNDMzNDQwNCwianRpIjoiektGMDhXNWtJbUk2c1JjZiIsInN1YiI6IjVkNjNlNTFlMDNlZDUyOTJhNDJjMjRlNiIsInBydiI6IjI3MGVjZmM3ZWEzZWQ5MzdlYTg0OTM2MmEzYTUwOTEwYzZkOGNlNGYiLCJsb2dpbl9hc19pZCI6IjY1N2YwYWQ3M2Y5NzcyOTVjZjA1NTc2YSJ9.JHb_zW798warPSETKeKFIuD8fmSui4bF_AMLJXL4zgE
[2024-04-28T20:00:38.636+0000] {Units_dag.py:104} INFO - {'_id': '62aedc4f69ba0965b501fb27', 'icon': 'icons/G_13.png', 'driver_id': '', 'tailer_id': '', 'profile': {'vehicle_type': None, 'measurement_type': 'count', 'max_capacity': 0, 'vin': None, 'plate_number': None, 'start_operation': None, 'contract_milage': None, 'opening_milage': None, 'model': None, 'fuel_type': '91', 'year': 0, 'seats': 2}, 'device_password': '***', 'device_type': 'gps', 'gateway': False, 'name': '0138', 'operation_code': '138', 'device_gateway': '', 'business_types': {'waste': False, 'transportation': False, 'water': False, 'hajj': True}, 'imei': '358480082920440', 'sim_number': '+966830030799946', 'sim_serial': '421276213348', 'device_serial': '1102108444', 'device': 'teltonika', 'user_id': '62ae28f6e2df4352f3455062', 'created_by': '5d5d152003ed5207c22d6fb5', 'updated_at': '2024-04-18 11:18:59', 'created_at': '2022-06-19 11:20:31', 'custom_fields': [], 'creator': 'diaa.ahmed', 'company': 'مؤسسة بسمة اعمار لنقل الحجاج والمعتمرين', 'owner': 'basma-emaar-hajj', 'last_update': {'dtt': 1714334162511, 'dts': 1714334165769, 'spd': 0, 'ang': 133, 'alt': 87, 'chPrams': {'Speed': {'v': 0, 'cdt': 1714333202527}, 'output1': {'v': False, 'cdt': 1714292064031}, 'motion': {'v': False, 'cdt': 1714333300699}, 'ePwrV': {'v': 25.39, 'cdt': 1714334162511}, 'parm24': {'v': 0, 'cdt': 1714333202527}, 'sat': {'v': 14, 'cdt': 1714334162511}, 'priority': {'v': 0, 'cdt': 1714333562523}, 'di2': {'v': 0, 'cdt': 2509090122285}, 'type': {'v': 6, 'cdt': 1713781855265}, 'di1': {'v': 0, 'cdt': 1714333562523}, 'result': {'v': '5665723a30312e30302e303520494d45493a3335383438303038323932303434302049443a333320424c3a31362e3041204d6f64656d3a30312e30302e30312e30305f3030352048773a464d423634302048572e3320455854205350433a3128302920', 'cdt': 1713781855265}, 'protocol': {'v': 'FMB640', 'cdt': 1714292064031}, 'iPwrV': {'v': 9.764, 'cdt': 1714333862515}, 'event': {'v': 0, 'cdt': 1714333562523}}, 'prms': {'protocol': 'FMB640', 'priority': 0, 'sat': 14, 'event': 0, 'di1': 0, 'di2': 0, 'output1': 0, 'motion': 0, 'iPwrV': 9.764, 'ePwrV': 25.39, 'Speed': 0, 'parm24': 0}, 'devPrms': ['protocol', 'priority', 'sat', 'event', 'di1', 'di2', 'output1', 'motion', 'iPwrV', 'ePwrV', 'Speed', 'parm24'], 'old_params': {'Speed': 0, 'protocol': 'teltonika', 'output1': 0, 'motion': 0, 'ePwrV': 25.011, 'parm24': 0, 'sat': 13, 'iPwrV': 9.764, 'priority': 0, 'event': 0, 'di2': 0, 'di1': 0}, 'vLoc': 1, 'vCon': 1, 'ip': '51.36.193.121', 'rl': 0, 'trl': 704072.2534, 'mdu': 0, 'tmdu': 26773839, 'eidl': 0, 'teidl': 16908165, 'fc': 0, 'tfc': 89.191092, 'acc': 0, 'accOn': 1176261831, 'accOff': 3487154956, 'sdu': 299, 'tsdu': 598, 'lat': 21.42266, 'lng': 39.5083633}, 'counters': {'odometer_type': 'gps', 'odometer': 704072.2534, 'engine_hours_type': 'acc', 'engine_hours': 1176261831, 'last_acc': 0}, 'is_wasl_connected': 'Not Connected', 'iconUrl': 'https://api.afaqy.sa/images/units/icons/G_13.png', 'hasCCTV': False}
[2024-04-28T20:00:39.730+0000] {warnings.py:109} WARNING - /home/***/.local/lib/python3.8/site-packages/elasticsearch/_sync/client/__init__.py:399: SecurityWarning: Connecting to 'https://dbelk2.afaqy.local:9200' using TLS with verify_certs=False is insecure
  _transport = transport_class(

[2024-04-28T20:00:39.836+0000] {warnings.py:109} WARNING - /home/***/.local/lib/python3.8/site-packages/elasticsearch/_sync/client/__init__.py:399: SecurityWarning: Connecting to 'https://dbelk3.afaqy.local:9200' using TLS with verify_certs=False is insecure
  _transport = transport_class(

[2024-04-28T20:00:39.957+0000] {warnings.py:109} WARNING - /home/***/.local/lib/python3.8/site-packages/elasticsearch/_sync/client/__init__.py:399: SecurityWarning: Connecting to 'https://dbelk1.afaqy.local:9200' using TLS with verify_certs=False is insecure
  _transport = transport_class(

[2024-04-28T20:00:39.978+0000] {warnings.py:109} WARNING - /home/***/.local/lib/python3.8/site-packages/urllib3/connectionpool.py:1061: InsecureRequestWarning: Unverified HTTPS request is being made to host 'dbelk2.afaqy.local'. Adding certificate verification is strongly advised. See: https://urllib3.readthedocs.io/en/1.26.x/advanced-usage.html#ssl-warnings
  warnings.warn(

[2024-04-28T20:00:40.044+0000] {_transport.py:335} INFO - GET https://dbelk2.afaqy.local:9200/_cluster/health [status:200 duration:0.085s]
[2024-04-28T20:00:40.720+0000] {warnings.py:109} WARNING - /home/***/.local/lib/python3.8/site-packages/urllib3/connectionpool.py:1061: InsecureRequestWarning: Unverified HTTPS request is being made to host 'dbelk3.afaqy.local'. Adding certificate verification is strongly advised. See: https://urllib3.readthedocs.io/en/1.26.x/advanced-usage.html#ssl-warnings
  warnings.warn(

[2024-04-28T20:00:42.699+0000] {_transport.py:335} INFO - PUT https://dbelk3.afaqy.local:9200/units_statistics_***/_bulk [status:200 duration:2.000s]
[2024-04-28T20:00:43.948+0000] {python.py:202} INFO - Done. Returned value was: None
[2024-04-28T20:00:43.976+0000] {taskinstance.py:1149} INFO - Marking task as SUCCESS. dag_id=Units_statistics_DAG, task_id=ETL_job, map_index=5, execution_date=20240428T194000, start_date=20240428T200016, end_date=20240428T200043
[2024-04-28T20:00:44.076+0000] {local_task_job_runner.py:234} INFO - Task exited with return code 0
[2024-04-28T20:00:44.113+0000] {taskinstance.py:3312} INFO - 0 downstream tasks scheduled from follow-on schedule check
