[2024-05-09T08:40:55.006+0000] {taskinstance.py:1979} INFO - Dependencies all met for dep_context=non-requeueable deps ti=<TaskInstance: Units_statistics_DAG.ETL_job scheduled__2024-05-09T08:20:00+00:00 map_index=16 [queued]>
[2024-05-09T08:40:55.070+0000] {taskinstance.py:1979} INFO - Dependencies all met for dep_context=requeueable deps ti=<TaskInstance: Units_statistics_DAG.ETL_job scheduled__2024-05-09T08:20:00+00:00 map_index=16 [queued]>
[2024-05-09T08:40:55.070+0000] {taskinstance.py:2193} INFO - Starting attempt 1 of 4
[2024-05-09T08:40:55.133+0000] {taskinstance.py:2217} INFO - Executing <Mapped(_PythonDecoratedOperator): ETL_job> on 2024-05-09 08:20:00+00:00
[2024-05-09T08:40:55.154+0000] {standard_task_runner.py:60} INFO - Started process 882545 to run task
[2024-05-09T08:40:55.205+0000] {standard_task_runner.py:87} INFO - Running: ['***', 'tasks', 'run', 'Units_statistics_DAG', 'ETL_job', 'scheduled__2024-05-09T08:20:00+00:00', '--job-id', '43840', '--raw', '--subdir', 'DAGS_FOLDER/Units_dag.py', '--cfg-path', '/tmp/tmp03qepz2d', '--map-index', '16']
[2024-05-09T08:40:55.208+0000] {standard_task_runner.py:88} INFO - Job 43840: Subtask ETL_job
[2024-05-09T08:40:55.434+0000] {task_command.py:423} INFO - Running <TaskInstance: Units_statistics_DAG.ETL_job scheduled__2024-05-09T08:20:00+00:00 map_index=16 [running]> on host a09da322e808
[2024-05-09T08:40:55.910+0000] {taskinstance.py:2513} INFO - Exporting env vars: AIRFLOW_CTX_DAG_OWNER='abeer-araby' AIRFLOW_CTX_DAG_ID='Units_statistics_DAG' AIRFLOW_CTX_TASK_ID='ETL_job' AIRFLOW_CTX_EXECUTION_DATE='2024-05-09T08:20:00+00:00' AIRFLOW_CTX_TRY_NUMBER='1' AIRFLOW_CTX_DAG_RUN_ID='scheduled__2024-05-09T08:20:00+00:00'
[2024-05-09T08:40:55.912+0000] {Units_dag.py:98} INFO - i: 160000, chunk: 10000
[2024-05-09T08:40:55.912+0000] {Units_dag.py:99} INFO - child token is::: eyJ0eXAiOiJKV1QiLCJhbGciOiJIUzI1NiJ9.eyJpc3MiOiJodHRwczovL2FwaS5hZmFxeS5zYS9hdXRoL2xvZ2luX2FzIiwiaWF0IjoxNzE1MjQ0MDA0LCJleHAiOjE3MTc4MzYwMDQsIm5iZiI6MTcxNTI0NDAwNCwianRpIjoiWXAzUHVRNVBCSFZWY0MzMCIsInN1YiI6IjVkNjNlNTFlMDNlZDUyOTJhNDJjMjRlNiIsInBydiI6IjI3MGVjZmM3ZWEzZWQ5MzdlYTg0OTM2MmEzYTUwOTEwYzZkOGNlNGYiLCJsb2dpbl9hc19pZCI6IjY1N2YwYWQ3M2Y5NzcyOTVjZjA1NTc2YSJ9.MeIq2w1V7rZYEMy-lDSYjyMuxdlH5JsZKamMHBpErwA
[2024-05-09T08:41:19.144+0000] {Units_dag.py:103} INFO - {'_id': '65f03d3d2d1341d03e09314e', 'icon': 'icons/icon.png', 'driver_id': '', 'tailer_id': '', 'profile': {'vehicle_type': '', 'measurement_type': 'count', 'max_capacity': None, 'vin': '', 'plate_number': '', 'start_operation': '', 'contract_milage': '', 'opening_milage': '', 'model': '', 'fuel_type': '91', 'year': 0, 'seats': 2}, 'shipment_info': {'product_category': None, 'truck_type': None, 'shipment_type': None, 'shipment_payment_type': None, 'transporter_type': None, 'operating_area': None, 'weight_kilograms_per_day': None, 'kms_per_day': None, 'shipment_trip_drive_hrs_day': None, 'allowable_delay_drive_hrs_day': None, 'expected_shipment_trip_day': None, 'car_pay_per_day': None, 'exceeding_temperature_limit_per_day': None, 'temperature_upper_limit': None, 'exceeding_humidity_limit_per_day': None, 'humidity_upper_limit': None}, 'device_password': '***', 'device_type': 'gps', 'gateway': False, 'business_types': {'waste': False, 'transportation': True, 'water': False}, 'name': '6630EGR', 'operation_code': '', 'device_gateway': '', 'skip_sim_information': False, 'imei': '866069061112460', 'sim_number': '+966830021055674', 'sim_serial': '8996609821112127599', 'device_serial': '1135688769', 'device': 'teltonika', 'user_id': '64a521fa2b89b242d0656ad2', 'created_by': '5e6655bf03ed52e1ab79d301', 'updated_at': '2024-04-18 11:18:59', 'created_at': '2024-03-12 14:32:13', 'custom_fields': [], 'creator': 'amr.ahmed', 'company': '', 'owner': 'chery-trading-admin', 'last_update': {'dtt': 1715243759000, 'dts': 1715243762223, 'spd': 0, 'ang': 312, 'alt': 24, 'chPrams': {'Speed': {'v': 0, 'cdt': 1714560007000}, 'output1': {'v': False, 'cdt': 1715235945000}, 'ePwrV': {'v': 12.09, 'cdt': 1715242858000}, 'parm24': {'v': 0, 'cdt': 1714560007000}, 'sat': {'v': 19, 'cdt': 1715243158000}, 'ai1': {'v': 129, 'cdt': 1712741792000}, 'priority': {'v': 0, 'cdt': 1712741792000}, 'type': {'v': 6, 'cdt': 1713192897000}, 'di1': {'v': 0, 'cdt': 1714560007000}, 'result': {'v': '5665723a30332e32382e30325f313937204750533a41584e5f352e312e392048773a464d43393230204d6f643a3120494d45493a38363630363930363131313234363020496e69743a323032342d342d32382031303a3420557074696d653a393335363138204d41433a333838413231393130453337205350433a312830292041584c3a31204f42443a3020424c3a312e31302042543a34', 'cdt': 1715235645000}, 'protocol': {'v': 'FMC920', 'cdt': 1715235945000}, 'iPwrV': {'v': 4.085, 'cdt': 1715232339000}, 'event': {'v': 0, 'cdt': 1712744798000}}, 'prms': {'protocol': 'FMC920', 'priority': 0, 'sat': 19, 'event': 0, 'di1': 0, 'output1': 0, 'ePwrV': 12.09, 'Speed': 0, 'parm24': 0, 'iPwrV': 4.085, 'ai1': 129}, 'devPrms': ['protocol', 'priority', 'sat', 'event', 'di1', 'output1', 'ePwrV', 'Speed', 'parm24', 'iPwrV', 'ai1'], 'old_params': {'Speed': 0, 'protocol': 'teltonika', 'output1': 0, 'ePwrV': 12.09, 'parm24': 0, 'sat': 19, 'ai1': 129, 'iPwrV': 4.085, 'priority': 0, 'event': 0, 'di1': 0}, 'vLoc': 1, 'vCon': 1, 'ip': '109.83.33.233', 'rl': 0, 'trl': 0.8864, 'mdu': 0, 'tmdu': 608, 'eidl': 0, 'teidl': 4965, 'fc': 0, 'tfc': 0.106368, 'acc': 0, 'accOn': 611602, 'accOff': 4482477, 'sdu': 301, 'tsdu': 683752, 'lat': 21.5692783, 'lng': 39.1914966}, 'counters': {'engine_hours': 611602, 'last_acc': 0, 'odometer': 0.8733, 'engine_hours_type': 'acc', 'odometer_type': 'gps'}, 'is_wasl_connected': 'Not Connected', 'iconUrl': 'https://api.afaqy.sa/images/units/icons/icon.png', 'hasCCTV': False}
[2024-05-09T08:41:19.737+0000] {warnings.py:109} WARNING - /home/***/.local/lib/python3.8/site-packages/elasticsearch/_sync/client/__init__.py:399: SecurityWarning: Connecting to 'https://dbelk1.afaqy.local:9200' using TLS with verify_certs=False is insecure
  _transport = transport_class(

[2024-05-09T08:41:19.806+0000] {warnings.py:109} WARNING - /home/***/.local/lib/python3.8/site-packages/elasticsearch/_sync/client/__init__.py:399: SecurityWarning: Connecting to 'https://dbelk2.afaqy.local:9200' using TLS with verify_certs=False is insecure
  _transport = transport_class(

[2024-05-09T08:41:19.870+0000] {warnings.py:109} WARNING - /home/***/.local/lib/python3.8/site-packages/elasticsearch/_sync/client/__init__.py:399: SecurityWarning: Connecting to 'https://dbelk3.afaqy.local:9200' using TLS with verify_certs=False is insecure
  _transport = transport_class(

[2024-05-09T08:41:19.894+0000] {warnings.py:109} WARNING - /home/***/.local/lib/python3.8/site-packages/urllib3/connectionpool.py:1061: InsecureRequestWarning: Unverified HTTPS request is being made to host 'dbelk1.afaqy.local'. Adding certificate verification is strongly advised. See: https://urllib3.readthedocs.io/en/1.26.x/advanced-usage.html#ssl-warnings
  warnings.warn(

[2024-05-09T08:41:19.958+0000] {_transport.py:335} INFO - GET https://dbelk1.afaqy.local:9200/_cluster/health [status:200 duration:0.086s]
[2024-05-09T08:41:20.364+0000] {warnings.py:109} WARNING - /home/***/.local/lib/python3.8/site-packages/urllib3/connectionpool.py:1061: InsecureRequestWarning: Unverified HTTPS request is being made to host 'dbelk2.afaqy.local'. Adding certificate verification is strongly advised. See: https://urllib3.readthedocs.io/en/1.26.x/advanced-usage.html#ssl-warnings
  warnings.warn(

[2024-05-09T08:41:21.866+0000] {_transport.py:335} INFO - PUT https://dbelk2.afaqy.local:9200/units_statistics_***/_bulk [status:200 duration:1.533s]
[2024-05-09T08:41:22.173+0000] {python.py:202} INFO - Done. Returned value was: None
[2024-05-09T08:41:22.192+0000] {taskinstance.py:1149} INFO - Marking task as SUCCESS. dag_id=Units_statistics_DAG, task_id=ETL_job, map_index=16, execution_date=20240509T082000, start_date=20240509T084055, end_date=20240509T084122
[2024-05-09T08:41:22.240+0000] {local_task_job_runner.py:234} INFO - Task exited with return code 0
[2024-05-09T08:41:22.272+0000] {taskinstance.py:3312} INFO - 0 downstream tasks scheduled from follow-on schedule check
