[2024-05-06T09:00:15.748+0000] {taskinstance.py:1979} INFO - Dependencies all met for dep_context=non-requeueable deps ti=<TaskInstance: Units_statistics_DAG.ETL_job scheduled__2024-05-06T08:40:00+00:00 map_index=4 [queued]>
[2024-05-06T09:00:15.842+0000] {taskinstance.py:1979} INFO - Dependencies all met for dep_context=requeueable deps ti=<TaskInstance: Units_statistics_DAG.ETL_job scheduled__2024-05-06T08:40:00+00:00 map_index=4 [queued]>
[2024-05-06T09:00:15.842+0000] {taskinstance.py:2193} INFO - Starting attempt 1 of 4
[2024-05-06T09:00:15.943+0000] {taskinstance.py:2217} INFO - Executing <Mapped(_PythonDecoratedOperator): ETL_job> on 2024-05-06 08:40:00+00:00
[2024-05-06T09:00:15.970+0000] {standard_task_runner.py:60} INFO - Started process 804022 to run task
[2024-05-06T09:00:16.030+0000] {standard_task_runner.py:87} INFO - Running: ['***', 'tasks', 'run', 'Units_statistics_DAG', 'ETL_job', 'scheduled__2024-05-06T08:40:00+00:00', '--job-id', '35244', '--raw', '--subdir', 'DAGS_FOLDER/Units_dag.py', '--cfg-path', '/tmp/tmp4vs9sw0x', '--map-index', '4']
[2024-05-06T09:00:16.095+0000] {standard_task_runner.py:88} INFO - Job 35244: Subtask ETL_job
[2024-05-06T09:00:16.496+0000] {task_command.py:423} INFO - Running <TaskInstance: Units_statistics_DAG.ETL_job scheduled__2024-05-06T08:40:00+00:00 map_index=4 [running]> on host a09da322e808
[2024-05-06T09:00:17.103+0000] {taskinstance.py:2513} INFO - Exporting env vars: AIRFLOW_CTX_DAG_OWNER='abeer-araby' AIRFLOW_CTX_DAG_ID='Units_statistics_DAG' AIRFLOW_CTX_TASK_ID='ETL_job' AIRFLOW_CTX_EXECUTION_DATE='2024-05-06T08:40:00+00:00' AIRFLOW_CTX_TRY_NUMBER='1' AIRFLOW_CTX_DAG_RUN_ID='scheduled__2024-05-06T08:40:00+00:00'
[2024-05-06T09:00:17.104+0000] {Units_dag.py:99} INFO - i: 40000, chunk: 10000
[2024-05-06T09:00:17.105+0000] {Units_dag.py:100} INFO - child token is::: eyJ0eXAiOiJKV1QiLCJhbGciOiJIUzI1NiJ9.eyJpc3MiOiJodHRwczovL2FwaS5hZmFxeS5zYS9hdXRoL2xvZ2luX2FzIiwiaWF0IjoxNzE0OTg2MDA0LCJleHAiOjE3MTc1NzgwMDQsIm5iZiI6MTcxNDk4NjAwNCwianRpIjoia1lUckNyRUk0cDVaaG9pZyIsInN1YiI6IjVkNjNlNTFlMDNlZDUyOTJhNDJjMjRlNiIsInBydiI6IjI3MGVjZmM3ZWEzZWQ5MzdlYTg0OTM2MmEzYTUwOTEwYzZkOGNlNGYiLCJsb2dpbl9hc19pZCI6IjY1N2YwYWQ3M2Y5NzcyOTVjZjA1NTc2YSJ9.tIagBtnSqdoY_D_vRaL1EL3Bq1Pbwi5KmzOzHnEkJ8A
[2024-05-06T09:00:46.829+0000] {Units_dag.py:104} INFO - {'_id': '62669d006d2e3240e6704a02', 'icon': 'icons/icon.png', 'driver_id': '', 'tailer_id': '', 'profile': {'vehicle_type': '', 'measurement_type': 'count', 'max_capacity': 0, 'vin': '', 'plate_number': '', 'start_operation': '', 'contract_milage': '', 'opening_milage': '', 'model': '', 'fuel_type': '91', 'year': 0, 'seats': 2}, 'device_password': '***', 'device_type': 'gps', 'gateway': False, 'name': '956 (7556- HSA )', 'operation_code': '', 'device_gateway': '', 'business_types': {'waste': False, 'transportation': True, 'water': False}, 'imei': '357544374574420', 'sim_number': '+966830020031733', 'sim_serial': '996641521115988913', 'device_serial': '1116465285', 'device': 'teltonika', 'user_id': '625e6c9efa32d045f90cd7cd', 'created_by': '5e6655bf03ed52e1ab79d301', 'updated_at': '2024-04-18 11:18:59', 'created_at': '2022-04-25 16:07:12', 'shipment_info': {'product_category': None, 'truck_type': None, 'shipment_type': None, 'shipment_payment_type': None, 'transporter_type': None, 'operating_area': None, 'weight_kilograms_per_day': None, 'kms_per_day': None, 'shipment_trip_drive_hrs_day': None, 'allowable_delay_drive_hrs_day': None, 'expected_shipment_trip_day': None, 'car_pay_per_day': None, 'exceeding_temperature_limit_per_day': None, 'temperature_upper_limit': None, 'exceeding_humidity_limit_per_day': None, 'humidity_upper_limit': None}, 'skip_sim_information': '', 'custom_fields': [], 'creator': 'amr.ahmed', 'company': '', 'owner': 'saad-ali-mohammed-admin', 'last_update': {'dtt': 1714985949000, 'dts': 1714985953701, 'spd': 0, 'ang': 315, 'alt': 95, 'chPrams': {'Speed': {'v': 0, 'cdt': 1714970667000}, 'output1': {'v': False, 'cdt': 1714930348000}, 'output2': {'v': False, 'cdt': 1714930348000}, 'ePwrV': {'v': 26.086000000000002, 'cdt': 1714985949000}, 'parm24': {'v': 0, 'cdt': 1714970667000}, 'sat': {'v': 21, 'cdt': 1714985949000}, 'ai1': {'v': 1680, 'cdt': 1714985949000}, 'priority': {'v': 0, 'cdt': 1712750995000}, 'di2': {'v': 0, 'cdt': 1712750995000}, 'type': {'v': 6, 'cdt': 1712790665000}, 'di1': {'v': 0, 'cdt': 1714970667000}, 'result': {'v': '5665723a30332e32372e30375f3030204750533a41584e5f352e312e392048773a464d42313230204d6f643a333320494d45493a33353735343433373435373434323020496e69743a323032342d352d332031303a333220557074696d653a313937393433204d41433a303031453432463645303631205350433a312830292041584c3a32204f42443a3020424c3a312e392042543a34', 'cdt': 1714930048000}, 'protocol': {'v': 'FMB120', 'cdt': 1714930348000}, 'parm6': {'v': 131, 'cdt': 1712750995000}, 'iPwrV': {'v': 3.9530000000000003, 'cdt': 1714973327000}, 'event': {'v': 0, 'cdt': 1712750995000}}, 'prms': {'protocol': 'FMB120', 'priority': 0, 'sat': 21, 'event': 0, 'di1': 0, 'output1': 0, 'di2': 0, 'output2': 0, 'ePwrV': 26.086000000000002, 'Speed': 0, 'parm24': 0, 'iPwrV': 3.9530000000000003, 'ai1': 1680, 'parm6': 131}, 'devPrms': ['protocol', 'priority', 'sat', 'event', 'di1', 'output1', 'di2', 'output2', 'ePwrV', 'Speed', 'parm24', 'iPwrV', 'ai1', 'parm6'], 'old_params': {'Speed': 0, 'output1': 0, 'output2': 0, 'ePwrV': 26.088, 'parm24': 0, 'sat': 20, 'ai1': 1103, 'priority': 0, 'di2': 0, 'di1': 0, 'protocol': 'teltonika', 'parm6': 131, 'iPwrV': 3.9530000000000003, 'event': 0}, 'vLoc': 1, 'vCon': 1, 'ip': '109.83.209.53', 'rl': 0, 'trl': 96819.69, 'mdu': 0, 'tmdu': 7044377, 'eidl': 0, 'teidl': 8382037, 'fc': 0, 'tfc': 77.032068, 'acc': 0, 'accOn': 31671317, 'accOff': 46135766, 'sdu': 301, 'tsdu': 15282, 'lat': 25.9262366, 'lng': 49.52348}, 'counters': {'odometer_type': 'gps', 'odometer': 703058.6865, 'engine_hours_type': 'acc', 'engine_hours': 31671317, 'last_acc': 0}, 'is_wasl_connected': 'Connected', 'iconUrl': 'https://api.afaqy.sa/images/units/icons/icon.png', 'hasCCTV': False}
[2024-05-06T09:00:47.911+0000] {warnings.py:109} WARNING - /home/***/.local/lib/python3.8/site-packages/elasticsearch/_sync/client/__init__.py:399: SecurityWarning: Connecting to 'https://dbelk3.afaqy.local:9200' using TLS with verify_certs=False is insecure
  _transport = transport_class(

[2024-05-06T09:00:47.959+0000] {warnings.py:109} WARNING - /home/***/.local/lib/python3.8/site-packages/elasticsearch/_sync/client/__init__.py:399: SecurityWarning: Connecting to 'https://dbelk2.afaqy.local:9200' using TLS with verify_certs=False is insecure
  _transport = transport_class(

[2024-05-06T09:00:48.007+0000] {warnings.py:109} WARNING - /home/***/.local/lib/python3.8/site-packages/elasticsearch/_sync/client/__init__.py:399: SecurityWarning: Connecting to 'https://dbelk1.afaqy.local:9200' using TLS with verify_certs=False is insecure
  _transport = transport_class(

[2024-05-06T09:00:48.026+0000] {warnings.py:109} WARNING - /home/***/.local/lib/python3.8/site-packages/urllib3/connectionpool.py:1061: InsecureRequestWarning: Unverified HTTPS request is being made to host 'dbelk3.afaqy.local'. Adding certificate verification is strongly advised. See: https://urllib3.readthedocs.io/en/1.26.x/advanced-usage.html#ssl-warnings
  warnings.warn(

[2024-05-06T09:00:48.123+0000] {_transport.py:335} INFO - GET https://dbelk3.afaqy.local:9200/_cluster/health [status:200 duration:0.114s]
[2024-05-06T09:00:48.611+0000] {warnings.py:109} WARNING - /home/***/.local/lib/python3.8/site-packages/urllib3/connectionpool.py:1061: InsecureRequestWarning: Unverified HTTPS request is being made to host 'dbelk2.afaqy.local'. Adding certificate verification is strongly advised. See: https://urllib3.readthedocs.io/en/1.26.x/advanced-usage.html#ssl-warnings
  warnings.warn(

[2024-05-06T09:00:48.624+0000] {_transport.py:335} INFO - PUT https://dbelk2.afaqy.local:9200/units_statistics_***/_bulk [status:429 duration:0.036s]
[2024-05-06T09:00:48.625+0000] {_node_pool.py:249} WARNING - Node <Urllib3HttpNode(https://dbelk2.afaqy.local:9200)> has failed for 1 times in a row, putting on 1 second timeout
[2024-05-06T09:00:48.625+0000] {_transport.py:427} WARNING - Retrying request after non-successful status 429 (attempt 0 of 3)
[2024-05-06T09:00:48.626+0000] {warnings.py:109} WARNING - /home/***/.local/lib/python3.8/site-packages/urllib3/connectionpool.py:1061: InsecureRequestWarning: Unverified HTTPS request is being made to host 'dbelk3.afaqy.local'. Adding certificate verification is strongly advised. See: https://urllib3.readthedocs.io/en/1.26.x/advanced-usage.html#ssl-warnings
  warnings.warn(

[2024-05-06T09:00:48.637+0000] {_transport.py:335} INFO - PUT https://dbelk3.afaqy.local:9200/units_statistics_***/_bulk [status:429 duration:0.012s]
[2024-05-06T09:00:48.638+0000] {_node_pool.py:249} WARNING - Node <Urllib3HttpNode(https://dbelk3.afaqy.local:9200)> has failed for 1 times in a row, putting on 1 second timeout
[2024-05-06T09:00:48.639+0000] {_transport.py:427} WARNING - Retrying request after non-successful status 429 (attempt 1 of 3)
[2024-05-06T09:00:48.662+0000] {warnings.py:109} WARNING - /home/***/.local/lib/python3.8/site-packages/urllib3/connectionpool.py:1061: InsecureRequestWarning: Unverified HTTPS request is being made to host 'dbelk1.afaqy.local'. Adding certificate verification is strongly advised. See: https://urllib3.readthedocs.io/en/1.26.x/advanced-usage.html#ssl-warnings
  warnings.warn(

[2024-05-06T09:00:50.899+0000] {_transport.py:335} INFO - PUT https://dbelk1.afaqy.local:9200/units_statistics_***/_bulk [status:200 duration:2.259s]
[2024-05-06T09:00:51.133+0000] {python.py:202} INFO - Done. Returned value was: None
[2024-05-06T09:00:51.156+0000] {taskinstance.py:1149} INFO - Marking task as SUCCESS. dag_id=Units_statistics_DAG, task_id=ETL_job, map_index=4, execution_date=20240506T084000, start_date=20240506T090015, end_date=20240506T090051
[2024-05-06T09:00:51.242+0000] {local_task_job_runner.py:234} INFO - Task exited with return code 0
[2024-05-06T09:00:51.273+0000] {taskinstance.py:3312} INFO - 0 downstream tasks scheduled from follow-on schedule check
