[2024-04-24T03:40:18.813+0000] {taskinstance.py:1979} INFO - Dependencies all met for dep_context=non-requeueable deps ti=<TaskInstance: Units_statistics_DAG.ETL_job scheduled__2024-04-24T03:20:00+00:00 map_index=7 [queued]>
[2024-04-24T03:40:18.923+0000] {taskinstance.py:1979} INFO - Dependencies all met for dep_context=requeueable deps ti=<TaskInstance: Units_statistics_DAG.ETL_job scheduled__2024-04-24T03:20:00+00:00 map_index=7 [queued]>
[2024-04-24T03:40:18.924+0000] {taskinstance.py:2193} INFO - Starting attempt 1 of 4
[2024-04-24T03:40:19.060+0000] {taskinstance.py:2217} INFO - Executing <Mapped(_PythonDecoratedOperator): ETL_job> on 2024-04-24 03:20:00+00:00
[2024-04-24T03:40:19.116+0000] {standard_task_runner.py:60} INFO - Started process 510208 to run task
[2024-04-24T03:40:19.160+0000] {standard_task_runner.py:87} INFO - Running: ['***', 'tasks', 'run', 'Units_statistics_DAG', 'ETL_job', 'scheduled__2024-04-24T03:20:00+00:00', '--job-id', '14061', '--raw', '--subdir', 'DAGS_FOLDER/Units_dag.py', '--cfg-path', '/tmp/tmpc2pd9vbb', '--map-index', '7']
[2024-04-24T03:40:19.163+0000] {standard_task_runner.py:88} INFO - Job 14061: Subtask ETL_job
[2024-04-24T03:40:19.519+0000] {task_command.py:423} INFO - Running <TaskInstance: Units_statistics_DAG.ETL_job scheduled__2024-04-24T03:20:00+00:00 map_index=7 [running]> on host a09da322e808
[2024-04-24T03:40:20.031+0000] {taskinstance.py:2513} INFO - Exporting env vars: AIRFLOW_CTX_DAG_OWNER='abeer-araby' AIRFLOW_CTX_DAG_ID='Units_statistics_DAG' AIRFLOW_CTX_TASK_ID='ETL_job' AIRFLOW_CTX_EXECUTION_DATE='2024-04-24T03:20:00+00:00' AIRFLOW_CTX_TRY_NUMBER='1' AIRFLOW_CTX_DAG_RUN_ID='scheduled__2024-04-24T03:20:00+00:00'
[2024-04-24T03:40:20.032+0000] {Units_dag.py:99} INFO - i: 70000, chunk: 10000
[2024-04-24T03:40:20.032+0000] {Units_dag.py:100} INFO - child token is::: eyJ0eXAiOiJKV1QiLCJhbGciOiJIUzI1NiJ9.eyJpc3MiOiJodHRwczovL2FwaS5hZmFxeS5zYS9hdXRoL2xvZ2luX2FzIiwiaWF0IjoxNzEzOTMwMDA0LCJleHAiOjE3MTY1MjIwMDQsIm5iZiI6MTcxMzkzMDAwNCwianRpIjoiY2FYZnFRSlZzOHFlU2dLRSIsInN1YiI6IjVkNjNlNTFlMDNlZDUyOTJhNDJjMjRlNiIsInBydiI6IjI3MGVjZmM3ZWEzZWQ5MzdlYTg0OTM2MmEzYTUwOTEwYzZkOGNlNGYiLCJsb2dpbl9hc19pZCI6IjY1N2YwYWQ3M2Y5NzcyOTVjZjA1NTc2YSJ9.1Rv9E3THeygGN9rzrj9gswZj6GOcvU2nXZVA-01Edzo
[2024-04-24T03:40:53.146+0000] {Units_dag.py:104} INFO - {'_id': '639f29dd44053669e97fa292', 'icon': 'icons/icon.png', 'driver_id': '', 'tailer_id': '', 'profile': {'vehicle_type': '', 'measurement_type': 'count', 'max_capacity': 0, 'vin': '', 'plate_number': '', 'start_operation': '', 'contract_milage': '', 'opening_milage': '', 'model': '', 'fuel_type': '91', 'year': 0, 'seats': 2}, 'device_password': '***', 'device_type': 'gps', 'gateway': False, 'name': 'أ س ح 1444', 'operation_code': '', 'imei': '866907058390385', 'sim_number': '+966821111009874', 'sim_serial': '8996609821111009874', 'device_serial': '1126469475', 'device': 'teltonika', 'created_by': '5e539d8203ed52f71d634478', 'user_id': '5e539d8203ed52f71d634478', 'updated_at': '2024-04-18 11:18:59', 'created_at': '2022-12-18 17:55:25', 'business_types': {'waste': False, 'transportation': True, 'water': False, 'hajj': False}, 'device_gateway': '', 'custom_fields': [], 'creator': 'aemallamar', 'company': '', 'owner': 'aemallamar', 'last_update': {'dtt': 1713929844000, 'dts': 1713929846378, 'spd': 0, 'ang': 214, 'alt': 739, 'chPrams': {'parm76': {'v': 0, 'cdt': 1712854289000}, 'output2': {'v': False, 'cdt': 1713929543000}, 'motion': {'v': False, 'cdt': 1713929543000}, 'odometer': {'v': 25676536, 'cdt': 1713853506000}, 'ePwrV': {'v': 25.406, 'cdt': 1713929844000}, 'sat': {'v': 16, 'cdt': 1713929844000}, 'ai1': {'v': 7099, 'cdt': 1713929844000}, 'priority': {'v': 0, 'cdt': 1713853507000}, 'di2': {'v': 1, 'cdt': 1712653567000}, 'type': {'v': 6, 'cdt': 1713453553000}, 'di1': {'v': 0, 'cdt': 1713853506000}, 'temp1': {'v': 0, 'cdt': 1712941743000}, 'result': {'v': '5665723a30332e32372e31335f3534204750533a41584e5f352e312e392048773a464d43313330204d6f643a3420494d45493a38363639303730353833393033383520496e69743a323032342d312d31382032303a353220557074696d653a38333033393334204d41433a303031453432353244363138205350433a312830292041584c3a32204f42443a3020424c3a312e31302042543a34', 'cdt': 1713929243000}, 'protocol': {'v': 'FMC130', 'cdt': 1713929543000}, 'temp5': {'v': 30, 'cdt': 1712941743000}, 'parm29': {'v': 0, 'cdt': 1712854289000}, 'iPwrV': {'v': 3.996, 'cdt': 1713922929000}, 'event': {'v': 0, 'cdt': 1713853807000}, 'humidity86': {'v': 300, 'cdt': 1712941743000}}, 'prms': {'protocol': 'FMC130', 'priority': 0, 'sat': 16, 'event': 0, 'di1': 0, 'motion': 0, 'di2': 1, 'output2': 0, 'parm29': 0, 'ePwrV': 25.406, 'iPwrV': 3.996, 'ai1': 7099, 'temp5': 30, 'humidity86': 300, 'odometer': 25676536, 'temp1': 0, 'parm76': 0}, 'devPrms': ['parm76', 'output2', 'motion', 'odometer', 'ePwrV', 'sat', 'ai1', 'priority', 'di2', 'type', 'di1', 'temp1', 'result', 'protocol', 'temp5', 'parm29', 'iPwrV', 'event', 'humidity86'], 'old_params': {'protocol': 'FMC130', 'priority': 0, 'sat': 17, 'event': 0, 'di1': 0, 'motion': 0, 'di2': 1, 'output2': 0, 'parm29': 0, 'ePwrV': 25.436, 'iPwrV': 3.996, 'ai1': 7104, 'temp5': 30, 'humidity86': 300, 'odometer': 25676536, 'temp1': 0, 'parm76': 0}, 'vLoc': 1, 'vCon': 1, 'ip': '109.83.134.76', 'rl': 0, 'trl': 25572.6378, 'mdu': 0, 'tmdu': 1284770, 'eidl': 0, 'teidl': 1124874, 'fc': 0, 'tfc': 0.208128, 'acc': 0, 'accOn': 2715801, 'accOff': 39955950, 'sdu': 301, 'tsdu': 76338, 'lat': 25.5957483, 'lng': 45.612875}, 'counters': {'odometer_type': 'gps', 'odometer': 25572.639, 'engine_hours_type': 'acc', 'engine_hours': 2715801, 'last_acc': 0}, 'is_wasl_connected': 'Connected', 'iconUrl': 'https://api.afaqy.sa/images/units/icons/icon.png', 'hasCCTV': False}
[2024-04-24T03:40:54.322+0000] {warnings.py:109} WARNING - /home/***/.local/lib/python3.8/site-packages/elasticsearch/_sync/client/__init__.py:399: SecurityWarning: Connecting to 'https://dbelk1.afaqy.local:9200' using TLS with verify_certs=False is insecure
  _transport = transport_class(

[2024-04-24T03:40:54.372+0000] {warnings.py:109} WARNING - /home/***/.local/lib/python3.8/site-packages/elasticsearch/_sync/client/__init__.py:399: SecurityWarning: Connecting to 'https://dbelk3.afaqy.local:9200' using TLS with verify_certs=False is insecure
  _transport = transport_class(

[2024-04-24T03:40:54.422+0000] {warnings.py:109} WARNING - /home/***/.local/lib/python3.8/site-packages/elasticsearch/_sync/client/__init__.py:399: SecurityWarning: Connecting to 'https://dbelk2.afaqy.local:9200' using TLS with verify_certs=False is insecure
  _transport = transport_class(

[2024-04-24T03:40:54.450+0000] {warnings.py:109} WARNING - /home/***/.local/lib/python3.8/site-packages/urllib3/connectionpool.py:1061: InsecureRequestWarning: Unverified HTTPS request is being made to host 'dbelk1.afaqy.local'. Adding certificate verification is strongly advised. See: https://urllib3.readthedocs.io/en/1.26.x/advanced-usage.html#ssl-warnings
  warnings.warn(

[2024-04-24T03:40:54.535+0000] {_transport.py:335} INFO - GET https://dbelk1.afaqy.local:9200/_cluster/health [status:200 duration:0.111s]
[2024-04-24T03:40:54.974+0000] {warnings.py:109} WARNING - /home/***/.local/lib/python3.8/site-packages/urllib3/connectionpool.py:1061: InsecureRequestWarning: Unverified HTTPS request is being made to host 'dbelk3.afaqy.local'. Adding certificate verification is strongly advised. See: https://urllib3.readthedocs.io/en/1.26.x/advanced-usage.html#ssl-warnings
  warnings.warn(

[2024-04-24T03:40:59.960+0000] {_transport.py:335} INFO - PUT https://dbelk3.afaqy.local:9200/units_statistics_***/_bulk [status:200 duration:5.005s]
[2024-04-24T03:41:00.344+0000] {python.py:202} INFO - Done. Returned value was: None
[2024-04-24T03:41:00.369+0000] {taskinstance.py:1149} INFO - Marking task as SUCCESS. dag_id=Units_statistics_DAG, task_id=ETL_job, map_index=7, execution_date=20240424T032000, start_date=20240424T034018, end_date=20240424T034100
[2024-04-24T03:41:00.438+0000] {local_task_job_runner.py:234} INFO - Task exited with return code 0
[2024-04-24T03:41:00.468+0000] {taskinstance.py:3312} INFO - 0 downstream tasks scheduled from follow-on schedule check
