[2024-04-21T12:00:15.023+0000] {taskinstance.py:1979} INFO - Dependencies all met for dep_context=non-requeueable deps ti=<TaskInstance: Units_statistics_DAG.ETL_job scheduled__2024-04-21T11:00:00+00:00 map_index=11 [queued]>
[2024-04-21T12:00:15.100+0000] {taskinstance.py:1979} INFO - Dependencies all met for dep_context=requeueable deps ti=<TaskInstance: Units_statistics_DAG.ETL_job scheduled__2024-04-21T11:00:00+00:00 map_index=11 [queued]>
[2024-04-21T12:00:15.100+0000] {taskinstance.py:2193} INFO - Starting attempt 1 of 4
[2024-04-21T12:00:15.215+0000] {taskinstance.py:2217} INFO - Executing <Mapped(_PythonDecoratedOperator): ETL_job> on 2024-04-21 11:00:00+00:00
[2024-04-21T12:00:15.270+0000] {standard_task_runner.py:60} INFO - Started process 447087 to run task
[2024-04-21T12:00:15.271+0000] {standard_task_runner.py:87} INFO - Running: ['***', 'tasks', 'run', 'Units_statistics_DAG', 'ETL_job', 'scheduled__2024-04-21T11:00:00+00:00', '--job-id', '9798', '--raw', '--subdir', 'DAGS_FOLDER/Units_dag.py', '--cfg-path', '/tmp/tmp3wn2sqv4', '--map-index', '11']
[2024-04-21T12:00:15.280+0000] {standard_task_runner.py:88} INFO - Job 9798: Subtask ETL_job
[2024-04-21T12:00:15.573+0000] {task_command.py:423} INFO - Running <TaskInstance: Units_statistics_DAG.ETL_job scheduled__2024-04-21T11:00:00+00:00 map_index=11 [running]> on host a09da322e808
[2024-04-21T12:00:16.132+0000] {taskinstance.py:2513} INFO - Exporting env vars: AIRFLOW_CTX_DAG_OWNER='abeer-araby' AIRFLOW_CTX_DAG_ID='Units_statistics_DAG' AIRFLOW_CTX_TASK_ID='ETL_job' AIRFLOW_CTX_EXECUTION_DATE='2024-04-21T11:00:00+00:00' AIRFLOW_CTX_TRY_NUMBER='1' AIRFLOW_CTX_DAG_RUN_ID='scheduled__2024-04-21T11:00:00+00:00'
[2024-04-21T12:00:16.136+0000] {Units_dag.py:99} INFO - i: 110000, chunk: 10000
[2024-04-21T12:00:16.137+0000] {Units_dag.py:100} INFO - child token is::: eyJ0eXAiOiJKV1QiLCJhbGciOiJIUzI1NiJ9.eyJpc3MiOiJodHRwczovL2FwaS5hZmFxeS5zYS9hdXRoL2xvZ2luX2FzIiwiaWF0IjoxNzEzNzAwODA0LCJleHAiOjE3MTYyOTI4MDQsIm5iZiI6MTcxMzcwMDgwNCwianRpIjoiRWRaSXNaaGdxY3VheXJCbiIsInN1YiI6IjVkNjNlNTFlMDNlZDUyOTJhNDJjMjRlNiIsInBydiI6IjI3MGVjZmM3ZWEzZWQ5MzdlYTg0OTM2MmEzYTUwOTEwYzZkOGNlNGYiLCJsb2dpbl9hc19pZCI6IjY1N2YwYWQ3M2Y5NzcyOTVjZjA1NTc2YSJ9.IlRpETCseni7uxYKChbcajO7PceJ8QE5AtQjl1CMet8
[2024-04-21T12:00:48.036+0000] {Units_dag.py:104} INFO - {'_id': '6486f7a6c1e27d0bf33f1b31', 'icon': 'icons/icon.png', 'driver_id': '', 'tailer_id': '', 'profile': {'measurement_type': 'count', 'fuel_type': '91', 'year': 0, 'seats': 2}, 'device_password': '***', 'device_type': 'gps', 'gateway': False, 'business_types': {'waste': False, 'transportation': True, 'water': False}, 'name': '3702 U G D', 'operation_code': None, 'device_gateway': None, 'skip_sim_information': False, 'imei': '868184060581488', 'sim_number': '+966830031795946', 'sim_serial': '421296733785', 'device_serial': '868184060581488', 'device': 'bce', 'user_id': '63ce6d9fcdff1846195b1fa6', 'created_by': '5e6655bf03ed52e1ab79d301', 'updated_at': '2024-04-18 11:18:59', 'created_at': '2023-06-12 13:47:02', 'custom_fields': [], 'creator': 'amr.ahmed', 'company': '', 'owner': 'f-five-admin', 'last_update': {'dtt': 1713700790000, 'dts': 1713700795098, 'spd': 0, 'ang': 110, 'alt': 1041, 'chPrams': {'ePwrV': {'v': 12.603, 'cdt': 1713700790000}, 'di16': {'v': 1, 'cdt': 1711388614000}, 'rssi1': {'v': 72, 'cdt': 1713700790000}, 'di15': {'v': 0, 'cdt': 1711388614000}, 'di14': {'v': 0, 'cdt': 1713700486000}, 'di13': {'v': 0, 'cdt': 1711388614000}, 'di12': {'v': 0, 'cdt': 1711388614000}, 'di11': {'v': 0, 'cdt': 1711388614000}, 'di10': {'v': 1, 'cdt': 1697743886000}, 'di2': {'v': 1, 'cdt': 1711388614000}, 'di1': {'v': 0, 'cdt': 1713700790000}, 'di4': {'v': 0, 'cdt': 1711388614000}, 'di3': {'v': 0, 'cdt': 1711388614000}, 'di6': {'v': 1, 'cdt': 1711388614000}, 'di5': {'v': 0, 'cdt': 1713700490000}, 'lac1': {'v': 22115, 'cdt': 1713133822000}, 'protocol': {'v': 'bce', 'cdt': 1711388614000}, 'di8': {'v': 1, 'cdt': 1711388614000}, 'di7': {'v': 0, 'cdt': 1713698922000}, 'di9': {'v': 0, 'cdt': 1711388614000}, 'iPwrV': {'v': 3.92, 'cdt': 1713700476000}, 'cid1': {'v': 15213, 'cdt': 1713700790000}, 'odometer': {'v': 0, 'cdt': 1713700490000}, 'spd': {'v': 0, 'cdt': 1713700486000}, 'sat': {'v': 13, 'cdt': 1713700486000}, 'hdop': {'v': 1, 'cdt': 1713661456000}, 'ta': {'v': 0, 'cdt': 1711388614000}, 'mcc1': {'v': 420, 'cdt': 1711882032000}, 'mnc1': {'v': 4, 'cdt': 1713133822000}}, 'prms': {'protocol': 'bce', 'spd': 0, 'sat': 13, 'hdop': 1, 'odometer': 0, 'di16': 1, 'di15': 0, 'di14': 0, 'di13': 0, 'di12': 0, 'di11': 0, 'di10': 1, 'di9': 0, 'di8': 1, 'di7': 0, 'di6': 1, 'di5': 0, 'di4': 0, 'di3': 0, 'di2': 1, 'di1': 0, 'ePwrV': 12.603, 'iPwrV': 3.92, 'ta': 0, 'mcc1': 420, 'mnc1': 4, 'lac1': 22115, 'cid1': 15213, 'rssi1': 72}, 'devPrms': ['protocol', 'spd', 'sat', 'hdop', 'odometer', 'di16', 'di15', 'di14', 'di13', 'di12', 'di11', 'di10', 'di9', 'di8', 'di7', 'di6', 'di5', 'di4', 'di3', 'di2', 'di1', 'ePwrV', 'iPwrV', 'ta', 'mcc1', 'mnc1', 'lac1', 'cid1', 'rssi1'], 'old_params': {'protocol': 'bce', 'spd': 0, 'sat': 13, 'hdop': 1, 'odometer': 0, 'di16': 1, 'di15': 0, 'di14': 0, 'di13': 0, 'di12': 0, 'di11': 0, 'di10': 1, 'di9': 0, 'di8': 1, 'di7': 0, 'di6': 1, 'di5': 0, 'di4': 0, 'di3': 0, 'di2': 1, 'di1': 1, 'ePwrV': 12.435, 'iPwrV': 3.92, 'ta': 0, 'mcc1': 420, 'mnc1': 4, 'lac1': 22115, 'cid1': 27451, 'rssi1': 76}, 'vLoc': 1, 'vCon': 1, 'ip': '51.36.59.41', 'rl': 0, 'trl': 27589.0456, 'mdu': 0, 'tmdu': 2045100, 'eidl': 0, 'teidl': 1379374, 'fc': 0, 'tfc': 18.038256, 'acc': 0, 'accOn': 5348986, 'accOff': 22316098, 'sdu': 300, 'tsdu': 300, 'lat': 23.907697677612305, 'lng': 42.890380859375}, 'counters': {'odometer_type': 'gps', 'odometer': 27589.0456, 'engine_hours_type': 'acc', 'engine_hours': 5348986, 'last_acc': 0}, 'is_wasl_connected': 'Not Connected', 'iconUrl': 'https://api.afaqy.sa/images/units/icons/icon.png', 'hasCCTV': False}
[2024-04-21T12:00:48.649+0000] {warnings.py:109} WARNING - /home/***/.local/lib/python3.8/site-packages/elasticsearch/_sync/client/__init__.py:399: SecurityWarning: Connecting to 'https://dbelk1.afaqy.local:9200' using TLS with verify_certs=False is insecure
  _transport = transport_class(

[2024-04-21T12:00:48.723+0000] {warnings.py:109} WARNING - /home/***/.local/lib/python3.8/site-packages/elasticsearch/_sync/client/__init__.py:399: SecurityWarning: Connecting to 'https://dbelk3.afaqy.local:9200' using TLS with verify_certs=False is insecure
  _transport = transport_class(

[2024-04-21T12:00:48.770+0000] {warnings.py:109} WARNING - /home/***/.local/lib/python3.8/site-packages/elasticsearch/_sync/client/__init__.py:399: SecurityWarning: Connecting to 'https://dbelk2.afaqy.local:9200' using TLS with verify_certs=False is insecure
  _transport = transport_class(

[2024-04-21T12:00:48.789+0000] {warnings.py:109} WARNING - /home/***/.local/lib/python3.8/site-packages/urllib3/connectionpool.py:1061: InsecureRequestWarning: Unverified HTTPS request is being made to host 'dbelk1.afaqy.local'. Adding certificate verification is strongly advised. See: https://urllib3.readthedocs.io/en/1.26.x/advanced-usage.html#ssl-warnings
  warnings.warn(

[2024-04-21T12:00:48.848+0000] {_transport.py:335} INFO - GET https://dbelk1.afaqy.local:9200/_cluster/health [status:200 duration:0.076s]
[2024-04-21T12:00:49.222+0000] {warnings.py:109} WARNING - /home/***/.local/lib/python3.8/site-packages/urllib3/connectionpool.py:1061: InsecureRequestWarning: Unverified HTTPS request is being made to host 'dbelk3.afaqy.local'. Adding certificate verification is strongly advised. See: https://urllib3.readthedocs.io/en/1.26.x/advanced-usage.html#ssl-warnings
  warnings.warn(

[2024-04-21T12:00:51.588+0000] {_transport.py:335} INFO - PUT https://dbelk3.afaqy.local:9200/units_statistics_***/_bulk [status:200 duration:2.391s]
[2024-04-21T12:00:51.747+0000] {python.py:202} INFO - Done. Returned value was: None
[2024-04-21T12:00:51.764+0000] {taskinstance.py:1149} INFO - Marking task as SUCCESS. dag_id=Units_statistics_DAG, task_id=ETL_job, map_index=11, execution_date=20240421T110000, start_date=20240421T120015, end_date=20240421T120051
[2024-04-21T12:00:51.827+0000] {local_task_job_runner.py:234} INFO - Task exited with return code 0
[2024-04-21T12:00:51.857+0000] {taskinstance.py:3312} INFO - 0 downstream tasks scheduled from follow-on schedule check
