[2024-04-27T11:40:15.682+0000] {taskinstance.py:1979} INFO - Dependencies all met for dep_context=non-requeueable deps ti=<TaskInstance: Units_statistics_DAG.ETL_job scheduled__2024-04-27T11:20:00+00:00 map_index=13 [queued]>
[2024-04-27T11:40:15.739+0000] {taskinstance.py:1979} INFO - Dependencies all met for dep_context=requeueable deps ti=<TaskInstance: Units_statistics_DAG.ETL_job scheduled__2024-04-27T11:20:00+00:00 map_index=13 [queued]>
[2024-04-27T11:40:15.739+0000] {taskinstance.py:2193} INFO - Starting attempt 1 of 4
[2024-04-27T11:40:15.811+0000] {taskinstance.py:2217} INFO - Executing <Mapped(_PythonDecoratedOperator): ETL_job> on 2024-04-27 11:20:00+00:00
[2024-04-27T11:40:15.839+0000] {standard_task_runner.py:60} INFO - Started process 589673 to run task
[2024-04-27T11:40:15.899+0000] {standard_task_runner.py:87} INFO - Running: ['***', 'tasks', 'run', 'Units_statistics_DAG', 'ETL_job', 'scheduled__2024-04-27T11:20:00+00:00', '--job-id', '19560', '--raw', '--subdir', 'DAGS_FOLDER/Units_dag.py', '--cfg-path', '/tmp/tmpqyzw99w3', '--map-index', '13']
[2024-04-27T11:40:15.902+0000] {standard_task_runner.py:88} INFO - Job 19560: Subtask ETL_job
[2024-04-27T11:40:16.304+0000] {task_command.py:423} INFO - Running <TaskInstance: Units_statistics_DAG.ETL_job scheduled__2024-04-27T11:20:00+00:00 map_index=13 [running]> on host a09da322e808
[2024-04-27T11:40:16.743+0000] {taskinstance.py:2513} INFO - Exporting env vars: AIRFLOW_CTX_DAG_OWNER='abeer-araby' AIRFLOW_CTX_DAG_ID='Units_statistics_DAG' AIRFLOW_CTX_TASK_ID='ETL_job' AIRFLOW_CTX_EXECUTION_DATE='2024-04-27T11:20:00+00:00' AIRFLOW_CTX_TRY_NUMBER='1' AIRFLOW_CTX_DAG_RUN_ID='scheduled__2024-04-27T11:20:00+00:00'
[2024-04-27T11:40:16.744+0000] {Units_dag.py:99} INFO - i: 130000, chunk: 10000
[2024-04-27T11:40:16.744+0000] {Units_dag.py:100} INFO - child token is::: eyJ0eXAiOiJKV1QiLCJhbGciOiJIUzI1NiJ9.eyJpc3MiOiJodHRwczovL2FwaS5hZmFxeS5zYS9hdXRoL2xvZ2luX2FzIiwiaWF0IjoxNzE0MjE4MDA0LCJleHAiOjE3MTY4MTAwMDQsIm5iZiI6MTcxNDIxODAwNCwianRpIjoiaHh1azZSSGp1NHZrR1h3TiIsInN1YiI6IjVkNjNlNTFlMDNlZDUyOTJhNDJjMjRlNiIsInBydiI6IjI3MGVjZmM3ZWEzZWQ5MzdlYTg0OTM2MmEzYTUwOTEwYzZkOGNlNGYiLCJsb2dpbl9hc19pZCI6IjY1N2YwYWQ3M2Y5NzcyOTVjZjA1NTc2YSJ9.2ejzC95tphZefpevpiHKPGyQdjjMzK3T033qX50RWg4
[2024-04-27T11:40:38.342+0000] {Units_dag.py:104} INFO - {'_id': '650afd9b4d31440c142c2a77', 'icon': 'icons/icon.png', 'driver_id': '', 'tailer_id': '', 'profile': {'measurement_type': 'count', 'fuel_type': '91', 'year': 0, 'seats': 2}, 'shipment_info': {'product_category': '', 'truck_type': '', 'shipment_type': '', 'shipment_payment_type': '', 'transporter_type': '', 'operating_area': '', 'weight_kilograms_per_day': '', 'kms_per_day': '', 'opening_milage': '', 'shipment_trip_drive_hrs_day': '', 'expected_shipment_trip_day': '', 'car_pay_per_day': '', 'exceeding_temperature_limit_per_day': '', 'temperature_upper_limit': '', 'exceeding_humidity_limit_per_day': '', 'humidity_upper_limit': '', 'allowable_delay_drive_hrs_day': ''}, 'device_password': '***', 'device_type': 'gps', 'gateway': False, 'business_types': {'waste': False, 'transportation': True, 'water': False}, 'name': '9998 N R A', 'operation_code': None, 'device_gateway': None, 'skip_sim_information': False, 'imei': '350612078263884', 'sim_number': '+966830032195833', 'sim_serial': '8996609821111925237', 'device_serial': '1132382064', 'device': 'teltonika', 'user_id': '63f4d427376c9772757675b9', 'created_by': '5e6655bf03ed52e1ab79d301', 'updated_at': '2024-04-18 11:18:59', 'created_at': '2023-09-20 17:11:39', 'custom_fields': [], 'creator': 'amr.ahmed', 'company': '', 'owner': 'othman-alghidani-admin', 'last_update': {'dtt': 1714191486000, 'dts': 1714191488587, 'spd': 46, 'ang': 33, 'alt': 28, 'chPrams': {'Speed': {'v': 46, 'cdt': 1714191486000}, 'output1': {'v': False, 'cdt': 1713932815000}, 'output2': {'v': False, 'cdt': 1713932815000}, 'ePwrV': {'v': 28.490000000000002, 'cdt': 1714191486000}, 'parm24': {'v': 46, 'cdt': 1714191486000}, 'sat': {'v': 19, 'cdt': 1714191446000}, 'ai1': {'v': 259, 'cdt': 1714016863000}, 'di2': {'v': 0, 'cdt': 1711893122000}, 'priority': {'v': 0, 'cdt': 1712459668000}, 'type': {'v': 6, 'cdt': 1713538081000}, 'di1': {'v': 1, 'cdt': 1714186588000}, 'result': {'v': '5665723a30332e32372e31345f3030204750533a41584e5f352e312e392048773a464d42313230204d6f643a333320494d45493a33353036313230373832363338383420496e69743a323032342d342d323720333a313820557074696d653a32343739204d41433a333838413231333735323741205350433a312830292041584c3a32204f42443a3020424c3a312e31302042543a34', 'cdt': 1714190011000}, 'protocol': {'v': 'FMB120', 'cdt': 1714190020000}, 'parm6': {'v': 259, 'cdt': 1713795448000}, 'iPwrV': {'v': 4.067, 'cdt': 1714191486000}, 'event': {'v': 0, 'cdt': 1712459668000}}, 'prms': {'protocol': 'FMB120', 'priority': 0, 'sat': 19, 'event': 0, 'di1': 1, 'output1': 0, 'di2': 0, 'output2': 0, 'ePwrV': 28.490000000000002, 'Speed': 46, 'parm24': 46, 'iPwrV': 4.067, 'ai1': 259, 'parm6': 259}, 'devPrms': ['protocol', 'priority', 'sat', 'event', 'di1', 'output1', 'di2', 'output2', 'ePwrV', 'Speed', 'parm24', 'iPwrV', 'ai1', 'parm6', 'type', 'result'], 'old_params': {'protocol': 'FMB120', 'priority': 0, 'sat': 19, 'event': 0, 'di1': 1, 'output1': 0, 'di2': 0, 'output2': 0, 'ePwrV': 28.532, 'Speed': 42, 'parm24': 42, 'iPwrV': 4.065, 'ai1': 259, 'parm6': 259}, 'vLoc': 1, 'vCon': 1, 'ip': '37.216.12.12', 'rl': 0.3742, 'trl': 19253.6473, 'mdu': 30, 'tmdu': 2055234, 'eidl': 0, 'teidl': 1077583, 'fc': 0.044904, 'tfc': 1.796136, 'acc': 1, 'accOn': 8733560871, 'accOff': 17474635216, 'sdu': 0, 'tsdu': 0, 'lat': 25.52668, 'lng': 37.0613583}, 'counters': {'odometer_type': 'gps', 'odometer': 330661.7333, 'engine_hours_type': 'acc', 'engine_hours': 8733560871, 'last_acc': 1}, 'is_wasl_connected': 'Not Connected', 'iconUrl': 'https://api.afaqy.sa/images/units/icons/icon.png', 'hasCCTV': False}
[2024-04-27T11:40:39.403+0000] {warnings.py:109} WARNING - /home/***/.local/lib/python3.8/site-packages/elasticsearch/_sync/client/__init__.py:399: SecurityWarning: Connecting to 'https://dbelk2.afaqy.local:9200' using TLS with verify_certs=False is insecure
  _transport = transport_class(

[2024-04-27T11:40:39.534+0000] {warnings.py:109} WARNING - /home/***/.local/lib/python3.8/site-packages/elasticsearch/_sync/client/__init__.py:399: SecurityWarning: Connecting to 'https://dbelk1.afaqy.local:9200' using TLS with verify_certs=False is insecure
  _transport = transport_class(

[2024-04-27T11:40:39.645+0000] {warnings.py:109} WARNING - /home/***/.local/lib/python3.8/site-packages/elasticsearch/_sync/client/__init__.py:399: SecurityWarning: Connecting to 'https://dbelk3.afaqy.local:9200' using TLS with verify_certs=False is insecure
  _transport = transport_class(

[2024-04-27T11:40:39.683+0000] {warnings.py:109} WARNING - /home/***/.local/lib/python3.8/site-packages/urllib3/connectionpool.py:1061: InsecureRequestWarning: Unverified HTTPS request is being made to host 'dbelk2.afaqy.local'. Adding certificate verification is strongly advised. See: https://urllib3.readthedocs.io/en/1.26.x/advanced-usage.html#ssl-warnings
  warnings.warn(

[2024-04-27T11:40:39.770+0000] {_transport.py:335} INFO - GET https://dbelk2.afaqy.local:9200/_cluster/health [status:200 duration:0.115s]
[2024-04-27T11:40:40.386+0000] {warnings.py:109} WARNING - /home/***/.local/lib/python3.8/site-packages/urllib3/connectionpool.py:1061: InsecureRequestWarning: Unverified HTTPS request is being made to host 'dbelk1.afaqy.local'. Adding certificate verification is strongly advised. See: https://urllib3.readthedocs.io/en/1.26.x/advanced-usage.html#ssl-warnings
  warnings.warn(

[2024-04-27T11:40:42.093+0000] {_transport.py:335} INFO - PUT https://dbelk1.afaqy.local:9200/units_statistics_***/_bulk [status:200 duration:1.727s]
[2024-04-27T11:40:42.261+0000] {python.py:202} INFO - Done. Returned value was: None
[2024-04-27T11:40:42.279+0000] {taskinstance.py:1149} INFO - Marking task as SUCCESS. dag_id=Units_statistics_DAG, task_id=ETL_job, map_index=13, execution_date=20240427T112000, start_date=20240427T114015, end_date=20240427T114042
[2024-04-27T11:40:42.359+0000] {local_task_job_runner.py:234} INFO - Task exited with return code 0
[2024-04-27T11:40:42.401+0000] {taskinstance.py:3312} INFO - 0 downstream tasks scheduled from follow-on schedule check
