[2024-05-12T06:45:44.906+0000] {taskinstance.py:1979} INFO - Dependencies all met for dep_context=non-requeueable deps ti=<TaskInstance: Units_statistics_DAG.ETL_job scheduled__2024-05-12T06:20:00+00:00 map_index=12 [queued]>
[2024-05-12T06:45:44.921+0000] {taskinstance.py:1979} INFO - Dependencies all met for dep_context=requeueable deps ti=<TaskInstance: Units_statistics_DAG.ETL_job scheduled__2024-05-12T06:20:00+00:00 map_index=12 [queued]>
[2024-05-12T06:45:44.922+0000] {taskinstance.py:2193} INFO - Starting attempt 4 of 4
[2024-05-12T06:45:44.941+0000] {taskinstance.py:2217} INFO - Executing <Mapped(_PythonDecoratedOperator): ETL_job> on 2024-05-12 06:20:00+00:00
[2024-05-12T06:45:44.950+0000] {standard_task_runner.py:60} INFO - Started process 961314 to run task
[2024-05-12T06:45:44.962+0000] {standard_task_runner.py:87} INFO - Running: ['***', 'tasks', 'run', 'Units_statistics_DAG', 'ETL_job', 'scheduled__2024-05-12T06:20:00+00:00', '--job-id', '53269', '--raw', '--subdir', 'DAGS_FOLDER/Units_dag.py', '--cfg-path', '/tmp/tmpgdcqks2q', '--map-index', '12']
[2024-05-12T06:45:44.964+0000] {standard_task_runner.py:88} INFO - Job 53269: Subtask ETL_job
[2024-05-12T06:45:45.059+0000] {task_command.py:423} INFO - Running <TaskInstance: Units_statistics_DAG.ETL_job scheduled__2024-05-12T06:20:00+00:00 map_index=12 [running]> on host a09da322e808
[2024-05-12T06:45:45.223+0000] {taskinstance.py:2513} INFO - Exporting env vars: AIRFLOW_CTX_DAG_OWNER='abeer-araby' AIRFLOW_CTX_DAG_ID='Units_statistics_DAG' AIRFLOW_CTX_TASK_ID='ETL_job' AIRFLOW_CTX_EXECUTION_DATE='2024-05-12T06:20:00+00:00' AIRFLOW_CTX_TRY_NUMBER='4' AIRFLOW_CTX_DAG_RUN_ID='scheduled__2024-05-12T06:20:00+00:00'
[2024-05-12T06:45:45.224+0000] {Units_dag.py:98} INFO - i: 120000, chunk: 10000
[2024-05-12T06:45:45.225+0000] {Units_dag.py:99} INFO - child token is::: eyJ0eXAiOiJKV1QiLCJhbGciOiJIUzI1NiJ9.eyJpc3MiOiJodHRwczovL2FwaS5hZmFxeS5zYS9hdXRoL2xvZ2luX2FzIiwiaWF0IjoxNzE1NDk2MDAzLCJleHAiOjE3MTgwODgwMDMsIm5iZiI6MTcxNTQ5NjAwMywianRpIjoiQ3RsTFJwRXZjcXhnMzJ2WSIsInN1YiI6IjVkNjNlNTFlMDNlZDUyOTJhNDJjMjRlNiIsInBydiI6IjI3MGVjZmM3ZWEzZWQ5MzdlYTg0OTM2MmEzYTUwOTEwYzZkOGNlNGYiLCJsb2dpbl9hc19pZCI6IjY1N2YwYWQ3M2Y5NzcyOTVjZjA1NTc2YSJ9.F4bwC-ZbzGejVcHtHr3eCJjWfAV3dxHfaJdoKAPnIFw
[2024-05-12T06:46:33.745+0000] {Units_dag.py:103} INFO - {'_id': '64cf9c4f7c86946b6b004bc5', 'icon': 'icons/icon.png', 'driver_id': '', 'tailer_id': '', 'profile': {'vehicle_type': None, 'measurement_type': 'count', 'max_capacity': 0, 'vin': 'MR2BE9B35P0038607', 'plate_number': 'ر ص ي 8358', 'start_operation': None, 'contract_milage': None, 'opening_milage': None, 'model': None, 'fuel_type': '91', 'year': 0, 'seats': 2}, 'device_password': '***', 'device_type': 'gps', 'gateway': False, 'business_types': {'waste': False, 'transportation': True, 'water': False}, 'name': 'MR2BE9B35P0038607', 'operation_code': '', 'device_gateway': '', 'skip_sim_information': False, 'imei': '863051061358726', 'sim_number': '+966830032313640', 'sim_serial': '8996609821111913703', 'device_serial': '863051061358726', 'device': 'bce', 'user_id': '61c43b241b5e6d541b2b65ce', 'created_by': '5e6655bf03ed52e1ab79d301', 'updated_at': '2024-04-18 11:18:59', 'created_at': '2023-08-06 16:12:47', 'shipment_info': None, 'custom_fields': [], 'creator': 'amr.ahmed', 'company': '', 'owner': 'al-jabr-renta-admin', 'last_update': {'dtt': 1715496060000, 'dts': 1715496360939, 'spd': 0, 'ang': 116, 'alt': 24, 'chPrams': {'ePwrV': {'v': 12.851, 'cdt': 1715496060000}, 'di16': {'v': 1, 'cdt': 1714725696000}, 'di15': {'v': 0, 'cdt': 1689583932000}, 'rssi1': {'v': 60, 'cdt': 1715496060000}, 'di14': {'v': 0, 'cdt': 1715492058000}, 'di13': {'v': 0, 'cdt': 1714725696000}, 'di12': {'v': 0, 'cdt': 1712915448000}, 'di11': {'v': 0, 'cdt': 1712915448000}, 'di10': {'v': 0, 'cdt': 1691394488000}, 'di2': {'v': 1, 'cdt': 1712915448000}, 'di1': {'v': 0, 'cdt': 1715492158000}, 'di4': {'v': 0, 'cdt': 1712915448000}, 'di3': {'v': 0, 'cdt': 1712915448000}, 'di6': {'v': 1, 'cdt': 1712915448000}, 'di5': {'v': 0, 'cdt': 1715492126000}, 'lac1': {'v': 2236, 'cdt': 1715491566000}, 'protocol': {'v': 'bce', 'cdt': 1712915448000}, 'di8': {'v': 1, 'cdt': 1712915448000}, 'di7': {'v': 0, 'cdt': 1715492158000}, 'di9': {'v': 0, 'cdt': 1712915448000}, 'iPwrV': {'v': 3.984, 'cdt': 1715494258000}, 'cid1': {'v': 57482, 'cdt': 1715492456000}, 'odometer': {'v': 0, 'cdt': 1715492066000}, 'spd': {'v': 0, 'cdt': 1715492066000}, 'sat': {'v': 15, 'cdt': 1715496060000}, 'hdop': {'v': 1, 'cdt': 1715459972000}, 'ta': {'v': 0, 'cdt': 1712915448000}, 'mcc1': {'v': 420, 'cdt': 1714092510000}, 'mnc1': {'v': 3, 'cdt': 1714419194000}}, 'prms': {'protocol': 'bce', 'spd': 0, 'sat': 15, 'hdop': 1, 'odometer': 0, 'di16': 1, 'di15': 0, 'di14': 0, 'di13': 0, 'di12': 0, 'di11': 0, 'di10': 0, 'di9': 0, 'di8': 1, 'di7': 0, 'di6': 1, 'di5': 0, 'di4': 0, 'di3': 0, 'di2': 1, 'di1': 0, 'ePwrV': 12.851, 'iPwrV': 3.984, 'ta': 0, 'mcc1': 420, 'mnc1': 3, 'lac1': 2236, 'cid1': 57482, 'rssi1': 60}, 'devPrms': ['protocol', 'spd', 'sat', 'hdop', 'odometer', 'di16', 'di15', 'di14', 'di13', 'di12', 'di11', 'di10', 'di9', 'di8', 'di7', 'di6', 'di5', 'di4', 'di3', 'di2', 'di1', 'ePwrV', 'iPwrV', 'ta', 'mcc1', 'mnc1', 'lac1', 'cid1', 'rssi1'], 'old_params': {'protocol': 'bce', 'spd': 0, 'sat': 14, 'hdop': 1, 'odometer': 0, 'di16': 1, 'di15': 0, 'di14': 0, 'di13': 0, 'di12': 0, 'di11': 0, 'di10': 0, 'di9': 0, 'di8': 1, 'di7': 0, 'di6': 1, 'di5': 0, 'di4': 0, 'di3': 0, 'di2': 1, 'di1': 0, 'ePwrV': 12.869, 'iPwrV': 3.984, 'ta': 0, 'mcc1': 420, 'mnc1': 3, 'lac1': 2236, 'cid1': 57482, 'rssi1': 59}, 'vLoc': 1, 'vCon': 1, 'ip': '109.83.223.175', 'rl': 0, 'trl': 34523.0184, 'mdu': 0, 'tmdu': 1916786, 'eidl': 0, 'teidl': 729404, 'fc': 0, 'tfc': 30.540588, 'acc': 0, 'accOn': 2912210, 'accOff': 221226944, 'sdu': 300, 'tsdu': 3934, 'lat': 21.570758819580078, 'lng': 39.16984176635742}, 'counters': {'odometer_type': 'gps', 'odometer': 34523.0184, 'engine_hours_type': 'acc', 'engine_hours': 2912210, 'last_acc': 0}, 'is_wasl_connected': 'Not Connected', 'iconUrl': 'https://api.afaqy.sa/images/units/icons/icon.png', 'hasCCTV': False}
[2024-05-12T06:46:34.271+0000] {warnings.py:109} WARNING - /home/***/.local/lib/python3.8/site-packages/elasticsearch/_sync/client/__init__.py:399: SecurityWarning: Connecting to 'https://dbelk1.afaqy.local:9200' using TLS with verify_certs=False is insecure
  _transport = transport_class(

[2024-05-12T06:46:34.317+0000] {warnings.py:109} WARNING - /home/***/.local/lib/python3.8/site-packages/elasticsearch/_sync/client/__init__.py:399: SecurityWarning: Connecting to 'https://dbelk3.afaqy.local:9200' using TLS with verify_certs=False is insecure
  _transport = transport_class(

[2024-05-12T06:46:34.362+0000] {warnings.py:109} WARNING - /home/***/.local/lib/python3.8/site-packages/elasticsearch/_sync/client/__init__.py:399: SecurityWarning: Connecting to 'https://dbelk2.afaqy.local:9200' using TLS with verify_certs=False is insecure
  _transport = transport_class(

[2024-05-12T06:46:34.394+0000] {warnings.py:109} WARNING - /home/***/.local/lib/python3.8/site-packages/urllib3/connectionpool.py:1061: InsecureRequestWarning: Unverified HTTPS request is being made to host 'dbelk1.afaqy.local'. Adding certificate verification is strongly advised. See: https://urllib3.readthedocs.io/en/1.26.x/advanced-usage.html#ssl-warnings
  warnings.warn(

[2024-05-12T06:46:34.466+0000] {_transport.py:335} INFO - GET https://dbelk1.afaqy.local:9200/_cluster/health [status:200 duration:0.102s]
[2024-05-12T06:46:34.848+0000] {warnings.py:109} WARNING - /home/***/.local/lib/python3.8/site-packages/urllib3/connectionpool.py:1061: InsecureRequestWarning: Unverified HTTPS request is being made to host 'dbelk3.afaqy.local'. Adding certificate verification is strongly advised. See: https://urllib3.readthedocs.io/en/1.26.x/advanced-usage.html#ssl-warnings
  warnings.warn(

[2024-05-12T06:46:34.862+0000] {_transport.py:335} INFO - PUT https://dbelk3.afaqy.local:9200/units_statistics_***/_bulk [status:429 duration:0.033s]
[2024-05-12T06:46:34.863+0000] {_node_pool.py:249} WARNING - Node <Urllib3HttpNode(https://dbelk3.afaqy.local:9200)> has failed for 1 times in a row, putting on 1 second timeout
[2024-05-12T06:46:34.863+0000] {_transport.py:427} WARNING - Retrying request after non-successful status 429 (attempt 0 of 3)
[2024-05-12T06:46:34.864+0000] {warnings.py:109} WARNING - /home/***/.local/lib/python3.8/site-packages/urllib3/connectionpool.py:1061: InsecureRequestWarning: Unverified HTTPS request is being made to host 'dbelk1.afaqy.local'. Adding certificate verification is strongly advised. See: https://urllib3.readthedocs.io/en/1.26.x/advanced-usage.html#ssl-warnings
  warnings.warn(

[2024-05-12T06:46:35.025+0000] {_transport.py:335} INFO - PUT https://dbelk1.afaqy.local:9200/units_statistics_***/_bulk [status:200 duration:0.162s]
[2024-05-12T06:46:35.308+0000] {taskinstance.py:2731} ERROR - Task failed with exception
Traceback (most recent call last):
  File "/home/airflow/.local/lib/python3.8/site-packages/airflow/models/taskinstance.py", line 444, in _execute_task
    result = _execute_callable(context=context, **execute_callable_kwargs)
  File "/home/airflow/.local/lib/python3.8/site-packages/airflow/models/taskinstance.py", line 414, in _execute_callable
    return execute_callable(context=context, **execute_callable_kwargs)
  File "/home/airflow/.local/lib/python3.8/site-packages/airflow/decorators/base.py", line 241, in execute
    return_value = super().execute(context)
  File "/home/airflow/.local/lib/python3.8/site-packages/airflow/operators/python.py", line 200, in execute
    return_value = self.execute_callable()
  File "/home/airflow/.local/lib/python3.8/site-packages/airflow/operators/python.py", line 217, in execute_callable
    return self.python_callable(*self.op_args, **self.op_kwargs)
  File "/opt/airflow/dags/Units_dag.py", line 111, in ETL_job
    Elk_client.elk_pushData(Globals.index_name,units_list_update)
  File "/opt/airflow/dags/units_statistics/elk_manager.py", line 69, in elk_pushData
    helpers.bulk(self.elk_client, docs_list, index=index_name, chunk_size=batch)
  File "/home/airflow/.local/lib/python3.8/site-packages/elasticsearch/helpers/actions.py", line 521, in bulk
    for ok, item in streaming_bulk(
  File "/home/airflow/.local/lib/python3.8/site-packages/elasticsearch/helpers/actions.py", line 436, in streaming_bulk
    for data, (ok, info) in zip(
  File "/home/airflow/.local/lib/python3.8/site-packages/elasticsearch/helpers/actions.py", line 355, in _process_bulk_chunk
    yield from gen
  File "/home/airflow/.local/lib/python3.8/site-packages/elasticsearch/helpers/actions.py", line 274, in _process_bulk_chunk_success
    raise BulkIndexError(f"{len(errors)} document(s) failed to index.", errors)
elasticsearch.helpers.BulkIndexError: 10000 document(s) failed to index.
[2024-05-12T06:46:35.328+0000] {taskinstance.py:1149} INFO - Marking task as FAILED. dag_id=Units_statistics_DAG, task_id=ETL_job, map_index=12, execution_date=20240512T062000, start_date=20240512T064544, end_date=20240512T064635
[2024-05-12T06:46:35.345+0000] {standard_task_runner.py:107} ERROR - Failed to execute job 53269 for task ETL_job (10000 document(s) failed to index.; 961314)
[2024-05-12T06:46:35.411+0000] {local_task_job_runner.py:234} INFO - Task exited with return code 1
[2024-05-12T06:46:35.452+0000] {taskinstance.py:3312} INFO - 0 downstream tasks scheduled from follow-on schedule check
