[2024-05-08T10:20:55.025+0000] {taskinstance.py:1979} INFO - Dependencies all met for dep_context=non-requeueable deps ti=<TaskInstance: Units_statistics_DAG.ETL_job scheduled__2024-05-08T10:00:00+00:00 map_index=16 [queued]>
[2024-05-08T10:20:55.071+0000] {taskinstance.py:1979} INFO - Dependencies all met for dep_context=requeueable deps ti=<TaskInstance: Units_statistics_DAG.ETL_job scheduled__2024-05-08T10:00:00+00:00 map_index=16 [queued]>
[2024-05-08T10:20:55.071+0000] {taskinstance.py:2193} INFO - Starting attempt 1 of 4
[2024-05-08T10:20:55.121+0000] {taskinstance.py:2217} INFO - Executing <Mapped(_PythonDecoratedOperator): ETL_job> on 2024-05-08 10:00:00+00:00
[2024-05-08T10:20:55.139+0000] {standard_task_runner.py:60} INFO - Started process 858571 to run task
[2024-05-08T10:20:55.164+0000] {standard_task_runner.py:87} INFO - Running: ['***', 'tasks', 'run', 'Units_statistics_DAG', 'ETL_job', 'scheduled__2024-05-08T10:00:00+00:00', '--job-id', '41401', '--raw', '--subdir', 'DAGS_FOLDER/Units_dag.py', '--cfg-path', '/tmp/tmpq6lva1m8', '--map-index', '16']
[2024-05-08T10:20:55.171+0000] {standard_task_runner.py:88} INFO - Job 41401: Subtask ETL_job
[2024-05-08T10:20:55.406+0000] {task_command.py:423} INFO - Running <TaskInstance: Units_statistics_DAG.ETL_job scheduled__2024-05-08T10:00:00+00:00 map_index=16 [running]> on host a09da322e808
[2024-05-08T10:20:56.101+0000] {taskinstance.py:2513} INFO - Exporting env vars: AIRFLOW_CTX_DAG_OWNER='abeer-araby' AIRFLOW_CTX_DAG_ID='Units_statistics_DAG' AIRFLOW_CTX_TASK_ID='ETL_job' AIRFLOW_CTX_EXECUTION_DATE='2024-05-08T10:00:00+00:00' AIRFLOW_CTX_TRY_NUMBER='1' AIRFLOW_CTX_DAG_RUN_ID='scheduled__2024-05-08T10:00:00+00:00'
[2024-05-08T10:20:56.102+0000] {Units_dag.py:98} INFO - i: 160000, chunk: 10000
[2024-05-08T10:20:56.103+0000] {Units_dag.py:99} INFO - child token is::: eyJ0eXAiOiJKV1QiLCJhbGciOiJIUzI1NiJ9.eyJpc3MiOiJodHRwczovL2FwaS5hZmFxeS5zYS9hdXRoL2xvZ2luX2FzIiwiaWF0IjoxNzE1MTYzNjAzLCJleHAiOjE3MTc3NTU2MDMsIm5iZiI6MTcxNTE2MzYwMywianRpIjoiaGppSG9wMnB2ZHNPMlFvdSIsInN1YiI6IjVkNjNlNTFlMDNlZDUyOTJhNDJjMjRlNiIsInBydiI6IjI3MGVjZmM3ZWEzZWQ5MzdlYTg0OTM2MmEzYTUwOTEwYzZkOGNlNGYiLCJsb2dpbl9hc19pZCI6IjY1N2YwYWQ3M2Y5NzcyOTVjZjA1NTc2YSJ9.oxPqRzMSRLKfEJ8ZfBBMKhiN8794ZQDwZwXyWhr5zVE
[2024-05-08T10:21:13.215+0000] {Units_dag.py:103} INFO - {'_id': '65f03d1d5a0aa1a0bb07ccd7', 'icon': 'icons/icon.png', 'driver_id': '', 'tailer_id': '', 'profile': {'vehicle_type': '', 'measurement_type': 'count', 'max_capacity': 0, 'vin': '', 'plate_number': '', 'start_operation': '', 'contract_milage': '', 'opening_milage': '', 'model': '', 'fuel_type': '91', 'year': 0, 'seats': 2}, 'shipment_info': {'product_category': None, 'truck_type': None, 'shipment_type': None, 'shipment_payment_type': None, 'transporter_type': None, 'operating_area': None, 'weight_kilograms_per_day': None, 'kms_per_day': None, 'shipment_trip_drive_hrs_day': None, 'allowable_delay_drive_hrs_day': None, 'expected_shipment_trip_day': None, 'car_pay_per_day': None, 'exceeding_temperature_limit_per_day': None, 'temperature_upper_limit': None, 'exceeding_humidity_limit_per_day': None, 'humidity_upper_limit': None}, 'device_password': '***', 'device_type': 'gps', 'gateway': False, 'business_types': {'waste': False, 'transportation': True, 'water': False}, 'name': '3185NTB', 'operation_code': '', 'device_gateway': '', 'skip_sim_information': False, 'imei': '866069061112676', 'sim_number': '+966830020541836', 'sim_serial': '8996609821112200494', 'device_serial': '1135688741', 'device': 'teltonika', 'user_id': '64a521fa2b89b242d0656ad2', 'created_by': '5e6655bf03ed52e1ab79d301', 'updated_at': '2024-04-18 11:18:59', 'created_at': '2024-03-12 14:31:41', 'custom_fields': [], 'creator': 'amr.ahmed', 'company': '', 'owner': 'chery-trading-admin', 'last_update': {'dtt': 1715163598000, 'dts': 1715163603456, 'spd': 0, 'ang': 336, 'alt': 23, 'chPrams': {'Speed': {'v': 0, 'cdt': 1715158038000}, 'output1': {'v': False, 'cdt': 1714862845000}, 'ePwrV': {'v': 12.374, 'cdt': 1715163297000}, 'parm24': {'v': 0, 'cdt': 1715158038000}, 'sat': {'v': 18, 'cdt': 1715163598000}, 'ai1': {'v': 0, 'cdt': 1712996110000}, 'priority': {'v': 0, 'cdt': 1712996110000}, 'type': {'v': 6, 'cdt': 1713077555000}, 'di1': {'v': 0, 'cdt': 1715158158000}, 'result': {'v': '5665723a30332e32382e30325f313937204750533a41584e5f352e312e392048773a464d43393230204d6f643a3120494d45493a38363630363930363131313236373620496e69743a323032342d332d313420383a3720557074696d653a34343531353435204d41433a333838413231384643353341205350433a312830292041584c3a31204f42443a3020424c3a312e31302042543a34', 'cdt': 1714862545000}, 'protocol': {'v': 'FMC920', 'cdt': 1714862845000}, 'iPwrV': {'v': 3.93, 'cdt': 1715085242000}, 'event': {'v': 0, 'cdt': 1712996110000}}, 'prms': {'protocol': 'FMC920', 'priority': 0, 'sat': 18, 'event': 0, 'di1': 0, 'output1': 0, 'ePwrV': 12.374, 'Speed': 0, 'parm24': 0, 'iPwrV': 3.93, 'ai1': 0}, 'devPrms': ['protocol', 'priority', 'sat', 'event', 'di1', 'output1', 'ePwrV', 'Speed', 'parm24', 'iPwrV', 'ai1'], 'old_params': {'Speed': 0, 'protocol': 'teltonika', 'output1': 0, 'ePwrV': 12.374, 'parm24': 0, 'sat': 19, 'ai1': 0, 'iPwrV': 3.93, 'priority': 0, 'event': 0, 'di1': 0}, 'vLoc': 1, 'vCon': 1, 'ip': '37.216.98.69', 'rl': 0, 'trl': 0.4023, 'mdu': 0, 'tmdu': 223, 'eidl': 0, 'teidl': 4652, 'fc': 0, 'tfc': 0.048276, 'acc': 0, 'accOn': 637492875, 'accOff': 4755256, 'sdu': 301, 'tsdu': 5440, 'lat': 21.5686333, 'lng': 39.1918783}, 'counters': {'engine_hours': 637492875, 'last_acc': 0, 'odometer': 0.3995, 'engine_hours_type': '', 'odometer_type': ''}, 'is_wasl_connected': 'Not Connected', 'iconUrl': 'https://api.afaqy.sa/images/units/icons/icon.png', 'hasCCTV': False}
[2024-05-08T10:21:13.744+0000] {warnings.py:109} WARNING - /home/***/.local/lib/python3.8/site-packages/elasticsearch/_sync/client/__init__.py:399: SecurityWarning: Connecting to 'https://dbelk1.afaqy.local:9200' using TLS with verify_certs=False is insecure
  _transport = transport_class(

[2024-05-08T10:21:13.792+0000] {warnings.py:109} WARNING - /home/***/.local/lib/python3.8/site-packages/elasticsearch/_sync/client/__init__.py:399: SecurityWarning: Connecting to 'https://dbelk2.afaqy.local:9200' using TLS with verify_certs=False is insecure
  _transport = transport_class(

[2024-05-08T10:21:13.839+0000] {warnings.py:109} WARNING - /home/***/.local/lib/python3.8/site-packages/elasticsearch/_sync/client/__init__.py:399: SecurityWarning: Connecting to 'https://dbelk3.afaqy.local:9200' using TLS with verify_certs=False is insecure
  _transport = transport_class(

[2024-05-08T10:21:13.863+0000] {warnings.py:109} WARNING - /home/***/.local/lib/python3.8/site-packages/urllib3/connectionpool.py:1061: InsecureRequestWarning: Unverified HTTPS request is being made to host 'dbelk1.afaqy.local'. Adding certificate verification is strongly advised. See: https://urllib3.readthedocs.io/en/1.26.x/advanced-usage.html#ssl-warnings
  warnings.warn(

[2024-05-08T10:21:13.930+0000] {_transport.py:335} INFO - GET https://dbelk1.afaqy.local:9200/_cluster/health [status:200 duration:0.090s]
[2024-05-08T10:21:14.317+0000] {warnings.py:109} WARNING - /home/***/.local/lib/python3.8/site-packages/urllib3/connectionpool.py:1061: InsecureRequestWarning: Unverified HTTPS request is being made to host 'dbelk2.afaqy.local'. Adding certificate verification is strongly advised. See: https://urllib3.readthedocs.io/en/1.26.x/advanced-usage.html#ssl-warnings
  warnings.warn(

[2024-05-08T10:21:18.590+0000] {_transport.py:335} INFO - PUT https://dbelk2.afaqy.local:9200/units_statistics_***/_bulk [status:200 duration:4.293s]
[2024-05-08T10:21:18.962+0000] {python.py:202} INFO - Done. Returned value was: None
[2024-05-08T10:21:18.981+0000] {taskinstance.py:1149} INFO - Marking task as SUCCESS. dag_id=Units_statistics_DAG, task_id=ETL_job, map_index=16, execution_date=20240508T100000, start_date=20240508T102055, end_date=20240508T102118
[2024-05-08T10:21:19.032+0000] {local_task_job_runner.py:234} INFO - Task exited with return code 0
[2024-05-08T10:21:19.065+0000] {taskinstance.py:3312} INFO - 0 downstream tasks scheduled from follow-on schedule check
