[2024-04-22T11:00:12.671+0000] {taskinstance.py:1979} INFO - Dependencies all met for dep_context=non-requeueable deps ti=<TaskInstance: Units_statistics_DAG.ETL_job scheduled__2024-04-22T10:40:00+00:00 map_index=15 [queued]>
[2024-04-22T11:00:12.711+0000] {taskinstance.py:1979} INFO - Dependencies all met for dep_context=requeueable deps ti=<TaskInstance: Units_statistics_DAG.ETL_job scheduled__2024-04-22T10:40:00+00:00 map_index=15 [queued]>
[2024-04-22T11:00:12.712+0000] {taskinstance.py:2193} INFO - Starting attempt 1 of 4
[2024-04-22T11:00:12.784+0000] {taskinstance.py:2217} INFO - Executing <Mapped(_PythonDecoratedOperator): ETL_job> on 2024-04-22 10:40:00+00:00
[2024-04-22T11:00:12.820+0000] {standard_task_runner.py:60} INFO - Started process 469682 to run task
[2024-04-22T11:00:12.849+0000] {standard_task_runner.py:87} INFO - Running: ['***', 'tasks', 'run', 'Units_statistics_DAG', 'ETL_job', 'scheduled__2024-04-22T10:40:00+00:00', '--job-id', '11254', '--raw', '--subdir', 'DAGS_FOLDER/Units_dag.py', '--cfg-path', '/tmp/tmpfi99ddei', '--map-index', '15']
[2024-04-22T11:00:12.860+0000] {standard_task_runner.py:88} INFO - Job 11254: Subtask ETL_job
[2024-04-22T11:00:13.050+0000] {task_command.py:423} INFO - Running <TaskInstance: Units_statistics_DAG.ETL_job scheduled__2024-04-22T10:40:00+00:00 map_index=15 [running]> on host a09da322e808
[2024-04-22T11:00:13.733+0000] {taskinstance.py:2513} INFO - Exporting env vars: AIRFLOW_CTX_DAG_OWNER='abeer-araby' AIRFLOW_CTX_DAG_ID='Units_statistics_DAG' AIRFLOW_CTX_TASK_ID='ETL_job' AIRFLOW_CTX_EXECUTION_DATE='2024-04-22T10:40:00+00:00' AIRFLOW_CTX_TRY_NUMBER='1' AIRFLOW_CTX_DAG_RUN_ID='scheduled__2024-04-22T10:40:00+00:00'
[2024-04-22T11:00:13.738+0000] {Units_dag.py:99} INFO - i: 150000, chunk: 10000
[2024-04-22T11:00:13.743+0000] {Units_dag.py:100} INFO - child token is::: eyJ0eXAiOiJKV1QiLCJhbGciOiJIUzI1NiJ9.eyJpc3MiOiJodHRwczovL2FwaS5hZmFxeS5zYS9hdXRoL2xvZ2luX2FzIiwiaWF0IjoxNzEzNzgzNjAzLCJleHAiOjE3MTYzNzU2MDMsIm5iZiI6MTcxMzc4MzYwMywianRpIjoiZ3Q1QWk1TXlWS0YxZm91QSIsInN1YiI6IjVkNjNlNTFlMDNlZDUyOTJhNDJjMjRlNiIsInBydiI6IjI3MGVjZmM3ZWEzZWQ5MzdlYTg0OTM2MmEzYTUwOTEwYzZkOGNlNGYiLCJsb2dpbl9hc19pZCI6IjY1N2YwYWQ3M2Y5NzcyOTVjZjA1NTc2YSJ9.hGJMKKS_hYJtyG-djiHSbCEJyV5MgF2kLihU2l2J0RY
[2024-04-22T11:00:43.890+0000] {Units_dag.py:104} INFO - {'_id': '6594188dfa94872b7605c40e', 'icon': 'icons/icon.png', 'driver_id': '', 'tailer_id': '', 'profile': {'vehicle_type': '', 'measurement_type': 'count', 'max_capacity': 0, 'vin': '', 'plate_number': '', 'start_operation': '', 'contract_milage': '', 'opening_milage': '', 'model': '', 'fuel_type': '91', 'year': 0, 'seats': 2}, 'shipment_info': {'product_category': None, 'truck_type': None, 'shipment_type': None, 'shipment_payment_type': None, 'transporter_type': None, 'operating_area': None, 'weight_kilograms_per_day': None, 'kms_per_day': None, 'shipment_trip_drive_hrs_day': None, 'allowable_delay_drive_hrs_day': None, 'expected_shipment_trip_day': None, 'car_pay_per_day': None, 'exceeding_temperature_limit_per_day': None, 'temperature_upper_limit': None, 'exceeding_humidity_limit_per_day': None, 'humidity_upper_limit': None}, 'device_password': '***', 'device_type': 'gps', 'gateway': False, 'business_types': {'waste': False, 'transportation': True, 'water': False}, 'name': '8862 H E R', 'operation_code': '', 'device_gateway': '', 'skip_sim_information': False, 'imei': '866069061021117', 'sim_number': '+966830021043890', 'sim_serial': '8996609821112128793', 'device_serial': '1135686259', 'device': 'teltonika', 'user_id': '61adecadb70c9664dd5bc901', 'created_by': '5e6655bf03ed52e1ab79d301', 'updated_at': '2024-04-18 11:18:59', 'created_at': '2024-01-02 17:07:09', 'custom_fields': [], 'creator': 'amr.ahmed', 'company': '', 'owner': 'shift-inc-co', 'last_update': {'dtt': 1713783312000, 'dts': 1713783316127, 'spd': 0, 'ang': 0, 'alt': 28, 'chPrams': {'Speed': {'v': 0, 'cdt': 1713662197000}, 'output1': {'v': False, 'cdt': 1713703972000}, 'ePwrV': {'v': 12.182, 'cdt': 1713782711000}, 'parm24': {'v': 0, 'cdt': 1713662197000}, 'sat': {'v': 14, 'cdt': 1713783312000}, 'ai1': {'v': 131, 'cdt': 1712982582000}, 'priority': {'v': 0, 'cdt': 1712848417000}, 'type': {'v': 6, 'cdt': 1712848988000}, 'di1': {'v': 0, 'cdt': 1713662497000}, 'result': {'v': '5665723a30332e32382e30325f313937204750533a41584e5f352e312e392048773a464d43393230204d6f643a3120494d45493a38363630363930363130323131313720496e69743a323032342d342d323120313a3920557074696d653a3436323137204d41433a333838413231393244443333205350433a312830292041584c3a31204f42443a3020424c3a312e31302042543a34', 'cdt': 1713703670000}, 'protocol': {'v': 'FMC920', 'cdt': 1713703972000}, 'iPwrV': {'v': 0, 'cdt': 1704356389000}, 'event': {'v': 0, 'cdt': 1712848417000}}, 'prms': {'protocol': 'FMC920', 'priority': 0, 'sat': 14, 'event': 0, 'di1': 0, 'output1': 0, 'ePwrV': 12.182, 'Speed': 0, 'parm24': 0, 'iPwrV': 0, 'ai1': 131}, 'devPrms': ['protocol', 'priority', 'sat', 'event', 'di1', 'output1', 'ePwrV', 'Speed', 'parm24', 'iPwrV', 'ai1'], 'old_params': {'Speed': 0, 'protocol': 'teltonika', 'output1': 0, 'ePwrV': 12.182, 'parm24': 0, 'sat': 15, 'ai1': 131, 'iPwrV': 0, 'priority': 0, 'event': 0, 'di1': 0}, 'vLoc': 1, 'vCon': 1, 'ip': '109.83.36.245', 'rl': 0, 'trl': 275.7152, 'mdu': 0, 'tmdu': 24651, 'eidl': 0, 'teidl': 23392, 'fc': 0, 'tfc': 29.491788, 'acc': 0, 'accOn': 638169851, 'accOff': 2698166, 'sdu': 300, 'tsdu': 120815, 'lat': 21.5752033, 'lng': 39.1641266}, 'counters': {'engine_hours': 638169851, 'last_acc': 0, 'odometer': 275.7049, 'engine_hours_type': '', 'odometer_type': ''}, 'is_wasl_connected': 'Not Connected', 'iconUrl': 'https://api.afaqy.sa/images/units/icons/icon.png', 'hasCCTV': False}
[2024-04-22T11:00:45.038+0000] {warnings.py:109} WARNING - /home/***/.local/lib/python3.8/site-packages/elasticsearch/_sync/client/__init__.py:399: SecurityWarning: Connecting to 'https://dbelk2.afaqy.local:9200' using TLS with verify_certs=False is insecure
  _transport = transport_class(

[2024-04-22T11:00:45.106+0000] {warnings.py:109} WARNING - /home/***/.local/lib/python3.8/site-packages/elasticsearch/_sync/client/__init__.py:399: SecurityWarning: Connecting to 'https://dbelk3.afaqy.local:9200' using TLS with verify_certs=False is insecure
  _transport = transport_class(

[2024-04-22T11:00:45.172+0000] {warnings.py:109} WARNING - /home/***/.local/lib/python3.8/site-packages/elasticsearch/_sync/client/__init__.py:399: SecurityWarning: Connecting to 'https://dbelk1.afaqy.local:9200' using TLS with verify_certs=False is insecure
  _transport = transport_class(

[2024-04-22T11:00:45.247+0000] {warnings.py:109} WARNING - /home/***/.local/lib/python3.8/site-packages/urllib3/connectionpool.py:1061: InsecureRequestWarning: Unverified HTTPS request is being made to host 'dbelk2.afaqy.local'. Adding certificate verification is strongly advised. See: https://urllib3.readthedocs.io/en/1.26.x/advanced-usage.html#ssl-warnings
  warnings.warn(

[2024-04-22T11:00:45.321+0000] {_transport.py:335} INFO - GET https://dbelk2.afaqy.local:9200/_cluster/health [status:200 duration:0.147s]
[2024-04-22T11:00:45.878+0000] {warnings.py:109} WARNING - /home/***/.local/lib/python3.8/site-packages/urllib3/connectionpool.py:1061: InsecureRequestWarning: Unverified HTTPS request is being made to host 'dbelk3.afaqy.local'. Adding certificate verification is strongly advised. See: https://urllib3.readthedocs.io/en/1.26.x/advanced-usage.html#ssl-warnings
  warnings.warn(

[2024-04-22T11:00:47.898+0000] {_transport.py:335} INFO - PUT https://dbelk3.afaqy.local:9200/units_statistics_***/_bulk [status:200 duration:2.037s]
[2024-04-22T11:00:48.130+0000] {python.py:202} INFO - Done. Returned value was: None
[2024-04-22T11:00:48.145+0000] {taskinstance.py:1149} INFO - Marking task as SUCCESS. dag_id=Units_statistics_DAG, task_id=ETL_job, map_index=15, execution_date=20240422T104000, start_date=20240422T110012, end_date=20240422T110048
[2024-04-22T11:00:48.192+0000] {local_task_job_runner.py:234} INFO - Task exited with return code 0
[2024-04-22T11:00:48.216+0000] {taskinstance.py:3312} INFO - 0 downstream tasks scheduled from follow-on schedule check
