[2024-05-13T11:21:07.744+0000] {local_task_job_runner.py:120} INFO - ::group::Pre task execution logs
[2024-05-13T11:21:07.948+0000] {taskinstance.py:2076} INFO - Dependencies all met for dep_context=non-requeueable deps ti=<TaskInstance: Units_statistics_DAG.ETL_job scheduled__2024-05-13T11:00:00+00:00 map_index=16 [queued]>
[2024-05-13T11:21:08.062+0000] {taskinstance.py:2076} INFO - Dependencies all met for dep_context=requeueable deps ti=<TaskInstance: Units_statistics_DAG.ETL_job scheduled__2024-05-13T11:00:00+00:00 map_index=16 [queued]>
[2024-05-13T11:21:08.062+0000] {taskinstance.py:2306} INFO - Starting attempt 1 of 4
[2024-05-13T11:21:08.195+0000] {taskinstance.py:2330} INFO - Executing <Mapped(_PythonDecoratedOperator): ETL_job> on 2024-05-13 11:00:00+00:00
[2024-05-13T11:21:08.237+0000] {warnings.py:110} WARNING - /home/***/.local/lib/python3.12/site-packages/***/task/task_runner/standard_task_runner.py:61: DeprecationWarning: This process (pid=17791) is multi-threaded, use of fork() may lead to deadlocks in the child.
  pid = os.fork()

[2024-05-13T11:21:08.264+0000] {standard_task_runner.py:63} INFO - Started process 17793 to run task
[2024-05-13T11:21:08.282+0000] {standard_task_runner.py:90} INFO - Running: ['***', 'tasks', 'run', 'Units_statistics_DAG', 'ETL_job', 'scheduled__2024-05-13T11:00:00+00:00', '--job-id', '55774', '--raw', '--subdir', 'DAGS_FOLDER/Units_dag.py', '--cfg-path', '/tmp/tmpjyjpgcr8', '--map-index', '16']
[2024-05-13T11:21:08.284+0000] {standard_task_runner.py:91} INFO - Job 55774: Subtask ETL_job
[2024-05-13T11:21:08.593+0000] {task_command.py:426} INFO - Running <TaskInstance: Units_statistics_DAG.ETL_job scheduled__2024-05-13T11:00:00+00:00 map_index=16 [running]> on host 7138d7e072c5
[2024-05-13T11:21:09.427+0000] {taskinstance.py:2648} INFO - Exporting env vars: AIRFLOW_CTX_DAG_OWNER='abeer-araby' AIRFLOW_CTX_DAG_ID='Units_statistics_DAG' AIRFLOW_CTX_TASK_ID='ETL_job' AIRFLOW_CTX_EXECUTION_DATE='2024-05-13T11:00:00+00:00' AIRFLOW_CTX_TRY_NUMBER='1' AIRFLOW_CTX_DAG_RUN_ID='scheduled__2024-05-13T11:00:00+00:00'
[2024-05-13T11:21:09.428+0000] {taskinstance.py:430} INFO - ::endgroup::
[2024-05-13T11:21:09.429+0000] {Units_dag.py:98} INFO - i: 160000, chunk: 10000
[2024-05-13T11:21:09.430+0000] {Units_dag.py:99} INFO - child token is::: eyJ0eXAiOiJKV1QiLCJhbGciOiJIUzI1NiJ9.eyJpc3MiOiJodHRwczovL2FwaS5hZmFxeS5zYS9hdXRoL2xvZ2luX2FzIiwiaWF0IjoxNzE1NTk5MjA0LCJleHAiOjE3MTgxOTEyMDQsIm5iZiI6MTcxNTU5OTIwNCwianRpIjoiUjlnam9wV2J1cVJ2UTNxNSIsInN1YiI6IjVkNjNlNTFlMDNlZDUyOTJhNDJjMjRlNiIsInBydiI6IjI3MGVjZmM3ZWEzZWQ5MzdlYTg0OTM2MmEzYTUwOTEwYzZkOGNlNGYiLCJsb2dpbl9hc19pZCI6IjY1N2YwYWQ3M2Y5NzcyOTVjZjA1NTc2YSJ9.GeSmqT7UnVkxKaeeJbf9mjVGuAXHOS7cHdeHvdC0b78
[2024-05-13T11:21:30.686+0000] {Units_dag.py:103} INFO - {'_id': '65f15197a21dbfbad004b75f', 'icon': 'icons/icon.png', 'driver_id': '', 'tailer_id': '', 'profile': {'measurement_type': 'count', 'fuel_type': '91', 'year': 0, 'seats': 2}, 'shipment_info': {'product_category': '', 'truck_type': '', 'shipment_type': '', 'shipment_payment_type': '', 'transporter_type': '', 'operating_area': '', 'weight_kilograms_per_day': '', 'kms_per_day': '', 'opening_milage': '', 'shipment_trip_drive_hrs_day': '', 'expected_shipment_trip_day': '', 'car_pay_per_day': '', 'exceeding_temperature_limit_per_day': '', 'temperature_upper_limit': '', 'exceeding_humidity_limit_per_day': '', 'humidity_upper_limit': '', 'allowable_delay_drive_hrs_day': ''}, 'device_password': '***', 'device_type': 'gps', 'gateway': False, 'business_types': {'waste': False, 'transportation': True, 'water': False}, 'name': '9965TGR', 'operation_code': None, 'device_gateway': None, 'skip_sim_information': False, 'imei': '866069062006240', 'sim_number': '+966830020542215', 'sim_serial': '8996609821112200546', 'device_serial': '1135682929', 'device': 'teltonika', 'user_id': '65f03ef76f5a696e5406c904', 'created_by': '5e6655bf03ed52e1ab79d301', 'updated_at': '2024-04-18 11:18:59', 'created_at': '2024-03-13 10:11:19', 'custom_fields': [], 'creator': 'amr.ahmed', 'company': '', 'owner': 'ruwais-alqimam-admin', 'last_update': {'dtt': 1715599098000, 'dts': 1715599101727, 'spd': 0, 'ang': 165, 'alt': 643, 'chPrams': {'Speed': {'v': 0, 'cdt': 1715500512000}, 'output1': {'v': False, 'cdt': 1715598798000}, 'motion': {'v': False, 'cdt': 1715598798000}, 'ePwrV': {'v': 12.809000000000001, 'cdt': 1715598497000}, 'parm24': {'v': 0, 'cdt': 1715500512000}, 'sat': {'v': 13, 'cdt': 1715598798000}, 'ai1': {'v': 173, 'cdt': 1714660067000}, 'priority': {'v': 0, 'cdt': 1715500515000}, 'type': {'v': 6, 'cdt': 1713012567000}, 'di1': {'v': 0, 'cdt': 1715500512000}, 'result': {'v': '5665723a30332e32382e30325f313937204750533a41584e5f352e312e392048773a464d43393230204d6f643a3120494d45493a38363630363930363230303632343020496e69743a323032342d332d31342031323a343320557074696d653a35313639333230204d41433a333838413231384633353241205350433a312830292041584c3a31204f42443a3020424c3a312e31302042543a34', 'cdt': 1715598497000}, 'protocol': {'v': 'FMC920', 'cdt': 1715598798000}, 'iPwrV': {'v': 3.93, 'cdt': 1715575955000}, 'event': {'v': 0, 'cdt': 1715500816000}}, 'prms': {'protocol': 'FMC920', 'priority': 0, 'sat': 13, 'event': 0, 'di1': 0, 'motion': 0, 'output1': 0, 'ePwrV': 12.809000000000001, 'Speed': 0, 'parm24': 0, 'iPwrV': 3.93, 'ai1': 173}, 'devPrms': ['Speed', 'output1', 'motion', 'ePwrV', 'parm24', 'sat', 'ai1', 'priority', 'type', 'di1', 'result', 'protocol', 'iPwrV', 'event'], 'old_params': {'protocol': 'FMC920', 'priority': 0, 'sat': 13, 'event': 0, 'di1': 0, 'motion': 0, 'output1': 0, 'ePwrV': 12.809000000000001, 'Speed': 0, 'parm24': 0, 'iPwrV': 3.93, 'ai1': 173}, 'vLoc': 1, 'vCon': 1, 'ip': '37.216.39.14', 'rl': 0, 'trl': 7953.8118, 'mdu': 0, 'tmdu': 471964, 'eidl': 0, 'teidl': 172991, 'fc': 0, 'tfc': 1.60476, 'acc': 0, 'accOn': 764101, 'accOff': 19049509, 'sdu': 300, 'tsdu': 98585, 'lat': 24.475885, 'lng': 39.6575366}, 'counters': {'engine_hours': 764101, 'last_acc': 0, 'odometer': 7953.7785, 'engine_hours_type': 'acc', 'odometer_type': 'gps'}, 'is_wasl_connected': 'Not Connected', 'iconUrl': 'https://api.afaqy.sa/images/units/icons/icon.png', 'hasCCTV': False}
[2024-05-13T11:21:31.308+0000] {warnings.py:110} WARNING - /home/***/.local/lib/python3.12/site-packages/elasticsearch/_sync/client/__init__.py:399: SecurityWarning: Connecting to 'https://dbelk2.afaqy.local:9200' using TLS with verify_certs=False is insecure
  _transport = transport_class(

[2024-05-13T11:21:31.358+0000] {warnings.py:110} WARNING - /home/***/.local/lib/python3.12/site-packages/elasticsearch/_sync/client/__init__.py:399: SecurityWarning: Connecting to 'https://dbelk3.afaqy.local:9200' using TLS with verify_certs=False is insecure
  _transport = transport_class(

[2024-05-13T11:21:31.704+0000] {warnings.py:110} WARNING - /home/***/.local/lib/python3.12/site-packages/elasticsearch/_sync/client/__init__.py:399: SecurityWarning: Connecting to 'https://dbelk1.afaqy.local:9200' using TLS with verify_certs=False is insecure
  _transport = transport_class(

[2024-05-13T11:21:31.730+0000] {warnings.py:110} WARNING - /home/***/.local/lib/python3.12/site-packages/urllib3/connectionpool.py:1103: InsecureRequestWarning: Unverified HTTPS request is being made to host 'dbelk2.afaqy.local'. Adding certificate verification is strongly advised. See: https://urllib3.readthedocs.io/en/latest/advanced-usage.html#tls-warnings
  warnings.warn(

[2024-05-13T11:21:31.790+0000] {_transport.py:349} INFO - GET https://dbelk2.afaqy.local:9200/_cluster/health [status:200 duration:0.084s]
[2024-05-13T11:21:32.156+0000] {warnings.py:110} WARNING - /home/***/.local/lib/python3.12/site-packages/urllib3/connectionpool.py:1103: InsecureRequestWarning: Unverified HTTPS request is being made to host 'dbelk3.afaqy.local'. Adding certificate verification is strongly advised. See: https://urllib3.readthedocs.io/en/latest/advanced-usage.html#tls-warnings
  warnings.warn(

[2024-05-13T11:21:33.231+0000] {_transport.py:349} INFO - PUT https://dbelk3.afaqy.local:9200/units_statistics_***/_bulk [status:200 duration:1.093s]
[2024-05-13T11:21:33.528+0000] {python.py:237} INFO - Done. Returned value was: None
[2024-05-13T11:21:33.528+0000] {taskinstance.py:441} INFO - ::group::Post task execution logs
[2024-05-13T11:21:33.544+0000] {taskinstance.py:1206} INFO - Marking task as SUCCESS. dag_id=Units_statistics_DAG, task_id=ETL_job, run_id=scheduled__2024-05-13T11:00:00+00:00, map_index=16, execution_date=20240513T110000, start_date=20240513T112107, end_date=20240513T112133
[2024-05-13T11:21:33.613+0000] {local_task_job_runner.py:240} INFO - Task exited with return code 0
[2024-05-13T11:21:33.647+0000] {taskinstance.py:3498} INFO - 0 downstream tasks scheduled from follow-on schedule check
[2024-05-13T11:21:33.652+0000] {local_task_job_runner.py:222} INFO - ::endgroup::
