[2024-05-12T13:00:18.375+0000] {taskinstance.py:1979} INFO - Dependencies all met for dep_context=non-requeueable deps ti=<TaskInstance: Units_statistics_DAG.ETL_job scheduled__2024-05-12T12:40:00+00:00 map_index=9 [queued]>
[2024-05-12T13:00:18.475+0000] {taskinstance.py:1979} INFO - Dependencies all met for dep_context=requeueable deps ti=<TaskInstance: Units_statistics_DAG.ETL_job scheduled__2024-05-12T12:40:00+00:00 map_index=9 [queued]>
[2024-05-12T13:00:18.476+0000] {taskinstance.py:2193} INFO - Starting attempt 1 of 4
[2024-05-12T13:00:18.625+0000] {taskinstance.py:2217} INFO - Executing <Mapped(_PythonDecoratedOperator): ETL_job> on 2024-05-12 12:40:00+00:00
[2024-05-12T13:00:18.673+0000] {standard_task_runner.py:60} INFO - Started process 3493 to run task
[2024-05-12T13:00:18.709+0000] {standard_task_runner.py:87} INFO - Running: ['***', 'tasks', 'run', 'Units_statistics_DAG', 'ETL_job', 'scheduled__2024-05-12T12:40:00+00:00', '--job-id', '54095', '--raw', '--subdir', 'DAGS_FOLDER/Units_dag.py', '--cfg-path', '/tmp/tmpw8dhv33z', '--map-index', '9']
[2024-05-12T13:00:18.711+0000] {standard_task_runner.py:88} INFO - Job 54095: Subtask ETL_job
[2024-05-12T13:00:19.091+0000] {task_command.py:423} INFO - Running <TaskInstance: Units_statistics_DAG.ETL_job scheduled__2024-05-12T12:40:00+00:00 map_index=9 [running]> on host 3abf70bf7e68
[2024-05-12T13:00:19.898+0000] {taskinstance.py:2513} INFO - Exporting env vars: AIRFLOW_CTX_DAG_OWNER='abeer-araby' AIRFLOW_CTX_DAG_ID='Units_statistics_DAG' AIRFLOW_CTX_TASK_ID='ETL_job' AIRFLOW_CTX_EXECUTION_DATE='2024-05-12T12:40:00+00:00' AIRFLOW_CTX_TRY_NUMBER='1' AIRFLOW_CTX_DAG_RUN_ID='scheduled__2024-05-12T12:40:00+00:00'
[2024-05-12T13:00:19.899+0000] {Units_dag.py:98} INFO - i: 90000, chunk: 10000
[2024-05-12T13:00:19.899+0000] {Units_dag.py:99} INFO - child token is::: eyJ0eXAiOiJKV1QiLCJhbGciOiJIUzI1NiJ9.eyJpc3MiOiJodHRwczovL2FwaS5hZmFxeS5zYS9hdXRoL2xvZ2luX2FzIiwiaWF0IjoxNzE1NTE4ODAzLCJleHAiOjE3MTgxMTA4MDMsIm5iZiI6MTcxNTUxODgwMywianRpIjoiS21zRzVSZUFVcGZ3cUFKUiIsInN1YiI6IjVkNjNlNTFlMDNlZDUyOTJhNDJjMjRlNiIsInBydiI6IjI3MGVjZmM3ZWEzZWQ5MzdlYTg0OTM2MmEzYTUwOTEwYzZkOGNlNGYiLCJsb2dpbl9hc19pZCI6IjY1N2YwYWQ3M2Y5NzcyOTVjZjA1NTc2YSJ9.QUeUdKz9RkXT0EZ9s1y9jXvhkT2XKesPWZ_EniF4WL0
[2024-05-12T13:01:02.799+0000] {Units_dag.py:103} INFO - {'_id': '640f13ee9a57141d61392c6c', 'icon': 'icons/icon.png', 'driver_id': '', 'tailer_id': '', 'profile': {'vehicle_type': '', 'measurement_type': 'count', 'max_capacity': 0, 'vin': '', 'plate_number': '', 'start_operation': '', 'contract_milage': '', 'opening_milage': '', 'model': '', 'fuel_type': '91', 'year': 0, 'seats': 2}, 'device_password': '***', 'device_type': 'gps', 'gateway': False, 'name': '5208 U X B', 'operation_code': '', 'device_gateway': '', 'business_types': {'waste': False, 'transportation': True, 'water': False}, 'imei': '350544501291523', 'sim_number': '+966830030954038', 'sim_serial': '21294048919', 'device_serial': '1125931672', 'device': 'teltonika', 'user_id': '6374f3b2471fe5122740db03', 'created_by': '5e6655bf03ed52e1ab79d301', 'updated_at': '2024-04-18 11:18:59', 'created_at': '2023-03-13 15:15:42', 'custom_fields': [], 'creator': 'amr.ahmed', 'company': '', 'owner': 'riyada-maintenance-and-cleaning-admin', 'last_update': {'dtt': 1715518707000, 'dts': 1715518709089, 'spd': 0, 'ang': 276, 'alt': 13, 'chPrams': {'Speed': {'v': 0, 'cdt': 1715518707000}, 'output1': {'v': False, 'cdt': 1712228875000}, 'output2': {'v': False, 'cdt': 1714821261000}, 'ePwrV': {'v': 13.673, 'cdt': 1715518707000}, 'parm24': {'v': 0, 'cdt': 1715518707000}, 'sat': {'v': 8, 'cdt': 1715518677000}, 'ai1': {'v': 87, 'cdt': 1714474965000}, 'type': {'v': 6, 'cdt': 1713438335000}, 'priority': {'v': 0, 'cdt': 1714812993000}, 'di2': {'v': 0, 'cdt': 1714814133000}, 'di1': {'v': 0, 'cdt': 1715518677000}, 'result': {'v': '5665723a30332e32372e31335f3033204750533a41584e5f352e312e392048773a464d42313230204d6f643a333320494d45493a33353035343435303132393135323320496e69743a323032342d312d31382032323a3820557074696d653a39303933323434204d41433a333838413231313741433441205350433a312830292041584c3a32204f42443a3020424c3a312e31302042543a34', 'cdt': 1714725008000}, 'protocol': {'v': 'FMB120', 'cdt': 1714725309000}, 'parm6': {'v': 87, 'cdt': 1714814133000}, 'iPwrV': {'v': 4.0200000000000005, 'cdt': 1715518647000}, 'event': {'v': 0, 'cdt': 1714812993000}}, 'prms': {'protocol': 'FMB120', 'priority': 0, 'sat': 8, 'event': 0, 'di1': 0, 'output1': 0, 'di2': 0, 'output2': 0, 'ePwrV': 13.673, 'Speed': 0, 'parm24': 0, 'iPwrV': 4.0200000000000005, 'ai1': 87, 'parm6': 87}, 'devPrms': ['protocol', 'priority', 'sat', 'event', 'di1', 'output1', 'di2', 'output2', 'ePwrV', 'Speed', 'parm24', 'iPwrV', 'ai1', 'parm6'], 'old_params': {'protocol': 'FMB120', 'priority': 0, 'sat': 8, 'event': 0, 'di1': 0, 'output1': 0, 'di2': 0, 'output2': 0, 'ePwrV': 14.007, 'Speed': 7, 'parm24': 7, 'iPwrV': 4.0200000000000005, 'ai1': 87, 'parm6': 87}, 'vLoc': 1, 'vCon': 1, 'ip': '51.39.42.9', 'rl': 0, 'trl': 33518.2998, 'mdu': 0, 'tmdu': 2777638, 'eidl': 0, 'teidl': 1380625, 'fc': 0, 'tfc': 187.811664, 'acc': 0, 'accOn': -2585140, 'accOff': 1263022718, 'sdu': 0, 'tsdu': 0, 'lat': 26.4359016, 'lng': 50.087385}, 'counters': {'odometer_type': 'gps', 'odometer': 33531.7411, 'engine_hours_type': 'acc', 'engine_hours': -2585140, 'last_acc': 0}, 'is_wasl_connected': 'Not Connected', 'iconUrl': 'https://api.afaqy.sa/images/units/icons/icon.png', 'hasCCTV': False}
[2024-05-12T13:01:07.130+0000] {warnings.py:109} WARNING - /home/***/.local/lib/python3.8/site-packages/elasticsearch/_sync/client/__init__.py:399: SecurityWarning: Connecting to 'https://dbelk1.afaqy.local:9200' using TLS with verify_certs=False is insecure
  _transport = transport_class(

[2024-05-12T13:01:07.247+0000] {warnings.py:109} WARNING - /home/***/.local/lib/python3.8/site-packages/elasticsearch/_sync/client/__init__.py:399: SecurityWarning: Connecting to 'https://dbelk3.afaqy.local:9200' using TLS with verify_certs=False is insecure
  _transport = transport_class(

[2024-05-12T13:01:07.349+0000] {warnings.py:109} WARNING - /home/***/.local/lib/python3.8/site-packages/elasticsearch/_sync/client/__init__.py:399: SecurityWarning: Connecting to 'https://dbelk2.afaqy.local:9200' using TLS with verify_certs=False is insecure
  _transport = transport_class(

[2024-05-12T13:01:07.389+0000] {warnings.py:109} WARNING - /home/***/.local/lib/python3.8/site-packages/urllib3/connectionpool.py:1061: InsecureRequestWarning: Unverified HTTPS request is being made to host 'dbelk1.afaqy.local'. Adding certificate verification is strongly advised. See: https://urllib3.readthedocs.io/en/1.26.x/advanced-usage.html#ssl-warnings
  warnings.warn(

[2024-05-12T13:01:07.455+0000] {_transport.py:335} INFO - GET https://dbelk1.afaqy.local:9200/_cluster/health [status:200 duration:0.102s]
[2024-05-12T13:01:08.562+0000] {warnings.py:109} WARNING - /home/***/.local/lib/python3.8/site-packages/urllib3/connectionpool.py:1061: InsecureRequestWarning: Unverified HTTPS request is being made to host 'dbelk3.afaqy.local'. Adding certificate verification is strongly advised. See: https://urllib3.readthedocs.io/en/1.26.x/advanced-usage.html#ssl-warnings
  warnings.warn(

[2024-05-12T13:01:10.570+0000] {_transport.py:335} INFO - PUT https://dbelk3.afaqy.local:9200/units_statistics_***/_bulk [status:200 duration:2.030s]
[2024-05-12T13:01:11.041+0000] {python.py:202} INFO - Done. Returned value was: None
[2024-05-12T13:01:11.055+0000] {taskinstance.py:1149} INFO - Marking task as SUCCESS. dag_id=Units_statistics_DAG, task_id=ETL_job, map_index=9, execution_date=20240512T124000, start_date=20240512T130018, end_date=20240512T130111
[2024-05-12T13:01:11.139+0000] {local_task_job_runner.py:234} INFO - Task exited with return code 0
[2024-05-12T13:01:11.164+0000] {taskinstance.py:3312} INFO - 0 downstream tasks scheduled from follow-on schedule check
