[2024-05-05T21:40:16.526+0000] {taskinstance.py:1979} INFO - Dependencies all met for dep_context=non-requeueable deps ti=<TaskInstance: Units_statistics_DAG.ETL_job scheduled__2024-05-05T21:20:00+00:00 map_index=6 [queued]>
[2024-05-05T21:40:16.629+0000] {taskinstance.py:1979} INFO - Dependencies all met for dep_context=requeueable deps ti=<TaskInstance: Units_statistics_DAG.ETL_job scheduled__2024-05-05T21:20:00+00:00 map_index=6 [queued]>
[2024-05-05T21:40:16.629+0000] {taskinstance.py:2193} INFO - Starting attempt 1 of 4
[2024-05-05T21:40:16.702+0000] {taskinstance.py:2217} INFO - Executing <Mapped(_PythonDecoratedOperator): ETL_job> on 2024-05-05 21:20:00+00:00
[2024-05-05T21:40:16.730+0000] {standard_task_runner.py:60} INFO - Started process 791950 to run task
[2024-05-05T21:40:16.788+0000] {standard_task_runner.py:87} INFO - Running: ['***', 'tasks', 'run', 'Units_statistics_DAG', 'ETL_job', 'scheduled__2024-05-05T21:20:00+00:00', '--job-id', '34081', '--raw', '--subdir', 'DAGS_FOLDER/Units_dag.py', '--cfg-path', '/tmp/tmprt0a207r', '--map-index', '6']
[2024-05-05T21:40:16.790+0000] {standard_task_runner.py:88} INFO - Job 34081: Subtask ETL_job
[2024-05-05T21:40:17.120+0000] {task_command.py:423} INFO - Running <TaskInstance: Units_statistics_DAG.ETL_job scheduled__2024-05-05T21:20:00+00:00 map_index=6 [running]> on host a09da322e808
[2024-05-05T21:40:17.593+0000] {taskinstance.py:2513} INFO - Exporting env vars: AIRFLOW_CTX_DAG_OWNER='abeer-araby' AIRFLOW_CTX_DAG_ID='Units_statistics_DAG' AIRFLOW_CTX_TASK_ID='ETL_job' AIRFLOW_CTX_EXECUTION_DATE='2024-05-05T21:20:00+00:00' AIRFLOW_CTX_TRY_NUMBER='1' AIRFLOW_CTX_DAG_RUN_ID='scheduled__2024-05-05T21:20:00+00:00'
[2024-05-05T21:40:17.594+0000] {Units_dag.py:99} INFO - i: 60000, chunk: 10000
[2024-05-05T21:40:17.594+0000] {Units_dag.py:100} INFO - child token is::: eyJ0eXAiOiJKV1QiLCJhbGciOiJIUzI1NiJ9.eyJpc3MiOiJodHRwczovL2FwaS5hZmFxeS5zYS9hdXRoL2xvZ2luX2FzIiwiaWF0IjoxNzE0OTQ1MjA0LCJleHAiOjE3MTc1MzcyMDQsIm5iZiI6MTcxNDk0NTIwNCwianRpIjoiTm5mU1d4ZVVxZW5FZ3hiYiIsInN1YiI6IjVkNjNlNTFlMDNlZDUyOTJhNDJjMjRlNiIsInBydiI6IjI3MGVjZmM3ZWEzZWQ5MzdlYTg0OTM2MmEzYTUwOTEwYzZkOGNlNGYiLCJsb2dpbl9hc19pZCI6IjY1N2YwYWQ3M2Y5NzcyOTVjZjA1NTc2YSJ9.4ingt2IsbX9V0VNwU1J7171a609IRgVordY5zfg8x98
[2024-05-05T21:40:39.966+0000] {Units_dag.py:104} INFO - {'_id': '6329e8d1a6f87f6340786326', 'icon': 'icons/icon.png', 'driver_id': '', 'tailer_id': '', 'profile': {'vehicle_type': '', 'measurement_type': 'count', 'max_capacity': 0, 'vin': '', 'plate_number': '', 'start_operation': '', 'contract_milage': '', 'opening_milage': '', 'model': '', 'fuel_type': '91', 'year': 0, 'seats': 2}, 'device_password': '***', 'device_type': 'gps', 'gateway': False, 'name': 'ุฃ ุณ ุต 9780', 'operation_code': '', 'imei': '350544507776139', 'sim_number': '+966821111337220', 'sim_serial': '8996609821111337220', 'device_serial': '1125793616', 'device': 'teltonika', 'created_by': '5e539d8203ed52f71d634478', 'user_id': '5e539d8203ed52f71d634478', 'updated_at': '2024-04-18 11:18:59', 'created_at': '2022-09-20 19:22:41', 'business_types': {'waste': False, 'transportation': True, 'water': False, 'hajj': False}, 'device_gateway': '', 'skip_sim_information': '', 'custom_fields': [], 'creator': 'aemallamar', 'company': '', 'owner': 'aemallamar', 'last_update': {'dtt': 1714945210000, 'dts': 1714945214074, 'spd': 0, 'ang': 11, 'alt': -4, 'chPrams': {'parm76': {'v': 0, 'cdt': 1713800838000}, 'output1': {'v': False, 'cdt': 1714226802000}, 'output2': {'v': False, 'cdt': 1714226802000}, 'ePwrV': {'v': 25.582, 'cdt': 1714944909000}, 'sat': {'v': 16, 'cdt': 1714945210000}, 'ai1': {'v': 5560, 'cdt': 1714945210000}, 'priority': {'v': 0, 'cdt': 1714904338000}, 'di2': {'v': 0, 'cdt': 1713800838000}, 'type': {'v': 6, 'cdt': 1713947308000}, 'di1': {'v': 0, 'cdt': 1714903502000}, 'temp1': {'v': 0, 'cdt': 1712947483000}, 'result': {'v': '5665723a30332e32372e31335f3033204750533a41584e5f352e312e392048773a464d42313230204d6f643a333320494d45493a33353035343435303737373631333920496e69743a323032342d312d31382032323a313220557074696d653a39333030333937204d41433a333838413231313735333242205350433a312830292041584c3a32204f42443a3020424c3a312e31302042543a34', 'cdt': 1714932587000}, 'protocol': {'v': 'FMB120', 'cdt': 1714932888000}, 'temp5': {'v': 30, 'cdt': 1712947483000}, 'parm29': {'v': 0, 'cdt': 1713800838000}, 'iPwrV': {'v': 4, 'cdt': 1714903716000}, 'event': {'v': 0, 'cdt': 1714903505000}, 'humidity86': {'v': 300, 'cdt': 1712947483000}}, 'prms': {'protocol': 'FMB120', 'priority': 0, 'sat': 16, 'event': 0, 'di1': 0, 'output1': 0, 'di2': 0, 'output2': 0, 'parm29': 0, 'ePwrV': 25.582, 'iPwrV': 4, 'ai1': 5560, 'temp5': 30, 'humidity86': 300, 'temp1': 0, 'parm76': 0}, 'devPrms': ['protocol', 'priority', 'sat', 'event', 'di1', 'output1', 'di2', 'output2', 'parm29', 'ePwrV', 'iPwrV', 'ai1', 'temp5', 'humidity86', 'temp1', 'parm76'], 'old_params': {'parm76': 0, 'output1': 0, 'output2': 0, 'ePwrV': 25.582, 'sat': 15, 'ai1': 5559, 'priority': 0, 'di2': 0, 'di1': 0, 'temp1': 0, 'protocol': 'teltonika', 'temp5': 30, 'parm29': 0, 'iPwrV': 4, 'event': 0, 'humidity86': 300}, 'vLoc': 1, 'vCon': 1, 'ip': '109.83.250.184', 'rl': 0, 'trl': 18944.7987, 'mdu': 0, 'tmdu': 1241593, 'eidl': 0, 'teidl': 851388, 'fc': 0, 'tfc': 0.003468, 'acc': 0, 'accOn': 10613585, 'accOff': 48792665, 'sdu': 301, 'tsdu': 41708, 'lat': 26.4114016, 'lng': 50.1395849}, 'counters': {'odometer_type': 'gps', 'odometer': 18944.7861, 'engine_hours_type': 'acc', 'engine_hours': 10613585, 'last_acc': 0}, 'is_wasl_connected': 'Connected', 'iconUrl': 'https://api.afaqy.sa/images/units/icons/icon.png', 'hasCCTV': False}
[2024-05-05T21:40:42.659+0000] {warnings.py:109} WARNING - /home/***/.local/lib/python3.8/site-packages/elasticsearch/_sync/client/__init__.py:399: SecurityWarning: Connecting to 'https://dbelk3.afaqy.local:9200' using TLS with verify_certs=False is insecure
  _transport = transport_class(

[2024-05-05T21:40:42.876+0000] {warnings.py:109} WARNING - /home/***/.local/lib/python3.8/site-packages/elasticsearch/_sync/client/__init__.py:399: SecurityWarning: Connecting to 'https://dbelk2.afaqy.local:9200' using TLS with verify_certs=False is insecure
  _transport = transport_class(

[2024-05-05T21:40:43.076+0000] {warnings.py:109} WARNING - /home/***/.local/lib/python3.8/site-packages/elasticsearch/_sync/client/__init__.py:399: SecurityWarning: Connecting to 'https://dbelk1.afaqy.local:9200' using TLS with verify_certs=False is insecure
  _transport = transport_class(

[2024-05-05T21:40:43.138+0000] {warnings.py:109} WARNING - /home/***/.local/lib/python3.8/site-packages/urllib3/connectionpool.py:1061: InsecureRequestWarning: Unverified HTTPS request is being made to host 'dbelk3.afaqy.local'. Adding certificate verification is strongly advised. See: https://urllib3.readthedocs.io/en/1.26.x/advanced-usage.html#ssl-warnings
  warnings.warn(

[2024-05-05T21:40:43.303+0000] {_transport.py:335} INFO - GET https://dbelk3.afaqy.local:9200/_cluster/health [status:200 duration:0.226s]
[2024-05-05T21:40:44.372+0000] {warnings.py:109} WARNING - /home/***/.local/lib/python3.8/site-packages/urllib3/connectionpool.py:1061: InsecureRequestWarning: Unverified HTTPS request is being made to host 'dbelk2.afaqy.local'. Adding certificate verification is strongly advised. See: https://urllib3.readthedocs.io/en/1.26.x/advanced-usage.html#ssl-warnings
  warnings.warn(

[2024-05-05T21:40:44.385+0000] {_transport.py:335} INFO - PUT https://dbelk2.afaqy.local:9200/units_statistics_***/_bulk [status:429 duration:0.032s]
[2024-05-05T21:40:44.385+0000] {_node_pool.py:249} WARNING - Node <Urllib3HttpNode(https://dbelk2.afaqy.local:9200)> has failed for 1 times in a row, putting on 1 second timeout
[2024-05-05T21:40:44.386+0000] {_transport.py:427} WARNING - Retrying request after non-successful status 429 (attempt 0 of 3)
[2024-05-05T21:40:44.386+0000] {warnings.py:109} WARNING - /home/***/.local/lib/python3.8/site-packages/urllib3/connectionpool.py:1061: InsecureRequestWarning: Unverified HTTPS request is being made to host 'dbelk3.afaqy.local'. Adding certificate verification is strongly advised. See: https://urllib3.readthedocs.io/en/1.26.x/advanced-usage.html#ssl-warnings
  warnings.warn(

[2024-05-05T21:40:44.399+0000] {_transport.py:335} INFO - PUT https://dbelk3.afaqy.local:9200/units_statistics_***/_bulk [status:429 duration:0.013s]
[2024-05-05T21:40:44.399+0000] {_node_pool.py:249} WARNING - Node <Urllib3HttpNode(https://dbelk3.afaqy.local:9200)> has failed for 1 times in a row, putting on 1 second timeout
[2024-05-05T21:40:44.399+0000] {_transport.py:427} WARNING - Retrying request after non-successful status 429 (attempt 1 of 3)
[2024-05-05T21:40:44.421+0000] {warnings.py:109} WARNING - /home/***/.local/lib/python3.8/site-packages/urllib3/connectionpool.py:1061: InsecureRequestWarning: Unverified HTTPS request is being made to host 'dbelk1.afaqy.local'. Adding certificate verification is strongly advised. See: https://urllib3.readthedocs.io/en/1.26.x/advanced-usage.html#ssl-warnings
  warnings.warn(

[2024-05-05T21:40:44.583+0000] {_transport.py:335} INFO - PUT https://dbelk1.afaqy.local:9200/units_statistics_***/_bulk [status:200 duration:0.184s]
[2024-05-05T21:40:45.671+0000] {taskinstance.py:2731} ERROR - Task failed with exception
Traceback (most recent call last):
  File "/home/airflow/.local/lib/python3.8/site-packages/airflow/models/taskinstance.py", line 444, in _execute_task
    result = _execute_callable(context=context, **execute_callable_kwargs)
  File "/home/airflow/.local/lib/python3.8/site-packages/airflow/models/taskinstance.py", line 414, in _execute_callable
    return execute_callable(context=context, **execute_callable_kwargs)
  File "/home/airflow/.local/lib/python3.8/site-packages/airflow/decorators/base.py", line 241, in execute
    return_value = super().execute(context)
  File "/home/airflow/.local/lib/python3.8/site-packages/airflow/operators/python.py", line 200, in execute
    return_value = self.execute_callable()
  File "/home/airflow/.local/lib/python3.8/site-packages/airflow/operators/python.py", line 217, in execute_callable
    return self.python_callable(*self.op_args, **self.op_kwargs)
  File "/opt/airflow/dags/Units_dag.py", line 112, in ETL_job
    Elk_client.elk_pushData(Globals.index_name,units_list_update)
  File "/opt/airflow/dags/elk_manager.py", line 69, in elk_pushData
    helpers.bulk(self.elk_client, docs_list, index=index_name, chunk_size=batch)
  File "/home/airflow/.local/lib/python3.8/site-packages/elasticsearch/helpers/actions.py", line 521, in bulk
    for ok, item in streaming_bulk(
  File "/home/airflow/.local/lib/python3.8/site-packages/elasticsearch/helpers/actions.py", line 436, in streaming_bulk
    for data, (ok, info) in zip(
  File "/home/airflow/.local/lib/python3.8/site-packages/elasticsearch/helpers/actions.py", line 355, in _process_bulk_chunk
    yield from gen
  File "/home/airflow/.local/lib/python3.8/site-packages/elasticsearch/helpers/actions.py", line 274, in _process_bulk_chunk_success
    raise BulkIndexError(f"{len(errors)} document(s) failed to index.", errors)
elasticsearch.helpers.BulkIndexError: 10000 document(s) failed to index.
[2024-05-05T21:40:45.696+0000] {taskinstance.py:1149} INFO - Marking task as UP_FOR_RETRY. dag_id=Units_statistics_DAG, task_id=ETL_job, map_index=6, execution_date=20240505T212000, start_date=20240505T214016, end_date=20240505T214045
[2024-05-05T21:40:45.721+0000] {standard_task_runner.py:107} ERROR - Failed to execute job 34081 for task ETL_job (10000 document(s) failed to index.; 791950)
[2024-05-05T21:40:45.872+0000] {local_task_job_runner.py:234} INFO - Task exited with return code 1
[2024-05-05T21:40:45.900+0000] {taskinstance.py:3312} INFO - 0 downstream tasks scheduled from follow-on schedule check
