[2024-04-18T13:49:23.080+0000] {taskinstance.py:1979} INFO - Dependencies all met for dep_context=non-requeueable deps ti=<TaskInstance: Units_statistics_DAG.ETL_job manual__2024-04-18T13:48:58.167161+00:00 map_index=15 [queued]>
[2024-04-18T13:49:23.134+0000] {taskinstance.py:1979} INFO - Dependencies all met for dep_context=requeueable deps ti=<TaskInstance: Units_statistics_DAG.ETL_job manual__2024-04-18T13:48:58.167161+00:00 map_index=15 [queued]>
[2024-04-18T13:49:23.134+0000] {taskinstance.py:2193} INFO - Starting attempt 1 of 4
[2024-04-18T13:49:23.197+0000] {taskinstance.py:2217} INFO - Executing <Mapped(_PythonDecoratedOperator): ETL_job> on 2024-04-18 13:48:58.167161+00:00
[2024-04-18T13:49:23.212+0000] {standard_task_runner.py:60} INFO - Started process 381383 to run task
[2024-04-18T13:49:23.257+0000] {standard_task_runner.py:87} INFO - Running: ['***', 'tasks', 'run', 'Units_statistics_DAG', 'ETL_job', 'manual__2024-04-18T13:48:58.167161+00:00', '--job-id', '7420', '--raw', '--subdir', 'DAGS_FOLDER/Units_dag.py', '--cfg-path', '/tmp/tmpevrmyofk', '--map-index', '15']
[2024-04-18T13:49:23.276+0000] {standard_task_runner.py:88} INFO - Job 7420: Subtask ETL_job
[2024-04-18T13:49:23.612+0000] {task_command.py:423} INFO - Running <TaskInstance: Units_statistics_DAG.ETL_job manual__2024-04-18T13:48:58.167161+00:00 map_index=15 [running]> on host a09da322e808
[2024-04-18T13:49:24.155+0000] {taskinstance.py:2513} INFO - Exporting env vars: AIRFLOW_CTX_DAG_OWNER='abeer-araby' AIRFLOW_CTX_DAG_ID='Units_statistics_DAG' AIRFLOW_CTX_TASK_ID='ETL_job' AIRFLOW_CTX_EXECUTION_DATE='2024-04-18T13:48:58.167161+00:00' AIRFLOW_CTX_TRY_NUMBER='1' AIRFLOW_CTX_DAG_RUN_ID='manual__2024-04-18T13:48:58.167161+00:00'
[2024-04-18T13:49:24.156+0000] {Units_dag.py:99} INFO - i: 150000, chunk: 10000
[2024-04-18T13:49:24.157+0000] {Units_dag.py:100} INFO - child token is::: eyJ0eXAiOiJKV1QiLCJhbGciOiJIUzI1NiJ9.eyJpc3MiOiJodHRwczovL2FwaS5hZmFxeS5zYS9hdXRoL2xvZ2luX2FzIiwiaWF0IjoxNzEzNDQ4MTUyLCJleHAiOjE3MTYwNDAxNTIsIm5iZiI6MTcxMzQ0ODE1MiwianRpIjoiekh4SzJza2ZtOEVUUE9MTCIsInN1YiI6IjVkNjNlNTFlMDNlZDUyOTJhNDJjMjRlNiIsInBydiI6IjI3MGVjZmM3ZWEzZWQ5MzdlYTg0OTM2MmEzYTUwOTEwYzZkOGNlNGYiLCJsb2dpbl9hc19pZCI6IjY1N2YwYWQ3M2Y5NzcyOTVjZjA1NTc2YSJ9.kcYbSYLnamblhfr5PMKQHHdzhphG-4GBtP8YnK9mz6A
[2024-04-18T13:49:54.713+0000] {Units_dag.py:104} INFO - {'_id': '6592c439f27e0f2bb8061721', 'icon': 'icons/icon.png', 'driver_id': '', 'tailer_id': '', 'profile': {'measurement_type': 'count', 'fuel_type': '91', 'year': 0, 'seats': 2}, 'shipment_info': {'product_category': '', 'truck_type': '', 'shipment_type': '', 'shipment_payment_type': '', 'transporter_type': '', 'operating_area': '', 'weight_kilograms_per_day': '', 'kms_per_day': '', 'opening_milage': '', 'shipment_trip_drive_hrs_day': '', 'expected_shipment_trip_day': '', 'car_pay_per_day': '', 'exceeding_temperature_limit_per_day': '', 'temperature_upper_limit': '', 'exceeding_humidity_limit_per_day': '', 'humidity_upper_limit': '', 'allowable_delay_drive_hrs_day': ''}, 'device_password': '***', 'device_type': 'gps', 'gateway': False, 'business_types': {'waste': False, 'transportation': True, 'water': False}, 'name': '7242GER', 'operation_code': None, 'device_gateway': None, 'skip_sim_information': False, 'imei': '866069060812128', 'sim_number': '+966830021043778', 'sim_serial': '8996609821112128087', 'device_serial': '1135936568', 'device': 'teltonika', 'user_id': '631866bf3cdfd0479c43062d', 'created_by': '5e6655bf03ed52e1ab79d301', 'updated_at': '2024-04-18 11:18:59', 'created_at': '2024-01-01 16:55:05', 'custom_fields': [], 'creator': 'amr.ahmed', 'company': '', 'owner': 'dar-almerkaba-admin', 'last_update': {'dtt': 1713448130000, 'dts': 1713448132774, 'spd': 0, 'ang': 163, 'alt': 15, 'chPrams': {'Speed': {'v': 0, 'cdt': 1713432401000}, 'output1': {'v': False, 'cdt': 1713447830000}, 'motion': {'v': False, 'cdt': 1713447830000}, 'ePwrV': {'v': 13.055, 'cdt': 1713448130000}, 'parm24': {'v': 0, 'cdt': 1713432401000}, 'sat': {'v': 15, 'cdt': 1713448130000}, 'ai1': {'v': 174, 'cdt': 1713036349000}, 'priority': {'v': 0, 'cdt': 1713432456000}, 'type': {'v': 6, 'cdt': 1711972732000}, 'di1': {'v': 0, 'cdt': 1713432426000}, 'result': {'v': '5665723a30332e32382e30325f313937204750533a41584e5f352e312e392048773a464d43393230204d6f643a3120494d45493a38363630363930363038313231323820496e69743a323032342d312d33312032303a3820557074696d653a36373033393033204d41433a333838413231393143303034205350433a312830292041584c3a31204f42443a3020424c3a312e31302042543a34', 'cdt': 1713447528000}, 'parm247': {'v': 1, 'cdt': 1711398774091}, 'protocol': {'v': 'FMC920', 'cdt': 1713447830000}, 'iPwrV': {'v': 3.915, 'cdt': 1713437310000}, 'event': {'v': 0, 'cdt': 1713432801000}}, 'prms': {'protocol': 'FMC920', 'priority': 0, 'sat': 15, 'event': 0, 'di1': 0, 'motion': 0, 'output1': 0, 'ePwrV': 13.055, 'Speed': 0, 'parm24': 0, 'iPwrV': 3.915, 'ai1': 174}, 'devPrms': ['Speed', 'output1', 'motion', 'ePwrV', 'parm24', 'sat', 'ai1', 'priority', 'type', 'di1', 'result', 'protocol', 'iPwrV', 'event'], 'old_params': {'protocol': 'FMC920', 'priority': 0, 'sat': 14, 'event': 0, 'di1': 0, 'motion': 0, 'output1': 0, 'ePwrV': 13.054, 'Speed': 0, 'parm24': 0, 'iPwrV': 3.915, 'ai1': 174}, 'vLoc': 1, 'vCon': 1, 'ip': '37.216.67.194', 'rl': 0, 'trl': 10298.1216, 'mdu': 0, 'tmdu': 828476, 'eidl': 0, 'teidl': 574273, 'fc': 0, 'tfc': 2.04798, 'acc': 0, 'accOn': 1833020, 'accOff': 638851472, 'sdu': 300, 'tsdu': 15704, 'lat': 21.6952516, 'lng': 39.1144983}, 'counters': {'engine_hours': 1833020, 'last_acc': 0, 'odometer': 10298.0599, 'engine_hours_type': 'acc', 'odometer_type': 'gps'}, 'is_wasl_connected': 'Not Connected', 'iconUrl': 'https://api.afaqy.sa/images/units/icons/icon.png', 'hasCCTV': False}
[2024-04-18T13:49:55.202+0000] {warnings.py:109} WARNING - /home/***/.local/lib/python3.8/site-packages/elasticsearch/_sync/client/__init__.py:399: SecurityWarning: Connecting to 'https://dbelk2.afaqy.local:9200' using TLS with verify_certs=False is insecure
  _transport = transport_class(

[2024-04-18T13:49:55.247+0000] {warnings.py:109} WARNING - /home/***/.local/lib/python3.8/site-packages/elasticsearch/_sync/client/__init__.py:399: SecurityWarning: Connecting to 'https://dbelk3.afaqy.local:9200' using TLS with verify_certs=False is insecure
  _transport = transport_class(

[2024-04-18T13:49:55.279+0000] {warnings.py:109} WARNING - /home/***/.local/lib/python3.8/site-packages/elasticsearch/_sync/client/__init__.py:399: SecurityWarning: Connecting to 'https://dbelk1.afaqy.local:9200' using TLS with verify_certs=False is insecure
  _transport = transport_class(

[2024-04-18T13:49:55.319+0000] {warnings.py:109} WARNING - /home/***/.local/lib/python3.8/site-packages/urllib3/connectionpool.py:1061: InsecureRequestWarning: Unverified HTTPS request is being made to host 'dbelk2.afaqy.local'. Adding certificate verification is strongly advised. See: https://urllib3.readthedocs.io/en/1.26.x/advanced-usage.html#ssl-warnings
  warnings.warn(

[2024-04-18T13:49:55.386+0000] {_transport.py:335} INFO - GET https://dbelk2.afaqy.local:9200/_cluster/health [status:200 duration:0.105s]
[2024-04-18T13:49:55.904+0000] {warnings.py:109} WARNING - /home/***/.local/lib/python3.8/site-packages/urllib3/connectionpool.py:1061: InsecureRequestWarning: Unverified HTTPS request is being made to host 'dbelk3.afaqy.local'. Adding certificate verification is strongly advised. See: https://urllib3.readthedocs.io/en/1.26.x/advanced-usage.html#ssl-warnings
  warnings.warn(

[2024-04-18T13:49:57.661+0000] {_transport.py:335} INFO - PUT https://dbelk3.afaqy.local:9200/units_statistics_***/_bulk [status:200 duration:1.774s]
[2024-04-18T13:49:58.055+0000] {python.py:202} INFO - Done. Returned value was: None
[2024-04-18T13:49:58.068+0000] {taskinstance.py:1149} INFO - Marking task as SUCCESS. dag_id=Units_statistics_DAG, task_id=ETL_job, map_index=15, execution_date=20240418T134858, start_date=20240418T134923, end_date=20240418T134958
[2024-04-18T13:49:58.124+0000] {local_task_job_runner.py:234} INFO - Task exited with return code 0
[2024-04-18T13:49:58.146+0000] {taskinstance.py:3312} INFO - 0 downstream tasks scheduled from follow-on schedule check
