[2024-04-28T18:03:23.319+0000] {taskinstance.py:1979} INFO - Dependencies all met for dep_context=non-requeueable deps ti=<TaskInstance: Units_statistics_DAG.ETL_job scheduled__2024-04-28T17:40:00+00:00 map_index=15 [queued]>
[2024-04-28T18:03:23.335+0000] {taskinstance.py:1979} INFO - Dependencies all met for dep_context=requeueable deps ti=<TaskInstance: Units_statistics_DAG.ETL_job scheduled__2024-04-28T17:40:00+00:00 map_index=15 [queued]>
[2024-04-28T18:03:23.336+0000] {taskinstance.py:2193} INFO - Starting attempt 3 of 4
[2024-04-28T18:03:23.367+0000] {taskinstance.py:2217} INFO - Executing <Mapped(_PythonDecoratedOperator): ETL_job> on 2024-04-28 17:40:00+00:00
[2024-04-28T18:03:23.374+0000] {standard_task_runner.py:60} INFO - Started process 619914 to run task
[2024-04-28T18:03:23.380+0000] {standard_task_runner.py:87} INFO - Running: ['***', 'tasks', 'run', 'Units_statistics_DAG', 'ETL_job', 'scheduled__2024-04-28T17:40:00+00:00', '--job-id', '21655', '--raw', '--subdir', 'DAGS_FOLDER/Units_dag.py', '--cfg-path', '/tmp/tmp9h_otv8y', '--map-index', '15']
[2024-04-28T18:03:23.382+0000] {standard_task_runner.py:88} INFO - Job 21655: Subtask ETL_job
[2024-04-28T18:03:23.489+0000] {task_command.py:423} INFO - Running <TaskInstance: Units_statistics_DAG.ETL_job scheduled__2024-04-28T17:40:00+00:00 map_index=15 [running]> on host a09da322e808
[2024-04-28T18:03:23.675+0000] {taskinstance.py:2513} INFO - Exporting env vars: AIRFLOW_CTX_DAG_OWNER='abeer-araby' AIRFLOW_CTX_DAG_ID='Units_statistics_DAG' AIRFLOW_CTX_TASK_ID='ETL_job' AIRFLOW_CTX_EXECUTION_DATE='2024-04-28T17:40:00+00:00' AIRFLOW_CTX_TRY_NUMBER='3' AIRFLOW_CTX_DAG_RUN_ID='scheduled__2024-04-28T17:40:00+00:00'
[2024-04-28T18:03:23.676+0000] {Units_dag.py:99} INFO - i: 150000, chunk: 10000
[2024-04-28T18:03:23.677+0000] {Units_dag.py:100} INFO - child token is::: eyJ0eXAiOiJKV1QiLCJhbGciOiJIUzI1NiJ9.eyJpc3MiOiJodHRwczovL2FwaS5hZmFxeS5zYS9hdXRoL2xvZ2luX2FzIiwiaWF0IjoxNzE0MzI3MjA0LCJleHAiOjE3MTY5MTkyMDQsIm5iZiI6MTcxNDMyNzIwNCwianRpIjoiVEtMVER0eXZBVWFTVkNEeCIsInN1YiI6IjVkNjNlNTFlMDNlZDUyOTJhNDJjMjRlNiIsInBydiI6IjI3MGVjZmM3ZWEzZWQ5MzdlYTg0OTM2MmEzYTUwOTEwYzZkOGNlNGYiLCJsb2dpbl9hc19pZCI6IjY1N2YwYWQ3M2Y5NzcyOTVjZjA1NTc2YSJ9.bU2ETTOxuzyeLXiR3_GHnQizq-ZIRSX3AJ62IA58YHI
[2024-04-28T18:03:45.407+0000] {Units_dag.py:104} INFO - {'_id': '659565624344a1feb60f3bbd', 'icon': 'icons/icon.png', 'driver_id': '', 'tailer_id': '', 'profile': {'vehicle_type': 'Accent GL 1.5', 'measurement_type': 'count', 'max_capacity': 0, 'vin': '', 'plate_number': '', 'start_operation': '', 'contract_milage': '', 'opening_milage': '', 'model': '', 'fuel_type': '91', 'year': 0, 'seats': 2}, 'shipment_info': {'product_category': None, 'truck_type': None, 'shipment_type': None, 'shipment_payment_type': None, 'transporter_type': None, 'operating_area': None, 'weight_kilograms_per_day': None, 'kms_per_day': None, 'shipment_trip_drive_hrs_day': None, 'allowable_delay_drive_hrs_day': None, 'expected_shipment_trip_day': None, 'car_pay_per_day': None, 'exceeding_temperature_limit_per_day': None, 'temperature_upper_limit': None, 'exceeding_humidity_limit_per_day': None, 'humidity_upper_limit': None}, 'device_password': '***', 'device_type': 'gps', 'gateway': False, 'business_types': {'waste': False, 'transportation': True, 'water': False}, 'name': '3307KER', 'operation_code': '', 'device_gateway': '', 'skip_sim_information': False, 'imei': '863740067589025', 'sim_number': '+966830020196901', 'sim_serial': '8996609821112133808', 'device_serial': '863740067589025', 'device': 'bceIotm', 'user_id': '5e68ea7a03ed528a611e0f38', 'created_by': '5e6655bf03ed52e1ab79d301', 'updated_at': '2024-04-18 11:18:59', 'created_at': '2024-01-03 16:47:14', 'cctv': {'dvr_id': '', 'channels': 1}, 'custom_fields': [], 'creator': 'amr.ahmed', 'company': '', 'owner': 'shift_co', 'last_update': {'dtt': 1714327385000, 'dts': 1714327395272, 'spd': 21, 'ang': 60, 'alt': 588, 'chPrams': {'acc': {'v': 1, 'cdt': 1714327340000}, 'sensor_150': {'v': 0, 'cdt': 1712217010000}, 'sensor_8192': {'v': 21, 'cdt': 1714327385000}, 'sensor_16386': {'v': 0, 'cdt': 1712225223000}, 'fw_name': {'v': 'Q92_0B_128_2374_4', 'cdt': 1712067291000}, 'sensor_16385': {'v': 0, 'cdt': 1712225223000}, 'ePwrV': {'v': 13137, 'cdt': 1714327385000}, 'sensor_8197': {'v': 67, 'cdt': 1714327382000}, 'sensor_8199': {'v': 39, 'cdt': 1714327384000}, 'sensor_16387': {'v': 3082280, 'cdt': 1714327384000}, 'sensor_8193': {'v': 12, 'cdt': 1714323189000}, 'sensor_153': {'v': 0, 'cdt': 1704453366000}, 'war_id': {'v': 0, 'cdt': 1714326442000}, 'sensor_12300': {'v': 12696, 'cdt': 1714327385000}, 'sensor_12289': {'v': 13221, 'cdt': 1714327385000}, 'sensor_152': {'v': 0, 'cdt': 1714326618000}, 'protocol': {'v': 'MQTT', 'cdt': 1714254895000}, 'sensor_98': {'v': 0, 'cdt': 1712217010000}, 'sensor_99': {'v': 0, 'cdt': 1712217010000}, 'sensor_2': {'v': 1, 'cdt': 1714327356000}, 'sensor_16': {'v': 0, 'cdt': 1712217010000}, 'sensor_17': {'v': 0, 'cdt': 1712232175000}, 'sensor_18': {'v': 0, 'cdt': 1712217010000}, 'sensor_12290': {'v': 103, 'cdt': 1714327385000}, 'sensor_45058': {'v': 15475238.402937263, 'cdt': 1714327385000}, 'sensor_12292': {'v': 4032, 'cdt': 1714327384000}, 'spd': {'v': 21, 'cdt': 1714327385000}, 'sensor_12291': {'v': 28, 'cdt': 1714326738000}, 'sat': {'v': 12, 'cdt': 1714312684000}, 'fun_id': {'v': 182, 'cdt': 1714326442000}, 'sensor_8200': {'v': 133, 'cdt': 1714327384000}, 'sensor_101': {'v': 0, 'cdt': 1712217010000}, 'sensor_100': {'v': 0, 'cdt': 1712217010000}, 'hdop': {'v': 8, 'cdt': 1714327385000}, 'sensor_12299': {'v': 341, 'cdt': 1714327385000}, 'sensor_12317': {'v': 0, 'cdt': 1712225223000}, 'sensor_105': {'v': 0, 'cdt': 1712225223000}, 'sensor_149': {'v': 0, 'cdt': 1712248298000}, 'sensor_148': {'v': 1, 'cdt': 1712232175000}, 'sensor_49156': {'v': 'script1', 'cdt': 1713785720000}, 'sensor_40987': {'v': 0, 'cdt': 1712225223000}, 'sensor_40961': {'v': 0.12635385990142822, 'cdt': 1714327385000}}, 'prms': {'sensor_45058': 15475238.402937263, 'sensor_12299': 341, 'ePwrV': 13137, 'sensor_12292': 4032, 'sensor_16387': 3082280, 'sensor_16385': 0, 'sensor_16386': 0, 'sensor_12317': 0, 'sensor_12300': 12696, 'sensor_40961': 0.12635385990142822, 'sensor_40987': 0, 'sensor_12289': 13221, 'sensor_12290': 103, 'sensor_12291': 28, 'spd': 21, 'hdop': 8, 'sat': 12, 'sensor_8192': 21, 'acc': 1, 'sensor_8193': 12, 'sensor_8197': 67, 'sensor_2': 1, 'sensor_148': 1, 'sensor_8200': 133, 'sensor_16': 0, 'sensor_17': 0, 'sensor_18': 0, 'sensor_8199': 39, 'sensor_105': 0, 'sensor_152': 0, 'sensor_153': 0, 'sensor_98': 0, 'sensor_99': 0, 'sensor_100': 0, 'sensor_101': 0, 'sensor_149': 0, 'sensor_150': 0, 'protocol': 'MQTT'}, 'devPrms': ['sensor_45058', 'sensor_12299', 'ePwrV', 'sensor_12292', 'sensor_12289', 'sensor_12290', 'sensor_12291', 'spd', 'hdop', 'sat', 'sensor_8192', 'acc', 'sensor_8197', 'sensor_2', 'sensor_148', 'sensor_16', 'sensor_17', 'sensor_18', 'sensor_98', 'sensor_99', 'sensor_100', 'sensor_101', 'sensor_149', 'sensor_150', 'protocol', 'sensor_16387', 'sensor_16385', 'sensor_16386', 'sensor_12317', 'sensor_12300', 'sensor_40961', 'sensor_40987', 'sensor_8193', 'sensor_8200', 'sensor_8199', 'sensor_105', 'sensor_152', 'sensor_153', 'fun_id', 'war_id', 'fw_name'], 'old_params': {'sensor_45058': 15475232.860599369, 'sensor_12299': 356, 'ePwrV': 13185, 'sensor_12292': 4032, 'sensor_16387': 3082280, 'sensor_16385': 0, 'sensor_16386': 0, 'sensor_12317': 0, 'sensor_12300': 15524, 'sensor_40961': 0.11307278275489807, 'sensor_40987': 0, 'sensor_12289': 13137, 'sensor_12290': 112, 'sensor_12291': 28, 'spd': 17, 'hdop': 7, 'sat': 12, 'sensor_8192': 17, 'acc': 1, 'sensor_8193': 12, 'sensor_8197': 67, 'sensor_2': 1, 'sensor_148': 1, 'sensor_8200': 133, 'sensor_16': 0, 'sensor_17': 0, 'sensor_18': 0, 'sensor_8199': 39, 'sensor_105': 0, 'sensor_152': 0, 'sensor_153': 0, 'sensor_98': 0, 'sensor_99': 0, 'sensor_100': 0, 'sensor_101': 0, 'sensor_149': 0, 'sensor_150': 0, 'protocol': 'MQTT'}, 'vLoc': 1, 'vCon': 1, 'ip': '109.83.16.3', 'rl': 0.0047, 'trl': 15146.2216, 'mdu': 1, 'tmdu': 1123560, 'eidl': 0, 'teidl': 517912, 'fc': 0.000564, 'tfc': 5.245476, 'acc': 1, 'accOn': 2382666, 'accOff': 8335069, 'sdu': 0, 'tsdu': 0, 'lat': 24.561948776245117, 'lng': 46.807918548583984}, 'counters': {'engine_hours': 2382666, 'last_acc': 1, 'odometer': 15146.2136, 'engine_hours_type': '', 'odometer_type': ''}, 'is_wasl_connected': 'Not Connected', 'iconUrl': 'https://api.afaqy.sa/images/units/icons/icon.png', 'hasCCTV': False}
[2024-04-28T18:03:46.992+0000] {warnings.py:109} WARNING - /home/***/.local/lib/python3.8/site-packages/elasticsearch/_sync/client/__init__.py:399: SecurityWarning: Connecting to 'https://dbelk3.afaqy.local:9200' using TLS with verify_certs=False is insecure
  _transport = transport_class(

[2024-04-28T18:03:47.084+0000] {warnings.py:109} WARNING - /home/***/.local/lib/python3.8/site-packages/elasticsearch/_sync/client/__init__.py:399: SecurityWarning: Connecting to 'https://dbelk1.afaqy.local:9200' using TLS with verify_certs=False is insecure
  _transport = transport_class(

[2024-04-28T18:03:47.130+0000] {warnings.py:109} WARNING - /home/***/.local/lib/python3.8/site-packages/elasticsearch/_sync/client/__init__.py:399: SecurityWarning: Connecting to 'https://dbelk2.afaqy.local:9200' using TLS with verify_certs=False is insecure
  _transport = transport_class(

[2024-04-28T18:03:47.151+0000] {warnings.py:109} WARNING - /home/***/.local/lib/python3.8/site-packages/urllib3/connectionpool.py:1061: InsecureRequestWarning: Unverified HTTPS request is being made to host 'dbelk3.afaqy.local'. Adding certificate verification is strongly advised. See: https://urllib3.readthedocs.io/en/1.26.x/advanced-usage.html#ssl-warnings
  warnings.warn(

[2024-04-28T18:03:47.232+0000] {_transport.py:335} INFO - GET https://dbelk3.afaqy.local:9200/_cluster/health [status:200 duration:0.100s]
[2024-04-28T18:03:47.772+0000] {warnings.py:109} WARNING - /home/***/.local/lib/python3.8/site-packages/urllib3/connectionpool.py:1061: InsecureRequestWarning: Unverified HTTPS request is being made to host 'dbelk1.afaqy.local'. Adding certificate verification is strongly advised. See: https://urllib3.readthedocs.io/en/1.26.x/advanced-usage.html#ssl-warnings
  warnings.warn(

[2024-04-28T18:03:49.453+0000] {_transport.py:335} INFO - PUT https://dbelk1.afaqy.local:9200/units_statistics_***/_bulk [status:200 duration:1.713s]
[2024-04-28T18:03:49.756+0000] {taskinstance.py:2731} ERROR - Task failed with exception
Traceback (most recent call last):
  File "/home/airflow/.local/lib/python3.8/site-packages/airflow/models/taskinstance.py", line 444, in _execute_task
    result = _execute_callable(context=context, **execute_callable_kwargs)
  File "/home/airflow/.local/lib/python3.8/site-packages/airflow/models/taskinstance.py", line 414, in _execute_callable
    return execute_callable(context=context, **execute_callable_kwargs)
  File "/home/airflow/.local/lib/python3.8/site-packages/airflow/decorators/base.py", line 241, in execute
    return_value = super().execute(context)
  File "/home/airflow/.local/lib/python3.8/site-packages/airflow/operators/python.py", line 200, in execute
    return_value = self.execute_callable()
  File "/home/airflow/.local/lib/python3.8/site-packages/airflow/operators/python.py", line 217, in execute_callable
    return self.python_callable(*self.op_args, **self.op_kwargs)
  File "/opt/airflow/dags/Units_dag.py", line 112, in ETL_job
    Elk_client.elk_pushData(Globals.index_name,units_list_update)
  File "/opt/airflow/dags/elk_manager.py", line 69, in elk_pushData
    helpers.bulk(self.elk_client, docs_list, index=index_name, chunk_size=batch)
  File "/home/airflow/.local/lib/python3.8/site-packages/elasticsearch/helpers/actions.py", line 521, in bulk
    for ok, item in streaming_bulk(
  File "/home/airflow/.local/lib/python3.8/site-packages/elasticsearch/helpers/actions.py", line 436, in streaming_bulk
    for data, (ok, info) in zip(
  File "/home/airflow/.local/lib/python3.8/site-packages/elasticsearch/helpers/actions.py", line 355, in _process_bulk_chunk
    yield from gen
  File "/home/airflow/.local/lib/python3.8/site-packages/elasticsearch/helpers/actions.py", line 274, in _process_bulk_chunk_success
    raise BulkIndexError(f"{len(errors)} document(s) failed to index.", errors)
elasticsearch.helpers.BulkIndexError: 745 document(s) failed to index.
[2024-04-28T18:03:49.777+0000] {taskinstance.py:1149} INFO - Marking task as UP_FOR_RETRY. dag_id=Units_statistics_DAG, task_id=ETL_job, map_index=15, execution_date=20240428T174000, start_date=20240428T180323, end_date=20240428T180349
[2024-04-28T18:03:49.796+0000] {standard_task_runner.py:107} ERROR - Failed to execute job 21655 for task ETL_job (745 document(s) failed to index.; 619914)
[2024-04-28T18:03:49.840+0000] {local_task_job_runner.py:234} INFO - Task exited with return code 1
[2024-04-28T18:03:49.866+0000] {taskinstance.py:3312} INFO - 0 downstream tasks scheduled from follow-on schedule check
