[2024-05-07T10:57:39.950+0000] {taskinstance.py:1979} INFO - Dependencies all met for dep_context=non-requeueable deps ti=<TaskInstance: AVL_DAG.get_units_from_APi.login_to_child manual__2024-05-07T10:23:42.760043+00:00 [queued]>
[2024-05-07T10:57:39.963+0000] {taskinstance.py:1979} INFO - Dependencies all met for dep_context=requeueable deps ti=<TaskInstance: AVL_DAG.get_units_from_APi.login_to_child manual__2024-05-07T10:23:42.760043+00:00 [queued]>
[2024-05-07T10:57:39.964+0000] {taskinstance.py:2193} INFO - Starting attempt 2 of 2
[2024-05-07T10:57:39.980+0000] {taskinstance.py:2217} INFO - Executing <Task(PythonOperator): get_units_from_APi.login_to_child> on 2024-05-07 10:23:42.760043+00:00
[2024-05-07T10:57:39.986+0000] {standard_task_runner.py:60} INFO - Started process 832047 to run task
[2024-05-07T10:57:39.992+0000] {standard_task_runner.py:87} INFO - Running: ['***', 'tasks', 'run', 'AVL_DAG', 'get_units_from_APi.login_to_child', 'manual__2024-05-07T10:23:42.760043+00:00', '--job-id', '38140', '--raw', '--subdir', 'DAGS_FOLDER/Avl_dag.py', '--cfg-path', '/tmp/tmpyfful4yx']
[2024-05-07T10:57:39.994+0000] {standard_task_runner.py:88} INFO - Job 38140: Subtask get_units_from_APi.login_to_child
[2024-05-07T10:57:40.094+0000] {task_command.py:423} INFO - Running <TaskInstance: AVL_DAG.get_units_from_APi.login_to_child manual__2024-05-07T10:23:42.760043+00:00 [running]> on host a09da322e808
[2024-05-07T10:57:40.241+0000] {taskinstance.py:2513} INFO - Exporting env vars: AIRFLOW_CTX_DAG_OWNER='abeer-araby' AIRFLOW_CTX_DAG_ID='AVL_DAG' AIRFLOW_CTX_TASK_ID='get_units_from_APi.login_to_child' AIRFLOW_CTX_EXECUTION_DATE='2024-05-07T10:23:42.760043+00:00' AIRFLOW_CTX_TRY_NUMBER='2' AIRFLOW_CTX_DAG_RUN_ID='manual__2024-05-07T10:23:42.760043+00:00'
[2024-05-07T10:57:40.259+0000] {taskinstance.py:2731} ERROR - Task failed with exception
Traceback (most recent call last):
  File "/home/airflow/.local/lib/python3.8/site-packages/airflow/models/taskinstance.py", line 444, in _execute_task
    result = _execute_callable(context=context, **execute_callable_kwargs)
  File "/home/airflow/.local/lib/python3.8/site-packages/airflow/models/taskinstance.py", line 414, in _execute_callable
    return execute_callable(context=context, **execute_callable_kwargs)
  File "/home/airflow/.local/lib/python3.8/site-packages/airflow/operators/python.py", line 200, in execute
    return_value = self.execute_callable()
  File "/home/airflow/.local/lib/python3.8/site-packages/airflow/operators/python.py", line 217, in execute_callable
    return self.python_callable(*self.op_args, **self.op_kwargs)
  File "/opt/airflow/dags/avl_pipeline/groups/apis_group.py", line 28, in login_child
    response = _ApiCaller.post(Globals.api_endpoint + "auth/login_as?token=" + parent_token, data_payload)
TypeError: can only concatenate str (not "NoneType") to str
[2024-05-07T10:57:40.271+0000] {taskinstance.py:1149} INFO - Marking task as FAILED. dag_id=AVL_DAG, task_id=get_units_from_APi.login_to_child, execution_date=20240507T102342, start_date=20240507T105739, end_date=20240507T105740
[2024-05-07T10:57:40.287+0000] {standard_task_runner.py:107} ERROR - Failed to execute job 38140 for task get_units_from_APi.login_to_child (can only concatenate str (not "NoneType") to str; 832047)
[2024-05-07T10:57:40.296+0000] {local_task_job_runner.py:234} INFO - Task exited with return code 1
[2024-05-07T10:57:40.338+0000] {taskinstance.py:3312} INFO - 0 downstream tasks scheduled from follow-on schedule check
