[2024-05-07T20:40:37.436+0000] {taskinstance.py:1979} INFO - Dependencies all met for dep_context=non-requeueable deps ti=<TaskInstance: Units_statistics_DAG.ETL_job scheduled__2024-05-07T20:20:00+00:00 map_index=17 [queued]>
[2024-05-07T20:40:37.487+0000] {taskinstance.py:1979} INFO - Dependencies all met for dep_context=requeueable deps ti=<TaskInstance: Units_statistics_DAG.ETL_job scheduled__2024-05-07T20:20:00+00:00 map_index=17 [queued]>
[2024-05-07T20:40:37.487+0000] {taskinstance.py:2193} INFO - Starting attempt 1 of 4
[2024-05-07T20:40:37.509+0000] {taskinstance.py:2217} INFO - Executing <Mapped(_PythonDecoratedOperator): ETL_job> on 2024-05-07 20:20:00+00:00
[2024-05-07T20:40:37.516+0000] {standard_task_runner.py:60} INFO - Started process 843618 to run task
[2024-05-07T20:40:37.544+0000] {standard_task_runner.py:87} INFO - Running: ['***', 'tasks', 'run', 'Units_statistics_DAG', 'ETL_job', 'scheduled__2024-05-07T20:20:00+00:00', '--job-id', '39768', '--raw', '--subdir', 'DAGS_FOLDER/Units_dag.py', '--cfg-path', '/tmp/tmpkqpp3m23', '--map-index', '17']
[2024-05-07T20:40:37.547+0000] {standard_task_runner.py:88} INFO - Job 39768: Subtask ETL_job
[2024-05-07T20:40:37.708+0000] {task_command.py:423} INFO - Running <TaskInstance: Units_statistics_DAG.ETL_job scheduled__2024-05-07T20:20:00+00:00 map_index=17 [running]> on host a09da322e808
[2024-05-07T20:40:38.102+0000] {taskinstance.py:2513} INFO - Exporting env vars: AIRFLOW_CTX_DAG_OWNER='abeer-araby' AIRFLOW_CTX_DAG_ID='Units_statistics_DAG' AIRFLOW_CTX_TASK_ID='ETL_job' AIRFLOW_CTX_EXECUTION_DATE='2024-05-07T20:20:00+00:00' AIRFLOW_CTX_TRY_NUMBER='1' AIRFLOW_CTX_DAG_RUN_ID='scheduled__2024-05-07T20:20:00+00:00'
[2024-05-07T20:40:38.109+0000] {Units_dag.py:98} INFO - i: 170000, chunk: 963
[2024-05-07T20:40:38.110+0000] {Units_dag.py:99} INFO - child token is::: eyJ0eXAiOiJKV1QiLCJhbGciOiJIUzI1NiJ9.eyJpc3MiOiJodHRwczovL2FwaS5hZmFxeS5zYS9hdXRoL2xvZ2luX2FzIiwiaWF0IjoxNzE1MTE0NDA0LCJleHAiOjE3MTc3MDY0MDQsIm5iZiI6MTcxNTExNDQwNCwianRpIjoiVXJNbktoZXplaE4xTHZFQiIsInN1YiI6IjVkNjNlNTFlMDNlZDUyOTJhNDJjMjRlNiIsInBydiI6IjI3MGVjZmM3ZWEzZWQ5MzdlYTg0OTM2MmEzYTUwOTEwYzZkOGNlNGYiLCJsb2dpbl9hc19pZCI6IjY1N2YwYWQ3M2Y5NzcyOTVjZjA1NTc2YSJ9.4hvSlBzJfM43kL7xfQ5uaEFSlnkv2eK8qCDoZCtYpDk
[2024-05-07T20:40:41.924+0000] {Units_dag.py:103} INFO - {'_id': '66378bc9bdbb71ee2701e8fb', 'icon': 'icons/icon.png', 'driver_id': '', 'tailer_id': '', 'profile': {'measurement_type': 'count', 'fuel_type': '91', 'year': 0, 'seats': 2}, 'shipment_info': {'product_category': None, 'truck_type': None, 'shipment_type': None, 'shipment_payment_type': None, 'transporter_type': None, 'operating_area': None, 'weight_kilograms_per_day': None, 'kms_per_day': None, 'opening_milage': None, 'shipment_trip_drive_hrs_day': None, 'expected_shipment_trip_day': None, 'car_pay_per_day': None, 'exceeding_temperature_limit_per_day': None, 'temperature_upper_limit': None, 'exceeding_humidity_limit_per_day': None, 'humidity_upper_limit': None, 'allowable_delay_drive_hrs_day': None}, 'device_password': '***', 'device_type': 'gps', 'gateway': False, 'business_types': {'waste': False, 'transportation': True, 'water': False}, 'name': '7420', 'operation_code': '7420', 'device_gateway': None, 'skip_sim_information': False, 'custom_fields': [], 'imei': '867969066774629', 'sim_number': '+966830031914424', 'sim_serial': '421296760568', 'device_serial': '867969066774629', 'device': 'bceIotm', 'user_id': '6256d4e967d2c22af43a0b33', 'created_by': '5e6655bf03ed52e1ab79d301', 'updated_at': '2024-05-07 13:01:00', 'created_at': '2024-05-05 16:38:17', 'creator': 'amr.ahmed', 'company': 'شركة ناصر عبدالله أبو سرهد وشركاه المحدودة', 'owner': 'abusarhad-hajj', 'last_update': {'dtt': 1715114150000, 'dts': 1715114153499, 'spd': 0, 'ang': 82, 'alt': 89, 'chPrams': {'acc': {'v': 0, 'cdt': 1715003450000}, 'sensor_8192': {'v': 0, 'cdt': 1714991466000}, 'sensor_16386': {'v': 0, 'cdt': 1715001422000}, 'fw_name': {'v': 'QF0_01_128', 'cdt': 1714991500000}, 'sensor_16385': {'v': 0, 'cdt': 1715001422000}, 'ePwrV': {'v': 25595, 'cdt': 1715114150000}, 'sensor_8197': {'v': 79, 'cdt': 1715113250000}, 'sensor_8199': {'v': 0, 'cdt': 1715001422000}, 'sensor_153': {'v': 0, 'cdt': 1714991466000}, 'sensor_16387': {'v': 0, 'cdt': 1715001422000}, 'sensor_8193': {'v': 15, 'cdt': 1715003402000}, 'sensor_152': {'v': 0, 'cdt': 1714991466000}, 'war_id': {'v': 145, 'cdt': 1715072775000}, 'sensor_12300': {'v': 0, 'cdt': 1715001422000}, 'sensor_12289': {'v': 37, 'cdt': 1715114150000}, 'protocol': {'v': 'MQTT', 'cdt': 1714991466000}, 'sensor_2': {'v': 0, 'cdt': 1714991466000}, 'sensor_16': {'v': 0, 'cdt': 1715001422000}, 'sensor_17': {'v': 0, 'cdt': 1715001422000}, 'sensor_18': {'v': 0, 'cdt': 1715001422000}, 'sensor_12290': {'v': 18, 'cdt': 1715112650000}, 'sensor_45058': {'v': 0, 'cdt': 1714991466000}, 'sensor_12292': {'v': 4065, 'cdt': 1715113850000}, 'spd': {'v': 0, 'cdt': 1714991466000}, 'sat': {'v': 14, 'cdt': 1715114150000}, 'sensor_12291': {'v': 28, 'cdt': 1715113850000}, 'fun_id': {'v': 0, 'cdt': 1715072775000}, 'sensor_8200': {'v': 0, 'cdt': 1715001422000}, 'hdop': {'v': 7, 'cdt': 1715114150000}, 'sensor_12299': {'v': 116, 'cdt': 1715010650000}, 'sensor_105': {'v': 0, 'cdt': 1714991466000}, 'sensor_148': {'v': 0, 'cdt': 1714991466000}, 'sensor_40961': {'v': 0, 'cdt': 1715001422000}}, 'prms': {'sensor_45058': 0, 'sensor_12299': 116, 'ePwrV': 25595, 'sensor_12292': 4065, 'sensor_16387': 0, 'sensor_16385': 0, 'sensor_16386': 0, 'sensor_40961': 0, 'sensor_12300': 0, 'sensor_12289': 37, 'sensor_12290': 18, 'sensor_12291': 28, 'sensor_8192': 0, 'spd': 0, 'hdop': 7, 'sat': 14, 'acc': 0, 'sensor_8197': 79, 'sensor_2': 0, 'sensor_148': 0, 'sensor_8199': 0, 'sensor_8200': 0, 'sensor_16': 0, 'sensor_17': 0, 'sensor_18': 0, 'sensor_105': 0, 'sensor_152': 0, 'sensor_153': 0, 'protocol': 'MQTT'}, 'devPrms': ['sensor_45058', 'sensor_12299', 'ePwrV', 'sensor_12292', 'sensor_16387', 'sensor_16385', 'sensor_16386', 'sensor_40961', 'sensor_12300', 'sensor_12289', 'sensor_12290', 'sensor_12291', 'sensor_8192', 'spd', 'hdop', 'sat', 'acc', 'sensor_8197', 'sensor_2', 'sensor_148', 'sensor_8199', 'sensor_8200', 'sensor_16', 'sensor_17', 'sensor_18', 'sensor_105', 'sensor_152', 'sensor_153', 'protocol'], 'old_params': {'sensor_45058': 0, 'sensor_12299': 116, 'ePwrV': 25587, 'sensor_12292': 4065, 'sensor_16387': 0, 'sensor_16385': 0, 'sensor_16386': 0, 'sensor_40961': 0, 'sensor_12300': 0, 'sensor_12289': 56, 'sensor_12290': 18, 'sensor_12291': 28, 'sensor_8192': 0, 'spd': 0, 'hdop': 8, 'sat': 13, 'acc': 0, 'sensor_8197': 79, 'sensor_2': 0, 'sensor_148': 0, 'sensor_8199': 0, 'sensor_8200': 0, 'sensor_16': 0, 'sensor_17': 0, 'sensor_18': 0, 'sensor_105': 0, 'sensor_152': 0, 'sensor_153': 0, 'protocol': 'MQTT'}, 'vLoc': 1, 'vCon': 1, 'ip': '51.39.5.93', 'rl': 0, 'trl': 0, 'mdu': 0, 'tmdu': 0, 'eidl': 0, 'teidl': 12684, 'fc': 0, 'tfc': 0, 'acc': 0, 'accOn': 12636, 'accOff': 112716, 'sdu': 300, 'tsdu': 112677, 'lat': 21.43915367126465, 'lng': 39.53898620605469}, 'counters': {'engine_hours': 12636, 'last_acc': 0, 'odometer': 0, 'engine_hours_type': 'acc', 'odometer_type': 'gps'}, 'is_wasl_connected': 'Connected', 'iconUrl': 'https://api.afaqy.sa/images/units/icons/icon.png', 'hasCCTV': False}
[2024-05-07T20:40:43.718+0000] {warnings.py:109} WARNING - /home/***/.local/lib/python3.8/site-packages/elasticsearch/_sync/client/__init__.py:399: SecurityWarning: Connecting to 'https://dbelk2.afaqy.local:9200' using TLS with verify_certs=False is insecure
  _transport = transport_class(

[2024-05-07T20:40:43.785+0000] {warnings.py:109} WARNING - /home/***/.local/lib/python3.8/site-packages/elasticsearch/_sync/client/__init__.py:399: SecurityWarning: Connecting to 'https://dbelk3.afaqy.local:9200' using TLS with verify_certs=False is insecure
  _transport = transport_class(

[2024-05-07T20:40:43.910+0000] {warnings.py:109} WARNING - /home/***/.local/lib/python3.8/site-packages/elasticsearch/_sync/client/__init__.py:399: SecurityWarning: Connecting to 'https://dbelk1.afaqy.local:9200' using TLS with verify_certs=False is insecure
  _transport = transport_class(

[2024-05-07T20:40:43.931+0000] {warnings.py:109} WARNING - /home/***/.local/lib/python3.8/site-packages/urllib3/connectionpool.py:1061: InsecureRequestWarning: Unverified HTTPS request is being made to host 'dbelk2.afaqy.local'. Adding certificate verification is strongly advised. See: https://urllib3.readthedocs.io/en/1.26.x/advanced-usage.html#ssl-warnings
  warnings.warn(

[2024-05-07T20:40:44.006+0000] {_transport.py:335} INFO - GET https://dbelk2.afaqy.local:9200/_cluster/health [status:200 duration:0.093s]
[2024-05-07T20:40:44.076+0000] {warnings.py:109} WARNING - /home/***/.local/lib/python3.8/site-packages/urllib3/connectionpool.py:1061: InsecureRequestWarning: Unverified HTTPS request is being made to host 'dbelk3.afaqy.local'. Adding certificate verification is strongly advised. See: https://urllib3.readthedocs.io/en/1.26.x/advanced-usage.html#ssl-warnings
  warnings.warn(

[2024-05-07T20:40:44.079+0000] {_transport.py:335} INFO - PUT https://dbelk3.afaqy.local:9200/units_statistics_***/_bulk [status:429 duration:0.030s]
[2024-05-07T20:40:44.079+0000] {_node_pool.py:249} WARNING - Node <Urllib3HttpNode(https://dbelk3.afaqy.local:9200)> has failed for 1 times in a row, putting on 1 second timeout
[2024-05-07T20:40:44.080+0000] {_transport.py:427} WARNING - Retrying request after non-successful status 429 (attempt 0 of 3)
[2024-05-07T20:40:44.080+0000] {warnings.py:109} WARNING - /home/***/.local/lib/python3.8/site-packages/urllib3/connectionpool.py:1061: InsecureRequestWarning: Unverified HTTPS request is being made to host 'dbelk2.afaqy.local'. Adding certificate verification is strongly advised. See: https://urllib3.readthedocs.io/en/1.26.x/advanced-usage.html#ssl-warnings
  warnings.warn(

[2024-05-07T20:40:44.083+0000] {_transport.py:335} INFO - PUT https://dbelk2.afaqy.local:9200/units_statistics_***/_bulk [status:429 duration:0.003s]
[2024-05-07T20:40:44.083+0000] {_node_pool.py:249} WARNING - Node <Urllib3HttpNode(https://dbelk2.afaqy.local:9200)> has failed for 1 times in a row, putting on 1 second timeout
[2024-05-07T20:40:44.083+0000] {_transport.py:427} WARNING - Retrying request after non-successful status 429 (attempt 1 of 3)
[2024-05-07T20:40:44.101+0000] {warnings.py:109} WARNING - /home/***/.local/lib/python3.8/site-packages/urllib3/connectionpool.py:1061: InsecureRequestWarning: Unverified HTTPS request is being made to host 'dbelk1.afaqy.local'. Adding certificate verification is strongly advised. See: https://urllib3.readthedocs.io/en/1.26.x/advanced-usage.html#ssl-warnings
  warnings.warn(

[2024-05-07T20:40:44.121+0000] {_transport.py:335} INFO - PUT https://dbelk1.afaqy.local:9200/units_statistics_***/_bulk [status:200 duration:0.037s]
[2024-05-07T20:40:44.129+0000] {taskinstance.py:2731} ERROR - Task failed with exception
Traceback (most recent call last):
  File "/home/airflow/.local/lib/python3.8/site-packages/airflow/models/taskinstance.py", line 444, in _execute_task
    result = _execute_callable(context=context, **execute_callable_kwargs)
  File "/home/airflow/.local/lib/python3.8/site-packages/airflow/models/taskinstance.py", line 414, in _execute_callable
    return execute_callable(context=context, **execute_callable_kwargs)
  File "/home/airflow/.local/lib/python3.8/site-packages/airflow/decorators/base.py", line 241, in execute
    return_value = super().execute(context)
  File "/home/airflow/.local/lib/python3.8/site-packages/airflow/operators/python.py", line 200, in execute
    return_value = self.execute_callable()
  File "/home/airflow/.local/lib/python3.8/site-packages/airflow/operators/python.py", line 217, in execute_callable
    return self.python_callable(*self.op_args, **self.op_kwargs)
  File "/opt/airflow/dags/Units_dag.py", line 111, in ETL_job
    Elk_client.elk_pushData(Globals.index_name,units_list_update)
  File "/opt/airflow/dags/units_statistics/elk_manager.py", line 69, in elk_pushData
    helpers.bulk(self.elk_client, docs_list, index=index_name, chunk_size=batch)
  File "/home/airflow/.local/lib/python3.8/site-packages/elasticsearch/helpers/actions.py", line 521, in bulk
    for ok, item in streaming_bulk(
  File "/home/airflow/.local/lib/python3.8/site-packages/elasticsearch/helpers/actions.py", line 436, in streaming_bulk
    for data, (ok, info) in zip(
  File "/home/airflow/.local/lib/python3.8/site-packages/elasticsearch/helpers/actions.py", line 355, in _process_bulk_chunk
    yield from gen
  File "/home/airflow/.local/lib/python3.8/site-packages/elasticsearch/helpers/actions.py", line 274, in _process_bulk_chunk_success
    raise BulkIndexError(f"{len(errors)} document(s) failed to index.", errors)
elasticsearch.helpers.BulkIndexError: 963 document(s) failed to index.
[2024-05-07T20:40:44.154+0000] {taskinstance.py:1149} INFO - Marking task as UP_FOR_RETRY. dag_id=Units_statistics_DAG, task_id=ETL_job, map_index=17, execution_date=20240507T202000, start_date=20240507T204037, end_date=20240507T204044
[2024-05-07T20:40:44.199+0000] {standard_task_runner.py:107} ERROR - Failed to execute job 39768 for task ETL_job (963 document(s) failed to index.; 843618)
[2024-05-07T20:40:44.251+0000] {local_task_job_runner.py:234} INFO - Task exited with return code 1
[2024-05-07T20:40:44.290+0000] {taskinstance.py:3312} INFO - 0 downstream tasks scheduled from follow-on schedule check
