[2024-04-17T12:00:13.361+0000] {taskinstance.py:1979} INFO - Dependencies all met for dep_context=non-requeueable deps ti=<TaskInstance: Units_statistics_DAG.ETL_job scheduled__2024-04-17T11:00:00+00:00 map_index=10 [queued]>
[2024-04-17T12:00:13.396+0000] {taskinstance.py:1979} INFO - Dependencies all met for dep_context=requeueable deps ti=<TaskInstance: Units_statistics_DAG.ETL_job scheduled__2024-04-17T11:00:00+00:00 map_index=10 [queued]>
[2024-04-17T12:00:13.397+0000] {taskinstance.py:2193} INFO - Starting attempt 1 of 4
[2024-04-17T12:00:13.527+0000] {taskinstance.py:2217} INFO - Executing <Mapped(_PythonDecoratedOperator): ETL_job> on 2024-04-17 11:00:00+00:00
[2024-04-17T12:00:13.563+0000] {standard_task_runner.py:60} INFO - Started process 353488 to run task
[2024-04-17T12:00:13.608+0000] {standard_task_runner.py:87} INFO - Running: ['***', 'tasks', 'run', 'Units_statistics_DAG', 'ETL_job', 'scheduled__2024-04-17T11:00:00+00:00', '--job-id', '4649', '--raw', '--subdir', 'DAGS_FOLDER/Units_dag.py', '--cfg-path', '/tmp/tmpdm75hfzy', '--map-index', '10']
[2024-04-17T12:00:13.623+0000] {standard_task_runner.py:88} INFO - Job 4649: Subtask ETL_job
[2024-04-17T12:00:13.893+0000] {task_command.py:423} INFO - Running <TaskInstance: Units_statistics_DAG.ETL_job scheduled__2024-04-17T11:00:00+00:00 map_index=10 [running]> on host a09da322e808
[2024-04-17T12:00:14.691+0000] {taskinstance.py:2513} INFO - Exporting env vars: AIRFLOW_CTX_DAG_OWNER='abeer-araby' AIRFLOW_CTX_DAG_ID='Units_statistics_DAG' AIRFLOW_CTX_TASK_ID='ETL_job' AIRFLOW_CTX_EXECUTION_DATE='2024-04-17T11:00:00+00:00' AIRFLOW_CTX_TRY_NUMBER='1' AIRFLOW_CTX_DAG_RUN_ID='scheduled__2024-04-17T11:00:00+00:00'
[2024-04-17T12:00:14.692+0000] {Units_dag.py:90} INFO - i: 100000, chunk: 10000
[2024-04-17T12:00:14.693+0000] {Units_dag.py:91} INFO - child token is::: eyJ0eXAiOiJKV1QiLCJhbGciOiJIUzI1NiJ9.eyJpc3MiOiJodHRwczovL2FwaS5hZmFxeS5zYS9hdXRoL2xvZ2luX2FzIiwiaWF0IjoxNzEzMzU1MjAzLCJleHAiOjE3MTU5NDcyMDMsIm5iZiI6MTcxMzM1NTIwMywianRpIjoiOXNrOVg4REMyOFFCSXozdiIsInN1YiI6IjVkNjNlNTFlMDNlZDUyOTJhNDJjMjRlNiIsInBydiI6IjI3MGVjZmM3ZWEzZWQ5MzdlYTg0OTM2MmEzYTUwOTEwYzZkOGNlNGYiLCJsb2dpbl9hc19pZCI6IjY1N2YwYWQ3M2Y5NzcyOTVjZjA1NTc2YSJ9.Ad6jpZXcrocZPXmfqMCP3GRrWINbBHTh6hJRnClK8vI
[2024-04-17T12:00:44.848+0000] {Units_dag.py:95} INFO - {'_id': '6451885803baa81fab430605', 'icon': 'icons/icon.png', 'driver_id': '', 'tailer_id': '', 'profile': {'vehicle_type': '58', 'measurement_type': 'count', 'max_capacity': 0, 'vin': '12', 'plate_number': '1234tuv', 'start_operation': '2020-05', 'contract_milage': 234, 'opening_milage': 2343, 'model': '12', 'fuel_type': '91', 'year': 0, 'current_owner': 'test000', 'Seats': 2, 'seats': 2}, 'device_password': '***', 'device_type': 'gps', 'gateway': False, 'name': 'Miss Darla Goyette', 'operation_code': 'ed1e3c27-1c4b-40b1-a9b2-5440334c2e44', 'device_gateway': None, 'business_types': {'waste': False, 'transportation': True}, 'imei': '31396350', 'sim_number': '+966252971989', 'sim_serial': '6608518282', 'device_serial': '5480056149', 'device': 'afaqy', 'user_id': '645188497ac0937ddf3a0ebb', 'created_by': '645188497ac0937ddf3a0ebb', 'updated_at': '2023-05-02 22:02:02', 'created_at': '2023-05-03 01:02:00', 'creator': 'troy.schneider84', 'company': 'AFAQY', 'owner': 'troy.schneider84', 'counters': {'odometer_type': 'gps', 'odometer': 0, 'engine_hours_type': 'acc', 'engine_hours': 0}, 'is_wasl_connected': 'Not Connected', 'iconUrl': 'https://api.afaqy.sa/images/units/icons/icon.png', 'hasCCTV': False}
[2024-04-17T12:00:47.206+0000] {warnings.py:109} WARNING - /home/***/.local/lib/python3.8/site-packages/elasticsearch/_sync/client/__init__.py:399: SecurityWarning: Connecting to 'https://dbelk3.afaqy.local:9200' using TLS with verify_certs=False is insecure
  _transport = transport_class(

[2024-04-17T12:00:47.240+0000] {warnings.py:109} WARNING - /home/***/.local/lib/python3.8/site-packages/elasticsearch/_sync/client/__init__.py:399: SecurityWarning: Connecting to 'https://dbelk1.afaqy.local:9200' using TLS with verify_certs=False is insecure
  _transport = transport_class(

[2024-04-17T12:00:47.294+0000] {warnings.py:109} WARNING - /home/***/.local/lib/python3.8/site-packages/elasticsearch/_sync/client/__init__.py:399: SecurityWarning: Connecting to 'https://dbelk2.afaqy.local:9200' using TLS with verify_certs=False is insecure
  _transport = transport_class(

[2024-04-17T12:00:47.335+0000] {warnings.py:109} WARNING - /home/***/.local/lib/python3.8/site-packages/urllib3/connectionpool.py:1061: InsecureRequestWarning: Unverified HTTPS request is being made to host 'dbelk3.afaqy.local'. Adding certificate verification is strongly advised. See: https://urllib3.readthedocs.io/en/1.26.x/advanced-usage.html#ssl-warnings
  warnings.warn(

[2024-04-17T12:00:47.407+0000] {_transport.py:335} INFO - GET https://dbelk3.afaqy.local:9200/_cluster/health [status:200 duration:0.099s]
[2024-04-17T12:00:47.925+0000] {warnings.py:109} WARNING - /home/***/.local/lib/python3.8/site-packages/urllib3/connectionpool.py:1061: InsecureRequestWarning: Unverified HTTPS request is being made to host 'dbelk1.afaqy.local'. Adding certificate verification is strongly advised. See: https://urllib3.readthedocs.io/en/1.26.x/advanced-usage.html#ssl-warnings
  warnings.warn(

[2024-04-17T12:00:49.964+0000] {_transport.py:335} INFO - PUT https://dbelk1.afaqy.local:9200/units_statistics_***/_bulk [status:200 duration:2.076s]
[2024-04-17T12:00:50.423+0000] {python.py:202} INFO - Done. Returned value was: None
[2024-04-17T12:00:50.497+0000] {taskinstance.py:1149} INFO - Marking task as SUCCESS. dag_id=Units_statistics_DAG, task_id=ETL_job, map_index=10, execution_date=20240417T110000, start_date=20240417T120013, end_date=20240417T120050
[2024-04-17T12:00:50.571+0000] {local_task_job_runner.py:234} INFO - Task exited with return code 0
[2024-04-17T12:00:50.616+0000] {taskinstance.py:3312} INFO - 0 downstream tasks scheduled from follow-on schedule check
