[2024-05-11T15:05:31.553+0000] {taskinstance.py:1979} INFO - Dependencies all met for dep_context=non-requeueable deps ti=<TaskInstance: Units_statistics_DAG.ETL_job scheduled__2024-05-11T14:40:00+00:00 map_index=15 [queued]>
[2024-05-11T15:05:31.583+0000] {taskinstance.py:1979} INFO - Dependencies all met for dep_context=requeueable deps ti=<TaskInstance: Units_statistics_DAG.ETL_job scheduled__2024-05-11T14:40:00+00:00 map_index=15 [queued]>
[2024-05-11T15:05:31.583+0000] {taskinstance.py:2193} INFO - Starting attempt 4 of 4
[2024-05-11T15:05:31.622+0000] {taskinstance.py:2217} INFO - Executing <Mapped(_PythonDecoratedOperator): ETL_job> on 2024-05-11 14:40:00+00:00
[2024-05-11T15:05:31.630+0000] {standard_task_runner.py:60} INFO - Started process 943199 to run task
[2024-05-11T15:05:31.650+0000] {standard_task_runner.py:87} INFO - Running: ['***', 'tasks', 'run', 'Units_statistics_DAG', 'ETL_job', 'scheduled__2024-05-11T14:40:00+00:00', '--job-id', '50887', '--raw', '--subdir', 'DAGS_FOLDER/Units_dag.py', '--cfg-path', '/tmp/tmp6o8ucigd', '--map-index', '15']
[2024-05-11T15:05:31.652+0000] {standard_task_runner.py:88} INFO - Job 50887: Subtask ETL_job
[2024-05-11T15:05:31.775+0000] {task_command.py:423} INFO - Running <TaskInstance: Units_statistics_DAG.ETL_job scheduled__2024-05-11T14:40:00+00:00 map_index=15 [running]> on host a09da322e808
[2024-05-11T15:05:32.036+0000] {taskinstance.py:2513} INFO - Exporting env vars: AIRFLOW_CTX_DAG_OWNER='abeer-araby' AIRFLOW_CTX_DAG_ID='Units_statistics_DAG' AIRFLOW_CTX_TASK_ID='ETL_job' AIRFLOW_CTX_EXECUTION_DATE='2024-05-11T14:40:00+00:00' AIRFLOW_CTX_TRY_NUMBER='4' AIRFLOW_CTX_DAG_RUN_ID='scheduled__2024-05-11T14:40:00+00:00'
[2024-05-11T15:05:32.037+0000] {Units_dag.py:98} INFO - i: 150000, chunk: 10000
[2024-05-11T15:05:32.038+0000] {Units_dag.py:99} INFO - child token is::: eyJ0eXAiOiJKV1QiLCJhbGciOiJIUzI1NiJ9.eyJpc3MiOiJodHRwczovL2FwaS5hZmFxeS5zYS9hdXRoL2xvZ2luX2FzIiwiaWF0IjoxNzE1NDM5NjA0LCJleHAiOjE3MTgwMzE2MDQsIm5iZiI6MTcxNTQzOTYwNCwianRpIjoiaWRoVEdxV2xtbVpkcUhnVCIsInN1YiI6IjVkNjNlNTFlMDNlZDUyOTJhNDJjMjRlNiIsInBydiI6IjI3MGVjZmM3ZWEzZWQ5MzdlYTg0OTM2MmEzYTUwOTEwYzZkOGNlNGYiLCJsb2dpbl9hc19pZCI6IjY1N2YwYWQ3M2Y5NzcyOTVjZjA1NTc2YSJ9.CyOVDfLxeXdM67enu24KYVA0s9L3bQ-J1VBSnVSXvg4
[2024-05-11T15:05:50.899+0000] {Units_dag.py:103} INFO - {'_id': '659bfcd033f0dedf4b080c39', 'icon': 'icons/icon.png', 'driver_id': '61f9119e0945374ce5625e1c', 'tailer_id': '', 'profile': {'vehicle_type': 'SINOTRUCK', 'measurement_type': 'count', 'max_capacity': 600, 'vin': 'LZZPBLNF6PJ306714', 'plate_number': 'ZSA9767', 'start_operation': '', 'contract_milage': '', 'opening_milage': '', 'model': '122984020', 'fuel_type': 'diesel', 'year': 2023, 'seats': 1}, 'shipment_info': {'product_category': None, 'truck_type': None, 'shipment_type': None, 'shipment_payment_type': None, 'transporter_type': None, 'operating_area': None, 'weight_kilograms_per_day': None, 'kms_per_day': None, 'shipment_trip_drive_hrs_day': None, 'allowable_delay_drive_hrs_day': None, 'expected_shipment_trip_day': None, 'car_pay_per_day': None, 'exceeding_temperature_limit_per_day': None, 'temperature_upper_limit': None, 'exceeding_humidity_limit_per_day': None, 'humidity_upper_limit': None}, 'device_password': '***', 'device_type': 'gps', 'gateway': False, 'business_types': {'waste': False, 'transportation': True, 'water': False}, 'name': '2656-ZSA9767', 'operation_code': '', 'device_gateway': '', 'skip_sim_information': False, 'imei': '864376049476111', 'sim_number': '+966830020197064', 'sim_serial': '8996609821112134525', 'device_serial': '864376049476111', 'device': 'bce', 'user_id': '5e57ed5a03ed52ad545fafb7', 'created_by': '5e6655bf03ed52e1ab79d301', 'updated_at': '2024-05-01 16:51:08', 'created_at': '2024-01-08 16:46:56', 'custom_fields': [], 'creator': 'amr.ahmed', 'company': 'Al Khalidi Holding Co.', 'owner': 'al-khalidi', 'last_update': {'dtt': 1715439892000, 'dts': 1715439900347, 'spd': 11, 'ang': 48, 'alt': 1398, 'chPrams': {'ai1': {'v': 0, 'cdt': 1712930486000}, 'trailer1_status': {'v': 0, 'cdt': 1712930486000}, 'trailer2_status': {'v': 0, 'cdt': 1712930486000}, 'j1939_fuel_rate': {'v': 432, 'cdt': 1715439892000}, 'can_engine_hrs': {'v': 16382, 'cdt': 1715439798000}, 'trailer2_id': {'v': 0, 'cdt': 1712930486000}, 'ai4': {'v': 6454, 'cdt': 1715439892000}, 'j1939_air_temp': {'v': 13375, 'cdt': 1715407344000}, 'protocol': {'v': 'bce', 'cdt': 1712930486000}, 'iPwrV': {'v': 4.134, 'cdt': 1715439890000}, 'brk': {'v': '0.00', 'cdt': 1715439892000}, 'ID': {'v': '1205CA0', 'cdt': 1715439880000}, 'cid1': {'v': 13732, 'cdt': 1715438840000}, 'j1939_fl_con': {'v': 9255464, 'cdt': 1715439892000}, 'odometer': {'v': 1087551329, 'cdt': 1715439892000}, 'spd': {'v': 11, 'cdt': 1715439890000}, 'can_taho': {'v': '0', 'cdt': 1708170658000}, 'can_fls': {'v': 0, 'cdt': 1715439892000}, 'mnc1': {'v': 3, 'cdt': 1713930508000}, 'total_fuel': {'v': 18511, 'cdt': 1715439852000}, 'ePwrV': {'v': 28.192, 'cdt': 1715439892000}, 'di16': {'v': 1, 'cdt': 1712930486000}, 'di15': {'v': '0', 'cdt': 1708255528000}, 'rssi1': {'v': 59, 'cdt': 1715439890000}, 'di14': {'v': 0, 'cdt': 1715439890000}, 'di13': {'v': 0, 'cdt': 1712930486000}, 'di12': {'v': 1, 'cdt': 1715439852000}, 'di11': {'v': 0, 'cdt': 1715267516000}, 'can_mileage': {'v': 6734171, 'cdt': 1715439892000}, 'can_rpm': {'v': 11324, 'cdt': 1715439892000}, 'fuel_con_ins': {'v': 0.007861111313105, 'cdt': 1715439892000}, 'di10': {'v': 0, 'cdt': 1712930486000}, 'di2': {'v': 1, 'cdt': 1715394104000}, 'di1': {'v': 1, 'cdt': 1715439798000}, 'di4': {'v': 1, 'cdt': 1715394104000}, 'di3': {'v': 1, 'cdt': 1715439818000}, 'di6': {'v': 1, 'cdt': 1715394104000}, 'di5': {'v': 1, 'cdt': 1715416878000}, 'lac1': {'v': 2913, 'cdt': 1715438840000}, 'j1939_flfmseco': {'v': 358, 'cdt': 1715439892000}, 'di8': {'v': 1, 'cdt': 1715394104000}, 'di7': {'v': 1, 'cdt': 1715407374000}, 'engine_temp': {'v': 122, 'cdt': 1715439862000}, 'di9': {'v': 0, 'cdt': 1713644970000}, 'crn': {'v': '0.00', 'cdt': 1715439886000}, 'crashData3': {'v': 8, 'cdt': 1713233822000}, 'crashData1': {'v': 54, 'cdt': 1715066854000}, 'crashData2': {'v': 47, 'cdt': 1715066854000}, 'sat': {'v': 12, 'cdt': 1715433986000}, 'trailer1_id': {'v': 0, 'cdt': 1712930486000}, 'accel': {'v': '0.02', 'cdt': 1715439892000}, 'ta': {'v': 0, 'cdt': 1712930486000}, 'hdop': {'v': 1, 'cdt': 1715091662000}, 'mcc1': {'v': 420, 'cdt': 1713930508000}}, 'prms': {'protocol': 'bce', 'spd': 11, 'sat': 12, 'hdop': 1, 'odometer': 1087551329, 'di16': 1, 'di15': 0, 'di14': 0, 'di13': 0, 'di12': 1, 'di11': 0, 'di10': 0, 'di9': 0, 'di8': 1, 'di7': 1, 'di6': 1, 'di5': 1, 'di4': 1, 'di3': 1, 'di2': 1, 'di1': 1, 'ai1': 0, 'ePwrV': 28.192, 'ai4': 6454, 'iPwrV': 4.134, 'ta': 0, 'mcc1': 420, 'mnc1': 3, 'lac1': 2913, 'cid1': 13732, 'rssi1': 59, 'total_fuel': 18511, 'can_fls': 0, 'can_rpm': 11324, 'can_engine_hrs': 16382, 'can_mileage': 6734171, 'engine_temp': 122, 'j1939_air_temp': 13375, 'trailer1_id': 0, 'trailer1_status': 0, 'trailer2_id': 0, 'trailer2_status': 0, 'j1939_fuel_rate': 432, 'j1939_flfmseco': 358, 'j1939_fl_con': 9255464, 'ID': '1205CA0', 'fuel_con_ins': 0.007861111313105, 'accel': '0.02', 'brk': '0.00', 'crn': '0.00'}, 'devPrms': ['protocol', 'spd', 'sat', 'hdop', 'odometer', 'di16', 'di15', 'di14', 'di13', 'di12', 'di11', 'di10', 'di9', 'di8', 'di7', 'di6', 'di5', 'di4', 'di3', 'di2', 'di1', 'ai1', 'ePwrV', 'ai4', 'iPwrV', 'ta', 'mcc1', 'mnc1', 'lac1', 'cid1', 'rssi1', 'total_fuel', 'can_fls', 'can_rpm', 'can_engine_hrs', 'can_mileage', 'engine_temp', 'j1939_air_temp', 'trailer1_id', 'trailer1_status', 'trailer2_id', 'trailer2_status', 'j1939_fuel_rate', 'j1939_flfmseco', 'j1939_fl_con', 'ID', 'fuel_con_ins', 'accel', 'brk', 'crn'], 'old_params': {'protocol': 'bce', 'spd': 11, 'sat': 12, 'hdop': 1, 'odometer': 1099984782, 'di16': 1, 'di15': 0, 'di14': 0, 'di13': 0, 'di12': 1, 'di11': 0, 'di10': 0, 'di9': 0, 'di8': 1, 'di7': 1, 'di6': 1, 'di5': 1, 'di4': 1, 'di3': 1, 'di2': 1, 'di1': 1, 'ai1': 0, 'ePwrV': 28.165, 'ai4': 5483, 'iPwrV': 4.134, 'ta': 0, 'mcc1': 420, 'mnc1': 3, 'lac1': 2913, 'cid1': 13732, 'rssi1': 59, 'total_fuel': 18511, 'can_fls': 203, 'can_rpm': 8928, 'can_engine_hrs': 16382, 'can_mileage': 6734170, 'engine_temp': 122, 'j1939_air_temp': 13375, 'trailer1_id': 0, 'trailer1_status': 0, 'trailer2_id': 0, 'trailer2_status': 0, 'j1939_fuel_rate': 137, 'j1939_flfmseco': 870, 'j1939_fl_con': 9255458, 'ID': '1205CA0', 'fuel_con_ins': 0.003972222097218, 'accel': '0.00', 'brk': '0.14', 'crn': '0.00'}, 'vLoc': 1, 'vCon': 1, 'ip': '37.216.53.63', 'rl': 0.0067, 'trl': 32163.0948, 'mdu': 2, 'tmdu': 1742194, 'eidl': 0, 'teidl': 1246790, 'fc': 0.000804, 'tfc': 3.636612, 'acc': 1, 'accOn': 3088794382, 'accOff': 3082100724, 'sdu': 0, 'tsdu': 0, 'lat': 21.525611877441406, 'lng': 40.608394622802734}, 'counters': {'engine_hours': 3088794382, 'last_acc': 1, 'odometer': 32161.894, 'engine_hours_type': '', 'odometer_type': ''}, 'is_wasl_connected': 'Connected', 'iconUrl': 'https://api.afaqy.sa/images/units/icons/icon.png', 'hasCCTV': False}
[2024-05-11T15:05:51.434+0000] {warnings.py:109} WARNING - /home/***/.local/lib/python3.8/site-packages/elasticsearch/_sync/client/__init__.py:399: SecurityWarning: Connecting to 'https://dbelk2.afaqy.local:9200' using TLS with verify_certs=False is insecure
  _transport = transport_class(

[2024-05-11T15:05:51.478+0000] {warnings.py:109} WARNING - /home/***/.local/lib/python3.8/site-packages/elasticsearch/_sync/client/__init__.py:399: SecurityWarning: Connecting to 'https://dbelk3.afaqy.local:9200' using TLS with verify_certs=False is insecure
  _transport = transport_class(

[2024-05-11T15:05:51.519+0000] {warnings.py:109} WARNING - /home/***/.local/lib/python3.8/site-packages/elasticsearch/_sync/client/__init__.py:399: SecurityWarning: Connecting to 'https://dbelk1.afaqy.local:9200' using TLS with verify_certs=False is insecure
  _transport = transport_class(

[2024-05-11T15:05:51.540+0000] {warnings.py:109} WARNING - /home/***/.local/lib/python3.8/site-packages/urllib3/connectionpool.py:1061: InsecureRequestWarning: Unverified HTTPS request is being made to host 'dbelk2.afaqy.local'. Adding certificate verification is strongly advised. See: https://urllib3.readthedocs.io/en/1.26.x/advanced-usage.html#ssl-warnings
  warnings.warn(

[2024-05-11T15:05:51.629+0000] {_transport.py:335} INFO - GET https://dbelk2.afaqy.local:9200/_cluster/health [status:200 duration:0.107s]
[2024-05-11T15:05:52.012+0000] {warnings.py:109} WARNING - /home/***/.local/lib/python3.8/site-packages/urllib3/connectionpool.py:1061: InsecureRequestWarning: Unverified HTTPS request is being made to host 'dbelk3.afaqy.local'. Adding certificate verification is strongly advised. See: https://urllib3.readthedocs.io/en/1.26.x/advanced-usage.html#ssl-warnings
  warnings.warn(

[2024-05-11T15:05:52.028+0000] {_transport.py:335} INFO - PUT https://dbelk3.afaqy.local:9200/units_statistics_***/_bulk [status:429 duration:0.036s]
[2024-05-11T15:05:52.030+0000] {_node_pool.py:249} WARNING - Node <Urllib3HttpNode(https://dbelk3.afaqy.local:9200)> has failed for 1 times in a row, putting on 1 second timeout
[2024-05-11T15:05:52.030+0000] {_transport.py:427} WARNING - Retrying request after non-successful status 429 (attempt 0 of 3)
[2024-05-11T15:05:52.031+0000] {warnings.py:109} WARNING - /home/***/.local/lib/python3.8/site-packages/urllib3/connectionpool.py:1061: InsecureRequestWarning: Unverified HTTPS request is being made to host 'dbelk2.afaqy.local'. Adding certificate verification is strongly advised. See: https://urllib3.readthedocs.io/en/1.26.x/advanced-usage.html#ssl-warnings
  warnings.warn(

[2024-05-11T15:05:52.044+0000] {_transport.py:335} INFO - PUT https://dbelk2.afaqy.local:9200/units_statistics_***/_bulk [status:429 duration:0.013s]
[2024-05-11T15:05:52.044+0000] {_node_pool.py:249} WARNING - Node <Urllib3HttpNode(https://dbelk2.afaqy.local:9200)> has failed for 1 times in a row, putting on 1 second timeout
[2024-05-11T15:05:52.045+0000] {_transport.py:427} WARNING - Retrying request after non-successful status 429 (attempt 1 of 3)
[2024-05-11T15:05:52.063+0000] {warnings.py:109} WARNING - /home/***/.local/lib/python3.8/site-packages/urllib3/connectionpool.py:1061: InsecureRequestWarning: Unverified HTTPS request is being made to host 'dbelk1.afaqy.local'. Adding certificate verification is strongly advised. See: https://urllib3.readthedocs.io/en/1.26.x/advanced-usage.html#ssl-warnings
  warnings.warn(

[2024-05-11T15:07:02.003+0000] {_transport.py:335} INFO - PUT https://dbelk1.afaqy.local:9200/units_statistics_***/_bulk [status:200 duration:69.958s]
[2024-05-11T15:07:02.095+0000] {taskinstance.py:2731} ERROR - Task failed with exception
Traceback (most recent call last):
  File "/home/airflow/.local/lib/python3.8/site-packages/airflow/models/taskinstance.py", line 444, in _execute_task
    result = _execute_callable(context=context, **execute_callable_kwargs)
  File "/home/airflow/.local/lib/python3.8/site-packages/airflow/models/taskinstance.py", line 414, in _execute_callable
    return execute_callable(context=context, **execute_callable_kwargs)
  File "/home/airflow/.local/lib/python3.8/site-packages/airflow/decorators/base.py", line 241, in execute
    return_value = super().execute(context)
  File "/home/airflow/.local/lib/python3.8/site-packages/airflow/operators/python.py", line 200, in execute
    return_value = self.execute_callable()
  File "/home/airflow/.local/lib/python3.8/site-packages/airflow/operators/python.py", line 217, in execute_callable
    return self.python_callable(*self.op_args, **self.op_kwargs)
  File "/opt/airflow/dags/Units_dag.py", line 111, in ETL_job
    Elk_client.elk_pushData(Globals.index_name,units_list_update)
  File "/opt/airflow/dags/units_statistics/elk_manager.py", line 69, in elk_pushData
    helpers.bulk(self.elk_client, docs_list, index=index_name, chunk_size=batch)
  File "/home/airflow/.local/lib/python3.8/site-packages/elasticsearch/helpers/actions.py", line 521, in bulk
    for ok, item in streaming_bulk(
  File "/home/airflow/.local/lib/python3.8/site-packages/elasticsearch/helpers/actions.py", line 436, in streaming_bulk
    for data, (ok, info) in zip(
  File "/home/airflow/.local/lib/python3.8/site-packages/elasticsearch/helpers/actions.py", line 355, in _process_bulk_chunk
    yield from gen
  File "/home/airflow/.local/lib/python3.8/site-packages/elasticsearch/helpers/actions.py", line 274, in _process_bulk_chunk_success
    raise BulkIndexError(f"{len(errors)} document(s) failed to index.", errors)
elasticsearch.helpers.BulkIndexError: 668 document(s) failed to index.
[2024-05-11T15:07:02.122+0000] {taskinstance.py:1149} INFO - Marking task as FAILED. dag_id=Units_statistics_DAG, task_id=ETL_job, map_index=15, execution_date=20240511T144000, start_date=20240511T150531, end_date=20240511T150702
[2024-05-11T15:07:02.413+0000] {standard_task_runner.py:107} ERROR - Failed to execute job 50887 for task ETL_job (668 document(s) failed to index.; 943199)
[2024-05-11T15:07:02.485+0000] {local_task_job_runner.py:234} INFO - Task exited with return code 1
[2024-05-11T15:07:02.527+0000] {taskinstance.py:3312} INFO - 0 downstream tasks scheduled from follow-on schedule check
