[2024-04-18T11:00:21.112+0000] {taskinstance.py:1979} INFO - Dependencies all met for dep_context=non-requeueable deps ti=<TaskInstance: Units_statistics_DAG.ETL_job scheduled__2024-04-18T10:00:00+00:00 map_index=6 [queued]>
[2024-04-18T11:00:21.212+0000] {taskinstance.py:1979} INFO - Dependencies all met for dep_context=requeueable deps ti=<TaskInstance: Units_statistics_DAG.ETL_job scheduled__2024-04-18T10:00:00+00:00 map_index=6 [queued]>
[2024-04-18T11:00:21.213+0000] {taskinstance.py:2193} INFO - Starting attempt 1 of 4
[2024-04-18T11:00:21.311+0000] {taskinstance.py:2217} INFO - Executing <Mapped(_PythonDecoratedOperator): ETL_job> on 2024-04-18 10:00:00+00:00
[2024-04-18T11:00:21.353+0000] {standard_task_runner.py:60} INFO - Started process 378819 to run task
[2024-04-18T11:00:21.410+0000] {standard_task_runner.py:87} INFO - Running: ['***', 'tasks', 'run', 'Units_statistics_DAG', 'ETL_job', 'scheduled__2024-04-18T10:00:00+00:00', '--job-id', '7368', '--raw', '--subdir', 'DAGS_FOLDER/Units_dag.py', '--cfg-path', '/tmp/tmpk646phhe', '--map-index', '6']
[2024-04-18T11:00:21.431+0000] {standard_task_runner.py:88} INFO - Job 7368: Subtask ETL_job
[2024-04-18T11:00:21.727+0000] {task_command.py:423} INFO - Running <TaskInstance: Units_statistics_DAG.ETL_job scheduled__2024-04-18T10:00:00+00:00 map_index=6 [running]> on host a09da322e808
[2024-04-18T11:00:22.185+0000] {taskinstance.py:2513} INFO - Exporting env vars: AIRFLOW_CTX_DAG_OWNER='abeer-araby' AIRFLOW_CTX_DAG_ID='Units_statistics_DAG' AIRFLOW_CTX_TASK_ID='ETL_job' AIRFLOW_CTX_EXECUTION_DATE='2024-04-18T10:00:00+00:00' AIRFLOW_CTX_TRY_NUMBER='1' AIRFLOW_CTX_DAG_RUN_ID='scheduled__2024-04-18T10:00:00+00:00'
[2024-04-18T11:00:22.187+0000] {Units_dag.py:99} INFO - i: 60000, chunk: 10000
[2024-04-18T11:00:22.187+0000] {Units_dag.py:100} INFO - child token is::: eyJ0eXAiOiJKV1QiLCJhbGciOiJIUzI1NiJ9.eyJpc3MiOiJodHRwczovL2FwaS5hZmFxeS5zYS9hdXRoL2xvZ2luX2FzIiwiaWF0IjoxNzEzNDM4MDA5LCJleHAiOjE3MTYwMzAwMDksIm5iZiI6MTcxMzQzODAwOSwianRpIjoiTFMzYW9GS3dKSTRiY3ZKQSIsInN1YiI6IjVkNjNlNTFlMDNlZDUyOTJhNDJjMjRlNiIsInBydiI6IjI3MGVjZmM3ZWEzZWQ5MzdlYTg0OTM2MmEzYTUwOTEwYzZkOGNlNGYiLCJsb2dpbl9hc19pZCI6IjY1N2YwYWQ3M2Y5NzcyOTVjZjA1NTc2YSJ9.rY7goJuKn0iI4aOvSLmMOHJTnoRnVkLcWPl99U9cDrU
[2024-04-18T11:00:42.796+0000] {Units_dag.py:104} INFO - {'_id': '63271f714b20587ef75a1640', 'icon': 'icons/icon.png', 'driver_id': '', 'tailer_id': '', 'profile': {'vehicle_type': None, 'measurement_type': 'count', 'max_capacity': 0, 'vin': None, 'plate_number': '9269 - A D R', 'start_operation': None, 'contract_milage': None, 'opening_milage': None, 'model': None, 'fuel_type': '91', 'year': 0, 'seats': 2}, 'device_password': '***', 'device_type': 'gps', 'gateway': False, 'name': 'ADR9269', 'operation_code': '', 'device_gateway': '', 'business_types': {'waste': False, 'transportation': True, 'water': False}, 'imei': '357073298590940', 'sim_number': '+966830028783115', 'sim_serial': '996609821111333356', 'device_serial': '1125015014', 'device': 'teltonika', 'user_id': '5edc9ce503ed5252d3361fa8', 'created_by': '5e6655bf03ed52e1ab79d301', 'updated_at': '2023-12-31 10:39:29', 'created_at': '2022-09-18 16:38:57', 'creator': 'amr.ahmed', 'company': '', 'owner': 'hertz-admin', 'last_update': {'dtt': 1713438018000, 'dts': 1713438021591, 'spd': 35, 'ang': 15, 'alt': 601, 'chPrams': {'Speed': {'v': 35, 'cdt': 1713438018000}, 'output1': {'v': False, 'cdt': 1713436613000}, 'output2': {'v': False, 'cdt': 1713436613000}, 'ePwrV': {'v': 14.193, 'cdt': 1713438018000}, 'parm24': {'v': 35, 'cdt': 1713438018000}, 'sat': {'v': 10, 'cdt': 1713438018000}, 'ai1': {'v': 131, 'cdt': 1713194032000}, 'type': {'v': 6, 'cdt': 1711256577000}, 'di2': {'v': 0, 'cdt': 1711371079000}, 'priority': {'v': 0, 'cdt': 1712911994000}, 'di1': {'v': 1, 'cdt': 1713437244000}, 'result': {'v': '5665723a30332e32372e31335f3033204750533a41584e5f352e312e392048773a464d42313230204d6f643a333320494d45493a33353730373332393835393039343020496e69743a323032342d342d313720343a313820557074696d653a313039353238204d41433a303031453432374632453739205350433a312830292041584c3a32204f42443a3020424c3a312e31302042543a34', 'cdt': 1713436313000}, 'protocol': {'v': 'FMB120', 'cdt': 1713436613000}, 'parm6': {'v': 131, 'cdt': 1713125281000}, 'iPwrV': {'v': 4.057, 'cdt': 1713437957000}, 'event': {'v': 0, 'cdt': 1712911994000}}, 'prms': {'protocol': 'FMB120', 'priority': 0, 'sat': 10, 'event': 0, 'di1': 1, 'output1': 0, 'di2': 0, 'output2': 0, 'ePwrV': 14.193, 'Speed': 35, 'parm24': 35, 'iPwrV': 4.057, 'ai1': 131, 'parm6': 131}, 'devPrms': ['Speed', 'output1', 'output2', 'ePwrV', 'parm24', 'sat', 'ai1', 'priority', 'di2', 'type', 'di1', 'result', 'protocol', 'parm6', 'iPwrV', 'event'], 'old_params': {'protocol': 'FMB120', 'priority': 0, 'sat': 9, 'event': 0, 'di1': 1, 'output1': 0, 'di2': 0, 'output2': 0, 'ePwrV': 14.176, 'Speed': 53, 'parm24': 53, 'iPwrV': 4.057, 'ai1': 131, 'parm6': 131}, 'vLoc': 1, 'vCon': 1, 'ip': '109.83.14.84', 'rl': 0.2123, 'trl': 23652.747, 'mdu': 15, 'tmdu': 1976253, 'eidl': 0, 'teidl': 508677, 'fc': 0.025476, 'tfc': 207.152186, 'acc': 1, 'accOn': 4867920, 'accOff': 46164661, 'sdu': 0, 'tsdu': 0, 'lat': 24.6990116, 'lng': 46.7040416}, 'counters': {'odometer_type': 'gps', 'odometer': 23667.7499, 'engine_hours_type': 'acc', 'engine_hours': 4867920, 'last_acc': 1}, 'is_wasl_connected': 'Not Connected', 'iconUrl': 'https://api.afaqy.sa/images/units/icons/icon.png', 'hasCCTV': False}
[2024-04-18T11:00:43.613+0000] {warnings.py:109} WARNING - /home/***/.local/lib/python3.8/site-packages/elasticsearch/_sync/client/__init__.py:399: SecurityWarning: Connecting to 'https://dbelk1.afaqy.local:9200' using TLS with verify_certs=False is insecure
  _transport = transport_class(

[2024-04-18T11:00:43.646+0000] {warnings.py:109} WARNING - /home/***/.local/lib/python3.8/site-packages/elasticsearch/_sync/client/__init__.py:399: SecurityWarning: Connecting to 'https://dbelk3.afaqy.local:9200' using TLS with verify_certs=False is insecure
  _transport = transport_class(

[2024-04-18T11:00:43.712+0000] {warnings.py:109} WARNING - /home/***/.local/lib/python3.8/site-packages/elasticsearch/_sync/client/__init__.py:399: SecurityWarning: Connecting to 'https://dbelk2.afaqy.local:9200' using TLS with verify_certs=False is insecure
  _transport = transport_class(

[2024-04-18T11:00:43.749+0000] {warnings.py:109} WARNING - /home/***/.local/lib/python3.8/site-packages/urllib3/connectionpool.py:1061: InsecureRequestWarning: Unverified HTTPS request is being made to host 'dbelk1.afaqy.local'. Adding certificate verification is strongly advised. See: https://urllib3.readthedocs.io/en/1.26.x/advanced-usage.html#ssl-warnings
  warnings.warn(

[2024-04-18T11:00:43.798+0000] {_transport.py:335} INFO - GET https://dbelk1.afaqy.local:9200/_cluster/health [status:200 duration:0.084s]
[2024-04-18T11:00:44.288+0000] {warnings.py:109} WARNING - /home/***/.local/lib/python3.8/site-packages/urllib3/connectionpool.py:1061: InsecureRequestWarning: Unverified HTTPS request is being made to host 'dbelk3.afaqy.local'. Adding certificate verification is strongly advised. See: https://urllib3.readthedocs.io/en/1.26.x/advanced-usage.html#ssl-warnings
  warnings.warn(

[2024-04-18T11:00:45.819+0000] {_transport.py:335} INFO - PUT https://dbelk3.afaqy.local:9200/units_statistics_***/_bulk [status:200 duration:1.547s]
[2024-04-18T11:00:46.010+0000] {python.py:202} INFO - Done. Returned value was: None
[2024-04-18T11:00:46.027+0000] {taskinstance.py:1149} INFO - Marking task as SUCCESS. dag_id=Units_statistics_DAG, task_id=ETL_job, map_index=6, execution_date=20240418T100000, start_date=20240418T110021, end_date=20240418T110046
[2024-04-18T11:00:46.082+0000] {local_task_job_runner.py:234} INFO - Task exited with return code 0
[2024-04-18T11:00:46.119+0000] {taskinstance.py:3312} INFO - 0 downstream tasks scheduled from follow-on schedule check
