[2024-05-12T04:20:16.645+0000] {taskinstance.py:1979} INFO - Dependencies all met for dep_context=non-requeueable deps ti=<TaskInstance: Units_statistics_DAG.ETL_job scheduled__2024-05-12T04:00:00+00:00 map_index=10 [queued]>
[2024-05-12T04:20:16.763+0000] {taskinstance.py:1979} INFO - Dependencies all met for dep_context=requeueable deps ti=<TaskInstance: Units_statistics_DAG.ETL_job scheduled__2024-05-12T04:00:00+00:00 map_index=10 [queued]>
[2024-05-12T04:20:16.764+0000] {taskinstance.py:2193} INFO - Starting attempt 1 of 4
[2024-05-12T04:20:16.886+0000] {taskinstance.py:2217} INFO - Executing <Mapped(_PythonDecoratedOperator): ETL_job> on 2024-05-12 04:00:00+00:00
[2024-05-12T04:20:16.918+0000] {standard_task_runner.py:60} INFO - Started process 958288 to run task
[2024-05-12T04:20:16.969+0000] {standard_task_runner.py:87} INFO - Running: ['***', 'tasks', 'run', 'Units_statistics_DAG', 'ETL_job', 'scheduled__2024-05-12T04:00:00+00:00', '--job-id', '52791', '--raw', '--subdir', 'DAGS_FOLDER/Units_dag.py', '--cfg-path', '/tmp/tmp__m1h61m', '--map-index', '10']
[2024-05-12T04:20:16.975+0000] {standard_task_runner.py:88} INFO - Job 52791: Subtask ETL_job
[2024-05-12T04:20:17.255+0000] {task_command.py:423} INFO - Running <TaskInstance: Units_statistics_DAG.ETL_job scheduled__2024-05-12T04:00:00+00:00 map_index=10 [running]> on host a09da322e808
[2024-05-12T04:20:17.920+0000] {taskinstance.py:2513} INFO - Exporting env vars: AIRFLOW_CTX_DAG_OWNER='abeer-araby' AIRFLOW_CTX_DAG_ID='Units_statistics_DAG' AIRFLOW_CTX_TASK_ID='ETL_job' AIRFLOW_CTX_EXECUTION_DATE='2024-05-12T04:00:00+00:00' AIRFLOW_CTX_TRY_NUMBER='1' AIRFLOW_CTX_DAG_RUN_ID='scheduled__2024-05-12T04:00:00+00:00'
[2024-05-12T04:20:17.923+0000] {Units_dag.py:98} INFO - i: 100000, chunk: 10000
[2024-05-12T04:20:17.923+0000] {Units_dag.py:99} INFO - child token is::: eyJ0eXAiOiJKV1QiLCJhbGciOiJIUzI1NiJ9.eyJpc3MiOiJodHRwczovL2FwaS5hZmFxeS5zYS9hdXRoL2xvZ2luX2FzIiwiaWF0IjoxNzE1NDg3NjA0LCJleHAiOjE3MTgwNzk2MDQsIm5iZiI6MTcxNTQ4NzYwNCwianRpIjoiRUMzT3czekJsdEg3aWd4eiIsInN1YiI6IjVkNjNlNTFlMDNlZDUyOTJhNDJjMjRlNiIsInBydiI6IjI3MGVjZmM3ZWEzZWQ5MzdlYTg0OTM2MmEzYTUwOTEwYzZkOGNlNGYiLCJsb2dpbl9hc19pZCI6IjY1N2YwYWQ3M2Y5NzcyOTVjZjA1NTc2YSJ9.HrFj93b7MHe20xR4p-1mFS7yAIcglsLEihLTPi61lEU
[2024-05-12T04:20:42.912+0000] {Units_dag.py:103} INFO - {'_id': '64579c6039e420514a36b6f4', 'icon': 'icons/icon.png', 'driver_id': '', 'tailer_id': '', 'profile': {'vehicle_type': '', 'measurement_type': 'count', 'max_capacity': 0, 'vin': '', 'plate_number': '', 'start_operation': '', 'contract_milage': '', 'opening_milage': '', 'model': '', 'fuel_type': '91', 'year': 0, 'seats': 2}, 'device_password': '***', 'device_type': 'gps', 'gateway': False, 'name': 'H0200097 (7072 K A A)', 'operation_code': 'H0200097', 'device_gateway': '', 'business_types': {'waste': False, 'transportation': True, 'water': False}, 'imei': '350544507878471', 'sim_number': '+966830031794199', 'sim_serial': '421296730027', 'device_serial': '1125711183', 'device': 'teltonika', 'user_id': '62bb1bb23c00423a7b3af933', 'created_by': '5e6655bf03ed52e1ab79d301', 'updated_at': '2024-04-18 11:18:59', 'created_at': '2023-05-07 15:41:04', 'shipment_info': {'product_category': None, 'truck_type': None, 'shipment_type': None, 'shipment_payment_type': None, 'transporter_type': None, 'operating_area': None, 'weight_kilograms_per_day': None, 'kms_per_day': None, 'shipment_trip_drive_hrs_day': None, 'allowable_delay_drive_hrs_day': None, 'expected_shipment_trip_day': None, 'car_pay_per_day': None, 'exceeding_temperature_limit_per_day': None, 'temperature_upper_limit': None, 'exceeding_humidity_limit_per_day': None, 'humidity_upper_limit': None}, 'skip_sim_information': False, 'custom_fields': [], 'creator': 'amr.ahmed', 'company': '', 'owner': 'al-yamama-trading-admin', 'last_update': {'dtt': 1715487595000, 'dts': 1715487600606, 'spd': 3, 'ang': 157, 'alt': 5, 'chPrams': {'Speed': {'v': 3, 'cdt': 1715487565000}, 'output1': {'v': False, 'cdt': 1715330381000}, 'output2': {'v': False, 'cdt': 1715330381000}, 'ePwrV': {'v': 27.993000000000002, 'cdt': 1715487595000}, 'parm24': {'v': 3, 'cdt': 1715487565000}, 'sat': {'v': 16, 'cdt': 1715487595000}, 'ai1': {'v': 43, 'cdt': 1715426794000}, 'priority': {'v': 0, 'cdt': 1714447822000}, 'di2': {'v': 0, 'cdt': 1714716221000}, 'type': {'v': 6, 'cdt': 1714994201000}, 'di1': {'v': 1, 'cdt': 1715482821000}, 'result': {'v': '5665723a30332e32372e31335f3033204750533a41584e5f352e312e392048773a464d42313230204d6f643a333320494d45493a33353035343435303738373834373120496e69743a323032342d342d32342031383a3120557074696d653a31343532393736204d41433a333838413231313638354631205350433a312830292041584c3a32204f42443a3020424c3a312e31302042543a34', 'cdt': 1715437227000}, 'protocol': {'v': 'FMB120', 'cdt': 1715437528000}, 'parm6': {'v': 43, 'cdt': 1715426794000}, 'iPwrV': {'v': 4.022, 'cdt': 1715487595000}, 'event': {'v': 0, 'cdt': 1714447822000}}, 'prms': {'protocol': 'FMB120', 'priority': 0, 'sat': 16, 'event': 0, 'di1': 1, 'output1': 0, 'di2': 0, 'output2': 0, 'ePwrV': 27.993000000000002, 'Speed': 3, 'parm24': 3, 'iPwrV': 4.022, 'ai1': 43, 'parm6': 43}, 'devPrms': ['protocol', 'priority', 'sat', 'event', 'di1', 'output1', 'di2', 'output2', 'ePwrV', 'Speed', 'parm24', 'iPwrV', 'ai1', 'parm6'], 'old_params': {'protocol': 'FMB120', 'priority': 0, 'sat': 17, 'event': 0, 'di1': 1, 'output1': 0, 'di2': 0, 'output2': 0, 'ePwrV': 27.996000000000002, 'Speed': 3, 'parm24': 3, 'iPwrV': 4.024, 'ai1': 43, 'parm6': 43}, 'vLoc': 1, 'vCon': 1, 'ip': '51.36.192.64', 'rl': 0.0098, 'trl': 6344.6222, 'mdu': 0, 'tmdu': 580361, 'eidl': 30, 'teidl': 10468612, 'fc': 0.001176, 'tfc': 21.669696, 'acc': 1, 'accOn': 621747926, 'accOff': 20846579, 'sdu': 0, 'tsdu': 0, 'lat': 27.9030783, 'lng': 48.6934333}, 'counters': {'odometer_type': 'gps', 'odometer': 6344.6217, 'engine_hours_type': 'acc', 'engine_hours': 621747926, 'last_acc': 1}, 'is_wasl_connected': 'Not Connected', 'iconUrl': 'https://api.afaqy.sa/images/units/icons/icon.png', 'hasCCTV': False}
[2024-05-12T04:20:47.410+0000] {warnings.py:109} WARNING - /home/***/.local/lib/python3.8/site-packages/elasticsearch/_sync/client/__init__.py:399: SecurityWarning: Connecting to 'https://dbelk1.afaqy.local:9200' using TLS with verify_certs=False is insecure
  _transport = transport_class(

[2024-05-12T04:20:47.598+0000] {warnings.py:109} WARNING - /home/***/.local/lib/python3.8/site-packages/elasticsearch/_sync/client/__init__.py:399: SecurityWarning: Connecting to 'https://dbelk2.afaqy.local:9200' using TLS with verify_certs=False is insecure
  _transport = transport_class(

[2024-05-12T04:20:47.856+0000] {warnings.py:109} WARNING - /home/***/.local/lib/python3.8/site-packages/elasticsearch/_sync/client/__init__.py:399: SecurityWarning: Connecting to 'https://dbelk3.afaqy.local:9200' using TLS with verify_certs=False is insecure
  _transport = transport_class(

[2024-05-12T04:20:47.904+0000] {warnings.py:109} WARNING - /home/***/.local/lib/python3.8/site-packages/urllib3/connectionpool.py:1061: InsecureRequestWarning: Unverified HTTPS request is being made to host 'dbelk1.afaqy.local'. Adding certificate verification is strongly advised. See: https://urllib3.readthedocs.io/en/1.26.x/advanced-usage.html#ssl-warnings
  warnings.warn(

[2024-05-12T04:20:47.963+0000] {_transport.py:335} INFO - GET https://dbelk1.afaqy.local:9200/_cluster/health [status:200 duration:0.087s]
[2024-05-12T04:20:49.078+0000] {warnings.py:109} WARNING - /home/***/.local/lib/python3.8/site-packages/urllib3/connectionpool.py:1061: InsecureRequestWarning: Unverified HTTPS request is being made to host 'dbelk2.afaqy.local'. Adding certificate verification is strongly advised. See: https://urllib3.readthedocs.io/en/1.26.x/advanced-usage.html#ssl-warnings
  warnings.warn(

[2024-05-12T04:20:49.099+0000] {_transport.py:335} INFO - PUT https://dbelk2.afaqy.local:9200/units_statistics_***/_bulk [status:429 duration:0.062s]
[2024-05-12T04:20:49.100+0000] {_node_pool.py:249} WARNING - Node <Urllib3HttpNode(https://dbelk2.afaqy.local:9200)> has failed for 1 times in a row, putting on 1 second timeout
[2024-05-12T04:20:49.100+0000] {_transport.py:427} WARNING - Retrying request after non-successful status 429 (attempt 0 of 3)
[2024-05-12T04:20:49.101+0000] {warnings.py:109} WARNING - /home/***/.local/lib/python3.8/site-packages/urllib3/connectionpool.py:1061: InsecureRequestWarning: Unverified HTTPS request is being made to host 'dbelk1.afaqy.local'. Adding certificate verification is strongly advised. See: https://urllib3.readthedocs.io/en/1.26.x/advanced-usage.html#ssl-warnings
  warnings.warn(

[2024-05-12T04:20:49.278+0000] {_transport.py:335} INFO - PUT https://dbelk1.afaqy.local:9200/units_statistics_***/_bulk [status:200 duration:0.177s]
[2024-05-12T04:20:50.048+0000] {taskinstance.py:2731} ERROR - Task failed with exception
Traceback (most recent call last):
  File "/home/airflow/.local/lib/python3.8/site-packages/airflow/models/taskinstance.py", line 444, in _execute_task
    result = _execute_callable(context=context, **execute_callable_kwargs)
  File "/home/airflow/.local/lib/python3.8/site-packages/airflow/models/taskinstance.py", line 414, in _execute_callable
    return execute_callable(context=context, **execute_callable_kwargs)
  File "/home/airflow/.local/lib/python3.8/site-packages/airflow/decorators/base.py", line 241, in execute
    return_value = super().execute(context)
  File "/home/airflow/.local/lib/python3.8/site-packages/airflow/operators/python.py", line 200, in execute
    return_value = self.execute_callable()
  File "/home/airflow/.local/lib/python3.8/site-packages/airflow/operators/python.py", line 217, in execute_callable
    return self.python_callable(*self.op_args, **self.op_kwargs)
  File "/opt/airflow/dags/Units_dag.py", line 111, in ETL_job
    Elk_client.elk_pushData(Globals.index_name,units_list_update)
  File "/opt/airflow/dags/units_statistics/elk_manager.py", line 69, in elk_pushData
    helpers.bulk(self.elk_client, docs_list, index=index_name, chunk_size=batch)
  File "/home/airflow/.local/lib/python3.8/site-packages/elasticsearch/helpers/actions.py", line 521, in bulk
    for ok, item in streaming_bulk(
  File "/home/airflow/.local/lib/python3.8/site-packages/elasticsearch/helpers/actions.py", line 436, in streaming_bulk
    for data, (ok, info) in zip(
  File "/home/airflow/.local/lib/python3.8/site-packages/elasticsearch/helpers/actions.py", line 355, in _process_bulk_chunk
    yield from gen
  File "/home/airflow/.local/lib/python3.8/site-packages/elasticsearch/helpers/actions.py", line 274, in _process_bulk_chunk_success
    raise BulkIndexError(f"{len(errors)} document(s) failed to index.", errors)
elasticsearch.helpers.BulkIndexError: 10000 document(s) failed to index.
[2024-05-12T04:20:50.068+0000] {taskinstance.py:1149} INFO - Marking task as UP_FOR_RETRY. dag_id=Units_statistics_DAG, task_id=ETL_job, map_index=10, execution_date=20240512T040000, start_date=20240512T042016, end_date=20240512T042050
[2024-05-12T04:20:50.091+0000] {standard_task_runner.py:107} ERROR - Failed to execute job 52791 for task ETL_job (10000 document(s) failed to index.; 958288)
[2024-05-12T04:20:50.175+0000] {local_task_job_runner.py:234} INFO - Task exited with return code 1
[2024-05-12T04:20:50.201+0000] {taskinstance.py:3312} INFO - 0 downstream tasks scheduled from follow-on schedule check
