[2024-05-06T03:20:18.447+0000] {taskinstance.py:1979} INFO - Dependencies all met for dep_context=non-requeueable deps ti=<TaskInstance: Units_statistics_DAG.ETL_job scheduled__2024-05-06T03:00:00+00:00 map_index=1 [queued]>
[2024-05-06T03:20:18.525+0000] {taskinstance.py:1979} INFO - Dependencies all met for dep_context=requeueable deps ti=<TaskInstance: Units_statistics_DAG.ETL_job scheduled__2024-05-06T03:00:00+00:00 map_index=1 [queued]>
[2024-05-06T03:20:18.526+0000] {taskinstance.py:2193} INFO - Starting attempt 1 of 4
[2024-05-06T03:20:18.616+0000] {taskinstance.py:2217} INFO - Executing <Mapped(_PythonDecoratedOperator): ETL_job> on 2024-05-06 03:00:00+00:00
[2024-05-06T03:20:18.666+0000] {standard_task_runner.py:60} INFO - Started process 797997 to run task
[2024-05-06T03:20:18.672+0000] {standard_task_runner.py:87} INFO - Running: ['***', 'tasks', 'run', 'Units_statistics_DAG', 'ETL_job', 'scheduled__2024-05-06T03:00:00+00:00', '--job-id', '34657', '--raw', '--subdir', 'DAGS_FOLDER/Units_dag.py', '--cfg-path', '/tmp/tmpsorgqzor', '--map-index', '1']
[2024-05-06T03:20:18.688+0000] {standard_task_runner.py:88} INFO - Job 34657: Subtask ETL_job
[2024-05-06T03:20:19.022+0000] {task_command.py:423} INFO - Running <TaskInstance: Units_statistics_DAG.ETL_job scheduled__2024-05-06T03:00:00+00:00 map_index=1 [running]> on host a09da322e808
[2024-05-06T03:20:19.612+0000] {taskinstance.py:2513} INFO - Exporting env vars: AIRFLOW_CTX_DAG_OWNER='abeer-araby' AIRFLOW_CTX_DAG_ID='Units_statistics_DAG' AIRFLOW_CTX_TASK_ID='ETL_job' AIRFLOW_CTX_EXECUTION_DATE='2024-05-06T03:00:00+00:00' AIRFLOW_CTX_TRY_NUMBER='1' AIRFLOW_CTX_DAG_RUN_ID='scheduled__2024-05-06T03:00:00+00:00'
[2024-05-06T03:20:19.613+0000] {Units_dag.py:99} INFO - i: 10000, chunk: 10000
[2024-05-06T03:20:19.613+0000] {Units_dag.py:100} INFO - child token is::: eyJ0eXAiOiJKV1QiLCJhbGciOiJIUzI1NiJ9.eyJpc3MiOiJodHRwczovL2FwaS5hZmFxeS5zYS9hdXRoL2xvZ2luX2FzIiwiaWF0IjoxNzE0OTY1NjA0LCJleHAiOjE3MTc1NTc2MDQsIm5iZiI6MTcxNDk2NTYwNCwianRpIjoiNVExdkRuMWpETHpzdkZHWiIsInN1YiI6IjVkNjNlNTFlMDNlZDUyOTJhNDJjMjRlNiIsInBydiI6IjI3MGVjZmM3ZWEzZWQ5MzdlYTg0OTM2MmEzYTUwOTEwYzZkOGNlNGYiLCJsb2dpbl9hc19pZCI6IjY1N2YwYWQ3M2Y5NzcyOTVjZjA1NTc2YSJ9.fDW8dFSH30mzx3Cj8kkZ3LZT9ghTeNwD1MBofYS1F7E
[2024-05-06T03:20:46.488+0000] {Units_dag.py:104} INFO - {'_id': '6061907a5331431c7d29981f', 'icon': 'icons/icon.png', 'driver_id': '', 'tailer_id': '', 'profile': {'vehicle_type': 'Accent', 'measurement_type': 'count', 'max_capacity': 0, 'vin': '', 'plate_number': '', 'start_operation': '', 'contract_milage': '', 'opening_milage': '', 'model': '', 'fuel_type': '91', 'year': 0, 'seats': 2}, 'device_password': '***', 'name': '6458GHD', 'operation_code': '', 'imei': '861230049860597', 'sim_number': '+966830021028893', 'sim_serial': '8996641520112656853', 'device_serial': '861230049860597', 'device': 'bceIotm', 'user_id': '5e68ea7a03ed528a611e0f38', 'created_by': '5e6655bf03ed52e1ab79d301', 'updated_at': '2024-04-18 11:18:59', 'created_at': '2021-03-29 11:31:54', 'device_type': 'gps', 'business_types': {'waste': False, 'transportation': True, 'water': False}, 'device_gateway': '', 'gateway': '', 'skip_sim_information': '', 'shipment_info': {'product_category': None, 'truck_type': None, 'shipment_type': None, 'shipment_payment_type': None, 'transporter_type': None, 'operating_area': None, 'weight_kilograms_per_day': None, 'kms_per_day': None, 'shipment_trip_drive_hrs_day': None, 'allowable_delay_drive_hrs_day': None, 'expected_shipment_trip_day': None, 'car_pay_per_day': None, 'exceeding_temperature_limit_per_day': None, 'temperature_upper_limit': None, 'exceeding_humidity_limit_per_day': None, 'humidity_upper_limit': None}, 'cctv': {'dvr_id': '', 'channels': 1}, 'custom_fields': [], 'creator': 'amr.ahmed', 'company': '', 'owner': 'shift_co', 'last_update': {'dtt': 1714965491000, 'dts': 1714965549268, 'spd': 0, 'ang': 96, 'alt': 636, 'chPrams': {'acc': {'v': 1, 'cdt': 1714965106000}, 'sensor_8192': {'v': 17, 'cdt': 1714965491000}, 'sensor_16386': {'v': 0, 'cdt': 1712999682000}, 'sensor_16385': {'v': 1147, 'cdt': 1714965410000}, 'fw_name': {'v': 'FF0_01_122', 'cdt': 1714425743000}, 'ePwrV': {'v': 14493, 'cdt': 1714965489000}, 'sensor_8199': {'v': 13, 'cdt': 1714965491000}, 'sensor_16387': {'v': 32697200, 'cdt': 1714965363000}, 'sensor_153': {'v': 0, 'cdt': 1712491113000}, 'sensor_12300': {'v': 17892, 'cdt': 1714965491000}, 'war_id': {'v': 0, 'cdt': 1714965111000}, 'protocol': {'v': 'MQTT', 'cdt': 1714940513000}, 'sensor_97': {'v': 0, 'cdt': 1712999682000}, 'sensor_98': {'v': 0, 'cdt': 1714965108000}, 'sensor_99': {'v': 0, 'cdt': 1714931293000}, 'spd': {'v': 0, 'cdt': 1714920756000}, 'sensor_12292': {'v': 3868, 'cdt': 1714965491000}, 'sat': {'v': 12, 'cdt': 1714942620000}, 'sensor_103': {'v': 0, 'cdt': 1712999682000}, 'fun_id': {'v': 182, 'cdt': 1714965111000}, 'sensor_102': {'v': 0, 'cdt': 1712999682000}, 'sensor_8200': {'v': 130, 'cdt': 1714965489000}, 'sensor_101': {'v': 0, 'cdt': 1714965444000}, 'sensor_100': {'v': 0, 'cdt': 1714965401000}, 'hdop': {'v': 5, 'cdt': 1714965462000}, 'sensor_12299': {'v': 136, 'cdt': 1714965491000}, 'sensor_40962': {'v': -0.21901169419288635, 'cdt': 1714965491000}, 'sensor_49156': {'v': 'SMS accent lock/unlo', 'cdt': 1713455534000}, 'sensor_40961': {'v': 0.14252212643623352, 'cdt': 1714965491000}}, 'prms': {'sensor_40962': -0.21901169419288635, 'sensor_40961': 0.14252212643623352, 'sensor_16386': 0, 'sensor_16387': 32697200, 'sensor_16385': 1147, 'sensor_12300': 17892, 'ePwrV': 14493, 'sensor_12299': 136, 'sensor_12292': 3868, 'sensor_153': 0, 'sensor_8192': 17, 'sensor_99': 0, 'sensor_97': 0, 'sensor_8200': 130, 'sensor_103': 0, 'sensor_98': 0, 'sensor_102': 0, 'sensor_101': 0, 'acc': 1, 'spd': 0, 'hdop': 5, 'sat': 12, 'sensor_8199': 13, 'sensor_100': 0, 'protocol': 'MQTT'}, 'devPrms': ['sensor_40962', 'sensor_40961', 'sensor_16386', 'sensor_16387', 'sensor_16385', 'sensor_12300', 'ePwrV', 'sensor_12299', 'sensor_12292', 'sensor_153', 'sensor_8192', 'sensor_99', 'sensor_97', 'sensor_8200', 'sensor_103', 'sensor_98', 'sensor_102', 'sensor_101', 'acc', 'spd', 'hdop', 'sat', 'sensor_8199', 'sensor_100', 'protocol', 'fun_id', 'war_id', 'fw_name'], 'old_params': {'sensor_40962': -0.05567895993590355, 'sensor_40961': -0.25869202613830566, 'sensor_16386': 0, 'sensor_16387': 32697200, 'sensor_16385': 1147, 'sensor_12300': 13220, 'ePwrV': 14493, 'sensor_12299': 88, 'sensor_12292': 3863, 'sensor_153': 0, 'sensor_8192': 10, 'sensor_99': 0, 'sensor_97': 0, 'sensor_8200': 130, 'sensor_103': 0, 'sensor_98': 0, 'sensor_102': 0, 'sensor_101': 0, 'acc': 1, 'spd': 0, 'hdop': 5, 'sat': 12, 'sensor_8199': 15, 'sensor_100': 0, 'protocol': 'MQTT'}, 'vLoc': 1, 'vCon': 1, 'ip': '109.83.117.253', 'rl': 0, 'trl': 163486, 'mdu': 0, 'tmdu': 10562281, 'eidl': 2, 'teidl': 12328094, 'fc': 0, 'tfc': 0, 'acc': 1, 'accOn': 51138385, 'accOff': 88425377, 'sdu': 0, 'tsdu': 0, 'lat': 26.401220321655273, 'lng': 43.94218826293945}, 'counters': {'odometer_type': 'canbus', 'odometer': 163486, 'engine_hours_type': 'acc', 'engine_hours': 51138385, 'last_acc': 1}, 'is_wasl_connected': 'Not Connected', 'iconUrl': 'https://api.afaqy.sa/images/units/icons/icon.png', 'hasCCTV': False}
[2024-05-06T03:20:47.277+0000] {warnings.py:109} WARNING - /home/***/.local/lib/python3.8/site-packages/elasticsearch/_sync/client/__init__.py:399: SecurityWarning: Connecting to 'https://dbelk1.afaqy.local:9200' using TLS with verify_certs=False is insecure
  _transport = transport_class(

[2024-05-06T03:20:47.336+0000] {warnings.py:109} WARNING - /home/***/.local/lib/python3.8/site-packages/elasticsearch/_sync/client/__init__.py:399: SecurityWarning: Connecting to 'https://dbelk2.afaqy.local:9200' using TLS with verify_certs=False is insecure
  _transport = transport_class(

[2024-05-06T03:20:47.461+0000] {warnings.py:109} WARNING - /home/***/.local/lib/python3.8/site-packages/elasticsearch/_sync/client/__init__.py:399: SecurityWarning: Connecting to 'https://dbelk3.afaqy.local:9200' using TLS with verify_certs=False is insecure
  _transport = transport_class(

[2024-05-06T03:20:47.501+0000] {warnings.py:109} WARNING - /home/***/.local/lib/python3.8/site-packages/urllib3/connectionpool.py:1061: InsecureRequestWarning: Unverified HTTPS request is being made to host 'dbelk1.afaqy.local'. Adding certificate verification is strongly advised. See: https://urllib3.readthedocs.io/en/1.26.x/advanced-usage.html#ssl-warnings
  warnings.warn(

[2024-05-06T03:20:47.566+0000] {_transport.py:335} INFO - GET https://dbelk1.afaqy.local:9200/_cluster/health [status:200 duration:0.097s]
[2024-05-06T03:20:48.306+0000] {warnings.py:109} WARNING - /home/***/.local/lib/python3.8/site-packages/urllib3/connectionpool.py:1061: InsecureRequestWarning: Unverified HTTPS request is being made to host 'dbelk2.afaqy.local'. Adding certificate verification is strongly advised. See: https://urllib3.readthedocs.io/en/1.26.x/advanced-usage.html#ssl-warnings
  warnings.warn(

[2024-05-06T03:20:48.335+0000] {_transport.py:335} INFO - PUT https://dbelk2.afaqy.local:9200/units_statistics_***/_bulk [status:429 duration:0.053s]
[2024-05-06T03:20:48.335+0000] {_node_pool.py:249} WARNING - Node <Urllib3HttpNode(https://dbelk2.afaqy.local:9200)> has failed for 1 times in a row, putting on 1 second timeout
[2024-05-06T03:20:48.336+0000] {_transport.py:427} WARNING - Retrying request after non-successful status 429 (attempt 0 of 3)
[2024-05-06T03:20:48.336+0000] {warnings.py:109} WARNING - /home/***/.local/lib/python3.8/site-packages/urllib3/connectionpool.py:1061: InsecureRequestWarning: Unverified HTTPS request is being made to host 'dbelk1.afaqy.local'. Adding certificate verification is strongly advised. See: https://urllib3.readthedocs.io/en/1.26.x/advanced-usage.html#ssl-warnings
  warnings.warn(

[2024-05-06T03:20:48.515+0000] {_transport.py:335} INFO - PUT https://dbelk1.afaqy.local:9200/units_statistics_***/_bulk [status:200 duration:0.179s]
[2024-05-06T03:20:49.060+0000] {taskinstance.py:2731} ERROR - Task failed with exception
Traceback (most recent call last):
  File "/home/airflow/.local/lib/python3.8/site-packages/airflow/models/taskinstance.py", line 444, in _execute_task
    result = _execute_callable(context=context, **execute_callable_kwargs)
  File "/home/airflow/.local/lib/python3.8/site-packages/airflow/models/taskinstance.py", line 414, in _execute_callable
    return execute_callable(context=context, **execute_callable_kwargs)
  File "/home/airflow/.local/lib/python3.8/site-packages/airflow/decorators/base.py", line 241, in execute
    return_value = super().execute(context)
  File "/home/airflow/.local/lib/python3.8/site-packages/airflow/operators/python.py", line 200, in execute
    return_value = self.execute_callable()
  File "/home/airflow/.local/lib/python3.8/site-packages/airflow/operators/python.py", line 217, in execute_callable
    return self.python_callable(*self.op_args, **self.op_kwargs)
  File "/opt/airflow/dags/Units_dag.py", line 112, in ETL_job
    Elk_client.elk_pushData(Globals.index_name,units_list_update)
  File "/opt/airflow/dags/elk_manager.py", line 69, in elk_pushData
    helpers.bulk(self.elk_client, docs_list, index=index_name, chunk_size=batch)
  File "/home/airflow/.local/lib/python3.8/site-packages/elasticsearch/helpers/actions.py", line 521, in bulk
    for ok, item in streaming_bulk(
  File "/home/airflow/.local/lib/python3.8/site-packages/elasticsearch/helpers/actions.py", line 436, in streaming_bulk
    for data, (ok, info) in zip(
  File "/home/airflow/.local/lib/python3.8/site-packages/elasticsearch/helpers/actions.py", line 355, in _process_bulk_chunk
    yield from gen
  File "/home/airflow/.local/lib/python3.8/site-packages/elasticsearch/helpers/actions.py", line 274, in _process_bulk_chunk_success
    raise BulkIndexError(f"{len(errors)} document(s) failed to index.", errors)
elasticsearch.helpers.BulkIndexError: 10000 document(s) failed to index.
[2024-05-06T03:20:49.071+0000] {taskinstance.py:1149} INFO - Marking task as UP_FOR_RETRY. dag_id=Units_statistics_DAG, task_id=ETL_job, map_index=1, execution_date=20240506T030000, start_date=20240506T032018, end_date=20240506T032049
[2024-05-06T03:20:49.104+0000] {standard_task_runner.py:107} ERROR - Failed to execute job 34657 for task ETL_job (10000 document(s) failed to index.; 797997)
[2024-05-06T03:20:49.210+0000] {local_task_job_runner.py:234} INFO - Task exited with return code 1
[2024-05-06T03:20:49.237+0000] {taskinstance.py:3312} INFO - 0 downstream tasks scheduled from follow-on schedule check
