[2024-05-13T13:20:19.124+0000] {local_task_job_runner.py:120} INFO - ::group::Pre task execution logs
[2024-05-13T13:20:19.294+0000] {taskinstance.py:2076} INFO - Dependencies all met for dep_context=non-requeueable deps ti=<TaskInstance: Units_statistics_DAG.ETL_job scheduled__2024-05-13T13:00:00+00:00 map_index=14 [queued]>
[2024-05-13T13:20:19.358+0000] {taskinstance.py:2076} INFO - Dependencies all met for dep_context=requeueable deps ti=<TaskInstance: Units_statistics_DAG.ETL_job scheduled__2024-05-13T13:00:00+00:00 map_index=14 [queued]>
[2024-05-13T13:20:19.358+0000] {taskinstance.py:2306} INFO - Starting attempt 1 of 4
[2024-05-13T13:20:19.471+0000] {taskinstance.py:2330} INFO - Executing <Mapped(_PythonDecoratedOperator): ETL_job> on 2024-05-13 13:00:00+00:00
[2024-05-13T13:20:19.521+0000] {warnings.py:110} WARNING - /home/***/.local/lib/python3.12/site-packages/***/task/task_runner/standard_task_runner.py:61: DeprecationWarning: This process (pid=19502) is multi-threaded, use of fork() may lead to deadlocks in the child.
  pid = os.fork()

[2024-05-13T13:20:19.532+0000] {standard_task_runner.py:63} INFO - Started process 19515 to run task
[2024-05-13T13:20:19.543+0000] {standard_task_runner.py:90} INFO - Running: ['***', 'tasks', 'run', 'Units_statistics_DAG', 'ETL_job', 'scheduled__2024-05-13T13:00:00+00:00', '--job-id', '55912', '--raw', '--subdir', 'DAGS_FOLDER/Units_dag.py', '--cfg-path', '/tmp/tmp848vfjk4', '--map-index', '14']
[2024-05-13T13:20:19.545+0000] {standard_task_runner.py:91} INFO - Job 55912: Subtask ETL_job
[2024-05-13T13:20:19.831+0000] {task_command.py:426} INFO - Running <TaskInstance: Units_statistics_DAG.ETL_job scheduled__2024-05-13T13:00:00+00:00 map_index=14 [running]> on host 7138d7e072c5
[2024-05-13T13:20:20.647+0000] {taskinstance.py:2648} INFO - Exporting env vars: AIRFLOW_CTX_DAG_OWNER='abeer-araby' AIRFLOW_CTX_DAG_ID='Units_statistics_DAG' AIRFLOW_CTX_TASK_ID='ETL_job' AIRFLOW_CTX_EXECUTION_DATE='2024-05-13T13:00:00+00:00' AIRFLOW_CTX_TRY_NUMBER='1' AIRFLOW_CTX_DAG_RUN_ID='scheduled__2024-05-13T13:00:00+00:00'
[2024-05-13T13:20:20.649+0000] {taskinstance.py:430} INFO - ::endgroup::
[2024-05-13T13:20:20.652+0000] {Units_dag.py:98} INFO - i: 140000, chunk: 10000
[2024-05-13T13:20:20.663+0000] {Units_dag.py:99} INFO - child token is::: eyJ0eXAiOiJKV1QiLCJhbGciOiJIUzI1NiJ9.eyJpc3MiOiJodHRwczovL2FwaS5hZmFxeS5zYS9hdXRoL2xvZ2luX2FzIiwiaWF0IjoxNzE1NjA2NDA1LCJleHAiOjE3MTgxOTg0MDUsIm5iZiI6MTcxNTYwNjQwNSwianRpIjoicWdtbWVHUEY0WmlRcU1GWSIsInN1YiI6IjVkNjNlNTFlMDNlZDUyOTJhNDJjMjRlNiIsInBydiI6IjI3MGVjZmM3ZWEzZWQ5MzdlYTg0OTM2MmEzYTUwOTEwYzZkOGNlNGYiLCJsb2dpbl9hc19pZCI6IjY1N2YwYWQ3M2Y5NzcyOTVjZjA1NTc2YSJ9.WE6V4hojWKb2q7x0QIsZI4uRkYFg9x2cyBJo-rUaIhA
[2024-05-13T13:20:42.597+0000] {Units_dag.py:103} INFO - {'_id': '655217a93e5bf183f0092e23', 'icon': 'icons/icon.png', 'driver_id': '', 'tailer_id': '', 'profile': {'measurement_type': 'count', 'fuel_type': '91', 'year': 0, 'seats': 2}, 'shipment_info': {'product_category': '', 'truck_type': '', 'shipment_type': '', 'shipment_payment_type': '', 'transporter_type': '', 'operating_area': '', 'weight_kilograms_per_day': '', 'kms_per_day': '', 'opening_milage': '', 'shipment_trip_drive_hrs_day': '', 'expected_shipment_trip_day': '', 'car_pay_per_day': '', 'exceeding_temperature_limit_per_day': '', 'temperature_upper_limit': '', 'exceeding_humidity_limit_per_day': '', 'humidity_upper_limit': '', 'allowable_delay_drive_hrs_day': ''}, 'device_password': '***', 'device_type': 'gps', 'gateway': False, 'business_types': {'waste': False, 'transportation': True, 'water': False}, 'name': '6819 E S R', 'operation_code': None, 'device_gateway': None, 'skip_sim_information': False, 'imei': '868184060484576', 'sim_number': '+966830031786834', 'sim_serial': '8996604212967281777', 'device_serial': '868184060484576', 'device': 'bce', 'user_id': '652d05984097bd2b6f0e4bc9', 'created_by': '5e6655bf03ed52e1ab79d301', 'updated_at': '2024-04-18 11:18:59', 'created_at': '2023-11-13 15:33:45', 'custom_fields': [], 'creator': 'amr.ahmed', 'company': '', 'owner': 'united-car-admin', 'last_update': {'dtt': 1715606352000, 'dts': 1715606356716, 'spd': 0, 'ang': 0, 'alt': 0, 'lastloc': {'lat': 21.525270462036133, 'lng': 39.180904388427734}, 'chPrams': {'ePwrV': {'v': 12.333, 'cdt': 1715606352000}, 'di16': {'v': 1, 'cdt': 1715433020000}, 'rssi1': {'v': 97, 'cdt': 1715606352000}, 'di15': {'v': 0, 'cdt': 1715433020000}, 'di14': {'v': 0, 'cdt': 1715583668000}, 'di13': {'v': 0, 'cdt': 1715433020000}, 'di12': {'v': 0, 'cdt': 1715433020000}, 'di11': {'v': 0, 'cdt': 1715433020000}, 'di10': {'v': 0, 'cdt': 1699879040000}, 'di2': {'v': 0, 'cdt': 1715433020000}, 'di1': {'v': 0, 'cdt': 1715584056000}, 'di4': {'v': 0, 'cdt': 1715433020000}, 'di3': {'v': 0, 'cdt': 1715433020000}, 'di6': {'v': 0, 'cdt': 1715583756000}, 'di5': {'v': 0, 'cdt': 1715583756000}, 'lac1': {'v': 42014, 'cdt': 1715583076000}, 'protocol': {'v': 'bce', 'cdt': 1715433020000}, 'di8': {'v': 1, 'cdt': 1715433020000}, 'di7': {'v': 0, 'cdt': 1715584056000}, 'di9': {'v': 0, 'cdt': 1715433020000}, 'iPwrV': {'v': 4.076, 'cdt': 1715546658000}, 'cid1': {'v': 11462, 'cdt': 1715583654000}, 'odometer': {'v': 0, 'cdt': 1715583710000}, 'spd': {'v': 0, 'cdt': 1715583710000}, 'sat': {'v': 10, 'cdt': 1715583706000}, 'hdop': {'v': 1, 'cdt': 1715524902000}, 'ta': {'v': 0, 'cdt': 1715433020000}, 'mcc1': {'v': 420, 'cdt': 1715363296000}, 'mnc1': {'v': 4, 'cdt': 1713108218000}}, 'prms': {'protocol': 'bce', 'di16': 1, 'di15': 0, 'di14': 0, 'di13': 0, 'di12': 0, 'di11': 0, 'di10': 0, 'di9': 0, 'di8': 1, 'di7': 0, 'di6': 0, 'di5': 0, 'di4': 0, 'di3': 0, 'di2': 0, 'di1': 0, 'ePwrV': 12.333, 'iPwrV': 4.076, 'ta': 0, 'mcc1': 420, 'mnc1': 4, 'lac1': 42014, 'cid1': 11462, 'rssi1': 97}, 'devPrms': ['protocol', 'di16', 'di15', 'di14', 'di13', 'di12', 'di11', 'di10', 'di9', 'di8', 'di7', 'di6', 'di5', 'di4', 'di3', 'di2', 'di1', 'ePwrV', 'iPwrV', 'ta', 'mcc1', 'mnc1', 'lac1', 'cid1', 'rssi1'], 'old_params': {'di16': 1, 'ePwrV': 12.369, 'di15': 0, 'rssi1': 98, 'di14': 0, 'di13': 0, 'di12': 0, 'di11': 0, 'di10': 0, 'di2': 0, 'di1': 0, 'di4': 0, 'di3': 0, 'di6': 0, 'di5': 0, 'lac1': 42014, 'protocol': 'bce', 'di8': 1, 'di7': 0, 'di9': 0, 'iPwrV': 4.076, 'cid1': 11462, 'ta': 0, 'mcc1': 420, 'mnc1': 4}, 'vLoc': 0, 'vCon': 0, 'ip': '51.39.12.219', 'rl': 0, 'trl': 17365.4158, 'mdu': 0, 'tmdu': 998824, 'eidl': 0, 'teidl': 756964, 'fc': 0, 'tfc': 9.983352, 'acc': 0, 'accOn': 2653367130, 'accOff': 2538750890, 'sdu': 300, 'tsdu': 22596, 'lat': 0, 'lng': 0}, 'counters': {'engine_hours': 2653367130, 'last_acc': 0, 'odometer': 30051.8918}, 'is_wasl_connected': 'Not Connected', 'iconUrl': 'https://api.afaqy.sa/images/units/icons/icon.png', 'hasCCTV': False}
[2024-05-13T13:20:44.196+0000] {warnings.py:110} WARNING - /home/***/.local/lib/python3.12/site-packages/elasticsearch/_sync/client/__init__.py:399: SecurityWarning: Connecting to 'https://dbelk1.afaqy.local:9200' using TLS with verify_certs=False is insecure
  _transport = transport_class(

[2024-05-13T13:20:44.377+0000] {warnings.py:110} WARNING - /home/***/.local/lib/python3.12/site-packages/elasticsearch/_sync/client/__init__.py:399: SecurityWarning: Connecting to 'https://dbelk2.afaqy.local:9200' using TLS with verify_certs=False is insecure
  _transport = transport_class(

[2024-05-13T13:20:45.453+0000] {warnings.py:110} WARNING - /home/***/.local/lib/python3.12/site-packages/elasticsearch/_sync/client/__init__.py:399: SecurityWarning: Connecting to 'https://dbelk3.afaqy.local:9200' using TLS with verify_certs=False is insecure
  _transport = transport_class(

[2024-05-13T13:20:45.494+0000] {warnings.py:110} WARNING - /home/***/.local/lib/python3.12/site-packages/urllib3/connectionpool.py:1103: InsecureRequestWarning: Unverified HTTPS request is being made to host 'dbelk1.afaqy.local'. Adding certificate verification is strongly advised. See: https://urllib3.readthedocs.io/en/latest/advanced-usage.html#tls-warnings
  warnings.warn(

[2024-05-13T13:20:45.687+0000] {_transport.py:349} INFO - GET https://dbelk1.afaqy.local:9200/_cluster/health [status:200 duration:0.232s]
[2024-05-13T13:20:46.916+0000] {warnings.py:110} WARNING - /home/***/.local/lib/python3.12/site-packages/urllib3/connectionpool.py:1103: InsecureRequestWarning: Unverified HTTPS request is being made to host 'dbelk2.afaqy.local'. Adding certificate verification is strongly advised. See: https://urllib3.readthedocs.io/en/latest/advanced-usage.html#tls-warnings
  warnings.warn(

[2024-05-13T13:20:48.539+0000] {_transport.py:349} INFO - PUT https://dbelk2.afaqy.local:9200/units_statistics_***/_bulk [status:200 duration:1.986s]
[2024-05-13T13:20:49.579+0000] {python.py:237} INFO - Done. Returned value was: None
[2024-05-13T13:20:49.580+0000] {taskinstance.py:441} INFO - ::group::Post task execution logs
[2024-05-13T13:20:49.622+0000] {taskinstance.py:1206} INFO - Marking task as SUCCESS. dag_id=Units_statistics_DAG, task_id=ETL_job, run_id=scheduled__2024-05-13T13:00:00+00:00, map_index=14, execution_date=20240513T130000, start_date=20240513T132019, end_date=20240513T132049
[2024-05-13T13:20:49.815+0000] {local_task_job_runner.py:240} INFO - Task exited with return code 0
[2024-05-13T13:20:49.982+0000] {taskinstance.py:3498} INFO - 0 downstream tasks scheduled from follow-on schedule check
[2024-05-13T13:20:50.014+0000] {local_task_job_runner.py:222} INFO - ::endgroup::
