[2024-05-09T15:40:19.366+0000] {taskinstance.py:1979} INFO - Dependencies all met for dep_context=non-requeueable deps ti=<TaskInstance: Units_statistics_DAG.ETL_job scheduled__2024-05-09T15:20:00+00:00 map_index=13 [queued]>
[2024-05-09T15:40:19.455+0000] {taskinstance.py:1979} INFO - Dependencies all met for dep_context=requeueable deps ti=<TaskInstance: Units_statistics_DAG.ETL_job scheduled__2024-05-09T15:20:00+00:00 map_index=13 [queued]>
[2024-05-09T15:40:19.459+0000] {taskinstance.py:2193} INFO - Starting attempt 1 of 4
[2024-05-09T15:40:19.557+0000] {taskinstance.py:2217} INFO - Executing <Mapped(_PythonDecoratedOperator): ETL_job> on 2024-05-09 15:20:00+00:00
[2024-05-09T15:40:19.587+0000] {standard_task_runner.py:60} INFO - Started process 890213 to run task
[2024-05-09T15:40:19.638+0000] {standard_task_runner.py:87} INFO - Running: ['***', 'tasks', 'run', 'Units_statistics_DAG', 'ETL_job', 'scheduled__2024-05-09T15:20:00+00:00', '--job-id', '44695', '--raw', '--subdir', 'DAGS_FOLDER/Units_dag.py', '--cfg-path', '/tmp/tmp465irfgo', '--map-index', '13']
[2024-05-09T15:40:19.640+0000] {standard_task_runner.py:88} INFO - Job 44695: Subtask ETL_job
[2024-05-09T15:40:19.894+0000] {task_command.py:423} INFO - Running <TaskInstance: Units_statistics_DAG.ETL_job scheduled__2024-05-09T15:20:00+00:00 map_index=13 [running]> on host a09da322e808
[2024-05-09T15:40:20.118+0000] {taskinstance.py:2513} INFO - Exporting env vars: AIRFLOW_CTX_DAG_OWNER='abeer-araby' AIRFLOW_CTX_DAG_ID='Units_statistics_DAG' AIRFLOW_CTX_TASK_ID='ETL_job' AIRFLOW_CTX_EXECUTION_DATE='2024-05-09T15:20:00+00:00' AIRFLOW_CTX_TRY_NUMBER='1' AIRFLOW_CTX_DAG_RUN_ID='scheduled__2024-05-09T15:20:00+00:00'
[2024-05-09T15:40:20.120+0000] {Units_dag.py:98} INFO - i: 130000, chunk: 10000
[2024-05-09T15:40:20.122+0000] {Units_dag.py:99} INFO - child token is::: eyJ0eXAiOiJKV1QiLCJhbGciOiJIUzI1NiJ9.eyJpc3MiOiJodHRwczovL2FwaS5hZmFxeS5zYS9hdXRoL2xvZ2luX2FzIiwiaWF0IjoxNzE1MjY5MjA1LCJleHAiOjE3MTc4NjEyMDUsIm5iZiI6MTcxNTI2OTIwNSwianRpIjoidGY3SE55aG9SdHd3SHZzQSIsInN1YiI6IjVkNjNlNTFlMDNlZDUyOTJhNDJjMjRlNiIsInBydiI6IjI3MGVjZmM3ZWEzZWQ5MzdlYTg0OTM2MmEzYTUwOTEwYzZkOGNlNGYiLCJsb2dpbl9hc19pZCI6IjY1N2YwYWQ3M2Y5NzcyOTVjZjA1NTc2YSJ9.ydjg4-4-72K2bEOQXKCASUU4rzN8r_o-kTYKromRmRg
[2024-05-09T15:40:54.789+0000] {Units_dag.py:103} INFO - {'_id': '65117441d865dc3dbb506b0e', 'icon': 'icons/icon.png', 'driver_id': '', 'tailer_id': '', 'profile': {'vehicle_type': '', 'measurement_type': 'count', 'max_capacity': 0, 'vin': '', 'plate_number': '', 'start_operation': '', 'contract_milage': '', 'opening_milage': '', 'model': '', 'fuel_type': '91', 'year': 0, 'seats': 2}, 'shipment_info': {'product_category': None, 'truck_type': None, 'shipment_type': None, 'shipment_payment_type': None, 'transporter_type': None, 'operating_area': None, 'weight_kilograms_per_day': None, 'kms_per_day': None, 'shipment_trip_drive_hrs_day': None, 'allowable_delay_drive_hrs_day': None, 'expected_shipment_trip_day': None, 'car_pay_per_day': None, 'exceeding_temperature_limit_per_day': None, 'temperature_upper_limit': None, 'exceeding_humidity_limit_per_day': None, 'humidity_upper_limit': None}, 'device_password': '***', 'device_type': 'gps', 'gateway': False, 'business_types': {'waste': False, 'transportation': True, 'water': False}, 'name': '1536 V B B', 'operation_code': '', 'device_gateway': '', 'skip_sim_information': False, 'imei': '863719061158086', 'sim_number': '+966830032108367', 'sim_serial': '8996609821111927146', 'device_serial': '1132723962', 'device': 'teltonika', 'user_id': '64d8c62c2d774b6f343b34f7', 'created_by': '5e6655bf03ed52e1ab79d301', 'updated_at': '2024-04-18 11:18:59', 'created_at': '2023-09-25 14:51:29', 'custom_fields': [], 'creator': 'amr.ahmed', 'company': '', 'owner': 'cap-france-bat-saudi-admin', 'last_update': {'dtt': 1715269191000, 'dts': 1715269194900, 'spd': 0, 'ang': 210, 'alt': 625, 'chPrams': {'Speed': {'v': 0, 'cdt': 1715269191000}, 'pdop': {'v': 1, 'cdt': 1715269162000}, 'output1': {'v': False, 'cdt': 1715156931000}, 'rssi': {'v': 5, 'cdt': 1715180920000}, 'workMode': {'v': 1, 'cdt': 1715268568000}, 'ePwrV': {'v': 14.023, 'cdt': 1715269191000}, 'parm24': {'v': 0, 'cdt': 1715269191000}, 'sat': {'v': 18, 'cdt': 1715269191000}, 'priority': {'v': 0, 'cdt': 1714047332000}, 'type': {'v': 6, 'cdt': 1714304641000}, 'di1': {'v': 1, 'cdt': 1715268568000}, 'hdop': {'v': 0.6000000000000001, 'cdt': 1715269102000}, 'result': {'v': '5665723a30332e32372e31345f3030204750533a41584e5f352e312e392048773a464d43313330204d6f643a3420494d45493a38363337313930363131353830383620496e69743a323032332d31312d323320363a323920557074696d653a3134343939323830204d41433a344546414446443236323631205350433a312830292041584c3a32204f42443a3020424c3a312e31302042543a34', 'cdt': 1715245799000}, 'protocol': {'v': 'FMC130', 'cdt': 1715156931000}, 'gpsStatus': {'v': 1, 'cdt': 1714656152000}, 'iPwrV': {'v': 3.915, 'cdt': 1715269191000}, 'event': {'v': 0, 'cdt': 1714047332000}}, 'prms': {'protocol': 'FMC130', 'priority': 0, 'sat': 18, 'event': 0, 'di1': 1, 'workMode': 1, 'rssi': 5, 'gpsStatus': 1, 'output1': 0, 'pdop': 1, 'hdop': 0.6000000000000001, 'ePwrV': 14.023, 'Speed': 0, 'parm24': 0, 'iPwrV': 3.915}, 'devPrms': ['protocol', 'priority', 'sat', 'event', 'di1', 'workMode', 'rssi', 'gpsStatus', 'output1', 'pdop', 'hdop', 'ePwrV', 'Speed', 'parm24', 'iPwrV'], 'old_params': {'protocol': 'FMC130', 'priority': 0, 'sat': 20, 'event': 0, 'di1': 1, 'workMode': 1, 'rssi': 5, 'gpsStatus': 1, 'output1': 0, 'pdop': 1, 'hdop': 0.6000000000000001, 'ePwrV': 14, 'Speed': 8, 'parm24': 8, 'iPwrV': 3.9170000000000003}, 'vLoc': 1, 'vCon': 1, 'ip': '37.216.114.178', 'rl': 0.0532, 'trl': 7725.2243, 'mdu': 29, 'tmdu': 674066, 'eidl': 0, 'teidl': 252356, 'fc': 0.006384, 'tfc': 409.492948, 'acc': 1, 'accOn': 1030050, 'accOff': 639362889, 'sdu': 0, 'tsdu': 0, 'lat': 24.6315666, 'lng': 46.8479766}, 'counters': {'odometer_type': '', 'odometer': 7724.8349, 'engine_hours_type': '', 'engine_hours': 1030050, 'last_acc': 1}, 'is_wasl_connected': 'Not Connected', 'iconUrl': 'https://api.afaqy.sa/images/units/icons/icon.png', 'hasCCTV': False}
[2024-05-09T15:40:56.282+0000] {warnings.py:109} WARNING - /home/***/.local/lib/python3.8/site-packages/elasticsearch/_sync/client/__init__.py:399: SecurityWarning: Connecting to 'https://dbelk2.afaqy.local:9200' using TLS with verify_certs=False is insecure
  _transport = transport_class(

[2024-05-09T15:40:56.403+0000] {warnings.py:109} WARNING - /home/***/.local/lib/python3.8/site-packages/elasticsearch/_sync/client/__init__.py:399: SecurityWarning: Connecting to 'https://dbelk3.afaqy.local:9200' using TLS with verify_certs=False is insecure
  _transport = transport_class(

[2024-05-09T15:40:56.515+0000] {warnings.py:109} WARNING - /home/***/.local/lib/python3.8/site-packages/elasticsearch/_sync/client/__init__.py:399: SecurityWarning: Connecting to 'https://dbelk1.afaqy.local:9200' using TLS with verify_certs=False is insecure
  _transport = transport_class(

[2024-05-09T15:40:57.040+0000] {warnings.py:109} WARNING - /home/***/.local/lib/python3.8/site-packages/urllib3/connectionpool.py:1061: InsecureRequestWarning: Unverified HTTPS request is being made to host 'dbelk2.afaqy.local'. Adding certificate verification is strongly advised. See: https://urllib3.readthedocs.io/en/1.26.x/advanced-usage.html#ssl-warnings
  warnings.warn(

[2024-05-09T15:40:57.113+0000] {_transport.py:335} INFO - GET https://dbelk2.afaqy.local:9200/_cluster/health [status:200 duration:0.596s]
[2024-05-09T15:40:58.394+0000] {warnings.py:109} WARNING - /home/***/.local/lib/python3.8/site-packages/urllib3/connectionpool.py:1061: InsecureRequestWarning: Unverified HTTPS request is being made to host 'dbelk3.afaqy.local'. Adding certificate verification is strongly advised. See: https://urllib3.readthedocs.io/en/1.26.x/advanced-usage.html#ssl-warnings
  warnings.warn(

[2024-05-09T15:40:58.411+0000] {_transport.py:335} INFO - PUT https://dbelk3.afaqy.local:9200/units_statistics_***/_bulk [status:429 duration:0.048s]
[2024-05-09T15:40:58.412+0000] {_node_pool.py:249} WARNING - Node <Urllib3HttpNode(https://dbelk3.afaqy.local:9200)> has failed for 1 times in a row, putting on 1 second timeout
[2024-05-09T15:40:58.412+0000] {_transport.py:427} WARNING - Retrying request after non-successful status 429 (attempt 0 of 3)
[2024-05-09T15:40:58.413+0000] {warnings.py:109} WARNING - /home/***/.local/lib/python3.8/site-packages/urllib3/connectionpool.py:1061: InsecureRequestWarning: Unverified HTTPS request is being made to host 'dbelk2.afaqy.local'. Adding certificate verification is strongly advised. See: https://urllib3.readthedocs.io/en/1.26.x/advanced-usage.html#ssl-warnings
  warnings.warn(

[2024-05-09T15:41:07.324+0000] {_transport.py:335} INFO - PUT https://dbelk2.afaqy.local:9200/units_statistics_***/_bulk [status:200 duration:8.912s]
[2024-05-09T15:41:07.530+0000] {python.py:202} INFO - Done. Returned value was: None
[2024-05-09T15:41:07.551+0000] {taskinstance.py:1149} INFO - Marking task as SUCCESS. dag_id=Units_statistics_DAG, task_id=ETL_job, map_index=13, execution_date=20240509T152000, start_date=20240509T154019, end_date=20240509T154107
[2024-05-09T15:41:07.630+0000] {local_task_job_runner.py:234} INFO - Task exited with return code 0
[2024-05-09T15:41:07.663+0000] {taskinstance.py:3312} INFO - 0 downstream tasks scheduled from follow-on schedule check
