[2024-05-06T13:20:14.915+0000] {taskinstance.py:1979} INFO - Dependencies all met for dep_context=non-requeueable deps ti=<TaskInstance: Units_statistics_DAG.ETL_job scheduled__2024-05-06T13:00:00+00:00 map_index=9 [queued]>
[2024-05-06T13:20:14.995+0000] {taskinstance.py:1979} INFO - Dependencies all met for dep_context=requeueable deps ti=<TaskInstance: Units_statistics_DAG.ETL_job scheduled__2024-05-06T13:00:00+00:00 map_index=9 [queued]>
[2024-05-06T13:20:14.996+0000] {taskinstance.py:2193} INFO - Starting attempt 1 of 4
[2024-05-06T13:20:15.122+0000] {taskinstance.py:2217} INFO - Executing <Mapped(_PythonDecoratedOperator): ETL_job> on 2024-05-06 13:00:00+00:00
[2024-05-06T13:20:15.149+0000] {standard_task_runner.py:60} INFO - Started process 808638 to run task
[2024-05-06T13:20:15.200+0000] {standard_task_runner.py:87} INFO - Running: ['***', 'tasks', 'run', 'Units_statistics_DAG', 'ETL_job', 'scheduled__2024-05-06T13:00:00+00:00', '--job-id', '35696', '--raw', '--subdir', 'DAGS_FOLDER/Units_dag.py', '--cfg-path', '/tmp/tmphhblghvc', '--map-index', '9']
[2024-05-06T13:20:15.208+0000] {standard_task_runner.py:88} INFO - Job 35696: Subtask ETL_job
[2024-05-06T13:20:15.551+0000] {task_command.py:423} INFO - Running <TaskInstance: Units_statistics_DAG.ETL_job scheduled__2024-05-06T13:00:00+00:00 map_index=9 [running]> on host a09da322e808
[2024-05-06T13:20:16.076+0000] {taskinstance.py:2513} INFO - Exporting env vars: AIRFLOW_CTX_DAG_OWNER='abeer-araby' AIRFLOW_CTX_DAG_ID='Units_statistics_DAG' AIRFLOW_CTX_TASK_ID='ETL_job' AIRFLOW_CTX_EXECUTION_DATE='2024-05-06T13:00:00+00:00' AIRFLOW_CTX_TRY_NUMBER='1' AIRFLOW_CTX_DAG_RUN_ID='scheduled__2024-05-06T13:00:00+00:00'
[2024-05-06T13:20:16.077+0000] {Units_dag.py:99} INFO - i: 90000, chunk: 10000
[2024-05-06T13:20:16.077+0000] {Units_dag.py:100} INFO - child token is::: eyJ0eXAiOiJKV1QiLCJhbGciOiJIUzI1NiJ9.eyJpc3MiOiJodHRwczovL2FwaS5hZmFxeS5zYS9hdXRoL2xvZ2luX2FzIiwiaWF0IjoxNzE1MDAxNjA0LCJleHAiOjE3MTc1OTM2MDQsIm5iZiI6MTcxNTAwMTYwNCwianRpIjoiR2dmTHIwQ3NLSlhVVE8ySiIsInN1YiI6IjVkNjNlNTFlMDNlZDUyOTJhNDJjMjRlNiIsInBydiI6IjI3MGVjZmM3ZWEzZWQ5MzdlYTg0OTM2MmEzYTUwOTEwYzZkOGNlNGYiLCJsb2dpbl9hc19pZCI6IjY1N2YwYWQ3M2Y5NzcyOTVjZjA1NTc2YSJ9.q5ap_9bD3cm3XVoYNP6mRVUtwn8y_mrbtbKreYXnC80
[2024-05-06T13:20:47.422+0000] {Units_dag.py:104} INFO - {'_id': '640e066a816d4f4a715bc4d9', 'icon': 'icons/icon.png', 'driver_id': '', 'tailer_id': '', 'profile': {'vehicle_type': None, 'measurement_type': 'count', 'max_capacity': 0, 'vin': None, 'plate_number': None, 'start_operation': None, 'contract_milage': None, 'opening_milage': None, 'model': None, 'fuel_type': '91', 'year': 0, 'seats': 2}, 'device_password': '***', 'device_type': 'gps', 'gateway': False, 'name': 'V0002725(2650HRB)', 'operation_code': 'V0002725', 'device_gateway': '', 'business_types': {'waste': False, 'transportation': True, 'water': False}, 'imei': '350424060146519', 'sim_number': '+966830030954498', 'sim_serial': '21294049327', 'device_serial': '1125679125', 'device': 'teltonika', 'user_id': '62bb1bb23c00423a7b3af933', 'created_by': '5e6655bf03ed52e1ab79d301', 'updated_at': '2024-04-18 11:18:59', 'created_at': '2023-03-12 20:05:46', 'skip_sim_information': '', 'shipment_info': None, 'custom_fields': [], 'creator': 'amr.ahmed', 'company': '', 'owner': 'al-yamama-trading-admin', 'last_update': {'dtt': 1715001467000, 'dts': 1715001473615, 'spd': 0, 'ang': 43, 'alt': 142, 'chPrams': {'Speed': {'v': 0, 'cdt': 1714985238000}, 'output1': {'v': False, 'cdt': 1714698363000}, 'output2': {'v': False, 'cdt': 1714698363000}, 'ePwrV': {'v': 13.071, 'cdt': 1715001467000}, 'parm24': {'v': 0, 'cdt': 1714985238000}, 'sat': {'v': 16, 'cdt': 1715001467000}, 'ai1': {'v': 216, 'cdt': 1714901958000}, 'type': {'v': 6, 'cdt': 1712824254000}, 'priority': {'v': 0, 'cdt': 1714454338000}, 'di2': {'v': 0, 'cdt': 1715000866000}, 'di1': {'v': 0, 'cdt': 1714985198000}, 'result': {'v': '5665723a30332e32372e31335f3033204750533a41584e5f352e312e392048773a464d42313230204d6f643a333320494d45493a33353034323430363031343635313920496e69743a323032342d352d312032333a333620557074696d653a323637303532204d41433a333838413231303246394630205350433a312830292041584c3a32204f42443a3020424c3a312e31302042543a34', 'cdt': 1714873831000}, 'protocol': {'v': 'FMB120', 'cdt': 1714758317000}, 'parm6': {'v': 216, 'cdt': 1714970419000}, 'iPwrV': {'v': 4.051, 'cdt': 1715001166000}, 'event': {'v': 0, 'cdt': 1714453700000}}, 'prms': {'protocol': 'FMB120', 'priority': 0, 'sat': 16, 'event': 0, 'di1': 0, 'output1': 0, 'di2': 0, 'output2': 0, 'ePwrV': 13.071, 'Speed': 0, 'parm24': 0, 'iPwrV': 4.051, 'ai1': 216, 'parm6': 216}, 'devPrms': ['protocol', 'priority', 'sat', 'event', 'di1', 'output1', 'di2', 'output2', 'ePwrV', 'Speed', 'parm24', 'iPwrV', 'ai1', 'parm6'], 'old_params': {'Speed': 0, 'output1': 0, 'output2': 0, 'ePwrV': 13.092, 'parm24': 0, 'sat': 15, 'ai1': 216, 'priority': 0, 'di2': 0, 'di1': 0, 'protocol': 'teltonika', 'parm6': 216, 'iPwrV': 4.051, 'event': 0}, 'vLoc': 1, 'vCon': 1, 'ip': '51.39.20.231', 'rl': 0, 'trl': 42049.3444, 'mdu': 0, 'tmdu': 7007916, 'eidl': 0, 'teidl': 4488471, 'fc': 0, 'tfc': 23.112372, 'acc': 0, 'accOn': 10390272, 'accOff': 26265134, 'sdu': 301, 'tsdu': 16229, 'lat': 25.3256216, 'lng': 49.6615666}, 'counters': {'odometer_type': 'gps', 'odometer': 42048.6612, 'engine_hours_type': 'acc', 'engine_hours': 10390272, 'last_acc': 0}, 'is_wasl_connected': 'Not Connected', 'iconUrl': 'https://api.afaqy.sa/images/units/icons/icon.png', 'hasCCTV': False}
[2024-05-06T13:20:48.534+0000] {warnings.py:109} WARNING - /home/***/.local/lib/python3.8/site-packages/elasticsearch/_sync/client/__init__.py:399: SecurityWarning: Connecting to 'https://dbelk2.afaqy.local:9200' using TLS with verify_certs=False is insecure
  _transport = transport_class(

[2024-05-06T13:20:48.686+0000] {warnings.py:109} WARNING - /home/***/.local/lib/python3.8/site-packages/elasticsearch/_sync/client/__init__.py:399: SecurityWarning: Connecting to 'https://dbelk3.afaqy.local:9200' using TLS with verify_certs=False is insecure
  _transport = transport_class(

[2024-05-06T13:20:48.751+0000] {warnings.py:109} WARNING - /home/***/.local/lib/python3.8/site-packages/elasticsearch/_sync/client/__init__.py:399: SecurityWarning: Connecting to 'https://dbelk1.afaqy.local:9200' using TLS with verify_certs=False is insecure
  _transport = transport_class(

[2024-05-06T13:20:48.772+0000] {warnings.py:109} WARNING - /home/***/.local/lib/python3.8/site-packages/urllib3/connectionpool.py:1061: InsecureRequestWarning: Unverified HTTPS request is being made to host 'dbelk2.afaqy.local'. Adding certificate verification is strongly advised. See: https://urllib3.readthedocs.io/en/1.26.x/advanced-usage.html#ssl-warnings
  warnings.warn(

[2024-05-06T13:20:48.867+0000] {_transport.py:335} INFO - GET https://dbelk2.afaqy.local:9200/_cluster/health [status:200 duration:0.114s]
[2024-05-06T13:20:49.438+0000] {warnings.py:109} WARNING - /home/***/.local/lib/python3.8/site-packages/urllib3/connectionpool.py:1061: InsecureRequestWarning: Unverified HTTPS request is being made to host 'dbelk3.afaqy.local'. Adding certificate verification is strongly advised. See: https://urllib3.readthedocs.io/en/1.26.x/advanced-usage.html#ssl-warnings
  warnings.warn(

[2024-05-06T13:20:52.784+0000] {_transport.py:335} INFO - PUT https://dbelk3.afaqy.local:9200/units_statistics_***/_bulk [status:200 duration:3.364s]
[2024-05-06T13:20:53.152+0000] {python.py:202} INFO - Done. Returned value was: None
[2024-05-06T13:20:53.166+0000] {taskinstance.py:1149} INFO - Marking task as SUCCESS. dag_id=Units_statistics_DAG, task_id=ETL_job, map_index=9, execution_date=20240506T130000, start_date=20240506T132014, end_date=20240506T132053
[2024-05-06T13:20:53.246+0000] {local_task_job_runner.py:234} INFO - Task exited with return code 0
[2024-05-06T13:20:53.283+0000] {taskinstance.py:3312} INFO - 0 downstream tasks scheduled from follow-on schedule check
