[2024-05-12T15:40:19.054+0000] {local_task_job_runner.py:120} INFO - ::group::Pre task execution logs
[2024-05-12T15:40:19.223+0000] {taskinstance.py:2076} INFO - Dependencies all met for dep_context=non-requeueable deps ti=<TaskInstance: Units_statistics_DAG.ETL_job scheduled__2024-05-12T15:20:00+00:00 map_index=14 [queued]>
[2024-05-12T15:40:19.263+0000] {taskinstance.py:2076} INFO - Dependencies all met for dep_context=requeueable deps ti=<TaskInstance: Units_statistics_DAG.ETL_job scheduled__2024-05-12T15:20:00+00:00 map_index=14 [queued]>
[2024-05-12T15:40:19.267+0000] {taskinstance.py:2306} INFO - Starting attempt 1 of 4
[2024-05-12T15:40:19.347+0000] {taskinstance.py:2330} INFO - Executing <Mapped(_PythonDecoratedOperator): ETL_job> on 2024-05-12 15:20:00+00:00
[2024-05-12T15:40:19.367+0000] {warnings.py:110} WARNING - /home/***/.local/lib/python3.12/site-packages/***/task/task_runner/standard_task_runner.py:61: DeprecationWarning: This process (pid=606) is multi-threaded, use of fork() may lead to deadlocks in the child.
  pid = os.fork()

[2024-05-12T15:40:19.369+0000] {standard_task_runner.py:63} INFO - Started process 622 to run task
[2024-05-12T15:40:19.419+0000] {standard_task_runner.py:90} INFO - Running: ['***', 'tasks', 'run', 'Units_statistics_DAG', 'ETL_job', 'scheduled__2024-05-12T15:20:00+00:00', '--job-id', '54339', '--raw', '--subdir', 'DAGS_FOLDER/Units_dag.py', '--cfg-path', '/tmp/tmpwv9k47qw', '--map-index', '14']
[2024-05-12T15:40:19.423+0000] {standard_task_runner.py:91} INFO - Job 54339: Subtask ETL_job
[2024-05-12T15:40:19.707+0000] {task_command.py:426} INFO - Running <TaskInstance: Units_statistics_DAG.ETL_job scheduled__2024-05-12T15:20:00+00:00 map_index=14 [running]> on host 7138d7e072c5
[2024-05-12T15:40:19.987+0000] {taskinstance.py:2648} INFO - Exporting env vars: AIRFLOW_CTX_DAG_OWNER='abeer-araby' AIRFLOW_CTX_DAG_ID='Units_statistics_DAG' AIRFLOW_CTX_TASK_ID='ETL_job' AIRFLOW_CTX_EXECUTION_DATE='2024-05-12T15:20:00+00:00' AIRFLOW_CTX_TRY_NUMBER='1' AIRFLOW_CTX_DAG_RUN_ID='scheduled__2024-05-12T15:20:00+00:00'
[2024-05-12T15:40:19.989+0000] {taskinstance.py:430} INFO - ::endgroup::
[2024-05-12T15:40:19.989+0000] {Units_dag.py:98} INFO - i: 140000, chunk: 10000
[2024-05-12T15:40:19.990+0000] {Units_dag.py:99} INFO - child token is::: eyJ0eXAiOiJKV1QiLCJhbGciOiJIUzI1NiJ9.eyJpc3MiOiJodHRwczovL2FwaS5hZmFxeS5zYS9hdXRoL2xvZ2luX2FzIiwiaWF0IjoxNzE1NTI4NDAzLCJleHAiOjE3MTgxMjA0MDMsIm5iZiI6MTcxNTUyODQwMywianRpIjoiYnkweWFhblZyUU1OZXFobSIsInN1YiI6IjVkNjNlNTFlMDNlZDUyOTJhNDJjMjRlNiIsInBydiI6IjI3MGVjZmM3ZWEzZWQ5MzdlYTg0OTM2MmEzYTUwOTEwYzZkOGNlNGYiLCJsb2dpbl9hc19pZCI6IjY1N2YwYWQ3M2Y5NzcyOTVjZjA1NTc2YSJ9.jDPFXA-oolLJ28uOMaIjML-E0DVlU5bGyrrejLjgUjU
[2024-05-12T15:40:40.268+0000] {Units_dag.py:103} INFO - {'_id': '65520e6797c3286de907ad71', 'icon': 'icons/icon.png', 'driver_id': '', 'tailer_id': '', 'profile': {'vehicle_type': '', 'measurement_type': 'count', 'max_capacity': None, 'vin': '', 'plate_number': '', 'start_operation': '', 'contract_milage': '', 'opening_milage': '', 'model': '', 'fuel_type': '91', 'year': 0, 'seats': 2}, 'shipment_info': {'product_category': None, 'truck_type': None, 'shipment_type': None, 'shipment_payment_type': None, 'transporter_type': None, 'operating_area': None, 'weight_kilograms_per_day': None, 'kms_per_day': None, 'shipment_trip_drive_hrs_day': None, 'allowable_delay_drive_hrs_day': None, 'expected_shipment_trip_day': None, 'car_pay_per_day': None, 'exceeding_temperature_limit_per_day': None, 'temperature_upper_limit': None, 'exceeding_humidity_limit_per_day': None, 'humidity_upper_limit': None}, 'device_password': '***', 'device_type': 'gps', 'gateway': False, 'business_types': {'waste': False, 'transportation': True, 'water': False}, 'name': '4727 N H A', 'operation_code': '', 'device_gateway': '', 'skip_sim_information': False, 'imei': '863719061273844', 'sim_number': '+966830023515402', 'sim_serial': '8996609821112125513', 'device_serial': '1132767136', 'device': 'teltonika', 'user_id': '654b943c5629444d2c05a63f', 'created_by': '5e6655bf03ed52e1ab79d301', 'updated_at': '2024-04-18 11:18:59', 'created_at': '2023-11-13 14:54:15', 'custom_fields': [], 'creator': 'amr.ahmed', 'company': '', 'owner': 'surrati-admin', 'last_update': {'dtt': 1715528336000, 'dts': 1715528339117, 'spd': 0, 'ang': 321, 'alt': 598, 'chPrams': {'Speed': {'v': 0, 'cdt': 1715527405000}, 'output1': {'v': False, 'cdt': 1715524168000}, 'output2': {'v': False, 'cdt': 1715524168000}, 'ePwrV': {'v': 13.001, 'cdt': 1715528336000}, 'parm24': {'v': 0, 'cdt': 1715527405000}, 'sat': {'v': 17, 'cdt': 1715527735000}, 'ai1': {'v': 43, 'cdt': 1714804046000}, 'type': {'v': 6, 'cdt': 1712963302000}, 'priority': {'v': 0, 'cdt': 1715342107000}, 'di2': {'v': 0, 'cdt': 1715342107000}, 'di1': {'v': 0, 'cdt': 1699952202000}, 'result': {'v': '5665723a30332e32372e31335f343433204750533a41584e5f352e312e392048773a464d43313330204d6f643a3420494d45493a38363337313930363132373338343420496e69743a323032342d312d31382032313a3020557074696d653a39383935323932204d41433a304135443233414536323631205350433a312830292041584c3a32204f42443a3020424c3a312e31302042543a34', 'cdt': 1715523868000}, 'protocol': {'v': 'FMC130', 'cdt': 1715524168000}, 'parm6': {'v': 43, 'cdt': 1715520185000}, 'iPwrV': {'v': 4, 'cdt': 1715520246000}, 'event': {'v': 0, 'cdt': 1715342107000}}, 'prms': {'protocol': 'FMC130', 'priority': 0, 'sat': 17, 'event': 0, 'di1': 0, 'output1': 0, 'di2': 0, 'output2': 0, 'ePwrV': 13.001, 'Speed': 0, 'parm24': 0, 'iPwrV': 4, 'ai1': 43, 'parm6': 43}, 'devPrms': ['protocol', 'priority', 'sat', 'event', 'di1', 'output1', 'di2', 'output2', 'ePwrV', 'Speed', 'parm24', 'iPwrV', 'ai1', 'parm6'], 'old_params': {'Speed': 0, 'output1': 0, 'output2': 0, 'ePwrV': 13.023, 'parm24': 0, 'sat': 17, 'ai1': 43, 'priority': 0, 'di2': 0, 'di1': 0, 'protocol': 'teltonika', 'parm6': 43, 'iPwrV': 4, 'event': 0}, 'vLoc': 1, 'vCon': 1, 'ip': '109.83.44.117', 'rl': 0, 'trl': 0.0132, 'mdu': 0, 'tmdu': 0, 'eidl': 0, 'teidl': 420, 'fc': 0, 'tfc': 0, 'acc': 0, 'accOn': 396, 'accOff': 15299593, 'sdu': 300, 'tsdu': 931, 'lat': 24.5949733, 'lng': 46.752995}, 'counters': {'engine_hours': 396, 'last_acc': 0, 'odometer': 0, 'engine_hours_type': '', 'odometer_type': ''}, 'is_wasl_connected': 'Not Connected', 'iconUrl': 'https://api.afaqy.sa/images/units/icons/icon.png', 'hasCCTV': False}
[2024-05-12T15:40:40.956+0000] {warnings.py:110} WARNING - /home/***/.local/lib/python3.12/site-packages/elasticsearch/_sync/client/__init__.py:399: SecurityWarning: Connecting to 'https://dbelk2.afaqy.local:9200' using TLS with verify_certs=False is insecure
  _transport = transport_class(

[2024-05-12T15:40:41.087+0000] {warnings.py:110} WARNING - /home/***/.local/lib/python3.12/site-packages/elasticsearch/_sync/client/__init__.py:399: SecurityWarning: Connecting to 'https://dbelk3.afaqy.local:9200' using TLS with verify_certs=False is insecure
  _transport = transport_class(

[2024-05-12T15:40:41.921+0000] {warnings.py:110} WARNING - /home/***/.local/lib/python3.12/site-packages/elasticsearch/_sync/client/__init__.py:399: SecurityWarning: Connecting to 'https://dbelk1.afaqy.local:9200' using TLS with verify_certs=False is insecure
  _transport = transport_class(

[2024-05-12T15:40:41.959+0000] {warnings.py:110} WARNING - /home/***/.local/lib/python3.12/site-packages/urllib3/connectionpool.py:1103: InsecureRequestWarning: Unverified HTTPS request is being made to host 'dbelk2.afaqy.local'. Adding certificate verification is strongly advised. See: https://urllib3.readthedocs.io/en/latest/advanced-usage.html#tls-warnings
  warnings.warn(

[2024-05-12T15:40:42.016+0000] {_transport.py:349} INFO - GET https://dbelk2.afaqy.local:9200/_cluster/health [status:200 duration:0.081s]
[2024-05-12T15:40:43.903+0000] {warnings.py:110} WARNING - /home/***/.local/lib/python3.12/site-packages/urllib3/connectionpool.py:1103: InsecureRequestWarning: Unverified HTTPS request is being made to host 'dbelk3.afaqy.local'. Adding certificate verification is strongly advised. See: https://urllib3.readthedocs.io/en/latest/advanced-usage.html#tls-warnings
  warnings.warn(

[2024-05-12T15:40:46.815+0000] {_transport.py:349} INFO - PUT https://dbelk3.afaqy.local:9200/units_statistics_***/_bulk [status:200 duration:3.793s]
[2024-05-12T15:40:47.186+0000] {python.py:237} INFO - Done. Returned value was: None
[2024-05-12T15:40:47.187+0000] {taskinstance.py:441} INFO - ::group::Post task execution logs
[2024-05-12T15:40:47.224+0000] {taskinstance.py:1206} INFO - Marking task as SUCCESS. dag_id=Units_statistics_DAG, task_id=ETL_job, run_id=scheduled__2024-05-12T15:20:00+00:00, map_index=14, execution_date=20240512T152000, start_date=20240512T154019, end_date=20240512T154047
[2024-05-12T15:40:47.359+0000] {local_task_job_runner.py:240} INFO - Task exited with return code 0
[2024-05-12T15:40:47.465+0000] {taskinstance.py:3498} INFO - 0 downstream tasks scheduled from follow-on schedule check
[2024-05-12T15:40:47.468+0000] {local_task_job_runner.py:222} INFO - ::endgroup::
