[2024-05-13T14:40:21.058+0000] {local_task_job_runner.py:120} INFO - ::group::Pre task execution logs
[2024-05-13T14:40:21.296+0000] {taskinstance.py:2076} INFO - Dependencies all met for dep_context=non-requeueable deps ti=<TaskInstance: Units_statistics_DAG.ETL_job scheduled__2024-05-13T14:20:00+00:00 map_index=6 [queued]>
[2024-05-13T14:40:21.397+0000] {taskinstance.py:2076} INFO - Dependencies all met for dep_context=requeueable deps ti=<TaskInstance: Units_statistics_DAG.ETL_job scheduled__2024-05-13T14:20:00+00:00 map_index=6 [queued]>
[2024-05-13T14:40:21.397+0000] {taskinstance.py:2306} INFO - Starting attempt 1 of 4
[2024-05-13T14:40:21.579+0000] {taskinstance.py:2330} INFO - Executing <Mapped(_PythonDecoratedOperator): ETL_job> on 2024-05-13 14:20:00+00:00
[2024-05-13T14:40:21.632+0000] {warnings.py:110} WARNING - /home/***/.local/lib/python3.12/site-packages/***/task/task_runner/standard_task_runner.py:61: DeprecationWarning: This process (pid=20653) is multi-threaded, use of fork() may lead to deadlocks in the child.
  pid = os.fork()

[2024-05-13T14:40:21.641+0000] {standard_task_runner.py:63} INFO - Started process 20676 to run task
[2024-05-13T14:40:21.648+0000] {standard_task_runner.py:90} INFO - Running: ['***', 'tasks', 'run', 'Units_statistics_DAG', 'ETL_job', 'scheduled__2024-05-13T14:20:00+00:00', '--job-id', '56001', '--raw', '--subdir', 'DAGS_FOLDER/Units_dag.py', '--cfg-path', '/tmp/tmp9fwyk5er', '--map-index', '6']
[2024-05-13T14:40:21.667+0000] {standard_task_runner.py:91} INFO - Job 56001: Subtask ETL_job
[2024-05-13T14:40:21.972+0000] {task_command.py:426} INFO - Running <TaskInstance: Units_statistics_DAG.ETL_job scheduled__2024-05-13T14:20:00+00:00 map_index=6 [running]> on host 7138d7e072c5
[2024-05-13T14:40:22.630+0000] {taskinstance.py:2648} INFO - Exporting env vars: AIRFLOW_CTX_DAG_OWNER='abeer-araby' AIRFLOW_CTX_DAG_ID='Units_statistics_DAG' AIRFLOW_CTX_TASK_ID='ETL_job' AIRFLOW_CTX_EXECUTION_DATE='2024-05-13T14:20:00+00:00' AIRFLOW_CTX_TRY_NUMBER='1' AIRFLOW_CTX_DAG_RUN_ID='scheduled__2024-05-13T14:20:00+00:00'
[2024-05-13T14:40:22.631+0000] {taskinstance.py:430} INFO - ::endgroup::
[2024-05-13T14:40:22.632+0000] {Units_dag.py:98} INFO - i: 60000, chunk: 10000
[2024-05-13T14:40:22.632+0000] {Units_dag.py:99} INFO - child token is::: eyJ0eXAiOiJKV1QiLCJhbGciOiJIUzI1NiJ9.eyJpc3MiOiJodHRwczovL2FwaS5hZmFxeS5zYS9hdXRoL2xvZ2luX2FzIiwiaWF0IjoxNzE1NjExMjA1LCJleHAiOjE3MTgyMDMyMDUsIm5iZiI6MTcxNTYxMTIwNSwianRpIjoic1lQUUo0cmpJdzdqZE5aYSIsInN1YiI6IjVkNjNlNTFlMDNlZDUyOTJhNDJjMjRlNiIsInBydiI6IjI3MGVjZmM3ZWEzZWQ5MzdlYTg0OTM2MmEzYTUwOTEwYzZkOGNlNGYiLCJsb2dpbl9hc19pZCI6IjY1N2YwYWQ3M2Y5NzcyOTVjZjA1NTc2YSJ9.B5t4vdFLvsZaOlJvlTgfxuw1JrNBJSfS81esquelmOE
[2024-05-13T14:41:00.255+0000] {Units_dag.py:103} INFO - {'_id': '6331667a64ef5e753802fb02', 'icon': 'icons/icon.png', 'driver_id': '', 'tailer_id': '', 'profile': {'vehicle_type': '', 'measurement_type': 'count', 'max_capacity': 0, 'vin': '', 'plate_number': '', 'start_operation': '', 'contract_milage': '', 'opening_milage': '', 'model': '', 'fuel_type': '91', 'year': 0, 'seats': 2}, 'device_password': '***', 'device_type': 'gps', 'gateway': False, 'name': '627165-KIA K5', 'operation_code': '', 'device_gateway': '', 'business_types': {'waste': False, 'transportation': False, 'water': False}, 'imei': '869688059404899', 'sim_number': '+9742800079159', 'sim_serial': '8997401002191416643', 'device_serial': '869688059404899', 'device': 'bce', 'user_id': '6227291650b2502189367352', 'created_by': '5d820a9403ed52e127039005', 'updated_at': '2024-04-18 11:18:59', 'created_at': '2022-09-26 11:44:42', 'custom_fields': [], 'creator': 'ahmed', 'company': '', 'owner': 'strong-rent-a-car-admin', 'last_update': {'dtt': 1715611212000, 'dts': 1715611218353, 'spd': 0, 'ang': 296, 'alt': 42, 'chPrams': {'ePwrV': {'v': 12.457, 'cdt': 1715611212000}, 'di16': {'v': 1, 'cdt': 1713277214000}, 'rssi1': {'v': 62, 'cdt': 1715611212000}, 'di15': {'v': 0, 'cdt': 1713277214000}, 'di14': {'v': 0, 'cdt': 1715610530000}, 'di13': {'v': 0, 'cdt': 1713277214000}, 'di12': {'v': 0, 'cdt': 1713277214000}, 'di11': {'v': 0, 'cdt': 1713277214000}, 'di10': {'v': 0, 'cdt': 1713277214000}, 'di2': {'v': 0, 'cdt': 1713277214000}, 'di1': {'v': 0, 'cdt': 1715610612000}, 'di4': {'v': 0, 'cdt': 1713277214000}, 'di3': {'v': 0, 'cdt': 1713277214000}, 'di6': {'v': 0, 'cdt': 1713277214000}, 'di5': {'v': 0, 'cdt': 1715610612000}, 'lac1': {'v': 1211, 'cdt': 1715608666000}, 'ai8': {'v': 0, 'cdt': 1713277214000}, 'protocol': {'v': 'bce', 'cdt': 1713277214000}, 'di8': {'v': 1, 'cdt': 1713277214000}, 'di7': {'v': 0, 'cdt': 1715610600000}, 'di9': {'v': 0, 'cdt': 1713277214000}, 'iPwrV': {'v': 3.985, 'cdt': 1715610612000}, 'ID': {'v': '0', 'cdt': 1713277214000}, 'cid1': {'v': 22010, 'cdt': 1715610300000}, 'odometer': {'v': 0, 'cdt': 1715610586000}, 'spd': {'v': 0, 'cdt': 1715610600000}, 'sat': {'v': 12, 'cdt': 1715607634000}, 'hdop': {'v': 1, 'cdt': 1715419650000}, 'ta': {'v': 0, 'cdt': 1713277214000}, 'mcc1': {'v': 427, 'cdt': 1714275150000}, 'mnc1': {'v': 1, 'cdt': 1714445050000}}, 'prms': {'protocol': 'bce', 'spd': 0, 'sat': 12, 'hdop': 1, 'odometer': 0, 'di16': 1, 'di15': 0, 'di14': 0, 'di13': 0, 'di12': 0, 'di11': 0, 'di10': 0, 'di9': 0, 'di8': 1, 'di7': 0, 'di6': 0, 'di5': 0, 'di4': 0, 'di3': 0, 'di2': 0, 'di1': 0, 'ePwrV': 12.457, 'iPwrV': 3.985, 'ai8': 0, 'ta': 0, 'mcc1': 427, 'mnc1': 1, 'lac1': 1211, 'cid1': 22010, 'rssi1': 62, 'ID': '0'}, 'devPrms': ['protocol', 'spd', 'sat', 'hdop', 'odometer', 'di16', 'di15', 'di14', 'di13', 'di12', 'di11', 'di10', 'di9', 'di8', 'di7', 'di6', 'di5', 'di4', 'di3', 'di2', 'di1', 'ePwrV', 'iPwrV', 'ai8', 'ta', 'mcc1', 'mnc1', 'lac1', 'cid1', 'rssi1', 'ID'], 'old_params': {'di16': 1, 'ePwrV': 12.51, 'di15': 0, 'rssi1': 61, 'di14': 0, 'di13': 0, 'di12': 0, 'di11': 0, 'di10': 0, 'di2': 0, 'di1': 0, 'di4': 0, 'di3': 0, 'di6': 0, 'di5': 0, 'ai8': 0, 'lac1': 1211, 'protocol': 'bce', 'di8': 1, 'di7': 0, 'di9': 0, 'iPwrV': 3.985, 'ID': '0', 'cid1': 22010, 'odometer': 0, 'spd': 0, 'sat': 12, 'hdop': 1, 'ta': 0, 'mcc1': 427, 'mnc1': 1}, 'vLoc': 1, 'vCon': 1, 'ip': '78.101.51.145', 'rl': 0, 'trl': 45592.4207, 'mdu': 0, 'tmdu': 1979600, 'eidl': 0, 'teidl': 768710, 'fc': 0, 'tfc': 2.803572, 'acc': 0, 'accOn': 89494668, 'accOff': 50633824, 'sdu': 300, 'tsdu': 600, 'lat': 25.708290100097656, 'lng': 51.253047943115234}, 'counters': {'odometer_type': 'gps', 'odometer': 45592.4167, 'engine_hours_type': 'acc', 'engine_hours': 89494668, 'last_acc': 0}, 'is_wasl_connected': 'Not Connected', 'iconUrl': 'https://api.afaqy.sa/images/units/icons/icon.png', 'hasCCTV': False}
[2024-05-13T14:41:02.620+0000] {warnings.py:110} WARNING - /home/***/.local/lib/python3.12/site-packages/elasticsearch/_sync/client/__init__.py:399: SecurityWarning: Connecting to 'https://dbelk3.afaqy.local:9200' using TLS with verify_certs=False is insecure
  _transport = transport_class(

[2024-05-13T14:41:02.775+0000] {warnings.py:110} WARNING - /home/***/.local/lib/python3.12/site-packages/elasticsearch/_sync/client/__init__.py:399: SecurityWarning: Connecting to 'https://dbelk1.afaqy.local:9200' using TLS with verify_certs=False is insecure
  _transport = transport_class(

[2024-05-13T14:41:03.909+0000] {warnings.py:110} WARNING - /home/***/.local/lib/python3.12/site-packages/elasticsearch/_sync/client/__init__.py:399: SecurityWarning: Connecting to 'https://dbelk2.afaqy.local:9200' using TLS with verify_certs=False is insecure
  _transport = transport_class(

[2024-05-13T14:41:03.956+0000] {warnings.py:110} WARNING - /home/***/.local/lib/python3.12/site-packages/urllib3/connectionpool.py:1103: InsecureRequestWarning: Unverified HTTPS request is being made to host 'dbelk3.afaqy.local'. Adding certificate verification is strongly advised. See: https://urllib3.readthedocs.io/en/latest/advanced-usage.html#tls-warnings
  warnings.warn(

[2024-05-13T14:41:04.069+0000] {_transport.py:349} INFO - GET https://dbelk3.afaqy.local:9200/_cluster/health [status:200 duration:0.143s]
[2024-05-13T14:41:04.621+0000] {warnings.py:110} WARNING - /home/***/.local/lib/python3.12/site-packages/urllib3/connectionpool.py:1103: InsecureRequestWarning: Unverified HTTPS request is being made to host 'dbelk1.afaqy.local'. Adding certificate verification is strongly advised. See: https://urllib3.readthedocs.io/en/latest/advanced-usage.html#tls-warnings
  warnings.warn(

[2024-05-13T14:41:06.661+0000] {_transport.py:349} INFO - PUT https://dbelk1.afaqy.local:9200/units_statistics_***/_bulk [status:200 duration:2.057s]
[2024-05-13T14:41:06.914+0000] {python.py:237} INFO - Done. Returned value was: None
[2024-05-13T14:41:06.914+0000] {taskinstance.py:441} INFO - ::group::Post task execution logs
[2024-05-13T14:41:06.927+0000] {taskinstance.py:1206} INFO - Marking task as SUCCESS. dag_id=Units_statistics_DAG, task_id=ETL_job, run_id=scheduled__2024-05-13T14:20:00+00:00, map_index=6, execution_date=20240513T142000, start_date=20240513T144021, end_date=20240513T144106
[2024-05-13T14:41:06.964+0000] {local_task_job_runner.py:240} INFO - Task exited with return code 0
[2024-05-13T14:41:06.984+0000] {taskinstance.py:3498} INFO - 0 downstream tasks scheduled from follow-on schedule check
[2024-05-13T14:41:06.987+0000] {local_task_job_runner.py:222} INFO - ::endgroup::
