[2024-04-28T18:01:55.919+0000] {taskinstance.py:1979} INFO - Dependencies all met for dep_context=non-requeueable deps ti=<TaskInstance: Units_statistics_DAG.ETL_job scheduled__2024-04-28T17:40:00+00:00 map_index=12 [queued]>
[2024-04-28T18:01:55.941+0000] {taskinstance.py:1979} INFO - Dependencies all met for dep_context=requeueable deps ti=<TaskInstance: Units_statistics_DAG.ETL_job scheduled__2024-04-28T17:40:00+00:00 map_index=12 [queued]>
[2024-04-28T18:01:55.941+0000] {taskinstance.py:2193} INFO - Starting attempt 2 of 4
[2024-04-28T18:01:55.970+0000] {taskinstance.py:2217} INFO - Executing <Mapped(_PythonDecoratedOperator): ETL_job> on 2024-04-28 17:40:00+00:00
[2024-04-28T18:01:55.980+0000] {standard_task_runner.py:60} INFO - Started process 619861 to run task
[2024-04-28T18:01:55.988+0000] {standard_task_runner.py:87} INFO - Running: ['***', 'tasks', 'run', 'Units_statistics_DAG', 'ETL_job', 'scheduled__2024-04-28T17:40:00+00:00', '--job-id', '21640', '--raw', '--subdir', 'DAGS_FOLDER/Units_dag.py', '--cfg-path', '/tmp/tmpn5chuuyj', '--map-index', '12']
[2024-04-28T18:01:55.991+0000] {standard_task_runner.py:88} INFO - Job 21640: Subtask ETL_job
[2024-04-28T18:01:56.082+0000] {task_command.py:423} INFO - Running <TaskInstance: Units_statistics_DAG.ETL_job scheduled__2024-04-28T17:40:00+00:00 map_index=12 [running]> on host a09da322e808
[2024-04-28T18:01:56.291+0000] {taskinstance.py:2513} INFO - Exporting env vars: AIRFLOW_CTX_DAG_OWNER='abeer-araby' AIRFLOW_CTX_DAG_ID='Units_statistics_DAG' AIRFLOW_CTX_TASK_ID='ETL_job' AIRFLOW_CTX_EXECUTION_DATE='2024-04-28T17:40:00+00:00' AIRFLOW_CTX_TRY_NUMBER='2' AIRFLOW_CTX_DAG_RUN_ID='scheduled__2024-04-28T17:40:00+00:00'
[2024-04-28T18:01:56.295+0000] {Units_dag.py:99} INFO - i: 120000, chunk: 10000
[2024-04-28T18:01:56.296+0000] {Units_dag.py:100} INFO - child token is::: eyJ0eXAiOiJKV1QiLCJhbGciOiJIUzI1NiJ9.eyJpc3MiOiJodHRwczovL2FwaS5hZmFxeS5zYS9hdXRoL2xvZ2luX2FzIiwiaWF0IjoxNzE0MzI3MjA0LCJleHAiOjE3MTY5MTkyMDQsIm5iZiI6MTcxNDMyNzIwNCwianRpIjoiVEtMVER0eXZBVWFTVkNEeCIsInN1YiI6IjVkNjNlNTFlMDNlZDUyOTJhNDJjMjRlNiIsInBydiI6IjI3MGVjZmM3ZWEzZWQ5MzdlYTg0OTM2MmEzYTUwOTEwYzZkOGNlNGYiLCJsb2dpbl9hc19pZCI6IjY1N2YwYWQ3M2Y5NzcyOTVjZjA1NTc2YSJ9.bU2ETTOxuzyeLXiR3_GHnQizq-ZIRSX3AJ62IA58YHI
[2024-04-28T18:02:19.783+0000] {Units_dag.py:104} INFO - {'_id': '64c8c0fbfd8cf8084022983c', 'icon': 'icons/icon.png', 'driver_id': '', 'tailer_id': '', 'profile': {'measurement_type': 'count', 'fuel_type': '91', 'year': 0, 'seats': 2, 'max_capacity': None, 'model': None, 'plate_number': 'ر ص ط 7237', 'vehicle_type': None, 'vin': 'LJD0AA292P0225365'}, 'device_password': '***', 'device_type': 'gps', 'gateway': False, 'business_types': {'waste': False, 'transportation': True, 'water': False}, 'name': 'LJD0AA292P0225365', 'operation_code': None, 'device_gateway': None, 'skip_sim_information': False, 'imei': '868184060642421', 'sim_number': '+966830032246248', 'sim_serial': '8996609821111916294', 'device_serial': '868184060642421', 'device': 'bce', 'user_id': '61c43b241b5e6d541b2b65ce', 'created_by': '5e6655bf03ed52e1ab79d301', 'updated_at': '2024-04-18 11:18:59', 'created_at': '2023-08-01 11:23:23', 'shipment_info': None, 'custom_fields': [], 'creator': 'amr.ahmed', 'company': '', 'owner': 'al-jabr-renta-admin', 'last_update': {'dtt': 1714326720000, 'dts': 1714327017473, 'spd': 0, 'ang': 60, 'alt': 54, 'chPrams': {'di16': {'v': 1, 'cdt': 1714325980000}, 'ePwrV': {'v': 12.878, 'cdt': 1714326720000}, 'di15': {'v': 0, 'cdt': 1697389648000}, 'rssi1': {'v': 61, 'cdt': 1714326390000}, 'di14': {'v': 0, 'cdt': 1714326024000}, 'di13': {'v': 0, 'cdt': 1712942876000}, 'di12': {'v': 0, 'cdt': 1712942876000}, 'di11': {'v': 0, 'cdt': 1712942876000}, 'di10': {'v': 0, 'cdt': 1697389648000}, 'di2': {'v': 1, 'cdt': 1712942876000}, 'di1': {'v': 0, 'cdt': 1714326390000}, 'di4': {'v': 0, 'cdt': 1712942876000}, 'di3': {'v': 0, 'cdt': 1712942876000}, 'di6': {'v': 1, 'cdt': 1712942876000}, 'di5': {'v': 0, 'cdt': 1714326390000}, 'lac1': {'v': 2242, 'cdt': 1714325562000}, 'protocol': {'v': 'bce', 'cdt': 1712942876000}, 'di8': {'v': 1, 'cdt': 1712942876000}, 'di7': {'v': 0, 'cdt': 1714326420000}, 'di9': {'v': 0, 'cdt': 1712942876000}, 'iPwrV': {'v': 4.081, 'cdt': 1714326720000}, 'cid1': {'v': 57393, 'cdt': 1714326054000}, 'odometer': {'v': 0, 'cdt': 1714326090000}, 'spd': {'v': 0, 'cdt': 1714326060000}, 'sat': {'v': 15, 'cdt': 1714326330000}, 'hdop': {'v': 1, 'cdt': 1714326210000}, 'ta': {'v': 0, 'cdt': 1712942876000}, 'mcc1': {'v': 420, 'cdt': 1711974688000}, 'mnc1': {'v': 3, 'cdt': 1711974688000}}, 'prms': {'protocol': 'bce', 'spd': 0, 'sat': 15, 'hdop': 1, 'odometer': 0, 'di16': 1, 'di15': 0, 'di14': 0, 'di13': 0, 'di12': 0, 'di11': 0, 'di10': 0, 'di9': 0, 'di8': 1, 'di7': 0, 'di6': 1, 'di5': 0, 'di4': 0, 'di3': 0, 'di2': 1, 'di1': 0, 'ePwrV': 12.878, 'iPwrV': 4.081, 'ta': 0, 'mcc1': 420, 'mnc1': 3, 'lac1': 2242, 'cid1': 57393, 'rssi1': 61}, 'devPrms': ['protocol', 'spd', 'sat', 'hdop', 'odometer', 'di16', 'di15', 'di14', 'di13', 'di12', 'di11', 'di10', 'di9', 'di8', 'di7', 'di6', 'di5', 'di4', 'di3', 'di2', 'di1', 'ePwrV', 'iPwrV', 'ta', 'mcc1', 'mnc1', 'lac1', 'cid1', 'rssi1'], 'old_params': {'di16': 1, 'ePwrV': 12.833, 'di15': 0, 'rssi1': 61, 'di14': 0, 'di13': 0, 'di12': 0, 'di11': 0, 'di10': 0, 'di2': 1, 'di1': 0, 'di4': 0, 'di3': 0, 'di6': 1, 'di5': 0, 'lac1': 2242, 'protocol': 'bce', 'di8': 1, 'di7': 0, 'di9': 0, 'iPwrV': 4.083, 'cid1': 57393, 'odometer': 0, 'spd': 0, 'sat': 15, 'hdop': 1, 'ta': 0, 'mcc1': 420, 'mnc1': 3}, 'vLoc': 1, 'vCon': 1, 'ip': '109.83.202.133', 'rl': 0, 'trl': 21594.7638, 'mdu': 0, 'tmdu': 1574432, 'eidl': 0, 'teidl': 1537398, 'fc': 0, 'tfc': 11.365884, 'acc': 0, 'accOn': 3779962, 'accOff': 13960710, 'sdu': 300, 'tsdu': 330, 'lat': 21.5915584564209, 'lng': 39.23214340209961}, 'counters': {'odometer_type': 'gps', 'odometer': 23765.6369, 'engine_hours_type': 'acc', 'engine_hours': 3779962, 'last_acc': 0}, 'is_wasl_connected': 'Not Connected', 'iconUrl': 'https://api.afaqy.sa/images/units/icons/icon.png', 'hasCCTV': False}
[2024-04-28T18:02:20.316+0000] {warnings.py:109} WARNING - /home/***/.local/lib/python3.8/site-packages/elasticsearch/_sync/client/__init__.py:399: SecurityWarning: Connecting to 'https://dbelk1.afaqy.local:9200' using TLS with verify_certs=False is insecure
  _transport = transport_class(

[2024-04-28T18:02:20.363+0000] {warnings.py:109} WARNING - /home/***/.local/lib/python3.8/site-packages/elasticsearch/_sync/client/__init__.py:399: SecurityWarning: Connecting to 'https://dbelk3.afaqy.local:9200' using TLS with verify_certs=False is insecure
  _transport = transport_class(

[2024-04-28T18:02:20.408+0000] {warnings.py:109} WARNING - /home/***/.local/lib/python3.8/site-packages/elasticsearch/_sync/client/__init__.py:399: SecurityWarning: Connecting to 'https://dbelk2.afaqy.local:9200' using TLS with verify_certs=False is insecure
  _transport = transport_class(

[2024-04-28T18:02:20.431+0000] {warnings.py:109} WARNING - /home/***/.local/lib/python3.8/site-packages/urllib3/connectionpool.py:1061: InsecureRequestWarning: Unverified HTTPS request is being made to host 'dbelk1.afaqy.local'. Adding certificate verification is strongly advised. See: https://urllib3.readthedocs.io/en/1.26.x/advanced-usage.html#ssl-warnings
  warnings.warn(

[2024-04-28T18:02:20.495+0000] {_transport.py:335} INFO - GET https://dbelk1.afaqy.local:9200/_cluster/health [status:200 duration:0.085s]
[2024-04-28T18:02:20.886+0000] {warnings.py:109} WARNING - /home/***/.local/lib/python3.8/site-packages/urllib3/connectionpool.py:1061: InsecureRequestWarning: Unverified HTTPS request is being made to host 'dbelk3.afaqy.local'. Adding certificate verification is strongly advised. See: https://urllib3.readthedocs.io/en/1.26.x/advanced-usage.html#ssl-warnings
  warnings.warn(

[2024-04-28T18:02:22.963+0000] {_transport.py:335} INFO - PUT https://dbelk3.afaqy.local:9200/units_statistics_***/_bulk [status:200 duration:2.103s]
[2024-04-28T18:02:23.234+0000] {taskinstance.py:2731} ERROR - Task failed with exception
Traceback (most recent call last):
  File "/home/airflow/.local/lib/python3.8/site-packages/airflow/models/taskinstance.py", line 444, in _execute_task
    result = _execute_callable(context=context, **execute_callable_kwargs)
  File "/home/airflow/.local/lib/python3.8/site-packages/airflow/models/taskinstance.py", line 414, in _execute_callable
    return execute_callable(context=context, **execute_callable_kwargs)
  File "/home/airflow/.local/lib/python3.8/site-packages/airflow/decorators/base.py", line 241, in execute
    return_value = super().execute(context)
  File "/home/airflow/.local/lib/python3.8/site-packages/airflow/operators/python.py", line 200, in execute
    return_value = self.execute_callable()
  File "/home/airflow/.local/lib/python3.8/site-packages/airflow/operators/python.py", line 217, in execute_callable
    return self.python_callable(*self.op_args, **self.op_kwargs)
  File "/opt/airflow/dags/Units_dag.py", line 112, in ETL_job
    Elk_client.elk_pushData(Globals.index_name,units_list_update)
  File "/opt/airflow/dags/elk_manager.py", line 69, in elk_pushData
    helpers.bulk(self.elk_client, docs_list, index=index_name, chunk_size=batch)
  File "/home/airflow/.local/lib/python3.8/site-packages/elasticsearch/helpers/actions.py", line 521, in bulk
    for ok, item in streaming_bulk(
  File "/home/airflow/.local/lib/python3.8/site-packages/elasticsearch/helpers/actions.py", line 436, in streaming_bulk
    for data, (ok, info) in zip(
  File "/home/airflow/.local/lib/python3.8/site-packages/elasticsearch/helpers/actions.py", line 355, in _process_bulk_chunk
    yield from gen
  File "/home/airflow/.local/lib/python3.8/site-packages/elasticsearch/helpers/actions.py", line 274, in _process_bulk_chunk_success
    raise BulkIndexError(f"{len(errors)} document(s) failed to index.", errors)
elasticsearch.helpers.BulkIndexError: 2300 document(s) failed to index.
[2024-04-28T18:02:23.258+0000] {taskinstance.py:1149} INFO - Marking task as UP_FOR_RETRY. dag_id=Units_statistics_DAG, task_id=ETL_job, map_index=12, execution_date=20240428T174000, start_date=20240428T180155, end_date=20240428T180223
[2024-04-28T18:02:23.286+0000] {standard_task_runner.py:107} ERROR - Failed to execute job 21640 for task ETL_job (2300 document(s) failed to index.; 619861)
[2024-04-28T18:02:23.353+0000] {local_task_job_runner.py:234} INFO - Task exited with return code 1
[2024-04-28T18:02:23.379+0000] {taskinstance.py:3312} INFO - 0 downstream tasks scheduled from follow-on schedule check
