[2024-04-28T13:02:03.328+0000] {taskinstance.py:1979} INFO - Dependencies all met for dep_context=non-requeueable deps ti=<TaskInstance: Units_statistics_DAG.ETL_job scheduled__2024-04-28T12:40:00+00:00 map_index=7 [queued]>
[2024-04-28T13:02:03.349+0000] {taskinstance.py:1979} INFO - Dependencies all met for dep_context=requeueable deps ti=<TaskInstance: Units_statistics_DAG.ETL_job scheduled__2024-04-28T12:40:00+00:00 map_index=7 [queued]>
[2024-04-28T13:02:03.350+0000] {taskinstance.py:2193} INFO - Starting attempt 2 of 4
[2024-04-28T13:02:03.375+0000] {taskinstance.py:2217} INFO - Executing <Mapped(_PythonDecoratedOperator): ETL_job> on 2024-04-28 12:40:00+00:00
[2024-04-28T13:02:03.384+0000] {standard_task_runner.py:60} INFO - Started process 614877 to run task
[2024-04-28T13:02:03.393+0000] {standard_task_runner.py:87} INFO - Running: ['***', 'tasks', 'run', 'Units_statistics_DAG', 'ETL_job', 'scheduled__2024-04-28T12:40:00+00:00', '--job-id', '21287', '--raw', '--subdir', 'DAGS_FOLDER/Units_dag.py', '--cfg-path', '/tmp/tmpfoge1f83', '--map-index', '7']
[2024-04-28T13:02:03.395+0000] {standard_task_runner.py:88} INFO - Job 21287: Subtask ETL_job
[2024-04-28T13:02:03.502+0000] {task_command.py:423} INFO - Running <TaskInstance: Units_statistics_DAG.ETL_job scheduled__2024-04-28T12:40:00+00:00 map_index=7 [running]> on host a09da322e808
[2024-04-28T13:02:03.711+0000] {taskinstance.py:2513} INFO - Exporting env vars: AIRFLOW_CTX_DAG_OWNER='abeer-araby' AIRFLOW_CTX_DAG_ID='Units_statistics_DAG' AIRFLOW_CTX_TASK_ID='ETL_job' AIRFLOW_CTX_EXECUTION_DATE='2024-04-28T12:40:00+00:00' AIRFLOW_CTX_TRY_NUMBER='2' AIRFLOW_CTX_DAG_RUN_ID='scheduled__2024-04-28T12:40:00+00:00'
[2024-04-28T13:02:03.712+0000] {Units_dag.py:99} INFO - i: 70000, chunk: 10000
[2024-04-28T13:02:03.713+0000] {Units_dag.py:100} INFO - child token is::: eyJ0eXAiOiJKV1QiLCJhbGciOiJIUzI1NiJ9.eyJpc3MiOiJodHRwczovL2FwaS5hZmFxeS5zYS9hdXRoL2xvZ2luX2FzIiwiaWF0IjoxNzE0MzA5MjA0LCJleHAiOjE3MTY5MDEyMDQsIm5iZiI6MTcxNDMwOTIwNCwianRpIjoiTGJwSmJKS05uWnFQRDN6RSIsInN1YiI6IjVkNjNlNTFlMDNlZDUyOTJhNDJjMjRlNiIsInBydiI6IjI3MGVjZmM3ZWEzZWQ5MzdlYTg0OTM2MmEzYTUwOTEwYzZkOGNlNGYiLCJsb2dpbl9hc19pZCI6IjY1N2YwYWQ3M2Y5NzcyOTVjZjA1NTc2YSJ9.OaOrkk0oMXejT_U8ulouHHsuNUz4B0gLubTQ3KgYowM
[2024-04-28T13:02:25.188+0000] {Units_dag.py:104} INFO - {'_id': '63a077c59c9c196f6024a274', 'icon': 'icons/icon.png', 'driver_id': '', 'tailer_id': '', 'profile': {'vehicle_type': '', 'measurement_type': 'count', 'max_capacity': 0, 'vin': '', 'plate_number': '', 'start_operation': '', 'contract_milage': '', 'opening_milage': '', 'model': '', 'fuel_type': '91', 'year': 0, 'seats': 2}, 'device_password': '***', 'device_type': 'gps', 'gateway': False, 'name': '5243 R B A', 'operation_code': '', 'device_gateway': '', 'business_types': {'waste': False, 'transportation': False, 'water': False}, 'imei': '350424063717530', 'sim_number': '+966830028952015', 'sim_serial': '996609821111010550', 'device_serial': '1125689240', 'device': 'teltonika', 'user_id': '639ad72306acca33157c633d', 'created_by': '6356629e8c90de353b0fb6b9', 'updated_at': '2024-04-18 11:18:59', 'created_at': '2022-12-19 17:40:05', 'custom_fields': [], 'creator': 'm.hisham', 'company': '', 'owner': 'raed-alsumou-admin', 'last_update': {'dtt': 1714309033000, 'dts': 1714309036298, 'spd': 0, 'ang': 214, 'alt': 976, 'chPrams': {'Speed': {'v': 0, 'cdt': 1714045415000}, 'output1': {'v': False, 'cdt': 1714073094000}, 'output2': {'v': False, 'cdt': 1714073094000}, 'ePwrV': {'v': 25.024, 'cdt': 1714309033000}, 'parm24': {'v': 0, 'cdt': 1714045415000}, 'sat': {'v': 16, 'cdt': 1714308431000}, 'ai1': {'v': 10046, 'cdt': 1714309033000}, 'priority': {'v': 0, 'cdt': 1712755933000}, 'di2': {'v': 0, 'cdt': 1712791396000}, 'type': {'v': 6, 'cdt': 1713373759000}, 'di1': {'v': 0, 'cdt': 1714045415000}, 'result': {'v': '5665723a30332e32372e31335f3033204750533a41584e5f352e312e392048773a464d42313230204d6f643a333320494d45493a33353034323430363337313735333020496e69743a323032342d332d32392031383a343220557074696d653a32333332363635204d41433a303031453432374541394639205350433a312830292041584c3a32204f42443a3020424c3a312e31302042543a34', 'cdt': 1714074296000}, 'protocol': {'v': 'FMB120', 'cdt': 1714074597000}, 'parm6': {'v': 131, 'cdt': 1713706994000}, 'iPwrV': {'v': 4.01, 'cdt': 1714283788000}, 'event': {'v': 0, 'cdt': 1712755933000}}, 'prms': {'protocol': 'FMB120', 'priority': 0, 'sat': 16, 'event': 0, 'di1': 0, 'output1': 0, 'di2': 0, 'output2': 0, 'ePwrV': 25.024, 'Speed': 0, 'parm24': 0, 'iPwrV': 4.01, 'ai1': 10046, 'parm6': 131}, 'devPrms': ['protocol', 'priority', 'sat', 'event', 'di1', 'output1', 'di2', 'output2', 'ePwrV', 'Speed', 'parm24', 'iPwrV', 'ai1', 'parm6'], 'old_params': {'protocol': 'FMB120', 'priority': 0, 'sat': 16, 'event': 0, 'di1': 0, 'output1': 0, 'di2': 0, 'output2': 0, 'ePwrV': 25.027, 'Speed': 0, 'parm24': 0, 'iPwrV': 4.01, 'ai1': 10008, 'parm6': 131}, 'vLoc': 1, 'vCon': 1, 'ip': '37.216.86.41', 'rl': 0, 'trl': 18938.1831, 'mdu': 0, 'tmdu': 1128644, 'eidl': 0, 'teidl': 1596970, 'fc': 0, 'tfc': 3.460692, 'acc': 0, 'accOn': 2797575, 'accOff': 41323865, 'sdu': 301, 'tsdu': 263618, 'lat': 22.4422466, 'lng': 41.7418716}, 'counters': {'odometer_type': 'gps', 'odometer': 18937.9347, 'engine_hours_type': 'acc', 'engine_hours': 2797575, 'last_acc': 0}, 'is_wasl_connected': 'Connected', 'iconUrl': 'https://api.afaqy.sa/images/units/icons/icon.png', 'hasCCTV': False}
[2024-04-28T13:02:25.642+0000] {warnings.py:109} WARNING - /home/***/.local/lib/python3.8/site-packages/elasticsearch/_sync/client/__init__.py:399: SecurityWarning: Connecting to 'https://dbelk3.afaqy.local:9200' using TLS with verify_certs=False is insecure
  _transport = transport_class(

[2024-04-28T13:02:25.706+0000] {warnings.py:109} WARNING - /home/***/.local/lib/python3.8/site-packages/elasticsearch/_sync/client/__init__.py:399: SecurityWarning: Connecting to 'https://dbelk1.afaqy.local:9200' using TLS with verify_certs=False is insecure
  _transport = transport_class(

[2024-04-28T13:02:25.770+0000] {warnings.py:109} WARNING - /home/***/.local/lib/python3.8/site-packages/elasticsearch/_sync/client/__init__.py:399: SecurityWarning: Connecting to 'https://dbelk2.afaqy.local:9200' using TLS with verify_certs=False is insecure
  _transport = transport_class(

[2024-04-28T13:02:25.792+0000] {warnings.py:109} WARNING - /home/***/.local/lib/python3.8/site-packages/urllib3/connectionpool.py:1061: InsecureRequestWarning: Unverified HTTPS request is being made to host 'dbelk3.afaqy.local'. Adding certificate verification is strongly advised. See: https://urllib3.readthedocs.io/en/1.26.x/advanced-usage.html#ssl-warnings
  warnings.warn(

[2024-04-28T13:02:25.861+0000] {_transport.py:335} INFO - GET https://dbelk3.afaqy.local:9200/_cluster/health [status:200 duration:0.089s]
[2024-04-28T13:02:26.248+0000] {warnings.py:109} WARNING - /home/***/.local/lib/python3.8/site-packages/urllib3/connectionpool.py:1061: InsecureRequestWarning: Unverified HTTPS request is being made to host 'dbelk1.afaqy.local'. Adding certificate verification is strongly advised. See: https://urllib3.readthedocs.io/en/1.26.x/advanced-usage.html#ssl-warnings
  warnings.warn(

[2024-04-28T13:02:27.761+0000] {_transport.py:335} INFO - PUT https://dbelk1.afaqy.local:9200/units_statistics_***/_bulk [status:200 duration:1.540s]
[2024-04-28T13:02:28.007+0000] {python.py:202} INFO - Done. Returned value was: None
[2024-04-28T13:02:28.024+0000] {taskinstance.py:1149} INFO - Marking task as SUCCESS. dag_id=Units_statistics_DAG, task_id=ETL_job, map_index=7, execution_date=20240428T124000, start_date=20240428T130203, end_date=20240428T130228
[2024-04-28T13:02:28.094+0000] {local_task_job_runner.py:234} INFO - Task exited with return code 0
[2024-04-28T13:02:28.124+0000] {taskinstance.py:3312} INFO - 0 downstream tasks scheduled from follow-on schedule check
