[2024-05-09T09:20:18.538+0000] {taskinstance.py:1979} INFO - Dependencies all met for dep_context=non-requeueable deps ti=<TaskInstance: Units_statistics_DAG.ETL_job scheduled__2024-05-09T09:00:00+00:00 map_index=15 [queued]>
[2024-05-09T09:20:18.607+0000] {taskinstance.py:1979} INFO - Dependencies all met for dep_context=requeueable deps ti=<TaskInstance: Units_statistics_DAG.ETL_job scheduled__2024-05-09T09:00:00+00:00 map_index=15 [queued]>
[2024-05-09T09:20:18.608+0000] {taskinstance.py:2193} INFO - Starting attempt 1 of 4
[2024-05-09T09:20:18.703+0000] {taskinstance.py:2217} INFO - Executing <Mapped(_PythonDecoratedOperator): ETL_job> on 2024-05-09 09:00:00+00:00
[2024-05-09T09:20:18.731+0000] {standard_task_runner.py:60} INFO - Started process 883247 to run task
[2024-05-09T09:20:18.762+0000] {standard_task_runner.py:87} INFO - Running: ['***', 'tasks', 'run', 'Units_statistics_DAG', 'ETL_job', 'scheduled__2024-05-09T09:00:00+00:00', '--job-id', '43911', '--raw', '--subdir', 'DAGS_FOLDER/Units_dag.py', '--cfg-path', '/tmp/tmp1ak9u586', '--map-index', '15']
[2024-05-09T09:20:18.769+0000] {standard_task_runner.py:88} INFO - Job 43911: Subtask ETL_job
[2024-05-09T09:20:19.051+0000] {task_command.py:423} INFO - Running <TaskInstance: Units_statistics_DAG.ETL_job scheduled__2024-05-09T09:00:00+00:00 map_index=15 [running]> on host a09da322e808
[2024-05-09T09:20:19.494+0000] {taskinstance.py:2513} INFO - Exporting env vars: AIRFLOW_CTX_DAG_OWNER='abeer-araby' AIRFLOW_CTX_DAG_ID='Units_statistics_DAG' AIRFLOW_CTX_TASK_ID='ETL_job' AIRFLOW_CTX_EXECUTION_DATE='2024-05-09T09:00:00+00:00' AIRFLOW_CTX_TRY_NUMBER='1' AIRFLOW_CTX_DAG_RUN_ID='scheduled__2024-05-09T09:00:00+00:00'
[2024-05-09T09:20:19.500+0000] {Units_dag.py:98} INFO - i: 150000, chunk: 10000
[2024-05-09T09:20:19.500+0000] {Units_dag.py:99} INFO - child token is::: eyJ0eXAiOiJKV1QiLCJhbGciOiJIUzI1NiJ9.eyJpc3MiOiJodHRwczovL2FwaS5hZmFxeS5zYS9hdXRoL2xvZ2luX2FzIiwiaWF0IjoxNzE1MjQ2NDA0LCJleHAiOjE3MTc4Mzg0MDQsIm5iZiI6MTcxNTI0NjQwNCwianRpIjoiUHBHWmZIVjFLRzFmQlBUZSIsInN1YiI6IjVkNjNlNTFlMDNlZDUyOTJhNDJjMjRlNiIsInBydiI6IjI3MGVjZmM3ZWEzZWQ5MzdlYTg0OTM2MmEzYTUwOTEwYzZkOGNlNGYiLCJsb2dpbl9hc19pZCI6IjY1N2YwYWQ3M2Y5NzcyOTVjZjA1NTc2YSJ9.AkWxGPppfU7Qdru9aVxV3DlpdQxbYgmiRwbR6FXzt8Q
[2024-05-09T09:20:45.215+0000] {Units_dag.py:103} INFO - {'_id': '659bf8217ec998eb700b101d', 'icon': 'icons/icon.png', 'driver_id': '', 'tailer_id': '', 'profile': {'measurement_type': 'count', 'fuel_type': '91', 'year': 0, 'seats': 2}, 'shipment_info': {'product_category': '', 'truck_type': '', 'shipment_type': '', 'shipment_payment_type': '', 'transporter_type': '', 'operating_area': '', 'weight_kilograms_per_day': '', 'kms_per_day': '', 'opening_milage': '', 'shipment_trip_drive_hrs_day': '', 'expected_shipment_trip_day': '', 'car_pay_per_day': '', 'exceeding_temperature_limit_per_day': '', 'temperature_upper_limit': '', 'exceeding_humidity_limit_per_day': '', 'humidity_upper_limit': '', 'allowable_delay_drive_hrs_day': ''}, 'device_password': '***', 'device_type': 'gps', 'gateway': False, 'business_types': {'waste': False, 'transportation': True, 'water': False}, 'name': '7849KTR', 'operation_code': None, 'device_gateway': None, 'skip_sim_information': False, 'imei': '866069060866744', 'sim_number': '+966830021015695', 'sim_serial': '8996609821112134960', 'device_serial': '1135871929', 'device': 'teltonika', 'user_id': '61adecadb70c9664dd5bc901', 'created_by': '5e6655bf03ed52e1ab79d301', 'updated_at': '2024-04-18 11:18:59', 'created_at': '2024-01-08 16:26:57', 'custom_fields': [], 'creator': 'amr.ahmed', 'company': '', 'owner': 'shift-inc-co', 'last_update': {'dtt': 1715246410000, 'dts': 1715246416381, 'spd': 112, 'ang': 282, 'alt': 1140, 'chPrams': {'Speed': {'v': 112, 'cdt': 1715246410000}, 'output1': {'v': False, 'cdt': 1715163453000}, 'ePwrV': {'v': 12.899000000000001, 'cdt': 1715246410000}, 'parm24': {'v': 112, 'cdt': 1715246410000}, 'sat': {'v': 9, 'cdt': 1715246410000}, 'ai1': {'v': 0, 'cdt': 1713953551000}, 'type': {'v': 6, 'cdt': 1712759588000}, 'priority': {'v': 0, 'cdt': 1713953551000}, 'di1': {'v': 1, 'cdt': 1715243848000}, 'result': {'v': '5665723a30332e32382e30325f313937204750533a41584e5f352e312e392048773a464d43393230204d6f643a3120494d45493a38363630363930363038363637343420496e69743a323032342d322d32352031303a313920557074696d653a36333037323931204d41433a333838413231393241414537205350433a312830292041584c3a31204f42443a3020424c3a312e31302042543a34', 'cdt': 1715174744000}, 'protocol': {'v': 'FMC920', 'cdt': 1715163453000}, 'iPwrV': {'v': 3.9050000000000002, 'cdt': 1715170201000}, 'event': {'v': 0, 'cdt': 1713953551000}}, 'prms': {'protocol': 'FMC920', 'priority': 0, 'sat': 9, 'event': 0, 'di1': 1, 'output1': 0, 'ePwrV': 12.899000000000001, 'Speed': 112, 'parm24': 112, 'iPwrV': 3.9050000000000002, 'ai1': 0}, 'devPrms': ['protocol', 'priority', 'sat', 'event', 'di1', 'output1', 'ePwrV', 'Speed', 'parm24', 'iPwrV', 'ai1'], 'old_params': {'protocol': 'FMC920', 'priority': 0, 'sat': 7, 'event': 0, 'di1': 1, 'output1': 0, 'ePwrV': 12.93, 'Speed': 114, 'parm24': 114, 'iPwrV': 3.9050000000000002, 'ai1': 0}, 'vLoc': 1, 'vCon': 1, 'ip': '109.83.68.138', 'rl': 0.7807, 'trl': 14171.6723, 'mdu': 26, 'tmdu': 620505, 'eidl': 0, 'teidl': 317101, 'fc': 0.093684, 'tfc': 789.764244, 'acc': 1, 'accOn': 2129525, 'accOff': 9530030, 'sdu': 0, 'tsdu': 0, 'lat': 28.3344433, 'lng': 36.0355616}, 'counters': {'engine_hours': 2129525, 'last_acc': 1, 'odometer': 14171.5826, 'engine_hours_type': 'acc', 'odometer_type': 'gps'}, 'is_wasl_connected': 'Not Connected', 'iconUrl': 'https://api.afaqy.sa/images/units/icons/icon.png', 'hasCCTV': False}
[2024-05-09T09:20:46.353+0000] {warnings.py:109} WARNING - /home/***/.local/lib/python3.8/site-packages/elasticsearch/_sync/client/__init__.py:399: SecurityWarning: Connecting to 'https://dbelk1.afaqy.local:9200' using TLS with verify_certs=False is insecure
  _transport = transport_class(

[2024-05-09T09:20:46.509+0000] {warnings.py:109} WARNING - /home/***/.local/lib/python3.8/site-packages/elasticsearch/_sync/client/__init__.py:399: SecurityWarning: Connecting to 'https://dbelk2.afaqy.local:9200' using TLS with verify_certs=False is insecure
  _transport = transport_class(

[2024-05-09T09:20:46.755+0000] {warnings.py:109} WARNING - /home/***/.local/lib/python3.8/site-packages/elasticsearch/_sync/client/__init__.py:399: SecurityWarning: Connecting to 'https://dbelk3.afaqy.local:9200' using TLS with verify_certs=False is insecure
  _transport = transport_class(

[2024-05-09T09:20:46.798+0000] {warnings.py:109} WARNING - /home/***/.local/lib/python3.8/site-packages/urllib3/connectionpool.py:1061: InsecureRequestWarning: Unverified HTTPS request is being made to host 'dbelk1.afaqy.local'. Adding certificate verification is strongly advised. See: https://urllib3.readthedocs.io/en/1.26.x/advanced-usage.html#ssl-warnings
  warnings.warn(

[2024-05-09T09:20:46.876+0000] {_transport.py:335} INFO - GET https://dbelk1.afaqy.local:9200/_cluster/health [status:200 duration:0.119s]
[2024-05-09T09:20:48.452+0000] {warnings.py:109} WARNING - /home/***/.local/lib/python3.8/site-packages/urllib3/connectionpool.py:1061: InsecureRequestWarning: Unverified HTTPS request is being made to host 'dbelk2.afaqy.local'. Adding certificate verification is strongly advised. See: https://urllib3.readthedocs.io/en/1.26.x/advanced-usage.html#ssl-warnings
  warnings.warn(

[2024-05-09T09:20:51.114+0000] {_transport.py:335} INFO - PUT https://dbelk2.afaqy.local:9200/units_statistics_***/_bulk [status:200 duration:3.191s]
[2024-05-09T09:20:51.511+0000] {python.py:202} INFO - Done. Returned value was: None
[2024-05-09T09:20:51.529+0000] {taskinstance.py:1149} INFO - Marking task as SUCCESS. dag_id=Units_statistics_DAG, task_id=ETL_job, map_index=15, execution_date=20240509T090000, start_date=20240509T092018, end_date=20240509T092051
[2024-05-09T09:20:51.595+0000] {local_task_job_runner.py:234} INFO - Task exited with return code 0
[2024-05-09T09:20:51.632+0000] {taskinstance.py:3312} INFO - 0 downstream tasks scheduled from follow-on schedule check
