[2024-04-18T14:13:13.289+0000] {taskinstance.py:1979} INFO - Dependencies all met for dep_context=non-requeueable deps ti=<TaskInstance: Units_statistics_DAG.ETL_job manual__2024-04-18T14:12:36.526832+00:00 map_index=15 [queued]>
[2024-04-18T14:13:13.335+0000] {taskinstance.py:1979} INFO - Dependencies all met for dep_context=requeueable deps ti=<TaskInstance: Units_statistics_DAG.ETL_job manual__2024-04-18T14:12:36.526832+00:00 map_index=15 [queued]>
[2024-04-18T14:13:13.335+0000] {taskinstance.py:2193} INFO - Starting attempt 1 of 4
[2024-04-18T14:13:13.443+0000] {taskinstance.py:2217} INFO - Executing <Mapped(_PythonDecoratedOperator): ETL_job> on 2024-04-18 14:12:36.526832+00:00
[2024-04-18T14:13:13.453+0000] {standard_task_runner.py:60} INFO - Started process 381855 to run task
[2024-04-18T14:13:13.478+0000] {standard_task_runner.py:87} INFO - Running: ['***', 'tasks', 'run', 'Units_statistics_DAG', 'ETL_job', 'manual__2024-04-18T14:12:36.526832+00:00', '--job-id', '7484', '--raw', '--subdir', 'DAGS_FOLDER/Units_dag.py', '--cfg-path', '/tmp/tmp16phxpkx', '--map-index', '15']
[2024-04-18T14:13:13.481+0000] {standard_task_runner.py:88} INFO - Job 7484: Subtask ETL_job
[2024-04-18T14:13:13.661+0000] {task_command.py:423} INFO - Running <TaskInstance: Units_statistics_DAG.ETL_job manual__2024-04-18T14:12:36.526832+00:00 map_index=15 [running]> on host a09da322e808
[2024-04-18T14:13:14.087+0000] {taskinstance.py:2513} INFO - Exporting env vars: AIRFLOW_CTX_DAG_OWNER='abeer-araby' AIRFLOW_CTX_DAG_ID='Units_statistics_DAG' AIRFLOW_CTX_TASK_ID='ETL_job' AIRFLOW_CTX_EXECUTION_DATE='2024-04-18T14:12:36.526832+00:00' AIRFLOW_CTX_TRY_NUMBER='1' AIRFLOW_CTX_DAG_RUN_ID='manual__2024-04-18T14:12:36.526832+00:00'
[2024-04-18T14:13:14.088+0000] {Units_dag.py:99} INFO - i: 150000, chunk: 10000
[2024-04-18T14:13:14.088+0000] {Units_dag.py:100} INFO - child token is::: eyJ0eXAiOiJKV1QiLCJhbGciOiJIUzI1NiJ9.eyJpc3MiOiJodHRwczovL2FwaS5hZmFxeS5zYS9hdXRoL2xvZ2luX2FzIiwiaWF0IjoxNzEzNDQ5NTcxLCJleHAiOjE3MTYwNDE1NzEsIm5iZiI6MTcxMzQ0OTU3MSwianRpIjoiVkhwbjdJYkdTb0dQZklDVSIsInN1YiI6IjVkNjNlNTFlMDNlZDUyOTJhNDJjMjRlNiIsInBydiI6IjI3MGVjZmM3ZWEzZWQ5MzdlYTg0OTM2MmEzYTUwOTEwYzZkOGNlNGYiLCJsb2dpbl9hc19pZCI6IjY1N2YwYWQ3M2Y5NzcyOTVjZjA1NTc2YSJ9.3mh0JtXH6aolkf0LKaA1BqyX3dC-dFDlOzLXgvlAZGk
[2024-04-18T14:13:34.990+0000] {Units_dag.py:104} INFO - {'_id': '6592c439f27e0f2bb8061721', 'icon': 'icons/icon.png', 'driver_id': '', 'tailer_id': '', 'profile': {'measurement_type': 'count', 'fuel_type': '91', 'year': 0, 'seats': 2}, 'shipment_info': {'product_category': '', 'truck_type': '', 'shipment_type': '', 'shipment_payment_type': '', 'transporter_type': '', 'operating_area': '', 'weight_kilograms_per_day': '', 'kms_per_day': '', 'opening_milage': '', 'shipment_trip_drive_hrs_day': '', 'expected_shipment_trip_day': '', 'car_pay_per_day': '', 'exceeding_temperature_limit_per_day': '', 'temperature_upper_limit': '', 'exceeding_humidity_limit_per_day': '', 'humidity_upper_limit': '', 'allowable_delay_drive_hrs_day': ''}, 'device_password': '***', 'device_type': 'gps', 'gateway': False, 'business_types': {'waste': False, 'transportation': True, 'water': False}, 'name': '7242GER', 'operation_code': None, 'device_gateway': None, 'skip_sim_information': False, 'imei': '866069060812128', 'sim_number': '+966830021043778', 'sim_serial': '8996609821112128087', 'device_serial': '1135936568', 'device': 'teltonika', 'user_id': '631866bf3cdfd0479c43062d', 'created_by': '5e6655bf03ed52e1ab79d301', 'updated_at': '2024-04-18 11:18:59', 'created_at': '2024-01-01 16:55:05', 'custom_fields': [], 'creator': 'amr.ahmed', 'company': '', 'owner': 'dar-almerkaba-admin', 'last_update': {'dtt': 1713449332000, 'dts': 1713449335164, 'spd': 0, 'ang': 163, 'alt': 15, 'chPrams': {'Speed': {'v': 0, 'cdt': 1713432401000}, 'output1': {'v': False, 'cdt': 1713449032000}, 'motion': {'v': False, 'cdt': 1713449032000}, 'ePwrV': {'v': 13.033, 'cdt': 1713449332000}, 'parm24': {'v': 0, 'cdt': 1713432401000}, 'sat': {'v': 14, 'cdt': 1713448731000}, 'ai1': {'v': 174, 'cdt': 1713036349000}, 'priority': {'v': 0, 'cdt': 1713432456000}, 'type': {'v': 6, 'cdt': 1711972732000}, 'di1': {'v': 0, 'cdt': 1713432426000}, 'result': {'v': '5665723a30332e32382e30325f313937204750533a41584e5f352e312e392048773a464d43393230204d6f643a3120494d45493a38363630363930363038313231323820496e69743a323032342d312d33312032303a3820557074696d653a36373035313033204d41433a333838413231393143303034205350433a312830292041584c3a31204f42443a3020424c3a312e31302042543a34', 'cdt': 1713448731000}, 'parm247': {'v': 1, 'cdt': 1711398774091}, 'protocol': {'v': 'FMC920', 'cdt': 1713449032000}, 'iPwrV': {'v': 3.915, 'cdt': 1713437310000}, 'event': {'v': 0, 'cdt': 1713432801000}}, 'prms': {'protocol': 'FMC920', 'priority': 0, 'sat': 14, 'event': 0, 'di1': 0, 'motion': 0, 'output1': 0, 'ePwrV': 13.033, 'Speed': 0, 'parm24': 0, 'iPwrV': 3.915, 'ai1': 174}, 'devPrms': ['Speed', 'output1', 'motion', 'ePwrV', 'parm24', 'sat', 'ai1', 'priority', 'type', 'di1', 'result', 'protocol', 'iPwrV', 'event'], 'old_params': {'protocol': 'FMC920', 'priority': 0, 'sat': 14, 'event': 0, 'di1': 0, 'motion': 0, 'output1': 0, 'ePwrV': 13.048, 'Speed': 0, 'parm24': 0, 'iPwrV': 3.915, 'ai1': 174}, 'vLoc': 1, 'vCon': 1, 'ip': '37.216.67.194', 'rl': 0, 'trl': 10298.1216, 'mdu': 0, 'tmdu': 828476, 'eidl': 0, 'teidl': 574273, 'fc': 0, 'tfc': 2.04798, 'acc': 0, 'accOn': 1833020, 'accOff': 638852674, 'sdu': 300, 'tsdu': 16906, 'lat': 21.6952516, 'lng': 39.1144983}, 'counters': {'engine_hours': 1833020, 'last_acc': 0, 'odometer': 10298.0599, 'engine_hours_type': 'acc', 'odometer_type': 'gps'}, 'is_wasl_connected': 'Not Connected', 'iconUrl': 'https://api.afaqy.sa/images/units/icons/icon.png', 'hasCCTV': False}
[2024-04-18T14:13:35.495+0000] {warnings.py:109} WARNING - /home/***/.local/lib/python3.8/site-packages/elasticsearch/_sync/client/__init__.py:399: SecurityWarning: Connecting to 'https://dbelk1.afaqy.local:9200' using TLS with verify_certs=False is insecure
  _transport = transport_class(

[2024-04-18T14:13:35.541+0000] {warnings.py:109} WARNING - /home/***/.local/lib/python3.8/site-packages/elasticsearch/_sync/client/__init__.py:399: SecurityWarning: Connecting to 'https://dbelk3.afaqy.local:9200' using TLS with verify_certs=False is insecure
  _transport = transport_class(

[2024-04-18T14:13:35.609+0000] {warnings.py:109} WARNING - /home/***/.local/lib/python3.8/site-packages/elasticsearch/_sync/client/__init__.py:399: SecurityWarning: Connecting to 'https://dbelk2.afaqy.local:9200' using TLS with verify_certs=False is insecure
  _transport = transport_class(

[2024-04-18T14:13:35.628+0000] {warnings.py:109} WARNING - /home/***/.local/lib/python3.8/site-packages/urllib3/connectionpool.py:1061: InsecureRequestWarning: Unverified HTTPS request is being made to host 'dbelk1.afaqy.local'. Adding certificate verification is strongly advised. See: https://urllib3.readthedocs.io/en/1.26.x/advanced-usage.html#ssl-warnings
  warnings.warn(

[2024-04-18T14:13:35.673+0000] {_transport.py:335} INFO - GET https://dbelk1.afaqy.local:9200/_cluster/health [status:200 duration:0.062s]
[2024-04-18T14:13:36.036+0000] {warnings.py:109} WARNING - /home/***/.local/lib/python3.8/site-packages/urllib3/connectionpool.py:1061: InsecureRequestWarning: Unverified HTTPS request is being made to host 'dbelk3.afaqy.local'. Adding certificate verification is strongly advised. See: https://urllib3.readthedocs.io/en/1.26.x/advanced-usage.html#ssl-warnings
  warnings.warn(

[2024-04-18T14:13:38.141+0000] {_transport.py:335} INFO - PUT https://dbelk3.afaqy.local:9200/units_statistics_***/_bulk [status:200 duration:2.123s]
[2024-04-18T14:13:38.547+0000] {python.py:202} INFO - Done. Returned value was: None
[2024-04-18T14:13:38.561+0000] {taskinstance.py:1149} INFO - Marking task as SUCCESS. dag_id=Units_statistics_DAG, task_id=ETL_job, map_index=15, execution_date=20240418T141236, start_date=20240418T141313, end_date=20240418T141338
[2024-04-18T14:13:38.615+0000] {local_task_job_runner.py:234} INFO - Task exited with return code 0
[2024-04-18T14:13:38.639+0000] {taskinstance.py:3312} INFO - 0 downstream tasks scheduled from follow-on schedule check
