[2024-05-12T09:45:27.604+0000] {taskinstance.py:1979} INFO - Dependencies all met for dep_context=non-requeueable deps ti=<TaskInstance: Units_statistics_DAG.ETL_job scheduled__2024-05-12T09:20:00+00:00 map_index=12 [queued]>
[2024-05-12T09:45:27.680+0000] {taskinstance.py:1979} INFO - Dependencies all met for dep_context=requeueable deps ti=<TaskInstance: Units_statistics_DAG.ETL_job scheduled__2024-05-12T09:20:00+00:00 map_index=12 [queued]>
[2024-05-12T09:45:27.680+0000] {taskinstance.py:2193} INFO - Starting attempt 1 of 4
[2024-05-12T09:45:27.764+0000] {taskinstance.py:2217} INFO - Executing <Mapped(_PythonDecoratedOperator): ETL_job> on 2024-05-12 09:20:00+00:00
[2024-05-12T09:45:27.777+0000] {standard_task_runner.py:60} INFO - Started process 88 to run task
[2024-05-12T09:45:27.838+0000] {standard_task_runner.py:87} INFO - Running: ['***', 'tasks', 'run', 'Units_statistics_DAG', 'ETL_job', 'scheduled__2024-05-12T09:20:00+00:00', '--job-id', '53710', '--raw', '--subdir', 'DAGS_FOLDER/Units_dag.py', '--cfg-path', '/tmp/tmpedzevqv3', '--map-index', '12']
[2024-05-12T09:45:27.841+0000] {standard_task_runner.py:88} INFO - Job 53710: Subtask ETL_job
[2024-05-12T09:45:28.178+0000] {task_command.py:423} INFO - Running <TaskInstance: Units_statistics_DAG.ETL_job scheduled__2024-05-12T09:20:00+00:00 map_index=12 [running]> on host 9b8fb0e00725
[2024-05-12T09:45:28.650+0000] {taskinstance.py:2513} INFO - Exporting env vars: AIRFLOW_CTX_DAG_OWNER='abeer-araby' AIRFLOW_CTX_DAG_ID='Units_statistics_DAG' AIRFLOW_CTX_TASK_ID='ETL_job' AIRFLOW_CTX_EXECUTION_DATE='2024-05-12T09:20:00+00:00' AIRFLOW_CTX_TRY_NUMBER='1' AIRFLOW_CTX_DAG_RUN_ID='scheduled__2024-05-12T09:20:00+00:00'
[2024-05-12T09:45:28.652+0000] {Units_dag.py:98} INFO - i: 120000, chunk: 10000
[2024-05-12T09:45:28.653+0000] {Units_dag.py:99} INFO - child token is::: eyJ0eXAiOiJKV1QiLCJhbGciOiJIUzI1NiJ9.eyJpc3MiOiJodHRwczovL2FwaS5hZmFxeS5zYS9hdXRoL2xvZ2luX2FzIiwiaWF0IjoxNzE1NTA3MTE0LCJleHAiOjE3MTgwOTkxMTQsIm5iZiI6MTcxNTUwNzExNCwianRpIjoibHlUdWhzRlRZQU5GSVFQaSIsInN1YiI6IjVkNjNlNTFlMDNlZDUyOTJhNDJjMjRlNiIsInBydiI6IjI3MGVjZmM3ZWEzZWQ5MzdlYTg0OTM2MmEzYTUwOTEwYzZkOGNlNGYiLCJsb2dpbl9hc19pZCI6IjY1N2YwYWQ3M2Y5NzcyOTVjZjA1NTc2YSJ9.WloHBqlJInC2uaaZ5BkM4k5Rq-Disvq61Iuq3yvYxV4
[2024-05-12T09:46:07.025+0000] {Units_dag.py:103} INFO - {'_id': '64d08bc23552ec187b38c860', 'icon': 'icons/icon.png', 'driver_id': '', 'tailer_id': '', 'profile': {'vehicle_type': '', 'measurement_type': 'count', 'max_capacity': 0, 'vin': '', 'plate_number': '', 'start_operation': '', 'contract_milage': '', 'opening_milage': '', 'model': '', 'fuel_type': '91', 'year': 0, 'seats': 2}, 'device_password': '***', 'device_type': 'gps', 'gateway': False, 'business_types': {'waste': False, 'transportation': True, 'water': False}, 'name': '5584KXR', 'operation_code': '', 'device_gateway': '', 'skip_sim_information': False, 'imei': '861937062938783', 'sim_number': '+966830032295035', 'sim_serial': '8996609821111914774', 'device_serial': '861937062938783', 'device': 'bceIotm', 'user_id': '5e68ea7a03ed528a611e0f38', 'created_by': '5e6655bf03ed52e1ab79d301', 'updated_at': '2024-04-22 07:15:25', 'created_at': '2023-08-07 09:14:26', 'shipment_info': {'product_category': None, 'truck_type': None, 'shipment_type': None, 'shipment_payment_type': None, 'transporter_type': None, 'operating_area': None, 'weight_kilograms_per_day': None, 'kms_per_day': None, 'shipment_trip_drive_hrs_day': None, 'allowable_delay_drive_hrs_day': None, 'expected_shipment_trip_day': None, 'car_pay_per_day': None, 'exceeding_temperature_limit_per_day': None, 'temperature_upper_limit': None, 'exceeding_humidity_limit_per_day': None, 'humidity_upper_limit': None}, 'cctv': {'dvr_id': '9057397429', 'channels': '4'}, 'custom_fields': [], 'creator': 'amr.ahmed', 'company': '', 'owner': 'shift_co', 'last_update': {'dtt': 1715506999000, 'dts': 1715507006081, 'spd': 0, 'ang': 0, 'alt': 754, 'chPrams': {'acc': {'v': 0, 'cdt': 1715238741000}, 'sensor_8192': {'v': 0, 'cdt': 1714825119000}, 'fw_name': {'v': 'FF0_01_122', 'cdt': 1714731684000}, 'ePwrV': {'v': 11940, 'cdt': 1715506999000}, 'sensor_136': {'v': 0, 'cdt': 1714597976000}, 'sensor_8199': {'v': 98, 'cdt': 1714596193000}, 'sensor_16387': {'v': 21329400, 'cdt': 1714825063000}, 'sensor_153': {'v': 0, 'cdt': 1691388991000}, 'war_id': {'v': 164, 'cdt': 1715481548000}, 'sensor_12300': {'v': 0, 'cdt': 1715238812000}, 'protocol': {'v': 'MQTT', 'cdt': 1714560402000}, 'sensor_96': {'v': 0, 'cdt': 1714720226000}, 'sensor_98': {'v': 1, 'cdt': 1715238737000}, 'sensor_99': {'v': 0, 'cdt': 1714825175000}, 'sensor_139': {'v': 0, 'cdt': 1714720226000}, 'sensor_8201': {'v': 0, 'cdt': 1714720226000}, 'sensor_2': {'v': 0, 'cdt': 1715238728000}, 'sensor_137': {'v': 0, 'cdt': 1714592743000}, 'sensor_12290': {'v': 30, 'cdt': 1715506999000}, 'sensor_45058': {'v': 108326940.5673312, 'cdt': 1714825097000}, 'sensor_12292': {'v': 4060, 'cdt': 1715506999000}, 'spd': {'v': 0, 'cdt': 1714825119000}, 'sat': {'v': 12, 'cdt': 1715323090000}, 'sensor_103': {'v': 0, 'cdt': 1714720226000}, 'fun_id': {'v': 0, 'cdt': 1715481548000}, 'sensor_8200': {'v': 79, 'cdt': 1715238812000}, 'sensor_101': {'v': 0, 'cdt': 1714657855000}, 'sensor_100': {'v': 0, 'cdt': 1714802966000}, 'hdop': {'v': 6, 'cdt': 1715506999000}, 'sensor_12299': {'v': 0, 'cdt': 1714825105000}, 'sensor_140': {'v': 0, 'cdt': 1715238812000}, 'sensor_12317': {'v': 0, 'cdt': 1715238371000}, 'sensor_129': {'v': 0, 'cdt': 1714720226000}, 'sensor_127': {'v': 0, 'cdt': 1714720226000}, 'sensor_49156': {'v': 'script1', 'cdt': 1713730738000}, 'sensor_40961': {'v': -0.7178074717521667, 'cdt': 1715506698000}}, 'prms': {'sensor_45058': 108326940.5673312, 'sensor_12290': 30, 'sensor_12299': 0, 'sensor_12292': 4060, 'ePwrV': 11940, 'sensor_12300': 0, 'sensor_16387': 21329400, 'sensor_12317': 0, 'sensor_40961': -0.7178074717521667, 'sensor_137': 0, 'sensor_99': 0, 'sensor_129': 0, 'acc': 0, 'sensor_139': 0, 'sensor_96': 0, 'sensor_8192': 0, 'sensor_101': 0, 'sensor_2': 0, 'sensor_100': 0, 'sensor_8200': 79, 'sensor_98': 1, 'sensor_127': 0, 'sensor_8199': 98, 'sensor_140': 0, 'sensor_8201': 0, 'sensor_103': 0, 'sensor_136': 0, 'spd': 0, 'hdop': 6, 'sat': 12, 'protocol': 'MQTT'}, 'devPrms': ['sensor_45058', 'sensor_12290', 'sensor_12299', 'sensor_12292', 'ePwrV', 'sensor_12300', 'sensor_16387', 'sensor_12317', 'sensor_40961', 'sensor_137', 'sensor_99', 'sensor_129', 'acc', 'sensor_139', 'sensor_96', 'sensor_8192', 'sensor_101', 'sensor_2', 'sensor_100', 'sensor_8200', 'sensor_98', 'sensor_127', 'sensor_8199', 'sensor_140', 'sensor_8201', 'sensor_103', 'sensor_136', 'spd', 'hdop', 'sat', 'protocol', 'fun_id', 'war_id', 'fw_name'], 'old_params': {'fun_id': 0, 'war_id': 164, 'fw_name': 'FF0_01_122', 'protocol': 'MQTT', 'sensor_45058': 108326940.5673312, 'sensor_12290': 20, 'sensor_12299': 0, 'sensor_12292': 4055, 'ePwrV': 11896, 'sensor_12300': 0, 'sensor_16387': 21329400, 'sensor_12317': 0, 'sensor_40961': -0.7178074717521667, 'sensor_137': 0, 'sensor_99': 0, 'sensor_129': 0, 'acc': 0, 'sensor_139': 0, 'sensor_96': 0, 'sensor_8192': 0, 'sensor_101': 0, 'sensor_2': 0, 'sensor_100': 0, 'sensor_8200': 79, 'sensor_98': 1, 'sensor_127': 0, 'sensor_8199': 98, 'sensor_140': 0, 'sensor_8201': 0, 'sensor_103': 0, 'sensor_136': 0, 'spd': 0, 'hdop': 7, 'sat': 12}, 'vLoc': 1, 'vCon': 1, 'ip': '109.83.118.165', 'rl': 0, 'trl': 106647, 'mdu': 0, 'tmdu': 5040207, 'eidl': 0, 'teidl': 1858509, 'fc': 0, 'tfc': 0, 'acc': 0, 'accOn': 9651565, 'accOff': 18735198, 'sdu': 238, 'tsdu': 268268, 'lat': 28.43800926208496, 'lng': 36.46299743652344}, 'counters': {'odometer_type': 'canbus', 'odometer': 106647, 'engine_hours_type': 'acc', 'engine_hours': 9651565, 'last_acc': 0}, 'is_wasl_connected': 'Connected', 'iconUrl': 'https://api.afaqy.sa/images/units/icons/icon.png', 'hasCCTV': True}
[2024-05-12T09:46:09.184+0000] {warnings.py:109} WARNING - /home/***/.local/lib/python3.8/site-packages/elasticsearch/_sync/client/__init__.py:399: SecurityWarning: Connecting to 'https://dbelk3.afaqy.local:9200' using TLS with verify_certs=False is insecure
  _transport = transport_class(

[2024-05-12T09:46:09.260+0000] {warnings.py:109} WARNING - /home/***/.local/lib/python3.8/site-packages/elasticsearch/_sync/client/__init__.py:399: SecurityWarning: Connecting to 'https://dbelk2.afaqy.local:9200' using TLS with verify_certs=False is insecure
  _transport = transport_class(

[2024-05-12T09:46:09.324+0000] {warnings.py:109} WARNING - /home/***/.local/lib/python3.8/site-packages/elasticsearch/_sync/client/__init__.py:399: SecurityWarning: Connecting to 'https://dbelk1.afaqy.local:9200' using TLS with verify_certs=False is insecure
  _transport = transport_class(

[2024-05-12T09:46:09.361+0000] {warnings.py:109} WARNING - /home/***/.local/lib/python3.8/site-packages/urllib3/connectionpool.py:1061: InsecureRequestWarning: Unverified HTTPS request is being made to host 'dbelk3.afaqy.local'. Adding certificate verification is strongly advised. See: https://urllib3.readthedocs.io/en/1.26.x/advanced-usage.html#ssl-warnings
  warnings.warn(

[2024-05-12T09:46:09.438+0000] {_transport.py:335} INFO - GET https://dbelk3.afaqy.local:9200/_cluster/health [status:200 duration:0.108s]
[2024-05-12T09:46:10.172+0000] {warnings.py:109} WARNING - /home/***/.local/lib/python3.8/site-packages/urllib3/connectionpool.py:1061: InsecureRequestWarning: Unverified HTTPS request is being made to host 'dbelk2.afaqy.local'. Adding certificate verification is strongly advised. See: https://urllib3.readthedocs.io/en/1.26.x/advanced-usage.html#ssl-warnings
  warnings.warn(

[2024-05-12T09:46:25.018+0000] {job.py:213} ERROR - Job heartbeat got an exception
Traceback (most recent call last):
  File "/home/airflow/.local/lib/python3.8/site-packages/sqlalchemy/engine/base.py", line 3371, in _wrap_pool_connect
    return fn()
  File "/home/airflow/.local/lib/python3.8/site-packages/sqlalchemy/pool/base.py", line 327, in connect
    return _ConnectionFairy._checkout(self)
  File "/home/airflow/.local/lib/python3.8/site-packages/sqlalchemy/pool/base.py", line 894, in _checkout
    fairy = _ConnectionRecord.checkout(pool)
  File "/home/airflow/.local/lib/python3.8/site-packages/sqlalchemy/pool/base.py", line 493, in checkout
    rec = pool._do_get()
  File "/home/airflow/.local/lib/python3.8/site-packages/sqlalchemy/pool/impl.py", line 256, in _do_get
    return self._create_connection()
  File "/home/airflow/.local/lib/python3.8/site-packages/sqlalchemy/pool/base.py", line 273, in _create_connection
    return _ConnectionRecord(self)
  File "/home/airflow/.local/lib/python3.8/site-packages/sqlalchemy/pool/base.py", line 388, in __init__
    self.__connect()
  File "/home/airflow/.local/lib/python3.8/site-packages/sqlalchemy/pool/base.py", line 691, in __connect
    pool.logger.debug("Error on connect(): %s", e)
  File "/home/airflow/.local/lib/python3.8/site-packages/sqlalchemy/util/langhelpers.py", line 70, in __exit__
    compat.raise_(
  File "/home/airflow/.local/lib/python3.8/site-packages/sqlalchemy/util/compat.py", line 211, in raise_
    raise exception
  File "/home/airflow/.local/lib/python3.8/site-packages/sqlalchemy/pool/base.py", line 686, in __connect
    self.dbapi_connection = connection = pool._invoke_creator(self)
  File "/home/airflow/.local/lib/python3.8/site-packages/sqlalchemy/engine/create.py", line 574, in connect
    return dialect.connect(*cargs, **cparams)
  File "/home/airflow/.local/lib/python3.8/site-packages/sqlalchemy/engine/default.py", line 598, in connect
    return self.dbapi.connect(*cargs, **cparams)
  File "/home/airflow/.local/lib/python3.8/site-packages/psycopg2/__init__.py", line 122, in connect
    conn = _connect(dsn, connection_factory=connection_factory, **kwasync)
psycopg2.OperationalError: could not translate host name "postgres" to address: Temporary failure in name resolution


The above exception was the direct cause of the following exception:

Traceback (most recent call last):
  File "/home/airflow/.local/lib/python3.8/site-packages/airflow/jobs/job.py", line 187, in heartbeat
    self._merge_from(Job._fetch_from_db(self, session))
  File "/home/airflow/.local/lib/python3.8/site-packages/airflow/api_internal/internal_api_call.py", line 114, in wrapper
    return func(*args, **kwargs)
  File "/home/airflow/.local/lib/python3.8/site-packages/airflow/utils/session.py", line 76, in wrapper
    return func(*args, **kwargs)
  File "/home/airflow/.local/lib/python3.8/site-packages/airflow/jobs/job.py", line 308, in _fetch_from_db
    session.merge(job)
  File "/home/airflow/.local/lib/python3.8/site-packages/sqlalchemy/orm/session.py", line 3056, in merge
    return self._merge(
  File "/home/airflow/.local/lib/python3.8/site-packages/sqlalchemy/orm/session.py", line 3136, in _merge
    merged = self.get(
  File "/home/airflow/.local/lib/python3.8/site-packages/sqlalchemy/orm/session.py", line 2853, in get
    return self._get_impl(
  File "/home/airflow/.local/lib/python3.8/site-packages/sqlalchemy/orm/session.py", line 2975, in _get_impl
    return db_load_fn(
  File "/home/airflow/.local/lib/python3.8/site-packages/sqlalchemy/orm/loading.py", line 530, in load_on_pk_identity
    session.execute(
  File "/home/airflow/.local/lib/python3.8/site-packages/sqlalchemy/orm/session.py", line 1716, in execute
    conn = self._connection_for_bind(bind)
  File "/home/airflow/.local/lib/python3.8/site-packages/sqlalchemy/orm/session.py", line 1555, in _connection_for_bind
    return self._transaction._connection_for_bind(
  File "/home/airflow/.local/lib/python3.8/site-packages/sqlalchemy/orm/session.py", line 750, in _connection_for_bind
    conn = bind.connect()
  File "/home/airflow/.local/lib/python3.8/site-packages/sqlalchemy/future/engine.py", line 412, in connect
    return super(Engine, self).connect()
  File "/home/airflow/.local/lib/python3.8/site-packages/sqlalchemy/engine/base.py", line 3325, in connect
    return self._connection_cls(self, close_with_result=close_with_result)
  File "/home/airflow/.local/lib/python3.8/site-packages/sqlalchemy/engine/base.py", line 96, in __init__
    else engine.raw_connection()
  File "/home/airflow/.local/lib/python3.8/site-packages/sqlalchemy/engine/base.py", line 3404, in raw_connection
    return self._wrap_pool_connect(self.pool.connect, _connection)
  File "/home/airflow/.local/lib/python3.8/site-packages/sqlalchemy/engine/base.py", line 3374, in _wrap_pool_connect
    Connection._handle_dbapi_exception_noconnection(
  File "/home/airflow/.local/lib/python3.8/site-packages/sqlalchemy/engine/base.py", line 2208, in _handle_dbapi_exception_noconnection
    util.raise_(
  File "/home/airflow/.local/lib/python3.8/site-packages/sqlalchemy/util/compat.py", line 211, in raise_
    raise exception
  File "/home/airflow/.local/lib/python3.8/site-packages/sqlalchemy/engine/base.py", line 3371, in _wrap_pool_connect
    return fn()
  File "/home/airflow/.local/lib/python3.8/site-packages/sqlalchemy/pool/base.py", line 327, in connect
    return _ConnectionFairy._checkout(self)
  File "/home/airflow/.local/lib/python3.8/site-packages/sqlalchemy/pool/base.py", line 894, in _checkout
    fairy = _ConnectionRecord.checkout(pool)
  File "/home/airflow/.local/lib/python3.8/site-packages/sqlalchemy/pool/base.py", line 493, in checkout
    rec = pool._do_get()
  File "/home/airflow/.local/lib/python3.8/site-packages/sqlalchemy/pool/impl.py", line 256, in _do_get
    return self._create_connection()
  File "/home/airflow/.local/lib/python3.8/site-packages/sqlalchemy/pool/base.py", line 273, in _create_connection
    return _ConnectionRecord(self)
  File "/home/airflow/.local/lib/python3.8/site-packages/sqlalchemy/pool/base.py", line 388, in __init__
    self.__connect()
  File "/home/airflow/.local/lib/python3.8/site-packages/sqlalchemy/pool/base.py", line 691, in __connect
    pool.logger.debug("Error on connect(): %s", e)
  File "/home/airflow/.local/lib/python3.8/site-packages/sqlalchemy/util/langhelpers.py", line 70, in __exit__
    compat.raise_(
  File "/home/airflow/.local/lib/python3.8/site-packages/sqlalchemy/util/compat.py", line 211, in raise_
    raise exception
  File "/home/airflow/.local/lib/python3.8/site-packages/sqlalchemy/pool/base.py", line 686, in __connect
    self.dbapi_connection = connection = pool._invoke_creator(self)
  File "/home/airflow/.local/lib/python3.8/site-packages/sqlalchemy/engine/create.py", line 574, in connect
    return dialect.connect(*cargs, **cparams)
  File "/home/airflow/.local/lib/python3.8/site-packages/sqlalchemy/engine/default.py", line 598, in connect
    return self.dbapi.connect(*cargs, **cparams)
  File "/home/airflow/.local/lib/python3.8/site-packages/psycopg2/__init__.py", line 122, in connect
    conn = _connect(dsn, connection_factory=connection_factory, **kwasync)
sqlalchemy.exc.OperationalError: (psycopg2.OperationalError) could not translate host name "postgres" to address: Temporary failure in name resolution

(Background on this error at: https://sqlalche.me/e/14/e3q8)
[2024-05-12T09:46:26.824+0000] {job.py:221} ERROR - Job heartbeat failed with error. Scheduler is in unhealthy state
[2024-05-12T09:47:10.299+0000] {_transport.py:335} INFO - PUT https://dbelk2.afaqy.local:9200/units_statistics_***/_bulk [status:200 duration:60.152s]
[2024-05-12T09:47:10.578+0000] {taskinstance.py:2731} ERROR - Task failed with exception
Traceback (most recent call last):
  File "/home/airflow/.local/lib/python3.8/site-packages/airflow/models/taskinstance.py", line 444, in _execute_task
    result = _execute_callable(context=context, **execute_callable_kwargs)
  File "/home/airflow/.local/lib/python3.8/site-packages/airflow/models/taskinstance.py", line 414, in _execute_callable
    return execute_callable(context=context, **execute_callable_kwargs)
  File "/home/airflow/.local/lib/python3.8/site-packages/airflow/decorators/base.py", line 241, in execute
    return_value = super().execute(context)
  File "/home/airflow/.local/lib/python3.8/site-packages/airflow/operators/python.py", line 200, in execute
    return_value = self.execute_callable()
  File "/home/airflow/.local/lib/python3.8/site-packages/airflow/operators/python.py", line 217, in execute_callable
    return self.python_callable(*self.op_args, **self.op_kwargs)
  File "/opt/airflow/dags/Units_dag.py", line 111, in ETL_job
    Elk_client.elk_pushData(Globals.index_name,units_list_update)
  File "/opt/airflow/dags/units_statistics/elk_manager.py", line 69, in elk_pushData
    helpers.bulk(self.elk_client, docs_list, index=index_name, chunk_size=batch)
  File "/home/airflow/.local/lib/python3.8/site-packages/elasticsearch/helpers/actions.py", line 521, in bulk
    for ok, item in streaming_bulk(
  File "/home/airflow/.local/lib/python3.8/site-packages/elasticsearch/helpers/actions.py", line 436, in streaming_bulk
    for data, (ok, info) in zip(
  File "/home/airflow/.local/lib/python3.8/site-packages/elasticsearch/helpers/actions.py", line 355, in _process_bulk_chunk
    yield from gen
  File "/home/airflow/.local/lib/python3.8/site-packages/elasticsearch/helpers/actions.py", line 274, in _process_bulk_chunk_success
    raise BulkIndexError(f"{len(errors)} document(s) failed to index.", errors)
elasticsearch.helpers.BulkIndexError: 10000 document(s) failed to index.
[2024-05-12T09:47:10.595+0000] {taskinstance.py:1149} INFO - Marking task as UP_FOR_RETRY. dag_id=Units_statistics_DAG, task_id=ETL_job, map_index=12, execution_date=20240512T092000, start_date=20240512T094527, end_date=20240512T094710
[2024-05-12T09:47:10.624+0000] {standard_task_runner.py:107} ERROR - Failed to execute job 53710 for task ETL_job (10000 document(s) failed to index.; 88)
[2024-05-12T09:47:10.668+0000] {local_task_job_runner.py:234} INFO - Task exited with return code 1
[2024-05-12T09:47:10.693+0000] {taskinstance.py:3312} INFO - 0 downstream tasks scheduled from follow-on schedule check
