[2024-04-27T15:20:18.318+0000] {taskinstance.py:1979} INFO - Dependencies all met for dep_context=non-requeueable deps ti=<TaskInstance: Units_statistics_DAG.ETL_job scheduled__2024-04-27T15:00:00+00:00 map_index=13 [queued]>
[2024-04-27T15:20:18.391+0000] {taskinstance.py:1979} INFO - Dependencies all met for dep_context=requeueable deps ti=<TaskInstance: Units_statistics_DAG.ETL_job scheduled__2024-04-27T15:00:00+00:00 map_index=13 [queued]>
[2024-04-27T15:20:18.392+0000] {taskinstance.py:2193} INFO - Starting attempt 1 of 4
[2024-04-27T15:20:18.492+0000] {taskinstance.py:2217} INFO - Executing <Mapped(_PythonDecoratedOperator): ETL_job> on 2024-04-27 15:00:00+00:00
[2024-04-27T15:20:18.514+0000] {standard_task_runner.py:60} INFO - Started process 593314 to run task
[2024-04-27T15:20:18.579+0000] {standard_task_runner.py:87} INFO - Running: ['***', 'tasks', 'run', 'Units_statistics_DAG', 'ETL_job', 'scheduled__2024-04-27T15:00:00+00:00', '--job-id', '19810', '--raw', '--subdir', 'DAGS_FOLDER/Units_dag.py', '--cfg-path', '/tmp/tmp1msg2p32', '--map-index', '13']
[2024-04-27T15:20:18.581+0000] {standard_task_runner.py:88} INFO - Job 19810: Subtask ETL_job
[2024-04-27T15:20:18.821+0000] {task_command.py:423} INFO - Running <TaskInstance: Units_statistics_DAG.ETL_job scheduled__2024-04-27T15:00:00+00:00 map_index=13 [running]> on host a09da322e808
[2024-04-27T15:20:19.283+0000] {taskinstance.py:2513} INFO - Exporting env vars: AIRFLOW_CTX_DAG_OWNER='abeer-araby' AIRFLOW_CTX_DAG_ID='Units_statistics_DAG' AIRFLOW_CTX_TASK_ID='ETL_job' AIRFLOW_CTX_EXECUTION_DATE='2024-04-27T15:00:00+00:00' AIRFLOW_CTX_TRY_NUMBER='1' AIRFLOW_CTX_DAG_RUN_ID='scheduled__2024-04-27T15:00:00+00:00'
[2024-04-27T15:20:19.284+0000] {Units_dag.py:99} INFO - i: 130000, chunk: 10000
[2024-04-27T15:20:19.284+0000] {Units_dag.py:100} INFO - child token is::: eyJ0eXAiOiJKV1QiLCJhbGciOiJIUzI1NiJ9.eyJpc3MiOiJodHRwczovL2FwaS5hZmFxeS5zYS9hdXRoL2xvZ2luX2FzIiwiaWF0IjoxNzE0MjMxMjA0LCJleHAiOjE3MTY4MjMyMDQsIm5iZiI6MTcxNDIzMTIwNCwianRpIjoiM0dEVkVBdkR5aERHbjl6UCIsInN1YiI6IjVkNjNlNTFlMDNlZDUyOTJhNDJjMjRlNiIsInBydiI6IjI3MGVjZmM3ZWEzZWQ5MzdlYTg0OTM2MmEzYTUwOTEwYzZkOGNlNGYiLCJsb2dpbl9hc19pZCI6IjY1N2YwYWQ3M2Y5NzcyOTVjZjA1NTc2YSJ9.G4RPs2Zj5EwneKIWUut0zfJpVZEhZBDkKau1iMtYqNc
[2024-04-27T15:20:39.881+0000] {Units_dag.py:104} INFO - {'_id': '650afd9b4d31440c142c2a77', 'icon': 'icons/icon.png', 'driver_id': '', 'tailer_id': '', 'profile': {'measurement_type': 'count', 'fuel_type': '91', 'year': 0, 'seats': 2}, 'shipment_info': {'product_category': '', 'truck_type': '', 'shipment_type': '', 'shipment_payment_type': '', 'transporter_type': '', 'operating_area': '', 'weight_kilograms_per_day': '', 'kms_per_day': '', 'opening_milage': '', 'shipment_trip_drive_hrs_day': '', 'expected_shipment_trip_day': '', 'car_pay_per_day': '', 'exceeding_temperature_limit_per_day': '', 'temperature_upper_limit': '', 'exceeding_humidity_limit_per_day': '', 'humidity_upper_limit': '', 'allowable_delay_drive_hrs_day': ''}, 'device_password': '***', 'device_type': 'gps', 'gateway': False, 'business_types': {'waste': False, 'transportation': True, 'water': False}, 'name': '9998 N R A', 'operation_code': None, 'device_gateway': None, 'skip_sim_information': False, 'imei': '350612078263884', 'sim_number': '+966830032195833', 'sim_serial': '8996609821111925237', 'device_serial': '1132382064', 'device': 'teltonika', 'user_id': '63f4d427376c9772757675b9', 'created_by': '5e6655bf03ed52e1ab79d301', 'updated_at': '2024-04-18 11:18:59', 'created_at': '2023-09-20 17:11:39', 'custom_fields': [], 'creator': 'amr.ahmed', 'company': '', 'owner': 'othman-alghidani-admin', 'last_update': {'dtt': 1714231214000, 'dts': 1714231216328, 'spd': 0, 'ang': 23, 'alt': 3, 'chPrams': {'Speed': {'v': 0, 'cdt': 1714231033000}, 'output1': {'v': False, 'cdt': 1713932815000}, 'output2': {'v': False, 'cdt': 1713932815000}, 'ePwrV': {'v': 28.564, 'cdt': 1714231214000}, 'parm24': {'v': 0, 'cdt': 1714231033000}, 'sat': {'v': 18, 'cdt': 1714231124000}, 'ai1': {'v': 259, 'cdt': 1714229157000}, 'di2': {'v': 0, 'cdt': 1711893122000}, 'priority': {'v': 0, 'cdt': 1712459668000}, 'type': {'v': 6, 'cdt': 1713538081000}, 'di1': {'v': 1, 'cdt': 1714222420000}, 'result': {'v': '5665723a30332e32372e31345f3030204750533a41584e5f352e312e392048773a464d42313230204d6f643a333320494d45493a33353036313230373832363338383420496e69743a323032342d342d32372031333a313520557074696d653a36383737204d41433a333838413231333735323741205350433a312830292041584c3a32204f42443a3020424c3a312e31302042543a34', 'cdt': 1714230493000}, 'protocol': {'v': 'FMB120', 'cdt': 1714228369000}, 'parm6': {'v': 259, 'cdt': 1713795448000}, 'iPwrV': {'v': 4.121, 'cdt': 1714231033000}, 'event': {'v': 0, 'cdt': 1712459668000}}, 'prms': {'protocol': 'FMB120', 'priority': 0, 'sat': 18, 'event': 0, 'di1': 1, 'output1': 0, 'di2': 0, 'output2': 0, 'ePwrV': 28.564, 'Speed': 0, 'parm24': 0, 'iPwrV': 4.121, 'ai1': 259, 'parm6': 259}, 'devPrms': ['protocol', 'priority', 'sat', 'event', 'di1', 'output1', 'di2', 'output2', 'ePwrV', 'Speed', 'parm24', 'iPwrV', 'ai1', 'parm6', 'type', 'result'], 'old_params': {'protocol': 'FMB120', 'priority': 0, 'sat': 18, 'event': 0, 'di1': 1, 'output1': 0, 'di2': 0, 'output2': 0, 'ePwrV': 28.568, 'Speed': 0, 'parm24': 0, 'iPwrV': 4.121, 'ai1': 259, 'parm6': 259}, 'vLoc': 1, 'vCon': 1, 'ip': '109.83.102.77', 'rl': 0, 'trl': 19305.9581, 'mdu': 0, 'tmdu': 2061687, 'eidl': 30, 'teidl': 1080145, 'fc': 0, 'tfc': 8.073432, 'acc': 1, 'accOn': 8733599637, 'accOff': 17474636178, 'sdu': 0, 'tsdu': 0, 'lat': 25.5113966, 'lng': 36.954985}, 'counters': {'odometer_type': 'gps', 'odometer': 330714.0441, 'engine_hours_type': 'acc', 'engine_hours': 8733599637, 'last_acc': 1}, 'is_wasl_connected': 'Not Connected', 'iconUrl': 'https://api.afaqy.sa/images/units/icons/icon.png', 'hasCCTV': False}
[2024-04-27T15:20:41.233+0000] {warnings.py:109} WARNING - /home/***/.local/lib/python3.8/site-packages/elasticsearch/_sync/client/__init__.py:399: SecurityWarning: Connecting to 'https://dbelk3.afaqy.local:9200' using TLS with verify_certs=False is insecure
  _transport = transport_class(

[2024-04-27T15:20:41.371+0000] {warnings.py:109} WARNING - /home/***/.local/lib/python3.8/site-packages/elasticsearch/_sync/client/__init__.py:399: SecurityWarning: Connecting to 'https://dbelk1.afaqy.local:9200' using TLS with verify_certs=False is insecure
  _transport = transport_class(

[2024-04-27T15:20:41.493+0000] {warnings.py:109} WARNING - /home/***/.local/lib/python3.8/site-packages/elasticsearch/_sync/client/__init__.py:399: SecurityWarning: Connecting to 'https://dbelk2.afaqy.local:9200' using TLS with verify_certs=False is insecure
  _transport = transport_class(

[2024-04-27T15:20:41.527+0000] {warnings.py:109} WARNING - /home/***/.local/lib/python3.8/site-packages/urllib3/connectionpool.py:1061: InsecureRequestWarning: Unverified HTTPS request is being made to host 'dbelk3.afaqy.local'. Adding certificate verification is strongly advised. See: https://urllib3.readthedocs.io/en/1.26.x/advanced-usage.html#ssl-warnings
  warnings.warn(

[2024-04-27T15:20:41.607+0000] {_transport.py:335} INFO - GET https://dbelk3.afaqy.local:9200/_cluster/health [status:200 duration:0.112s]
[2024-04-27T15:20:44.090+0000] {warnings.py:109} WARNING - /home/***/.local/lib/python3.8/site-packages/urllib3/connectionpool.py:1061: InsecureRequestWarning: Unverified HTTPS request is being made to host 'dbelk1.afaqy.local'. Adding certificate verification is strongly advised. See: https://urllib3.readthedocs.io/en/1.26.x/advanced-usage.html#ssl-warnings
  warnings.warn(

[2024-04-27T15:20:45.876+0000] {_transport.py:335} INFO - PUT https://dbelk1.afaqy.local:9200/units_statistics_***/_bulk [status:200 duration:1.835s]
[2024-04-27T15:20:46.805+0000] {python.py:202} INFO - Done. Returned value was: None
[2024-04-27T15:20:46.865+0000] {taskinstance.py:1149} INFO - Marking task as SUCCESS. dag_id=Units_statistics_DAG, task_id=ETL_job, map_index=13, execution_date=20240427T150000, start_date=20240427T152018, end_date=20240427T152046
[2024-04-27T15:20:47.049+0000] {local_task_job_runner.py:234} INFO - Task exited with return code 0
[2024-04-27T15:20:47.093+0000] {taskinstance.py:3312} INFO - 0 downstream tasks scheduled from follow-on schedule check
