[2024-04-23T04:40:17.764+0000] {taskinstance.py:1979} INFO - Dependencies all met for dep_context=non-requeueable deps ti=<TaskInstance: Units_statistics_DAG.ETL_job scheduled__2024-04-23T04:20:00+00:00 map_index=12 [queued]>
[2024-04-23T04:40:17.836+0000] {taskinstance.py:1979} INFO - Dependencies all met for dep_context=requeueable deps ti=<TaskInstance: Units_statistics_DAG.ETL_job scheduled__2024-04-23T04:20:00+00:00 map_index=12 [queued]>
[2024-04-23T04:40:17.836+0000] {taskinstance.py:2193} INFO - Starting attempt 1 of 4
[2024-04-23T04:40:17.924+0000] {taskinstance.py:2217} INFO - Executing <Mapped(_PythonDecoratedOperator): ETL_job> on 2024-04-23 04:20:00+00:00
[2024-04-23T04:40:17.974+0000] {standard_task_runner.py:60} INFO - Started process 487354 to run task
[2024-04-23T04:40:18.026+0000] {standard_task_runner.py:87} INFO - Running: ['***', 'tasks', 'run', 'Units_statistics_DAG', 'ETL_job', 'scheduled__2024-04-23T04:20:00+00:00', '--job-id', '12501', '--raw', '--subdir', 'DAGS_FOLDER/Units_dag.py', '--cfg-path', '/tmp/tmps81s311l', '--map-index', '12']
[2024-04-23T04:40:18.039+0000] {standard_task_runner.py:88} INFO - Job 12501: Subtask ETL_job
[2024-04-23T04:40:18.424+0000] {task_command.py:423} INFO - Running <TaskInstance: Units_statistics_DAG.ETL_job scheduled__2024-04-23T04:20:00+00:00 map_index=12 [running]> on host a09da322e808
[2024-04-23T04:40:18.948+0000] {taskinstance.py:2513} INFO - Exporting env vars: AIRFLOW_CTX_DAG_OWNER='abeer-araby' AIRFLOW_CTX_DAG_ID='Units_statistics_DAG' AIRFLOW_CTX_TASK_ID='ETL_job' AIRFLOW_CTX_EXECUTION_DATE='2024-04-23T04:20:00+00:00' AIRFLOW_CTX_TRY_NUMBER='1' AIRFLOW_CTX_DAG_RUN_ID='scheduled__2024-04-23T04:20:00+00:00'
[2024-04-23T04:40:18.950+0000] {Units_dag.py:99} INFO - i: 120000, chunk: 10000
[2024-04-23T04:40:18.950+0000] {Units_dag.py:100} INFO - child token is::: eyJ0eXAiOiJKV1QiLCJhbGciOiJIUzI1NiJ9.eyJpc3MiOiJodHRwczovL2FwaS5hZmFxeS5zYS9hdXRoL2xvZ2luX2FzIiwiaWF0IjoxNzEzODQ3MjAzLCJleHAiOjE3MTY0MzkyMDMsIm5iZiI6MTcxMzg0NzIwMywianRpIjoia0xPUjFIaVY0U0pLMHhDMSIsInN1YiI6IjVkNjNlNTFlMDNlZDUyOTJhNDJjMjRlNiIsInBydiI6IjI3MGVjZmM3ZWEzZWQ5MzdlYTg0OTM2MmEzYTUwOTEwYzZkOGNlNGYiLCJsb2dpbl9hc19pZCI6IjY1N2YwYWQ3M2Y5NzcyOTVjZjA1NTc2YSJ9.n0qWy5tU7JO4Zr4_MoFClR1O-kAVquyr4XNZkWRpOeM
[2024-04-23T04:40:47.142+0000] {Units_dag.py:104} INFO - {'_id': '64c79ae0551d3d60ea0ce7e5', 'icon': 'icons/icon.png', 'driver_id': '', 'tailer_id': '', 'profile': {'measurement_type': 'count', 'fuel_type': '91', 'year': 0, 'seats': 2, 'max_capacity': None, 'model': None, 'plate_number': None, 'vehicle_type': None, 'vin': None}, 'device_password': '***', 'device_type': 'gps', 'gateway': False, 'business_types': {'waste': False, 'transportation': True, 'water': False}, 'name': 'V0002805 ( 5695BSB )', 'operation_code': 'V0002805', 'device_gateway': None, 'skip_sim_information': False, 'imei': '350544501959111', 'sim_number': '+966830031813919', 'sim_serial': '421296740389', 'device_serial': '1125790940', 'device': 'teltonika', 'user_id': '62bb1bb23c00423a7b3af933', 'created_by': '5e6655bf03ed52e1ab79d301', 'updated_at': '2024-04-18 11:18:59', 'created_at': '2023-07-31 14:28:32', 'shipment_info': None, 'custom_fields': [], 'creator': 'amr.ahmed', 'company': '', 'owner': 'al-yamama-trading-admin', 'last_update': {'dtt': 1713847197000, 'dts': 1713847200989, 'spd': 7, 'ang': 235, 'alt': 425, 'chPrams': {'Speed': {'v': 7, 'cdt': 1713847197000}, 'output1': {'v': False, 'cdt': 1712229033000}, 'output2': {'v': False, 'cdt': 1712229033000}, 'ePwrV': {'v': 14.323, 'cdt': 1713847197000}, 'parm24': {'v': 7, 'cdt': 1713847197000}, 'sat': {'v': 17, 'cdt': 1713847185000}, 'ai1': {'v': 86, 'cdt': 1713846220000}, 'priority': {'v': 0, 'cdt': 1711855399000}, 'di2': {'v': 0, 'cdt': 1711871667000}, 'type': {'v': 6, 'cdt': 1713707537000}, 'di1': {'v': 1, 'cdt': 1713841387000}, 'result': {'v': '5665723a30332e32372e31335f3033204750533a41584e5f352e312e392048773a464d42313230204d6f643a333320494d45493a33353035343435303139353931313120496e69743a323032342d342d332031323a313020557074696d653a31353538363534204d41433a333838413231313143454646205350433a312830292041584c3a32204f42443a3020424c3a312e31302042543a34', 'cdt': 1713707537000}, 'protocol': {'v': 'FMB120', 'cdt': 1713707837000}, 'parm6': {'v': 86, 'cdt': 1712292133000}, 'iPwrV': {'v': 4.026, 'cdt': 1713847197000}, 'event': {'v': 0, 'cdt': 1711854826000}}, 'prms': {'protocol': 'FMB120', 'priority': 0, 'sat': 17, 'event': 0, 'di1': 1, 'output1': 0, 'di2': 0, 'output2': 0, 'ePwrV': 14.323, 'Speed': 7, 'parm24': 7, 'iPwrV': 4.026, 'ai1': 86, 'parm6': 86}, 'devPrms': ['protocol', 'priority', 'sat', 'event', 'di1', 'output1', 'di2', 'output2', 'ePwrV', 'Speed', 'parm24', 'iPwrV', 'ai1', 'parm6'], 'old_params': {'protocol': 'FMB120', 'priority': 0, 'sat': 17, 'event': 0, 'di1': 1, 'output1': 0, 'di2': 0, 'output2': 0, 'ePwrV': 14.352, 'Speed': 0, 'parm24': 0, 'iPwrV': 4.024, 'ai1': 86, 'parm6': 86}, 'vLoc': 1, 'vCon': 1, 'ip': '51.39.50.53', 'rl': 0.0034, 'trl': 44630.2797, 'mdu': 0, 'tmdu': 4331028, 'eidl': 12, 'teidl': 2847715, 'fc': 0.000408, 'tfc': 88.971108, 'acc': 1, 'accOn': 625576368, 'accOff': 15336753, 'sdu': 0, 'tsdu': 0, 'lat': 21.4830033, 'lng': 39.9374433}, 'counters': {'odometer_type': 'gps', 'odometer': 44630.0202, 'engine_hours_type': 'acc', 'engine_hours': 625576368, 'last_acc': 1}, 'is_wasl_connected': 'Not Connected', 'iconUrl': 'https://api.afaqy.sa/images/units/icons/icon.png', 'hasCCTV': False}
[2024-04-23T04:40:49.861+0000] {warnings.py:109} WARNING - /home/***/.local/lib/python3.8/site-packages/elasticsearch/_sync/client/__init__.py:399: SecurityWarning: Connecting to 'https://dbelk3.afaqy.local:9200' using TLS with verify_certs=False is insecure
  _transport = transport_class(

[2024-04-23T04:40:49.910+0000] {warnings.py:109} WARNING - /home/***/.local/lib/python3.8/site-packages/elasticsearch/_sync/client/__init__.py:399: SecurityWarning: Connecting to 'https://dbelk2.afaqy.local:9200' using TLS with verify_certs=False is insecure
  _transport = transport_class(

[2024-04-23T04:40:49.961+0000] {warnings.py:109} WARNING - /home/***/.local/lib/python3.8/site-packages/elasticsearch/_sync/client/__init__.py:399: SecurityWarning: Connecting to 'https://dbelk1.afaqy.local:9200' using TLS with verify_certs=False is insecure
  _transport = transport_class(

[2024-04-23T04:40:49.980+0000] {warnings.py:109} WARNING - /home/***/.local/lib/python3.8/site-packages/urllib3/connectionpool.py:1061: InsecureRequestWarning: Unverified HTTPS request is being made to host 'dbelk3.afaqy.local'. Adding certificate verification is strongly advised. See: https://urllib3.readthedocs.io/en/1.26.x/advanced-usage.html#ssl-warnings
  warnings.warn(

[2024-04-23T04:40:50.068+0000] {_transport.py:335} INFO - GET https://dbelk3.afaqy.local:9200/_cluster/health [status:200 duration:0.105s]
[2024-04-23T04:40:51.136+0000] {warnings.py:109} WARNING - /home/***/.local/lib/python3.8/site-packages/urllib3/connectionpool.py:1061: InsecureRequestWarning: Unverified HTTPS request is being made to host 'dbelk2.afaqy.local'. Adding certificate verification is strongly advised. See: https://urllib3.readthedocs.io/en/1.26.x/advanced-usage.html#ssl-warnings
  warnings.warn(

[2024-04-23T04:40:53.885+0000] {_transport.py:335} INFO - PUT https://dbelk2.afaqy.local:9200/units_statistics_***/_bulk [status:200 duration:2.789s]
[2024-04-23T04:40:54.085+0000] {python.py:202} INFO - Done. Returned value was: None
[2024-04-23T04:40:54.103+0000] {taskinstance.py:1149} INFO - Marking task as SUCCESS. dag_id=Units_statistics_DAG, task_id=ETL_job, map_index=12, execution_date=20240423T042000, start_date=20240423T044017, end_date=20240423T044054
[2024-04-23T04:40:54.168+0000] {local_task_job_runner.py:234} INFO - Task exited with return code 0
[2024-04-23T04:40:54.201+0000] {taskinstance.py:3312} INFO - 0 downstream tasks scheduled from follow-on schedule check
