[2024-05-07T09:00:14.570+0000] {taskinstance.py:1979} INFO - Dependencies all met for dep_context=non-requeueable deps ti=<TaskInstance: Units_statistics_DAG.ETL_job scheduled__2024-05-07T08:40:00+00:00 map_index=7 [queued]>
[2024-05-07T09:00:14.661+0000] {taskinstance.py:1979} INFO - Dependencies all met for dep_context=requeueable deps ti=<TaskInstance: Units_statistics_DAG.ETL_job scheduled__2024-05-07T08:40:00+00:00 map_index=7 [queued]>
[2024-05-07T09:00:14.662+0000] {taskinstance.py:2193} INFO - Starting attempt 1 of 4
[2024-05-07T09:00:14.852+0000] {taskinstance.py:2217} INFO - Executing <Mapped(_PythonDecoratedOperator): ETL_job> on 2024-05-07 08:40:00+00:00
[2024-05-07T09:00:14.913+0000] {standard_task_runner.py:60} INFO - Started process 829905 to run task
[2024-05-07T09:00:14.952+0000] {standard_task_runner.py:87} INFO - Running: ['***', 'tasks', 'run', 'Units_statistics_DAG', 'ETL_job', 'scheduled__2024-05-07T08:40:00+00:00', '--job-id', '37897', '--raw', '--subdir', 'DAGS_FOLDER/Units_dag.py', '--cfg-path', '/tmp/tmpusaf2990', '--map-index', '7']
[2024-05-07T09:00:14.965+0000] {standard_task_runner.py:88} INFO - Job 37897: Subtask ETL_job
[2024-05-07T09:00:15.257+0000] {task_command.py:423} INFO - Running <TaskInstance: Units_statistics_DAG.ETL_job scheduled__2024-05-07T08:40:00+00:00 map_index=7 [running]> on host a09da322e808
[2024-05-07T09:00:15.796+0000] {taskinstance.py:2513} INFO - Exporting env vars: AIRFLOW_CTX_DAG_OWNER='abeer-araby' AIRFLOW_CTX_DAG_ID='Units_statistics_DAG' AIRFLOW_CTX_TASK_ID='ETL_job' AIRFLOW_CTX_EXECUTION_DATE='2024-05-07T08:40:00+00:00' AIRFLOW_CTX_TRY_NUMBER='1' AIRFLOW_CTX_DAG_RUN_ID='scheduled__2024-05-07T08:40:00+00:00'
[2024-05-07T09:00:15.797+0000] {Units_dag.py:98} INFO - i: 70000, chunk: 10000
[2024-05-07T09:00:15.798+0000] {Units_dag.py:99} INFO - child token is::: eyJ0eXAiOiJKV1QiLCJhbGciOiJIUzI1NiJ9.eyJpc3MiOiJodHRwczovL2FwaS5hZmFxeS5zYS9hdXRoL2xvZ2luX2FzIiwiaWF0IjoxNzE1MDcyNDA0LCJleHAiOjE3MTc2NjQ0MDQsIm5iZiI6MTcxNTA3MjQwNCwianRpIjoiNHZ5d2ZuZEE3VFRNb3lNbSIsInN1YiI6IjVkNjNlNTFlMDNlZDUyOTJhNDJjMjRlNiIsInBydiI6IjI3MGVjZmM3ZWEzZWQ5MzdlYTg0OTM2MmEzYTUwOTEwYzZkOGNlNGYiLCJsb2dpbl9hc19pZCI6IjY1N2YwYWQ3M2Y5NzcyOTVjZjA1NTc2YSJ9.6NopvB6xMP1gw4QGp6dwmXZSOv0ttrmaeXWhqR4-xc4
[2024-05-07T09:00:46.464+0000] {Units_dag.py:103} INFO - {'_id': '63a31c4d1bcdad419e4129a1', 'icon': 'icons/icon.png', 'driver_id': '', 'tailer_id': '', 'profile': {'vehicle_type': '', 'measurement_type': 'count', 'max_capacity': 0, 'vin': '', 'plate_number': '', 'start_operation': '', 'contract_milage': '', 'opening_milage': '', 'model': '', 'fuel_type': '91', 'year': 0, 'seats': 2}, 'device_password': '***', 'device_type': 'gps', 'gateway': False, 'name': '6170 Z X B-ODDY', 'operation_code': '', 'device_gateway': '', 'business_types': {'waste': False, 'transportation': True, 'water': False}, 'imei': '350424060125836', 'sim_number': '+966830030763945', 'sim_serial': '21294040493', 'device_serial': '1125681806', 'device': 'teltonika', 'user_id': '6241a48ab743eb0bfe2275a1', 'created_by': '5e6655bf03ed52e1ab79d301', 'updated_at': '2024-04-18 11:18:59', 'created_at': '2022-12-21 17:46:37', 'skip_sim_information': '', 'shipment_info': {'product_category': None, 'truck_type': None, 'shipment_type': None, 'shipment_payment_type': None, 'transporter_type': None, 'operating_area': None, 'weight_kilograms_per_day': None, 'kms_per_day': None, 'shipment_trip_drive_hrs_day': None, 'allowable_delay_drive_hrs_day': None, 'expected_shipment_trip_day': None, 'car_pay_per_day': None, 'exceeding_temperature_limit_per_day': None, 'temperature_upper_limit': None, 'exceeding_humidity_limit_per_day': None, 'humidity_upper_limit': None}, 'custom_fields': [], 'creator': 'amr.ahmed', 'company': '', 'owner': 'mtc-admin', 'last_update': {'dtt': 1072916922000, 'dts': 1715071825324, 'spd': 0, 'ang': 0, 'alt': 0, 'lastloc': {'lat': 24.6526849, 'lng': 46.8029666}, 'chPrams': {'parm20': {'v': 86, 'cdt': 1072915241000}, 'output1': {'v': False, 'cdt': 1072915241000}, 'output2': {'v': False, 'cdt': 1072915241000}, 'ePwrV': {'v': 12.870000000000001, 'cdt': 1072916922000}, 'parm24': {'v': 0, 'cdt': 1714645015000}, 'parm22': {'v': 90, 'cdt': 1072915242000}, 'ai1': {'v': 259, 'cdt': 1714020177000}, 'humidity106': {'v': 100, 'cdt': 1072915242000}, 'humidity104': {'v': 54, 'cdt': 1072915272000}, 'di2': {'v': 0, 'cdt': 1714174231000}, 'type': {'v': 6, 'cdt': 1714651013000}, 'di1': {'v': 0, 'cdt': 1072916587000}, 'result': {'v': '5665723a30332e32372e31335f3033204750533a41584e5f352e312e392048773a464d42313230204d6f643a333320494d45493a33353034323430363031323538333620496e69743a313937302d312d3120303a3020557074696d653a3537204d41433a333838413231303246344435205350433a312830292041584c3a32204f42443a3020424c3a312e31302042543a34', 'cdt': 1714892507000}, 'parm6': {'v': 259, 'cdt': 1072915458000}, 'protocol': {'v': 'FMB120', 'cdt': 1072915241000}, 'parm29': {'v': 81, 'cdt': 1072915241000}, 'iPwrV': {'v': 3.58, 'cdt': 1072916922000}, 'event': {'v': 0, 'cdt': 1713783192000}, 'parm113': {'v': 51, 'cdt': 1072916922000}, 'Speed': {'v': 0, 'cdt': 1714645015000}, 'sat': {'v': 0, 'cdt': 1714651013000}, 'priority': {'v': 0, 'cdt': 1713783192000}, 'temp6': {'v': 3.14, 'cdt': 1072915242000}, 'temp7': {'v': 3.13, 'cdt': 1072915242000}, 'temp5': {'v': 3.3000000000000003, 'cdt': 1072916587000}, 'humidity86': {'v': 28, 'cdt': 1072916191000}}, 'prms': {'protocol': 'FMB120', 'priority': 0, 'sat': 0, 'event': 0, 'di1': 0, 'output1': 0, 'di2': 0, 'output2': 0, 'parm29': 81, 'parm20': 86, 'parm22': 90, 'parm113': 51, 'ePwrV': 12.870000000000001, 'Speed': 0, 'parm24': 0, 'iPwrV': 3.58, 'ai1': 259, 'parm6': 259, 'temp5': 3.3000000000000003, 'temp6': 3.14, 'temp7': 3.13, 'humidity86': 28, 'humidity104': 54, 'humidity106': 100}, 'devPrms': ['protocol', 'priority', 'sat', 'event', 'di1', 'output1', 'di2', 'output2', 'parm29', 'parm20', 'parm22', 'parm113', 'ePwrV', 'Speed', 'parm24', 'iPwrV', 'ai1', 'parm6', 'temp5', 'temp6', 'temp7', 'humidity86', 'humidity104', 'humidity106'], 'old_params': {'parm20': 86, 'Speed': 0, 'output1': 0, 'output2': 0, 'ePwrV': 13.004, 'parm24': 0, 'sat': 0, 'parm22': 90, 'ai1': 259, 'humidity106': 100, 'priority': 0, 'di2': 0, 'humidity104': 54, 'di1': 0, 'temp6': 3.14, 'temp7': 3.13, 'protocol': 'teltonika', 'parm6': 259, 'temp5': 3.3000000000000003, 'parm29': 81, 'iPwrV': 3.654, 'event': 0, 'humidity86': 28, 'parm113': 58}, 'vLoc': 0, 'vCon': 0, 'ip': '51.39.14.65', 'rl': 0, 'trl': 212546.5118, 'mdu': 0, 'tmdu': 8835532, 'eidl': 0, 'teidl': 3148249, 'fc': 0, 'tfc': 0, 'acc': 0, 'accOn': 1911176248, 'accOff': 3192979330, 'sdu': 305, 'tsdu': 335, 'lat': 0, 'lng': 0}, 'counters': {'odometer_type': 'gps', 'odometer': 212546.5133, 'engine_hours_type': 'acc', 'engine_hours': 1911176248, 'last_acc': 0}, 'is_wasl_connected': 'Not Connected', 'iconUrl': 'https://api.afaqy.sa/images/units/icons/icon.png', 'hasCCTV': False}
[2024-05-07T09:00:47.160+0000] {warnings.py:109} WARNING - /home/***/.local/lib/python3.8/site-packages/elasticsearch/_sync/client/__init__.py:399: SecurityWarning: Connecting to 'https://dbelk2.afaqy.local:9200' using TLS with verify_certs=False is insecure
  _transport = transport_class(

[2024-05-07T09:00:47.298+0000] {warnings.py:109} WARNING - /home/***/.local/lib/python3.8/site-packages/elasticsearch/_sync/client/__init__.py:399: SecurityWarning: Connecting to 'https://dbelk1.afaqy.local:9200' using TLS with verify_certs=False is insecure
  _transport = transport_class(

[2024-05-07T09:00:47.487+0000] {warnings.py:109} WARNING - /home/***/.local/lib/python3.8/site-packages/elasticsearch/_sync/client/__init__.py:399: SecurityWarning: Connecting to 'https://dbelk3.afaqy.local:9200' using TLS with verify_certs=False is insecure
  _transport = transport_class(

[2024-05-07T09:00:47.532+0000] {warnings.py:109} WARNING - /home/***/.local/lib/python3.8/site-packages/urllib3/connectionpool.py:1061: InsecureRequestWarning: Unverified HTTPS request is being made to host 'dbelk2.afaqy.local'. Adding certificate verification is strongly advised. See: https://urllib3.readthedocs.io/en/1.26.x/advanced-usage.html#ssl-warnings
  warnings.warn(

[2024-05-07T09:00:47.614+0000] {_transport.py:335} INFO - GET https://dbelk2.afaqy.local:9200/_cluster/health [status:200 duration:0.115s]
[2024-05-07T09:00:48.564+0000] {warnings.py:109} WARNING - /home/***/.local/lib/python3.8/site-packages/urllib3/connectionpool.py:1061: InsecureRequestWarning: Unverified HTTPS request is being made to host 'dbelk1.afaqy.local'. Adding certificate verification is strongly advised. See: https://urllib3.readthedocs.io/en/1.26.x/advanced-usage.html#ssl-warnings
  warnings.warn(

[2024-05-07T09:00:48.734+0000] {_transport.py:335} INFO - PUT https://dbelk1.afaqy.local:9200/units_statistics_***/_bulk [status:200 duration:0.192s]
[2024-05-07T09:00:49.312+0000] {taskinstance.py:2731} ERROR - Task failed with exception
Traceback (most recent call last):
  File "/home/airflow/.local/lib/python3.8/site-packages/airflow/models/taskinstance.py", line 444, in _execute_task
    result = _execute_callable(context=context, **execute_callable_kwargs)
  File "/home/airflow/.local/lib/python3.8/site-packages/airflow/models/taskinstance.py", line 414, in _execute_callable
    return execute_callable(context=context, **execute_callable_kwargs)
  File "/home/airflow/.local/lib/python3.8/site-packages/airflow/decorators/base.py", line 241, in execute
    return_value = super().execute(context)
  File "/home/airflow/.local/lib/python3.8/site-packages/airflow/operators/python.py", line 200, in execute
    return_value = self.execute_callable()
  File "/home/airflow/.local/lib/python3.8/site-packages/airflow/operators/python.py", line 217, in execute_callable
    return self.python_callable(*self.op_args, **self.op_kwargs)
  File "/opt/airflow/dags/Units_dag.py", line 111, in ETL_job
    Elk_client.elk_pushData(Globals.index_name,units_list_update)
  File "/opt/airflow/dags/units_statistics/elk_manager.py", line 69, in elk_pushData
    helpers.bulk(self.elk_client, docs_list, index=index_name, chunk_size=batch)
  File "/home/airflow/.local/lib/python3.8/site-packages/elasticsearch/helpers/actions.py", line 521, in bulk
    for ok, item in streaming_bulk(
  File "/home/airflow/.local/lib/python3.8/site-packages/elasticsearch/helpers/actions.py", line 436, in streaming_bulk
    for data, (ok, info) in zip(
  File "/home/airflow/.local/lib/python3.8/site-packages/elasticsearch/helpers/actions.py", line 355, in _process_bulk_chunk
    yield from gen
  File "/home/airflow/.local/lib/python3.8/site-packages/elasticsearch/helpers/actions.py", line 274, in _process_bulk_chunk_success
    raise BulkIndexError(f"{len(errors)} document(s) failed to index.", errors)
elasticsearch.helpers.BulkIndexError: 10000 document(s) failed to index.
[2024-05-07T09:00:49.330+0000] {taskinstance.py:1149} INFO - Marking task as UP_FOR_RETRY. dag_id=Units_statistics_DAG, task_id=ETL_job, map_index=7, execution_date=20240507T084000, start_date=20240507T090014, end_date=20240507T090049
[2024-05-07T09:00:49.364+0000] {standard_task_runner.py:107} ERROR - Failed to execute job 37897 for task ETL_job (10000 document(s) failed to index.; 829905)
[2024-05-07T09:00:49.459+0000] {local_task_job_runner.py:234} INFO - Task exited with return code 1
[2024-05-07T09:00:49.508+0000] {taskinstance.py:3312} INFO - 0 downstream tasks scheduled from follow-on schedule check
