[2024-05-12T08:40:16.539+0000] {taskinstance.py:1979} INFO - Dependencies all met for dep_context=non-requeueable deps ti=<TaskInstance: Units_statistics_DAG.ETL_job scheduled__2024-05-12T08:20:00+00:00 map_index=5 [queued]>
[2024-05-12T08:40:16.619+0000] {taskinstance.py:1979} INFO - Dependencies all met for dep_context=requeueable deps ti=<TaskInstance: Units_statistics_DAG.ETL_job scheduled__2024-05-12T08:20:00+00:00 map_index=5 [queued]>
[2024-05-12T08:40:16.619+0000] {taskinstance.py:2193} INFO - Starting attempt 1 of 4
[2024-05-12T08:40:16.731+0000] {taskinstance.py:2217} INFO - Executing <Mapped(_PythonDecoratedOperator): ETL_job> on 2024-05-12 08:20:00+00:00
[2024-05-12T08:40:16.750+0000] {standard_task_runner.py:60} INFO - Started process 963649 to run task
[2024-05-12T08:40:16.822+0000] {standard_task_runner.py:87} INFO - Running: ['***', 'tasks', 'run', 'Units_statistics_DAG', 'ETL_job', 'scheduled__2024-05-12T08:20:00+00:00', '--job-id', '53613', '--raw', '--subdir', 'DAGS_FOLDER/Units_dag.py', '--cfg-path', '/tmp/tmp9zcah9eb', '--map-index', '5']
[2024-05-12T08:40:16.842+0000] {standard_task_runner.py:88} INFO - Job 53613: Subtask ETL_job
[2024-05-12T08:40:17.128+0000] {task_command.py:423} INFO - Running <TaskInstance: Units_statistics_DAG.ETL_job scheduled__2024-05-12T08:20:00+00:00 map_index=5 [running]> on host a09da322e808
[2024-05-12T08:40:17.542+0000] {taskinstance.py:2513} INFO - Exporting env vars: AIRFLOW_CTX_DAG_OWNER='abeer-araby' AIRFLOW_CTX_DAG_ID='Units_statistics_DAG' AIRFLOW_CTX_TASK_ID='ETL_job' AIRFLOW_CTX_EXECUTION_DATE='2024-05-12T08:20:00+00:00' AIRFLOW_CTX_TRY_NUMBER='1' AIRFLOW_CTX_DAG_RUN_ID='scheduled__2024-05-12T08:20:00+00:00'
[2024-05-12T08:40:17.544+0000] {Units_dag.py:98} INFO - i: 50000, chunk: 10000
[2024-05-12T08:40:17.544+0000] {Units_dag.py:99} INFO - child token is::: eyJ0eXAiOiJKV1QiLCJhbGciOiJIUzI1NiJ9.eyJpc3MiOiJodHRwczovL2FwaS5hZmFxeS5zYS9hdXRoL2xvZ2luX2FzIiwiaWF0IjoxNzE1NTAzMjA0LCJleHAiOjE3MTgwOTUyMDQsIm5iZiI6MTcxNTUwMzIwNCwianRpIjoic1BPdnBBdTV1NTl0QnV2eiIsInN1YiI6IjVkNjNlNTFlMDNlZDUyOTJhNDJjMjRlNiIsInBydiI6IjI3MGVjZmM3ZWEzZWQ5MzdlYTg0OTM2MmEzYTUwOTEwYzZkOGNlNGYiLCJsb2dpbl9hc19pZCI6IjY1N2YwYWQ3M2Y5NzcyOTVjZjA1NTc2YSJ9.2VPBl_gWZDuSqi6Wy8mYC2FaV27c7Bf4eiWry-Krr3w
[2024-05-12T08:40:36.468+0000] {Units_dag.py:103} INFO - {'_id': '62b07fbd5e94ae888966e98a', 'imei': '354018117984272', 'updated_at': '2024-04-18 11:18:59', 'custom_fields': [], 'creator': '', 'company': '', 'owner': '', 'last_update': {'dtt': 1655742606000, 'dts': 1655742608136, 'spd': 0, 'ang': 338, 'alt': 46, 'chPrams': {'output1': {'v': False, 'cdt': 1653363112000}, 'protocol': {'v': 'teltonika_FMB640', 'cdt': 1654313382000}, 'ePwrV': {'v': 27.293, 'cdt': 1655742606000}, 'sat': {'v': 16, 'cdt': 1655742556000}, 'ai1': {'v': 217, 'cdt': 1655694296000}, 'iPwrV': {'v': 4.0280000000000005, 'cdt': 1655742556000}, 'priority': {'v': 1, 'cdt': 1655742606000}, 'event': {'v': 1, 'cdt': 1655742606000}, 'di1': {'v': 0, 'cdt': 1655742606000}}, 'prms': {'protocol': 'teltonika_FMB640', 'priority': 1, 'sat': 16, 'event': 1, 'di1': 0, 'output1': 0, 'ePwrV': 27.293, 'iPwrV': 4.0280000000000005, 'ai1': 217}, 'devPrms': ['protocol', 'priority', 'sat', 'event', 'di1', 'output1', 'ePwrV', 'iPwrV', 'ai1'], 'old_params': {'protocol': 'teltonika_FMB640', 'priority': 0, 'sat': 16, 'event': 0, 'di1': 1, 'output1': 0, 'ePwrV': 27.25, 'iPwrV': 4.0280000000000005, 'ai1': 217}, 'vLoc': 1, 'vCon': 1, 'ip': '37.121.82.93', 'rl': 0, 'trl': 67958.0622, 'mdu': 0, 'tmdu': 4698385, 'eidl': 50, 'teidl': 9824891, 'fc': 0, 'tfc': 9.837276, 'acc': 0, 'accOn': -3998559242, 'accOff': 5723351097, 'sdu': 0, 'tsdu': 0, 'lat': 21.7221816, 'lng': 39.2119783}, 'counters': {'engine_hours': -3998559242, 'last_acc': 0, 'odometer': 68434.5253}, 'is_wasl_connected': 'Not Connected', 'iconUrl': '', 'hasCCTV': False}
[2024-05-12T08:40:37.901+0000] {warnings.py:109} WARNING - /home/***/.local/lib/python3.8/site-packages/elasticsearch/_sync/client/__init__.py:399: SecurityWarning: Connecting to 'https://dbelk2.afaqy.local:9200' using TLS with verify_certs=False is insecure
  _transport = transport_class(

[2024-05-12T08:40:37.996+0000] {warnings.py:109} WARNING - /home/***/.local/lib/python3.8/site-packages/elasticsearch/_sync/client/__init__.py:399: SecurityWarning: Connecting to 'https://dbelk3.afaqy.local:9200' using TLS with verify_certs=False is insecure
  _transport = transport_class(

[2024-05-12T08:40:38.103+0000] {warnings.py:109} WARNING - /home/***/.local/lib/python3.8/site-packages/elasticsearch/_sync/client/__init__.py:399: SecurityWarning: Connecting to 'https://dbelk1.afaqy.local:9200' using TLS with verify_certs=False is insecure
  _transport = transport_class(

[2024-05-12T08:40:38.145+0000] {warnings.py:109} WARNING - /home/***/.local/lib/python3.8/site-packages/urllib3/connectionpool.py:1061: InsecureRequestWarning: Unverified HTTPS request is being made to host 'dbelk2.afaqy.local'. Adding certificate verification is strongly advised. See: https://urllib3.readthedocs.io/en/1.26.x/advanced-usage.html#ssl-warnings
  warnings.warn(

[2024-05-12T08:40:38.333+0000] {_transport.py:335} INFO - GET https://dbelk2.afaqy.local:9200/_cluster/health [status:200 duration:0.228s]
[2024-05-12T08:40:39.049+0000] {warnings.py:109} WARNING - /home/***/.local/lib/python3.8/site-packages/urllib3/connectionpool.py:1061: InsecureRequestWarning: Unverified HTTPS request is being made to host 'dbelk3.afaqy.local'. Adding certificate verification is strongly advised. See: https://urllib3.readthedocs.io/en/1.26.x/advanced-usage.html#ssl-warnings
  warnings.warn(

[2024-05-12T08:40:39.062+0000] {_transport.py:335} INFO - PUT https://dbelk3.afaqy.local:9200/units_statistics_***/_bulk [status:429 duration:0.031s]
[2024-05-12T08:40:39.063+0000] {_node_pool.py:249} WARNING - Node <Urllib3HttpNode(https://dbelk3.afaqy.local:9200)> has failed for 1 times in a row, putting on 1 second timeout
[2024-05-12T08:40:39.064+0000] {_transport.py:427} WARNING - Retrying request after non-successful status 429 (attempt 0 of 3)
[2024-05-12T08:40:39.065+0000] {warnings.py:109} WARNING - /home/***/.local/lib/python3.8/site-packages/urllib3/connectionpool.py:1061: InsecureRequestWarning: Unverified HTTPS request is being made to host 'dbelk2.afaqy.local'. Adding certificate verification is strongly advised. See: https://urllib3.readthedocs.io/en/1.26.x/advanced-usage.html#ssl-warnings
  warnings.warn(

[2024-05-12T08:40:39.086+0000] {_transport.py:335} INFO - PUT https://dbelk2.afaqy.local:9200/units_statistics_***/_bulk [status:429 duration:0.022s]
[2024-05-12T08:40:39.087+0000] {_node_pool.py:249} WARNING - Node <Urllib3HttpNode(https://dbelk2.afaqy.local:9200)> has failed for 1 times in a row, putting on 1 second timeout
[2024-05-12T08:40:39.088+0000] {_transport.py:427} WARNING - Retrying request after non-successful status 429 (attempt 1 of 3)
[2024-05-12T08:40:39.111+0000] {warnings.py:109} WARNING - /home/***/.local/lib/python3.8/site-packages/urllib3/connectionpool.py:1061: InsecureRequestWarning: Unverified HTTPS request is being made to host 'dbelk1.afaqy.local'. Adding certificate verification is strongly advised. See: https://urllib3.readthedocs.io/en/1.26.x/advanced-usage.html#ssl-warnings
  warnings.warn(

[2024-05-12T08:40:43.322+0000] {_transport.py:335} INFO - PUT https://dbelk1.afaqy.local:9200/units_statistics_***/_bulk [status:200 duration:4.234s]
[2024-05-12T08:40:45.346+0000] {local_task_job_runner.py:234} INFO - Task exited with return code -9
[2024-05-12T08:40:45.427+0000] {taskinstance.py:3312} INFO - 0 downstream tasks scheduled from follow-on schedule check
