[2024-04-21T11:00:22.455+0000] {taskinstance.py:1979} INFO - Dependencies all met for dep_context=non-requeueable deps ti=<TaskInstance: Units_statistics_DAG.ETL_job scheduled__2024-04-21T10:00:00+00:00 map_index=15 [queued]>
[2024-04-21T11:00:22.504+0000] {taskinstance.py:1979} INFO - Dependencies all met for dep_context=requeueable deps ti=<TaskInstance: Units_statistics_DAG.ETL_job scheduled__2024-04-21T10:00:00+00:00 map_index=15 [queued]>
[2024-04-21T11:00:22.505+0000] {taskinstance.py:2193} INFO - Starting attempt 1 of 4
[2024-04-21T11:00:22.601+0000] {taskinstance.py:2217} INFO - Executing <Mapped(_PythonDecoratedOperator): ETL_job> on 2024-04-21 10:00:00+00:00
[2024-04-21T11:00:22.614+0000] {standard_task_runner.py:60} INFO - Started process 446186 to run task
[2024-04-21T11:00:22.654+0000] {standard_task_runner.py:87} INFO - Running: ['***', 'tasks', 'run', 'Units_statistics_DAG', 'ETL_job', 'scheduled__2024-04-21T10:00:00+00:00', '--job-id', '9786', '--raw', '--subdir', 'DAGS_FOLDER/Units_dag.py', '--cfg-path', '/tmp/tmplxhajsx0', '--map-index', '15']
[2024-04-21T11:00:22.662+0000] {standard_task_runner.py:88} INFO - Job 9786: Subtask ETL_job
[2024-04-21T11:00:22.881+0000] {task_command.py:423} INFO - Running <TaskInstance: Units_statistics_DAG.ETL_job scheduled__2024-04-21T10:00:00+00:00 map_index=15 [running]> on host a09da322e808
[2024-04-21T11:00:23.225+0000] {taskinstance.py:2513} INFO - Exporting env vars: AIRFLOW_CTX_DAG_OWNER='abeer-araby' AIRFLOW_CTX_DAG_ID='Units_statistics_DAG' AIRFLOW_CTX_TASK_ID='ETL_job' AIRFLOW_CTX_EXECUTION_DATE='2024-04-21T10:00:00+00:00' AIRFLOW_CTX_TRY_NUMBER='1' AIRFLOW_CTX_DAG_RUN_ID='scheduled__2024-04-21T10:00:00+00:00'
[2024-04-21T11:00:23.226+0000] {Units_dag.py:99} INFO - i: 150000, chunk: 10000
[2024-04-21T11:00:23.226+0000] {Units_dag.py:100} INFO - child token is::: eyJ0eXAiOiJKV1QiLCJhbGciOiJIUzI1NiJ9.eyJpc3MiOiJodHRwczovL2FwaS5hZmFxeS5zYS9hdXRoL2xvZ2luX2FzIiwiaWF0IjoxNzEzNjk3MjA0LCJleHAiOjE3MTYyODkyMDQsIm5iZiI6MTcxMzY5NzIwNCwianRpIjoiZUFENlNqWWtHVjRERjEwRSIsInN1YiI6IjVkNjNlNTFlMDNlZDUyOTJhNDJjMjRlNiIsInBydiI6IjI3MGVjZmM3ZWEzZWQ5MzdlYTg0OTM2MmEzYTUwOTEwYzZkOGNlNGYiLCJsb2dpbl9hc19pZCI6IjY1N2YwYWQ3M2Y5NzcyOTVjZjA1NTc2YSJ9.WsDnGefmhVk0EoAAlZm1wKgjqHxzxoOPocrOEOzPcXo
[2024-04-21T11:00:42.442+0000] {Units_dag.py:104} INFO - {'_id': '6593e4f638d0c635ad02dfb8', 'icon': 'icons/icon.png', 'driver_id': '', 'tailer_id': '', 'profile': {'measurement_type': 'count', 'fuel_type': '91', 'year': 0, 'seats': 2}, 'shipment_info': {'product_category': '', 'truck_type': '', 'shipment_type': '', 'shipment_payment_type': '', 'transporter_type': '', 'operating_area': '', 'weight_kilograms_per_day': '', 'kms_per_day': '', 'opening_milage': '', 'shipment_trip_drive_hrs_day': '', 'expected_shipment_trip_day': '', 'car_pay_per_day': '', 'exceeding_temperature_limit_per_day': '', 'temperature_upper_limit': '', 'exceeding_humidity_limit_per_day': '', 'humidity_upper_limit': '', 'allowable_delay_drive_hrs_day': ''}, 'device_password': '***', 'device_type': 'gps', 'gateway': False, 'business_types': {'waste': False, 'transportation': True, 'water': False}, 'name': '5074RTB', 'operation_code': None, 'device_gateway': None, 'skip_sim_information': False, 'imei': '352016704161678', 'sim_number': '+966830020703693', 'sim_serial': '8996609821112134803', 'device_serial': '1134124457', 'device': 'teltonika', 'user_id': '605b2ce24dfbf765482210f2', 'created_by': '5e6655bf03ed52e1ab79d301', 'updated_at': '2024-04-18 11:18:59', 'created_at': '2024-01-02 13:27:02', 'custom_fields': [], 'creator': 'amr.ahmed', 'company': '', 'owner': 'theeb-admin', 'last_update': {'dtt': 1713697214000, 'dts': 1713697217390, 'spd': 108, 'ang': 302, 'alt': 819, 'chPrams': {'Speed': {'v': 108, 'cdt': 1713697214000}, 'output1': {'v': False, 'cdt': 1713459292000}, 'output2': {'v': False, 'cdt': 1713459292000}, 'ePwrV': {'v': 14.256, 'cdt': 1713697214000}, 'parm24': {'v': 108, 'cdt': 1713697214000}, 'sat': {'v': 14, 'cdt': 1713697188000}, 'ai1': {'v': 6417, 'cdt': 1713697214000}, 'priority': {'v': 0, 'cdt': 1711450332000}, 'di2': {'v': 0, 'cdt': 1712053506000}, 'type': {'v': 6, 'cdt': 1712502610000}, 'di1': {'v': 1, 'cdt': 1713691713000}, 'result': {'v': '5665723a30332e32372e31345f3030204750533a41584e5f352e312e392048773a464d42313230204d6f643a333320494d45493a33353230313637303431363136373820496e69743a323032342d332d3520333a3520557074696d653a33383434383531204d41433a333838413231334634424334205350433a312830292041584c3a32204f42443a3020424c3a312e31302042543a34', 'cdt': 1713459262000}, 'protocol': {'v': 'FMB120', 'cdt': 1713459292000}, 'parm6': {'v': 131, 'cdt': 1713357968000}, 'iPwrV': {'v': 3.999, 'cdt': 1713697214000}, 'event': {'v': 0, 'cdt': 1711450933000}}, 'prms': {'protocol': 'FMB120', 'priority': 0, 'sat': 14, 'event': 0, 'di1': 1, 'output1': 0, 'di2': 0, 'output2': 0, 'ePwrV': 14.256, 'Speed': 108, 'parm24': 108, 'iPwrV': 3.999, 'ai1': 6417, 'parm6': 131}, 'devPrms': ['protocol', 'priority', 'sat', 'event', 'di1', 'output1', 'di2', 'output2', 'ePwrV', 'Speed', 'parm24', 'iPwrV', 'ai1', 'parm6'], 'old_params': {'protocol': 'FMB120', 'priority': 0, 'sat': 14, 'event': 0, 'di1': 1, 'output1': 0, 'di2': 0, 'output2': 0, 'ePwrV': 14.313, 'Speed': 106, 'parm24': 106, 'iPwrV': 4, 'ai1': 6513, 'parm6': 131}, 'vLoc': 1, 'vCon': 1, 'ip': '109.83.122.206', 'rl': 0.7801, 'trl': 21883.2222, 'mdu': 26, 'tmdu': 1584787, 'eidl': 0, 'teidl': 586910, 'fc': 0.093612, 'tfc': 2518.747724, 'acc': 1, 'accOn': 2214972, 'accOff': 7806191, 'sdu': 0, 'tsdu': 0, 'lat': 26.82028, 'lng': 43.1464383}, 'counters': {'engine_hours': 2214972, 'last_acc': 1, 'odometer': 21883.2025, 'engine_hours_type': 'acc', 'odometer_type': 'gps'}, 'is_wasl_connected': 'Not Connected', 'iconUrl': 'https://api.afaqy.sa/images/units/icons/icon.png', 'hasCCTV': False}
[2024-04-21T11:00:42.992+0000] {warnings.py:109} WARNING - /home/***/.local/lib/python3.8/site-packages/elasticsearch/_sync/client/__init__.py:399: SecurityWarning: Connecting to 'https://dbelk3.afaqy.local:9200' using TLS with verify_certs=False is insecure
  _transport = transport_class(

[2024-04-21T11:00:43.035+0000] {warnings.py:109} WARNING - /home/***/.local/lib/python3.8/site-packages/elasticsearch/_sync/client/__init__.py:399: SecurityWarning: Connecting to 'https://dbelk1.afaqy.local:9200' using TLS with verify_certs=False is insecure
  _transport = transport_class(

[2024-04-21T11:00:43.077+0000] {warnings.py:109} WARNING - /home/***/.local/lib/python3.8/site-packages/elasticsearch/_sync/client/__init__.py:399: SecurityWarning: Connecting to 'https://dbelk2.afaqy.local:9200' using TLS with verify_certs=False is insecure
  _transport = transport_class(

[2024-04-21T11:00:43.097+0000] {warnings.py:109} WARNING - /home/***/.local/lib/python3.8/site-packages/urllib3/connectionpool.py:1061: InsecureRequestWarning: Unverified HTTPS request is being made to host 'dbelk3.afaqy.local'. Adding certificate verification is strongly advised. See: https://urllib3.readthedocs.io/en/1.26.x/advanced-usage.html#ssl-warnings
  warnings.warn(

[2024-04-21T11:00:43.174+0000] {_transport.py:335} INFO - GET https://dbelk3.afaqy.local:9200/_cluster/health [status:200 duration:0.095s]
[2024-04-21T11:00:43.575+0000] {warnings.py:109} WARNING - /home/***/.local/lib/python3.8/site-packages/urllib3/connectionpool.py:1061: InsecureRequestWarning: Unverified HTTPS request is being made to host 'dbelk1.afaqy.local'. Adding certificate verification is strongly advised. See: https://urllib3.readthedocs.io/en/1.26.x/advanced-usage.html#ssl-warnings
  warnings.warn(

[2024-04-21T11:00:46.375+0000] {_transport.py:335} INFO - PUT https://dbelk1.afaqy.local:9200/units_statistics_***/_bulk [status:200 duration:2.822s]
[2024-04-21T11:00:46.593+0000] {python.py:202} INFO - Done. Returned value was: None
[2024-04-21T11:00:46.606+0000] {taskinstance.py:1149} INFO - Marking task as SUCCESS. dag_id=Units_statistics_DAG, task_id=ETL_job, map_index=15, execution_date=20240421T100000, start_date=20240421T110022, end_date=20240421T110046
[2024-04-21T11:00:46.656+0000] {local_task_job_runner.py:234} INFO - Task exited with return code 0
[2024-04-21T11:00:46.677+0000] {taskinstance.py:3312} INFO - 0 downstream tasks scheduled from follow-on schedule check
