[2024-05-10T12:40:14.728+0000] {taskinstance.py:1979} INFO - Dependencies all met for dep_context=non-requeueable deps ti=<TaskInstance: Units_statistics_DAG.ETL_job scheduled__2024-05-10T12:20:00+00:00 map_index=2 [queued]>
[2024-05-10T12:40:14.789+0000] {taskinstance.py:1979} INFO - Dependencies all met for dep_context=requeueable deps ti=<TaskInstance: Units_statistics_DAG.ETL_job scheduled__2024-05-10T12:20:00+00:00 map_index=2 [queued]>
[2024-05-10T12:40:14.790+0000] {taskinstance.py:2193} INFO - Starting attempt 1 of 4
[2024-05-10T12:40:14.912+0000] {taskinstance.py:2217} INFO - Executing <Mapped(_PythonDecoratedOperator): ETL_job> on 2024-05-10 12:20:00+00:00
[2024-05-10T12:40:14.946+0000] {standard_task_runner.py:60} INFO - Started process 914196 to run task
[2024-05-10T12:40:14.993+0000] {standard_task_runner.py:87} INFO - Running: ['***', 'tasks', 'run', 'Units_statistics_DAG', 'ETL_job', 'scheduled__2024-05-10T12:20:00+00:00', '--job-id', '47703', '--raw', '--subdir', 'DAGS_FOLDER/Units_dag.py', '--cfg-path', '/tmp/tmppuz_qx_u', '--map-index', '2']
[2024-05-10T12:40:15.005+0000] {standard_task_runner.py:88} INFO - Job 47703: Subtask ETL_job
[2024-05-10T12:40:15.340+0000] {task_command.py:423} INFO - Running <TaskInstance: Units_statistics_DAG.ETL_job scheduled__2024-05-10T12:20:00+00:00 map_index=2 [running]> on host a09da322e808
[2024-05-10T12:40:15.840+0000] {taskinstance.py:2513} INFO - Exporting env vars: AIRFLOW_CTX_DAG_OWNER='abeer-araby' AIRFLOW_CTX_DAG_ID='Units_statistics_DAG' AIRFLOW_CTX_TASK_ID='ETL_job' AIRFLOW_CTX_EXECUTION_DATE='2024-05-10T12:20:00+00:00' AIRFLOW_CTX_TRY_NUMBER='1' AIRFLOW_CTX_DAG_RUN_ID='scheduled__2024-05-10T12:20:00+00:00'
[2024-05-10T12:40:15.842+0000] {Units_dag.py:98} INFO - i: 20000, chunk: 10000
[2024-05-10T12:40:15.842+0000] {Units_dag.py:99} INFO - child token is::: eyJ0eXAiOiJKV1QiLCJhbGciOiJIUzI1NiJ9.eyJpc3MiOiJodHRwczovL2FwaS5hZmFxeS5zYS9hdXRoL2xvZ2luX2FzIiwiaWF0IjoxNzE1MzQ0ODA0LCJleHAiOjE3MTc5MzY4MDQsIm5iZiI6MTcxNTM0NDgwNCwianRpIjoiSExnb0M5OXlkeld5ZDFkOSIsInN1YiI6IjVkNjNlNTFlMDNlZDUyOTJhNDJjMjRlNiIsInBydiI6IjI3MGVjZmM3ZWEzZWQ5MzdlYTg0OTM2MmEzYTUwOTEwYzZkOGNlNGYiLCJsb2dpbl9hc19pZCI6IjY1N2YwYWQ3M2Y5NzcyOTVjZjA1NTc2YSJ9.qhvJ8rxLKduaHXaz1ZF2k-0wD56WLonji17npk5bY7E
[2024-05-10T12:40:35.408+0000] {Units_dag.py:103} INFO - {'_id': '618a70eace9cc97ea73bbaf8', 'icon': 'icons/icon.png', 'driver_id': '', 'tailer_id': '', 'profile': {'vehicle_type': '', 'measurement_type': 'weight', 'max_capacity': 0, 'vin': '', 'plate_number': '', 'start_operation': '', 'contract_milage': '', 'opening_milage': '', 'model': '', 'fuel_type': '91', 'year': 0, 'seats': 2}, 'device_password': '***', 'device_type': 'gps', 'gateway': False, 'name': 'أ وص 2579', 'operation_code': '', 'device_gateway': '', 'business_types': {'waste': False, 'transportation': True, 'water': False}, 'imei': '862549044109364', 'sim_number': '+966862549844652', 'sim_serial': '862549044109364', 'device_serial': '862549044109364', 'device': 'ruptela', 'user_id': '5e539d8203ed52f71d634478', 'created_by': '5e6655bf03ed52e1ab79d301', 'updated_at': '2024-04-18 11:18:59', 'created_at': '2021-11-09 16:00:26', 'custom_fields': [], 'creator': 'amr.ahmed', 'company': '', 'owner': 'aemallamar', 'last_update': {'dtt': 1715344785000, 'dts': 1715344787368, 'spd': 17, 'ang': 131, 'alt': 25, 'chPrams': {'io_1_176': {'v': 17, 'cdt': 1715344785000}, 'gsm': {'v': 21, 'cdt': 1715344766000}, 'io_1_134': {'v': 0, 'cdt': 1715283583000}, 'io_1_136': {'v': 0, 'cdt': 1715283175000}, 'io_1_135': {'v': 0, 'cdt': 1715283651000}, 'ai22': {'v': 3182, 'cdt': 1715344780000}, 'ePwrV': {'v': 28.286, 'cdt': 1715344785000}, 'io_2_139': {'v': 2, 'cdt': 1715344785000}, 'di2': {'v': 0, 'cdt': 1636634522000}, 'io_1_130': {'v': 17, 'cdt': 1715344783000}, 'operator': {'v': 42004, 'cdt': 1715095028000}, 'di5': {'v': 1, 'cdt': 1715344688000}, 'io_2_131': {'v': 0, 'cdt': 1713626334000}, 'protocol': {'v': 'ruptela', 'cdt': 1715001651000}, 'io_2_137': {'v': 0, 'cdt': 1715344766000}, 'iPwrV': {'v': 4.058, 'cdt': 1715344785000}, 'event': {'v': 9, 'cdt': 1715344759000}, 'io_1_418': {'v': 1, 'cdt': 1715095028000}, 'move': {'v': 1, 'cdt': 1715344749000}, 'spd': {'v': 17, 'cdt': 1715344785000}, 'sat': {'v': 14, 'cdt': 1715344785000}, 'hdop': {'v': 0.7, 'cdt': 1715344785000}, 'io_2_560': {'v': 0, 'cdt': 1712935186000}, 'accTemp': {'v': 55, 'cdt': 1715344783000}, 'vOdometer': {'v': 131294462, 'cdt': 1715344785000}, 'io_1_405': {'v': 1, 'cdt': 1715001651000}}, 'prms': {'protocol': 'ruptela', 'sat': 14, 'spd': 17, 'hdop': 0.7, 'event': 9, 'io_1_130': 17, 'io_1_134': 0, 'io_1_135': 0, 'io_1_136': 0, 'di2': 0, 'di5': 1, 'accTemp': 55, 'io_1_405': 1, 'gsm': 21, 'move': 1, 'io_1_176': 17, 'io_1_418': 1, 'io_2_131': 0, 'io_2_137': 0, 'io_2_139': 2, 'ai22': 3182, 'io_2_560': 0, 'ePwrV': 28.286, 'iPwrV': 4.058, 'vOdometer': 131294462, 'operator': 42004}, 'devPrms': ['protocol', 'sat', 'spd', 'hdop', 'event', 'io_1_130', 'io_1_134', 'io_1_135', 'io_1_136', 'di2', 'di5', 'accTemp', 'io_1_405', 'gsm', 'move', 'io_1_176', 'io_1_418', 'io_2_131', 'io_2_137', 'io_2_139', 'ai22', 'io_2_560', 'ePwrV', 'iPwrV', 'vOdometer', 'operator'], 'old_params': {'protocol': 'ruptela', 'sat': 15, 'spd': 15, 'hdop': 0.6, 'event': 9, 'io_1_130': 17, 'io_1_134': 0, 'io_1_135': 0, 'io_1_136': 0, 'di2': 0, 'di5': 1, 'accTemp': 55, 'io_1_405': 1, 'gsm': 21, 'move': 1, 'io_1_176': 15, 'io_1_418': 1, 'io_2_131': 0, 'io_2_137': 0, 'io_2_139': 3, 'ai22': 3182, 'io_2_560': 0, 'ePwrV': 28.311, 'iPwrV': 4.057, 'vOdometer': 131294454, 'operator': 42004}, 'vLoc': 1, 'vCon': 1, 'ip': '51.39.24.75', 'rl': 0.0086, 'trl': 132449.9326, 'mdu': 2, 'tmdu': 9819592, 'eidl': 0, 'teidl': 3512851, 'fc': 0.001032, 'tfc': 531.087648, 'acc': 1, 'accOn': 15079366, 'accOff': 192096868, 'sdu': 0, 'tsdu': 0, 'lat': 26.2393216, 'lng': 49.9680283}, 'counters': {'odometer_type': 'gps', 'odometer': 132449.9309, 'engine_hours_type': 'acc', 'engine_hours': 15079366, 'last_acc': 1}, 'is_wasl_connected': 'Connected', 'iconUrl': 'https://api.afaqy.sa/images/units/icons/icon.png', 'hasCCTV': False}
[2024-05-10T12:40:35.957+0000] {warnings.py:109} WARNING - /home/***/.local/lib/python3.8/site-packages/elasticsearch/_sync/client/__init__.py:399: SecurityWarning: Connecting to 'https://dbelk1.afaqy.local:9200' using TLS with verify_certs=False is insecure
  _transport = transport_class(

[2024-05-10T12:40:36.007+0000] {warnings.py:109} WARNING - /home/***/.local/lib/python3.8/site-packages/elasticsearch/_sync/client/__init__.py:399: SecurityWarning: Connecting to 'https://dbelk3.afaqy.local:9200' using TLS with verify_certs=False is insecure
  _transport = transport_class(

[2024-05-10T12:40:36.063+0000] {warnings.py:109} WARNING - /home/***/.local/lib/python3.8/site-packages/elasticsearch/_sync/client/__init__.py:399: SecurityWarning: Connecting to 'https://dbelk2.afaqy.local:9200' using TLS with verify_certs=False is insecure
  _transport = transport_class(

[2024-05-10T12:40:36.088+0000] {warnings.py:109} WARNING - /home/***/.local/lib/python3.8/site-packages/urllib3/connectionpool.py:1061: InsecureRequestWarning: Unverified HTTPS request is being made to host 'dbelk1.afaqy.local'. Adding certificate verification is strongly advised. See: https://urllib3.readthedocs.io/en/1.26.x/advanced-usage.html#ssl-warnings
  warnings.warn(

[2024-05-10T12:40:36.148+0000] {_transport.py:335} INFO - GET https://dbelk1.afaqy.local:9200/_cluster/health [status:200 duration:0.084s]
[2024-05-10T12:40:36.561+0000] {warnings.py:109} WARNING - /home/***/.local/lib/python3.8/site-packages/urllib3/connectionpool.py:1061: InsecureRequestWarning: Unverified HTTPS request is being made to host 'dbelk3.afaqy.local'. Adding certificate verification is strongly advised. See: https://urllib3.readthedocs.io/en/1.26.x/advanced-usage.html#ssl-warnings
  warnings.warn(

[2024-05-10T12:40:36.573+0000] {_transport.py:335} INFO - PUT https://dbelk3.afaqy.local:9200/units_statistics_***/_bulk [status:429 duration:0.029s]
[2024-05-10T12:40:36.573+0000] {_node_pool.py:249} WARNING - Node <Urllib3HttpNode(https://dbelk3.afaqy.local:9200)> has failed for 1 times in a row, putting on 1 second timeout
[2024-05-10T12:40:36.574+0000] {_transport.py:427} WARNING - Retrying request after non-successful status 429 (attempt 0 of 3)
[2024-05-10T12:40:36.574+0000] {warnings.py:109} WARNING - /home/***/.local/lib/python3.8/site-packages/urllib3/connectionpool.py:1061: InsecureRequestWarning: Unverified HTTPS request is being made to host 'dbelk1.afaqy.local'. Adding certificate verification is strongly advised. See: https://urllib3.readthedocs.io/en/1.26.x/advanced-usage.html#ssl-warnings
  warnings.warn(

[2024-05-10T12:40:42.534+0000] {local_task_job_runner.py:234} INFO - Task exited with return code -9
[2024-05-10T12:40:42.868+0000] {taskinstance.py:3312} INFO - 0 downstream tasks scheduled from follow-on schedule check
