[2024-05-01T13:00:21.277+0000] {taskinstance.py:1979} INFO - Dependencies all met for dep_context=non-requeueable deps ti=<TaskInstance: Units_statistics_DAG.ETL_job scheduled__2024-05-01T12:40:00+00:00 map_index=6 [queued]>
[2024-05-01T13:00:21.389+0000] {taskinstance.py:1979} INFO - Dependencies all met for dep_context=requeueable deps ti=<TaskInstance: Units_statistics_DAG.ETL_job scheduled__2024-05-01T12:40:00+00:00 map_index=6 [queued]>
[2024-05-01T13:00:21.410+0000] {taskinstance.py:2193} INFO - Starting attempt 1 of 4
[2024-05-01T13:00:21.577+0000] {taskinstance.py:2217} INFO - Executing <Mapped(_PythonDecoratedOperator): ETL_job> on 2024-05-01 12:40:00+00:00
[2024-05-01T13:00:21.631+0000] {standard_task_runner.py:60} INFO - Started process 686755 to run task
[2024-05-01T13:00:21.696+0000] {standard_task_runner.py:87} INFO - Running: ['***', 'tasks', 'run', 'Units_statistics_DAG', 'ETL_job', 'scheduled__2024-05-01T12:40:00+00:00', '--job-id', '26412', '--raw', '--subdir', 'DAGS_FOLDER/Units_dag.py', '--cfg-path', '/tmp/tmptnkkrhtw', '--map-index', '6']
[2024-05-01T13:00:21.738+0000] {standard_task_runner.py:88} INFO - Job 26412: Subtask ETL_job
[2024-05-01T13:00:22.120+0000] {task_command.py:423} INFO - Running <TaskInstance: Units_statistics_DAG.ETL_job scheduled__2024-05-01T12:40:00+00:00 map_index=6 [running]> on host a09da322e808
[2024-05-01T13:00:22.742+0000] {taskinstance.py:2513} INFO - Exporting env vars: AIRFLOW_CTX_DAG_OWNER='abeer-araby' AIRFLOW_CTX_DAG_ID='Units_statistics_DAG' AIRFLOW_CTX_TASK_ID='ETL_job' AIRFLOW_CTX_EXECUTION_DATE='2024-05-01T12:40:00+00:00' AIRFLOW_CTX_TRY_NUMBER='1' AIRFLOW_CTX_DAG_RUN_ID='scheduled__2024-05-01T12:40:00+00:00'
[2024-05-01T13:00:22.743+0000] {Units_dag.py:99} INFO - i: 60000, chunk: 10000
[2024-05-01T13:00:22.743+0000] {Units_dag.py:100} INFO - child token is::: eyJ0eXAiOiJKV1QiLCJhbGciOiJIUzI1NiJ9.eyJpc3MiOiJodHRwczovL2FwaS5hZmFxeS5zYS9hdXRoL2xvZ2luX2FzIiwiaWF0IjoxNzE0NTY4NDA0LCJleHAiOjE3MTcxNjA0MDQsIm5iZiI6MTcxNDU2ODQwNCwianRpIjoiQUVjMU5hV1hHVUc4eGtQbCIsInN1YiI6IjVkNjNlNTFlMDNlZDUyOTJhNDJjMjRlNiIsInBydiI6IjI3MGVjZmM3ZWEzZWQ5MzdlYTg0OTM2MmEzYTUwOTEwYzZkOGNlNGYiLCJsb2dpbl9hc19pZCI6IjY1N2YwYWQ3M2Y5NzcyOTVjZjA1NTc2YSJ9.e5kR96g66y55ipoynMbeFu6fWSO4jXco3fCZMestyUY
[2024-05-01T13:00:55.894+0000] {Units_dag.py:104} INFO - {'_id': '6329e8d0a6f87f63407862e9', 'icon': 'icons/icon.png', 'driver_id': '', 'tailer_id': '', 'profile': {'vehicle_type': '', 'measurement_type': 'count', 'max_capacity': 0, 'vin': '', 'plate_number': '', 'start_operation': '', 'contract_milage': '', 'opening_milage': '', 'model': '', 'fuel_type': '91', 'year': 0, 'seats': 2}, 'device_password': '***', 'device_type': 'gps', 'gateway': False, 'name': 'أ م د 4117', 'operation_code': '', 'imei': '350544508001388', 'sim_number': '+966821111337292', 'sim_serial': '8996609821111337292', 'device_serial': '1125676174', 'device': 'teltonika', 'created_by': '5e539d8203ed52f71d634478', 'user_id': '5e539d8203ed52f71d634478', 'updated_at': '2024-04-18 11:18:59', 'created_at': '2022-09-20 19:22:40', 'business_types': {'waste': False, 'transportation': True, 'water': False, 'hajj': False}, 'device_gateway': '', 'custom_fields': [], 'creator': 'aemallamar', 'company': '', 'owner': 'aemallamar', 'last_update': {'dtt': 1714568127000, 'dts': 1714568140006, 'spd': 0, 'ang': 1, 'alt': 554, 'chPrams': {'parm76': {'v': 0, 'cdt': 1712764217000}, 'output1': {'v': False, 'cdt': 1714562137000}, 'output2': {'v': False, 'cdt': 1714562137000}, 'ePwrV': {'v': 26.059, 'cdt': 1714568127000}, 'sat': {'v': 14, 'cdt': 1714568127000}, 'ai1': {'v': 5719, 'cdt': 1714568127000}, 'priority': {'v': 0, 'cdt': 1714566925000}, 'di2': {'v': 0, 'cdt': 1712764217000}, 'type': {'v': 6, 'cdt': 1713822160000}, 'di1': {'v': 0, 'cdt': 1714566256000}, 'temp1': {'v': 0, 'cdt': 1712941835000}, 'result': {'v': '5665723a30332e32372e31335f3033204750533a41584e5f352e312e392048773a464d42313230204d6f643a333320494d45493a33353035343435303830303133383820496e69743a323032342d342d333020343a313920557074696d653a313135303933204d41433a333838413231313642303041205350433a312830292041584c3a32204f42443a3020424c3a312e31302042543a34', 'cdt': 1714566073000}, 'protocol': {'v': 'FMB120', 'cdt': 1714566083000}, 'temp5': {'v': 30, 'cdt': 1712941835000}, 'parm29': {'v': 0, 'cdt': 1712764217000}, 'iPwrV': {'v': 4.066, 'cdt': 1714567225000}, 'event': {'v': 0, 'cdt': 1714566263000}, 'humidity86': {'v': 300, 'cdt': 1712941835000}}, 'prms': {'protocol': 'FMB120', 'priority': 0, 'sat': 14, 'event': 0, 'di1': 0, 'output1': 0, 'di2': 0, 'output2': 0, 'parm29': 0, 'ePwrV': 26.059, 'iPwrV': 4.066, 'ai1': 5719, 'temp5': 30, 'humidity86': 300, 'temp1': 0, 'parm76': 0}, 'devPrms': ['protocol', 'priority', 'sat', 'event', 'di1', 'output1', 'di2', 'output2', 'parm29', 'ePwrV', 'iPwrV', 'ai1', 'temp5', 'humidity86', 'temp1', 'parm76'], 'old_params': {'parm76': 0, 'output1': 0, 'output2': 0, 'ePwrV': 26.085, 'sat': 13, 'ai1': 5712, 'priority': 0, 'di2': 0, 'di1': 0, 'temp1': 0, 'protocol': 'teltonika', 'temp5': 30, 'parm29': 0, 'iPwrV': 4.066, 'event': 0, 'humidity86': 300}, 'vLoc': 1, 'vCon': 1, 'ip': '109.83.212.177', 'rl': 0, 'trl': 50682.9403, 'mdu': 0, 'tmdu': 3771935, 'eidl': 0, 'teidl': 4447205, 'fc': 0, 'tfc': 0.002976, 'acc': 0, 'accOn': 10267840, 'accOff': 42191424, 'sdu': 301, 'tsdu': 1871, 'lat': 24.48807, 'lng': 47.1430083}, 'counters': {'odometer_type': 'gps', 'odometer': 50682.9439, 'engine_hours_type': 'acc', 'engine_hours': 10267840, 'last_acc': 0}, 'is_wasl_connected': 'Connected', 'iconUrl': 'https://api.afaqy.sa/images/units/icons/icon.png', 'hasCCTV': False}
[2024-05-01T13:00:56.998+0000] {warnings.py:109} WARNING - /home/***/.local/lib/python3.8/site-packages/elasticsearch/_sync/client/__init__.py:399: SecurityWarning: Connecting to 'https://dbelk1.afaqy.local:9200' using TLS with verify_certs=False is insecure
  _transport = transport_class(

[2024-05-01T13:00:57.096+0000] {warnings.py:109} WARNING - /home/***/.local/lib/python3.8/site-packages/elasticsearch/_sync/client/__init__.py:399: SecurityWarning: Connecting to 'https://dbelk2.afaqy.local:9200' using TLS with verify_certs=False is insecure
  _transport = transport_class(

[2024-05-01T13:00:57.242+0000] {warnings.py:109} WARNING - /home/***/.local/lib/python3.8/site-packages/elasticsearch/_sync/client/__init__.py:399: SecurityWarning: Connecting to 'https://dbelk3.afaqy.local:9200' using TLS with verify_certs=False is insecure
  _transport = transport_class(

[2024-05-01T13:00:57.271+0000] {warnings.py:109} WARNING - /home/***/.local/lib/python3.8/site-packages/urllib3/connectionpool.py:1061: InsecureRequestWarning: Unverified HTTPS request is being made to host 'dbelk1.afaqy.local'. Adding certificate verification is strongly advised. See: https://urllib3.readthedocs.io/en/1.26.x/advanced-usage.html#ssl-warnings
  warnings.warn(

[2024-05-01T13:00:57.337+0000] {_transport.py:335} INFO - GET https://dbelk1.afaqy.local:9200/_cluster/health [status:200 duration:0.093s]
[2024-05-01T13:00:58.008+0000] {warnings.py:109} WARNING - /home/***/.local/lib/python3.8/site-packages/urllib3/connectionpool.py:1061: InsecureRequestWarning: Unverified HTTPS request is being made to host 'dbelk2.afaqy.local'. Adding certificate verification is strongly advised. See: https://urllib3.readthedocs.io/en/1.26.x/advanced-usage.html#ssl-warnings
  warnings.warn(

[2024-05-01T13:00:59.611+0000] {_transport.py:335} INFO - PUT https://dbelk2.afaqy.local:9200/units_statistics_***/_bulk [status:200 duration:1.623s]
[2024-05-01T13:01:00.094+0000] {python.py:202} INFO - Done. Returned value was: None
[2024-05-01T13:01:00.111+0000] {taskinstance.py:1149} INFO - Marking task as SUCCESS. dag_id=Units_statistics_DAG, task_id=ETL_job, map_index=6, execution_date=20240501T124000, start_date=20240501T130021, end_date=20240501T130100
[2024-05-01T13:01:00.195+0000] {local_task_job_runner.py:234} INFO - Task exited with return code 0
[2024-05-01T13:01:00.229+0000] {taskinstance.py:3312} INFO - 0 downstream tasks scheduled from follow-on schedule check
