[2024-05-12T16:20:22.935+0000] {local_task_job_runner.py:120} INFO - ::group::Pre task execution logs
[2024-05-12T16:20:23.166+0000] {taskinstance.py:2076} INFO - Dependencies all met for dep_context=non-requeueable deps ti=<TaskInstance: Units_statistics_DAG.ETL_job scheduled__2024-05-12T16:00:00+00:00 map_index=7 [queued]>
[2024-05-12T16:20:23.275+0000] {taskinstance.py:2076} INFO - Dependencies all met for dep_context=requeueable deps ti=<TaskInstance: Units_statistics_DAG.ETL_job scheduled__2024-05-12T16:00:00+00:00 map_index=7 [queued]>
[2024-05-12T16:20:23.277+0000] {taskinstance.py:2306} INFO - Starting attempt 1 of 4
[2024-05-12T16:20:23.381+0000] {taskinstance.py:2330} INFO - Executing <Mapped(_PythonDecoratedOperator): ETL_job> on 2024-05-12 16:00:00+00:00
[2024-05-12T16:20:23.420+0000] {warnings.py:110} WARNING - /home/***/.local/lib/python3.12/site-packages/***/task/task_runner/standard_task_runner.py:61: DeprecationWarning: This process (pid=1179) is multi-threaded, use of fork() may lead to deadlocks in the child.
  pid = os.fork()

[2024-05-12T16:20:23.438+0000] {standard_task_runner.py:63} INFO - Started process 1196 to run task
[2024-05-12T16:20:23.446+0000] {standard_task_runner.py:90} INFO - Running: ['***', 'tasks', 'run', 'Units_statistics_DAG', 'ETL_job', 'scheduled__2024-05-12T16:00:00+00:00', '--job-id', '54378', '--raw', '--subdir', 'DAGS_FOLDER/Units_dag.py', '--cfg-path', '/tmp/tmpsdtt0x1r', '--map-index', '7']
[2024-05-12T16:20:23.460+0000] {standard_task_runner.py:91} INFO - Job 54378: Subtask ETL_job
[2024-05-12T16:20:23.851+0000] {task_command.py:426} INFO - Running <TaskInstance: Units_statistics_DAG.ETL_job scheduled__2024-05-12T16:00:00+00:00 map_index=7 [running]> on host 7138d7e072c5
[2024-05-12T16:20:24.599+0000] {taskinstance.py:2648} INFO - Exporting env vars: AIRFLOW_CTX_DAG_OWNER='abeer-araby' AIRFLOW_CTX_DAG_ID='Units_statistics_DAG' AIRFLOW_CTX_TASK_ID='ETL_job' AIRFLOW_CTX_EXECUTION_DATE='2024-05-12T16:00:00+00:00' AIRFLOW_CTX_TRY_NUMBER='1' AIRFLOW_CTX_DAG_RUN_ID='scheduled__2024-05-12T16:00:00+00:00'
[2024-05-12T16:20:24.600+0000] {taskinstance.py:430} INFO - ::endgroup::
[2024-05-12T16:20:24.601+0000] {Units_dag.py:98} INFO - i: 70000, chunk: 10000
[2024-05-12T16:20:24.601+0000] {Units_dag.py:99} INFO - child token is::: eyJ0eXAiOiJKV1QiLCJhbGciOiJIUzI1NiJ9.eyJpc3MiOiJodHRwczovL2FwaS5hZmFxeS5zYS9hdXRoL2xvZ2luX2FzIiwiaWF0IjoxNzE1NTMwODA1LCJleHAiOjE3MTgxMjI4MDUsIm5iZiI6MTcxNTUzMDgwNSwianRpIjoiVjFuQXF5OGR6Wng1b0hLVyIsInN1YiI6IjVkNjNlNTFlMDNlZDUyOTJhNDJjMjRlNiIsInBydiI6IjI3MGVjZmM3ZWEzZWQ5MzdlYTg0OTM2MmEzYTUwOTEwYzZkOGNlNGYiLCJsb2dpbl9hc19pZCI6IjY1N2YwYWQ3M2Y5NzcyOTVjZjA1NTc2YSJ9.ufZP8JM_GBy7yvtAkslwKiKcrWp9PmY_HdfNgMIPkU4
[2024-05-12T16:21:12.984+0000] {Units_dag.py:103} INFO - {'_id': '63a7f8d6f56c4f4e3b7444c3', 'icon': 'icons/icon.png', 'driver_id': '', 'tailer_id': '', 'profile': {'vehicle_type': None, 'measurement_type': 'count', 'max_capacity': 0, 'vin': None, 'plate_number': '1819 - V D R', 'start_operation': None, 'contract_milage': None, 'opening_milage': None, 'model': None, 'fuel_type': '91', 'year': 0, 'seats': 2}, 'device_password': '***', 'device_type': 'gps', 'gateway': False, 'name': 'VDR1819', 'operation_code': '', 'device_gateway': '', 'business_types': {'waste': False, 'transportation': True, 'water': False}, 'imei': '866907059042696', 'sim_number': '+966830030948682', 'sim_serial': '21294045078', 'device_serial': '1125902373', 'device': 'teltonika', 'user_id': '5edc9ce503ed5252d3361fa8', 'created_by': '5e6655bf03ed52e1ab79d301', 'updated_at': '2024-04-18 11:18:59', 'created_at': '2022-12-25 10:16:38', 'custom_fields': [], 'creator': 'amr.ahmed', 'company': '', 'owner': 'hertz-admin', 'last_update': {'dtt': 1715530730000, 'dts': 1715530734253, 'spd': 0, 'ang': 111, 'alt': 703, 'chPrams': {'output1': {'v': False, 'cdt': 1715488092000}, 'output2': {'v': False, 'cdt': 1715488092000}, 'ePwrV': {'v': 12.656, 'cdt': 1715530730000}, 'sat': {'v': 17, 'cdt': 1715527724000}, 'ai1': {'v': 130, 'cdt': 1714371581000}, 'priority': {'v': 0, 'cdt': 1715501878000}, 'di2': {'v': 0, 'cdt': 1713556800000}, 'type': {'v': 6, 'cdt': 1713768244000}, 'di1': {'v': 0, 'cdt': 1715501578000}, 'result': {'v': '5665723a30332e32372e31335f3033204750533a41584e5f352e312e392048773a464d43313330204d6f643a3420494d45493a38363639303730353930343236393620496e69743a323032342d312d33312032313a353120557074696d653a38373334363736204d41433a303031453432353541333837205350433a312830292041584c3a32204f42443a3020424c3a312e31302042543a34', 'cdt': 1715487791000}, 'protocol': {'v': 'FMC130', 'cdt': 1715488092000}, 'parm237': {'v': 2, 'cdt': 1714581881000}, 'parm6': {'v': 130, 'cdt': 1714715083000}, 'iPwrV': {'v': 4.022, 'cdt': 1715530429000}, 'event': {'v': 0, 'cdt': 1715501878000}}, 'prms': {'protocol': 'FMC130', 'priority': 0, 'sat': 17, 'event': 0, 'di1': 0, 'output1': 0, 'di2': 0, 'output2': 0, 'parm237': 2, 'ePwrV': 12.656, 'iPwrV': 4.022, 'ai1': 130, 'parm6': 130}, 'devPrms': ['protocol', 'priority', 'sat', 'event', 'di1', 'output1', 'di2', 'output2', 'parm237', 'ePwrV', 'iPwrV', 'ai1', 'parm6'], 'old_params': {'output1': 0, 'output2': 0, 'ePwrV': 12.655000000000001, 'sat': 17, 'ai1': 130, 'priority': 0, 'di2': 0, 'di1': 0, 'protocol': 'teltonika', 'parm237': 2, 'parm6': 130, 'iPwrV': 4.022, 'event': 0}, 'vLoc': 1, 'vCon': 1, 'ip': '51.39.42.68', 'rl': 0, 'trl': 18276.7151, 'mdu': 0, 'tmdu': 1199845, 'eidl': 0, 'teidl': 787986, 'fc': 0, 'tfc': 1.992216, 'acc': 0, 'accOn': 1998574, 'accOff': 41622386, 'sdu': 301, 'tsdu': 29152, 'lat': 24.7785483, 'lng': 46.7107966}, 'counters': {'odometer_type': 'gps', 'odometer': 18276.6534, 'engine_hours_type': 'acc', 'engine_hours': 1998574, 'last_acc': 0}, 'is_wasl_connected': 'Not Connected', 'iconUrl': 'https://api.afaqy.sa/images/units/icons/icon.png', 'hasCCTV': False}
[2024-05-12T16:21:15.037+0000] {warnings.py:110} WARNING - /home/***/.local/lib/python3.12/site-packages/elasticsearch/_sync/client/__init__.py:399: SecurityWarning: Connecting to 'https://dbelk3.afaqy.local:9200' using TLS with verify_certs=False is insecure
  _transport = transport_class(

[2024-05-12T16:21:15.089+0000] {warnings.py:110} WARNING - /home/***/.local/lib/python3.12/site-packages/elasticsearch/_sync/client/__init__.py:399: SecurityWarning: Connecting to 'https://dbelk2.afaqy.local:9200' using TLS with verify_certs=False is insecure
  _transport = transport_class(

[2024-05-12T16:21:15.207+0000] {warnings.py:110} WARNING - /home/***/.local/lib/python3.12/site-packages/elasticsearch/_sync/client/__init__.py:399: SecurityWarning: Connecting to 'https://dbelk1.afaqy.local:9200' using TLS with verify_certs=False is insecure
  _transport = transport_class(

[2024-05-12T16:21:15.235+0000] {warnings.py:110} WARNING - /home/***/.local/lib/python3.12/site-packages/urllib3/connectionpool.py:1103: InsecureRequestWarning: Unverified HTTPS request is being made to host 'dbelk3.afaqy.local'. Adding certificate verification is strongly advised. See: https://urllib3.readthedocs.io/en/latest/advanced-usage.html#tls-warnings
  warnings.warn(

[2024-05-12T16:21:15.315+0000] {_transport.py:349} INFO - GET https://dbelk3.afaqy.local:9200/_cluster/health [status:200 duration:0.099s]
[2024-05-12T16:21:17.905+0000] {warnings.py:110} WARNING - /home/***/.local/lib/python3.12/site-packages/urllib3/connectionpool.py:1103: InsecureRequestWarning: Unverified HTTPS request is being made to host 'dbelk2.afaqy.local'. Adding certificate verification is strongly advised. See: https://urllib3.readthedocs.io/en/latest/advanced-usage.html#tls-warnings
  warnings.warn(

[2024-05-12T16:21:19.625+0000] {_transport.py:349} INFO - PUT https://dbelk2.afaqy.local:9200/units_statistics_***/_bulk [status:200 duration:1.748s]
[2024-05-12T16:21:20.067+0000] {python.py:237} INFO - Done. Returned value was: None
[2024-05-12T16:21:20.068+0000] {taskinstance.py:441} INFO - ::group::Post task execution logs
[2024-05-12T16:21:20.084+0000] {taskinstance.py:1206} INFO - Marking task as SUCCESS. dag_id=Units_statistics_DAG, task_id=ETL_job, run_id=scheduled__2024-05-12T16:00:00+00:00, map_index=7, execution_date=20240512T160000, start_date=20240512T162023, end_date=20240512T162120
[2024-05-12T16:21:20.173+0000] {local_task_job_runner.py:240} INFO - Task exited with return code 0
[2024-05-12T16:21:20.214+0000] {taskinstance.py:3498} INFO - 0 downstream tasks scheduled from follow-on schedule check
[2024-05-12T16:21:20.216+0000] {local_task_job_runner.py:222} INFO - ::endgroup::
