[2024-05-11T22:00:09.518+0000] {taskinstance.py:1979} INFO - Dependencies all met for dep_context=non-requeueable deps ti=<TaskInstance: Units_statistics_DAG.split_data_into_chunks scheduled__2024-05-11T21:40:00+00:00 [queued]>
[2024-05-11T22:00:09.541+0000] {taskinstance.py:1979} INFO - Dependencies all met for dep_context=requeueable deps ti=<TaskInstance: Units_statistics_DAG.split_data_into_chunks scheduled__2024-05-11T21:40:00+00:00 [queued]>
[2024-05-11T22:00:09.542+0000] {taskinstance.py:2193} INFO - Starting attempt 1 of 4
[2024-05-11T22:00:09.568+0000] {taskinstance.py:2217} INFO - Executing <Task(_PythonDecoratedOperator): split_data_into_chunks> on 2024-05-11 21:40:00+00:00
[2024-05-11T22:00:09.580+0000] {standard_task_runner.py:60} INFO - Started process 950790 to run task
[2024-05-11T22:00:09.596+0000] {standard_task_runner.py:87} INFO - Running: ['***', 'tasks', 'run', 'Units_statistics_DAG', 'split_data_into_chunks', 'scheduled__2024-05-11T21:40:00+00:00', '--job-id', '51742', '--raw', '--subdir', 'DAGS_FOLDER/Units_dag.py', '--cfg-path', '/tmp/tmpokqk6tow']
[2024-05-11T22:00:09.599+0000] {standard_task_runner.py:88} INFO - Job 51742: Subtask split_data_into_chunks
[2024-05-11T22:00:09.724+0000] {task_command.py:423} INFO - Running <TaskInstance: Units_statistics_DAG.split_data_into_chunks scheduled__2024-05-11T21:40:00+00:00 [running]> on host a09da322e808
[2024-05-11T22:00:09.919+0000] {taskinstance.py:2513} INFO - Exporting env vars: AIRFLOW_CTX_DAG_OWNER='abeer-araby' AIRFLOW_CTX_DAG_ID='Units_statistics_DAG' AIRFLOW_CTX_TASK_ID='split_data_into_chunks' AIRFLOW_CTX_EXECUTION_DATE='2024-05-11T21:40:00+00:00' AIRFLOW_CTX_TRY_NUMBER='1' AIRFLOW_CTX_DAG_RUN_ID='scheduled__2024-05-11T21:40:00+00:00'
[2024-05-11T22:00:09.952+0000] {Units_dag.py:77} INFO - type of length is :<class 'int'>
[2024-05-11T22:00:10.479+0000] {warnings.py:109} WARNING - /home/***/.local/lib/python3.8/site-packages/elasticsearch/_sync/client/__init__.py:399: SecurityWarning: Connecting to 'https://dbelk3.afaqy.local:9200' using TLS with verify_certs=False is insecure
  _transport = transport_class(

[2024-05-11T22:00:10.526+0000] {warnings.py:109} WARNING - /home/***/.local/lib/python3.8/site-packages/elasticsearch/_sync/client/__init__.py:399: SecurityWarning: Connecting to 'https://dbelk1.afaqy.local:9200' using TLS with verify_certs=False is insecure
  _transport = transport_class(

[2024-05-11T22:00:10.580+0000] {warnings.py:109} WARNING - /home/***/.local/lib/python3.8/site-packages/elasticsearch/_sync/client/__init__.py:399: SecurityWarning: Connecting to 'https://dbelk2.afaqy.local:9200' using TLS with verify_certs=False is insecure
  _transport = transport_class(

[2024-05-11T22:00:10.604+0000] {warnings.py:109} WARNING - /home/***/.local/lib/python3.8/site-packages/urllib3/connectionpool.py:1061: InsecureRequestWarning: Unverified HTTPS request is being made to host 'dbelk3.afaqy.local'. Adding certificate verification is strongly advised. See: https://urllib3.readthedocs.io/en/1.26.x/advanced-usage.html#ssl-warnings
  warnings.warn(

[2024-05-11T22:00:10.688+0000] {_transport.py:335} INFO - GET https://dbelk3.afaqy.local:9200/_cluster/health [status:200 duration:0.105s]
[2024-05-11T22:00:10.721+0000] {warnings.py:109} WARNING - /home/***/.local/lib/python3.8/site-packages/urllib3/connectionpool.py:1061: InsecureRequestWarning: Unverified HTTPS request is being made to host 'dbelk1.afaqy.local'. Adding certificate verification is strongly advised. See: https://urllib3.readthedocs.io/en/1.26.x/advanced-usage.html#ssl-warnings
  warnings.warn(

[2024-05-11T22:00:10.727+0000] {_transport.py:335} INFO - HEAD https://dbelk1.afaqy.local:9200/units_statistics_*** [status:200 duration:0.037s]
[2024-05-11T22:00:10.750+0000] {warnings.py:109} WARNING - /home/***/.local/lib/python3.8/site-packages/urllib3/connectionpool.py:1061: InsecureRequestWarning: Unverified HTTPS request is being made to host 'dbelk2.afaqy.local'. Adding certificate verification is strongly advised. See: https://urllib3.readthedocs.io/en/1.26.x/advanced-usage.html#ssl-warnings
  warnings.warn(

[2024-05-11T22:00:10.753+0000] {_transport.py:335} INFO - DELETE https://dbelk2.afaqy.local:9200/units_statistics_*** [status:429 duration:0.025s]
[2024-05-11T22:00:10.754+0000] {_node_pool.py:249} WARNING - Node <Urllib3HttpNode(https://dbelk2.afaqy.local:9200)> has failed for 1 times in a row, putting on 1 second timeout
[2024-05-11T22:00:10.754+0000] {_transport.py:427} WARNING - Retrying request after non-successful status 429 (attempt 0 of 3)
[2024-05-11T22:00:10.755+0000] {warnings.py:109} WARNING - /home/***/.local/lib/python3.8/site-packages/urllib3/connectionpool.py:1061: InsecureRequestWarning: Unverified HTTPS request is being made to host 'dbelk1.afaqy.local'. Adding certificate verification is strongly advised. See: https://urllib3.readthedocs.io/en/1.26.x/advanced-usage.html#ssl-warnings
  warnings.warn(

[2024-05-11T22:00:12.918+0000] {_transport.py:335} INFO - DELETE https://dbelk1.afaqy.local:9200/units_statistics_*** [status:200 duration:2.164s]
[2024-05-11T22:00:12.920+0000] {Units_dag.py:90} INFO - i = 0, chunk = 10000
[2024-05-11T22:00:12.920+0000] {Units_dag.py:90} INFO - i = 10000, chunk = 10000
[2024-05-11T22:00:12.920+0000] {Units_dag.py:90} INFO - i = 20000, chunk = 10000
[2024-05-11T22:00:12.921+0000] {Units_dag.py:90} INFO - i = 30000, chunk = 10000
[2024-05-11T22:00:12.921+0000] {Units_dag.py:90} INFO - i = 40000, chunk = 10000
[2024-05-11T22:00:12.921+0000] {Units_dag.py:90} INFO - i = 50000, chunk = 10000
[2024-05-11T22:00:12.921+0000] {Units_dag.py:90} INFO - i = 60000, chunk = 10000
[2024-05-11T22:00:12.921+0000] {Units_dag.py:90} INFO - i = 70000, chunk = 10000
[2024-05-11T22:00:12.922+0000] {Units_dag.py:90} INFO - i = 80000, chunk = 10000
[2024-05-11T22:00:12.922+0000] {Units_dag.py:90} INFO - i = 90000, chunk = 10000
[2024-05-11T22:00:12.922+0000] {Units_dag.py:90} INFO - i = 100000, chunk = 10000
[2024-05-11T22:00:12.922+0000] {Units_dag.py:90} INFO - i = 110000, chunk = 10000
[2024-05-11T22:00:12.923+0000] {Units_dag.py:90} INFO - i = 120000, chunk = 10000
[2024-05-11T22:00:12.923+0000] {Units_dag.py:90} INFO - i = 130000, chunk = 10000
[2024-05-11T22:00:12.923+0000] {Units_dag.py:90} INFO - i = 140000, chunk = 10000
[2024-05-11T22:00:12.924+0000] {Units_dag.py:90} INFO - i = 150000, chunk = 10000
[2024-05-11T22:00:12.924+0000] {Units_dag.py:90} INFO - i = 160000, chunk = 10000
[2024-05-11T22:00:12.924+0000] {Units_dag.py:90} INFO - i = 170000, chunk = 1855
[2024-05-11T22:00:12.956+0000] {python.py:202} INFO - Done. Returned value was: [[0, 10000], [10000, 10000], [20000, 10000], [30000, 10000], [40000, 10000], [50000, 10000], [60000, 10000], [70000, 10000], [80000, 10000], [90000, 10000], [100000, 10000], [110000, 10000], [120000, 10000], [130000, 10000], [140000, 10000], [150000, 10000], [160000, 10000], [170000, 1855]]
[2024-05-11T22:00:13.010+0000] {taskinstance.py:1149} INFO - Marking task as SUCCESS. dag_id=Units_statistics_DAG, task_id=split_data_into_chunks, execution_date=20240511T214000, start_date=20240511T220009, end_date=20240511T220013
[2024-05-11T22:00:13.062+0000] {local_task_job_runner.py:234} INFO - Task exited with return code 0
[2024-05-11T22:00:13.295+0000] {taskinstance.py:3312} INFO - 18 downstream tasks scheduled from follow-on schedule check
