[2024-04-27T03:00:21.975+0000] {taskinstance.py:1979} INFO - Dependencies all met for dep_context=non-requeueable deps ti=<TaskInstance: Units_statistics_DAG.ETL_job scheduled__2024-04-27T02:40:00+00:00 map_index=6 [queued]>
[2024-04-27T03:00:22.053+0000] {taskinstance.py:1979} INFO - Dependencies all met for dep_context=requeueable deps ti=<TaskInstance: Units_statistics_DAG.ETL_job scheduled__2024-04-27T02:40:00+00:00 map_index=6 [queued]>
[2024-04-27T03:00:22.054+0000] {taskinstance.py:2193} INFO - Starting attempt 1 of 4
[2024-04-27T03:00:22.210+0000] {taskinstance.py:2217} INFO - Executing <Mapped(_PythonDecoratedOperator): ETL_job> on 2024-04-27 02:40:00+00:00
[2024-04-27T03:00:22.262+0000] {standard_task_runner.py:60} INFO - Started process 581062 to run task
[2024-04-27T03:00:22.273+0000] {standard_task_runner.py:87} INFO - Running: ['***', 'tasks', 'run', 'Units_statistics_DAG', 'ETL_job', 'scheduled__2024-04-27T02:40:00+00:00', '--job-id', '18965', '--raw', '--subdir', 'DAGS_FOLDER/Units_dag.py', '--cfg-path', '/tmp/tmptfoye6_g', '--map-index', '6']
[2024-04-27T03:00:22.283+0000] {standard_task_runner.py:88} INFO - Job 18965: Subtask ETL_job
[2024-04-27T03:00:22.495+0000] {task_command.py:423} INFO - Running <TaskInstance: Units_statistics_DAG.ETL_job scheduled__2024-04-27T02:40:00+00:00 map_index=6 [running]> on host a09da322e808
[2024-04-27T03:00:23.115+0000] {taskinstance.py:2513} INFO - Exporting env vars: AIRFLOW_CTX_DAG_OWNER='abeer-araby' AIRFLOW_CTX_DAG_ID='Units_statistics_DAG' AIRFLOW_CTX_TASK_ID='ETL_job' AIRFLOW_CTX_EXECUTION_DATE='2024-04-27T02:40:00+00:00' AIRFLOW_CTX_TRY_NUMBER='1' AIRFLOW_CTX_DAG_RUN_ID='scheduled__2024-04-27T02:40:00+00:00'
[2024-04-27T03:00:23.116+0000] {Units_dag.py:99} INFO - i: 60000, chunk: 10000
[2024-04-27T03:00:23.117+0000] {Units_dag.py:100} INFO - child token is::: eyJ0eXAiOiJKV1QiLCJhbGciOiJIUzI1NiJ9.eyJpc3MiOiJodHRwczovL2FwaS5hZmFxeS5zYS9hdXRoL2xvZ2luX2FzIiwiaWF0IjoxNzE0MTg2ODA0LCJleHAiOjE3MTY3Nzg4MDQsIm5iZiI6MTcxNDE4NjgwNCwianRpIjoiQ0dlT2VSRXZKcDJSZnZybiIsInN1YiI6IjVkNjNlNTFlMDNlZDUyOTJhNDJjMjRlNiIsInBydiI6IjI3MGVjZmM3ZWEzZWQ5MzdlYTg0OTM2MmEzYTUwOTEwYzZkOGNlNGYiLCJsb2dpbl9hc19pZCI6IjY1N2YwYWQ3M2Y5NzcyOTVjZjA1NTc2YSJ9.PhWcLq2ZfP_5hWwqJjF9nT9OBmedM2XPSv_uKkLVwLc
[2024-04-27T03:00:50.932+0000] {Units_dag.py:104} INFO - {'_id': '632884ab9db0e62dc147ab6f', 'icon': 'icons/D_7.png', 'driver_id': '', 'tailer_id': '', 'profile': {'vehicle_type': None, 'measurement_type': 'count', 'max_capacity': 0, 'vin': None, 'plate_number': None, 'start_operation': None, 'contract_milage': None, 'opening_milage': None, 'model': None, 'fuel_type': '91', 'year': 0, 'seats': 2}, 'device_password': '***', 'device_type': 'gps', 'gateway': False, 'name': '1990 A S A', 'operation_code': '', 'device_gateway': '', 'business_types': {'waste': False, 'transportation': True, 'water': False}, 'imei': '357073292778608', 'sim_number': '+966830031790988', 'sim_serial': '21296726661', 'device_serial': '1118904949', 'device': 'teltonika', 'user_id': '62b9a1516bfc54699f7b0c2b', 'created_by': '5e6655bf03ed52e1ab79d301', 'updated_at': '2024-04-18 11:18:59', 'created_at': '2022-09-19 18:03:07', 'shipment_info': None, 'skip_sim_information': False, 'custom_fields': [], 'creator': 'amr.ahmed', 'company': '', 'owner': 'saudi-hemaya-admin', 'last_update': {'dtt': 1714186257000, 'dts': 1714186259463, 'spd': 0, 'ang': 58, 'alt': 77, 'chPrams': {'Speed': {'v': 0, 'cdt': 1714183694000}, 'output1': {'v': False, 'cdt': 1714162608000}, 'output2': {'v': False, 'cdt': 1714162608000}, 'ePwrV': {'v': 25.89, 'cdt': 1714186257000}, 'parm24': {'v': 0, 'cdt': 1714183694000}, 'sat': {'v': 18, 'cdt': 1714185956000}, 'ai1': {'v': 8559, 'cdt': 1714186257000}, 'priority': {'v': 0, 'cdt': 1713687445000}, 'di2': {'v': 0, 'cdt': 1713687746000}, 'type': {'v': 6, 'cdt': 1714010071000}, 'di1': {'v': 0, 'cdt': 1714183694000}, 'result': {'v': '5665723a30332e32372e31335f3033204750533a41584e5f352e312e392048773a464d42313230204d6f643a333320494d45493a33353730373332393237373836303820496e69743a323032342d342d323620313a333520557074696d653a3930373832204d41433a303031453432373443414630205350433a312830292041584c3a32204f42443a3020424c3a312e31302042543a34', 'cdt': 1714186257000}, 'parm6': {'v': 217, 'cdt': 1713687746000}, 'protocol': {'v': 'teltonika', 'cdt': 1714185926000}, 'iPwrV': {'v': 4.0040000000000004, 'cdt': 1714186257000}, 'event': {'v': 0, 'cdt': 1713687445000}}, 'prms': {'protocol': 'teltonika', 'priority': 0, 'sat': 18, 'event': 0, 'di1': 0, 'output1': 0, 'di2': 0, 'output2': 0, 'ePwrV': 25.89, 'Speed': 0, 'parm24': 0, 'iPwrV': 4.0040000000000004, 'ai1': 8559, 'parm6': 217, 'type': 6, 'result': '5665723a30332e32372e31335f3033204750533a41584e5f352e312e392048773a464d42313230204d6f643a333320494d45493a33353730373332393237373836303820496e69743a323032342d342d323620313a333520557074696d653a3930373832204d41433a303031453432373443414630205350433a312830292041584c3a32204f42443a3020424c3a312e31302042543a34'}, 'devPrms': ['protocol', 'priority', 'sat', 'event', 'di1', 'output1', 'di2', 'output2', 'ePwrV', 'Speed', 'parm24', 'iPwrV', 'ai1', 'parm6', 'type', 'result'], 'old_params': {'protocol': 'teltonika', 'priority': 0, 'sat': 18, 'event': 0, 'di1': 0, 'output1': 0, 'di2': 0, 'output2': 0, 'ePwrV': 25.89, 'Speed': 0, 'parm24': 0, 'iPwrV': 4.0040000000000004, 'ai1': 8559, 'parm6': 217}, 'vLoc': 1, 'vCon': 1, 'ip': '51.39.21.191', 'rl': 0, 'trl': 242157.2089, 'mdu': 0, 'tmdu': 13522935, 'eidl': 0, 'teidl': 14292294, 'fc': 0, 'tfc': 52.94088, 'acc': 0, 'accOn': 48849606932, 'accOff': 44837027319, 'sdu': 0, 'tsdu': 2563, 'lat': 23.8029466, 'lng': 38.6335083}, 'counters': {'odometer_type': 'gps', 'odometer': 242156.676, 'engine_hours_type': 'acc', 'engine_hours': 48849606932, 'last_acc': 0}, 'is_wasl_connected': 'Connected', 'iconUrl': 'https://api.afaqy.sa/images/units/icons/D_7.png', 'hasCCTV': False}
[2024-04-27T03:00:51.865+0000] {warnings.py:109} WARNING - /home/***/.local/lib/python3.8/site-packages/elasticsearch/_sync/client/__init__.py:399: SecurityWarning: Connecting to 'https://dbelk1.afaqy.local:9200' using TLS with verify_certs=False is insecure
  _transport = transport_class(

[2024-04-27T03:00:51.939+0000] {warnings.py:109} WARNING - /home/***/.local/lib/python3.8/site-packages/elasticsearch/_sync/client/__init__.py:399: SecurityWarning: Connecting to 'https://dbelk3.afaqy.local:9200' using TLS with verify_certs=False is insecure
  _transport = transport_class(

[2024-04-27T03:00:52.003+0000] {warnings.py:109} WARNING - /home/***/.local/lib/python3.8/site-packages/elasticsearch/_sync/client/__init__.py:399: SecurityWarning: Connecting to 'https://dbelk2.afaqy.local:9200' using TLS with verify_certs=False is insecure
  _transport = transport_class(

[2024-04-27T03:00:52.060+0000] {warnings.py:109} WARNING - /home/***/.local/lib/python3.8/site-packages/urllib3/connectionpool.py:1061: InsecureRequestWarning: Unverified HTTPS request is being made to host 'dbelk1.afaqy.local'. Adding certificate verification is strongly advised. See: https://urllib3.readthedocs.io/en/1.26.x/advanced-usage.html#ssl-warnings
  warnings.warn(

[2024-04-27T03:00:52.156+0000] {_transport.py:335} INFO - GET https://dbelk1.afaqy.local:9200/_cluster/health [status:200 duration:0.146s]
[2024-04-27T03:00:53.233+0000] {warnings.py:109} WARNING - /home/***/.local/lib/python3.8/site-packages/urllib3/connectionpool.py:1061: InsecureRequestWarning: Unverified HTTPS request is being made to host 'dbelk3.afaqy.local'. Adding certificate verification is strongly advised. See: https://urllib3.readthedocs.io/en/1.26.x/advanced-usage.html#ssl-warnings
  warnings.warn(

[2024-04-27T03:00:54.602+0000] {_transport.py:335} INFO - PUT https://dbelk3.afaqy.local:9200/units_statistics_***/_bulk [status:200 duration:1.402s]
[2024-04-27T03:00:54.957+0000] {python.py:202} INFO - Done. Returned value was: None
[2024-04-27T03:00:54.990+0000] {taskinstance.py:1149} INFO - Marking task as SUCCESS. dag_id=Units_statistics_DAG, task_id=ETL_job, map_index=6, execution_date=20240427T024000, start_date=20240427T030021, end_date=20240427T030054
[2024-04-27T03:00:55.088+0000] {local_task_job_runner.py:234} INFO - Task exited with return code 0
[2024-04-27T03:00:55.133+0000] {taskinstance.py:3312} INFO - 0 downstream tasks scheduled from follow-on schedule check
