[2024-05-06T07:00:17.000+0000] {taskinstance.py:1979} INFO - Dependencies all met for dep_context=non-requeueable deps ti=<TaskInstance: Units_statistics_DAG.ETL_job scheduled__2024-05-06T06:40:00+00:00 map_index=6 [queued]>
[2024-05-06T07:00:17.127+0000] {taskinstance.py:1979} INFO - Dependencies all met for dep_context=requeueable deps ti=<TaskInstance: Units_statistics_DAG.ETL_job scheduled__2024-05-06T06:40:00+00:00 map_index=6 [queued]>
[2024-05-06T07:00:17.128+0000] {taskinstance.py:2193} INFO - Starting attempt 1 of 4
[2024-05-06T07:00:17.327+0000] {taskinstance.py:2217} INFO - Executing <Mapped(_PythonDecoratedOperator): ETL_job> on 2024-05-06 06:40:00+00:00
[2024-05-06T07:00:17.393+0000] {standard_task_runner.py:60} INFO - Started process 801891 to run task
[2024-05-06T07:00:17.449+0000] {standard_task_runner.py:87} INFO - Running: ['***', 'tasks', 'run', 'Units_statistics_DAG', 'ETL_job', 'scheduled__2024-05-06T06:40:00+00:00', '--job-id', '35041', '--raw', '--subdir', 'DAGS_FOLDER/Units_dag.py', '--cfg-path', '/tmp/tmptbws996v', '--map-index', '6']
[2024-05-06T07:00:17.464+0000] {standard_task_runner.py:88} INFO - Job 35041: Subtask ETL_job
[2024-05-06T07:00:17.920+0000] {task_command.py:423} INFO - Running <TaskInstance: Units_statistics_DAG.ETL_job scheduled__2024-05-06T06:40:00+00:00 map_index=6 [running]> on host a09da322e808
[2024-05-06T07:00:18.311+0000] {taskinstance.py:2513} INFO - Exporting env vars: AIRFLOW_CTX_DAG_OWNER='abeer-araby' AIRFLOW_CTX_DAG_ID='Units_statistics_DAG' AIRFLOW_CTX_TASK_ID='ETL_job' AIRFLOW_CTX_EXECUTION_DATE='2024-05-06T06:40:00+00:00' AIRFLOW_CTX_TRY_NUMBER='1' AIRFLOW_CTX_DAG_RUN_ID='scheduled__2024-05-06T06:40:00+00:00'
[2024-05-06T07:00:18.313+0000] {Units_dag.py:99} INFO - i: 60000, chunk: 10000
[2024-05-06T07:00:18.313+0000] {Units_dag.py:100} INFO - child token is::: eyJ0eXAiOiJKV1QiLCJhbGciOiJIUzI1NiJ9.eyJpc3MiOiJodHRwczovL2FwaS5hZmFxeS5zYS9hdXRoL2xvZ2luX2FzIiwiaWF0IjoxNzE0OTc4ODA1LCJleHAiOjE3MTc1NzA4MDUsIm5iZiI6MTcxNDk3ODgwNSwianRpIjoiRjhoaElTenlTaGZGNFRwTyIsInN1YiI6IjVkNjNlNTFlMDNlZDUyOTJhNDJjMjRlNiIsInBydiI6IjI3MGVjZmM3ZWEzZWQ5MzdlYTg0OTM2MmEzYTUwOTEwYzZkOGNlNGYiLCJsb2dpbl9hc19pZCI6IjY1N2YwYWQ3M2Y5NzcyOTVjZjA1NTc2YSJ9.ikOLT1IXSZg47_bRBYhktUBt8siJAsI3x87iAGoDEkU
[2024-05-06T07:00:40.006+0000] {Units_dag.py:104} INFO - {'_id': '6329e8d1a6f87f6340786332', 'icon': 'icons/icon.png', 'driver_id': '', 'tailer_id': '', 'profile': {'vehicle_type': '', 'measurement_type': 'count', 'max_capacity': 0, 'vin': '', 'plate_number': '', 'start_operation': '', 'contract_milage': '', 'opening_milage': '', 'model': '', 'fuel_type': '91', 'year': 0, 'seats': 2}, 'device_password': '***', 'device_type': 'gps', 'gateway': False, 'name': 'أ ر ه 9191', 'operation_code': '', 'imei': '350544501089851', 'sim_number': '+966821111337216', 'sim_serial': '8996609821111337216', 'device_serial': '1125798764', 'device': 'teltonika', 'created_by': '5e539d8203ed52f71d634478', 'user_id': '5e539d8203ed52f71d634478', 'updated_at': '2024-04-18 11:18:59', 'created_at': '2022-09-20 19:22:41', 'business_types': {'waste': False, 'transportation': True, 'water': False, 'hajj': False}, 'device_gateway': '', 'custom_fields': [], 'creator': 'aemallamar', 'company': '', 'owner': 'aemallamar', 'last_update': {'dtt': 1714978815000, 'dts': 1714978817966, 'spd': 28, 'ang': 307, 'alt': 13, 'chPrams': {'parm76': {'v': 0, 'cdt': 1712947602000}, 'output1': {'v': False, 'cdt': 1714869531000}, 'output2': {'v': False, 'cdt': 1714869531000}, 'ePwrV': {'v': 28.513, 'cdt': 1714978815000}, 'sat': {'v': 14, 'cdt': 1714978808000}, 'ai1': {'v': 3736, 'cdt': 1714978815000}, 'priority': {'v': 0, 'cdt': 1714963413000}, 'di2': {'v': 0, 'cdt': 1712947602000}, 'type': {'v': 6, 'cdt': 1713988992000}, 'di1': {'v': 1, 'cdt': 1714962808000}, 'temp1': {'v': 0, 'cdt': 1712941893000}, 'result': {'v': '5665723a30332e32372e31335f3033204750533a41584e5f352e312e392048773a464d42313230204d6f643a333320494d45493a33353035343435303130383938353120496e69743a323032342d332d352031323a3520557074696d653a35333133343836204d41433a333838413231313735433332205350433a312830292041584c3a32204f42443a3020424c3a312e31302042543a34', 'cdt': 1714963395000}, 'protocol': {'v': 'FMB120', 'cdt': 1714963360000}, 'temp5': {'v': 30, 'cdt': 1712941893000}, 'parm29': {'v': 0, 'cdt': 1712947602000}, 'iPwrV': {'v': 3.924, 'cdt': 1714978815000}, 'event': {'v': 0, 'cdt': 1714962814000}, 'humidity86': {'v': 300, 'cdt': 1712941893000}}, 'prms': {'protocol': 'FMB120', 'priority': 0, 'sat': 14, 'event': 0, 'di1': 1, 'output1': 0, 'di2': 0, 'output2': 0, 'parm29': 0, 'ePwrV': 28.513, 'iPwrV': 3.924, 'ai1': 3736, 'temp5': 30, 'humidity86': 300, 'temp1': 0, 'parm76': 0}, 'devPrms': ['protocol', 'priority', 'sat', 'event', 'di1', 'output1', 'di2', 'output2', 'parm29', 'ePwrV', 'iPwrV', 'ai1', 'temp5', 'humidity86', 'temp1', 'parm76', 'type', 'result'], 'old_params': {'protocol': 'FMB120', 'priority': 0, 'sat': 14, 'event': 0, 'di1': 1, 'output1': 0, 'di2': 0, 'output2': 0, 'parm29': 0, 'ePwrV': 28.507, 'iPwrV': 3.9210000000000003, 'ai1': 3756, 'temp5': 30, 'humidity86': 300, 'temp1': 0, 'parm76': 0}, 'vLoc': 1, 'vCon': 1, 'ip': '37.216.59.198', 'rl': 0.1141, 'trl': 209782.5391, 'mdu': 7, 'tmdu': 11672381, 'eidl': 0, 'teidl': 19185522, 'fc': 0.013692, 'tfc': 23.600916, 'acc': 1, 'accOn': 31943155, 'accOff': 610056636, 'sdu': 0, 'tsdu': 0, 'lat': 26.2292999, 'lng': 49.9986433}, 'counters': {'odometer_type': 'gps', 'odometer': 209782.5391, 'engine_hours_type': 'acc', 'engine_hours': 31943155, 'last_acc': 1}, 'is_wasl_connected': 'Connected', 'iconUrl': 'https://api.afaqy.sa/images/units/icons/icon.png', 'hasCCTV': False}
[2024-05-06T07:00:40.553+0000] {warnings.py:109} WARNING - /home/***/.local/lib/python3.8/site-packages/elasticsearch/_sync/client/__init__.py:399: SecurityWarning: Connecting to 'https://dbelk1.afaqy.local:9200' using TLS with verify_certs=False is insecure
  _transport = transport_class(

[2024-05-06T07:00:40.602+0000] {warnings.py:109} WARNING - /home/***/.local/lib/python3.8/site-packages/elasticsearch/_sync/client/__init__.py:399: SecurityWarning: Connecting to 'https://dbelk3.afaqy.local:9200' using TLS with verify_certs=False is insecure
  _transport = transport_class(

[2024-05-06T07:00:40.657+0000] {warnings.py:109} WARNING - /home/***/.local/lib/python3.8/site-packages/elasticsearch/_sync/client/__init__.py:399: SecurityWarning: Connecting to 'https://dbelk2.afaqy.local:9200' using TLS with verify_certs=False is insecure
  _transport = transport_class(

[2024-05-06T07:00:40.688+0000] {warnings.py:109} WARNING - /home/***/.local/lib/python3.8/site-packages/urllib3/connectionpool.py:1061: InsecureRequestWarning: Unverified HTTPS request is being made to host 'dbelk1.afaqy.local'. Adding certificate verification is strongly advised. See: https://urllib3.readthedocs.io/en/1.26.x/advanced-usage.html#ssl-warnings
  warnings.warn(

[2024-05-06T07:00:40.771+0000] {_transport.py:335} INFO - GET https://dbelk1.afaqy.local:9200/_cluster/health [status:200 duration:0.112s]
[2024-05-06T07:00:41.234+0000] {warnings.py:109} WARNING - /home/***/.local/lib/python3.8/site-packages/urllib3/connectionpool.py:1061: InsecureRequestWarning: Unverified HTTPS request is being made to host 'dbelk3.afaqy.local'. Adding certificate verification is strongly advised. See: https://urllib3.readthedocs.io/en/1.26.x/advanced-usage.html#ssl-warnings
  warnings.warn(

[2024-05-06T07:00:43.520+0000] {_transport.py:335} INFO - PUT https://dbelk3.afaqy.local:9200/units_statistics_***/_bulk [status:200 duration:2.305s]
[2024-05-06T07:00:43.902+0000] {python.py:202} INFO - Done. Returned value was: None
[2024-05-06T07:00:43.918+0000] {taskinstance.py:1149} INFO - Marking task as SUCCESS. dag_id=Units_statistics_DAG, task_id=ETL_job, map_index=6, execution_date=20240506T064000, start_date=20240506T070017, end_date=20240506T070043
[2024-05-06T07:00:43.958+0000] {local_task_job_runner.py:234} INFO - Task exited with return code 0
[2024-05-06T07:00:43.992+0000] {taskinstance.py:3312} INFO - 0 downstream tasks scheduled from follow-on schedule check
