[2024-04-23T06:00:17.721+0000] {taskinstance.py:1979} INFO - Dependencies all met for dep_context=non-requeueable deps ti=<TaskInstance: Units_statistics_DAG.ETL_job scheduled__2024-04-23T05:40:00+00:00 map_index=12 [queued]>
[2024-04-23T06:00:17.810+0000] {taskinstance.py:1979} INFO - Dependencies all met for dep_context=requeueable deps ti=<TaskInstance: Units_statistics_DAG.ETL_job scheduled__2024-04-23T05:40:00+00:00 map_index=12 [queued]>
[2024-04-23T06:00:17.823+0000] {taskinstance.py:2193} INFO - Starting attempt 1 of 4
[2024-04-23T06:00:17.936+0000] {taskinstance.py:2217} INFO - Executing <Mapped(_PythonDecoratedOperator): ETL_job> on 2024-04-23 05:40:00+00:00
[2024-04-23T06:00:17.977+0000] {standard_task_runner.py:60} INFO - Started process 488675 to run task
[2024-04-23T06:00:18.028+0000] {standard_task_runner.py:87} INFO - Running: ['***', 'tasks', 'run', 'Units_statistics_DAG', 'ETL_job', 'scheduled__2024-04-23T05:40:00+00:00', '--job-id', '12591', '--raw', '--subdir', 'DAGS_FOLDER/Units_dag.py', '--cfg-path', '/tmp/tmpd2gkts3j', '--map-index', '12']
[2024-04-23T06:00:18.030+0000] {standard_task_runner.py:88} INFO - Job 12591: Subtask ETL_job
[2024-04-23T06:00:18.316+0000] {task_command.py:423} INFO - Running <TaskInstance: Units_statistics_DAG.ETL_job scheduled__2024-04-23T05:40:00+00:00 map_index=12 [running]> on host a09da322e808
[2024-04-23T06:00:18.674+0000] {taskinstance.py:2513} INFO - Exporting env vars: AIRFLOW_CTX_DAG_OWNER='abeer-araby' AIRFLOW_CTX_DAG_ID='Units_statistics_DAG' AIRFLOW_CTX_TASK_ID='ETL_job' AIRFLOW_CTX_EXECUTION_DATE='2024-04-23T05:40:00+00:00' AIRFLOW_CTX_TRY_NUMBER='1' AIRFLOW_CTX_DAG_RUN_ID='scheduled__2024-04-23T05:40:00+00:00'
[2024-04-23T06:00:18.675+0000] {Units_dag.py:99} INFO - i: 120000, chunk: 10000
[2024-04-23T06:00:18.675+0000] {Units_dag.py:100} INFO - child token is::: eyJ0eXAiOiJKV1QiLCJhbGciOiJIUzI1NiJ9.eyJpc3MiOiJodHRwczovL2FwaS5hZmFxeS5zYS9hdXRoL2xvZ2luX2FzIiwiaWF0IjoxNzEzODUyMDA0LCJleHAiOjE3MTY0NDQwMDQsIm5iZiI6MTcxMzg1MjAwNCwianRpIjoiN3NmaTZ5ZDdmRlJtbmQzOCIsInN1YiI6IjVkNjNlNTFlMDNlZDUyOTJhNDJjMjRlNiIsInBydiI6IjI3MGVjZmM3ZWEzZWQ5MzdlYTg0OTM2MmEzYTUwOTEwYzZkOGNlNGYiLCJsb2dpbl9hc19pZCI6IjY1N2YwYWQ3M2Y5NzcyOTVjZjA1NTc2YSJ9.bGirBKGRMHwQaoSaCn_i2boTa63iBVN1a4rarRa-JGo
[2024-04-23T06:00:48.013+0000] {Units_dag.py:104} INFO - {'_id': '64c79ae0551d3d60ea0ce7e5', 'icon': 'icons/icon.png', 'driver_id': '', 'tailer_id': '', 'profile': {'measurement_type': 'count', 'fuel_type': '91', 'year': 0, 'seats': 2, 'max_capacity': None, 'model': None, 'plate_number': None, 'vehicle_type': None, 'vin': None}, 'device_password': '***', 'device_type': 'gps', 'gateway': False, 'business_types': {'waste': False, 'transportation': True, 'water': False}, 'name': 'V0002805 ( 5695BSB )', 'operation_code': 'V0002805', 'device_gateway': None, 'skip_sim_information': False, 'imei': '350544501959111', 'sim_number': '+966830031813919', 'sim_serial': '421296740389', 'device_serial': '1125790940', 'device': 'teltonika', 'user_id': '62bb1bb23c00423a7b3af933', 'created_by': '5e6655bf03ed52e1ab79d301', 'updated_at': '2024-04-18 11:18:59', 'created_at': '2023-07-31 14:28:32', 'shipment_info': None, 'custom_fields': [], 'creator': 'amr.ahmed', 'company': '', 'owner': 'al-yamama-trading-admin', 'last_update': {'dtt': 1713851993000, 'dts': 1713851997899, 'spd': 0, 'ang': 350, 'alt': 375, 'chPrams': {'Speed': {'v': 0, 'cdt': 1713851332000}, 'output1': {'v': False, 'cdt': 1712229033000}, 'output2': {'v': False, 'cdt': 1712229033000}, 'ePwrV': {'v': 13.075000000000001, 'cdt': 1713851993000}, 'parm24': {'v': 0, 'cdt': 1713851332000}, 'sat': {'v': 14, 'cdt': 1713851993000}, 'ai1': {'v': 86, 'cdt': 1713850987000}, 'priority': {'v': 0, 'cdt': 1711855399000}, 'di2': {'v': 0, 'cdt': 1711871667000}, 'type': {'v': 6, 'cdt': 1713707537000}, 'di1': {'v': 0, 'cdt': 1713851297000}, 'result': {'v': '5665723a30332e32372e31335f3033204750533a41584e5f352e312e392048773a464d42313230204d6f643a333320494d45493a33353035343435303139353931313120496e69743a323032342d342d332031323a313020557074696d653a31353538363534204d41433a333838413231313143454646205350433a312830292041584c3a32204f42443a3020424c3a312e31302042543a34', 'cdt': 1713707537000}, 'protocol': {'v': 'FMB120', 'cdt': 1713707837000}, 'parm6': {'v': 86, 'cdt': 1712292133000}, 'iPwrV': {'v': 4.024, 'cdt': 1713851332000}, 'event': {'v': 0, 'cdt': 1711854826000}}, 'prms': {'protocol': 'FMB120', 'priority': 0, 'sat': 14, 'event': 0, 'di1': 0, 'output1': 0, 'di2': 0, 'output2': 0, 'ePwrV': 13.075000000000001, 'Speed': 0, 'parm24': 0, 'iPwrV': 4.024, 'ai1': 86, 'parm6': 86}, 'devPrms': ['protocol', 'priority', 'sat', 'event', 'di1', 'output1', 'di2', 'output2', 'ePwrV', 'Speed', 'parm24', 'iPwrV', 'ai1', 'parm6'], 'old_params': {'Speed': 0, 'output1': 0, 'output2': 0, 'ePwrV': 13.116, 'parm24': 0, 'sat': 15, 'ai1': 86, 'priority': 0, 'di2': 0, 'di1': 0, 'protocol': 'teltonika', 'parm6': 86, 'iPwrV': 4.024, 'event': 0}, 'vLoc': 1, 'vCon': 1, 'ip': '51.39.50.53', 'rl': 0, 'trl': 44658.3333, 'mdu': 0, 'tmdu': 4334241, 'eidl': 0, 'teidl': 2848601, 'fc': 0, 'tfc': 92.33754, 'acc': 0, 'accOn': 625580446, 'accOff': 15337465, 'sdu': 300, 'tsdu': 661, 'lat': 21.451945, 'lng': 39.9614666}, 'counters': {'odometer_type': 'gps', 'odometer': 44658.0738, 'engine_hours_type': 'acc', 'engine_hours': 625580446, 'last_acc': 0}, 'is_wasl_connected': 'Not Connected', 'iconUrl': 'https://api.afaqy.sa/images/units/icons/icon.png', 'hasCCTV': False}
[2024-04-23T06:00:48.567+0000] {warnings.py:109} WARNING - /home/***/.local/lib/python3.8/site-packages/elasticsearch/_sync/client/__init__.py:399: SecurityWarning: Connecting to 'https://dbelk3.afaqy.local:9200' using TLS with verify_certs=False is insecure
  _transport = transport_class(

[2024-04-23T06:00:48.610+0000] {warnings.py:109} WARNING - /home/***/.local/lib/python3.8/site-packages/elasticsearch/_sync/client/__init__.py:399: SecurityWarning: Connecting to 'https://dbelk2.afaqy.local:9200' using TLS with verify_certs=False is insecure
  _transport = transport_class(

[2024-04-23T06:00:48.654+0000] {warnings.py:109} WARNING - /home/***/.local/lib/python3.8/site-packages/elasticsearch/_sync/client/__init__.py:399: SecurityWarning: Connecting to 'https://dbelk1.afaqy.local:9200' using TLS with verify_certs=False is insecure
  _transport = transport_class(

[2024-04-23T06:00:48.677+0000] {warnings.py:109} WARNING - /home/***/.local/lib/python3.8/site-packages/urllib3/connectionpool.py:1061: InsecureRequestWarning: Unverified HTTPS request is being made to host 'dbelk3.afaqy.local'. Adding certificate verification is strongly advised. See: https://urllib3.readthedocs.io/en/1.26.x/advanced-usage.html#ssl-warnings
  warnings.warn(

[2024-04-23T06:00:48.756+0000] {_transport.py:335} INFO - GET https://dbelk3.afaqy.local:9200/_cluster/health [status:200 duration:0.096s]
[2024-04-23T06:00:49.135+0000] {warnings.py:109} WARNING - /home/***/.local/lib/python3.8/site-packages/urllib3/connectionpool.py:1061: InsecureRequestWarning: Unverified HTTPS request is being made to host 'dbelk2.afaqy.local'. Adding certificate verification is strongly advised. See: https://urllib3.readthedocs.io/en/1.26.x/advanced-usage.html#ssl-warnings
  warnings.warn(

[2024-04-23T06:00:50.895+0000] {_transport.py:335} INFO - PUT https://dbelk2.afaqy.local:9200/units_statistics_***/_bulk [status:200 duration:1.779s]
[2024-04-23T06:00:51.114+0000] {python.py:202} INFO - Done. Returned value was: None
[2024-04-23T06:00:51.127+0000] {taskinstance.py:1149} INFO - Marking task as SUCCESS. dag_id=Units_statistics_DAG, task_id=ETL_job, map_index=12, execution_date=20240423T054000, start_date=20240423T060017, end_date=20240423T060051
[2024-04-23T06:00:51.220+0000] {local_task_job_runner.py:234} INFO - Task exited with return code 0
[2024-04-23T06:00:51.244+0000] {taskinstance.py:3312} INFO - 0 downstream tasks scheduled from follow-on schedule check
