[2024-05-11T08:40:46.748+0000] {taskinstance.py:1979} INFO - Dependencies all met for dep_context=non-requeueable deps ti=<TaskInstance: Units_statistics_DAG.ETL_job scheduled__2024-05-11T08:20:00+00:00 map_index=16 [queued]>
[2024-05-11T08:40:46.783+0000] {taskinstance.py:1979} INFO - Dependencies all met for dep_context=requeueable deps ti=<TaskInstance: Units_statistics_DAG.ETL_job scheduled__2024-05-11T08:20:00+00:00 map_index=16 [queued]>
[2024-05-11T08:40:46.784+0000] {taskinstance.py:2193} INFO - Starting attempt 1 of 4
[2024-05-11T08:40:46.838+0000] {taskinstance.py:2217} INFO - Executing <Mapped(_PythonDecoratedOperator): ETL_job> on 2024-05-11 08:20:00+00:00
[2024-05-11T08:40:46.872+0000] {standard_task_runner.py:87} INFO - Running: ['***', 'tasks', 'run', 'Units_statistics_DAG', 'ETL_job', 'scheduled__2024-05-11T08:20:00+00:00', '--job-id', '50134', '--raw', '--subdir', 'DAGS_FOLDER/Units_dag.py', '--cfg-path', '/tmp/tmpz7_4xybg', '--map-index', '16']
[2024-05-11T08:40:46.874+0000] {standard_task_runner.py:88} INFO - Job 50134: Subtask ETL_job
[2024-05-11T08:40:46.844+0000] {standard_task_runner.py:60} INFO - Started process 936184 to run task
[2024-05-11T08:40:47.106+0000] {task_command.py:423} INFO - Running <TaskInstance: Units_statistics_DAG.ETL_job scheduled__2024-05-11T08:20:00+00:00 map_index=16 [running]> on host a09da322e808
[2024-05-11T08:40:47.495+0000] {taskinstance.py:2513} INFO - Exporting env vars: AIRFLOW_CTX_DAG_OWNER='abeer-araby' AIRFLOW_CTX_DAG_ID='Units_statistics_DAG' AIRFLOW_CTX_TASK_ID='ETL_job' AIRFLOW_CTX_EXECUTION_DATE='2024-05-11T08:20:00+00:00' AIRFLOW_CTX_TRY_NUMBER='1' AIRFLOW_CTX_DAG_RUN_ID='scheduled__2024-05-11T08:20:00+00:00'
[2024-05-11T08:40:47.496+0000] {Units_dag.py:98} INFO - i: 160000, chunk: 10000
[2024-05-11T08:40:47.496+0000] {Units_dag.py:99} INFO - child token is::: eyJ0eXAiOiJKV1QiLCJhbGciOiJIUzI1NiJ9.eyJpc3MiOiJodHRwczovL2FwaS5hZmFxeS5zYS9hdXRoL2xvZ2luX2FzIiwiaWF0IjoxNzE1NDE2ODAzLCJleHAiOjE3MTgwMDg4MDMsIm5iZiI6MTcxNTQxNjgwMywianRpIjoicTBjSTdFd0M4SkF0cDlZOCIsInN1YiI6IjVkNjNlNTFlMDNlZDUyOTJhNDJjMjRlNiIsInBydiI6IjI3MGVjZmM3ZWEzZWQ5MzdlYTg0OTM2MmEzYTUwOTEwYzZkOGNlNGYiLCJsb2dpbl9hc19pZCI6IjY1N2YwYWQ3M2Y5NzcyOTVjZjA1NTc2YSJ9.DOVRW6qIpIvwFMQJj7ONZHLoa2aZDUhzldzlaHigNPI
[2024-05-11T08:41:05.192+0000] {Units_dag.py:103} INFO - {'_id': '65f03d4ecd683d55b808392c', 'icon': 'icons/icon.png', 'driver_id': '', 'tailer_id': '', 'profile': {'measurement_type': 'count', 'fuel_type': '91', 'year': 0, 'seats': 2}, 'shipment_info': {'product_category': '', 'truck_type': '', 'shipment_type': '', 'shipment_payment_type': '', 'transporter_type': '', 'operating_area': '', 'weight_kilograms_per_day': '', 'kms_per_day': '', 'opening_milage': '', 'shipment_trip_drive_hrs_day': '', 'expected_shipment_trip_day': '', 'car_pay_per_day': '', 'exceeding_temperature_limit_per_day': '', 'temperature_upper_limit': '', 'exceeding_humidity_limit_per_day': '', 'humidity_upper_limit': '', 'allowable_delay_drive_hrs_day': ''}, 'device_password': '***', 'device_type': 'gps', 'gateway': False, 'business_types': {'waste': False, 'transportation': True, 'water': False}, 'name': '1324UER', 'operation_code': None, 'device_gateway': None, 'skip_sim_information': False, 'imei': '866069061107742', 'sim_number': '+966830020698053', 'sim_serial': '8996609821112127621', 'device_serial': '1135688983', 'device': 'teltonika', 'user_id': '64a521fa2b89b242d0656ad2', 'created_by': '5e6655bf03ed52e1ab79d301', 'updated_at': '2024-04-18 11:18:59', 'created_at': '2024-03-12 14:32:30', 'custom_fields': [], 'creator': 'amr.ahmed', 'company': '', 'owner': 'chery-trading-admin', 'last_update': {'dtt': 1715416715000, 'dts': 1715416719920, 'spd': 0, 'ang': 207, 'alt': 742, 'chPrams': {'Speed': {'v': 0, 'cdt': 1715383926000}, 'output1': {'v': False, 'cdt': 1715322922000}, 'ePwrV': {'v': 12.633000000000001, 'cdt': 1715416414000}, 'parm24': {'v': 0, 'cdt': 1715383926000}, 'sat': {'v': 16, 'cdt': 1715416715000}, 'ai1': {'v': 86, 'cdt': 1715331337000}, 'type': {'v': 6, 'cdt': 1713192899000}, 'priority': {'v': 0, 'cdt': 1715331337000}, 'di1': {'v': 0, 'cdt': 1715383926000}, 'result': {'v': '5665723a30332e32382e30325f313937204750533a41584e5f352e312e392048773a464d43393230204d6f643a3120494d45493a38363630363930363131303737343220496e69743a323032342d332d313620373a353320557074696d653a34373339313632204d41433a333838413231393046383035205350433a312830292041584c3a31204f42443a3020424c3a312e31302042543a34', 'cdt': 1715322622000}, 'protocol': {'v': 'FMC920', 'cdt': 1715322922000}, 'iPwrV': {'v': 3.9490000000000003, 'cdt': 1715366664000}, 'event': {'v': 0, 'cdt': 1713168254000}}, 'prms': {'protocol': 'FMC920', 'priority': 0, 'sat': 16, 'event': 0, 'di1': 0, 'output1': 0, 'ePwrV': 12.633000000000001, 'Speed': 0, 'parm24': 0, 'iPwrV': 3.9490000000000003, 'ai1': 86}, 'devPrms': ['protocol', 'priority', 'sat', 'event', 'di1', 'output1', 'ePwrV', 'Speed', 'parm24', 'iPwrV', 'ai1'], 'old_params': {'Speed': 0, 'protocol': 'teltonika', 'output1': 0, 'ePwrV': 12.633000000000001, 'parm24': 0, 'sat': 15, 'ai1': 86, 'iPwrV': 3.9490000000000003, 'priority': 0, 'event': 0, 'di1': 0}, 'vLoc': 1, 'vCon': 1, 'ip': '37.216.104.28', 'rl': 0, 'trl': 283.9335, 'mdu': 0, 'tmdu': 29132, 'eidl': 0, 'teidl': 19671, 'fc': 0, 'tfc': 34.07202, 'acc': 0, 'accOn': 51329, 'accOff': 5215925, 'sdu': 301, 'tsdu': 32789, 'lat': 28.4226833, 'lng': 36.5727683}, 'counters': {'engine_hours': 51329, 'last_acc': 0, 'odometer': 283.9335, 'engine_hours_type': 'acc', 'odometer_type': 'gps'}, 'is_wasl_connected': 'Not Connected', 'iconUrl': 'https://api.afaqy.sa/images/units/icons/icon.png', 'hasCCTV': False}
[2024-05-11T08:41:05.713+0000] {warnings.py:109} WARNING - /home/***/.local/lib/python3.8/site-packages/elasticsearch/_sync/client/__init__.py:399: SecurityWarning: Connecting to 'https://dbelk2.afaqy.local:9200' using TLS with verify_certs=False is insecure
  _transport = transport_class(

[2024-05-11T08:41:05.757+0000] {warnings.py:109} WARNING - /home/***/.local/lib/python3.8/site-packages/elasticsearch/_sync/client/__init__.py:399: SecurityWarning: Connecting to 'https://dbelk3.afaqy.local:9200' using TLS with verify_certs=False is insecure
  _transport = transport_class(

[2024-05-11T08:41:05.801+0000] {warnings.py:109} WARNING - /home/***/.local/lib/python3.8/site-packages/elasticsearch/_sync/client/__init__.py:399: SecurityWarning: Connecting to 'https://dbelk1.afaqy.local:9200' using TLS with verify_certs=False is insecure
  _transport = transport_class(

[2024-05-11T08:41:05.827+0000] {warnings.py:109} WARNING - /home/***/.local/lib/python3.8/site-packages/urllib3/connectionpool.py:1061: InsecureRequestWarning: Unverified HTTPS request is being made to host 'dbelk2.afaqy.local'. Adding certificate verification is strongly advised. See: https://urllib3.readthedocs.io/en/1.26.x/advanced-usage.html#ssl-warnings
  warnings.warn(

[2024-05-11T08:41:05.930+0000] {_transport.py:335} INFO - GET https://dbelk2.afaqy.local:9200/_cluster/health [status:200 duration:0.126s]
[2024-05-11T08:41:07.223+0000] {warnings.py:109} WARNING - /home/***/.local/lib/python3.8/site-packages/urllib3/connectionpool.py:1061: InsecureRequestWarning: Unverified HTTPS request is being made to host 'dbelk3.afaqy.local'. Adding certificate verification is strongly advised. See: https://urllib3.readthedocs.io/en/1.26.x/advanced-usage.html#ssl-warnings
  warnings.warn(

[2024-05-11T08:41:08.889+0000] {_transport.py:335} INFO - PUT https://dbelk3.afaqy.local:9200/units_statistics_***/_bulk [status:200 duration:2.584s]
[2024-05-11T08:41:09.274+0000] {python.py:202} INFO - Done. Returned value was: None
[2024-05-11T08:41:09.300+0000] {taskinstance.py:1149} INFO - Marking task as SUCCESS. dag_id=Units_statistics_DAG, task_id=ETL_job, map_index=16, execution_date=20240511T082000, start_date=20240511T084046, end_date=20240511T084109
[2024-05-11T08:41:09.379+0000] {local_task_job_runner.py:234} INFO - Task exited with return code 0
[2024-05-11T08:41:09.413+0000] {taskinstance.py:3312} INFO - 0 downstream tasks scheduled from follow-on schedule check
