[2024-05-08T01:03:53.993+0000] {taskinstance.py:1979} INFO - Dependencies all met for dep_context=non-requeueable deps ti=<TaskInstance: Units_statistics_DAG.ETL_job scheduled__2024-05-08T00:40:00+00:00 map_index=4 [queued]>
[2024-05-08T01:03:54.006+0000] {taskinstance.py:1979} INFO - Dependencies all met for dep_context=requeueable deps ti=<TaskInstance: Units_statistics_DAG.ETL_job scheduled__2024-05-08T00:40:00+00:00 map_index=4 [queued]>
[2024-05-08T01:03:54.007+0000] {taskinstance.py:2193} INFO - Starting attempt 3 of 4
[2024-05-08T01:03:54.027+0000] {taskinstance.py:2217} INFO - Executing <Mapped(_PythonDecoratedOperator): ETL_job> on 2024-05-08 00:40:00+00:00
[2024-05-08T01:03:54.035+0000] {standard_task_runner.py:60} INFO - Started process 848636 to run task
[2024-05-08T01:03:54.041+0000] {standard_task_runner.py:87} INFO - Running: ['***', 'tasks', 'run', 'Units_statistics_DAG', 'ETL_job', 'scheduled__2024-05-08T00:40:00+00:00', '--job-id', '40400', '--raw', '--subdir', 'DAGS_FOLDER/Units_dag.py', '--cfg-path', '/tmp/tmppusqheab', '--map-index', '4']
[2024-05-08T01:03:54.043+0000] {standard_task_runner.py:88} INFO - Job 40400: Subtask ETL_job
[2024-05-08T01:03:54.137+0000] {task_command.py:423} INFO - Running <TaskInstance: Units_statistics_DAG.ETL_job scheduled__2024-05-08T00:40:00+00:00 map_index=4 [running]> on host a09da322e808
[2024-05-08T01:03:54.313+0000] {taskinstance.py:2513} INFO - Exporting env vars: AIRFLOW_CTX_DAG_OWNER='abeer-araby' AIRFLOW_CTX_DAG_ID='Units_statistics_DAG' AIRFLOW_CTX_TASK_ID='ETL_job' AIRFLOW_CTX_EXECUTION_DATE='2024-05-08T00:40:00+00:00' AIRFLOW_CTX_TRY_NUMBER='3' AIRFLOW_CTX_DAG_RUN_ID='scheduled__2024-05-08T00:40:00+00:00'
[2024-05-08T01:03:54.316+0000] {Units_dag.py:98} INFO - i: 40000, chunk: 10000
[2024-05-08T01:03:54.317+0000] {Units_dag.py:99} INFO - child token is::: eyJ0eXAiOiJKV1QiLCJhbGciOiJIUzI1NiJ9.eyJpc3MiOiJodHRwczovL2FwaS5hZmFxeS5zYS9hdXRoL2xvZ2luX2FzIiwiaWF0IjoxNzE1MTMwMDA0LCJleHAiOjE3MTc3MjIwMDQsIm5iZiI6MTcxNTEzMDAwNCwianRpIjoiTzZzMVlwSXo3aXY5RjY3YiIsInN1YiI6IjVkNjNlNTFlMDNlZDUyOTJhNDJjMjRlNiIsInBydiI6IjI3MGVjZmM3ZWEzZWQ5MzdlYTg0OTM2MmEzYTUwOTEwYzZkOGNlNGYiLCJsb2dpbl9hc19pZCI6IjY1N2YwYWQ3M2Y5NzcyOTVjZjA1NTc2YSJ9.nkrxdmLa-fzbltVRvtss3cEmeRDU67K6QG1wVVXW4yY
[2024-05-08T01:04:12.512+0000] {Units_dag.py:103} INFO - {'_id': '6266a32127401a2437437ae9', 'icon': 'uploads/1669883347ml.JPG', 'driver_id': '', 'tailer_id': '', 'profile': {'vehicle_type': '', 'measurement_type': 'count', 'max_capacity': 0, 'vin': '', 'plate_number': '', 'start_operation': '', 'contract_milage': '', 'opening_milage': '', 'model': '', 'fuel_type': '91', 'year': 0, 'seats': 2}, 'device_password': '***', 'device_type': 'gps', 'gateway': False, 'name': 'ML-401', 'operation_code': '', 'device_gateway': '', 'business_types': {'waste': False, 'transportation': True, 'water': False}, 'imei': '860665057489402', 'sim_number': '+966830028523094', 'sim_serial': '996609821110928161', 'device_serial': '860665057489402', 'device': 'bce', 'user_id': '617fb46c7380fd225066139e', 'created_by': '5e6655bf03ed52e1ab79d301', 'updated_at': '2024-04-18 11:18:59', 'created_at': '2022-04-25 16:33:21', 'custom_fields': [], 'creator': 'amr.ahmed', 'company': '', 'owner': 'mohamed-al-are-admin', 'last_update': {'dtt': 1714651876000, 'dts': 1714652005648, 'spd': 0, 'ang': 0, 'alt': 611, 'chPrams': {'ePwrV': {'v': 0, 'cdt': 1714638676000}, 'di16': {'v': 1, 'cdt': 1712742794000}, 'rssi1': {'v': 69, 'cdt': 1714650976000}, 'di15': {'v': 0, 'cdt': 1712920092000}, 'di14': {'v': 0, 'cdt': 1714638346000}, 'di13': {'v': 0, 'cdt': 1712742794000}, 'di12': {'v': 0, 'cdt': 1712742794000}, 'di11': {'v': 0, 'cdt': 1712742794000}, 'di10': {'v': 0, 'cdt': 1712742794000}, 'di2': {'v': 0, 'cdt': 1654761130000}, 'ai4': {'v': 216, 'cdt': 1714651876000}, 'di1': {'v': 0, 'cdt': 1714638346000}, 'di4': {'v': 0, 'cdt': 1654761130000}, 'di3': {'v': 0, 'cdt': 1712742794000}, 'di6': {'v': 0, 'cdt': 1712742794000}, 'di5': {'v': 0, 'cdt': 1714638346000}, 'lac1': {'v': 1232, 'cdt': 1713213168000}, 'di8': {'v': 0, 'cdt': 1714638676000}, 'protocol': {'v': 'bce', 'cdt': 1712742794000}, 'di7': {'v': 0, 'cdt': 1714638376000}, 'di9': {'v': 0, 'cdt': 1713546300000}, 'iPwrV': {'v': 3.493, 'cdt': 1714651876000}, 'ID': {'v': '1A8FA3B8', 'cdt': 1654761258000}, 'cid1': {'v': 46991, 'cdt': 1714595418000}, 'odometer': {'v': 0, 'cdt': 1714629616000}, 'spd': {'v': 0, 'cdt': 1713213486000}, 'sat': {'v': 12, 'cdt': 1714651576000}, 'ta': {'v': 0, 'cdt': 1712742794000}, 'hdop': {'v': 1, 'cdt': 1714603818000}, 'mcc1': {'v': 420, 'cdt': 1712332432000}, 'mnc1': {'v': 3, 'cdt': 1712332432000}}, 'prms': {'protocol': 'bce', 'spd': 0, 'sat': 12, 'hdop': 1, 'odometer': 0, 'di16': 1, 'di15': 0, 'di14': 0, 'di13': 0, 'di12': 0, 'di11': 0, 'di10': 0, 'di9': 0, 'di8': 0, 'di7': 0, 'di6': 0, 'di5': 0, 'di4': 0, 'di3': 0, 'di2': 0, 'di1': 0, 'ePwrV': 0, 'ai4': 216, 'iPwrV': 3.493, 'ta': 0, 'mcc1': 420, 'mnc1': 3, 'lac1': 1232, 'cid1': 46991, 'rssi1': 69, 'ID': '1A8FA3B8'}, 'devPrms': ['protocol', 'spd', 'sat', 'hdop', 'odometer', 'di16', 'di15', 'di14', 'di13', 'di12', 'di11', 'di10', 'di9', 'di8', 'di7', 'di6', 'di5', 'di4', 'di3', 'di2', 'di1', 'ePwrV', 'ai4', 'iPwrV', 'ta', 'mcc1', 'mnc1', 'lac1', 'cid1', 'rssi1', 'ID'], 'old_params': {'di16': 1, 'ePwrV': 0, 'di15': 0, 'rssi1': 69, 'di14': 0, 'di13': 0, 'di12': 0, 'di11': 0, 'di10': 0, 'di2': 0, 'di1': 0, 'ai4': 206, 'di4': 0, 'di3': 0, 'di6': 0, 'di5': 0, 'lac1': 1232, 'protocol': 'bce', 'di8': 0, 'di7': 0, 'di9': 0, 'iPwrV': 3.506, 'ID': '1A8FA3B8', 'cid1': 46991, 'odometer': 0, 'spd': 0, 'sat': 12, 'hdop': 1, 'ta': 0, 'mcc1': 420, 'mnc1': 3}, 'vLoc': 1, 'vCon': 1, 'ip': '109.83.80.16', 'rl': 0, 'trl': 121.2599, 'mdu': 0, 'tmdu': 7380, 'eidl': 0, 'teidl': 17511110, 'fc': 0, 'tfc': 0.000252, 'acc': 0, 'accOn': 20369168, 'accOff': 41178228, 'sdu': 300, 'tsdu': 13530, 'lat': 24.62340545654297, 'lng': 46.8182373046875}, 'counters': {'odometer_type': 'gps', 'odometer': 121.2601, 'engine_hours_type': 'acc', 'engine_hours': 20369168, 'last_acc': 0}, 'is_wasl_connected': 'Not Connected', 'iconUrl': 'https://api.afaqy.sa/images/units/uploads/1669883347ml.JPG', 'hasCCTV': False}
[2024-05-08T01:04:13.112+0000] {warnings.py:109} WARNING - /home/***/.local/lib/python3.8/site-packages/elasticsearch/_sync/client/__init__.py:399: SecurityWarning: Connecting to 'https://dbelk3.afaqy.local:9200' using TLS with verify_certs=False is insecure
  _transport = transport_class(

[2024-05-08T01:04:13.157+0000] {warnings.py:109} WARNING - /home/***/.local/lib/python3.8/site-packages/elasticsearch/_sync/client/__init__.py:399: SecurityWarning: Connecting to 'https://dbelk2.afaqy.local:9200' using TLS with verify_certs=False is insecure
  _transport = transport_class(

[2024-05-08T01:04:13.205+0000] {warnings.py:109} WARNING - /home/***/.local/lib/python3.8/site-packages/elasticsearch/_sync/client/__init__.py:399: SecurityWarning: Connecting to 'https://dbelk1.afaqy.local:9200' using TLS with verify_certs=False is insecure
  _transport = transport_class(

[2024-05-08T01:04:13.231+0000] {warnings.py:109} WARNING - /home/***/.local/lib/python3.8/site-packages/urllib3/connectionpool.py:1061: InsecureRequestWarning: Unverified HTTPS request is being made to host 'dbelk3.afaqy.local'. Adding certificate verification is strongly advised. See: https://urllib3.readthedocs.io/en/1.26.x/advanced-usage.html#ssl-warnings
  warnings.warn(

[2024-05-08T01:04:13.310+0000] {_transport.py:335} INFO - GET https://dbelk3.afaqy.local:9200/_cluster/health [status:200 duration:0.102s]
[2024-05-08T01:04:13.751+0000] {warnings.py:109} WARNING - /home/***/.local/lib/python3.8/site-packages/urllib3/connectionpool.py:1061: InsecureRequestWarning: Unverified HTTPS request is being made to host 'dbelk2.afaqy.local'. Adding certificate verification is strongly advised. See: https://urllib3.readthedocs.io/en/1.26.x/advanced-usage.html#ssl-warnings
  warnings.warn(

[2024-05-08T01:04:13.767+0000] {_transport.py:335} INFO - PUT https://dbelk2.afaqy.local:9200/units_statistics_***/_bulk [status:429 duration:0.050s]
[2024-05-08T01:04:13.768+0000] {_node_pool.py:249} WARNING - Node <Urllib3HttpNode(https://dbelk2.afaqy.local:9200)> has failed for 1 times in a row, putting on 1 second timeout
[2024-05-08T01:04:13.769+0000] {_transport.py:427} WARNING - Retrying request after non-successful status 429 (attempt 0 of 3)
[2024-05-08T01:04:13.770+0000] {warnings.py:109} WARNING - /home/***/.local/lib/python3.8/site-packages/urllib3/connectionpool.py:1061: InsecureRequestWarning: Unverified HTTPS request is being made to host 'dbelk3.afaqy.local'. Adding certificate verification is strongly advised. See: https://urllib3.readthedocs.io/en/1.26.x/advanced-usage.html#ssl-warnings
  warnings.warn(

[2024-05-08T01:04:13.786+0000] {_transport.py:335} INFO - PUT https://dbelk3.afaqy.local:9200/units_statistics_***/_bulk [status:429 duration:0.017s]
[2024-05-08T01:04:13.787+0000] {_node_pool.py:249} WARNING - Node <Urllib3HttpNode(https://dbelk3.afaqy.local:9200)> has failed for 1 times in a row, putting on 1 second timeout
[2024-05-08T01:04:13.787+0000] {_transport.py:427} WARNING - Retrying request after non-successful status 429 (attempt 1 of 3)
[2024-05-08T01:04:13.807+0000] {warnings.py:109} WARNING - /home/***/.local/lib/python3.8/site-packages/urllib3/connectionpool.py:1061: InsecureRequestWarning: Unverified HTTPS request is being made to host 'dbelk1.afaqy.local'. Adding certificate verification is strongly advised. See: https://urllib3.readthedocs.io/en/1.26.x/advanced-usage.html#ssl-warnings
  warnings.warn(

[2024-05-08T01:04:17.224+0000] {_transport.py:335} INFO - PUT https://dbelk1.afaqy.local:9200/units_statistics_***/_bulk [status:200 duration:3.437s]
[2024-05-08T01:04:17.497+0000] {taskinstance.py:2731} ERROR - Task failed with exception
Traceback (most recent call last):
  File "/home/airflow/.local/lib/python3.8/site-packages/airflow/models/taskinstance.py", line 444, in _execute_task
    result = _execute_callable(context=context, **execute_callable_kwargs)
  File "/home/airflow/.local/lib/python3.8/site-packages/airflow/models/taskinstance.py", line 414, in _execute_callable
    return execute_callable(context=context, **execute_callable_kwargs)
  File "/home/airflow/.local/lib/python3.8/site-packages/airflow/decorators/base.py", line 241, in execute
    return_value = super().execute(context)
  File "/home/airflow/.local/lib/python3.8/site-packages/airflow/operators/python.py", line 200, in execute
    return_value = self.execute_callable()
  File "/home/airflow/.local/lib/python3.8/site-packages/airflow/operators/python.py", line 217, in execute_callable
    return self.python_callable(*self.op_args, **self.op_kwargs)
  File "/opt/airflow/dags/Units_dag.py", line 111, in ETL_job
    Elk_client.elk_pushData(Globals.index_name,units_list_update)
  File "/opt/airflow/dags/units_statistics/elk_manager.py", line 69, in elk_pushData
    helpers.bulk(self.elk_client, docs_list, index=index_name, chunk_size=batch)
  File "/home/airflow/.local/lib/python3.8/site-packages/elasticsearch/helpers/actions.py", line 521, in bulk
    for ok, item in streaming_bulk(
  File "/home/airflow/.local/lib/python3.8/site-packages/elasticsearch/helpers/actions.py", line 436, in streaming_bulk
    for data, (ok, info) in zip(
  File "/home/airflow/.local/lib/python3.8/site-packages/elasticsearch/helpers/actions.py", line 355, in _process_bulk_chunk
    yield from gen
  File "/home/airflow/.local/lib/python3.8/site-packages/elasticsearch/helpers/actions.py", line 274, in _process_bulk_chunk_success
    raise BulkIndexError(f"{len(errors)} document(s) failed to index.", errors)
elasticsearch.helpers.BulkIndexError: 1207 document(s) failed to index.
[2024-05-08T01:04:17.515+0000] {taskinstance.py:1149} INFO - Marking task as UP_FOR_RETRY. dag_id=Units_statistics_DAG, task_id=ETL_job, map_index=4, execution_date=20240508T004000, start_date=20240508T010353, end_date=20240508T010417
[2024-05-08T01:04:17.539+0000] {standard_task_runner.py:107} ERROR - Failed to execute job 40400 for task ETL_job (1207 document(s) failed to index.; 848636)
[2024-05-08T01:04:17.610+0000] {local_task_job_runner.py:234} INFO - Task exited with return code 1
[2024-05-08T01:04:17.643+0000] {taskinstance.py:3312} INFO - 0 downstream tasks scheduled from follow-on schedule check
