[2024-05-11T11:24:58.913+0000] {taskinstance.py:1979} INFO - Dependencies all met for dep_context=non-requeueable deps ti=<TaskInstance: Units_statistics_DAG.ETL_job scheduled__2024-05-11T11:00:00+00:00 map_index=15 [queued]>
[2024-05-11T11:24:58.924+0000] {taskinstance.py:1979} INFO - Dependencies all met for dep_context=requeueable deps ti=<TaskInstance: Units_statistics_DAG.ETL_job scheduled__2024-05-11T11:00:00+00:00 map_index=15 [queued]>
[2024-05-11T11:24:58.925+0000] {taskinstance.py:2193} INFO - Starting attempt 4 of 4
[2024-05-11T11:24:58.940+0000] {taskinstance.py:2217} INFO - Executing <Mapped(_PythonDecoratedOperator): ETL_job> on 2024-05-11 11:00:00+00:00
[2024-05-11T11:24:58.947+0000] {standard_task_runner.py:60} INFO - Started process 939157 to run task
[2024-05-11T11:24:58.959+0000] {standard_task_runner.py:87} INFO - Running: ['***', 'tasks', 'run', 'Units_statistics_DAG', 'ETL_job', 'scheduled__2024-05-11T11:00:00+00:00', '--job-id', '50442', '--raw', '--subdir', 'DAGS_FOLDER/Units_dag.py', '--cfg-path', '/tmp/tmpd__ei_sw', '--map-index', '15']
[2024-05-11T11:24:58.961+0000] {standard_task_runner.py:88} INFO - Job 50442: Subtask ETL_job
[2024-05-11T11:24:59.037+0000] {task_command.py:423} INFO - Running <TaskInstance: Units_statistics_DAG.ETL_job scheduled__2024-05-11T11:00:00+00:00 map_index=15 [running]> on host a09da322e808
[2024-05-11T11:24:59.176+0000] {taskinstance.py:2513} INFO - Exporting env vars: AIRFLOW_CTX_DAG_OWNER='abeer-araby' AIRFLOW_CTX_DAG_ID='Units_statistics_DAG' AIRFLOW_CTX_TASK_ID='ETL_job' AIRFLOW_CTX_EXECUTION_DATE='2024-05-11T11:00:00+00:00' AIRFLOW_CTX_TRY_NUMBER='4' AIRFLOW_CTX_DAG_RUN_ID='scheduled__2024-05-11T11:00:00+00:00'
[2024-05-11T11:24:59.177+0000] {Units_dag.py:98} INFO - i: 150000, chunk: 10000
[2024-05-11T11:24:59.177+0000] {Units_dag.py:99} INFO - child token is::: eyJ0eXAiOiJKV1QiLCJhbGciOiJIUzI1NiJ9.eyJpc3MiOiJodHRwczovL2FwaS5hZmFxeS5zYS9hdXRoL2xvZ2luX2FzIiwiaWF0IjoxNzE1NDI2NDA0LCJleHAiOjE3MTgwMTg0MDQsIm5iZiI6MTcxNTQyNjQwNCwianRpIjoiT1ZIWjBUb0E1eHFaSVZUeSIsInN1YiI6IjVkNjNlNTFlMDNlZDUyOTJhNDJjMjRlNiIsInBydiI6IjI3MGVjZmM3ZWEzZWQ5MzdlYTg0OTM2MmEzYTUwOTEwYzZkOGNlNGYiLCJsb2dpbl9hc19pZCI6IjY1N2YwYWQ3M2Y5NzcyOTVjZjA1NTc2YSJ9.NPoX5iGOYyWKmhtAUAoGHAsFBBguADAt_ZZjFA8xKl4
[2024-05-11T11:25:20.070+0000] {Units_dag.py:103} INFO - {'_id': '659bf84c38217738e80b626e', 'icon': 'icons/P_6.png', 'driver_id': '65f00a1d2e473e134e015c44', 'tailer_id': '', 'profile': {'vehicle_type': '', 'measurement_type': 'count', 'max_capacity': 0, 'vin': '', 'plate_number': '', 'start_operation': '', 'contract_milage': '', 'opening_milage': '', 'model': '', 'fuel_type': '91', 'year': 0, 'seats': 2}, 'shipment_info': {'product_category': None, 'truck_type': None, 'shipment_type': None, 'shipment_payment_type': None, 'transporter_type': None, 'operating_area': None, 'weight_kilograms_per_day': None, 'kms_per_day': None, 'shipment_trip_drive_hrs_day': None, 'allowable_delay_drive_hrs_day': None, 'expected_shipment_trip_day': None, 'car_pay_per_day': None, 'exceeding_temperature_limit_per_day': None, 'temperature_upper_limit': None, 'exceeding_humidity_limit_per_day': None, 'humidity_upper_limit': None}, 'device_password': '***', 'device_type': 'gps', 'gateway': False, 'business_types': {'waste': False, 'transportation': True, 'water': False}, 'name': '8712-AB', 'operation_code': '', 'device_gateway': '', 'skip_sim_information': False, 'imei': '866069062253768', 'sim_number': '+966830020785737', 'sim_serial': '8996609821112134904', 'device_serial': '1135897192', 'device': 'teltonika', 'user_id': '6091328e957cbc0b114bb433', 'created_by': '5e6655bf03ed52e1ab79d301', 'updated_at': '2024-04-18 11:18:59', 'created_at': '2024-01-08 16:27:40', 'custom_fields': [], 'creator': 'amr.ahmed', 'company': '', 'owner': 'skip-logistics-admin', 'last_update': {'dtt': 1715426658000, 'dts': 1715426662354, 'spd': 0, 'ang': 0, 'alt': 0, 'chPrams': {'Speed': {'v': 0, 'cdt': 1715290991000}, 'output1': {'v': False, 'cdt': 1715422451000}, 'ePwrV': {'v': 12.482000000000001, 'cdt': 1715426658000}, 'parm24': {'v': 0, 'cdt': 1715290991000}, 'sat': {'v': 0, 'cdt': 1715291489000}, 'ai1': {'v': 0, 'cdt': 1713952905000}, 'priority': {'v': 0, 'cdt': 1713952905000}, 'type': {'v': 6, 'cdt': 1715374560000}, 'di1': {'v': 0, 'cdt': 1715278063000}, 'result': {'v': '5665723a30332e32382e30325f313937204750533a41584e5f352e312e392048773a464d43393230204d6f643a3120494d45493a38363630363930363232353337363820496e69743a323032342d352d362032303a353720557074696d653a333933303032204d41433a333838413231393236353631205350433a312830292041584c3a31204f42443a3020424c3a312e31302042543a34', 'cdt': 1715422151000}, 'protocol': {'v': 'FMC920', 'cdt': 1715422451000}, 'iPwrV': {'v': 4.081, 'cdt': 1715408627000}, 'event': {'v': 0, 'cdt': 1713952905000}}, 'prms': {'protocol': 'FMC920', 'priority': 0, 'sat': 0, 'event': 0, 'di1': 0, 'output1': 0, 'ePwrV': 12.482000000000001, 'Speed': 0, 'parm24': 0, 'iPwrV': 4.081, 'ai1': 0}, 'devPrms': ['protocol', 'priority', 'sat', 'event', 'di1', 'output1', 'ePwrV', 'Speed', 'parm24', 'iPwrV', 'ai1'], 'old_params': {'Speed': 0, 'protocol': 'teltonika', 'output1': 0, 'ePwrV': 12.477, 'parm24': 0, 'sat': 0, 'ai1': 0, 'iPwrV': 4.081, 'priority': 0, 'event': 0, 'di1': 0}, 'vLoc': 1, 'vCon': 0, 'ip': '37.216.29.15', 'rl': 0, 'trl': 2456.7928, 'mdu': 0, 'tmdu': 316910, 'eidl': 0, 'teidl': 137900, 'fc': 0, 'tfc': 268.43265, 'acc': 0, 'accOn': 822445, 'accOff': 10818121, 'sdu': 300, 'tsdu': 135667, 'lat': 24.6009066, 'lng': 46.7211416}, 'counters': {'engine_hours': 822445, 'last_acc': 0, 'odometer': 2455.9889, 'engine_hours_type': 'acc', 'odometer_type': 'gps'}, 'is_wasl_connected': 'Not Connected', 'iconUrl': 'https://api.afaqy.sa/images/units/icons/P_6.png', 'hasCCTV': False}
[2024-05-11T11:25:20.574+0000] {warnings.py:109} WARNING - /home/***/.local/lib/python3.8/site-packages/elasticsearch/_sync/client/__init__.py:399: SecurityWarning: Connecting to 'https://dbelk2.afaqy.local:9200' using TLS with verify_certs=False is insecure
  _transport = transport_class(

[2024-05-11T11:25:20.615+0000] {warnings.py:109} WARNING - /home/***/.local/lib/python3.8/site-packages/elasticsearch/_sync/client/__init__.py:399: SecurityWarning: Connecting to 'https://dbelk1.afaqy.local:9200' using TLS with verify_certs=False is insecure
  _transport = transport_class(

[2024-05-11T11:25:20.657+0000] {warnings.py:109} WARNING - /home/***/.local/lib/python3.8/site-packages/elasticsearch/_sync/client/__init__.py:399: SecurityWarning: Connecting to 'https://dbelk3.afaqy.local:9200' using TLS with verify_certs=False is insecure
  _transport = transport_class(

[2024-05-11T11:25:20.827+0000] {warnings.py:109} WARNING - /home/***/.local/lib/python3.8/site-packages/urllib3/connectionpool.py:1061: InsecureRequestWarning: Unverified HTTPS request is being made to host 'dbelk2.afaqy.local'. Adding certificate verification is strongly advised. See: https://urllib3.readthedocs.io/en/1.26.x/advanced-usage.html#ssl-warnings
  warnings.warn(

[2024-05-11T11:25:20.922+0000] {_transport.py:335} INFO - GET https://dbelk2.afaqy.local:9200/_cluster/health [status:200 duration:0.264s]
[2024-05-11T11:25:21.326+0000] {warnings.py:109} WARNING - /home/***/.local/lib/python3.8/site-packages/urllib3/connectionpool.py:1061: InsecureRequestWarning: Unverified HTTPS request is being made to host 'dbelk1.afaqy.local'. Adding certificate verification is strongly advised. See: https://urllib3.readthedocs.io/en/1.26.x/advanced-usage.html#ssl-warnings
  warnings.warn(

[2024-05-11T11:25:30.362+0000] {_transport.py:335} INFO - PUT https://dbelk1.afaqy.local:9200/units_statistics_***/_bulk [status:200 duration:9.060s]
[2024-05-11T11:25:30.464+0000] {taskinstance.py:2731} ERROR - Task failed with exception
Traceback (most recent call last):
  File "/home/airflow/.local/lib/python3.8/site-packages/airflow/models/taskinstance.py", line 444, in _execute_task
    result = _execute_callable(context=context, **execute_callable_kwargs)
  File "/home/airflow/.local/lib/python3.8/site-packages/airflow/models/taskinstance.py", line 414, in _execute_callable
    return execute_callable(context=context, **execute_callable_kwargs)
  File "/home/airflow/.local/lib/python3.8/site-packages/airflow/decorators/base.py", line 241, in execute
    return_value = super().execute(context)
  File "/home/airflow/.local/lib/python3.8/site-packages/airflow/operators/python.py", line 200, in execute
    return_value = self.execute_callable()
  File "/home/airflow/.local/lib/python3.8/site-packages/airflow/operators/python.py", line 217, in execute_callable
    return self.python_callable(*self.op_args, **self.op_kwargs)
  File "/opt/airflow/dags/Units_dag.py", line 111, in ETL_job
    Elk_client.elk_pushData(Globals.index_name,units_list_update)
  File "/opt/airflow/dags/units_statistics/elk_manager.py", line 69, in elk_pushData
    helpers.bulk(self.elk_client, docs_list, index=index_name, chunk_size=batch)
  File "/home/airflow/.local/lib/python3.8/site-packages/elasticsearch/helpers/actions.py", line 521, in bulk
    for ok, item in streaming_bulk(
  File "/home/airflow/.local/lib/python3.8/site-packages/elasticsearch/helpers/actions.py", line 436, in streaming_bulk
    for data, (ok, info) in zip(
  File "/home/airflow/.local/lib/python3.8/site-packages/elasticsearch/helpers/actions.py", line 355, in _process_bulk_chunk
    yield from gen
  File "/home/airflow/.local/lib/python3.8/site-packages/elasticsearch/helpers/actions.py", line 274, in _process_bulk_chunk_success
    raise BulkIndexError(f"{len(errors)} document(s) failed to index.", errors)
elasticsearch.helpers.BulkIndexError: 668 document(s) failed to index.
[2024-05-11T11:25:30.480+0000] {taskinstance.py:1149} INFO - Marking task as FAILED. dag_id=Units_statistics_DAG, task_id=ETL_job, map_index=15, execution_date=20240511T110000, start_date=20240511T112458, end_date=20240511T112530
[2024-05-11T11:25:30.496+0000] {standard_task_runner.py:107} ERROR - Failed to execute job 50442 for task ETL_job (668 document(s) failed to index.; 939157)
[2024-05-11T11:25:30.543+0000] {local_task_job_runner.py:234} INFO - Task exited with return code 1
[2024-05-11T11:25:30.565+0000] {taskinstance.py:3312} INFO - 0 downstream tasks scheduled from follow-on schedule check
