[2024-05-06T16:00:17.500+0000] {taskinstance.py:1979} INFO - Dependencies all met for dep_context=non-requeueable deps ti=<TaskInstance: Units_statistics_DAG.ETL_job scheduled__2024-05-06T15:40:00+00:00 map_index=9 [queued]>
[2024-05-06T16:00:17.547+0000] {taskinstance.py:1979} INFO - Dependencies all met for dep_context=requeueable deps ti=<TaskInstance: Units_statistics_DAG.ETL_job scheduled__2024-05-06T15:40:00+00:00 map_index=9 [queued]>
[2024-05-06T16:00:17.547+0000] {taskinstance.py:2193} INFO - Starting attempt 1 of 4
[2024-05-06T16:00:17.583+0000] {taskinstance.py:2217} INFO - Executing <Mapped(_PythonDecoratedOperator): ETL_job> on 2024-05-06 15:40:00+00:00
[2024-05-06T16:00:17.590+0000] {standard_task_runner.py:60} INFO - Started process 811381 to run task
[2024-05-06T16:00:17.624+0000] {standard_task_runner.py:87} INFO - Running: ['***', 'tasks', 'run', 'Units_statistics_DAG', 'ETL_job', 'scheduled__2024-05-06T15:40:00+00:00', '--job-id', '35920', '--raw', '--subdir', 'DAGS_FOLDER/Units_dag.py', '--cfg-path', '/tmp/tmpjqcwozfx', '--map-index', '9']
[2024-05-06T16:00:17.651+0000] {standard_task_runner.py:88} INFO - Job 35920: Subtask ETL_job
[2024-05-06T16:00:17.904+0000] {task_command.py:423} INFO - Running <TaskInstance: Units_statistics_DAG.ETL_job scheduled__2024-05-06T15:40:00+00:00 map_index=9 [running]> on host a09da322e808
[2024-05-06T16:00:18.659+0000] {taskinstance.py:2513} INFO - Exporting env vars: AIRFLOW_CTX_DAG_OWNER='abeer-araby' AIRFLOW_CTX_DAG_ID='Units_statistics_DAG' AIRFLOW_CTX_TASK_ID='ETL_job' AIRFLOW_CTX_EXECUTION_DATE='2024-05-06T15:40:00+00:00' AIRFLOW_CTX_TRY_NUMBER='1' AIRFLOW_CTX_DAG_RUN_ID='scheduled__2024-05-06T15:40:00+00:00'
[2024-05-06T16:00:18.660+0000] {Units_dag.py:99} INFO - i: 90000, chunk: 10000
[2024-05-06T16:00:18.661+0000] {Units_dag.py:100} INFO - child token is::: eyJ0eXAiOiJKV1QiLCJhbGciOiJIUzI1NiJ9.eyJpc3MiOiJodHRwczovL2FwaS5hZmFxeS5zYS9hdXRoL2xvZ2luX2FzIiwiaWF0IjoxNzE1MDExMjA0LCJleHAiOjE3MTc2MDMyMDQsIm5iZiI6MTcxNTAxMTIwNCwianRpIjoiWVlJWE1vWDJGV28xN3djMyIsInN1YiI6IjVkNjNlNTFlMDNlZDUyOTJhNDJjMjRlNiIsInBydiI6IjI3MGVjZmM3ZWEzZWQ5MzdlYTg0OTM2MmEzYTUwOTEwYzZkOGNlNGYiLCJsb2dpbl9hc19pZCI6IjY1N2YwYWQ3M2Y5NzcyOTVjZjA1NTc2YSJ9.KWx7fF1p_Q55sxcXjYg0BARn-lfYvvqVOcj5057QgKQ
[2024-05-06T16:00:38.096+0000] {Units_dag.py:104} INFO - {'_id': '640ed3b0d8ee2c73ea50437a', 'icon': 'icons/D_7.png', 'driver_id': '', 'tailer_id': '', 'profile': {'vehicle_type': None, 'measurement_type': 'count', 'max_capacity': 0, 'vin': None, 'plate_number': None, 'start_operation': None, 'contract_milage': None, 'opening_milage': None, 'model': None, 'fuel_type': '91', 'year': 0, 'seats': 2}, 'device_password': '***', 'device_type': 'gps', 'gateway': False, 'name': '8713 T D A', 'operation_code': '', 'device_gateway': '', 'business_types': {'waste': False, 'transportation': False, 'water': False}, 'imei': '350544501282613', 'sim_number': '+966830031792906', 'sim_serial': '21296721518', 'device_serial': '1125948921', 'device': 'teltonika', 'user_id': '62b9a1516bfc54699f7b0c2b', 'created_by': '6374c530e1b82a312b39a526', 'updated_at': '2024-04-18 11:18:59', 'created_at': '2023-03-13 10:41:36', 'shipment_info': None, 'skip_sim_information': False, 'custom_fields': [], 'creator': 'ahmed.yahia', 'company': '', 'owner': 'saudi-hemaya-admin', 'last_update': {'dtt': 1715011189000, 'dts': 1715011192263, 'spd': 76, 'ang': 244, 'alt': 1002, 'chPrams': {'Speed': {'v': 76, 'cdt': 1715011189000}, 'output1': {'v': False, 'cdt': 1714979538000}, 'output2': {'v': False, 'cdt': 1714979538000}, 'ePwrV': {'v': 28.819, 'cdt': 1715011189000}, 'parm24': {'v': 76, 'cdt': 1715011189000}, 'sat': {'v': 15, 'cdt': 1715011189000}, 'ai1': {'v': 174, 'cdt': 1714982859000}, 'priority': {'v': 0, 'cdt': 1712846076000}, 'di2': {'v': 0, 'cdt': 1713123766000}, 'type': {'v': 6, 'cdt': 1713515654000}, 'di1': {'v': 1, 'cdt': 1714982268000}, 'result': {'v': '5665723a30332e32372e31335f3033204750533a41584e5f352e312e392048773a464d42313230204d6f643a333320494d45493a33353035343435303132383236313320496e69743a323032342d352d3620373a323720557074696d653a32373831204d41433a333838413231313741443144205350433a312830292041584c3a32204f42443a3020424c3a312e31302042543a34', 'cdt': 1714983234000}, 'parm6': {'v': 174, 'cdt': 1714945898000}, 'protocol': {'v': 'FMB120', 'cdt': 1714983264000}, 'iPwrV': {'v': 4.066, 'cdt': 1715004355000}, 'event': {'v': 0, 'cdt': 1712846076000}}, 'prms': {'protocol': 'FMB120', 'priority': 0, 'sat': 15, 'event': 0, 'di1': 1, 'output1': 0, 'di2': 0, 'output2': 0, 'ePwrV': 28.819, 'Speed': 76, 'parm24': 76, 'iPwrV': 4.066, 'ai1': 174, 'parm6': 174}, 'devPrms': ['protocol', 'priority', 'sat', 'event', 'di1', 'output1', 'di2', 'output2', 'ePwrV', 'Speed', 'parm24', 'iPwrV', 'ai1', 'parm6', 'type', 'result'], 'old_params': {'protocol': 'FMB120', 'priority': 0, 'sat': 14, 'event': 0, 'di1': 1, 'output1': 0, 'di2': 0, 'output2': 0, 'ePwrV': 28.835, 'Speed': 72, 'parm24': 72, 'iPwrV': 4.066, 'ai1': 174, 'parm6': 174}, 'vLoc': 1, 'vCon': 1, 'ip': '51.36.192.58', 'rl': 0.6206, 'trl': 165755.4451, 'mdu': 30, 'tmdu': 9451483, 'eidl': 0, 'teidl': 5893350, 'fc': 0.074472, 'tfc': 906.945864, 'acc': 1, 'accOn': 16897649, 'accOff': 1276640372, 'sdu': 0, 'tsdu': 0, 'lat': 23.0825816, 'lng': 42.914175}, 'counters': {'odometer_type': 'gps', 'odometer': 165754.7532, 'engine_hours_type': 'acc', 'engine_hours': 16897649, 'last_acc': 1}, 'is_wasl_connected': 'Not Connected', 'iconUrl': 'https://api.afaqy.sa/images/units/icons/D_7.png', 'hasCCTV': False}
[2024-05-06T16:00:38.602+0000] {warnings.py:109} WARNING - /home/***/.local/lib/python3.8/site-packages/elasticsearch/_sync/client/__init__.py:399: SecurityWarning: Connecting to 'https://dbelk2.afaqy.local:9200' using TLS with verify_certs=False is insecure
  _transport = transport_class(

[2024-05-06T16:00:38.644+0000] {warnings.py:109} WARNING - /home/***/.local/lib/python3.8/site-packages/elasticsearch/_sync/client/__init__.py:399: SecurityWarning: Connecting to 'https://dbelk1.afaqy.local:9200' using TLS with verify_certs=False is insecure
  _transport = transport_class(

[2024-05-06T16:00:38.685+0000] {warnings.py:109} WARNING - /home/***/.local/lib/python3.8/site-packages/elasticsearch/_sync/client/__init__.py:399: SecurityWarning: Connecting to 'https://dbelk3.afaqy.local:9200' using TLS with verify_certs=False is insecure
  _transport = transport_class(

[2024-05-06T16:00:38.706+0000] {warnings.py:109} WARNING - /home/***/.local/lib/python3.8/site-packages/urllib3/connectionpool.py:1061: InsecureRequestWarning: Unverified HTTPS request is being made to host 'dbelk2.afaqy.local'. Adding certificate verification is strongly advised. See: https://urllib3.readthedocs.io/en/1.26.x/advanced-usage.html#ssl-warnings
  warnings.warn(

[2024-05-06T16:00:38.790+0000] {_transport.py:335} INFO - GET https://dbelk2.afaqy.local:9200/_cluster/health [status:200 duration:0.103s]
[2024-05-06T16:00:39.174+0000] {warnings.py:109} WARNING - /home/***/.local/lib/python3.8/site-packages/urllib3/connectionpool.py:1061: InsecureRequestWarning: Unverified HTTPS request is being made to host 'dbelk1.afaqy.local'. Adding certificate verification is strongly advised. See: https://urllib3.readthedocs.io/en/1.26.x/advanced-usage.html#ssl-warnings
  warnings.warn(

[2024-05-06T16:00:45.777+0000] {_transport.py:335} INFO - PUT https://dbelk1.afaqy.local:9200/units_statistics_***/_bulk [status:200 duration:6.625s]
[2024-05-06T16:00:47.203+0000] {local_task_job_runner.py:234} INFO - Task exited with return code -9
[2024-05-06T16:00:47.352+0000] {taskinstance.py:3312} INFO - 0 downstream tasks scheduled from follow-on schedule check
