[2024-04-18T12:00:23.740+0000] {taskinstance.py:1979} INFO - Dependencies all met for dep_context=non-requeueable deps ti=<TaskInstance: Units_statistics_DAG.ETL_job scheduled__2024-04-18T11:00:00+00:00 map_index=6 [queued]>
[2024-04-18T12:00:23.814+0000] {taskinstance.py:1979} INFO - Dependencies all met for dep_context=requeueable deps ti=<TaskInstance: Units_statistics_DAG.ETL_job scheduled__2024-04-18T11:00:00+00:00 map_index=6 [queued]>
[2024-04-18T12:00:23.827+0000] {taskinstance.py:2193} INFO - Starting attempt 1 of 4
[2024-04-18T12:00:23.927+0000] {taskinstance.py:2217} INFO - Executing <Mapped(_PythonDecoratedOperator): ETL_job> on 2024-04-18 11:00:00+00:00
[2024-04-18T12:00:23.961+0000] {standard_task_runner.py:60} INFO - Started process 379727 to run task
[2024-04-18T12:00:24.025+0000] {standard_task_runner.py:87} INFO - Running: ['***', 'tasks', 'run', 'Units_statistics_DAG', 'ETL_job', 'scheduled__2024-04-18T11:00:00+00:00', '--job-id', '7386', '--raw', '--subdir', 'DAGS_FOLDER/Units_dag.py', '--cfg-path', '/tmp/tmpjen3rv7t', '--map-index', '6']
[2024-04-18T12:00:24.050+0000] {standard_task_runner.py:88} INFO - Job 7386: Subtask ETL_job
[2024-04-18T12:00:24.462+0000] {task_command.py:423} INFO - Running <TaskInstance: Units_statistics_DAG.ETL_job scheduled__2024-04-18T11:00:00+00:00 map_index=6 [running]> on host a09da322e808
[2024-04-18T12:00:24.959+0000] {taskinstance.py:2513} INFO - Exporting env vars: AIRFLOW_CTX_DAG_OWNER='abeer-araby' AIRFLOW_CTX_DAG_ID='Units_statistics_DAG' AIRFLOW_CTX_TASK_ID='ETL_job' AIRFLOW_CTX_EXECUTION_DATE='2024-04-18T11:00:00+00:00' AIRFLOW_CTX_TRY_NUMBER='1' AIRFLOW_CTX_DAG_RUN_ID='scheduled__2024-04-18T11:00:00+00:00'
[2024-04-18T12:00:24.960+0000] {Units_dag.py:99} INFO - i: 60000, chunk: 10000
[2024-04-18T12:00:24.961+0000] {Units_dag.py:100} INFO - child token is::: eyJ0eXAiOiJKV1QiLCJhbGciOiJIUzI1NiJ9.eyJpc3MiOiJodHRwczovL2FwaS5hZmFxeS5zYS9hdXRoL2xvZ2luX2FzIiwiaWF0IjoxNzEzNDQxNjA5LCJleHAiOjE3MTYwMzM2MDksIm5iZiI6MTcxMzQ0MTYwOSwianRpIjoiZHIxTmdObTFLSkFGNGl3WiIsInN1YiI6IjVkNjNlNTFlMDNlZDUyOTJhNDJjMjRlNiIsInBydiI6IjI3MGVjZmM3ZWEzZWQ5MzdlYTg0OTM2MmEzYTUwOTEwYzZkOGNlNGYiLCJsb2dpbl9hc19pZCI6IjY1N2YwYWQ3M2Y5NzcyOTVjZjA1NTc2YSJ9.HD-73EI0EaA7ilLm_MfwlLQub1H9xpFpLkzuBHsUoj0
[2024-04-18T12:00:46.147+0000] {Units_dag.py:104} INFO - {'_id': '63271f714b20587ef75a1640', 'icon': 'icons/icon.png', 'driver_id': '', 'tailer_id': '', 'profile': {'vehicle_type': None, 'measurement_type': 'count', 'max_capacity': 0, 'vin': None, 'plate_number': '9269 - A D R', 'start_operation': None, 'contract_milage': None, 'opening_milage': None, 'model': None, 'fuel_type': '91', 'year': 0, 'seats': 2}, 'device_password': '***', 'device_type': 'gps', 'gateway': False, 'name': 'ADR9269', 'operation_code': '', 'device_gateway': '', 'business_types': {'waste': False, 'transportation': True, 'water': False}, 'imei': '357073298590940', 'sim_number': '+966830028783115', 'sim_serial': '996609821111333356', 'device_serial': '1125015014', 'device': 'teltonika', 'user_id': '5edc9ce503ed5252d3361fa8', 'created_by': '5e6655bf03ed52e1ab79d301', 'updated_at': '2024-04-18 11:18:59', 'created_at': '2022-09-18 16:38:57', 'custom_fields': [], 'creator': 'amr.ahmed', 'company': '', 'owner': 'hertz-admin', 'last_update': {'dtt': 1713441442000, 'dts': 1713441445341, 'spd': 0, 'ang': 150, 'alt': 677, 'chPrams': {'Speed': {'v': 0, 'cdt': 1713439309000}, 'output1': {'v': False, 'cdt': 1713436613000}, 'output2': {'v': False, 'cdt': 1713436613000}, 'ePwrV': {'v': 13.095, 'cdt': 1713441442000}, 'parm24': {'v': 0, 'cdt': 1713439309000}, 'sat': {'v': 13, 'cdt': 1713441442000}, 'ai1': {'v': 131, 'cdt': 1713194032000}, 'type': {'v': 6, 'cdt': 1711256577000}, 'di2': {'v': 0, 'cdt': 1711371079000}, 'priority': {'v': 0, 'cdt': 1712911994000}, 'di1': {'v': 0, 'cdt': 1713439275000}, 'result': {'v': '5665723a30332e32372e31335f3033204750533a41584e5f352e312e392048773a464d42313230204d6f643a333320494d45493a33353730373332393835393039343020496e69743a323032342d342d313720343a313820557074696d653a313039353238204d41433a303031453432374632453739205350433a312830292041584c3a32204f42443a3020424c3a312e31302042543a34', 'cdt': 1713436313000}, 'protocol': {'v': 'FMB120', 'cdt': 1713436613000}, 'parm6': {'v': 131, 'cdt': 1713125281000}, 'iPwrV': {'v': 4.056, 'cdt': 1713441442000}, 'event': {'v': 0, 'cdt': 1712911994000}}, 'prms': {'protocol': 'FMB120', 'priority': 0, 'sat': 13, 'event': 0, 'di1': 0, 'output1': 0, 'di2': 0, 'output2': 0, 'ePwrV': 13.095, 'Speed': 0, 'parm24': 0, 'iPwrV': 4.056, 'ai1': 131, 'parm6': 131}, 'devPrms': ['protocol', 'priority', 'sat', 'event', 'di1', 'output1', 'di2', 'output2', 'ePwrV', 'Speed', 'parm24', 'iPwrV', 'ai1', 'parm6'], 'old_params': {'Speed': 0, 'output1': 0, 'output2': 0, 'ePwrV': 13.099, 'parm24': 0, 'sat': 11, 'ai1': 131, 'priority': 0, 'di2': 0, 'di1': 0, 'protocol': 'teltonika', 'parm6': 131, 'iPwrV': 4.057, 'event': 0}, 'vLoc': 1, 'vCon': 1, 'ip': '109.83.14.84', 'rl': 0, 'trl': 23666.3741, 'mdu': 0, 'tmdu': 1977457, 'eidl': 0, 'teidl': 508730, 'fc': 0, 'tfc': 208.787438, 'acc': 0, 'accOn': 4869158, 'accOff': 46166844, 'sdu': 301, 'tsdu': 2133, 'lat': 24.764585, 'lng': 46.654275}, 'counters': {'odometer_type': 'gps', 'odometer': 23681.377, 'engine_hours_type': 'acc', 'engine_hours': 4869158, 'last_acc': 0}, 'is_wasl_connected': 'Not Connected', 'iconUrl': 'https://api.afaqy.sa/images/units/icons/icon.png', 'hasCCTV': False}
[2024-04-18T12:00:47.031+0000] {warnings.py:109} WARNING - /home/***/.local/lib/python3.8/site-packages/elasticsearch/_sync/client/__init__.py:399: SecurityWarning: Connecting to 'https://dbelk1.afaqy.local:9200' using TLS with verify_certs=False is insecure
  _transport = transport_class(

[2024-04-18T12:00:47.100+0000] {warnings.py:109} WARNING - /home/***/.local/lib/python3.8/site-packages/elasticsearch/_sync/client/__init__.py:399: SecurityWarning: Connecting to 'https://dbelk3.afaqy.local:9200' using TLS with verify_certs=False is insecure
  _transport = transport_class(

[2024-04-18T12:00:47.166+0000] {warnings.py:109} WARNING - /home/***/.local/lib/python3.8/site-packages/elasticsearch/_sync/client/__init__.py:399: SecurityWarning: Connecting to 'https://dbelk2.afaqy.local:9200' using TLS with verify_certs=False is insecure
  _transport = transport_class(

[2024-04-18T12:00:47.207+0000] {warnings.py:109} WARNING - /home/***/.local/lib/python3.8/site-packages/urllib3/connectionpool.py:1061: InsecureRequestWarning: Unverified HTTPS request is being made to host 'dbelk1.afaqy.local'. Adding certificate verification is strongly advised. See: https://urllib3.readthedocs.io/en/1.26.x/advanced-usage.html#ssl-warnings
  warnings.warn(

[2024-04-18T12:00:47.261+0000] {_transport.py:335} INFO - GET https://dbelk1.afaqy.local:9200/_cluster/health [status:200 duration:0.093s]
[2024-04-18T12:00:47.774+0000] {warnings.py:109} WARNING - /home/***/.local/lib/python3.8/site-packages/urllib3/connectionpool.py:1061: InsecureRequestWarning: Unverified HTTPS request is being made to host 'dbelk3.afaqy.local'. Adding certificate verification is strongly advised. See: https://urllib3.readthedocs.io/en/1.26.x/advanced-usage.html#ssl-warnings
  warnings.warn(

[2024-04-18T12:00:50.208+0000] {_transport.py:335} INFO - PUT https://dbelk3.afaqy.local:9200/units_statistics_***/_bulk [status:200 duration:2.458s]
[2024-04-18T12:00:50.544+0000] {python.py:202} INFO - Done. Returned value was: None
[2024-04-18T12:00:50.569+0000] {taskinstance.py:1149} INFO - Marking task as SUCCESS. dag_id=Units_statistics_DAG, task_id=ETL_job, map_index=6, execution_date=20240418T110000, start_date=20240418T120023, end_date=20240418T120050
[2024-04-18T12:00:50.653+0000] {local_task_job_runner.py:234} INFO - Task exited with return code 0
[2024-04-18T12:00:50.680+0000] {taskinstance.py:3312} INFO - 0 downstream tasks scheduled from follow-on schedule check
