[2024-04-17T11:05:47.173+0000] {taskinstance.py:1979} INFO - Dependencies all met for dep_context=non-requeueable deps ti=<TaskInstance: Units_statistics_DAG.ETL_job scheduled__2024-04-17T10:00:00+00:00 map_index=12 [queued]>
[2024-04-17T11:05:47.194+0000] {taskinstance.py:1979} INFO - Dependencies all met for dep_context=requeueable deps ti=<TaskInstance: Units_statistics_DAG.ETL_job scheduled__2024-04-17T10:00:00+00:00 map_index=12 [queued]>
[2024-04-17T11:05:47.195+0000] {taskinstance.py:2193} INFO - Starting attempt 2 of 4
[2024-04-17T11:05:47.213+0000] {taskinstance.py:2217} INFO - Executing <Mapped(_PythonDecoratedOperator): ETL_job> on 2024-04-17 10:00:00+00:00
[2024-04-17T11:05:47.220+0000] {standard_task_runner.py:60} INFO - Started process 352657 to run task
[2024-04-17T11:05:47.232+0000] {standard_task_runner.py:87} INFO - Running: ['***', 'tasks', 'run', 'Units_statistics_DAG', 'ETL_job', 'scheduled__2024-04-17T10:00:00+00:00', '--job-id', '4632', '--raw', '--subdir', 'DAGS_FOLDER/Units_dag.py', '--cfg-path', '/tmp/tmpk_xpk1_s', '--map-index', '12']
[2024-04-17T11:05:47.234+0000] {standard_task_runner.py:88} INFO - Job 4632: Subtask ETL_job
[2024-04-17T11:05:47.309+0000] {task_command.py:423} INFO - Running <TaskInstance: Units_statistics_DAG.ETL_job scheduled__2024-04-17T10:00:00+00:00 map_index=12 [running]> on host a09da322e808
[2024-04-17T11:05:47.452+0000] {taskinstance.py:2513} INFO - Exporting env vars: AIRFLOW_CTX_DAG_OWNER='abeer-araby' AIRFLOW_CTX_DAG_ID='Units_statistics_DAG' AIRFLOW_CTX_TASK_ID='ETL_job' AIRFLOW_CTX_EXECUTION_DATE='2024-04-17T10:00:00+00:00' AIRFLOW_CTX_TRY_NUMBER='2' AIRFLOW_CTX_DAG_RUN_ID='scheduled__2024-04-17T10:00:00+00:00'
[2024-04-17T11:05:47.453+0000] {Units_dag.py:90} INFO - i: 120000, chunk: 10000
[2024-04-17T11:05:47.454+0000] {Units_dag.py:91} INFO - child token is::: eyJ0eXAiOiJKV1QiLCJhbGciOiJIUzI1NiJ9.eyJpc3MiOiJodHRwczovL2FwaS5hZmFxeS5zYS9hdXRoL2xvZ2luX2FzIiwiaWF0IjoxNzEzMzUxNjA0LCJleHAiOjE3MTU5NDM2MDQsIm5iZiI6MTcxMzM1MTYwNCwianRpIjoicWI2a0YwcE5wZDV2M0tsdyIsInN1YiI6IjVkNjNlNTFlMDNlZDUyOTJhNDJjMjRlNiIsInBydiI6IjI3MGVjZmM3ZWEzZWQ5MzdlYTg0OTM2MmEzYTUwOTEwYzZkOGNlNGYiLCJsb2dpbl9hc19pZCI6IjY1N2YwYWQ3M2Y5NzcyOTVjZjA1NTc2YSJ9.5aXdiYgzo_5KWjYj851SEUmDKTuBIo7XwpxXeZOa0aE
[2024-04-17T11:06:08.032+0000] {Units_dag.py:95} INFO - {'_id': '64c65e54faadcb21037763ec', 'icon': 'icons/icon.png', 'driver_id': '', 'tailer_id': '', 'profile': {'measurement_type': 'count', 'fuel_type': '91', 'year': 0, 'seats': 2}, 'device_password': '***', 'device_type': 'gps', 'gateway': False, 'business_types': {'waste': False, 'transportation': True, 'water': False}, 'name': '7197 N X R', 'operation_code': None, 'device_gateway': None, 'skip_sim_information': False, 'imei': '868184060472712', 'sim_number': '+966830032419302', 'sim_serial': '8996609821111916176', 'device_serial': '868184060472712', 'device': 'bce', 'user_id': '637373379fd3b622627d003c', 'created_by': '5e6655bf03ed52e1ab79d301', 'updated_at': '2023-12-31 11:55:09', 'created_at': '2023-07-30 15:57:56', 'creator': 'amr.ahmed', 'company': '', 'owner': 'badr-alsahly-admin', 'last_update': {'dtt': 1713351894000, 'dts': 1713351922649, 'spd': 0, 'ang': 232, 'alt': 600, 'chPrams': {'ePwrV': {'v': 13.126, 'cdt': 1713351894000}, 'di16': {'v': 1, 'cdt': 1711522976000}, 'di15': {'v': 0, 'cdt': 1690443544000}, 'rssi1': {'v': 70, 'cdt': 1713351894000}, 'di14': {'v': 0, 'cdt': 1713351826000}, 'di13': {'v': 0, 'cdt': 1711181636000}, 'di12': {'v': 0, 'cdt': 1711181636000}, 'di11': {'v': 0, 'cdt': 1711181636000}, 'di10': {'v': 0, 'cdt': 1690787536000}, 'di2': {'v': 1, 'cdt': 1711181636000}, 'di1': {'v': 0, 'cdt': 1713351894000}, 'di4': {'v': 0, 'cdt': 1711181636000}, 'di3': {'v': 0, 'cdt': 1711181636000}, 'di6': {'v': 1, 'cdt': 1711181636000}, 'di5': {'v': 0, 'cdt': 1713351894000}, 'lac1': {'v': 1232, 'cdt': 1713351356000}, 'protocol': {'v': 'bce', 'cdt': 1711181636000}, 'di8': {'v': 1, 'cdt': 1711181636000}, 'di7': {'v': 1, 'cdt': 1713351282000}, 'di9': {'v': 0, 'cdt': 1711181636000}, 'iPwrV': {'v': 4.028, 'cdt': 1713351894000}, 'cid1': {'v': 63011, 'cdt': 1713351820000}, 'odometer': {'v': 0, 'cdt': 1713351840000}, 'spd': {'v': 0, 'cdt': 1713351864000}, 'sat': {'v': 15, 'cdt': 1713351854000}, 'hdop': {'v': 1, 'cdt': 1713344146000}, 'ta': {'v': 0, 'cdt': 1711181636000}, 'mcc1': {'v': 420, 'cdt': 1712695268000}, 'mnc1': {'v': 3, 'cdt': 1712695268000}}, 'prms': {'protocol': 'bce', 'spd': 0, 'sat': 15, 'hdop': 1, 'odometer': 0, 'di16': 1, 'di15': 0, 'di14': 0, 'di13': 0, 'di12': 0, 'di11': 0, 'di10': 0, 'di9': 0, 'di8': 1, 'di7': 1, 'di6': 1, 'di5': 0, 'di4': 0, 'di3': 0, 'di2': 1, 'di1': 0, 'ePwrV': 13.126, 'iPwrV': 4.028, 'ta': 0, 'mcc1': 420, 'mnc1': 3, 'lac1': 1232, 'cid1': 63011, 'rssi1': 70}, 'devPrms': ['protocol', 'spd', 'sat', 'hdop', 'odometer', 'di16', 'di15', 'di14', 'di13', 'di12', 'di11', 'di10', 'di9', 'di8', 'di7', 'di6', 'di5', 'di4', 'di3', 'di2', 'di1', 'ePwrV', 'iPwrV', 'ta', 'mcc1', 'mnc1', 'lac1', 'cid1', 'rssi1'], 'old_params': {'protocol': 'bce', 'spd': 0, 'sat': 15, 'hdop': 1, 'odometer': 0, 'di16': 1, 'di15': 0, 'di14': 0, 'di13': 0, 'di12': 0, 'di11': 0, 'di10': 0, 'di9': 0, 'di8': 1, 'di7': 1, 'di6': 1, 'di5': 1, 'di4': 0, 'di3': 0, 'di2': 1, 'di1': 1, 'ePwrV': 14.056, 'iPwrV': 4.029, 'ta': 0, 'mcc1': 420, 'mnc1': 3, 'lac1': 1232, 'cid1': 63011, 'rssi1': 67}, 'vLoc': 1, 'vCon': 1, 'ip': '109.83.250.117', 'rl': 0, 'trl': 74151.5169, 'mdu': 0, 'tmdu': 6291634, 'eidl': 30, 'teidl': 2668858, 'fc': 0, 'tfc': 23.985216, 'acc': 0, 'accOn': 9717720, 'accOff': 13377666, 'sdu': 0, 'tsdu': 0, 'lat': 24.71209716796875, 'lng': 46.842926025390625}, 'counters': {'odometer_type': 'gps', 'odometer': 74151.5169, 'engine_hours_type': 'acc', 'engine_hours': 9717720, 'last_acc': 0}, 'is_wasl_connected': 'Not Connected', 'iconUrl': 'https://api.afaqy.sa/images/units/icons/icon.png', 'hasCCTV': False}
[2024-04-17T11:06:08.513+0000] {warnings.py:109} WARNING - /home/***/.local/lib/python3.8/site-packages/elasticsearch/_sync/client/__init__.py:399: SecurityWarning: Connecting to 'https://dbelk2.afaqy.local:9200' using TLS with verify_certs=False is insecure
  _transport = transport_class(

[2024-04-17T11:06:08.558+0000] {warnings.py:109} WARNING - /home/***/.local/lib/python3.8/site-packages/elasticsearch/_sync/client/__init__.py:399: SecurityWarning: Connecting to 'https://dbelk1.afaqy.local:9200' using TLS with verify_certs=False is insecure
  _transport = transport_class(

[2024-04-17T11:06:08.604+0000] {warnings.py:109} WARNING - /home/***/.local/lib/python3.8/site-packages/elasticsearch/_sync/client/__init__.py:399: SecurityWarning: Connecting to 'https://dbelk3.afaqy.local:9200' using TLS with verify_certs=False is insecure
  _transport = transport_class(

[2024-04-17T11:06:08.643+0000] {warnings.py:109} WARNING - /home/***/.local/lib/python3.8/site-packages/urllib3/connectionpool.py:1061: InsecureRequestWarning: Unverified HTTPS request is being made to host 'dbelk2.afaqy.local'. Adding certificate verification is strongly advised. See: https://urllib3.readthedocs.io/en/1.26.x/advanced-usage.html#ssl-warnings
  warnings.warn(

[2024-04-17T11:06:08.726+0000] {_transport.py:335} INFO - GET https://dbelk2.afaqy.local:9200/_cluster/health [status:200 duration:0.120s]
[2024-04-17T11:06:09.110+0000] {warnings.py:109} WARNING - /home/***/.local/lib/python3.8/site-packages/urllib3/connectionpool.py:1061: InsecureRequestWarning: Unverified HTTPS request is being made to host 'dbelk1.afaqy.local'. Adding certificate verification is strongly advised. See: https://urllib3.readthedocs.io/en/1.26.x/advanced-usage.html#ssl-warnings
  warnings.warn(

[2024-04-17T11:06:10.653+0000] {_transport.py:335} INFO - PUT https://dbelk1.afaqy.local:9200/units_statistics_***/_bulk [status:200 duration:1.583s]
[2024-04-17T11:06:10.826+0000] {python.py:202} INFO - Done. Returned value was: None
[2024-04-17T11:06:10.848+0000] {taskinstance.py:1149} INFO - Marking task as SUCCESS. dag_id=Units_statistics_DAG, task_id=ETL_job, map_index=12, execution_date=20240417T100000, start_date=20240417T110547, end_date=20240417T110610
[2024-04-17T11:06:10.892+0000] {local_task_job_runner.py:234} INFO - Task exited with return code 0
[2024-04-17T11:06:10.922+0000] {taskinstance.py:3312} INFO - 0 downstream tasks scheduled from follow-on schedule check
