[2024-05-10T04:02:00.693+0000] {taskinstance.py:1979} INFO - Dependencies all met for dep_context=non-requeueable deps ti=<TaskInstance: Units_statistics_DAG.ETL_job scheduled__2024-05-10T03:40:00+00:00 map_index=17 [queued]>
[2024-05-10T04:02:00.873+0000] {taskinstance.py:1979} INFO - Dependencies all met for dep_context=requeueable deps ti=<TaskInstance: Units_statistics_DAG.ETL_job scheduled__2024-05-10T03:40:00+00:00 map_index=17 [queued]>
[2024-05-10T04:02:00.873+0000] {taskinstance.py:2193} INFO - Starting attempt 2 of 4
[2024-05-10T04:02:01.055+0000] {taskinstance.py:2217} INFO - Executing <Mapped(_PythonDecoratedOperator): ETL_job> on 2024-05-10 03:40:00+00:00
[2024-05-10T04:02:01.108+0000] {standard_task_runner.py:60} INFO - Started process 904255 to run task
[2024-05-10T04:02:01.185+0000] {standard_task_runner.py:87} INFO - Running: ['***', 'tasks', 'run', 'Units_statistics_DAG', 'ETL_job', 'scheduled__2024-05-10T03:40:00+00:00', '--job-id', '46450', '--raw', '--subdir', 'DAGS_FOLDER/Units_dag.py', '--cfg-path', '/tmp/tmpubvdt_tl', '--map-index', '17']
[2024-05-10T04:02:01.210+0000] {standard_task_runner.py:88} INFO - Job 46450: Subtask ETL_job
[2024-05-10T04:02:01.566+0000] {task_command.py:423} INFO - Running <TaskInstance: Units_statistics_DAG.ETL_job scheduled__2024-05-10T03:40:00+00:00 map_index=17 [running]> on host a09da322e808
[2024-05-10T04:02:01.927+0000] {taskinstance.py:2513} INFO - Exporting env vars: AIRFLOW_CTX_DAG_OWNER='abeer-araby' AIRFLOW_CTX_DAG_ID='Units_statistics_DAG' AIRFLOW_CTX_TASK_ID='ETL_job' AIRFLOW_CTX_EXECUTION_DATE='2024-05-10T03:40:00+00:00' AIRFLOW_CTX_TRY_NUMBER='2' AIRFLOW_CTX_DAG_RUN_ID='scheduled__2024-05-10T03:40:00+00:00'
[2024-05-10T04:02:01.929+0000] {Units_dag.py:98} INFO - i: 170000, chunk: 1609
[2024-05-10T04:02:01.930+0000] {Units_dag.py:99} INFO - child token is::: eyJ0eXAiOiJKV1QiLCJhbGciOiJIUzI1NiJ9.eyJpc3MiOiJodHRwczovL2FwaS5hZmFxeS5zYS9hdXRoL2xvZ2luX2FzIiwiaWF0IjoxNzE1MzEzNjA0LCJleHAiOjE3MTc5MDU2MDQsIm5iZiI6MTcxNTMxMzYwNCwianRpIjoiTkhCVU56YkxTdG5jSFUyayIsInN1YiI6IjVkNjNlNTFlMDNlZDUyOTJhNDJjMjRlNiIsInBydiI6IjI3MGVjZmM3ZWEzZWQ5MzdlYTg0OTM2MmEzYTUwOTEwYzZkOGNlNGYiLCJsb2dpbl9hc19pZCI6IjY1N2YwYWQ3M2Y5NzcyOTVjZjA1NTc2YSJ9.pU992LqdNpzgJOZIk8ASXJof_Nu03U5tHryBSRmP7qQ
[2024-05-10T04:02:06.865+0000] {Units_dag.py:103} INFO - {'_id': '66386a7567709773ec0fbe02', 'icon': 'icons/icon.png', 'driver_id': '', 'tailer_id': '', 'profile': {'measurement_type': 'count', 'fuel_type': '91', 'year': 0, 'seats': 2}, 'shipment_info': {'product_category': '', 'truck_type': '', 'shipment_type': '', 'shipment_payment_type': '', 'transporter_type': '', 'operating_area': '', 'weight_kilograms_per_day': '', 'kms_per_day': '', 'opening_milage': '', 'shipment_trip_drive_hrs_day': '', 'expected_shipment_trip_day': '', 'car_pay_per_day': '', 'exceeding_temperature_limit_per_day': '', 'temperature_upper_limit': '', 'exceeding_humidity_limit_per_day': '', 'humidity_upper_limit': '', 'allowable_delay_drive_hrs_day': ''}, 'device_password': '***', 'device_type': 'gps', 'gateway': False, 'business_types': {'waste': False, 'transportation': True, 'water': False, 'hajj': False}, 'name': '7997JSB', 'operation_code': None, 'device_gateway': None, 'skip_sim_information': False, 'custom_fields': [], 'imei': '867994066982626', 'sim_number': '+966830020704457', 'sim_serial': '8996609821112218347', 'device_serial': '867994066982626', 'device': 'bce', 'user_id': '60ffcb2bfbe2e055682d2979', 'created_by': '5e6655bf03ed52e1ab79d301', 'updated_at': '2024-05-06 05:28:21', 'created_at': '2024-05-06 08:28:21', 'creator': 'amr.ahmed', 'company': '', 'owner': 'bin-zagr-admin', 'last_update': {'dtt': 1715313494000, 'dts': 1715313591585, 'spd': 0, 'ang': 346, 'alt': 1656, 'chPrams': {'di16': {'v': 1, 'cdt': 1713182954000}, 'ePwrV': {'v': 12.422, 'cdt': 1715313194000}, 'di15': {'v': 0, 'cdt': 1713182954000}, 'rssi1': {'v': 63, 'cdt': 1715313494000}, 'di14': {'v': 0, 'cdt': 1715268236000}, 'di13': {'v': 0, 'cdt': 1713182954000}, 'di12': {'v': 0, 'cdt': 1713182954000}, 'di11': {'v': 0, 'cdt': 1713182954000}, 'di10': {'v': 0, 'cdt': 1713182954000}, 'di2': {'v': 0, 'cdt': 1713182954000}, 'di1': {'v': 0, 'cdt': 1715268494000}, 'ai4': {'v': 196, 'cdt': 1715313494000}, 'di4': {'v': 0, 'cdt': 1713182954000}, 'di3': {'v': 0, 'cdt': 1713182954000}, 'di6': {'v': 0, 'cdt': 1713182954000}, 'di5': {'v': 0, 'cdt': 1715268496000}, 'lac1': {'v': 2588, 'cdt': 1715234878000}, 'ai8': {'v': 0, 'cdt': 1714973666000}, 'protocol': {'v': 'bce', 'cdt': 1713182954000}, 'di8': {'v': 1, 'cdt': 1713182954000}, 'di7': {'v': 0, 'cdt': 1715268796000}, 'di9': {'v': 0, 'cdt': 1713182954000}, 'iPwrV': {'v': 4.14, 'cdt': 1715313494000}, 'humidity': {'v': -1, 'cdt': 1714973666000}, 'ID': {'v': '0', 'cdt': 1714973666000}, 'cid1': {'v': 25741, 'cdt': 1715305994000}, 'temp': {'v': -273, 'cdt': 1714973666000}, 'odometer': {'v': 1210844088, 'cdt': 1715268464000}, 'spd': {'v': 0, 'cdt': 1715268464000}, 'sat': {'v': 12, 'cdt': 1715268272000}, 'ta': {'v': 0, 'cdt': 1713183314000}, 'hdop': {'v': 1, 'cdt': 1714973216000}, 'mcc1': {'v': 420, 'cdt': 1713183314000}, 'mnc1': {'v': 3, 'cdt': 1713183314000}}, 'prms': {'protocol': 'bce', 'spd': 0, 'sat': 12, 'hdop': 1, 'odometer': 1210844088, 'di16': 1, 'di15': 0, 'di14': 0, 'di13': 0, 'di12': 0, 'di11': 0, 'di10': 0, 'di9': 0, 'di8': 1, 'di7': 0, 'di6': 0, 'di5': 0, 'di4': 0, 'di3': 0, 'di2': 0, 'di1': 0, 'ePwrV': 12.422, 'ai4': 196, 'iPwrV': 4.14, 'ai8': 0, 'ta': 0, 'mcc1': 420, 'mnc1': 3, 'lac1': 2588, 'cid1': 25741, 'rssi1': 63, 'ID': '0', 'temp': -273, 'humidity': -1}, 'devPrms': ['protocol', 'spd', 'sat', 'hdop', 'odometer', 'di16', 'di15', 'di14', 'di13', 'di12', 'di11', 'di10', 'di9', 'di8', 'di7', 'di6', 'di5', 'di4', 'di3', 'di2', 'di1', 'ePwrV', 'ai4', 'iPwrV', 'ai8', 'ta', 'mcc1', 'mnc1', 'lac1', 'cid1', 'rssi1', 'ID', 'temp', 'humidity'], 'old_params': {'protocol': 'bce', 'spd': 0, 'sat': 12, 'hdop': 1, 'odometer': 1210844088, 'di16': 1, 'di15': 0, 'di14': 0, 'di13': 0, 'di12': 0, 'di11': 0, 'di10': 0, 'di9': 0, 'di8': 1, 'di7': 0, 'di6': 0, 'di5': 0, 'di4': 0, 'di3': 0, 'di2': 0, 'di1': 0, 'ePwrV': 12.422, 'ai4': 175, 'iPwrV': 4.137, 'ai8': 0, 'ta': 0, 'mcc1': 420, 'mnc1': 3, 'lac1': 2588, 'cid1': 25741, 'rssi1': 64, 'ID': '0', 'temp': -273, 'humidity': -1}, 'vLoc': 1, 'vCon': 1, 'ip': '37.216.61.104', 'rl': 0, 'trl': 166.6315, 'mdu': 0, 'tmdu': 13286, 'eidl': 0, 'teidl': 8556, 'fc': 0, 'tfc': 7.35492, 'acc': 0, 'accOn': 25494, 'accOff': 2104824, 'sdu': 300, 'tsdu': 44998, 'lat': 21.271432876586914, 'lng': 40.413265228271484}, 'counters': {'engine_hours': 25494, 'last_acc': 0, 'odometer': 166.6315}, 'is_wasl_connected': 'Not Connected', 'iconUrl': 'https://api.afaqy.sa/images/units/icons/icon.png', 'hasCCTV': False}
[2024-05-10T04:02:07.364+0000] {warnings.py:109} WARNING - /home/***/.local/lib/python3.8/site-packages/elasticsearch/_sync/client/__init__.py:399: SecurityWarning: Connecting to 'https://dbelk2.afaqy.local:9200' using TLS with verify_certs=False is insecure
  _transport = transport_class(

[2024-05-10T04:02:07.435+0000] {warnings.py:109} WARNING - /home/***/.local/lib/python3.8/site-packages/elasticsearch/_sync/client/__init__.py:399: SecurityWarning: Connecting to 'https://dbelk1.afaqy.local:9200' using TLS with verify_certs=False is insecure
  _transport = transport_class(

[2024-05-10T04:02:07.495+0000] {warnings.py:109} WARNING - /home/***/.local/lib/python3.8/site-packages/elasticsearch/_sync/client/__init__.py:399: SecurityWarning: Connecting to 'https://dbelk3.afaqy.local:9200' using TLS with verify_certs=False is insecure
  _transport = transport_class(

[2024-05-10T04:02:07.516+0000] {warnings.py:109} WARNING - /home/***/.local/lib/python3.8/site-packages/urllib3/connectionpool.py:1061: InsecureRequestWarning: Unverified HTTPS request is being made to host 'dbelk2.afaqy.local'. Adding certificate verification is strongly advised. See: https://urllib3.readthedocs.io/en/1.26.x/advanced-usage.html#ssl-warnings
  warnings.warn(

[2024-05-10T04:02:07.606+0000] {_transport.py:335} INFO - GET https://dbelk2.afaqy.local:9200/_cluster/health [status:200 duration:0.109s]
[2024-05-10T04:02:07.695+0000] {warnings.py:109} WARNING - /home/***/.local/lib/python3.8/site-packages/urllib3/connectionpool.py:1061: InsecureRequestWarning: Unverified HTTPS request is being made to host 'dbelk1.afaqy.local'. Adding certificate verification is strongly advised. See: https://urllib3.readthedocs.io/en/1.26.x/advanced-usage.html#ssl-warnings
  warnings.warn(

[2024-05-10T04:02:14.178+0000] {_transport.py:335} INFO - PUT https://dbelk1.afaqy.local:9200/units_statistics_***/_bulk [status:200 duration:6.508s]
[2024-05-10T04:02:14.808+0000] {taskinstance.py:2731} ERROR - Task failed with exception
Traceback (most recent call last):
  File "/home/airflow/.local/lib/python3.8/site-packages/airflow/models/taskinstance.py", line 444, in _execute_task
    result = _execute_callable(context=context, **execute_callable_kwargs)
  File "/home/airflow/.local/lib/python3.8/site-packages/airflow/models/taskinstance.py", line 414, in _execute_callable
    return execute_callable(context=context, **execute_callable_kwargs)
  File "/home/airflow/.local/lib/python3.8/site-packages/airflow/decorators/base.py", line 241, in execute
    return_value = super().execute(context)
  File "/home/airflow/.local/lib/python3.8/site-packages/airflow/operators/python.py", line 200, in execute
    return_value = self.execute_callable()
  File "/home/airflow/.local/lib/python3.8/site-packages/airflow/operators/python.py", line 217, in execute_callable
    return self.python_callable(*self.op_args, **self.op_kwargs)
  File "/opt/airflow/dags/Units_dag.py", line 111, in ETL_job
    Elk_client.elk_pushData(Globals.index_name,units_list_update)
  File "/opt/airflow/dags/units_statistics/elk_manager.py", line 69, in elk_pushData
    helpers.bulk(self.elk_client, docs_list, index=index_name, chunk_size=batch)
  File "/home/airflow/.local/lib/python3.8/site-packages/elasticsearch/helpers/actions.py", line 521, in bulk
    for ok, item in streaming_bulk(
  File "/home/airflow/.local/lib/python3.8/site-packages/elasticsearch/helpers/actions.py", line 436, in streaming_bulk
    for data, (ok, info) in zip(
  File "/home/airflow/.local/lib/python3.8/site-packages/elasticsearch/helpers/actions.py", line 355, in _process_bulk_chunk
    yield from gen
  File "/home/airflow/.local/lib/python3.8/site-packages/elasticsearch/helpers/actions.py", line 274, in _process_bulk_chunk_success
    raise BulkIndexError(f"{len(errors)} document(s) failed to index.", errors)
elasticsearch.helpers.BulkIndexError: 15 document(s) failed to index.
[2024-05-10T04:02:14.861+0000] {taskinstance.py:1149} INFO - Marking task as UP_FOR_RETRY. dag_id=Units_statistics_DAG, task_id=ETL_job, map_index=17, execution_date=20240510T034000, start_date=20240510T040200, end_date=20240510T040214
[2024-05-10T04:02:14.902+0000] {standard_task_runner.py:107} ERROR - Failed to execute job 46450 for task ETL_job (15 document(s) failed to index.; 904255)
[2024-05-10T04:02:14.960+0000] {local_task_job_runner.py:234} INFO - Task exited with return code 1
[2024-05-10T04:02:15.033+0000] {taskinstance.py:3312} INFO - 0 downstream tasks scheduled from follow-on schedule check
