[2024-04-19T13:00:29.292+0000] {taskinstance.py:1979} INFO - Dependencies all met for dep_context=non-requeueable deps ti=<TaskInstance: Units_statistics_DAG.ETL_job scheduled__2024-04-19T12:00:00+00:00 map_index=12 [queued]>
[2024-04-19T13:00:29.404+0000] {taskinstance.py:1979} INFO - Dependencies all met for dep_context=requeueable deps ti=<TaskInstance: Units_statistics_DAG.ETL_job scheduled__2024-04-19T12:00:00+00:00 map_index=12 [queued]>
[2024-04-19T13:00:29.404+0000] {taskinstance.py:2193} INFO - Starting attempt 1 of 4
[2024-04-19T13:00:29.531+0000] {taskinstance.py:2217} INFO - Executing <Mapped(_PythonDecoratedOperator): ETL_job> on 2024-04-19 12:00:00+00:00
[2024-04-19T13:00:29.563+0000] {standard_task_runner.py:60} INFO - Started process 404209 to run task
[2024-04-19T13:00:29.663+0000] {standard_task_runner.py:87} INFO - Running: ['***', 'tasks', 'run', 'Units_statistics_DAG', 'ETL_job', 'scheduled__2024-04-19T12:00:00+00:00', '--job-id', '8754', '--raw', '--subdir', 'DAGS_FOLDER/Units_dag.py', '--cfg-path', '/tmp/tmpplrowj9x', '--map-index', '12']
[2024-04-19T13:00:29.665+0000] {standard_task_runner.py:88} INFO - Job 8754: Subtask ETL_job
[2024-04-19T13:00:29.964+0000] {task_command.py:423} INFO - Running <TaskInstance: Units_statistics_DAG.ETL_job scheduled__2024-04-19T12:00:00+00:00 map_index=12 [running]> on host a09da322e808
[2024-04-19T13:00:30.319+0000] {taskinstance.py:2513} INFO - Exporting env vars: AIRFLOW_CTX_DAG_OWNER='abeer-araby' AIRFLOW_CTX_DAG_ID='Units_statistics_DAG' AIRFLOW_CTX_TASK_ID='ETL_job' AIRFLOW_CTX_EXECUTION_DATE='2024-04-19T12:00:00+00:00' AIRFLOW_CTX_TRY_NUMBER='1' AIRFLOW_CTX_DAG_RUN_ID='scheduled__2024-04-19T12:00:00+00:00'
[2024-04-19T13:00:30.320+0000] {Units_dag.py:99} INFO - i: 120000, chunk: 10000
[2024-04-19T13:00:30.320+0000] {Units_dag.py:100} INFO - child token is::: eyJ0eXAiOiJKV1QiLCJhbGciOiJIUzI1NiJ9.eyJpc3MiOiJodHRwczovL2FwaS5hZmFxeS5zYS9hdXRoL2xvZ2luX2FzIiwiaWF0IjoxNzEzNTMxNjE0LCJleHAiOjE3MTYxMjM2MTQsIm5iZiI6MTcxMzUzMTYxNCwianRpIjoiS2FlbXh1enlhNjkyT3dWNCIsInN1YiI6IjVkNjNlNTFlMDNlZDUyOTJhNDJjMjRlNiIsInBydiI6IjI3MGVjZmM3ZWEzZWQ5MzdlYTg0OTM2MmEzYTUwOTEwYzZkOGNlNGYiLCJsb2dpbl9hc19pZCI6IjY1N2YwYWQ3M2Y5NzcyOTVjZjA1NTc2YSJ9.9xeTkrcJoFENbjNQbD4ypHLZf-c8ZNu33kGcArOsyE4
[2024-04-19T13:01:12.011+0000] {Units_dag.py:104} INFO - {'_id': '64c65e5561d9773b6c4a3f88', 'icon': 'icons/icon.png', 'driver_id': '', 'tailer_id': '', 'profile': {'measurement_type': 'count', 'fuel_type': '91', 'year': 0, 'seats': 2}, 'device_password': '***', 'device_type': 'gps', 'gateway': False, 'business_types': {'waste': False, 'transportation': True, 'water': False}, 'name': '7193 N X R', 'operation_code': None, 'device_gateway': None, 'skip_sim_information': False, 'imei': '868184060555441', 'sim_number': '+966830032246255', 'sim_serial': '8996609821111916301', 'device_serial': '868184060555441', 'device': 'bce', 'user_id': '637373379fd3b622627d003c', 'created_by': '5e6655bf03ed52e1ab79d301', 'updated_at': '2024-04-18 11:18:59', 'created_at': '2023-07-30 15:57:57', 'custom_fields': [], 'creator': 'amr.ahmed', 'company': '', 'owner': 'badr-alsahly-admin', 'last_update': {'dtt': 1713531606000, 'dts': 1713531628792, 'spd': 0, 'ang': 144, 'alt': 612, 'chPrams': {'ePwrV': {'v': 13.321, 'cdt': 1713531546000}, 'di16': {'v': 1, 'cdt': 1711534290000}, 'di15': {'v': 0, 'cdt': 1690445558000}, 'rssi1': {'v': 68, 'cdt': 1713531606000}, 'di14': {'v': 0, 'cdt': 1713529432000}, 'di13': {'v': 0, 'cdt': 1711534542000}, 'di12': {'v': 0, 'cdt': 1711183560000}, 'di11': {'v': 0, 'cdt': 1711183560000}, 'di10': {'v': 0, 'cdt': 1690787526000}, 'di2': {'v': 1, 'cdt': 1711524236000}, 'di1': {'v': 0, 'cdt': 1713529504000}, 'di4': {'v': 0, 'cdt': 1711183560000}, 'di3': {'v': 0, 'cdt': 1711183560000}, 'di6': {'v': 1, 'cdt': 1711183560000}, 'di5': {'v': 0, 'cdt': 1713529504000}, 'lac1': {'v': 1252, 'cdt': 1713462044000}, 'protocol': {'v': 'bce', 'cdt': 1711183560000}, 'di8': {'v': 1, 'cdt': 1711183560000}, 'di7': {'v': 1, 'cdt': 1713529094000}, 'di9': {'v': 0, 'cdt': 1711183560000}, 'iPwrV': {'v': 4.057, 'cdt': 1713531486000}, 'cid1': {'v': 14211, 'cdt': 1713529504000}, 'odometer': {'v': 0, 'cdt': 1713529504000}, 'spd': {'v': 0, 'cdt': 1713529474000}, 'sat': {'v': 14, 'cdt': 1713531606000}, 'hdop': {'v': 1, 'cdt': 1713529834000}, 'ta': {'v': 0, 'cdt': 1711183852000}, 'mcc1': {'v': 420, 'cdt': 1711296356000}, 'mnc1': {'v': 3, 'cdt': 1712410720000}}, 'prms': {'protocol': 'bce', 'spd': 0, 'sat': 14, 'hdop': 1, 'odometer': 0, 'di16': 1, 'di15': 0, 'di14': 0, 'di13': 0, 'di12': 0, 'di11': 0, 'di10': 0, 'di9': 0, 'di8': 1, 'di7': 1, 'di6': 1, 'di5': 0, 'di4': 0, 'di3': 0, 'di2': 1, 'di1': 0, 'ePwrV': 13.321, 'iPwrV': 4.057, 'ta': 0, 'mcc1': 420, 'mnc1': 3, 'lac1': 1252, 'cid1': 14211, 'rssi1': 68}, 'devPrms': ['protocol', 'spd', 'sat', 'hdop', 'odometer', 'di16', 'di15', 'di14', 'di13', 'di12', 'di11', 'di10', 'di9', 'di8', 'di7', 'di6', 'di5', 'di4', 'di3', 'di2', 'di1', 'ePwrV', 'iPwrV', 'ta', 'mcc1', 'mnc1', 'lac1', 'cid1', 'rssi1'], 'old_params': {'protocol': 'bce', 'spd': 0, 'sat': 13, 'hdop': 1, 'odometer': 0, 'di16': 1, 'di15': 0, 'di14': 0, 'di13': 0, 'di12': 0, 'di11': 0, 'di10': 0, 'di9': 0, 'di8': 1, 'di7': 1, 'di6': 1, 'di5': 0, 'di4': 0, 'di3': 0, 'di2': 1, 'di1': 0, 'ePwrV': 13.321, 'iPwrV': 4.057, 'ta': 0, 'mcc1': 420, 'mnc1': 3, 'lac1': 1252, 'cid1': 14211, 'rssi1': 67}, 'vLoc': 1, 'vCon': 1, 'ip': '109.83.120.107', 'rl': 0, 'trl': 51926.1769, 'mdu': 0, 'tmdu': 5485906, 'eidl': 0, 'teidl': 2837402, 'fc': 0, 'tfc': 30.958008, 'acc': 0, 'accOn': 9030662, 'accOff': 14308270, 'sdu': 30, 'tsdu': 2102, 'lat': 24.600149154663086, 'lng': 46.71601486206055}, 'counters': {'odometer_type': 'gps', 'odometer': 51926.1769, 'engine_hours_type': 'acc', 'engine_hours': 9030662, 'last_acc': 0}, 'is_wasl_connected': 'Not Connected', 'iconUrl': 'https://api.afaqy.sa/images/units/icons/icon.png', 'hasCCTV': False}
[2024-04-19T13:01:12.526+0000] {warnings.py:109} WARNING - /home/***/.local/lib/python3.8/site-packages/elasticsearch/_sync/client/__init__.py:399: SecurityWarning: Connecting to 'https://dbelk1.afaqy.local:9200' using TLS with verify_certs=False is insecure
  _transport = transport_class(

[2024-04-19T13:01:12.579+0000] {warnings.py:109} WARNING - /home/***/.local/lib/python3.8/site-packages/elasticsearch/_sync/client/__init__.py:399: SecurityWarning: Connecting to 'https://dbelk3.afaqy.local:9200' using TLS with verify_certs=False is insecure
  _transport = transport_class(

[2024-04-19T13:01:12.666+0000] {warnings.py:109} WARNING - /home/***/.local/lib/python3.8/site-packages/elasticsearch/_sync/client/__init__.py:399: SecurityWarning: Connecting to 'https://dbelk2.afaqy.local:9200' using TLS with verify_certs=False is insecure
  _transport = transport_class(

[2024-04-19T13:01:12.707+0000] {warnings.py:109} WARNING - /home/***/.local/lib/python3.8/site-packages/urllib3/connectionpool.py:1061: InsecureRequestWarning: Unverified HTTPS request is being made to host 'dbelk1.afaqy.local'. Adding certificate verification is strongly advised. See: https://urllib3.readthedocs.io/en/1.26.x/advanced-usage.html#ssl-warnings
  warnings.warn(

[2024-04-19T13:01:12.756+0000] {_transport.py:335} INFO - GET https://dbelk1.afaqy.local:9200/_cluster/health [status:200 duration:0.083s]
[2024-04-19T13:01:13.149+0000] {warnings.py:109} WARNING - /home/***/.local/lib/python3.8/site-packages/urllib3/connectionpool.py:1061: InsecureRequestWarning: Unverified HTTPS request is being made to host 'dbelk3.afaqy.local'. Adding certificate verification is strongly advised. See: https://urllib3.readthedocs.io/en/1.26.x/advanced-usage.html#ssl-warnings
  warnings.warn(

[2024-04-19T13:01:14.843+0000] {_transport.py:335} INFO - PUT https://dbelk3.afaqy.local:9200/units_statistics_***/_bulk [status:200 duration:1.713s]
[2024-04-19T13:01:15.014+0000] {python.py:202} INFO - Done. Returned value was: None
[2024-04-19T13:01:15.028+0000] {taskinstance.py:1149} INFO - Marking task as SUCCESS. dag_id=Units_statistics_DAG, task_id=ETL_job, map_index=12, execution_date=20240419T120000, start_date=20240419T130029, end_date=20240419T130115
[2024-04-19T13:01:15.093+0000] {local_task_job_runner.py:234} INFO - Task exited with return code 0
[2024-04-19T13:01:15.113+0000] {taskinstance.py:3312} INFO - 0 downstream tasks scheduled from follow-on schedule check
