[2024-05-09T13:20:25.012+0000] {taskinstance.py:1979} INFO - Dependencies all met for dep_context=non-requeueable deps ti=<TaskInstance: Units_statistics_DAG.ETL_job scheduled__2024-05-09T13:00:00+00:00 map_index=11 [queued]>
[2024-05-09T13:20:25.113+0000] {taskinstance.py:1979} INFO - Dependencies all met for dep_context=requeueable deps ti=<TaskInstance: Units_statistics_DAG.ETL_job scheduled__2024-05-09T13:00:00+00:00 map_index=11 [queued]>
[2024-05-09T13:20:25.115+0000] {taskinstance.py:2193} INFO - Starting attempt 1 of 4
[2024-05-09T13:20:25.177+0000] {taskinstance.py:2217} INFO - Executing <Mapped(_PythonDecoratedOperator): ETL_job> on 2024-05-09 13:00:00+00:00
[2024-05-09T13:20:25.233+0000] {standard_task_runner.py:60} INFO - Started process 887654 to run task
[2024-05-09T13:20:25.252+0000] {standard_task_runner.py:87} INFO - Running: ['***', 'tasks', 'run', 'Units_statistics_DAG', 'ETL_job', 'scheduled__2024-05-09T13:00:00+00:00', '--job-id', '44405', '--raw', '--subdir', 'DAGS_FOLDER/Units_dag.py', '--cfg-path', '/tmp/tmpw6gltwbl', '--map-index', '11']
[2024-05-09T13:20:25.261+0000] {standard_task_runner.py:88} INFO - Job 44405: Subtask ETL_job
[2024-05-09T13:20:25.556+0000] {task_command.py:423} INFO - Running <TaskInstance: Units_statistics_DAG.ETL_job scheduled__2024-05-09T13:00:00+00:00 map_index=11 [running]> on host a09da322e808
[2024-05-09T13:20:25.947+0000] {taskinstance.py:2513} INFO - Exporting env vars: AIRFLOW_CTX_DAG_OWNER='abeer-araby' AIRFLOW_CTX_DAG_ID='Units_statistics_DAG' AIRFLOW_CTX_TASK_ID='ETL_job' AIRFLOW_CTX_EXECUTION_DATE='2024-05-09T13:00:00+00:00' AIRFLOW_CTX_TRY_NUMBER='1' AIRFLOW_CTX_DAG_RUN_ID='scheduled__2024-05-09T13:00:00+00:00'
[2024-05-09T13:20:25.948+0000] {Units_dag.py:98} INFO - i: 110000, chunk: 10000
[2024-05-09T13:20:25.949+0000] {Units_dag.py:99} INFO - child token is::: eyJ0eXAiOiJKV1QiLCJhbGciOiJIUzI1NiJ9.eyJpc3MiOiJodHRwczovL2FwaS5hZmFxeS5zYS9hdXRoL2xvZ2luX2FzIiwiaWF0IjoxNzE1MjYwODAzLCJleHAiOjE3MTc4NTI4MDMsIm5iZiI6MTcxNTI2MDgwMywianRpIjoiSVM5NkdNQ0s2eWs1WlE5cyIsInN1YiI6IjVkNjNlNTFlMDNlZDUyOTJhNDJjMjRlNiIsInBydiI6IjI3MGVjZmM3ZWEzZWQ5MzdlYTg0OTM2MmEzYTUwOTEwYzZkOGNlNGYiLCJsb2dpbl9hc19pZCI6IjY1N2YwYWQ3M2Y5NzcyOTVjZjA1NTc2YSJ9.tp_RVGBX9bgwHESHNnUIvKmsFYqTznxFhA2rOL3OkJQ
[2024-05-09T13:21:02.243+0000] {Units_dag.py:103} INFO - {'_id': '6489c75a908c54082e4cca7a', 'icon': 'icons/icon.png', 'driver_id': '', 'tailer_id': '', 'profile': {'vehicle_type': '', 'measurement_type': 'count', 'max_capacity': 0, 'vin': '', 'plate_number': '', 'start_operation': '', 'contract_milage': '', 'opening_milage': '', 'model': '', 'fuel_type': '91', 'year': 0, 'seats': 2}, 'device_password': '***', 'device_type': 'gps', 'gateway': False, 'business_types': {'waste': False, 'transportation': True, 'water': False}, 'name': '5353 U D R', 'operation_code': '', 'device_gateway': '', 'skip_sim_information': False, 'imei': '357073298429958', 'sim_number': '+966830031799306', 'sim_serial': '421296734727', 'device_serial': '1125805123', 'device': 'teltonika', 'user_id': '63f61e9243d583709905d032', 'created_by': '5e6655bf03ed52e1ab79d301', 'updated_at': '2024-04-18 11:18:59', 'created_at': '2023-06-14 16:57:46', 'custom_fields': [], 'creator': 'amr.ahmed', 'company': '', 'owner': 'tareq-al-awda-admin', 'last_update': {'dtt': 1715260826000, 'dts': 1715260828543, 'spd': 43, 'ang': 195, 'alt': 313, 'chPrams': {'Speed': {'v': 43, 'cdt': 1715260826000}, 'output1': {'v': False, 'cdt': 1713651123000}, 'output2': {'v': False, 'cdt': 1713651123000}, 'ePwrV': {'v': 13.917, 'cdt': 1715260826000}, 'parm24': {'v': 43, 'cdt': 1715260826000}, 'sat': {'v': 13, 'cdt': 1715260826000}, 'ai1': {'v': 217, 'cdt': 1715252850000}, 'priority': {'v': 0, 'cdt': 1712766819000}, 'type': {'v': 6, 'cdt': 1713618424000}, 'di2': {'v': 0, 'cdt': 1714465656000}, 'di1': {'v': 1, 'cdt': 1715259607000}, 'result': {'v': '5665723a30332e32372e31335f3033204750533a41584e5f352e312e392048773a464d42313230204d6f643a333320494d45493a33353730373332393834323939353820496e69743a323032342d342d31392031323a343620557074696d653a31333938393433204d41433a303031453432374445463038205350433a312830292041584c3a32204f42443a3020424c3a312e31302042543a34', 'cdt': 1714931978000}, 'protocol': {'v': 'FMB120', 'cdt': 1714932278000}, 'parm6': {'v': 217, 'cdt': 1714465656000}, 'iPwrV': {'v': 4.023, 'cdt': 1715260796000}, 'event': {'v': 0, 'cdt': 1712766819000}}, 'prms': {'protocol': 'FMB120', 'priority': 0, 'sat': 13, 'event': 0, 'di1': 1, 'output1': 0, 'di2': 0, 'output2': 0, 'ePwrV': 13.917, 'Speed': 43, 'parm24': 43, 'iPwrV': 4.023, 'ai1': 217, 'parm6': 217}, 'devPrms': ['protocol', 'priority', 'sat', 'event', 'di1', 'output1', 'di2', 'output2', 'ePwrV', 'Speed', 'parm24', 'iPwrV', 'ai1', 'parm6'], 'old_params': {'protocol': 'FMB120', 'priority': 0, 'sat': 14, 'event': 0, 'di1': 1, 'output1': 0, 'di2': 0, 'output2': 0, 'ePwrV': 13.879, 'Speed': 50, 'parm24': 50, 'iPwrV': 4.023, 'ai1': 217, 'parm6': 217}, 'vLoc': 1, 'vCon': 1, 'ip': '51.36.55.62', 'rl': 0.4203, 'trl': 90260.3049, 'mdu': 30, 'tmdu': 4665642, 'eidl': 0, 'teidl': 1967786, 'fc': 0.050436, 'tfc': 701.01306, 'acc': 1, 'accOn': 6708402, 'accOff': 1249560393, 'sdu': 0, 'tsdu': 0, 'lat': 28.3996483, 'lng': 45.9651283}, 'counters': {'odometer_type': 'gps', 'odometer': 128148.9239, 'engine_hours_type': 'acc', 'engine_hours': 6708402, 'last_acc': 1}, 'is_wasl_connected': 'Not Connected', 'iconUrl': 'https://api.afaqy.sa/images/units/icons/icon.png', 'hasCCTV': False}
[2024-05-09T13:21:04.479+0000] {warnings.py:109} WARNING - /home/***/.local/lib/python3.8/site-packages/elasticsearch/_sync/client/__init__.py:399: SecurityWarning: Connecting to 'https://dbelk3.afaqy.local:9200' using TLS with verify_certs=False is insecure
  _transport = transport_class(

[2024-05-09T13:21:04.550+0000] {warnings.py:109} WARNING - /home/***/.local/lib/python3.8/site-packages/elasticsearch/_sync/client/__init__.py:399: SecurityWarning: Connecting to 'https://dbelk2.afaqy.local:9200' using TLS with verify_certs=False is insecure
  _transport = transport_class(

[2024-05-09T13:21:04.699+0000] {warnings.py:109} WARNING - /home/***/.local/lib/python3.8/site-packages/elasticsearch/_sync/client/__init__.py:399: SecurityWarning: Connecting to 'https://dbelk1.afaqy.local:9200' using TLS with verify_certs=False is insecure
  _transport = transport_class(

[2024-05-09T13:21:04.728+0000] {warnings.py:109} WARNING - /home/***/.local/lib/python3.8/site-packages/urllib3/connectionpool.py:1061: InsecureRequestWarning: Unverified HTTPS request is being made to host 'dbelk3.afaqy.local'. Adding certificate verification is strongly advised. See: https://urllib3.readthedocs.io/en/1.26.x/advanced-usage.html#ssl-warnings
  warnings.warn(

[2024-05-09T13:21:04.806+0000] {_transport.py:335} INFO - GET https://dbelk3.afaqy.local:9200/_cluster/health [status:200 duration:0.105s]
[2024-05-09T13:21:05.590+0000] {warnings.py:109} WARNING - /home/***/.local/lib/python3.8/site-packages/urllib3/connectionpool.py:1061: InsecureRequestWarning: Unverified HTTPS request is being made to host 'dbelk2.afaqy.local'. Adding certificate verification is strongly advised. See: https://urllib3.readthedocs.io/en/1.26.x/advanced-usage.html#ssl-warnings
  warnings.warn(

[2024-05-09T13:21:10.705+0000] {_transport.py:335} INFO - PUT https://dbelk2.afaqy.local:9200/units_statistics_***/_bulk [status:200 duration:5.148s]
[2024-05-09T13:21:10.891+0000] {python.py:202} INFO - Done. Returned value was: None
[2024-05-09T13:21:10.913+0000] {taskinstance.py:1149} INFO - Marking task as SUCCESS. dag_id=Units_statistics_DAG, task_id=ETL_job, map_index=11, execution_date=20240509T130000, start_date=20240509T132025, end_date=20240509T132110
[2024-05-09T13:21:10.969+0000] {local_task_job_runner.py:234} INFO - Task exited with return code 0
[2024-05-09T13:21:11.002+0000] {taskinstance.py:3312} INFO - 0 downstream tasks scheduled from follow-on schedule check
