[2024-05-12T08:41:57.748+0000] {taskinstance.py:1979} INFO - Dependencies all met for dep_context=non-requeueable deps ti=<TaskInstance: Units_statistics_DAG.ETL_job scheduled__2024-05-12T08:20:00+00:00 map_index=4 [queued]>
[2024-05-12T08:41:57.763+0000] {taskinstance.py:1979} INFO - Dependencies all met for dep_context=requeueable deps ti=<TaskInstance: Units_statistics_DAG.ETL_job scheduled__2024-05-12T08:20:00+00:00 map_index=4 [queued]>
[2024-05-12T08:41:57.764+0000] {taskinstance.py:2193} INFO - Starting attempt 2 of 4
[2024-05-12T08:41:57.784+0000] {taskinstance.py:2217} INFO - Executing <Mapped(_PythonDecoratedOperator): ETL_job> on 2024-05-12 08:20:00+00:00
[2024-05-12T08:41:57.792+0000] {standard_task_runner.py:60} INFO - Started process 963686 to run task
[2024-05-12T08:41:57.798+0000] {standard_task_runner.py:87} INFO - Running: ['***', 'tasks', 'run', 'Units_statistics_DAG', 'ETL_job', 'scheduled__2024-05-12T08:20:00+00:00', '--job-id', '53621', '--raw', '--subdir', 'DAGS_FOLDER/Units_dag.py', '--cfg-path', '/tmp/tmpnfzeyqae', '--map-index', '4']
[2024-05-12T08:41:57.800+0000] {standard_task_runner.py:88} INFO - Job 53621: Subtask ETL_job
[2024-05-12T08:41:57.885+0000] {task_command.py:423} INFO - Running <TaskInstance: Units_statistics_DAG.ETL_job scheduled__2024-05-12T08:20:00+00:00 map_index=4 [running]> on host a09da322e808
[2024-05-12T08:41:58.086+0000] {taskinstance.py:2513} INFO - Exporting env vars: AIRFLOW_CTX_DAG_OWNER='abeer-araby' AIRFLOW_CTX_DAG_ID='Units_statistics_DAG' AIRFLOW_CTX_TASK_ID='ETL_job' AIRFLOW_CTX_EXECUTION_DATE='2024-05-12T08:20:00+00:00' AIRFLOW_CTX_TRY_NUMBER='2' AIRFLOW_CTX_DAG_RUN_ID='scheduled__2024-05-12T08:20:00+00:00'
[2024-05-12T08:41:58.088+0000] {Units_dag.py:98} INFO - i: 40000, chunk: 10000
[2024-05-12T08:41:58.088+0000] {Units_dag.py:99} INFO - child token is::: eyJ0eXAiOiJKV1QiLCJhbGciOiJIUzI1NiJ9.eyJpc3MiOiJodHRwczovL2FwaS5hZmFxeS5zYS9hdXRoL2xvZ2luX2FzIiwiaWF0IjoxNzE1NTAzMjA0LCJleHAiOjE3MTgwOTUyMDQsIm5iZiI6MTcxNTUwMzIwNCwianRpIjoic1BPdnBBdTV1NTl0QnV2eiIsInN1YiI6IjVkNjNlNTFlMDNlZDUyOTJhNDJjMjRlNiIsInBydiI6IjI3MGVjZmM3ZWEzZWQ5MzdlYTg0OTM2MmEzYTUwOTEwYzZkOGNlNGYiLCJsb2dpbl9hc19pZCI6IjY1N2YwYWQ3M2Y5NzcyOTVjZjA1NTc2YSJ9.2VPBl_gWZDuSqi6Wy8mYC2FaV27c7Bf4eiWry-Krr3w
[2024-05-12T08:42:17.332+0000] {Units_dag.py:103} INFO - {'_id': '626800f55683fc0862694b42', 'icon': 'icons/icon.png', 'driver_id': '', 'tailer_id': '', 'profile': {'measurement_type': 'count', 'fuel_type': '91', 'year': 0, 'seats': 2}, 'device_password': '***', 'device_type': 'gps', 'gateway': False, 'name': '7189 - L B R', 'operation_code': None, 'device_gateway': None, 'business_types': {'waste': False, 'transportation': True, 'water': False}, 'imei': '866854051805516', 'sim_number': '+966830028522302', 'sim_serial': '996609821110927369', 'device_serial': '866854051805516', 'device': 'bce', 'user_id': '6203ca86d5264a332265ce5d', 'created_by': '5e6655bf03ed52e1ab79d301', 'updated_at': '2024-04-18 11:18:59', 'created_at': '2022-04-26 17:25:57', 'custom_fields': [], 'creator': 'amr.ahmed', 'company': '', 'owner': 'i_drive_co_admin', 'last_update': {'dtt': 1715503092000, 'dts': 1715503206800, 'spd': 0, 'ang': 0, 'alt': 535, 'chPrams': {'ePwrV': {'v': 11.132, 'cdt': 1715503092000}, 'di16': {'v': 0, 'cdt': 1715423756000}, 'rssi1': {'v': 54, 'cdt': 1715503092000}, 'di15': {'v': 0, 'cdt': 1715423756000}, 'di14': {'v': 0, 'cdt': 1715426262000}, 'di13': {'v': 0, 'cdt': 1715423756000}, 'di12': {'v': 0, 'cdt': 1715423756000}, 'di11': {'v': 0, 'cdt': 1715423756000}, 'di10': {'v': 0, 'cdt': 1715423756000}, 'di2': {'v': 1, 'cdt': 1715423756000}, 'di1': {'v': 0, 'cdt': 1715426326000}, 'di4': {'v': 0, 'cdt': 1715423756000}, 'di3': {'v': 0, 'cdt': 1715423756000}, 'di6': {'v': 1, 'cdt': 1715423756000}, 'di5': {'v': 0, 'cdt': 1715426356000}, 'lac1': {'v': 1242, 'cdt': 1715423756000}, 'protocol': {'v': 'bce', 'cdt': 1715423756000}, 'di8': {'v': 1, 'cdt': 1715423756000}, 'di7': {'v': 0, 'cdt': 1715426356000}, 'di9': {'v': 0, 'cdt': 1715423756000}, 'iPwrV': {'v': 3.859, 'cdt': 1715503092000}, 'cid1': {'v': 48533, 'cdt': 1715426558000}, 'odometer': {'v': 0, 'cdt': 1715426296000}, 'spd': {'v': 0, 'cdt': 1715426296000}, 'sat': {'v': 15, 'cdt': 1715500092000}, 'hdop': {'v': 1, 'cdt': 1715423786000}, 'ta': {'v': 0, 'cdt': 1715423756000}, 'mcc1': {'v': 420, 'cdt': 1713442148000}, 'mnc1': {'v': 3, 'cdt': 1713442148000}}, 'prms': {'protocol': 'bce', 'spd': 0, 'sat': 15, 'hdop': 1, 'odometer': 0, 'di16': 0, 'di15': 0, 'di14': 0, 'di13': 0, 'di12': 0, 'di11': 0, 'di10': 0, 'di9': 0, 'di8': 1, 'di7': 0, 'di6': 1, 'di5': 0, 'di4': 0, 'di3': 0, 'di2': 1, 'di1': 0, 'ePwrV': 11.132, 'iPwrV': 3.859, 'ta': 0, 'mcc1': 420, 'mnc1': 3, 'lac1': 1242, 'cid1': 48533, 'rssi1': 54}, 'devPrms': ['protocol', 'spd', 'sat', 'hdop', 'odometer', 'di16', 'di15', 'di14', 'di13', 'di12', 'di11', 'di10', 'di9', 'di8', 'di7', 'di6', 'di5', 'di4', 'di3', 'di2', 'di1', 'ePwrV', 'iPwrV', 'ta', 'mcc1', 'mnc1', 'lac1', 'cid1', 'rssi1'], 'old_params': {'protocol': 'bce', 'spd': 0, 'sat': 15, 'hdop': 1, 'odometer': 0, 'di16': 0, 'di15': 0, 'di14': 0, 'di13': 0, 'di12': 0, 'di11': 0, 'di10': 0, 'di9': 0, 'di8': 1, 'di7': 0, 'di6': 1, 'di5': 0, 'di4': 0, 'di3': 0, 'di2': 1, 'di1': 0, 'ePwrV': 11.096, 'iPwrV': 3.86, 'ta': 0, 'mcc1': 420, 'mnc1': 3, 'lac1': 1242, 'cid1': 48533, 'rssi1': 57}, 'vLoc': 1, 'vCon': 1, 'ip': '109.83.182.20', 'rl': 0, 'trl': 37443.4148, 'mdu': 0, 'tmdu': 2799668, 'eidl': 0, 'teidl': 2202956, 'fc': 0, 'tfc': 5.314232, 'acc': 0, 'accOn': 11182522, 'accOff': 56764546, 'sdu': 298, 'tsdu': 76736, 'lat': 24.597537994384766, 'lng': 46.69668960571289}, 'counters': {'odometer_type': 'gps', 'odometer': 37443.4148, 'engine_hours_type': 'acc', 'engine_hours': 11182522, 'last_acc': 0}, 'is_wasl_connected': 'Not Connected', 'iconUrl': 'https://api.afaqy.sa/images/units/icons/icon.png', 'hasCCTV': False}
[2024-05-12T08:42:17.851+0000] {warnings.py:109} WARNING - /home/***/.local/lib/python3.8/site-packages/elasticsearch/_sync/client/__init__.py:399: SecurityWarning: Connecting to 'https://dbelk1.afaqy.local:9200' using TLS with verify_certs=False is insecure
  _transport = transport_class(

[2024-05-12T08:42:17.901+0000] {warnings.py:109} WARNING - /home/***/.local/lib/python3.8/site-packages/elasticsearch/_sync/client/__init__.py:399: SecurityWarning: Connecting to 'https://dbelk3.afaqy.local:9200' using TLS with verify_certs=False is insecure
  _transport = transport_class(

[2024-05-12T08:42:17.978+0000] {warnings.py:109} WARNING - /home/***/.local/lib/python3.8/site-packages/elasticsearch/_sync/client/__init__.py:399: SecurityWarning: Connecting to 'https://dbelk2.afaqy.local:9200' using TLS with verify_certs=False is insecure
  _transport = transport_class(

[2024-05-12T08:42:18.008+0000] {warnings.py:109} WARNING - /home/***/.local/lib/python3.8/site-packages/urllib3/connectionpool.py:1061: InsecureRequestWarning: Unverified HTTPS request is being made to host 'dbelk1.afaqy.local'. Adding certificate verification is strongly advised. See: https://urllib3.readthedocs.io/en/1.26.x/advanced-usage.html#ssl-warnings
  warnings.warn(

[2024-05-12T08:42:18.068+0000] {_transport.py:335} INFO - GET https://dbelk1.afaqy.local:9200/_cluster/health [status:200 duration:0.088s]
[2024-05-12T08:42:18.497+0000] {warnings.py:109} WARNING - /home/***/.local/lib/python3.8/site-packages/urllib3/connectionpool.py:1061: InsecureRequestWarning: Unverified HTTPS request is being made to host 'dbelk3.afaqy.local'. Adding certificate verification is strongly advised. See: https://urllib3.readthedocs.io/en/1.26.x/advanced-usage.html#ssl-warnings
  warnings.warn(

[2024-05-12T08:42:18.509+0000] {_transport.py:335} INFO - PUT https://dbelk3.afaqy.local:9200/units_statistics_***/_bulk [status:429 duration:0.029s]
[2024-05-12T08:42:18.510+0000] {_node_pool.py:249} WARNING - Node <Urllib3HttpNode(https://dbelk3.afaqy.local:9200)> has failed for 1 times in a row, putting on 1 second timeout
[2024-05-12T08:42:18.510+0000] {_transport.py:427} WARNING - Retrying request after non-successful status 429 (attempt 0 of 3)
[2024-05-12T08:42:18.511+0000] {warnings.py:109} WARNING - /home/***/.local/lib/python3.8/site-packages/urllib3/connectionpool.py:1061: InsecureRequestWarning: Unverified HTTPS request is being made to host 'dbelk1.afaqy.local'. Adding certificate verification is strongly advised. See: https://urllib3.readthedocs.io/en/1.26.x/advanced-usage.html#ssl-warnings
  warnings.warn(

[2024-05-12T08:42:19.372+0000] {_transport.py:335} INFO - PUT https://dbelk1.afaqy.local:9200/units_statistics_***/_bulk [status:200 duration:0.862s]
[2024-05-12T08:42:19.767+0000] {python.py:202} INFO - Done. Returned value was: None
[2024-05-12T08:42:19.788+0000] {taskinstance.py:1149} INFO - Marking task as SUCCESS. dag_id=Units_statistics_DAG, task_id=ETL_job, map_index=4, execution_date=20240512T082000, start_date=20240512T084157, end_date=20240512T084219
[2024-05-12T08:42:19.840+0000] {local_task_job_runner.py:234} INFO - Task exited with return code 0
[2024-05-12T08:42:19.867+0000] {taskinstance.py:3312} INFO - 0 downstream tasks scheduled from follow-on schedule check
