[2024-05-10T04:03:25.711+0000] {taskinstance.py:1979} INFO - Dependencies all met for dep_context=non-requeueable deps ti=<TaskInstance: Units_statistics_DAG.ETL_job scheduled__2024-05-10T03:40:00+00:00 map_index=11 [queued]>
[2024-05-10T04:03:25.726+0000] {taskinstance.py:1979} INFO - Dependencies all met for dep_context=requeueable deps ti=<TaskInstance: Units_statistics_DAG.ETL_job scheduled__2024-05-10T03:40:00+00:00 map_index=11 [queued]>
[2024-05-10T04:03:25.726+0000] {taskinstance.py:2193} INFO - Starting attempt 3 of 4
[2024-05-10T04:03:25.752+0000] {taskinstance.py:2217} INFO - Executing <Mapped(_PythonDecoratedOperator): ETL_job> on 2024-05-10 03:40:00+00:00
[2024-05-10T04:03:25.763+0000] {standard_task_runner.py:60} INFO - Started process 904310 to run task
[2024-05-10T04:03:25.783+0000] {standard_task_runner.py:87} INFO - Running: ['***', 'tasks', 'run', 'Units_statistics_DAG', 'ETL_job', 'scheduled__2024-05-10T03:40:00+00:00', '--job-id', '46467', '--raw', '--subdir', 'DAGS_FOLDER/Units_dag.py', '--cfg-path', '/tmp/tmpqle5qurr', '--map-index', '11']
[2024-05-10T04:03:25.786+0000] {standard_task_runner.py:88} INFO - Job 46467: Subtask ETL_job
[2024-05-10T04:03:25.904+0000] {task_command.py:423} INFO - Running <TaskInstance: Units_statistics_DAG.ETL_job scheduled__2024-05-10T03:40:00+00:00 map_index=11 [running]> on host a09da322e808
[2024-05-10T04:03:26.111+0000] {taskinstance.py:2513} INFO - Exporting env vars: AIRFLOW_CTX_DAG_OWNER='abeer-araby' AIRFLOW_CTX_DAG_ID='Units_statistics_DAG' AIRFLOW_CTX_TASK_ID='ETL_job' AIRFLOW_CTX_EXECUTION_DATE='2024-05-10T03:40:00+00:00' AIRFLOW_CTX_TRY_NUMBER='3' AIRFLOW_CTX_DAG_RUN_ID='scheduled__2024-05-10T03:40:00+00:00'
[2024-05-10T04:03:26.113+0000] {Units_dag.py:98} INFO - i: 110000, chunk: 10000
[2024-05-10T04:03:26.113+0000] {Units_dag.py:99} INFO - child token is::: eyJ0eXAiOiJKV1QiLCJhbGciOiJIUzI1NiJ9.eyJpc3MiOiJodHRwczovL2FwaS5hZmFxeS5zYS9hdXRoL2xvZ2luX2FzIiwiaWF0IjoxNzE1MzEzNjA0LCJleHAiOjE3MTc5MDU2MDQsIm5iZiI6MTcxNTMxMzYwNCwianRpIjoiTkhCVU56YkxTdG5jSFUyayIsInN1YiI6IjVkNjNlNTFlMDNlZDUyOTJhNDJjMjRlNiIsInBydiI6IjI3MGVjZmM3ZWEzZWQ5MzdlYTg0OTM2MmEzYTUwOTEwYzZkOGNlNGYiLCJsb2dpbl9hc19pZCI6IjY1N2YwYWQ3M2Y5NzcyOTVjZjA1NTc2YSJ9.pU992LqdNpzgJOZIk8ASXJof_Nu03U5tHryBSRmP7qQ
[2024-05-10T04:03:46.586+0000] {Units_dag.py:103} INFO - {'_id': '6489cdd738edc639a07cb9e2', 'icon': 'icons/29.png', 'driver_id': '', 'tailer_id': '', 'profile': {'vehicle_type': None, 'measurement_type': 'count', 'max_capacity': 0, 'vin': None, 'plate_number': 'أ س س 8737', 'start_operation': None, 'contract_milage': None, 'opening_milage': None, 'model': None, 'fuel_type': '91', 'year': 0, 'seats': 2}, 'device_password': '***', 'device_type': 'gps', 'gateway': False, 'business_types': {'waste': False, 'transportation': False, 'water': False, 'hajj': True}, 'name': '0074', 'operation_code': '74', 'device_gateway': '', 'skip_sim_information': False, 'imei': '862315065310061', 'sim_number': '+966830031821236', 'sim_serial': '421296748809', 'device_serial': '862315065310061', 'device': 'bceIotm', 'user_id': '6256d944674c9170c17c2e47', 'created_by': '5e6655bf03ed52e1ab79d301', 'updated_at': '2024-04-18 11:18:59', 'created_at': '2023-06-14 17:25:27', 'custom_fields': [], 'creator': 'amr.ahmed', 'company': 'شركة الدار البيضاء للخدمات الفندقية والسياحة المحدودة', 'owner': 'aldaar-albayda-hajj', 'last_update': {'dtt': 1715313725000, 'dts': 1715313730183, 'spd': 0, 'ang': 100, 'alt': 136, 'chPrams': {'acc': {'v': 0, 'cdt': 1715171546000}, 'sensor_16386': {'v': 25113, 'cdt': 1715171408000}, 'sensor_8192': {'v': 0, 'cdt': 1715171825000}, 'sensor_170': {'v': 0, 'cdt': 1714178352000}, 'sensor_16385': {'v': 14190, 'cdt': 1715171408000}, 'fw_name': {'v': 'QF0_0B_130_3104_5', 'cdt': 1714215588000}, 'ePwrV': {'v': 25450, 'cdt': 1715313725000}, 'sensor_8': {'v': 0, 'cdt': 1715171546000}, 'sensor_153': {'v': 0, 'cdt': 1686993182000}, 'sensor_16387': {'v': 25, 'cdt': 1715170917000}, 'sensor_12289': {'v': 46, 'cdt': 1715313425000}, 'war_id': {'v': 22, 'cdt': 1713048620000}, 'sensor_152': {'v': 0, 'cdt': 1715171525000}, 'sensor_12300': {'v': 6007, 'cdt': 1715171525000}, 'sensor_12322': {'v': 0, 'cdt': 1715171525000}, 'protocol': {'v': 'MQTT', 'cdt': 1714020456000}, 'sensor_10': {'v': 1, 'cdt': 1715070562000}, 'sensor_11': {'v': 1, 'cdt': 1715070562000}, 'sensor_2': {'v': 0, 'cdt': 1715171546000}, 'sensor_16': {'v': 0, 'cdt': 1715171525000}, 'sensor_17': {'v': 0, 'cdt': 1715188325000}, 'sensor_18': {'v': 0, 'cdt': 1715276825000}, 'sensor_12290': {'v': 37, 'cdt': 1715313725000}, 'sensor_45058': {'v': 31875555.901727892, 'cdt': 1715171495000}, 'sensor_12292': {'v': 4060, 'cdt': 1715313725000}, 'spd': {'v': 0, 'cdt': 1715171546000}, 'sensor_12291': {'v': 18, 'cdt': 1715313425000}, 'sat': {'v': 9, 'cdt': 1715313725000}, 'fun_id': {'v': 101, 'cdt': 1713048620000}, 'sensor_8200': {'v': 109, 'cdt': 1715171525000}, 'hdop': {'v': 16, 'cdt': 1715313725000}, 'sensor_12299': {'v': 142, 'cdt': 1715171825000}, 'sensor_49173': {'v': 'No DTCs found', 'cdt': 1714428754000}, 'sensor_21': {'v': 1, 'cdt': 1715061417000}, 'sensor_148': {'v': 0, 'cdt': 1714178352000}}, 'prms': {'sensor_45058': 31875555.901727892, 'sensor_12299': 142, 'ePwrV': 25450, 'sensor_12292': 4060, 'sensor_12289': 46, 'sensor_12290': 37, 'sensor_12291': 18, 'spd': 0, 'hdop': 16, 'sat': 9, 'sensor_8192': 0, 'acc': 0, 'sensor_2': 0, 'sensor_11': 1, 'sensor_8': 0, 'sensor_10': 1, 'sensor_16': 0, 'sensor_17': 0, 'sensor_18': 0, 'sensor_21': 1, 'sensor_153': 0, 'protocol': 'MQTT', 'sensor_16387': 25}, 'devPrms': ['sensor_45058', 'sensor_12299', 'ePwrV', 'sensor_12292', 'sensor_12289', 'sensor_12290', 'sensor_12291', 'spd', 'hdop', 'sat', 'sensor_8192', 'acc', 'sensor_2', 'sensor_11', 'sensor_8', 'sensor_10', 'sensor_16', 'sensor_17', 'sensor_18', 'sensor_21', 'sensor_153', 'protocol', 'sensor_16387'], 'old_params': {'sensor_45058': 31875555.901727892, 'sensor_12299': 142, 'ePwrV': 25434, 'sensor_12292': 4055, 'sensor_12289': 46, 'sensor_12290': 18, 'sensor_12291': 18, 'spd': 0, 'hdop': 7, 'sat': 13, 'sensor_8192': 0, 'acc': 0, 'sensor_2': 0, 'sensor_11': 1, 'sensor_8': 0, 'sensor_10': 1, 'sensor_16': 0, 'sensor_17': 0, 'sensor_18': 0, 'sensor_21': 1, 'sensor_153': 0, 'protocol': 'MQTT', 'sensor_16387': 25}, 'vLoc': 1, 'vCon': 1, 'ip': '51.39.43.254', 'rl': 0, 'trl': 0.13, 'mdu': 0, 'tmdu': 1781906, 'eidl': 0, 'teidl': 2722475, 'fc': 0, 'tfc': 8.3988, 'acc': 0, 'accOn': 1725991014, 'accOff': 16347002, 'sdu': 300, 'tsdu': 142179, 'lat': 21.448469161987305, 'lng': 39.51739501953125}, 'counters': {'odometer_type': 'canbus', 'odometer': 0.13, 'engine_hours_type': 'acc', 'engine_hours': 1725991014, 'last_acc': 0}, 'is_wasl_connected': 'Connected', 'iconUrl': 'https://api.afaqy.sa/images/units/icons/29.png', 'hasCCTV': False}
[2024-05-10T04:03:47.675+0000] {warnings.py:109} WARNING - /home/***/.local/lib/python3.8/site-packages/elasticsearch/_sync/client/__init__.py:399: SecurityWarning: Connecting to 'https://dbelk2.afaqy.local:9200' using TLS with verify_certs=False is insecure
  _transport = transport_class(

[2024-05-10T04:03:47.760+0000] {warnings.py:109} WARNING - /home/***/.local/lib/python3.8/site-packages/elasticsearch/_sync/client/__init__.py:399: SecurityWarning: Connecting to 'https://dbelk1.afaqy.local:9200' using TLS with verify_certs=False is insecure
  _transport = transport_class(

[2024-05-10T04:03:47.858+0000] {warnings.py:109} WARNING - /home/***/.local/lib/python3.8/site-packages/elasticsearch/_sync/client/__init__.py:399: SecurityWarning: Connecting to 'https://dbelk3.afaqy.local:9200' using TLS with verify_certs=False is insecure
  _transport = transport_class(

[2024-05-10T04:03:47.892+0000] {warnings.py:109} WARNING - /home/***/.local/lib/python3.8/site-packages/urllib3/connectionpool.py:1061: InsecureRequestWarning: Unverified HTTPS request is being made to host 'dbelk2.afaqy.local'. Adding certificate verification is strongly advised. See: https://urllib3.readthedocs.io/en/1.26.x/advanced-usage.html#ssl-warnings
  warnings.warn(

[2024-05-10T04:03:47.996+0000] {_transport.py:335} INFO - GET https://dbelk2.afaqy.local:9200/_cluster/health [status:200 duration:0.135s]
[2024-05-10T04:03:48.620+0000] {warnings.py:109} WARNING - /home/***/.local/lib/python3.8/site-packages/urllib3/connectionpool.py:1061: InsecureRequestWarning: Unverified HTTPS request is being made to host 'dbelk1.afaqy.local'. Adding certificate verification is strongly advised. See: https://urllib3.readthedocs.io/en/1.26.x/advanced-usage.html#ssl-warnings
  warnings.warn(

[2024-05-10T04:04:10.024+0000] {_transport.py:335} INFO - PUT https://dbelk1.afaqy.local:9200/units_statistics_***/_bulk [status:200 duration:21.438s]
[2024-05-10T04:04:10.176+0000] {taskinstance.py:2731} ERROR - Task failed with exception
Traceback (most recent call last):
  File "/home/airflow/.local/lib/python3.8/site-packages/airflow/models/taskinstance.py", line 444, in _execute_task
    result = _execute_callable(context=context, **execute_callable_kwargs)
  File "/home/airflow/.local/lib/python3.8/site-packages/airflow/models/taskinstance.py", line 414, in _execute_callable
    return execute_callable(context=context, **execute_callable_kwargs)
  File "/home/airflow/.local/lib/python3.8/site-packages/airflow/decorators/base.py", line 241, in execute
    return_value = super().execute(context)
  File "/home/airflow/.local/lib/python3.8/site-packages/airflow/operators/python.py", line 200, in execute
    return_value = self.execute_callable()
  File "/home/airflow/.local/lib/python3.8/site-packages/airflow/operators/python.py", line 217, in execute_callable
    return self.python_callable(*self.op_args, **self.op_kwargs)
  File "/opt/airflow/dags/Units_dag.py", line 111, in ETL_job
    Elk_client.elk_pushData(Globals.index_name,units_list_update)
  File "/opt/airflow/dags/units_statistics/elk_manager.py", line 69, in elk_pushData
    helpers.bulk(self.elk_client, docs_list, index=index_name, chunk_size=batch)
  File "/home/airflow/.local/lib/python3.8/site-packages/elasticsearch/helpers/actions.py", line 521, in bulk
    for ok, item in streaming_bulk(
  File "/home/airflow/.local/lib/python3.8/site-packages/elasticsearch/helpers/actions.py", line 436, in streaming_bulk
    for data, (ok, info) in zip(
  File "/home/airflow/.local/lib/python3.8/site-packages/elasticsearch/helpers/actions.py", line 355, in _process_bulk_chunk
    yield from gen
  File "/home/airflow/.local/lib/python3.8/site-packages/elasticsearch/helpers/actions.py", line 274, in _process_bulk_chunk_success
    raise BulkIndexError(f"{len(errors)} document(s) failed to index.", errors)
elasticsearch.helpers.BulkIndexError: 2305 document(s) failed to index.
[2024-05-10T04:04:10.201+0000] {taskinstance.py:1149} INFO - Marking task as UP_FOR_RETRY. dag_id=Units_statistics_DAG, task_id=ETL_job, map_index=11, execution_date=20240510T034000, start_date=20240510T040325, end_date=20240510T040410
[2024-05-10T04:04:10.224+0000] {standard_task_runner.py:107} ERROR - Failed to execute job 46467 for task ETL_job (2305 document(s) failed to index.; 904310)
[2024-05-10T04:04:10.331+0000] {local_task_job_runner.py:234} INFO - Task exited with return code 1
[2024-05-10T04:04:10.360+0000] {taskinstance.py:3312} INFO - 0 downstream tasks scheduled from follow-on schedule check
