[2024-04-16T09:16:27.756+0000] {taskinstance.py:1979} INFO - Dependencies all met for dep_context=non-requeueable deps ti=<TaskInstance: Units_statistics_DAG.ETL_job scheduled__2024-04-16T08:00:00+00:00 map_index=16 [queued]>
[2024-04-16T09:16:27.769+0000] {taskinstance.py:1979} INFO - Dependencies all met for dep_context=requeueable deps ti=<TaskInstance: Units_statistics_DAG.ETL_job scheduled__2024-04-16T08:00:00+00:00 map_index=16 [queued]>
[2024-04-16T09:16:27.769+0000] {taskinstance.py:2193} INFO - Starting attempt 3 of 4
[2024-04-16T09:16:27.787+0000] {taskinstance.py:2217} INFO - Executing <Mapped(_PythonDecoratedOperator): ETL_job> on 2024-04-16 08:00:00+00:00
[2024-04-16T09:16:27.794+0000] {standard_task_runner.py:60} INFO - Started process 328971 to run task
[2024-04-16T09:16:27.805+0000] {standard_task_runner.py:87} INFO - Running: ['***', 'tasks', 'run', 'Units_statistics_DAG', 'ETL_job', 'scheduled__2024-04-16T08:00:00+00:00', '--job-id', '3981', '--raw', '--subdir', 'DAGS_FOLDER/Units_dag.py', '--cfg-path', '/tmp/tmpt8iglru_', '--map-index', '16']
[2024-04-16T09:16:27.808+0000] {standard_task_runner.py:88} INFO - Job 3981: Subtask ETL_job
[2024-04-16T09:16:27.907+0000] {task_command.py:423} INFO - Running <TaskInstance: Units_statistics_DAG.ETL_job scheduled__2024-04-16T08:00:00+00:00 map_index=16 [running]> on host a09da322e808
[2024-04-16T09:16:28.059+0000] {taskinstance.py:2513} INFO - Exporting env vars: AIRFLOW_CTX_DAG_OWNER='abeer-araby' AIRFLOW_CTX_DAG_ID='Units_statistics_DAG' AIRFLOW_CTX_TASK_ID='ETL_job' AIRFLOW_CTX_EXECUTION_DATE='2024-04-16T08:00:00+00:00' AIRFLOW_CTX_TRY_NUMBER='3' AIRFLOW_CTX_DAG_RUN_ID='scheduled__2024-04-16T08:00:00+00:00'
[2024-04-16T09:16:28.061+0000] {Units_dag.py:90} INFO - i: 160000, chunk: 6611
[2024-04-16T09:16:28.062+0000] {Units_dag.py:91} INFO - child token is::: eyJ0eXAiOiJKV1QiLCJhbGciOiJIUzI1NiJ9.eyJpc3MiOiJodHRwczovL2FwaS5hZmFxeS5zYS9hdXRoL2xvZ2luX2FzIiwiaWF0IjoxNzEzMjU4MDAzLCJleHAiOjE3MTU4NTAwMDMsIm5iZiI6MTcxMzI1ODAwMywianRpIjoiakp0VGh2dDA5dm43aTg1MCIsInN1YiI6IjVkNjNlNTFlMDNlZDUyOTJhNDJjMjRlNiIsInBydiI6IjI3MGVjZmM3ZWEzZWQ5MzdlYTg0OTM2MmEzYTUwOTEwYzZkOGNlNGYiLCJsb2dpbl9hc19pZCI6IjY1N2YwYWQ3M2Y5NzcyOTVjZjA1NTc2YSJ9.EmbZ0RY9u-BHgdA5VeLM7OzJeWMA1HPlvUHXPTnVNQI
[2024-04-16T09:16:40.784+0000] {Units_dag.py:95} INFO - {'_id': '65e5a4aca4827429e5042046', 'icon': 'icons/icon.png', 'driver_id': '', 'tailer_id': '', 'profile': {'vehicle_type': '', 'measurement_type': 'count', 'max_capacity': 0, 'vin': '', 'plate_number': '', 'start_operation': '', 'contract_milage': '', 'opening_milage': '', 'model': '', 'fuel_type': '91', 'year': 0, 'seats': 2}, 'shipment_info': {'product_category': None, 'truck_type': None, 'shipment_type': None, 'shipment_payment_type': None, 'transporter_type': None, 'operating_area': None, 'weight_kilograms_per_day': None, 'kms_per_day': None, 'shipment_trip_drive_hrs_day': None, 'allowable_delay_drive_hrs_day': None, 'expected_shipment_trip_day': None, 'car_pay_per_day': None, 'exceeding_temperature_limit_per_day': None, 'temperature_upper_limit': None, 'exceeding_humidity_limit_per_day': None, 'humidity_upper_limit': None}, 'device_password': '***', 'device_type': 'gps', 'gateway': False, 'business_types': {'waste': False, 'transportation': True, 'water': False}, 'name': 'ك ع ٧٦٩', 'operation_code': '', 'device_gateway': '', 'skip_sim_information': False, 'imei': '866069060945241', 'sim_number': '+966830020998554', 'sim_serial': '8996609821112199312', 'device_serial': '1135870839', 'device': 'teltonika', 'user_id': '6554bfc89936702718105a8b', 'created_by': '5e6655bf03ed52e1ab79d301', 'updated_at': '2024-04-13 18:54:01', 'created_at': '2024-03-04 13:38:36', 'creator': 'amr.ahmed', 'company': '', 'owner': 'fast-service-admin', 'last_update': {'dtt': 1713258775000, 'dts': 1713258779033, 'spd': 0, 'ang': 248, 'alt': 87, 'chPrams': {'Speed': {'v': 0, 'cdt': 1713234879000}, 'output1': {'v': False, 'cdt': 1713257573000}, 'ePwrV': {'v': 12.753, 'cdt': 1713258775000}, 'parm24': {'v': 0, 'cdt': 1713234879000}, 'sat': {'v': 12, 'cdt': 1713258775000}, 'ai1': {'v': 174, 'cdt': 1713234844000}, 'priority': {'v': 0, 'cdt': 1712217628000}, 'type': {'v': 6, 'cdt': 1712249351000}, 'di1': {'v': 0, 'cdt': 1713234879000}, 'result': {'v': '5665723a30332e32382e30325f313937204750533a41584e5f352e312e392048773a464d43393230204d6f643a3120494d45493a38363630363930363039343532343120496e69743a323032342d332d32302032303a323120557074696d653a32323837363931204d41433a333838413231393045383545205350433a312830292041584c3a31204f42443a3020424c3a312e31302042543a34', 'cdt': 1713257272000}, 'protocol': {'v': 'FMC920', 'cdt': 1713257573000}, 'iPwrV': {'v': 3.991, 'cdt': 1713234849000}, 'event': {'v': 0, 'cdt': 1712217928000}}, 'prms': {'protocol': 'FMC920', 'priority': 0, 'sat': 12, 'event': 0, 'di1': 0, 'output1': 0, 'ePwrV': 12.753, 'Speed': 0, 'parm24': 0, 'iPwrV': 3.991, 'ai1': 174}, 'devPrms': ['protocol', 'priority', 'sat', 'event', 'di1', 'output1', 'ePwrV', 'Speed', 'parm24', 'iPwrV', 'ai1'], 'old_params': {'Speed': 0, 'protocol': 'teltonika', 'output1': 0, 'ePwrV': 12.787, 'parm24': 0, 'sat': 13, 'ai1': 174, 'iPwrV': 3.991, 'priority': 0, 'event': 0, 'di1': 0}, 'vLoc': 1, 'vCon': 1, 'ip': '37.216.121.27', 'rl': 0, 'trl': 4123.39, 'mdu': 0, 'tmdu': 336568, 'eidl': 0, 'teidl': 73946, 'fc': 0, 'tfc': 98.960628, 'acc': 0, 'accOn': 1466089, 'accOff': 638877385, 'sdu': 301, 'tsdu': 23896, 'lat': 21.3987283, 'lng': 39.3102416}, 'counters': {'engine_hours': 1466089, 'last_acc': 0, 'odometer': 3720.6026, 'engine_hours_type': 'acc', 'odometer_type': 'gps'}, 'is_wasl_connected': 'Not Connected', 'iconUrl': 'https://api.afaqy.sa/images/units/icons/icon.png', 'hasCCTV': False}
[2024-04-16T09:16:41.305+0000] {warnings.py:109} WARNING - /home/***/.local/lib/python3.8/site-packages/elasticsearch/_sync/client/__init__.py:399: SecurityWarning: Connecting to 'https://dbelk1.afaqy.local:9200' using TLS with verify_certs=False is insecure
  _transport = transport_class(

[2024-04-16T09:16:41.349+0000] {warnings.py:109} WARNING - /home/***/.local/lib/python3.8/site-packages/elasticsearch/_sync/client/__init__.py:399: SecurityWarning: Connecting to 'https://dbelk3.afaqy.local:9200' using TLS with verify_certs=False is insecure
  _transport = transport_class(

[2024-04-16T09:16:41.393+0000] {warnings.py:109} WARNING - /home/***/.local/lib/python3.8/site-packages/elasticsearch/_sync/client/__init__.py:399: SecurityWarning: Connecting to 'https://dbelk2.afaqy.local:9200' using TLS with verify_certs=False is insecure
  _transport = transport_class(

[2024-04-16T09:16:41.420+0000] {warnings.py:109} WARNING - /home/***/.local/lib/python3.8/site-packages/urllib3/connectionpool.py:1061: InsecureRequestWarning: Unverified HTTPS request is being made to host 'dbelk1.afaqy.local'. Adding certificate verification is strongly advised. See: https://urllib3.readthedocs.io/en/1.26.x/advanced-usage.html#ssl-warnings
  warnings.warn(

[2024-04-16T09:16:41.477+0000] {_transport.py:335} INFO - GET https://dbelk1.afaqy.local:9200/_cluster/health [status:200 duration:0.082s]
[2024-04-16T09:16:41.785+0000] {_transport.py:358} INFO - PUT https://dbelk3.afaqy.local:9200/units_statistics_***/_bulk [status:N/A duration:0.012s]
[2024-04-16T09:16:41.786+0000] {_node_pool.py:249} WARNING - Node <Urllib3HttpNode(https://dbelk3.afaqy.local:9200)> has failed for 1 times in a row, putting on 1 second timeout
[2024-04-16T09:16:41.786+0000] {_transport.py:395} WARNING - Retrying request after failure (attempt 0 of 3)
Traceback (most recent call last):
  File "/home/airflow/.local/lib/python3.8/site-packages/elastic_transport/_transport.py", line 328, in perform_request
    meta, raw_data = node.perform_request(
  File "/home/airflow/.local/lib/python3.8/site-packages/elastic_transport/_node/_http_urllib3.py", line 202, in perform_request
    raise err from None
elastic_transport.ConnectionError: Connection error caused by: NewConnectionError(<urllib3.connection.HTTPSConnection object at 0x7faa179f3340>: Failed to establish a new connection: [Errno 111] Connection refused)
[2024-04-16T09:16:41.788+0000] {warnings.py:109} WARNING - /home/***/.local/lib/python3.8/site-packages/urllib3/connectionpool.py:1061: InsecureRequestWarning: Unverified HTTPS request is being made to host 'dbelk1.afaqy.local'. Adding certificate verification is strongly advised. See: https://urllib3.readthedocs.io/en/1.26.x/advanced-usage.html#ssl-warnings
  warnings.warn(

[2024-04-16T09:16:41.986+0000] {_transport.py:335} INFO - PUT https://dbelk1.afaqy.local:9200/units_statistics_***/_bulk [status:200 duration:0.198s]
[2024-04-16T09:16:42.051+0000] {taskinstance.py:2731} ERROR - Task failed with exception
Traceback (most recent call last):
  File "/home/airflow/.local/lib/python3.8/site-packages/airflow/models/taskinstance.py", line 444, in _execute_task
    result = _execute_callable(context=context, **execute_callable_kwargs)
  File "/home/airflow/.local/lib/python3.8/site-packages/airflow/models/taskinstance.py", line 414, in _execute_callable
    return execute_callable(context=context, **execute_callable_kwargs)
  File "/home/airflow/.local/lib/python3.8/site-packages/airflow/decorators/base.py", line 241, in execute
    return_value = super().execute(context)
  File "/home/airflow/.local/lib/python3.8/site-packages/airflow/operators/python.py", line 200, in execute
    return_value = self.execute_callable()
  File "/home/airflow/.local/lib/python3.8/site-packages/airflow/operators/python.py", line 217, in execute_callable
    return self.python_callable(*self.op_args, **self.op_kwargs)
  File "/opt/airflow/dags/Units_dag.py", line 103, in ETL_job
    Elk_client.elk_pushData(Globals.index_name,units_list_update)
  File "/opt/airflow/dags/elk_manager.py", line 69, in elk_pushData
    helpers.bulk(self.elk_client, docs_list, index=index_name, chunk_size=batch)
  File "/home/airflow/.local/lib/python3.8/site-packages/elasticsearch/helpers/actions.py", line 521, in bulk
    for ok, item in streaming_bulk(
  File "/home/airflow/.local/lib/python3.8/site-packages/elasticsearch/helpers/actions.py", line 436, in streaming_bulk
    for data, (ok, info) in zip(
  File "/home/airflow/.local/lib/python3.8/site-packages/elasticsearch/helpers/actions.py", line 355, in _process_bulk_chunk
    yield from gen
  File "/home/airflow/.local/lib/python3.8/site-packages/elasticsearch/helpers/actions.py", line 274, in _process_bulk_chunk_success
    raise BulkIndexError(f"{len(errors)} document(s) failed to index.", errors)
elasticsearch.helpers.BulkIndexError: 6611 document(s) failed to index.
[2024-04-16T09:16:42.081+0000] {taskinstance.py:1149} INFO - Marking task as UP_FOR_RETRY. dag_id=Units_statistics_DAG, task_id=ETL_job, map_index=16, execution_date=20240416T080000, start_date=20240416T091627, end_date=20240416T091642
[2024-04-16T09:16:42.103+0000] {standard_task_runner.py:107} ERROR - Failed to execute job 3981 for task ETL_job (6611 document(s) failed to index.; 328971)
[2024-04-16T09:16:42.164+0000] {local_task_job_runner.py:234} INFO - Task exited with return code 1
[2024-04-16T09:16:42.199+0000] {taskinstance.py:3312} INFO - 0 downstream tasks scheduled from follow-on schedule check
