[2024-05-09T19:20:17.057+0000] {taskinstance.py:1979} INFO - Dependencies all met for dep_context=non-requeueable deps ti=<TaskInstance: Units_statistics_DAG.ETL_job scheduled__2024-05-09T19:00:00+00:00 map_index=15 [queued]>
[2024-05-09T19:20:17.111+0000] {taskinstance.py:1979} INFO - Dependencies all met for dep_context=requeueable deps ti=<TaskInstance: Units_statistics_DAG.ETL_job scheduled__2024-05-09T19:00:00+00:00 map_index=15 [queued]>
[2024-05-09T19:20:17.112+0000] {taskinstance.py:2193} INFO - Starting attempt 1 of 4
[2024-05-09T19:20:17.219+0000] {taskinstance.py:2217} INFO - Executing <Mapped(_PythonDecoratedOperator): ETL_job> on 2024-05-09 19:00:00+00:00
[2024-05-09T19:20:17.304+0000] {standard_task_runner.py:60} INFO - Started process 894255 to run task
[2024-05-09T19:20:17.365+0000] {standard_task_runner.py:87} INFO - Running: ['***', 'tasks', 'run', 'Units_statistics_DAG', 'ETL_job', 'scheduled__2024-05-09T19:00:00+00:00', '--job-id', '45153', '--raw', '--subdir', 'DAGS_FOLDER/Units_dag.py', '--cfg-path', '/tmp/tmp_dsp3ms6', '--map-index', '15']
[2024-05-09T19:20:17.384+0000] {standard_task_runner.py:88} INFO - Job 45153: Subtask ETL_job
[2024-05-09T19:20:17.873+0000] {task_command.py:423} INFO - Running <TaskInstance: Units_statistics_DAG.ETL_job scheduled__2024-05-09T19:00:00+00:00 map_index=15 [running]> on host a09da322e808
[2024-05-09T19:20:18.746+0000] {taskinstance.py:2513} INFO - Exporting env vars: AIRFLOW_CTX_DAG_OWNER='abeer-araby' AIRFLOW_CTX_DAG_ID='Units_statistics_DAG' AIRFLOW_CTX_TASK_ID='ETL_job' AIRFLOW_CTX_EXECUTION_DATE='2024-05-09T19:00:00+00:00' AIRFLOW_CTX_TRY_NUMBER='1' AIRFLOW_CTX_DAG_RUN_ID='scheduled__2024-05-09T19:00:00+00:00'
[2024-05-09T19:20:18.749+0000] {Units_dag.py:98} INFO - i: 150000, chunk: 10000
[2024-05-09T19:20:18.750+0000] {Units_dag.py:99} INFO - child token is::: eyJ0eXAiOiJKV1QiLCJhbGciOiJIUzI1NiJ9.eyJpc3MiOiJodHRwczovL2FwaS5hZmFxeS5zYS9hdXRoL2xvZ2luX2FzIiwiaWF0IjoxNzE1MjgyNDA0LCJleHAiOjE3MTc4NzQ0MDQsIm5iZiI6MTcxNTI4MjQwNCwianRpIjoiZDduWWF4ejRidDh4ZjY1aiIsInN1YiI6IjVkNjNlNTFlMDNlZDUyOTJhNDJjMjRlNiIsInBydiI6IjI3MGVjZmM3ZWEzZWQ5MzdlYTg0OTM2MmEzYTUwOTEwYzZkOGNlNGYiLCJsb2dpbl9hc19pZCI6IjY1N2YwYWQ3M2Y5NzcyOTVjZjA1NTc2YSJ9.it41uuIm8uAsEYjmgq4hzcveipCgiLk5ORHuX1ReptY
[2024-05-09T19:20:46.091+0000] {Units_dag.py:103} INFO - {'_id': '659bf826d2c3deb57a05e571', 'icon': 'icons/icon.png', 'driver_id': '', 'tailer_id': '', 'profile': {'vehicle_type': '', 'measurement_type': 'count', 'max_capacity': 0, 'vin': '', 'plate_number': '', 'start_operation': '', 'contract_milage': '', 'opening_milage': '', 'model': '', 'fuel_type': '91', 'year': 0, 'seats': 2}, 'shipment_info': {'product_category': None, 'truck_type': None, 'shipment_type': None, 'shipment_payment_type': None, 'transporter_type': None, 'operating_area': None, 'weight_kilograms_per_day': None, 'kms_per_day': None, 'shipment_trip_drive_hrs_day': None, 'allowable_delay_drive_hrs_day': None, 'expected_shipment_trip_day': None, 'car_pay_per_day': None, 'exceeding_temperature_limit_per_day': None, 'temperature_upper_limit': None, 'exceeding_humidity_limit_per_day': None, 'humidity_upper_limit': None}, 'device_password': '***', 'device_type': 'gps', 'gateway': False, 'business_types': {'waste': False, 'transportation': True, 'water': False}, 'name': '5908BER', 'operation_code': '', 'device_gateway': '', 'skip_sim_information': False, 'imei': '866069060818109', 'sim_number': '+966830021043834', 'sim_serial': '8996609821112128737', 'device_serial': '1135686266', 'device': 'teltonika', 'user_id': '631866bf3cdfd0479c43062d', 'created_by': '5e6655bf03ed52e1ab79d301', 'updated_at': '2024-04-18 11:18:59', 'created_at': '2024-01-08 16:27:02', 'custom_fields': [], 'creator': 'amr.ahmed', 'company': '', 'owner': 'dar-almerkaba-admin', 'last_update': {'dtt': 1715282417000, 'dts': 1715282418988, 'spd': 29, 'ang': 139, 'alt': 641, 'chPrams': {'Speed': {'v': 29, 'cdt': 1715282417000}, 'output1': {'v': False, 'cdt': 1715264660000}, 'ePwrV': {'v': 13.195, 'cdt': 1715282417000}, 'parm24': {'v': 29, 'cdt': 1715282417000}, 'sat': {'v': 16, 'cdt': 1715282417000}, 'ai1': {'v': 0, 'cdt': 1714556562000}, 'type': {'v': 6, 'cdt': 1712734257000}, 'priority': {'v': 0, 'cdt': 1715162062000}, 'di1': {'v': 1, 'cdt': 1715281445000}, 'result': {'v': '5665723a30332e32382e30325f313937204750533a41584e5f352e312e392048773a464d43393230204d6f643a3120494d45493a38363630363930363038313831303920496e69743a323032342d312d31382032323a3720557074696d653a39363331383038204d41433a333838413231393243343245205350433a312830292041584c3a31204f42443a3020424c3a312e31302042543a34', 'cdt': 1715264359000}, 'protocol': {'v': 'FMC920', 'cdt': 1715264660000}, 'iPwrV': {'v': 4.005, 'cdt': 1715282413000}, 'event': {'v': 0, 'cdt': 1715162363000}}, 'prms': {'protocol': 'FMC920', 'priority': 0, 'sat': 16, 'event': 0, 'di1': 1, 'output1': 0, 'ePwrV': 13.195, 'Speed': 29, 'parm24': 29, 'iPwrV': 4.005, 'ai1': 0}, 'devPrms': ['protocol', 'priority', 'sat', 'event', 'di1', 'output1', 'ePwrV', 'Speed', 'parm24', 'iPwrV', 'ai1'], 'old_params': {'protocol': 'FMC920', 'priority': 0, 'sat': 15, 'event': 0, 'di1': 1, 'output1': 0, 'ePwrV': 13.24, 'Speed': 16, 'parm24': 16, 'iPwrV': 4.005, 'ai1': 0}, 'vLoc': 1, 'vCon': 1, 'ip': '109.83.31.169', 'rl': 0.0191, 'trl': 7445.5898, 'mdu': 2, 'tmdu': 538726, 'eidl': 0, 'teidl': 267065, 'fc': 0.002292, 'tfc': 107.96388, 'acc': 1, 'accOn': 1474270, 'accOff': 640893834, 'sdu': 0, 'tsdu': 0, 'lat': 26.5443766, 'lng': 37.962935}, 'counters': {'engine_hours': 1474270, 'last_acc': 1, 'odometer': 7445.5712, 'engine_hours_type': '', 'odometer_type': ''}, 'is_wasl_connected': 'Not Connected', 'iconUrl': 'https://api.afaqy.sa/images/units/icons/icon.png', 'hasCCTV': False}
[2024-05-09T19:20:46.940+0000] {warnings.py:109} WARNING - /home/***/.local/lib/python3.8/site-packages/elasticsearch/_sync/client/__init__.py:399: SecurityWarning: Connecting to 'https://dbelk1.afaqy.local:9200' using TLS with verify_certs=False is insecure
  _transport = transport_class(

[2024-05-09T19:20:46.988+0000] {warnings.py:109} WARNING - /home/***/.local/lib/python3.8/site-packages/elasticsearch/_sync/client/__init__.py:399: SecurityWarning: Connecting to 'https://dbelk3.afaqy.local:9200' using TLS with verify_certs=False is insecure
  _transport = transport_class(

[2024-05-09T19:20:47.036+0000] {warnings.py:109} WARNING - /home/***/.local/lib/python3.8/site-packages/elasticsearch/_sync/client/__init__.py:399: SecurityWarning: Connecting to 'https://dbelk2.afaqy.local:9200' using TLS with verify_certs=False is insecure
  _transport = transport_class(

[2024-05-09T19:20:47.059+0000] {warnings.py:109} WARNING - /home/***/.local/lib/python3.8/site-packages/urllib3/connectionpool.py:1061: InsecureRequestWarning: Unverified HTTPS request is being made to host 'dbelk1.afaqy.local'. Adding certificate verification is strongly advised. See: https://urllib3.readthedocs.io/en/1.26.x/advanced-usage.html#ssl-warnings
  warnings.warn(

[2024-05-09T19:20:47.131+0000] {_transport.py:335} INFO - GET https://dbelk1.afaqy.local:9200/_cluster/health [status:200 duration:0.093s]
[2024-05-09T19:20:47.545+0000] {warnings.py:109} WARNING - /home/***/.local/lib/python3.8/site-packages/urllib3/connectionpool.py:1061: InsecureRequestWarning: Unverified HTTPS request is being made to host 'dbelk3.afaqy.local'. Adding certificate verification is strongly advised. See: https://urllib3.readthedocs.io/en/1.26.x/advanced-usage.html#ssl-warnings
  warnings.warn(

[2024-05-09T19:20:47.561+0000] {_transport.py:335} INFO - PUT https://dbelk3.afaqy.local:9200/units_statistics_***/_bulk [status:429 duration:0.037s]
[2024-05-09T19:20:47.562+0000] {_node_pool.py:249} WARNING - Node <Urllib3HttpNode(https://dbelk3.afaqy.local:9200)> has failed for 1 times in a row, putting on 1 second timeout
[2024-05-09T19:20:47.562+0000] {_transport.py:427} WARNING - Retrying request after non-successful status 429 (attempt 0 of 3)
[2024-05-09T19:20:47.563+0000] {warnings.py:109} WARNING - /home/***/.local/lib/python3.8/site-packages/urllib3/connectionpool.py:1061: InsecureRequestWarning: Unverified HTTPS request is being made to host 'dbelk1.afaqy.local'. Adding certificate verification is strongly advised. See: https://urllib3.readthedocs.io/en/1.26.x/advanced-usage.html#ssl-warnings
  warnings.warn(

[2024-05-09T19:20:49.076+0000] {_transport.py:335} INFO - PUT https://dbelk1.afaqy.local:9200/units_statistics_***/_bulk [status:200 duration:1.514s]
[2024-05-09T19:20:49.568+0000] {python.py:202} INFO - Done. Returned value was: None
[2024-05-09T19:20:49.592+0000] {taskinstance.py:1149} INFO - Marking task as SUCCESS. dag_id=Units_statistics_DAG, task_id=ETL_job, map_index=15, execution_date=20240509T190000, start_date=20240509T192017, end_date=20240509T192049
[2024-05-09T19:20:49.683+0000] {local_task_job_runner.py:234} INFO - Task exited with return code 0
[2024-05-09T19:20:49.705+0000] {taskinstance.py:3312} INFO - 0 downstream tasks scheduled from follow-on schedule check
