[2024-05-06T06:40:13.302+0000] {taskinstance.py:1979} INFO - Dependencies all met for dep_context=non-requeueable deps ti=<TaskInstance: Units_statistics_DAG.ETL_job scheduled__2024-05-06T06:20:00+00:00 map_index=6 [queued]>
[2024-05-06T06:40:13.387+0000] {taskinstance.py:1979} INFO - Dependencies all met for dep_context=requeueable deps ti=<TaskInstance: Units_statistics_DAG.ETL_job scheduled__2024-05-06T06:20:00+00:00 map_index=6 [queued]>
[2024-05-06T06:40:13.388+0000] {taskinstance.py:2193} INFO - Starting attempt 1 of 4
[2024-05-06T06:40:13.500+0000] {taskinstance.py:2217} INFO - Executing <Mapped(_PythonDecoratedOperator): ETL_job> on 2024-05-06 06:20:00+00:00
[2024-05-06T06:40:13.532+0000] {standard_task_runner.py:60} INFO - Started process 801534 to run task
[2024-05-06T06:40:13.583+0000] {standard_task_runner.py:87} INFO - Running: ['***', 'tasks', 'run', 'Units_statistics_DAG', 'ETL_job', 'scheduled__2024-05-06T06:20:00+00:00', '--job-id', '34997', '--raw', '--subdir', 'DAGS_FOLDER/Units_dag.py', '--cfg-path', '/tmp/tmpcekh4_vr', '--map-index', '6']
[2024-05-06T06:40:13.585+0000] {standard_task_runner.py:88} INFO - Job 34997: Subtask ETL_job
[2024-05-06T06:40:13.861+0000] {task_command.py:423} INFO - Running <TaskInstance: Units_statistics_DAG.ETL_job scheduled__2024-05-06T06:20:00+00:00 map_index=6 [running]> on host a09da322e808
[2024-05-06T06:40:14.625+0000] {taskinstance.py:2513} INFO - Exporting env vars: AIRFLOW_CTX_DAG_OWNER='abeer-araby' AIRFLOW_CTX_DAG_ID='Units_statistics_DAG' AIRFLOW_CTX_TASK_ID='ETL_job' AIRFLOW_CTX_EXECUTION_DATE='2024-05-06T06:20:00+00:00' AIRFLOW_CTX_TRY_NUMBER='1' AIRFLOW_CTX_DAG_RUN_ID='scheduled__2024-05-06T06:20:00+00:00'
[2024-05-06T06:40:14.626+0000] {Units_dag.py:99} INFO - i: 60000, chunk: 10000
[2024-05-06T06:40:14.626+0000] {Units_dag.py:100} INFO - child token is::: eyJ0eXAiOiJKV1QiLCJhbGciOiJIUzI1NiJ9.eyJpc3MiOiJodHRwczovL2FwaS5hZmFxeS5zYS9hdXRoL2xvZ2luX2FzIiwiaWF0IjoxNzE0OTc3NjA0LCJleHAiOjE3MTc1Njk2MDQsIm5iZiI6MTcxNDk3NzYwNCwianRpIjoieU5HdFQwTVR4bU9KSFVXaiIsInN1YiI6IjVkNjNlNTFlMDNlZDUyOTJhNDJjMjRlNiIsInBydiI6IjI3MGVjZmM3ZWEzZWQ5MzdlYTg0OTM2MmEzYTUwOTEwYzZkOGNlNGYiLCJsb2dpbl9hc19pZCI6IjY1N2YwYWQ3M2Y5NzcyOTVjZjA1NTc2YSJ9.teNUkxrySW9WoiEhPuwxgY-32vRq-9Gqt2ZNxH55a3M
[2024-05-06T06:40:38.117+0000] {Units_dag.py:104} INFO - {'_id': '6329e8d1a6f87f6340786326', 'icon': 'icons/icon.png', 'driver_id': '', 'tailer_id': '', 'profile': {'vehicle_type': '', 'measurement_type': 'count', 'max_capacity': 0, 'vin': '', 'plate_number': '', 'start_operation': '', 'contract_milage': '', 'opening_milage': '', 'model': '', 'fuel_type': '91', 'year': 0, 'seats': 2}, 'device_password': '***', 'device_type': 'gps', 'gateway': False, 'name': 'ุฃ ุณ ุต 9780', 'operation_code': '', 'imei': '350544507776139', 'sim_number': '+966821111337220', 'sim_serial': '8996609821111337220', 'device_serial': '1125793616', 'device': 'teltonika', 'created_by': '5e539d8203ed52f71d634478', 'user_id': '5e539d8203ed52f71d634478', 'updated_at': '2024-04-18 11:18:59', 'created_at': '2022-09-20 19:22:41', 'business_types': {'waste': False, 'transportation': True, 'water': False, 'hajj': False}, 'device_gateway': '', 'skip_sim_information': '', 'custom_fields': [], 'creator': 'aemallamar', 'company': '', 'owner': 'aemallamar', 'last_update': {'dtt': 1714977542000, 'dts': 1714977546226, 'spd': 0, 'ang': 174, 'alt': 167, 'chPrams': {'parm76': {'v': 0, 'cdt': 1713800838000}, 'output1': {'v': False, 'cdt': 1714226802000}, 'output2': {'v': False, 'cdt': 1714226802000}, 'ePwrV': {'v': 26.542, 'cdt': 1714977542000}, 'sat': {'v': 13, 'cdt': 1714977532000}, 'ai1': {'v': 5648, 'cdt': 1714977161000}, 'priority': {'v': 1, 'cdt': 1714977081000}, 'di2': {'v': 0, 'cdt': 1713800838000}, 'type': {'v': 6, 'cdt': 1713947308000}, 'di1': {'v': 0, 'cdt': 1714977180000}, 'temp1': {'v': 0, 'cdt': 1712947483000}, 'result': {'v': '5665723a30332e32372e31335f3033204750533a41584e5f352e312e392048773a464d42313230204d6f643a333320494d45493a33353035343435303737373631333920496e69743a323032342d312d31382032323a313220557074696d653a39333338313833204d41433a333838413231313735333242205350433a312830292041584c3a32204f42443a3020424c3a312e31302042543a34', 'cdt': 1714970484000}, 'protocol': {'v': 'FMB120', 'cdt': 1714970784000}, 'temp5': {'v': 30, 'cdt': 1712947483000}, 'parm29': {'v': 0, 'cdt': 1713800838000}, 'iPwrV': {'v': 4, 'cdt': 1714977091000}, 'event': {'v': 0, 'cdt': 1714977183000}, 'humidity86': {'v': 300, 'cdt': 1712947483000}}, 'prms': {'protocol': 'FMB120', 'priority': 1, 'sat': 13, 'event': 0, 'di1': 0, 'output1': 0, 'di2': 0, 'output2': 0, 'parm29': 0, 'ePwrV': 26.542, 'iPwrV': 4, 'ai1': 5648, 'temp5': 30, 'humidity86': 300, 'temp1': 0, 'parm76': 0}, 'devPrms': ['protocol', 'priority', 'sat', 'event', 'di1', 'output1', 'di2', 'output2', 'parm29', 'ePwrV', 'iPwrV', 'ai1', 'temp5', 'humidity86', 'temp1', 'parm76'], 'old_params': {'protocol': 'FMB120', 'priority': 1, 'sat': 13, 'event': 0, 'di1': 0, 'output1': 0, 'di2': 0, 'output2': 0, 'parm29': 0, 'ePwrV': 26.575, 'iPwrV': 4, 'ai1': 5648, 'temp5': 30, 'humidity86': 300, 'temp1': 0, 'parm76': 0}, 'vLoc': 1, 'vCon': 1, 'ip': '109.83.250.184', 'rl': 0, 'trl': 19104.7939, 'mdu': 0, 'tmdu': 1249929, 'eidl': 0, 'teidl': 854288, 'fc': 0, 'tfc': 19.202892, 'acc': 0, 'accOn': 10625432, 'accOff': 48811970, 'sdu': 10, 'tsdu': 362, 'lat': 25.4133583, 'lng': 49.5820949}, 'counters': {'odometer_type': 'gps', 'odometer': 19104.7813, 'engine_hours_type': 'acc', 'engine_hours': 10625432, 'last_acc': 0}, 'is_wasl_connected': 'Connected', 'iconUrl': 'https://api.afaqy.sa/images/units/icons/icon.png', 'hasCCTV': False}
[2024-05-06T06:40:52.452+0000] {warnings.py:109} WARNING - /home/***/.local/lib/python3.8/site-packages/elasticsearch/_sync/client/__init__.py:399: SecurityWarning: Connecting to 'https://dbelk1.afaqy.local:9200' using TLS with verify_certs=False is insecure
  _transport = transport_class(

[2024-05-06T06:40:52.599+0000] {warnings.py:109} WARNING - /home/***/.local/lib/python3.8/site-packages/elasticsearch/_sync/client/__init__.py:399: SecurityWarning: Connecting to 'https://dbelk2.afaqy.local:9200' using TLS with verify_certs=False is insecure
  _transport = transport_class(

[2024-05-06T06:40:52.748+0000] {warnings.py:109} WARNING - /home/***/.local/lib/python3.8/site-packages/elasticsearch/_sync/client/__init__.py:399: SecurityWarning: Connecting to 'https://dbelk3.afaqy.local:9200' using TLS with verify_certs=False is insecure
  _transport = transport_class(

[2024-05-06T06:40:52.825+0000] {warnings.py:109} WARNING - /home/***/.local/lib/python3.8/site-packages/urllib3/connectionpool.py:1061: InsecureRequestWarning: Unverified HTTPS request is being made to host 'dbelk1.afaqy.local'. Adding certificate verification is strongly advised. See: https://urllib3.readthedocs.io/en/1.26.x/advanced-usage.html#ssl-warnings
  warnings.warn(

[2024-05-06T06:40:52.893+0000] {_transport.py:335} INFO - GET https://dbelk1.afaqy.local:9200/_cluster/health [status:200 duration:0.142s]
[2024-05-06T06:40:54.117+0000] {warnings.py:109} WARNING - /home/***/.local/lib/python3.8/site-packages/urllib3/connectionpool.py:1061: InsecureRequestWarning: Unverified HTTPS request is being made to host 'dbelk2.afaqy.local'. Adding certificate verification is strongly advised. See: https://urllib3.readthedocs.io/en/1.26.x/advanced-usage.html#ssl-warnings
  warnings.warn(

[2024-05-06T06:40:56.016+0000] {_transport.py:335} INFO - PUT https://dbelk2.afaqy.local:9200/units_statistics_***/_bulk [status:200 duration:1.930s]
[2024-05-06T06:40:56.758+0000] {python.py:202} INFO - Done. Returned value was: None
[2024-05-06T06:40:56.782+0000] {taskinstance.py:1149} INFO - Marking task as SUCCESS. dag_id=Units_statistics_DAG, task_id=ETL_job, map_index=6, execution_date=20240506T062000, start_date=20240506T064013, end_date=20240506T064056
[2024-05-06T06:40:56.872+0000] {local_task_job_runner.py:234} INFO - Task exited with return code 0
[2024-05-06T06:40:56.900+0000] {taskinstance.py:3312} INFO - 0 downstream tasks scheduled from follow-on schedule check
