[2024-04-22T12:20:15.198+0000] {taskinstance.py:1979} INFO - Dependencies all met for dep_context=non-requeueable deps ti=<TaskInstance: Units_statistics_DAG.ETL_job scheduled__2024-04-22T12:00:00+00:00 map_index=7 [queued]>
[2024-04-22T12:20:15.303+0000] {taskinstance.py:1979} INFO - Dependencies all met for dep_context=requeueable deps ti=<TaskInstance: Units_statistics_DAG.ETL_job scheduled__2024-04-22T12:00:00+00:00 map_index=7 [queued]>
[2024-04-22T12:20:15.304+0000] {taskinstance.py:2193} INFO - Starting attempt 1 of 4
[2024-04-22T12:20:15.428+0000] {taskinstance.py:2217} INFO - Executing <Mapped(_PythonDecoratedOperator): ETL_job> on 2024-04-22 12:00:00+00:00
[2024-04-22T12:20:15.465+0000] {standard_task_runner.py:60} INFO - Started process 471014 to run task
[2024-04-22T12:20:15.523+0000] {standard_task_runner.py:87} INFO - Running: ['***', 'tasks', 'run', 'Units_statistics_DAG', 'ETL_job', 'scheduled__2024-04-22T12:00:00+00:00', '--job-id', '11358', '--raw', '--subdir', 'DAGS_FOLDER/Units_dag.py', '--cfg-path', '/tmp/tmpl5lymzx5', '--map-index', '7']
[2024-04-22T12:20:15.543+0000] {standard_task_runner.py:88} INFO - Job 11358: Subtask ETL_job
[2024-04-22T12:20:15.897+0000] {task_command.py:423} INFO - Running <TaskInstance: Units_statistics_DAG.ETL_job scheduled__2024-04-22T12:00:00+00:00 map_index=7 [running]> on host a09da322e808
[2024-04-22T12:20:16.266+0000] {taskinstance.py:2513} INFO - Exporting env vars: AIRFLOW_CTX_DAG_OWNER='abeer-araby' AIRFLOW_CTX_DAG_ID='Units_statistics_DAG' AIRFLOW_CTX_TASK_ID='ETL_job' AIRFLOW_CTX_EXECUTION_DATE='2024-04-22T12:00:00+00:00' AIRFLOW_CTX_TRY_NUMBER='1' AIRFLOW_CTX_DAG_RUN_ID='scheduled__2024-04-22T12:00:00+00:00'
[2024-04-22T12:20:16.268+0000] {Units_dag.py:99} INFO - i: 70000, chunk: 10000
[2024-04-22T12:20:16.268+0000] {Units_dag.py:100} INFO - child token is::: eyJ0eXAiOiJKV1QiLCJhbGciOiJIUzI1NiJ9.eyJpc3MiOiJodHRwczovL2FwaS5hZmFxeS5zYS9hdXRoL2xvZ2luX2FzIiwiaWF0IjoxNzEzNzg4NDAzLCJleHAiOjE3MTYzODA0MDMsIm5iZiI6MTcxMzc4ODQwMywianRpIjoiRkJKTXllVGdBYjB0cUhoRiIsInN1YiI6IjVkNjNlNTFlMDNlZDUyOTJhNDJjMjRlNiIsInBydiI6IjI3MGVjZmM3ZWEzZWQ5MzdlYTg0OTM2MmEzYTUwOTEwYzZkOGNlNGYiLCJsb2dpbl9hc19pZCI6IjY1N2YwYWQ3M2Y5NzcyOTVjZjA1NTc2YSJ9.TaFo1RUlsGWTe_z2HIX7FT1EHKiEoNtfL4nMF2NsKQI
[2024-04-22T12:20:51.535+0000] {Units_dag.py:104} INFO - {'_id': '639f29dc44053669e97fa1b4', 'icon': 'icons/icon.png', 'driver_id': '', 'tailer_id': '', 'profile': {'vehicle_type': '', 'measurement_type': 'count', 'max_capacity': 0, 'vin': '', 'plate_number': '', 'start_operation': '', 'contract_milage': '', 'opening_milage': '', 'model': '', 'fuel_type': '91', 'year': 0, 'seats': 2}, 'device_password': '***', 'device_type': 'gps', 'gateway': False, 'name': 'أ ب ن 9332', 'operation_code': '', 'imei': '866907058908640', 'sim_number': '+966821111009926', 'sim_serial': '8996609821111009926', 'device_serial': '1125959656', 'device': 'teltonika', 'created_by': '5e539d8203ed52f71d634478', 'user_id': '5e539d8203ed52f71d634478', 'updated_at': '2024-04-18 11:18:59', 'created_at': '2022-12-18 17:55:24', 'business_types': {'waste': False, 'transportation': True, 'water': False, 'hajj': False}, 'device_gateway': '', 'custom_fields': [], 'creator': 'aemallamar', 'company': '', 'owner': 'aemallamar', 'last_update': {'dtt': 1713788392000, 'dts': 1713788397409, 'spd': 0, 'ang': 272, 'alt': 756, 'chPrams': {'parm76': {'v': 0, 'cdt': 1713092823000}, 'output2': {'v': False, 'cdt': 1713787792000}, 'odometer': {'v': 58330209, 'cdt': 1713782378000}, 'motion': {'v': False, 'cdt': 1713787792000}, 'ePwrV': {'v': 26.171, 'cdt': 1713788091000}, 'sat': {'v': 16, 'cdt': 1713788392000}, 'ai1': {'v': 174, 'cdt': 1713176624000}, 'priority': {'v': 0, 'cdt': 1713782380000}, 'di2': {'v': 0, 'cdt': 1713092823000}, 'type': {'v': 6, 'cdt': 1713108450000}, 'di1': {'v': 0, 'cdt': 1713782378000}, 'temp1': {'v': 0, 'cdt': 1712941044000}, 'result': {'v': '5665723a30332e32372e31335f3534204750533a41584e5f352e312e392048773a464d43313330204d6f643a3420494d45493a38363639303730353839303836343020496e69743a323032332d31312d323320383a313220557074696d653a3133303338323437204d41433a303031453432353533364545205350433a312830292041584c3a32204f42443a3020424c3a312e31302042543a34', 'cdt': 1713787491000}, 'protocol': {'v': 'FMC130', 'cdt': 1713787792000}, 'temp5': {'v': 30, 'cdt': 1712941044000}, 'parm29': {'v': 0, 'cdt': 1713092823000}, 'iPwrV': {'v': 3.944, 'cdt': 1713784785000}, 'event': {'v': 0, 'cdt': 1713782681000}, 'humidity86': {'v': 300, 'cdt': 1712941044000}}, 'prms': {'protocol': 'FMC130', 'priority': 0, 'sat': 16, 'event': 0, 'di1': 0, 'motion': 0, 'di2': 0, 'output2': 0, 'parm29': 0, 'ePwrV': 26.171, 'iPwrV': 3.944, 'ai1': 174, 'temp5': 30, 'humidity86': 300, 'odometer': 58330209, 'temp1': 0, 'parm76': 0}, 'devPrms': ['parm76', 'output2', 'motion', 'odometer', 'ePwrV', 'sat', 'ai1', 'priority', 'di2', 'type', 'di1', 'temp1', 'result', 'protocol', 'temp5', 'parm29', 'iPwrV', 'event', 'humidity86'], 'old_params': {'protocol': 'FMC130', 'priority': 0, 'sat': 18, 'event': 0, 'di1': 0, 'motion': 0, 'di2': 0, 'output2': 0, 'parm29': 0, 'ePwrV': 26.171, 'iPwrV': 3.944, 'ai1': 174, 'temp5': 30, 'humidity86': 300, 'odometer': 58330209, 'temp1': 0, 'parm76': 0}, 'vLoc': 1, 'vCon': 1, 'ip': '109.83.42.182', 'rl': 0, 'trl': 57398.6172, 'mdu': 0, 'tmdu': 3795178, 'eidl': 0, 'teidl': 2684785, 'fc': 0, 'tfc': 0, 'acc': 0, 'accOn': 7739131, 'accOff': 1922634419, 'sdu': 301, 'tsdu': 6014, 'lat': 24.5899766, 'lng': 46.6052033}, 'counters': {'odometer_type': 'gps', 'odometer': 57398.6151, 'engine_hours_type': 'acc', 'engine_hours': 7739131, 'last_acc': 0}, 'is_wasl_connected': 'Connected', 'iconUrl': 'https://api.afaqy.sa/images/units/icons/icon.png', 'hasCCTV': False}
[2024-04-22T12:20:52.690+0000] {warnings.py:109} WARNING - /home/***/.local/lib/python3.8/site-packages/elasticsearch/_sync/client/__init__.py:399: SecurityWarning: Connecting to 'https://dbelk1.afaqy.local:9200' using TLS with verify_certs=False is insecure
  _transport = transport_class(

[2024-04-22T12:20:52.742+0000] {warnings.py:109} WARNING - /home/***/.local/lib/python3.8/site-packages/elasticsearch/_sync/client/__init__.py:399: SecurityWarning: Connecting to 'https://dbelk2.afaqy.local:9200' using TLS with verify_certs=False is insecure
  _transport = transport_class(

[2024-04-22T12:20:52.797+0000] {warnings.py:109} WARNING - /home/***/.local/lib/python3.8/site-packages/elasticsearch/_sync/client/__init__.py:399: SecurityWarning: Connecting to 'https://dbelk3.afaqy.local:9200' using TLS with verify_certs=False is insecure
  _transport = transport_class(

[2024-04-22T12:20:52.827+0000] {warnings.py:109} WARNING - /home/***/.local/lib/python3.8/site-packages/urllib3/connectionpool.py:1061: InsecureRequestWarning: Unverified HTTPS request is being made to host 'dbelk1.afaqy.local'. Adding certificate verification is strongly advised. See: https://urllib3.readthedocs.io/en/1.26.x/advanced-usage.html#ssl-warnings
  warnings.warn(

[2024-04-22T12:20:52.876+0000] {_transport.py:335} INFO - GET https://dbelk1.afaqy.local:9200/_cluster/health [status:200 duration:0.077s]
[2024-04-22T12:20:53.295+0000] {warnings.py:109} WARNING - /home/***/.local/lib/python3.8/site-packages/urllib3/connectionpool.py:1061: InsecureRequestWarning: Unverified HTTPS request is being made to host 'dbelk2.afaqy.local'. Adding certificate verification is strongly advised. See: https://urllib3.readthedocs.io/en/1.26.x/advanced-usage.html#ssl-warnings
  warnings.warn(

[2024-04-22T12:20:55.565+0000] {_transport.py:335} INFO - PUT https://dbelk2.afaqy.local:9200/units_statistics_***/_bulk [status:200 duration:2.303s]
[2024-04-22T12:20:56.119+0000] {python.py:202} INFO - Done. Returned value was: None
[2024-04-22T12:20:56.144+0000] {taskinstance.py:1149} INFO - Marking task as SUCCESS. dag_id=Units_statistics_DAG, task_id=ETL_job, map_index=7, execution_date=20240422T120000, start_date=20240422T122015, end_date=20240422T122056
[2024-04-22T12:20:56.200+0000] {local_task_job_runner.py:234} INFO - Task exited with return code 0
[2024-04-22T12:20:56.233+0000] {taskinstance.py:3312} INFO - 0 downstream tasks scheduled from follow-on schedule check
