[2024-04-17T07:00:17.380+0000] {taskinstance.py:1979} INFO - Dependencies all met for dep_context=non-requeueable deps ti=<TaskInstance: Units_statistics_DAG.ETL_job scheduled__2024-04-17T06:00:00+00:00 map_index=7 [queued]>
[2024-04-17T07:00:17.455+0000] {taskinstance.py:1979} INFO - Dependencies all met for dep_context=requeueable deps ti=<TaskInstance: Units_statistics_DAG.ETL_job scheduled__2024-04-17T06:00:00+00:00 map_index=7 [queued]>
[2024-04-17T07:00:17.468+0000] {taskinstance.py:2193} INFO - Starting attempt 1 of 4
[2024-04-17T07:00:17.564+0000] {taskinstance.py:2217} INFO - Executing <Mapped(_PythonDecoratedOperator): ETL_job> on 2024-04-17 06:00:00+00:00
[2024-04-17T07:00:17.592+0000] {standard_task_runner.py:60} INFO - Started process 348909 to run task
[2024-04-17T07:00:17.659+0000] {standard_task_runner.py:87} INFO - Running: ['***', 'tasks', 'run', 'Units_statistics_DAG', 'ETL_job', 'scheduled__2024-04-17T06:00:00+00:00', '--job-id', '4526', '--raw', '--subdir', 'DAGS_FOLDER/Units_dag.py', '--cfg-path', '/tmp/tmpl46wwzd9', '--map-index', '7']
[2024-04-17T07:00:17.662+0000] {standard_task_runner.py:88} INFO - Job 4526: Subtask ETL_job
[2024-04-17T07:00:18.012+0000] {task_command.py:423} INFO - Running <TaskInstance: Units_statistics_DAG.ETL_job scheduled__2024-04-17T06:00:00+00:00 map_index=7 [running]> on host a09da322e808
[2024-04-17T07:00:18.571+0000] {taskinstance.py:2513} INFO - Exporting env vars: AIRFLOW_CTX_DAG_OWNER='abeer-araby' AIRFLOW_CTX_DAG_ID='Units_statistics_DAG' AIRFLOW_CTX_TASK_ID='ETL_job' AIRFLOW_CTX_EXECUTION_DATE='2024-04-17T06:00:00+00:00' AIRFLOW_CTX_TRY_NUMBER='1' AIRFLOW_CTX_DAG_RUN_ID='scheduled__2024-04-17T06:00:00+00:00'
[2024-04-17T07:00:18.572+0000] {Units_dag.py:90} INFO - i: 70000, chunk: 10000
[2024-04-17T07:00:18.572+0000] {Units_dag.py:91} INFO - child token is::: eyJ0eXAiOiJKV1QiLCJhbGciOiJIUzI1NiJ9.eyJpc3MiOiJodHRwczovL2FwaS5hZmFxeS5zYS9hdXRoL2xvZ2luX2FzIiwiaWF0IjoxNzEzMzM3MjA0LCJleHAiOjE3MTU5MjkyMDQsIm5iZiI6MTcxMzMzNzIwNCwianRpIjoidUN2ZEIwZkQyWVhtQjZnZSIsInN1YiI6IjVkNjNlNTFlMDNlZDUyOTJhNDJjMjRlNiIsInBydiI6IjI3MGVjZmM3ZWEzZWQ5MzdlYTg0OTM2MmEzYTUwOTEwYzZkOGNlNGYiLCJsb2dpbl9hc19pZCI6IjY1N2YwYWQ3M2Y5NzcyOTVjZjA1NTc2YSJ9.OnQoIVukX97udH6lgwKMVcJ0s0h2GzvVpz_pCSgxaZ4
[2024-04-17T07:00:44.023+0000] {Units_dag.py:95} INFO - {'_id': '639b244f52d23850c37893e3', 'icon': 'icons/icon.png', 'driver_id': '', 'tailer_id': '', 'profile': {'vehicle_type': '', 'measurement_type': 'count', 'max_capacity': 0, 'vin': '', 'plate_number': '', 'start_operation': '', 'contract_milage': '', 'opening_milage': '', 'model': '', 'fuel_type': '91', 'year': 0, 'seats': 2}, 'device_password': '***', 'device_type': 'gps', 'gateway': False, 'name': '6906-BSA', 'operation_code': '', 'device_gateway': '', 'business_types': {'waste': False, 'transportation': True, 'water': False}, 'imei': '357073293959405', 'sim_number': '+966830028522405', 'sim_serial': '996609821110927472', 'device_serial': '1119711853', 'device': 'teltonika', 'user_id': '6367dda9205f811652187bf4', 'created_by': '5e6655bf03ed52e1ab79d301', 'updated_at': '2023-12-31 10:11:36', 'created_at': '2022-12-15 16:42:39', 'creator': 'amr.ahmed', 'company': '', 'owner': 'massa-environment-admin', 'last_update': {'dtt': 1713336958000, 'dts': 1713336961589, 'spd': 0, 'ang': 313, 'alt': 5, 'chPrams': {'Speed': {'v': 0, 'cdt': 1713189322000}, 'output1': {'v': False, 'cdt': 1711583813000}, 'output2': {'v': False, 'cdt': 1711583813000}, 'ePwrV': {'v': 25.663, 'cdt': 1713336958000}, 'parm24': {'v': 0, 'cdt': 1713189322000}, 'sat': {'v': 16, 'cdt': 1713336657000}, 'ai1': {'v': 15587, 'cdt': 1713336958000}, 'priority': {'v': 0, 'cdt': 1711866011000}, 'di2': {'v': 0, 'cdt': 1711872622000}, 'type': {'v': 6, 'cdt': 1713188061000}, 'di1': {'v': 0, 'cdt': 1713336657000}, 'result': {'v': '5665723a30332e32372e30375f3030204750533a41584e5f352e312e392048773a464d42313230204d6f643a333320494d45493a33353730373332393339353934303520496e69743a323032342d322d372031313a323220557074696d653a35393934353930204d41433a303031453432373841324641205350433a312830292041584c3a32204f42443a3020424c3a312e31302042543a34', 'cdt': 1713310195000}, 'protocol': {'v': 'FMB120', 'cdt': 1713310496000}, 'parm6': {'v': 0, 'cdt': 1711607254000}, 'iPwrV': {'v': 3.924, 'cdt': 1713302382000}, 'event': {'v': 0, 'cdt': 1711865409000}}, 'prms': {'protocol': 'FMB120', 'priority': 0, 'sat': 16, 'event': 0, 'di1': 0, 'output1': 0, 'di2': 0, 'output2': 0, 'ePwrV': 25.663, 'Speed': 0, 'parm24': 0, 'iPwrV': 3.924, 'ai1': 15587, 'parm6': 0}, 'devPrms': ['protocol', 'priority', 'sat', 'event', 'di1', 'output1', 'di2', 'output2', 'ePwrV', 'Speed', 'parm24', 'iPwrV', 'ai1', 'parm6'], 'old_params': {'Speed': 0, 'output1': 0, 'output2': 0, 'ePwrV': 26.498, 'parm24': 0, 'sat': 16, 'ai1': 16133, 'priority': 0, 'di2': 0, 'di1': 0, 'protocol': 'teltonika', 'parm6': 0, 'iPwrV': 3.924, 'event': 0}, 'vLoc': 1, 'vCon': 1, 'ip': '37.216.122.40', 'rl': 0, 'trl': 13605.4, 'mdu': 0, 'tmdu': 2356101, 'eidl': 0, 'teidl': 5215166, 'fc': 0, 'tfc': 425.300978, 'acc': 0, 'accOn': 28250072, 'accOff': 34073510, 'sdu': 301, 'tsdu': 301, 'lat': 26.5048516, 'lng': 50.0055366}, 'counters': {'odometer_type': 'gps', 'odometer': 27338.1325, 'engine_hours_type': 'acc', 'engine_hours': 28250072, 'last_acc': 0}, 'is_wasl_connected': 'Connected', 'iconUrl': 'https://api.afaqy.sa/images/units/icons/icon.png', 'hasCCTV': False}
[2024-04-17T07:00:44.891+0000] {warnings.py:109} WARNING - /home/***/.local/lib/python3.8/site-packages/elasticsearch/_sync/client/__init__.py:399: SecurityWarning: Connecting to 'https://dbelk2.afaqy.local:9200' using TLS with verify_certs=False is insecure
  _transport = transport_class(

[2024-04-17T07:00:44.966+0000] {warnings.py:109} WARNING - /home/***/.local/lib/python3.8/site-packages/elasticsearch/_sync/client/__init__.py:399: SecurityWarning: Connecting to 'https://dbelk1.afaqy.local:9200' using TLS with verify_certs=False is insecure
  _transport = transport_class(

[2024-04-17T07:00:45.067+0000] {warnings.py:109} WARNING - /home/***/.local/lib/python3.8/site-packages/elasticsearch/_sync/client/__init__.py:399: SecurityWarning: Connecting to 'https://dbelk3.afaqy.local:9200' using TLS with verify_certs=False is insecure
  _transport = transport_class(

[2024-04-17T07:00:45.090+0000] {warnings.py:109} WARNING - /home/***/.local/lib/python3.8/site-packages/urllib3/connectionpool.py:1061: InsecureRequestWarning: Unverified HTTPS request is being made to host 'dbelk2.afaqy.local'. Adding certificate verification is strongly advised. See: https://urllib3.readthedocs.io/en/1.26.x/advanced-usage.html#ssl-warnings
  warnings.warn(

[2024-04-17T07:00:45.158+0000] {_transport.py:335} INFO - GET https://dbelk2.afaqy.local:9200/_cluster/health [status:200 duration:0.089s]
[2024-04-17T07:00:45.698+0000] {warnings.py:109} WARNING - /home/***/.local/lib/python3.8/site-packages/urllib3/connectionpool.py:1061: InsecureRequestWarning: Unverified HTTPS request is being made to host 'dbelk1.afaqy.local'. Adding certificate verification is strongly advised. See: https://urllib3.readthedocs.io/en/1.26.x/advanced-usage.html#ssl-warnings
  warnings.warn(

[2024-04-17T07:00:47.547+0000] {_transport.py:335} INFO - PUT https://dbelk1.afaqy.local:9200/units_statistics_***/_bulk [status:200 duration:1.875s]
[2024-04-17T07:00:47.811+0000] {python.py:202} INFO - Done. Returned value was: None
[2024-04-17T07:00:47.821+0000] {taskinstance.py:1149} INFO - Marking task as SUCCESS. dag_id=Units_statistics_DAG, task_id=ETL_job, map_index=7, execution_date=20240417T060000, start_date=20240417T070017, end_date=20240417T070047
[2024-04-17T07:00:47.882+0000] {local_task_job_runner.py:234} INFO - Task exited with return code 0
[2024-04-17T07:00:47.908+0000] {taskinstance.py:3312} INFO - 0 downstream tasks scheduled from follow-on schedule check
