[2024-05-08T12:02:38.116+0000] {taskinstance.py:1979} INFO - Dependencies all met for dep_context=non-requeueable deps ti=<TaskInstance: Units_statistics_DAG.ETL_job scheduled__2024-05-08T11:40:00+00:00 map_index=11 [queued]>
[2024-05-08T12:02:38.136+0000] {taskinstance.py:1979} INFO - Dependencies all met for dep_context=requeueable deps ti=<TaskInstance: Units_statistics_DAG.ETL_job scheduled__2024-05-08T11:40:00+00:00 map_index=11 [queued]>
[2024-05-08T12:02:38.137+0000] {taskinstance.py:2193} INFO - Starting attempt 2 of 4
[2024-05-08T12:02:38.158+0000] {taskinstance.py:2217} INFO - Executing <Mapped(_PythonDecoratedOperator): ETL_job> on 2024-05-08 11:40:00+00:00
[2024-05-08T12:02:38.166+0000] {standard_task_runner.py:60} INFO - Started process 860400 to run task
[2024-05-08T12:02:38.183+0000] {standard_task_runner.py:87} INFO - Running: ['***', 'tasks', 'run', 'Units_statistics_DAG', 'ETL_job', 'scheduled__2024-05-08T11:40:00+00:00', '--job-id', '41592', '--raw', '--subdir', 'DAGS_FOLDER/Units_dag.py', '--cfg-path', '/tmp/tmp0v6a38e4', '--map-index', '11']
[2024-05-08T12:02:38.185+0000] {standard_task_runner.py:88} INFO - Job 41592: Subtask ETL_job
[2024-05-08T12:02:38.279+0000] {task_command.py:423} INFO - Running <TaskInstance: Units_statistics_DAG.ETL_job scheduled__2024-05-08T11:40:00+00:00 map_index=11 [running]> on host a09da322e808
[2024-05-08T12:02:38.463+0000] {taskinstance.py:2513} INFO - Exporting env vars: AIRFLOW_CTX_DAG_OWNER='abeer-araby' AIRFLOW_CTX_DAG_ID='Units_statistics_DAG' AIRFLOW_CTX_TASK_ID='ETL_job' AIRFLOW_CTX_EXECUTION_DATE='2024-05-08T11:40:00+00:00' AIRFLOW_CTX_TRY_NUMBER='2' AIRFLOW_CTX_DAG_RUN_ID='scheduled__2024-05-08T11:40:00+00:00'
[2024-05-08T12:02:38.465+0000] {Units_dag.py:98} INFO - i: 110000, chunk: 10000
[2024-05-08T12:02:38.465+0000] {Units_dag.py:99} INFO - child token is::: eyJ0eXAiOiJKV1QiLCJhbGciOiJIUzI1NiJ9.eyJpc3MiOiJodHRwczovL2FwaS5hZmFxeS5zYS9hdXRoL2xvZ2luX2FzIiwiaWF0IjoxNzE1MTY5NjAzLCJleHAiOjE3MTc3NjE2MDMsIm5iZiI6MTcxNTE2OTYwMywianRpIjoiMHp5bktCZm1aazZhU2ZLMyIsInN1YiI6IjVkNjNlNTFlMDNlZDUyOTJhNDJjMjRlNiIsInBydiI6IjI3MGVjZmM3ZWEzZWQ5MzdlYTg0OTM2MmEzYTUwOTEwYzZkOGNlNGYiLCJsb2dpbl9hc19pZCI6IjY1N2YwYWQ3M2Y5NzcyOTVjZjA1NTc2YSJ9.U0v290WJ9pizIhapF186g9iz2CzpHhf4-ZmdwZC-7yc
[2024-05-08T12:02:57.327+0000] {Units_dag.py:103} INFO - {'_id': '6489c6dc5e302d3906358475', 'icon': 'icons/M_3.png', 'driver_id': '', 'tailer_id': '', 'profile': {'vehicle_type': '', 'measurement_type': 'count', 'max_capacity': 0, 'vin': '', 'plate_number': '', 'start_operation': '', 'contract_milage': '', 'opening_milage': '', 'model': '', 'fuel_type': 'diesel', 'year': 0, 'seats': 2}, 'device_password': '***', 'device_type': 'gps', 'gateway': False, 'business_types': {'waste': False, 'transportation': True, 'water': False}, 'name': 'DZ-L-10', 'operation_code': '9102', 'device_gateway': '', 'skip_sim_information': False, 'imei': '863051060656880', 'sim_number': '+966830031809961', 'sim_serial': '421296739177', 'device_serial': '863051060656880', 'device': 'bce', 'user_id': '646b5d17429753253c3f456b', 'created_by': '5e6655bf03ed52e1ab79d301', 'updated_at': '2024-04-18 11:18:59', 'created_at': '2023-06-14 16:55:40', 'shipment_info': {'product_category': None, 'truck_type': None, 'shipment_type': None, 'shipment_payment_type': None, 'transporter_type': None, 'operating_area': None, 'weight_kilograms_per_day': None, 'kms_per_day': None, 'shipment_trip_drive_hrs_day': None, 'allowable_delay_drive_hrs_day': None, 'expected_shipment_trip_day': None, 'car_pay_per_day': None, 'exceeding_temperature_limit_per_day': None, 'temperature_upper_limit': None, 'exceeding_humidity_limit_per_day': None, 'humidity_upper_limit': None}, 'custom_fields': [], 'creator': 'amr.ahmed', 'company': '', 'owner': 'muhammad-mansour-al-bassami-admin', 'last_update': {'dtt': 1715169708000, 'dts': 1715169740610, 'spd': 5, 'ang': 318, 'alt': 28, 'chPrams': {'ePwrV': {'v': 27.04, 'cdt': 1715169708000}, 'di16': {'v': 1, 'cdt': 1714282628000}, 'rssi1': {'v': 94, 'cdt': 1715169708000}, 'di15': {'v': 0, 'cdt': 1713494298000}, 'di14': {'v': 1, 'cdt': 1715168734000}, 'di13': {'v': 0, 'cdt': 1713494298000}, 'di12': {'v': 0, 'cdt': 1713494298000}, 'di11': {'v': 0, 'cdt': 1713494298000}, 'di10': {'v': 0, 'cdt': 1713494298000}, 'di2': {'v': 1, 'cdt': 1713494298000}, 'di1': {'v': 1, 'cdt': 1715168764000}, 'di4': {'v': 0, 'cdt': 1713494298000}, 'di3': {'v': 0, 'cdt': 1713494298000}, 'di6': {'v': 1, 'cdt': 1713494298000}, 'di5': {'v': 1, 'cdt': 1715149360000}, 'lac1': {'v': 30, 'cdt': 1715166342000}, 'protocol': {'v': 'bce', 'cdt': 1713494298000}, 'di8': {'v': 1, 'cdt': 1713494298000}, 'di7': {'v': 1, 'cdt': 1715160966000}, 'di9': {'v': 0, 'cdt': 1713494298000}, 'iPwrV': {'v': 3.997, 'cdt': 1715169516000}, 'cid1': {'v': 39420, 'cdt': 1715166342000}, 'odometer': {'v': 0, 'cdt': 1715167614000}, 'spd': {'v': 5, 'cdt': 1715169708000}, 'sat': {'v': 15, 'cdt': 1715169306000}, 'hdop': {'v': 1, 'cdt': 1714323398000}, 'ta': {'v': 0, 'cdt': 1713494298000}, 'mcc1': {'v': 420, 'cdt': 1714074728000}, 'mnc1': {'v': 1, 'cdt': 1715166342000}}, 'prms': {'protocol': 'bce', 'spd': 5, 'sat': 15, 'hdop': 1, 'odometer': 0, 'di16': 1, 'di15': 0, 'di14': 1, 'di13': 0, 'di12': 0, 'di11': 0, 'di10': 0, 'di9': 0, 'di8': 1, 'di7': 1, 'di6': 1, 'di5': 1, 'di4': 0, 'di3': 0, 'di2': 1, 'di1': 1, 'ePwrV': 27.04, 'iPwrV': 3.997, 'ta': 0, 'mcc1': 420, 'mnc1': 1, 'lac1': 30, 'cid1': 39420, 'rssi1': 94}, 'devPrms': ['protocol', 'spd', 'sat', 'hdop', 'odometer', 'di16', 'di15', 'di14', 'di13', 'di12', 'di11', 'di10', 'di9', 'di8', 'di7', 'di6', 'di5', 'di4', 'di3', 'di2', 'di1', 'ePwrV', 'iPwrV', 'ta', 'mcc1', 'mnc1', 'lac1', 'cid1', 'rssi1'], 'old_params': {'protocol': 'bce', 'spd': 3, 'sat': 15, 'hdop': 1, 'odometer': 0, 'di16': 1, 'di15': 0, 'di14': 1, 'di13': 0, 'di12': 0, 'di11': 0, 'di10': 0, 'di9': 0, 'di8': 1, 'di7': 1, 'di6': 1, 'di5': 1, 'di4': 0, 'di3': 0, 'di2': 1, 'di1': 1, 'ePwrV': 27.031, 'iPwrV': 3.997, 'ta': 0, 'mcc1': 420, 'mnc1': 1, 'lac1': 30, 'cid1': 39420, 'rssi1': 79}, 'vLoc': 1, 'vCon': 1, 'ip': '51.36.24.72', 'rl': 0.0084, 'trl': 3108.9546, 'mdu': 0, 'tmdu': 555918, 'eidl': 26, 'teidl': 10914674, 'fc': 0.001008, 'tfc': 0.497004, 'acc': 1, 'accOn': 73441204, 'accOff': 22573432, 'sdu': 0, 'tsdu': 0, 'lat': 21.214614868164062, 'lng': 39.36359405517578}, 'counters': {'odometer_type': 'gps', 'odometer': 19758.43, 'engine_hours_type': 'acc', 'engine_hours': 73441204, 'last_acc': 1}, 'is_wasl_connected': 'Not Connected', 'iconUrl': 'https://api.afaqy.sa/images/units/icons/M_3.png', 'hasCCTV': False}
[2024-05-08T12:02:57.870+0000] {warnings.py:109} WARNING - /home/***/.local/lib/python3.8/site-packages/elasticsearch/_sync/client/__init__.py:399: SecurityWarning: Connecting to 'https://dbelk2.afaqy.local:9200' using TLS with verify_certs=False is insecure
  _transport = transport_class(

[2024-05-08T12:02:57.916+0000] {warnings.py:109} WARNING - /home/***/.local/lib/python3.8/site-packages/elasticsearch/_sync/client/__init__.py:399: SecurityWarning: Connecting to 'https://dbelk3.afaqy.local:9200' using TLS with verify_certs=False is insecure
  _transport = transport_class(

[2024-05-08T12:02:57.964+0000] {warnings.py:109} WARNING - /home/***/.local/lib/python3.8/site-packages/elasticsearch/_sync/client/__init__.py:399: SecurityWarning: Connecting to 'https://dbelk1.afaqy.local:9200' using TLS with verify_certs=False is insecure
  _transport = transport_class(

[2024-05-08T12:02:57.997+0000] {warnings.py:109} WARNING - /home/***/.local/lib/python3.8/site-packages/urllib3/connectionpool.py:1061: InsecureRequestWarning: Unverified HTTPS request is being made to host 'dbelk2.afaqy.local'. Adding certificate verification is strongly advised. See: https://urllib3.readthedocs.io/en/1.26.x/advanced-usage.html#ssl-warnings
  warnings.warn(

[2024-05-08T12:02:58.084+0000] {_transport.py:335} INFO - GET https://dbelk2.afaqy.local:9200/_cluster/health [status:200 duration:0.118s]
[2024-05-08T12:02:58.542+0000] {warnings.py:109} WARNING - /home/***/.local/lib/python3.8/site-packages/urllib3/connectionpool.py:1061: InsecureRequestWarning: Unverified HTTPS request is being made to host 'dbelk3.afaqy.local'. Adding certificate verification is strongly advised. See: https://urllib3.readthedocs.io/en/1.26.x/advanced-usage.html#ssl-warnings
  warnings.warn(

[2024-05-08T12:02:58.558+0000] {_transport.py:335} INFO - PUT https://dbelk3.afaqy.local:9200/units_statistics_***/_bulk [status:429 duration:0.034s]
[2024-05-08T12:02:58.559+0000] {_node_pool.py:249} WARNING - Node <Urllib3HttpNode(https://dbelk3.afaqy.local:9200)> has failed for 1 times in a row, putting on 1 second timeout
[2024-05-08T12:02:58.559+0000] {_transport.py:427} WARNING - Retrying request after non-successful status 429 (attempt 0 of 3)
[2024-05-08T12:02:58.560+0000] {warnings.py:109} WARNING - /home/***/.local/lib/python3.8/site-packages/urllib3/connectionpool.py:1061: InsecureRequestWarning: Unverified HTTPS request is being made to host 'dbelk2.afaqy.local'. Adding certificate verification is strongly advised. See: https://urllib3.readthedocs.io/en/1.26.x/advanced-usage.html#ssl-warnings
  warnings.warn(

[2024-05-08T12:02:58.578+0000] {_transport.py:335} INFO - PUT https://dbelk2.afaqy.local:9200/units_statistics_***/_bulk [status:429 duration:0.019s]
[2024-05-08T12:02:58.579+0000] {_node_pool.py:249} WARNING - Node <Urllib3HttpNode(https://dbelk2.afaqy.local:9200)> has failed for 1 times in a row, putting on 1 second timeout
[2024-05-08T12:02:58.579+0000] {_transport.py:427} WARNING - Retrying request after non-successful status 429 (attempt 1 of 3)
[2024-05-08T12:02:58.603+0000] {warnings.py:109} WARNING - /home/***/.local/lib/python3.8/site-packages/urllib3/connectionpool.py:1061: InsecureRequestWarning: Unverified HTTPS request is being made to host 'dbelk1.afaqy.local'. Adding certificate verification is strongly advised. See: https://urllib3.readthedocs.io/en/1.26.x/advanced-usage.html#ssl-warnings
  warnings.warn(

[2024-05-08T12:02:58.764+0000] {_transport.py:335} INFO - PUT https://dbelk1.afaqy.local:9200/units_statistics_***/_bulk [status:200 duration:0.185s]
[2024-05-08T12:02:59.035+0000] {taskinstance.py:2731} ERROR - Task failed with exception
Traceback (most recent call last):
  File "/home/airflow/.local/lib/python3.8/site-packages/airflow/models/taskinstance.py", line 444, in _execute_task
    result = _execute_callable(context=context, **execute_callable_kwargs)
  File "/home/airflow/.local/lib/python3.8/site-packages/airflow/models/taskinstance.py", line 414, in _execute_callable
    return execute_callable(context=context, **execute_callable_kwargs)
  File "/home/airflow/.local/lib/python3.8/site-packages/airflow/decorators/base.py", line 241, in execute
    return_value = super().execute(context)
  File "/home/airflow/.local/lib/python3.8/site-packages/airflow/operators/python.py", line 200, in execute
    return_value = self.execute_callable()
  File "/home/airflow/.local/lib/python3.8/site-packages/airflow/operators/python.py", line 217, in execute_callable
    return self.python_callable(*self.op_args, **self.op_kwargs)
  File "/opt/airflow/dags/Units_dag.py", line 111, in ETL_job
    Elk_client.elk_pushData(Globals.index_name,units_list_update)
  File "/opt/airflow/dags/units_statistics/elk_manager.py", line 69, in elk_pushData
    helpers.bulk(self.elk_client, docs_list, index=index_name, chunk_size=batch)
  File "/home/airflow/.local/lib/python3.8/site-packages/elasticsearch/helpers/actions.py", line 521, in bulk
    for ok, item in streaming_bulk(
  File "/home/airflow/.local/lib/python3.8/site-packages/elasticsearch/helpers/actions.py", line 436, in streaming_bulk
    for data, (ok, info) in zip(
  File "/home/airflow/.local/lib/python3.8/site-packages/elasticsearch/helpers/actions.py", line 355, in _process_bulk_chunk
    yield from gen
  File "/home/airflow/.local/lib/python3.8/site-packages/elasticsearch/helpers/actions.py", line 274, in _process_bulk_chunk_success
    raise BulkIndexError(f"{len(errors)} document(s) failed to index.", errors)
elasticsearch.helpers.BulkIndexError: 10000 document(s) failed to index.
[2024-05-08T12:02:59.047+0000] {taskinstance.py:1149} INFO - Marking task as UP_FOR_RETRY. dag_id=Units_statistics_DAG, task_id=ETL_job, map_index=11, execution_date=20240508T114000, start_date=20240508T120238, end_date=20240508T120259
[2024-05-08T12:02:59.062+0000] {standard_task_runner.py:107} ERROR - Failed to execute job 41592 for task ETL_job (10000 document(s) failed to index.; 860400)
[2024-05-08T12:02:59.114+0000] {local_task_job_runner.py:234} INFO - Task exited with return code 1
[2024-05-08T12:02:59.159+0000] {taskinstance.py:3312} INFO - 0 downstream tasks scheduled from follow-on schedule check
