[2024-05-07T10:23:20.682+0000] {taskinstance.py:1979} INFO - Dependencies all met for dep_context=non-requeueable deps ti=<TaskInstance: Units_statistics_DAG.ETL_job scheduled__2024-05-07T10:00:00+00:00 map_index=2 [queued]>
[2024-05-07T10:23:20.698+0000] {taskinstance.py:1979} INFO - Dependencies all met for dep_context=requeueable deps ti=<TaskInstance: Units_statistics_DAG.ETL_job scheduled__2024-05-07T10:00:00+00:00 map_index=2 [queued]>
[2024-05-07T10:23:20.699+0000] {taskinstance.py:2193} INFO - Starting attempt 2 of 4
[2024-05-07T10:23:20.722+0000] {taskinstance.py:2217} INFO - Executing <Mapped(_PythonDecoratedOperator): ETL_job> on 2024-05-07 10:00:00+00:00
[2024-05-07T10:23:20.731+0000] {standard_task_runner.py:60} INFO - Started process 831433 to run task
[2024-05-07T10:23:20.742+0000] {standard_task_runner.py:87} INFO - Running: ['***', 'tasks', 'run', 'Units_statistics_DAG', 'ETL_job', 'scheduled__2024-05-07T10:00:00+00:00', '--job-id', '38078', '--raw', '--subdir', 'DAGS_FOLDER/Units_dag.py', '--cfg-path', '/tmp/tmp10l27uc3', '--map-index', '2']
[2024-05-07T10:23:20.745+0000] {standard_task_runner.py:88} INFO - Job 38078: Subtask ETL_job
[2024-05-07T10:23:20.834+0000] {task_command.py:423} INFO - Running <TaskInstance: Units_statistics_DAG.ETL_job scheduled__2024-05-07T10:00:00+00:00 map_index=2 [running]> on host a09da322e808
[2024-05-07T10:23:21.013+0000] {taskinstance.py:2513} INFO - Exporting env vars: AIRFLOW_CTX_DAG_OWNER='abeer-araby' AIRFLOW_CTX_DAG_ID='Units_statistics_DAG' AIRFLOW_CTX_TASK_ID='ETL_job' AIRFLOW_CTX_EXECUTION_DATE='2024-05-07T10:00:00+00:00' AIRFLOW_CTX_TRY_NUMBER='2' AIRFLOW_CTX_DAG_RUN_ID='scheduled__2024-05-07T10:00:00+00:00'
[2024-05-07T10:23:21.015+0000] {Units_dag.py:98} INFO - i: 20000, chunk: 10000
[2024-05-07T10:23:21.015+0000] {Units_dag.py:99} INFO - child token is::: eyJ0eXAiOiJKV1QiLCJhbGciOiJIUzI1NiJ9.eyJpc3MiOiJodHRwczovL2FwaS5hZmFxeS5zYS9hdXRoL2xvZ2luX2FzIiwiaWF0IjoxNzE1MDc3MzAxLCJleHAiOjE3MTc2NjkzMDEsIm5iZiI6MTcxNTA3NzMwMSwianRpIjoiZW9HOUdDMjJXMEtEZ0VCSiIsInN1YiI6IjVkNjNlNTFlMDNlZDUyOTJhNDJjMjRlNiIsInBydiI6IjI3MGVjZmM3ZWEzZWQ5MzdlYTg0OTM2MmEzYTUwOTEwYzZkOGNlNGYiLCJsb2dpbl9hc19pZCI6IjY1N2YwYWQ3M2Y5NzcyOTVjZjA1NTc2YSJ9.fSGVwKQBMFFFDsC35ibe9LKCVk6A-k3mGC1KMduMVbw
[2024-05-07T10:23:37.466+0000] {Units_dag.py:103} INFO - {'_id': '618a70e9fabb56337f79c30f', 'icon': 'icons/icon.png', 'driver_id': '', 'tailer_id': '', 'profile': {'vehicle_type': '', 'measurement_type': 'weight', 'max_capacity': 0, 'vin': '', 'plate_number': '', 'start_operation': '', 'contract_milage': '', 'opening_milage': '', 'model': '', 'fuel_type': '91', 'year': 0, 'seats': 2}, 'device_password': '***', 'device_type': 'gps', 'gateway': False, 'name': 'ب س م 7343', 'operation_code': '', 'device_gateway': '', 'business_types': {'waste': False, 'transportation': True, 'water': False}, 'imei': '862549044125154', 'sim_number': '+966862549084845', 'sim_serial': '862549044125154', 'device_serial': '862549044125154', 'device': 'ruptela', 'user_id': '5e539d8203ed52f71d634478', 'created_by': '5e6655bf03ed52e1ab79d301', 'updated_at': '2024-04-18 11:18:59', 'created_at': '2021-11-09 16:00:25', 'custom_fields': [], 'creator': 'amr.ahmed', 'company': '', 'owner': 'aemallamar', 'last_update': {'dtt': 1715077348000, 'dts': 1715077349513, 'spd': 0, 'ang': 121, 'alt': 727, 'chPrams': {'gsm': {'v': 25, 'cdt': 1715077348000}, 'io_1_176': {'v': 0, 'cdt': 1715077348000}, 'io_1_134': {'v': 0, 'cdt': 1715077288000}, 'io_1_136': {'v': 0, 'cdt': 1715074223000}, 'ai22': {'v': 2924, 'cdt': 1715077275000}, 'ePwrV': {'v': 27.611, 'cdt': 1715077348000}, 'io_1_135': {'v': 0, 'cdt': 1715077285000}, 'io_2_139': {'v': 60, 'cdt': 1715077348000}, 'di2': {'v': 0, 'cdt': 1636636963000}, 'operator': {'v': 42004, 'cdt': 1714544431000}, 'io_1_130': {'v': 7, 'cdt': 1715077288000}, 'di5': {'v': 1, 'cdt': 1715061403000}, 'io_2_131': {'v': 0, 'cdt': 1715001417000}, 'protocol': {'v': 'ruptela', 'cdt': 1714399624000}, 'io_2_137': {'v': 0, 'cdt': 1715075772000}, 'iPwrV': {'v': 4.081, 'cdt': 1715077348000}, 'event': {'v': 7, 'cdt': 1715077348000}, 'io_1_418': {'v': 1, 'cdt': 1714544431000}, 'move': {'v': 0, 'cdt': 1715077285000}, 'spd': {'v': 0, 'cdt': 1715077348000}, 'sat': {'v': 22, 'cdt': 1715077259000}, 'hdop': {'v': 0.5, 'cdt': 1715077109000}, 'io_2_560': {'v': 0, 'cdt': 1714472247000}, 'accTemp': {'v': 36, 'cdt': 1715077147000}, 'vOdometer': {'v': 187971887, 'cdt': 1715077348000}, 'io_1_405': {'v': 1, 'cdt': 1714399624000}}, 'prms': {'protocol': 'ruptela', 'sat': 22, 'spd': 0, 'hdop': 0.5, 'event': 7, 'io_1_130': 7, 'io_1_134': 0, 'io_1_135': 0, 'io_1_136': 0, 'di2': 0, 'di5': 1, 'accTemp': 36, 'io_1_405': 1, 'gsm': 25, 'move': 0, 'io_1_176': 0, 'io_1_418': 1, 'io_2_131': 0, 'io_2_137': 0, 'io_2_139': 60, 'ai22': 2924, 'io_2_560': 0, 'ePwrV': 27.611, 'iPwrV': 4.081, 'vOdometer': 187971887, 'operator': 42004}, 'devPrms': ['protocol', 'sat', 'spd', 'hdop', 'event', 'io_1_130', 'io_1_134', 'io_1_135', 'io_1_136', 'di2', 'di5', 'accTemp', 'io_1_405', 'gsm', 'move', 'io_1_176', 'io_1_418', 'io_2_131', 'io_2_137', 'io_2_139', 'ai22', 'io_2_560', 'ePwrV', 'iPwrV', 'vOdometer', 'operator'], 'old_params': {'protocol': 'ruptela', 'sat': 22, 'spd': 7, 'hdop': 0.5, 'event': 9, 'io_1_130': 7, 'io_1_134': 0, 'io_1_135': 0, 'io_1_136': 0, 'di2': 0, 'di5': 1, 'accTemp': 36, 'io_1_405': 1, 'gsm': 12, 'move': 0, 'io_1_176': 4, 'io_1_418': 1, 'io_2_131': 0, 'io_2_137': 0, 'io_2_139': 3, 'ai22': 2924, 'io_2_560': 0, 'ePwrV': 27.608, 'iPwrV': 4.08, 'vOdometer': 187971876, 'operator': 42004}, 'vLoc': 1, 'vCon': 1, 'ip': '51.39.13.86', 'rl': 0.012, 'trl': 189456.0757, 'mdu': 60, 'tmdu': 10355136, 'eidl': 0, 'teidl': 6642548, 'fc': 0.00144, 'tfc': 649.23804, 'acc': 1, 'accOn': 143216275, 'accOff': 61740557, 'sdu': 0, 'tsdu': 0, 'lat': 25.8286766, 'lng': 43.51264}, 'counters': {'odometer_type': 'gps', 'odometer': 189456.0757, 'engine_hours_type': 'acc', 'engine_hours': 143216275, 'last_acc': 1}, 'is_wasl_connected': 'Connected', 'iconUrl': 'https://api.afaqy.sa/images/units/icons/icon.png', 'hasCCTV': False}
[2024-05-07T10:23:38.036+0000] {warnings.py:109} WARNING - /home/***/.local/lib/python3.8/site-packages/elasticsearch/_sync/client/__init__.py:399: SecurityWarning: Connecting to 'https://dbelk1.afaqy.local:9200' using TLS with verify_certs=False is insecure
  _transport = transport_class(

[2024-05-07T10:23:38.084+0000] {warnings.py:109} WARNING - /home/***/.local/lib/python3.8/site-packages/elasticsearch/_sync/client/__init__.py:399: SecurityWarning: Connecting to 'https://dbelk3.afaqy.local:9200' using TLS with verify_certs=False is insecure
  _transport = transport_class(

[2024-05-07T10:23:38.133+0000] {warnings.py:109} WARNING - /home/***/.local/lib/python3.8/site-packages/elasticsearch/_sync/client/__init__.py:399: SecurityWarning: Connecting to 'https://dbelk2.afaqy.local:9200' using TLS with verify_certs=False is insecure
  _transport = transport_class(

[2024-05-07T10:23:38.159+0000] {warnings.py:109} WARNING - /home/***/.local/lib/python3.8/site-packages/urllib3/connectionpool.py:1061: InsecureRequestWarning: Unverified HTTPS request is being made to host 'dbelk1.afaqy.local'. Adding certificate verification is strongly advised. See: https://urllib3.readthedocs.io/en/1.26.x/advanced-usage.html#ssl-warnings
  warnings.warn(

[2024-05-07T10:23:38.228+0000] {_transport.py:335} INFO - GET https://dbelk1.afaqy.local:9200/_cluster/health [status:200 duration:0.093s]
[2024-05-07T10:23:38.572+0000] {warnings.py:109} WARNING - /home/***/.local/lib/python3.8/site-packages/urllib3/connectionpool.py:1061: InsecureRequestWarning: Unverified HTTPS request is being made to host 'dbelk3.afaqy.local'. Adding certificate verification is strongly advised. See: https://urllib3.readthedocs.io/en/1.26.x/advanced-usage.html#ssl-warnings
  warnings.warn(

[2024-05-07T10:23:38.592+0000] {_transport.py:335} INFO - PUT https://dbelk3.afaqy.local:9200/units_statistics_***/_bulk [status:429 duration:0.046s]
[2024-05-07T10:23:38.593+0000] {_node_pool.py:249} WARNING - Node <Urllib3HttpNode(https://dbelk3.afaqy.local:9200)> has failed for 1 times in a row, putting on 1 second timeout
[2024-05-07T10:23:38.594+0000] {_transport.py:427} WARNING - Retrying request after non-successful status 429 (attempt 0 of 3)
[2024-05-07T10:23:38.595+0000] {warnings.py:109} WARNING - /home/***/.local/lib/python3.8/site-packages/urllib3/connectionpool.py:1061: InsecureRequestWarning: Unverified HTTPS request is being made to host 'dbelk1.afaqy.local'. Adding certificate verification is strongly advised. See: https://urllib3.readthedocs.io/en/1.26.x/advanced-usage.html#ssl-warnings
  warnings.warn(

[2024-05-07T10:23:39.458+0000] {_transport.py:335} INFO - PUT https://dbelk1.afaqy.local:9200/units_statistics_***/_bulk [status:200 duration:0.863s]
[2024-05-07T10:23:39.885+0000] {python.py:202} INFO - Done. Returned value was: None
[2024-05-07T10:23:39.904+0000] {taskinstance.py:1149} INFO - Marking task as SUCCESS. dag_id=Units_statistics_DAG, task_id=ETL_job, map_index=2, execution_date=20240507T100000, start_date=20240507T102320, end_date=20240507T102339
[2024-05-07T10:23:39.947+0000] {local_task_job_runner.py:234} INFO - Task exited with return code 0
[2024-05-07T10:23:39.979+0000] {taskinstance.py:3312} INFO - 0 downstream tasks scheduled from follow-on schedule check
