[2024-05-07T09:01:51.899+0000] {taskinstance.py:1979} INFO - Dependencies all met for dep_context=non-requeueable deps ti=<TaskInstance: Units_statistics_DAG.ETL_job scheduled__2024-05-07T08:40:00+00:00 map_index=12 [queued]>
[2024-05-07T09:01:51.912+0000] {taskinstance.py:1979} INFO - Dependencies all met for dep_context=requeueable deps ti=<TaskInstance: Units_statistics_DAG.ETL_job scheduled__2024-05-07T08:40:00+00:00 map_index=12 [queued]>
[2024-05-07T09:01:51.913+0000] {taskinstance.py:2193} INFO - Starting attempt 2 of 4
[2024-05-07T09:01:51.931+0000] {taskinstance.py:2217} INFO - Executing <Mapped(_PythonDecoratedOperator): ETL_job> on 2024-05-07 08:40:00+00:00
[2024-05-07T09:01:51.941+0000] {standard_task_runner.py:60} INFO - Started process 829961 to run task
[2024-05-07T09:01:51.948+0000] {standard_task_runner.py:87} INFO - Running: ['***', 'tasks', 'run', 'Units_statistics_DAG', 'ETL_job', 'scheduled__2024-05-07T08:40:00+00:00', '--job-id', '37919', '--raw', '--subdir', 'DAGS_FOLDER/Units_dag.py', '--cfg-path', '/tmp/tmpzxzz8ma9', '--map-index', '12']
[2024-05-07T09:01:51.950+0000] {standard_task_runner.py:88} INFO - Job 37919: Subtask ETL_job
[2024-05-07T09:01:52.044+0000] {task_command.py:423} INFO - Running <TaskInstance: Units_statistics_DAG.ETL_job scheduled__2024-05-07T08:40:00+00:00 map_index=12 [running]> on host a09da322e808
[2024-05-07T09:01:52.249+0000] {taskinstance.py:2513} INFO - Exporting env vars: AIRFLOW_CTX_DAG_OWNER='abeer-araby' AIRFLOW_CTX_DAG_ID='Units_statistics_DAG' AIRFLOW_CTX_TASK_ID='ETL_job' AIRFLOW_CTX_EXECUTION_DATE='2024-05-07T08:40:00+00:00' AIRFLOW_CTX_TRY_NUMBER='2' AIRFLOW_CTX_DAG_RUN_ID='scheduled__2024-05-07T08:40:00+00:00'
[2024-05-07T09:01:52.251+0000] {Units_dag.py:98} INFO - i: 120000, chunk: 10000
[2024-05-07T09:01:52.251+0000] {Units_dag.py:99} INFO - child token is::: eyJ0eXAiOiJKV1QiLCJhbGciOiJIUzI1NiJ9.eyJpc3MiOiJodHRwczovL2FwaS5hZmFxeS5zYS9hdXRoL2xvZ2luX2FzIiwiaWF0IjoxNzE1MDcyNDA0LCJleHAiOjE3MTc2NjQ0MDQsIm5iZiI6MTcxNTA3MjQwNCwianRpIjoiNHZ5d2ZuZEE3VFRNb3lNbSIsInN1YiI6IjVkNjNlNTFlMDNlZDUyOTJhNDJjMjRlNiIsInBydiI6IjI3MGVjZmM3ZWEzZWQ5MzdlYTg0OTM2MmEzYTUwOTEwYzZkOGNlNGYiLCJsb2dpbl9hc19pZCI6IjY1N2YwYWQ3M2Y5NzcyOTVjZjA1NTc2YSJ9.6NopvB6xMP1gw4QGp6dwmXZSOv0ttrmaeXWhqR4-xc4
[2024-05-07T09:02:15.543+0000] {Units_dag.py:103} INFO - {'_id': '64cb7f9676a7e533ba359565', 'icon': 'icons/icon.png', 'driver_id': '', 'tailer_id': '', 'profile': {'vehicle_type': '', 'measurement_type': 'count', 'max_capacity': 0, 'vin': '', 'plate_number': '', 'start_operation': '', 'contract_milage': '', 'opening_milage': '', 'model': '', 'fuel_type': '91', 'year': 0, 'seats': 2}, 'device_password': '***', 'device_type': 'gps', 'gateway': False, 'business_types': {'waste': False, 'transportation': True, 'water': False}, 'name': '8803 X D A', 'operation_code': '', 'device_gateway': '', 'skip_sim_information': False, 'imei': '860665057454539', 'sim_number': '+966830031797870', 'sim_serial': '421296732485', 'device_serial': '860665057454539', 'device': 'bce', 'user_id': '625803f9eab5ed53380a3db4', 'created_by': '5e6655bf03ed52e1ab79d301', 'updated_at': '2024-04-18 11:18:59', 'created_at': '2023-08-03 13:21:10', 'custom_fields': [], 'creator': 'amr.ahmed', 'company': '', 'owner': 'sultan-trans-admin', 'last_update': {'dtt': 1715072486000, 'dts': 1715072495921, 'spd': 68, 'ang': 38, 'alt': 303, 'chPrams': {'ePwrV': {'v': 28.068, 'cdt': 1715072486000}, 'di16': {'v': 1, 'cdt': 1714387576000}, 'rssi1': {'v': 72, 'cdt': 1715072486000}, 'di15': {'v': 0, 'cdt': 1713383502000}, 'di14': {'v': 1, 'cdt': 1715071878000}, 'di13': {'v': 0, 'cdt': 1714387576000}, 'di12': {'v': 0, 'cdt': 1714387576000}, 'di11': {'v': 0, 'cdt': 1714387576000}, 'di10': {'v': 0, 'cdt': 1714387576000}, 'di2': {'v': 1, 'cdt': 1713019388000}, 'di1': {'v': 1, 'cdt': 1715065376000}, 'ai4': {'v': 13022, 'cdt': 1715072486000}, 'di4': {'v': 0, 'cdt': 1714387576000}, 'di3': {'v': 0, 'cdt': 1714387576000}, 'di6': {'v': 0, 'cdt': 1714387576000}, 'di5': {'v': 1, 'cdt': 1715065376000}, 'lac1': {'v': 12109, 'cdt': 1715069276000}, 'di8': {'v': 1, 'cdt': 1713019388000}, 'protocol': {'v': 'bce', 'cdt': 1714387576000}, 'di7': {'v': 1, 'cdt': 1715065376000}, 'di9': {'v': 0, 'cdt': 1714560420000}, 'iPwrV': {'v': 4.125, 'cdt': 1715072140000}, 'brk': {'v': '0.00', 'cdt': 1715072486000}, 'cid1': {'v': 20541, 'cdt': 1715072284000}, 'crn': {'v': '0.00', 'cdt': 1715072486000}, 'odometer': {'v': 1125611093, 'cdt': 1715072486000}, 'spd': {'v': 68, 'cdt': 1715072486000}, 'sat': {'v': 12, 'cdt': 1715070716000}, 'hdop': {'v': 1, 'cdt': 1714981784000}, 'accel': {'v': '0.00', 'cdt': 1715072486000}, 'ta': {'v': 0, 'cdt': 1714387576000}, 'mcc1': {'v': 420, 'cdt': 1714650494000}, 'mnc1': {'v': 4, 'cdt': 1713599532000}}, 'prms': {'protocol': 'bce', 'spd': 68, 'sat': 12, 'hdop': 1, 'odometer': 1125611093, 'di16': 1, 'di15': 0, 'di14': 1, 'di13': 0, 'di12': 0, 'di11': 0, 'di10': 0, 'di9': 0, 'di8': 1, 'di7': 1, 'di6': 0, 'di5': 1, 'di4': 0, 'di3': 0, 'di2': 1, 'di1': 1, 'ePwrV': 28.068, 'ai4': 13022, 'iPwrV': 4.125, 'ta': 0, 'mcc1': 420, 'mnc1': 4, 'lac1': 12109, 'cid1': 20541, 'rssi1': 72, 'accel': '0.00', 'brk': '0.00', 'crn': '0.00'}, 'devPrms': ['protocol', 'spd', 'sat', 'hdop', 'odometer', 'di16', 'di15', 'di14', 'di13', 'di12', 'di11', 'di10', 'di9', 'di8', 'di7', 'di6', 'di5', 'di4', 'di3', 'di2', 'di1', 'ePwrV', 'ai4', 'iPwrV', 'ta', 'mcc1', 'mnc1', 'lac1', 'cid1', 'rssi1', 'accel', 'brk', 'crn'], 'old_params': {'protocol': 'bce', 'spd': 69, 'sat': 12, 'hdop': 1, 'odometer': 1142411586, 'di16': 1, 'di15': 0, 'di14': 1, 'di13': 0, 'di12': 0, 'di11': 0, 'di10': 0, 'di9': 0, 'di8': 1, 'di7': 1, 'di6': 0, 'di5': 1, 'di4': 0, 'di3': 0, 'di2': 1, 'di1': 1, 'ePwrV': 28.05, 'ai4': 12991, 'iPwrV': 4.125, 'ta': 0, 'mcc1': 420, 'mnc1': 4, 'lac1': 12109, 'cid1': 20541, 'rssi1': 69, 'accel': '0.08', 'brk': '0.08', 'crn': '0.06'}, 'vLoc': 1, 'vCon': 1, 'ip': '51.39.42.59', 'rl': 0.1516, 'trl': 67970.0511, 'mdu': 8, 'tmdu': 4699654, 'eidl': 0, 'teidl': 4636352, 'fc': 0.018192, 'tfc': 21.200004, 'acc': 1, 'accOn': 9651482, 'accOff': 20641830, 'sdu': 0, 'tsdu': 0, 'lat': 25.73740005493164, 'lng': 48.677486419677734}, 'counters': {'odometer_type': 'gps', 'odometer': 67968.918, 'engine_hours_type': 'acc', 'engine_hours': 9651482, 'last_acc': 1}, 'is_wasl_connected': 'Not Connected', 'iconUrl': 'https://api.afaqy.sa/images/units/icons/icon.png', 'hasCCTV': False}
[2024-05-07T09:02:16.088+0000] {warnings.py:109} WARNING - /home/***/.local/lib/python3.8/site-packages/elasticsearch/_sync/client/__init__.py:399: SecurityWarning: Connecting to 'https://dbelk3.afaqy.local:9200' using TLS with verify_certs=False is insecure
  _transport = transport_class(

[2024-05-07T09:02:16.125+0000] {warnings.py:109} WARNING - /home/***/.local/lib/python3.8/site-packages/elasticsearch/_sync/client/__init__.py:399: SecurityWarning: Connecting to 'https://dbelk1.afaqy.local:9200' using TLS with verify_certs=False is insecure
  _transport = transport_class(

[2024-05-07T09:02:16.163+0000] {warnings.py:109} WARNING - /home/***/.local/lib/python3.8/site-packages/elasticsearch/_sync/client/__init__.py:399: SecurityWarning: Connecting to 'https://dbelk2.afaqy.local:9200' using TLS with verify_certs=False is insecure
  _transport = transport_class(

[2024-05-07T09:02:16.185+0000] {warnings.py:109} WARNING - /home/***/.local/lib/python3.8/site-packages/urllib3/connectionpool.py:1061: InsecureRequestWarning: Unverified HTTPS request is being made to host 'dbelk3.afaqy.local'. Adding certificate verification is strongly advised. See: https://urllib3.readthedocs.io/en/1.26.x/advanced-usage.html#ssl-warnings
  warnings.warn(

[2024-05-07T09:02:16.289+0000] {_transport.py:335} INFO - GET https://dbelk3.afaqy.local:9200/_cluster/health [status:200 duration:0.124s]
[2024-05-07T09:02:16.729+0000] {warnings.py:109} WARNING - /home/***/.local/lib/python3.8/site-packages/urllib3/connectionpool.py:1061: InsecureRequestWarning: Unverified HTTPS request is being made to host 'dbelk1.afaqy.local'. Adding certificate verification is strongly advised. See: https://urllib3.readthedocs.io/en/1.26.x/advanced-usage.html#ssl-warnings
  warnings.warn(

[2024-05-07T09:02:16.898+0000] {_transport.py:335} INFO - PUT https://dbelk1.afaqy.local:9200/units_statistics_***/_bulk [status:200 duration:0.198s]
[2024-05-07T09:02:17.176+0000] {taskinstance.py:2731} ERROR - Task failed with exception
Traceback (most recent call last):
  File "/home/airflow/.local/lib/python3.8/site-packages/airflow/models/taskinstance.py", line 444, in _execute_task
    result = _execute_callable(context=context, **execute_callable_kwargs)
  File "/home/airflow/.local/lib/python3.8/site-packages/airflow/models/taskinstance.py", line 414, in _execute_callable
    return execute_callable(context=context, **execute_callable_kwargs)
  File "/home/airflow/.local/lib/python3.8/site-packages/airflow/decorators/base.py", line 241, in execute
    return_value = super().execute(context)
  File "/home/airflow/.local/lib/python3.8/site-packages/airflow/operators/python.py", line 200, in execute
    return_value = self.execute_callable()
  File "/home/airflow/.local/lib/python3.8/site-packages/airflow/operators/python.py", line 217, in execute_callable
    return self.python_callable(*self.op_args, **self.op_kwargs)
  File "/opt/airflow/dags/Units_dag.py", line 111, in ETL_job
    Elk_client.elk_pushData(Globals.index_name,units_list_update)
  File "/opt/airflow/dags/units_statistics/elk_manager.py", line 69, in elk_pushData
    helpers.bulk(self.elk_client, docs_list, index=index_name, chunk_size=batch)
  File "/home/airflow/.local/lib/python3.8/site-packages/elasticsearch/helpers/actions.py", line 521, in bulk
    for ok, item in streaming_bulk(
  File "/home/airflow/.local/lib/python3.8/site-packages/elasticsearch/helpers/actions.py", line 436, in streaming_bulk
    for data, (ok, info) in zip(
  File "/home/airflow/.local/lib/python3.8/site-packages/elasticsearch/helpers/actions.py", line 355, in _process_bulk_chunk
    yield from gen
  File "/home/airflow/.local/lib/python3.8/site-packages/elasticsearch/helpers/actions.py", line 274, in _process_bulk_chunk_success
    raise BulkIndexError(f"{len(errors)} document(s) failed to index.", errors)
elasticsearch.helpers.BulkIndexError: 10000 document(s) failed to index.
[2024-05-07T09:02:17.195+0000] {taskinstance.py:1149} INFO - Marking task as UP_FOR_RETRY. dag_id=Units_statistics_DAG, task_id=ETL_job, map_index=12, execution_date=20240507T084000, start_date=20240507T090151, end_date=20240507T090217
[2024-05-07T09:02:17.213+0000] {standard_task_runner.py:107} ERROR - Failed to execute job 37919 for task ETL_job (10000 document(s) failed to index.; 829961)
[2024-05-07T09:02:17.276+0000] {local_task_job_runner.py:234} INFO - Task exited with return code 1
[2024-05-07T09:02:17.306+0000] {taskinstance.py:3312} INFO - 0 downstream tasks scheduled from follow-on schedule check
