[2024-05-06T07:43:25.680+0000] {taskinstance.py:1979} INFO - Dependencies all met for dep_context=non-requeueable deps ti=<TaskInstance: Units_statistics_DAG.ETL_job scheduled__2024-05-06T07:20:00+00:00 map_index=7 [queued]>
[2024-05-06T07:43:25.696+0000] {taskinstance.py:1979} INFO - Dependencies all met for dep_context=requeueable deps ti=<TaskInstance: Units_statistics_DAG.ETL_job scheduled__2024-05-06T07:20:00+00:00 map_index=7 [queued]>
[2024-05-06T07:43:25.696+0000] {taskinstance.py:2193} INFO - Starting attempt 3 of 4
[2024-05-06T07:43:25.725+0000] {taskinstance.py:2217} INFO - Executing <Mapped(_PythonDecoratedOperator): ETL_job> on 2024-05-06 07:20:00+00:00
[2024-05-06T07:43:25.732+0000] {standard_task_runner.py:60} INFO - Started process 802693 to run task
[2024-05-06T07:43:25.740+0000] {standard_task_runner.py:87} INFO - Running: ['***', 'tasks', 'run', 'Units_statistics_DAG', 'ETL_job', 'scheduled__2024-05-06T07:20:00+00:00', '--job-id', '35137', '--raw', '--subdir', 'DAGS_FOLDER/Units_dag.py', '--cfg-path', '/tmp/tmpbv3c224c', '--map-index', '7']
[2024-05-06T07:43:25.743+0000] {standard_task_runner.py:88} INFO - Job 35137: Subtask ETL_job
[2024-05-06T07:43:25.843+0000] {task_command.py:423} INFO - Running <TaskInstance: Units_statistics_DAG.ETL_job scheduled__2024-05-06T07:20:00+00:00 map_index=7 [running]> on host a09da322e808
[2024-05-06T07:43:26.030+0000] {taskinstance.py:2513} INFO - Exporting env vars: AIRFLOW_CTX_DAG_OWNER='abeer-araby' AIRFLOW_CTX_DAG_ID='Units_statistics_DAG' AIRFLOW_CTX_TASK_ID='ETL_job' AIRFLOW_CTX_EXECUTION_DATE='2024-05-06T07:20:00+00:00' AIRFLOW_CTX_TRY_NUMBER='3' AIRFLOW_CTX_DAG_RUN_ID='scheduled__2024-05-06T07:20:00+00:00'
[2024-05-06T07:43:26.032+0000] {Units_dag.py:99} INFO - i: 70000, chunk: 10000
[2024-05-06T07:43:26.032+0000] {Units_dag.py:100} INFO - child token is::: eyJ0eXAiOiJKV1QiLCJhbGciOiJIUzI1NiJ9.eyJpc3MiOiJodHRwczovL2FwaS5hZmFxeS5zYS9hdXRoL2xvZ2luX2FzIiwiaWF0IjoxNzE0OTgxMjAzLCJleHAiOjE3MTc1NzMyMDMsIm5iZiI6MTcxNDk4MTIwMywianRpIjoiZFQ0aEdpMFJNaG03aEFNciIsInN1YiI6IjVkNjNlNTFlMDNlZDUyOTJhNDJjMjRlNiIsInBydiI6IjI3MGVjZmM3ZWEzZWQ5MzdlYTg0OTM2MmEzYTUwOTEwYzZkOGNlNGYiLCJsb2dpbl9hc19pZCI6IjY1N2YwYWQ3M2Y5NzcyOTVjZjA1NTc2YSJ9.oxTZb6gkWfNhd2PEegIF6HVfYEmNFgNwMY4OkqOOLYk
[2024-05-06T07:43:47.363+0000] {Units_dag.py:104} INFO - {'_id': '63a20ef0514e5748de54f245', 'icon': 'icons/icon.png', 'driver_id': '', 'tailer_id': '', 'profile': {'vehicle_type': '', 'measurement_type': 'count', 'max_capacity': 0, 'vin': '', 'plate_number': '', 'start_operation': '', 'contract_milage': '', 'opening_milage': '', 'model': '', 'fuel_type': '91', 'year': 0, 'seats': 2}, 'device_password': '***', 'device_type': 'gps', 'gateway': False, 'name': '3320 VDR', 'operation_code': '', 'device_gateway': '', 'business_types': {'waste': False, 'transportation': True, 'water': False}, 'imei': '861937062989125', 'sim_number': '+966830031680229', 'sim_serial': '21282868640', 'device_serial': '861937062989125', 'device': 'bceIotm', 'cctv': {'dvr_id': '', 'channels': 1}, 'user_id': '5c64510803ed52ac566d1954', 'created_by': '5e6655bf03ed52e1ab79d301', 'updated_at': '2024-04-18 11:18:59', 'created_at': '2022-12-20 22:37:20', 'custom_fields': [], 'creator': 'amr.ahmed', 'company': '', 'owner': 'zain', 'last_update': {'dtt': 1698241803000, 'dts': 1698241808340, 'spd': 0, 'ang': 0, 'alt': 840, 'chPrams': {'acc': {'v': 0, 'cdt': 1698239697000}, 'sensor_8192': {'v': 0, 'cdt': 1698239687000}, 'fw_name': {'v': 'FF0_01_122', 'cdt': 1697626722000}, 'ePwrV': {'v': 0, 'cdt': 1698239998000}, 'sensor_136': {'v': 0, 'cdt': 1697450452000}, 'sensor_8199': {'v': 33, 'cdt': 1698239697000}, 'sensor_16387': {'v': 4661000, 'cdt': 1697635735000}, 'war_id': {'v': 64, 'cdt': 1698238194000}, 'sensor_12300': {'v': 5843, 'cdt': 1698239697000}, 'protocol': {'v': 'MQTT', 'cdt': 1698145950000}, 'sensor_96': {'v': 0, 'cdt': 1697620815000}, 'sensor_98': {'v': 1, 'cdt': 1698239693000}, 'sensor_139': {'v': 0, 'cdt': 1698239672000}, 'sensor_99': {'v': 0, 'cdt': 1697635738000}, 'sensor_8201': {'v': 0, 'cdt': 1697620815000}, 'sensor_2': {'v': 0, 'cdt': 1698239697000}, 'sensor_137': {'v': 0, 'cdt': 1697297144000}, 'sensor_45058': {'v': 24263909.29621283, 'cdt': 1698239687000}, 'sensor_12292': {'v': 3709, 'cdt': 1698241803000}, 'spd': {'v': 0, 'cdt': 1698239687000}, 'sat': {'v': 12, 'cdt': 1697632950000}, 'sensor_103': {'v': 0, 'cdt': 1697622208000}, 'fun_id': {'v': 100, 'cdt': 1698219698000}, 'sensor_8200': {'v': 0, 'cdt': 1671697468000}, 'sensor_101': {'v': 0, 'cdt': 1697623202000}, 'sensor_100': {'v': 0, 'cdt': 1697623850000}, 'hdop': {'v': 6, 'cdt': 1698241201000}, 'sensor_12299': {'v': 0, 'cdt': 1698239687000}, 'sensor_140': {'v': 0, 'cdt': 1698237730000}, 'sensor_12317': {'v': 0, 'cdt': 1698239687000}, 'sensor_129': {'v': 0, 'cdt': 1696538641000}, 'sensor_127': {'v': 0, 'cdt': 1696538641000}, 'sensor_149': {'v': 0, 'cdt': 1697620815000}, 'sensor_148': {'v': 0, 'cdt': 1697620815000}, 'sensor_40961': {'v': 0.7883073687553406, 'cdt': 1698241803000}}, 'prms': {'sensor_45058': 24263909.29621283, 'sensor_12299': 0, 'sensor_12292': 3709, 'ePwrV': 0, 'sensor_12300': 5843, 'sensor_16387': 4661000, 'sensor_12317': 0, 'sensor_40961': 0.7883073687553406, 'sensor_149': 0, 'sensor_148': 0, 'sensor_137': 0, 'sensor_99': 0, 'acc': 0, 'sensor_139': 0, 'sensor_96': 0, 'sensor_8192': 0, 'sensor_129': 0, 'sensor_100': 0, 'sensor_2': 0, 'sensor_101': 0, 'sensor_8200': 0, 'sensor_98': 1, 'sensor_127': 0, 'sensor_8199': 33, 'sensor_140': 0, 'sensor_8201': 0, 'sensor_103': 0, 'sensor_136': 0, 'spd': 0, 'hdop': 6, 'sat': 12, 'protocol': 'MQTT'}, 'devPrms': ['sensor_45058', 'sensor_12299', 'sensor_12292', 'ePwrV', 'sensor_12300', 'sensor_16387', 'sensor_12317', 'sensor_40961', 'sensor_149', 'sensor_148', 'sensor_137', 'sensor_99', 'acc', 'sensor_139', 'sensor_96', 'sensor_8192', 'sensor_129', 'sensor_100', 'sensor_2', 'sensor_101', 'sensor_8200', 'sensor_98', 'sensor_127', 'sensor_8199', 'sensor_140', 'sensor_8201', 'sensor_103', 'sensor_136', 'spd', 'hdop', 'sat', 'protocol'], 'old_params': {'acc': 0, 'sensor_8192': 0, 'ePwrV': 0, 'sensor_136': 0, 'sensor_8199': 33, 'sensor_16387': 4661000, 'sensor_12300': 5843, 'sensor_96': 0, 'protocol': 'bceIotm', 'sensor_98': 1, 'sensor_99': 0, 'sensor_139': 0, 'sensor_8201': 0, 'sensor_137': 0, 'sensor_2': 0, 'sensor_45058': 24263909.29621283, 'sensor_12292': 3757, 'spd': 0, 'sat': 12, 'sensor_103': 0, 'sensor_101': 0, 'sensor_8200': 0, 'sensor_100': 0, 'hdop': 6, 'sensor_12299': 0, 'sensor_140': 0, 'sensor_12317': 0, 'sensor_129': 0, 'sensor_149': 0, 'sensor_127': 0, 'sensor_148': 0, 'sensor_40961': 0.7883073687553406}, 'vLoc': 1, 'vCon': 1, 'ip': '51.36.75.166', 'rl': 0, 'trl': 23305, 'mdu': 0, 'tmdu': 1547212, 'eidl': 0, 'teidl': 677460, 'fc': 0, 'tfc': 0, 'acc': 0, 'accOn': 2274798, 'accOff': 40037392, 'sdu': 301, 'tsdu': 2110, 'lat': 26.77102279663086, 'lng': 38.023075103759766}, 'counters': {'odometer_type': 'canbus', 'odometer': 23305, 'engine_hours_type': 'acc', 'engine_hours': 2274798, 'last_acc': 0}, 'is_wasl_connected': 'Not Connected', 'iconUrl': 'https://api.afaqy.sa/images/units/icons/icon.png', 'hasCCTV': False}
[2024-05-06T07:43:47.903+0000] {warnings.py:109} WARNING - /home/***/.local/lib/python3.8/site-packages/elasticsearch/_sync/client/__init__.py:399: SecurityWarning: Connecting to 'https://dbelk2.afaqy.local:9200' using TLS with verify_certs=False is insecure
  _transport = transport_class(

[2024-05-06T07:43:47.954+0000] {warnings.py:109} WARNING - /home/***/.local/lib/python3.8/site-packages/elasticsearch/_sync/client/__init__.py:399: SecurityWarning: Connecting to 'https://dbelk3.afaqy.local:9200' using TLS with verify_certs=False is insecure
  _transport = transport_class(

[2024-05-06T07:43:48.007+0000] {warnings.py:109} WARNING - /home/***/.local/lib/python3.8/site-packages/elasticsearch/_sync/client/__init__.py:399: SecurityWarning: Connecting to 'https://dbelk1.afaqy.local:9200' using TLS with verify_certs=False is insecure
  _transport = transport_class(

[2024-05-06T07:43:48.028+0000] {warnings.py:109} WARNING - /home/***/.local/lib/python3.8/site-packages/urllib3/connectionpool.py:1061: InsecureRequestWarning: Unverified HTTPS request is being made to host 'dbelk2.afaqy.local'. Adding certificate verification is strongly advised. See: https://urllib3.readthedocs.io/en/1.26.x/advanced-usage.html#ssl-warnings
  warnings.warn(

[2024-05-06T07:43:48.120+0000] {_transport.py:335} INFO - GET https://dbelk2.afaqy.local:9200/_cluster/health [status:200 duration:0.111s]
[2024-05-06T07:43:48.525+0000] {warnings.py:109} WARNING - /home/***/.local/lib/python3.8/site-packages/urllib3/connectionpool.py:1061: InsecureRequestWarning: Unverified HTTPS request is being made to host 'dbelk3.afaqy.local'. Adding certificate verification is strongly advised. See: https://urllib3.readthedocs.io/en/1.26.x/advanced-usage.html#ssl-warnings
  warnings.warn(

[2024-05-06T07:43:48.539+0000] {_transport.py:335} INFO - PUT https://dbelk3.afaqy.local:9200/units_statistics_***/_bulk [status:429 duration:0.033s]
[2024-05-06T07:43:48.540+0000] {_node_pool.py:249} WARNING - Node <Urllib3HttpNode(https://dbelk3.afaqy.local:9200)> has failed for 1 times in a row, putting on 1 second timeout
[2024-05-06T07:43:48.540+0000] {_transport.py:427} WARNING - Retrying request after non-successful status 429 (attempt 0 of 3)
[2024-05-06T07:43:48.541+0000] {warnings.py:109} WARNING - /home/***/.local/lib/python3.8/site-packages/urllib3/connectionpool.py:1061: InsecureRequestWarning: Unverified HTTPS request is being made to host 'dbelk2.afaqy.local'. Adding certificate verification is strongly advised. See: https://urllib3.readthedocs.io/en/1.26.x/advanced-usage.html#ssl-warnings
  warnings.warn(

[2024-05-06T07:43:48.557+0000] {_transport.py:335} INFO - PUT https://dbelk2.afaqy.local:9200/units_statistics_***/_bulk [status:429 duration:0.017s]
[2024-05-06T07:43:48.559+0000] {_node_pool.py:249} WARNING - Node <Urllib3HttpNode(https://dbelk2.afaqy.local:9200)> has failed for 1 times in a row, putting on 1 second timeout
[2024-05-06T07:43:48.561+0000] {_transport.py:427} WARNING - Retrying request after non-successful status 429 (attempt 1 of 3)
[2024-05-06T07:43:48.591+0000] {warnings.py:109} WARNING - /home/***/.local/lib/python3.8/site-packages/urllib3/connectionpool.py:1061: InsecureRequestWarning: Unverified HTTPS request is being made to host 'dbelk1.afaqy.local'. Adding certificate verification is strongly advised. See: https://urllib3.readthedocs.io/en/1.26.x/advanced-usage.html#ssl-warnings
  warnings.warn(

[2024-05-06T07:43:48.737+0000] {_transport.py:335} INFO - PUT https://dbelk1.afaqy.local:9200/units_statistics_***/_bulk [status:200 duration:0.175s]
[2024-05-06T07:43:49.008+0000] {taskinstance.py:2731} ERROR - Task failed with exception
Traceback (most recent call last):
  File "/home/airflow/.local/lib/python3.8/site-packages/airflow/models/taskinstance.py", line 444, in _execute_task
    result = _execute_callable(context=context, **execute_callable_kwargs)
  File "/home/airflow/.local/lib/python3.8/site-packages/airflow/models/taskinstance.py", line 414, in _execute_callable
    return execute_callable(context=context, **execute_callable_kwargs)
  File "/home/airflow/.local/lib/python3.8/site-packages/airflow/decorators/base.py", line 241, in execute
    return_value = super().execute(context)
  File "/home/airflow/.local/lib/python3.8/site-packages/airflow/operators/python.py", line 200, in execute
    return_value = self.execute_callable()
  File "/home/airflow/.local/lib/python3.8/site-packages/airflow/operators/python.py", line 217, in execute_callable
    return self.python_callable(*self.op_args, **self.op_kwargs)
  File "/opt/airflow/dags/Units_dag.py", line 112, in ETL_job
    Elk_client.elk_pushData(Globals.index_name,units_list_update)
  File "/opt/airflow/dags/elk_manager.py", line 69, in elk_pushData
    helpers.bulk(self.elk_client, docs_list, index=index_name, chunk_size=batch)
  File "/home/airflow/.local/lib/python3.8/site-packages/elasticsearch/helpers/actions.py", line 521, in bulk
    for ok, item in streaming_bulk(
  File "/home/airflow/.local/lib/python3.8/site-packages/elasticsearch/helpers/actions.py", line 436, in streaming_bulk
    for data, (ok, info) in zip(
  File "/home/airflow/.local/lib/python3.8/site-packages/elasticsearch/helpers/actions.py", line 355, in _process_bulk_chunk
    yield from gen
  File "/home/airflow/.local/lib/python3.8/site-packages/elasticsearch/helpers/actions.py", line 274, in _process_bulk_chunk_success
    raise BulkIndexError(f"{len(errors)} document(s) failed to index.", errors)
elasticsearch.helpers.BulkIndexError: 10000 document(s) failed to index.
[2024-05-06T07:43:49.025+0000] {taskinstance.py:1149} INFO - Marking task as UP_FOR_RETRY. dag_id=Units_statistics_DAG, task_id=ETL_job, map_index=7, execution_date=20240506T072000, start_date=20240506T074325, end_date=20240506T074349
[2024-05-06T07:43:49.050+0000] {standard_task_runner.py:107} ERROR - Failed to execute job 35137 for task ETL_job (10000 document(s) failed to index.; 802693)
[2024-05-06T07:43:49.089+0000] {local_task_job_runner.py:234} INFO - Task exited with return code 1
[2024-05-06T07:43:49.124+0000] {taskinstance.py:3312} INFO - 0 downstream tasks scheduled from follow-on schedule check
