[2024-05-09T18:24:33.214+0000] {taskinstance.py:1979} INFO - Dependencies all met for dep_context=non-requeueable deps ti=<TaskInstance: Units_statistics_DAG.ETL_job scheduled__2024-05-09T18:00:00+00:00 map_index=7 [queued]>
[2024-05-09T18:24:33.229+0000] {taskinstance.py:1979} INFO - Dependencies all met for dep_context=requeueable deps ti=<TaskInstance: Units_statistics_DAG.ETL_job scheduled__2024-05-09T18:00:00+00:00 map_index=7 [queued]>
[2024-05-09T18:24:33.230+0000] {taskinstance.py:2193} INFO - Starting attempt 4 of 4
[2024-05-09T18:24:33.253+0000] {taskinstance.py:2217} INFO - Executing <Mapped(_PythonDecoratedOperator): ETL_job> on 2024-05-09 18:00:00+00:00
[2024-05-09T18:24:33.260+0000] {standard_task_runner.py:60} INFO - Started process 893234 to run task
[2024-05-09T18:24:33.267+0000] {standard_task_runner.py:87} INFO - Running: ['***', 'tasks', 'run', 'Units_statistics_DAG', 'ETL_job', 'scheduled__2024-05-09T18:00:00+00:00', '--job-id', '45043', '--raw', '--subdir', 'DAGS_FOLDER/Units_dag.py', '--cfg-path', '/tmp/tmplv9wnr64', '--map-index', '7']
[2024-05-09T18:24:33.269+0000] {standard_task_runner.py:88} INFO - Job 45043: Subtask ETL_job
[2024-05-09T18:24:33.378+0000] {task_command.py:423} INFO - Running <TaskInstance: Units_statistics_DAG.ETL_job scheduled__2024-05-09T18:00:00+00:00 map_index=7 [running]> on host a09da322e808
[2024-05-09T18:24:33.538+0000] {taskinstance.py:2513} INFO - Exporting env vars: AIRFLOW_CTX_DAG_OWNER='abeer-araby' AIRFLOW_CTX_DAG_ID='Units_statistics_DAG' AIRFLOW_CTX_TASK_ID='ETL_job' AIRFLOW_CTX_EXECUTION_DATE='2024-05-09T18:00:00+00:00' AIRFLOW_CTX_TRY_NUMBER='4' AIRFLOW_CTX_DAG_RUN_ID='scheduled__2024-05-09T18:00:00+00:00'
[2024-05-09T18:24:33.540+0000] {Units_dag.py:98} INFO - i: 70000, chunk: 10000
[2024-05-09T18:24:33.540+0000] {Units_dag.py:99} INFO - child token is::: eyJ0eXAiOiJKV1QiLCJhbGciOiJIUzI1NiJ9.eyJpc3MiOiJodHRwczovL2FwaS5hZmFxeS5zYS9hdXRoL2xvZ2luX2FzIiwiaWF0IjoxNzE1Mjc4ODA0LCJleHAiOjE3MTc4NzA4MDQsIm5iZiI6MTcxNTI3ODgwNCwianRpIjoiT3oyektkdWNYeGljdW5KTSIsInN1YiI6IjVkNjNlNTFlMDNlZDUyOTJhNDJjMjRlNiIsInBydiI6IjI3MGVjZmM3ZWEzZWQ5MzdlYTg0OTM2MmEzYTUwOTEwYzZkOGNlNGYiLCJsb2dpbl9hc19pZCI6IjY1N2YwYWQ3M2Y5NzcyOTVjZjA1NTc2YSJ9.BX9iRwuQVc1-ZzF8iCcqTgZGGIF8hzbR4FOkH8HtJZs
[2024-05-09T18:24:52.223+0000] {Units_dag.py:103} INFO - {'_id': '63a4623ad6f84a3b9f408886', 'icon': 'icons/icon.png', 'driver_id': '', 'tailer_id': '', 'profile': {'vehicle_type': '', 'measurement_type': 'count', 'max_capacity': 0, 'vin': '', 'plate_number': '', 'start_operation': '', 'contract_milage': '', 'opening_milage': '', 'model': '', 'fuel_type': '91', 'year': 0, 'seats': 2}, 'device_password': '***', 'device_type': 'gps', 'gateway': False, 'name': '4810 J A A - شيوال 08', 'operation_code': '', 'device_gateway': '', 'business_types': {'waste': False, 'transportation': True, 'water': False}, 'imei': '350544508366625', 'sim_number': '+966830028842527', 'sim_serial': '996609821111013898', 'device_serial': '1125712310', 'device': 'teltonika', 'user_id': '635e53fbf54c0a1f920f156d', 'created_by': '635e53fbf54c0a1f920f156d', 'updated_at': '2024-04-18 11:18:59', 'created_at': '2022-12-22 16:57:14', 'custom_fields': [], 'creator': 'hussain-dhafer-admin', 'company': 'Abdullah Hashim Industrial Gases For Industrial', 'owner': 'hussain-dhafer-admin', 'last_update': {'dtt': 1715279035000, 'dts': 1715279040053, 'spd': 0, 'ang': 126, 'alt': 46, 'chPrams': {'Speed': {'v': 0, 'cdt': 1715265722000}, 'output1': {'v': False, 'cdt': 1715266714000}, 'output2': {'v': False, 'cdt': 1715266714000}, 'ePwrV': {'v': 26.46, 'cdt': 1715278735000}, 'parm24': {'v': 0, 'cdt': 1715265722000}, 'sat': {'v': 20, 'cdt': 1715279035000}, 'ai1': {'v': 216, 'cdt': 1715246754000}, 'di2': {'v': 0, 'cdt': 1713500009000}, 'type': {'v': 6, 'cdt': 1713760948000}, 'priority': {'v': 0, 'cdt': 1715261557000}, 'di1': {'v': 0, 'cdt': 1715265782000}, 'result': {'v': '5665723a30332e32372e31335f3033204750533a41584e5f352e312e392048773a464d42313230204d6f643a333320494d45493a33353035343435303833363636323520496e69743a323032342d322d31322031343a353820557074696d653a37353033373436204d41433a333838413231313638334143205350433a312830292041584c3a32204f42443a3020424c3a312e31302042543a34', 'cdt': 1715266413000}, 'protocol': {'v': 'FMB120', 'cdt': 1715266714000}, 'parm6': {'v': 216, 'cdt': 1715260269000}, 'parm29': {'v': 0, 'cdt': 1713500009000}, 'iPwrV': {'v': 4.056, 'cdt': 1715277233000}, 'event': {'v': 0, 'cdt': 1715261557000}}, 'prms': {'protocol': 'FMB120', 'priority': 0, 'sat': 20, 'event': 0, 'di1': 0, 'output1': 0, 'di2': 0, 'output2': 0, 'parm29': 0, 'ePwrV': 26.46, 'Speed': 0, 'parm24': 0, 'iPwrV': 4.056, 'ai1': 216, 'parm6': 216}, 'devPrms': ['protocol', 'priority', 'sat', 'event', 'di1', 'output1', 'di2', 'output2', 'parm29', 'ePwrV', 'Speed', 'parm24', 'iPwrV', 'ai1', 'parm6'], 'old_params': {'protocol': 'FMB120', 'priority': 0, 'sat': 18, 'event': 0, 'di1': 0, 'output1': 0, 'di2': 0, 'output2': 0, 'parm29': 0, 'ePwrV': 26.46, 'Speed': 0, 'parm24': 0, 'iPwrV': 4.056, 'ai1': 216, 'parm6': 216}, 'vLoc': 1, 'vCon': 1, 'ip': '109.83.194.221', 'rl': 0, 'trl': 7424.9204, 'mdu': 0, 'tmdu': 2041611, 'eidl': 0, 'teidl': 10698487, 'fc': 0, 'tfc': 0.250812, 'acc': 0, 'accOn': 15354225, 'accOff': 30516864, 'sdu': 300, 'tsdu': 13253, 'lat': 28.2055083, 'lng': 35.09724}, 'counters': {'odometer_type': 'gps', 'odometer': 304399.9348, 'engine_hours_type': 'acc', 'engine_hours': 15354225, 'last_acc': 0}, 'is_wasl_connected': 'Not Connected', 'iconUrl': 'https://api.afaqy.sa/images/units/icons/icon.png', 'hasCCTV': False}
[2024-05-09T18:24:52.773+0000] {warnings.py:109} WARNING - /home/***/.local/lib/python3.8/site-packages/elasticsearch/_sync/client/__init__.py:399: SecurityWarning: Connecting to 'https://dbelk2.afaqy.local:9200' using TLS with verify_certs=False is insecure
  _transport = transport_class(

[2024-05-09T18:24:52.819+0000] {warnings.py:109} WARNING - /home/***/.local/lib/python3.8/site-packages/elasticsearch/_sync/client/__init__.py:399: SecurityWarning: Connecting to 'https://dbelk1.afaqy.local:9200' using TLS with verify_certs=False is insecure
  _transport = transport_class(

[2024-05-09T18:24:52.874+0000] {warnings.py:109} WARNING - /home/***/.local/lib/python3.8/site-packages/elasticsearch/_sync/client/__init__.py:399: SecurityWarning: Connecting to 'https://dbelk3.afaqy.local:9200' using TLS with verify_certs=False is insecure
  _transport = transport_class(

[2024-05-09T18:24:52.905+0000] {warnings.py:109} WARNING - /home/***/.local/lib/python3.8/site-packages/urllib3/connectionpool.py:1061: InsecureRequestWarning: Unverified HTTPS request is being made to host 'dbelk2.afaqy.local'. Adding certificate verification is strongly advised. See: https://urllib3.readthedocs.io/en/1.26.x/advanced-usage.html#ssl-warnings
  warnings.warn(

[2024-05-09T18:24:52.988+0000] {_transport.py:335} INFO - GET https://dbelk2.afaqy.local:9200/_cluster/health [status:200 duration:0.111s]
[2024-05-09T18:24:53.379+0000] {warnings.py:109} WARNING - /home/***/.local/lib/python3.8/site-packages/urllib3/connectionpool.py:1061: InsecureRequestWarning: Unverified HTTPS request is being made to host 'dbelk1.afaqy.local'. Adding certificate verification is strongly advised. See: https://urllib3.readthedocs.io/en/1.26.x/advanced-usage.html#ssl-warnings
  warnings.warn(

[2024-05-09T18:24:54.728+0000] {_transport.py:335} INFO - PUT https://dbelk1.afaqy.local:9200/units_statistics_***/_bulk [status:200 duration:1.378s]
[2024-05-09T18:24:55.181+0000] {python.py:202} INFO - Done. Returned value was: None
[2024-05-09T18:24:55.200+0000] {taskinstance.py:1149} INFO - Marking task as SUCCESS. dag_id=Units_statistics_DAG, task_id=ETL_job, map_index=7, execution_date=20240509T180000, start_date=20240509T182433, end_date=20240509T182455
[2024-05-09T18:24:55.281+0000] {local_task_job_runner.py:234} INFO - Task exited with return code 0
[2024-05-09T18:24:55.306+0000] {taskinstance.py:3312} INFO - 0 downstream tasks scheduled from follow-on schedule check
