[2024-04-15T12:00:15.932+0000] {taskinstance.py:1979} INFO - Dependencies all met for dep_context=non-requeueable deps ti=<TaskInstance: Units_statistics_DAG.ETL_job scheduled__2024-04-15T11:00:00+00:00 map_index=15 [queued]>
[2024-04-15T12:00:15.997+0000] {taskinstance.py:1979} INFO - Dependencies all met for dep_context=requeueable deps ti=<TaskInstance: Units_statistics_DAG.ETL_job scheduled__2024-04-15T11:00:00+00:00 map_index=15 [queued]>
[2024-04-15T12:00:15.998+0000] {taskinstance.py:2193} INFO - Starting attempt 1 of 4
[2024-04-15T12:00:16.065+0000] {taskinstance.py:2217} INFO - Executing <Mapped(_PythonDecoratedOperator): ETL_job> on 2024-04-15 11:00:00+00:00
[2024-04-15T12:00:16.080+0000] {standard_task_runner.py:60} INFO - Started process 307630 to run task
[2024-04-15T12:00:16.137+0000] {standard_task_runner.py:87} INFO - Running: ['***', 'tasks', 'run', 'Units_statistics_DAG', 'ETL_job', 'scheduled__2024-04-15T11:00:00+00:00', '--job-id', '2474', '--raw', '--subdir', 'DAGS_FOLDER/Units_dag.py', '--cfg-path', '/tmp/tmppimqp6hf', '--map-index', '15']
[2024-04-15T12:00:16.162+0000] {standard_task_runner.py:88} INFO - Job 2474: Subtask ETL_job
[2024-04-15T12:00:16.427+0000] {task_command.py:423} INFO - Running <TaskInstance: Units_statistics_DAG.ETL_job scheduled__2024-04-15T11:00:00+00:00 map_index=15 [running]> on host a09da322e808
[2024-04-15T12:00:16.760+0000] {taskinstance.py:2513} INFO - Exporting env vars: AIRFLOW_CTX_DAG_OWNER='abeer-araby' AIRFLOW_CTX_DAG_ID='Units_statistics_DAG' AIRFLOW_CTX_TASK_ID='ETL_job' AIRFLOW_CTX_EXECUTION_DATE='2024-04-15T11:00:00+00:00' AIRFLOW_CTX_TRY_NUMBER='1' AIRFLOW_CTX_DAG_RUN_ID='scheduled__2024-04-15T11:00:00+00:00'
[2024-04-15T12:00:16.761+0000] {Units_dag.py:89} INFO - i: 150000, chunk: 10000
[2024-04-15T12:00:16.761+0000] {Units_dag.py:90} INFO - child token is::: eyJ0eXAiOiJKV1QiLCJhbGciOiJIUzI1NiJ9.eyJpc3MiOiJodHRwczovL2FwaS5hZmFxeS5zYS9hdXRoL2xvZ2luX2FzIiwiaWF0IjoxNzEzMTgyNDAzLCJleHAiOjE3MTU3NzQ0MDMsIm5iZiI6MTcxMzE4MjQwMywianRpIjoidEsxNWFSTGo3bDdqaVNMQSIsInN1YiI6IjVkNjNlNTFlMDNlZDUyOTJhNDJjMjRlNiIsInBydiI6IjI3MGVjZmM3ZWEzZWQ5MzdlYTg0OTM2MmEzYTUwOTEwYzZkOGNlNGYiLCJsb2dpbl9hc19pZCI6IjY1N2YwYWQ3M2Y5NzcyOTVjZjA1NTc2YSJ9.whR6XwdT1vZpiwGAARUoaG78HvEdy4hrrZbbd5DL65c
[2024-04-15T12:00:44.788+0000] {Units_dag.py:94} INFO - {'_id': '658fd17435cd84611c0254c0', 'icon': 'icons/icon.png', 'driver_id': '', 'tailer_id': '', 'profile': {'vehicle_type': '', 'measurement_type': 'count', 'max_capacity': 0, 'vin': '', 'plate_number': '', 'start_operation': '', 'contract_milage': '', 'opening_milage': '', 'model': '', 'fuel_type': '91', 'year': 0, 'seats': 2}, 'shipment_info': {'product_category': None, 'truck_type': None, 'shipment_type': None, 'shipment_payment_type': None, 'transporter_type': None, 'operating_area': None, 'weight_kilograms_per_day': None, 'kms_per_day': None, 'shipment_trip_drive_hrs_day': None, 'allowable_delay_drive_hrs_day': None, 'expected_shipment_trip_day': None, 'car_pay_per_day': None, 'exceeding_temperature_limit_per_day': None, 'temperature_upper_limit': None, 'exceeding_humidity_limit_per_day': None, 'humidity_upper_limit': None}, 'device_password': '***', 'device_type': 'gps', 'gateway': False, 'business_types': {'waste': False, 'transportation': True, 'water': False, 'hajj': False}, 'name': '4704 - SSA', 'operation_code': '', 'device_gateway': '', 'skip_sim_information': False, 'imei': '866344052492910', 'sim_number': '+966830020703560', 'sim_serial': '8996609821112133484', 'device_serial': '866344052492910', 'device': 'teltonika', 'user_id': '6570364a73524fbd0807e5f3', 'created_by': '5e6655bf03ed52e1ab79d301', 'updated_at': '2024-02-13 13:10:08', 'created_at': '2023-12-30 11:14:44', 'creator': 'amr.ahmed', 'company': '', 'owner': 'monasib-contacting-admin', 'last_update': {'dtt': 1713182340000, 'dts': 1713182343785, 'spd': 0, 'ang': 246, 'alt': 580, 'chPrams': {'Speed': {'v': 0, 'cdt': 1713146577000}, 'output1': {'v': False, 'cdt': 1713056603000}, 'ePwrV': {'v': 26.151, 'cdt': 1713182340000}, 'parm24': {'v': 0, 'cdt': 1713146577000}, 'sat': {'v': 19, 'cdt': 1713182340000}, 'ai1': {'v': 1760, 'cdt': 1713182340000}, 'priority': {'v': 0, 'cdt': 1711701178000}, 'type': {'v': 6, 'cdt': 1711941327000}, 'di1': {'v': 0, 'cdt': 1713146577000}, 'result': {'v': '5665723a30332e32382e30325f3837204750533a41584e5f352e312e392048773a464d43393230204d6f643a3120494d45493a38363633343430353234393239313020496e69743a323032342d312d33312031393a353320557074696d653a36333134363433204d41433a313133354244443936323631205350433a312830292041584c3a31204f42443a3020424c3a312e31302042543a34', 'cdt': 1713056303000}, 'protocol': {'v': 'FMC920', 'cdt': 1713056603000}, 'iPwrV': {'v': 3.91, 'cdt': 1713167914000}, 'event': {'v': 0, 'cdt': 1711701178000}}, 'prms': {'protocol': 'FMC920', 'priority': 0, 'sat': 19, 'event': 0, 'di1': 0, 'output1': 0, 'ePwrV': 26.151, 'Speed': 0, 'parm24': 0, 'iPwrV': 3.91, 'ai1': 1760}, 'devPrms': ['protocol', 'priority', 'sat', 'event', 'di1', 'output1', 'ePwrV', 'Speed', 'parm24', 'iPwrV', 'ai1'], 'old_params': {'Speed': 0, 'protocol': 'teltonika', 'output1': 0, 'ePwrV': 26.163, 'parm24': 0, 'sat': 20, 'ai1': 1759, 'iPwrV': 3.91, 'priority': 0, 'event': 0, 'di1': 0}, 'vLoc': 1, 'vCon': 1, 'ip': '109.83.229.123', 'rl': 0, 'trl': 7889.7437, 'mdu': 0, 'tmdu': 789851, 'eidl': 0, 'teidl': 810541, 'fc': 0, 'tfc': 849.89441, 'acc': 0, 'accOn': 1543721, 'accOff': 7714569, 'sdu': 301, 'tsdu': 35763, 'lat': 24.4697533, 'lng': 46.804095}, 'counters': {'engine_hours': 1543721, 'last_acc': 0, 'odometer': 7889.7431, 'engine_hours_type': 'acc', 'odometer_type': 'gps'}, 'is_wasl_connected': 'Connected', 'iconUrl': 'https://api.afaqy.sa/images/units/icons/icon.png', 'hasCCTV': False}
[2024-04-15T12:00:48.352+0000] {warnings.py:109} WARNING - /home/***/.local/lib/python3.8/site-packages/elasticsearch/_sync/client/__init__.py:399: SecurityWarning: Connecting to 'https://dbelk1.afaqy.local:9200' using TLS with verify_certs=False is insecure
  _transport = transport_class(

[2024-04-15T12:00:48.506+0000] {warnings.py:109} WARNING - /home/***/.local/lib/python3.8/site-packages/elasticsearch/_sync/client/__init__.py:399: SecurityWarning: Connecting to 'https://dbelk3.afaqy.local:9200' using TLS with verify_certs=False is insecure
  _transport = transport_class(

[2024-04-15T12:00:48.726+0000] {warnings.py:109} WARNING - /home/***/.local/lib/python3.8/site-packages/elasticsearch/_sync/client/__init__.py:399: SecurityWarning: Connecting to 'https://dbelk2.afaqy.local:9200' using TLS with verify_certs=False is insecure
  _transport = transport_class(

[2024-04-15T12:00:48.821+0000] {warnings.py:109} WARNING - /home/***/.local/lib/python3.8/site-packages/urllib3/connectionpool.py:1061: InsecureRequestWarning: Unverified HTTPS request is being made to host 'dbelk1.afaqy.local'. Adding certificate verification is strongly advised. See: https://urllib3.readthedocs.io/en/1.26.x/advanced-usage.html#ssl-warnings
  warnings.warn(

[2024-04-15T12:00:48.883+0000] {_transport.py:335} INFO - GET https://dbelk1.afaqy.local:9200/_cluster/health [status:200 duration:0.127s]
[2024-04-15T12:00:50.140+0000] {warnings.py:109} WARNING - /home/***/.local/lib/python3.8/site-packages/urllib3/connectionpool.py:1061: InsecureRequestWarning: Unverified HTTPS request is being made to host 'dbelk3.afaqy.local'. Adding certificate verification is strongly advised. See: https://urllib3.readthedocs.io/en/1.26.x/advanced-usage.html#ssl-warnings
  warnings.warn(

[2024-04-15T12:00:51.560+0000] {_transport.py:335} INFO - PUT https://dbelk3.afaqy.local:9200/units_statistics_***/_bulk [status:200 duration:1.520s]
[2024-04-15T12:00:51.890+0000] {python.py:202} INFO - Done. Returned value was: None
[2024-04-15T12:00:51.907+0000] {taskinstance.py:1149} INFO - Marking task as SUCCESS. dag_id=Units_statistics_DAG, task_id=ETL_job, map_index=15, execution_date=20240415T110000, start_date=20240415T120015, end_date=20240415T120051
[2024-04-15T12:00:51.997+0000] {local_task_job_runner.py:234} INFO - Task exited with return code 0
[2024-04-15T12:00:52.076+0000] {taskinstance.py:3312} INFO - 0 downstream tasks scheduled from follow-on schedule check
