[2024-05-07T23:20:53.033+0000] {taskinstance.py:1979} INFO - Dependencies all met for dep_context=non-requeueable deps ti=<TaskInstance: Units_statistics_DAG.ETL_job scheduled__2024-05-07T23:00:00+00:00 map_index=17 [queued]>
[2024-05-07T23:20:53.047+0000] {taskinstance.py:1979} INFO - Dependencies all met for dep_context=requeueable deps ti=<TaskInstance: Units_statistics_DAG.ETL_job scheduled__2024-05-07T23:00:00+00:00 map_index=17 [queued]>
[2024-05-07T23:20:53.047+0000] {taskinstance.py:2193} INFO - Starting attempt 1 of 4
[2024-05-07T23:20:53.069+0000] {taskinstance.py:2217} INFO - Executing <Mapped(_PythonDecoratedOperator): ETL_job> on 2024-05-07 23:00:00+00:00
[2024-05-07T23:20:53.079+0000] {standard_task_runner.py:60} INFO - Started process 846591 to run task
[2024-05-07T23:20:53.086+0000] {standard_task_runner.py:87} INFO - Running: ['***', 'tasks', 'run', 'Units_statistics_DAG', 'ETL_job', 'scheduled__2024-05-07T23:00:00+00:00', '--job-id', '40111', '--raw', '--subdir', 'DAGS_FOLDER/Units_dag.py', '--cfg-path', '/tmp/tmp_qooc1fd', '--map-index', '17']
[2024-05-07T23:20:53.088+0000] {standard_task_runner.py:88} INFO - Job 40111: Subtask ETL_job
[2024-05-07T23:20:53.179+0000] {task_command.py:423} INFO - Running <TaskInstance: Units_statistics_DAG.ETL_job scheduled__2024-05-07T23:00:00+00:00 map_index=17 [running]> on host a09da322e808
[2024-05-07T23:20:53.343+0000] {taskinstance.py:2513} INFO - Exporting env vars: AIRFLOW_CTX_DAG_OWNER='abeer-araby' AIRFLOW_CTX_DAG_ID='Units_statistics_DAG' AIRFLOW_CTX_TASK_ID='ETL_job' AIRFLOW_CTX_EXECUTION_DATE='2024-05-07T23:00:00+00:00' AIRFLOW_CTX_TRY_NUMBER='1' AIRFLOW_CTX_DAG_RUN_ID='scheduled__2024-05-07T23:00:00+00:00'
[2024-05-07T23:20:53.346+0000] {Units_dag.py:98} INFO - i: 170000, chunk: 963
[2024-05-07T23:20:53.347+0000] {Units_dag.py:99} INFO - child token is::: eyJ0eXAiOiJKV1QiLCJhbGciOiJIUzI1NiJ9.eyJpc3MiOiJodHRwczovL2FwaS5hZmFxeS5zYS9hdXRoL2xvZ2luX2FzIiwiaWF0IjoxNzE1MTI0MDAzLCJleHAiOjE3MTc3MTYwMDMsIm5iZiI6MTcxNTEyNDAwMywianRpIjoibVNXV2hIME9JUVp2blZKZiIsInN1YiI6IjVkNjNlNTFlMDNlZDUyOTJhNDJjMjRlNiIsInBydiI6IjI3MGVjZmM3ZWEzZWQ5MzdlYTg0OTM2MmEzYTUwOTEwYzZkOGNlNGYiLCJsb2dpbl9hc19pZCI6IjY1N2YwYWQ3M2Y5NzcyOTVjZjA1NTc2YSJ9._r0l_X7uYRpCQT9IgmhEArGKTmVXkd-f0xHTzAIwPjo
[2024-05-07T23:20:56.244+0000] {Units_dag.py:103} INFO - {'_id': '66378bc9bdbb71ee2701e8fb', 'icon': 'icons/icon.png', 'driver_id': '', 'tailer_id': '', 'profile': {'measurement_type': 'count', 'fuel_type': '91', 'year': 0, 'seats': 2}, 'shipment_info': {'product_category': None, 'truck_type': None, 'shipment_type': None, 'shipment_payment_type': None, 'transporter_type': None, 'operating_area': None, 'weight_kilograms_per_day': None, 'kms_per_day': None, 'opening_milage': None, 'shipment_trip_drive_hrs_day': None, 'expected_shipment_trip_day': None, 'car_pay_per_day': None, 'exceeding_temperature_limit_per_day': None, 'temperature_upper_limit': None, 'exceeding_humidity_limit_per_day': None, 'humidity_upper_limit': None, 'allowable_delay_drive_hrs_day': None}, 'device_password': '***', 'device_type': 'gps', 'gateway': False, 'business_types': {'waste': False, 'transportation': True, 'water': False}, 'name': '7420', 'operation_code': '7420', 'device_gateway': None, 'skip_sim_information': False, 'custom_fields': [], 'imei': '867969066774629', 'sim_number': '+966830031914424', 'sim_serial': '421296760568', 'device_serial': '867969066774629', 'device': 'bceIotm', 'user_id': '6256d4e967d2c22af43a0b33', 'created_by': '5e6655bf03ed52e1ab79d301', 'updated_at': '2024-05-07 13:01:00', 'created_at': '2024-05-05 16:38:17', 'creator': 'amr.ahmed', 'company': 'شركة ناصر عبدالله أبو سرهد وشركاه المحدودة', 'owner': 'abusarhad-hajj', 'last_update': {'dtt': 1715123831000, 'dts': 1715123837840, 'spd': 0, 'ang': 0, 'alt': 103, 'chPrams': {'acc': {'v': 0, 'cdt': 1715003450000}, 'sensor_8192': {'v': 0, 'cdt': 1714991466000}, 'sensor_16386': {'v': 0, 'cdt': 1715001422000}, 'fw_name': {'v': 'QF0_0B_130_3104_5', 'cdt': 1715114521000}, 'sensor_16385': {'v': 0, 'cdt': 1715001422000}, 'ePwrV': {'v': 25595, 'cdt': 1715123831000}, 'sensor_8197': {'v': 70, 'cdt': 1715114517000}, 'sensor_8': {'v': 0, 'cdt': 1715114531000}, 'sensor_8199': {'v': 0, 'cdt': 1715001422000}, 'sensor_153': {'v': 0, 'cdt': 1714991466000}, 'sensor_16387': {'v': 0, 'cdt': 1715001422000}, 'sensor_8193': {'v': 15, 'cdt': 1715003402000}, 'sensor_152': {'v': 0, 'cdt': 1714991466000}, 'war_id': {'v': 22, 'cdt': 1715114521000}, 'sensor_12300': {'v': 0, 'cdt': 1715001422000}, 'sensor_12289': {'v': 46, 'cdt': 1715123231000}, 'protocol': {'v': 'MQTT', 'cdt': 1714991466000}, 'sensor_10': {'v': 1, 'cdt': 1715114831000}, 'sensor_11': {'v': 1, 'cdt': 1715114831000}, 'sensor_2': {'v': 0, 'cdt': 1714991466000}, 'sensor_16': {'v': 0, 'cdt': 1715001422000}, 'sensor_17': {'v': 0, 'cdt': 1715001422000}, 'sensor_18': {'v': 0, 'cdt': 1715001422000}, 'sensor_12290': {'v': 28, 'cdt': 1715123831000}, 'sensor_45058': {'v': 0, 'cdt': 1714991466000}, 'sensor_12292': {'v': 4068, 'cdt': 1715123531000}, 'spd': {'v': 0, 'cdt': 1714991466000}, 'sat': {'v': 13, 'cdt': 1715123831000}, 'sensor_12291': {'v': 0, 'cdt': 1715123831000}, 'fun_id': {'v': 101, 'cdt': 1715114521000}, 'sensor_8200': {'v': 0, 'cdt': 1715001422000}, 'hdop': {'v': 8, 'cdt': 1715123531000}, 'sensor_12299': {'v': 0, 'cdt': 1715114517000}, 'sensor_21': {'v': 1, 'cdt': 1715114531000}, 'sensor_105': {'v': 0, 'cdt': 1714991466000}, 'sensor_148': {'v': 0, 'cdt': 1714991466000}, 'sensor_40961': {'v': 0, 'cdt': 1715001422000}}, 'prms': {'sensor_45058': 0, 'sensor_12299': 0, 'ePwrV': 25595, 'sensor_12292': 4068, 'sensor_12289': 46, 'sensor_12290': 28, 'sensor_12291': 0, 'spd': 0, 'hdop': 8, 'sat': 13, 'sensor_8192': 0, 'acc': 0, 'sensor_2': 0, 'sensor_11': 1, 'sensor_8': 0, 'sensor_10': 1, 'sensor_16': 0, 'sensor_17': 0, 'sensor_18': 0, 'sensor_21': 1, 'sensor_153': 0, 'protocol': 'MQTT'}, 'devPrms': ['sensor_45058', 'sensor_12299', 'ePwrV', 'sensor_12292', 'sensor_12289', 'sensor_12290', 'sensor_12291', 'spd', 'hdop', 'sat', 'sensor_8192', 'acc', 'sensor_2', 'sensor_11', 'sensor_8', 'sensor_10', 'sensor_16', 'sensor_17', 'sensor_18', 'sensor_21', 'sensor_153', 'protocol'], 'old_params': {'sensor_12290': 9, 'acc': 0, 'sensor_45058': 0, 'sensor_8192': 0, 'ePwrV': 25579, 'sensor_12292': 4068, 'spd': 0, 'sensor_12291': 37, 'sat': 14, 'sensor_8': 0, 'hdop': 8, 'sensor_153': 0, 'sensor_12289': 46, 'sensor_12299': 0, 'protocol': 'bceIotm', 'sensor_10': 1, 'sensor_21': 1, 'sensor_11': 1, 'sensor_2': 0, 'sensor_16': 0, 'sensor_17': 0, 'sensor_18': 0}, 'vLoc': 1, 'vCon': 1, 'ip': '51.39.5.93', 'rl': 0, 'trl': 0, 'mdu': 0, 'tmdu': 0, 'eidl': 0, 'teidl': 12684, 'fc': 0, 'tfc': 0, 'acc': 0, 'accOn': 12636, 'accOff': 122395, 'sdu': 300, 'tsdu': 122377, 'lat': 21.43906021118164, 'lng': 39.53902816772461}, 'counters': {'engine_hours': 12636, 'last_acc': 0, 'odometer': 0, 'engine_hours_type': 'acc', 'odometer_type': 'gps'}, 'is_wasl_connected': 'Connected', 'iconUrl': 'https://api.afaqy.sa/images/units/icons/icon.png', 'hasCCTV': False}
[2024-05-07T23:20:56.737+0000] {warnings.py:109} WARNING - /home/***/.local/lib/python3.8/site-packages/elasticsearch/_sync/client/__init__.py:399: SecurityWarning: Connecting to 'https://dbelk1.afaqy.local:9200' using TLS with verify_certs=False is insecure
  _transport = transport_class(

[2024-05-07T23:20:56.781+0000] {warnings.py:109} WARNING - /home/***/.local/lib/python3.8/site-packages/elasticsearch/_sync/client/__init__.py:399: SecurityWarning: Connecting to 'https://dbelk2.afaqy.local:9200' using TLS with verify_certs=False is insecure
  _transport = transport_class(

[2024-05-07T23:20:56.825+0000] {warnings.py:109} WARNING - /home/***/.local/lib/python3.8/site-packages/elasticsearch/_sync/client/__init__.py:399: SecurityWarning: Connecting to 'https://dbelk3.afaqy.local:9200' using TLS with verify_certs=False is insecure
  _transport = transport_class(

[2024-05-07T23:20:56.846+0000] {warnings.py:109} WARNING - /home/***/.local/lib/python3.8/site-packages/urllib3/connectionpool.py:1061: InsecureRequestWarning: Unverified HTTPS request is being made to host 'dbelk1.afaqy.local'. Adding certificate verification is strongly advised. See: https://urllib3.readthedocs.io/en/1.26.x/advanced-usage.html#ssl-warnings
  warnings.warn(

[2024-05-07T23:20:57.000+0000] {_transport.py:335} INFO - GET https://dbelk1.afaqy.local:9200/_cluster/health [status:200 duration:0.172s]
[2024-05-07T23:20:57.065+0000] {warnings.py:109} WARNING - /home/***/.local/lib/python3.8/site-packages/urllib3/connectionpool.py:1061: InsecureRequestWarning: Unverified HTTPS request is being made to host 'dbelk2.afaqy.local'. Adding certificate verification is strongly advised. See: https://urllib3.readthedocs.io/en/1.26.x/advanced-usage.html#ssl-warnings
  warnings.warn(

[2024-05-07T23:20:57.166+0000] {_transport.py:335} INFO - PUT https://dbelk2.afaqy.local:9200/units_statistics_***/_bulk [status:429 duration:0.126s]
[2024-05-07T23:20:57.167+0000] {_node_pool.py:249} WARNING - Node <Urllib3HttpNode(https://dbelk2.afaqy.local:9200)> has failed for 1 times in a row, putting on 1 second timeout
[2024-05-07T23:20:57.168+0000] {_transport.py:427} WARNING - Retrying request after non-successful status 429 (attempt 0 of 3)
[2024-05-07T23:20:57.169+0000] {warnings.py:109} WARNING - /home/***/.local/lib/python3.8/site-packages/urllib3/connectionpool.py:1061: InsecureRequestWarning: Unverified HTTPS request is being made to host 'dbelk1.afaqy.local'. Adding certificate verification is strongly advised. See: https://urllib3.readthedocs.io/en/1.26.x/advanced-usage.html#ssl-warnings
  warnings.warn(

[2024-05-07T23:21:08.998+0000] {_transport.py:335} INFO - PUT https://dbelk1.afaqy.local:9200/units_statistics_***/_bulk [status:200 duration:11.829s]
[2024-05-07T23:21:09.009+0000] {taskinstance.py:2731} ERROR - Task failed with exception
Traceback (most recent call last):
  File "/home/airflow/.local/lib/python3.8/site-packages/airflow/models/taskinstance.py", line 444, in _execute_task
    result = _execute_callable(context=context, **execute_callable_kwargs)
  File "/home/airflow/.local/lib/python3.8/site-packages/airflow/models/taskinstance.py", line 414, in _execute_callable
    return execute_callable(context=context, **execute_callable_kwargs)
  File "/home/airflow/.local/lib/python3.8/site-packages/airflow/decorators/base.py", line 241, in execute
    return_value = super().execute(context)
  File "/home/airflow/.local/lib/python3.8/site-packages/airflow/operators/python.py", line 200, in execute
    return_value = self.execute_callable()
  File "/home/airflow/.local/lib/python3.8/site-packages/airflow/operators/python.py", line 217, in execute_callable
    return self.python_callable(*self.op_args, **self.op_kwargs)
  File "/opt/airflow/dags/Units_dag.py", line 111, in ETL_job
    Elk_client.elk_pushData(Globals.index_name,units_list_update)
  File "/opt/airflow/dags/units_statistics/elk_manager.py", line 69, in elk_pushData
    helpers.bulk(self.elk_client, docs_list, index=index_name, chunk_size=batch)
  File "/home/airflow/.local/lib/python3.8/site-packages/elasticsearch/helpers/actions.py", line 521, in bulk
    for ok, item in streaming_bulk(
  File "/home/airflow/.local/lib/python3.8/site-packages/elasticsearch/helpers/actions.py", line 436, in streaming_bulk
    for data, (ok, info) in zip(
  File "/home/airflow/.local/lib/python3.8/site-packages/elasticsearch/helpers/actions.py", line 355, in _process_bulk_chunk
    yield from gen
  File "/home/airflow/.local/lib/python3.8/site-packages/elasticsearch/helpers/actions.py", line 274, in _process_bulk_chunk_success
    raise BulkIndexError(f"{len(errors)} document(s) failed to index.", errors)
elasticsearch.helpers.BulkIndexError: 1 document(s) failed to index.
[2024-05-07T23:21:09.030+0000] {taskinstance.py:1149} INFO - Marking task as UP_FOR_RETRY. dag_id=Units_statistics_DAG, task_id=ETL_job, map_index=17, execution_date=20240507T230000, start_date=20240507T232053, end_date=20240507T232109
[2024-05-07T23:21:09.052+0000] {standard_task_runner.py:107} ERROR - Failed to execute job 40111 for task ETL_job (1 document(s) failed to index.; 846591)
[2024-05-07T23:21:09.089+0000] {local_task_job_runner.py:234} INFO - Task exited with return code 1
[2024-05-07T23:21:09.124+0000] {taskinstance.py:3312} INFO - 0 downstream tasks scheduled from follow-on schedule check
