[2024-05-02T20:20:16.485+0000] {taskinstance.py:1979} INFO - Dependencies all met for dep_context=non-requeueable deps ti=<TaskInstance: Units_statistics_DAG.ETL_job scheduled__2024-05-02T20:00:00+00:00 map_index=0 [queued]>
[2024-05-02T20:20:16.550+0000] {taskinstance.py:1979} INFO - Dependencies all met for dep_context=requeueable deps ti=<TaskInstance: Units_statistics_DAG.ETL_job scheduled__2024-05-02T20:00:00+00:00 map_index=0 [queued]>
[2024-05-02T20:20:16.555+0000] {taskinstance.py:2193} INFO - Starting attempt 1 of 4
[2024-05-02T20:20:16.639+0000] {taskinstance.py:2217} INFO - Executing <Mapped(_PythonDecoratedOperator): ETL_job> on 2024-05-02 20:00:00+00:00
[2024-05-02T20:20:16.680+0000] {standard_task_runner.py:60} INFO - Started process 718002 to run task
[2024-05-02T20:20:16.718+0000] {standard_task_runner.py:87} INFO - Running: ['***', 'tasks', 'run', 'Units_statistics_DAG', 'ETL_job', 'scheduled__2024-05-02T20:00:00+00:00', '--job-id', '28613', '--raw', '--subdir', 'DAGS_FOLDER/Units_dag.py', '--cfg-path', '/tmp/tmpt_ytdg89', '--map-index', '0']
[2024-05-02T20:20:16.720+0000] {standard_task_runner.py:88} INFO - Job 28613: Subtask ETL_job
[2024-05-02T20:20:17.039+0000] {task_command.py:423} INFO - Running <TaskInstance: Units_statistics_DAG.ETL_job scheduled__2024-05-02T20:00:00+00:00 map_index=0 [running]> on host a09da322e808
[2024-05-02T20:20:17.995+0000] {taskinstance.py:2513} INFO - Exporting env vars: AIRFLOW_CTX_DAG_OWNER='abeer-araby' AIRFLOW_CTX_DAG_ID='Units_statistics_DAG' AIRFLOW_CTX_TASK_ID='ETL_job' AIRFLOW_CTX_EXECUTION_DATE='2024-05-02T20:00:00+00:00' AIRFLOW_CTX_TRY_NUMBER='1' AIRFLOW_CTX_DAG_RUN_ID='scheduled__2024-05-02T20:00:00+00:00'
[2024-05-02T20:20:17.997+0000] {Units_dag.py:99} INFO - i: 0, chunk: 10000
[2024-05-02T20:20:17.997+0000] {Units_dag.py:100} INFO - child token is::: eyJ0eXAiOiJKV1QiLCJhbGciOiJIUzI1NiJ9.eyJpc3MiOiJodHRwczovL2FwaS5hZmFxeS5zYS9hdXRoL2xvZ2luX2FzIiwiaWF0IjoxNzE0NjgxMjAzLCJleHAiOjE3MTcyNzMyMDMsIm5iZiI6MTcxNDY4MTIwMywianRpIjoiUG11b0hYeWp2SU42WGdMayIsInN1YiI6IjVkNjNlNTFlMDNlZDUyOTJhNDJjMjRlNiIsInBydiI6IjI3MGVjZmM3ZWEzZWQ5MzdlYTg0OTM2MmEzYTUwOTEwYzZkOGNlNGYiLCJsb2dpbl9hc19pZCI6IjY1N2YwYWQ3M2Y5NzcyOTVjZjA1NTc2YSJ9.kOZkbuAxoJTIi4PJjv8rwfrpPAHolU2JaUVmrjl4Pw4
[2024-05-02T20:20:42.263+0000] {Units_dag.py:104} INFO - {'_id': '5c3b1d7303ed52664c40f2c5', 'icon': 'icons/icon.png', 'driver_id': '', 'tailer_id': '', 'profile': {'vehicle_type': '', 'measurement_type': 'count', 'max_capacity': 0, 'vin': 'ddffffff', 'plate_number': '8222222f', 'start_operation': '', 'contract_milage': '', 'opening_milage': '', 'model': '', 'fuel_type': '91', 'year': 0, 'seats': 2}, 'device_password': '***', 'name': 'yasser nabeh', 'imei': '867459040839029', 'sim_number': '', 'sim_serial': '', 'device_serial': '867459040839029', 'device': 'bceIotm', 'created_by': '5b5475eeec689d30c527f124', 'user_id': '5b5475eeec689d30c527f124', 'operation_code': '51420085', 'updated_at': '2024-05-01 07:52:12', 'device_type': 'fixed_unit', 'business_types': {'waste': False, 'transportation': False, 'water': False, 'hajj': False}, 'device_gateway': '', 'gateway': False, 'deleted_at': '', 'skip_sim_information': True, 'cctv': {'dvr_id': '', 'channels': 1}, 'shipment_info': {'product_category': 'frozen_meat', 'truck_type': 'bulker_40_footer', 'shipment_type': 'long_haul', 'shipment_payment_type': 'trip_paid', 'transporter_type': 't typw', 'operating_area': 'oparea', 'weight_kilograms_per_day': 1, 'kms_per_day': 2, 'shipment_trip_drive_hrs_day': 1, 'allowable_delay_drive_hrs_day': 1, 'expected_shipment_trip_day': 1, 'car_pay_per_day': 1, 'exceeding_temperature_limit_per_day': 1, 'temperature_upper_limit': 1, 'exceeding_humidity_limit_per_day': 1, 'humidity_upper_limit': 1}, 'custom_fields': [{'id': '6621020a721cc3fb8c0b7ca4', 'key': 'test-1', 'value': 'value-1', 'type': 'general', 'measurement_unit': ''}, {'id': '6621020a721cc3fb8c0b7ca6', 'key': 'test-4', 'value': 'value-4', 'type': 'general', 'measurement_unit': ''}, {'id': '6621020a721cc3fb8c0b7ca8', 'key': 'test-3', 'value': 'value-3', 'type': 'general', 'measurement_unit': ''}, {'id': '6621020a721cc3fb8c0b7caa', 'key': 'test-2', 'value': 'value-2', 'type': 'general', 'measurement_unit': ''}], 'creator': 'afaqy', 'company': '', 'owner': 'afaqy', 'last_update': {'dtt': 1714461864792, 'dts': 1714461962788, 'spd': 60, 'ang': 0, 'alt': 28, 'chPrams': {'sat': {'v': '12', 'cdt': 1714461862914}, 'temp2': {'v': '15', 'cdt': 1714399279052}, 'Temp6': {'v': '-50', 'cdt': 1714461862914}, 'temp3': {'v': '-6', 'cdt': 1714399279052}, 'Temp5': {'v': '-13', 'cdt': 1714461862914}, 'Temp4': {'v': '-0.9', 'cdt': 1714461862914}, 'Temp3': {'v': '30', 'cdt': 1714461862914}, 'temp6': {'v': '120', 'cdt': 1714399279052}, 'di5': {'v': '0', 'cdt': 1714461862914}, 'Temp2': {'v': '10', 'cdt': 1714399845265}, 'Temp1': {'v': '0', 'cdt': 1714461862914}, 'temp4': {'v': '20', 'cdt': 1714399279052}, 'temp5': {'v': '100', 'cdt': 1714399279052}}, 'prms': {'di5': '0', 'sat': '12', 'Temp1': '0', 'Temp2': '10', 'Temp3': '30', 'Temp4': '-0.9', 'Temp5': '-13', 'Temp6': '-50'}, 'devPrms': ['di5', 'sat', 'Temp1', 'Temp2', 'Temp3', 'Temp4', 'Temp5', 'Temp6'], 'old_params': {'di5': '0', 'sat': '12', 'Temp1': '0', 'Temp2': '10', 'Temp3': '30', 'Temp4': '-0.9', 'Temp5': '-13', 'Temp6': '-50'}, 'vLoc': 1, 'vCon': 1, 'ip': '156.215.28.59', 'rl': 0, 'trl': 0, 'mdu': 0, 'tmdu': 0, 'eidl': 0, 'teidl': 0, 'fc': 0, 'tfc': 0, 'acc': 0, 'accOn': 0, 'accOff': 0, 'sdu': 0, 'tsdu': 0, 'lat': 25.489138151307813, 'lng': 46.88460248065079}, 'counters': {'odometer_type': 'gps', 'odometer': 0, 'engine_hours_type': 'acc', 'engine_hours': 0, 'last_acc': None}, 'is_wasl_connected': 'Not Connected', 'iconUrl': 'https://api.afaqy.sa/images/units/icons/icon.png', 'hasCCTV': False}
[2024-05-02T20:20:42.862+0000] {warnings.py:109} WARNING - /home/***/.local/lib/python3.8/site-packages/elasticsearch/_sync/client/__init__.py:399: SecurityWarning: Connecting to 'https://dbelk2.afaqy.local:9200' using TLS with verify_certs=False is insecure
  _transport = transport_class(

[2024-05-02T20:20:42.919+0000] {warnings.py:109} WARNING - /home/***/.local/lib/python3.8/site-packages/elasticsearch/_sync/client/__init__.py:399: SecurityWarning: Connecting to 'https://dbelk3.afaqy.local:9200' using TLS with verify_certs=False is insecure
  _transport = transport_class(

[2024-05-02T20:20:42.973+0000] {warnings.py:109} WARNING - /home/***/.local/lib/python3.8/site-packages/elasticsearch/_sync/client/__init__.py:399: SecurityWarning: Connecting to 'https://dbelk1.afaqy.local:9200' using TLS with verify_certs=False is insecure
  _transport = transport_class(

[2024-05-02T20:20:42.997+0000] {warnings.py:109} WARNING - /home/***/.local/lib/python3.8/site-packages/urllib3/connectionpool.py:1061: InsecureRequestWarning: Unverified HTTPS request is being made to host 'dbelk2.afaqy.local'. Adding certificate verification is strongly advised. See: https://urllib3.readthedocs.io/en/1.26.x/advanced-usage.html#ssl-warnings
  warnings.warn(

[2024-05-02T20:20:43.085+0000] {_transport.py:335} INFO - GET https://dbelk2.afaqy.local:9200/_cluster/health [status:200 duration:0.110s]
[2024-05-02T20:20:43.851+0000] {warnings.py:109} WARNING - /home/***/.local/lib/python3.8/site-packages/urllib3/connectionpool.py:1061: InsecureRequestWarning: Unverified HTTPS request is being made to host 'dbelk3.afaqy.local'. Adding certificate verification is strongly advised. See: https://urllib3.readthedocs.io/en/1.26.x/advanced-usage.html#ssl-warnings
  warnings.warn(

[2024-05-02T20:20:44.613+0000] {local_task_job_runner.py:234} INFO - Task exited with return code -9
[2024-05-02T20:20:56.196+0000] {taskinstance.py:3318} INFO - Skipping mini scheduling run due to exception: None
Traceback (most recent call last):
  File "/home/airflow/.local/lib/python3.8/site-packages/sqlalchemy/engine/base.py", line 3371, in _wrap_pool_connect
    return fn()
  File "/home/airflow/.local/lib/python3.8/site-packages/sqlalchemy/pool/base.py", line 327, in connect
    return _ConnectionFairy._checkout(self)
  File "/home/airflow/.local/lib/python3.8/site-packages/sqlalchemy/pool/base.py", line 894, in _checkout
    fairy = _ConnectionRecord.checkout(pool)
  File "/home/airflow/.local/lib/python3.8/site-packages/sqlalchemy/pool/base.py", line 493, in checkout
    rec = pool._do_get()
  File "/home/airflow/.local/lib/python3.8/site-packages/sqlalchemy/pool/impl.py", line 256, in _do_get
    return self._create_connection()
  File "/home/airflow/.local/lib/python3.8/site-packages/sqlalchemy/pool/base.py", line 273, in _create_connection
    return _ConnectionRecord(self)
  File "/home/airflow/.local/lib/python3.8/site-packages/sqlalchemy/pool/base.py", line 388, in __init__
    self.__connect()
  File "/home/airflow/.local/lib/python3.8/site-packages/sqlalchemy/pool/base.py", line 691, in __connect
    pool.logger.debug("Error on connect(): %s", e)
  File "/home/airflow/.local/lib/python3.8/site-packages/sqlalchemy/util/langhelpers.py", line 70, in __exit__
    compat.raise_(
  File "/home/airflow/.local/lib/python3.8/site-packages/sqlalchemy/util/compat.py", line 211, in raise_
    raise exception
  File "/home/airflow/.local/lib/python3.8/site-packages/sqlalchemy/pool/base.py", line 686, in __connect
    self.dbapi_connection = connection = pool._invoke_creator(self)
  File "/home/airflow/.local/lib/python3.8/site-packages/sqlalchemy/engine/create.py", line 574, in connect
    return dialect.connect(*cargs, **cparams)
  File "/home/airflow/.local/lib/python3.8/site-packages/sqlalchemy/engine/default.py", line 598, in connect
    return self.dbapi.connect(*cargs, **cparams)
  File "/home/airflow/.local/lib/python3.8/site-packages/psycopg2/__init__.py", line 122, in connect
    conn = _connect(dsn, connection_factory=connection_factory, **kwasync)
psycopg2.OperationalError: could not translate host name "postgres" to address: Temporary failure in name resolution


The above exception was the direct cause of the following exception:

Traceback (most recent call last):
  File "/home/airflow/.local/lib/python3.8/site-packages/airflow/models/taskinstance.py", line 3267, in _schedule_downstream_tasks
    dag_run = with_row_locks(
  File "/home/airflow/.local/lib/python3.8/site-packages/sqlalchemy/orm/query.py", line 2870, in one
    return self._iter().one()
  File "/home/airflow/.local/lib/python3.8/site-packages/sqlalchemy/orm/query.py", line 2916, in _iter
    result = self.session.execute(
  File "/home/airflow/.local/lib/python3.8/site-packages/sqlalchemy/orm/session.py", line 1716, in execute
    conn = self._connection_for_bind(bind)
  File "/home/airflow/.local/lib/python3.8/site-packages/sqlalchemy/orm/session.py", line 1555, in _connection_for_bind
    return self._transaction._connection_for_bind(
  File "/home/airflow/.local/lib/python3.8/site-packages/sqlalchemy/orm/session.py", line 750, in _connection_for_bind
    conn = bind.connect()
  File "/home/airflow/.local/lib/python3.8/site-packages/sqlalchemy/future/engine.py", line 412, in connect
    return super(Engine, self).connect()
  File "/home/airflow/.local/lib/python3.8/site-packages/sqlalchemy/engine/base.py", line 3325, in connect
    return self._connection_cls(self, close_with_result=close_with_result)
  File "/home/airflow/.local/lib/python3.8/site-packages/sqlalchemy/engine/base.py", line 96, in __init__
    else engine.raw_connection()
  File "/home/airflow/.local/lib/python3.8/site-packages/sqlalchemy/engine/base.py", line 3404, in raw_connection
    return self._wrap_pool_connect(self.pool.connect, _connection)
  File "/home/airflow/.local/lib/python3.8/site-packages/sqlalchemy/engine/base.py", line 3374, in _wrap_pool_connect
    Connection._handle_dbapi_exception_noconnection(
  File "/home/airflow/.local/lib/python3.8/site-packages/sqlalchemy/engine/base.py", line 2208, in _handle_dbapi_exception_noconnection
    util.raise_(
  File "/home/airflow/.local/lib/python3.8/site-packages/sqlalchemy/util/compat.py", line 211, in raise_
    raise exception
  File "/home/airflow/.local/lib/python3.8/site-packages/sqlalchemy/engine/base.py", line 3371, in _wrap_pool_connect
    return fn()
  File "/home/airflow/.local/lib/python3.8/site-packages/sqlalchemy/pool/base.py", line 327, in connect
    return _ConnectionFairy._checkout(self)
  File "/home/airflow/.local/lib/python3.8/site-packages/sqlalchemy/pool/base.py", line 894, in _checkout
    fairy = _ConnectionRecord.checkout(pool)
  File "/home/airflow/.local/lib/python3.8/site-packages/sqlalchemy/pool/base.py", line 493, in checkout
    rec = pool._do_get()
  File "/home/airflow/.local/lib/python3.8/site-packages/sqlalchemy/pool/impl.py", line 256, in _do_get
    return self._create_connection()
  File "/home/airflow/.local/lib/python3.8/site-packages/sqlalchemy/pool/base.py", line 273, in _create_connection
    return _ConnectionRecord(self)
  File "/home/airflow/.local/lib/python3.8/site-packages/sqlalchemy/pool/base.py", line 388, in __init__
    self.__connect()
  File "/home/airflow/.local/lib/python3.8/site-packages/sqlalchemy/pool/base.py", line 691, in __connect
    pool.logger.debug("Error on connect(): %s", e)
  File "/home/airflow/.local/lib/python3.8/site-packages/sqlalchemy/util/langhelpers.py", line 70, in __exit__
    compat.raise_(
  File "/home/airflow/.local/lib/python3.8/site-packages/sqlalchemy/util/compat.py", line 211, in raise_
    raise exception
  File "/home/airflow/.local/lib/python3.8/site-packages/sqlalchemy/pool/base.py", line 686, in __connect
    self.dbapi_connection = connection = pool._invoke_creator(self)
  File "/home/airflow/.local/lib/python3.8/site-packages/sqlalchemy/engine/create.py", line 574, in connect
    return dialect.connect(*cargs, **cparams)
  File "/home/airflow/.local/lib/python3.8/site-packages/sqlalchemy/engine/default.py", line 598, in connect
    return self.dbapi.connect(*cargs, **cparams)
  File "/home/airflow/.local/lib/python3.8/site-packages/psycopg2/__init__.py", line 122, in connect
    conn = _connect(dsn, connection_factory=connection_factory, **kwasync)
sqlalchemy.exc.OperationalError: (psycopg2.OperationalError) could not translate host name "postgres" to address: Temporary failure in name resolution

(Background on this error at: https://sqlalche.me/e/14/e3q8)
