[2024-04-16T02:11:20.407+0000] {taskinstance.py:1979} INFO - Dependencies all met for dep_context=non-requeueable deps ti=<TaskInstance: Units_statistics_DAG.ETL_job scheduled__2024-04-16T01:00:00+00:00 map_index=9 [queued]>
[2024-04-16T02:11:20.420+0000] {taskinstance.py:1979} INFO - Dependencies all met for dep_context=requeueable deps ti=<TaskInstance: Units_statistics_DAG.ETL_job scheduled__2024-04-16T01:00:00+00:00 map_index=9 [queued]>
[2024-04-16T02:11:20.421+0000] {taskinstance.py:2193} INFO - Starting attempt 3 of 4
[2024-04-16T02:11:20.439+0000] {taskinstance.py:2217} INFO - Executing <Mapped(_PythonDecoratedOperator): ETL_job> on 2024-04-16 01:00:00+00:00
[2024-04-16T02:11:20.449+0000] {standard_task_runner.py:60} INFO - Started process 321794 to run task
[2024-04-16T02:11:20.456+0000] {standard_task_runner.py:87} INFO - Running: ['***', 'tasks', 'run', 'Units_statistics_DAG', 'ETL_job', 'scheduled__2024-04-16T01:00:00+00:00', '--job-id', '3468', '--raw', '--subdir', 'DAGS_FOLDER/Units_dag.py', '--cfg-path', '/tmp/tmp6zxjh1ai', '--map-index', '9']
[2024-04-16T02:11:20.458+0000] {standard_task_runner.py:88} INFO - Job 3468: Subtask ETL_job
[2024-04-16T02:11:20.551+0000] {task_command.py:423} INFO - Running <TaskInstance: Units_statistics_DAG.ETL_job scheduled__2024-04-16T01:00:00+00:00 map_index=9 [running]> on host a09da322e808
[2024-04-16T02:11:20.709+0000] {taskinstance.py:2513} INFO - Exporting env vars: AIRFLOW_CTX_DAG_OWNER='abeer-araby' AIRFLOW_CTX_DAG_ID='Units_statistics_DAG' AIRFLOW_CTX_TASK_ID='ETL_job' AIRFLOW_CTX_EXECUTION_DATE='2024-04-16T01:00:00+00:00' AIRFLOW_CTX_TRY_NUMBER='3' AIRFLOW_CTX_DAG_RUN_ID='scheduled__2024-04-16T01:00:00+00:00'
[2024-04-16T02:11:20.710+0000] {Units_dag.py:90} INFO - i: 90000, chunk: 10000
[2024-04-16T02:11:20.711+0000] {Units_dag.py:91} INFO - child token is::: eyJ0eXAiOiJKV1QiLCJhbGciOiJIUzI1NiJ9.eyJpc3MiOiJodHRwczovL2FwaS5hZmFxeS5zYS9hdXRoL2xvZ2luX2FzIiwiaWF0IjoxNzEzMjMyODA0LCJleHAiOjE3MTU4MjQ4MDQsIm5iZiI6MTcxMzIzMjgwNCwianRpIjoib2JycHlDR2RJT2dUSjczbSIsInN1YiI6IjVkNjNlNTFlMDNlZDUyOTJhNDJjMjRlNiIsInBydiI6IjI3MGVjZmM3ZWEzZWQ5MzdlYTg0OTM2MmEzYTUwOTEwYzZkOGNlNGYiLCJsb2dpbl9hc19pZCI6IjY1N2YwYWQ3M2Y5NzcyOTVjZjA1NTc2YSJ9.PZEtJ50WYih8lX9yeEWASjGqvfWUk8xZ-M0hSPdVYiI
[2024-04-16T02:11:39.472+0000] {Units_dag.py:95} INFO - {'_id': '64088a494941b35f37663554', 'icon': 'icons/icon.png', 'driver_id': '', 'tailer_id': '', 'profile': {'measurement_type': 'count', 'fuel_type': '91', 'year': 0, 'seats': 2}, 'device_password': '***', 'device_type': 'gps', 'gateway': False, 'name': '5119 ب ص م', 'operation_code': None, 'device_gateway': None, 'business_types': {'waste': False, 'transportation': True, 'water': False}, 'imei': '861937062929352', 'sim_number': '+966830031781631', 'sim_serial': '21296721886', 'device_serial': '861937062929352', 'device': 'bce', 'user_id': '5f8bf21303ed52b7fb1c11ba', 'created_by': '5e6655bf03ed52e1ab79d301', 'updated_at': '2023-12-31 11:58:36', 'created_at': '2023-03-08 16:14:49', 'creator': 'amr.ahmed', 'company': '', 'owner': 'alwefaq-rent', 'last_update': {'dtt': 1713233240000, 'dts': 1713233259323, 'spd': 0, 'ang': 240, 'alt': 612, 'chPrams': {'ePwrV': {'v': 12.404, 'cdt': 1713233060000}, 'di16': {'v': 1, 'cdt': 1711280722000}, 'rssi1': {'v': 51, 'cdt': 1713232820000}, 'di15': {'v': 0, 'cdt': 1711354092000}, 'di14': {'v': 0, 'cdt': 1713199742000}, 'di13': {'v': 0, 'cdt': 1712063510000}, 'di12': {'v': 0, 'cdt': 1711280722000}, 'di11': {'v': 0, 'cdt': 1711280722000}, 'di10': {'v': 0, 'cdt': 1711280722000}, 'di2': {'v': 0, 'cdt': 1711280722000}, 'di1': {'v': 0, 'cdt': 1713199822000}, 'ai4': {'v': 196, 'cdt': 1713232940000}, 'di4': {'v': 0, 'cdt': 1711280722000}, 'di3': {'v': 0, 'cdt': 1711280722000}, 'di6': {'v': 0, 'cdt': 1711280722000}, 'di5': {'v': 0, 'cdt': 1713199822000}, 'lac1': {'v': 22104, 'cdt': 1713199212000}, 'protocol': {'v': 'bce', 'cdt': 1711280722000}, 'di8': {'v': 1, 'cdt': 1711280722000}, 'di7': {'v': 0, 'cdt': 1713199882000}, 'di9': {'v': 0, 'cdt': 1711280722000}, 'iPwrV': {'v': 3.956, 'cdt': 1713233000000}, 'humidity': {'v': -1, 'cdt': 1712060882000}, 'ID': {'v': '0', 'cdt': 1712580650000}, 'cid1': {'v': 13461, 'cdt': 1713210680000}, 'temp': {'v': -273, 'cdt': 1712942884000}, 'odometer': {'v': 0, 'cdt': 1713199768000}, 'spd': {'v': 0, 'cdt': 1713199772000}, 'sat': {'v': 12, 'cdt': 1713221060000}, 'hdop': {'v': 1, 'cdt': 1713199092000}, 'ta': {'v': 0, 'cdt': 1711280722000}, 'mcc1': {'v': 420, 'cdt': 1713034050000}, 'mnc1': {'v': 4, 'cdt': 1713194040000}}, 'prms': {'protocol': 'bce', 'spd': 0, 'sat': 12, 'hdop': 1, 'odometer': 0, 'di16': 1, 'di15': 0, 'di14': 0, 'di13': 0, 'di12': 0, 'di11': 0, 'di10': 0, 'di9': 0, 'di8': 1, 'di7': 0, 'di6': 0, 'di5': 0, 'di4': 0, 'di3': 0, 'di2': 0, 'di1': 0, 'ePwrV': 12.404, 'ai4': 196, 'iPwrV': 3.956, 'ta': 0, 'mcc1': 420, 'mnc1': 4, 'lac1': 22104, 'cid1': 13461, 'rssi1': 51, 'ID': '0', 'temp': -273, 'humidity': -1}, 'devPrms': ['protocol', 'spd', 'sat', 'hdop', 'odometer', 'di16', 'di15', 'di14', 'di13', 'di12', 'di11', 'di10', 'di9', 'di8', 'di7', 'di6', 'di5', 'di4', 'di3', 'di2', 'di1', 'ePwrV', 'ai4', 'iPwrV', 'ta', 'mcc1', 'mnc1', 'lac1', 'cid1', 'rssi1', 'ID', 'temp', 'humidity'], 'old_params': {'protocol': 'bce', 'spd': 0, 'sat': 12, 'hdop': 1, 'odometer': 0, 'di16': 1, 'di15': 0, 'di14': 0, 'di13': 0, 'di12': 0, 'di11': 0, 'di10': 0, 'di9': 0, 'di8': 1, 'di7': 0, 'di6': 0, 'di5': 0, 'di4': 0, 'di3': 0, 'di2': 0, 'di1': 0, 'ePwrV': 12.404, 'ai4': 196, 'iPwrV': 3.956, 'ta': 0, 'mcc1': 420, 'mnc1': 4, 'lac1': 22104, 'cid1': 13461, 'rssi1': 51, 'ID': '0', 'temp': -273, 'humidity': -1}, 'vLoc': 1, 'vCon': 1, 'ip': '51.36.54.76', 'rl': 0, 'trl': 83289.6519, 'mdu': 0, 'tmdu': 4414128, 'eidl': 0, 'teidl': 2337726, 'fc': 0, 'tfc': 54.549408, 'acc': 0, 'accOn': 7696100, 'accOff': 28367478, 'sdu': 60, 'tsdu': 33418, 'lat': 24.650394439697266, 'lng': 46.76298522949219}, 'counters': {'odometer_type': 'gps', 'odometer': 83289.6519, 'engine_hours_type': 'acc', 'engine_hours': 7696100, 'last_acc': 0}, 'is_wasl_connected': 'Not Connected', 'iconUrl': 'https://api.afaqy.sa/images/units/icons/icon.png', 'hasCCTV': False}
[2024-04-16T02:11:39.968+0000] {warnings.py:109} WARNING - /home/***/.local/lib/python3.8/site-packages/elasticsearch/_sync/client/__init__.py:399: SecurityWarning: Connecting to 'https://dbelk3.afaqy.local:9200' using TLS with verify_certs=False is insecure
  _transport = transport_class(

[2024-04-16T02:11:40.010+0000] {warnings.py:109} WARNING - /home/***/.local/lib/python3.8/site-packages/elasticsearch/_sync/client/__init__.py:399: SecurityWarning: Connecting to 'https://dbelk1.afaqy.local:9200' using TLS with verify_certs=False is insecure
  _transport = transport_class(

[2024-04-16T02:11:40.052+0000] {warnings.py:109} WARNING - /home/***/.local/lib/python3.8/site-packages/elasticsearch/_sync/client/__init__.py:399: SecurityWarning: Connecting to 'https://dbelk2.afaqy.local:9200' using TLS with verify_certs=False is insecure
  _transport = transport_class(

[2024-04-16T02:11:40.057+0000] {_transport.py:358} INFO - GET https://dbelk3.afaqy.local:9200/_cluster/health [status:N/A duration:0.003s]
[2024-04-16T02:11:40.057+0000] {_node_pool.py:249} WARNING - Node <Urllib3HttpNode(https://dbelk3.afaqy.local:9200)> has failed for 1 times in a row, putting on 1 second timeout
[2024-04-16T02:11:40.057+0000] {_transport.py:395} WARNING - Retrying request after failure (attempt 0 of 3)
Traceback (most recent call last):
  File "/home/airflow/.local/lib/python3.8/site-packages/elastic_transport/_transport.py", line 328, in perform_request
    meta, raw_data = node.perform_request(
  File "/home/airflow/.local/lib/python3.8/site-packages/elastic_transport/_node/_http_urllib3.py", line 202, in perform_request
    raise err from None
elastic_transport.ConnectionError: Connection error caused by: NewConnectionError(<urllib3.connection.HTTPSConnection object at 0x7faa184ce1f0>: Failed to establish a new connection: [Errno 111] Connection refused)
[2024-04-16T02:11:40.079+0000] {warnings.py:109} WARNING - /home/***/.local/lib/python3.8/site-packages/urllib3/connectionpool.py:1061: InsecureRequestWarning: Unverified HTTPS request is being made to host 'dbelk2.afaqy.local'. Adding certificate verification is strongly advised. See: https://urllib3.readthedocs.io/en/1.26.x/advanced-usage.html#ssl-warnings
  warnings.warn(

[2024-04-16T02:11:40.146+0000] {_transport.py:335} INFO - GET https://dbelk2.afaqy.local:9200/_cluster/health [status:200 duration:0.087s]
[2024-04-16T02:11:40.519+0000] {warnings.py:109} WARNING - /home/***/.local/lib/python3.8/site-packages/urllib3/connectionpool.py:1061: InsecureRequestWarning: Unverified HTTPS request is being made to host 'dbelk1.afaqy.local'. Adding certificate verification is strongly advised. See: https://urllib3.readthedocs.io/en/1.26.x/advanced-usage.html#ssl-warnings
  warnings.warn(

[2024-04-16T02:11:40.708+0000] {_transport.py:335} INFO - PUT https://dbelk1.afaqy.local:9200/units_statistics_***/_bulk [status:200 duration:0.216s]
[2024-04-16T02:11:41.002+0000] {taskinstance.py:2731} ERROR - Task failed with exception
Traceback (most recent call last):
  File "/home/airflow/.local/lib/python3.8/site-packages/airflow/models/taskinstance.py", line 444, in _execute_task
    result = _execute_callable(context=context, **execute_callable_kwargs)
  File "/home/airflow/.local/lib/python3.8/site-packages/airflow/models/taskinstance.py", line 414, in _execute_callable
    return execute_callable(context=context, **execute_callable_kwargs)
  File "/home/airflow/.local/lib/python3.8/site-packages/airflow/decorators/base.py", line 241, in execute
    return_value = super().execute(context)
  File "/home/airflow/.local/lib/python3.8/site-packages/airflow/operators/python.py", line 200, in execute
    return_value = self.execute_callable()
  File "/home/airflow/.local/lib/python3.8/site-packages/airflow/operators/python.py", line 217, in execute_callable
    return self.python_callable(*self.op_args, **self.op_kwargs)
  File "/opt/airflow/dags/Units_dag.py", line 103, in ETL_job
    Elk_client.elk_pushData(Globals.index_name,units_list_update)
  File "/opt/airflow/dags/elk_manager.py", line 69, in elk_pushData
    helpers.bulk(self.elk_client, docs_list, index=index_name, chunk_size=batch)
  File "/home/airflow/.local/lib/python3.8/site-packages/elasticsearch/helpers/actions.py", line 521, in bulk
    for ok, item in streaming_bulk(
  File "/home/airflow/.local/lib/python3.8/site-packages/elasticsearch/helpers/actions.py", line 436, in streaming_bulk
    for data, (ok, info) in zip(
  File "/home/airflow/.local/lib/python3.8/site-packages/elasticsearch/helpers/actions.py", line 355, in _process_bulk_chunk
    yield from gen
  File "/home/airflow/.local/lib/python3.8/site-packages/elasticsearch/helpers/actions.py", line 274, in _process_bulk_chunk_success
    raise BulkIndexError(f"{len(errors)} document(s) failed to index.", errors)
elasticsearch.helpers.BulkIndexError: 10000 document(s) failed to index.
[2024-04-16T02:11:41.021+0000] {taskinstance.py:1149} INFO - Marking task as UP_FOR_RETRY. dag_id=Units_statistics_DAG, task_id=ETL_job, map_index=9, execution_date=20240416T010000, start_date=20240416T021120, end_date=20240416T021141
[2024-04-16T02:11:41.038+0000] {standard_task_runner.py:107} ERROR - Failed to execute job 3468 for task ETL_job (10000 document(s) failed to index.; 321794)
[2024-04-16T02:11:41.114+0000] {local_task_job_runner.py:234} INFO - Task exited with return code 1
[2024-04-16T02:11:41.151+0000] {taskinstance.py:3312} INFO - 0 downstream tasks scheduled from follow-on schedule check
