[2024-05-13T13:20:19.027+0000] {local_task_job_runner.py:120} INFO - ::group::Pre task execution logs
[2024-05-13T13:20:19.167+0000] {taskinstance.py:2076} INFO - Dependencies all met for dep_context=non-requeueable deps ti=<TaskInstance: Units_statistics_DAG.ETL_job scheduled__2024-05-13T13:00:00+00:00 map_index=7 [queued]>
[2024-05-13T13:20:19.253+0000] {taskinstance.py:2076} INFO - Dependencies all met for dep_context=requeueable deps ti=<TaskInstance: Units_statistics_DAG.ETL_job scheduled__2024-05-13T13:00:00+00:00 map_index=7 [queued]>
[2024-05-13T13:20:19.254+0000] {taskinstance.py:2306} INFO - Starting attempt 1 of 4
[2024-05-13T13:20:19.367+0000] {taskinstance.py:2330} INFO - Executing <Mapped(_PythonDecoratedOperator): ETL_job> on 2024-05-13 13:00:00+00:00
[2024-05-13T13:20:19.428+0000] {warnings.py:110} WARNING - /home/***/.local/lib/python3.12/site-packages/***/task/task_runner/standard_task_runner.py:61: DeprecationWarning: This process (pid=19490) is multi-threaded, use of fork() may lead to deadlocks in the child.
  pid = os.fork()

[2024-05-13T13:20:19.433+0000] {standard_task_runner.py:63} INFO - Started process 19512 to run task
[2024-05-13T13:20:19.476+0000] {standard_task_runner.py:90} INFO - Running: ['***', 'tasks', 'run', 'Units_statistics_DAG', 'ETL_job', 'scheduled__2024-05-13T13:00:00+00:00', '--job-id', '55909', '--raw', '--subdir', 'DAGS_FOLDER/Units_dag.py', '--cfg-path', '/tmp/tmp68kfu8r_', '--map-index', '7']
[2024-05-13T13:20:19.482+0000] {standard_task_runner.py:91} INFO - Job 55909: Subtask ETL_job
[2024-05-13T13:20:19.811+0000] {task_command.py:426} INFO - Running <TaskInstance: Units_statistics_DAG.ETL_job scheduled__2024-05-13T13:00:00+00:00 map_index=7 [running]> on host 7138d7e072c5
[2024-05-13T13:20:20.603+0000] {taskinstance.py:2648} INFO - Exporting env vars: AIRFLOW_CTX_DAG_OWNER='abeer-araby' AIRFLOW_CTX_DAG_ID='Units_statistics_DAG' AIRFLOW_CTX_TASK_ID='ETL_job' AIRFLOW_CTX_EXECUTION_DATE='2024-05-13T13:00:00+00:00' AIRFLOW_CTX_TRY_NUMBER='1' AIRFLOW_CTX_DAG_RUN_ID='scheduled__2024-05-13T13:00:00+00:00'
[2024-05-13T13:20:20.605+0000] {taskinstance.py:430} INFO - ::endgroup::
[2024-05-13T13:20:20.605+0000] {Units_dag.py:98} INFO - i: 70000, chunk: 10000
[2024-05-13T13:20:20.605+0000] {Units_dag.py:99} INFO - child token is::: eyJ0eXAiOiJKV1QiLCJhbGciOiJIUzI1NiJ9.eyJpc3MiOiJodHRwczovL2FwaS5hZmFxeS5zYS9hdXRoL2xvZ2luX2FzIiwiaWF0IjoxNzE1NjA2NDA1LCJleHAiOjE3MTgxOTg0MDUsIm5iZiI6MTcxNTYwNjQwNSwianRpIjoicWdtbWVHUEY0WmlRcU1GWSIsInN1YiI6IjVkNjNlNTFlMDNlZDUyOTJhNDJjMjRlNiIsInBydiI6IjI3MGVjZmM3ZWEzZWQ5MzdlYTg0OTM2MmEzYTUwOTEwYzZkOGNlNGYiLCJsb2dpbl9hc19pZCI6IjY1N2YwYWQ3M2Y5NzcyOTVjZjA1NTc2YSJ9.WE6V4hojWKb2q7x0QIsZI4uRkYFg9x2cyBJo-rUaIhA
[2024-05-13T13:20:44.944+0000] {Units_dag.py:103} INFO - {'_id': '63a7f8da120ecf17f46498c6', 'icon': 'icons/icon.png', 'driver_id': '', 'tailer_id': '', 'profile': {'vehicle_type': None, 'measurement_type': 'count', 'max_capacity': 0, 'vin': None, 'plate_number': '1792 - V D R', 'start_operation': None, 'contract_milage': None, 'opening_milage': None, 'model': None, 'fuel_type': '91', 'year': 0, 'seats': 2}, 'device_password': '***', 'device_type': 'gps', 'gateway': False, 'name': 'VDR1792', 'operation_code': '', 'device_gateway': '', 'business_types': {'waste': False, 'transportation': True, 'water': False}, 'imei': '866907057694498', 'sim_number': '+966830030948658', 'sim_serial': '21294045054', 'device_serial': '1125889393', 'device': 'teltonika', 'user_id': '5edc9ce503ed5252d3361fa8', 'created_by': '5e6655bf03ed52e1ab79d301', 'updated_at': '2024-04-18 11:18:59', 'created_at': '2022-12-25 10:16:42', 'custom_fields': [], 'creator': 'amr.ahmed', 'company': '', 'owner': 'hertz-admin', 'last_update': {'dtt': 1715606412000, 'dts': 1715606415423, 'spd': 39, 'ang': 344, 'alt': 23, 'chPrams': {'output1': {'v': False, 'cdt': 1715540737000}, 'output2': {'v': False, 'cdt': 1715540737000}, 'ePwrV': {'v': 14.194, 'cdt': 1715606412000}, 'sat': {'v': 16, 'cdt': 1715606412000}, 'ai1': {'v': 43, 'cdt': 1714892101000}, 'priority': {'v': 0, 'cdt': 1715605294000}, 'di2': {'v': 0, 'cdt': 1714892101000}, 'type': {'v': 6, 'cdt': 1715221277000}, 'di1': {'v': 1, 'cdt': 1715605274000}, 'result': {'v': '5665723a30332e32372e31335f3534204750533a41584e5f352e312e392048773a464d43313330204d6f643a3420494d45493a38363639303730353736393434393820496e69743a323032342d352d313320333a353720557074696d653a3333353434204d41433a303031453432353541344539205350433a312830292041584c3a32204f42443a3020424c3a312e31302042543a34', 'cdt': 1715606207000}, 'protocol': {'v': 'FMC130', 'cdt': 1715540737000}, 'parm6': {'v': 43, 'cdt': 1715604021000}, 'iPwrV': {'v': 4.086, 'cdt': 1715601136000}, 'event': {'v': 0, 'cdt': 1715605294000}}, 'prms': {'protocol': 'FMC130', 'priority': 0, 'sat': 16, 'event': 0, 'di1': 1, 'output1': 0, 'di2': 0, 'output2': 0, 'ePwrV': 14.194, 'iPwrV': 4.086, 'ai1': 43, 'parm6': 43}, 'devPrms': ['protocol', 'priority', 'sat', 'event', 'di1', 'output1', 'di2', 'output2', 'ePwrV', 'iPwrV', 'ai1', 'parm6', 'type', 'result'], 'old_params': {'protocol': 'FMC130', 'priority': 0, 'sat': 15, 'event': 0, 'di1': 1, 'output1': 0, 'di2': 0, 'output2': 0, 'ePwrV': 14.212, 'iPwrV': 4.086, 'ai1': 43, 'parm6': 43}, 'vLoc': 1, 'vCon': 1, 'ip': '51.39.192.204', 'rl': 0.7518, 'trl': 15060.2577, 'mdu': 38, 'tmdu': 954290, 'eidl': 0, 'teidl': 661660, 'fc': 0.090216, 'tfc': 18.096972, 'acc': 1, 'accOn': 16313019, 'accOff': 40441565, 'sdu': 0, 'tsdu': 0, 'lat': 21.58976, 'lng': 39.195685}, 'counters': {'odometer_type': 'gps', 'odometer': 15060.2577, 'engine_hours_type': 'acc', 'engine_hours': 16313019, 'last_acc': 1}, 'is_wasl_connected': 'Not Connected', 'iconUrl': 'https://api.afaqy.sa/images/units/icons/icon.png', 'hasCCTV': False}
[2024-05-13T13:20:50.969+0000] {warnings.py:110} WARNING - /home/***/.local/lib/python3.12/site-packages/elasticsearch/_sync/client/__init__.py:399: SecurityWarning: Connecting to 'https://dbelk3.afaqy.local:9200' using TLS with verify_certs=False is insecure
  _transport = transport_class(

[2024-05-13T13:20:51.265+0000] {warnings.py:110} WARNING - /home/***/.local/lib/python3.12/site-packages/elasticsearch/_sync/client/__init__.py:399: SecurityWarning: Connecting to 'https://dbelk2.afaqy.local:9200' using TLS with verify_certs=False is insecure
  _transport = transport_class(

[2024-05-13T13:20:53.222+0000] {warnings.py:110} WARNING - /home/***/.local/lib/python3.12/site-packages/elasticsearch/_sync/client/__init__.py:399: SecurityWarning: Connecting to 'https://dbelk1.afaqy.local:9200' using TLS with verify_certs=False is insecure
  _transport = transport_class(

[2024-05-13T13:20:53.275+0000] {warnings.py:110} WARNING - /home/***/.local/lib/python3.12/site-packages/urllib3/connectionpool.py:1103: InsecureRequestWarning: Unverified HTTPS request is being made to host 'dbelk3.afaqy.local'. Adding certificate verification is strongly advised. See: https://urllib3.readthedocs.io/en/latest/advanced-usage.html#tls-warnings
  warnings.warn(

[2024-05-13T13:20:53.371+0000] {_transport.py:349} INFO - GET https://dbelk3.afaqy.local:9200/_cluster/health [status:200 duration:0.137s]
[2024-05-13T13:20:57.217+0000] {warnings.py:110} WARNING - /home/***/.local/lib/python3.12/site-packages/urllib3/connectionpool.py:1103: InsecureRequestWarning: Unverified HTTPS request is being made to host 'dbelk2.afaqy.local'. Adding certificate verification is strongly advised. See: https://urllib3.readthedocs.io/en/latest/advanced-usage.html#tls-warnings
  warnings.warn(

[2024-05-13T13:20:59.085+0000] {_transport.py:349} INFO - PUT https://dbelk2.afaqy.local:9200/units_statistics_***/_bulk [status:200 duration:1.939s]
[2024-05-13T13:20:59.809+0000] {python.py:237} INFO - Done. Returned value was: None
[2024-05-13T13:20:59.810+0000] {taskinstance.py:441} INFO - ::group::Post task execution logs
[2024-05-13T13:20:59.837+0000] {taskinstance.py:1206} INFO - Marking task as SUCCESS. dag_id=Units_statistics_DAG, task_id=ETL_job, run_id=scheduled__2024-05-13T13:00:00+00:00, map_index=7, execution_date=20240513T130000, start_date=20240513T132019, end_date=20240513T132059
[2024-05-13T13:20:59.932+0000] {local_task_job_runner.py:240} INFO - Task exited with return code 0
[2024-05-13T13:20:59.996+0000] {taskinstance.py:3498} INFO - 0 downstream tasks scheduled from follow-on schedule check
[2024-05-13T13:21:00.007+0000] {local_task_job_runner.py:222} INFO - ::endgroup::
