[2024-05-10T02:44:34.124+0000] {taskinstance.py:1979} INFO - Dependencies all met for dep_context=non-requeueable deps ti=<TaskInstance: Units_statistics_DAG.ETL_job scheduled__2024-05-10T02:20:00+00:00 map_index=15 [queued]>
[2024-05-10T02:44:34.148+0000] {taskinstance.py:1979} INFO - Dependencies all met for dep_context=requeueable deps ti=<TaskInstance: Units_statistics_DAG.ETL_job scheduled__2024-05-10T02:20:00+00:00 map_index=15 [queued]>
[2024-05-10T02:44:34.149+0000] {taskinstance.py:2193} INFO - Starting attempt 4 of 4
[2024-05-10T02:44:34.177+0000] {taskinstance.py:2217} INFO - Executing <Mapped(_PythonDecoratedOperator): ETL_job> on 2024-05-10 02:20:00+00:00
[2024-05-10T02:44:34.187+0000] {standard_task_runner.py:60} INFO - Started process 902817 to run task
[2024-05-10T02:44:34.194+0000] {standard_task_runner.py:87} INFO - Running: ['***', 'tasks', 'run', 'Units_statistics_DAG', 'ETL_job', 'scheduled__2024-05-10T02:20:00+00:00', '--job-id', '46282', '--raw', '--subdir', 'DAGS_FOLDER/Units_dag.py', '--cfg-path', '/tmp/tmpe5mc187d', '--map-index', '15']
[2024-05-10T02:44:34.197+0000] {standard_task_runner.py:88} INFO - Job 46282: Subtask ETL_job
[2024-05-10T02:44:34.285+0000] {task_command.py:423} INFO - Running <TaskInstance: Units_statistics_DAG.ETL_job scheduled__2024-05-10T02:20:00+00:00 map_index=15 [running]> on host a09da322e808
[2024-05-10T02:44:34.469+0000] {taskinstance.py:2513} INFO - Exporting env vars: AIRFLOW_CTX_DAG_OWNER='abeer-araby' AIRFLOW_CTX_DAG_ID='Units_statistics_DAG' AIRFLOW_CTX_TASK_ID='ETL_job' AIRFLOW_CTX_EXECUTION_DATE='2024-05-10T02:20:00+00:00' AIRFLOW_CTX_TRY_NUMBER='4' AIRFLOW_CTX_DAG_RUN_ID='scheduled__2024-05-10T02:20:00+00:00'
[2024-05-10T02:44:34.470+0000] {Units_dag.py:98} INFO - i: 150000, chunk: 10000
[2024-05-10T02:44:34.471+0000] {Units_dag.py:99} INFO - child token is::: eyJ0eXAiOiJKV1QiLCJhbGciOiJIUzI1NiJ9.eyJpc3MiOiJodHRwczovL2FwaS5hZmFxeS5zYS9hdXRoL2xvZ2luX2FzIiwiaWF0IjoxNzE1MzA4ODA0LCJleHAiOjE3MTc5MDA4MDQsIm5iZiI6MTcxNTMwODgwNCwianRpIjoiSHNSM1o4alBGaTJPSk44biIsInN1YiI6IjVkNjNlNTFlMDNlZDUyOTJhNDJjMjRlNiIsInBydiI6IjI3MGVjZmM3ZWEzZWQ5MzdlYTg0OTM2MmEzYTUwOTEwYzZkOGNlNGYiLCJsb2dpbl9hc19pZCI6IjY1N2YwYWQ3M2Y5NzcyOTVjZjA1NTc2YSJ9.KEv4nvDaQbDX0azqd6ADiizq4w1K4c6QN9ls2n4qbSA
[2024-05-10T02:44:55.214+0000] {Units_dag.py:103} INFO - {'_id': '659bf827c8b8178bb8139122', 'icon': 'icons/icon.png', 'driver_id': '', 'tailer_id': '', 'profile': {'vehicle_type': '', 'measurement_type': 'count', 'max_capacity': 0, 'vin': '', 'plate_number': '', 'start_operation': '', 'contract_milage': '', 'opening_milage': '', 'model': '', 'fuel_type': '91', 'year': 0, 'seats': 2}, 'shipment_info': {'product_category': None, 'truck_type': None, 'shipment_type': None, 'shipment_payment_type': None, 'transporter_type': None, 'operating_area': None, 'weight_kilograms_per_day': None, 'kms_per_day': None, 'shipment_trip_drive_hrs_day': None, 'allowable_delay_drive_hrs_day': None, 'expected_shipment_trip_day': None, 'car_pay_per_day': None, 'exceeding_temperature_limit_per_day': None, 'temperature_upper_limit': None, 'exceeding_humidity_limit_per_day': None, 'humidity_upper_limit': None}, 'device_password': '***', 'device_type': 'gps', 'gateway': False, 'business_types': {'waste': False, 'transportation': True, 'water': False}, 'name': '8752EER', 'operation_code': '', 'device_gateway': '', 'skip_sim_information': False, 'imei': '866069061021174', 'sim_number': '+966830020337744', 'sim_serial': '8996609821112128735', 'device_serial': '1135686258', 'device': 'teltonika', 'user_id': '631866bf3cdfd0479c43062d', 'created_by': '5e6655bf03ed52e1ab79d301', 'updated_at': '2024-04-18 11:18:59', 'created_at': '2024-01-08 16:27:03', 'custom_fields': [], 'creator': 'amr.ahmed', 'company': '', 'owner': 'dar-almerkaba-admin', 'last_update': {'dtt': 1715309074000, 'dts': 1715309076831, 'spd': 3, 'ang': 277, 'alt': 704, 'chPrams': {'Speed': {'v': 3, 'cdt': 1715309074000}, 'output1': {'v': False, 'cdt': 1714988667000}, 'ePwrV': {'v': 13.138, 'cdt': 1715309074000}, 'parm24': {'v': 3, 'cdt': 1715309074000}, 'sat': {'v': 20, 'cdt': 1715309017000}, 'ai1': {'v': 87, 'cdt': 1714408966000}, 'type': {'v': 6, 'cdt': 1712865665000}, 'priority': {'v': 0, 'cdt': 1715163184000}, 'di1': {'v': 1, 'cdt': 1715305115000}, 'result': {'v': '5665723a30332e32382e30325f313937204750533a41584e5f352e312e392048773a464d43393230204d6f643a3120494d45493a38363630363930363130323131373420496e69743a323032342d312d33312031393a353620557074696d653a38333532333330204d41433a333838413231393031363533205350433a312830292041584c3a31204f42443a3020424c3a312e31302042543a34', 'cdt': 1715098218000}, 'protocol': {'v': 'FMC920', 'cdt': 1714988667000}, 'iPwrV': {'v': 4.033, 'cdt': 1715268477000}, 'event': {'v': 0, 'cdt': 1715163184000}}, 'prms': {'protocol': 'FMC920', 'priority': 0, 'sat': 20, 'event': 0, 'di1': 1, 'output1': 0, 'ePwrV': 13.138, 'Speed': 3, 'parm24': 3, 'iPwrV': 4.033, 'ai1': 87}, 'devPrms': ['protocol', 'priority', 'sat', 'event', 'di1', 'output1', 'ePwrV', 'Speed', 'parm24', 'iPwrV', 'ai1'], 'old_params': {'protocol': 'FMC920', 'priority': 0, 'sat': 20, 'event': 0, 'di1': 1, 'output1': 0, 'ePwrV': 13.18, 'Speed': 8, 'parm24': 8, 'iPwrV': 4.033, 'ai1': 87}, 'vLoc': 1, 'vCon': 1, 'ip': '109.83.154.70', 'rl': 0.0075, 'trl': 11157.7323, 'mdu': 30, 'tmdu': 966920, 'eidl': 0, 'teidl': 937673, 'fc': 0.0009, 'tfc': 357.87888, 'acc': 1, 'accOn': 1950323, 'accOff': 640443495, 'sdu': 0, 'tsdu': 0, 'lat': 24.7978283, 'lng': 46.5764033}, 'counters': {'engine_hours': 1950323, 'last_acc': 1, 'odometer': 11157.6049, 'engine_hours_type': '', 'odometer_type': ''}, 'is_wasl_connected': 'Not Connected', 'iconUrl': 'https://api.afaqy.sa/images/units/icons/icon.png', 'hasCCTV': False}
[2024-05-10T02:44:55.756+0000] {warnings.py:109} WARNING - /home/***/.local/lib/python3.8/site-packages/elasticsearch/_sync/client/__init__.py:399: SecurityWarning: Connecting to 'https://dbelk1.afaqy.local:9200' using TLS with verify_certs=False is insecure
  _transport = transport_class(

[2024-05-10T02:44:55.802+0000] {warnings.py:109} WARNING - /home/***/.local/lib/python3.8/site-packages/elasticsearch/_sync/client/__init__.py:399: SecurityWarning: Connecting to 'https://dbelk3.afaqy.local:9200' using TLS with verify_certs=False is insecure
  _transport = transport_class(

[2024-05-10T02:44:55.848+0000] {warnings.py:109} WARNING - /home/***/.local/lib/python3.8/site-packages/elasticsearch/_sync/client/__init__.py:399: SecurityWarning: Connecting to 'https://dbelk2.afaqy.local:9200' using TLS with verify_certs=False is insecure
  _transport = transport_class(

[2024-05-10T02:44:55.875+0000] {warnings.py:109} WARNING - /home/***/.local/lib/python3.8/site-packages/urllib3/connectionpool.py:1061: InsecureRequestWarning: Unverified HTTPS request is being made to host 'dbelk1.afaqy.local'. Adding certificate verification is strongly advised. See: https://urllib3.readthedocs.io/en/1.26.x/advanced-usage.html#ssl-warnings
  warnings.warn(

[2024-05-10T02:44:55.926+0000] {_transport.py:335} INFO - GET https://dbelk1.afaqy.local:9200/_cluster/health [status:200 duration:0.076s]
[2024-05-10T02:44:56.306+0000] {warnings.py:109} WARNING - /home/***/.local/lib/python3.8/site-packages/urllib3/connectionpool.py:1061: InsecureRequestWarning: Unverified HTTPS request is being made to host 'dbelk3.afaqy.local'. Adding certificate verification is strongly advised. See: https://urllib3.readthedocs.io/en/1.26.x/advanced-usage.html#ssl-warnings
  warnings.warn(

[2024-05-10T02:44:56.319+0000] {_transport.py:335} INFO - PUT https://dbelk3.afaqy.local:9200/units_statistics_***/_bulk [status:429 duration:0.033s]
[2024-05-10T02:44:56.319+0000] {_node_pool.py:249} WARNING - Node <Urllib3HttpNode(https://dbelk3.afaqy.local:9200)> has failed for 1 times in a row, putting on 1 second timeout
[2024-05-10T02:44:56.319+0000] {_transport.py:427} WARNING - Retrying request after non-successful status 429 (attempt 0 of 3)
[2024-05-10T02:44:56.320+0000] {warnings.py:109} WARNING - /home/***/.local/lib/python3.8/site-packages/urllib3/connectionpool.py:1061: InsecureRequestWarning: Unverified HTTPS request is being made to host 'dbelk1.afaqy.local'. Adding certificate verification is strongly advised. See: https://urllib3.readthedocs.io/en/1.26.x/advanced-usage.html#ssl-warnings
  warnings.warn(

[2024-05-10T02:44:57.120+0000] {_transport.py:335} INFO - PUT https://dbelk1.afaqy.local:9200/units_statistics_***/_bulk [status:200 duration:0.800s]
[2024-05-10T02:44:57.539+0000] {python.py:202} INFO - Done. Returned value was: None
[2024-05-10T02:44:57.566+0000] {taskinstance.py:1149} INFO - Marking task as SUCCESS. dag_id=Units_statistics_DAG, task_id=ETL_job, map_index=15, execution_date=20240510T022000, start_date=20240510T024434, end_date=20240510T024457
[2024-05-10T02:44:57.648+0000] {local_task_job_runner.py:234} INFO - Task exited with return code 0
[2024-05-10T02:44:57.679+0000] {taskinstance.py:3312} INFO - 0 downstream tasks scheduled from follow-on schedule check
