[2024-04-18T00:05:17.828+0000] {taskinstance.py:1979} INFO - Dependencies all met for dep_context=non-requeueable deps ti=<TaskInstance: Units_statistics_DAG.ETL_job manual__2024-04-14T23:47:14.516395+00:00 map_index=9 [queued]>
[2024-04-18T00:05:17.900+0000] {taskinstance.py:1979} INFO - Dependencies all met for dep_context=requeueable deps ti=<TaskInstance: Units_statistics_DAG.ETL_job manual__2024-04-14T23:47:14.516395+00:00 map_index=9 [queued]>
[2024-04-18T00:05:17.900+0000] {taskinstance.py:2193} INFO - Starting attempt 4 of 5
[2024-04-18T00:05:17.987+0000] {taskinstance.py:2217} INFO - Executing <Mapped(_PythonDecoratedOperator): ETL_job> on 2024-04-14 23:47:14.516395+00:00
[2024-04-18T00:05:18.018+0000] {standard_task_runner.py:60} INFO - Started process 365493 to run task
[2024-04-18T00:05:18.039+0000] {standard_task_runner.py:87} INFO - Running: ['***', 'tasks', 'run', 'Units_statistics_DAG', 'ETL_job', 'manual__2024-04-14T23:47:14.516395+00:00', '--job-id', '5423', '--raw', '--subdir', 'DAGS_FOLDER/Units_dag.py', '--cfg-path', '/tmp/tmp6nxs0th1', '--map-index', '9']
[2024-04-18T00:05:18.041+0000] {standard_task_runner.py:88} INFO - Job 5423: Subtask ETL_job
[2024-04-18T00:05:18.263+0000] {task_command.py:423} INFO - Running <TaskInstance: Units_statistics_DAG.ETL_job manual__2024-04-14T23:47:14.516395+00:00 map_index=9 [running]> on host a09da322e808
[2024-04-18T00:05:18.520+0000] {taskinstance.py:2513} INFO - Exporting env vars: AIRFLOW_CTX_DAG_OWNER='abeer-araby' AIRFLOW_CTX_DAG_ID='Units_statistics_DAG' AIRFLOW_CTX_TASK_ID='ETL_job' AIRFLOW_CTX_EXECUTION_DATE='2024-04-14T23:47:14.516395+00:00' AIRFLOW_CTX_TRY_NUMBER='4' AIRFLOW_CTX_DAG_RUN_ID='manual__2024-04-14T23:47:14.516395+00:00'
[2024-04-18T00:05:18.528+0000] {Units_dag.py:99} INFO - i: 90000, chunk: 10000
[2024-04-18T00:05:18.530+0000] {Units_dag.py:100} INFO - child token is::: None
[2024-04-18T00:05:18.531+0000] {taskinstance.py:2731} ERROR - Task failed with exception
Traceback (most recent call last):
  File "/home/airflow/.local/lib/python3.8/site-packages/airflow/models/taskinstance.py", line 444, in _execute_task
    result = _execute_callable(context=context, **execute_callable_kwargs)
  File "/home/airflow/.local/lib/python3.8/site-packages/airflow/models/taskinstance.py", line 414, in _execute_callable
    return execute_callable(context=context, **execute_callable_kwargs)
  File "/home/airflow/.local/lib/python3.8/site-packages/airflow/decorators/base.py", line 241, in execute
    return_value = super().execute(context)
  File "/home/airflow/.local/lib/python3.8/site-packages/airflow/operators/python.py", line 200, in execute
    return_value = self.execute_callable()
  File "/home/airflow/.local/lib/python3.8/site-packages/airflow/operators/python.py", line 217, in execute_callable
    return self.python_callable(*self.op_args, **self.op_kwargs)
  File "/opt/airflow/dags/Units_dag.py", line 103, in ETL_job
    units_list = Utils.get_all_units_api(args[0], args[1],child_token)
  File "/opt/airflow/dags/utilities.py", line 15, in get_all_units_api
    response = _ApiCaller.post(Globals.api_endpoint+"units/lists?token="+child_token, data_payload)
TypeError: can only concatenate str (not "NoneType") to str
[2024-04-18T00:05:18.558+0000] {taskinstance.py:1149} INFO - Marking task as UP_FOR_RETRY. dag_id=Units_statistics_DAG, task_id=ETL_job, map_index=9, execution_date=20240414T234714, start_date=20240418T000517, end_date=20240418T000518
[2024-04-18T00:05:18.578+0000] {standard_task_runner.py:107} ERROR - Failed to execute job 5423 for task ETL_job (can only concatenate str (not "NoneType") to str; 365493)
[2024-04-18T00:05:18.599+0000] {local_task_job_runner.py:234} INFO - Task exited with return code 1
[2024-04-18T00:05:18.640+0000] {taskinstance.py:3312} INFO - 0 downstream tasks scheduled from follow-on schedule check
