[2024-05-13T10:40:48.669+0000] {local_task_job_runner.py:120} INFO - ::group::Pre task execution logs
[2024-05-13T10:40:48.725+0000] {taskinstance.py:2076} INFO - Dependencies all met for dep_context=non-requeueable deps ti=<TaskInstance: Units_statistics_DAG.ETL_job scheduled__2024-05-13T10:20:00+00:00 map_index=17 [queued]>
[2024-05-13T10:40:48.742+0000] {taskinstance.py:2076} INFO - Dependencies all met for dep_context=requeueable deps ti=<TaskInstance: Units_statistics_DAG.ETL_job scheduled__2024-05-13T10:20:00+00:00 map_index=17 [queued]>
[2024-05-13T10:40:48.743+0000] {taskinstance.py:2306} INFO - Starting attempt 1 of 4
[2024-05-13T10:40:48.766+0000] {taskinstance.py:2330} INFO - Executing <Mapped(_PythonDecoratedOperator): ETL_job> on 2024-05-13 10:20:00+00:00
[2024-05-13T10:40:48.777+0000] {warnings.py:110} WARNING - /home/***/.local/lib/python3.12/site-packages/***/task/task_runner/standard_task_runner.py:61: DeprecationWarning: This process (pid=17221) is multi-threaded, use of fork() may lead to deadlocks in the child.
  pid = os.fork()

[2024-05-13T10:40:48.785+0000] {standard_task_runner.py:63} INFO - Started process 17223 to run task
[2024-05-13T10:40:48.795+0000] {standard_task_runner.py:90} INFO - Running: ['***', 'tasks', 'run', 'Units_statistics_DAG', 'ETL_job', 'scheduled__2024-05-13T10:20:00+00:00', '--job-id', '55731', '--raw', '--subdir', 'DAGS_FOLDER/Units_dag.py', '--cfg-path', '/tmp/tmpu353xmdv', '--map-index', '17']
[2024-05-13T10:40:48.798+0000] {standard_task_runner.py:91} INFO - Job 55731: Subtask ETL_job
[2024-05-13T10:40:48.920+0000] {task_command.py:426} INFO - Running <TaskInstance: Units_statistics_DAG.ETL_job scheduled__2024-05-13T10:20:00+00:00 map_index=17 [running]> on host 7138d7e072c5
[2024-05-13T10:40:49.192+0000] {taskinstance.py:2648} INFO - Exporting env vars: AIRFLOW_CTX_DAG_OWNER='abeer-araby' AIRFLOW_CTX_DAG_ID='Units_statistics_DAG' AIRFLOW_CTX_TASK_ID='ETL_job' AIRFLOW_CTX_EXECUTION_DATE='2024-05-13T10:20:00+00:00' AIRFLOW_CTX_TRY_NUMBER='1' AIRFLOW_CTX_DAG_RUN_ID='scheduled__2024-05-13T10:20:00+00:00'
[2024-05-13T10:40:49.194+0000] {taskinstance.py:430} INFO - ::endgroup::
[2024-05-13T10:40:49.195+0000] {Units_dag.py:98} INFO - i: 170000, chunk: 2151
[2024-05-13T10:40:49.195+0000] {Units_dag.py:99} INFO - child token is::: eyJ0eXAiOiJKV1QiLCJhbGciOiJIUzI1NiJ9.eyJpc3MiOiJodHRwczovL2FwaS5hZmFxeS5zYS9hdXRoL2xvZ2luX2FzIiwiaWF0IjoxNzE1NTk2ODA1LCJleHAiOjE3MTgxODg4MDUsIm5iZiI6MTcxNTU5NjgwNSwianRpIjoiRjdkVmZ0Tnk3Q083TDBYVSIsInN1YiI6IjVkNjNlNTFlMDNlZDUyOTJhNDJjMjRlNiIsInBydiI6IjI3MGVjZmM3ZWEzZWQ5MzdlYTg0OTM2MmEzYTUwOTEwYzZkOGNlNGYiLCJsb2dpbl9hc19pZCI6IjY1N2YwYWQ3M2Y5NzcyOTVjZjA1NTc2YSJ9.ANJ87PLxwzw_lQ4XKj6hkxsb7KF3KNyJ83uJGOBD6lw
[2024-05-13T10:40:54.755+0000] {Units_dag.py:103} INFO - {'_id': '6638c477b4eb4e87cb0cf892', 'icon': 'icons/icon.png', 'driver_id': '', 'tailer_id': '', 'profile': {'measurement_type': 'count', 'fuel_type': '91', 'year': 0, 'seats': 2}, 'shipment_info': {'product_category': '', 'truck_type': '', 'shipment_type': '', 'shipment_payment_type': '', 'transporter_type': '', 'operating_area': '', 'weight_kilograms_per_day': '', 'kms_per_day': '', 'opening_milage': '', 'shipment_trip_drive_hrs_day': '', 'expected_shipment_trip_day': '', 'car_pay_per_day': '', 'exceeding_temperature_limit_per_day': '', 'temperature_upper_limit': '', 'exceeding_humidity_limit_per_day': '', 'humidity_upper_limit': '', 'allowable_delay_drive_hrs_day': ''}, 'device_password': '***', 'device_type': 'gps', 'gateway': False, 'business_types': {'waste': False, 'transportation': True, 'water': False}, 'name': 'LJD0AA292R0263956', 'operation_code': None, 'device_gateway': None, 'skip_sim_information': False, 'custom_fields': [], 'imei': '352592573036399', 'sim_number': '+966830020497805', 'sim_serial': '8996609821112199807', 'device_serial': '1137054010', 'device': 'teltonika', 'user_id': '61c43b241b5e6d541b2b65ce', 'created_by': '5e6655bf03ed52e1ab79d301', 'updated_at': '2024-05-08 11:06:43', 'created_at': '2024-05-06 14:52:23', 'creator': 'amr.ahmed', 'company': '', 'owner': 'al-jabr-renta-admin', 'last_update': {'dtt': 1715596709000, 'dts': 1715596713012, 'spd': 0, 'ang': 271, 'alt': 26, 'chPrams': {'Speed': {'v': 0, 'cdt': 1715592111000}, 'output1': {'v': False, 'cdt': 1715586611000}, 'output2': {'v': False, 'cdt': 1715586611000}, 'ePwrV': {'v': 13.188, 'cdt': 1715596709000}, 'parm24': {'v': 0, 'cdt': 1715592111000}, 'sat': {'v': 10, 'cdt': 1715596709000}, 'ai1': {'v': 0, 'cdt': 1715066531000}, 'priority': {'v': 0, 'cdt': 1715066531000}, 'di2': {'v': 0, 'cdt': 1715066531000}, 'type': {'v': 6, 'cdt': 1715069274000}, 'di1': {'v': 0, 'cdt': 1715592171000}, 'result': {'v': '5665723a30332e32372e31345f3030204750533a41584e5f352e312e392048773a464d42313230204d6f643a333320494d45493a33353235393235373330333633393920496e69743a323032342d352d3720373a323120557074696d653a353231373132204d41433a333838413231344337373138205350433a312830292041584c3a32204f42443a3020424c3a312e31302042543a34', 'cdt': 1715586606000}, 'protocol': {'v': 'FMB120', 'cdt': 1715586611000}, 'parm6': {'v': 0, 'cdt': 1715066531000}, 'iPwrV': {'v': 4.0520000000000005, 'cdt': 1715592082000}, 'event': {'v': 0, 'cdt': 1715066531000}}, 'prms': {'protocol': 'FMB120', 'priority': 0, 'sat': 10, 'event': 0, 'di1': 0, 'output1': 0, 'di2': 0, 'output2': 0, 'ePwrV': 13.188, 'Speed': 0, 'parm24': 0, 'iPwrV': 4.0520000000000005, 'ai1': 0, 'parm6': 0}, 'devPrms': ['protocol', 'priority', 'sat', 'event', 'di1', 'output1', 'di2', 'output2', 'ePwrV', 'Speed', 'parm24', 'iPwrV', 'ai1', 'parm6'], 'old_params': {'Speed': 0, 'output1': 0, 'output2': 0, 'ePwrV': 13.214, 'parm24': 0, 'sat': 11, 'ai1': 0, 'priority': 0, 'di2': 0, 'di1': 0, 'protocol': 'teltonika', 'parm6': 0, 'iPwrV': 4.0520000000000005, 'event': 0}, 'vLoc': 1, 'vCon': 1, 'ip': '109.83.87.242', 'rl': 0, 'trl': 210.7948, 'mdu': 0, 'tmdu': 15104, 'eidl': 0, 'teidl': 11154, 'fc': 0, 'tfc': 25.295376, 'acc': 0, 'accOn': 3770545, 'accOff': 511046, 'sdu': 301, 'tsdu': 4538, 'lat': 21.4747316, 'lng': 39.216155}, 'counters': {'engine_hours': 3770545, 'last_acc': 0, 'odometer': 211.7518, 'engine_hours_type': 'acc', 'odometer_type': 'gps'}, 'is_wasl_connected': 'Not Connected', 'iconUrl': 'https://api.afaqy.sa/images/units/icons/icon.png', 'hasCCTV': False}
[2024-05-13T10:40:56.285+0000] {warnings.py:110} WARNING - /home/***/.local/lib/python3.12/site-packages/elasticsearch/_sync/client/__init__.py:399: SecurityWarning: Connecting to 'https://dbelk1.afaqy.local:9200' using TLS with verify_certs=False is insecure
  _transport = transport_class(

[2024-05-13T10:40:56.354+0000] {warnings.py:110} WARNING - /home/***/.local/lib/python3.12/site-packages/elasticsearch/_sync/client/__init__.py:399: SecurityWarning: Connecting to 'https://dbelk3.afaqy.local:9200' using TLS with verify_certs=False is insecure
  _transport = transport_class(

[2024-05-13T10:40:56.480+0000] {warnings.py:110} WARNING - /home/***/.local/lib/python3.12/site-packages/elasticsearch/_sync/client/__init__.py:399: SecurityWarning: Connecting to 'https://dbelk2.afaqy.local:9200' using TLS with verify_certs=False is insecure
  _transport = transport_class(

[2024-05-13T10:40:56.514+0000] {warnings.py:110} WARNING - /home/***/.local/lib/python3.12/site-packages/urllib3/connectionpool.py:1103: InsecureRequestWarning: Unverified HTTPS request is being made to host 'dbelk1.afaqy.local'. Adding certificate verification is strongly advised. See: https://urllib3.readthedocs.io/en/latest/advanced-usage.html#tls-warnings
  warnings.warn(

[2024-05-13T10:40:56.621+0000] {_transport.py:349} INFO - GET https://dbelk1.afaqy.local:9200/_cluster/health [status:200 duration:0.139s]
[2024-05-13T10:40:57.409+0000] {warnings.py:110} WARNING - /home/***/.local/lib/python3.12/site-packages/urllib3/connectionpool.py:1103: InsecureRequestWarning: Unverified HTTPS request is being made to host 'dbelk3.afaqy.local'. Adding certificate verification is strongly advised. See: https://urllib3.readthedocs.io/en/latest/advanced-usage.html#tls-warnings
  warnings.warn(

[2024-05-13T10:40:57.728+0000] {_transport.py:349} INFO - PUT https://dbelk3.afaqy.local:9200/units_statistics_***/_bulk [status:200 duration:0.341s]
[2024-05-13T10:40:57.810+0000] {python.py:237} INFO - Done. Returned value was: None
[2024-05-13T10:40:57.810+0000] {taskinstance.py:441} INFO - ::group::Post task execution logs
[2024-05-13T10:40:57.839+0000] {taskinstance.py:1206} INFO - Marking task as SUCCESS. dag_id=Units_statistics_DAG, task_id=ETL_job, run_id=scheduled__2024-05-13T10:20:00+00:00, map_index=17, execution_date=20240513T102000, start_date=20240513T104048, end_date=20240513T104057
[2024-05-13T10:40:57.884+0000] {local_task_job_runner.py:240} INFO - Task exited with return code 0
[2024-05-13T10:40:57.909+0000] {taskinstance.py:3498} INFO - 0 downstream tasks scheduled from follow-on schedule check
[2024-05-13T10:40:57.914+0000] {local_task_job_runner.py:222} INFO - ::endgroup::
