[2024-05-01T00:40:15.548+0000] {taskinstance.py:1979} INFO - Dependencies all met for dep_context=non-requeueable deps ti=<TaskInstance: Units_statistics_DAG.ETL_job scheduled__2024-05-01T00:20:00+00:00 map_index=6 [queued]>
[2024-05-01T00:40:15.620+0000] {taskinstance.py:1979} INFO - Dependencies all met for dep_context=requeueable deps ti=<TaskInstance: Units_statistics_DAG.ETL_job scheduled__2024-05-01T00:20:00+00:00 map_index=6 [queued]>
[2024-05-01T00:40:15.632+0000] {taskinstance.py:2193} INFO - Starting attempt 1 of 4
[2024-05-01T00:40:15.740+0000] {taskinstance.py:2217} INFO - Executing <Mapped(_PythonDecoratedOperator): ETL_job> on 2024-05-01 00:20:00+00:00
[2024-05-01T00:40:15.748+0000] {standard_task_runner.py:60} INFO - Started process 674408 to run task
[2024-05-01T00:40:15.769+0000] {standard_task_runner.py:87} INFO - Running: ['***', 'tasks', 'run', 'Units_statistics_DAG', 'ETL_job', 'scheduled__2024-05-01T00:20:00+00:00', '--job-id', '25522', '--raw', '--subdir', 'DAGS_FOLDER/Units_dag.py', '--cfg-path', '/tmp/tmphg2tybw_', '--map-index', '6']
[2024-05-01T00:40:15.771+0000] {standard_task_runner.py:88} INFO - Job 25522: Subtask ETL_job
[2024-05-01T00:40:15.949+0000] {task_command.py:423} INFO - Running <TaskInstance: Units_statistics_DAG.ETL_job scheduled__2024-05-01T00:20:00+00:00 map_index=6 [running]> on host a09da322e808
[2024-05-01T00:40:16.343+0000] {taskinstance.py:2513} INFO - Exporting env vars: AIRFLOW_CTX_DAG_OWNER='abeer-araby' AIRFLOW_CTX_DAG_ID='Units_statistics_DAG' AIRFLOW_CTX_TASK_ID='ETL_job' AIRFLOW_CTX_EXECUTION_DATE='2024-05-01T00:20:00+00:00' AIRFLOW_CTX_TRY_NUMBER='1' AIRFLOW_CTX_DAG_RUN_ID='scheduled__2024-05-01T00:20:00+00:00'
[2024-05-01T00:40:16.344+0000] {Units_dag.py:99} INFO - i: 60000, chunk: 10000
[2024-05-01T00:40:16.344+0000] {Units_dag.py:100} INFO - child token is::: eyJ0eXAiOiJKV1QiLCJhbGciOiJIUzI1NiJ9.eyJpc3MiOiJodHRwczovL2FwaS5hZmFxeS5zYS9hdXRoL2xvZ2luX2FzIiwiaWF0IjoxNzE0NTI0MDAzLCJleHAiOjE3MTcxMTYwMDMsIm5iZiI6MTcxNDUyNDAwMywianRpIjoiT0V3czV2WG9vekRFMDdaMyIsInN1YiI6IjVkNjNlNTFlMDNlZDUyOTJhNDJjMjRlNiIsInBydiI6IjI3MGVjZmM3ZWEzZWQ5MzdlYTg0OTM2MmEzYTUwOTEwYzZkOGNlNGYiLCJsb2dpbl9hc19pZCI6IjY1N2YwYWQ3M2Y5NzcyOTVjZjA1NTc2YSJ9.El4nX7yCkFDA1TrdQZmsPJB6pdIjpgqgdaAZu6eem1o
[2024-05-01T00:40:41.115+0000] {Units_dag.py:104} INFO - {'_id': '6329e8d0a6f87f63407862d4', 'icon': 'icons/icon.png', 'driver_id': '', 'tailer_id': '', 'profile': {'vehicle_type': '', 'measurement_type': 'count', 'max_capacity': 0, 'vin': '', 'plate_number': '', 'start_operation': '', 'contract_milage': '', 'opening_milage': '', 'model': '', 'fuel_type': '91', 'year': 0, 'seats': 2}, 'device_password': '***', 'device_type': 'gps', 'gateway': False, 'name': 'أ ط ر 9427', 'operation_code': '', 'imei': '350544509525260', 'sim_number': '+966821111337286', 'sim_serial': '8996609821111337286', 'device_serial': '1125789064', 'device': 'teltonika', 'created_by': '5e539d8203ed52f71d634478', 'user_id': '5e539d8203ed52f71d634478', 'updated_at': '2024-04-18 11:18:59', 'created_at': '2022-09-20 19:22:40', 'business_types': {'waste': False, 'transportation': True, 'water': False, 'hajj': False}, 'device_gateway': '', 'custom_fields': [], 'creator': 'aemallamar', 'company': '', 'owner': 'aemallamar', 'last_update': {'dtt': 1714523757000, 'dts': 1714523761264, 'spd': 0, 'ang': 180, 'alt': 190, 'chPrams': {'parm76': {'v': 0, 'cdt': 1712765540000}, 'output1': {'v': False, 'cdt': 1714473006000}, 'output2': {'v': False, 'cdt': 1714473006000}, 'ePwrV': {'v': 25.428, 'cdt': 1714521953000}, 'sat': {'v': 16, 'cdt': 1714523456000}, 'ai1': {'v': 6205, 'cdt': 1714502719000}, 'priority': {'v': 0, 'cdt': 1714485288000}, 'di2': {'v': 0, 'cdt': 1712765540000}, 'type': {'v': 6, 'cdt': 1714199494000}, 'di1': {'v': 0, 'cdt': 1714484914000}, 'temp1': {'v': 0, 'cdt': 1712946815000}, 'result': {'v': '5665723a30332e32372e31335f3033204750533a41584e5f352e312e392048773a464d42313230204d6f643a333320494d45493a33353035343435303935323532363020496e69743a323032342d342d32362031333a313420557074696d653a333833303838204d41433a333838413231313341303145205350433a312830292041584c3a32204f42443a3020424c3a312e31302042543a34', 'cdt': 1714521052000}, 'protocol': {'v': 'FMB120', 'cdt': 1714521352000}, 'temp5': {'v': 30, 'cdt': 1712946815000}, 'parm29': {'v': 0, 'cdt': 1712765540000}, 'iPwrV': {'v': 4.005, 'cdt': 1714522855000}, 'event': {'v': 0, 'cdt': 1714484917000}, 'humidity86': {'v': 300, 'cdt': 1712946815000}}, 'prms': {'protocol': 'FMB120', 'priority': 0, 'sat': 16, 'event': 0, 'di1': 0, 'output1': 0, 'di2': 0, 'output2': 0, 'parm29': 0, 'ePwrV': 25.428, 'iPwrV': 4.005, 'ai1': 6205, 'temp5': 30, 'humidity86': 300, 'temp1': 0, 'parm76': 0}, 'devPrms': ['protocol', 'priority', 'sat', 'event', 'di1', 'output1', 'di2', 'output2', 'parm29', 'ePwrV', 'iPwrV', 'ai1', 'temp5', 'humidity86', 'temp1', 'parm76'], 'old_params': {'parm76': 0, 'output1': 0, 'output2': 0, 'ePwrV': 25.428, 'sat': 16, 'ai1': 6205, 'priority': 0, 'di2': 0, 'di1': 0, 'temp1': 0, 'protocol': 'teltonika', 'temp5': 30, 'parm29': 0, 'iPwrV': 4.005, 'event': 0, 'humidity86': 300}, 'vLoc': 1, 'vCon': 1, 'ip': '109.83.69.148', 'rl': 0, 'trl': 6840.3137, 'mdu': 0, 'tmdu': 559961, 'eidl': 0, 'teidl': 653754, 'fc': 0, 'tfc': 0.068832, 'acc': 0, 'accOn': 2158431, 'accOff': 48689283, 'sdu': 301, 'tsdu': 38843, 'lat': 21.3986233, 'lng': 39.71554}, 'counters': {'odometer_type': 'gps', 'odometer': 6840.2974, 'engine_hours_type': 'acc', 'engine_hours': 2158431, 'last_acc': 0}, 'is_wasl_connected': 'Connected', 'iconUrl': 'https://api.afaqy.sa/images/units/icons/icon.png', 'hasCCTV': False}
[2024-05-01T00:40:41.911+0000] {warnings.py:109} WARNING - /home/***/.local/lib/python3.8/site-packages/elasticsearch/_sync/client/__init__.py:399: SecurityWarning: Connecting to 'https://dbelk2.afaqy.local:9200' using TLS with verify_certs=False is insecure
  _transport = transport_class(

[2024-05-01T00:40:41.954+0000] {warnings.py:109} WARNING - /home/***/.local/lib/python3.8/site-packages/elasticsearch/_sync/client/__init__.py:399: SecurityWarning: Connecting to 'https://dbelk1.afaqy.local:9200' using TLS with verify_certs=False is insecure
  _transport = transport_class(

[2024-05-01T00:40:41.995+0000] {warnings.py:109} WARNING - /home/***/.local/lib/python3.8/site-packages/elasticsearch/_sync/client/__init__.py:399: SecurityWarning: Connecting to 'https://dbelk3.afaqy.local:9200' using TLS with verify_certs=False is insecure
  _transport = transport_class(

[2024-05-01T00:40:42.043+0000] {warnings.py:109} WARNING - /home/***/.local/lib/python3.8/site-packages/urllib3/connectionpool.py:1061: InsecureRequestWarning: Unverified HTTPS request is being made to host 'dbelk2.afaqy.local'. Adding certificate verification is strongly advised. See: https://urllib3.readthedocs.io/en/1.26.x/advanced-usage.html#ssl-warnings
  warnings.warn(

[2024-05-01T00:40:42.121+0000] {_transport.py:335} INFO - GET https://dbelk2.afaqy.local:9200/_cluster/health [status:200 duration:0.125s]
[2024-05-01T00:40:42.905+0000] {warnings.py:109} WARNING - /home/***/.local/lib/python3.8/site-packages/urllib3/connectionpool.py:1061: InsecureRequestWarning: Unverified HTTPS request is being made to host 'dbelk1.afaqy.local'. Adding certificate verification is strongly advised. See: https://urllib3.readthedocs.io/en/1.26.x/advanced-usage.html#ssl-warnings
  warnings.warn(

[2024-05-01T00:40:44.716+0000] {_transport.py:335} INFO - PUT https://dbelk1.afaqy.local:9200/units_statistics_***/_bulk [status:200 duration:1.859s]
[2024-05-01T00:40:45.154+0000] {python.py:202} INFO - Done. Returned value was: None
[2024-05-01T00:40:45.165+0000] {taskinstance.py:1149} INFO - Marking task as SUCCESS. dag_id=Units_statistics_DAG, task_id=ETL_job, map_index=6, execution_date=20240501T002000, start_date=20240501T004015, end_date=20240501T004045
[2024-05-01T00:40:45.240+0000] {local_task_job_runner.py:234} INFO - Task exited with return code 0
[2024-05-01T00:40:45.259+0000] {taskinstance.py:3312} INFO - 0 downstream tasks scheduled from follow-on schedule check
