[2024-04-24T00:40:15.596+0000] {taskinstance.py:1979} INFO - Dependencies all met for dep_context=non-requeueable deps ti=<TaskInstance: Units_statistics_DAG.ETL_job scheduled__2024-04-24T00:20:00+00:00 map_index=11 [queued]>
[2024-04-24T00:40:15.707+0000] {taskinstance.py:1979} INFO - Dependencies all met for dep_context=requeueable deps ti=<TaskInstance: Units_statistics_DAG.ETL_job scheduled__2024-04-24T00:20:00+00:00 map_index=11 [queued]>
[2024-04-24T00:40:15.708+0000] {taskinstance.py:2193} INFO - Starting attempt 1 of 4
[2024-04-24T00:40:15.827+0000] {taskinstance.py:2217} INFO - Executing <Mapped(_PythonDecoratedOperator): ETL_job> on 2024-04-24 00:20:00+00:00
[2024-04-24T00:40:15.856+0000] {standard_task_runner.py:60} INFO - Started process 507222 to run task
[2024-04-24T00:40:15.899+0000] {standard_task_runner.py:87} INFO - Running: ['***', 'tasks', 'run', 'Units_statistics_DAG', 'ETL_job', 'scheduled__2024-04-24T00:20:00+00:00', '--job-id', '13855', '--raw', '--subdir', 'DAGS_FOLDER/Units_dag.py', '--cfg-path', '/tmp/tmpjsul_i48', '--map-index', '11']
[2024-04-24T00:40:15.913+0000] {standard_task_runner.py:88} INFO - Job 13855: Subtask ETL_job
[2024-04-24T00:40:16.102+0000] {task_command.py:423} INFO - Running <TaskInstance: Units_statistics_DAG.ETL_job scheduled__2024-04-24T00:20:00+00:00 map_index=11 [running]> on host a09da322e808
[2024-04-24T00:40:16.593+0000] {taskinstance.py:2513} INFO - Exporting env vars: AIRFLOW_CTX_DAG_OWNER='abeer-araby' AIRFLOW_CTX_DAG_ID='Units_statistics_DAG' AIRFLOW_CTX_TASK_ID='ETL_job' AIRFLOW_CTX_EXECUTION_DATE='2024-04-24T00:20:00+00:00' AIRFLOW_CTX_TRY_NUMBER='1' AIRFLOW_CTX_DAG_RUN_ID='scheduled__2024-04-24T00:20:00+00:00'
[2024-04-24T00:40:16.594+0000] {Units_dag.py:99} INFO - i: 110000, chunk: 10000
[2024-04-24T00:40:16.595+0000] {Units_dag.py:100} INFO - child token is::: eyJ0eXAiOiJKV1QiLCJhbGciOiJIUzI1NiJ9.eyJpc3MiOiJodHRwczovL2FwaS5hZmFxeS5zYS9hdXRoL2xvZ2luX2FzIiwiaWF0IjoxNzEzOTE5MjA0LCJleHAiOjE3MTY1MTEyMDQsIm5iZiI6MTcxMzkxOTIwNCwianRpIjoidW95cElJbUJ3WXhtUU1MZSIsInN1YiI6IjVkNjNlNTFlMDNlZDUyOTJhNDJjMjRlNiIsInBydiI6IjI3MGVjZmM3ZWEzZWQ5MzdlYTg0OTM2MmEzYTUwOTEwYzZkOGNlNGYiLCJsb2dpbl9hc19pZCI6IjY1N2YwYWQ3M2Y5NzcyOTVjZjA1NTc2YSJ9.u3jrkT1JDPgzKxEdIQ0Czau54zGOxbh05A77_RUYWfw
[2024-04-24T00:40:36.676+0000] {Units_dag.py:104} INFO - {'_id': '64880e2b6dcb36032b598c17', 'icon': 'icons/icon.png', 'driver_id': '', 'tailer_id': '', 'profile': {'vehicle_type': '', 'measurement_type': 'count', 'max_capacity': 0, 'vin': '', 'plate_number': '', 'start_operation': '', 'contract_milage': '', 'opening_milage': '', 'model': '', 'fuel_type': '91', 'year': 0, 'seats': 2}, 'device_password': '***', 'device_type': 'gps', 'gateway': False, 'business_types': {'waste': False, 'transportation': True, 'water': False}, 'name': '2773 V K J', 'operation_code': '', 'device_gateway': '', 'skip_sim_information': False, 'imei': '350317179928654', 'sim_number': '+966830031796594', 'sim_serial': '421296734433', 'device_serial': '1130145437', 'device': 'teltonika', 'user_id': '646f44de0fcb4d6f2d4ba440', 'created_by': '5e6655bf03ed52e1ab79d301', 'updated_at': '2024-04-18 11:18:59', 'created_at': '2023-06-13 09:35:23', 'deleted_at': '', 'custom_fields': [], 'creator': 'amr.ahmed', 'company': '', 'owner': 'samaa-technologies-admin', 'last_update': {'dtt': 1713918918000, 'dts': 1713918920482, 'spd': 0, 'ang': 2, 'alt': 1, 'chPrams': {'Speed': {'v': 0, 'cdt': 1713790985000}, 'output1': {'v': False, 'cdt': 1713914409000}, 'ePwrV': {'v': 12.925, 'cdt': 1713918918000}, 'parm24': {'v': 0, 'cdt': 1713790985000}, 'sat': {'v': 16, 'cdt': 1713918918000}, 'driverUniqueId_Reversed': {'v': '0', 'cdt': 1713790985000}, 'ai1': {'v': 43, 'cdt': 1713779017000}, 'di2': {'v': 0, 'cdt': 1713791226000}, 'priority': {'v': 0, 'cdt': 1713853101000}, 'type': {'v': 6, 'cdt': 1713584244000}, 'di1': {'v': 0, 'cdt': 1713852800000}, 'di3': {'v': 0, 'cdt': 1713438461000}, 'result': {'v': '5665723a30332e32372e31345f3030204750533a41584e5f352e312e392048773a464d42313230204d6f643a333320494d45493a33353033313731373939323836353420496e69743a323032342d342d323220363a343120557074696d653a313436363430204d41433a333838413231324232383838205350433a312830292041584c3a32204f42443a3020424c3a312e31302042543a34', 'cdt': 1713914109000}, 'parm248': {'v': 0, 'cdt': 1713794932000}, 'protocol': {'v': 'FMB120', 'cdt': 1713914409000}, 'driverUniqueId': {'v': '0000000000000000', 'cdt': 1713790985000}, 'iPwrV': {'v': 4.032, 'cdt': 1713902689000}, 'event': {'v': 0, 'cdt': 1713853101000}}, 'prms': {'protocol': 'FMB120', 'priority': 0, 'sat': 16, 'event': 0, 'di1': 0, 'output1': 0, 'di2': 0, 'di3': 0, 'parm248': 0, 'ePwrV': 12.925, 'Speed': 0, 'parm24': 0, 'iPwrV': 4.032, 'ai1': 43, 'driverUniqueId': '0000000000000000', 'driverUniqueId_Reversed': '0'}, 'devPrms': ['protocol', 'priority', 'sat', 'event', 'di1', 'output1', 'di2', 'di3', 'parm248', 'ePwrV', 'Speed', 'parm24', 'iPwrV', 'ai1', 'driverUniqueId', 'driverUniqueId_Reversed'], 'old_params': {'protocol': 'FMB120', 'priority': 0, 'sat': 17, 'event': 0, 'di1': 0, 'output1': 0, 'di2': 0, 'di3': 0, 'parm248': 0, 'ePwrV': 12.919, 'Speed': 0, 'parm24': 0, 'iPwrV': 4.032, 'ai1': 43, 'driverUniqueId': '0000000000000000', 'driverUniqueId_Reversed': '0'}, 'vLoc': 1, 'vCon': 1, 'ip': '51.36.23.224', 'rl': 0, 'trl': 1233.8332, 'mdu': 0, 'tmdu': 100883, 'eidl': 0, 'teidl': 57988, 'fc': 0, 'tfc': 5.478264, 'acc': 0, 'accOn': 1895936608, 'accOff': 650977657, 'sdu': 301, 'tsdu': 66118, 'lat': 26.4459883, 'lng': 50.0538283}, 'counters': {'odometer_type': 'gps', 'odometer': 333832.0577, 'engine_hours_type': 'acc', 'engine_hours': 1895936608, 'last_acc': 0}, 'is_wasl_connected': 'Not Connected', 'iconUrl': 'https://api.afaqy.sa/images/units/icons/icon.png', 'hasCCTV': False}
[2024-04-24T00:40:37.251+0000] {warnings.py:109} WARNING - /home/***/.local/lib/python3.8/site-packages/elasticsearch/_sync/client/__init__.py:399: SecurityWarning: Connecting to 'https://dbelk1.afaqy.local:9200' using TLS with verify_certs=False is insecure
  _transport = transport_class(

[2024-04-24T00:40:37.293+0000] {warnings.py:109} WARNING - /home/***/.local/lib/python3.8/site-packages/elasticsearch/_sync/client/__init__.py:399: SecurityWarning: Connecting to 'https://dbelk3.afaqy.local:9200' using TLS with verify_certs=False is insecure
  _transport = transport_class(

[2024-04-24T00:40:37.385+0000] {warnings.py:109} WARNING - /home/***/.local/lib/python3.8/site-packages/elasticsearch/_sync/client/__init__.py:399: SecurityWarning: Connecting to 'https://dbelk2.afaqy.local:9200' using TLS with verify_certs=False is insecure
  _transport = transport_class(

[2024-04-24T00:40:37.415+0000] {warnings.py:109} WARNING - /home/***/.local/lib/python3.8/site-packages/urllib3/connectionpool.py:1061: InsecureRequestWarning: Unverified HTTPS request is being made to host 'dbelk1.afaqy.local'. Adding certificate verification is strongly advised. See: https://urllib3.readthedocs.io/en/1.26.x/advanced-usage.html#ssl-warnings
  warnings.warn(

[2024-04-24T00:40:37.473+0000] {_transport.py:335} INFO - GET https://dbelk1.afaqy.local:9200/_cluster/health [status:200 duration:0.086s]
[2024-04-24T00:40:38.210+0000] {warnings.py:109} WARNING - /home/***/.local/lib/python3.8/site-packages/urllib3/connectionpool.py:1061: InsecureRequestWarning: Unverified HTTPS request is being made to host 'dbelk3.afaqy.local'. Adding certificate verification is strongly advised. See: https://urllib3.readthedocs.io/en/1.26.x/advanced-usage.html#ssl-warnings
  warnings.warn(

[2024-04-24T00:40:42.081+0000] {_transport.py:335} INFO - PUT https://dbelk3.afaqy.local:9200/units_statistics_***/_bulk [status:200 duration:3.900s]
[2024-04-24T00:40:42.762+0000] {python.py:202} INFO - Done. Returned value was: None
[2024-04-24T00:40:42.794+0000] {taskinstance.py:1149} INFO - Marking task as SUCCESS. dag_id=Units_statistics_DAG, task_id=ETL_job, map_index=11, execution_date=20240424T002000, start_date=20240424T004015, end_date=20240424T004042
[2024-04-24T00:40:42.904+0000] {local_task_job_runner.py:234} INFO - Task exited with return code 0
[2024-04-24T00:40:42.937+0000] {taskinstance.py:3312} INFO - 0 downstream tasks scheduled from follow-on schedule check
