[2024-05-08T09:40:15.658+0000] {taskinstance.py:1979} INFO - Dependencies all met for dep_context=non-requeueable deps ti=<TaskInstance: Units_statistics_DAG.ETL_job scheduled__2024-05-08T09:20:00+00:00 map_index=2 [queued]>
[2024-05-08T09:40:15.696+0000] {taskinstance.py:1979} INFO - Dependencies all met for dep_context=requeueable deps ti=<TaskInstance: Units_statistics_DAG.ETL_job scheduled__2024-05-08T09:20:00+00:00 map_index=2 [queued]>
[2024-05-08T09:40:15.697+0000] {taskinstance.py:2193} INFO - Starting attempt 1 of 4
[2024-05-08T09:40:15.820+0000] {taskinstance.py:2217} INFO - Executing <Mapped(_PythonDecoratedOperator): ETL_job> on 2024-05-08 09:20:00+00:00
[2024-05-08T09:40:15.837+0000] {standard_task_runner.py:60} INFO - Started process 857845 to run task
[2024-05-08T09:40:15.877+0000] {standard_task_runner.py:87} INFO - Running: ['***', 'tasks', 'run', 'Units_statistics_DAG', 'ETL_job', 'scheduled__2024-05-08T09:20:00+00:00', '--job-id', '41330', '--raw', '--subdir', 'DAGS_FOLDER/Units_dag.py', '--cfg-path', '/tmp/tmp0bb7c4a2', '--map-index', '2']
[2024-05-08T09:40:15.888+0000] {standard_task_runner.py:88} INFO - Job 41330: Subtask ETL_job
[2024-05-08T09:40:16.264+0000] {task_command.py:423} INFO - Running <TaskInstance: Units_statistics_DAG.ETL_job scheduled__2024-05-08T09:20:00+00:00 map_index=2 [running]> on host a09da322e808
[2024-05-08T09:40:16.779+0000] {taskinstance.py:2513} INFO - Exporting env vars: AIRFLOW_CTX_DAG_OWNER='abeer-araby' AIRFLOW_CTX_DAG_ID='Units_statistics_DAG' AIRFLOW_CTX_TASK_ID='ETL_job' AIRFLOW_CTX_EXECUTION_DATE='2024-05-08T09:20:00+00:00' AIRFLOW_CTX_TRY_NUMBER='1' AIRFLOW_CTX_DAG_RUN_ID='scheduled__2024-05-08T09:20:00+00:00'
[2024-05-08T09:40:16.780+0000] {Units_dag.py:98} INFO - i: 20000, chunk: 10000
[2024-05-08T09:40:16.780+0000] {Units_dag.py:99} INFO - child token is::: eyJ0eXAiOiJKV1QiLCJhbGciOiJIUzI1NiJ9.eyJpc3MiOiJodHRwczovL2FwaS5hZmFxeS5zYS9hdXRoL2xvZ2luX2FzIiwiaWF0IjoxNzE1MTYxMjA0LCJleHAiOjE3MTc3NTMyMDQsIm5iZiI6MTcxNTE2MTIwNCwianRpIjoidGlITzEzMTR2YXZRekFRWCIsInN1YiI6IjVkNjNlNTFlMDNlZDUyOTJhNDJjMjRlNiIsInBydiI6IjI3MGVjZmM3ZWEzZWQ5MzdlYTg0OTM2MmEzYTUwOTEwYzZkOGNlNGYiLCJsb2dpbl9hc19pZCI6IjY1N2YwYWQ3M2Y5NzcyOTVjZjA1NTc2YSJ9.PNaud3umx6kGEVoWJ7pTcccSCR_MSKAr58cijFFkv98
[2024-05-08T09:40:37.956+0000] {Units_dag.py:103} INFO - {'_id': '618a70e982f19a2e6508d767', 'icon': 'icons/icon.png', 'driver_id': '', 'tailer_id': '', 'profile': {'vehicle_type': '', 'measurement_type': 'weight', 'max_capacity': 0, 'vin': '', 'plate_number': '', 'start_operation': '', 'contract_milage': '', 'opening_milage': '', 'model': '', 'fuel_type': '91', 'year': 0, 'seats': 2}, 'device_password': '***', 'device_type': 'gps', 'gateway': False, 'name': 'عطلان  تم  استبداله', 'operation_code': '', 'device_gateway': '', 'business_types': {'waste': False, 'transportation': True, 'water': False}, 'imei': '862549044156068', 'sim_number': '+966456854128451', 'sim_serial': '862549044156068', 'device_serial': '862549044156068', 'device': 'ruptela', 'user_id': '5e539d8203ed52f71d634478', 'created_by': '5e6655bf03ed52e1ab79d301', 'updated_at': '2024-04-18 11:18:59', 'created_at': '2021-11-09 16:00:25', 'custom_fields': [], 'creator': 'amr.ahmed', 'company': '', 'owner': 'aemallamar', 'last_update': {'dtt': 1653290984000, 'dts': 1653290985484, 'spd': 60, 'ang': 262, 'alt': 374, 'chPrams': {'gsm': {'v': 18, 'cdt': 1653290984000}, 'io_1_176': {'v': 60, 'cdt': 1653290984000}, 'io_1_134': {'v': 2, 'cdt': 1653290984000}, 'io_1_136': {'v': 0, 'cdt': 1653289753000}, 'io_1_135': {'v': 17, 'cdt': 1653290984000}, 'ai22': {'v': 72, 'cdt': 1653290927000}, 'ePwrV': {'v': 0, 'cdt': 1653284712000}, 'io_2_139': {'v': 29, 'cdt': 1653290984000}, 'di2': {'v': 0, 'cdt': 1636637042000}, 'io_1_130': {'v': 65, 'cdt': 1653290955000}, 'operator': {'v': 42004, 'cdt': 1653290517000}, 'di5': {'v': 1, 'cdt': 1653290924000}, 'io_2_131': {'v': 0, 'cdt': 1653226203000}, 'protocol': {'v': 'ruptela', 'cdt': 1652189592000}, 'io_2_137': {'v': 0, 'cdt': 1653287259000}, 'iPwrV': {'v': 3.563, 'cdt': 1653290984000}, 'event': {'v': 8, 'cdt': 1653290927000}, 'io_1_418': {'v': 1, 'cdt': 1653290517000}, 'move': {'v': 1, 'cdt': 1653287438000}, 'spd': {'v': 60, 'cdt': 1653290984000}, 'sat': {'v': 19, 'cdt': 1653290955000}, 'hdop': {'v': 0.6, 'cdt': 1653290817000}, 'io_2_560': {'v': 0, 'cdt': 1653248535000}, 'accTemp': {'v': 47, 'cdt': 1653290897000}, 'vOdometer': {'v': 23961931, 'cdt': 1653290984000}, 'io_1_405': {'v': 1, 'cdt': 1652189592000}}, 'prms': {'protocol': 'ruptela', 'sat': 19, 'spd': 60, 'hdop': 0.6, 'event': 8, 'io_1_130': 65, 'io_1_134': 2, 'io_1_135': 17, 'io_1_136': 0, 'di2': 0, 'di5': 1, 'accTemp': 47, 'io_1_405': 1, 'gsm': 18, 'move': 1, 'io_1_176': 60, 'io_1_418': 1, 'io_2_131': 0, 'io_2_137': 0, 'io_2_139': 29, 'ai22': 72, 'io_2_560': 0, 'ePwrV': 0, 'iPwrV': 3.563, 'vOdometer': 23961931, 'operator': 42004}, 'devPrms': ['protocol', 'sat', 'spd', 'hdop', 'event', 'io_1_130', 'io_1_134', 'io_1_135', 'io_1_136', 'di2', 'di5', 'accTemp', 'io_1_405', 'gsm', 'move', 'io_1_176', 'io_1_418', 'io_2_131', 'io_2_137', 'io_2_139', 'ai22', 'io_2_560', 'ePwrV', 'iPwrV', 'vOdometer', 'operator'], 'old_params': {'protocol': 'ruptela', 'sat': 19, 'spd': 65, 'hdop': 0.6, 'event': 8, 'io_1_130': 65, 'io_1_134': 1, 'io_1_135': 0, 'io_1_136': 0, 'di2': 0, 'di5': 1, 'accTemp': 47, 'io_1_405': 1, 'gsm': 20, 'move': 1, 'io_1_176': 65, 'io_1_418': 1, 'io_2_131': 0, 'io_2_137': 0, 'io_2_139': 28, 'ai22': 72, 'io_2_560': 0, 'ePwrV': 0, 'iPwrV': 3.576, 'vOdometer': 23961422, 'operator': 42004}, 'vLoc': 1, 'vCon': 1, 'ip': '51.39.26.98', 'rl': 0.5077, 'trl': 24071.7572, 'mdu': 29, 'tmdu': 1560759, 'eidl': 0, 'teidl': 822882, 'fc': 0.060924, 'tfc': 11.714916, 'acc': 1, 'accOn': 2826059, 'accOff': 14257091, 'sdu': 0, 'tsdu': 0, 'lat': 24.198295, 'lng': 48.055085}, 'counters': {'odometer_type': 'gps', 'odometer': 24071.76, 'engine_hours_type': 'acc', 'engine_hours': 2826072}, 'is_wasl_connected': 'Not Connected', 'iconUrl': 'https://api.afaqy.sa/images/units/icons/icon.png', 'hasCCTV': False}
[2024-05-08T09:40:38.526+0000] {warnings.py:109} WARNING - /home/***/.local/lib/python3.8/site-packages/elasticsearch/_sync/client/__init__.py:399: SecurityWarning: Connecting to 'https://dbelk2.afaqy.local:9200' using TLS with verify_certs=False is insecure
  _transport = transport_class(

[2024-05-08T09:40:38.571+0000] {warnings.py:109} WARNING - /home/***/.local/lib/python3.8/site-packages/elasticsearch/_sync/client/__init__.py:399: SecurityWarning: Connecting to 'https://dbelk1.afaqy.local:9200' using TLS with verify_certs=False is insecure
  _transport = transport_class(

[2024-05-08T09:40:38.621+0000] {warnings.py:109} WARNING - /home/***/.local/lib/python3.8/site-packages/elasticsearch/_sync/client/__init__.py:399: SecurityWarning: Connecting to 'https://dbelk3.afaqy.local:9200' using TLS with verify_certs=False is insecure
  _transport = transport_class(

[2024-05-08T09:40:38.661+0000] {warnings.py:109} WARNING - /home/***/.local/lib/python3.8/site-packages/urllib3/connectionpool.py:1061: InsecureRequestWarning: Unverified HTTPS request is being made to host 'dbelk2.afaqy.local'. Adding certificate verification is strongly advised. See: https://urllib3.readthedocs.io/en/1.26.x/advanced-usage.html#ssl-warnings
  warnings.warn(

[2024-05-08T09:40:38.761+0000] {_transport.py:335} INFO - GET https://dbelk2.afaqy.local:9200/_cluster/health [status:200 duration:0.137s]
[2024-05-08T09:40:39.420+0000] {warnings.py:109} WARNING - /home/***/.local/lib/python3.8/site-packages/urllib3/connectionpool.py:1061: InsecureRequestWarning: Unverified HTTPS request is being made to host 'dbelk1.afaqy.local'. Adding certificate verification is strongly advised. See: https://urllib3.readthedocs.io/en/1.26.x/advanced-usage.html#ssl-warnings
  warnings.warn(

[2024-05-08T09:40:40.618+0000] {_transport.py:335} INFO - PUT https://dbelk1.afaqy.local:9200/units_statistics_***/_bulk [status:200 duration:1.226s]
[2024-05-08T09:40:40.705+0000] {taskinstance.py:2731} ERROR - Task failed with exception
Traceback (most recent call last):
  File "/home/airflow/.local/lib/python3.8/site-packages/airflow/models/taskinstance.py", line 444, in _execute_task
    result = _execute_callable(context=context, **execute_callable_kwargs)
  File "/home/airflow/.local/lib/python3.8/site-packages/airflow/models/taskinstance.py", line 414, in _execute_callable
    return execute_callable(context=context, **execute_callable_kwargs)
  File "/home/airflow/.local/lib/python3.8/site-packages/airflow/decorators/base.py", line 241, in execute
    return_value = super().execute(context)
  File "/home/airflow/.local/lib/python3.8/site-packages/airflow/operators/python.py", line 200, in execute
    return_value = self.execute_callable()
  File "/home/airflow/.local/lib/python3.8/site-packages/airflow/operators/python.py", line 217, in execute_callable
    return self.python_callable(*self.op_args, **self.op_kwargs)
  File "/opt/airflow/dags/Units_dag.py", line 111, in ETL_job
    Elk_client.elk_pushData(Globals.index_name,units_list_update)
  File "/opt/airflow/dags/units_statistics/elk_manager.py", line 69, in elk_pushData
    helpers.bulk(self.elk_client, docs_list, index=index_name, chunk_size=batch)
  File "/home/airflow/.local/lib/python3.8/site-packages/elasticsearch/helpers/actions.py", line 521, in bulk
    for ok, item in streaming_bulk(
  File "/home/airflow/.local/lib/python3.8/site-packages/elasticsearch/helpers/actions.py", line 436, in streaming_bulk
    for data, (ok, info) in zip(
  File "/home/airflow/.local/lib/python3.8/site-packages/elasticsearch/helpers/actions.py", line 355, in _process_bulk_chunk
    yield from gen
  File "/home/airflow/.local/lib/python3.8/site-packages/elasticsearch/helpers/actions.py", line 274, in _process_bulk_chunk_success
    raise BulkIndexError(f"{len(errors)} document(s) failed to index.", errors)
elasticsearch.helpers.BulkIndexError: 1 document(s) failed to index.
[2024-05-08T09:40:40.718+0000] {taskinstance.py:1149} INFO - Marking task as UP_FOR_RETRY. dag_id=Units_statistics_DAG, task_id=ETL_job, map_index=2, execution_date=20240508T092000, start_date=20240508T094015, end_date=20240508T094040
[2024-05-08T09:40:40.750+0000] {standard_task_runner.py:107} ERROR - Failed to execute job 41330 for task ETL_job (1 document(s) failed to index.; 857845)
[2024-05-08T09:40:40.785+0000] {local_task_job_runner.py:234} INFO - Task exited with return code 1
[2024-05-08T09:40:40.817+0000] {taskinstance.py:3312} INFO - 0 downstream tasks scheduled from follow-on schedule check
