[2024-05-12T07:21:46.163+0000] {taskinstance.py:1979} INFO - Dependencies all met for dep_context=non-requeueable deps ti=<TaskInstance: Units_statistics_DAG.ETL_job scheduled__2024-05-12T07:00:00+00:00 map_index=15 [queued]>
[2024-05-12T07:21:46.175+0000] {taskinstance.py:1979} INFO - Dependencies all met for dep_context=requeueable deps ti=<TaskInstance: Units_statistics_DAG.ETL_job scheduled__2024-05-12T07:00:00+00:00 map_index=15 [queued]>
[2024-05-12T07:21:46.176+0000] {taskinstance.py:2193} INFO - Starting attempt 2 of 4
[2024-05-12T07:21:46.196+0000] {taskinstance.py:2217} INFO - Executing <Mapped(_PythonDecoratedOperator): ETL_job> on 2024-05-12 07:00:00+00:00
[2024-05-12T07:21:46.203+0000] {standard_task_runner.py:60} INFO - Started process 962041 to run task
[2024-05-12T07:21:46.218+0000] {standard_task_runner.py:87} INFO - Running: ['***', 'tasks', 'run', 'Units_statistics_DAG', 'ETL_job', 'scheduled__2024-05-12T07:00:00+00:00', '--job-id', '53373', '--raw', '--subdir', 'DAGS_FOLDER/Units_dag.py', '--cfg-path', '/tmp/tmp5endt2mx', '--map-index', '15']
[2024-05-12T07:21:46.221+0000] {standard_task_runner.py:88} INFO - Job 53373: Subtask ETL_job
[2024-05-12T07:21:46.304+0000] {task_command.py:423} INFO - Running <TaskInstance: Units_statistics_DAG.ETL_job scheduled__2024-05-12T07:00:00+00:00 map_index=15 [running]> on host a09da322e808
[2024-05-12T07:21:46.469+0000] {taskinstance.py:2513} INFO - Exporting env vars: AIRFLOW_CTX_DAG_OWNER='abeer-araby' AIRFLOW_CTX_DAG_ID='Units_statistics_DAG' AIRFLOW_CTX_TASK_ID='ETL_job' AIRFLOW_CTX_EXECUTION_DATE='2024-05-12T07:00:00+00:00' AIRFLOW_CTX_TRY_NUMBER='2' AIRFLOW_CTX_DAG_RUN_ID='scheduled__2024-05-12T07:00:00+00:00'
[2024-05-12T07:21:46.470+0000] {Units_dag.py:98} INFO - i: 150000, chunk: 10000
[2024-05-12T07:21:46.471+0000] {Units_dag.py:99} INFO - child token is::: eyJ0eXAiOiJKV1QiLCJhbGciOiJIUzI1NiJ9.eyJpc3MiOiJodHRwczovL2FwaS5hZmFxeS5zYS9hdXRoL2xvZ2luX2FzIiwiaWF0IjoxNzE1NDk4NDA0LCJleHAiOjE3MTgwOTA0MDQsIm5iZiI6MTcxNTQ5ODQwNCwianRpIjoiQTJEa0NvaW10aFdkRGZpdCIsInN1YiI6IjVkNjNlNTFlMDNlZDUyOTJhNDJjMjRlNiIsInBydiI6IjI3MGVjZmM3ZWEzZWQ5MzdlYTg0OTM2MmEzYTUwOTEwYzZkOGNlNGYiLCJsb2dpbl9hc19pZCI6IjY1N2YwYWQ3M2Y5NzcyOTVjZjA1NTc2YSJ9.p41pVD6fXEHSLrUFW14US_v9RefJNUNPsn9TbCXslaU
[2024-05-12T07:22:07.827+0000] {Units_dag.py:103} INFO - {'_id': '659bfcd033f0dedf4b080c39', 'icon': 'icons/icon.png', 'driver_id': '61f9119e0945374ce5625e1c', 'tailer_id': '', 'profile': {'vehicle_type': 'SINOTRUCK', 'measurement_type': 'count', 'max_capacity': 600, 'vin': 'LZZPBLNF6PJ306714', 'plate_number': 'ZSA9767', 'start_operation': '', 'contract_milage': '', 'opening_milage': '', 'model': '122984020', 'fuel_type': 'diesel', 'year': 2023, 'seats': 1}, 'shipment_info': {'product_category': None, 'truck_type': None, 'shipment_type': None, 'shipment_payment_type': None, 'transporter_type': None, 'operating_area': None, 'weight_kilograms_per_day': None, 'kms_per_day': None, 'shipment_trip_drive_hrs_day': None, 'allowable_delay_drive_hrs_day': None, 'expected_shipment_trip_day': None, 'car_pay_per_day': None, 'exceeding_temperature_limit_per_day': None, 'temperature_upper_limit': None, 'exceeding_humidity_limit_per_day': None, 'humidity_upper_limit': None}, 'device_password': '***', 'device_type': 'gps', 'gateway': False, 'business_types': {'waste': False, 'transportation': True, 'water': False}, 'name': '2656-ZSA9767', 'operation_code': '', 'device_gateway': '', 'skip_sim_information': False, 'imei': '864376049476111', 'sim_number': '+966830020197064', 'sim_serial': '8996609821112134525', 'device_serial': '864376049476111', 'device': 'bce', 'user_id': '5e57ed5a03ed52ad545fafb7', 'created_by': '5e6655bf03ed52e1ab79d301', 'updated_at': '2024-05-01 16:51:08', 'created_at': '2024-01-08 16:46:56', 'custom_fields': [], 'creator': 'amr.ahmed', 'company': 'Al Khalidi Holding Co.', 'owner': 'al-khalidi', 'last_update': {'dtt': 1715498450000, 'dts': 1715498484544, 'spd': 0, 'ang': 24, 'alt': 702, 'chPrams': {'ai1': {'v': 0, 'cdt': 1712930486000}, 'trailer1_status': {'v': 0, 'cdt': 1712930486000}, 'trailer2_status': {'v': 0, 'cdt': 1712930486000}, 'j1939_fuel_rate': {'v': 78, 'cdt': 1715498450000}, 'can_engine_hrs': {'v': 16607, 'cdt': 1715498420000}, 'trailer2_id': {'v': 0, 'cdt': 1712930486000}, 'ai4': {'v': 11070, 'cdt': 1715498450000}, 'j1939_air_temp': {'v': 13375, 'cdt': 1715481990000}, 'protocol': {'v': 'bce', 'cdt': 1712930486000}, 'iPwrV': {'v': 4.129, 'cdt': 1715498360000}, 'brk': {'v': '0.00', 'cdt': 1715498450000}, 'ID': {'v': '0', 'cdt': 1715496924000}, 'cid1': {'v': 60112, 'cdt': 1715497220000}, 'j1939_fl_con': {'v': 9375398, 'cdt': 1715498450000}, 'odometer': {'v': 0, 'cdt': 1715497180000}, 'spd': {'v': 0, 'cdt': 1715497190000}, 'can_taho': {'v': '0', 'cdt': 1708170658000}, 'can_fls': {'v': 0, 'cdt': 1715494312000}, 'mnc1': {'v': 3, 'cdt': 1713930508000}, 'total_fuel': {'v': 18751, 'cdt': 1715498270000}, 'ePwrV': {'v': 28.121, 'cdt': 1715498450000}, 'di16': {'v': 1, 'cdt': 1712930486000}, 'di15': {'v': '0', 'cdt': 1708255528000}, 'rssi1': {'v': 53, 'cdt': 1715498450000}, 'di14': {'v': 0, 'cdt': 1715497114000}, 'di13': {'v': 0, 'cdt': 1712930486000}, 'di12': {'v': 1, 'cdt': 1715498450000}, 'di11': {'v': 0, 'cdt': 1715441002000}, 'can_mileage': {'v': 6867632, 'cdt': 1715498450000}, 'can_rpm': {'v': 5016, 'cdt': 1715498450000}, 'fuel_con_ins': {'v': 0.014250000007451, 'cdt': 1715498450000}, 'di10': {'v': 0, 'cdt': 1712930486000}, 'di2': {'v': 1, 'cdt': 1715394104000}, 'di1': {'v': 1, 'cdt': 1715498330000}, 'di4': {'v': 1, 'cdt': 1715394104000}, 'di3': {'v': 0, 'cdt': 1715497220000}, 'di6': {'v': 1, 'cdt': 1715394104000}, 'di5': {'v': 1, 'cdt': 1715481960000}, 'lac1': {'v': 1086, 'cdt': 1715494716000}, 'j1939_flfmseco': {'v': 46, 'cdt': 1715498450000}, 'di8': {'v': 1, 'cdt': 1715394104000}, 'di7': {'v': 1, 'cdt': 1715481990000}, 'engine_temp': {'v': 121, 'cdt': 1715498210000}, 'di9': {'v': 0, 'cdt': 1713644970000}, 'crn': {'v': '0.00', 'cdt': 1715498450000}, 'crashData3': {'v': 8, 'cdt': 1713233822000}, 'crashData1': {'v': 54, 'cdt': 1715066854000}, 'crashData2': {'v': 47, 'cdt': 1715066854000}, 'sat': {'v': 12, 'cdt': 1715433986000}, 'trailer1_id': {'v': 0, 'cdt': 1712930486000}, 'accel': {'v': '0.00', 'cdt': 1715498450000}, 'ta': {'v': 0, 'cdt': 1712930486000}, 'hdop': {'v': 1, 'cdt': 1715091662000}, 'mcc1': {'v': 420, 'cdt': 1713930508000}}, 'prms': {'protocol': 'bce', 'spd': 0, 'sat': 12, 'hdop': 1, 'odometer': 0, 'di16': 1, 'di15': 0, 'di14': 0, 'di13': 0, 'di12': 1, 'di11': 0, 'di10': 0, 'di9': 0, 'di8': 1, 'di7': 1, 'di6': 1, 'di5': 1, 'di4': 1, 'di3': 0, 'di2': 1, 'di1': 1, 'ai1': 0, 'ePwrV': 28.121, 'ai4': 11070, 'iPwrV': 4.129, 'ta': 0, 'mcc1': 420, 'mnc1': 3, 'lac1': 1086, 'cid1': 60112, 'rssi1': 53, 'total_fuel': 18751, 'can_fls': 0, 'can_rpm': 5016, 'can_engine_hrs': 16607, 'can_mileage': 6867632, 'engine_temp': 121, 'j1939_air_temp': 13375, 'trailer1_id': 0, 'trailer1_status': 0, 'trailer2_id': 0, 'trailer2_status': 0, 'j1939_fuel_rate': 78, 'j1939_flfmseco': 46, 'j1939_fl_con': 9375398, 'ID': '0', 'fuel_con_ins': 0.014250000007451, 'accel': '0.00', 'brk': '0.00', 'crn': '0.00'}, 'devPrms': ['protocol', 'spd', 'sat', 'hdop', 'odometer', 'di16', 'di15', 'di14', 'di13', 'di12', 'di11', 'di10', 'di9', 'di8', 'di7', 'di6', 'di5', 'di4', 'di3', 'di2', 'di1', 'ai1', 'ePwrV', 'ai4', 'iPwrV', 'ta', 'mcc1', 'mnc1', 'lac1', 'cid1', 'rssi1', 'total_fuel', 'can_fls', 'can_rpm', 'can_engine_hrs', 'can_mileage', 'engine_temp', 'j1939_air_temp', 'trailer1_id', 'trailer1_status', 'trailer2_id', 'trailer2_status', 'j1939_fuel_rate', 'j1939_flfmseco', 'j1939_fl_con', 'ID', 'fuel_con_ins', 'accel', 'brk', 'crn'], 'old_params': {'protocol': 'bce', 'spd': 0, 'sat': 12, 'hdop': 1, 'odometer': 0, 'di16': 1, 'di15': 0, 'di14': 0, 'di13': 0, 'di12': 0, 'di11': 0, 'di10': 0, 'di9': 0, 'di8': 1, 'di7': 1, 'di6': 1, 'di5': 1, 'di4': 1, 'di3': 0, 'di2': 1, 'di1': 1, 'ai1': 0, 'ePwrV': 28.085, 'ai4': 11132, 'iPwrV': 4.129, 'ta': 0, 'mcc1': 420, 'mnc1': 3, 'lac1': 1086, 'cid1': 60112, 'rssi1': 59, 'total_fuel': 18751, 'can_fls': 0, 'can_rpm': 4796, 'can_engine_hrs': 16607, 'can_mileage': 6867629, 'engine_temp': 121, 'j1939_air_temp': 13375, 'trailer1_id': 0, 'trailer1_status': 0, 'trailer2_id': 0, 'trailer2_status': 0, 'j1939_fuel_rate': 29, 'j1939_flfmseco': 1490, 'j1939_fl_con': 9375383, 'ID': '0', 'fuel_con_ins': 0.014555555768311, 'accel': '0.02', 'brk': '0.02', 'crn': '0.02'}, 'vLoc': 1, 'vCon': 1, 'ip': '37.216.7.102', 'rl': 0, 'trl': 32816.4435, 'mdu': 0, 'tmdu': 1773068, 'eidl': 30, 'teidl': 1256612, 'fc': 0, 'tfc': 13.31814, 'acc': 1, 'accOn': 3088835418, 'accOff': 3082118464, 'sdu': 0, 'tsdu': 0, 'lat': 24.3582763671875, 'lng': 45.85304260253906}, 'counters': {'engine_hours': 3088835418, 'last_acc': 1, 'odometer': 32815.2427, 'engine_hours_type': '', 'odometer_type': ''}, 'is_wasl_connected': 'Connected', 'iconUrl': 'https://api.afaqy.sa/images/units/icons/icon.png', 'hasCCTV': False}
[2024-05-12T07:22:09.799+0000] {warnings.py:109} WARNING - /home/***/.local/lib/python3.8/site-packages/elasticsearch/_sync/client/__init__.py:399: SecurityWarning: Connecting to 'https://dbelk2.afaqy.local:9200' using TLS with verify_certs=False is insecure
  _transport = transport_class(

[2024-05-12T07:22:09.945+0000] {warnings.py:109} WARNING - /home/***/.local/lib/python3.8/site-packages/elasticsearch/_sync/client/__init__.py:399: SecurityWarning: Connecting to 'https://dbelk1.afaqy.local:9200' using TLS with verify_certs=False is insecure
  _transport = transport_class(

[2024-05-12T07:22:10.051+0000] {warnings.py:109} WARNING - /home/***/.local/lib/python3.8/site-packages/elasticsearch/_sync/client/__init__.py:399: SecurityWarning: Connecting to 'https://dbelk3.afaqy.local:9200' using TLS with verify_certs=False is insecure
  _transport = transport_class(

[2024-05-12T07:22:10.075+0000] {warnings.py:109} WARNING - /home/***/.local/lib/python3.8/site-packages/urllib3/connectionpool.py:1061: InsecureRequestWarning: Unverified HTTPS request is being made to host 'dbelk2.afaqy.local'. Adding certificate verification is strongly advised. See: https://urllib3.readthedocs.io/en/1.26.x/advanced-usage.html#ssl-warnings
  warnings.warn(

[2024-05-12T07:22:10.153+0000] {_transport.py:335} INFO - GET https://dbelk2.afaqy.local:9200/_cluster/health [status:200 duration:0.101s]
[2024-05-12T07:22:11.203+0000] {warnings.py:109} WARNING - /home/***/.local/lib/python3.8/site-packages/urllib3/connectionpool.py:1061: InsecureRequestWarning: Unverified HTTPS request is being made to host 'dbelk1.afaqy.local'. Adding certificate verification is strongly advised. See: https://urllib3.readthedocs.io/en/1.26.x/advanced-usage.html#ssl-warnings
  warnings.warn(

[2024-05-12T07:22:49.923+0000] {_transport.py:335} INFO - PUT https://dbelk1.afaqy.local:9200/units_statistics_***/_bulk [status:200 duration:38.761s]
[2024-05-12T07:22:50.082+0000] {taskinstance.py:2731} ERROR - Task failed with exception
Traceback (most recent call last):
  File "/home/airflow/.local/lib/python3.8/site-packages/airflow/models/taskinstance.py", line 444, in _execute_task
    result = _execute_callable(context=context, **execute_callable_kwargs)
  File "/home/airflow/.local/lib/python3.8/site-packages/airflow/models/taskinstance.py", line 414, in _execute_callable
    return execute_callable(context=context, **execute_callable_kwargs)
  File "/home/airflow/.local/lib/python3.8/site-packages/airflow/decorators/base.py", line 241, in execute
    return_value = super().execute(context)
  File "/home/airflow/.local/lib/python3.8/site-packages/airflow/operators/python.py", line 200, in execute
    return_value = self.execute_callable()
  File "/home/airflow/.local/lib/python3.8/site-packages/airflow/operators/python.py", line 217, in execute_callable
    return self.python_callable(*self.op_args, **self.op_kwargs)
  File "/opt/airflow/dags/Units_dag.py", line 111, in ETL_job
    Elk_client.elk_pushData(Globals.index_name,units_list_update)
  File "/opt/airflow/dags/units_statistics/elk_manager.py", line 69, in elk_pushData
    helpers.bulk(self.elk_client, docs_list, index=index_name, chunk_size=batch)
  File "/home/airflow/.local/lib/python3.8/site-packages/elasticsearch/helpers/actions.py", line 521, in bulk
    for ok, item in streaming_bulk(
  File "/home/airflow/.local/lib/python3.8/site-packages/elasticsearch/helpers/actions.py", line 436, in streaming_bulk
    for data, (ok, info) in zip(
  File "/home/airflow/.local/lib/python3.8/site-packages/elasticsearch/helpers/actions.py", line 355, in _process_bulk_chunk
    yield from gen
  File "/home/airflow/.local/lib/python3.8/site-packages/elasticsearch/helpers/actions.py", line 274, in _process_bulk_chunk_success
    raise BulkIndexError(f"{len(errors)} document(s) failed to index.", errors)
elasticsearch.helpers.BulkIndexError: 668 document(s) failed to index.
[2024-05-12T07:22:50.109+0000] {taskinstance.py:1149} INFO - Marking task as UP_FOR_RETRY. dag_id=Units_statistics_DAG, task_id=ETL_job, map_index=15, execution_date=20240512T070000, start_date=20240512T072146, end_date=20240512T072250
[2024-05-12T07:22:50.481+0000] {standard_task_runner.py:107} ERROR - Failed to execute job 53373 for task ETL_job (668 document(s) failed to index.; 962041)
[2024-05-12T07:22:50.547+0000] {local_task_job_runner.py:234} INFO - Task exited with return code 1
[2024-05-12T07:22:50.605+0000] {taskinstance.py:3312} INFO - 0 downstream tasks scheduled from follow-on schedule check
