[2024-05-09T11:24:06.419+0000] {taskinstance.py:1979} INFO - Dependencies all met for dep_context=non-requeueable deps ti=<TaskInstance: Units_statistics_DAG.ETL_job scheduled__2024-05-09T11:00:00+00:00 map_index=15 [queued]>
[2024-05-09T11:24:06.441+0000] {taskinstance.py:1979} INFO - Dependencies all met for dep_context=requeueable deps ti=<TaskInstance: Units_statistics_DAG.ETL_job scheduled__2024-05-09T11:00:00+00:00 map_index=15 [queued]>
[2024-05-09T11:24:06.441+0000] {taskinstance.py:2193} INFO - Starting attempt 3 of 4
[2024-05-09T11:24:06.477+0000] {taskinstance.py:2217} INFO - Executing <Mapped(_PythonDecoratedOperator): ETL_job> on 2024-05-09 11:00:00+00:00
[2024-05-09T11:24:06.485+0000] {standard_task_runner.py:60} INFO - Started process 885597 to run task
[2024-05-09T11:24:06.506+0000] {standard_task_runner.py:87} INFO - Running: ['***', 'tasks', 'run', 'Units_statistics_DAG', 'ETL_job', 'scheduled__2024-05-09T11:00:00+00:00', '--job-id', '44206', '--raw', '--subdir', 'DAGS_FOLDER/Units_dag.py', '--cfg-path', '/tmp/tmpdtylm7p7', '--map-index', '15']
[2024-05-09T11:24:06.508+0000] {standard_task_runner.py:88} INFO - Job 44206: Subtask ETL_job
[2024-05-09T11:24:06.600+0000] {task_command.py:423} INFO - Running <TaskInstance: Units_statistics_DAG.ETL_job scheduled__2024-05-09T11:00:00+00:00 map_index=15 [running]> on host a09da322e808
[2024-05-09T11:24:06.765+0000] {taskinstance.py:2513} INFO - Exporting env vars: AIRFLOW_CTX_DAG_OWNER='abeer-araby' AIRFLOW_CTX_DAG_ID='Units_statistics_DAG' AIRFLOW_CTX_TASK_ID='ETL_job' AIRFLOW_CTX_EXECUTION_DATE='2024-05-09T11:00:00+00:00' AIRFLOW_CTX_TRY_NUMBER='3' AIRFLOW_CTX_DAG_RUN_ID='scheduled__2024-05-09T11:00:00+00:00'
[2024-05-09T11:24:06.767+0000] {Units_dag.py:98} INFO - i: 150000, chunk: 10000
[2024-05-09T11:24:06.767+0000] {Units_dag.py:99} INFO - child token is::: eyJ0eXAiOiJKV1QiLCJhbGciOiJIUzI1NiJ9.eyJpc3MiOiJodHRwczovL2FwaS5hZmFxeS5zYS9hdXRoL2xvZ2luX2FzIiwiaWF0IjoxNzE1MjUzNjE5LCJleHAiOjE3MTc4NDU2MTksIm5iZiI6MTcxNTI1MzYxOSwianRpIjoiRWxoQkpxU1Nadzl5alY2SyIsInN1YiI6IjVkNjNlNTFlMDNlZDUyOTJhNDJjMjRlNiIsInBydiI6IjI3MGVjZmM3ZWEzZWQ5MzdlYTg0OTM2MmEzYTUwOTEwYzZkOGNlNGYiLCJsb2dpbl9hc19pZCI6IjY1N2YwYWQ3M2Y5NzcyOTVjZjA1NTc2YSJ9.wx7EHUOWgRp0tiotUUPLqSapX9Zbs1leEFLfeoQlrIY
[2024-05-09T11:24:36.859+0000] {Units_dag.py:103} INFO - {'_id': '659bf8227052ae87300ee1f3', 'icon': 'icons/icon.png', 'driver_id': '', 'tailer_id': '', 'profile': {'measurement_type': 'count', 'fuel_type': '91', 'year': 0, 'seats': 2}, 'shipment_info': {'product_category': '', 'truck_type': '', 'shipment_type': '', 'shipment_payment_type': '', 'transporter_type': '', 'operating_area': '', 'weight_kilograms_per_day': '', 'kms_per_day': '', 'opening_milage': '', 'shipment_trip_drive_hrs_day': '', 'expected_shipment_trip_day': '', 'car_pay_per_day': '', 'exceeding_temperature_limit_per_day': '', 'temperature_upper_limit': '', 'exceeding_humidity_limit_per_day': '', 'humidity_upper_limit': '', 'allowable_delay_drive_hrs_day': ''}, 'device_password': '***', 'device_type': 'gps', 'gateway': False, 'business_types': {'waste': False, 'transportation': True, 'water': False}, 'name': '7855KTR', 'operation_code': None, 'device_gateway': None, 'skip_sim_information': False, 'imei': '866069062284888', 'sim_number': '+966830020785815', 'sim_serial': '8996609821112134924', 'device_serial': '1135867105', 'device': 'teltonika', 'user_id': '61adecadb70c9664dd5bc901', 'created_by': '5e6655bf03ed52e1ab79d301', 'updated_at': '2024-04-18 11:18:59', 'created_at': '2024-01-08 16:26:58', 'custom_fields': [], 'creator': 'amr.ahmed', 'company': '', 'owner': 'shift-inc-co', 'last_update': {'dtt': 1715253849000, 'dts': 1715253851200, 'spd': 33, 'ang': 62, 'alt': 656, 'chPrams': {'Speed': {'v': 33, 'cdt': 1715253849000}, 'output1': {'v': False, 'cdt': 1714940718000}, 'ePwrV': {'v': 14.555, 'cdt': 1715253849000}, 'parm24': {'v': 33, 'cdt': 1715253849000}, 'sat': {'v': 9, 'cdt': 1715253849000}, 'ai1': {'v': 0, 'cdt': 1713952094000}, 'type': {'v': 6, 'cdt': 1713077077000}, 'priority': {'v': 0, 'cdt': 1713951055000}, 'di1': {'v': 1, 'cdt': 1715250687000}, 'result': {'v': '5665723a30332e32382e30325f313937204750533a41584e5f352e312e392048773a464d43393230204d6f643a3120494d45493a38363630363930363232383438383820496e69743a323032342d312d33312031393a353220557074696d653a38343534383335204d41433a333838413231393337443338205350433a312830292041584c3a31204f42443a3020424c3a312e31302042543a34', 'cdt': 1715200586000}, 'protocol': {'v': 'FMC920', 'cdt': 1714940718000}, 'iPwrV': {'v': 4.058, 'cdt': 1715239113000}, 'event': {'v': 0, 'cdt': 1713952094000}}, 'prms': {'protocol': 'FMC920', 'priority': 0, 'sat': 9, 'event': 0, 'di1': 1, 'output1': 0, 'ePwrV': 14.555, 'Speed': 33, 'parm24': 33, 'iPwrV': 4.058, 'ai1': 0}, 'devPrms': ['protocol', 'priority', 'sat', 'event', 'di1', 'output1', 'ePwrV', 'Speed', 'parm24', 'iPwrV', 'ai1'], 'old_params': {'protocol': 'FMC920', 'priority': 0, 'sat': 10, 'event': 0, 'di1': 1, 'output1': 0, 'ePwrV': 13.158, 'Speed': 39, 'parm24': 39, 'iPwrV': 4.058, 'ai1': 0}, 'vLoc': 1, 'vCon': 1, 'ip': '37.216.53.189', 'rl': 0.3491, 'trl': 65961.3357, 'mdu': 30, 'tmdu': 3896145, 'eidl': 0, 'teidl': 2536059, 'fc': 0.041892, 'tfc': 2074.4694, 'acc': 1, 'accOn': 7584532, 'accOff': 4078020, 'sdu': 0, 'tsdu': 0, 'lat': 24.7719116, 'lng': 46.6735149}, 'counters': {'engine_hours': 7584532, 'last_acc': 1, 'odometer': 65961.2875, 'engine_hours_type': 'acc', 'odometer_type': 'gps'}, 'is_wasl_connected': 'Not Connected', 'iconUrl': 'https://api.afaqy.sa/images/units/icons/icon.png', 'hasCCTV': False}
[2024-05-09T11:24:37.360+0000] {warnings.py:109} WARNING - /home/***/.local/lib/python3.8/site-packages/elasticsearch/_sync/client/__init__.py:399: SecurityWarning: Connecting to 'https://dbelk2.afaqy.local:9200' using TLS with verify_certs=False is insecure
  _transport = transport_class(

[2024-05-09T11:24:37.402+0000] {warnings.py:109} WARNING - /home/***/.local/lib/python3.8/site-packages/elasticsearch/_sync/client/__init__.py:399: SecurityWarning: Connecting to 'https://dbelk1.afaqy.local:9200' using TLS with verify_certs=False is insecure
  _transport = transport_class(

[2024-05-09T11:24:37.443+0000] {warnings.py:109} WARNING - /home/***/.local/lib/python3.8/site-packages/elasticsearch/_sync/client/__init__.py:399: SecurityWarning: Connecting to 'https://dbelk3.afaqy.local:9200' using TLS with verify_certs=False is insecure
  _transport = transport_class(

[2024-05-09T11:24:37.604+0000] {warnings.py:109} WARNING - /home/***/.local/lib/python3.8/site-packages/urllib3/connectionpool.py:1061: InsecureRequestWarning: Unverified HTTPS request is being made to host 'dbelk2.afaqy.local'. Adding certificate verification is strongly advised. See: https://urllib3.readthedocs.io/en/1.26.x/advanced-usage.html#ssl-warnings
  warnings.warn(

[2024-05-09T11:24:37.704+0000] {_transport.py:335} INFO - GET https://dbelk2.afaqy.local:9200/_cluster/health [status:200 duration:0.259s]
[2024-05-09T11:24:38.413+0000] {warnings.py:109} WARNING - /home/***/.local/lib/python3.8/site-packages/urllib3/connectionpool.py:1061: InsecureRequestWarning: Unverified HTTPS request is being made to host 'dbelk1.afaqy.local'. Adding certificate verification is strongly advised. See: https://urllib3.readthedocs.io/en/1.26.x/advanced-usage.html#ssl-warnings
  warnings.warn(

[2024-05-09T11:24:38.584+0000] {_transport.py:335} INFO - PUT https://dbelk1.afaqy.local:9200/units_statistics_***/_bulk [status:200 duration:0.201s]
[2024-05-09T11:24:39.017+0000] {taskinstance.py:2731} ERROR - Task failed with exception
Traceback (most recent call last):
  File "/home/airflow/.local/lib/python3.8/site-packages/airflow/models/taskinstance.py", line 444, in _execute_task
    result = _execute_callable(context=context, **execute_callable_kwargs)
  File "/home/airflow/.local/lib/python3.8/site-packages/airflow/models/taskinstance.py", line 414, in _execute_callable
    return execute_callable(context=context, **execute_callable_kwargs)
  File "/home/airflow/.local/lib/python3.8/site-packages/airflow/decorators/base.py", line 241, in execute
    return_value = super().execute(context)
  File "/home/airflow/.local/lib/python3.8/site-packages/airflow/operators/python.py", line 200, in execute
    return_value = self.execute_callable()
  File "/home/airflow/.local/lib/python3.8/site-packages/airflow/operators/python.py", line 217, in execute_callable
    return self.python_callable(*self.op_args, **self.op_kwargs)
  File "/opt/airflow/dags/Units_dag.py", line 111, in ETL_job
    Elk_client.elk_pushData(Globals.index_name,units_list_update)
  File "/opt/airflow/dags/units_statistics/elk_manager.py", line 69, in elk_pushData
    helpers.bulk(self.elk_client, docs_list, index=index_name, chunk_size=batch)
  File "/home/airflow/.local/lib/python3.8/site-packages/elasticsearch/helpers/actions.py", line 521, in bulk
    for ok, item in streaming_bulk(
  File "/home/airflow/.local/lib/python3.8/site-packages/elasticsearch/helpers/actions.py", line 436, in streaming_bulk
    for data, (ok, info) in zip(
  File "/home/airflow/.local/lib/python3.8/site-packages/elasticsearch/helpers/actions.py", line 355, in _process_bulk_chunk
    yield from gen
  File "/home/airflow/.local/lib/python3.8/site-packages/elasticsearch/helpers/actions.py", line 274, in _process_bulk_chunk_success
    raise BulkIndexError(f"{len(errors)} document(s) failed to index.", errors)
elasticsearch.helpers.BulkIndexError: 10000 document(s) failed to index.
[2024-05-09T11:24:39.037+0000] {taskinstance.py:1149} INFO - Marking task as UP_FOR_RETRY. dag_id=Units_statistics_DAG, task_id=ETL_job, map_index=15, execution_date=20240509T110000, start_date=20240509T112406, end_date=20240509T112439
[2024-05-09T11:24:39.056+0000] {standard_task_runner.py:107} ERROR - Failed to execute job 44206 for task ETL_job (10000 document(s) failed to index.; 885597)
[2024-05-09T11:24:39.128+0000] {local_task_job_runner.py:234} INFO - Task exited with return code 1
[2024-05-09T11:24:39.149+0000] {taskinstance.py:3312} INFO - 0 downstream tasks scheduled from follow-on schedule check
