[2024-05-12T15:08:10.334+0000] {local_task_job_runner.py:120} INFO - ::group::Pre task execution logs
[2024-05-12T15:08:10.442+0000] {taskinstance.py:2076} INFO - Dependencies all met for dep_context=non-requeueable deps ti=<TaskInstance: Units_statistics_DAG.ETL_job scheduled__2024-05-12T14:40:00+00:00 map_index=13 [queued]>
[2024-05-12T15:08:10.487+0000] {taskinstance.py:2076} INFO - Dependencies all met for dep_context=requeueable deps ti=<TaskInstance: Units_statistics_DAG.ETL_job scheduled__2024-05-12T14:40:00+00:00 map_index=13 [queued]>
[2024-05-12T15:08:10.487+0000] {taskinstance.py:2306} INFO - Starting attempt 2 of 4
[2024-05-12T15:08:10.528+0000] {taskinstance.py:2330} INFO - Executing <Mapped(_PythonDecoratedOperator): ETL_job> on 2024-05-12 14:40:00+00:00
[2024-05-12T15:08:10.537+0000] {warnings.py:110} WARNING - /home/***/.local/lib/python3.12/site-packages/***/task/task_runner/standard_task_runner.py:61: DeprecationWarning: This process (pid=129) is multi-threaded, use of fork() may lead to deadlocks in the child.
  pid = os.fork()

[2024-05-12T15:08:10.567+0000] {standard_task_runner.py:63} INFO - Started process 135 to run task
[2024-05-12T15:08:10.572+0000] {standard_task_runner.py:90} INFO - Running: ['***', 'tasks', 'run', 'Units_statistics_DAG', 'ETL_job', 'scheduled__2024-05-12T14:40:00+00:00', '--job-id', '54289', '--raw', '--subdir', 'DAGS_FOLDER/Units_dag.py', '--cfg-path', '/tmp/tmpcryga3us', '--map-index', '13']
[2024-05-12T15:08:10.574+0000] {standard_task_runner.py:91} INFO - Job 54289: Subtask ETL_job
[2024-05-12T15:08:10.887+0000] {task_command.py:426} INFO - Running <TaskInstance: Units_statistics_DAG.ETL_job scheduled__2024-05-12T14:40:00+00:00 map_index=13 [running]> on host 7138d7e072c5
[2024-05-12T15:08:11.435+0000] {taskinstance.py:2648} INFO - Exporting env vars: AIRFLOW_CTX_DAG_OWNER='abeer-araby' AIRFLOW_CTX_DAG_ID='Units_statistics_DAG' AIRFLOW_CTX_TASK_ID='ETL_job' AIRFLOW_CTX_EXECUTION_DATE='2024-05-12T14:40:00+00:00' AIRFLOW_CTX_TRY_NUMBER='2' AIRFLOW_CTX_DAG_RUN_ID='scheduled__2024-05-12T14:40:00+00:00'
[2024-05-12T15:08:11.436+0000] {taskinstance.py:430} INFO - ::endgroup::
[2024-05-12T15:08:11.437+0000] {Units_dag.py:98} INFO - i: 130000, chunk: 10000
[2024-05-12T15:08:11.438+0000] {Units_dag.py:99} INFO - child token is::: eyJ0eXAiOiJKV1QiLCJhbGciOiJIUzI1NiJ9.eyJpc3MiOiJodHRwczovL2FwaS5hZmFxeS5zYS9hdXRoL2xvZ2luX2FzIiwiaWF0IjoxNzE1NTI2MDA2LCJleHAiOjE3MTgxMTgwMDYsIm5iZiI6MTcxNTUyNjAwNiwianRpIjoiQ0RJRWRqb0hTWURTVXhHeSIsInN1YiI6IjVkNjNlNTFlMDNlZDUyOTJhNDJjMjRlNiIsInBydiI6IjI3MGVjZmM3ZWEzZWQ5MzdlYTg0OTM2MmEzYTUwOTEwYzZkOGNlNGYiLCJsb2dpbl9hc19pZCI6IjY1N2YwYWQ3M2Y5NzcyOTVjZjA1NTc2YSJ9.Hfptyv0OqurxtkaagKkTCro3RrOK_-AGg4zC0fO_RPU
[2024-05-12T15:08:30.290+0000] {Units_dag.py:103} INFO - {'_id': '6511932c6652c73d2f464427', 'icon': 'icons/icon.png', 'driver_id': '', 'tailer_id': '', 'profile': {'vehicle_type': '', 'measurement_type': 'count', 'max_capacity': 0, 'vin': '', 'plate_number': '', 'start_operation': '', 'contract_milage': '', 'opening_milage': '', 'model': '', 'fuel_type': '91', 'year': 0, 'seats': 2}, 'shipment_info': {'product_category': None, 'truck_type': None, 'shipment_type': None, 'shipment_payment_type': None, 'transporter_type': None, 'operating_area': None, 'weight_kilograms_per_day': None, 'kms_per_day': None, 'shipment_trip_drive_hrs_day': None, 'allowable_delay_drive_hrs_day': None, 'expected_shipment_trip_day': None, 'car_pay_per_day': None, 'exceeding_temperature_limit_per_day': None, 'temperature_upper_limit': None, 'exceeding_humidity_limit_per_day': None, 'humidity_upper_limit': None}, 'device_password': '***', 'device_type': 'gps', 'gateway': False, 'business_types': {'waste': False, 'transportation': True, 'water': False}, 'name': '7260 ر ص و', 'operation_code': 'dbc50302-3ae0-4dc0-ae48-71b31f5ffd7f', 'device_gateway': '', 'skip_sim_information': False, 'imei': '867994060803026', 'sim_number': '+966830032001845', 'sim_serial': '421296782480', 'device_serial': '867994060803026', 'device': 'bce', 'user_id': '5f0d614303ed52b67f28d078', 'created_by': '5e6655bf03ed52e1ab79d301', 'updated_at': '2024-04-18 11:18:59', 'created_at': '2023-09-25 17:03:24', 'custom_fields': [], 'creator': 'amr.ahmed', 'company': '', 'owner': 'alwefaq-idrive', 'last_update': {'dtt': 1697673722000, 'dts': 1697673745448, 'spd': 95, 'ang': 282, 'alt': 850, 'chPrams': {'di16': {'v': 1, 'cdt': 1695207886000}, 'ePwrV': {'v': 14.044, 'cdt': 1697673722000}, 'di15': {'v': 0, 'cdt': 1695207886000}, 'rssi1': {'v': 79, 'cdt': 1697673722000}, 'di14': {'v': 0, 'cdt': 1697673700000}, 'di13': {'v': 0, 'cdt': 1695703104000}, 'di12': {'v': 0, 'cdt': 1695207886000}, 'di11': {'v': 0, 'cdt': 1695207886000}, 'di10': {'v': 0, 'cdt': 1695207886000}, 'di2': {'v': 0, 'cdt': 1695207886000}, 'di1': {'v': 1, 'cdt': 1697673502000}, 'ai4': {'v': 320, 'cdt': 1697672798000}, 'di4': {'v': 0, 'cdt': 1695207886000}, 'di3': {'v': 0, 'cdt': 1697672798000}, 'di6': {'v': 0, 'cdt': 1695207886000}, 'di5': {'v': 1, 'cdt': 1697672780000}, 'lac1': {'v': 30108, 'cdt': 1697673284000}, 'protocol': {'v': 'bce', 'cdt': 1695207886000}, 'di8': {'v': 1, 'cdt': 1695208614000}, 'di7': {'v': 1, 'cdt': 1697672798000}, 'di9': {'v': 0, 'cdt': 1695207886000}, 'iPwrV': {'v': 4.024, 'cdt': 1697673576000}, 'humidity': {'v': -1, 'cdt': 1695208614000}, 'cid1': {'v': 29243, 'cdt': 1697673722000}, 'temp': {'v': -273, 'cdt': 1697390294000}, 'odometer': {'v': 1141973937, 'cdt': 1697673722000}, 'spd': {'v': 95, 'cdt': 1697673722000}, 'sat': {'v': 12, 'cdt': 1697673616000}, 'ta': {'v': 0, 'cdt': 1695208614000}, 'hdop': {'v': 1, 'cdt': 1697661674000}, 'mcc1': {'v': 420, 'cdt': 1695208614000}, 'mnc1': {'v': 4, 'cdt': 1695208614000}}, 'prms': {'protocol': 'bce', 'spd': 95, 'sat': 12, 'hdop': 1, 'odometer': 1141973937, 'di16': 1, 'di15': 0, 'di14': 0, 'di13': 0, 'di12': 0, 'di11': 0, 'di10': 0, 'di9': 0, 'di8': 1, 'di7': 1, 'di6': 0, 'di5': 1, 'di4': 0, 'di3': 0, 'di2': 0, 'di1': 1, 'ePwrV': 14.044, 'ai4': 320, 'iPwrV': 4.024, 'ta': 0, 'mcc1': 420, 'mnc1': 4, 'lac1': 30108, 'cid1': 29243, 'rssi1': 79, 'temp': -273, 'humidity': -1}, 'devPrms': ['protocol', 'spd', 'sat', 'hdop', 'odometer', 'di16', 'di15', 'di14', 'di13', 'di12', 'di11', 'di10', 'di9', 'di8', 'di7', 'di6', 'di5', 'di4', 'di3', 'di2', 'di1', 'ePwrV', 'ai4', 'iPwrV', 'ta', 'mcc1', 'mnc1', 'lac1', 'cid1', 'rssi1', 'temp', 'humidity'], 'old_params': {'protocol': 'bce', 'spd': 96, 'sat': 12, 'hdop': 1, 'odometer': 1142047591, 'di16': 1, 'di15': 0, 'di14': 0, 'di13': 0, 'di12': 0, 'di11': 0, 'di10': 0, 'di9': 0, 'di8': 1, 'di7': 1, 'di6': 0, 'di5': 1, 'di4': 0, 'di3': 0, 'di2': 0, 'di1': 1, 'ePwrV': 14.026, 'ai4': 320, 'iPwrV': 4.024, 'ta': 0, 'rssi1': 0, 'temp': -273, 'humidity': -1}, 'vLoc': 1, 'vCon': 1, 'ip': '51.36.105.220', 'rl': 0.5819, 'trl': 1325.1695, 'mdu': 22, 'tmdu': 99294, 'eidl': 0, 'teidl': 53912, 'fc': 0.069828, 'tfc': 9.129156, 'acc': 1, 'accOn': 173768, 'accOff': 2298018, 'sdu': 0, 'tsdu': 0, 'lat': 24.47265625, 'lng': 39.41767883300781}, 'counters': {'odometer_type': '', 'odometer': 1338.1721, 'engine_hours_type': '', 'engine_hours': 173768, 'last_acc': 1}, 'is_wasl_connected': 'Not Connected', 'iconUrl': 'https://api.afaqy.sa/images/units/icons/icon.png', 'hasCCTV': False}
[2024-05-12T15:08:31.222+0000] {warnings.py:110} WARNING - /home/***/.local/lib/python3.12/site-packages/elasticsearch/_sync/client/__init__.py:399: SecurityWarning: Connecting to 'https://dbelk3.afaqy.local:9200' using TLS with verify_certs=False is insecure
  _transport = transport_class(

[2024-05-12T15:08:31.275+0000] {warnings.py:110} WARNING - /home/***/.local/lib/python3.12/site-packages/elasticsearch/_sync/client/__init__.py:399: SecurityWarning: Connecting to 'https://dbelk1.afaqy.local:9200' using TLS with verify_certs=False is insecure
  _transport = transport_class(

[2024-05-12T15:08:31.749+0000] {warnings.py:110} WARNING - /home/***/.local/lib/python3.12/site-packages/elasticsearch/_sync/client/__init__.py:399: SecurityWarning: Connecting to 'https://dbelk2.afaqy.local:9200' using TLS with verify_certs=False is insecure
  _transport = transport_class(

[2024-05-12T15:08:31.777+0000] {warnings.py:110} WARNING - /home/***/.local/lib/python3.12/site-packages/urllib3/connectionpool.py:1103: InsecureRequestWarning: Unverified HTTPS request is being made to host 'dbelk3.afaqy.local'. Adding certificate verification is strongly advised. See: https://urllib3.readthedocs.io/en/latest/advanced-usage.html#tls-warnings
  warnings.warn(

[2024-05-12T15:08:31.871+0000] {_transport.py:349} INFO - GET https://dbelk3.afaqy.local:9200/_cluster/health [status:200 duration:0.120s]
[2024-05-12T15:08:32.270+0000] {warnings.py:110} WARNING - /home/***/.local/lib/python3.12/site-packages/urllib3/connectionpool.py:1103: InsecureRequestWarning: Unverified HTTPS request is being made to host 'dbelk1.afaqy.local'. Adding certificate verification is strongly advised. See: https://urllib3.readthedocs.io/en/latest/advanced-usage.html#tls-warnings
  warnings.warn(

[2024-05-12T15:08:33.888+0000] {_transport.py:349} INFO - PUT https://dbelk1.afaqy.local:9200/units_statistics_***/_bulk [status:200 duration:1.644s]
[2024-05-12T15:08:34.187+0000] {python.py:237} INFO - Done. Returned value was: None
[2024-05-12T15:08:34.188+0000] {taskinstance.py:441} INFO - ::group::Post task execution logs
[2024-05-12T15:08:34.213+0000] {taskinstance.py:1206} INFO - Marking task as SUCCESS. dag_id=Units_statistics_DAG, task_id=ETL_job, run_id=scheduled__2024-05-12T14:40:00+00:00, map_index=13, execution_date=20240512T144000, start_date=20240512T150810, end_date=20240512T150834
[2024-05-12T15:08:34.277+0000] {local_task_job_runner.py:240} INFO - Task exited with return code 0
[2024-05-12T15:08:34.309+0000] {taskinstance.py:3498} INFO - 0 downstream tasks scheduled from follow-on schedule check
[2024-05-12T15:08:34.322+0000] {local_task_job_runner.py:222} INFO - ::endgroup::
