[2024-04-30T06:20:19.959+0000] {taskinstance.py:1979} INFO - Dependencies all met for dep_context=non-requeueable deps ti=<TaskInstance: Units_statistics_DAG.ETL_job scheduled__2024-04-30T06:00:00+00:00 map_index=13 [queued]>
[2024-04-30T06:20:20.046+0000] {taskinstance.py:1979} INFO - Dependencies all met for dep_context=requeueable deps ti=<TaskInstance: Units_statistics_DAG.ETL_job scheduled__2024-04-30T06:00:00+00:00 map_index=13 [queued]>
[2024-04-30T06:20:20.047+0000] {taskinstance.py:2193} INFO - Starting attempt 1 of 4
[2024-04-30T06:20:20.195+0000] {taskinstance.py:2217} INFO - Executing <Mapped(_PythonDecoratedOperator): ETL_job> on 2024-04-30 06:00:00+00:00
[2024-04-30T06:20:20.260+0000] {standard_task_runner.py:60} INFO - Started process 656146 to run task
[2024-04-30T06:20:20.312+0000] {standard_task_runner.py:87} INFO - Running: ['***', 'tasks', 'run', 'Units_statistics_DAG', 'ETL_job', 'scheduled__2024-04-30T06:00:00+00:00', '--job-id', '24231', '--raw', '--subdir', 'DAGS_FOLDER/Units_dag.py', '--cfg-path', '/tmp/tmprirszy69', '--map-index', '13']
[2024-04-30T06:20:20.336+0000] {standard_task_runner.py:88} INFO - Job 24231: Subtask ETL_job
[2024-04-30T06:20:20.655+0000] {task_command.py:423} INFO - Running <TaskInstance: Units_statistics_DAG.ETL_job scheduled__2024-04-30T06:00:00+00:00 map_index=13 [running]> on host a09da322e808
[2024-04-30T06:20:21.115+0000] {taskinstance.py:2513} INFO - Exporting env vars: AIRFLOW_CTX_DAG_OWNER='abeer-araby' AIRFLOW_CTX_DAG_ID='Units_statistics_DAG' AIRFLOW_CTX_TASK_ID='ETL_job' AIRFLOW_CTX_EXECUTION_DATE='2024-04-30T06:00:00+00:00' AIRFLOW_CTX_TRY_NUMBER='1' AIRFLOW_CTX_DAG_RUN_ID='scheduled__2024-04-30T06:00:00+00:00'
[2024-04-30T06:20:21.121+0000] {Units_dag.py:99} INFO - i: 130000, chunk: 10000
[2024-04-30T06:20:21.121+0000] {Units_dag.py:100} INFO - child token is::: eyJ0eXAiOiJKV1QiLCJhbGciOiJIUzI1NiJ9.eyJpc3MiOiJodHRwczovL2FwaS5hZmFxeS5zYS9hdXRoL2xvZ2luX2FzIiwiaWF0IjoxNzE0NDU4MDAzLCJleHAiOjE3MTcwNTAwMDMsIm5iZiI6MTcxNDQ1ODAwMywianRpIjoiQ1lvUm03bjNjbDFnNUR5WCIsInN1YiI6IjVkNjNlNTFlMDNlZDUyOTJhNDJjMjRlNiIsInBydiI6IjI3MGVjZmM3ZWEzZWQ5MzdlYTg0OTM2MmEzYTUwOTEwYzZkOGNlNGYiLCJsb2dpbl9hc19pZCI6IjY1N2YwYWQ3M2Y5NzcyOTVjZjA1NTc2YSJ9.vzdi1QiG36iE1Y1vjHyjo3-8tyT8fIWtvQFpS4F0ZaY
[2024-04-30T06:20:43.724+0000] {Units_dag.py:104} INFO - {'_id': '650c1b7de7b02651ad0ed820', 'icon': 'icons/icon.png', 'driver_id': '', 'tailer_id': '', 'profile': {'measurement_type': 'count', 'fuel_type': '91', 'year': 0, 'seats': 2}, 'shipment_info': {'product_category': '', 'truck_type': '', 'shipment_type': '', 'shipment_payment_type': '', 'transporter_type': '', 'operating_area': '', 'weight_kilograms_per_day': '', 'kms_per_day': '', 'opening_milage': '', 'shipment_trip_drive_hrs_day': '', 'expected_shipment_trip_day': '', 'car_pay_per_day': '', 'exceeding_temperature_limit_per_day': '', 'temperature_upper_limit': '', 'exceeding_humidity_limit_per_day': '', 'humidity_upper_limit': '', 'allowable_delay_drive_hrs_day': ''}, 'device_password': '***', 'device_type': 'gps', 'gateway': False, 'business_types': {'waste': False, 'transportation': True, 'water': False}, 'name': '865282040420802', 'operation_code': None, 'device_gateway': None, 'skip_sim_information': False, 'imei': '865282040420802', 'sim_number': '+966830031933818', 'sim_serial': '421296757162', 'device_serial': '865282040420802', 'device': 'jmll01', 'user_id': '64944479a4009f4bd03ebaba', 'created_by': '5e6655bf03ed52e1ab79d301', 'updated_at': '2024-04-18 11:18:59', 'created_at': '2023-09-21 13:31:25', 'custom_fields': [], 'creator': 'amr.ahmed', 'company': '', 'owner': 'petroleum-energy-admin', 'last_update': {'dtt': 1714453329000, 'dts': 1714453328915, 'spd': 0, 'ang': 0, 'alt': 0, 'lastloc': {'lat': 26.45437777777778, 'lng': 50.11469777777778}, 'chPrams': {'rssi': {'v': 4, 'cdt': 1714424584000}, 'protocol': {'v': 'jmll01', 'cdt': 1711976571000}, 'iccid': {'v': '89966042129675716236', 'cdt': 1712062930000}, 'charge': {'v': False, 'cdt': 1712754144000}, 'GPS_status': {'v': 2, 'cdt': 1714222991000}, 'sat': {'v': 5, 'cdt': 1714194264000}, 'armed': {'v': False, 'cdt': 1711976571000}, 'battery': {'v': 4.0600000000000005, 'cdt': 1714309959000}, 'event': {'v': 0, 'cdt': 1713762177000}, 'di1': {'v': False, 'cdt': 1711976571000}}, 'prms': {'protocol': 'jmll01', 'GPS_status': 2, 'event': 0, 'battery': 4.0600000000000005}, 'devPrms': ['protocol', 'iccid', 'rssi', 'charge', 'GPS_status', 'armed', 'battery', 'di1', 'event'], 'old_params': {'protocol': 'jmll01', 'iccid': '89966042129675716236', 'rssi': 4, 'charge': 0, 'GPS_status': 2, 'armed': 0, 'battery': 4.0600000000000005, 'di1': 0}, 'vLoc': 0, 'vCon': 0, 'ip': '51.36.57.220', 'rl': 0, 'trl': 0, 'mdu': 0, 'tmdu': 0, 'eidl': 0, 'teidl': 0, 'fc': 0, 'tfc': 0, 'acc': 0, 'accOn': 0, 'accOff': 10443844, 'sdu': 28745, 'tsdu': 3799167, 'lat': 0, 'lng': 0}, 'counters': {'odometer_type': 'gps', 'odometer': 0, 'engine_hours_type': 'acc', 'engine_hours': 0, 'last_acc': 0}, 'is_wasl_connected': 'Not Connected', 'iconUrl': 'https://api.afaqy.sa/images/units/icons/icon.png', 'hasCCTV': False}
[2024-04-30T06:20:46.040+0000] {warnings.py:109} WARNING - /home/***/.local/lib/python3.8/site-packages/elasticsearch/_sync/client/__init__.py:399: SecurityWarning: Connecting to 'https://dbelk3.afaqy.local:9200' using TLS with verify_certs=False is insecure
  _transport = transport_class(

[2024-04-30T06:20:46.644+0000] {warnings.py:109} WARNING - /home/***/.local/lib/python3.8/site-packages/elasticsearch/_sync/client/__init__.py:399: SecurityWarning: Connecting to 'https://dbelk1.afaqy.local:9200' using TLS with verify_certs=False is insecure
  _transport = transport_class(

[2024-04-30T06:20:46.975+0000] {warnings.py:109} WARNING - /home/***/.local/lib/python3.8/site-packages/elasticsearch/_sync/client/__init__.py:399: SecurityWarning: Connecting to 'https://dbelk2.afaqy.local:9200' using TLS with verify_certs=False is insecure
  _transport = transport_class(

[2024-04-30T06:20:47.022+0000] {warnings.py:109} WARNING - /home/***/.local/lib/python3.8/site-packages/urllib3/connectionpool.py:1061: InsecureRequestWarning: Unverified HTTPS request is being made to host 'dbelk3.afaqy.local'. Adding certificate verification is strongly advised. See: https://urllib3.readthedocs.io/en/1.26.x/advanced-usage.html#ssl-warnings
  warnings.warn(

[2024-04-30T06:20:47.099+0000] {_transport.py:335} INFO - GET https://dbelk3.afaqy.local:9200/_cluster/health [status:200 duration:0.122s]
[2024-04-30T06:20:48.647+0000] {warnings.py:109} WARNING - /home/***/.local/lib/python3.8/site-packages/urllib3/connectionpool.py:1061: InsecureRequestWarning: Unverified HTTPS request is being made to host 'dbelk1.afaqy.local'. Adding certificate verification is strongly advised. See: https://urllib3.readthedocs.io/en/1.26.x/advanced-usage.html#ssl-warnings
  warnings.warn(

[2024-04-30T06:20:51.179+0000] {_transport.py:335} INFO - PUT https://dbelk1.afaqy.local:9200/units_statistics_***/_bulk [status:200 duration:2.593s]
[2024-04-30T06:20:51.816+0000] {python.py:202} INFO - Done. Returned value was: None
[2024-04-30T06:20:51.831+0000] {taskinstance.py:1149} INFO - Marking task as SUCCESS. dag_id=Units_statistics_DAG, task_id=ETL_job, map_index=13, execution_date=20240430T060000, start_date=20240430T062019, end_date=20240430T062051
[2024-04-30T06:20:51.911+0000] {local_task_job_runner.py:234} INFO - Task exited with return code 0
[2024-04-30T06:20:51.952+0000] {taskinstance.py:3312} INFO - 0 downstream tasks scheduled from follow-on schedule check
