[2024-05-10T02:41:43.565+0000] {taskinstance.py:1979} INFO - Dependencies all met for dep_context=non-requeueable deps ti=<TaskInstance: Units_statistics_DAG.ETL_job scheduled__2024-05-10T02:20:00+00:00 map_index=5 [queued]>
[2024-05-10T02:41:43.584+0000] {taskinstance.py:1979} INFO - Dependencies all met for dep_context=requeueable deps ti=<TaskInstance: Units_statistics_DAG.ETL_job scheduled__2024-05-10T02:20:00+00:00 map_index=5 [queued]>
[2024-05-10T02:41:43.585+0000] {taskinstance.py:2193} INFO - Starting attempt 2 of 4
[2024-05-10T02:41:43.607+0000] {taskinstance.py:2217} INFO - Executing <Mapped(_PythonDecoratedOperator): ETL_job> on 2024-05-10 02:20:00+00:00
[2024-05-10T02:41:43.616+0000] {standard_task_runner.py:60} INFO - Started process 902733 to run task
[2024-05-10T02:41:43.624+0000] {standard_task_runner.py:87} INFO - Running: ['***', 'tasks', 'run', 'Units_statistics_DAG', 'ETL_job', 'scheduled__2024-05-10T02:20:00+00:00', '--job-id', '46260', '--raw', '--subdir', 'DAGS_FOLDER/Units_dag.py', '--cfg-path', '/tmp/tmphl_c_lsc', '--map-index', '5']
[2024-05-10T02:41:43.627+0000] {standard_task_runner.py:88} INFO - Job 46260: Subtask ETL_job
[2024-05-10T02:41:43.746+0000] {task_command.py:423} INFO - Running <TaskInstance: Units_statistics_DAG.ETL_job scheduled__2024-05-10T02:20:00+00:00 map_index=5 [running]> on host a09da322e808
[2024-05-10T02:41:43.982+0000] {taskinstance.py:2513} INFO - Exporting env vars: AIRFLOW_CTX_DAG_OWNER='abeer-araby' AIRFLOW_CTX_DAG_ID='Units_statistics_DAG' AIRFLOW_CTX_TASK_ID='ETL_job' AIRFLOW_CTX_EXECUTION_DATE='2024-05-10T02:20:00+00:00' AIRFLOW_CTX_TRY_NUMBER='2' AIRFLOW_CTX_DAG_RUN_ID='scheduled__2024-05-10T02:20:00+00:00'
[2024-05-10T02:41:43.984+0000] {Units_dag.py:98} INFO - i: 50000, chunk: 10000
[2024-05-10T02:41:43.985+0000] {Units_dag.py:99} INFO - child token is::: eyJ0eXAiOiJKV1QiLCJhbGciOiJIUzI1NiJ9.eyJpc3MiOiJodHRwczovL2FwaS5hZmFxeS5zYS9hdXRoL2xvZ2luX2FzIiwiaWF0IjoxNzE1MzA4ODA0LCJleHAiOjE3MTc5MDA4MDQsIm5iZiI6MTcxNTMwODgwNCwianRpIjoiSHNSM1o4alBGaTJPSk44biIsInN1YiI6IjVkNjNlNTFlMDNlZDUyOTJhNDJjMjRlNiIsInBydiI6IjI3MGVjZmM3ZWEzZWQ5MzdlYTg0OTM2MmEzYTUwOTEwYzZkOGNlNGYiLCJsb2dpbl9hc19pZCI6IjY1N2YwYWQ3M2Y5NzcyOTVjZjA1NTc2YSJ9.KEv4nvDaQbDX0azqd6ADiizq4w1K4c6QN9ls2n4qbSA
[2024-05-10T02:42:01.495+0000] {Units_dag.py:103} INFO - {'_id': '62b07dec5e94ae88895af7d3', 'imei': '359633105217215', 'updated_at': '2024-04-18 11:18:59', 'custom_fields': [], 'creator': '', 'company': '', 'owner': '', 'last_update': {'dtt': 1655814570000, 'dts': 1655814572818, 'spd': 0, 'ang': 212, 'alt': 650, 'chPrams': {'output1': {'v': False, 'cdt': 1653545257000}, 'protocol': {'v': 'teltonika_FMB640', 'cdt': 1654085748000}, 'ePwrV': {'v': 28.156000000000002, 'cdt': 1655814570000}, 'sat': {'v': 17, 'cdt': 1655814570000}, 'ai1': {'v': 0, 'cdt': 1654687854000}, 'iPwrV': {'v': 3.938, 'cdt': 1655814510000}, 'priority': {'v': 0, 'cdt': 1655711284000}, 'event': {'v': 0, 'cdt': 1655711284000}, 'di1': {'v': 1, 'cdt': 1655711224000}}, 'prms': {'protocol': 'teltonika_FMB640', 'priority': 0, 'sat': 17, 'event': 0, 'di1': 1, 'output1': 0, 'ePwrV': 28.156000000000002, 'iPwrV': 3.938, 'ai1': 0}, 'devPrms': ['protocol', 'priority', 'sat', 'event', 'di1', 'output1', 'ePwrV', 'iPwrV', 'ai1'], 'old_params': {'protocol': 'teltonika_FMB640', 'priority': 0, 'sat': 16, 'event': 0, 'di1': 1, 'output1': 0, 'ePwrV': 28.046, 'iPwrV': 3.938, 'ai1': 0}, 'vLoc': 1, 'vCon': 1, 'ip': '146.251.176.139', 'rl': 0.0064, 'trl': 51333.9953, 'mdu': 0, 'tmdu': 3955695, 'eidl': 60, 'teidl': 27773008, 'fc': 0.000768, 'tfc': 16.01106, 'acc': 1, 'accOn': -534432479, 'accOff': 572054246, 'sdu': 0, 'tsdu': 0, 'lat': 24.8839333, 'lng': 46.9568233}, 'counters': {'engine_hours': -534432479, 'last_acc': 1, 'odometer': 51333.9957}, 'is_wasl_connected': 'Not Connected', 'iconUrl': '', 'hasCCTV': False}
[2024-05-10T02:42:02.181+0000] {warnings.py:109} WARNING - /home/***/.local/lib/python3.8/site-packages/elasticsearch/_sync/client/__init__.py:399: SecurityWarning: Connecting to 'https://dbelk1.afaqy.local:9200' using TLS with verify_certs=False is insecure
  _transport = transport_class(

[2024-05-10T02:42:02.231+0000] {warnings.py:109} WARNING - /home/***/.local/lib/python3.8/site-packages/elasticsearch/_sync/client/__init__.py:399: SecurityWarning: Connecting to 'https://dbelk3.afaqy.local:9200' using TLS with verify_certs=False is insecure
  _transport = transport_class(

[2024-05-10T02:42:02.277+0000] {warnings.py:109} WARNING - /home/***/.local/lib/python3.8/site-packages/elasticsearch/_sync/client/__init__.py:399: SecurityWarning: Connecting to 'https://dbelk2.afaqy.local:9200' using TLS with verify_certs=False is insecure
  _transport = transport_class(

[2024-05-10T02:42:02.307+0000] {warnings.py:109} WARNING - /home/***/.local/lib/python3.8/site-packages/urllib3/connectionpool.py:1061: InsecureRequestWarning: Unverified HTTPS request is being made to host 'dbelk1.afaqy.local'. Adding certificate verification is strongly advised. See: https://urllib3.readthedocs.io/en/1.26.x/advanced-usage.html#ssl-warnings
  warnings.warn(

[2024-05-10T02:42:02.361+0000] {_transport.py:335} INFO - GET https://dbelk1.afaqy.local:9200/_cluster/health [status:200 duration:0.081s]
[2024-05-10T02:42:03.046+0000] {warnings.py:109} WARNING - /home/***/.local/lib/python3.8/site-packages/urllib3/connectionpool.py:1061: InsecureRequestWarning: Unverified HTTPS request is being made to host 'dbelk3.afaqy.local'. Adding certificate verification is strongly advised. See: https://urllib3.readthedocs.io/en/1.26.x/advanced-usage.html#ssl-warnings
  warnings.warn(

[2024-05-10T02:42:03.063+0000] {_transport.py:335} INFO - PUT https://dbelk3.afaqy.local:9200/units_statistics_***/_bulk [status:429 duration:0.037s]
[2024-05-10T02:42:03.064+0000] {_node_pool.py:249} WARNING - Node <Urllib3HttpNode(https://dbelk3.afaqy.local:9200)> has failed for 1 times in a row, putting on 1 second timeout
[2024-05-10T02:42:03.065+0000] {_transport.py:427} WARNING - Retrying request after non-successful status 429 (attempt 0 of 3)
[2024-05-10T02:42:03.066+0000] {warnings.py:109} WARNING - /home/***/.local/lib/python3.8/site-packages/urllib3/connectionpool.py:1061: InsecureRequestWarning: Unverified HTTPS request is being made to host 'dbelk1.afaqy.local'. Adding certificate verification is strongly advised. See: https://urllib3.readthedocs.io/en/1.26.x/advanced-usage.html#ssl-warnings
  warnings.warn(

[2024-05-10T02:42:04.104+0000] {_transport.py:335} INFO - PUT https://dbelk1.afaqy.local:9200/units_statistics_***/_bulk [status:200 duration:1.039s]
[2024-05-10T02:42:04.592+0000] {python.py:202} INFO - Done. Returned value was: None
[2024-05-10T02:42:04.611+0000] {taskinstance.py:1149} INFO - Marking task as SUCCESS. dag_id=Units_statistics_DAG, task_id=ETL_job, map_index=5, execution_date=20240510T022000, start_date=20240510T024143, end_date=20240510T024204
[2024-05-10T02:42:04.690+0000] {local_task_job_runner.py:234} INFO - Task exited with return code 0
[2024-05-10T02:42:04.719+0000] {taskinstance.py:3312} INFO - 0 downstream tasks scheduled from follow-on schedule check
