[2024-05-12T07:40:20.618+0000] {taskinstance.py:1979} INFO - Dependencies all met for dep_context=non-requeueable deps ti=<TaskInstance: Units_statistics_DAG.ETL_job scheduled__2024-05-12T07:20:00+00:00 map_index=2 [queued]>
[2024-05-12T07:40:20.713+0000] {taskinstance.py:1979} INFO - Dependencies all met for dep_context=requeueable deps ti=<TaskInstance: Units_statistics_DAG.ETL_job scheduled__2024-05-12T07:20:00+00:00 map_index=2 [queued]>
[2024-05-12T07:40:20.714+0000] {taskinstance.py:2193} INFO - Starting attempt 1 of 4
[2024-05-12T07:40:20.808+0000] {taskinstance.py:2217} INFO - Executing <Mapped(_PythonDecoratedOperator): ETL_job> on 2024-05-12 07:20:00+00:00
[2024-05-12T07:40:20.837+0000] {standard_task_runner.py:60} INFO - Started process 962445 to run task
[2024-05-12T07:40:20.866+0000] {standard_task_runner.py:87} INFO - Running: ['***', 'tasks', 'run', 'Units_statistics_DAG', 'ETL_job', 'scheduled__2024-05-12T07:20:00+00:00', '--job-id', '53441', '--raw', '--subdir', 'DAGS_FOLDER/Units_dag.py', '--cfg-path', '/tmp/tmp2to4jq01', '--map-index', '2']
[2024-05-12T07:40:20.881+0000] {standard_task_runner.py:88} INFO - Job 53441: Subtask ETL_job
[2024-05-12T07:40:21.155+0000] {task_command.py:423} INFO - Running <TaskInstance: Units_statistics_DAG.ETL_job scheduled__2024-05-12T07:20:00+00:00 map_index=2 [running]> on host a09da322e808
[2024-05-12T07:40:21.625+0000] {taskinstance.py:2513} INFO - Exporting env vars: AIRFLOW_CTX_DAG_OWNER='abeer-araby' AIRFLOW_CTX_DAG_ID='Units_statistics_DAG' AIRFLOW_CTX_TASK_ID='ETL_job' AIRFLOW_CTX_EXECUTION_DATE='2024-05-12T07:20:00+00:00' AIRFLOW_CTX_TRY_NUMBER='1' AIRFLOW_CTX_DAG_RUN_ID='scheduled__2024-05-12T07:20:00+00:00'
[2024-05-12T07:40:21.626+0000] {Units_dag.py:98} INFO - i: 20000, chunk: 10000
[2024-05-12T07:40:21.627+0000] {Units_dag.py:99} INFO - child token is::: eyJ0eXAiOiJKV1QiLCJhbGciOiJIUzI1NiJ9.eyJpc3MiOiJodHRwczovL2FwaS5hZmFxeS5zYS9hdXRoL2xvZ2luX2FzIiwiaWF0IjoxNzE1NDk5NjA0LCJleHAiOjE3MTgwOTE2MDQsIm5iZiI6MTcxNTQ5OTYwNCwianRpIjoiQjFaWnlFUlNnMGV1ZmFtQSIsInN1YiI6IjVkNjNlNTFlMDNlZDUyOTJhNDJjMjRlNiIsInBydiI6IjI3MGVjZmM3ZWEzZWQ5MzdlYTg0OTM2MmEzYTUwOTEwYzZkOGNlNGYiLCJsb2dpbl9hc19pZCI6IjY1N2YwYWQ3M2Y5NzcyOTVjZjA1NTc2YSJ9.KG1yRf6f6_OQTDpb-qvEgrFKQycT0uwlpnRQw_RUdew
[2024-05-12T07:40:42.182+0000] {Units_dag.py:103} INFO - {'_id': '618a70eba63fa35a9c509bf6', 'icon': 'icons/icon.png', 'driver_id': '', 'tailer_id': '', 'profile': {'vehicle_type': '', 'measurement_type': 'weight', 'max_capacity': 0, 'vin': '', 'plate_number': '', 'start_operation': '', 'contract_milage': '', 'opening_milage': '', 'model': '', 'fuel_type': '91', 'year': 0, 'seats': 2}, 'device_password': '***', 'device_type': 'gps', 'gateway': False, 'name': 'أه ل 3386 -- 359-29', 'operation_code': '', 'device_gateway': '', 'business_types': {'waste': False, 'transportation': True, 'water': False}, 'imei': '862549042240237', 'sim_number': '+966862549042296', 'sim_serial': '862549042240237', 'device_serial': '862549042240237', 'device': 'ruptela', 'user_id': '5e539d8203ed52f71d634478', 'created_by': '5e6655bf03ed52e1ab79d301', 'updated_at': '2024-04-18 11:18:59', 'created_at': '2021-11-09 16:00:27', 'shipment_info': {'product_category': None, 'truck_type': None, 'shipment_type': None, 'shipment_payment_type': None, 'transporter_type': None, 'operating_area': None, 'weight_kilograms_per_day': None, 'kms_per_day': None, 'shipment_trip_drive_hrs_day': None, 'allowable_delay_drive_hrs_day': None, 'expected_shipment_trip_day': None, 'car_pay_per_day': None, 'exceeding_temperature_limit_per_day': None, 'temperature_upper_limit': None, 'exceeding_humidity_limit_per_day': None, 'humidity_upper_limit': None}, 'skip_sim_information': '', 'custom_fields': [], 'creator': 'amr.ahmed', 'company': '', 'owner': 'aemallamar', 'last_update': {'dtt': 1715499622000, 'dts': 1715499623926, 'spd': 73, 'ang': 318, 'alt': 658, 'chPrams': {'gsm': {'v': 26, 'cdt': 1715499597000}, 'io_1_176': {'v': 73, 'cdt': 1715499622000}, 'io_1_134': {'v': 0, 'cdt': 1715499622000}, 'io_1_136': {'v': 0, 'cdt': 1715499622000}, 'ai22': {'v': 3227, 'cdt': 1715499572000}, 'ePwrV': {'v': 28.166, 'cdt': 1715499622000}, 'io_1_135': {'v': 0, 'cdt': 1715499622000}, 'io_2_139': {'v': 25, 'cdt': 1715499597000}, 'di2': {'v': 0, 'cdt': 1636613276000}, 'io_1_130': {'v': 74, 'cdt': 1715499622000}, 'operator': {'v': 42004, 'cdt': 1715064163000}, 'di5': {'v': 1, 'cdt': 1715492993000}, 'io_2_131': {'v': 0, 'cdt': 1714189451000}, 'protocol': {'v': 'ruptela', 'cdt': 1713495147000}, 'io_2_137': {'v': 0, 'cdt': 1715498256000}, 'iPwrV': {'v': 4.015, 'cdt': 1715499622000}, 'event': {'v': 8, 'cdt': 1715499500000}, 'io_1_418': {'v': 1, 'cdt': 1715064184000}, 'move': {'v': 1, 'cdt': 1715499480000}, 'spd': {'v': 73, 'cdt': 1715499622000}, 'sat': {'v': 18, 'cdt': 1715499597000}, 'hdop': {'v': 0.6, 'cdt': 1715499546000}, 'io_2_560': {'v': 0, 'cdt': 1713440143000}, 'accTemp': {'v': 52, 'cdt': 1715498382000}, 'vOdometer': {'v': 91104215, 'cdt': 1715499622000}, 'io_1_405': {'v': 1, 'cdt': 1713495147000}}, 'prms': {'protocol': 'ruptela', 'sat': 18, 'spd': 73, 'hdop': 0.6, 'event': 8, 'io_1_130': 74, 'io_1_134': 0, 'io_1_135': 0, 'io_1_136': 0, 'di2': 0, 'di5': 1, 'accTemp': 52, 'io_1_405': 1, 'gsm': 26, 'move': 1, 'io_1_176': 73, 'io_1_418': 1, 'io_2_131': 0, 'io_2_137': 0, 'io_2_139': 25, 'ai22': 3227, 'io_2_560': 0, 'ePwrV': 28.166, 'iPwrV': 4.015, 'vOdometer': 91104215, 'operator': 42004}, 'devPrms': ['protocol', 'sat', 'spd', 'hdop', 'event', 'io_1_130', 'io_1_134', 'io_1_135', 'io_1_136', 'di2', 'di5', 'accTemp', 'io_1_405', 'gsm', 'move', 'io_1_176', 'io_1_418', 'io_2_131', 'io_2_137', 'io_2_139', 'ai22', 'io_2_560', 'ePwrV', 'iPwrV', 'vOdometer', 'operator'], 'old_params': {'protocol': 'ruptela', 'sat': 18, 'spd': 72, 'hdop': 0.6, 'event': 8, 'io_1_130': 72, 'io_1_134': 1, 'io_1_135': 1, 'io_1_136': 2, 'di2': 0, 'di5': 1, 'accTemp': 52, 'io_1_405': 1, 'gsm': 26, 'move': 1, 'io_1_176': 72, 'io_1_418': 1, 'io_2_131': 0, 'io_2_137': 0, 'io_2_139': 25, 'ai22': 3227, 'io_2_560': 0, 'ePwrV': 28.169, 'iPwrV': 4.016, 'vOdometer': 91103702, 'operator': 42004}, 'vLoc': 1, 'vCon': 1, 'ip': '51.36.57.232', 'rl': 0.5111, 'trl': 92905.1226, 'mdu': 25, 'tmdu': 7028850, 'eidl': 0, 'teidl': 19394479, 'fc': 0.061332, 'tfc': 174.050076, 'acc': 1, 'accOn': 228688490, 'accOff': 20384397, 'sdu': 0, 'tsdu': 0, 'lat': 24.5734683, 'lng': 39.6861816}, 'counters': {'odometer_type': 'gps', 'odometer': 92905.1296, 'engine_hours_type': 'acc', 'engine_hours': 228688490, 'last_acc': 1}, 'is_wasl_connected': 'Connected', 'iconUrl': 'https://api.afaqy.sa/images/units/icons/icon.png', 'hasCCTV': False}
[2024-05-12T07:40:42.773+0000] {warnings.py:109} WARNING - /home/***/.local/lib/python3.8/site-packages/elasticsearch/_sync/client/__init__.py:399: SecurityWarning: Connecting to 'https://dbelk1.afaqy.local:9200' using TLS with verify_certs=False is insecure
  _transport = transport_class(

[2024-05-12T07:40:42.819+0000] {warnings.py:109} WARNING - /home/***/.local/lib/python3.8/site-packages/elasticsearch/_sync/client/__init__.py:399: SecurityWarning: Connecting to 'https://dbelk2.afaqy.local:9200' using TLS with verify_certs=False is insecure
  _transport = transport_class(

[2024-05-12T07:40:42.868+0000] {warnings.py:109} WARNING - /home/***/.local/lib/python3.8/site-packages/elasticsearch/_sync/client/__init__.py:399: SecurityWarning: Connecting to 'https://dbelk3.afaqy.local:9200' using TLS with verify_certs=False is insecure
  _transport = transport_class(

[2024-05-12T07:40:42.899+0000] {warnings.py:109} WARNING - /home/***/.local/lib/python3.8/site-packages/urllib3/connectionpool.py:1061: InsecureRequestWarning: Unverified HTTPS request is being made to host 'dbelk1.afaqy.local'. Adding certificate verification is strongly advised. See: https://urllib3.readthedocs.io/en/1.26.x/advanced-usage.html#ssl-warnings
  warnings.warn(

[2024-05-12T07:40:42.962+0000] {_transport.py:335} INFO - GET https://dbelk1.afaqy.local:9200/_cluster/health [status:200 duration:0.092s]
[2024-05-12T07:40:43.395+0000] {warnings.py:109} WARNING - /home/***/.local/lib/python3.8/site-packages/urllib3/connectionpool.py:1061: InsecureRequestWarning: Unverified HTTPS request is being made to host 'dbelk2.afaqy.local'. Adding certificate verification is strongly advised. See: https://urllib3.readthedocs.io/en/1.26.x/advanced-usage.html#ssl-warnings
  warnings.warn(

[2024-05-12T07:40:43.410+0000] {_transport.py:335} INFO - PUT https://dbelk2.afaqy.local:9200/units_statistics_***/_bulk [status:429 duration:0.040s]
[2024-05-12T07:40:43.411+0000] {_node_pool.py:249} WARNING - Node <Urllib3HttpNode(https://dbelk2.afaqy.local:9200)> has failed for 1 times in a row, putting on 1 second timeout
[2024-05-12T07:40:43.411+0000] {_transport.py:427} WARNING - Retrying request after non-successful status 429 (attempt 0 of 3)
[2024-05-12T07:40:43.411+0000] {warnings.py:109} WARNING - /home/***/.local/lib/python3.8/site-packages/urllib3/connectionpool.py:1061: InsecureRequestWarning: Unverified HTTPS request is being made to host 'dbelk1.afaqy.local'. Adding certificate verification is strongly advised. See: https://urllib3.readthedocs.io/en/1.26.x/advanced-usage.html#ssl-warnings
  warnings.warn(

[2024-05-12T07:40:43.781+0000] {_transport.py:335} INFO - PUT https://dbelk1.afaqy.local:9200/units_statistics_***/_bulk [status:200 duration:0.370s]
[2024-05-12T07:40:44.124+0000] {taskinstance.py:2731} ERROR - Task failed with exception
Traceback (most recent call last):
  File "/home/airflow/.local/lib/python3.8/site-packages/airflow/models/taskinstance.py", line 444, in _execute_task
    result = _execute_callable(context=context, **execute_callable_kwargs)
  File "/home/airflow/.local/lib/python3.8/site-packages/airflow/models/taskinstance.py", line 414, in _execute_callable
    return execute_callable(context=context, **execute_callable_kwargs)
  File "/home/airflow/.local/lib/python3.8/site-packages/airflow/decorators/base.py", line 241, in execute
    return_value = super().execute(context)
  File "/home/airflow/.local/lib/python3.8/site-packages/airflow/operators/python.py", line 200, in execute
    return_value = self.execute_callable()
  File "/home/airflow/.local/lib/python3.8/site-packages/airflow/operators/python.py", line 217, in execute_callable
    return self.python_callable(*self.op_args, **self.op_kwargs)
  File "/opt/airflow/dags/Units_dag.py", line 111, in ETL_job
    Elk_client.elk_pushData(Globals.index_name,units_list_update)
  File "/opt/airflow/dags/units_statistics/elk_manager.py", line 69, in elk_pushData
    helpers.bulk(self.elk_client, docs_list, index=index_name, chunk_size=batch)
  File "/home/airflow/.local/lib/python3.8/site-packages/elasticsearch/helpers/actions.py", line 521, in bulk
    for ok, item in streaming_bulk(
  File "/home/airflow/.local/lib/python3.8/site-packages/elasticsearch/helpers/actions.py", line 436, in streaming_bulk
    for data, (ok, info) in zip(
  File "/home/airflow/.local/lib/python3.8/site-packages/elasticsearch/helpers/actions.py", line 355, in _process_bulk_chunk
    yield from gen
  File "/home/airflow/.local/lib/python3.8/site-packages/elasticsearch/helpers/actions.py", line 274, in _process_bulk_chunk_success
    raise BulkIndexError(f"{len(errors)} document(s) failed to index.", errors)
elasticsearch.helpers.BulkIndexError: 10000 document(s) failed to index.
[2024-05-12T07:40:44.136+0000] {taskinstance.py:1149} INFO - Marking task as UP_FOR_RETRY. dag_id=Units_statistics_DAG, task_id=ETL_job, map_index=2, execution_date=20240512T072000, start_date=20240512T074020, end_date=20240512T074044
[2024-05-12T07:40:44.154+0000] {standard_task_runner.py:107} ERROR - Failed to execute job 53441 for task ETL_job (10000 document(s) failed to index.; 962445)
[2024-05-12T07:40:44.219+0000] {local_task_job_runner.py:234} INFO - Task exited with return code 1
[2024-05-12T07:40:44.250+0000] {taskinstance.py:3312} INFO - 0 downstream tasks scheduled from follow-on schedule check
