[2024-05-12T17:40:21.215+0000] {local_task_job_runner.py:120} INFO - ::group::Pre task execution logs
[2024-05-12T17:40:21.485+0000] {taskinstance.py:2076} INFO - Dependencies all met for dep_context=non-requeueable deps ti=<TaskInstance: Units_statistics_DAG.ETL_job scheduled__2024-05-12T17:20:00+00:00 map_index=14 [queued]>
[2024-05-12T17:40:21.573+0000] {taskinstance.py:2076} INFO - Dependencies all met for dep_context=requeueable deps ti=<TaskInstance: Units_statistics_DAG.ETL_job scheduled__2024-05-12T17:20:00+00:00 map_index=14 [queued]>
[2024-05-12T17:40:21.574+0000] {taskinstance.py:2306} INFO - Starting attempt 1 of 4
[2024-05-12T17:40:21.666+0000] {taskinstance.py:2330} INFO - Executing <Mapped(_PythonDecoratedOperator): ETL_job> on 2024-05-12 17:20:00+00:00
[2024-05-12T17:40:21.680+0000] {warnings.py:110} WARNING - /home/***/.local/lib/python3.12/site-packages/***/task/task_runner/standard_task_runner.py:61: DeprecationWarning: This process (pid=2349) is multi-threaded, use of fork() may lead to deadlocks in the child.
  pid = os.fork()

[2024-05-12T17:40:21.692+0000] {standard_task_runner.py:63} INFO - Started process 2366 to run task
[2024-05-12T17:40:21.719+0000] {standard_task_runner.py:90} INFO - Running: ['***', 'tasks', 'run', 'Units_statistics_DAG', 'ETL_job', 'scheduled__2024-05-12T17:20:00+00:00', '--job-id', '54488', '--raw', '--subdir', 'DAGS_FOLDER/Units_dag.py', '--cfg-path', '/tmp/tmpo_bg4pnk', '--map-index', '14']
[2024-05-12T17:40:21.721+0000] {standard_task_runner.py:91} INFO - Job 54488: Subtask ETL_job
[2024-05-12T17:40:22.074+0000] {task_command.py:426} INFO - Running <TaskInstance: Units_statistics_DAG.ETL_job scheduled__2024-05-12T17:20:00+00:00 map_index=14 [running]> on host 7138d7e072c5
[2024-05-12T17:40:22.362+0000] {taskinstance.py:2648} INFO - Exporting env vars: AIRFLOW_CTX_DAG_OWNER='abeer-araby' AIRFLOW_CTX_DAG_ID='Units_statistics_DAG' AIRFLOW_CTX_TASK_ID='ETL_job' AIRFLOW_CTX_EXECUTION_DATE='2024-05-12T17:20:00+00:00' AIRFLOW_CTX_TRY_NUMBER='1' AIRFLOW_CTX_DAG_RUN_ID='scheduled__2024-05-12T17:20:00+00:00'
[2024-05-12T17:40:22.363+0000] {taskinstance.py:430} INFO - ::endgroup::
[2024-05-12T17:40:22.364+0000] {Units_dag.py:98} INFO - i: 140000, chunk: 10000
[2024-05-12T17:40:22.365+0000] {Units_dag.py:99} INFO - child token is::: eyJ0eXAiOiJKV1QiLCJhbGciOiJIUzI1NiJ9.eyJpc3MiOiJodHRwczovL2FwaS5hZmFxeS5zYS9hdXRoL2xvZ2luX2FzIiwiaWF0IjoxNzE1NTM1NjA0LCJleHAiOjE3MTgxMjc2MDQsIm5iZiI6MTcxNTUzNTYwNCwianRpIjoiVk1TbENnSEVDTXZ0dGY0cyIsInN1YiI6IjVkNjNlNTFlMDNlZDUyOTJhNDJjMjRlNiIsInBydiI6IjI3MGVjZmM3ZWEzZWQ5MzdlYTg0OTM2MmEzYTUwOTEwYzZkOGNlNGYiLCJsb2dpbl9hc19pZCI6IjY1N2YwYWQ3M2Y5NzcyOTVjZjA1NTc2YSJ9.9hS97N4s4Bywsa0e2fDDy0g8vmfSl7amOcgsG-z6zvQ
[2024-05-12T17:40:48.544+0000] {Units_dag.py:103} INFO - {'_id': '65520fbdfc7f7e768f0edd43', 'icon': 'icons/icon.png', 'driver_id': '', 'tailer_id': '', 'profile': {'vehicle_type': '', 'measurement_type': 'count', 'max_capacity': 0, 'vin': '', 'plate_number': '', 'start_operation': '', 'contract_milage': '', 'opening_milage': '', 'model': '', 'fuel_type': 91, 'year': 0, 'seats': 2}, 'shipment_info': {'product_category': None, 'truck_type': None, 'shipment_type': None, 'shipment_payment_type': None, 'transporter_type': None, 'operating_area': None, 'weight_kilograms_per_day': None, 'kms_per_day': None, 'shipment_trip_drive_hrs_day': None, 'allowable_delay_drive_hrs_day': None, 'expected_shipment_trip_day': None, 'car_pay_per_day': None, 'exceeding_temperature_limit_per_day': None, 'temperature_upper_limit': None, 'exceeding_humidity_limit_per_day': None, 'humidity_upper_limit': None}, 'device_password': '***', 'device_type': 'gps', 'gateway': False, 'business_types': {'waste': False, 'transportation': False, 'water': False}, 'name': '2926 ا ر م', 'operation_code': '', 'device_gateway': None, 'skip_sim_information': '', 'imei': '354018113898039', 'sim_number': '+966830031734467', 'sim_serial': '354018113898039', 'device_serial': '354018113898039', 'device': 'teltonika', 'user_id': '606c2ad096a45d6bf772ec29', 'created_by': '6409b4ac4e44254fa87e4923', 'updated_at': '2024-04-18 11:18:59', 'created_at': '2023-11-13 14:59:57', 'custom_fields': [], 'creator': 'khalid-tubeileh', 'company': '', 'owner': 'tanmiah-co-demo-admin', 'counters': None, 'is_wasl_connected': 'Not Connected', 'iconUrl': 'https://api.afaqy.sa/images/units/icons/icon.png', 'hasCCTV': False}
[2024-05-12T17:40:50.855+0000] {warnings.py:110} WARNING - /home/***/.local/lib/python3.12/site-packages/elasticsearch/_sync/client/__init__.py:399: SecurityWarning: Connecting to 'https://dbelk1.afaqy.local:9200' using TLS with verify_certs=False is insecure
  _transport = transport_class(

[2024-05-12T17:40:51.023+0000] {warnings.py:110} WARNING - /home/***/.local/lib/python3.12/site-packages/elasticsearch/_sync/client/__init__.py:399: SecurityWarning: Connecting to 'https://dbelk3.afaqy.local:9200' using TLS with verify_certs=False is insecure
  _transport = transport_class(

[2024-05-12T17:40:52.789+0000] {warnings.py:110} WARNING - /home/***/.local/lib/python3.12/site-packages/elasticsearch/_sync/client/__init__.py:399: SecurityWarning: Connecting to 'https://dbelk2.afaqy.local:9200' using TLS with verify_certs=False is insecure
  _transport = transport_class(

[2024-05-12T17:40:52.842+0000] {warnings.py:110} WARNING - /home/***/.local/lib/python3.12/site-packages/urllib3/connectionpool.py:1103: InsecureRequestWarning: Unverified HTTPS request is being made to host 'dbelk1.afaqy.local'. Adding certificate verification is strongly advised. See: https://urllib3.readthedocs.io/en/latest/advanced-usage.html#tls-warnings
  warnings.warn(

[2024-05-12T17:40:52.937+0000] {_transport.py:349} INFO - GET https://dbelk1.afaqy.local:9200/_cluster/health [status:200 duration:0.123s]
[2024-05-12T17:40:54.261+0000] {warnings.py:110} WARNING - /home/***/.local/lib/python3.12/site-packages/urllib3/connectionpool.py:1103: InsecureRequestWarning: Unverified HTTPS request is being made to host 'dbelk3.afaqy.local'. Adding certificate verification is strongly advised. See: https://urllib3.readthedocs.io/en/latest/advanced-usage.html#tls-warnings
  warnings.warn(

[2024-05-12T17:40:55.592+0000] {_transport.py:349} INFO - PUT https://dbelk3.afaqy.local:9200/units_statistics_***/_bulk [status:200 duration:1.376s]
[2024-05-12T17:40:56.148+0000] {python.py:237} INFO - Done. Returned value was: None
[2024-05-12T17:40:56.149+0000] {taskinstance.py:441} INFO - ::group::Post task execution logs
[2024-05-12T17:40:56.193+0000] {taskinstance.py:1206} INFO - Marking task as SUCCESS. dag_id=Units_statistics_DAG, task_id=ETL_job, run_id=scheduled__2024-05-12T17:20:00+00:00, map_index=14, execution_date=20240512T172000, start_date=20240512T174021, end_date=20240512T174056
[2024-05-12T17:40:56.292+0000] {local_task_job_runner.py:240} INFO - Task exited with return code 0
[2024-05-12T17:40:56.332+0000] {taskinstance.py:3498} INFO - 0 downstream tasks scheduled from follow-on schedule check
[2024-05-12T17:40:56.334+0000] {local_task_job_runner.py:222} INFO - ::endgroup::
