[2024-05-10T14:44:24.413+0000] {taskinstance.py:1979} INFO - Dependencies all met for dep_context=non-requeueable deps ti=<TaskInstance: Units_statistics_DAG.ETL_job scheduled__2024-05-10T14:20:00+00:00 map_index=17 [queued]>
[2024-05-10T14:44:24.427+0000] {taskinstance.py:1979} INFO - Dependencies all met for dep_context=requeueable deps ti=<TaskInstance: Units_statistics_DAG.ETL_job scheduled__2024-05-10T14:20:00+00:00 map_index=17 [queued]>
[2024-05-10T14:44:24.427+0000] {taskinstance.py:2193} INFO - Starting attempt 4 of 4
[2024-05-10T14:44:24.448+0000] {taskinstance.py:2217} INFO - Executing <Mapped(_PythonDecoratedOperator): ETL_job> on 2024-05-10 14:20:00+00:00
[2024-05-10T14:44:24.455+0000] {standard_task_runner.py:60} INFO - Started process 916525 to run task
[2024-05-10T14:44:24.462+0000] {standard_task_runner.py:87} INFO - Running: ['***', 'tasks', 'run', 'Units_statistics_DAG', 'ETL_job', 'scheduled__2024-05-10T14:20:00+00:00', '--job-id', '47982', '--raw', '--subdir', 'DAGS_FOLDER/Units_dag.py', '--cfg-path', '/tmp/tmpoereedre', '--map-index', '17']
[2024-05-10T14:44:24.465+0000] {standard_task_runner.py:88} INFO - Job 47982: Subtask ETL_job
[2024-05-10T14:44:24.559+0000] {task_command.py:423} INFO - Running <TaskInstance: Units_statistics_DAG.ETL_job scheduled__2024-05-10T14:20:00+00:00 map_index=17 [running]> on host a09da322e808
[2024-05-10T14:44:24.752+0000] {taskinstance.py:2513} INFO - Exporting env vars: AIRFLOW_CTX_DAG_OWNER='abeer-araby' AIRFLOW_CTX_DAG_ID='Units_statistics_DAG' AIRFLOW_CTX_TASK_ID='ETL_job' AIRFLOW_CTX_EXECUTION_DATE='2024-05-10T14:20:00+00:00' AIRFLOW_CTX_TRY_NUMBER='4' AIRFLOW_CTX_DAG_RUN_ID='scheduled__2024-05-10T14:20:00+00:00'
[2024-05-10T14:44:24.754+0000] {Units_dag.py:98} INFO - i: 170000, chunk: 1629
[2024-05-10T14:44:24.754+0000] {Units_dag.py:99} INFO - child token is::: eyJ0eXAiOiJKV1QiLCJhbGciOiJIUzI1NiJ9.eyJpc3MiOiJodHRwczovL2FwaS5hZmFxeS5zYS9hdXRoL2xvZ2luX2FzIiwiaWF0IjoxNzE1MzUyMDA0LCJleHAiOjE3MTc5NDQwMDQsIm5iZiI6MTcxNTM1MjAwNCwianRpIjoiQ2ZneGM1N3R1NGFBRGdBViIsInN1YiI6IjVkNjNlNTFlMDNlZDUyOTJhNDJjMjRlNiIsInBydiI6IjI3MGVjZmM3ZWEzZWQ5MzdlYTg0OTM2MmEzYTUwOTEwYzZkOGNlNGYiLCJsb2dpbl9hc19pZCI6IjY1N2YwYWQ3M2Y5NzcyOTVjZjA1NTc2YSJ9.vdMDE2dqCjiCG7C4ovvRBPG9k-LJ2gySd_yMexiXC38
[2024-05-10T14:44:28.709+0000] {Units_dag.py:103} INFO - {'_id': '66386d156b5681452e0076f3', 'icon': 'icons/icon.png', 'driver_id': '', 'tailer_id': '', 'profile': {'measurement_type': 'count', 'fuel_type': '91', 'year': 0, 'seats': 2}, 'shipment_info': {'product_category': '', 'truck_type': '', 'shipment_type': '', 'shipment_payment_type': '', 'transporter_type': '', 'operating_area': '', 'weight_kilograms_per_day': '', 'kms_per_day': '', 'opening_milage': '', 'shipment_trip_drive_hrs_day': '', 'expected_shipment_trip_day': '', 'car_pay_per_day': '', 'exceeding_temperature_limit_per_day': '', 'temperature_upper_limit': '', 'exceeding_humidity_limit_per_day': '', 'humidity_upper_limit': '', 'allowable_delay_drive_hrs_day': ''}, 'device_password': '***', 'device_type': 'gps', 'gateway': False, 'business_types': {'waste': False, 'transportation': True, 'water': False, 'hajj': False}, 'name': '7989JSB', 'operation_code': None, 'device_gateway': None, 'skip_sim_information': False, 'custom_fields': [], 'imei': '867994066983640', 'sim_number': '+966830020624772', 'sim_serial': '8996609821112199240', 'device_serial': '867994066983640', 'device': 'bce', 'user_id': '60ffcb2bfbe2e055682d2979', 'created_by': '5e6655bf03ed52e1ab79d301', 'updated_at': '2024-05-06 05:39:33', 'created_at': '2024-05-06 08:39:33', 'creator': 'amr.ahmed', 'company': '', 'owner': 'bin-zagr-admin', 'last_update': {'dtt': 1715352110000, 'dts': 1715352115692, 'spd': 0, 'ang': 352, 'alt': 1652, 'chPrams': {'ePwrV': {'v': 13.184, 'cdt': 1715352110000}, 'di16': {'v': 1, 'cdt': 1714973940000}, 'rssi1': {'v': 67, 'cdt': 1715352110000}, 'di15': {'v': 0, 'cdt': 1714973940000}, 'di14': {'v': 0, 'cdt': 1715352064000}, 'di13': {'v': 0, 'cdt': 1714973940000}, 'di12': {'v': 0, 'cdt': 1714973940000}, 'di11': {'v': 0, 'cdt': 1714973940000}, 'di10': {'v': 0, 'cdt': 1714973940000}, 'di2': {'v': 0, 'cdt': 1714973940000}, 'ai4': {'v': 216, 'cdt': 1715352090000}, 'di1': {'v': 1, 'cdt': 1715351744000}, 'di4': {'v': 0, 'cdt': 1714973940000}, 'di3': {'v': 0, 'cdt': 1714973940000}, 'di6': {'v': 0, 'cdt': 1714973940000}, 'di5': {'v': 0, 'cdt': 1715352110000}, 'lac1': {'v': 2588, 'cdt': 1715351488000}, 'ai8': {'v': 0, 'cdt': 1714973984000}, 'protocol': {'v': 'bce', 'cdt': 1714973940000}, 'di8': {'v': 1, 'cdt': 1714973940000}, 'di7': {'v': 1, 'cdt': 1715348230000}, 'di9': {'v': 0, 'cdt': 1714973940000}, 'iPwrV': {'v': 4.072, 'cdt': 1715352076000}, 'humidity': {'v': -1, 'cdt': 1714973984000}, 'ID': {'v': '0', 'cdt': 1714973984000}, 'cid1': {'v': 33953, 'cdt': 1715352110000}, 'temp': {'v': -273, 'cdt': 1714973984000}, 'odometer': {'v': 1236492330, 'cdt': 1715352090000}, 'spd': {'v': 0, 'cdt': 1715352090000}, 'sat': {'v': 12, 'cdt': 1715351980000}, 'hdop': {'v': 1, 'cdt': 1715064066000}, 'ta': {'v': 0, 'cdt': 1714973940000}, 'mcc1': {'v': 420, 'cdt': 1714973960000}, 'mnc1': {'v': 3, 'cdt': 1714973960000}}, 'prms': {'protocol': 'bce', 'spd': 0, 'sat': 12, 'hdop': 1, 'odometer': 1236492330, 'di16': 1, 'di15': 0, 'di14': 0, 'di13': 0, 'di12': 0, 'di11': 0, 'di10': 0, 'di9': 0, 'di8': 1, 'di7': 1, 'di6': 0, 'di5': 0, 'di4': 0, 'di3': 0, 'di2': 0, 'di1': 1, 'ePwrV': 13.184, 'ai4': 216, 'iPwrV': 4.072, 'ai8': 0, 'ta': 0, 'mcc1': 420, 'mnc1': 3, 'lac1': 2588, 'cid1': 33953, 'rssi1': 67, 'ID': '0', 'temp': -273, 'humidity': -1}, 'devPrms': ['protocol', 'spd', 'sat', 'hdop', 'odometer', 'di16', 'di15', 'di14', 'di13', 'di12', 'di11', 'di10', 'di9', 'di8', 'di7', 'di6', 'di5', 'di4', 'di3', 'di2', 'di1', 'ePwrV', 'ai4', 'iPwrV', 'ai8', 'ta', 'mcc1', 'mnc1', 'lac1', 'cid1', 'rssi1', 'ID', 'temp', 'humidity'], 'old_params': {'protocol': 'bce', 'spd': 0, 'sat': 12, 'hdop': 1, 'odometer': 1236492330, 'di16': 1, 'di15': 0, 'di14': 0, 'di13': 0, 'di12': 0, 'di11': 0, 'di10': 0, 'di9': 0, 'di8': 1, 'di7': 1, 'di6': 0, 'di5': 1, 'di4': 0, 'di3': 0, 'di2': 0, 'di1': 1, 'ePwrV': 13.681, 'ai4': 216, 'iPwrV': 4.072, 'ai8': 0, 'ta': 0, 'mcc1': 420, 'mnc1': 3, 'lac1': 2588, 'cid1': 33952, 'rssi1': 65, 'ID': '0', 'temp': -273, 'humidity': -1}, 'vLoc': 1, 'vCon': 1, 'ip': '37.216.44.52', 'rl': 0, 'trl': 1472.1879, 'mdu': 0, 'tmdu': 63250, 'eidl': 20, 'teidl': 63064, 'fc': 0, 'tfc': 16.410948, 'acc': 0, 'accOn': 5551070, 'accOff': 260958, 'sdu': 0, 'tsdu': 0, 'lat': 21.28195571899414, 'lng': 40.43277359008789}, 'counters': {'engine_hours': 5551070, 'last_acc': 0, 'odometer': 1472.1879}, 'is_wasl_connected': 'Not Connected', 'iconUrl': 'https://api.afaqy.sa/images/units/icons/icon.png', 'hasCCTV': False}
[2024-05-10T14:44:29.227+0000] {warnings.py:109} WARNING - /home/***/.local/lib/python3.8/site-packages/elasticsearch/_sync/client/__init__.py:399: SecurityWarning: Connecting to 'https://dbelk2.afaqy.local:9200' using TLS with verify_certs=False is insecure
  _transport = transport_class(

[2024-05-10T14:44:29.281+0000] {warnings.py:109} WARNING - /home/***/.local/lib/python3.8/site-packages/elasticsearch/_sync/client/__init__.py:399: SecurityWarning: Connecting to 'https://dbelk1.afaqy.local:9200' using TLS with verify_certs=False is insecure
  _transport = transport_class(

[2024-05-10T14:44:29.327+0000] {warnings.py:109} WARNING - /home/***/.local/lib/python3.8/site-packages/elasticsearch/_sync/client/__init__.py:399: SecurityWarning: Connecting to 'https://dbelk3.afaqy.local:9200' using TLS with verify_certs=False is insecure
  _transport = transport_class(

[2024-05-10T14:44:29.354+0000] {warnings.py:109} WARNING - /home/***/.local/lib/python3.8/site-packages/urllib3/connectionpool.py:1061: InsecureRequestWarning: Unverified HTTPS request is being made to host 'dbelk2.afaqy.local'. Adding certificate verification is strongly advised. See: https://urllib3.readthedocs.io/en/1.26.x/advanced-usage.html#ssl-warnings
  warnings.warn(

[2024-05-10T14:44:29.450+0000] {_transport.py:335} INFO - GET https://dbelk2.afaqy.local:9200/_cluster/health [status:200 duration:0.121s]
[2024-05-10T14:44:29.540+0000] {warnings.py:109} WARNING - /home/***/.local/lib/python3.8/site-packages/urllib3/connectionpool.py:1061: InsecureRequestWarning: Unverified HTTPS request is being made to host 'dbelk1.afaqy.local'. Adding certificate verification is strongly advised. See: https://urllib3.readthedocs.io/en/1.26.x/advanced-usage.html#ssl-warnings
  warnings.warn(

[2024-05-10T14:44:29.904+0000] {_transport.py:335} INFO - PUT https://dbelk1.afaqy.local:9200/units_statistics_***/_bulk [status:200 duration:0.393s]
[2024-05-10T14:44:30.194+0000] {taskinstance.py:2731} ERROR - Task failed with exception
Traceback (most recent call last):
  File "/home/airflow/.local/lib/python3.8/site-packages/airflow/models/taskinstance.py", line 444, in _execute_task
    result = _execute_callable(context=context, **execute_callable_kwargs)
  File "/home/airflow/.local/lib/python3.8/site-packages/airflow/models/taskinstance.py", line 414, in _execute_callable
    return execute_callable(context=context, **execute_callable_kwargs)
  File "/home/airflow/.local/lib/python3.8/site-packages/airflow/decorators/base.py", line 241, in execute
    return_value = super().execute(context)
  File "/home/airflow/.local/lib/python3.8/site-packages/airflow/operators/python.py", line 200, in execute
    return_value = self.execute_callable()
  File "/home/airflow/.local/lib/python3.8/site-packages/airflow/operators/python.py", line 217, in execute_callable
    return self.python_callable(*self.op_args, **self.op_kwargs)
  File "/opt/airflow/dags/Units_dag.py", line 111, in ETL_job
    Elk_client.elk_pushData(Globals.index_name,units_list_update)
  File "/opt/airflow/dags/units_statistics/elk_manager.py", line 69, in elk_pushData
    helpers.bulk(self.elk_client, docs_list, index=index_name, chunk_size=batch)
  File "/home/airflow/.local/lib/python3.8/site-packages/elasticsearch/helpers/actions.py", line 521, in bulk
    for ok, item in streaming_bulk(
  File "/home/airflow/.local/lib/python3.8/site-packages/elasticsearch/helpers/actions.py", line 436, in streaming_bulk
    for data, (ok, info) in zip(
  File "/home/airflow/.local/lib/python3.8/site-packages/elasticsearch/helpers/actions.py", line 355, in _process_bulk_chunk
    yield from gen
  File "/home/airflow/.local/lib/python3.8/site-packages/elasticsearch/helpers/actions.py", line 274, in _process_bulk_chunk_success
    raise BulkIndexError(f"{len(errors)} document(s) failed to index.", errors)
elasticsearch.helpers.BulkIndexError: 15 document(s) failed to index.
[2024-05-10T14:44:30.216+0000] {taskinstance.py:1149} INFO - Marking task as FAILED. dag_id=Units_statistics_DAG, task_id=ETL_job, map_index=17, execution_date=20240510T142000, start_date=20240510T144424, end_date=20240510T144430
[2024-05-10T14:44:30.240+0000] {standard_task_runner.py:107} ERROR - Failed to execute job 47982 for task ETL_job (15 document(s) failed to index.; 916525)
[2024-05-10T14:44:30.286+0000] {local_task_job_runner.py:234} INFO - Task exited with return code 1
[2024-05-10T14:44:30.321+0000] {taskinstance.py:3312} INFO - 0 downstream tasks scheduled from follow-on schedule check
