[2024-04-22T22:40:16.179+0000] {taskinstance.py:1979} INFO - Dependencies all met for dep_context=non-requeueable deps ti=<TaskInstance: Units_statistics_DAG.ETL_job scheduled__2024-04-22T22:20:00+00:00 map_index=9 [queued]>
[2024-04-22T22:40:16.226+0000] {taskinstance.py:1979} INFO - Dependencies all met for dep_context=requeueable deps ti=<TaskInstance: Units_statistics_DAG.ETL_job scheduled__2024-04-22T22:20:00+00:00 map_index=9 [queued]>
[2024-04-22T22:40:16.226+0000] {taskinstance.py:2193} INFO - Starting attempt 1 of 4
[2024-04-22T22:40:16.292+0000] {taskinstance.py:2217} INFO - Executing <Mapped(_PythonDecoratedOperator): ETL_job> on 2024-04-22 22:20:00+00:00
[2024-04-22T22:40:16.311+0000] {standard_task_runner.py:60} INFO - Started process 481321 to run task
[2024-04-22T22:40:16.357+0000] {standard_task_runner.py:87} INFO - Running: ['***', 'tasks', 'run', 'Units_statistics_DAG', 'ETL_job', 'scheduled__2024-04-22T22:20:00+00:00', '--job-id', '12076', '--raw', '--subdir', 'DAGS_FOLDER/Units_dag.py', '--cfg-path', '/tmp/tmpwx_24tzf', '--map-index', '9']
[2024-04-22T22:40:16.362+0000] {standard_task_runner.py:88} INFO - Job 12076: Subtask ETL_job
[2024-04-22T22:40:16.567+0000] {task_command.py:423} INFO - Running <TaskInstance: Units_statistics_DAG.ETL_job scheduled__2024-04-22T22:20:00+00:00 map_index=9 [running]> on host a09da322e808
[2024-04-22T22:40:16.973+0000] {taskinstance.py:2513} INFO - Exporting env vars: AIRFLOW_CTX_DAG_OWNER='abeer-araby' AIRFLOW_CTX_DAG_ID='Units_statistics_DAG' AIRFLOW_CTX_TASK_ID='ETL_job' AIRFLOW_CTX_EXECUTION_DATE='2024-04-22T22:20:00+00:00' AIRFLOW_CTX_TRY_NUMBER='1' AIRFLOW_CTX_DAG_RUN_ID='scheduled__2024-04-22T22:20:00+00:00'
[2024-04-22T22:40:16.974+0000] {Units_dag.py:99} INFO - i: 90000, chunk: 10000
[2024-04-22T22:40:16.982+0000] {Units_dag.py:100} INFO - child token is::: eyJ0eXAiOiJKV1QiLCJhbGciOiJIUzI1NiJ9.eyJpc3MiOiJodHRwczovL2FwaS5hZmFxeS5zYS9hdXRoL2xvZ2luX2FzIiwiaWF0IjoxNzEzODI1NjAzLCJleHAiOjE3MTY0MTc2MDMsIm5iZiI6MTcxMzgyNTYwMywianRpIjoib0djeTNwZ3BLcEJMVGJSNCIsInN1YiI6IjVkNjNlNTFlMDNlZDUyOTJhNDJjMjRlNiIsInBydiI6IjI3MGVjZmM3ZWEzZWQ5MzdlYTg0OTM2MmEzYTUwOTEwYzZkOGNlNGYiLCJsb2dpbl9hc19pZCI6IjY1N2YwYWQ3M2Y5NzcyOTVjZjA1NTc2YSJ9.cH_pSiKDiwZ9FlPlLAaAUDblU0NKt25Zm_LLRDPm0i8
[2024-04-22T22:40:36.930+0000] {Units_dag.py:104} INFO - {'_id': '640bfa154cd7b91fb317969e', 'icon': 'icons/icon.png', 'driver_id': '', 'tailer_id': '', 'profile': {'vehicle_type': '', 'measurement_type': 'count', 'max_capacity': 0, 'vin': '', 'plate_number': '', 'start_operation': '', 'contract_milage': '', 'opening_milage': '', 'model': '', 'fuel_type': '91', 'year': 0, 'seats': 2}, 'device_password': '***', 'device_type': 'gps', 'gateway': False, 'name': 'أ م ح 8661', 'operation_code': '', 'imei': '863540061927076', 'sim_number': '+966212967268345', 'sim_serial': '8996604212967268345', 'device_serial': '1130034684', 'device': 'teltonika', 'created_by': '5e539d8203ed52f71d634478', 'user_id': '5e539d8203ed52f71d634478', 'updated_at': '2024-04-18 11:18:59', 'created_at': '2023-03-11 06:48:37', 'business_types': {'waste': False, 'transportation': True, 'water': False, 'hajj': False}, 'device_gateway': '', 'custom_fields': [], 'creator': 'aemallamar', 'company': '', 'owner': 'aemallamar', 'last_update': {'dtt': 1713825472000, 'dts': 1713825476045, 'spd': 0, 'ang': 30, 'alt': 288, 'chPrams': {'parm76': {'v': 0, 'cdt': 1712232351000}, 'output1': {'v': False, 'cdt': 1713824871000}, 'output2': {'v': False, 'cdt': 1713824871000}, 'motion': {'v': False, 'cdt': 1713824871000}, 'ePwrV': {'v': 26.052, 'cdt': 1713824871000}, 'sat': {'v': 16, 'cdt': 1713825472000}, 'ai1': {'v': 0, 'cdt': 1678522425000}, 'di2': {'v': 0, 'cdt': 1678522425000}, 'priority': {'v': 0, 'cdt': 1713789710000}, 'type': {'v': 6, 'cdt': 1712311090000}, 'di1': {'v': 0, 'cdt': 1713788807010}, 'temp1': {'v': 0, 'cdt': 1713068929000}, 'result': {'v': '5665723a30332e32372e31335f3534204750533a41584e5f352e312e392048773a464d43313330204d6f643a3420494d45493a38363335343030363139323730373620496e69743a323032342d342d313720333a3420557074696d653a353031313535204d41433a344438463442443636323631205350433a312830292041584c3a32204f42443a3020424c3a312e31302042543a34', 'cdt': 1713824571000}, 'protocol': {'v': 'FMC130', 'cdt': 1713824871000}, 'parm6': {'v': 0, 'cdt': 1712232351000}, 'temp5': {'v': 30, 'cdt': 1713068929000}, 'iPwrV': {'v': 4.0200000000000005, 'cdt': 1713796320000}, 'event': {'v': 0, 'cdt': 1713788817000}, 'humidity86': {'v': 300, 'cdt': 1713068929000}}, 'prms': {'protocol': 'FMC130', 'priority': 0, 'sat': 16, 'event': 0, 'di1': 0, 'motion': 0, 'output1': 0, 'di2': 0, 'output2': 0, 'ePwrV': 26.052, 'iPwrV': 4.0200000000000005, 'ai1': 0, 'parm6': 0, 'temp5': 30, 'humidity86': 300, 'temp1': 0, 'parm76': 0}, 'devPrms': ['protocol', 'priority', 'sat', 'event', 'di1', 'motion', 'output1', 'di2', 'output2', 'ePwrV', 'iPwrV', 'ai1', 'parm6', 'temp5', 'humidity86', 'temp1', 'parm76'], 'old_params': {'parm76': 0, 'output1': 0, 'output2': 0, 'motion': 0, 'ePwrV': 26.052, 'sat': 15, 'ai1': 0, 'priority': 0, 'di2': 0, 'di1': 0, 'temp1': 0, 'protocol': 'teltonika', 'parm6': 0, 'temp5': 30, 'iPwrV': 4.0200000000000005, 'event': 0, 'humidity86': 300}, 'vLoc': 1, 'vCon': 1, 'ip': '51.36.55.160', 'rl': 0, 'trl': 26503.97, 'mdu': 0, 'tmdu': 1708526, 'eidl': 0, 'teidl': 9359750, 'fc': 0, 'tfc': 0, 'acc': 0, 'accOn': 15503550, 'accOff': 46396410, 'sdu': 300, 'tsdu': 36665, 'lat': 25.696785, 'lng': 49.4348516}, 'counters': {'odometer_type': 'gps', 'odometer': 26503.97, 'engine_hours_type': 'acc', 'engine_hours': 15503550, 'last_acc': 0}, 'is_wasl_connected': 'Not Connected', 'iconUrl': 'https://api.afaqy.sa/images/units/icons/icon.png', 'hasCCTV': False}
[2024-04-22T22:40:37.655+0000] {warnings.py:109} WARNING - /home/***/.local/lib/python3.8/site-packages/elasticsearch/_sync/client/__init__.py:399: SecurityWarning: Connecting to 'https://dbelk3.afaqy.local:9200' using TLS with verify_certs=False is insecure
  _transport = transport_class(

[2024-04-22T22:40:37.746+0000] {warnings.py:109} WARNING - /home/***/.local/lib/python3.8/site-packages/elasticsearch/_sync/client/__init__.py:399: SecurityWarning: Connecting to 'https://dbelk1.afaqy.local:9200' using TLS with verify_certs=False is insecure
  _transport = transport_class(

[2024-04-22T22:40:37.833+0000] {warnings.py:109} WARNING - /home/***/.local/lib/python3.8/site-packages/elasticsearch/_sync/client/__init__.py:399: SecurityWarning: Connecting to 'https://dbelk2.afaqy.local:9200' using TLS with verify_certs=False is insecure
  _transport = transport_class(

[2024-04-22T22:40:37.866+0000] {warnings.py:109} WARNING - /home/***/.local/lib/python3.8/site-packages/urllib3/connectionpool.py:1061: InsecureRequestWarning: Unverified HTTPS request is being made to host 'dbelk3.afaqy.local'. Adding certificate verification is strongly advised. See: https://urllib3.readthedocs.io/en/1.26.x/advanced-usage.html#ssl-warnings
  warnings.warn(

[2024-04-22T22:40:37.951+0000] {_transport.py:335} INFO - GET https://dbelk3.afaqy.local:9200/_cluster/health [status:200 duration:0.103s]
[2024-04-22T22:40:38.464+0000] {warnings.py:109} WARNING - /home/***/.local/lib/python3.8/site-packages/urllib3/connectionpool.py:1061: InsecureRequestWarning: Unverified HTTPS request is being made to host 'dbelk1.afaqy.local'. Adding certificate verification is strongly advised. See: https://urllib3.readthedocs.io/en/1.26.x/advanced-usage.html#ssl-warnings
  warnings.warn(

[2024-04-22T22:40:40.361+0000] {_transport.py:335} INFO - PUT https://dbelk1.afaqy.local:9200/units_statistics_***/_bulk [status:200 duration:1.914s]
[2024-04-22T22:40:40.500+0000] {taskinstance.py:2731} ERROR - Task failed with exception
Traceback (most recent call last):
  File "/home/airflow/.local/lib/python3.8/site-packages/airflow/models/taskinstance.py", line 444, in _execute_task
    result = _execute_callable(context=context, **execute_callable_kwargs)
  File "/home/airflow/.local/lib/python3.8/site-packages/airflow/models/taskinstance.py", line 414, in _execute_callable
    return execute_callable(context=context, **execute_callable_kwargs)
  File "/home/airflow/.local/lib/python3.8/site-packages/airflow/decorators/base.py", line 241, in execute
    return_value = super().execute(context)
  File "/home/airflow/.local/lib/python3.8/site-packages/airflow/operators/python.py", line 200, in execute
    return_value = self.execute_callable()
  File "/home/airflow/.local/lib/python3.8/site-packages/airflow/operators/python.py", line 217, in execute_callable
    return self.python_callable(*self.op_args, **self.op_kwargs)
  File "/opt/airflow/dags/Units_dag.py", line 112, in ETL_job
    Elk_client.elk_pushData(Globals.index_name,units_list_update)
  File "/opt/airflow/dags/elk_manager.py", line 69, in elk_pushData
    helpers.bulk(self.elk_client, docs_list, index=index_name, chunk_size=batch)
  File "/home/airflow/.local/lib/python3.8/site-packages/elasticsearch/helpers/actions.py", line 521, in bulk
    for ok, item in streaming_bulk(
  File "/home/airflow/.local/lib/python3.8/site-packages/elasticsearch/helpers/actions.py", line 436, in streaming_bulk
    for data, (ok, info) in zip(
  File "/home/airflow/.local/lib/python3.8/site-packages/elasticsearch/helpers/actions.py", line 355, in _process_bulk_chunk
    yield from gen
  File "/home/airflow/.local/lib/python3.8/site-packages/elasticsearch/helpers/actions.py", line 274, in _process_bulk_chunk_success
    raise BulkIndexError(f"{len(errors)} document(s) failed to index.", errors)
elasticsearch.helpers.BulkIndexError: 1 document(s) failed to index.
[2024-04-22T22:40:40.523+0000] {taskinstance.py:1149} INFO - Marking task as UP_FOR_RETRY. dag_id=Units_statistics_DAG, task_id=ETL_job, map_index=9, execution_date=20240422T222000, start_date=20240422T224016, end_date=20240422T224040
[2024-04-22T22:40:40.545+0000] {standard_task_runner.py:107} ERROR - Failed to execute job 12076 for task ETL_job (1 document(s) failed to index.; 481321)
[2024-04-22T22:40:40.668+0000] {local_task_job_runner.py:234} INFO - Task exited with return code 1
[2024-04-22T22:40:40.685+0000] {taskinstance.py:3312} INFO - 0 downstream tasks scheduled from follow-on schedule check
