[2024-05-13T01:20:19.231+0000] {local_task_job_runner.py:120} INFO - ::group::Pre task execution logs
[2024-05-13T01:20:19.489+0000] {taskinstance.py:2076} INFO - Dependencies all met for dep_context=non-requeueable deps ti=<TaskInstance: Units_statistics_DAG.ETL_job scheduled__2024-05-13T01:00:00+00:00 map_index=1 [queued]>
[2024-05-13T01:20:19.624+0000] {taskinstance.py:2076} INFO - Dependencies all met for dep_context=requeueable deps ti=<TaskInstance: Units_statistics_DAG.ETL_job scheduled__2024-05-13T01:00:00+00:00 map_index=1 [queued]>
[2024-05-13T01:20:19.624+0000] {taskinstance.py:2306} INFO - Starting attempt 1 of 4
[2024-05-13T01:20:19.772+0000] {taskinstance.py:2330} INFO - Executing <Mapped(_PythonDecoratedOperator): ETL_job> on 2024-05-13 01:00:00+00:00
[2024-05-13T01:20:19.805+0000] {warnings.py:110} WARNING - /home/***/.local/lib/python3.12/site-packages/***/task/task_runner/standard_task_runner.py:61: DeprecationWarning: This process (pid=9028) is multi-threaded, use of fork() may lead to deadlocks in the child.
  pid = os.fork()

[2024-05-13T01:20:19.821+0000] {standard_task_runner.py:63} INFO - Started process 9054 to run task
[2024-05-13T01:20:19.873+0000] {standard_task_runner.py:90} INFO - Running: ['***', 'tasks', 'run', 'Units_statistics_DAG', 'ETL_job', 'scheduled__2024-05-13T01:00:00+00:00', '--job-id', '55052', '--raw', '--subdir', 'DAGS_FOLDER/Units_dag.py', '--cfg-path', '/tmp/tmpioje1pk1', '--map-index', '1']
[2024-05-13T01:20:19.880+0000] {standard_task_runner.py:91} INFO - Job 55052: Subtask ETL_job
[2024-05-13T01:20:20.099+0000] {task_command.py:426} INFO - Running <TaskInstance: Units_statistics_DAG.ETL_job scheduled__2024-05-13T01:00:00+00:00 map_index=1 [running]> on host 7138d7e072c5
[2024-05-13T01:20:20.711+0000] {taskinstance.py:2648} INFO - Exporting env vars: AIRFLOW_CTX_DAG_OWNER='abeer-araby' AIRFLOW_CTX_DAG_ID='Units_statistics_DAG' AIRFLOW_CTX_TASK_ID='ETL_job' AIRFLOW_CTX_EXECUTION_DATE='2024-05-13T01:00:00+00:00' AIRFLOW_CTX_TRY_NUMBER='1' AIRFLOW_CTX_DAG_RUN_ID='scheduled__2024-05-13T01:00:00+00:00'
[2024-05-13T01:20:20.712+0000] {taskinstance.py:430} INFO - ::endgroup::
[2024-05-13T01:20:20.713+0000] {Units_dag.py:98} INFO - i: 10000, chunk: 10000
[2024-05-13T01:20:20.713+0000] {Units_dag.py:99} INFO - child token is::: eyJ0eXAiOiJKV1QiLCJhbGciOiJIUzI1NiJ9.eyJpc3MiOiJodHRwczovL2FwaS5hZmFxeS5zYS9hdXRoL2xvZ2luX2FzIiwiaWF0IjoxNzE1NTYzMjA0LCJleHAiOjE3MTgxNTUyMDQsIm5iZiI6MTcxNTU2MzIwNCwianRpIjoiWFJpa2hmVUg2RzlORk5ZZiIsInN1YiI6IjVkNjNlNTFlMDNlZDUyOTJhNDJjMjRlNiIsInBydiI6IjI3MGVjZmM3ZWEzZWQ5MzdlYTg0OTM2MmEzYTUwOTEwYzZkOGNlNGYiLCJsb2dpbl9hc19pZCI6IjY1N2YwYWQ3M2Y5NzcyOTVjZjA1NTc2YSJ9.0aMuTt3kz1R6yxZgvEvbVSrrshHY4k-onaUfciIpLeo
[2024-05-13T01:20:42.760+0000] {Units_dag.py:103} INFO - {'_id': '6061d9cf0017ae1c9e0fca52', 'icon': 'icons/icon.png', 'driver_id': '', 'tailer_id': '', 'profile': {'vehicle_type': '', 'measurement_type': 'count', 'max_capacity': 0, 'vin': '', 'plate_number': '', 'start_operation': '', 'contract_milage': '', 'opening_milage': '', 'model': '', 'fuel_type': '91', 'year': 0, 'seats': 2}, 'device_password': '***', 'name': '2445 - X R A', 'operation_code': '', 'imei': '860922046184143', 'sim_number': '+966830021025404', 'sim_serial': '8996641520112658539', 'device_serial': '860922046184143', 'device': 'bce', 'user_id': '60602ce6a6a3031939742ee7', 'created_by': '5e6655bf03ed52e1ab79d301', 'updated_at': '2024-04-18 11:18:59', 'created_at': '2021-03-29 16:44:47', 'device_type': 'gps', 'business_types': {'waste': False, 'transportation': True, 'water': False}, 'custom_fields': [], 'creator': 'amr.ahmed', 'company': 'National water Company ', 'owner': 'masarat-al-qmah-admin', 'last_update': {'dtt': 1715563184000, 'dts': 1715563194490, 'spd': 0, 'ang': 122, 'alt': 13, 'chPrams': {'ePwrV': {'v': 24.824, 'cdt': 1715563184000}, 'di16': {'v': 1, 'cdt': 1712997262000}, 'di15': {'v': 0, 'cdt': 1711735484000}, 'rssi1': {'v': 89, 'cdt': 1715563094000}, 'di14': {'v': 0, 'cdt': 1715541102000}, 'di13': {'v': 0, 'cdt': 1712997262000}, 'di12': {'v': 0, 'cdt': 1712997262000}, 'di11': {'v': 0, 'cdt': 1712997262000}, 'di10': {'v': 0, 'cdt': 1712997262000}, 'di2': {'v': 0, 'cdt': 1714956428000}, 'di1': {'v': 0, 'cdt': 1715541132000}, 'ai4': {'v': 330, 'cdt': 1715563184000}, 'di4': {'v': 0, 'cdt': 1712997262000}, 'di3': {'v': 0, 'cdt': 1712997262000}, 'di6': {'v': 0, 'cdt': 1712997262000}, 'di5': {'v': 1, 'cdt': 1715562462000}, 'lac1': {'v': 4338, 'cdt': 1715533400000}, 'di8': {'v': 1, 'cdt': 1714956428000}, 'protocol': {'v': 'bce', 'cdt': 1712997262000}, 'di7': {'v': 0, 'cdt': 1715562448000}, 'di9': {'v': 1, 'cdt': 1715560752000}, 'iPwrV': {'v': 4.216, 'cdt': 1715563184000}, 'cid1': {'v': 43141, 'cdt': 1715557452000}, 'odometer': {'v': 0, 'cdt': 1715541048000}, 'spd': {'v': 0, 'cdt': 1715541102000}, 'sat': {'v': 12, 'cdt': 1715546832000}, 'hdop': {'v': 1, 'cdt': 1715279892000}, 'ta': {'v': 0, 'cdt': 1712998222000}, 'mcc1': {'v': 420, 'cdt': 1713587530000}, 'mnc1': {'v': 3, 'cdt': 1713492296000}}, 'prms': {'protocol': 'bce', 'spd': 0, 'sat': 12, 'hdop': 1, 'odometer': 0, 'di16': 1, 'di15': 0, 'di14': 0, 'di13': 0, 'di12': 0, 'di11': 0, 'di10': 0, 'di9': 1, 'di8': 1, 'di7': 0, 'di6': 0, 'di5': 1, 'di4': 0, 'di3': 0, 'di2': 0, 'di1': 0, 'ePwrV': 24.824, 'ai4': 330, 'iPwrV': 4.216, 'ta': 0, 'mcc1': 420, 'mnc1': 3, 'lac1': 4338, 'cid1': 43141, 'rssi1': 89}, 'devPrms': ['protocol', 'spd', 'sat', 'hdop', 'odometer', 'di16', 'di15', 'di14', 'di13', 'di12', 'di11', 'di10', 'di9', 'di8', 'di7', 'di6', 'di5', 'di4', 'di3', 'di2', 'di1', 'ePwrV', 'ai4', 'iPwrV', 'ta', 'mcc1', 'mnc1', 'lac1', 'cid1', 'rssi1'], 'old_params': {'protocol': 'bce', 'spd': 0, 'sat': 12, 'hdop': 1, 'odometer': 0, 'di16': 1, 'di15': 0, 'di14': 0, 'di13': 0, 'di12': 0, 'di11': 0, 'di10': 0, 'di9': 1, 'di8': 1, 'di7': 0, 'di6': 0, 'di5': 1, 'di4': 0, 'di3': 0, 'di2': 0, 'di1': 0, 'ePwrV': 24.797, 'ai4': 340, 'iPwrV': 4.215, 'ta': 0, 'mcc1': 420, 'mnc1': 3, 'lac1': 4338, 'cid1': 43141, 'rssi1': 89}, 'vLoc': 1, 'vCon': 1, 'ip': '109.83.182.40', 'rl': 0, 'trl': 648947.2962, 'mdu': 0, 'tmdu': 35649334, 'eidl': 30, 'teidl': 41075722, 'fc': 0, 'tfc': 0, 'acc': 1, 'accOn': 76213092, 'accOff': 23918070, 'sdu': 0, 'tsdu': 0, 'lat': 23.998327255249023, 'lng': 38.287654876708984}, 'counters': {'odometer_type': 'gps', 'odometer': 1170997.2932, 'engine_hours_type': 'acc', 'engine_hours': 76213092, 'last_acc': 1}, 'is_wasl_connected': 'Connected', 'iconUrl': 'https://api.afaqy.sa/images/units/icons/icon.png', 'hasCCTV': False}
[2024-05-13T01:20:43.640+0000] {warnings.py:110} WARNING - /home/***/.local/lib/python3.12/site-packages/elasticsearch/_sync/client/__init__.py:399: SecurityWarning: Connecting to 'https://dbelk1.afaqy.local:9200' using TLS with verify_certs=False is insecure
  _transport = transport_class(

[2024-05-13T01:20:43.688+0000] {warnings.py:110} WARNING - /home/***/.local/lib/python3.12/site-packages/elasticsearch/_sync/client/__init__.py:399: SecurityWarning: Connecting to 'https://dbelk3.afaqy.local:9200' using TLS with verify_certs=False is insecure
  _transport = transport_class(

[2024-05-13T01:20:44.124+0000] {warnings.py:110} WARNING - /home/***/.local/lib/python3.12/site-packages/elasticsearch/_sync/client/__init__.py:399: SecurityWarning: Connecting to 'https://dbelk2.afaqy.local:9200' using TLS with verify_certs=False is insecure
  _transport = transport_class(

[2024-05-13T01:20:44.158+0000] {warnings.py:110} WARNING - /home/***/.local/lib/python3.12/site-packages/urllib3/connectionpool.py:1103: InsecureRequestWarning: Unverified HTTPS request is being made to host 'dbelk1.afaqy.local'. Adding certificate verification is strongly advised. See: https://urllib3.readthedocs.io/en/latest/advanced-usage.html#tls-warnings
  warnings.warn(

[2024-05-13T01:20:44.221+0000] {_transport.py:349} INFO - GET https://dbelk1.afaqy.local:9200/_cluster/health [status:200 duration:0.094s]
[2024-05-13T01:20:44.620+0000] {warnings.py:110} WARNING - /home/***/.local/lib/python3.12/site-packages/urllib3/connectionpool.py:1103: InsecureRequestWarning: Unverified HTTPS request is being made to host 'dbelk3.afaqy.local'. Adding certificate verification is strongly advised. See: https://urllib3.readthedocs.io/en/latest/advanced-usage.html#tls-warnings
  warnings.warn(

[2024-05-13T01:20:45.850+0000] {_transport.py:349} INFO - PUT https://dbelk3.afaqy.local:9200/units_statistics_***/_bulk [status:200 duration:1.249s]
[2024-05-13T01:20:46.190+0000] {python.py:237} INFO - Done. Returned value was: None
[2024-05-13T01:20:46.191+0000] {taskinstance.py:441} INFO - ::group::Post task execution logs
[2024-05-13T01:20:46.213+0000] {taskinstance.py:1206} INFO - Marking task as SUCCESS. dag_id=Units_statistics_DAG, task_id=ETL_job, run_id=scheduled__2024-05-13T01:00:00+00:00, map_index=1, execution_date=20240513T010000, start_date=20240513T012019, end_date=20240513T012046
[2024-05-13T01:20:46.304+0000] {local_task_job_runner.py:240} INFO - Task exited with return code 0
[2024-05-13T01:20:46.342+0000] {taskinstance.py:3498} INFO - 0 downstream tasks scheduled from follow-on schedule check
[2024-05-13T01:20:46.359+0000] {local_task_job_runner.py:222} INFO - ::endgroup::
