[2024-05-05T21:41:49.670+0000] {taskinstance.py:1979} INFO - Dependencies all met for dep_context=non-requeueable deps ti=<TaskInstance: Units_statistics_DAG.ETL_job scheduled__2024-05-05T21:20:00+00:00 map_index=9 [queued]>
[2024-05-05T21:41:49.681+0000] {taskinstance.py:1979} INFO - Dependencies all met for dep_context=requeueable deps ti=<TaskInstance: Units_statistics_DAG.ETL_job scheduled__2024-05-05T21:20:00+00:00 map_index=9 [queued]>
[2024-05-05T21:41:49.682+0000] {taskinstance.py:2193} INFO - Starting attempt 2 of 4
[2024-05-05T21:41:49.698+0000] {taskinstance.py:2217} INFO - Executing <Mapped(_PythonDecoratedOperator): ETL_job> on 2024-05-05 21:20:00+00:00
[2024-05-05T21:41:49.708+0000] {standard_task_runner.py:60} INFO - Started process 792011 to run task
[2024-05-05T21:41:49.719+0000] {standard_task_runner.py:87} INFO - Running: ['***', 'tasks', 'run', 'Units_statistics_DAG', 'ETL_job', 'scheduled__2024-05-05T21:20:00+00:00', '--job-id', '34100', '--raw', '--subdir', 'DAGS_FOLDER/Units_dag.py', '--cfg-path', '/tmp/tmp333_xsfq', '--map-index', '9']
[2024-05-05T21:41:49.721+0000] {standard_task_runner.py:88} INFO - Job 34100: Subtask ETL_job
[2024-05-05T21:41:49.815+0000] {task_command.py:423} INFO - Running <TaskInstance: Units_statistics_DAG.ETL_job scheduled__2024-05-05T21:20:00+00:00 map_index=9 [running]> on host a09da322e808
[2024-05-05T21:41:50.047+0000] {taskinstance.py:2513} INFO - Exporting env vars: AIRFLOW_CTX_DAG_OWNER='abeer-araby' AIRFLOW_CTX_DAG_ID='Units_statistics_DAG' AIRFLOW_CTX_TASK_ID='ETL_job' AIRFLOW_CTX_EXECUTION_DATE='2024-05-05T21:20:00+00:00' AIRFLOW_CTX_TRY_NUMBER='2' AIRFLOW_CTX_DAG_RUN_ID='scheduled__2024-05-05T21:20:00+00:00'
[2024-05-05T21:41:50.048+0000] {Units_dag.py:99} INFO - i: 90000, chunk: 10000
[2024-05-05T21:41:50.049+0000] {Units_dag.py:100} INFO - child token is::: eyJ0eXAiOiJKV1QiLCJhbGciOiJIUzI1NiJ9.eyJpc3MiOiJodHRwczovL2FwaS5hZmFxeS5zYS9hdXRoL2xvZ2luX2FzIiwiaWF0IjoxNzE0OTQ1MjA0LCJleHAiOjE3MTc1MzcyMDQsIm5iZiI6MTcxNDk0NTIwNCwianRpIjoiTm5mU1d4ZVVxZW5FZ3hiYiIsInN1YiI6IjVkNjNlNTFlMDNlZDUyOTJhNDJjMjRlNiIsInBydiI6IjI3MGVjZmM3ZWEzZWQ5MzdlYTg0OTM2MmEzYTUwOTEwYzZkOGNlNGYiLCJsb2dpbl9hc19pZCI6IjY1N2YwYWQ3M2Y5NzcyOTVjZjA1NTc2YSJ9.4ingt2IsbX9V0VNwU1J7171a609IRgVordY5zfg8x98
[2024-05-05T21:42:11.635+0000] {Units_dag.py:104} INFO - {'_id': '640d93722c74674fc337aa5e', 'icon': 'icons/G_16.png', 'driver_id': '', 'tailer_id': '', 'profile': {'vehicle_type': None, 'measurement_type': 'count', 'max_capacity': 0, 'vin': None, 'plate_number': None, 'start_operation': None, 'contract_milage': None, 'opening_milage': None, 'model': None, 'fuel_type': '91', 'year': 0, 'seats': 2}, 'device_password': '***', 'device_type': 'gps', 'gateway': False, 'name': '3431', 'operation_code': '3431', 'device_gateway': '', 'business_types': {'waste': False, 'transportation': False, 'water': False, 'hajj': True}, 'imei': '860665057532326', 'sim_number': '+966830031789739', 'sim_serial': '21296720122', 'device_serial': '860665057532326', 'device': 'bce', 'user_id': '6256d942674c9170c17c2e2b', 'created_by': '62304746cad4421750192616', 'updated_at': '2024-04-18 11:18:59', 'created_at': '2023-03-12 11:55:14', 'custom_fields': [], 'creator': 'mahmoud.sayed', 'company': 'شركة دله لنقل الحجاج', 'owner': 'dallah-hajj', 'last_update': {'dtt': 1714945124000, 'dts': 1714945179466, 'spd': 0, 'ang': 102, 'alt': 248, 'chPrams': {'ePwrV': {'v': 25.799, 'cdt': 1714945124000}, 'di16': {'v': 1, 'cdt': 1714730370000}, 'rssi1': {'v': 53, 'cdt': 1714945124000}, 'di15': {'v': 0, 'cdt': 1688529310000}, 'di14': {'v': 0, 'cdt': 1714901510000}, 'di13': {'v': 0, 'cdt': 1714730370000}, 'di12': {'v': 1, 'cdt': 1714483476000}, 'di11': {'v': 0, 'cdt': 1714730370000}, 'di10': {'v': 0, 'cdt': 1714730370000}, 'di2': {'v': 0, 'cdt': 1714127698000}, 'ai4': {'v': 289, 'cdt': 1714944944000}, 'di1': {'v': 0, 'cdt': 1714918658000}, 'di4': {'v': 0, 'cdt': 1714730370000}, 'di3': {'v': 0, 'cdt': 1714730370000}, 'di6': {'v': 0, 'cdt': 1714730370000}, 'di5': {'v': 0, 'cdt': 1714918652000}, 'lac1': {'v': 52008, 'cdt': 1714900924000}, 'di8': {'v': 1, 'cdt': 1714445000000}, 'protocol': {'v': 'bce', 'cdt': 1714730370000}, 'di7': {'v': 0, 'cdt': 1714918842000}, 'di9': {'v': 0, 'cdt': 1714392080000}, 'iPwrV': {'v': 4.079, 'cdt': 1714943504000}, 'cid1': {'v': 16622, 'cdt': 1714930182000}, 'odometer': {'v': 0, 'cdt': 1714918662000}, 'spd': {'v': 0, 'cdt': 1714918662000}, 'sat': {'v': 12, 'cdt': 1714918842000}, 'hdop': {'v': 1, 'cdt': 1714918654000}, 'ta': {'v': 0, 'cdt': 1714730370000}, 'mcc1': {'v': 420, 'cdt': 1714730370000}, 'mnc1': {'v': 4, 'cdt': 1714730370000}}, 'prms': {'protocol': 'bce', 'spd': 0, 'sat': 12, 'hdop': 1, 'odometer': 0, 'di16': 1, 'di15': 0, 'di14': 0, 'di13': 0, 'di12': 1, 'di11': 0, 'di10': 0, 'di9': 0, 'di8': 1, 'di7': 0, 'di6': 0, 'di5': 0, 'di4': 0, 'di3': 0, 'di2': 0, 'di1': 0, 'ePwrV': 25.799, 'ai4': 289, 'iPwrV': 4.079, 'ta': 0, 'mcc1': 420, 'mnc1': 4, 'lac1': 52008, 'cid1': 16622, 'rssi1': 53}, 'devPrms': ['protocol', 'spd', 'sat', 'hdop', 'odometer', 'di16', 'di15', 'di14', 'di13', 'di12', 'di11', 'di10', 'di9', 'di8', 'di7', 'di6', 'di5', 'di4', 'di3', 'di2', 'di1', 'ePwrV', 'ai4', 'iPwrV', 'ta', 'mcc1', 'mnc1', 'lac1', 'cid1', 'rssi1'], 'old_params': {'protocol': 'bce', 'spd': 0, 'sat': 12, 'hdop': 1, 'odometer': 0, 'di16': 1, 'di15': 0, 'di14': 0, 'di13': 0, 'di12': 1, 'di11': 0, 'di10': 0, 'di9': 0, 'di8': 1, 'di7': 0, 'di6': 0, 'di5': 0, 'di4': 0, 'di3': 0, 'di2': 0, 'di1': 0, 'ePwrV': 25.772, 'ai4': 289, 'iPwrV': 4.079, 'ta': 0, 'mcc1': 420, 'mnc1': 4, 'lac1': 52008, 'cid1': 16622, 'rssi1': 54}, 'vLoc': 1, 'vCon': 1, 'ip': '51.39.192.208', 'rl': 0, 'trl': 17264.5168, 'mdu': 0, 'tmdu': 1285856, 'eidl': 0, 'teidl': 7233826, 'fc': 0, 'tfc': 12.741852, 'acc': 0, 'accOn': 14522922, 'accOff': 22036150, 'sdu': 180, 'tsdu': 26466, 'lat': 21.40217399597168, 'lng': 39.7603645324707}, 'counters': {'odometer_type': 'gps', 'odometer': 17264.5168, 'engine_hours_type': 'acc', 'engine_hours': 14522922, 'last_acc': 0}, 'is_wasl_connected': 'Connected', 'iconUrl': 'https://api.afaqy.sa/images/units/icons/G_16.png', 'hasCCTV': False}
[2024-05-05T21:42:12.122+0000] {warnings.py:109} WARNING - /home/***/.local/lib/python3.8/site-packages/elasticsearch/_sync/client/__init__.py:399: SecurityWarning: Connecting to 'https://dbelk2.afaqy.local:9200' using TLS with verify_certs=False is insecure
  _transport = transport_class(

[2024-05-05T21:42:12.154+0000] {warnings.py:109} WARNING - /home/***/.local/lib/python3.8/site-packages/elasticsearch/_sync/client/__init__.py:399: SecurityWarning: Connecting to 'https://dbelk3.afaqy.local:9200' using TLS with verify_certs=False is insecure
  _transport = transport_class(

[2024-05-05T21:42:12.185+0000] {warnings.py:109} WARNING - /home/***/.local/lib/python3.8/site-packages/elasticsearch/_sync/client/__init__.py:399: SecurityWarning: Connecting to 'https://dbelk1.afaqy.local:9200' using TLS with verify_certs=False is insecure
  _transport = transport_class(

[2024-05-05T21:42:12.204+0000] {warnings.py:109} WARNING - /home/***/.local/lib/python3.8/site-packages/urllib3/connectionpool.py:1061: InsecureRequestWarning: Unverified HTTPS request is being made to host 'dbelk2.afaqy.local'. Adding certificate verification is strongly advised. See: https://urllib3.readthedocs.io/en/1.26.x/advanced-usage.html#ssl-warnings
  warnings.warn(

[2024-05-05T21:42:12.276+0000] {_transport.py:335} INFO - GET https://dbelk2.afaqy.local:9200/_cluster/health [status:200 duration:0.089s]
[2024-05-05T21:42:12.745+0000] {warnings.py:109} WARNING - /home/***/.local/lib/python3.8/site-packages/urllib3/connectionpool.py:1061: InsecureRequestWarning: Unverified HTTPS request is being made to host 'dbelk3.afaqy.local'. Adding certificate verification is strongly advised. See: https://urllib3.readthedocs.io/en/1.26.x/advanced-usage.html#ssl-warnings
  warnings.warn(

[2024-05-05T21:42:12.756+0000] {_transport.py:335} INFO - PUT https://dbelk3.afaqy.local:9200/units_statistics_***/_bulk [status:429 duration:0.029s]
[2024-05-05T21:42:12.757+0000] {_node_pool.py:249} WARNING - Node <Urllib3HttpNode(https://dbelk3.afaqy.local:9200)> has failed for 1 times in a row, putting on 1 second timeout
[2024-05-05T21:42:12.757+0000] {_transport.py:427} WARNING - Retrying request after non-successful status 429 (attempt 0 of 3)
[2024-05-05T21:42:12.757+0000] {warnings.py:109} WARNING - /home/***/.local/lib/python3.8/site-packages/urllib3/connectionpool.py:1061: InsecureRequestWarning: Unverified HTTPS request is being made to host 'dbelk2.afaqy.local'. Adding certificate verification is strongly advised. See: https://urllib3.readthedocs.io/en/1.26.x/advanced-usage.html#ssl-warnings
  warnings.warn(

[2024-05-05T21:42:12.900+0000] {_transport.py:335} INFO - PUT https://dbelk2.afaqy.local:9200/units_statistics_***/_bulk [status:200 duration:0.143s]
[2024-05-05T21:42:13.130+0000] {taskinstance.py:2731} ERROR - Task failed with exception
Traceback (most recent call last):
  File "/home/airflow/.local/lib/python3.8/site-packages/airflow/models/taskinstance.py", line 444, in _execute_task
    result = _execute_callable(context=context, **execute_callable_kwargs)
  File "/home/airflow/.local/lib/python3.8/site-packages/airflow/models/taskinstance.py", line 414, in _execute_callable
    return execute_callable(context=context, **execute_callable_kwargs)
  File "/home/airflow/.local/lib/python3.8/site-packages/airflow/decorators/base.py", line 241, in execute
    return_value = super().execute(context)
  File "/home/airflow/.local/lib/python3.8/site-packages/airflow/operators/python.py", line 200, in execute
    return_value = self.execute_callable()
  File "/home/airflow/.local/lib/python3.8/site-packages/airflow/operators/python.py", line 217, in execute_callable
    return self.python_callable(*self.op_args, **self.op_kwargs)
  File "/opt/airflow/dags/Units_dag.py", line 112, in ETL_job
    Elk_client.elk_pushData(Globals.index_name,units_list_update)
  File "/opt/airflow/dags/elk_manager.py", line 69, in elk_pushData
    helpers.bulk(self.elk_client, docs_list, index=index_name, chunk_size=batch)
  File "/home/airflow/.local/lib/python3.8/site-packages/elasticsearch/helpers/actions.py", line 521, in bulk
    for ok, item in streaming_bulk(
  File "/home/airflow/.local/lib/python3.8/site-packages/elasticsearch/helpers/actions.py", line 436, in streaming_bulk
    for data, (ok, info) in zip(
  File "/home/airflow/.local/lib/python3.8/site-packages/elasticsearch/helpers/actions.py", line 355, in _process_bulk_chunk
    yield from gen
  File "/home/airflow/.local/lib/python3.8/site-packages/elasticsearch/helpers/actions.py", line 274, in _process_bulk_chunk_success
    raise BulkIndexError(f"{len(errors)} document(s) failed to index.", errors)
elasticsearch.helpers.BulkIndexError: 10000 document(s) failed to index.
[2024-05-05T21:42:13.145+0000] {taskinstance.py:1149} INFO - Marking task as UP_FOR_RETRY. dag_id=Units_statistics_DAG, task_id=ETL_job, map_index=9, execution_date=20240505T212000, start_date=20240505T214149, end_date=20240505T214213
[2024-05-05T21:42:13.157+0000] {standard_task_runner.py:107} ERROR - Failed to execute job 34100 for task ETL_job (10000 document(s) failed to index.; 792011)
[2024-05-05T21:42:13.212+0000] {local_task_job_runner.py:234} INFO - Task exited with return code 1
[2024-05-05T21:42:13.233+0000] {taskinstance.py:3312} INFO - 0 downstream tasks scheduled from follow-on schedule check
