[2024-04-23T08:00:15.097+0000] {taskinstance.py:1979} INFO - Dependencies all met for dep_context=non-requeueable deps ti=<TaskInstance: Units_statistics_DAG.ETL_job scheduled__2024-04-23T07:40:00+00:00 map_index=8 [queued]>
[2024-04-23T08:00:15.203+0000] {taskinstance.py:1979} INFO - Dependencies all met for dep_context=requeueable deps ti=<TaskInstance: Units_statistics_DAG.ETL_job scheduled__2024-04-23T07:40:00+00:00 map_index=8 [queued]>
[2024-04-23T08:00:15.204+0000] {taskinstance.py:2193} INFO - Starting attempt 1 of 4
[2024-04-23T08:00:15.326+0000] {taskinstance.py:2217} INFO - Executing <Mapped(_PythonDecoratedOperator): ETL_job> on 2024-04-23 07:40:00+00:00
[2024-04-23T08:00:15.368+0000] {standard_task_runner.py:60} INFO - Started process 490666 to run task
[2024-04-23T08:00:15.405+0000] {standard_task_runner.py:87} INFO - Running: ['***', 'tasks', 'run', 'Units_statistics_DAG', 'ETL_job', 'scheduled__2024-04-23T07:40:00+00:00', '--job-id', '12729', '--raw', '--subdir', 'DAGS_FOLDER/Units_dag.py', '--cfg-path', '/tmp/tmpoj4b_p5o', '--map-index', '8']
[2024-04-23T08:00:15.412+0000] {standard_task_runner.py:88} INFO - Job 12729: Subtask ETL_job
[2024-04-23T08:00:15.821+0000] {task_command.py:423} INFO - Running <TaskInstance: Units_statistics_DAG.ETL_job scheduled__2024-04-23T07:40:00+00:00 map_index=8 [running]> on host a09da322e808
[2024-04-23T08:00:16.233+0000] {taskinstance.py:2513} INFO - Exporting env vars: AIRFLOW_CTX_DAG_OWNER='abeer-araby' AIRFLOW_CTX_DAG_ID='Units_statistics_DAG' AIRFLOW_CTX_TASK_ID='ETL_job' AIRFLOW_CTX_EXECUTION_DATE='2024-04-23T07:40:00+00:00' AIRFLOW_CTX_TRY_NUMBER='1' AIRFLOW_CTX_DAG_RUN_ID='scheduled__2024-04-23T07:40:00+00:00'
[2024-04-23T08:00:16.235+0000] {Units_dag.py:99} INFO - i: 80000, chunk: 10000
[2024-04-23T08:00:16.240+0000] {Units_dag.py:100} INFO - child token is::: eyJ0eXAiOiJKV1QiLCJhbGciOiJIUzI1NiJ9.eyJpc3MiOiJodHRwczovL2FwaS5hZmFxeS5zYS9hdXRoL2xvZ2luX2FzIiwiaWF0IjoxNzEzODU5MjAzLCJleHAiOjE3MTY0NTEyMDMsIm5iZiI6MTcxMzg1OTIwMywianRpIjoiZzBWdG9RSElGbElqRW9HVSIsInN1YiI6IjVkNjNlNTFlMDNlZDUyOTJhNDJjMjRlNiIsInBydiI6IjI3MGVjZmM3ZWEzZWQ5MzdlYTg0OTM2MmEzYTUwOTEwYzZkOGNlNGYiLCJsb2dpbl9hc19pZCI6IjY1N2YwYWQ3M2Y5NzcyOTVjZjA1NTc2YSJ9.PYAkVFyEjDxG6EnZ2oPE04OROdwikaDVa7gmsaE4vG4
[2024-04-23T08:00:51.022+0000] {Units_dag.py:104} INFO - {'_id': '63d80c7d9ce8eb0aee18b2dc', 'icon': 'icons/icon.png', 'driver_id': '', 'tailer_id': '', 'profile': {'measurement_type': 'count', 'fuel_type': '91', 'year': 0, 'seats': 2}, 'device_password': '***', 'device_type': 'gps', 'gateway': False, 'name': '8791 - X B R', 'operation_code': None, 'device_gateway': None, 'business_types': {'waste': False, 'transportation': True, 'water': False}, 'imei': '866854051803545', 'sim_number': '+966830020233525', 'sim_serial': '996641521115985903', 'device_serial': '866854051803545', 'device': 'bce', 'user_id': '63c3ef672cabbb6db33623df', 'created_by': '5e6655bf03ed52e1ab79d301', 'updated_at': '2024-04-18 11:18:59', 'created_at': '2023-01-30 21:29:17', 'custom_fields': [], 'creator': 'amr.ahmed', 'company': '', 'owner': 'al-nakhla-admin', 'last_update': {'dtt': 1713858966000, 'dts': 1713858986027, 'spd': 0, 'ang': 0, 'alt': 0, 'lastloc': {'lat': 24.77338409423828, 'lng': 46.67396926879883}, 'chPrams': {'ePwrV': {'v': 9.191, 'cdt': 1713858966000}, 'di16': {'v': 1, 'cdt': 1712218770000}, 'di15': {'v': 0, 'cdt': 1675104702000}, 'rssi1': {'v': 92, 'cdt': 1713858966000}, 'di14': {'v': 0, 'cdt': 1712223990000}, 'di13': {'v': 0, 'cdt': 1711608206000}, 'di12': {'v': 0, 'cdt': 1711608206000}, 'di11': {'v': 0, 'cdt': 1711608206000}, 'di10': {'v': 0, 'cdt': 1711608206000}, 'di2': {'v': 1, 'cdt': 1711608206000}, 'di1': {'v': 0, 'cdt': 1713783664000}, 'di4': {'v': 0, 'cdt': 1711608206000}, 'di3': {'v': 0, 'cdt': 1711608206000}, 'di6': {'v': 1, 'cdt': 1711608206000}, 'di5': {'v': 0, 'cdt': 1713683930000}, 'lac1': {'v': 1211, 'cdt': 1713607298000}, 'protocol': {'v': 'bce', 'cdt': 1711608206000}, 'di8': {'v': 1, 'cdt': 1711608206000}, 'di7': {'v': 0, 'cdt': 1713683960000}, 'di9': {'v': 0, 'cdt': 1711608206000}, 'iPwrV': {'v': 4.168, 'cdt': 1713858966000}, 'cid1': {'v': 1232, 'cdt': 1713851738000}, 'odometer': {'v': 0, 'cdt': 1712224028000}, 'spd': {'v': 0, 'cdt': 1712224032000}, 'sat': {'v': 11, 'cdt': 1712224028000}, 'hdop': {'v': 2, 'cdt': 1712224028000}, 'ta': {'v': 0, 'cdt': 1711608206000}, 'mcc1': {'v': 420, 'cdt': 1713309424000}, 'mnc1': {'v': 3, 'cdt': 1713309424000}}, 'prms': {'protocol': 'bce', 'di16': 1, 'di15': 0, 'di14': 0, 'di13': 0, 'di12': 0, 'di11': 0, 'di10': 0, 'di9': 0, 'di8': 1, 'di7': 0, 'di6': 1, 'di5': 0, 'di4': 0, 'di3': 0, 'di2': 1, 'di1': 0, 'ePwrV': 9.191, 'iPwrV': 4.168, 'ta': 0, 'mcc1': 420, 'mnc1': 3, 'lac1': 1211, 'cid1': 1232, 'rssi1': 92}, 'devPrms': ['protocol', 'di16', 'di15', 'di14', 'di13', 'di12', 'di11', 'di10', 'di9', 'di8', 'di7', 'di6', 'di5', 'di4', 'di3', 'di2', 'di1', 'ePwrV', 'iPwrV', 'ta', 'mcc1', 'mnc1', 'lac1', 'cid1', 'rssi1'], 'old_params': {'di16': 1, 'ePwrV': 10.308, 'di15': 0, 'rssi1': 97, 'di14': 0, 'di13': 0, 'di12': 0, 'di11': 0, 'di10': 0, 'di2': 1, 'di1': 0, 'di4': 0, 'di3': 0, 'di6': 1, 'di5': 0, 'lac1': 1211, 'protocol': 'bce', 'di8': 1, 'di7': 0, 'di9': 0, 'iPwrV': 4.081, 'cid1': 1232, 'ta': 0, 'mcc1': 420, 'mnc1': 3}, 'vLoc': 0, 'vCon': 0, 'ip': '37.216.121.152', 'rl': 0, 'trl': 9180.4944, 'mdu': 0, 'tmdu': 464762, 'eidl': 0, 'teidl': 242144, 'fc': 0, 'tfc': 0, 'acc': 0, 'accOn': 1738418, 'accOff': 38939804, 'sdu': 300, 'tsdu': 154822, 'lat': 0, 'lng': 0}, 'counters': {'odometer_type': 'gps', 'odometer': 18449.2776, 'engine_hours_type': 'acc', 'engine_hours': 1738418, 'last_acc': 0}, 'is_wasl_connected': 'Not Connected', 'iconUrl': 'https://api.afaqy.sa/images/units/icons/icon.png', 'hasCCTV': False}
[2024-04-23T08:00:51.989+0000] {warnings.py:109} WARNING - /home/***/.local/lib/python3.8/site-packages/elasticsearch/_sync/client/__init__.py:399: SecurityWarning: Connecting to 'https://dbelk3.afaqy.local:9200' using TLS with verify_certs=False is insecure
  _transport = transport_class(

[2024-04-23T08:00:52.062+0000] {warnings.py:109} WARNING - /home/***/.local/lib/python3.8/site-packages/elasticsearch/_sync/client/__init__.py:399: SecurityWarning: Connecting to 'https://dbelk2.afaqy.local:9200' using TLS with verify_certs=False is insecure
  _transport = transport_class(

[2024-04-23T08:00:52.139+0000] {warnings.py:109} WARNING - /home/***/.local/lib/python3.8/site-packages/elasticsearch/_sync/client/__init__.py:399: SecurityWarning: Connecting to 'https://dbelk1.afaqy.local:9200' using TLS with verify_certs=False is insecure
  _transport = transport_class(

[2024-04-23T08:00:52.158+0000] {warnings.py:109} WARNING - /home/***/.local/lib/python3.8/site-packages/urllib3/connectionpool.py:1061: InsecureRequestWarning: Unverified HTTPS request is being made to host 'dbelk3.afaqy.local'. Adding certificate verification is strongly advised. See: https://urllib3.readthedocs.io/en/1.26.x/advanced-usage.html#ssl-warnings
  warnings.warn(

[2024-04-23T08:00:52.236+0000] {_transport.py:335} INFO - GET https://dbelk3.afaqy.local:9200/_cluster/health [status:200 duration:0.095s]
[2024-04-23T08:00:52.680+0000] {warnings.py:109} WARNING - /home/***/.local/lib/python3.8/site-packages/urllib3/connectionpool.py:1061: InsecureRequestWarning: Unverified HTTPS request is being made to host 'dbelk2.afaqy.local'. Adding certificate verification is strongly advised. See: https://urllib3.readthedocs.io/en/1.26.x/advanced-usage.html#ssl-warnings
  warnings.warn(

[2024-04-23T08:00:57.285+0000] {_transport.py:335} INFO - PUT https://dbelk2.afaqy.local:9200/units_statistics_***/_bulk [status:200 duration:4.626s]
[2024-04-23T08:00:57.681+0000] {python.py:202} INFO - Done. Returned value was: None
[2024-04-23T08:00:57.699+0000] {taskinstance.py:1149} INFO - Marking task as SUCCESS. dag_id=Units_statistics_DAG, task_id=ETL_job, map_index=8, execution_date=20240423T074000, start_date=20240423T080015, end_date=20240423T080057
[2024-04-23T08:00:57.763+0000] {local_task_job_runner.py:234} INFO - Task exited with return code 0
[2024-04-23T08:00:57.800+0000] {taskinstance.py:3312} INFO - 0 downstream tasks scheduled from follow-on schedule check
