[2024-04-23T08:40:15.739+0000] {taskinstance.py:1979} INFO - Dependencies all met for dep_context=non-requeueable deps ti=<TaskInstance: Units_statistics_DAG.ETL_job scheduled__2024-04-23T08:20:00+00:00 map_index=12 [queued]>
[2024-04-23T08:40:15.796+0000] {taskinstance.py:1979} INFO - Dependencies all met for dep_context=requeueable deps ti=<TaskInstance: Units_statistics_DAG.ETL_job scheduled__2024-04-23T08:20:00+00:00 map_index=12 [queued]>
[2024-04-23T08:40:15.797+0000] {taskinstance.py:2193} INFO - Starting attempt 1 of 4
[2024-04-23T08:40:15.889+0000] {taskinstance.py:2217} INFO - Executing <Mapped(_PythonDecoratedOperator): ETL_job> on 2024-04-23 08:20:00+00:00
[2024-04-23T08:40:15.920+0000] {standard_task_runner.py:60} INFO - Started process 491310 to run task
[2024-04-23T08:40:16.006+0000] {standard_task_runner.py:87} INFO - Running: ['***', 'tasks', 'run', 'Units_statistics_DAG', 'ETL_job', 'scheduled__2024-04-23T08:20:00+00:00', '--job-id', '12770', '--raw', '--subdir', 'DAGS_FOLDER/Units_dag.py', '--cfg-path', '/tmp/tmpt1v58rup', '--map-index', '12']
[2024-04-23T08:40:16.015+0000] {standard_task_runner.py:88} INFO - Job 12770: Subtask ETL_job
[2024-04-23T08:40:16.343+0000] {task_command.py:423} INFO - Running <TaskInstance: Units_statistics_DAG.ETL_job scheduled__2024-04-23T08:20:00+00:00 map_index=12 [running]> on host a09da322e808
[2024-04-23T08:40:16.930+0000] {taskinstance.py:2513} INFO - Exporting env vars: AIRFLOW_CTX_DAG_OWNER='abeer-araby' AIRFLOW_CTX_DAG_ID='Units_statistics_DAG' AIRFLOW_CTX_TASK_ID='ETL_job' AIRFLOW_CTX_EXECUTION_DATE='2024-04-23T08:20:00+00:00' AIRFLOW_CTX_TRY_NUMBER='1' AIRFLOW_CTX_DAG_RUN_ID='scheduled__2024-04-23T08:20:00+00:00'
[2024-04-23T08:40:16.932+0000] {Units_dag.py:99} INFO - i: 120000, chunk: 10000
[2024-04-23T08:40:16.932+0000] {Units_dag.py:100} INFO - child token is::: eyJ0eXAiOiJKV1QiLCJhbGciOiJIUzI1NiJ9.eyJpc3MiOiJodHRwczovL2FwaS5hZmFxeS5zYS9hdXRoL2xvZ2luX2FzIiwiaWF0IjoxNzEzODYxNjA0LCJleHAiOjE3MTY0NTM2MDQsIm5iZiI6MTcxMzg2MTYwNCwianRpIjoiMGV1cHJ6YWFIZlJXYXdRZSIsInN1YiI6IjVkNjNlNTFlMDNlZDUyOTJhNDJjMjRlNiIsInBydiI6IjI3MGVjZmM3ZWEzZWQ5MzdlYTg0OTM2MmEzYTUwOTEwYzZkOGNlNGYiLCJsb2dpbl9hc19pZCI6IjY1N2YwYWQ3M2Y5NzcyOTVjZjA1NTc2YSJ9.gx1prDbWa8R9OIs9BJt7QGYFSusEdJqw1sUG2jPLqgI
[2024-04-23T08:40:39.879+0000] {Units_dag.py:104} INFO - {'_id': '64c79ae0551d3d60ea0ce7e5', 'icon': 'icons/icon.png', 'driver_id': '', 'tailer_id': '', 'profile': {'measurement_type': 'count', 'fuel_type': '91', 'year': 0, 'seats': 2, 'max_capacity': None, 'model': None, 'plate_number': None, 'vehicle_type': None, 'vin': None}, 'device_password': '***', 'device_type': 'gps', 'gateway': False, 'business_types': {'waste': False, 'transportation': True, 'water': False}, 'name': 'V0002805 ( 5695BSB )', 'operation_code': 'V0002805', 'device_gateway': None, 'skip_sim_information': False, 'imei': '350544501959111', 'sim_number': '+966830031813919', 'sim_serial': '421296740389', 'device_serial': '1125790940', 'device': 'teltonika', 'user_id': '62bb1bb23c00423a7b3af933', 'created_by': '5e6655bf03ed52e1ab79d301', 'updated_at': '2024-04-18 11:18:59', 'created_at': '2023-07-31 14:28:32', 'shipment_info': None, 'custom_fields': [], 'creator': 'amr.ahmed', 'company': '', 'owner': 'al-yamama-trading-admin', 'last_update': {'dtt': 1713861613000, 'dts': 1713861616659, 'spd': 39, 'ang': 157, 'alt': 399, 'chPrams': {'Speed': {'v': 39, 'cdt': 1713861613000}, 'output1': {'v': False, 'cdt': 1712229033000}, 'output2': {'v': False, 'cdt': 1712229033000}, 'ePwrV': {'v': 14.393, 'cdt': 1713861613000}, 'parm24': {'v': 39, 'cdt': 1713861613000}, 'sat': {'v': 14, 'cdt': 1713861529000}, 'ai1': {'v': 86, 'cdt': 1713856354000}, 'priority': {'v': 0, 'cdt': 1711855399000}, 'di2': {'v': 0, 'cdt': 1711871667000}, 'type': {'v': 6, 'cdt': 1713707537000}, 'di1': {'v': 1, 'cdt': 1713852191000}, 'result': {'v': '5665723a30332e32372e31335f3033204750533a41584e5f352e312e392048773a464d42313230204d6f643a333320494d45493a33353035343435303139353931313120496e69743a323032342d342d332031323a313020557074696d653a31353538363534204d41433a333838413231313143454646205350433a312830292041584c3a32204f42443a3020424c3a312e31302042543a34', 'cdt': 1713707537000}, 'protocol': {'v': 'FMB120', 'cdt': 1713707837000}, 'parm6': {'v': 86, 'cdt': 1712292133000}, 'iPwrV': {'v': 4.026, 'cdt': 1713861613000}, 'event': {'v': 0, 'cdt': 1711854826000}}, 'prms': {'protocol': 'FMB120', 'priority': 0, 'sat': 14, 'event': 0, 'di1': 1, 'output1': 0, 'di2': 0, 'output2': 0, 'ePwrV': 14.393, 'Speed': 39, 'parm24': 39, 'iPwrV': 4.026, 'ai1': 86, 'parm6': 86}, 'devPrms': ['protocol', 'priority', 'sat', 'event', 'di1', 'output1', 'di2', 'output2', 'ePwrV', 'Speed', 'parm24', 'iPwrV', 'ai1', 'parm6'], 'old_params': {'protocol': 'FMB120', 'priority': 0, 'sat': 14, 'event': 0, 'di1': 1, 'output1': 0, 'di2': 0, 'output2': 0, 'ePwrV': 14.363, 'Speed': 27, 'parm24': 27, 'iPwrV': 4.019, 'ai1': 86, 'parm6': 86}, 'vLoc': 1, 'vCon': 1, 'ip': '51.39.50.53', 'rl': 0.0515, 'trl': 44705.5176, 'mdu': 6, 'tmdu': 4340446, 'eidl': 0, 'teidl': 2851818, 'fc': 0.00618, 'tfc': 97.999656, 'acc': 1, 'accOn': 625590066, 'accOff': 15337465, 'sdu': 0, 'tsdu': 0, 'lat': 21.4683966, 'lng': 39.9431916}, 'counters': {'odometer_type': 'gps', 'odometer': 44705.2581, 'engine_hours_type': 'acc', 'engine_hours': 625590066, 'last_acc': 1}, 'is_wasl_connected': 'Not Connected', 'iconUrl': 'https://api.afaqy.sa/images/units/icons/icon.png', 'hasCCTV': False}
[2024-04-23T08:40:40.953+0000] {warnings.py:109} WARNING - /home/***/.local/lib/python3.8/site-packages/elasticsearch/_sync/client/__init__.py:399: SecurityWarning: Connecting to 'https://dbelk2.afaqy.local:9200' using TLS with verify_certs=False is insecure
  _transport = transport_class(

[2024-04-23T08:40:41.054+0000] {warnings.py:109} WARNING - /home/***/.local/lib/python3.8/site-packages/elasticsearch/_sync/client/__init__.py:399: SecurityWarning: Connecting to 'https://dbelk3.afaqy.local:9200' using TLS with verify_certs=False is insecure
  _transport = transport_class(

[2024-04-23T08:40:41.115+0000] {warnings.py:109} WARNING - /home/***/.local/lib/python3.8/site-packages/elasticsearch/_sync/client/__init__.py:399: SecurityWarning: Connecting to 'https://dbelk1.afaqy.local:9200' using TLS with verify_certs=False is insecure
  _transport = transport_class(

[2024-04-23T08:40:41.144+0000] {warnings.py:109} WARNING - /home/***/.local/lib/python3.8/site-packages/urllib3/connectionpool.py:1061: InsecureRequestWarning: Unverified HTTPS request is being made to host 'dbelk2.afaqy.local'. Adding certificate verification is strongly advised. See: https://urllib3.readthedocs.io/en/1.26.x/advanced-usage.html#ssl-warnings
  warnings.warn(

[2024-04-23T08:40:41.246+0000] {_transport.py:335} INFO - GET https://dbelk2.afaqy.local:9200/_cluster/health [status:200 duration:0.129s]
[2024-04-23T08:40:41.735+0000] {warnings.py:109} WARNING - /home/***/.local/lib/python3.8/site-packages/urllib3/connectionpool.py:1061: InsecureRequestWarning: Unverified HTTPS request is being made to host 'dbelk3.afaqy.local'. Adding certificate verification is strongly advised. See: https://urllib3.readthedocs.io/en/1.26.x/advanced-usage.html#ssl-warnings
  warnings.warn(

[2024-04-23T08:40:45.688+0000] {_transport.py:335} INFO - PUT https://dbelk3.afaqy.local:9200/units_statistics_***/_bulk [status:200 duration:3.988s]
[2024-04-23T08:40:45.948+0000] {python.py:202} INFO - Done. Returned value was: None
[2024-04-23T08:40:45.972+0000] {taskinstance.py:1149} INFO - Marking task as SUCCESS. dag_id=Units_statistics_DAG, task_id=ETL_job, map_index=12, execution_date=20240423T082000, start_date=20240423T084015, end_date=20240423T084045
[2024-04-23T08:40:46.053+0000] {local_task_job_runner.py:234} INFO - Task exited with return code 0
[2024-04-23T08:40:46.109+0000] {taskinstance.py:3312} INFO - 0 downstream tasks scheduled from follow-on schedule check
