[2024-04-20T14:00:19.081+0000] {taskinstance.py:1979} INFO - Dependencies all met for dep_context=non-requeueable deps ti=<TaskInstance: Units_statistics_DAG.ETL_job scheduled__2024-04-20T13:00:00+00:00 map_index=8 [queued]>
[2024-04-20T14:00:19.140+0000] {taskinstance.py:1979} INFO - Dependencies all met for dep_context=requeueable deps ti=<TaskInstance: Units_statistics_DAG.ETL_job scheduled__2024-04-20T13:00:00+00:00 map_index=8 [queued]>
[2024-04-20T14:00:19.142+0000] {taskinstance.py:2193} INFO - Starting attempt 1 of 4
[2024-04-20T14:00:19.237+0000] {taskinstance.py:2217} INFO - Executing <Mapped(_PythonDecoratedOperator): ETL_job> on 2024-04-20 13:00:00+00:00
[2024-04-20T14:00:19.271+0000] {standard_task_runner.py:60} INFO - Started process 427019 to run task
[2024-04-20T14:00:19.310+0000] {standard_task_runner.py:87} INFO - Running: ['***', 'tasks', 'run', 'Units_statistics_DAG', 'ETL_job', 'scheduled__2024-04-20T13:00:00+00:00', '--job-id', '9316', '--raw', '--subdir', 'DAGS_FOLDER/Units_dag.py', '--cfg-path', '/tmp/tmpfupf41ye', '--map-index', '8']
[2024-04-20T14:00:19.335+0000] {standard_task_runner.py:88} INFO - Job 9316: Subtask ETL_job
[2024-04-20T14:00:19.605+0000] {task_command.py:423} INFO - Running <TaskInstance: Units_statistics_DAG.ETL_job scheduled__2024-04-20T13:00:00+00:00 map_index=8 [running]> on host a09da322e808
[2024-04-20T14:00:19.942+0000] {taskinstance.py:2513} INFO - Exporting env vars: AIRFLOW_CTX_DAG_OWNER='abeer-araby' AIRFLOW_CTX_DAG_ID='Units_statistics_DAG' AIRFLOW_CTX_TASK_ID='ETL_job' AIRFLOW_CTX_EXECUTION_DATE='2024-04-20T13:00:00+00:00' AIRFLOW_CTX_TRY_NUMBER='1' AIRFLOW_CTX_DAG_RUN_ID='scheduled__2024-04-20T13:00:00+00:00'
[2024-04-20T14:00:19.943+0000] {Units_dag.py:99} INFO - i: 80000, chunk: 10000
[2024-04-20T14:00:19.943+0000] {Units_dag.py:100} INFO - child token is::: eyJ0eXAiOiJKV1QiLCJhbGciOiJIUzI1NiJ9.eyJpc3MiOiJodHRwczovL2FwaS5hZmFxeS5zYS9hdXRoL2xvZ2luX2FzIiwiaWF0IjoxNzEzNjIxNjAzLCJleHAiOjE3MTYyMTM2MDMsIm5iZiI6MTcxMzYyMTYwMywianRpIjoiSnZRTXNsUXlDU2VYNGdLSiIsInN1YiI6IjVkNjNlNTFlMDNlZDUyOTJhNDJjMjRlNiIsInBydiI6IjI3MGVjZmM3ZWEzZWQ5MzdlYTg0OTM2MmEzYTUwOTEwYzZkOGNlNGYiLCJsb2dpbl9hc19pZCI6IjY1N2YwYWQ3M2Y5NzcyOTVjZjA1NTc2YSJ9.VWLbE3XO2_-ueGq5QElzHCdBD0gJ_Ohz9TVF1vv_t2U
[2024-04-20T14:00:51.101+0000] {Units_dag.py:104} INFO - {'_id': '63d7da674cb4377dc150c821', 'icon': 'icons/icon.png', 'driver_id': '', 'tailer_id': '', 'profile': {'measurement_type': 'count', 'fuel_type': '91', 'year': 0, 'seats': 2}, 'device_password': '***', 'device_type': 'gps', 'gateway': False, 'name': '9713 - J B R', 'operation_code': None, 'device_gateway': None, 'business_types': {'waste': False, 'transportation': True, 'water': False}, 'imei': '866854051722927', 'sim_number': '+966830020289945', 'sim_serial': '996609821110851567', 'device_serial': '866854051722927', 'device': 'bce', 'user_id': '63c3ef672cabbb6db33623df', 'created_by': '5e6655bf03ed52e1ab79d301', 'updated_at': '2024-04-18 11:18:59', 'created_at': '2023-01-30 17:55:35', 'custom_fields': [], 'creator': 'amr.ahmed', 'company': '', 'owner': 'al-nakhla-admin', 'last_update': {'dtt': 1713621390000, 'dts': 1713621405782, 'spd': 74, 'ang': 188, 'alt': 46, 'chPrams': {'ePwrV': {'v': 12.949, 'cdt': 1713621390000}, 'di16': {'v': 0, 'cdt': 1711167950000}, 'di15': {'v': 0, 'cdt': 1675103462000}, 'rssi1': {'v': 98, 'cdt': 1713621390000}, 'di14': {'v': 1, 'cdt': 1713621384000}, 'di13': {'v': 0, 'cdt': 1711426072000}, 'di12': {'v': 0, 'cdt': 1711426072000}, 'di11': {'v': 0, 'cdt': 1711426072000}, 'di10': {'v': 0, 'cdt': 1711426072000}, 'di2': {'v': 1, 'cdt': 1712571038000}, 'di1': {'v': 1, 'cdt': 1713621088000}, 'di4': {'v': 0, 'cdt': 1711426072000}, 'di3': {'v': 0, 'cdt': 1711426072000}, 'di6': {'v': 1, 'cdt': 1711426072000}, 'di5': {'v': 1, 'cdt': 1713556100000}, 'lac1': {'v': 7353, 'cdt': 1713575510000}, 'protocol': {'v': 'bce', 'cdt': 1711426072000}, 'di8': {'v': 1, 'cdt': 1711426072000}, 'di7': {'v': 0, 'cdt': 1713621354000}, 'di9': {'v': 1, 'cdt': 1713495042000}, 'iPwrV': {'v': 3.967, 'cdt': 1713621342000}, 'cid1': {'v': 60841, 'cdt': 1713620636000}, 'odometer': {'v': 1121691942, 'cdt': 1713621390000}, 'spd': {'v': 74, 'cdt': 1713621390000}, 'sat': {'v': 7, 'cdt': 1713621384000}, 'hdop': {'v': 2, 'cdt': 1713621354000}, 'ta': {'v': 0, 'cdt': 1711426072000}, 'mcc1': {'v': 420, 'cdt': 1711713414000}, 'mnc1': {'v': 3, 'cdt': 1711713414000}}, 'prms': {'protocol': 'bce', 'spd': 74, 'sat': 7, 'hdop': 2, 'odometer': 1121691942, 'di16': 0, 'di15': 0, 'di14': 1, 'di13': 0, 'di12': 0, 'di11': 0, 'di10': 0, 'di9': 1, 'di8': 1, 'di7': 0, 'di6': 1, 'di5': 1, 'di4': 0, 'di3': 0, 'di2': 1, 'di1': 1, 'ePwrV': 12.949, 'iPwrV': 3.967, 'ta': 0, 'mcc1': 420, 'mnc1': 3, 'lac1': 7353, 'cid1': 60841, 'rssi1': 98}, 'devPrms': ['protocol', 'spd', 'sat', 'hdop', 'odometer', 'di16', 'di15', 'di14', 'di13', 'di12', 'di11', 'di10', 'di9', 'di8', 'di7', 'di6', 'di5', 'di4', 'di3', 'di2', 'di1', 'ePwrV', 'iPwrV', 'ta', 'mcc1', 'mnc1', 'lac1', 'cid1', 'rssi1'], 'old_params': {'protocol': 'bce', 'spd': 72, 'sat': 7, 'hdop': 2, 'odometer': 1142987710, 'di16': 0, 'di15': 0, 'di14': 1, 'di13': 0, 'di12': 0, 'di11': 0, 'di10': 0, 'di9': 1, 'di8': 1, 'di7': 0, 'di6': 1, 'di5': 1, 'di4': 0, 'di3': 0, 'di2': 1, 'di1': 1, 'ePwrV': 12.913, 'iPwrV': 3.967, 'ta': 0, 'mcc1': 420, 'mnc1': 3, 'lac1': 7353, 'cid1': 60841, 'rssi1': 10}, 'vLoc': 1, 'vCon': 1, 'ip': '109.83.2.161', 'rl': 0.1102, 'trl': 60828.2482, 'mdu': 6, 'tmdu': 9146458, 'eidl': 0, 'teidl': 8722938, 'fc': 0.013224, 'tfc': 8.038224, 'acc': 1, 'accOn': 342160062, 'accOff': 13678594, 'sdu': 0, 'tsdu': 0, 'lat': 16.663442611694336, 'lng': 42.15310287475586}, 'counters': {'odometer_type': 'gps', 'odometer': 105850.1929, 'engine_hours_type': 'acc', 'engine_hours': 342160062, 'last_acc': 1}, 'is_wasl_connected': 'Not Connected', 'iconUrl': 'https://api.afaqy.sa/images/units/icons/icon.png', 'hasCCTV': False}
[2024-04-20T14:00:52.456+0000] {warnings.py:109} WARNING - /home/***/.local/lib/python3.8/site-packages/elasticsearch/_sync/client/__init__.py:399: SecurityWarning: Connecting to 'https://dbelk3.afaqy.local:9200' using TLS with verify_certs=False is insecure
  _transport = transport_class(

[2024-04-20T14:00:52.501+0000] {warnings.py:109} WARNING - /home/***/.local/lib/python3.8/site-packages/elasticsearch/_sync/client/__init__.py:399: SecurityWarning: Connecting to 'https://dbelk2.afaqy.local:9200' using TLS with verify_certs=False is insecure
  _transport = transport_class(

[2024-04-20T14:00:52.546+0000] {warnings.py:109} WARNING - /home/***/.local/lib/python3.8/site-packages/elasticsearch/_sync/client/__init__.py:399: SecurityWarning: Connecting to 'https://dbelk1.afaqy.local:9200' using TLS with verify_certs=False is insecure
  _transport = transport_class(

[2024-04-20T14:00:52.564+0000] {warnings.py:109} WARNING - /home/***/.local/lib/python3.8/site-packages/urllib3/connectionpool.py:1061: InsecureRequestWarning: Unverified HTTPS request is being made to host 'dbelk3.afaqy.local'. Adding certificate verification is strongly advised. See: https://urllib3.readthedocs.io/en/1.26.x/advanced-usage.html#ssl-warnings
  warnings.warn(

[2024-04-20T14:00:52.621+0000] {_transport.py:335} INFO - GET https://dbelk3.afaqy.local:9200/_cluster/health [status:200 duration:0.074s]
[2024-04-20T14:00:53.078+0000] {warnings.py:109} WARNING - /home/***/.local/lib/python3.8/site-packages/urllib3/connectionpool.py:1061: InsecureRequestWarning: Unverified HTTPS request is being made to host 'dbelk2.afaqy.local'. Adding certificate verification is strongly advised. See: https://urllib3.readthedocs.io/en/1.26.x/advanced-usage.html#ssl-warnings
  warnings.warn(

[2024-04-20T14:00:55.208+0000] {_transport.py:335} INFO - PUT https://dbelk2.afaqy.local:9200/units_statistics_***/_bulk [status:200 duration:2.150s]
[2024-04-20T14:00:55.624+0000] {python.py:202} INFO - Done. Returned value was: None
[2024-04-20T14:00:55.642+0000] {taskinstance.py:1149} INFO - Marking task as SUCCESS. dag_id=Units_statistics_DAG, task_id=ETL_job, map_index=8, execution_date=20240420T130000, start_date=20240420T140019, end_date=20240420T140055
[2024-04-20T14:00:55.708+0000] {local_task_job_runner.py:234} INFO - Task exited with return code 0
[2024-04-20T14:00:55.732+0000] {taskinstance.py:3312} INFO - 0 downstream tasks scheduled from follow-on schedule check
