[2024-05-06T17:00:16.076+0000] {taskinstance.py:1979} INFO - Dependencies all met for dep_context=non-requeueable deps ti=<TaskInstance: Units_statistics_DAG.ETL_job scheduled__2024-05-06T16:40:00+00:00 map_index=12 [queued]>
[2024-05-06T17:00:16.132+0000] {taskinstance.py:1979} INFO - Dependencies all met for dep_context=requeueable deps ti=<TaskInstance: Units_statistics_DAG.ETL_job scheduled__2024-05-06T16:40:00+00:00 map_index=12 [queued]>
[2024-05-06T17:00:16.132+0000] {taskinstance.py:2193} INFO - Starting attempt 1 of 4
[2024-05-06T17:00:16.226+0000] {taskinstance.py:2217} INFO - Executing <Mapped(_PythonDecoratedOperator): ETL_job> on 2024-05-06 16:40:00+00:00
[2024-05-06T17:00:16.280+0000] {standard_task_runner.py:60} INFO - Started process 812453 to run task
[2024-05-06T17:00:16.365+0000] {standard_task_runner.py:87} INFO - Running: ['***', 'tasks', 'run', 'Units_statistics_DAG', 'ETL_job', 'scheduled__2024-05-06T16:40:00+00:00', '--job-id', '36033', '--raw', '--subdir', 'DAGS_FOLDER/Units_dag.py', '--cfg-path', '/tmp/tmpt5yn5jtr', '--map-index', '12']
[2024-05-06T17:00:16.415+0000] {standard_task_runner.py:88} INFO - Job 36033: Subtask ETL_job
[2024-05-06T17:00:16.731+0000] {task_command.py:423} INFO - Running <TaskInstance: Units_statistics_DAG.ETL_job scheduled__2024-05-06T16:40:00+00:00 map_index=12 [running]> on host a09da322e808
[2024-05-06T17:00:17.122+0000] {taskinstance.py:2513} INFO - Exporting env vars: AIRFLOW_CTX_DAG_OWNER='abeer-araby' AIRFLOW_CTX_DAG_ID='Units_statistics_DAG' AIRFLOW_CTX_TASK_ID='ETL_job' AIRFLOW_CTX_EXECUTION_DATE='2024-05-06T16:40:00+00:00' AIRFLOW_CTX_TRY_NUMBER='1' AIRFLOW_CTX_DAG_RUN_ID='scheduled__2024-05-06T16:40:00+00:00'
[2024-05-06T17:00:17.123+0000] {Units_dag.py:99} INFO - i: 120000, chunk: 10000
[2024-05-06T17:00:17.124+0000] {Units_dag.py:100} INFO - child token is::: eyJ0eXAiOiJKV1QiLCJhbGciOiJIUzI1NiJ9.eyJpc3MiOiJodHRwczovL2FwaS5hZmFxeS5zYS9hdXRoL2xvZ2luX2FzIiwiaWF0IjoxNzE1MDE0ODAzLCJleHAiOjE3MTc2MDY4MDMsIm5iZiI6MTcxNTAxNDgwMywianRpIjoiZFBFTmZ6SGhjZmFDRVJ6TSIsInN1YiI6IjVkNjNlNTFlMDNlZDUyOTJhNDJjMjRlNiIsInBydiI6IjI3MGVjZmM3ZWEzZWQ5MzdlYTg0OTM2MmEzYTUwOTEwYzZkOGNlNGYiLCJsb2dpbl9hc19pZCI6IjY1N2YwYWQ3M2Y5NzcyOTVjZjA1NTc2YSJ9.omMldAiPyPsJFRpGvSz2AyTuOnFP4sQ0qDEEw9Fb43s
[2024-05-06T17:00:45.391+0000] {Units_dag.py:104} INFO - {'_id': '64ca6682ee93cb6213056113', 'icon': 'icons/icon.png', 'driver_id': '', 'tailer_id': '', 'profile': {'measurement_type': 'count', 'fuel_type': '91', 'year': 0, 'seats': 2}, 'device_password': '***', 'device_type': 'gps', 'gateway': False, 'business_types': {'waste': False, 'transportation': True, 'water': False}, 'name': '6535 Z J R', 'operation_code': None, 'device_gateway': None, 'skip_sim_information': False, 'imei': '863940058719496', 'sim_number': '+966830028755511', 'sim_serial': '8996609821111311988', 'device_serial': '863940058719496', 'device': 'ruptela', 'user_id': '64c7bac2f1af17551b44b759', 'created_by': '5e6655bf03ed52e1ab79d301', 'updated_at': '2024-04-18 11:18:59', 'created_at': '2023-08-02 17:21:54', 'custom_fields': [], 'creator': 'amr.ahmed', 'company': '', 'owner': 'bander-trading-admin', 'last_update': {'dtt': 1715014530000, 'dts': 1715014532298, 'spd': 0, 'ang': 125, 'alt': 26, 'chPrams': {'gsm': {'v': 20, 'cdt': 1714577568000}, 'io_2_817': {'v': 2000, 'cdt': 1714993392000}, 'io_2_818': {'v': 2000, 'cdt': 1714993392000}, 'ai23': {'v': 213, 'cdt': 1715012422000}, 'ePwrV': {'v': 12.918, 'cdt': 1715014530000}, 'ai22': {'v': 239, 'cdt': 1715014530000}, 'di2': {'v': 0, 'cdt': 1714440822000}, 'operator': {'v': 42003, 'cdt': 1714572682000}, 'di4': {'v': 0, 'cdt': 1714440822000}, 'di3': {'v': 0, 'cdt': 1714440822000}, 'di5': {'v': 0, 'cdt': 1715014530000}, 'protocol': {'v': 'ruptela', 'cdt': 1714393826000}, 'io_8_70': {'v': 0, 'cdt': 1714440822000}, 'io_8_71': {'v': 0, 'cdt': 1714440822000}, 'iPwrV': {'v': 4.116, 'cdt': 1715014530000}, 'event': {'v': 7, 'cdt': 1715014530000}, 'io_1_418': {'v': 1, 'cdt': 1714610560000}, 'move': {'v': 0, 'cdt': 1715014530000}, 'io_2_79': {'v': 2000, 'cdt': 1714993392000}, 'spd': {'v': 0, 'cdt': 1715014530000}, 'sat': {'v': 13, 'cdt': 1715014530000}, 'io_2_78': {'v': 2000, 'cdt': 1714993392000}, 'hdop': {'v': 1, 'cdt': 1715014530000}, 'accTemp': {'v': 48, 'cdt': 1715013622000}, 'io_1_406': {'v': 1, 'cdt': 1714440822000}, 'io_1_405': {'v': 1, 'cdt': 1691110623000}}, 'prms': {'protocol': 'ruptela', 'sat': 13, 'spd': 0, 'hdop': 1, 'event': 7, 'gsm': 20, 'io_1_418': 1, 'accTemp': 48, 'move': 0, 'di2': 0, 'di3': 0, 'di4': 0, 'di5': 0, 'io_1_405': 1, 'io_1_406': 1, 'ePwrV': 12.918, 'iPwrV': 4.116, 'ai22': 239, 'ai23': 213, 'io_2_78': 2000, 'io_2_79': 2000, 'io_2_817': 2000, 'io_2_818': 2000, 'operator': 42003, 'io_8_70': 0, 'io_8_71': 0}, 'devPrms': ['protocol', 'sat', 'spd', 'hdop', 'event', 'gsm', 'io_1_418', 'accTemp', 'move', 'di2', 'di3', 'di4', 'di5', 'io_1_405', 'io_1_406', 'ePwrV', 'iPwrV', 'ai22', 'ai23', 'io_2_78', 'io_2_79', 'io_2_817', 'io_2_818', 'operator', 'io_8_70', 'io_8_71'], 'old_params': {'gsm': 20, 'io_2_817': 2000, 'io_2_818': 2000, 'ai23': 213, 'ePwrV': 13.671, 'ai22': 236, 'di2': 0, 'di4': 0, 'operator': 42003, 'di3': 0, 'di5': 1, 'protocol': 'ruptela', 'io_8_70': 0, 'io_8_71': 0, 'iPwrV': 4.115, 'event': 9, 'io_1_418': 1, 'move': 1, 'io_2_79': 2000, 'spd': 7, 'sat': 16, 'io_2_78': 2000, 'hdop': 0.6, 'accTemp': 48, 'io_1_406': 1, 'io_1_405': 1}, 'vLoc': 1, 'vCon': 1, 'ip': '37.216.77.64', 'rl': 0, 'trl': 64587.0488, 'mdu': 300, 'tmdu': 5743104, 'eidl': 0, 'teidl': 4832851, 'fc': 0, 'tfc': 472.335228, 'acc': 0, 'accOn': 9521977, 'accOff': 14711092, 'sdu': 0, 'tsdu': 0, 'lat': 21.5518583, 'lng': 39.2012116}, 'counters': {'odometer_type': 'gps', 'odometer': 64587.0488, 'engine_hours_type': 'acc', 'engine_hours': 9521977, 'last_acc': 0}, 'is_wasl_connected': 'Not Connected', 'iconUrl': 'https://api.afaqy.sa/images/units/icons/icon.png', 'hasCCTV': False}
[2024-05-06T17:00:48.355+0000] {warnings.py:109} WARNING - /home/***/.local/lib/python3.8/site-packages/elasticsearch/_sync/client/__init__.py:399: SecurityWarning: Connecting to 'https://dbelk2.afaqy.local:9200' using TLS with verify_certs=False is insecure
  _transport = transport_class(

[2024-05-06T17:00:48.509+0000] {warnings.py:109} WARNING - /home/***/.local/lib/python3.8/site-packages/elasticsearch/_sync/client/__init__.py:399: SecurityWarning: Connecting to 'https://dbelk3.afaqy.local:9200' using TLS with verify_certs=False is insecure
  _transport = transport_class(

[2024-05-06T17:00:48.757+0000] {warnings.py:109} WARNING - /home/***/.local/lib/python3.8/site-packages/elasticsearch/_sync/client/__init__.py:399: SecurityWarning: Connecting to 'https://dbelk1.afaqy.local:9200' using TLS with verify_certs=False is insecure
  _transport = transport_class(

[2024-05-06T17:00:48.811+0000] {warnings.py:109} WARNING - /home/***/.local/lib/python3.8/site-packages/urllib3/connectionpool.py:1061: InsecureRequestWarning: Unverified HTTPS request is being made to host 'dbelk2.afaqy.local'. Adding certificate verification is strongly advised. See: https://urllib3.readthedocs.io/en/1.26.x/advanced-usage.html#ssl-warnings
  warnings.warn(

[2024-05-06T17:00:48.890+0000] {_transport.py:335} INFO - GET https://dbelk2.afaqy.local:9200/_cluster/health [status:200 duration:0.117s]
[2024-05-06T17:00:51.610+0000] {warnings.py:109} WARNING - /home/***/.local/lib/python3.8/site-packages/urllib3/connectionpool.py:1061: InsecureRequestWarning: Unverified HTTPS request is being made to host 'dbelk3.afaqy.local'. Adding certificate verification is strongly advised. See: https://urllib3.readthedocs.io/en/1.26.x/advanced-usage.html#ssl-warnings
  warnings.warn(

[2024-05-06T17:00:55.807+0000] {_transport.py:335} INFO - PUT https://dbelk3.afaqy.local:9200/units_statistics_***/_bulk [status:200 duration:5.545s]
[2024-05-06T17:00:56.013+0000] {python.py:202} INFO - Done. Returned value was: None
[2024-05-06T17:00:56.026+0000] {taskinstance.py:1149} INFO - Marking task as SUCCESS. dag_id=Units_statistics_DAG, task_id=ETL_job, map_index=12, execution_date=20240506T164000, start_date=20240506T170016, end_date=20240506T170056
[2024-05-06T17:00:56.082+0000] {local_task_job_runner.py:234} INFO - Task exited with return code 0
[2024-05-06T17:00:56.116+0000] {taskinstance.py:3312} INFO - 0 downstream tasks scheduled from follow-on schedule check
