[2024-04-15T11:00:16.367+0000] {taskinstance.py:1979} INFO - Dependencies all met for dep_context=non-requeueable deps ti=<TaskInstance: Units_statistics_DAG.ETL_job scheduled__2024-04-15T10:00:00+00:00 map_index=12 [queued]>
[2024-04-15T11:00:16.423+0000] {taskinstance.py:1979} INFO - Dependencies all met for dep_context=requeueable deps ti=<TaskInstance: Units_statistics_DAG.ETL_job scheduled__2024-04-15T10:00:00+00:00 map_index=12 [queued]>
[2024-04-15T11:00:16.429+0000] {taskinstance.py:2193} INFO - Starting attempt 1 of 4
[2024-04-15T11:00:16.515+0000] {taskinstance.py:2217} INFO - Executing <Mapped(_PythonDecoratedOperator): ETL_job> on 2024-04-15 10:00:00+00:00
[2024-04-15T11:00:16.569+0000] {standard_task_runner.py:60} INFO - Started process 306700 to run task
[2024-04-15T11:00:16.627+0000] {standard_task_runner.py:87} INFO - Running: ['***', 'tasks', 'run', 'Units_statistics_DAG', 'ETL_job', 'scheduled__2024-04-15T10:00:00+00:00', '--job-id', '2445', '--raw', '--subdir', 'DAGS_FOLDER/Units_dag.py', '--cfg-path', '/tmp/tmpvyelfir9', '--map-index', '12']
[2024-04-15T11:00:16.629+0000] {standard_task_runner.py:88} INFO - Job 2445: Subtask ETL_job
[2024-04-15T11:00:16.970+0000] {task_command.py:423} INFO - Running <TaskInstance: Units_statistics_DAG.ETL_job scheduled__2024-04-15T10:00:00+00:00 map_index=12 [running]> on host a09da322e808
[2024-04-15T11:00:17.341+0000] {taskinstance.py:2513} INFO - Exporting env vars: AIRFLOW_CTX_DAG_OWNER='abeer-araby' AIRFLOW_CTX_DAG_ID='Units_statistics_DAG' AIRFLOW_CTX_TASK_ID='ETL_job' AIRFLOW_CTX_EXECUTION_DATE='2024-04-15T10:00:00+00:00' AIRFLOW_CTX_TRY_NUMBER='1' AIRFLOW_CTX_DAG_RUN_ID='scheduled__2024-04-15T10:00:00+00:00'
[2024-04-15T11:00:17.342+0000] {Units_dag.py:89} INFO - i: 120000, chunk: 10000
[2024-04-15T11:00:17.342+0000] {Units_dag.py:90} INFO - child token is::: eyJ0eXAiOiJKV1QiLCJhbGciOiJIUzI1NiJ9.eyJpc3MiOiJodHRwczovL2FwaS5hZmFxeS5zYS9hdXRoL2xvZ2luX2FzIiwiaWF0IjoxNzEzMTc4ODA0LCJleHAiOjE3MTU3NzA4MDQsIm5iZiI6MTcxMzE3ODgwNCwianRpIjoiU2xWOWJ2QUxWdVh6RGdDbCIsInN1YiI6IjVkNjNlNTFlMDNlZDUyOTJhNDJjMjRlNiIsInBydiI6IjI3MGVjZmM3ZWEzZWQ5MzdlYTg0OTM2MmEzYTUwOTEwYzZkOGNlNGYiLCJsb2dpbl9hc19pZCI6IjY1N2YwYWQ3M2Y5NzcyOTVjZjA1NTc2YSJ9.rqlkAHLGWoS8aRpVdq5jC9scuQmx4rBQonZY6C6gtbg
[2024-04-15T11:00:48.996+0000] {Units_dag.py:94} INFO - {'_id': '64c272788c7f450b95779e40', 'icon': 'icons/icon.png', 'driver_id': '', 'tailer_id': '', 'profile': {'vehicle_type': 'شاص', 'measurement_type': 'count', 'max_capacity': 0, 'vin': '', 'plate_number': '', 'start_operation': '', 'contract_milage': '', 'opening_milage': '', 'model': '', 'fuel_type': '91', 'year': 0, 'seats': 2}, 'device_password': '***', 'device_type': 'gps', 'gateway': False, 'business_types': {'waste': False, 'transportation': True, 'water': False}, 'name': '5077 J T B سالم الشاص', 'operation_code': '', 'device_gateway': '', 'skip_sim_information': False, 'imei': '350612073699215', 'sim_number': '+966830031827918', 'sim_serial': '421296756835', 'device_serial': '1131245352', 'device': 'teltonika', 'user_id': '63cf8e9a1e5a1e23e06ca77f', 'created_by': '5e6655bf03ed52e1ab79d301', 'updated_at': '2023-12-31 10:14:24', 'created_at': '2023-07-27 16:34:48', 'creator': 'amr.ahmed', 'company': '', 'owner': 'barak-nasser-al-dossary-admin', 'last_update': {'dtt': 1713178520000, 'dts': 1713178524200, 'spd': 0, 'ang': 158, 'alt': 339, 'chPrams': {'Speed': {'v': 0, 'cdt': 1713173080000}, 'output1': {'v': False, 'cdt': 1712228925000}, 'output2': {'v': False, 'cdt': 1712228925000}, 'ePwrV': {'v': 13.147, 'cdt': 1713177317000}, 'parm24': {'v': 0, 'cdt': 1713173080000}, 'sat': {'v': 17, 'cdt': 1713177919000}, 'ai1': {'v': 218, 'cdt': 1712981372000}, 'type': {'v': 6, 'cdt': 1712228895000}, 'priority': {'v': 0, 'cdt': 1713128947000}, 'di2': {'v': 0, 'cdt': 1713133027000}, 'di1': {'v': 0, 'cdt': 1713173080000}, 'result': {'v': '5665723a30332e32372e31345f3030204750533a41584e5f352e312e392048773a464d42313230204d6f643a333320494d45493a33353036313230373336393932313520496e69743a323032342d332d313420363a333220557074696d653a32343731373433204d41433a333838413231333034324232205350433a312830292041584c3a32204f42443a3020424c3a312e31302042543a34', 'cdt': 1712873598000}, 'protocol': {'v': 'FMB120', 'cdt': 1712873600000}, 'parm6': {'v': 218, 'cdt': 1713133027000}, 'iPwrV': {'v': 4.0200000000000005, 'cdt': 1713178520000}, 'event': {'v': 0, 'cdt': 1713128947000}}, 'prms': {'protocol': 'FMB120', 'priority': 0, 'sat': 17, 'event': 0, 'di1': 0, 'output1': 0, 'di2': 0, 'output2': 0, 'ePwrV': 13.147, 'Speed': 0, 'parm24': 0, 'iPwrV': 4.0200000000000005, 'ai1': 218, 'parm6': 218}, 'devPrms': ['protocol', 'priority', 'sat', 'event', 'di1', 'output1', 'di2', 'output2', 'ePwrV', 'Speed', 'parm24', 'iPwrV', 'ai1', 'parm6'], 'old_params': {'protocol': 'FMB120', 'priority': 0, 'sat': 17, 'event': 0, 'di1': 0, 'output1': 0, 'di2': 0, 'output2': 0, 'ePwrV': 13.147, 'Speed': 0, 'parm24': 0, 'iPwrV': 4.019, 'ai1': 218, 'parm6': 218}, 'vLoc': 1, 'vCon': 1, 'ip': '51.39.4.9', 'rl': 0, 'trl': 39371.2748, 'mdu': 0, 'tmdu': 3879695, 'eidl': 0, 'teidl': 3224464, 'fc': 0, 'tfc': 66.418548, 'acc': 0, 'accOn': 7559392, 'accOff': 15515138, 'sdu': 300, 'tsdu': 5440, 'lat': 27.1760966, 'lng': 47.031955}, 'counters': {'odometer_type': 'gps', 'odometer': 39399.2641, 'engine_hours_type': 'acc', 'engine_hours': 7559392, 'last_acc': 0}, 'is_wasl_connected': 'Not Connected', 'iconUrl': 'https://api.afaqy.sa/images/units/icons/icon.png', 'hasCCTV': False}
[2024-04-15T11:00:54.891+0000] {warnings.py:109} WARNING - /home/***/.local/lib/python3.8/site-packages/elasticsearch/_sync/client/__init__.py:399: SecurityWarning: Connecting to 'https://dbelk3.afaqy.local:9200' using TLS with verify_certs=False is insecure
  _transport = transport_class(

[2024-04-15T11:00:55.001+0000] {warnings.py:109} WARNING - /home/***/.local/lib/python3.8/site-packages/elasticsearch/_sync/client/__init__.py:399: SecurityWarning: Connecting to 'https://dbelk2.afaqy.local:9200' using TLS with verify_certs=False is insecure
  _transport = transport_class(

[2024-04-15T11:00:55.067+0000] {warnings.py:109} WARNING - /home/***/.local/lib/python3.8/site-packages/elasticsearch/_sync/client/__init__.py:399: SecurityWarning: Connecting to 'https://dbelk1.afaqy.local:9200' using TLS with verify_certs=False is insecure
  _transport = transport_class(

[2024-04-15T11:00:55.086+0000] {warnings.py:109} WARNING - /home/***/.local/lib/python3.8/site-packages/urllib3/connectionpool.py:1061: InsecureRequestWarning: Unverified HTTPS request is being made to host 'dbelk3.afaqy.local'. Adding certificate verification is strongly advised. See: https://urllib3.readthedocs.io/en/1.26.x/advanced-usage.html#ssl-warnings
  warnings.warn(

[2024-04-15T11:00:55.165+0000] {_transport.py:335} INFO - GET https://dbelk3.afaqy.local:9200/_cluster/health [status:200 duration:0.095s]
[2024-04-15T11:00:55.891+0000] {warnings.py:109} WARNING - /home/***/.local/lib/python3.8/site-packages/urllib3/connectionpool.py:1061: InsecureRequestWarning: Unverified HTTPS request is being made to host 'dbelk2.afaqy.local'. Adding certificate verification is strongly advised. See: https://urllib3.readthedocs.io/en/1.26.x/advanced-usage.html#ssl-warnings
  warnings.warn(

[2024-04-15T11:00:57.972+0000] {_transport.py:335} INFO - PUT https://dbelk2.afaqy.local:9200/units_statistics_***/_bulk [status:200 duration:2.111s]
[2024-04-15T11:00:58.150+0000] {python.py:202} INFO - Done. Returned value was: None
[2024-04-15T11:00:58.164+0000] {taskinstance.py:1149} INFO - Marking task as SUCCESS. dag_id=Units_statistics_DAG, task_id=ETL_job, map_index=12, execution_date=20240415T100000, start_date=20240415T110016, end_date=20240415T110058
[2024-04-15T11:00:58.209+0000] {local_task_job_runner.py:234} INFO - Task exited with return code 0
[2024-04-15T11:00:58.236+0000] {taskinstance.py:3312} INFO - 0 downstream tasks scheduled from follow-on schedule check
