[2024-05-13T18:40:47.488+0000] {local_task_job_runner.py:120} INFO - ::group::Pre task execution logs
[2024-05-13T18:40:47.559+0000] {taskinstance.py:2076} INFO - Dependencies all met for dep_context=non-requeueable deps ti=<TaskInstance: AVL_DAG.MongoDb.connect_to_mongo_server manual__2024-05-13T18:38:58.296020+00:00 [queued]>
[2024-05-13T18:40:47.619+0000] {taskinstance.py:2076} INFO - Dependencies all met for dep_context=requeueable deps ti=<TaskInstance: AVL_DAG.MongoDb.connect_to_mongo_server manual__2024-05-13T18:38:58.296020+00:00 [queued]>
[2024-05-13T18:40:47.620+0000] {taskinstance.py:2306} INFO - Starting attempt 2 of 2
[2024-05-13T18:40:47.732+0000] {taskinstance.py:2330} INFO - Executing <Task(PythonOperator): MongoDb.connect_to_mongo_server> on 2024-05-13 18:38:58.296020+00:00
[2024-05-13T18:40:47.784+0000] {standard_task_runner.py:90} INFO - Running: ['***', 'tasks', 'run', 'AVL_DAG', 'MongoDb.connect_to_mongo_server', 'manual__2024-05-13T18:38:58.296020+00:00', '--job-id', '56402', '--raw', '--subdir', 'DAGS_FOLDER/Avl_dag.py', '--cfg-path', '/tmp/tmpdcwul5we']
[2024-05-13T18:40:47.787+0000] {standard_task_runner.py:91} INFO - Job 56402: Subtask MongoDb.connect_to_mongo_server
[2024-05-13T18:40:47.780+0000] {warnings.py:110} WARNING - /home/***/.local/lib/python3.12/site-packages/***/task/task_runner/standard_task_runner.py:61: DeprecationWarning: This process (pid=1019) is multi-threaded, use of fork() may lead to deadlocks in the child.
  pid = os.fork()

[2024-05-13T18:40:47.793+0000] {standard_task_runner.py:63} INFO - Started process 1020 to run task
[2024-05-13T18:40:48.018+0000] {task_command.py:426} INFO - Running <TaskInstance: AVL_DAG.MongoDb.connect_to_mongo_server manual__2024-05-13T18:38:58.296020+00:00 [running]> on host 117fd00757b6
[2024-05-13T18:40:48.682+0000] {taskinstance.py:2648} INFO - Exporting env vars: AIRFLOW_CTX_DAG_OWNER='abeer-araby' AIRFLOW_CTX_DAG_ID='AVL_DAG' AIRFLOW_CTX_TASK_ID='MongoDb.connect_to_mongo_server' AIRFLOW_CTX_EXECUTION_DATE='2024-05-13T18:38:58.296020+00:00' AIRFLOW_CTX_TRY_NUMBER='2' AIRFLOW_CTX_DAG_RUN_ID='manual__2024-05-13T18:38:58.296020+00:00'
[2024-05-13T18:40:48.689+0000] {taskinstance.py:430} INFO - ::endgroup::
[2024-05-13T18:40:49.054+0000] {mongo_manager.py:29} INFO - Established mongo connection: client MongoClient(host=['avlmdbr2.afaqy.sa:27017', 'avlmdbr3.afaqy.sa:27017', 'avlmdbr1.afaqy.sa:27017'], document_class=dict, tz_aware=False, connect=True, replicaset='AFAQY_AVL_MASTERDB', read_preference=Secondary(tag_sets=None, max_staleness=-1, hedge=None), maxstalenessseconds=7200000, serverselectiontimeoutms=300000)
[2024-05-13T18:41:53.065+0000] {mongo_manager.py:32} INFO - ids_list [ObjectId('5e57f88603ed52af972ffd97'), ObjectId('5e57f88603ed52af972ffd9b'), ObjectId('5e57f88603ed52af972ffd9f'), ObjectId('5e57f88603ed52af972ffda3'), ObjectId('5e57f88603ed52af972ffda7'), ObjectId('5e57f88603ed52af972ffdab'), ObjectId('5e57f88603ed52af972ffdb3'), ObjectId('5e57f88603ed52af972ffdbb'), ObjectId('5e57f88703ed52af972ffdbf'), ObjectId('5e57f88703ed52af972ffdc3')]
[2024-05-13T18:41:53.309+0000] {taskinstance.py:441} INFO - ::group::Post task execution logs
[2024-05-13T18:41:53.310+0000] {taskinstance.py:2905} ERROR - Task failed with exception
Traceback (most recent call last):
  File "/home/airflow/.local/lib/python3.12/site-packages/airflow/models/taskinstance.py", line 465, in _execute_task
    result = _execute_callable(context=context, **execute_callable_kwargs)
             ^^^^^^^^^^^^^^^^^^^^^^^^^^^^^^^^^^^^^^^^^^^^^^^^^^^^^^^^^^^^^
  File "/home/airflow/.local/lib/python3.12/site-packages/airflow/models/taskinstance.py", line 432, in _execute_callable
    return execute_callable(context=context, **execute_callable_kwargs)
           ^^^^^^^^^^^^^^^^^^^^^^^^^^^^^^^^^^^^^^^^^^^^^^^^^^^^^^^^^^^^
  File "/home/airflow/.local/lib/python3.12/site-packages/airflow/models/baseoperator.py", line 400, in wrapper
    return func(self, *args, **kwargs)
           ^^^^^^^^^^^^^^^^^^^^^^^^^^^
  File "/home/airflow/.local/lib/python3.12/site-packages/airflow/operators/python.py", line 235, in execute
    return_value = self.execute_callable()
                   ^^^^^^^^^^^^^^^^^^^^^^^
  File "/home/airflow/.local/lib/python3.12/site-packages/airflow/operators/python.py", line 252, in execute_callable
    return self.python_callable(*self.op_args, **self.op_kwargs)
           ^^^^^^^^^^^^^^^^^^^^^^^^^^^^^^^^^^^^^^^^^^^^^^^^^^^^^
  File "/opt/airflow/dags/avl_pipeline/mongo_manager.py", line 57, in client
    units_group_by_signal_conn_id = list(collection_units.aggregate(pipeline))
                                         ^^^^^^^^^^^^^^^^^^^^^^^^^^^^^^^^^^^^
  File "/home/airflow/.local/lib/python3.12/site-packages/pymongo/collection.py", line 2696, in aggregate
    return self._aggregate(
           ^^^^^^^^^^^^^^^^
  File "/home/airflow/.local/lib/python3.12/site-packages/pymongo/_csot.py", line 108, in csot_wrapper
    return func(self, *args, **kwargs)
           ^^^^^^^^^^^^^^^^^^^^^^^^^^^
  File "/home/airflow/.local/lib/python3.12/site-packages/pymongo/collection.py", line 2604, in _aggregate
    return self.__database.client._retryable_read(
           ^^^^^^^^^^^^^^^^^^^^^^^^^^^^^^^^^^^^^^^
  File "/home/airflow/.local/lib/python3.12/site-packages/pymongo/mongo_client.py", line 1534, in _retryable_read
    return self._retry_internal(
           ^^^^^^^^^^^^^^^^^^^^^
  File "/home/airflow/.local/lib/python3.12/site-packages/pymongo/_csot.py", line 108, in csot_wrapper
    return func(self, *args, **kwargs)
           ^^^^^^^^^^^^^^^^^^^^^^^^^^^
  File "/home/airflow/.local/lib/python3.12/site-packages/pymongo/mongo_client.py", line 1501, in _retry_internal
    ).run()
      ^^^^^
  File "/home/airflow/.local/lib/python3.12/site-packages/pymongo/mongo_client.py", line 2347, in run
    return self._read() if self._is_read else self._write()
           ^^^^^^^^^^^^
  File "/home/airflow/.local/lib/python3.12/site-packages/pymongo/mongo_client.py", line 2485, in _read
    return self._func(self._session, self._server, conn, read_pref)  # type: ignore
           ^^^^^^^^^^^^^^^^^^^^^^^^^^^^^^^^^^^^^^^^^^^^^^^^^^^^^^^^
  File "/home/airflow/.local/lib/python3.12/site-packages/pymongo/aggregation.py", line 162, in get_cursor
    result = conn.command(
             ^^^^^^^^^^^^^
  File "/home/airflow/.local/lib/python3.12/site-packages/pymongo/helpers.py", line 327, in inner
    return func(*args, **kwargs)
           ^^^^^^^^^^^^^^^^^^^^^
  File "/home/airflow/.local/lib/python3.12/site-packages/pymongo/pool.py", line 985, in command
    return command(
           ^^^^^^^^
  File "/home/airflow/.local/lib/python3.12/site-packages/pymongo/network.py", line 212, in command
    helpers._check_command_response(
  File "/home/airflow/.local/lib/python3.12/site-packages/pymongo/helpers.py", line 233, in _check_command_response
    raise OperationFailure(errmsg, code, response, max_wire_version)
pymongo.errors.OperationFailure: The argument to $size must be an array, but was of type: missing, full error: {'operationTime': Timestamp(1715625713, 4), 'ok': 0.0, 'errmsg': 'The argument to $size must be an array, but was of type: missing', 'code': 17124, 'codeName': 'Location17124', '$clusterTime': {'clusterTime': Timestamp(1715625713, 4), 'signature': {'hash': b'\x00\x00\x00\x00\x00\x00\x00\x00\x00\x00\x00\x00\x00\x00\x00\x00\x00\x00\x00\x00', 'keyId': 0}}}
[2024-05-13T18:41:53.336+0000] {taskinstance.py:1206} INFO - Marking task as FAILED. dag_id=AVL_DAG, task_id=MongoDb.connect_to_mongo_server, run_id=manual__2024-05-13T18:38:58.296020+00:00, execution_date=20240513T183858, start_date=20240513T184047, end_date=20240513T184153
[2024-05-13T18:41:53.441+0000] {standard_task_runner.py:110} ERROR - Failed to execute job 56402 for task MongoDb.connect_to_mongo_server (The argument to $size must be an array, but was of type: missing, full error: {'operationTime': Timestamp(1715625713, 4), 'ok': 0.0, 'errmsg': 'The argument to $size must be an array, but was of type: missing', 'code': 17124, 'codeName': 'Location17124', '$clusterTime': {'clusterTime': Timestamp(1715625713, 4), 'signature': {'hash': b'\x00\x00\x00\x00\x00\x00\x00\x00\x00\x00\x00\x00\x00\x00\x00\x00\x00\x00\x00\x00', 'keyId': 0}}}; 1020)
[2024-05-13T18:41:53.527+0000] {local_task_job_runner.py:240} INFO - Task exited with return code 1
[2024-05-13T18:41:53.554+0000] {taskinstance.py:3498} INFO - 0 downstream tasks scheduled from follow-on schedule check
[2024-05-13T18:41:53.563+0000] {local_task_job_runner.py:222} INFO - ::endgroup::
