[2024-04-19T06:00:20.769+0000] {taskinstance.py:1979} INFO - Dependencies all met for dep_context=non-requeueable deps ti=<TaskInstance: Units_statistics_DAG.ETL_job scheduled__2024-04-19T05:00:00+00:00 map_index=0 [queued]>
[2024-04-19T06:00:20.825+0000] {taskinstance.py:1979} INFO - Dependencies all met for dep_context=requeueable deps ti=<TaskInstance: Units_statistics_DAG.ETL_job scheduled__2024-04-19T05:00:00+00:00 map_index=0 [queued]>
[2024-04-19T06:00:20.825+0000] {taskinstance.py:2193} INFO - Starting attempt 1 of 4
[2024-04-19T06:00:20.904+0000] {taskinstance.py:2217} INFO - Executing <Mapped(_PythonDecoratedOperator): ETL_job> on 2024-04-19 05:00:00+00:00
[2024-04-19T06:00:20.910+0000] {standard_task_runner.py:60} INFO - Started process 397816 to run task
[2024-04-19T06:00:20.952+0000] {standard_task_runner.py:87} INFO - Running: ['***', 'tasks', 'run', 'Units_statistics_DAG', 'ETL_job', 'scheduled__2024-04-19T05:00:00+00:00', '--job-id', '8598', '--raw', '--subdir', 'DAGS_FOLDER/Units_dag.py', '--cfg-path', '/tmp/tmph1i_ty6k', '--map-index', '0']
[2024-04-19T06:00:20.967+0000] {standard_task_runner.py:88} INFO - Job 8598: Subtask ETL_job
[2024-04-19T06:00:21.189+0000] {task_command.py:423} INFO - Running <TaskInstance: Units_statistics_DAG.ETL_job scheduled__2024-04-19T05:00:00+00:00 map_index=0 [running]> on host a09da322e808
[2024-04-19T06:00:21.667+0000] {taskinstance.py:2513} INFO - Exporting env vars: AIRFLOW_CTX_DAG_OWNER='abeer-araby' AIRFLOW_CTX_DAG_ID='Units_statistics_DAG' AIRFLOW_CTX_TASK_ID='ETL_job' AIRFLOW_CTX_EXECUTION_DATE='2024-04-19T05:00:00+00:00' AIRFLOW_CTX_TRY_NUMBER='1' AIRFLOW_CTX_DAG_RUN_ID='scheduled__2024-04-19T05:00:00+00:00'
[2024-04-19T06:00:21.669+0000] {Units_dag.py:99} INFO - i: 0, chunk: 10000
[2024-04-19T06:00:21.669+0000] {Units_dag.py:100} INFO - child token is::: eyJ0eXAiOiJKV1QiLCJhbGciOiJIUzI1NiJ9.eyJpc3MiOiJodHRwczovL2FwaS5hZmFxeS5zYS9hdXRoL2xvZ2luX2FzIiwiaWF0IjoxNzEzNTA2NDA5LCJleHAiOjE3MTYwOTg0MDksIm5iZiI6MTcxMzUwNjQwOSwianRpIjoiQmNWcDdCVHJwVHl6cjR1VSIsInN1YiI6IjVkNjNlNTFlMDNlZDUyOTJhNDJjMjRlNiIsInBydiI6IjI3MGVjZmM3ZWEzZWQ5MzdlYTg0OTM2MmEzYTUwOTEwYzZkOGNlNGYiLCJsb2dpbl9hc19pZCI6IjY1N2YwYWQ3M2Y5NzcyOTVjZjA1NTc2YSJ9.aqDXTPXVNnsF035f25bpVUubl-LoOWo7TJIuURR0J1A
[2024-04-19T06:00:51.988+0000] {Units_dag.py:104} INFO - {'_id': '5c3b1d7303ed52664c40f2c5', 'icon': 'icons/icon.png', 'driver_id': '5c3f263603ed521645362495', 'tailer_id': '', 'profile': {'vehicle_type': '', 'measurement_type': 'count', 'max_capacity': 0, 'vin': 'ddffffff', 'plate_number': '8222222f', 'start_operation': '', 'contract_milage': '', 'opening_milage': '', 'model': '', 'fuel_type': '91', 'year': 0, 'seats': 2}, 'device_password': '***', 'name': 'yasser nabeh', 'imei': '867459040839029', 'sim_number': '+966830030204787', 'sim_serial': '212515969044', 'device_serial': '867459040839029', 'device': 'bceIotm', 'created_by': '5b5475eeec689d30c527f124', 'user_id': '5b5475eeec689d30c527f124', 'operation_code': '5142005', 'updated_at': '2024-04-18 11:18:59', 'device_type': 'gps', 'business_types': {'waste': False, 'transportation': False, 'water': False, 'hajj': False}, 'device_gateway': '', 'gateway': False, 'deleted_at': '', 'skip_sim_information': '', 'cctv': {'dvr_id': '', 'channels': 1}, 'shipment_info': {'product_category': 'frozen_meat', 'truck_type': 'bulker_40_footer', 'shipment_type': 'long_haul', 'shipment_payment_type': 'trip_paid', 'transporter_type': 't typw', 'operating_area': 'oparea', 'weight_kilograms_per_day': 1, 'kms_per_day': 2, 'shipment_trip_drive_hrs_day': 1, 'allowable_delay_drive_hrs_day': 1, 'expected_shipment_trip_day': 1, 'car_pay_per_day': 1, 'exceeding_temperature_limit_per_day': 1, 'temperature_upper_limit': 1, 'exceeding_humidity_limit_per_day': 1, 'humidity_upper_limit': 1}, 'custom_fields': [{'id': '6621020a721cc3fb8c0b7ca4', 'key': 'test-1', 'value': 'value-1', 'type': 'general', 'measurement_unit': None}, {'id': '6621020a721cc3fb8c0b7ca6', 'key': 'test-4', 'value': 'value-4', 'type': 'general', 'measurement_unit': None}, {'id': '6621020a721cc3fb8c0b7ca8', 'key': 'test-3', 'value': 'value-3', 'type': 'general', 'measurement_unit': None}, {'id': '6621020a721cc3fb8c0b7caa', 'key': 'test-2', 'value': 'value-2', 'type': 'general', 'measurement_unit': None}], 'creator': 'afaqy', 'company': '', 'owner': 'afaqy', 'last_update': {'dtt': 1713265086000, 'dts': 1713265085551, 'spd': 100, 'ang': 0, 'alt': 28, 'chPrams': {'acc': {'v': '1', 'cdt': 1702840104000}, 'di5': {'v': 'JEWISH5', 'cdt': 1713265086000}, 'ePwrV': {'v': '0', 'cdt': 1698259614000}, 'sat': {'v': '12', 'cdt': 1713265080000}}, 'prms': {'di5': 'JEWISH5', 'sat': '12'}, 'devPrms': ['sat', 'di5'], 'old_params': {'sat': '12'}, 'vLoc': 1, 'vCon': 1, 'ip': '197.36.181.166', 'rl': 0, 'trl': 0, 'mdu': 0, 'tmdu': 0, 'eidl': 0, 'teidl': 0, 'fc': 0, 'tfc': 0, 'acc': 0, 'accOn': 0, 'accOff': 7675525, 'sdu': 0, 'tsdu': 0, 'lat': 27.57588400142508, 'lng': 41.617981955800936}, 'counters': {'odometer_type': 'gps', 'odometer': 0, 'engine_hours_type': 'acc', 'engine_hours': 0, 'last_acc': None}, 'is_wasl_connected': 'Not Connected', 'iconUrl': 'https://api.afaqy.sa/images/units/icons/icon.png', 'hasCCTV': False}
[2024-04-19T06:00:53.026+0000] {warnings.py:109} WARNING - /home/***/.local/lib/python3.8/site-packages/elasticsearch/_sync/client/__init__.py:399: SecurityWarning: Connecting to 'https://dbelk1.afaqy.local:9200' using TLS with verify_certs=False is insecure
  _transport = transport_class(

[2024-04-19T06:00:53.095+0000] {warnings.py:109} WARNING - /home/***/.local/lib/python3.8/site-packages/elasticsearch/_sync/client/__init__.py:399: SecurityWarning: Connecting to 'https://dbelk3.afaqy.local:9200' using TLS with verify_certs=False is insecure
  _transport = transport_class(

[2024-04-19T06:00:53.168+0000] {warnings.py:109} WARNING - /home/***/.local/lib/python3.8/site-packages/elasticsearch/_sync/client/__init__.py:399: SecurityWarning: Connecting to 'https://dbelk2.afaqy.local:9200' using TLS with verify_certs=False is insecure
  _transport = transport_class(

[2024-04-19T06:00:53.194+0000] {warnings.py:109} WARNING - /home/***/.local/lib/python3.8/site-packages/urllib3/connectionpool.py:1061: InsecureRequestWarning: Unverified HTTPS request is being made to host 'dbelk1.afaqy.local'. Adding certificate verification is strongly advised. See: https://urllib3.readthedocs.io/en/1.26.x/advanced-usage.html#ssl-warnings
  warnings.warn(

[2024-04-19T06:00:53.247+0000] {_transport.py:335} INFO - GET https://dbelk1.afaqy.local:9200/_cluster/health [status:200 duration:0.078s]
[2024-04-19T06:00:53.672+0000] {warnings.py:109} WARNING - /home/***/.local/lib/python3.8/site-packages/urllib3/connectionpool.py:1061: InsecureRequestWarning: Unverified HTTPS request is being made to host 'dbelk3.afaqy.local'. Adding certificate verification is strongly advised. See: https://urllib3.readthedocs.io/en/1.26.x/advanced-usage.html#ssl-warnings
  warnings.warn(

[2024-04-19T06:00:56.787+0000] {_transport.py:335} INFO - PUT https://dbelk3.afaqy.local:9200/units_statistics_***/_bulk [status:200 duration:3.150s]
[2024-04-19T06:00:57.136+0000] {python.py:202} INFO - Done. Returned value was: None
[2024-04-19T06:00:57.154+0000] {taskinstance.py:1149} INFO - Marking task as SUCCESS. dag_id=Units_statistics_DAG, task_id=ETL_job, map_index=0, execution_date=20240419T050000, start_date=20240419T060020, end_date=20240419T060057
[2024-04-19T06:00:57.228+0000] {local_task_job_runner.py:234} INFO - Task exited with return code 0
[2024-04-19T06:00:57.253+0000] {taskinstance.py:3312} INFO - 0 downstream tasks scheduled from follow-on schedule check
