[2024-05-10T01:21:45.140+0000] {taskinstance.py:1979} INFO - Dependencies all met for dep_context=non-requeueable deps ti=<TaskInstance: Units_statistics_DAG.ETL_job scheduled__2024-05-10T01:00:00+00:00 map_index=6 [queued]>
[2024-05-10T01:21:45.155+0000] {taskinstance.py:1979} INFO - Dependencies all met for dep_context=requeueable deps ti=<TaskInstance: Units_statistics_DAG.ETL_job scheduled__2024-05-10T01:00:00+00:00 map_index=6 [queued]>
[2024-05-10T01:21:45.156+0000] {taskinstance.py:2193} INFO - Starting attempt 2 of 4
[2024-05-10T01:21:45.181+0000] {taskinstance.py:2217} INFO - Executing <Mapped(_PythonDecoratedOperator): ETL_job> on 2024-05-10 01:00:00+00:00
[2024-05-10T01:21:45.193+0000] {standard_task_runner.py:60} INFO - Started process 901150 to run task
[2024-05-10T01:21:45.202+0000] {standard_task_runner.py:87} INFO - Running: ['***', 'tasks', 'run', 'Units_statistics_DAG', 'ETL_job', 'scheduled__2024-05-10T01:00:00+00:00', '--job-id', '46038', '--raw', '--subdir', 'DAGS_FOLDER/Units_dag.py', '--cfg-path', '/tmp/tmp7ddiwxrf', '--map-index', '6']
[2024-05-10T01:21:45.205+0000] {standard_task_runner.py:88} INFO - Job 46038: Subtask ETL_job
[2024-05-10T01:21:45.327+0000] {task_command.py:423} INFO - Running <TaskInstance: Units_statistics_DAG.ETL_job scheduled__2024-05-10T01:00:00+00:00 map_index=6 [running]> on host a09da322e808
[2024-05-10T01:21:45.538+0000] {taskinstance.py:2513} INFO - Exporting env vars: AIRFLOW_CTX_DAG_OWNER='abeer-araby' AIRFLOW_CTX_DAG_ID='Units_statistics_DAG' AIRFLOW_CTX_TASK_ID='ETL_job' AIRFLOW_CTX_EXECUTION_DATE='2024-05-10T01:00:00+00:00' AIRFLOW_CTX_TRY_NUMBER='2' AIRFLOW_CTX_DAG_RUN_ID='scheduled__2024-05-10T01:00:00+00:00'
[2024-05-10T01:21:45.540+0000] {Units_dag.py:98} INFO - i: 60000, chunk: 10000
[2024-05-10T01:21:45.540+0000] {Units_dag.py:99} INFO - child token is::: eyJ0eXAiOiJKV1QiLCJhbGciOiJIUzI1NiJ9.eyJpc3MiOiJodHRwczovL2FwaS5hZmFxeS5zYS9hdXRoL2xvZ2luX2FzIiwiaWF0IjoxNzE1MzA0MDAzLCJleHAiOjE3MTc4OTYwMDMsIm5iZiI6MTcxNTMwNDAwMywianRpIjoiaHdrMzNmdjdkZEE2dFFHVCIsInN1YiI6IjVkNjNlNTFlMDNlZDUyOTJhNDJjMjRlNiIsInBydiI6IjI3MGVjZmM3ZWEzZWQ5MzdlYTg0OTM2MmEzYTUwOTEwYzZkOGNlNGYiLCJsb2dpbl9hc19pZCI6IjY1N2YwYWQ3M2Y5NzcyOTVjZjA1NTc2YSJ9.JRmi15UGalCJX2UOCU3tkayanS-abpxSPcUM_4YmjI8
[2024-05-10T01:22:02.798+0000] {Units_dag.py:103} INFO - {'_id': '63306533b09b464a2f65f24f', 'icon': 'icons/A_11.png', 'driver_id': '', 'tailer_id': '', 'profile': {'vehicle_type': '', 'measurement_type': 'count', 'max_capacity': 0, 'vin': '', 'plate_number': '', 'start_operation': '', 'contract_milage': '', 'opening_milage': '', 'model': '', 'fuel_type': '91', 'year': 0, 'seats': 2}, 'device_password': '***', 'device_type': 'gps', 'gateway': False, 'name': '7756 - BSA', 'operation_code': '', 'device_gateway': '', 'business_types': {'waste': False, 'transportation': True, 'water': False}, 'imei': '869688059395865', 'sim_number': '+966830028644390', 'sim_serial': '996609821111331183', 'device_serial': '869688059395865', 'device': 'bce', 'user_id': '5ed3a92603ed527acb46a02c', 'created_by': '5e6655bf03ed52e1ab79d301', 'updated_at': '2024-04-18 11:18:59', 'created_at': '2022-09-25 17:26:59', 'shipment_info': {'product_category': None, 'truck_type': None, 'shipment_type': None, 'shipment_payment_type': None, 'transporter_type': None, 'operating_area': None, 'weight_kilograms_per_day': None, 'kms_per_day': None, 'shipment_trip_drive_hrs_day': None, 'allowable_delay_drive_hrs_day': None, 'expected_shipment_trip_day': None, 'car_pay_per_day': None, 'exceeding_temperature_limit_per_day': None, 'temperature_upper_limit': None, 'exceeding_humidity_limit_per_day': None, 'humidity_upper_limit': None}, 'skip_sim_information': '', 'custom_fields': [], 'creator': 'amr.ahmed', 'company': '', 'owner': 'al-musalam', 'last_update': {'dtt': 1715304058000, 'dts': 1715304076537, 'spd': 66, 'ang': 104, 'alt': 84, 'chPrams': {'ePwrV': {'v': 27.651, 'cdt': 1715304058000}, 'di16': {'v': 1, 'cdt': 1715239922000}, 'di15': {'v': 0, 'cdt': 1668600364000}, 'di14': {'v': 1, 'cdt': 1715302812000}, 'di13': {'v': 0, 'cdt': 1715239922000}, 'ai1': {'v': 0, 'cdt': 1715239922000}, 'di12': {'v': 0, 'cdt': 1715239922000}, 'ai3': {'v': 423, 'cdt': 1715304058000}, 'di11': {'v': 0, 'cdt': 1715239922000}, 'di10': {'v': 0, 'cdt': 1715239922000}, 'trailer1_status': {'v': 0, 'cdt': 1715239922000}, 'trailer2_status': {'v': 0, 'cdt': 1715239922000}, 'ai5': {'v': 27569, 'cdt': 1715304058000}, 'di2': {'v': 1, 'cdt': 1714978612000}, 'trailer2_id': {'v': 0, 'cdt': 1715239922000}, 'di1': {'v': 1, 'cdt': 1715303254000}, 'ai4': {'v': 12302, 'cdt': 1715304058000}, 'di4': {'v': 0, 'cdt': 1715239922000}, 'ai7': {'v': 0, 'cdt': 1715239922000}, 'di3': {'v': 0, 'cdt': 1715239922000}, 'di6': {'v': 1, 'cdt': 1715239922000}, 'di5': {'v': 1, 'cdt': 1715301792000}, 'protocol': {'v': 'bce', 'cdt': 1715239922000}, 'di8': {'v': 1, 'cdt': 1715239922000}, 'di7': {'v': 1, 'cdt': 1715301822000}, 'di9': {'v': 0, 'cdt': 1715239922000}, 'iPwrV': {'v': 4.15, 'cdt': 1715304056000}, 'odometer': {'v': 1108585229, 'cdt': 1715304058000}, 'spd': {'v': 66, 'cdt': 1715304026000}, 'sat': {'v': 12, 'cdt': 1715294190000}, 'trailer1_id': {'v': 0, 'cdt': 1715239922000}, 'hdop': {'v': 1, 'cdt': 1715030918000}}, 'prms': {'protocol': 'bce', 'spd': 66, 'sat': 12, 'hdop': 1, 'odometer': 1108585229, 'di16': 1, 'di15': 0, 'di14': 1, 'di13': 0, 'di12': 0, 'di11': 0, 'di10': 0, 'di9': 0, 'di8': 1, 'di7': 1, 'di6': 1, 'di5': 1, 'di4': 0, 'di3': 0, 'di2': 1, 'di1': 1, 'ai1': 0, 'ePwrV': 27.651, 'ai3': 423, 'ai4': 12302, 'ai5': 27569, 'iPwrV': 4.15, 'ai7': 0, 'trailer1_id': 0, 'trailer1_status': 0, 'trailer2_id': 0, 'trailer2_status': 0}, 'devPrms': ['protocol', 'spd', 'sat', 'hdop', 'odometer', 'di16', 'di15', 'di14', 'di13', 'di12', 'di11', 'di10', 'di9', 'di8', 'di7', 'di6', 'di5', 'di4', 'di3', 'di2', 'di1', 'ai1', 'ePwrV', 'ai3', 'ai4', 'ai5', 'iPwrV', 'ai7', 'trailer1_id', 'trailer1_status', 'trailer2_id', 'trailer2_status'], 'old_params': {'protocol': 'bce', 'spd': 66, 'sat': 12, 'hdop': 1, 'odometer': 1141303348, 'di16': 1, 'di15': 0, 'di14': 1, 'di13': 0, 'di12': 0, 'di11': 0, 'di10': 0, 'di9': 0, 'di8': 1, 'di7': 1, 'di6': 1, 'di5': 1, 'di4': 0, 'di3': 0, 'di2': 1, 'di1': 1, 'ai1': 0, 'ePwrV': 27.686, 'ai3': 444, 'ai4': 12674, 'ai5': 27507, 'iPwrV': 4.15, 'ai7': 0, 'trailer1_id': 0, 'trailer1_status': 0, 'trailer2_id': 0, 'trailer2_status': 0}, 'vLoc': 1, 'vCon': 1, 'ip': '109.83.225.143', 'rl': 0.037, 'trl': 144449.4583, 'mdu': 2, 'tmdu': 8574936, 'eidl': 0, 'teidl': 8223816, 'fc': 0.00444, 'tfc': 7.73736, 'acc': 1, 'accOn': 26264852, 'accOff': 26084090, 'sdu': 0, 'tsdu': 0, 'lat': 21.379127502441406, 'lng': 39.458927154541016}, 'counters': {'odometer_type': 'gps', 'odometer': 144449.4642, 'engine_hours_type': 'acc', 'engine_hours': 26264852, 'last_acc': 1}, 'is_wasl_connected': 'Connected', 'iconUrl': 'https://api.afaqy.sa/images/units/icons/A_11.png', 'hasCCTV': False}
[2024-05-10T01:22:03.343+0000] {warnings.py:109} WARNING - /home/***/.local/lib/python3.8/site-packages/elasticsearch/_sync/client/__init__.py:399: SecurityWarning: Connecting to 'https://dbelk3.afaqy.local:9200' using TLS with verify_certs=False is insecure
  _transport = transport_class(

[2024-05-10T01:22:03.388+0000] {warnings.py:109} WARNING - /home/***/.local/lib/python3.8/site-packages/elasticsearch/_sync/client/__init__.py:399: SecurityWarning: Connecting to 'https://dbelk2.afaqy.local:9200' using TLS with verify_certs=False is insecure
  _transport = transport_class(

[2024-05-10T01:22:03.431+0000] {warnings.py:109} WARNING - /home/***/.local/lib/python3.8/site-packages/elasticsearch/_sync/client/__init__.py:399: SecurityWarning: Connecting to 'https://dbelk1.afaqy.local:9200' using TLS with verify_certs=False is insecure
  _transport = transport_class(

[2024-05-10T01:22:03.453+0000] {warnings.py:109} WARNING - /home/***/.local/lib/python3.8/site-packages/urllib3/connectionpool.py:1061: InsecureRequestWarning: Unverified HTTPS request is being made to host 'dbelk3.afaqy.local'. Adding certificate verification is strongly advised. See: https://urllib3.readthedocs.io/en/1.26.x/advanced-usage.html#ssl-warnings
  warnings.warn(

[2024-05-10T01:22:03.581+0000] {_transport.py:335} INFO - GET https://dbelk3.afaqy.local:9200/_cluster/health [status:200 duration:0.147s]
[2024-05-10T01:22:04.016+0000] {warnings.py:109} WARNING - /home/***/.local/lib/python3.8/site-packages/urllib3/connectionpool.py:1061: InsecureRequestWarning: Unverified HTTPS request is being made to host 'dbelk2.afaqy.local'. Adding certificate verification is strongly advised. See: https://urllib3.readthedocs.io/en/1.26.x/advanced-usage.html#ssl-warnings
  warnings.warn(

[2024-05-10T01:22:05.570+0000] {_transport.py:335} INFO - PUT https://dbelk2.afaqy.local:9200/units_statistics_***/_bulk [status:200 duration:1.586s]
[2024-05-10T01:22:06.325+0000] {taskinstance.py:2731} ERROR - Task failed with exception
Traceback (most recent call last):
  File "/home/airflow/.local/lib/python3.8/site-packages/airflow/models/taskinstance.py", line 444, in _execute_task
    result = _execute_callable(context=context, **execute_callable_kwargs)
  File "/home/airflow/.local/lib/python3.8/site-packages/airflow/models/taskinstance.py", line 414, in _execute_callable
    return execute_callable(context=context, **execute_callable_kwargs)
  File "/home/airflow/.local/lib/python3.8/site-packages/airflow/decorators/base.py", line 241, in execute
    return_value = super().execute(context)
  File "/home/airflow/.local/lib/python3.8/site-packages/airflow/operators/python.py", line 200, in execute
    return_value = self.execute_callable()
  File "/home/airflow/.local/lib/python3.8/site-packages/airflow/operators/python.py", line 217, in execute_callable
    return self.python_callable(*self.op_args, **self.op_kwargs)
  File "/opt/airflow/dags/Units_dag.py", line 111, in ETL_job
    Elk_client.elk_pushData(Globals.index_name,units_list_update)
  File "/opt/airflow/dags/units_statistics/elk_manager.py", line 69, in elk_pushData
    helpers.bulk(self.elk_client, docs_list, index=index_name, chunk_size=batch)
  File "/home/airflow/.local/lib/python3.8/site-packages/elasticsearch/helpers/actions.py", line 521, in bulk
    for ok, item in streaming_bulk(
  File "/home/airflow/.local/lib/python3.8/site-packages/elasticsearch/helpers/actions.py", line 436, in streaming_bulk
    for data, (ok, info) in zip(
  File "/home/airflow/.local/lib/python3.8/site-packages/elasticsearch/helpers/actions.py", line 355, in _process_bulk_chunk
    yield from gen
  File "/home/airflow/.local/lib/python3.8/site-packages/elasticsearch/helpers/actions.py", line 274, in _process_bulk_chunk_success
    raise BulkIndexError(f"{len(errors)} document(s) failed to index.", errors)
elasticsearch.helpers.BulkIndexError: 2182 document(s) failed to index.
[2024-05-10T01:22:06.355+0000] {taskinstance.py:1149} INFO - Marking task as UP_FOR_RETRY. dag_id=Units_statistics_DAG, task_id=ETL_job, map_index=6, execution_date=20240510T010000, start_date=20240510T012145, end_date=20240510T012206
[2024-05-10T01:22:06.383+0000] {standard_task_runner.py:107} ERROR - Failed to execute job 46038 for task ETL_job (2182 document(s) failed to index.; 901150)
[2024-05-10T01:22:06.503+0000] {local_task_job_runner.py:234} INFO - Task exited with return code 1
[2024-05-10T01:22:06.529+0000] {taskinstance.py:3312} INFO - 0 downstream tasks scheduled from follow-on schedule check
