[2024-04-21T19:40:19.341+0000] {taskinstance.py:1979} INFO - Dependencies all met for dep_context=non-requeueable deps ti=<TaskInstance: Units_statistics_DAG.ETL_job scheduled__2024-04-21T19:20:00+00:00 map_index=7 [queued]>
[2024-04-21T19:40:19.455+0000] {taskinstance.py:1979} INFO - Dependencies all met for dep_context=requeueable deps ti=<TaskInstance: Units_statistics_DAG.ETL_job scheduled__2024-04-21T19:20:00+00:00 map_index=7 [queued]>
[2024-04-21T19:40:19.456+0000] {taskinstance.py:2193} INFO - Starting attempt 1 of 4
[2024-04-21T19:40:19.583+0000] {taskinstance.py:2217} INFO - Executing <Mapped(_PythonDecoratedOperator): ETL_job> on 2024-04-21 19:20:00+00:00
[2024-04-21T19:40:19.661+0000] {standard_task_runner.py:60} INFO - Started process 454489 to run task
[2024-04-21T19:40:19.730+0000] {standard_task_runner.py:87} INFO - Running: ['***', 'tasks', 'run', 'Units_statistics_DAG', 'ETL_job', 'scheduled__2024-04-21T19:20:00+00:00', '--job-id', '10219', '--raw', '--subdir', 'DAGS_FOLDER/Units_dag.py', '--cfg-path', '/tmp/tmp7j94av14', '--map-index', '7']
[2024-04-21T19:40:19.732+0000] {standard_task_runner.py:88} INFO - Job 10219: Subtask ETL_job
[2024-04-21T19:40:20.255+0000] {task_command.py:423} INFO - Running <TaskInstance: Units_statistics_DAG.ETL_job scheduled__2024-04-21T19:20:00+00:00 map_index=7 [running]> on host a09da322e808
[2024-04-21T19:40:21.011+0000] {taskinstance.py:2513} INFO - Exporting env vars: AIRFLOW_CTX_DAG_OWNER='abeer-araby' AIRFLOW_CTX_DAG_ID='Units_statistics_DAG' AIRFLOW_CTX_TASK_ID='ETL_job' AIRFLOW_CTX_EXECUTION_DATE='2024-04-21T19:20:00+00:00' AIRFLOW_CTX_TRY_NUMBER='1' AIRFLOW_CTX_DAG_RUN_ID='scheduled__2024-04-21T19:20:00+00:00'
[2024-04-21T19:40:21.013+0000] {Units_dag.py:99} INFO - i: 70000, chunk: 10000
[2024-04-21T19:40:21.016+0000] {Units_dag.py:100} INFO - child token is::: eyJ0eXAiOiJKV1QiLCJhbGciOiJIUzI1NiJ9.eyJpc3MiOiJodHRwczovL2FwaS5hZmFxeS5zYS9hdXRoL2xvZ2luX2FzIiwiaWF0IjoxNzEzNzI4NDA0LCJleHAiOjE3MTYzMjA0MDQsIm5iZiI6MTcxMzcyODQwNCwianRpIjoiVkRNRVc5NnluZXRpVVZadSIsInN1YiI6IjVkNjNlNTFlMDNlZDUyOTJhNDJjMjRlNiIsInBydiI6IjI3MGVjZmM3ZWEzZWQ5MzdlYTg0OTM2MmEzYTUwOTEwYzZkOGNlNGYiLCJsb2dpbl9hc19pZCI6IjY1N2YwYWQ3M2Y5NzcyOTVjZjA1NTc2YSJ9.8gd_fl6JEg_sPVHtjxlqWBvWuULXBiTUVeptk1SclXg
[2024-04-21T19:40:48.769+0000] {Units_dag.py:104} INFO - {'_id': '639f1f2bb2905022805d84de', 'icon': 'icons/icon.png', 'driver_id': '', 'tailer_id': '', 'profile': {'year': 0, 'seats': 2, 'fuel_type': 91}, 'device_password': '***', 'device_type': 'gps', 'gateway': False, 'name': '6009UUD', 'operation_code': None, 'device_gateway': None, 'business_types': {'waste': False, 'transportation': True, 'water': False}, 'imei': '866854057358239', 'sim_number': '+966830030951789', 'sim_serial': '21294043458', 'device_serial': '866854057358239', 'device': 'bce', 'user_id': '633c2965a960d512d967f983', 'created_by': '5e6655bf03ed52e1ab79d301', 'updated_at': '2024-04-18 11:18:59', 'created_at': '2022-12-18 17:09:47', 'custom_fields': [], 'creator': 'amr.ahmed', 'company': '', 'owner': 'jahez-admin', 'last_update': {'dtt': 1713728374000, 'dts': 1713728403216, 'spd': 0, 'ang': 326, 'alt': 91, 'chPrams': {'ePwrV': {'v': 13.45, 'cdt': 1713728374000}, 'di16': {'v': 1, 'cdt': 1712912470000}, 'rssi1': {'v': 39, 'cdt': 1713728374000}, 'di15': {'v': 0, 'cdt': 1711667524000}, 'di14': {'v': 0, 'cdt': 1713728318000}, 'di13': {'v': 0, 'cdt': 1712917036000}, 'di12': {'v': 0, 'cdt': 1712912470000}, 'di11': {'v': 0, 'cdt': 1712912470000}, 'di10': {'v': 0, 'cdt': 1670755992000}, 'di2': {'v': 0, 'cdt': 1711806868000}, 'di1': {'v': 0, 'cdt': 1713728374000}, 'di4': {'v': 0, 'cdt': 1712912470000}, 'di3': {'v': 0, 'cdt': 1712912470000}, 'di6': {'v': 1, 'cdt': 1713727444000}, 'di5': {'v': 1, 'cdt': 1713727444000}, 'lac1': {'v': 42014, 'cdt': 1713726244000}, 'protocol': {'v': 'bce', 'cdt': 1712912470000}, 'di8': {'v': 1, 'cdt': 1712912470000}, 'di7': {'v': 1, 'cdt': 1713727444000}, 'di9': {'v': 0, 'cdt': 1712912470000}, 'iPwrV': {'v': 4.063, 'cdt': 1713727964000}, 'cid1': {'v': 20213, 'cdt': 1713728204000}, 'odometer': {'v': 0, 'cdt': 1713728348000}, 'spd': {'v': 0, 'cdt': 1713728318000}, 'sat': {'v': 13, 'cdt': 1713728318000}, 'hdop': {'v': 1, 'cdt': 1712495172000}, 'ta': {'v': 0, 'cdt': 1712912470000}, 'mcc1': {'v': 420, 'cdt': 1713619698000}, 'mnc1': {'v': 4, 'cdt': 1713619698000}}, 'prms': {'protocol': 'bce', 'spd': 0, 'sat': 13, 'hdop': 1, 'odometer': 0, 'di16': 1, 'di15': 0, 'di14': 0, 'di13': 0, 'di12': 0, 'di11': 0, 'di10': 0, 'di9': 0, 'di8': 1, 'di7': 1, 'di6': 1, 'di5': 1, 'di4': 0, 'di3': 0, 'di2': 0, 'di1': 0, 'ePwrV': 13.45, 'iPwrV': 4.063, 'ta': 0, 'mcc1': 420, 'mnc1': 4, 'lac1': 42014, 'cid1': 20213, 'rssi1': 39}, 'devPrms': ['protocol', 'spd', 'sat', 'hdop', 'odometer', 'di16', 'di15', 'di14', 'di13', 'di12', 'di11', 'di10', 'di9', 'di8', 'di7', 'di6', 'di5', 'di4', 'di3', 'di2', 'di1', 'ePwrV', 'iPwrV', 'ta', 'mcc1', 'mnc1', 'lac1', 'cid1', 'rssi1'], 'old_params': {'protocol': 'bce', 'spd': 0, 'sat': 13, 'hdop': 1, 'odometer': 0, 'di16': 1, 'di15': 0, 'di14': 0, 'di13': 0, 'di12': 0, 'di11': 0, 'di10': 0, 'di9': 0, 'di8': 1, 'di7': 1, 'di6': 1, 'di5': 1, 'di4': 0, 'di3': 0, 'di2': 0, 'di1': 1, 'ePwrV': 13.432, 'iPwrV': 4.063, 'ta': 0, 'mcc1': 420, 'mnc1': 4, 'lac1': 42014, 'cid1': 20213, 'rssi1': 45}, 'vLoc': 1, 'vCon': 1, 'ip': '51.39.21.27', 'rl': 0, 'trl': 98499.7084, 'mdu': 0, 'tmdu': 8835108, 'eidl': 26, 'teidl': 5799930, 'fc': 0, 'tfc': 6.318672, 'acc': 1, 'accOn': 3804914151, 'accOff': 4191333080, 'sdu': 0, 'tsdu': 0, 'lat': 21.592592239379883, 'lng': 39.2711067199707}, 'counters': {'odometer_type': 'gps', 'odometer': 98499.586, 'engine_hours_type': 'acc', 'engine_hours': 3804914151, 'last_acc': 1}, 'is_wasl_connected': 'Not Connected', 'iconUrl': 'https://api.afaqy.sa/images/units/icons/icon.png', 'hasCCTV': False}
[2024-04-21T19:40:49.653+0000] {warnings.py:109} WARNING - /home/***/.local/lib/python3.8/site-packages/elasticsearch/_sync/client/__init__.py:399: SecurityWarning: Connecting to 'https://dbelk2.afaqy.local:9200' using TLS with verify_certs=False is insecure
  _transport = transport_class(

[2024-04-21T19:40:49.688+0000] {warnings.py:109} WARNING - /home/***/.local/lib/python3.8/site-packages/elasticsearch/_sync/client/__init__.py:399: SecurityWarning: Connecting to 'https://dbelk3.afaqy.local:9200' using TLS with verify_certs=False is insecure
  _transport = transport_class(

[2024-04-21T19:40:49.723+0000] {warnings.py:109} WARNING - /home/***/.local/lib/python3.8/site-packages/elasticsearch/_sync/client/__init__.py:399: SecurityWarning: Connecting to 'https://dbelk1.afaqy.local:9200' using TLS with verify_certs=False is insecure
  _transport = transport_class(

[2024-04-21T19:40:49.763+0000] {warnings.py:109} WARNING - /home/***/.local/lib/python3.8/site-packages/urllib3/connectionpool.py:1061: InsecureRequestWarning: Unverified HTTPS request is being made to host 'dbelk2.afaqy.local'. Adding certificate verification is strongly advised. See: https://urllib3.readthedocs.io/en/1.26.x/advanced-usage.html#ssl-warnings
  warnings.warn(

[2024-04-21T19:40:49.841+0000] {_transport.py:335} INFO - GET https://dbelk2.afaqy.local:9200/_cluster/health [status:200 duration:0.117s]
[2024-04-21T19:40:50.641+0000] {warnings.py:109} WARNING - /home/***/.local/lib/python3.8/site-packages/urllib3/connectionpool.py:1061: InsecureRequestWarning: Unverified HTTPS request is being made to host 'dbelk3.afaqy.local'. Adding certificate verification is strongly advised. See: https://urllib3.readthedocs.io/en/1.26.x/advanced-usage.html#ssl-warnings
  warnings.warn(

[2024-04-21T19:40:52.468+0000] {_transport.py:335} INFO - PUT https://dbelk3.afaqy.local:9200/units_statistics_***/_bulk [status:200 duration:1.855s]
[2024-04-21T19:40:52.842+0000] {python.py:202} INFO - Done. Returned value was: None
[2024-04-21T19:40:52.856+0000] {taskinstance.py:1149} INFO - Marking task as SUCCESS. dag_id=Units_statistics_DAG, task_id=ETL_job, map_index=7, execution_date=20240421T192000, start_date=20240421T194019, end_date=20240421T194052
[2024-04-21T19:40:52.925+0000] {local_task_job_runner.py:234} INFO - Task exited with return code 0
[2024-04-21T19:40:52.952+0000] {taskinstance.py:3312} INFO - 0 downstream tasks scheduled from follow-on schedule check
