[2024-04-18T14:21:44.700+0000] {taskinstance.py:1979} INFO - Dependencies all met for dep_context=non-requeueable deps ti=<TaskInstance: Units_statistics_DAG.ETL_job manual__2024-04-18T14:21:30.592627+00:00 map_index=6 [queued]>
[2024-04-18T14:21:44.776+0000] {taskinstance.py:1979} INFO - Dependencies all met for dep_context=requeueable deps ti=<TaskInstance: Units_statistics_DAG.ETL_job manual__2024-04-18T14:21:30.592627+00:00 map_index=6 [queued]>
[2024-04-18T14:21:44.776+0000] {taskinstance.py:2193} INFO - Starting attempt 1 of 4
[2024-04-18T14:21:44.882+0000] {taskinstance.py:2217} INFO - Executing <Mapped(_PythonDecoratedOperator): ETL_job> on 2024-04-18 14:21:30.592627+00:00
[2024-04-18T14:21:44.920+0000] {standard_task_runner.py:60} INFO - Started process 382067 to run task
[2024-04-18T14:21:44.992+0000] {standard_task_runner.py:87} INFO - Running: ['***', 'tasks', 'run', 'Units_statistics_DAG', 'ETL_job', 'manual__2024-04-18T14:21:30.592627+00:00', '--job-id', '7530', '--raw', '--subdir', 'DAGS_FOLDER/Units_dag.py', '--cfg-path', '/tmp/tmp0kdo1gti', '--map-index', '6']
[2024-04-18T14:21:45.011+0000] {standard_task_runner.py:88} INFO - Job 7530: Subtask ETL_job
[2024-04-18T14:21:45.428+0000] {task_command.py:423} INFO - Running <TaskInstance: Units_statistics_DAG.ETL_job manual__2024-04-18T14:21:30.592627+00:00 map_index=6 [running]> on host a09da322e808
[2024-04-18T14:21:46.013+0000] {taskinstance.py:2513} INFO - Exporting env vars: AIRFLOW_CTX_DAG_OWNER='abeer-araby' AIRFLOW_CTX_DAG_ID='Units_statistics_DAG' AIRFLOW_CTX_TASK_ID='ETL_job' AIRFLOW_CTX_EXECUTION_DATE='2024-04-18T14:21:30.592627+00:00' AIRFLOW_CTX_TRY_NUMBER='1' AIRFLOW_CTX_DAG_RUN_ID='manual__2024-04-18T14:21:30.592627+00:00'
[2024-04-18T14:21:46.014+0000] {Units_dag.py:99} INFO - i: 60000, chunk: 10000
[2024-04-18T14:21:46.015+0000] {Units_dag.py:100} INFO - child token is::: eyJ0eXAiOiJKV1QiLCJhbGciOiJIUzI1NiJ9.eyJpc3MiOiJodHRwczovL2FwaS5hZmFxeS5zYS9hdXRoL2xvZ2luX2FzIiwiaWF0IjoxNzEzNDUwMDk0LCJleHAiOjE3MTYwNDIwOTQsIm5iZiI6MTcxMzQ1MDA5NCwianRpIjoiT091UGZ0NTBlMlJZeldYSyIsInN1YiI6IjVkNjNlNTFlMDNlZDUyOTJhNDJjMjRlNiIsInBydiI6IjI3MGVjZmM3ZWEzZWQ5MzdlYTg0OTM2MmEzYTUwOTEwYzZkOGNlNGYiLCJsb2dpbl9hc19pZCI6IjY1N2YwYWQ3M2Y5NzcyOTVjZjA1NTc2YSJ9.ZmO8WqNXkMCtY_33AFil1-g0CqyN87L2rWSpF6sLfJA
[2024-04-18T14:22:08.048+0000] {Units_dag.py:104} INFO - {'_id': '63271f714b20587ef75a1640', 'icon': 'icons/icon.png', 'driver_id': '', 'tailer_id': '', 'profile': {'vehicle_type': None, 'measurement_type': 'count', 'max_capacity': 0, 'vin': None, 'plate_number': '9269 - A D R', 'start_operation': None, 'contract_milage': None, 'opening_milage': None, 'model': None, 'fuel_type': '91', 'year': 0, 'seats': 2}, 'device_password': '***', 'device_type': 'gps', 'gateway': False, 'name': 'ADR9269', 'operation_code': '', 'device_gateway': '', 'business_types': {'waste': False, 'transportation': True, 'water': False}, 'imei': '357073298590940', 'sim_number': '+966830028783115', 'sim_serial': '996609821111333356', 'device_serial': '1125015014', 'device': 'teltonika', 'user_id': '5edc9ce503ed5252d3361fa8', 'created_by': '5e6655bf03ed52e1ab79d301', 'updated_at': '2024-04-18 11:18:59', 'created_at': '2022-09-18 16:38:57', 'custom_fields': [], 'creator': 'amr.ahmed', 'company': '', 'owner': 'hertz-admin', 'last_update': {'dtt': 1713450100000, 'dts': 1713450102750, 'spd': 63, 'ang': 308, 'alt': 631, 'chPrams': {'Speed': {'v': 63, 'cdt': 1713450100000}, 'output1': {'v': False, 'cdt': 1713436613000}, 'output2': {'v': False, 'cdt': 1713436613000}, 'ePwrV': {'v': 14.274000000000001, 'cdt': 1713450100000}, 'parm24': {'v': 63, 'cdt': 1713450100000}, 'sat': {'v': 12, 'cdt': 1713450098000}, 'ai1': {'v': 131, 'cdt': 1713194032000}, 'type': {'v': 6, 'cdt': 1711256577000}, 'di2': {'v': 0, 'cdt': 1711371079000}, 'priority': {'v': 0, 'cdt': 1712911994000}, 'di1': {'v': 1, 'cdt': 1713449911000}, 'result': {'v': '5665723a30332e32372e31335f3033204750533a41584e5f352e312e392048773a464d42313230204d6f643a333320494d45493a33353730373332393835393039343020496e69743a323032342d342d313720343a313820557074696d653a313039353238204d41433a303031453432374632453739205350433a312830292041584c3a32204f42443a3020424c3a312e31302042543a34', 'cdt': 1713436313000}, 'protocol': {'v': 'FMB120', 'cdt': 1713436613000}, 'parm6': {'v': 131, 'cdt': 1713125281000}, 'iPwrV': {'v': 4.0520000000000005, 'cdt': 1713450100000}, 'event': {'v': 0, 'cdt': 1712911994000}}, 'prms': {'protocol': 'FMB120', 'priority': 0, 'sat': 12, 'event': 0, 'di1': 1, 'output1': 0, 'di2': 0, 'output2': 0, 'ePwrV': 14.274000000000001, 'Speed': 63, 'parm24': 63, 'iPwrV': 4.0520000000000005, 'ai1': 131, 'parm6': 131}, 'devPrms': ['protocol', 'priority', 'sat', 'event', 'di1', 'output1', 'di2', 'output2', 'ePwrV', 'Speed', 'parm24', 'iPwrV', 'ai1', 'parm6'], 'old_params': {'protocol': 'FMB120', 'priority': 0, 'sat': 12, 'event': 0, 'di1': 1, 'output1': 0, 'di2': 0, 'output2': 0, 'ePwrV': 14.284, 'Speed': 45, 'parm24': 45, 'iPwrV': 4.055, 'ai1': 131, 'parm6': 131}, 'vLoc': 1, 'vCon': 1, 'ip': '109.83.14.84', 'rl': 0.0383, 'trl': 23675.5813, 'mdu': 2, 'tmdu': 1978179, 'eidl': 0, 'teidl': 508778, 'fc': 0.004596, 'tfc': 209.892302, 'acc': 1, 'accOn': 4870243, 'accOff': 46174400, 'sdu': 0, 'tsdu': 0, 'lat': 24.7363733, 'lng': 46.6326666}, 'counters': {'odometer_type': 'gps', 'odometer': 23690.5842, 'engine_hours_type': 'acc', 'engine_hours': 4870243, 'last_acc': 1}, 'is_wasl_connected': 'Not Connected', 'iconUrl': 'https://api.afaqy.sa/images/units/icons/icon.png', 'hasCCTV': False}
[2024-04-18T14:22:08.766+0000] {warnings.py:109} WARNING - /home/***/.local/lib/python3.8/site-packages/elasticsearch/_sync/client/__init__.py:399: SecurityWarning: Connecting to 'https://dbelk3.afaqy.local:9200' using TLS with verify_certs=False is insecure
  _transport = transport_class(

[2024-04-18T14:22:08.826+0000] {warnings.py:109} WARNING - /home/***/.local/lib/python3.8/site-packages/elasticsearch/_sync/client/__init__.py:399: SecurityWarning: Connecting to 'https://dbelk2.afaqy.local:9200' using TLS with verify_certs=False is insecure
  _transport = transport_class(

[2024-04-18T14:22:08.868+0000] {warnings.py:109} WARNING - /home/***/.local/lib/python3.8/site-packages/elasticsearch/_sync/client/__init__.py:399: SecurityWarning: Connecting to 'https://dbelk1.afaqy.local:9200' using TLS with verify_certs=False is insecure
  _transport = transport_class(

[2024-04-18T14:22:08.888+0000] {warnings.py:109} WARNING - /home/***/.local/lib/python3.8/site-packages/urllib3/connectionpool.py:1061: InsecureRequestWarning: Unverified HTTPS request is being made to host 'dbelk3.afaqy.local'. Adding certificate verification is strongly advised. See: https://urllib3.readthedocs.io/en/1.26.x/advanced-usage.html#ssl-warnings
  warnings.warn(

[2024-04-18T14:22:08.958+0000] {_transport.py:335} INFO - GET https://dbelk3.afaqy.local:9200/_cluster/health [status:200 duration:0.088s]
[2024-04-18T14:22:09.356+0000] {warnings.py:109} WARNING - /home/***/.local/lib/python3.8/site-packages/urllib3/connectionpool.py:1061: InsecureRequestWarning: Unverified HTTPS request is being made to host 'dbelk2.afaqy.local'. Adding certificate verification is strongly advised. See: https://urllib3.readthedocs.io/en/1.26.x/advanced-usage.html#ssl-warnings
  warnings.warn(

[2024-04-18T14:22:11.459+0000] {_transport.py:335} INFO - PUT https://dbelk2.afaqy.local:9200/units_statistics_***/_bulk [status:200 duration:2.125s]
[2024-04-18T14:22:11.623+0000] {python.py:202} INFO - Done. Returned value was: None
[2024-04-18T14:22:11.642+0000] {taskinstance.py:1149} INFO - Marking task as SUCCESS. dag_id=Units_statistics_DAG, task_id=ETL_job, map_index=6, execution_date=20240418T142130, start_date=20240418T142144, end_date=20240418T142211
[2024-04-18T14:22:11.696+0000] {local_task_job_runner.py:234} INFO - Task exited with return code 0
[2024-04-18T14:22:11.730+0000] {taskinstance.py:3312} INFO - 0 downstream tasks scheduled from follow-on schedule check
