[2024-04-24T06:00:19.784+0000] {taskinstance.py:1979} INFO - Dependencies all met for dep_context=non-requeueable deps ti=<TaskInstance: Units_statistics_DAG.ETL_job scheduled__2024-04-24T05:40:00+00:00 map_index=7 [queued]>
[2024-04-24T06:00:19.850+0000] {taskinstance.py:1979} INFO - Dependencies all met for dep_context=requeueable deps ti=<TaskInstance: Units_statistics_DAG.ETL_job scheduled__2024-04-24T05:40:00+00:00 map_index=7 [queued]>
[2024-04-24T06:00:19.851+0000] {taskinstance.py:2193} INFO - Starting attempt 1 of 4
[2024-04-24T06:00:19.935+0000] {taskinstance.py:2217} INFO - Executing <Mapped(_PythonDecoratedOperator): ETL_job> on 2024-04-24 05:40:00+00:00
[2024-04-24T06:00:19.960+0000] {standard_task_runner.py:60} INFO - Started process 512525 to run task
[2024-04-24T06:00:20.016+0000] {standard_task_runner.py:87} INFO - Running: ['***', 'tasks', 'run', 'Units_statistics_DAG', 'ETL_job', 'scheduled__2024-04-24T05:40:00+00:00', '--job-id', '14221', '--raw', '--subdir', 'DAGS_FOLDER/Units_dag.py', '--cfg-path', '/tmp/tmp1pkf_v3j', '--map-index', '7']
[2024-04-24T06:00:20.034+0000] {standard_task_runner.py:88} INFO - Job 14221: Subtask ETL_job
[2024-04-24T06:00:20.378+0000] {task_command.py:423} INFO - Running <TaskInstance: Units_statistics_DAG.ETL_job scheduled__2024-04-24T05:40:00+00:00 map_index=7 [running]> on host a09da322e808
[2024-04-24T06:00:20.932+0000] {taskinstance.py:2513} INFO - Exporting env vars: AIRFLOW_CTX_DAG_OWNER='abeer-araby' AIRFLOW_CTX_DAG_ID='Units_statistics_DAG' AIRFLOW_CTX_TASK_ID='ETL_job' AIRFLOW_CTX_EXECUTION_DATE='2024-04-24T05:40:00+00:00' AIRFLOW_CTX_TRY_NUMBER='1' AIRFLOW_CTX_DAG_RUN_ID='scheduled__2024-04-24T05:40:00+00:00'
[2024-04-24T06:00:20.933+0000] {Units_dag.py:99} INFO - i: 70000, chunk: 10000
[2024-04-24T06:00:20.934+0000] {Units_dag.py:100} INFO - child token is::: eyJ0eXAiOiJKV1QiLCJhbGciOiJIUzI1NiJ9.eyJpc3MiOiJodHRwczovL2FwaS5hZmFxeS5zYS9hdXRoL2xvZ2luX2FzIiwiaWF0IjoxNzEzOTM4NDAzLCJleHAiOjE3MTY1MzA0MDMsIm5iZiI6MTcxMzkzODQwMywianRpIjoid1VuMk83SklqNDZrWkhhWSIsInN1YiI6IjVkNjNlNTFlMDNlZDUyOTJhNDJjMjRlNiIsInBydiI6IjI3MGVjZmM3ZWEzZWQ5MzdlYTg0OTM2MmEzYTUwOTEwYzZkOGNlNGYiLCJsb2dpbl9hc19pZCI6IjY1N2YwYWQ3M2Y5NzcyOTVjZjA1NTc2YSJ9.SxiNZ-N0ocw-8oUrOiSaVJnMk-16nhDstNVofj3Wkt8
[2024-04-24T06:00:50.086+0000] {Units_dag.py:104} INFO - {'_id': '639f29dd44053669e97fa292', 'icon': 'icons/icon.png', 'driver_id': '', 'tailer_id': '', 'profile': {'vehicle_type': '', 'measurement_type': 'count', 'max_capacity': 0, 'vin': '', 'plate_number': '', 'start_operation': '', 'contract_milage': '', 'opening_milage': '', 'model': '', 'fuel_type': '91', 'year': 0, 'seats': 2}, 'device_password': '***', 'device_type': 'gps', 'gateway': False, 'name': 'أ س ح 1444', 'operation_code': '', 'imei': '866907058390385', 'sim_number': '+966821111009874', 'sim_serial': '8996609821111009874', 'device_serial': '1126469475', 'device': 'teltonika', 'created_by': '5e539d8203ed52f71d634478', 'user_id': '5e539d8203ed52f71d634478', 'updated_at': '2024-04-18 11:18:59', 'created_at': '2022-12-18 17:55:25', 'business_types': {'waste': False, 'transportation': True, 'water': False, 'hajj': False}, 'device_gateway': '', 'custom_fields': [], 'creator': 'aemallamar', 'company': '', 'owner': 'aemallamar', 'last_update': {'dtt': 1713938403000, 'dts': 1713938406316, 'spd': 16, 'ang': 262, 'alt': 724, 'chPrams': {'parm76': {'v': 0, 'cdt': 1712854289000}, 'output2': {'v': False, 'cdt': 1713933450000}, 'motion': {'v': True, 'cdt': 1713936021000}, 'odometer': {'v': 25721357, 'cdt': 1713938403000}, 'ePwrV': {'v': 28.015, 'cdt': 1713938403000}, 'sat': {'v': 17, 'cdt': 1713938396000}, 'ai1': {'v': 7080, 'cdt': 1713938274000}, 'priority': {'v': 0, 'cdt': 1713936022000}, 'di2': {'v': 1, 'cdt': 1712653567000}, 'type': {'v': 6, 'cdt': 1713453553000}, 'di1': {'v': 1, 'cdt': 1713936021000}, 'temp1': {'v': 0, 'cdt': 1712941743000}, 'result': {'v': '5665723a30332e32372e31335f3534204750533a41584e5f352e312e392048773a464d43313330204d6f643a3420494d45493a38363639303730353833393033383520496e69743a323032342d312d31382032303a353220557074696d653a38333132323638204d41433a303031453432353244363138205350433a312830292041584c3a32204f42443a3020424c3a312e31302042543a34', 'cdt': 1713937997000}, 'protocol': {'v': 'FMC130', 'cdt': 1713933450000}, 'temp5': {'v': 30, 'cdt': 1712941743000}, 'parm29': {'v': 0, 'cdt': 1712854289000}, 'iPwrV': {'v': 3.996, 'cdt': 1713938357000}, 'event': {'v': 0, 'cdt': 1713936142000}, 'humidity86': {'v': 300, 'cdt': 1712941743000}}, 'prms': {'protocol': 'FMC130', 'priority': 0, 'sat': 17, 'event': 0, 'di1': 1, 'motion': 1, 'di2': 1, 'output2': 0, 'parm29': 0, 'ePwrV': 28.015, 'iPwrV': 3.996, 'ai1': 7080, 'temp5': 30, 'humidity86': 300, 'odometer': 25721357, 'temp1': 0, 'parm76': 0}, 'devPrms': ['protocol', 'priority', 'sat', 'event', 'di1', 'motion', 'di2', 'output2', 'parm29', 'ePwrV', 'iPwrV', 'ai1', 'temp5', 'humidity86', 'odometer', 'temp1', 'parm76', 'type', 'result'], 'old_params': {'protocol': 'FMC130', 'priority': 0, 'sat': 17, 'event': 0, 'di1': 1, 'motion': 1, 'di2': 1, 'output2': 0, 'parm29': 0, 'ePwrV': 27.809, 'iPwrV': 3.996, 'ai1': 7080, 'temp5': 30, 'humidity86': 300, 'odometer': 25721323, 'temp1': 0, 'parm76': 0}, 'vLoc': 1, 'vCon': 1, 'ip': '109.83.146.94', 'rl': 0.0336, 'trl': 25617.4278, 'mdu': 7, 'tmdu': 1286802, 'eidl': 0, 'teidl': 1125224, 'fc': 0.004032, 'tfc': 5.582928, 'acc': 1, 'accOn': 2718351, 'accOff': 39961959, 'sdu': 0, 'tsdu': 0, 'lat': 25.8572533, 'lng': 45.4594716}, 'counters': {'odometer_type': 'gps', 'odometer': 25617.429, 'engine_hours_type': 'acc', 'engine_hours': 2718351, 'last_acc': 1}, 'is_wasl_connected': 'Connected', 'iconUrl': 'https://api.afaqy.sa/images/units/icons/icon.png', 'hasCCTV': False}
[2024-04-24T06:00:51.298+0000] {warnings.py:109} WARNING - /home/***/.local/lib/python3.8/site-packages/elasticsearch/_sync/client/__init__.py:399: SecurityWarning: Connecting to 'https://dbelk1.afaqy.local:9200' using TLS with verify_certs=False is insecure
  _transport = transport_class(

[2024-04-24T06:00:51.386+0000] {warnings.py:109} WARNING - /home/***/.local/lib/python3.8/site-packages/elasticsearch/_sync/client/__init__.py:399: SecurityWarning: Connecting to 'https://dbelk3.afaqy.local:9200' using TLS with verify_certs=False is insecure
  _transport = transport_class(

[2024-04-24T06:00:51.489+0000] {warnings.py:109} WARNING - /home/***/.local/lib/python3.8/site-packages/elasticsearch/_sync/client/__init__.py:399: SecurityWarning: Connecting to 'https://dbelk2.afaqy.local:9200' using TLS with verify_certs=False is insecure
  _transport = transport_class(

[2024-04-24T06:00:51.522+0000] {warnings.py:109} WARNING - /home/***/.local/lib/python3.8/site-packages/urllib3/connectionpool.py:1061: InsecureRequestWarning: Unverified HTTPS request is being made to host 'dbelk1.afaqy.local'. Adding certificate verification is strongly advised. See: https://urllib3.readthedocs.io/en/1.26.x/advanced-usage.html#ssl-warnings
  warnings.warn(

[2024-04-24T06:00:51.577+0000] {_transport.py:335} INFO - GET https://dbelk1.afaqy.local:9200/_cluster/health [status:200 duration:0.079s]
[2024-04-24T06:00:51.964+0000] {warnings.py:109} WARNING - /home/***/.local/lib/python3.8/site-packages/urllib3/connectionpool.py:1061: InsecureRequestWarning: Unverified HTTPS request is being made to host 'dbelk3.afaqy.local'. Adding certificate verification is strongly advised. See: https://urllib3.readthedocs.io/en/1.26.x/advanced-usage.html#ssl-warnings
  warnings.warn(

[2024-04-24T06:00:54.440+0000] {_transport.py:335} INFO - PUT https://dbelk3.afaqy.local:9200/units_statistics_***/_bulk [status:200 duration:2.494s]
[2024-04-24T06:00:54.818+0000] {python.py:202} INFO - Done. Returned value was: None
[2024-04-24T06:00:54.839+0000] {taskinstance.py:1149} INFO - Marking task as SUCCESS. dag_id=Units_statistics_DAG, task_id=ETL_job, map_index=7, execution_date=20240424T054000, start_date=20240424T060019, end_date=20240424T060054
[2024-04-24T06:00:54.904+0000] {local_task_job_runner.py:234} INFO - Task exited with return code 0
[2024-04-24T06:00:54.932+0000] {taskinstance.py:3312} INFO - 0 downstream tasks scheduled from follow-on schedule check
