[2024-05-12T08:00:16.862+0000] {taskinstance.py:1979} INFO - Dependencies all met for dep_context=non-requeueable deps ti=<TaskInstance: Units_statistics_DAG.ETL_job scheduled__2024-05-12T07:40:00+00:00 map_index=2 [queued]>
[2024-05-12T08:00:16.970+0000] {taskinstance.py:1979} INFO - Dependencies all met for dep_context=requeueable deps ti=<TaskInstance: Units_statistics_DAG.ETL_job scheduled__2024-05-12T07:40:00+00:00 map_index=2 [queued]>
[2024-05-12T08:00:16.971+0000] {taskinstance.py:2193} INFO - Starting attempt 1 of 4
[2024-05-12T08:00:17.119+0000] {taskinstance.py:2217} INFO - Executing <Mapped(_PythonDecoratedOperator): ETL_job> on 2024-05-12 07:40:00+00:00
[2024-05-12T08:00:17.149+0000] {standard_task_runner.py:60} INFO - Started process 962875 to run task
[2024-05-12T08:00:17.223+0000] {standard_task_runner.py:87} INFO - Running: ['***', 'tasks', 'run', 'Units_statistics_DAG', 'ETL_job', 'scheduled__2024-05-12T07:40:00+00:00', '--job-id', '53513', '--raw', '--subdir', 'DAGS_FOLDER/Units_dag.py', '--cfg-path', '/tmp/tmpw95phex2', '--map-index', '2']
[2024-05-12T08:00:17.225+0000] {standard_task_runner.py:88} INFO - Job 53513: Subtask ETL_job
[2024-05-12T08:00:17.566+0000] {task_command.py:423} INFO - Running <TaskInstance: Units_statistics_DAG.ETL_job scheduled__2024-05-12T07:40:00+00:00 map_index=2 [running]> on host a09da322e808
[2024-05-12T08:00:18.191+0000] {taskinstance.py:2513} INFO - Exporting env vars: AIRFLOW_CTX_DAG_OWNER='abeer-araby' AIRFLOW_CTX_DAG_ID='Units_statistics_DAG' AIRFLOW_CTX_TASK_ID='ETL_job' AIRFLOW_CTX_EXECUTION_DATE='2024-05-12T07:40:00+00:00' AIRFLOW_CTX_TRY_NUMBER='1' AIRFLOW_CTX_DAG_RUN_ID='scheduled__2024-05-12T07:40:00+00:00'
[2024-05-12T08:00:18.192+0000] {Units_dag.py:98} INFO - i: 20000, chunk: 10000
[2024-05-12T08:00:18.193+0000] {Units_dag.py:99} INFO - child token is::: eyJ0eXAiOiJKV1QiLCJhbGciOiJIUzI1NiJ9.eyJpc3MiOiJodHRwczovL2FwaS5hZmFxeS5zYS9hdXRoL2xvZ2luX2FzIiwiaWF0IjoxNzE1NTAwODA0LCJleHAiOjE3MTgwOTI4MDQsIm5iZiI6MTcxNTUwMDgwNCwianRpIjoidlR6a1FSaEpwakgwRG02ciIsInN1YiI6IjVkNjNlNTFlMDNlZDUyOTJhNDJjMjRlNiIsInBydiI6IjI3MGVjZmM3ZWEzZWQ5MzdlYTg0OTM2MmEzYTUwOTEwYzZkOGNlNGYiLCJsb2dpbl9hc19pZCI6IjY1N2YwYWQ3M2Y5NzcyOTVjZjA1NTc2YSJ9.vq3d2BTkxMJIh5ziQneZBO3fVC3uiD8DjKINBVKE9qo
[2024-05-12T08:00:47.577+0000] {Units_dag.py:103} INFO - {'_id': '618a70ef722bb208240a9359', 'icon': 'icons/icon.png', 'driver_id': '', 'tailer_id': '', 'profile': {'vehicle_type': '', 'measurement_type': 'weight', 'max_capacity': 0, 'vin': '', 'plate_number': '', 'start_operation': '', 'contract_milage': '', 'opening_milage': '', 'model': '', 'fuel_type': '91', 'year': 0, 'seats': 2}, 'device_password': '***', 'device_type': 'gps', 'gateway': False, 'name': 'أ س أ 6548 -- 29-371', 'operation_code': '', 'device_gateway': '', 'business_types': {'waste': False, 'transportation': True, 'water': False}, 'imei': '862549043173791', 'sim_number': '+966862549465295', 'sim_serial': '862549043173791', 'device_serial': '862549043173791', 'device': 'ruptela', 'user_id': '5e539d8203ed52f71d634478', 'created_by': '5e6655bf03ed52e1ab79d301', 'updated_at': '2024-04-18 11:18:59', 'created_at': '2021-11-09 16:00:31', 'shipment_info': {'product_category': None, 'truck_type': None, 'shipment_type': None, 'shipment_payment_type': None, 'transporter_type': None, 'operating_area': None, 'weight_kilograms_per_day': None, 'kms_per_day': None, 'shipment_trip_drive_hrs_day': None, 'allowable_delay_drive_hrs_day': None, 'expected_shipment_trip_day': None, 'car_pay_per_day': None, 'exceeding_temperature_limit_per_day': None, 'temperature_upper_limit': None, 'exceeding_humidity_limit_per_day': None, 'humidity_upper_limit': None}, 'skip_sim_information': '', 'custom_fields': [], 'creator': 'amr.ahmed', 'company': '', 'owner': 'aemallamar', 'last_update': {'dtt': 1715500815000, 'dts': 1715500818277, 'spd': 26, 'ang': 51, 'alt': 875, 'chPrams': {'gsm': {'v': 20, 'cdt': 1715500809000}, 'io_1_176': {'v': 27, 'cdt': 1715500815000}, 'io_1_134': {'v': 1, 'cdt': 1715500815000}, 'io_1_136': {'v': 0, 'cdt': 1715500632000}, 'io_1_135': {'v': 17, 'cdt': 1715500815000}, 'ai22': {'v': 83, 'cdt': 1715500809000}, 'ePwrV': {'v': 28.408, 'cdt': 1715500815000}, 'io_2_139': {'v': 6, 'cdt': 1715500815000}, 'di2': {'v': 0, 'cdt': 1636784277000}, 'io_1_130': {'v': 34, 'cdt': 1715500815000}, 'operator': {'v': 42004, 'cdt': 1715483417000}, 'di5': {'v': 1, 'cdt': 1715497339000}, 'io_2_131': {'v': 0, 'cdt': 1714791947000}, 'protocol': {'v': 'ruptela', 'cdt': 1714636984000}, 'io_2_137': {'v': 0, 'cdt': 1715497458000}, 'iPwrV': {'v': 4.082, 'cdt': 1715500815000}, 'event': {'v': 9, 'cdt': 1715500730000}, 'io_1_418': {'v': 1, 'cdt': 1715483417000}, 'move': {'v': 1, 'cdt': 1715500265000}, 'spd': {'v': 26, 'cdt': 1715500815000}, 'sat': {'v': 19, 'cdt': 1715500784000}, 'hdop': {'v': 0.6, 'cdt': 1715498944000}, 'io_2_560': {'v': 0, 'cdt': 1713069290000}, 'accTemp': {'v': 49, 'cdt': 1715497449000}, 'vOdometer': {'v': 79974349, 'cdt': 1715500815000}, 'io_1_405': {'v': 1, 'cdt': 1714636984000}}, 'prms': {'protocol': 'ruptela', 'sat': 19, 'spd': 26, 'hdop': 0.6, 'event': 9, 'io_1_130': 34, 'io_1_134': 1, 'io_1_135': 17, 'io_1_136': 0, 'di2': 0, 'di5': 1, 'accTemp': 49, 'io_1_405': 1, 'gsm': 20, 'move': 1, 'io_1_176': 27, 'io_1_418': 1, 'io_2_131': 0, 'io_2_137': 0, 'io_2_139': 6, 'ai22': 83, 'io_2_560': 0, 'ePwrV': 28.408, 'iPwrV': 4.082, 'vOdometer': 79974349, 'operator': 42004}, 'devPrms': ['protocol', 'sat', 'spd', 'hdop', 'event', 'io_1_130', 'io_1_134', 'io_1_135', 'io_1_136', 'di2', 'di5', 'accTemp', 'io_1_405', 'gsm', 'move', 'io_1_176', 'io_1_418', 'io_2_131', 'io_2_137', 'io_2_139', 'ai22', 'io_2_560', 'ePwrV', 'iPwrV', 'vOdometer', 'operator'], 'old_params': {'protocol': 'ruptela', 'sat': 19, 'spd': 32, 'hdop': 0.6, 'event': 9, 'io_1_130': 41, 'io_1_134': 2, 'io_1_135': 1, 'io_1_136': 0, 'di2': 0, 'di5': 1, 'accTemp': 49, 'io_1_405': 1, 'gsm': 20, 'move': 1, 'io_1_176': 32, 'io_1_418': 1, 'io_2_131': 0, 'io_2_137': 0, 'io_2_139': 25, 'ai22': 83, 'io_2_560': 0, 'ePwrV': 28.423, 'iPwrV': 4.08, 'vOdometer': 79974302, 'operator': 42004}, 'vLoc': 1, 'vCon': 1, 'ip': '51.39.15.148', 'rl': 0.0471, 'trl': 81747.6838, 'mdu': 6, 'tmdu': 8290788, 'eidl': 0, 'teidl': 11744510, 'fc': 0.005652, 'tfc': 385.920696, 'acc': 1, 'accOn': 28349238, 'accOff': 50636132, 'sdu': 0, 'tsdu': 0, 'lat': 24.671505, 'lng': 40.1682766}, 'counters': {'odometer_type': 'gps', 'odometer': 81747.6907, 'engine_hours_type': 'acc', 'engine_hours': 28349238, 'last_acc': 1}, 'is_wasl_connected': 'Connected', 'iconUrl': 'https://api.afaqy.sa/images/units/icons/icon.png', 'hasCCTV': False}
[2024-05-12T08:00:49.658+0000] {warnings.py:109} WARNING - /home/***/.local/lib/python3.8/site-packages/elasticsearch/_sync/client/__init__.py:399: SecurityWarning: Connecting to 'https://dbelk2.afaqy.local:9200' using TLS with verify_certs=False is insecure
  _transport = transport_class(

[2024-05-12T08:00:49.778+0000] {warnings.py:109} WARNING - /home/***/.local/lib/python3.8/site-packages/elasticsearch/_sync/client/__init__.py:399: SecurityWarning: Connecting to 'https://dbelk3.afaqy.local:9200' using TLS with verify_certs=False is insecure
  _transport = transport_class(

[2024-05-12T08:00:49.887+0000] {warnings.py:109} WARNING - /home/***/.local/lib/python3.8/site-packages/elasticsearch/_sync/client/__init__.py:399: SecurityWarning: Connecting to 'https://dbelk1.afaqy.local:9200' using TLS with verify_certs=False is insecure
  _transport = transport_class(

[2024-05-12T08:00:49.914+0000] {warnings.py:109} WARNING - /home/***/.local/lib/python3.8/site-packages/urllib3/connectionpool.py:1061: InsecureRequestWarning: Unverified HTTPS request is being made to host 'dbelk2.afaqy.local'. Adding certificate verification is strongly advised. See: https://urllib3.readthedocs.io/en/1.26.x/advanced-usage.html#ssl-warnings
  warnings.warn(

[2024-05-12T08:00:49.995+0000] {_transport.py:335} INFO - GET https://dbelk2.afaqy.local:9200/_cluster/health [status:200 duration:0.106s]
[2024-05-12T08:00:50.823+0000] {warnings.py:109} WARNING - /home/***/.local/lib/python3.8/site-packages/urllib3/connectionpool.py:1061: InsecureRequestWarning: Unverified HTTPS request is being made to host 'dbelk3.afaqy.local'. Adding certificate verification is strongly advised. See: https://urllib3.readthedocs.io/en/1.26.x/advanced-usage.html#ssl-warnings
  warnings.warn(

[2024-05-12T08:00:50.834+0000] {_transport.py:335} INFO - PUT https://dbelk3.afaqy.local:9200/units_statistics_***/_bulk [status:429 duration:0.031s]
[2024-05-12T08:00:50.835+0000] {_node_pool.py:249} WARNING - Node <Urllib3HttpNode(https://dbelk3.afaqy.local:9200)> has failed for 1 times in a row, putting on 1 second timeout
[2024-05-12T08:00:50.836+0000] {_transport.py:427} WARNING - Retrying request after non-successful status 429 (attempt 0 of 3)
[2024-05-12T08:00:50.837+0000] {warnings.py:109} WARNING - /home/***/.local/lib/python3.8/site-packages/urllib3/connectionpool.py:1061: InsecureRequestWarning: Unverified HTTPS request is being made to host 'dbelk2.afaqy.local'. Adding certificate verification is strongly advised. See: https://urllib3.readthedocs.io/en/1.26.x/advanced-usage.html#ssl-warnings
  warnings.warn(

[2024-05-12T08:00:50.851+0000] {_transport.py:335} INFO - PUT https://dbelk2.afaqy.local:9200/units_statistics_***/_bulk [status:429 duration:0.014s]
[2024-05-12T08:00:50.852+0000] {_node_pool.py:249} WARNING - Node <Urllib3HttpNode(https://dbelk2.afaqy.local:9200)> has failed for 1 times in a row, putting on 1 second timeout
[2024-05-12T08:00:50.852+0000] {_transport.py:427} WARNING - Retrying request after non-successful status 429 (attempt 1 of 3)
[2024-05-12T08:00:50.871+0000] {warnings.py:109} WARNING - /home/***/.local/lib/python3.8/site-packages/urllib3/connectionpool.py:1061: InsecureRequestWarning: Unverified HTTPS request is being made to host 'dbelk1.afaqy.local'. Adding certificate verification is strongly advised. See: https://urllib3.readthedocs.io/en/1.26.x/advanced-usage.html#ssl-warnings
  warnings.warn(

[2024-05-12T08:00:51.054+0000] {_transport.py:335} INFO - PUT https://dbelk1.afaqy.local:9200/units_statistics_***/_bulk [status:200 duration:0.202s]
[2024-05-12T08:00:51.492+0000] {taskinstance.py:2731} ERROR - Task failed with exception
Traceback (most recent call last):
  File "/home/airflow/.local/lib/python3.8/site-packages/airflow/models/taskinstance.py", line 444, in _execute_task
    result = _execute_callable(context=context, **execute_callable_kwargs)
  File "/home/airflow/.local/lib/python3.8/site-packages/airflow/models/taskinstance.py", line 414, in _execute_callable
    return execute_callable(context=context, **execute_callable_kwargs)
  File "/home/airflow/.local/lib/python3.8/site-packages/airflow/decorators/base.py", line 241, in execute
    return_value = super().execute(context)
  File "/home/airflow/.local/lib/python3.8/site-packages/airflow/operators/python.py", line 200, in execute
    return_value = self.execute_callable()
  File "/home/airflow/.local/lib/python3.8/site-packages/airflow/operators/python.py", line 217, in execute_callable
    return self.python_callable(*self.op_args, **self.op_kwargs)
  File "/opt/airflow/dags/Units_dag.py", line 111, in ETL_job
    Elk_client.elk_pushData(Globals.index_name,units_list_update)
  File "/opt/airflow/dags/units_statistics/elk_manager.py", line 69, in elk_pushData
    helpers.bulk(self.elk_client, docs_list, index=index_name, chunk_size=batch)
  File "/home/airflow/.local/lib/python3.8/site-packages/elasticsearch/helpers/actions.py", line 521, in bulk
    for ok, item in streaming_bulk(
  File "/home/airflow/.local/lib/python3.8/site-packages/elasticsearch/helpers/actions.py", line 436, in streaming_bulk
    for data, (ok, info) in zip(
  File "/home/airflow/.local/lib/python3.8/site-packages/elasticsearch/helpers/actions.py", line 355, in _process_bulk_chunk
    yield from gen
  File "/home/airflow/.local/lib/python3.8/site-packages/elasticsearch/helpers/actions.py", line 274, in _process_bulk_chunk_success
    raise BulkIndexError(f"{len(errors)} document(s) failed to index.", errors)
elasticsearch.helpers.BulkIndexError: 10000 document(s) failed to index.
[2024-05-12T08:00:51.518+0000] {taskinstance.py:1149} INFO - Marking task as UP_FOR_RETRY. dag_id=Units_statistics_DAG, task_id=ETL_job, map_index=2, execution_date=20240512T074000, start_date=20240512T080016, end_date=20240512T080051
[2024-05-12T08:00:51.544+0000] {standard_task_runner.py:107} ERROR - Failed to execute job 53513 for task ETL_job (10000 document(s) failed to index.; 962875)
[2024-05-12T08:00:51.626+0000] {local_task_job_runner.py:234} INFO - Task exited with return code 1
[2024-05-12T08:00:51.661+0000] {taskinstance.py:3312} INFO - 0 downstream tasks scheduled from follow-on schedule check
