[2024-05-07T04:03:25.229+0000] {taskinstance.py:1979} INFO - Dependencies all met for dep_context=non-requeueable deps ti=<TaskInstance: Units_statistics_DAG.ETL_job scheduled__2024-05-07T03:40:00+00:00 map_index=6 [queued]>
[2024-05-07T04:03:25.245+0000] {taskinstance.py:1979} INFO - Dependencies all met for dep_context=requeueable deps ti=<TaskInstance: Units_statistics_DAG.ETL_job scheduled__2024-05-07T03:40:00+00:00 map_index=6 [queued]>
[2024-05-07T04:03:25.245+0000] {taskinstance.py:2193} INFO - Starting attempt 3 of 4
[2024-05-07T04:03:25.267+0000] {taskinstance.py:2217} INFO - Executing <Mapped(_PythonDecoratedOperator): ETL_job> on 2024-05-07 03:40:00+00:00
[2024-05-07T04:03:25.278+0000] {standard_task_runner.py:60} INFO - Started process 824544 to run task
[2024-05-07T04:03:25.285+0000] {standard_task_runner.py:87} INFO - Running: ['***', 'tasks', 'run', 'Units_statistics_DAG', 'ETL_job', 'scheduled__2024-05-07T03:40:00+00:00', '--job-id', '37351', '--raw', '--subdir', 'DAGS_FOLDER/Units_dag.py', '--cfg-path', '/tmp/tmpbq___1cb', '--map-index', '6']
[2024-05-07T04:03:25.287+0000] {standard_task_runner.py:88} INFO - Job 37351: Subtask ETL_job
[2024-05-07T04:03:25.395+0000] {task_command.py:423} INFO - Running <TaskInstance: Units_statistics_DAG.ETL_job scheduled__2024-05-07T03:40:00+00:00 map_index=6 [running]> on host a09da322e808
[2024-05-07T04:03:25.603+0000] {taskinstance.py:2513} INFO - Exporting env vars: AIRFLOW_CTX_DAG_OWNER='abeer-araby' AIRFLOW_CTX_DAG_ID='Units_statistics_DAG' AIRFLOW_CTX_TASK_ID='ETL_job' AIRFLOW_CTX_EXECUTION_DATE='2024-05-07T03:40:00+00:00' AIRFLOW_CTX_TRY_NUMBER='3' AIRFLOW_CTX_DAG_RUN_ID='scheduled__2024-05-07T03:40:00+00:00'
[2024-05-07T04:03:25.605+0000] {Units_dag.py:98} INFO - i: 60000, chunk: 10000
[2024-05-07T04:03:25.605+0000] {Units_dag.py:99} INFO - child token is::: eyJ0eXAiOiJKV1QiLCJhbGciOiJIUzI1NiJ9.eyJpc3MiOiJodHRwczovL2FwaS5hZmFxeS5zYS9hdXRoL2xvZ2luX2FzIiwiaWF0IjoxNzE1MDU0NDA0LCJleHAiOjE3MTc2NDY0MDQsIm5iZiI6MTcxNTA1NDQwNCwianRpIjoiaEFOWUpkSzA5aU9ObjBVZiIsInN1YiI6IjVkNjNlNTFlMDNlZDUyOTJhNDJjMjRlNiIsInBydiI6IjI3MGVjZmM3ZWEzZWQ5MzdlYTg0OTM2MmEzYTUwOTEwYzZkOGNlNGYiLCJsb2dpbl9hc19pZCI6IjY1N2YwYWQ3M2Y5NzcyOTVjZjA1NTc2YSJ9.B2hU_d02J_nURSPzJfHpco6G0JdiDfuvFl2K3jCL8PU
[2024-05-07T04:03:43.573+0000] {Units_dag.py:103} INFO - {'_id': '632ac9aaad52833a9f75f627', 'icon': 'icons/icon.png', 'driver_id': '', 'tailer_id': '', 'profile': {'measurement_type': 'count', 'fuel_type': '91', 'year': 0, 'seats': 2}, 'device_password': '***', 'device_type': 'gps', 'gateway': False, 'name': 'ADR9277', 'operation_code': None, 'device_gateway': None, 'business_types': {'waste': False, 'transportation': True, 'water': False}, 'imei': '357073292779853', 'sim_number': '+966830028756554', 'sim_serial': '996609821111311488', 'device_serial': '1118909313', 'device': 'teltonika', 'user_id': '5edc9ce503ed5252d3361fa8', 'created_by': '5e6655bf03ed52e1ab79d301', 'updated_at': '2024-04-18 11:18:59', 'created_at': '2022-09-21 11:22:02', 'custom_fields': [], 'creator': 'amr.ahmed', 'company': '', 'owner': 'hertz-admin', 'last_update': {'dtt': 1715054574000, 'dts': 1715054579552, 'spd': 0, 'ang': 227, 'alt': 3, 'chPrams': {'Speed': {'v': 0, 'cdt': 1714884742000}, 'output1': {'v': True, 'cdt': 1715047962000}, 'output2': {'v': True, 'cdt': 1715047962000}, 'ePwrV': {'v': 13.003, 'cdt': 1715054574000}, 'parm24': {'v': 0, 'cdt': 1714884742000}, 'sat': {'v': 13, 'cdt': 1715054574000}, 'ai1': {'v': 174, 'cdt': 1714884614000}, 'type': {'v': 6, 'cdt': 1712468413000}, 'priority': {'v': 0, 'cdt': 1713966098000}, 'di2': {'v': 0, 'cdt': 1714466391000}, 'di1': {'v': 0, 'cdt': 1714884742000}, 'result': {'v': '5665723a30332e32372e31335f3033204750533a41584e5f352e312e392048773a464d42313230204d6f643a333320494d45493a33353730373332393237373938353320496e69743a323032342d312d31382032323a313520557074696d653a39343135343033204d41433a303031453432373443413637205350433a312830292041584c3a32204f42443a3020424c3a312e31302042543a34', 'cdt': 1715047662000}, 'protocol': {'v': 'FMB120', 'cdt': 1715047962000}, 'parm6': {'v': 174, 'cdt': 1714466391000}, 'iPwrV': {'v': 3.906, 'cdt': 1715052170000}, 'event': {'v': 0, 'cdt': 1713966098000}}, 'prms': {'protocol': 'FMB120', 'priority': 0, 'sat': 13, 'event': 0, 'di1': 0, 'output1': 1, 'di2': 0, 'output2': 1, 'ePwrV': 13.003, 'Speed': 0, 'parm24': 0, 'iPwrV': 3.906, 'ai1': 174, 'parm6': 174}, 'devPrms': ['protocol', 'priority', 'sat', 'event', 'di1', 'output1', 'di2', 'output2', 'ePwrV', 'Speed', 'parm24', 'iPwrV', 'ai1', 'parm6'], 'old_params': {'Speed': 0, 'output1': 1, 'output2': 1, 'ePwrV': 12.988, 'parm24': 0, 'sat': 9, 'ai1': 174, 'priority': 0, 'di2': 0, 'di1': 0, 'protocol': 'teltonika', 'parm6': 174, 'iPwrV': 3.906, 'event': 0}, 'vLoc': 1, 'vCon': 1, 'ip': '37.216.55.32', 'rl': 0, 'trl': 30115.0942, 'mdu': 0, 'tmdu': 2384678, 'eidl': 0, 'teidl': 1367385, 'fc': 0, 'tfc': 701.97131, 'acc': 0, 'accOn': 18912811, 'accOff': 47357826, 'sdu': 300, 'tsdu': 169832, 'lat': 21.5908566, 'lng': 39.1627133}, 'counters': {'odometer_type': 'gps', 'odometer': 30158.0942, 'engine_hours_type': 'acc', 'engine_hours': 18912811, 'last_acc': 0}, 'is_wasl_connected': 'Not Connected', 'iconUrl': 'https://api.afaqy.sa/images/units/icons/icon.png', 'hasCCTV': False}
[2024-05-07T04:03:44.147+0000] {warnings.py:109} WARNING - /home/***/.local/lib/python3.8/site-packages/elasticsearch/_sync/client/__init__.py:399: SecurityWarning: Connecting to 'https://dbelk3.afaqy.local:9200' using TLS with verify_certs=False is insecure
  _transport = transport_class(

[2024-05-07T04:03:44.213+0000] {warnings.py:109} WARNING - /home/***/.local/lib/python3.8/site-packages/elasticsearch/_sync/client/__init__.py:399: SecurityWarning: Connecting to 'https://dbelk2.afaqy.local:9200' using TLS with verify_certs=False is insecure
  _transport = transport_class(

[2024-05-07T04:03:44.270+0000] {warnings.py:109} WARNING - /home/***/.local/lib/python3.8/site-packages/elasticsearch/_sync/client/__init__.py:399: SecurityWarning: Connecting to 'https://dbelk1.afaqy.local:9200' using TLS with verify_certs=False is insecure
  _transport = transport_class(

[2024-05-07T04:03:44.297+0000] {warnings.py:109} WARNING - /home/***/.local/lib/python3.8/site-packages/urllib3/connectionpool.py:1061: InsecureRequestWarning: Unverified HTTPS request is being made to host 'dbelk3.afaqy.local'. Adding certificate verification is strongly advised. See: https://urllib3.readthedocs.io/en/1.26.x/advanced-usage.html#ssl-warnings
  warnings.warn(

[2024-05-07T04:03:44.389+0000] {_transport.py:335} INFO - GET https://dbelk3.afaqy.local:9200/_cluster/health [status:200 duration:0.118s]
[2024-05-07T04:03:44.803+0000] {warnings.py:109} WARNING - /home/***/.local/lib/python3.8/site-packages/urllib3/connectionpool.py:1061: InsecureRequestWarning: Unverified HTTPS request is being made to host 'dbelk2.afaqy.local'. Adding certificate verification is strongly advised. See: https://urllib3.readthedocs.io/en/1.26.x/advanced-usage.html#ssl-warnings
  warnings.warn(

[2024-05-07T04:03:44.815+0000] {_transport.py:335} INFO - PUT https://dbelk2.afaqy.local:9200/units_statistics_***/_bulk [status:429 duration:0.030s]
[2024-05-07T04:03:44.816+0000] {_node_pool.py:249} WARNING - Node <Urllib3HttpNode(https://dbelk2.afaqy.local:9200)> has failed for 1 times in a row, putting on 1 second timeout
[2024-05-07T04:03:44.816+0000] {_transport.py:427} WARNING - Retrying request after non-successful status 429 (attempt 0 of 3)
[2024-05-07T04:03:44.817+0000] {warnings.py:109} WARNING - /home/***/.local/lib/python3.8/site-packages/urllib3/connectionpool.py:1061: InsecureRequestWarning: Unverified HTTPS request is being made to host 'dbelk3.afaqy.local'. Adding certificate verification is strongly advised. See: https://urllib3.readthedocs.io/en/1.26.x/advanced-usage.html#ssl-warnings
  warnings.warn(

[2024-05-07T04:03:49.976+0000] {_transport.py:335} INFO - PUT https://dbelk3.afaqy.local:9200/units_statistics_***/_bulk [status:200 duration:5.159s]
[2024-05-07T04:03:50.338+0000] {python.py:202} INFO - Done. Returned value was: None
[2024-05-07T04:03:50.357+0000] {taskinstance.py:1149} INFO - Marking task as SUCCESS. dag_id=Units_statistics_DAG, task_id=ETL_job, map_index=6, execution_date=20240507T034000, start_date=20240507T040325, end_date=20240507T040350
[2024-05-07T04:03:50.414+0000] {local_task_job_runner.py:234} INFO - Task exited with return code 0
[2024-05-07T04:03:50.445+0000] {taskinstance.py:3312} INFO - 0 downstream tasks scheduled from follow-on schedule check
