[2024-05-12T14:50:20.111+0000] {local_task_job_runner.py:120} INFO - ::group::Pre task execution logs
[2024-05-12T14:50:20.146+0000] {taskinstance.py:2076} INFO - Dependencies all met for dep_context=non-requeueable deps ti=<TaskInstance: AVL_DAG.get_units_from_APi.login_to_parent scheduled__2024-05-12T14:20:00+00:00 [queued]>
[2024-05-12T14:50:20.159+0000] {taskinstance.py:2076} INFO - Dependencies all met for dep_context=requeueable deps ti=<TaskInstance: AVL_DAG.get_units_from_APi.login_to_parent scheduled__2024-05-12T14:20:00+00:00 [queued]>
[2024-05-12T14:50:20.159+0000] {taskinstance.py:2306} INFO - Starting attempt 1 of 2
[2024-05-12T14:50:20.184+0000] {taskinstance.py:2330} INFO - Executing <Task(PythonOperator): get_units_from_APi.login_to_parent> on 2024-05-12 14:20:00+00:00
[2024-05-12T14:50:20.195+0000] {warnings.py:110} WARNING - /home/***/.local/lib/python3.12/site-packages/***/task/task_runner/standard_task_runner.py:61: DeprecationWarning: This process (pid=110) is multi-threaded, use of fork() may lead to deadlocks in the child.
  pid = os.fork()

[2024-05-12T14:50:20.197+0000] {standard_task_runner.py:63} INFO - Started process 111 to run task
[2024-05-12T14:50:20.204+0000] {standard_task_runner.py:90} INFO - Running: ['***', 'tasks', 'run', 'AVL_DAG', 'get_units_from_APi.login_to_parent', 'scheduled__2024-05-12T14:20:00+00:00', '--job-id', '54245', '--raw', '--subdir', 'DAGS_FOLDER/Avl_dag.py', '--cfg-path', '/tmp/tmpsj3lzyjh']
[2024-05-12T14:50:20.206+0000] {standard_task_runner.py:91} INFO - Job 54245: Subtask get_units_from_APi.login_to_parent
[2024-05-12T14:50:20.289+0000] {task_command.py:426} INFO - Running <TaskInstance: AVL_DAG.get_units_from_APi.login_to_parent scheduled__2024-05-12T14:20:00+00:00 [running]> on host 71f2b5b1a7b4
[2024-05-12T14:50:20.528+0000] {taskinstance.py:2648} INFO - Exporting env vars: AIRFLOW_CTX_DAG_OWNER='abeer-araby' AIRFLOW_CTX_DAG_ID='AVL_DAG' AIRFLOW_CTX_TASK_ID='get_units_from_APi.login_to_parent' AIRFLOW_CTX_EXECUTION_DATE='2024-05-12T14:20:00+00:00' AIRFLOW_CTX_TRY_NUMBER='1' AIRFLOW_CTX_DAG_RUN_ID='scheduled__2024-05-12T14:20:00+00:00'
[2024-05-12T14:50:20.529+0000] {taskinstance.py:430} INFO - ::endgroup::
[2024-05-12T14:50:21.125+0000] {apis_group.py:21} INFO - ti context info :None
[2024-05-12T14:50:21.127+0000] {python.py:237} INFO - Done. Returned value was: None
[2024-05-12T14:50:21.129+0000] {taskinstance.py:441} INFO - ::group::Post task execution logs
[2024-05-12T14:50:21.145+0000] {taskinstance.py:1206} INFO - Marking task as SUCCESS. dag_id=AVL_DAG, task_id=get_units_from_APi.login_to_parent, run_id=scheduled__2024-05-12T14:20:00+00:00, execution_date=20240512T142000, start_date=20240512T145020, end_date=20240512T145021
[2024-05-12T14:50:21.179+0000] {local_task_job_runner.py:240} INFO - Task exited with return code 0
[2024-05-12T14:50:21.227+0000] {taskinstance.py:3498} INFO - 1 downstream tasks scheduled from follow-on schedule check
[2024-05-12T14:50:21.229+0000] {local_task_job_runner.py:222} INFO - ::endgroup::
