[2024-04-18T20:44:33.652+0000] {taskinstance.py:1979} INFO - Dependencies all met for dep_context=non-requeueable deps ti=<TaskInstance: Units_statistics_DAG.ETL_job manual__2024-04-18T20:41:02.988999+00:00 map_index=14 [queued]>
[2024-04-18T20:44:33.665+0000] {taskinstance.py:1979} INFO - Dependencies all met for dep_context=requeueable deps ti=<TaskInstance: Units_statistics_DAG.ETL_job manual__2024-04-18T20:41:02.988999+00:00 map_index=14 [queued]>
[2024-04-18T20:44:33.665+0000] {taskinstance.py:2193} INFO - Starting attempt 3 of 4
[2024-04-18T20:44:33.683+0000] {taskinstance.py:2217} INFO - Executing <Mapped(_PythonDecoratedOperator): ETL_job> on 2024-04-18 20:41:02.988999+00:00
[2024-04-18T20:44:33.691+0000] {standard_task_runner.py:60} INFO - Started process 388904 to run task
[2024-04-18T20:44:33.701+0000] {standard_task_runner.py:87} INFO - Running: ['***', 'tasks', 'run', 'Units_statistics_DAG', 'ETL_job', 'manual__2024-04-18T20:41:02.988999+00:00', '--job-id', '8169', '--raw', '--subdir', 'DAGS_FOLDER/Units_dag.py', '--cfg-path', '/tmp/tmpv7j96ppu', '--map-index', '14']
[2024-04-18T20:44:33.703+0000] {standard_task_runner.py:88} INFO - Job 8169: Subtask ETL_job
[2024-04-18T20:44:33.781+0000] {task_command.py:423} INFO - Running <TaskInstance: Units_statistics_DAG.ETL_job manual__2024-04-18T20:41:02.988999+00:00 map_index=14 [running]> on host a09da322e808
[2024-04-18T20:44:33.926+0000] {taskinstance.py:2513} INFO - Exporting env vars: AIRFLOW_CTX_DAG_OWNER='abeer-araby' AIRFLOW_CTX_DAG_ID='Units_statistics_DAG' AIRFLOW_CTX_TASK_ID='ETL_job' AIRFLOW_CTX_EXECUTION_DATE='2024-04-18T20:41:02.988999+00:00' AIRFLOW_CTX_TRY_NUMBER='3' AIRFLOW_CTX_DAG_RUN_ID='manual__2024-04-18T20:41:02.988999+00:00'
[2024-04-18T20:44:33.927+0000] {Units_dag.py:99} INFO - i: 140000, chunk: 10000
[2024-04-18T20:44:33.927+0000] {Units_dag.py:100} INFO - child token is::: eyJ0eXAiOiJKV1QiLCJhbGciOiJIUzI1NiJ9.eyJpc3MiOiJodHRwczovL2FwaS5hZmFxeS5zYS9hdXRoL2xvZ2luX2FzIiwiaWF0IjoxNzEzNDcyODcxLCJleHAiOjE3MTYwNjQ4NzEsIm5iZiI6MTcxMzQ3Mjg3MSwianRpIjoib21icVFiMGlvdjFFQ1dmcSIsInN1YiI6IjVkNjNlNTFlMDNlZDUyOTJhNDJjMjRlNiIsInBydiI6IjI3MGVjZmM3ZWEzZWQ5MzdlYTg0OTM2MmEzYTUwOTEwYzZkOGNlNGYiLCJsb2dpbl9hc19pZCI6IjY1N2YwYWQ3M2Y5NzcyOTVjZjA1NTc2YSJ9.RgvErvTPNRSlB5Z3HsvnjKsqzFaxS237DQJtTse8d7I
[2024-04-18T20:44:50.488+0000] {Units_dag.py:104} INFO - {'_id': '6548c5799e34e3cc800e45bb', 'icon': 'icons/icon.png', 'driver_id': '', 'tailer_id': '', 'profile': {'vehicle_type': '', 'measurement_type': 'count', 'max_capacity': 0, 'vin': '', 'plate_number': '', 'start_operation': '', 'contract_milage': '', 'opening_milage': '', 'model': '', 'fuel_type': '91', 'year': 0, 'seats': 2}, 'shipment_info': {'product_category': None, 'truck_type': None, 'shipment_type': None, 'shipment_payment_type': None, 'transporter_type': None, 'operating_area': None, 'weight_kilograms_per_day': None, 'kms_per_day': None, 'shipment_trip_drive_hrs_day': None, 'allowable_delay_drive_hrs_day': None, 'expected_shipment_trip_day': None, 'car_pay_per_day': None, 'exceeding_temperature_limit_per_day': None, 'temperature_upper_limit': None, 'exceeding_humidity_limit_per_day': None, 'humidity_upper_limit': None}, 'device_password': '***', 'device_type': 'gps', 'gateway': False, 'business_types': {'waste': False, 'transportation': True, 'water': False}, 'name': '1062ASK', 'operation_code': '', 'device_gateway': '', 'skip_sim_information': False, 'imei': '359632105633462', 'sim_number': '+966830032300433', 'sim_serial': '8996609821111961051', 'device_serial': '359632105633462', 'device': 'teltonika', 'user_id': '652e49a88762863226039b27', 'created_by': '5e6655bf03ed52e1ab79d301', 'updated_at': '2024-04-18 11:18:59', 'created_at': '2023-11-06 13:52:41', 'custom_fields': [], 'creator': 'amr.ahmed', 'company': '', 'owner': 'saveto-contracting-admin', 'last_update': {'dtt': 1713473034000, 'dts': 1713473037347, 'spd': 0, 'ang': 10, 'alt': 50, 'chPrams': {'output1': {'v': False, 'cdt': 1712233545000}, 'output2': {'v': False, 'cdt': 1712233545000}, 'ePwrV': {'v': 25.707, 'cdt': 1713473034000}, 'parm24': {'v': 0, 'cdt': 1713452633000}, 'parm68': {'v': 0, 'cdt': 1713181864000}, 'ai1': {'v': 13672, 'cdt': 1713473034000}, 'di2': {'v': 0, 'cdt': 1712233569000}, 'type': {'v': 6, 'cdt': 1712560325000}, 'di1': {'v': 0, 'cdt': 1713452633000}, 'operator': {'v': 42003, 'cdt': 1713272986000}, 'di3': {'v': 0, 'cdt': 1712233569000}, 'result': {'v': '5665723a30332e32352e30355f3030204750533a41584e5f352e31305f333333332048773a464d42313230204d6f643a333320494d45493a33353936333231303536333334363220496e69743a323032342d332d332031313a323520557074696d653a33393634303132204d41433a303031453432423544413130205350433a312830292041584c3a32204f42443a3020424c3a312e372042543a34', 'cdt': 1713435979000}, 'protocol': {'v': 'FMB120', 'cdt': 1713436279000}, 'parm6': {'v': 0, 'cdt': 1712233569000}, 'gpsStatus': {'v': 1, 'cdt': 1713421266000}, 'alarm': {'v': 'hardBreaking', 'cdt': 1712396191000}, 'iPwrV': {'v': 3.986, 'cdt': 1713452576000}, 'parm253': {'v': 2, 'cdt': 1712396191000}, 'event': {'v': 0, 'cdt': 1713452933000}, 'parm254': {'v': 28, 'cdt': 1713432773000}, 'Speed': {'v': 0, 'cdt': 1713452633000}, 'rssi': {'v': 2, 'cdt': 1713468234000}, 'odometer': {'v': 279254743, 'cdt': 1713452633000}, 'motion': {'v': False, 'cdt': 1713452633000}, 'sat': {'v': 12, 'cdt': 1713473034000}, 'priority': {'v': 0, 'cdt': 1713452633010}, 'parm246': {'v': 1, 'cdt': 1713336355000}, 'parm205': {'v': 39943, 'cdt': 1713433013000}}, 'prms': {'protocol': 'FMB120', 'priority': 0, 'sat': 12, 'event': 0, 'di1': 0, 'motion': 0, 'rssi': 2, 'gpsStatus': 1, 'output1': 0, 'di2': 0, 'di3': 0, 'output2': 0, 'ePwrV': 25.707, 'Speed': 0, 'parm24': 0, 'parm205': 39943, 'iPwrV': 3.986, 'parm68': 0, 'ai1': 13672, 'parm6': 0, 'operator': 42003, 'odometer': 279254743}, 'devPrms': ['protocol', 'priority', 'sat', 'event', 'di1', 'motion', 'rssi', 'gpsStatus', 'output1', 'di2', 'di3', 'output2', 'ePwrV', 'Speed', 'parm24', 'parm205', 'iPwrV', 'parm68', 'ai1', 'parm6', 'operator', 'odometer'], 'old_params': {'Speed': 0, 'rssi': 2, 'output1': 0, 'output2': 0, 'motion': 0, 'odometer': 279254743, 'ePwrV': 25.704, 'parm24': 0, 'parm68': 0, 'sat': 11, 'ai1': 13633, 'priority': 0, 'di2': 0, 'di1': 0, 'operator': 42003, 'di3': 0, 'protocol': 'teltonika', 'parm6': 0, 'parm205': 39943, 'gpsStatus': 1, 'iPwrV': 3.986, 'event': 0}, 'vLoc': 1, 'vCon': 1, 'ip': '109.83.254.45', 'rl': 0, 'trl': 71478.3831, 'mdu': 0, 'tmdu': 3672056, 'eidl': 0, 'teidl': 3414866, 'fc': 0, 'tfc': 47.657112, 'acc': 0, 'accOn': 11071835, 'accOff': 3165151668, 'sdu': 300, 'tsdu': 20400, 'lat': 22.7648283, 'lng': 39.07403}, 'counters': {'engine_hours': 11071835, 'last_acc': 0, 'odometer': 71478.3831, 'engine_hours_type': '', 'odometer_type': ''}, 'is_wasl_connected': 'Connected', 'iconUrl': 'https://api.afaqy.sa/images/units/icons/icon.png', 'hasCCTV': False}
[2024-04-18T20:44:51.002+0000] {warnings.py:109} WARNING - /home/***/.local/lib/python3.8/site-packages/elasticsearch/_sync/client/__init__.py:399: SecurityWarning: Connecting to 'https://dbelk1.afaqy.local:9200' using TLS with verify_certs=False is insecure
  _transport = transport_class(

[2024-04-18T20:44:51.045+0000] {warnings.py:109} WARNING - /home/***/.local/lib/python3.8/site-packages/elasticsearch/_sync/client/__init__.py:399: SecurityWarning: Connecting to 'https://dbelk2.afaqy.local:9200' using TLS with verify_certs=False is insecure
  _transport = transport_class(

[2024-04-18T20:44:51.086+0000] {warnings.py:109} WARNING - /home/***/.local/lib/python3.8/site-packages/elasticsearch/_sync/client/__init__.py:399: SecurityWarning: Connecting to 'https://dbelk3.afaqy.local:9200' using TLS with verify_certs=False is insecure
  _transport = transport_class(

[2024-04-18T20:44:51.114+0000] {warnings.py:109} WARNING - /home/***/.local/lib/python3.8/site-packages/urllib3/connectionpool.py:1061: InsecureRequestWarning: Unverified HTTPS request is being made to host 'dbelk1.afaqy.local'. Adding certificate verification is strongly advised. See: https://urllib3.readthedocs.io/en/1.26.x/advanced-usage.html#ssl-warnings
  warnings.warn(

[2024-04-18T20:44:51.166+0000] {_transport.py:335} INFO - GET https://dbelk1.afaqy.local:9200/_cluster/health [status:200 duration:0.078s]
[2024-04-18T20:44:51.717+0000] {taskinstance.py:2731} ERROR - Task failed with exception
Traceback (most recent call last):
  File "/home/airflow/.local/lib/python3.8/site-packages/elastic_transport/_serializer.py", line 108, in dumps
    return self.json_dumps(data)
  File "/home/airflow/.local/lib/python3.8/site-packages/elastic_transport/_serializer.py", line 79, in json_dumps
    return json.dumps(
  File "/usr/local/lib/python3.8/json/__init__.py", line 234, in dumps
    return cls(
  File "/usr/local/lib/python3.8/json/encoder.py", line 199, in encode
    chunks = self.iterencode(o, _one_shot=True)
  File "/usr/local/lib/python3.8/json/encoder.py", line 257, in iterencode
    return _iterencode(o, 0)
  File "/home/airflow/.local/lib/python3.8/site-packages/elasticsearch/serializer.py", line 73, in default
    raise TypeError(f"Unable to serialize {data!r} (type: {type(data)})")
TypeError: Unable to serialize <function Utils.units_transform.<locals>.<lambda> at 0x7faa0d174160> (type: <class 'function'>)

During handling of the above exception, another exception occurred:

Traceback (most recent call last):
  File "/home/airflow/.local/lib/python3.8/site-packages/airflow/models/taskinstance.py", line 444, in _execute_task
    result = _execute_callable(context=context, **execute_callable_kwargs)
  File "/home/airflow/.local/lib/python3.8/site-packages/airflow/models/taskinstance.py", line 414, in _execute_callable
    return execute_callable(context=context, **execute_callable_kwargs)
  File "/home/airflow/.local/lib/python3.8/site-packages/airflow/decorators/base.py", line 241, in execute
    return_value = super().execute(context)
  File "/home/airflow/.local/lib/python3.8/site-packages/airflow/operators/python.py", line 200, in execute
    return_value = self.execute_callable()
  File "/home/airflow/.local/lib/python3.8/site-packages/airflow/operators/python.py", line 217, in execute_callable
    return self.python_callable(*self.op_args, **self.op_kwargs)
  File "/opt/airflow/dags/Units_dag.py", line 112, in ETL_job
    Elk_client.elk_pushData(Globals.index_name,units_list_update)
  File "/opt/airflow/dags/elk_manager.py", line 69, in elk_pushData
    helpers.bulk(self.elk_client, docs_list, index=index_name, chunk_size=batch)
  File "/home/airflow/.local/lib/python3.8/site-packages/elasticsearch/helpers/actions.py", line 521, in bulk
    for ok, item in streaming_bulk(
  File "/home/airflow/.local/lib/python3.8/site-packages/elasticsearch/helpers/actions.py", line 421, in streaming_bulk
    for bulk_data, bulk_actions in _chunk_actions(
  File "/home/airflow/.local/lib/python3.8/site-packages/elasticsearch/helpers/actions.py", line 233, in _chunk_actions
    ret = chunker.feed(action, data)
  File "/home/airflow/.local/lib/python3.8/site-packages/elasticsearch/helpers/actions.py", line 161, in feed
    data_bytes = to_bytes(self.serializer.dumps(data), "utf-8")
  File "/home/airflow/.local/lib/python3.8/site-packages/elastic_transport/_serializer.py", line 112, in dumps
    raise SerializationError(
elastic_transport.SerializationError: Unable to serialize to JSON: {'Unit': <function Utils.units_transform.<locals>.<lambda> at 0x7faa0d174160>, 'spd': 0, 'acc': 0, 'last_update': 1713473034000, 'device_imei': '359632105633462', 'device_serial': '359632105633462', 'sim_number': '+966830032300433', 'sim_serial': '8996609821111961051', 'device': 'teltonika', 'company': '', 'user_id_units': '652e49a88762863226039b27', 'account': 'saveto-contracting-admin', 'operation_code': '', 'vehicle_battery': 25.707} (type: dict)
[2024-04-18T20:44:51.729+0000] {taskinstance.py:1149} INFO - Marking task as UP_FOR_RETRY. dag_id=Units_statistics_DAG, task_id=ETL_job, map_index=14, execution_date=20240418T204102, start_date=20240418T204433, end_date=20240418T204451
[2024-04-18T20:44:51.745+0000] {standard_task_runner.py:107} ERROR - Failed to execute job 8169 for task ETL_job (Unable to serialize to JSON: {'Unit': <function Utils.units_transform.<locals>.<lambda> at 0x7faa0d174160>, 'spd': 0, 'acc': 0, 'last_update': 1713473034000, 'device_imei': '359632105633462', 'device_serial': '359632105633462', 'sim_number': '+966830032300433', 'sim_serial': '8996609821111961051', 'device': 'teltonika', 'company': '', 'user_id_units': '652e49a88762863226039b27', 'account': 'saveto-contracting-admin', 'operation_code': '', 'vehicle_battery': 25.707} (type: dict); 388904)
[2024-04-18T20:44:51.788+0000] {local_task_job_runner.py:234} INFO - Task exited with return code 1
[2024-04-18T20:44:51.812+0000] {taskinstance.py:3312} INFO - 0 downstream tasks scheduled from follow-on schedule check
