[2024-05-11T11:21:51.143+0000] {taskinstance.py:1979} INFO - Dependencies all met for dep_context=non-requeueable deps ti=<TaskInstance: Units_statistics_DAG.ETL_job scheduled__2024-05-11T11:00:00+00:00 map_index=5 [queued]>
[2024-05-11T11:21:51.156+0000] {taskinstance.py:1979} INFO - Dependencies all met for dep_context=requeueable deps ti=<TaskInstance: Units_statistics_DAG.ETL_job scheduled__2024-05-11T11:00:00+00:00 map_index=5 [queued]>
[2024-05-11T11:21:51.156+0000] {taskinstance.py:2193} INFO - Starting attempt 2 of 4
[2024-05-11T11:21:51.175+0000] {taskinstance.py:2217} INFO - Executing <Mapped(_PythonDecoratedOperator): ETL_job> on 2024-05-11 11:00:00+00:00
[2024-05-11T11:21:51.182+0000] {standard_task_runner.py:60} INFO - Started process 939044 to run task
[2024-05-11T11:21:51.193+0000] {standard_task_runner.py:87} INFO - Running: ['***', 'tasks', 'run', 'Units_statistics_DAG', 'ETL_job', 'scheduled__2024-05-11T11:00:00+00:00', '--job-id', '50406', '--raw', '--subdir', 'DAGS_FOLDER/Units_dag.py', '--cfg-path', '/tmp/tmpac49agop', '--map-index', '5']
[2024-05-11T11:21:51.195+0000] {standard_task_runner.py:88} INFO - Job 50406: Subtask ETL_job
[2024-05-11T11:21:51.277+0000] {task_command.py:423} INFO - Running <TaskInstance: Units_statistics_DAG.ETL_job scheduled__2024-05-11T11:00:00+00:00 map_index=5 [running]> on host a09da322e808
[2024-05-11T11:21:51.456+0000] {taskinstance.py:2513} INFO - Exporting env vars: AIRFLOW_CTX_DAG_OWNER='abeer-araby' AIRFLOW_CTX_DAG_ID='Units_statistics_DAG' AIRFLOW_CTX_TASK_ID='ETL_job' AIRFLOW_CTX_EXECUTION_DATE='2024-05-11T11:00:00+00:00' AIRFLOW_CTX_TRY_NUMBER='2' AIRFLOW_CTX_DAG_RUN_ID='scheduled__2024-05-11T11:00:00+00:00'
[2024-05-11T11:21:51.457+0000] {Units_dag.py:98} INFO - i: 50000, chunk: 10000
[2024-05-11T11:21:51.458+0000] {Units_dag.py:99} INFO - child token is::: eyJ0eXAiOiJKV1QiLCJhbGciOiJIUzI1NiJ9.eyJpc3MiOiJodHRwczovL2FwaS5hZmFxeS5zYS9hdXRoL2xvZ2luX2FzIiwiaWF0IjoxNzE1NDI2NDA0LCJleHAiOjE3MTgwMTg0MDQsIm5iZiI6MTcxNTQyNjQwNCwianRpIjoiT1ZIWjBUb0E1eHFaSVZUeSIsInN1YiI6IjVkNjNlNTFlMDNlZDUyOTJhNDJjMjRlNiIsInBydiI6IjI3MGVjZmM3ZWEzZWQ5MzdlYTg0OTM2MmEzYTUwOTEwYzZkOGNlNGYiLCJsb2dpbl9hc19pZCI6IjY1N2YwYWQ3M2Y5NzcyOTVjZjA1NTc2YSJ9.NPoX5iGOYyWKmhtAUAoGHAsFBBguADAt_ZZjFA8xKl4
[2024-05-11T11:22:13.415+0000] {Units_dag.py:103} INFO - {'_id': '62b07e215e94ae88895d4319', 'imei': '359633109807821', 'updated_at': '2024-04-18 11:18:59', 'custom_fields': [], 'creator': '', 'company': '', 'owner': '', 'last_update': {'dtt': 1655814601000, 'dts': 1655814603866, 'spd': 0, 'ang': 334, 'alt': 634, 'chPrams': {'output1': {'v': False, 'cdt': 1653546304000}, 'protocol': {'v': 'teltonika_FMB640', 'cdt': 1654086711000}, 'ePwrV': {'v': 28.232, 'cdt': 1655814601000}, 'sat': {'v': 15, 'cdt': 1655814541000}, 'ai1': {'v': 0, 'cdt': 1654680831000}, 'iPwrV': {'v': 4.037, 'cdt': 1655814601000}, 'priority': {'v': 0, 'cdt': 1655796525000}, 'event': {'v': 0, 'cdt': 1655796525000}, 'di1': {'v': 1, 'cdt': 1655796465000}}, 'prms': {'protocol': 'teltonika_FMB640', 'priority': 0, 'sat': 15, 'event': 0, 'di1': 1, 'output1': 0, 'ePwrV': 28.232, 'iPwrV': 4.037, 'ai1': 0}, 'devPrms': ['protocol', 'priority', 'sat', 'event', 'di1', 'output1', 'ePwrV', 'iPwrV', 'ai1'], 'old_params': {'protocol': 'teltonika_FMB640', 'priority': 0, 'sat': 15, 'event': 0, 'di1': 1, 'output1': 0, 'ePwrV': 28.234, 'iPwrV': 4.039, 'ai1': 0}, 'vLoc': 1, 'vCon': 1, 'ip': '146.251.176.2', 'rl': 0, 'trl': 44863.478, 'mdu': 0, 'tmdu': 3651354, 'eidl': 60, 'teidl': 22226105, 'fc': 0, 'tfc': 29.043144, 'acc': 1, 'accOn': 25969757, 'accOff': 11703406, 'sdu': 0, 'tsdu': 0, 'lat': 24.7303833, 'lng': 46.7123016}, 'counters': {'engine_hours': 25969757, 'last_acc': 1, 'odometer': 44863.4477}, 'is_wasl_connected': 'Not Connected', 'iconUrl': '', 'hasCCTV': False}
[2024-05-11T11:22:13.929+0000] {warnings.py:109} WARNING - /home/***/.local/lib/python3.8/site-packages/elasticsearch/_sync/client/__init__.py:399: SecurityWarning: Connecting to 'https://dbelk3.afaqy.local:9200' using TLS with verify_certs=False is insecure
  _transport = transport_class(

[2024-05-11T11:22:13.978+0000] {warnings.py:109} WARNING - /home/***/.local/lib/python3.8/site-packages/elasticsearch/_sync/client/__init__.py:399: SecurityWarning: Connecting to 'https://dbelk2.afaqy.local:9200' using TLS with verify_certs=False is insecure
  _transport = transport_class(

[2024-05-11T11:22:14.023+0000] {warnings.py:109} WARNING - /home/***/.local/lib/python3.8/site-packages/elasticsearch/_sync/client/__init__.py:399: SecurityWarning: Connecting to 'https://dbelk1.afaqy.local:9200' using TLS with verify_certs=False is insecure
  _transport = transport_class(

[2024-05-11T11:22:14.047+0000] {warnings.py:109} WARNING - /home/***/.local/lib/python3.8/site-packages/urllib3/connectionpool.py:1061: InsecureRequestWarning: Unverified HTTPS request is being made to host 'dbelk3.afaqy.local'. Adding certificate verification is strongly advised. See: https://urllib3.readthedocs.io/en/1.26.x/advanced-usage.html#ssl-warnings
  warnings.warn(

[2024-05-11T11:22:14.116+0000] {_transport.py:335} INFO - GET https://dbelk3.afaqy.local:9200/_cluster/health [status:200 duration:0.091s]
[2024-05-11T11:22:14.495+0000] {warnings.py:109} WARNING - /home/***/.local/lib/python3.8/site-packages/urllib3/connectionpool.py:1061: InsecureRequestWarning: Unverified HTTPS request is being made to host 'dbelk2.afaqy.local'. Adding certificate verification is strongly advised. See: https://urllib3.readthedocs.io/en/1.26.x/advanced-usage.html#ssl-warnings
  warnings.warn(

[2024-05-11T11:23:29.854+0000] {_transport.py:335} INFO - PUT https://dbelk2.afaqy.local:9200/units_statistics_***/_bulk [status:200 duration:75.378s]
[2024-05-11T11:23:30.946+0000] {taskinstance.py:2731} ERROR - Task failed with exception
Traceback (most recent call last):
  File "/home/airflow/.local/lib/python3.8/site-packages/airflow/models/taskinstance.py", line 444, in _execute_task
    result = _execute_callable(context=context, **execute_callable_kwargs)
  File "/home/airflow/.local/lib/python3.8/site-packages/airflow/models/taskinstance.py", line 414, in _execute_callable
    return execute_callable(context=context, **execute_callable_kwargs)
  File "/home/airflow/.local/lib/python3.8/site-packages/airflow/decorators/base.py", line 241, in execute
    return_value = super().execute(context)
  File "/home/airflow/.local/lib/python3.8/site-packages/airflow/operators/python.py", line 200, in execute
    return_value = self.execute_callable()
  File "/home/airflow/.local/lib/python3.8/site-packages/airflow/operators/python.py", line 217, in execute_callable
    return self.python_callable(*self.op_args, **self.op_kwargs)
  File "/opt/airflow/dags/Units_dag.py", line 111, in ETL_job
    Elk_client.elk_pushData(Globals.index_name,units_list_update)
  File "/opt/airflow/dags/units_statistics/elk_manager.py", line 69, in elk_pushData
    helpers.bulk(self.elk_client, docs_list, index=index_name, chunk_size=batch)
  File "/home/airflow/.local/lib/python3.8/site-packages/elasticsearch/helpers/actions.py", line 521, in bulk
    for ok, item in streaming_bulk(
  File "/home/airflow/.local/lib/python3.8/site-packages/elasticsearch/helpers/actions.py", line 436, in streaming_bulk
    for data, (ok, info) in zip(
  File "/home/airflow/.local/lib/python3.8/site-packages/elasticsearch/helpers/actions.py", line 355, in _process_bulk_chunk
    yield from gen
  File "/home/airflow/.local/lib/python3.8/site-packages/elasticsearch/helpers/actions.py", line 274, in _process_bulk_chunk_success
    raise BulkIndexError(f"{len(errors)} document(s) failed to index.", errors)
elasticsearch.helpers.BulkIndexError: 1566 document(s) failed to index.
[2024-05-11T11:23:30.969+0000] {taskinstance.py:1149} INFO - Marking task as UP_FOR_RETRY. dag_id=Units_statistics_DAG, task_id=ETL_job, map_index=5, execution_date=20240511T110000, start_date=20240511T112151, end_date=20240511T112330
[2024-05-11T11:23:30.996+0000] {standard_task_runner.py:107} ERROR - Failed to execute job 50406 for task ETL_job (1566 document(s) failed to index.; 939044)
[2024-05-11T11:23:31.059+0000] {local_task_job_runner.py:234} INFO - Task exited with return code 1
[2024-05-11T11:23:31.121+0000] {taskinstance.py:3312} INFO - 0 downstream tasks scheduled from follow-on schedule check
