[2024-05-08T09:40:14.984+0000] {taskinstance.py:1979} INFO - Dependencies all met for dep_context=non-requeueable deps ti=<TaskInstance: Units_statistics_DAG.ETL_job scheduled__2024-05-08T09:20:00+00:00 map_index=5 [queued]>
[2024-05-08T09:40:15.106+0000] {taskinstance.py:1979} INFO - Dependencies all met for dep_context=requeueable deps ti=<TaskInstance: Units_statistics_DAG.ETL_job scheduled__2024-05-08T09:20:00+00:00 map_index=5 [queued]>
[2024-05-08T09:40:15.107+0000] {taskinstance.py:2193} INFO - Starting attempt 1 of 4
[2024-05-08T09:40:15.219+0000] {taskinstance.py:2217} INFO - Executing <Mapped(_PythonDecoratedOperator): ETL_job> on 2024-05-08 09:20:00+00:00
[2024-05-08T09:40:15.272+0000] {standard_task_runner.py:60} INFO - Started process 857841 to run task
[2024-05-08T09:40:15.304+0000] {standard_task_runner.py:87} INFO - Running: ['***', 'tasks', 'run', 'Units_statistics_DAG', 'ETL_job', 'scheduled__2024-05-08T09:20:00+00:00', '--job-id', '41324', '--raw', '--subdir', 'DAGS_FOLDER/Units_dag.py', '--cfg-path', '/tmp/tmp0y11kv0q', '--map-index', '5']
[2024-05-08T09:40:15.315+0000] {standard_task_runner.py:88} INFO - Job 41324: Subtask ETL_job
[2024-05-08T09:40:15.636+0000] {task_command.py:423} INFO - Running <TaskInstance: Units_statistics_DAG.ETL_job scheduled__2024-05-08T09:20:00+00:00 map_index=5 [running]> on host a09da322e808
[2024-05-08T09:40:16.245+0000] {taskinstance.py:2513} INFO - Exporting env vars: AIRFLOW_CTX_DAG_OWNER='abeer-araby' AIRFLOW_CTX_DAG_ID='Units_statistics_DAG' AIRFLOW_CTX_TASK_ID='ETL_job' AIRFLOW_CTX_EXECUTION_DATE='2024-05-08T09:20:00+00:00' AIRFLOW_CTX_TRY_NUMBER='1' AIRFLOW_CTX_DAG_RUN_ID='scheduled__2024-05-08T09:20:00+00:00'
[2024-05-08T09:40:16.246+0000] {Units_dag.py:98} INFO - i: 50000, chunk: 10000
[2024-05-08T09:40:16.251+0000] {Units_dag.py:99} INFO - child token is::: eyJ0eXAiOiJKV1QiLCJhbGciOiJIUzI1NiJ9.eyJpc3MiOiJodHRwczovL2FwaS5hZmFxeS5zYS9hdXRoL2xvZ2luX2FzIiwiaWF0IjoxNzE1MTYxMjA0LCJleHAiOjE3MTc3NTMyMDQsIm5iZiI6MTcxNTE2MTIwNCwianRpIjoidGlITzEzMTR2YXZRekFRWCIsInN1YiI6IjVkNjNlNTFlMDNlZDUyOTJhNDJjMjRlNiIsInBydiI6IjI3MGVjZmM3ZWEzZWQ5MzdlYTg0OTM2MmEzYTUwOTEwYzZkOGNlNGYiLCJsb2dpbl9hc19pZCI6IjY1N2YwYWQ3M2Y5NzcyOTVjZjA1NTc2YSJ9.PNaud3umx6kGEVoWJ7pTcccSCR_MSKAr58cijFFkv98
[2024-05-08T09:40:38.628+0000] {Units_dag.py:103} INFO - {'_id': '62b0787c5247547f1d01cae8', 'icon': 'icons/icon.png', 'driver_id': '', 'tailer_id': '', 'profile': {'measurement_type': 'count', 'fuel_type': '91', 'year': 0, 'seats': 2}, 'device_password': '***', 'device_type': 'gps', 'gateway': False, 'name': '6674 - L B B', 'operation_code': None, 'device_gateway': None, 'business_types': {'waste': False, 'transportation': True, 'water': False}, 'imei': '866854051697681', 'sim_number': '+966830028529086', 'sim_serial': '996609821110934153', 'device_serial': '866854051697681', 'device': 'bce', 'user_id': '62693bbb07a96a0b2714bff8', 'created_by': '5e6655bf03ed52e1ab79d301', 'updated_at': '2024-04-18 11:18:59', 'created_at': '2022-06-20 16:39:08', 'custom_fields': [], 'creator': 'amr.ahmed', 'company': '', 'owner': 'hawadij-rental-admin', 'last_update': {'dtt': 1715160932000, 'dts': 1715160942879, 'spd': 0, 'ang': 0, 'alt': 172, 'chPrams': {'ePwrV': {'v': 11.983, 'cdt': 1715160932000}, 'di16': {'v': 0, 'cdt': 1715122738000}, 'rssi1': {'v': 48, 'cdt': 1715160030000}, 'di15': {'v': 0, 'cdt': 1712925972000}, 'di14': {'v': 0, 'cdt': 1713274194000}, 'di13': {'v': 0, 'cdt': 1712925972000}, 'di12': {'v': 0, 'cdt': 1712925972000}, 'di11': {'v': 0, 'cdt': 1712925972000}, 'di10': {'v': 0, 'cdt': 1712925972000}, 'di2': {'v': 0, 'cdt': 1715153122000}, 'di1': {'v': 0, 'cdt': 1714912748000}, 'di4': {'v': 0, 'cdt': 1712925972000}, 'di3': {'v': 0, 'cdt': 1712925972000}, 'di6': {'v': 1, 'cdt': 1712925972000}, 'di5': {'v': 0, 'cdt': 1715122738000}, 'lac1': {'v': 3602, 'cdt': 1715111864000}, 'protocol': {'v': 'bce', 'cdt': 1712925972000}, 'di8': {'v': 1, 'cdt': 1712925972000}, 'di7': {'v': 0, 'cdt': 1715124226000}, 'di9': {'v': 0, 'cdt': 1712925972000}, 'iPwrV': {'v': 3.166, 'cdt': 1715160932000}, 'cid1': {'v': 30513, 'cdt': 1715128504000}, 'odometer': {'v': 0, 'cdt': 1714060312000}, 'spd': {'v': 0, 'cdt': 1714732242000}, 'sat': {'v': 15, 'cdt': 1715153724000}, 'hdop': {'v': 1, 'cdt': 1715123042000}, 'ta': {'v': 0, 'cdt': 1712925972000}, 'mcc1': {'v': 420, 'cdt': 1714549390000}, 'mnc1': {'v': 3, 'cdt': 1714549390000}}, 'prms': {'protocol': 'bce', 'spd': 0, 'sat': 15, 'hdop': 1, 'odometer': 0, 'di16': 0, 'di15': 0, 'di14': 0, 'di13': 0, 'di12': 0, 'di11': 0, 'di10': 0, 'di9': 0, 'di8': 1, 'di7': 0, 'di6': 1, 'di5': 0, 'di4': 0, 'di3': 0, 'di2': 0, 'di1': 0, 'ePwrV': 11.983, 'iPwrV': 3.166, 'ta': 0, 'mcc1': 420, 'mnc1': 3, 'lac1': 3602, 'cid1': 30513, 'rssi1': 48}, 'devPrms': ['protocol', 'spd', 'sat', 'hdop', 'odometer', 'di16', 'di15', 'di14', 'di13', 'di12', 'di11', 'di10', 'di9', 'di8', 'di7', 'di6', 'di5', 'di4', 'di3', 'di2', 'di1', 'ePwrV', 'iPwrV', 'ta', 'mcc1', 'mnc1', 'lac1', 'cid1', 'rssi1'], 'old_params': {'protocol': 'bce', 'spd': 0, 'sat': 15, 'hdop': 1, 'odometer': 0, 'di16': 0, 'di15': 0, 'di14': 0, 'di13': 0, 'di12': 0, 'di11': 0, 'di10': 0, 'di9': 0, 'di8': 1, 'di7': 0, 'di6': 1, 'di5': 0, 'di4': 0, 'di3': 0, 'di2': 0, 'di1': 0, 'ePwrV': 11.991, 'iPwrV': 3.163, 'ta': 0, 'mcc1': 420, 'mnc1': 3, 'lac1': 3602, 'cid1': 30513, 'rssi1': 48}, 'vLoc': 1, 'vCon': 1, 'ip': '109.83.12.147', 'rl': 0, 'trl': 2344.2263, 'mdu': 0, 'tmdu': 14374, 'eidl': 0, 'teidl': 4516876, 'fc': 0, 'tfc': 0.249108, 'acc': 0, 'accOn': 8319052, 'accOff': 54637982, 'sdu': 302, 'tsdu': 38194, 'lat': 26.420942306518555, 'lng': 50.11974334716797}, 'counters': {'odometer_type': 'gps', 'odometer': 301590.2263, 'engine_hours_type': 'acc', 'engine_hours': 8319052, 'last_acc': 0}, 'is_wasl_connected': 'Not Connected', 'iconUrl': 'https://api.afaqy.sa/images/units/icons/icon.png', 'hasCCTV': False}
[2024-05-08T09:40:39.286+0000] {warnings.py:109} WARNING - /home/***/.local/lib/python3.8/site-packages/elasticsearch/_sync/client/__init__.py:399: SecurityWarning: Connecting to 'https://dbelk3.afaqy.local:9200' using TLS with verify_certs=False is insecure
  _transport = transport_class(

[2024-05-08T09:40:39.394+0000] {warnings.py:109} WARNING - /home/***/.local/lib/python3.8/site-packages/elasticsearch/_sync/client/__init__.py:399: SecurityWarning: Connecting to 'https://dbelk1.afaqy.local:9200' using TLS with verify_certs=False is insecure
  _transport = transport_class(

[2024-05-08T09:40:39.472+0000] {warnings.py:109} WARNING - /home/***/.local/lib/python3.8/site-packages/elasticsearch/_sync/client/__init__.py:399: SecurityWarning: Connecting to 'https://dbelk2.afaqy.local:9200' using TLS with verify_certs=False is insecure
  _transport = transport_class(

[2024-05-08T09:40:39.494+0000] {warnings.py:109} WARNING - /home/***/.local/lib/python3.8/site-packages/urllib3/connectionpool.py:1061: InsecureRequestWarning: Unverified HTTPS request is being made to host 'dbelk3.afaqy.local'. Adding certificate verification is strongly advised. See: https://urllib3.readthedocs.io/en/1.26.x/advanced-usage.html#ssl-warnings
  warnings.warn(

[2024-05-08T09:40:39.592+0000] {_transport.py:335} INFO - GET https://dbelk3.afaqy.local:9200/_cluster/health [status:200 duration:0.118s]
[2024-05-08T09:40:40.083+0000] {warnings.py:109} WARNING - /home/***/.local/lib/python3.8/site-packages/urllib3/connectionpool.py:1061: InsecureRequestWarning: Unverified HTTPS request is being made to host 'dbelk1.afaqy.local'. Adding certificate verification is strongly advised. See: https://urllib3.readthedocs.io/en/1.26.x/advanced-usage.html#ssl-warnings
  warnings.warn(

[2024-05-08T09:40:41.682+0000] {_transport.py:335} INFO - PUT https://dbelk1.afaqy.local:9200/units_statistics_***/_bulk [status:200 duration:1.627s]
[2024-05-08T09:40:42.543+0000] {python.py:202} INFO - Done. Returned value was: None
[2024-05-08T09:40:42.568+0000] {taskinstance.py:1149} INFO - Marking task as SUCCESS. dag_id=Units_statistics_DAG, task_id=ETL_job, map_index=5, execution_date=20240508T092000, start_date=20240508T094014, end_date=20240508T094042
[2024-05-08T09:40:42.658+0000] {local_task_job_runner.py:234} INFO - Task exited with return code 0
[2024-05-08T09:40:42.715+0000] {taskinstance.py:3312} INFO - 0 downstream tasks scheduled from follow-on schedule check
