[2024-05-10T06:24:40.987+0000] {taskinstance.py:1979} INFO - Dependencies all met for dep_context=non-requeueable deps ti=<TaskInstance: Units_statistics_DAG.ETL_job scheduled__2024-05-10T06:00:00+00:00 map_index=7 [queued]>
[2024-05-10T06:24:41.001+0000] {taskinstance.py:1979} INFO - Dependencies all met for dep_context=requeueable deps ti=<TaskInstance: Units_statistics_DAG.ETL_job scheduled__2024-05-10T06:00:00+00:00 map_index=7 [queued]>
[2024-05-10T06:24:41.002+0000] {taskinstance.py:2193} INFO - Starting attempt 4 of 4
[2024-05-10T06:24:41.020+0000] {taskinstance.py:2217} INFO - Executing <Mapped(_PythonDecoratedOperator): ETL_job> on 2024-05-10 06:00:00+00:00
[2024-05-10T06:24:41.027+0000] {standard_task_runner.py:60} INFO - Started process 907022 to run task
[2024-05-10T06:24:41.034+0000] {standard_task_runner.py:87} INFO - Running: ['***', 'tasks', 'run', 'Units_statistics_DAG', 'ETL_job', 'scheduled__2024-05-10T06:00:00+00:00', '--job-id', '46815', '--raw', '--subdir', 'DAGS_FOLDER/Units_dag.py', '--cfg-path', '/tmp/tmppnwdc6vo', '--map-index', '7']
[2024-05-10T06:24:41.036+0000] {standard_task_runner.py:88} INFO - Job 46815: Subtask ETL_job
[2024-05-10T06:24:41.118+0000] {task_command.py:423} INFO - Running <TaskInstance: Units_statistics_DAG.ETL_job scheduled__2024-05-10T06:00:00+00:00 map_index=7 [running]> on host a09da322e808
[2024-05-10T06:24:41.266+0000] {taskinstance.py:2513} INFO - Exporting env vars: AIRFLOW_CTX_DAG_OWNER='abeer-araby' AIRFLOW_CTX_DAG_ID='Units_statistics_DAG' AIRFLOW_CTX_TASK_ID='ETL_job' AIRFLOW_CTX_EXECUTION_DATE='2024-05-10T06:00:00+00:00' AIRFLOW_CTX_TRY_NUMBER='4' AIRFLOW_CTX_DAG_RUN_ID='scheduled__2024-05-10T06:00:00+00:00'
[2024-05-10T06:24:41.267+0000] {Units_dag.py:98} INFO - i: 70000, chunk: 10000
[2024-05-10T06:24:41.268+0000] {Units_dag.py:99} INFO - child token is::: eyJ0eXAiOiJKV1QiLCJhbGciOiJIUzI1NiJ9.eyJpc3MiOiJodHRwczovL2FwaS5hZmFxeS5zYS9hdXRoL2xvZ2luX2FzIiwiaWF0IjoxNzE1MzIyMDAzLCJleHAiOjE3MTc5MTQwMDMsIm5iZiI6MTcxNTMyMjAwMywianRpIjoiVFlCSkxZazF5T2xvb1k2cSIsInN1YiI6IjVkNjNlNTFlMDNlZDUyOTJhNDJjMjRlNiIsInBydiI6IjI3MGVjZmM3ZWEzZWQ5MzdlYTg0OTM2MmEzYTUwOTEwYzZkOGNlNGYiLCJsb2dpbl9hc19pZCI6IjY1N2YwYWQ3M2Y5NzcyOTVjZjA1NTc2YSJ9.eQ2unKBj3HfR1C7kXzCJO2nxT4iePFn0Eqo5kty-ALM
[2024-05-10T06:24:58.201+0000] {Units_dag.py:103} INFO - {'_id': '63a4648a97455f54b16d2ee8', 'icon': 'icons/icon.png', 'driver_id': '', 'tailer_id': '', 'profile': {'vehicle_type': '', 'measurement_type': 'count', 'max_capacity': 0, 'vin': '', 'plate_number': '', 'start_operation': '', 'contract_milage': '', 'opening_milage': '', 'model': '', 'fuel_type': '91', 'year': 0, 'seats': 2}, 'device_password': '***', 'device_type': 'gps', 'gateway': False, 'name': '2331 R A A - JCB 17', 'operation_code': '', 'device_gateway': '', 'business_types': {'waste': False, 'transportation': True, 'water': False}, 'imei': '350544509543016', 'sim_number': '+966830028906526', 'sim_serial': '996609821111013909', 'device_serial': '1125792558', 'device': 'teltonika', 'user_id': '635e53fbf54c0a1f920f156d', 'created_by': '5e6655bf03ed52e1ab79d301', 'updated_at': '2024-04-18 11:18:59', 'created_at': '2022-12-22 17:07:06', 'custom_fields': [], 'creator': 'amr.ahmed', 'company': 'Abdullah Hashim Industrial Gases For Industrial', 'owner': 'hussain-dhafer-admin', 'last_update': {'dtt': 1715322117000, 'dts': 1715322121056, 'spd': 0, 'ang': 278, 'alt': 14, 'chPrams': {'Speed': {'v': 0, 'cdt': 1715256330000}, 'output1': {'v': False, 'cdt': 1713658899000}, 'output2': {'v': False, 'cdt': 1713658899000}, 'ePwrV': {'v': 12.65, 'cdt': 1715316107000}, 'parm24': {'v': 0, 'cdt': 1715256330000}, 'sat': {'v': 15, 'cdt': 1715321516000}, 'ai1': {'v': 43, 'cdt': 1715141265000}, 'priority': {'v': 0, 'cdt': 1712732468000}, 'di2': {'v': 0, 'cdt': 1713757515000}, 'type': {'v': 6, 'cdt': 1713850868000}, 'di1': {'v': 0, 'cdt': 1715259877000}, 'result': {'v': '5665723a30332e32372e31335f3033204750533a41584e5f352e312e392048773a464d42313230204d6f643a333320494d45493a33353035343435303935343330313620496e69743a323032342d312d31382032323a313920557074696d653a39363539393332204d41433a333838413231313341364432205350433a312830292041584c3a32204f42443a3020424c3a312e31302042543a34', 'cdt': 1715293567000}, 'protocol': {'v': 'FMB120', 'cdt': 1715293867000}, 'parm6': {'v': 43, 'cdt': 1715140620000}, 'parm29': {'v': 0, 'cdt': 1713757515000}, 'iPwrV': {'v': 4.038, 'cdt': 1715322117000}, 'event': {'v': 0, 'cdt': 1712732468000}}, 'prms': {'protocol': 'FMB120', 'priority': 0, 'sat': 15, 'event': 0, 'di1': 0, 'output1': 0, 'di2': 0, 'output2': 0, 'parm29': 0, 'ePwrV': 12.65, 'Speed': 0, 'parm24': 0, 'iPwrV': 4.038, 'ai1': 43, 'parm6': 43}, 'devPrms': ['protocol', 'priority', 'sat', 'event', 'di1', 'output1', 'di2', 'output2', 'parm29', 'ePwrV', 'Speed', 'parm24', 'iPwrV', 'ai1', 'parm6'], 'old_params': {'protocol': 'FMB120', 'priority': 0, 'sat': 15, 'event': 0, 'di1': 0, 'output1': 0, 'di2': 0, 'output2': 0, 'parm29': 0, 'ePwrV': 12.65, 'Speed': 0, 'parm24': 0, 'iPwrV': 4.04, 'ai1': 43, 'parm6': 43}, 'vLoc': 1, 'vCon': 1, 'ip': '109.83.6.150', 'rl': 0, 'trl': 2281.1446, 'mdu': 0, 'tmdu': 437337, 'eidl': 0, 'teidl': 6462819, 'fc': 0, 'tfc': 17.904372, 'acc': 0, 'accOn': 7081251, 'accOff': 36128303, 'sdu': 300, 'tsdu': 62240, 'lat': 26.6026783, 'lng': 49.85432}, 'counters': {'odometer_type': 'gps', 'odometer': 2756.1013, 'engine_hours_type': 'acc', 'engine_hours': 7081251, 'last_acc': 0}, 'is_wasl_connected': 'Not Connected', 'iconUrl': 'https://api.afaqy.sa/images/units/icons/icon.png', 'hasCCTV': False}
[2024-05-10T06:24:58.679+0000] {warnings.py:109} WARNING - /home/***/.local/lib/python3.8/site-packages/elasticsearch/_sync/client/__init__.py:399: SecurityWarning: Connecting to 'https://dbelk2.afaqy.local:9200' using TLS with verify_certs=False is insecure
  _transport = transport_class(

[2024-05-10T06:24:58.719+0000] {warnings.py:109} WARNING - /home/***/.local/lib/python3.8/site-packages/elasticsearch/_sync/client/__init__.py:399: SecurityWarning: Connecting to 'https://dbelk3.afaqy.local:9200' using TLS with verify_certs=False is insecure
  _transport = transport_class(

[2024-05-10T06:24:58.760+0000] {warnings.py:109} WARNING - /home/***/.local/lib/python3.8/site-packages/elasticsearch/_sync/client/__init__.py:399: SecurityWarning: Connecting to 'https://dbelk1.afaqy.local:9200' using TLS with verify_certs=False is insecure
  _transport = transport_class(

[2024-05-10T06:24:58.779+0000] {warnings.py:109} WARNING - /home/***/.local/lib/python3.8/site-packages/urllib3/connectionpool.py:1061: InsecureRequestWarning: Unverified HTTPS request is being made to host 'dbelk2.afaqy.local'. Adding certificate verification is strongly advised. See: https://urllib3.readthedocs.io/en/1.26.x/advanced-usage.html#ssl-warnings
  warnings.warn(

[2024-05-10T06:24:58.862+0000] {_transport.py:335} INFO - GET https://dbelk2.afaqy.local:9200/_cluster/health [status:200 duration:0.101s]
[2024-05-10T06:24:59.237+0000] {warnings.py:109} WARNING - /home/***/.local/lib/python3.8/site-packages/urllib3/connectionpool.py:1061: InsecureRequestWarning: Unverified HTTPS request is being made to host 'dbelk3.afaqy.local'. Adding certificate verification is strongly advised. See: https://urllib3.readthedocs.io/en/1.26.x/advanced-usage.html#ssl-warnings
  warnings.warn(

[2024-05-10T06:24:59.250+0000] {_transport.py:335} INFO - PUT https://dbelk3.afaqy.local:9200/units_statistics_***/_bulk [status:429 duration:0.041s]
[2024-05-10T06:24:59.250+0000] {_node_pool.py:249} WARNING - Node <Urllib3HttpNode(https://dbelk3.afaqy.local:9200)> has failed for 1 times in a row, putting on 1 second timeout
[2024-05-10T06:24:59.250+0000] {_transport.py:427} WARNING - Retrying request after non-successful status 429 (attempt 0 of 3)
[2024-05-10T06:24:59.251+0000] {warnings.py:109} WARNING - /home/***/.local/lib/python3.8/site-packages/urllib3/connectionpool.py:1061: InsecureRequestWarning: Unverified HTTPS request is being made to host 'dbelk2.afaqy.local'. Adding certificate verification is strongly advised. See: https://urllib3.readthedocs.io/en/1.26.x/advanced-usage.html#ssl-warnings
  warnings.warn(

[2024-05-10T06:25:12.010+0000] {_transport.py:335} INFO - PUT https://dbelk2.afaqy.local:9200/units_statistics_***/_bulk [status:200 duration:12.759s]
[2024-05-10T06:25:12.356+0000] {python.py:202} INFO - Done. Returned value was: None
[2024-05-10T06:25:12.381+0000] {taskinstance.py:1149} INFO - Marking task as SUCCESS. dag_id=Units_statistics_DAG, task_id=ETL_job, map_index=7, execution_date=20240510T060000, start_date=20240510T062440, end_date=20240510T062512
[2024-05-10T06:25:12.440+0000] {local_task_job_runner.py:234} INFO - Task exited with return code 0
[2024-05-10T06:25:12.463+0000] {taskinstance.py:3312} INFO - 0 downstream tasks scheduled from follow-on schedule check
