[2024-05-01T06:00:15.556+0000] {taskinstance.py:1979} INFO - Dependencies all met for dep_context=non-requeueable deps ti=<TaskInstance: Units_statistics_DAG.split_data_into_chunks scheduled__2024-05-01T05:40:00+00:00 [queued]>
[2024-05-01T06:00:15.572+0000] {taskinstance.py:1979} INFO - Dependencies all met for dep_context=requeueable deps ti=<TaskInstance: Units_statistics_DAG.split_data_into_chunks scheduled__2024-05-01T05:40:00+00:00 [queued]>
[2024-05-01T06:00:15.572+0000] {taskinstance.py:2193} INFO - Starting attempt 1 of 4
[2024-05-01T06:00:15.592+0000] {taskinstance.py:2217} INFO - Executing <Task(_PythonDecoratedOperator): split_data_into_chunks> on 2024-05-01 05:40:00+00:00
[2024-05-01T06:00:15.600+0000] {standard_task_runner.py:60} INFO - Started process 679679 to run task
[2024-05-01T06:00:15.608+0000] {standard_task_runner.py:87} INFO - Running: ['***', 'tasks', 'run', 'Units_statistics_DAG', 'split_data_into_chunks', 'scheduled__2024-05-01T05:40:00+00:00', '--job-id', '25870', '--raw', '--subdir', 'DAGS_FOLDER/Units_dag.py', '--cfg-path', '/tmp/tmpddtu5s5w']
[2024-05-01T06:00:15.610+0000] {standard_task_runner.py:88} INFO - Job 25870: Subtask split_data_into_chunks
[2024-05-01T06:00:15.705+0000] {task_command.py:423} INFO - Running <TaskInstance: Units_statistics_DAG.split_data_into_chunks scheduled__2024-05-01T05:40:00+00:00 [running]> on host a09da322e808
[2024-05-01T06:00:15.850+0000] {taskinstance.py:2513} INFO - Exporting env vars: AIRFLOW_CTX_DAG_OWNER='abeer-araby' AIRFLOW_CTX_DAG_ID='Units_statistics_DAG' AIRFLOW_CTX_TASK_ID='split_data_into_chunks' AIRFLOW_CTX_EXECUTION_DATE='2024-05-01T05:40:00+00:00' AIRFLOW_CTX_TRY_NUMBER='1' AIRFLOW_CTX_DAG_RUN_ID='scheduled__2024-05-01T05:40:00+00:00'
[2024-05-01T06:00:15.875+0000] {Units_dag.py:78} INFO - type of length is :<class 'int'>
[2024-05-01T06:00:16.403+0000] {warnings.py:109} WARNING - /home/***/.local/lib/python3.8/site-packages/elasticsearch/_sync/client/__init__.py:399: SecurityWarning: Connecting to 'https://dbelk3.afaqy.local:9200' using TLS with verify_certs=False is insecure
  _transport = transport_class(

[2024-05-01T06:00:16.453+0000] {warnings.py:109} WARNING - /home/***/.local/lib/python3.8/site-packages/elasticsearch/_sync/client/__init__.py:399: SecurityWarning: Connecting to 'https://dbelk1.afaqy.local:9200' using TLS with verify_certs=False is insecure
  _transport = transport_class(

[2024-05-01T06:00:16.505+0000] {warnings.py:109} WARNING - /home/***/.local/lib/python3.8/site-packages/elasticsearch/_sync/client/__init__.py:399: SecurityWarning: Connecting to 'https://dbelk2.afaqy.local:9200' using TLS with verify_certs=False is insecure
  _transport = transport_class(

[2024-05-01T06:00:16.534+0000] {warnings.py:109} WARNING - /home/***/.local/lib/python3.8/site-packages/urllib3/connectionpool.py:1061: InsecureRequestWarning: Unverified HTTPS request is being made to host 'dbelk3.afaqy.local'. Adding certificate verification is strongly advised. See: https://urllib3.readthedocs.io/en/1.26.x/advanced-usage.html#ssl-warnings
  warnings.warn(

[2024-05-01T06:00:16.622+0000] {_transport.py:335} INFO - GET https://dbelk3.afaqy.local:9200/_cluster/health [status:200 duration:0.115s]
[2024-05-01T06:00:16.650+0000] {warnings.py:109} WARNING - /home/***/.local/lib/python3.8/site-packages/urllib3/connectionpool.py:1061: InsecureRequestWarning: Unverified HTTPS request is being made to host 'dbelk1.afaqy.local'. Adding certificate verification is strongly advised. See: https://urllib3.readthedocs.io/en/1.26.x/advanced-usage.html#ssl-warnings
  warnings.warn(

[2024-05-01T06:00:16.653+0000] {_transport.py:335} INFO - HEAD https://dbelk1.afaqy.local:9200/units_statistics_*** [status:200 duration:0.030s]
[2024-05-01T06:00:16.686+0000] {warnings.py:109} WARNING - /home/***/.local/lib/python3.8/site-packages/urllib3/connectionpool.py:1061: InsecureRequestWarning: Unverified HTTPS request is being made to host 'dbelk2.afaqy.local'. Adding certificate verification is strongly advised. See: https://urllib3.readthedocs.io/en/1.26.x/advanced-usage.html#ssl-warnings
  warnings.warn(

[2024-05-01T06:00:17.100+0000] {_transport.py:335} INFO - DELETE https://dbelk2.afaqy.local:9200/units_statistics_*** [status:200 duration:0.446s]
[2024-05-01T06:00:17.103+0000] {Units_dag.py:91} INFO - i = 0, chunk = 10000
[2024-05-01T06:00:17.104+0000] {Units_dag.py:91} INFO - i = 10000, chunk = 10000
[2024-05-01T06:00:17.104+0000] {Units_dag.py:91} INFO - i = 20000, chunk = 10000
[2024-05-01T06:00:17.105+0000] {Units_dag.py:91} INFO - i = 30000, chunk = 10000
[2024-05-01T06:00:17.105+0000] {Units_dag.py:91} INFO - i = 40000, chunk = 10000
[2024-05-01T06:00:17.106+0000] {Units_dag.py:91} INFO - i = 50000, chunk = 10000
[2024-05-01T06:00:17.106+0000] {Units_dag.py:91} INFO - i = 60000, chunk = 10000
[2024-05-01T06:00:17.106+0000] {Units_dag.py:91} INFO - i = 70000, chunk = 10000
[2024-05-01T06:00:17.106+0000] {Units_dag.py:91} INFO - i = 80000, chunk = 10000
[2024-05-01T06:00:17.107+0000] {Units_dag.py:91} INFO - i = 90000, chunk = 10000
[2024-05-01T06:00:17.107+0000] {Units_dag.py:91} INFO - i = 100000, chunk = 10000
[2024-05-01T06:00:17.107+0000] {Units_dag.py:91} INFO - i = 110000, chunk = 10000
[2024-05-01T06:00:17.107+0000] {Units_dag.py:91} INFO - i = 120000, chunk = 10000
[2024-05-01T06:00:17.107+0000] {Units_dag.py:91} INFO - i = 130000, chunk = 10000
[2024-05-01T06:00:17.108+0000] {Units_dag.py:91} INFO - i = 140000, chunk = 10000
[2024-05-01T06:00:17.108+0000] {Units_dag.py:91} INFO - i = 150000, chunk = 10000
[2024-05-01T06:00:17.108+0000] {Units_dag.py:91} INFO - i = 160000, chunk = 9268
[2024-05-01T06:00:17.133+0000] {python.py:202} INFO - Done. Returned value was: [[0, 10000], [10000, 10000], [20000, 10000], [30000, 10000], [40000, 10000], [50000, 10000], [60000, 10000], [70000, 10000], [80000, 10000], [90000, 10000], [100000, 10000], [110000, 10000], [120000, 10000], [130000, 10000], [140000, 10000], [150000, 10000], [160000, 9268]]
[2024-05-01T06:00:17.186+0000] {taskinstance.py:1149} INFO - Marking task as SUCCESS. dag_id=Units_statistics_DAG, task_id=split_data_into_chunks, execution_date=20240501T054000, start_date=20240501T060015, end_date=20240501T060017
[2024-05-01T06:00:17.226+0000] {local_task_job_runner.py:234} INFO - Task exited with return code 0
[2024-05-01T06:00:17.452+0000] {taskinstance.py:3312} INFO - 17 downstream tasks scheduled from follow-on schedule check
