[2024-05-09T06:00:16.362+0000] {taskinstance.py:1979} INFO - Dependencies all met for dep_context=non-requeueable deps ti=<TaskInstance: Units_statistics_DAG.ETL_job scheduled__2024-05-09T05:40:00+00:00 map_index=4 [queued]>
[2024-05-09T06:00:16.425+0000] {taskinstance.py:1979} INFO - Dependencies all met for dep_context=requeueable deps ti=<TaskInstance: Units_statistics_DAG.ETL_job scheduled__2024-05-09T05:40:00+00:00 map_index=4 [queued]>
[2024-05-09T06:00:16.426+0000] {taskinstance.py:2193} INFO - Starting attempt 1 of 4
[2024-05-09T06:00:16.559+0000] {taskinstance.py:2217} INFO - Executing <Mapped(_PythonDecoratedOperator): ETL_job> on 2024-05-09 05:40:00+00:00
[2024-05-09T06:00:16.604+0000] {standard_task_runner.py:60} INFO - Started process 879805 to run task
[2024-05-09T06:00:16.655+0000] {standard_task_runner.py:87} INFO - Running: ['***', 'tasks', 'run', 'Units_statistics_DAG', 'ETL_job', 'scheduled__2024-05-09T05:40:00+00:00', '--job-id', '43610', '--raw', '--subdir', 'DAGS_FOLDER/Units_dag.py', '--cfg-path', '/tmp/tmpcmt2hqq7', '--map-index', '4']
[2024-05-09T06:00:16.658+0000] {standard_task_runner.py:88} INFO - Job 43610: Subtask ETL_job
[2024-05-09T06:00:16.986+0000] {task_command.py:423} INFO - Running <TaskInstance: Units_statistics_DAG.ETL_job scheduled__2024-05-09T05:40:00+00:00 map_index=4 [running]> on host a09da322e808
[2024-05-09T06:00:17.641+0000] {taskinstance.py:2513} INFO - Exporting env vars: AIRFLOW_CTX_DAG_OWNER='abeer-araby' AIRFLOW_CTX_DAG_ID='Units_statistics_DAG' AIRFLOW_CTX_TASK_ID='ETL_job' AIRFLOW_CTX_EXECUTION_DATE='2024-05-09T05:40:00+00:00' AIRFLOW_CTX_TRY_NUMBER='1' AIRFLOW_CTX_DAG_RUN_ID='scheduled__2024-05-09T05:40:00+00:00'
[2024-05-09T06:00:17.643+0000] {Units_dag.py:98} INFO - i: 40000, chunk: 10000
[2024-05-09T06:00:17.643+0000] {Units_dag.py:99} INFO - child token is::: eyJ0eXAiOiJKV1QiLCJhbGciOiJIUzI1NiJ9.eyJpc3MiOiJodHRwczovL2FwaS5hZmFxeS5zYS9hdXRoL2xvZ2luX2FzIiwiaWF0IjoxNzE1MjM0NDA0LCJleHAiOjE3MTc4MjY0MDQsIm5iZiI6MTcxNTIzNDQwNCwianRpIjoicmwwVzJidUdxVWJ4NThCcSIsInN1YiI6IjVkNjNlNTFlMDNlZDUyOTJhNDJjMjRlNiIsInBydiI6IjI3MGVjZmM3ZWEzZWQ5MzdlYTg0OTM2MmEzYTUwOTEwYzZkOGNlNGYiLCJsb2dpbl9hc19pZCI6IjY1N2YwYWQ3M2Y5NzcyOTVjZjA1NTc2YSJ9.nNfhvpC3niWYTxyFehfN3EUcszqIx2gejEkHMgkd7_0
[2024-05-09T06:00:42.368+0000] {Units_dag.py:103} INFO - {'_id': '62679f33edc36f39c2833ded', 'icon': 'icons/A_36.png', 'driver_id': '657371d35e6dea6c390aacf8', 'tailer_id': '', 'profile': {'vehicle_type': '', 'measurement_type': 'count', 'max_capacity': 0, 'vin': '', 'plate_number': '', 'start_operation': '', 'contract_milage': '', 'opening_milage': '', 'model': '', 'fuel_type': '91', 'year': 0, 'seats': 2}, 'device_password': '***', 'device_type': 'gps', 'gateway': False, 'name': '1201-XRA', 'operation_code': '', 'device_gateway': '', 'business_types': {'waste': False, 'transportation': False, 'water': False}, 'imei': '862095054389686', 'sim_number': '+966830020809567', 'sim_serial': '8996609821110849736', 'device_serial': '862095054389686', 'device': 'bce', 'user_id': '615d44e4a46644246428383a', 'created_by': '6062f4057f236761b5255ef4', 'updated_at': '2024-04-18 11:18:59', 'created_at': '2022-04-26 10:28:51', 'custom_fields': [], 'creator': 'hassan.salem', 'company': '', 'owner': 'saliyhim-saeed-alhajri-admin', 'last_update': {'dtt': 1715234356000, 'dts': 1715234360847, 'spd': 0, 'ang': 30, 'alt': 8, 'chPrams': {'ePwrV': {'v': 28.192, 'cdt': 1715234356000}, 'di16': {'v': 1, 'cdt': 1713167420000}, 'rssi1': {'v': 77, 'cdt': 1715234296000}, 'di15': {'v': 0, 'cdt': 1653550432000}, 'di14': {'v': 0, 'cdt': 1715231446000}, 'di13': {'v': 0, 'cdt': 1713826414000}, 'di12': {'v': 0, 'cdt': 1713167420000}, 'di11': {'v': 0, 'cdt': 1713167420000}, 'di10': {'v': 0, 'cdt': 1713167420000}, 'di2': {'v': 0, 'cdt': 1715120610000}, 'di1': {'v': 0, 'cdt': 1715231476000}, 'ai4': {'v': 1611, 'cdt': 1715234206000}, 'di4': {'v': 0, 'cdt': 1713167420000}, 'di3': {'v': 0, 'cdt': 1713167420000}, 'di6': {'v': 0, 'cdt': 1713167420000}, 'di5': {'v': 1, 'cdt': 1715230384000}, 'lac1': {'v': 3718, 'cdt': 1715141226000}, 'protocol': {'v': 'bce', 'cdt': 1713167420000}, 'di8': {'v': 1, 'cdt': 1715100512000}, 'di7': {'v': 1, 'cdt': 1715230384000}, 'di9': {'v': 0, 'cdt': 1714760724000}, 'iPwrV': {'v': 4.067, 'cdt': 1715234296000}, 'cid1': {'v': 25431, 'cdt': 1715231476000}, 'odometer': {'v': 0, 'cdt': 1715144426000}, 'spd': {'v': 0, 'cdt': 1715231446000}, 'sat': {'v': 12, 'cdt': 1715207586000}, 'hdop': {'v': 1, 'cdt': 1715212386000}, 'ta': {'v': 0, 'cdt': 1713167420000}, 'mcc1': {'v': 420, 'cdt': 1714263188000}, 'mnc1': {'v': 3, 'cdt': 1714263188000}}, 'prms': {'protocol': 'bce', 'spd': 0, 'sat': 12, 'hdop': 1, 'odometer': 0, 'di16': 1, 'di15': 0, 'di14': 0, 'di13': 0, 'di12': 0, 'di11': 0, 'di10': 0, 'di9': 0, 'di8': 1, 'di7': 1, 'di6': 0, 'di5': 1, 'di4': 0, 'di3': 0, 'di2': 0, 'di1': 0, 'ePwrV': 28.192, 'ai4': 1611, 'iPwrV': 4.067, 'ta': 0, 'mcc1': 420, 'mnc1': 3, 'lac1': 3718, 'cid1': 25431, 'rssi1': 77}, 'devPrms': ['protocol', 'spd', 'sat', 'hdop', 'odometer', 'di16', 'di15', 'di14', 'di13', 'di12', 'di11', 'di10', 'di9', 'di8', 'di7', 'di6', 'di5', 'di4', 'di3', 'di2', 'di1', 'ePwrV', 'ai4', 'iPwrV', 'ta', 'mcc1', 'mnc1', 'lac1', 'cid1', 'rssi1'], 'old_params': {'protocol': 'bce', 'spd': 0, 'sat': 12, 'hdop': 1, 'odometer': 0, 'di16': 1, 'di15': 0, 'di14': 0, 'di13': 0, 'di12': 0, 'di11': 0, 'di10': 0, 'di9': 0, 'di8': 1, 'di7': 1, 'di6': 0, 'di5': 1, 'di4': 0, 'di3': 0, 'di2': 0, 'di1': 0, 'ePwrV': 28.085, 'ai4': 1611, 'iPwrV': 4.067, 'ta': 0, 'mcc1': 420, 'mnc1': 3, 'lac1': 3718, 'cid1': 25431, 'rssi1': 77}, 'vLoc': 1, 'vCon': 1, 'ip': '109.83.221.12', 'rl': 0, 'trl': 184788.8324, 'mdu': 0, 'tmdu': 11789544, 'eidl': 30, 'teidl': 27351098, 'fc': 0, 'tfc': 8.164008, 'acc': 1, 'accOn': 39528534, 'accOff': 26722860, 'sdu': 0, 'tsdu': 0, 'lat': 27.21721839904785, 'lng': 49.2130012512207}, 'counters': {'odometer_type': 'gps', 'odometer': 184787.7741, 'engine_hours_type': 'acc', 'engine_hours': 39528534, 'last_acc': 1}, 'is_wasl_connected': 'Connected', 'iconUrl': 'https://api.afaqy.sa/images/units/icons/A_36.png', 'hasCCTV': False}
[2024-05-09T06:00:43.935+0000] {warnings.py:109} WARNING - /home/***/.local/lib/python3.8/site-packages/elasticsearch/_sync/client/__init__.py:399: SecurityWarning: Connecting to 'https://dbelk2.afaqy.local:9200' using TLS with verify_certs=False is insecure
  _transport = transport_class(

[2024-05-09T06:00:44.075+0000] {warnings.py:109} WARNING - /home/***/.local/lib/python3.8/site-packages/elasticsearch/_sync/client/__init__.py:399: SecurityWarning: Connecting to 'https://dbelk3.afaqy.local:9200' using TLS with verify_certs=False is insecure
  _transport = transport_class(

[2024-05-09T06:00:44.270+0000] {warnings.py:109} WARNING - /home/***/.local/lib/python3.8/site-packages/elasticsearch/_sync/client/__init__.py:399: SecurityWarning: Connecting to 'https://dbelk1.afaqy.local:9200' using TLS with verify_certs=False is insecure
  _transport = transport_class(

[2024-05-09T06:00:44.302+0000] {warnings.py:109} WARNING - /home/***/.local/lib/python3.8/site-packages/urllib3/connectionpool.py:1061: InsecureRequestWarning: Unverified HTTPS request is being made to host 'dbelk2.afaqy.local'. Adding certificate verification is strongly advised. See: https://urllib3.readthedocs.io/en/1.26.x/advanced-usage.html#ssl-warnings
  warnings.warn(

[2024-05-09T06:00:44.435+0000] {_transport.py:335} INFO - GET https://dbelk2.afaqy.local:9200/_cluster/health [status:200 duration:0.163s]
[2024-05-09T06:00:46.116+0000] {warnings.py:109} WARNING - /home/***/.local/lib/python3.8/site-packages/urllib3/connectionpool.py:1061: InsecureRequestWarning: Unverified HTTPS request is being made to host 'dbelk3.afaqy.local'. Adding certificate verification is strongly advised. See: https://urllib3.readthedocs.io/en/1.26.x/advanced-usage.html#ssl-warnings
  warnings.warn(

[2024-05-09T06:00:46.131+0000] {_transport.py:335} INFO - PUT https://dbelk3.afaqy.local:9200/units_statistics_***/_bulk [status:429 duration:0.061s]
[2024-05-09T06:00:46.132+0000] {_node_pool.py:249} WARNING - Node <Urllib3HttpNode(https://dbelk3.afaqy.local:9200)> has failed for 1 times in a row, putting on 1 second timeout
[2024-05-09T06:00:46.132+0000] {_transport.py:427} WARNING - Retrying request after non-successful status 429 (attempt 0 of 3)
[2024-05-09T06:00:46.133+0000] {warnings.py:109} WARNING - /home/***/.local/lib/python3.8/site-packages/urllib3/connectionpool.py:1061: InsecureRequestWarning: Unverified HTTPS request is being made to host 'dbelk2.afaqy.local'. Adding certificate verification is strongly advised. See: https://urllib3.readthedocs.io/en/1.26.x/advanced-usage.html#ssl-warnings
  warnings.warn(

[2024-05-09T06:00:46.148+0000] {_transport.py:335} INFO - PUT https://dbelk2.afaqy.local:9200/units_statistics_***/_bulk [status:429 duration:0.016s]
[2024-05-09T06:00:46.148+0000] {_node_pool.py:249} WARNING - Node <Urllib3HttpNode(https://dbelk2.afaqy.local:9200)> has failed for 1 times in a row, putting on 1 second timeout
[2024-05-09T06:00:46.149+0000] {_transport.py:427} WARNING - Retrying request after non-successful status 429 (attempt 1 of 3)
[2024-05-09T06:00:46.184+0000] {warnings.py:109} WARNING - /home/***/.local/lib/python3.8/site-packages/urllib3/connectionpool.py:1061: InsecureRequestWarning: Unverified HTTPS request is being made to host 'dbelk1.afaqy.local'. Adding certificate verification is strongly advised. See: https://urllib3.readthedocs.io/en/1.26.x/advanced-usage.html#ssl-warnings
  warnings.warn(

[2024-05-09T06:00:46.497+0000] {local_task_job_runner.py:234} INFO - Task exited with return code -9
[2024-05-09T06:00:46.608+0000] {taskinstance.py:3312} INFO - 0 downstream tasks scheduled from follow-on schedule check
