[2024-04-22T11:41:55.385+0000] {taskinstance.py:1979} INFO - Dependencies all met for dep_context=non-requeueable deps ti=<TaskInstance: Units_statistics_DAG.ETL_job scheduled__2024-04-22T11:20:00+00:00 map_index=2 [queued]>
[2024-04-22T11:41:55.404+0000] {taskinstance.py:1979} INFO - Dependencies all met for dep_context=requeueable deps ti=<TaskInstance: Units_statistics_DAG.ETL_job scheduled__2024-04-22T11:20:00+00:00 map_index=2 [queued]>
[2024-04-22T11:41:55.404+0000] {taskinstance.py:2193} INFO - Starting attempt 2 of 4
[2024-04-22T11:41:55.421+0000] {taskinstance.py:2217} INFO - Executing <Mapped(_PythonDecoratedOperator): ETL_job> on 2024-04-22 11:20:00+00:00
[2024-04-22T11:41:55.427+0000] {standard_task_runner.py:60} INFO - Started process 470375 to run task
[2024-04-22T11:41:55.438+0000] {standard_task_runner.py:87} INFO - Running: ['***', 'tasks', 'run', 'Units_statistics_DAG', 'ETL_job', 'scheduled__2024-04-22T11:20:00+00:00', '--job-id', '11315', '--raw', '--subdir', 'DAGS_FOLDER/Units_dag.py', '--cfg-path', '/tmp/tmpjkfqu6pa', '--map-index', '2']
[2024-04-22T11:41:55.441+0000] {standard_task_runner.py:88} INFO - Job 11315: Subtask ETL_job
[2024-04-22T11:41:55.534+0000] {task_command.py:423} INFO - Running <TaskInstance: Units_statistics_DAG.ETL_job scheduled__2024-04-22T11:20:00+00:00 map_index=2 [running]> on host a09da322e808
[2024-04-22T11:41:55.728+0000] {taskinstance.py:2513} INFO - Exporting env vars: AIRFLOW_CTX_DAG_OWNER='abeer-araby' AIRFLOW_CTX_DAG_ID='Units_statistics_DAG' AIRFLOW_CTX_TASK_ID='ETL_job' AIRFLOW_CTX_EXECUTION_DATE='2024-04-22T11:20:00+00:00' AIRFLOW_CTX_TRY_NUMBER='2' AIRFLOW_CTX_DAG_RUN_ID='scheduled__2024-04-22T11:20:00+00:00'
[2024-04-22T11:41:55.729+0000] {Units_dag.py:99} INFO - i: 20000, chunk: 10000
[2024-04-22T11:41:55.729+0000] {Units_dag.py:100} INFO - child token is::: eyJ0eXAiOiJKV1QiLCJhbGciOiJIUzI1NiJ9.eyJpc3MiOiJodHRwczovL2FwaS5hZmFxeS5zYS9hdXRoL2xvZ2luX2FzIiwiaWF0IjoxNzEzNzg2MDAzLCJleHAiOjE3MTYzNzgwMDMsIm5iZiI6MTcxMzc4NjAwMywianRpIjoiMUpKR1BhWkVobDRsS2VESyIsInN1YiI6IjVkNjNlNTFlMDNlZDUyOTJhNDJjMjRlNiIsInBydiI6IjI3MGVjZmM3ZWEzZWQ5MzdlYTg0OTM2MmEzYTUwOTEwYzZkOGNlNGYiLCJsb2dpbl9hc19pZCI6IjY1N2YwYWQ3M2Y5NzcyOTVjZjA1NTc2YSJ9.-Z7hkyztErlMgbTWKR7X3IsgrTUbryxoRRf_0ktpmSU
[2024-04-22T11:42:12.393+0000] {Units_dag.py:104} INFO - {'_id': '6183985dca0fcd023642e012', 'icon': 'icons/icon.png', 'driver_id': '', 'tailer_id': '', 'profile': {'vehicle_type': '', 'measurement_type': 'count', 'max_capacity': 0, 'vin': '', 'plate_number': '', 'start_operation': '', 'contract_milage': '', 'opening_milage': '', 'model': '', 'fuel_type': '91', 'year': 0, 'seats': 2}, 'device_password': '***', 'device_type': 'gps', 'gateway': False, 'name': '6145HRA', 'operation_code': '', 'device_gateway': '', 'business_types': {'waste': False, 'transportation': False, 'water': False}, 'imei': '862549044074824', 'sim_number': '+966830020124857', 'sim_serial': '8996641520415761468', 'device_serial': '862549044074824', 'device': 'ruptela', 'user_id': '605b2ce24dfbf765482210f2', 'created_by': '600fe9e50c847769bc3d0090', 'updated_at': '2024-04-18 11:18:59', 'created_at': '2021-11-04 11:22:53', 'custom_fields': [], 'creator': 'rami.ahmed', 'company': '', 'owner': 'theeb-admin', 'last_update': {'dtt': 1713786112000, 'dts': 1713786113540, 'spd': 85, 'ang': 271, 'alt': 17, 'chPrams': {'gsm': {'v': 30, 'cdt': 1713786112000}, 'io_1_143': {'v': 0, 'cdt': 1713784396000}, 'move': {'v': 1, 'cdt': 1713785342000}, 'io_1_134': {'v': 0, 'cdt': 1713785787000}, 'io_1_136': {'v': 0, 'cdt': 1713783463000}, 'ePwrV': {'v': 13.697, 'cdt': 1713786107000}, 'io_1_135': {'v': 0, 'cdt': 1713785787000}, 'spd': {'v': 85, 'cdt': 1713786112000}, 'sat': {'v': 16, 'cdt': 1713785412000}, 'profile': {'v': 1, 'cdt': 1712272934000}, 'io_2_139': {'v': 5, 'cdt': 1713786112000}, 'hdop': {'v': 0.6, 'cdt': 1713785628000}, 'io_1_130': {'v': 88, 'cdt': 1713786112000}, 'operator': {'v': 42003, 'cdt': 1713781370000}, 'di5': {'v': 1, 'cdt': 1713783817000}, 'io_2_131': {'v': 0, 'cdt': 1713692731000}, 'accTemp': {'v': 37, 'cdt': 1713785818000}, 'protocol': {'v': 'ruptela', 'cdt': 1712272934000}, 'vOdometer': {'v': 128984112, 'cdt': 1713786112000}, 'io_2_137': {'v': 0, 'cdt': 1713781262000}, 'iPwrV': {'v': 4.009, 'cdt': 1713786112000}, 'event': {'v': 8, 'cdt': 1713785795000}}, 'prms': {'protocol': 'ruptela', 'sat': 16, 'spd': 85, 'hdop': 0.6, 'event': 8, 'di5': 1, 'gsm': 30, 'profile': 1, 'accTemp': 37, 'move': 1, 'io_1_130': 88, 'io_1_134': 0, 'io_1_135': 0, 'io_1_136': 0, 'io_1_143': 0, 'ePwrV': 13.697, 'iPwrV': 4.009, 'io_2_131': 0, 'io_2_137': 0, 'io_2_139': 5, 'vOdometer': 128984112, 'operator': 42003}, 'devPrms': ['protocol', 'sat', 'spd', 'hdop', 'event', 'di5', 'gsm', 'profile', 'accTemp', 'move', 'io_1_130', 'io_1_134', 'io_1_135', 'io_1_136', 'io_1_143', 'ePwrV', 'iPwrV', 'io_2_131', 'io_2_137', 'io_2_139', 'vOdometer', 'operator'], 'old_params': {'protocol': 'ruptela', 'sat': 16, 'spd': 88, 'hdop': 0.6, 'event': 8, 'di5': 1, 'gsm': 15, 'profile': 1, 'accTemp': 37, 'move': 1, 'io_1_130': 93, 'io_1_134': 0, 'io_1_135': 0, 'io_1_136': 0, 'io_1_143': 0, 'ePwrV': 13.697, 'iPwrV': 4.016, 'io_2_131': 0, 'io_2_137': 0, 'io_2_139': 4, 'vOdometer': 128983990, 'operator': 42003}, 'vLoc': 1, 'vCon': 1, 'ip': '109.83.150.208', 'rl': 0.1225, 'trl': 133064.3983, 'mdu': 5, 'tmdu': 10027072, 'eidl': 0, 'teidl': 10657043, 'fc': 0.0147, 'tfc': 16.760868, 'acc': 1, 'accOn': 21441573, 'accOff': 56096331, 'sdu': 0, 'tsdu': 0, 'lat': 21.4591516, 'lng': 39.193755}, 'counters': {'odometer_type': 'gps', 'odometer': 133282.3954, 'engine_hours_type': 'acc', 'engine_hours': 21441573, 'last_acc': 1}, 'is_wasl_connected': 'Not Connected', 'iconUrl': 'https://api.afaqy.sa/images/units/icons/icon.png', 'hasCCTV': False}
[2024-04-22T11:42:12.901+0000] {warnings.py:109} WARNING - /home/***/.local/lib/python3.8/site-packages/elasticsearch/_sync/client/__init__.py:399: SecurityWarning: Connecting to 'https://dbelk2.afaqy.local:9200' using TLS with verify_certs=False is insecure
  _transport = transport_class(

[2024-04-22T11:42:12.948+0000] {warnings.py:109} WARNING - /home/***/.local/lib/python3.8/site-packages/elasticsearch/_sync/client/__init__.py:399: SecurityWarning: Connecting to 'https://dbelk3.afaqy.local:9200' using TLS with verify_certs=False is insecure
  _transport = transport_class(

[2024-04-22T11:42:12.990+0000] {warnings.py:109} WARNING - /home/***/.local/lib/python3.8/site-packages/elasticsearch/_sync/client/__init__.py:399: SecurityWarning: Connecting to 'https://dbelk1.afaqy.local:9200' using TLS with verify_certs=False is insecure
  _transport = transport_class(

[2024-04-22T11:42:13.013+0000] {warnings.py:109} WARNING - /home/***/.local/lib/python3.8/site-packages/urllib3/connectionpool.py:1061: InsecureRequestWarning: Unverified HTTPS request is being made to host 'dbelk2.afaqy.local'. Adding certificate verification is strongly advised. See: https://urllib3.readthedocs.io/en/1.26.x/advanced-usage.html#ssl-warnings
  warnings.warn(

[2024-04-22T11:42:13.081+0000] {_transport.py:335} INFO - GET https://dbelk2.afaqy.local:9200/_cluster/health [status:200 duration:0.089s]
[2024-04-22T11:42:13.446+0000] {warnings.py:109} WARNING - /home/***/.local/lib/python3.8/site-packages/urllib3/connectionpool.py:1061: InsecureRequestWarning: Unverified HTTPS request is being made to host 'dbelk3.afaqy.local'. Adding certificate verification is strongly advised. See: https://urllib3.readthedocs.io/en/1.26.x/advanced-usage.html#ssl-warnings
  warnings.warn(

[2024-04-22T11:42:14.731+0000] {_transport.py:335} INFO - PUT https://dbelk3.afaqy.local:9200/units_statistics_***/_bulk [status:200 duration:1.302s]
[2024-04-22T11:42:15.075+0000] {python.py:202} INFO - Done. Returned value was: None
[2024-04-22T11:42:15.098+0000] {taskinstance.py:1149} INFO - Marking task as SUCCESS. dag_id=Units_statistics_DAG, task_id=ETL_job, map_index=2, execution_date=20240422T112000, start_date=20240422T114155, end_date=20240422T114215
[2024-04-22T11:42:15.177+0000] {local_task_job_runner.py:234} INFO - Task exited with return code 0
[2024-04-22T11:42:15.211+0000] {taskinstance.py:3312} INFO - 0 downstream tasks scheduled from follow-on schedule check
