[2024-05-13T08:20:22.283+0000] {local_task_job_runner.py:120} INFO - ::group::Pre task execution logs
[2024-05-13T08:20:22.425+0000] {taskinstance.py:2076} INFO - Dependencies all met for dep_context=non-requeueable deps ti=<TaskInstance: Units_statistics_DAG.ETL_job scheduled__2024-05-13T08:00:00+00:00 map_index=8 [queued]>
[2024-05-13T08:20:22.474+0000] {taskinstance.py:2076} INFO - Dependencies all met for dep_context=requeueable deps ti=<TaskInstance: Units_statistics_DAG.ETL_job scheduled__2024-05-13T08:00:00+00:00 map_index=8 [queued]>
[2024-05-13T08:20:22.474+0000] {taskinstance.py:2306} INFO - Starting attempt 1 of 4
[2024-05-13T08:20:22.563+0000] {taskinstance.py:2330} INFO - Executing <Mapped(_PythonDecoratedOperator): ETL_job> on 2024-05-13 08:00:00+00:00
[2024-05-13T08:20:22.617+0000] {warnings.py:110} WARNING - /home/***/.local/lib/python3.12/site-packages/***/task/task_runner/standard_task_runner.py:61: DeprecationWarning: This process (pid=15147) is multi-threaded, use of fork() may lead to deadlocks in the child.
  pid = os.fork()

[2024-05-13T08:20:22.631+0000] {standard_task_runner.py:63} INFO - Started process 15162 to run task
[2024-05-13T08:20:22.664+0000] {standard_task_runner.py:90} INFO - Running: ['***', 'tasks', 'run', 'Units_statistics_DAG', 'ETL_job', 'scheduled__2024-05-13T08:00:00+00:00', '--job-id', '55559', '--raw', '--subdir', 'DAGS_FOLDER/Units_dag.py', '--cfg-path', '/tmp/tmp6i5jvd8f', '--map-index', '8']
[2024-05-13T08:20:22.666+0000] {standard_task_runner.py:91} INFO - Job 55559: Subtask ETL_job
[2024-05-13T08:20:23.071+0000] {task_command.py:426} INFO - Running <TaskInstance: Units_statistics_DAG.ETL_job scheduled__2024-05-13T08:00:00+00:00 map_index=8 [running]> on host 7138d7e072c5
[2024-05-13T08:20:23.749+0000] {taskinstance.py:2648} INFO - Exporting env vars: AIRFLOW_CTX_DAG_OWNER='abeer-araby' AIRFLOW_CTX_DAG_ID='Units_statistics_DAG' AIRFLOW_CTX_TASK_ID='ETL_job' AIRFLOW_CTX_EXECUTION_DATE='2024-05-13T08:00:00+00:00' AIRFLOW_CTX_TRY_NUMBER='1' AIRFLOW_CTX_DAG_RUN_ID='scheduled__2024-05-13T08:00:00+00:00'
[2024-05-13T08:20:23.750+0000] {taskinstance.py:430} INFO - ::endgroup::
[2024-05-13T08:20:23.750+0000] {Units_dag.py:98} INFO - i: 80000, chunk: 10000
[2024-05-13T08:20:23.751+0000] {Units_dag.py:99} INFO - child token is::: eyJ0eXAiOiJKV1QiLCJhbGciOiJIUzI1NiJ9.eyJpc3MiOiJodHRwczovL2FwaS5hZmFxeS5zYS9hdXRoL2xvZ2luX2FzIiwiaWF0IjoxNzE1NTg4NDA1LCJleHAiOjE3MTgxODA0MDUsIm5iZiI6MTcxNTU4ODQwNSwianRpIjoiM2JQY2IyNFowSnlZV2VKVyIsInN1YiI6IjVkNjNlNTFlMDNlZDUyOTJhNDJjMjRlNiIsInBydiI6IjI3MGVjZmM3ZWEzZWQ5MzdlYTg0OTM2MmEzYTUwOTEwYzZkOGNlNGYiLCJsb2dpbl9hc19pZCI6IjY1N2YwYWQ3M2Y5NzcyOTVjZjA1NTc2YSJ9.g4Gq1ASib-y41CX0MM50_c1YBY8KcvxvoreyI0nZTUw
[2024-05-13T08:20:54.968+0000] {Units_dag.py:103} INFO - {'_id': '63da102bfba8d605ed68b7b4', 'icon': 'icons/icon.png', 'driver_id': '63f1fb6d70755c0b5017588f', 'tailer_id': '', 'profile': {'vehicle_type': '', 'measurement_type': 'count', 'max_capacity': 0, 'vin': '', 'plate_number': '', 'start_operation': '', 'contract_milage': '', 'opening_milage': '', 'model': '', 'fuel_type': '91', 'year': 0, 'seats': 2}, 'device_password': '***', 'device_type': 'gps', 'gateway': False, 'name': '6584 S R A', 'operation_code': '', 'device_gateway': '', 'business_types': {'waste': False, 'transportation': False, 'water': False}, 'imei': '869688059361834', 'sim_number': '+966830020190099', 'sim_serial': '996641520415681867', 'device_serial': '869688059361834', 'device': 'bce', 'user_id': '63c3ef672cabbb6db33623df', 'created_by': '63566351d592444621078e69', 'updated_at': '2024-04-18 11:18:59', 'created_at': '2023-02-01 10:09:31', 'custom_fields': [], 'creator': 'm.gamal', 'company': '', 'owner': 'al-nakhla-admin', 'last_update': {'dtt': 1715588210000, 'dts': 1715588241755, 'spd': 0, 'ang': 274, 'alt': 553, 'chPrams': {'ePwrV': {'v': 25.63, 'cdt': 1715588210000}, 'di16': {'v': 1, 'cdt': 1715321916000}, 'di15': {'v': 0, 'cdt': 1699431944000}, 'rssi1': {'v': 64, 'cdt': 1715587910000}, 'di14': {'v': 0, 'cdt': 1715586094000}, 'di13': {'v': 0, 'cdt': 1715321916000}, 'di12': {'v': 0, 'cdt': 1715321916000}, 'di11': {'v': 0, 'cdt': 1715321916000}, 'di10': {'v': 0, 'cdt': 1715321916000}, 'di2': {'v': 0, 'cdt': 1715321916000}, 'ai4': {'v': 340, 'cdt': 1715587610000}, 'di1': {'v': 0, 'cdt': 1715586098000}, 'di4': {'v': 0, 'cdt': 1715321916000}, 'di3': {'v': 0, 'cdt': 1715321916000}, 'di6': {'v': 0, 'cdt': 1715321916000}, 'di5': {'v': 0, 'cdt': 1715586110000}, 'lac1': {'v': 3833, 'cdt': 1715240462000}, 'protocol': {'v': 'bce', 'cdt': 1715321916000}, 'di8': {'v': 1, 'cdt': 1715321916000}, 'di7': {'v': 0, 'cdt': 1715586410000}, 'di9': {'v': 0, 'cdt': 1715321916000}, 'iPwrV': {'v': 0.014, 'cdt': 1715587310000}, 'cid1': {'v': 60521, 'cdt': 1715586410000}, 'odometer': {'v': 0, 'cdt': 1715586092000}, 'spd': {'v': 0, 'cdt': 1715586088000}, 'sat': {'v': 12, 'cdt': 1715174530000}, 'hdop': {'v': 1, 'cdt': 1714892262000}, 'ta': {'v': 0, 'cdt': 1715321916000}, 'mcc1': {'v': 420, 'cdt': 1713430732000}, 'mnc1': {'v': 3, 'cdt': 1713430732000}}, 'prms': {'protocol': 'bce', 'spd': 0, 'sat': 12, 'hdop': 1, 'odometer': 0, 'di16': 1, 'di15': 0, 'di14': 0, 'di13': 0, 'di12': 0, 'di11': 0, 'di10': 0, 'di9': 0, 'di8': 1, 'di7': 0, 'di6': 0, 'di5': 0, 'di4': 0, 'di3': 0, 'di2': 0, 'di1': 0, 'ePwrV': 25.63, 'ai4': 340, 'iPwrV': 0.014, 'ta': 0, 'mcc1': 420, 'mnc1': 3, 'lac1': 3833, 'cid1': 60521, 'rssi1': 64}, 'devPrms': ['protocol', 'spd', 'sat', 'hdop', 'odometer', 'di16', 'di15', 'di14', 'di13', 'di12', 'di11', 'di10', 'di9', 'di8', 'di7', 'di6', 'di5', 'di4', 'di3', 'di2', 'di1', 'ePwrV', 'ai4', 'iPwrV', 'ta', 'mcc1', 'mnc1', 'lac1', 'cid1', 'rssi1'], 'old_params': {'protocol': 'bce', 'spd': 0, 'sat': 12, 'hdop': 1, 'odometer': 0, 'di16': 1, 'di15': 0, 'di14': 0, 'di13': 0, 'di12': 0, 'di11': 0, 'di10': 0, 'di9': 0, 'di8': 1, 'di7': 0, 'di6': 0, 'di5': 0, 'di4': 0, 'di3': 0, 'di2': 0, 'di1': 0, 'ePwrV': 25.648, 'ai4': 340, 'iPwrV': 0.014, 'ta': 0, 'mcc1': 420, 'mnc1': 3, 'lac1': 3833, 'cid1': 60521, 'rssi1': 64}, 'vLoc': 1, 'vCon': 1, 'ip': '37.216.50.65', 'rl': 0, 'trl': 39629.2601, 'mdu': 0, 'tmdu': 2705104, 'eidl': 0, 'teidl': 3013162, 'fc': 0, 'tfc': 27.421788, 'acc': 0, 'accOn': 9416176, 'accOff': 32722544, 'sdu': 300, 'tsdu': 2100, 'lat': 29.9904727935791, 'lng': 40.23479080200195}, 'counters': {'odometer_type': 'gps', 'odometer': 39627.5608, 'engine_hours_type': 'acc', 'engine_hours': 9416176, 'last_acc': 0}, 'is_wasl_connected': 'Connected', 'iconUrl': 'https://api.afaqy.sa/images/units/icons/icon.png', 'hasCCTV': False}
[2024-05-13T08:20:56.645+0000] {warnings.py:110} WARNING - /home/***/.local/lib/python3.12/site-packages/elasticsearch/_sync/client/__init__.py:399: SecurityWarning: Connecting to 'https://dbelk3.afaqy.local:9200' using TLS with verify_certs=False is insecure
  _transport = transport_class(

[2024-05-13T08:20:56.736+0000] {warnings.py:110} WARNING - /home/***/.local/lib/python3.12/site-packages/elasticsearch/_sync/client/__init__.py:399: SecurityWarning: Connecting to 'https://dbelk1.afaqy.local:9200' using TLS with verify_certs=False is insecure
  _transport = transport_class(

[2024-05-13T08:20:57.151+0000] {warnings.py:110} WARNING - /home/***/.local/lib/python3.12/site-packages/elasticsearch/_sync/client/__init__.py:399: SecurityWarning: Connecting to 'https://dbelk2.afaqy.local:9200' using TLS with verify_certs=False is insecure
  _transport = transport_class(

[2024-05-13T08:20:57.172+0000] {warnings.py:110} WARNING - /home/***/.local/lib/python3.12/site-packages/urllib3/connectionpool.py:1103: InsecureRequestWarning: Unverified HTTPS request is being made to host 'dbelk3.afaqy.local'. Adding certificate verification is strongly advised. See: https://urllib3.readthedocs.io/en/latest/advanced-usage.html#tls-warnings
  warnings.warn(

[2024-05-13T08:20:57.245+0000] {_transport.py:349} INFO - GET https://dbelk3.afaqy.local:9200/_cluster/health [status:200 duration:0.092s]
[2024-05-13T08:20:57.634+0000] {warnings.py:110} WARNING - /home/***/.local/lib/python3.12/site-packages/urllib3/connectionpool.py:1103: InsecureRequestWarning: Unverified HTTPS request is being made to host 'dbelk1.afaqy.local'. Adding certificate verification is strongly advised. See: https://urllib3.readthedocs.io/en/latest/advanced-usage.html#tls-warnings
  warnings.warn(

[2024-05-13T08:20:59.290+0000] {_transport.py:349} INFO - PUT https://dbelk1.afaqy.local:9200/units_statistics_***/_bulk [status:200 duration:1.679s]
[2024-05-13T08:20:59.650+0000] {python.py:237} INFO - Done. Returned value was: None
[2024-05-13T08:20:59.651+0000] {taskinstance.py:441} INFO - ::group::Post task execution logs
[2024-05-13T08:20:59.666+0000] {taskinstance.py:1206} INFO - Marking task as SUCCESS. dag_id=Units_statistics_DAG, task_id=ETL_job, run_id=scheduled__2024-05-13T08:00:00+00:00, map_index=8, execution_date=20240513T080000, start_date=20240513T082022, end_date=20240513T082059
[2024-05-13T08:20:59.709+0000] {local_task_job_runner.py:240} INFO - Task exited with return code 0
[2024-05-13T08:20:59.740+0000] {taskinstance.py:3498} INFO - 0 downstream tasks scheduled from follow-on schedule check
[2024-05-13T08:20:59.741+0000] {local_task_job_runner.py:222} INFO - ::endgroup::
