[2024-05-07T12:21:50.387+0000] {taskinstance.py:1979} INFO - Dependencies all met for dep_context=non-requeueable deps ti=<TaskInstance: Units_statistics_DAG.ETL_job scheduled__2024-05-07T12:00:00+00:00 map_index=15 [queued]>
[2024-05-07T12:21:50.400+0000] {taskinstance.py:1979} INFO - Dependencies all met for dep_context=requeueable deps ti=<TaskInstance: Units_statistics_DAG.ETL_job scheduled__2024-05-07T12:00:00+00:00 map_index=15 [queued]>
[2024-05-07T12:21:50.400+0000] {taskinstance.py:2193} INFO - Starting attempt 2 of 4
[2024-05-07T12:21:50.419+0000] {taskinstance.py:2217} INFO - Executing <Mapped(_PythonDecoratedOperator): ETL_job> on 2024-05-07 12:00:00+00:00
[2024-05-07T12:21:50.425+0000] {standard_task_runner.py:60} INFO - Started process 833812 to run task
[2024-05-07T12:21:50.433+0000] {standard_task_runner.py:87} INFO - Running: ['***', 'tasks', 'run', 'Units_statistics_DAG', 'ETL_job', 'scheduled__2024-05-07T12:00:00+00:00', '--job-id', '38420', '--raw', '--subdir', 'DAGS_FOLDER/Units_dag.py', '--cfg-path', '/tmp/tmpa00kxjfi', '--map-index', '15']
[2024-05-07T12:21:50.435+0000] {standard_task_runner.py:88} INFO - Job 38420: Subtask ETL_job
[2024-05-07T12:21:50.512+0000] {task_command.py:423} INFO - Running <TaskInstance: Units_statistics_DAG.ETL_job scheduled__2024-05-07T12:00:00+00:00 map_index=15 [running]> on host a09da322e808
[2024-05-07T12:21:50.657+0000] {taskinstance.py:2513} INFO - Exporting env vars: AIRFLOW_CTX_DAG_OWNER='abeer-araby' AIRFLOW_CTX_DAG_ID='Units_statistics_DAG' AIRFLOW_CTX_TASK_ID='ETL_job' AIRFLOW_CTX_EXECUTION_DATE='2024-05-07T12:00:00+00:00' AIRFLOW_CTX_TRY_NUMBER='2' AIRFLOW_CTX_DAG_RUN_ID='scheduled__2024-05-07T12:00:00+00:00'
[2024-05-07T12:21:50.658+0000] {Units_dag.py:98} INFO - i: 150000, chunk: 10000
[2024-05-07T12:21:50.659+0000] {Units_dag.py:99} INFO - child token is::: eyJ0eXAiOiJKV1QiLCJhbGciOiJIUzI1NiJ9.eyJpc3MiOiJodHRwczovL2FwaS5hZmFxeS5zYS9hdXRoL2xvZ2luX2FzIiwiaWF0IjoxNzE1MDg0NDAzLCJleHAiOjE3MTc2NzY0MDMsIm5iZiI6MTcxNTA4NDQwMywianRpIjoidjNvYlZ4MEhSeGpMd1JGTSIsInN1YiI6IjVkNjNlNTFlMDNlZDUyOTJhNDJjMjRlNiIsInBydiI6IjI3MGVjZmM3ZWEzZWQ5MzdlYTg0OTM2MmEzYTUwOTEwYzZkOGNlNGYiLCJsb2dpbl9hc19pZCI6IjY1N2YwYWQ3M2Y5NzcyOTVjZjA1NTc2YSJ9.wDaQmovkhBOVB2XCIqQgZrc_C45ykimtNnhsN60FLGM
[2024-05-07T12:22:09.897+0000] {Units_dag.py:103} INFO - {'_id': '659bb8fa2769ccaaea0f998a', 'icon': 'icons/icon.png', 'driver_id': '', 'tailer_id': '', 'profile': {'vehicle_type': '', 'measurement_type': 'count', 'max_capacity': 0, 'vin': '', 'plate_number': '', 'start_operation': '', 'contract_milage': '', 'opening_milage': '', 'model': '', 'fuel_type': '91', 'year': 0, 'seats': 2}, 'shipment_info': {'product_category': None, 'truck_type': None, 'shipment_type': None, 'shipment_payment_type': None, 'transporter_type': None, 'operating_area': None, 'weight_kilograms_per_day': None, 'kms_per_day': None, 'shipment_trip_drive_hrs_day': None, 'allowable_delay_drive_hrs_day': None, 'expected_shipment_trip_day': None, 'car_pay_per_day': None, 'exceeding_temperature_limit_per_day': None, 'temperature_upper_limit': None, 'exceeding_humidity_limit_per_day': None, 'humidity_upper_limit': None}, 'device_password': '***', 'device_type': 'gps', 'gateway': False, 'business_types': {'waste': False, 'transportation': True, 'water': False}, 'name': '1876 ر ع ك', 'operation_code': 'fecbb1bc-194c-41e2-8eef-1b97c4b36611', 'device_gateway': '', 'skip_sim_information': False, 'imei': '867994064628486', 'sim_number': '+966830032016726', 'sim_serial': '421296818628', 'device_serial': '867994064628486', 'device': 'bce', 'user_id': '5f0d614303ed52b67f28d078', 'created_by': '5e6655bf03ed52e1ab79d301', 'updated_at': '2024-04-18 11:18:59', 'created_at': '2024-01-08 11:57:30', 'custom_fields': [], 'creator': 'amr.ahmed', 'company': '', 'owner': 'alwefaq-idrive', 'last_update': {'dtt': 1705988428000, 'dts': 1705988468703, 'spd': 0, 'ang': 254, 'alt': 6, 'chPrams': {'di16': {'v': 1, 'cdt': 1704278540000}, 'ePwrV': {'v': 12.262, 'cdt': 1705988428000}, 'di15': {'v': 0, 'cdt': 1704278540000}, 'rssi1': {'v': 37, 'cdt': 1705988428000}, 'di14': {'v': 0, 'cdt': 1705947598000}, 'di13': {'v': 0, 'cdt': 1704780702000}, 'di12': {'v': 0, 'cdt': 1704278540000}, 'di11': {'v': 0, 'cdt': 1704278540000}, 'di10': {'v': 0, 'cdt': 1704278540000}, 'di2': {'v': 0, 'cdt': 1704278540000}, 'di1': {'v': 0, 'cdt': 1705947930000}, 'ai4': {'v': 196, 'cdt': 1705988428000}, 'di4': {'v': 0, 'cdt': 1704278540000}, 'di3': {'v': 0, 'cdt': 1704278540000}, 'di6': {'v': 0, 'cdt': 1704278540000}, 'di5': {'v': 0, 'cdt': 1705947630000}, 'lac1': {'v': 42032, 'cdt': 1705847358000}, 'protocol': {'v': 'bce', 'cdt': 1704278540000}, 'di8': {'v': 1, 'cdt': 1704278540000}, 'di7': {'v': 0, 'cdt': 1705947930000}, 'di9': {'v': 0, 'cdt': 1704278540000}, 'iPwrV': {'v': 4.047, 'cdt': 1705988428000}, 'cid1': {'v': 13411, 'cdt': 1705947548000}, 'odometer': {'v': 0, 'cdt': 1705947604000}, 'spd': {'v': 0, 'cdt': 1705947604000}, 'sat': {'v': 12, 'cdt': 1705964130000}, 'ta': {'v': 0, 'cdt': 1704278900000}, 'hdop': {'v': 1, 'cdt': 1705419674000}, 'mcc1': {'v': 420, 'cdt': 1705847358000}, 'mnc1': {'v': 4, 'cdt': 1705847358000}}, 'prms': {'protocol': 'bce', 'spd': 0, 'sat': 12, 'hdop': 1, 'odometer': 0, 'di16': 1, 'di15': 0, 'di14': 0, 'di13': 0, 'di12': 0, 'di11': 0, 'di10': 0, 'di9': 0, 'di8': 1, 'di7': 0, 'di6': 0, 'di5': 0, 'di4': 0, 'di3': 0, 'di2': 0, 'di1': 0, 'ePwrV': 12.262, 'ai4': 196, 'iPwrV': 4.047, 'ta': 0, 'mcc1': 420, 'mnc1': 4, 'lac1': 42032, 'cid1': 13411, 'rssi1': 37}, 'devPrms': ['protocol', 'spd', 'sat', 'hdop', 'odometer', 'di16', 'di15', 'di14', 'di13', 'di12', 'di11', 'di10', 'di9', 'di8', 'di7', 'di6', 'di5', 'di4', 'di3', 'di2', 'di1', 'ePwrV', 'ai4', 'iPwrV', 'ta', 'mcc1', 'mnc1', 'lac1', 'cid1', 'rssi1'], 'old_params': {'protocol': 'bce', 'spd': 0, 'sat': 12, 'hdop': 1, 'odometer': 0, 'di16': 1, 'di15': 0, 'di14': 0, 'di13': 0, 'di12': 0, 'di11': 0, 'di10': 0, 'di9': 0, 'di8': 1, 'di7': 0, 'di6': 0, 'di5': 0, 'di4': 0, 'di3': 0, 'di2': 0, 'di1': 0, 'ePwrV': 12.28, 'ai4': 175, 'iPwrV': 4.043, 'ta': 0, 'mcc1': 420, 'mnc1': 4, 'lac1': 42032, 'cid1': 13411, 'rssi1': 38}, 'vLoc': 1, 'vCon': 1, 'ip': '51.39.171.200', 'rl': 0, 'trl': 2450.7824, 'mdu': 0, 'tmdu': 101566, 'eidl': 0, 'teidl': 32884, 'fc': 0, 'tfc': 0, 'acc': 0, 'accOn': 144598, 'accOff': 1566764, 'sdu': 300, 'tsdu': 37198, 'lat': 19.13265609741211, 'lng': 41.08234405517578}, 'counters': {'engine_hours': 144612, 'last_acc': None, 'odometer': 2450.41, 'engine_hours_type': 'acc', 'odometer_type': 'gps'}, 'is_wasl_connected': 'Not Connected', 'iconUrl': 'https://api.afaqy.sa/images/units/icons/icon.png', 'hasCCTV': False}
[2024-05-07T12:22:10.379+0000] {warnings.py:109} WARNING - /home/***/.local/lib/python3.8/site-packages/elasticsearch/_sync/client/__init__.py:399: SecurityWarning: Connecting to 'https://dbelk3.afaqy.local:9200' using TLS with verify_certs=False is insecure
  _transport = transport_class(

[2024-05-07T12:22:10.423+0000] {warnings.py:109} WARNING - /home/***/.local/lib/python3.8/site-packages/elasticsearch/_sync/client/__init__.py:399: SecurityWarning: Connecting to 'https://dbelk1.afaqy.local:9200' using TLS with verify_certs=False is insecure
  _transport = transport_class(

[2024-05-07T12:22:10.465+0000] {warnings.py:109} WARNING - /home/***/.local/lib/python3.8/site-packages/elasticsearch/_sync/client/__init__.py:399: SecurityWarning: Connecting to 'https://dbelk2.afaqy.local:9200' using TLS with verify_certs=False is insecure
  _transport = transport_class(

[2024-05-07T12:22:10.485+0000] {warnings.py:109} WARNING - /home/***/.local/lib/python3.8/site-packages/urllib3/connectionpool.py:1061: InsecureRequestWarning: Unverified HTTPS request is being made to host 'dbelk3.afaqy.local'. Adding certificate verification is strongly advised. See: https://urllib3.readthedocs.io/en/1.26.x/advanced-usage.html#ssl-warnings
  warnings.warn(

[2024-05-07T12:22:10.588+0000] {_transport.py:335} INFO - GET https://dbelk3.afaqy.local:9200/_cluster/health [status:200 duration:0.121s]
[2024-05-07T12:22:10.972+0000] {warnings.py:109} WARNING - /home/***/.local/lib/python3.8/site-packages/urllib3/connectionpool.py:1061: InsecureRequestWarning: Unverified HTTPS request is being made to host 'dbelk1.afaqy.local'. Adding certificate verification is strongly advised. See: https://urllib3.readthedocs.io/en/1.26.x/advanced-usage.html#ssl-warnings
  warnings.warn(

[2024-05-07T12:22:11.142+0000] {_transport.py:335} INFO - PUT https://dbelk1.afaqy.local:9200/units_statistics_***/_bulk [status:200 duration:0.190s]
[2024-05-07T12:22:11.400+0000] {taskinstance.py:2731} ERROR - Task failed with exception
Traceback (most recent call last):
  File "/home/airflow/.local/lib/python3.8/site-packages/airflow/models/taskinstance.py", line 444, in _execute_task
    result = _execute_callable(context=context, **execute_callable_kwargs)
  File "/home/airflow/.local/lib/python3.8/site-packages/airflow/models/taskinstance.py", line 414, in _execute_callable
    return execute_callable(context=context, **execute_callable_kwargs)
  File "/home/airflow/.local/lib/python3.8/site-packages/airflow/decorators/base.py", line 241, in execute
    return_value = super().execute(context)
  File "/home/airflow/.local/lib/python3.8/site-packages/airflow/operators/python.py", line 200, in execute
    return_value = self.execute_callable()
  File "/home/airflow/.local/lib/python3.8/site-packages/airflow/operators/python.py", line 217, in execute_callable
    return self.python_callable(*self.op_args, **self.op_kwargs)
  File "/opt/airflow/dags/Units_dag.py", line 111, in ETL_job
    Elk_client.elk_pushData(Globals.index_name,units_list_update)
  File "/opt/airflow/dags/units_statistics/elk_manager.py", line 69, in elk_pushData
    helpers.bulk(self.elk_client, docs_list, index=index_name, chunk_size=batch)
  File "/home/airflow/.local/lib/python3.8/site-packages/elasticsearch/helpers/actions.py", line 521, in bulk
    for ok, item in streaming_bulk(
  File "/home/airflow/.local/lib/python3.8/site-packages/elasticsearch/helpers/actions.py", line 436, in streaming_bulk
    for data, (ok, info) in zip(
  File "/home/airflow/.local/lib/python3.8/site-packages/elasticsearch/helpers/actions.py", line 355, in _process_bulk_chunk
    yield from gen
  File "/home/airflow/.local/lib/python3.8/site-packages/elasticsearch/helpers/actions.py", line 274, in _process_bulk_chunk_success
    raise BulkIndexError(f"{len(errors)} document(s) failed to index.", errors)
elasticsearch.helpers.BulkIndexError: 10000 document(s) failed to index.
[2024-05-07T12:22:11.413+0000] {taskinstance.py:1149} INFO - Marking task as UP_FOR_RETRY. dag_id=Units_statistics_DAG, task_id=ETL_job, map_index=15, execution_date=20240507T120000, start_date=20240507T122150, end_date=20240507T122211
[2024-05-07T12:22:11.428+0000] {standard_task_runner.py:107} ERROR - Failed to execute job 38420 for task ETL_job (10000 document(s) failed to index.; 833812)
[2024-05-07T12:22:11.478+0000] {local_task_job_runner.py:234} INFO - Task exited with return code 1
[2024-05-07T12:22:11.507+0000] {taskinstance.py:3312} INFO - 0 downstream tasks scheduled from follow-on schedule check
