[2024-05-07T07:00:16.838+0000] {taskinstance.py:1979} INFO - Dependencies all met for dep_context=non-requeueable deps ti=<TaskInstance: Units_statistics_DAG.ETL_job scheduled__2024-05-07T06:40:00+00:00 map_index=2 [queued]>
[2024-05-07T07:00:16.901+0000] {taskinstance.py:1979} INFO - Dependencies all met for dep_context=requeueable deps ti=<TaskInstance: Units_statistics_DAG.ETL_job scheduled__2024-05-07T06:40:00+00:00 map_index=2 [queued]>
[2024-05-07T07:00:16.901+0000] {taskinstance.py:2193} INFO - Starting attempt 1 of 4
[2024-05-07T07:00:16.951+0000] {taskinstance.py:2217} INFO - Executing <Mapped(_PythonDecoratedOperator): ETL_job> on 2024-05-07 06:40:00+00:00
[2024-05-07T07:00:16.974+0000] {standard_task_runner.py:60} INFO - Started process 827800 to run task
[2024-05-07T07:00:17.010+0000] {standard_task_runner.py:87} INFO - Running: ['***', 'tasks', 'run', 'Units_statistics_DAG', 'ETL_job', 'scheduled__2024-05-07T06:40:00+00:00', '--job-id', '37710', '--raw', '--subdir', 'DAGS_FOLDER/Units_dag.py', '--cfg-path', '/tmp/tmppdnxvnzl', '--map-index', '2']
[2024-05-07T07:00:17.022+0000] {standard_task_runner.py:88} INFO - Job 37710: Subtask ETL_job
[2024-05-07T07:00:17.340+0000] {task_command.py:423} INFO - Running <TaskInstance: Units_statistics_DAG.ETL_job scheduled__2024-05-07T06:40:00+00:00 map_index=2 [running]> on host a09da322e808
[2024-05-07T07:00:17.968+0000] {taskinstance.py:2513} INFO - Exporting env vars: AIRFLOW_CTX_DAG_OWNER='abeer-araby' AIRFLOW_CTX_DAG_ID='Units_statistics_DAG' AIRFLOW_CTX_TASK_ID='ETL_job' AIRFLOW_CTX_EXECUTION_DATE='2024-05-07T06:40:00+00:00' AIRFLOW_CTX_TRY_NUMBER='1' AIRFLOW_CTX_DAG_RUN_ID='scheduled__2024-05-07T06:40:00+00:00'
[2024-05-07T07:00:17.969+0000] {Units_dag.py:98} INFO - i: 20000, chunk: 10000
[2024-05-07T07:00:17.970+0000] {Units_dag.py:99} INFO - child token is::: eyJ0eXAiOiJKV1QiLCJhbGciOiJIUzI1NiJ9.eyJpc3MiOiJodHRwczovL2FwaS5hZmFxeS5zYS9hdXRoL2xvZ2luX2FzIiwiaWF0IjoxNzE1MDY1MjAzLCJleHAiOjE3MTc2NTcyMDMsIm5iZiI6MTcxNTA2NTIwMywianRpIjoiZVVYNlN1U25oeXBDWGxsRSIsInN1YiI6IjVkNjNlNTFlMDNlZDUyOTJhNDJjMjRlNiIsInBydiI6IjI3MGVjZmM3ZWEzZWQ5MzdlYTg0OTM2MmEzYTUwOTEwYzZkOGNlNGYiLCJsb2dpbl9hc19pZCI6IjY1N2YwYWQ3M2Y5NzcyOTVjZjA1NTc2YSJ9.RgxqyCZklcc_9ttGnfgKrVtVDtLCNiOJR6nNx0zJil4
[2024-05-07T07:00:44.485+0000] {Units_dag.py:103} INFO - {'_id': '618a70e9fabb56337f79c30f', 'icon': 'icons/icon.png', 'driver_id': '', 'tailer_id': '', 'profile': {'vehicle_type': '', 'measurement_type': 'weight', 'max_capacity': 0, 'vin': '', 'plate_number': '', 'start_operation': '', 'contract_milage': '', 'opening_milage': '', 'model': '', 'fuel_type': '91', 'year': 0, 'seats': 2}, 'device_password': '***', 'device_type': 'gps', 'gateway': False, 'name': 'ب س م 7343', 'operation_code': '', 'device_gateway': '', 'business_types': {'waste': False, 'transportation': True, 'water': False}, 'imei': '862549044125154', 'sim_number': '+966862549084845', 'sim_serial': '862549044125154', 'device_serial': '862549044125154', 'device': 'ruptela', 'user_id': '5e539d8203ed52f71d634478', 'created_by': '5e6655bf03ed52e1ab79d301', 'updated_at': '2024-04-18 11:18:59', 'created_at': '2021-11-09 16:00:25', 'custom_fields': [], 'creator': 'amr.ahmed', 'company': '', 'owner': 'aemallamar', 'last_update': {'dtt': 1715065215000, 'dts': 1715065218064, 'spd': 95, 'ang': 174, 'alt': 689, 'chPrams': {'gsm': {'v': 27, 'cdt': 1715065215000}, 'io_1_176': {'v': 95, 'cdt': 1715065215000}, 'io_1_134': {'v': 0, 'cdt': 1715065158000}, 'io_1_136': {'v': 0, 'cdt': 1715064444000}, 'ai22': {'v': 2925, 'cdt': 1715065215000}, 'ePwrV': {'v': 27.619, 'cdt': 1715065215000}, 'io_1_135': {'v': 0, 'cdt': 1715065215000}, 'io_2_139': {'v': 19, 'cdt': 1715065177000}, 'di2': {'v': 0, 'cdt': 1636636963000}, 'operator': {'v': 42004, 'cdt': 1714544431000}, 'io_1_130': {'v': 96, 'cdt': 1715065215000}, 'di5': {'v': 1, 'cdt': 1715061403000}, 'io_2_131': {'v': 0, 'cdt': 1715001417000}, 'protocol': {'v': 'ruptela', 'cdt': 1714399624000}, 'io_2_137': {'v': 0, 'cdt': 1715062458000}, 'iPwrV': {'v': 4.082, 'cdt': 1715065158000}, 'event': {'v': 8, 'cdt': 1715064812000}, 'io_1_418': {'v': 1, 'cdt': 1714544431000}, 'move': {'v': 1, 'cdt': 1715063811000}, 'spd': {'v': 95, 'cdt': 1715065215000}, 'sat': {'v': 17, 'cdt': 1715065196000}, 'hdop': {'v': 0.6, 'cdt': 1715065196000}, 'io_2_560': {'v': 0, 'cdt': 1714472247000}, 'accTemp': {'v': 35, 'cdt': 1715062007000}, 'vOdometer': {'v': 187872470, 'cdt': 1715065215000}, 'io_1_405': {'v': 1, 'cdt': 1714399624000}}, 'prms': {'protocol': 'ruptela', 'sat': 17, 'spd': 95, 'hdop': 0.6, 'event': 8, 'io_1_130': 96, 'io_1_134': 0, 'io_1_135': 0, 'io_1_136': 0, 'di2': 0, 'di5': 1, 'accTemp': 35, 'io_1_405': 1, 'gsm': 27, 'move': 1, 'io_1_176': 95, 'io_1_418': 1, 'io_2_131': 0, 'io_2_137': 0, 'io_2_139': 19, 'ai22': 2925, 'io_2_560': 0, 'ePwrV': 27.619, 'iPwrV': 4.082, 'vOdometer': 187872470, 'operator': 42004}, 'devPrms': ['protocol', 'sat', 'spd', 'hdop', 'event', 'io_1_130', 'io_1_134', 'io_1_135', 'io_1_136', 'di2', 'di5', 'accTemp', 'io_1_405', 'gsm', 'move', 'io_1_176', 'io_1_418', 'io_2_131', 'io_2_137', 'io_2_139', 'ai22', 'io_2_560', 'ePwrV', 'iPwrV', 'vOdometer', 'operator'], 'old_params': {'protocol': 'ruptela', 'sat': 17, 'spd': 94, 'hdop': 0.6, 'event': 8, 'io_1_130': 97, 'io_1_134': 0, 'io_1_135': 1, 'io_1_136': 0, 'di2': 0, 'di5': 1, 'accTemp': 35, 'io_1_405': 1, 'gsm': 22, 'move': 1, 'io_1_176': 94, 'io_1_418': 1, 'io_2_131': 0, 'io_2_137': 0, 'io_2_139': 19, 'ai22': 2924, 'io_2_560': 0, 'ePwrV': 27.575, 'iPwrV': 4.082, 'vOdometer': 187871966, 'operator': 42004}, 'vLoc': 1, 'vCon': 1, 'ip': '51.39.13.86', 'rl': 0.5034, 'trl': 189356.0516, 'mdu': 19, 'tmdu': 10348497, 'eidl': 0, 'teidl': 6637054, 'fc': 0.060408, 'tfc': 637.235148, 'acc': 1, 'accOn': 143204142, 'accOff': 61740557, 'sdu': 0, 'tsdu': 0, 'lat': 26.106795, 'lng': 44.0227783}, 'counters': {'odometer_type': 'gps', 'odometer': 189356.0516, 'engine_hours_type': 'acc', 'engine_hours': 143204142, 'last_acc': 1}, 'is_wasl_connected': 'Connected', 'iconUrl': 'https://api.afaqy.sa/images/units/icons/icon.png', 'hasCCTV': False}
[2024-05-07T07:00:48.610+0000] {warnings.py:109} WARNING - /home/***/.local/lib/python3.8/site-packages/elasticsearch/_sync/client/__init__.py:399: SecurityWarning: Connecting to 'https://dbelk1.afaqy.local:9200' using TLS with verify_certs=False is insecure
  _transport = transport_class(

[2024-05-07T07:00:48.785+0000] {warnings.py:109} WARNING - /home/***/.local/lib/python3.8/site-packages/elasticsearch/_sync/client/__init__.py:399: SecurityWarning: Connecting to 'https://dbelk2.afaqy.local:9200' using TLS with verify_certs=False is insecure
  _transport = transport_class(

[2024-05-07T07:00:48.991+0000] {warnings.py:109} WARNING - /home/***/.local/lib/python3.8/site-packages/elasticsearch/_sync/client/__init__.py:399: SecurityWarning: Connecting to 'https://dbelk3.afaqy.local:9200' using TLS with verify_certs=False is insecure
  _transport = transport_class(

[2024-05-07T07:00:49.136+0000] {warnings.py:109} WARNING - /home/***/.local/lib/python3.8/site-packages/urllib3/connectionpool.py:1061: InsecureRequestWarning: Unverified HTTPS request is being made to host 'dbelk1.afaqy.local'. Adding certificate verification is strongly advised. See: https://urllib3.readthedocs.io/en/1.26.x/advanced-usage.html#ssl-warnings
  warnings.warn(

[2024-05-07T07:00:49.380+0000] {_transport.py:335} INFO - GET https://dbelk1.afaqy.local:9200/_cluster/health [status:200 duration:0.388s]
[2024-05-07T07:00:50.443+0000] {warnings.py:109} WARNING - /home/***/.local/lib/python3.8/site-packages/urllib3/connectionpool.py:1061: InsecureRequestWarning: Unverified HTTPS request is being made to host 'dbelk2.afaqy.local'. Adding certificate verification is strongly advised. See: https://urllib3.readthedocs.io/en/1.26.x/advanced-usage.html#ssl-warnings
  warnings.warn(

[2024-05-07T07:00:50.455+0000] {_transport.py:335} INFO - PUT https://dbelk2.afaqy.local:9200/units_statistics_***/_bulk [status:429 duration:0.053s]
[2024-05-07T07:00:50.455+0000] {_node_pool.py:249} WARNING - Node <Urllib3HttpNode(https://dbelk2.afaqy.local:9200)> has failed for 1 times in a row, putting on 1 second timeout
[2024-05-07T07:00:50.455+0000] {_transport.py:427} WARNING - Retrying request after non-successful status 429 (attempt 0 of 3)
[2024-05-07T07:00:50.456+0000] {warnings.py:109} WARNING - /home/***/.local/lib/python3.8/site-packages/urllib3/connectionpool.py:1061: InsecureRequestWarning: Unverified HTTPS request is being made to host 'dbelk1.afaqy.local'. Adding certificate verification is strongly advised. See: https://urllib3.readthedocs.io/en/1.26.x/advanced-usage.html#ssl-warnings
  warnings.warn(

[2024-05-07T07:00:53.805+0000] {_transport.py:335} INFO - PUT https://dbelk1.afaqy.local:9200/units_statistics_***/_bulk [status:200 duration:3.350s]
[2024-05-07T07:00:53.963+0000] {python.py:202} INFO - Done. Returned value was: None
[2024-05-07T07:00:53.979+0000] {taskinstance.py:1149} INFO - Marking task as SUCCESS. dag_id=Units_statistics_DAG, task_id=ETL_job, map_index=2, execution_date=20240507T064000, start_date=20240507T070016, end_date=20240507T070053
[2024-05-07T07:00:54.039+0000] {local_task_job_runner.py:234} INFO - Task exited with return code 0
[2024-05-07T07:00:54.066+0000] {taskinstance.py:3312} INFO - 0 downstream tasks scheduled from follow-on schedule check
