[2024-05-07T13:40:26.077+0000] {taskinstance.py:1979} INFO - Dependencies all met for dep_context=non-requeueable deps ti=<TaskInstance: Units_statistics_DAG.ETL_job scheduled__2024-05-07T13:20:00+00:00 map_index=14 [queued]>
[2024-05-07T13:40:26.089+0000] {taskinstance.py:1979} INFO - Dependencies all met for dep_context=requeueable deps ti=<TaskInstance: Units_statistics_DAG.ETL_job scheduled__2024-05-07T13:20:00+00:00 map_index=14 [queued]>
[2024-05-07T13:40:26.089+0000] {taskinstance.py:2193} INFO - Starting attempt 1 of 4
[2024-05-07T13:40:26.106+0000] {taskinstance.py:2217} INFO - Executing <Mapped(_PythonDecoratedOperator): ETL_job> on 2024-05-07 13:20:00+00:00
[2024-05-07T13:40:26.116+0000] {standard_task_runner.py:60} INFO - Started process 835513 to run task
[2024-05-07T13:40:26.132+0000] {standard_task_runner.py:87} INFO - Running: ['***', 'tasks', 'run', 'Units_statistics_DAG', 'ETL_job', 'scheduled__2024-05-07T13:20:00+00:00', '--job-id', '38713', '--raw', '--subdir', 'DAGS_FOLDER/Units_dag.py', '--cfg-path', '/tmp/tmpmt96dv95', '--map-index', '14']
[2024-05-07T13:40:26.134+0000] {standard_task_runner.py:88} INFO - Job 38713: Subtask ETL_job
[2024-05-07T13:40:26.212+0000] {task_command.py:423} INFO - Running <TaskInstance: Units_statistics_DAG.ETL_job scheduled__2024-05-07T13:20:00+00:00 map_index=14 [running]> on host a09da322e808
[2024-05-07T13:40:26.383+0000] {taskinstance.py:2513} INFO - Exporting env vars: AIRFLOW_CTX_DAG_OWNER='abeer-araby' AIRFLOW_CTX_DAG_ID='Units_statistics_DAG' AIRFLOW_CTX_TASK_ID='ETL_job' AIRFLOW_CTX_EXECUTION_DATE='2024-05-07T13:20:00+00:00' AIRFLOW_CTX_TRY_NUMBER='1' AIRFLOW_CTX_DAG_RUN_ID='scheduled__2024-05-07T13:20:00+00:00'
[2024-05-07T13:40:26.384+0000] {Units_dag.py:98} INFO - i: 140000, chunk: 10000
[2024-05-07T13:40:26.384+0000] {Units_dag.py:99} INFO - child token is::: eyJ0eXAiOiJKV1QiLCJhbGciOiJIUzI1NiJ9.eyJpc3MiOiJodHRwczovL2FwaS5hZmFxeS5zYS9hdXRoL2xvZ2luX2FzIiwiaWF0IjoxNzE1MDg5MjA1LCJleHAiOjE3MTc2ODEyMDUsIm5iZiI6MTcxNTA4OTIwNSwianRpIjoibzliTlJOWDFoVUVBYkdzbCIsInN1YiI6IjVkNjNlNTFlMDNlZDUyOTJhNDJjMjRlNiIsInBydiI6IjI3MGVjZmM3ZWEzZWQ5MzdlYTg0OTM2MmEzYTUwOTEwYzZkOGNlNGYiLCJsb2dpbl9hc19pZCI6IjY1N2YwYWQ3M2Y5NzcyOTVjZjA1NTc2YSJ9.LvIwnjvZC5oNxjPWdQt4lbsmU08pwRKkDf8MHN28O8s
[2024-05-07T13:40:49.183+0000] {Units_dag.py:103} INFO - {'_id': '6550b82ad0c879194602770f', 'icon': 'icons/icon.png', 'driver_id': '', 'tailer_id': '', 'profile': {'vehicle_type': '', 'measurement_type': 'count', 'max_capacity': 0, 'vin': '', 'plate_number': '', 'start_operation': '', 'contract_milage': '', 'opening_milage': '', 'model': '', 'fuel_type': '91', 'year': 0, 'seats': 2}, 'shipment_info': {'product_category': None, 'truck_type': None, 'shipment_type': None, 'shipment_payment_type': None, 'transporter_type': None, 'operating_area': None, 'weight_kilograms_per_day': None, 'kms_per_day': None, 'shipment_trip_drive_hrs_day': None, 'allowable_delay_drive_hrs_day': None, 'expected_shipment_trip_day': None, 'car_pay_per_day': None, 'exceeding_temperature_limit_per_day': None, 'temperature_upper_limit': None, 'exceeding_humidity_limit_per_day': None, 'humidity_upper_limit': None}, 'device_password': '***', 'device_type': 'gps', 'gateway': False, 'business_types': {'waste': False, 'transportation': True, 'water': False}, 'name': '3749 E Z J  Relay', 'operation_code': '', 'device_gateway': '', 'skip_sim_information': False, 'imei': '350612075225217', 'sim_number': '+966830032355565', 'sim_serial': '8996609821111930932', 'device_serial': '1131495769', 'device': 'teltonika', 'user_id': '62693bbb07a96a0b2714bff8', 'created_by': '5e6655bf03ed52e1ab79d301', 'updated_at': '2024-04-18 11:18:59', 'created_at': '2023-11-12 14:34:02', 'custom_fields': [], 'creator': 'amr.ahmed', 'company': '', 'owner': 'hawadij-rental-admin', 'last_update': {'dtt': 1715089214000, 'dts': 1715089216999, 'spd': 0, 'ang': 353, 'alt': 4, 'chPrams': {'Speed': {'v': 0, 'cdt': 1715089154000}, 'output1': {'v': False, 'cdt': 1714921067000}, 'output2': {'v': False, 'cdt': 1714921067000}, 'ePwrV': {'v': 13.64, 'cdt': 1715089214000}, 'parm24': {'v': 0, 'cdt': 1715089154000}, 'sat': {'v': 12, 'cdt': 1715089124000}, 'ai1': {'v': 216, 'cdt': 1712829599000}, 'priority': {'v': 0, 'cdt': 1712829299000}, 'di2': {'v': 0, 'cdt': 1712829599000}, 'type': {'v': 6, 'cdt': 1712957325000}, 'di1': {'v': 1, 'cdt': 1715085826000}, 'result': {'v': '5665723a30332e32372e31345f3030204750533a41584e5f352e312e392048773a464d42313230204d6f643a333320494d45493a33353036313230373532323532313720496e69743a323032342d312d31382032323a313320557074696d653a39323930373834204d41433a333838413231333242373839205350433a312830292041584c3a32204f42443a3020424c3a312e31302042543a34', 'cdt': 1714921064000}, 'protocol': {'v': 'FMB120', 'cdt': 1714921067000}, 'parm6': {'v': 216, 'cdt': 1712829599000}, 'iPwrV': {'v': 4.019, 'cdt': 1715089091000}, 'event': {'v': 0, 'cdt': 1712829299000}}, 'prms': {'protocol': 'FMB120', 'priority': 0, 'sat': 12, 'event': 0, 'di1': 1, 'output1': 0, 'di2': 0, 'output2': 0, 'ePwrV': 13.64, 'Speed': 0, 'parm24': 0, 'iPwrV': 4.019, 'ai1': 216, 'parm6': 216}, 'devPrms': ['protocol', 'priority', 'sat', 'event', 'di1', 'output1', 'di2', 'output2', 'ePwrV', 'Speed', 'parm24', 'iPwrV', 'ai1', 'parm6'], 'old_params': {'protocol': 'FMB120', 'priority': 0, 'sat': 12, 'event': 0, 'di1': 1, 'output1': 0, 'di2': 0, 'output2': 0, 'ePwrV': 13.636000000000001, 'Speed': 0, 'parm24': 0, 'iPwrV': 4.019, 'ai1': 216, 'parm6': 216}, 'vLoc': 1, 'vCon': 1, 'ip': '109.83.139.84', 'rl': 0, 'trl': 30583.3174, 'mdu': 0, 'tmdu': 3198254, 'eidl': 30, 'teidl': 1739538, 'fc': 0, 'tfc': 378.871368, 'acc': 1, 'accOn': 631920687, 'accOff': 10253258, 'sdu': 0, 'tsdu': 0, 'lat': 26.5699483, 'lng': 50.0031133}, 'counters': {'engine_hours': 631920687, 'last_acc': 1, 'odometer': 365504.1439, 'engine_hours_type': 'acc', 'odometer_type': 'gps'}, 'is_wasl_connected': 'Not Connected', 'iconUrl': 'https://api.afaqy.sa/images/units/icons/icon.png', 'hasCCTV': False}
[2024-05-07T13:40:50.546+0000] {warnings.py:109} WARNING - /home/***/.local/lib/python3.8/site-packages/elasticsearch/_sync/client/__init__.py:399: SecurityWarning: Connecting to 'https://dbelk3.afaqy.local:9200' using TLS with verify_certs=False is insecure
  _transport = transport_class(

[2024-05-07T13:40:50.696+0000] {warnings.py:109} WARNING - /home/***/.local/lib/python3.8/site-packages/elasticsearch/_sync/client/__init__.py:399: SecurityWarning: Connecting to 'https://dbelk2.afaqy.local:9200' using TLS with verify_certs=False is insecure
  _transport = transport_class(

[2024-05-07T13:40:50.838+0000] {warnings.py:109} WARNING - /home/***/.local/lib/python3.8/site-packages/elasticsearch/_sync/client/__init__.py:399: SecurityWarning: Connecting to 'https://dbelk1.afaqy.local:9200' using TLS with verify_certs=False is insecure
  _transport = transport_class(

[2024-05-07T13:40:50.922+0000] {warnings.py:109} WARNING - /home/***/.local/lib/python3.8/site-packages/urllib3/connectionpool.py:1061: InsecureRequestWarning: Unverified HTTPS request is being made to host 'dbelk3.afaqy.local'. Adding certificate verification is strongly advised. See: https://urllib3.readthedocs.io/en/1.26.x/advanced-usage.html#ssl-warnings
  warnings.warn(

[2024-05-07T13:40:51.033+0000] {_transport.py:335} INFO - GET https://dbelk3.afaqy.local:9200/_cluster/health [status:200 duration:0.186s]
[2024-05-07T13:40:52.481+0000] {warnings.py:109} WARNING - /home/***/.local/lib/python3.8/site-packages/urllib3/connectionpool.py:1061: InsecureRequestWarning: Unverified HTTPS request is being made to host 'dbelk2.afaqy.local'. Adding certificate verification is strongly advised. See: https://urllib3.readthedocs.io/en/1.26.x/advanced-usage.html#ssl-warnings
  warnings.warn(

[2024-05-07T13:40:52.552+0000] {_transport.py:335} INFO - PUT https://dbelk2.afaqy.local:9200/units_statistics_***/_bulk [status:429 duration:0.212s]
[2024-05-07T13:40:52.553+0000] {_node_pool.py:249} WARNING - Node <Urllib3HttpNode(https://dbelk2.afaqy.local:9200)> has failed for 1 times in a row, putting on 1 second timeout
[2024-05-07T13:40:52.553+0000] {_transport.py:427} WARNING - Retrying request after non-successful status 429 (attempt 0 of 3)
[2024-05-07T13:40:52.554+0000] {warnings.py:109} WARNING - /home/***/.local/lib/python3.8/site-packages/urllib3/connectionpool.py:1061: InsecureRequestWarning: Unverified HTTPS request is being made to host 'dbelk3.afaqy.local'. Adding certificate verification is strongly advised. See: https://urllib3.readthedocs.io/en/1.26.x/advanced-usage.html#ssl-warnings
  warnings.warn(

[2024-05-07T13:41:56.001+0000] {_transport.py:335} INFO - PUT https://dbelk3.afaqy.local:9200/units_statistics_***/_bulk [status:200 duration:63.447s]
[2024-05-07T13:41:56.196+0000] {python.py:202} INFO - Done. Returned value was: None
[2024-05-07T13:41:56.211+0000] {taskinstance.py:1149} INFO - Marking task as SUCCESS. dag_id=Units_statistics_DAG, task_id=ETL_job, map_index=14, execution_date=20240507T132000, start_date=20240507T134026, end_date=20240507T134156
[2024-05-07T13:41:56.279+0000] {local_task_job_runner.py:234} INFO - Task exited with return code 0
[2024-05-07T13:41:56.317+0000] {taskinstance.py:3312} INFO - 0 downstream tasks scheduled from follow-on schedule check
