[2024-05-08T12:41:45.886+0000] {taskinstance.py:1979} INFO - Dependencies all met for dep_context=non-requeueable deps ti=<TaskInstance: Units_statistics_DAG.ETL_job scheduled__2024-05-08T12:20:00+00:00 map_index=13 [queued]>
[2024-05-08T12:41:45.901+0000] {taskinstance.py:1979} INFO - Dependencies all met for dep_context=requeueable deps ti=<TaskInstance: Units_statistics_DAG.ETL_job scheduled__2024-05-08T12:20:00+00:00 map_index=13 [queued]>
[2024-05-08T12:41:45.901+0000] {taskinstance.py:2193} INFO - Starting attempt 2 of 4
[2024-05-08T12:41:45.923+0000] {taskinstance.py:2217} INFO - Executing <Mapped(_PythonDecoratedOperator): ETL_job> on 2024-05-08 12:20:00+00:00
[2024-05-08T12:41:45.931+0000] {standard_task_runner.py:60} INFO - Started process 861203 to run task
[2024-05-08T12:41:45.943+0000] {standard_task_runner.py:87} INFO - Running: ['***', 'tasks', 'run', 'Units_statistics_DAG', 'ETL_job', 'scheduled__2024-05-08T12:20:00+00:00', '--job-id', '41718', '--raw', '--subdir', 'DAGS_FOLDER/Units_dag.py', '--cfg-path', '/tmp/tmpk39p0mfi', '--map-index', '13']
[2024-05-08T12:41:45.950+0000] {standard_task_runner.py:88} INFO - Job 41718: Subtask ETL_job
[2024-05-08T12:41:46.061+0000] {task_command.py:423} INFO - Running <TaskInstance: Units_statistics_DAG.ETL_job scheduled__2024-05-08T12:20:00+00:00 map_index=13 [running]> on host a09da322e808
[2024-05-08T12:41:46.239+0000] {taskinstance.py:2513} INFO - Exporting env vars: AIRFLOW_CTX_DAG_OWNER='abeer-araby' AIRFLOW_CTX_DAG_ID='Units_statistics_DAG' AIRFLOW_CTX_TASK_ID='ETL_job' AIRFLOW_CTX_EXECUTION_DATE='2024-05-08T12:20:00+00:00' AIRFLOW_CTX_TRY_NUMBER='2' AIRFLOW_CTX_DAG_RUN_ID='scheduled__2024-05-08T12:20:00+00:00'
[2024-05-08T12:41:46.241+0000] {Units_dag.py:98} INFO - i: 130000, chunk: 10000
[2024-05-08T12:41:46.241+0000] {Units_dag.py:99} INFO - child token is::: eyJ0eXAiOiJKV1QiLCJhbGciOiJIUzI1NiJ9.eyJpc3MiOiJodHRwczovL2FwaS5hZmFxeS5zYS9hdXRoL2xvZ2luX2FzIiwiaWF0IjoxNzE1MTcyMDA0LCJleHAiOjE3MTc3NjQwMDQsIm5iZiI6MTcxNTE3MjAwNCwianRpIjoiR2tKV1JDdTBza05xMXdMVyIsInN1YiI6IjVkNjNlNTFlMDNlZDUyOTJhNDJjMjRlNiIsInBydiI6IjI3MGVjZmM3ZWEzZWQ5MzdlYTg0OTM2MmEzYTUwOTEwYzZkOGNlNGYiLCJsb2dpbl9hc19pZCI6IjY1N2YwYWQ3M2Y5NzcyOTVjZjA1NTc2YSJ9.DLWqPXOGwRaKcBsVLBJ__FugoVnDdtTkUtkcnUvCoDY
[2024-05-08T12:42:03.996+0000] {Units_dag.py:103} INFO - {'_id': '65116d350137eb64dc7d1b6b', 'icon': 'icons/icon.png', 'driver_id': '', 'tailer_id': '', 'profile': {'vehicle_type': 'شيري تيجو 2', 'measurement_type': 'count', 'max_capacity': 0, 'vin': '537691020', 'plate_number': 'ر ط ن 3534', 'start_operation': '', 'contract_milage': '', 'opening_milage': '', 'model': '2023', 'fuel_type': '91', 'year': 2023, 'seats': 5}, 'shipment_info': {'product_category': None, 'truck_type': None, 'shipment_type': None, 'shipment_payment_type': None, 'transporter_type': None, 'operating_area': None, 'weight_kilograms_per_day': None, 'kms_per_day': None, 'shipment_trip_drive_hrs_day': None, 'allowable_delay_drive_hrs_day': None, 'expected_shipment_trip_day': None, 'car_pay_per_day': None, 'exceeding_temperature_limit_per_day': None, 'temperature_upper_limit': None, 'exceeding_humidity_limit_per_day': None, 'humidity_upper_limit': None}, 'device_password': '***', 'device_type': 'gps', 'gateway': False, 'business_types': {'waste': False, 'transportation': True, 'water': False}, 'name': 'E012671 شيري تيجو (2) ابيض', 'operation_code': '', 'device_gateway': '', 'skip_sim_information': False, 'imei': '861937063419346', 'sim_number': '+966830029640195', 'sim_serial': '8996609821111920627', 'device_serial': '861937063419346', 'device': 'bce', 'user_id': '65114c78a49d3d1fd85fd9b1', 'created_by': '5e6655bf03ed52e1ab79d301', 'updated_at': '2024-04-18 11:18:59', 'created_at': '2023-09-25 14:21:25', 'custom_fields': [], 'creator': 'amr.ahmed', 'company': '', 'owner': 'lina-mar-admin', 'last_update': {'dtt': 1715171822000, 'dts': 1715171933065, 'spd': 0, 'ang': 246, 'alt': 615, 'chPrams': {'ePwrV': {'v': 12.732, 'cdt': 1715171822000}, 'di16': {'v': 1, 'cdt': 1712948636000}, 'di15': {'v': 0, 'cdt': 1697394482000}, 'rssi1': {'v': 47, 'cdt': 1715171822000}, 'di14': {'v': 0, 'cdt': 1715150492000}, 'di13': {'v': 0, 'cdt': 1712948636000}, 'di12': {'v': 0, 'cdt': 1712948636000}, 'di11': {'v': 0, 'cdt': 1712948636000}, 'di10': {'v': 0, 'cdt': 1712948636000}, 'di2': {'v': 0, 'cdt': 1712948636000}, 'di1': {'v': 0, 'cdt': 1715150822000}, 'ai4': {'v': 320, 'cdt': 1715155022000}, 'di4': {'v': 0, 'cdt': 1712948636000}, 'di3': {'v': 0, 'cdt': 1712948636000}, 'di6': {'v': 0, 'cdt': 1712948636000}, 'di5': {'v': 0, 'cdt': 1715150522000}, 'lac1': {'v': 1241, 'cdt': 1715149830000}, 'protocol': {'v': 'bce', 'cdt': 1712948636000}, 'di8': {'v': 1, 'cdt': 1712948636000}, 'di7': {'v': 0, 'cdt': 1715150822000}, 'di9': {'v': 0, 'cdt': 1712948636000}, 'iPwrV': {'v': 4.063, 'cdt': 1715170622000}, 'humidity': {'v': -1, 'cdt': 1712948636000}, 'cid1': {'v': 7151, 'cdt': 1715150492000}, 'temp': {'v': -273, 'cdt': 1712948636000}, 'odometer': {'v': 0, 'cdt': 1715150516000}, 'spd': {'v': 0, 'cdt': 1715150516000}, 'sat': {'v': 12, 'cdt': 1715170322000}, 'hdop': {'v': 1, 'cdt': 1715150124000}, 'ta': {'v': 0, 'cdt': 1712948636000}, 'mcc1': {'v': 420, 'cdt': 1714589664000}, 'mnc1': {'v': 3, 'cdt': 1714201732000}}, 'prms': {'protocol': 'bce', 'spd': 0, 'sat': 12, 'hdop': 1, 'odometer': 0, 'di16': 1, 'di15': 0, 'di14': 0, 'di13': 0, 'di12': 0, 'di11': 0, 'di10': 0, 'di9': 0, 'di8': 1, 'di7': 0, 'di6': 0, 'di5': 0, 'di4': 0, 'di3': 0, 'di2': 0, 'di1': 0, 'ePwrV': 12.732, 'ai4': 320, 'iPwrV': 4.063, 'ta': 0, 'mcc1': 420, 'mnc1': 3, 'lac1': 1241, 'cid1': 7151, 'rssi1': 47, 'temp': -273, 'humidity': -1}, 'devPrms': ['protocol', 'spd', 'sat', 'hdop', 'odometer', 'di16', 'di15', 'di14', 'di13', 'di12', 'di11', 'di10', 'di9', 'di8', 'di7', 'di6', 'di5', 'di4', 'di3', 'di2', 'di1', 'ePwrV', 'ai4', 'iPwrV', 'ta', 'mcc1', 'mnc1', 'lac1', 'cid1', 'rssi1', 'temp', 'humidity'], 'old_params': {'di16': 1, 'ePwrV': 12.741, 'di15': 0, 'rssi1': 48, 'di14': 0, 'di13': 0, 'di12': 0, 'di11': 0, 'di10': 0, 'di2': 0, 'di1': 0, 'ai4': 320, 'di4': 0, 'di3': 0, 'di6': 0, 'di5': 0, 'lac1': 1241, 'protocol': 'bce', 'di8': 1, 'di7': 0, 'di9': 0, 'iPwrV': 4.063, 'humidity': -1, 'cid1': 7151, 'temp': -273, 'odometer': 0, 'spd': 0, 'sat': 12, 'hdop': 1, 'ta': 0, 'mcc1': 420, 'mnc1': 3}, 'vLoc': 1, 'vCon': 1, 'ip': '37.216.69.175', 'rl': 0, 'trl': 11066.7199, 'mdu': 0, 'tmdu': 1036828, 'eidl': 0, 'teidl': 501636, 'fc': 0, 'tfc': 47.11782, 'acc': 0, 'accOn': 4596640, 'accOff': 16555578, 'sdu': 300, 'tsdu': 21300, 'lat': 24.69187355041504, 'lng': 46.69074630737305}, 'counters': {'odometer_type': 'gps', 'odometer': 11626.6298, 'engine_hours_type': 'acc', 'engine_hours': 4596640, 'last_acc': 0}, 'is_wasl_connected': 'Not Connected', 'iconUrl': 'https://api.afaqy.sa/images/units/icons/icon.png', 'hasCCTV': False}
[2024-05-08T12:42:04.672+0000] {warnings.py:109} WARNING - /home/***/.local/lib/python3.8/site-packages/elasticsearch/_sync/client/__init__.py:399: SecurityWarning: Connecting to 'https://dbelk3.afaqy.local:9200' using TLS with verify_certs=False is insecure
  _transport = transport_class(

[2024-05-08T12:42:04.733+0000] {warnings.py:109} WARNING - /home/***/.local/lib/python3.8/site-packages/elasticsearch/_sync/client/__init__.py:399: SecurityWarning: Connecting to 'https://dbelk2.afaqy.local:9200' using TLS with verify_certs=False is insecure
  _transport = transport_class(

[2024-05-08T12:42:04.816+0000] {warnings.py:109} WARNING - /home/***/.local/lib/python3.8/site-packages/elasticsearch/_sync/client/__init__.py:399: SecurityWarning: Connecting to 'https://dbelk1.afaqy.local:9200' using TLS with verify_certs=False is insecure
  _transport = transport_class(

[2024-05-08T12:42:04.841+0000] {warnings.py:109} WARNING - /home/***/.local/lib/python3.8/site-packages/urllib3/connectionpool.py:1061: InsecureRequestWarning: Unverified HTTPS request is being made to host 'dbelk3.afaqy.local'. Adding certificate verification is strongly advised. See: https://urllib3.readthedocs.io/en/1.26.x/advanced-usage.html#ssl-warnings
  warnings.warn(

[2024-05-08T12:42:04.931+0000] {_transport.py:335} INFO - GET https://dbelk3.afaqy.local:9200/_cluster/health [status:200 duration:0.113s]
[2024-05-08T12:42:05.407+0000] {warnings.py:109} WARNING - /home/***/.local/lib/python3.8/site-packages/urllib3/connectionpool.py:1061: InsecureRequestWarning: Unverified HTTPS request is being made to host 'dbelk2.afaqy.local'. Adding certificate verification is strongly advised. See: https://urllib3.readthedocs.io/en/1.26.x/advanced-usage.html#ssl-warnings
  warnings.warn(

[2024-05-08T12:42:05.419+0000] {_transport.py:335} INFO - PUT https://dbelk2.afaqy.local:9200/units_statistics_***/_bulk [status:429 duration:0.039s]
[2024-05-08T12:42:05.420+0000] {_node_pool.py:249} WARNING - Node <Urllib3HttpNode(https://dbelk2.afaqy.local:9200)> has failed for 1 times in a row, putting on 1 second timeout
[2024-05-08T12:42:05.420+0000] {_transport.py:427} WARNING - Retrying request after non-successful status 429 (attempt 0 of 3)
[2024-05-08T12:42:05.421+0000] {warnings.py:109} WARNING - /home/***/.local/lib/python3.8/site-packages/urllib3/connectionpool.py:1061: InsecureRequestWarning: Unverified HTTPS request is being made to host 'dbelk3.afaqy.local'. Adding certificate verification is strongly advised. See: https://urllib3.readthedocs.io/en/1.26.x/advanced-usage.html#ssl-warnings
  warnings.warn(

[2024-05-08T12:42:05.550+0000] {_transport.py:335} INFO - PUT https://dbelk3.afaqy.local:9200/units_statistics_***/_bulk [status:200 duration:0.129s]
[2024-05-08T12:42:05.869+0000] {taskinstance.py:2731} ERROR - Task failed with exception
Traceback (most recent call last):
  File "/home/airflow/.local/lib/python3.8/site-packages/airflow/models/taskinstance.py", line 444, in _execute_task
    result = _execute_callable(context=context, **execute_callable_kwargs)
  File "/home/airflow/.local/lib/python3.8/site-packages/airflow/models/taskinstance.py", line 414, in _execute_callable
    return execute_callable(context=context, **execute_callable_kwargs)
  File "/home/airflow/.local/lib/python3.8/site-packages/airflow/decorators/base.py", line 241, in execute
    return_value = super().execute(context)
  File "/home/airflow/.local/lib/python3.8/site-packages/airflow/operators/python.py", line 200, in execute
    return_value = self.execute_callable()
  File "/home/airflow/.local/lib/python3.8/site-packages/airflow/operators/python.py", line 217, in execute_callable
    return self.python_callable(*self.op_args, **self.op_kwargs)
  File "/opt/airflow/dags/Units_dag.py", line 111, in ETL_job
    Elk_client.elk_pushData(Globals.index_name,units_list_update)
  File "/opt/airflow/dags/units_statistics/elk_manager.py", line 69, in elk_pushData
    helpers.bulk(self.elk_client, docs_list, index=index_name, chunk_size=batch)
  File "/home/airflow/.local/lib/python3.8/site-packages/elasticsearch/helpers/actions.py", line 521, in bulk
    for ok, item in streaming_bulk(
  File "/home/airflow/.local/lib/python3.8/site-packages/elasticsearch/helpers/actions.py", line 436, in streaming_bulk
    for data, (ok, info) in zip(
  File "/home/airflow/.local/lib/python3.8/site-packages/elasticsearch/helpers/actions.py", line 355, in _process_bulk_chunk
    yield from gen
  File "/home/airflow/.local/lib/python3.8/site-packages/elasticsearch/helpers/actions.py", line 274, in _process_bulk_chunk_success
    raise BulkIndexError(f"{len(errors)} document(s) failed to index.", errors)
elasticsearch.helpers.BulkIndexError: 10000 document(s) failed to index.
[2024-05-08T12:42:05.883+0000] {taskinstance.py:1149} INFO - Marking task as UP_FOR_RETRY. dag_id=Units_statistics_DAG, task_id=ETL_job, map_index=13, execution_date=20240508T122000, start_date=20240508T124145, end_date=20240508T124205
[2024-05-08T12:42:05.902+0000] {standard_task_runner.py:107} ERROR - Failed to execute job 41718 for task ETL_job (10000 document(s) failed to index.; 861203)
[2024-05-08T12:42:05.985+0000] {local_task_job_runner.py:234} INFO - Task exited with return code 1
[2024-05-08T12:42:06.016+0000] {taskinstance.py:3312} INFO - 0 downstream tasks scheduled from follow-on schedule check
