[2024-05-11T13:00:55.233+0000] {taskinstance.py:1979} INFO - Dependencies all met for dep_context=non-requeueable deps ti=<TaskInstance: Units_statistics_DAG.ETL_job scheduled__2024-05-11T12:40:00+00:00 map_index=16 [queued]>
[2024-05-11T13:00:55.317+0000] {taskinstance.py:1979} INFO - Dependencies all met for dep_context=requeueable deps ti=<TaskInstance: Units_statistics_DAG.ETL_job scheduled__2024-05-11T12:40:00+00:00 map_index=16 [queued]>
[2024-05-11T13:00:55.318+0000] {taskinstance.py:2193} INFO - Starting attempt 1 of 4
[2024-05-11T13:00:55.415+0000] {taskinstance.py:2217} INFO - Executing <Mapped(_PythonDecoratedOperator): ETL_job> on 2024-05-11 12:40:00+00:00
[2024-05-11T13:00:55.441+0000] {standard_task_runner.py:60} INFO - Started process 940913 to run task
[2024-05-11T13:00:55.457+0000] {standard_task_runner.py:87} INFO - Running: ['***', 'tasks', 'run', 'Units_statistics_DAG', 'ETL_job', 'scheduled__2024-05-11T12:40:00+00:00', '--job-id', '50630', '--raw', '--subdir', 'DAGS_FOLDER/Units_dag.py', '--cfg-path', '/tmp/tmp5u3b_t05', '--map-index', '16']
[2024-05-11T13:00:55.463+0000] {standard_task_runner.py:88} INFO - Job 50630: Subtask ETL_job
[2024-05-11T13:00:55.605+0000] {task_command.py:423} INFO - Running <TaskInstance: Units_statistics_DAG.ETL_job scheduled__2024-05-11T12:40:00+00:00 map_index=16 [running]> on host a09da322e808
[2024-05-11T13:00:56.018+0000] {taskinstance.py:2513} INFO - Exporting env vars: AIRFLOW_CTX_DAG_OWNER='abeer-araby' AIRFLOW_CTX_DAG_ID='Units_statistics_DAG' AIRFLOW_CTX_TASK_ID='ETL_job' AIRFLOW_CTX_EXECUTION_DATE='2024-05-11T12:40:00+00:00' AIRFLOW_CTX_TRY_NUMBER='1' AIRFLOW_CTX_DAG_RUN_ID='scheduled__2024-05-11T12:40:00+00:00'
[2024-05-11T13:00:56.020+0000] {Units_dag.py:98} INFO - i: 160000, chunk: 10000
[2024-05-11T13:00:56.020+0000] {Units_dag.py:99} INFO - child token is::: eyJ0eXAiOiJKV1QiLCJhbGciOiJIUzI1NiJ9.eyJpc3MiOiJodHRwczovL2FwaS5hZmFxeS5zYS9hdXRoL2xvZ2luX2FzIiwiaWF0IjoxNzE1NDMyNDA0LCJleHAiOjE3MTgwMjQ0MDQsIm5iZiI6MTcxNTQzMjQwNCwianRpIjoidkh1WUZoMnJJTDBVbkd0QSIsInN1YiI6IjVkNjNlNTFlMDNlZDUyOTJhNDJjMjRlNiIsInBydiI6IjI3MGVjZmM3ZWEzZWQ5MzdlYTg0OTM2MmEzYTUwOTEwYzZkOGNlNGYiLCJsb2dpbl9hc19pZCI6IjY1N2YwYWQ3M2Y5NzcyOTVjZjA1NTc2YSJ9.2IFg6psKOAeigNoXag4L-JCHONsZMTY0Dbj--DM2Ffk
[2024-05-11T13:01:14.264+0000] {Units_dag.py:103} INFO - {'_id': '65f03d4d16de6e8527072082', 'icon': 'icons/icon.png', 'driver_id': '', 'tailer_id': '', 'profile': {'measurement_type': 'count', 'fuel_type': '91', 'year': 0, 'seats': 2}, 'shipment_info': {'product_category': '', 'truck_type': '', 'shipment_type': '', 'shipment_payment_type': '', 'transporter_type': '', 'operating_area': '', 'weight_kilograms_per_day': '', 'kms_per_day': '', 'opening_milage': '', 'shipment_trip_drive_hrs_day': '', 'expected_shipment_trip_day': '', 'car_pay_per_day': '', 'exceeding_temperature_limit_per_day': '', 'temperature_upper_limit': '', 'exceeding_humidity_limit_per_day': '', 'humidity_upper_limit': '', 'allowable_delay_drive_hrs_day': ''}, 'device_password': '***', 'device_type': 'gps', 'gateway': False, 'business_types': {'waste': False, 'transportation': True, 'water': False}, 'name': '1329UER', 'operation_code': None, 'device_gateway': None, 'skip_sim_information': False, 'imei': '866069061116446', 'sim_number': '+966830020698052', 'sim_serial': '8996609821112127620', 'device_serial': '1135688987', 'device': 'teltonika', 'user_id': '64a521fa2b89b242d0656ad2', 'created_by': '5e6655bf03ed52e1ab79d301', 'updated_at': '2024-04-18 11:18:59', 'created_at': '2024-03-12 14:32:29', 'custom_fields': [], 'creator': 'amr.ahmed', 'company': '', 'owner': 'chery-trading-admin', 'last_update': {'dtt': 1715432276000, 'dts': 1715432279554, 'spd': 0, 'ang': 5, 'alt': 0, 'chPrams': {'Speed': {'v': 0, 'cdt': 1713860753000}, 'output1': {'v': False, 'cdt': 1715353535000}, 'ePwrV': {'v': 11.27, 'cdt': 1715432276000}, 'parm24': {'v': 0, 'cdt': 1713860753000}, 'sat': {'v': 13, 'cdt': 1715431073000}, 'ai1': {'v': 43, 'cdt': 1713169997000}, 'type': {'v': 6, 'cdt': 1713192838000}, 'priority': {'v': 0, 'cdt': 1715331295000}, 'di1': {'v': 0, 'cdt': 1714291740000}, 'result': {'v': '5665723a30332e32382e30325f313937204750533a41584e5f352e312e392048773a464d43393230204d6f643a3120494d45493a38363630363930363131313634343620496e69743a323032342d332d313620383a323520557074696d653a34373637373939204d41433a333838413231393232343936205350433a312830292041584c3a31204f42443a3020424c3a312e31302042543a34', 'cdt': 1715353235000}, 'protocol': {'v': 'FMC920', 'cdt': 1715353535000}, 'iPwrV': {'v': 3.9490000000000003, 'cdt': 1715413643000}, 'event': {'v': 0, 'cdt': 1713169997000}}, 'prms': {'protocol': 'FMC920', 'priority': 0, 'sat': 13, 'event': 0, 'di1': 0, 'output1': 0, 'ePwrV': 11.27, 'Speed': 0, 'parm24': 0, 'iPwrV': 3.9490000000000003, 'ai1': 43}, 'devPrms': ['protocol', 'priority', 'sat', 'event', 'di1', 'output1', 'ePwrV', 'Speed', 'parm24', 'iPwrV', 'ai1'], 'old_params': {'Speed': 0, 'protocol': 'teltonika', 'output1': 0, 'ePwrV': 11.269, 'parm24': 0, 'sat': 13, 'ai1': 43, 'iPwrV': 3.9490000000000003, 'priority': 0, 'event': 0, 'di1': 0}, 'vLoc': 1, 'vCon': 1, 'ip': '37.216.125.193', 'rl': 0, 'trl': 0.3771, 'mdu': 0, 'tmdu': 224, 'eidl': 0, 'teidl': 1542, 'fc': 0, 'tfc': 0.045252, 'acc': 0, 'accOn': 1533, 'accOff': 5284214, 'sdu': 301, 'tsdu': 1140536, 'lat': 21.5695516, 'lng': 39.1917199}, 'counters': {'engine_hours': 1533, 'last_acc': 0, 'odometer': 0.3741, 'engine_hours_type': 'acc', 'odometer_type': 'gps'}, 'is_wasl_connected': 'Not Connected', 'iconUrl': 'https://api.afaqy.sa/images/units/icons/icon.png', 'hasCCTV': False}
[2024-05-11T13:01:14.759+0000] {warnings.py:109} WARNING - /home/***/.local/lib/python3.8/site-packages/elasticsearch/_sync/client/__init__.py:399: SecurityWarning: Connecting to 'https://dbelk1.afaqy.local:9200' using TLS with verify_certs=False is insecure
  _transport = transport_class(

[2024-05-11T13:01:14.803+0000] {warnings.py:109} WARNING - /home/***/.local/lib/python3.8/site-packages/elasticsearch/_sync/client/__init__.py:399: SecurityWarning: Connecting to 'https://dbelk2.afaqy.local:9200' using TLS with verify_certs=False is insecure
  _transport = transport_class(

[2024-05-11T13:01:14.846+0000] {warnings.py:109} WARNING - /home/***/.local/lib/python3.8/site-packages/elasticsearch/_sync/client/__init__.py:399: SecurityWarning: Connecting to 'https://dbelk3.afaqy.local:9200' using TLS with verify_certs=False is insecure
  _transport = transport_class(

[2024-05-11T13:01:14.875+0000] {warnings.py:109} WARNING - /home/***/.local/lib/python3.8/site-packages/urllib3/connectionpool.py:1061: InsecureRequestWarning: Unverified HTTPS request is being made to host 'dbelk1.afaqy.local'. Adding certificate verification is strongly advised. See: https://urllib3.readthedocs.io/en/1.26.x/advanced-usage.html#ssl-warnings
  warnings.warn(

[2024-05-11T13:01:14.939+0000] {_transport.py:335} INFO - GET https://dbelk1.afaqy.local:9200/_cluster/health [status:200 duration:0.091s]
[2024-05-11T13:01:15.326+0000] {warnings.py:109} WARNING - /home/***/.local/lib/python3.8/site-packages/urllib3/connectionpool.py:1061: InsecureRequestWarning: Unverified HTTPS request is being made to host 'dbelk2.afaqy.local'. Adding certificate verification is strongly advised. See: https://urllib3.readthedocs.io/en/1.26.x/advanced-usage.html#ssl-warnings
  warnings.warn(

[2024-05-11T13:01:15.340+0000] {_transport.py:335} INFO - PUT https://dbelk2.afaqy.local:9200/units_statistics_***/_bulk [status:429 duration:0.033s]
[2024-05-11T13:01:15.340+0000] {_node_pool.py:249} WARNING - Node <Urllib3HttpNode(https://dbelk2.afaqy.local:9200)> has failed for 1 times in a row, putting on 1 second timeout
[2024-05-11T13:01:15.340+0000] {_transport.py:427} WARNING - Retrying request after non-successful status 429 (attempt 0 of 3)
[2024-05-11T13:01:15.341+0000] {warnings.py:109} WARNING - /home/***/.local/lib/python3.8/site-packages/urllib3/connectionpool.py:1061: InsecureRequestWarning: Unverified HTTPS request is being made to host 'dbelk1.afaqy.local'. Adding certificate verification is strongly advised. See: https://urllib3.readthedocs.io/en/1.26.x/advanced-usage.html#ssl-warnings
  warnings.warn(

[2024-05-11T13:01:18.452+0000] {_transport.py:335} INFO - PUT https://dbelk1.afaqy.local:9200/units_statistics_***/_bulk [status:200 duration:3.111s]
[2024-05-11T13:01:18.620+0000] {python.py:202} INFO - Done. Returned value was: None
[2024-05-11T13:01:18.640+0000] {taskinstance.py:1149} INFO - Marking task as SUCCESS. dag_id=Units_statistics_DAG, task_id=ETL_job, map_index=16, execution_date=20240511T124000, start_date=20240511T130055, end_date=20240511T130118
[2024-05-11T13:01:18.729+0000] {local_task_job_runner.py:234} INFO - Task exited with return code 0
[2024-05-11T13:01:18.765+0000] {taskinstance.py:3312} INFO - 0 downstream tasks scheduled from follow-on schedule check
