[2024-05-12T08:00:17.169+0000] {taskinstance.py:1979} INFO - Dependencies all met for dep_context=non-requeueable deps ti=<TaskInstance: Units_statistics_DAG.ETL_job scheduled__2024-05-12T07:40:00+00:00 map_index=15 [queued]>
[2024-05-12T08:00:17.225+0000] {taskinstance.py:1979} INFO - Dependencies all met for dep_context=requeueable deps ti=<TaskInstance: Units_statistics_DAG.ETL_job scheduled__2024-05-12T07:40:00+00:00 map_index=15 [queued]>
[2024-05-12T08:00:17.226+0000] {taskinstance.py:2193} INFO - Starting attempt 1 of 4
[2024-05-12T08:00:17.346+0000] {taskinstance.py:2217} INFO - Executing <Mapped(_PythonDecoratedOperator): ETL_job> on 2024-05-12 07:40:00+00:00
[2024-05-12T08:00:17.362+0000] {standard_task_runner.py:60} INFO - Started process 962878 to run task
[2024-05-12T08:00:17.390+0000] {standard_task_runner.py:87} INFO - Running: ['***', 'tasks', 'run', 'Units_statistics_DAG', 'ETL_job', 'scheduled__2024-05-12T07:40:00+00:00', '--job-id', '53516', '--raw', '--subdir', 'DAGS_FOLDER/Units_dag.py', '--cfg-path', '/tmp/tmpjiu0t90b', '--map-index', '15']
[2024-05-12T08:00:17.397+0000] {standard_task_runner.py:88} INFO - Job 53516: Subtask ETL_job
[2024-05-12T08:00:17.626+0000] {task_command.py:423} INFO - Running <TaskInstance: Units_statistics_DAG.ETL_job scheduled__2024-05-12T07:40:00+00:00 map_index=15 [running]> on host a09da322e808
[2024-05-12T08:00:18.179+0000] {taskinstance.py:2513} INFO - Exporting env vars: AIRFLOW_CTX_DAG_OWNER='abeer-araby' AIRFLOW_CTX_DAG_ID='Units_statistics_DAG' AIRFLOW_CTX_TASK_ID='ETL_job' AIRFLOW_CTX_EXECUTION_DATE='2024-05-12T07:40:00+00:00' AIRFLOW_CTX_TRY_NUMBER='1' AIRFLOW_CTX_DAG_RUN_ID='scheduled__2024-05-12T07:40:00+00:00'
[2024-05-12T08:00:18.181+0000] {Units_dag.py:98} INFO - i: 150000, chunk: 10000
[2024-05-12T08:00:18.181+0000] {Units_dag.py:99} INFO - child token is::: eyJ0eXAiOiJKV1QiLCJhbGciOiJIUzI1NiJ9.eyJpc3MiOiJodHRwczovL2FwaS5hZmFxeS5zYS9hdXRoL2xvZ2luX2FzIiwiaWF0IjoxNzE1NTAwODA0LCJleHAiOjE3MTgwOTI4MDQsIm5iZiI6MTcxNTUwMDgwNCwianRpIjoidlR6a1FSaEpwakgwRG02ciIsInN1YiI6IjVkNjNlNTFlMDNlZDUyOTJhNDJjMjRlNiIsInBydiI6IjI3MGVjZmM3ZWEzZWQ5MzdlYTg0OTM2MmEzYTUwOTEwYzZkOGNlNGYiLCJsb2dpbl9hc19pZCI6IjY1N2YwYWQ3M2Y5NzcyOTVjZjA1NTc2YSJ9.vq3d2BTkxMJIh5ziQneZBO3fVC3uiD8DjKINBVKE9qo
[2024-05-12T08:00:47.575+0000] {Units_dag.py:103} INFO - {'_id': '659bfcd9cc6f8b098513a1df', 'icon': 'icons/icon.png', 'driver_id': '', 'tailer_id': '', 'profile': {'vehicle_type': 'SINOTRUCK', 'measurement_type': 'count', 'max_capacity': None, 'vin': 'LZZPBLNF9PJ306528', 'plate_number': 'ZSA9615', 'start_operation': '', 'contract_milage': '', 'opening_milage': '', 'model': '947964020', 'fuel_type': 'diesel', 'year': 2023, 'seats': 1}, 'shipment_info': {'product_category': None, 'truck_type': None, 'shipment_type': None, 'shipment_payment_type': None, 'transporter_type': None, 'operating_area': None, 'weight_kilograms_per_day': None, 'kms_per_day': None, 'shipment_trip_drive_hrs_day': None, 'allowable_delay_drive_hrs_day': None, 'expected_shipment_trip_day': None, 'car_pay_per_day': None, 'exceeding_temperature_limit_per_day': None, 'temperature_upper_limit': None, 'exceeding_humidity_limit_per_day': None, 'humidity_upper_limit': None}, 'device_password': '***', 'device_type': 'gps', 'gateway': False, 'business_types': {'waste': False, 'transportation': True, 'water': False}, 'name': '09KN2075-ZSA9615', 'operation_code': '', 'device_gateway': '', 'skip_sim_information': False, 'imei': '864376049468647', 'sim_number': '+966830020197052', 'sim_serial': '8996609821112134517', 'device_serial': '864376049468647', 'device': 'bce', 'user_id': '5e57ed5a03ed52ad545fafb7', 'created_by': '5e6655bf03ed52e1ab79d301', 'updated_at': '2024-04-18 11:18:59', 'created_at': '2024-01-08 16:47:05', 'custom_fields': [{'id': '662101fc721cc3fb8c0b7c56', 'key': 'Count of Tank', 'value': '1', 'type': 'general', 'measurement_unit': None}, {'id': '662101fc721cc3fb8c0b7c58', 'key': 'Tank Capacity', 'value': '600', 'type': 'general', 'measurement_unit': None}], 'creator': 'amr.ahmed', 'company': 'Al Khalidi Holding Co.', 'owner': 'al-khalidi', 'last_update': {'dtt': 1715499770000, 'dts': 1715499814967, 'spd': 0, 'ang': 52, 'alt': 13, 'chPrams': {'ai1': {'v': 0, 'cdt': 1713427348000}, 'j1939_fuel_rate': {'v': 18, 'cdt': 1715494070000}, 'trailer1_status': {'v': 0, 'cdt': 1713427348000}, 'trailer2_status': {'v': 0, 'cdt': 1713427348000}, 'can_engine_hrs': {'v': 22854, 'cdt': 1715493928000}, 'trailer2_id': {'v': 0, 'cdt': 1713427348000}, 'ai4': {'v': 12547, 'cdt': 1715499770000}, 'j1939_air_temp': {'v': 13375, 'cdt': 1715486328000}, 'protocol': {'v': 'bce', 'cdt': 1713427348000}, 'iPwrV': {'v': 4.128, 'cdt': 1715499470000}, 'brk': {'v': '0.00', 'cdt': 1715494056000}, 'ID': {'v': '120766C', 'cdt': 1715273030000}, 'cid1': {'v': 33601, 'cdt': 1715499770000}, 'j1939_fl_con': {'v': 8417314, 'cdt': 1715494070000}, 'odometer': {'v': 0, 'cdt': 1715494026000}, 'spd': {'v': 0, 'cdt': 1715494026000}, 'can_taho': {'v': '0', 'cdt': 1708242710000}, 'can_fls': {'v': 0, 'cdt': 1715492804000}, 'mnc1': {'v': 3, 'cdt': 1713576844000}, 'total_fuel': {'v': 16835, 'cdt': 1715494008000}, 'ePwrV': {'v': 25.763, 'cdt': 1715499770000}, 'di16': {'v': 1, 'cdt': 1713427348000}, 'di15': {'v': '0', 'cdt': 1708255308000}, 'rssi1': {'v': 86, 'cdt': 1715499770000}, 'di14': {'v': 0, 'cdt': 1715494008000}, 'di13': {'v': 0, 'cdt': 1713427348000}, 'di12': {'v': 0, 'cdt': 1715494070000}, 'can_mileage': {'v': 6213382, 'cdt': 1715494026000}, 'can_rpm': {'v': 4404, 'cdt': 1715494070000}, 'di11': {'v': 0, 'cdt': 1713279384000}, 'fuel_con_ins': {'v': 0, 'cdt': 1715494370000}, 'di10': {'v': 0, 'cdt': 1713427348000}, 'di2': {'v': 1, 'cdt': 1714715822000}, 'di1': {'v': 0, 'cdt': 1715494056000}, 'di4': {'v': 0, 'cdt': 1715090892000}, 'di3': {'v': 0, 'cdt': 1715494070000}, 'di6': {'v': 0, 'cdt': 1715090892000}, 'di5': {'v': 0, 'cdt': 1715494070000}, 'lac1': {'v': 3606, 'cdt': 1715499770000}, 'j1939_flfmseco': {'v': 0, 'cdt': 1715494026000}, 'di8': {'v': 1, 'cdt': 1714715822000}, 'di7': {'v': 0, 'cdt': 1715494670000}, 'engine_temp': {'v': 123, 'cdt': 1715494026000}, 'di9': {'v': 0, 'cdt': 1713419490000}, 'crn': {'v': '0.00', 'cdt': 1715494056000}, 'sat': {'v': 12, 'cdt': 1715489482000}, 'trailer1_id': {'v': 0, 'cdt': 1713427348000}, 'accel': {'v': '0.00', 'cdt': 1715494002000}, 'ta': {'v': 0, 'cdt': 1713427348000}, 'hdop': {'v': 1, 'cdt': 1715238000000}, 'mcc1': {'v': 420, 'cdt': 1713576844000}}, 'prms': {'protocol': 'bce', 'spd': 0, 'sat': 12, 'hdop': 1, 'odometer': 0, 'di16': 1, 'di15': 0, 'di14': 0, 'di13': 0, 'di12': 0, 'di11': 0, 'di10': 0, 'di9': 0, 'di8': 1, 'di7': 0, 'di6': 0, 'di5': 0, 'di4': 0, 'di3': 0, 'di2': 1, 'di1': 0, 'ai1': 0, 'ePwrV': 25.763, 'ai4': 12547, 'iPwrV': 4.128, 'ta': 0, 'mcc1': 420, 'mnc1': 3, 'lac1': 3606, 'cid1': 33601, 'rssi1': 86, 'total_fuel': 16835, 'can_fls': 0, 'can_rpm': 4404, 'can_engine_hrs': 22854, 'can_mileage': 6213382, 'engine_temp': 123, 'j1939_air_temp': 13375, 'trailer1_id': 0, 'trailer1_status': 0, 'trailer2_id': 0, 'trailer2_status': 0, 'j1939_fuel_rate': 18, 'j1939_flfmseco': 0, 'j1939_fl_con': 8417314, 'ID': '120766C', 'fuel_con_ins': 0, 'accel': '0.00', 'brk': '0.00', 'crn': '0.00'}, 'devPrms': ['protocol', 'spd', 'sat', 'hdop', 'odometer', 'di16', 'di15', 'di14', 'di13', 'di12', 'di11', 'di10', 'di9', 'di8', 'di7', 'di6', 'di5', 'di4', 'di3', 'di2', 'di1', 'ai1', 'ePwrV', 'ai4', 'iPwrV', 'ta', 'mcc1', 'mnc1', 'lac1', 'cid1', 'rssi1', 'total_fuel', 'can_fls', 'can_rpm', 'can_engine_hrs', 'can_mileage', 'engine_temp', 'j1939_air_temp', 'trailer1_id', 'trailer1_status', 'trailer2_id', 'trailer2_status', 'j1939_fuel_rate', 'j1939_flfmseco', 'j1939_fl_con', 'ID', 'fuel_con_ins', 'accel', 'brk', 'crn'], 'old_params': {'protocol': 'bce', 'spd': 0, 'sat': 12, 'hdop': 1, 'odometer': 0, 'di16': 1, 'di15': 0, 'di14': 0, 'di13': 0, 'di12': 0, 'di11': 0, 'di10': 0, 'di9': 0, 'di8': 1, 'di7': 0, 'di6': 0, 'di5': 0, 'di4': 0, 'di3': 0, 'di2': 1, 'di1': 0, 'ai1': 0, 'ePwrV': 25.755, 'ai4': 12557, 'iPwrV': 4.128, 'ta': 0, 'mcc1': 420, 'mnc1': 3, 'lac1': 3605, 'cid1': 51751, 'rssi1': 74, 'total_fuel': 16835, 'can_fls': 0, 'can_rpm': 4404, 'can_engine_hrs': 22854, 'can_mileage': 6213382, 'engine_temp': 123, 'j1939_air_temp': 13375, 'trailer1_id': 0, 'trailer1_status': 0, 'trailer2_id': 0, 'trailer2_status': 0, 'j1939_fuel_rate': 18, 'j1939_flfmseco': 0, 'j1939_fl_con': 8417314, 'ID': '120766C', 'fuel_con_ins': 0, 'accel': '0.00', 'brk': '0.00', 'crn': '0.00'}, 'vLoc': 1, 'vCon': 1, 'ip': '109.83.250.138', 'rl': 0, 'trl': 29486.0117, 'mdu': 0, 'tmdu': 1408360, 'eidl': 0, 'teidl': 2682902, 'fc': 0, 'tfc': 9.605628, 'acc': 0, 'accOn': 5985382, 'accOff': 137498980, 'sdu': 300, 'tsdu': 5700, 'lat': 26.66575813293457, 'lng': 49.76655578613281}, 'counters': {'engine_hours': 5985382, 'last_acc': 0, 'odometer': 29485.2947, 'engine_hours_type': '', 'odometer_type': ''}, 'is_wasl_connected': 'Connected', 'iconUrl': 'https://api.afaqy.sa/images/units/icons/icon.png', 'hasCCTV': False}
[2024-05-12T08:00:49.672+0000] {warnings.py:109} WARNING - /home/***/.local/lib/python3.8/site-packages/elasticsearch/_sync/client/__init__.py:399: SecurityWarning: Connecting to 'https://dbelk1.afaqy.local:9200' using TLS with verify_certs=False is insecure
  _transport = transport_class(

[2024-05-12T08:00:49.762+0000] {warnings.py:109} WARNING - /home/***/.local/lib/python3.8/site-packages/elasticsearch/_sync/client/__init__.py:399: SecurityWarning: Connecting to 'https://dbelk3.afaqy.local:9200' using TLS with verify_certs=False is insecure
  _transport = transport_class(

[2024-05-12T08:00:49.867+0000] {warnings.py:109} WARNING - /home/***/.local/lib/python3.8/site-packages/elasticsearch/_sync/client/__init__.py:399: SecurityWarning: Connecting to 'https://dbelk2.afaqy.local:9200' using TLS with verify_certs=False is insecure
  _transport = transport_class(

[2024-05-12T08:00:49.905+0000] {warnings.py:109} WARNING - /home/***/.local/lib/python3.8/site-packages/urllib3/connectionpool.py:1061: InsecureRequestWarning: Unverified HTTPS request is being made to host 'dbelk1.afaqy.local'. Adding certificate verification is strongly advised. See: https://urllib3.readthedocs.io/en/1.26.x/advanced-usage.html#ssl-warnings
  warnings.warn(

[2024-05-12T08:00:49.964+0000] {_transport.py:335} INFO - GET https://dbelk1.afaqy.local:9200/_cluster/health [status:200 duration:0.095s]
[2024-05-12T08:00:50.833+0000] {warnings.py:109} WARNING - /home/***/.local/lib/python3.8/site-packages/urllib3/connectionpool.py:1061: InsecureRequestWarning: Unverified HTTPS request is being made to host 'dbelk3.afaqy.local'. Adding certificate verification is strongly advised. See: https://urllib3.readthedocs.io/en/1.26.x/advanced-usage.html#ssl-warnings
  warnings.warn(

[2024-05-12T08:00:50.846+0000] {_transport.py:335} INFO - PUT https://dbelk3.afaqy.local:9200/units_statistics_***/_bulk [status:429 duration:0.039s]
[2024-05-12T08:00:50.847+0000] {_node_pool.py:249} WARNING - Node <Urllib3HttpNode(https://dbelk3.afaqy.local:9200)> has failed for 1 times in a row, putting on 1 second timeout
[2024-05-12T08:00:50.847+0000] {_transport.py:427} WARNING - Retrying request after non-successful status 429 (attempt 0 of 3)
[2024-05-12T08:00:50.848+0000] {warnings.py:109} WARNING - /home/***/.local/lib/python3.8/site-packages/urllib3/connectionpool.py:1061: InsecureRequestWarning: Unverified HTTPS request is being made to host 'dbelk1.afaqy.local'. Adding certificate verification is strongly advised. See: https://urllib3.readthedocs.io/en/1.26.x/advanced-usage.html#ssl-warnings
  warnings.warn(

[2024-05-12T08:00:51.049+0000] {_transport.py:335} INFO - PUT https://dbelk1.afaqy.local:9200/units_statistics_***/_bulk [status:200 duration:0.202s]
[2024-05-12T08:00:51.366+0000] {taskinstance.py:2731} ERROR - Task failed with exception
Traceback (most recent call last):
  File "/home/airflow/.local/lib/python3.8/site-packages/airflow/models/taskinstance.py", line 444, in _execute_task
    result = _execute_callable(context=context, **execute_callable_kwargs)
  File "/home/airflow/.local/lib/python3.8/site-packages/airflow/models/taskinstance.py", line 414, in _execute_callable
    return execute_callable(context=context, **execute_callable_kwargs)
  File "/home/airflow/.local/lib/python3.8/site-packages/airflow/decorators/base.py", line 241, in execute
    return_value = super().execute(context)
  File "/home/airflow/.local/lib/python3.8/site-packages/airflow/operators/python.py", line 200, in execute
    return_value = self.execute_callable()
  File "/home/airflow/.local/lib/python3.8/site-packages/airflow/operators/python.py", line 217, in execute_callable
    return self.python_callable(*self.op_args, **self.op_kwargs)
  File "/opt/airflow/dags/Units_dag.py", line 111, in ETL_job
    Elk_client.elk_pushData(Globals.index_name,units_list_update)
  File "/opt/airflow/dags/units_statistics/elk_manager.py", line 69, in elk_pushData
    helpers.bulk(self.elk_client, docs_list, index=index_name, chunk_size=batch)
  File "/home/airflow/.local/lib/python3.8/site-packages/elasticsearch/helpers/actions.py", line 521, in bulk
    for ok, item in streaming_bulk(
  File "/home/airflow/.local/lib/python3.8/site-packages/elasticsearch/helpers/actions.py", line 436, in streaming_bulk
    for data, (ok, info) in zip(
  File "/home/airflow/.local/lib/python3.8/site-packages/elasticsearch/helpers/actions.py", line 355, in _process_bulk_chunk
    yield from gen
  File "/home/airflow/.local/lib/python3.8/site-packages/elasticsearch/helpers/actions.py", line 274, in _process_bulk_chunk_success
    raise BulkIndexError(f"{len(errors)} document(s) failed to index.", errors)
elasticsearch.helpers.BulkIndexError: 10000 document(s) failed to index.
[2024-05-12T08:00:51.378+0000] {taskinstance.py:1149} INFO - Marking task as UP_FOR_RETRY. dag_id=Units_statistics_DAG, task_id=ETL_job, map_index=15, execution_date=20240512T074000, start_date=20240512T080017, end_date=20240512T080051
[2024-05-12T08:00:51.399+0000] {standard_task_runner.py:107} ERROR - Failed to execute job 53516 for task ETL_job (10000 document(s) failed to index.; 962878)
[2024-05-12T08:00:51.480+0000] {local_task_job_runner.py:234} INFO - Task exited with return code 1
[2024-05-12T08:00:51.513+0000] {taskinstance.py:3312} INFO - 0 downstream tasks scheduled from follow-on schedule check
