[2024-05-13T13:20:57.824+0000] {local_task_job_runner.py:120} INFO - ::group::Pre task execution logs
[2024-05-13T13:20:58.062+0000] {taskinstance.py:2076} INFO - Dependencies all met for dep_context=non-requeueable deps ti=<TaskInstance: Units_statistics_DAG.ETL_job scheduled__2024-05-13T13:00:00+00:00 map_index=17 [queued]>
[2024-05-13T13:20:58.157+0000] {taskinstance.py:2076} INFO - Dependencies all met for dep_context=requeueable deps ti=<TaskInstance: Units_statistics_DAG.ETL_job scheduled__2024-05-13T13:00:00+00:00 map_index=17 [queued]>
[2024-05-13T13:20:58.158+0000] {taskinstance.py:2306} INFO - Starting attempt 1 of 4
[2024-05-13T13:20:58.348+0000] {taskinstance.py:2330} INFO - Executing <Mapped(_PythonDecoratedOperator): ETL_job> on 2024-05-13 13:00:00+00:00
[2024-05-13T13:20:58.397+0000] {warnings.py:110} WARNING - /home/***/.local/lib/python3.12/site-packages/***/task/task_runner/standard_task_runner.py:61: DeprecationWarning: This process (pid=19527) is multi-threaded, use of fork() may lead to deadlocks in the child.
  pid = os.fork()

[2024-05-13T13:20:58.400+0000] {standard_task_runner.py:63} INFO - Started process 19535 to run task
[2024-05-13T13:20:58.407+0000] {standard_task_runner.py:90} INFO - Running: ['***', 'tasks', 'run', 'Units_statistics_DAG', 'ETL_job', 'scheduled__2024-05-13T13:00:00+00:00', '--job-id', '55917', '--raw', '--subdir', 'DAGS_FOLDER/Units_dag.py', '--cfg-path', '/tmp/tmpzsaj0dfo', '--map-index', '17']
[2024-05-13T13:20:58.411+0000] {standard_task_runner.py:91} INFO - Job 55917: Subtask ETL_job
[2024-05-13T13:20:58.517+0000] {task_command.py:426} INFO - Running <TaskInstance: Units_statistics_DAG.ETL_job scheduled__2024-05-13T13:00:00+00:00 map_index=17 [running]> on host 7138d7e072c5
[2024-05-13T13:20:58.999+0000] {taskinstance.py:2648} INFO - Exporting env vars: AIRFLOW_CTX_DAG_OWNER='abeer-araby' AIRFLOW_CTX_DAG_ID='Units_statistics_DAG' AIRFLOW_CTX_TASK_ID='ETL_job' AIRFLOW_CTX_EXECUTION_DATE='2024-05-13T13:00:00+00:00' AIRFLOW_CTX_TRY_NUMBER='1' AIRFLOW_CTX_DAG_RUN_ID='scheduled__2024-05-13T13:00:00+00:00'
[2024-05-13T13:20:59.001+0000] {taskinstance.py:430} INFO - ::endgroup::
[2024-05-13T13:20:59.002+0000] {Units_dag.py:98} INFO - i: 170000, chunk: 2279
[2024-05-13T13:20:59.003+0000] {Units_dag.py:99} INFO - child token is::: eyJ0eXAiOiJKV1QiLCJhbGciOiJIUzI1NiJ9.eyJpc3MiOiJodHRwczovL2FwaS5hZmFxeS5zYS9hdXRoL2xvZ2luX2FzIiwiaWF0IjoxNzE1NjA2NDA1LCJleHAiOjE3MTgxOTg0MDUsIm5iZiI6MTcxNTYwNjQwNSwianRpIjoicWdtbWVHUEY0WmlRcU1GWSIsInN1YiI6IjVkNjNlNTFlMDNlZDUyOTJhNDJjMjRlNiIsInBydiI6IjI3MGVjZmM3ZWEzZWQ5MzdlYTg0OTM2MmEzYTUwOTEwYzZkOGNlNGYiLCJsb2dpbl9hc19pZCI6IjY1N2YwYWQ3M2Y5NzcyOTVjZjA1NTc2YSJ9.WE6V4hojWKb2q7x0QIsZI4uRkYFg9x2cyBJo-rUaIhA
[2024-05-13T13:21:04.546+0000] {Units_dag.py:103} INFO - {'_id': '6638c6692ee38e2cd808a376', 'icon': 'icons/icon.png', 'driver_id': '', 'tailer_id': '', 'profile': {'vehicle_type': '', 'measurement_type': 'count', 'max_capacity': 0, 'vin': '', 'plate_number': '', 'start_operation': '', 'contract_milage': '', 'opening_milage': '', 'model': '', 'fuel_type': '91', 'year': 0, 'seats': 2}, 'shipment_info': {'product_category': None, 'truck_type': None, 'shipment_type': None, 'shipment_payment_type': None, 'transporter_type': None, 'operating_area': None, 'weight_kilograms_per_day': None, 'kms_per_day': None, 'shipment_trip_drive_hrs_day': None, 'allowable_delay_drive_hrs_day': None, 'expected_shipment_trip_day': None, 'car_pay_per_day': None, 'exceeding_temperature_limit_per_day': None, 'temperature_upper_limit': None, 'exceeding_humidity_limit_per_day': None, 'humidity_upper_limit': None}, 'device_password': '***', 'device_type': 'gps', 'gateway': False, 'business_types': {'waste': False, 'transportation': True, 'water': False}, 'name': 'LEFADDE13RTP05017', 'operation_code': '', 'device_gateway': '', 'skip_sim_information': False, 'custom_fields': [], 'imei': '352592573036647', 'sim_number': '+966830020497831', 'sim_serial': '8996609821112199816', 'device_serial': '1137054454', 'device': 'teltonika', 'user_id': '61c43b241b5e6d541b2b65ce', 'created_by': '5e6655bf03ed52e1ab79d301', 'updated_at': '2024-05-08 11:06:54', 'created_at': '2024-05-06 15:00:41', 'creator': 'amr.ahmed', 'company': '', 'owner': 'al-jabr-renta-admin', 'last_update': {'dtt': 1715606416000, 'dts': 1715606419478, 'spd': 0, 'ang': 147, 'alt': 5, 'chPrams': {'Speed': {'v': 0, 'cdt': 1715079257000}, 'output1': {'v': False, 'cdt': 1715075680000}, 'output2': {'v': False, 'cdt': 1715075680000}, 'ePwrV': {'v': 12.368, 'cdt': 1715606416000}, 'parm24': {'v': 0, 'cdt': 1715079257000}, 'sat': {'v': 17, 'cdt': 1715606116000}, 'ai1': {'v': 260, 'cdt': 1715074929000}, 'type': {'v': 6, 'cdt': 1715074896719}, 'priority': {'v': 0, 'cdt': 1715074929000}, 'di2': {'v': 0, 'cdt': 1715074929000}, 'di1': {'v': 0, 'cdt': 1715079257000}, 'result': {'v': '5665723a30332e32372e31345f3030204750533a41584e5f352e312e392048773a464d42313230204d6f643a333320494d45493a33353235393235373330333636343720496e69743a323032342d352d3720393a343120557074696d653a343730303039204d41433a333838413231344337364635205350433a312830292041584c3a32204f42443a3020424c3a312e31302042543a34', 'cdt': 1715545709000}, 'protocol': {'v': 'FMB120', 'cdt': 1715546010000}, 'parm6': {'v': 260, 'cdt': 1715074929000}, 'iPwrV': {'v': 4.047, 'cdt': 1715531284000}, 'event': {'v': 0, 'cdt': 1715074929000}}, 'prms': {'protocol': 'FMB120', 'priority': 0, 'sat': 17, 'event': 0, 'di1': 0, 'output1': 0, 'di2': 0, 'output2': 0, 'ePwrV': 12.368, 'Speed': 0, 'parm24': 0, 'iPwrV': 4.047, 'ai1': 260, 'parm6': 260}, 'devPrms': ['protocol', 'priority', 'sat', 'event', 'di1', 'output1', 'di2', 'output2', 'ePwrV', 'Speed', 'parm24', 'iPwrV', 'ai1', 'parm6'], 'old_params': {'Speed': 0, 'output1': 0, 'output2': 0, 'ePwrV': 12.372, 'parm24': 0, 'sat': 17, 'ai1': 260, 'priority': 0, 'di2': 0, 'di1': 0, 'protocol': 'teltonika', 'parm6': 260, 'iPwrV': 4.047, 'event': 0}, 'vLoc': 1, 'vCon': 1, 'ip': '37.216.84.23', 'rl': 0, 'trl': 0.1045, 'mdu': 0, 'tmdu': 53, 'eidl': 0, 'teidl': 846, 'fc': 0, 'tfc': 0.01254, 'acc': 0, 'accOn': 1046, 'accOff': 4290518, 'sdu': 300, 'tsdu': 527159, 'lat': 21.3012349, 'lng': 39.2309366}, 'counters': {'engine_hours': 1046, 'last_acc': 0, 'odometer': 1, 'engine_hours_type': '', 'odometer_type': ''}, 'is_wasl_connected': 'Not Connected', 'iconUrl': 'https://api.afaqy.sa/images/units/icons/icon.png', 'hasCCTV': False}
[2024-05-13T13:21:05.124+0000] {warnings.py:110} WARNING - /home/***/.local/lib/python3.12/site-packages/elasticsearch/_sync/client/__init__.py:399: SecurityWarning: Connecting to 'https://dbelk1.afaqy.local:9200' using TLS with verify_certs=False is insecure
  _transport = transport_class(

[2024-05-13T13:21:05.180+0000] {warnings.py:110} WARNING - /home/***/.local/lib/python3.12/site-packages/elasticsearch/_sync/client/__init__.py:399: SecurityWarning: Connecting to 'https://dbelk2.afaqy.local:9200' using TLS with verify_certs=False is insecure
  _transport = transport_class(

[2024-05-13T13:21:05.250+0000] {warnings.py:110} WARNING - /home/***/.local/lib/python3.12/site-packages/elasticsearch/_sync/client/__init__.py:399: SecurityWarning: Connecting to 'https://dbelk3.afaqy.local:9200' using TLS with verify_certs=False is insecure
  _transport = transport_class(

[2024-05-13T13:21:05.283+0000] {warnings.py:110} WARNING - /home/***/.local/lib/python3.12/site-packages/urllib3/connectionpool.py:1103: InsecureRequestWarning: Unverified HTTPS request is being made to host 'dbelk1.afaqy.local'. Adding certificate verification is strongly advised. See: https://urllib3.readthedocs.io/en/latest/advanced-usage.html#tls-warnings
  warnings.warn(

[2024-05-13T13:21:05.398+0000] {_transport.py:349} INFO - GET https://dbelk1.afaqy.local:9200/_cluster/health [status:200 duration:0.145s]
[2024-05-13T13:21:05.761+0000] {warnings.py:110} WARNING - /home/***/.local/lib/python3.12/site-packages/urllib3/connectionpool.py:1103: InsecureRequestWarning: Unverified HTTPS request is being made to host 'dbelk2.afaqy.local'. Adding certificate verification is strongly advised. See: https://urllib3.readthedocs.io/en/latest/advanced-usage.html#tls-warnings
  warnings.warn(

[2024-05-13T13:21:06.089+0000] {_transport.py:349} INFO - PUT https://dbelk2.afaqy.local:9200/units_statistics_***/_bulk [status:200 duration:0.357s]
[2024-05-13T13:21:06.134+0000] {python.py:237} INFO - Done. Returned value was: None
[2024-05-13T13:21:06.135+0000] {taskinstance.py:441} INFO - ::group::Post task execution logs
[2024-05-13T13:21:06.156+0000] {taskinstance.py:1206} INFO - Marking task as SUCCESS. dag_id=Units_statistics_DAG, task_id=ETL_job, run_id=scheduled__2024-05-13T13:00:00+00:00, map_index=17, execution_date=20240513T130000, start_date=20240513T132058, end_date=20240513T132106
[2024-05-13T13:21:06.221+0000] {local_task_job_runner.py:240} INFO - Task exited with return code 0
[2024-05-13T13:21:06.253+0000] {taskinstance.py:3498} INFO - 0 downstream tasks scheduled from follow-on schedule check
[2024-05-13T13:21:06.255+0000] {local_task_job_runner.py:222} INFO - ::endgroup::
