[2024-05-08T09:02:42.648+0000] {taskinstance.py:1979} INFO - Dependencies all met for dep_context=non-requeueable deps ti=<TaskInstance: Units_statistics_DAG.ETL_job scheduled__2024-05-08T08:40:00+00:00 map_index=12 [queued]>
[2024-05-08T09:02:42.663+0000] {taskinstance.py:1979} INFO - Dependencies all met for dep_context=requeueable deps ti=<TaskInstance: Units_statistics_DAG.ETL_job scheduled__2024-05-08T08:40:00+00:00 map_index=12 [queued]>
[2024-05-08T09:02:42.664+0000] {taskinstance.py:2193} INFO - Starting attempt 2 of 4
[2024-05-08T09:02:42.687+0000] {taskinstance.py:2217} INFO - Executing <Mapped(_PythonDecoratedOperator): ETL_job> on 2024-05-08 08:40:00+00:00
[2024-05-08T09:02:42.698+0000] {standard_task_runner.py:60} INFO - Started process 857233 to run task
[2024-05-08T09:02:42.703+0000] {standard_task_runner.py:87} INFO - Running: ['***', 'tasks', 'run', 'Units_statistics_DAG', 'ETL_job', 'scheduled__2024-05-08T08:40:00+00:00', '--job-id', '41289', '--raw', '--subdir', 'DAGS_FOLDER/Units_dag.py', '--cfg-path', '/tmp/tmp14aur0n_', '--map-index', '12']
[2024-05-08T09:02:42.705+0000] {standard_task_runner.py:88} INFO - Job 41289: Subtask ETL_job
[2024-05-08T09:02:42.779+0000] {task_command.py:423} INFO - Running <TaskInstance: Units_statistics_DAG.ETL_job scheduled__2024-05-08T08:40:00+00:00 map_index=12 [running]> on host a09da322e808
[2024-05-08T09:02:42.923+0000] {taskinstance.py:2513} INFO - Exporting env vars: AIRFLOW_CTX_DAG_OWNER='abeer-araby' AIRFLOW_CTX_DAG_ID='Units_statistics_DAG' AIRFLOW_CTX_TASK_ID='ETL_job' AIRFLOW_CTX_EXECUTION_DATE='2024-05-08T08:40:00+00:00' AIRFLOW_CTX_TRY_NUMBER='2' AIRFLOW_CTX_DAG_RUN_ID='scheduled__2024-05-08T08:40:00+00:00'
[2024-05-08T09:02:42.924+0000] {Units_dag.py:98} INFO - i: 120000, chunk: 10000
[2024-05-08T09:02:42.924+0000] {Units_dag.py:99} INFO - child token is::: eyJ0eXAiOiJKV1QiLCJhbGciOiJIUzI1NiJ9.eyJpc3MiOiJodHRwczovL2FwaS5hZmFxeS5zYS9hdXRoL2xvZ2luX2FzIiwiaWF0IjoxNzE1MTU4ODA0LCJleHAiOjE3MTc3NTA4MDQsIm5iZiI6MTcxNTE1ODgwNCwianRpIjoiTEJHU3lUc2N5TVJjYmdVZCIsInN1YiI6IjVkNjNlNTFlMDNlZDUyOTJhNDJjMjRlNiIsInBydiI6IjI3MGVjZmM3ZWEzZWQ5MzdlYTg0OTM2MmEzYTUwOTEwYzZkOGNlNGYiLCJsb2dpbl9hc19pZCI6IjY1N2YwYWQ3M2Y5NzcyOTVjZjA1NTc2YSJ9.wRxn4RLXta8y4ncMQEJzegLdva3u8X31DJbR8XPvgp0
[2024-05-08T09:03:01.887+0000] {Units_dag.py:103} INFO - {'_id': '64cf743cdab4133ce061972b', 'icon': 'icons/icon.png', 'driver_id': '', 'tailer_id': '', 'profile': {'measurement_type': 'count', 'fuel_type': '91', 'year': 0, 'seats': 2}, 'device_password': '***', 'device_type': 'gps', 'gateway': False, 'business_types': {'waste': False, 'transportation': True, 'water': False}, 'name': '861937063338116 ', 'operation_code': None, 'device_gateway': None, 'skip_sim_information': False, 'imei': '861937063338116', 'sim_number': '+966830032102440', 'sim_serial': '8996609821111916749', 'device_serial': '861937063338116', 'device': 'bce', 'user_id': '5f8bf21303ed52b7fb1c11ba', 'created_by': '5e6655bf03ed52e1ab79d301', 'updated_at': '2024-04-18 11:18:59', 'created_at': '2023-08-06 13:21:48', 'custom_fields': [], 'creator': 'amr.ahmed', 'company': '', 'owner': 'alwefaq-rent', 'last_update': {'dtt': 1715158912000, 'dts': 1715158936630, 'spd': 0, 'ang': 12, 'alt': 51, 'chPrams': {'ePwrV': {'v': 13.689, 'cdt': 1715158912000}, 'di16': {'v': 1, 'cdt': 1713607752000}, 'di15': {'v': 0, 'cdt': 1690275708000}, 'rssi1': {'v': 76, 'cdt': 1715158912000}, 'di14': {'v': 0, 'cdt': 1715158572000}, 'di13': {'v': 0, 'cdt': 1712617426000}, 'di12': {'v': 0, 'cdt': 1713607752000}, 'di11': {'v': 0, 'cdt': 1713607752000}, 'di10': {'v': 0, 'cdt': 1713607752000}, 'di2': {'v': 0, 'cdt': 1713607752000}, 'di1': {'v': 0, 'cdt': 1715158732000}, 'ai4': {'v': 320, 'cdt': 1715158572000}, 'di4': {'v': 0, 'cdt': 1713607752000}, 'di3': {'v': 0, 'cdt': 1713607752000}, 'di6': {'v': 0, 'cdt': 1713607752000}, 'di5': {'v': 1, 'cdt': 1715145204000}, 'lac1': {'v': 2242, 'cdt': 1715153556000}, 'protocol': {'v': 'bce', 'cdt': 1713607752000}, 'di8': {'v': 1, 'cdt': 1713611652000}, 'di7': {'v': 1, 'cdt': 1715145234000}, 'di9': {'v': 0, 'cdt': 1713607752000}, 'iPwrV': {'v': 4.022, 'cdt': 1715158368000}, 'humidity': {'v': -1, 'cdt': 1713611652000}, 'cid1': {'v': 39154, 'cdt': 1715158582000}, 'temp': {'v': -273, 'cdt': 1712946204000}, 'odometer': {'v': 0, 'cdt': 1715158582000}, 'spd': {'v': 0, 'cdt': 1715158582000}, 'sat': {'v': 12, 'cdt': 1715157976000}, 'hdop': {'v': 1, 'cdt': 1715143416000}, 'ta': {'v': 0, 'cdt': 1713611652000}, 'mcc1': {'v': 420, 'cdt': 1714378960000}, 'mnc1': {'v': 3, 'cdt': 1713611652000}}, 'prms': {'protocol': 'bce', 'spd': 0, 'sat': 12, 'hdop': 1, 'odometer': 0, 'di16': 1, 'di15': 0, 'di14': 0, 'di13': 0, 'di12': 0, 'di11': 0, 'di10': 0, 'di9': 0, 'di8': 1, 'di7': 1, 'di6': 0, 'di5': 1, 'di4': 0, 'di3': 0, 'di2': 0, 'di1': 0, 'ePwrV': 13.689, 'ai4': 320, 'iPwrV': 4.022, 'ta': 0, 'mcc1': 420, 'mnc1': 3, 'lac1': 2242, 'cid1': 39154, 'rssi1': 76, 'temp': -273, 'humidity': -1}, 'devPrms': ['protocol', 'spd', 'sat', 'hdop', 'odometer', 'di16', 'di15', 'di14', 'di13', 'di12', 'di11', 'di10', 'di9', 'di8', 'di7', 'di6', 'di5', 'di4', 'di3', 'di2', 'di1', 'ePwrV', 'ai4', 'iPwrV', 'ta', 'mcc1', 'mnc1', 'lac1', 'cid1', 'rssi1', 'temp', 'humidity'], 'old_params': {'protocol': 'bce', 'spd': 0, 'sat': 12, 'hdop': 1, 'odometer': 0, 'di16': 1, 'di15': 0, 'di14': 0, 'di13': 0, 'di12': 0, 'di11': 0, 'di10': 0, 'di9': 0, 'di8': 1, 'di7': 1, 'di6': 0, 'di5': 1, 'di4': 0, 'di3': 0, 'di2': 0, 'di1': 0, 'ePwrV': 13.681, 'ai4': 320, 'iPwrV': 4.022, 'ta': 0, 'mcc1': 420, 'mnc1': 3, 'lac1': 2242, 'cid1': 39154, 'rssi1': 75, 'temp': -273, 'humidity': -1}, 'vLoc': 1, 'vCon': 1, 'ip': '109.83.61.61', 'rl': 0, 'trl': 15452.6216, 'mdu': 0, 'tmdu': 1252178, 'eidl': 30, 'teidl': 1893268, 'fc': 0, 'tfc': 12.554388, 'acc': 1, 'accOn': 6126504, 'accOff': 19496976, 'sdu': 0, 'tsdu': 0, 'lat': 21.648813247680664, 'lng': 39.22928237915039}, 'counters': {'odometer_type': 'gps', 'odometer': 15452.6216, 'engine_hours_type': 'acc', 'engine_hours': 6126504, 'last_acc': 1}, 'is_wasl_connected': 'Not Connected', 'iconUrl': 'https://api.afaqy.sa/images/units/icons/icon.png', 'hasCCTV': False}
[2024-05-08T09:03:02.412+0000] {warnings.py:109} WARNING - /home/***/.local/lib/python3.8/site-packages/elasticsearch/_sync/client/__init__.py:399: SecurityWarning: Connecting to 'https://dbelk1.afaqy.local:9200' using TLS with verify_certs=False is insecure
  _transport = transport_class(

[2024-05-08T09:03:02.454+0000] {warnings.py:109} WARNING - /home/***/.local/lib/python3.8/site-packages/elasticsearch/_sync/client/__init__.py:399: SecurityWarning: Connecting to 'https://dbelk3.afaqy.local:9200' using TLS with verify_certs=False is insecure
  _transport = transport_class(

[2024-05-08T09:03:02.495+0000] {warnings.py:109} WARNING - /home/***/.local/lib/python3.8/site-packages/elasticsearch/_sync/client/__init__.py:399: SecurityWarning: Connecting to 'https://dbelk2.afaqy.local:9200' using TLS with verify_certs=False is insecure
  _transport = transport_class(

[2024-05-08T09:03:02.518+0000] {warnings.py:109} WARNING - /home/***/.local/lib/python3.8/site-packages/urllib3/connectionpool.py:1061: InsecureRequestWarning: Unverified HTTPS request is being made to host 'dbelk1.afaqy.local'. Adding certificate verification is strongly advised. See: https://urllib3.readthedocs.io/en/1.26.x/advanced-usage.html#ssl-warnings
  warnings.warn(

[2024-05-08T09:03:02.588+0000] {_transport.py:335} INFO - GET https://dbelk1.afaqy.local:9200/_cluster/health [status:200 duration:0.090s]
[2024-05-08T09:03:02.962+0000] {warnings.py:109} WARNING - /home/***/.local/lib/python3.8/site-packages/urllib3/connectionpool.py:1061: InsecureRequestWarning: Unverified HTTPS request is being made to host 'dbelk3.afaqy.local'. Adding certificate verification is strongly advised. See: https://urllib3.readthedocs.io/en/1.26.x/advanced-usage.html#ssl-warnings
  warnings.warn(

[2024-05-08T09:03:02.976+0000] {_transport.py:335} INFO - PUT https://dbelk3.afaqy.local:9200/units_statistics_***/_bulk [status:429 duration:0.036s]
[2024-05-08T09:03:02.976+0000] {_node_pool.py:249} WARNING - Node <Urllib3HttpNode(https://dbelk3.afaqy.local:9200)> has failed for 1 times in a row, putting on 1 second timeout
[2024-05-08T09:03:02.976+0000] {_transport.py:427} WARNING - Retrying request after non-successful status 429 (attempt 0 of 3)
[2024-05-08T09:03:02.977+0000] {warnings.py:109} WARNING - /home/***/.local/lib/python3.8/site-packages/urllib3/connectionpool.py:1061: InsecureRequestWarning: Unverified HTTPS request is being made to host 'dbelk1.afaqy.local'. Adding certificate verification is strongly advised. See: https://urllib3.readthedocs.io/en/1.26.x/advanced-usage.html#ssl-warnings
  warnings.warn(

[2024-05-08T09:03:45.855+0000] {_transport.py:335} INFO - PUT https://dbelk1.afaqy.local:9200/units_statistics_***/_bulk [status:200 duration:42.879s]
[2024-05-08T09:03:46.329+0000] {python.py:202} INFO - Done. Returned value was: None
[2024-05-08T09:03:46.344+0000] {taskinstance.py:1149} INFO - Marking task as SUCCESS. dag_id=Units_statistics_DAG, task_id=ETL_job, map_index=12, execution_date=20240508T084000, start_date=20240508T090242, end_date=20240508T090346
[2024-05-08T09:03:46.413+0000] {local_task_job_runner.py:234} INFO - Task exited with return code 0
[2024-05-08T09:03:46.462+0000] {taskinstance.py:3312} INFO - 0 downstream tasks scheduled from follow-on schedule check
