[2024-05-06T18:20:17.755+0000] {taskinstance.py:1979} INFO - Dependencies all met for dep_context=non-requeueable deps ti=<TaskInstance: Units_statistics_DAG.ETL_job scheduled__2024-05-06T18:00:00+00:00 map_index=10 [queued]>
[2024-05-06T18:20:17.811+0000] {taskinstance.py:1979} INFO - Dependencies all met for dep_context=requeueable deps ti=<TaskInstance: Units_statistics_DAG.ETL_job scheduled__2024-05-06T18:00:00+00:00 map_index=10 [queued]>
[2024-05-06T18:20:17.811+0000] {taskinstance.py:2193} INFO - Starting attempt 1 of 4
[2024-05-06T18:20:17.948+0000] {taskinstance.py:2217} INFO - Executing <Mapped(_PythonDecoratedOperator): ETL_job> on 2024-05-06 18:00:00+00:00
[2024-05-06T18:20:17.984+0000] {standard_task_runner.py:60} INFO - Started process 813876 to run task
[2024-05-06T18:20:18.012+0000] {standard_task_runner.py:87} INFO - Running: ['***', 'tasks', 'run', 'Units_statistics_DAG', 'ETL_job', 'scheduled__2024-05-06T18:00:00+00:00', '--job-id', '36169', '--raw', '--subdir', 'DAGS_FOLDER/Units_dag.py', '--cfg-path', '/tmp/tmp8he0enej', '--map-index', '10']
[2024-05-06T18:20:18.055+0000] {standard_task_runner.py:88} INFO - Job 36169: Subtask ETL_job
[2024-05-06T18:20:18.456+0000] {task_command.py:423} INFO - Running <TaskInstance: Units_statistics_DAG.ETL_job scheduled__2024-05-06T18:00:00+00:00 map_index=10 [running]> on host a09da322e808
[2024-05-06T18:20:19.187+0000] {taskinstance.py:2513} INFO - Exporting env vars: AIRFLOW_CTX_DAG_OWNER='abeer-araby' AIRFLOW_CTX_DAG_ID='Units_statistics_DAG' AIRFLOW_CTX_TASK_ID='ETL_job' AIRFLOW_CTX_EXECUTION_DATE='2024-05-06T18:00:00+00:00' AIRFLOW_CTX_TRY_NUMBER='1' AIRFLOW_CTX_DAG_RUN_ID='scheduled__2024-05-06T18:00:00+00:00'
[2024-05-06T18:20:19.189+0000] {Units_dag.py:99} INFO - i: 100000, chunk: 10000
[2024-05-06T18:20:19.189+0000] {Units_dag.py:100} INFO - child token is::: eyJ0eXAiOiJKV1QiLCJhbGciOiJIUzI1NiJ9.eyJpc3MiOiJodHRwczovL2FwaS5hZmFxeS5zYS9hdXRoL2xvZ2luX2FzIiwiaWF0IjoxNzE1MDE5NjAzLCJleHAiOjE3MTc2MTE2MDMsIm5iZiI6MTcxNTAxOTYwMywianRpIjoiVEhsekVPWlUwV3ZDTTVPbyIsInN1YiI6IjVkNjNlNTFlMDNlZDUyOTJhNDJjMjRlNiIsInBydiI6IjI3MGVjZmM3ZWEzZWQ5MzdlYTg0OTM2MmEzYTUwOTEwYzZkOGNlNGYiLCJsb2dpbl9hc19pZCI6IjY1N2YwYWQ3M2Y5NzcyOTVjZjA1NTc2YSJ9.sDxwR7DnGqgeehvbaJLChFSx7wpH76UlU9r_dk1goMY
[2024-05-06T18:20:50.321+0000] {Units_dag.py:104} INFO - {'_id': '6456113ac4499b71283fe0c1', 'icon': 'icons/icon.png', 'driver_id': '', 'tailer_id': '', 'profile': {'measurement_type': 'count', 'fuel_type': '91', 'year': 2018, 'seats': 2}, 'device_password': '***', 'device_type': 'gps', 'gateway': False, 'name': '5104', 'operation_code': '5104', 'device_gateway': None, 'business_types': {'waste': False, 'transportation': False, 'water': False, 'hajj': True}, 'imei': '864376049477838', 'sim_number': '+966830031807784', 'sim_serial': '421296737000', 'device_serial': '864376049477838', 'device': 'bce', 'user_id': '6256d942674c9170c17c2e25', 'created_by': '5e6655bf03ed52e1ab79d301', 'updated_at': '2024-05-05 14:44:06', 'created_at': '2023-05-06 11:35:06', 'skip_sim_information': False, 'custom_fields': [], 'shipment_info': None, 'creator': 'amr.ahmed', 'company': 'شركة القائد السعودية للمقاولات والتجارة والنقل', 'owner': 'qaid-hajj', 'last_update': {'dtt': 1715019582000, 'dts': 1715019601971, 'spd': 0, 'ang': 34, 'alt': 306, 'chPrams': {'ePwrV': {'v': 26.721, 'cdt': 1715019582000}, 'di16': {'v': 1, 'cdt': 1714972674000}, 'di15': {'v': 0, 'cdt': 1683362148000}, 'rssi1': {'v': 41, 'cdt': 1715019582000}, 'di14': {'v': 0, 'cdt': 1715018504000}, 'di13': {'v': 0, 'cdt': 1714972674000}, 'di12': {'v': 0, 'cdt': 1715018980000}, 'can_mileage': {'v': 0, 'cdt': 1713954138000}, 'di11': {'v': 0, 'cdt': 1714972674000}, 'j1939_fuel_rate': {'v': 0, 'cdt': 1713954138000}, 'fuel_con_ins': {'v': 0, 'cdt': 1713954138000}, 'di10': {'v': 0, 'cdt': 1714972674000}, 'di2': {'v': 0, 'cdt': 1714972674000}, 'di1': {'v': 0, 'cdt': 1715019282000}, 'di4': {'v': 0, 'cdt': 1714972674000}, 'di3': {'v': 0, 'cdt': 1714972674000}, 'di6': {'v': 0, 'cdt': 1714972674000}, 'di5': {'v': 0, 'cdt': 1715018980000}, 'lac1': {'v': 52013, 'cdt': 1714967476000}, 'di8': {'v': 1, 'cdt': 1713617316000}, 'protocol': {'v': 'bce', 'cdt': 1714972674000}, 'di7': {'v': 1, 'cdt': 1715018176000}, 'engine_temp': {'v': 0, 'cdt': 1714972674000}, 'di9': {'v': 0, 'cdt': 1713954138000}, 'iPwrV': {'v': 4.147, 'cdt': 1715018980000}, 'cid1': {'v': 16783, 'cdt': 1715018860000}, 'odometer': {'v': 0, 'cdt': 1715018830000}, 'spd': {'v': 0, 'cdt': 1715018830000}, 'sat': {'v': 12, 'cdt': 1714966612000}, 'hdop': {'v': 1, 'cdt': 1714963450000}, 'ta': {'v': 0, 'cdt': 1714972674000}, 'mcc1': {'v': 420, 'cdt': 1713044422000}, 'can_fls': {'v': 0, 'cdt': 1713954138000}, 'mnc1': {'v': 4, 'cdt': 1713044422000}, 'total_fuel': {'v': 0, 'cdt': 1713954138000}}, 'prms': {'protocol': 'bce', 'spd': 0, 'sat': 12, 'hdop': 1, 'odometer': 0, 'di16': 1, 'di15': 0, 'di14': 0, 'di13': 0, 'di12': 0, 'di11': 0, 'di10': 0, 'di9': 0, 'di8': 1, 'di7': 1, 'di6': 0, 'di5': 0, 'di4': 0, 'di3': 0, 'di2': 0, 'di1': 0, 'ePwrV': 26.721, 'iPwrV': 4.147, 'ta': 0, 'mcc1': 420, 'mnc1': 4, 'lac1': 52013, 'cid1': 16783, 'rssi1': 41, 'total_fuel': 0, 'can_fls': 0, 'can_mileage': 0, 'engine_temp': 0, 'j1939_fuel_rate': 0, 'fuel_con_ins': 0}, 'devPrms': ['protocol', 'spd', 'sat', 'hdop', 'odometer', 'di16', 'di15', 'di14', 'di13', 'di12', 'di11', 'di10', 'di9', 'di8', 'di7', 'di6', 'di5', 'di4', 'di3', 'di2', 'di1', 'ePwrV', 'iPwrV', 'ta', 'mcc1', 'mnc1', 'lac1', 'cid1', 'rssi1', 'total_fuel', 'can_fls', 'can_mileage', 'engine_temp', 'j1939_fuel_rate', 'fuel_con_ins'], 'old_params': {'di16': 1, 'ePwrV': 26.889, 'di15': 0, 'rssi1': 42, 'di14': 0, 'di13': 0, 'di12': 0, 'di11': 0, 'can_mileage': 0, 'di10': 0, 'j1939_fuel_rate': 0, 'fuel_con_ins': 0, 'di2': 0, 'di1': 0, 'di4': 0, 'di3': 0, 'di6': 0, 'di5': 0, 'lac1': 52013, 'protocol': 'bce', 'di8': 1, 'di7': 1, 'engine_temp': 0, 'di9': 0, 'iPwrV': 4.147, 'cid1': 16783, 'odometer': 0, 'spd': 0, 'sat': 12, 'hdop': 1, 'ta': 0, 'mcc1': 420, 'can_fls': 0, 'mnc1': 4, 'total_fuel': 0}, 'vLoc': 1, 'vCon': 1, 'ip': '51.39.42.6', 'rl': 0, 'trl': 23849.6079, 'mdu': 0, 'tmdu': 1807618, 'eidl': 0, 'teidl': 6659206, 'fc': 0, 'tfc': 0, 'acc': 0, 'accOn': -59375743, 'accOff': 151585232, 'sdu': 300, 'tsdu': 602, 'lat': 21.391117095947266, 'lng': 39.74671173095703}, 'counters': {'odometer_type': 'canbus', 'odometer': 23848.9758, 'engine_hours_type': 'acc', 'engine_hours': -59375743, 'last_acc': 0}, 'is_wasl_connected': 'Connected', 'iconUrl': 'https://api.afaqy.sa/images/units/icons/icon.png', 'hasCCTV': False}
[2024-05-06T18:20:51.270+0000] {warnings.py:109} WARNING - /home/***/.local/lib/python3.8/site-packages/elasticsearch/_sync/client/__init__.py:399: SecurityWarning: Connecting to 'https://dbelk2.afaqy.local:9200' using TLS with verify_certs=False is insecure
  _transport = transport_class(

[2024-05-06T18:20:51.421+0000] {warnings.py:109} WARNING - /home/***/.local/lib/python3.8/site-packages/elasticsearch/_sync/client/__init__.py:399: SecurityWarning: Connecting to 'https://dbelk1.afaqy.local:9200' using TLS with verify_certs=False is insecure
  _transport = transport_class(

[2024-05-06T18:20:51.568+0000] {warnings.py:109} WARNING - /home/***/.local/lib/python3.8/site-packages/elasticsearch/_sync/client/__init__.py:399: SecurityWarning: Connecting to 'https://dbelk3.afaqy.local:9200' using TLS with verify_certs=False is insecure
  _transport = transport_class(

[2024-05-06T18:20:51.608+0000] {warnings.py:109} WARNING - /home/***/.local/lib/python3.8/site-packages/urllib3/connectionpool.py:1061: InsecureRequestWarning: Unverified HTTPS request is being made to host 'dbelk2.afaqy.local'. Adding certificate verification is strongly advised. See: https://urllib3.readthedocs.io/en/1.26.x/advanced-usage.html#ssl-warnings
  warnings.warn(

[2024-05-06T18:20:51.694+0000] {_transport.py:335} INFO - GET https://dbelk2.afaqy.local:9200/_cluster/health [status:200 duration:0.115s]
[2024-05-06T18:20:52.375+0000] {warnings.py:109} WARNING - /home/***/.local/lib/python3.8/site-packages/urllib3/connectionpool.py:1061: InsecureRequestWarning: Unverified HTTPS request is being made to host 'dbelk1.afaqy.local'. Adding certificate verification is strongly advised. See: https://urllib3.readthedocs.io/en/1.26.x/advanced-usage.html#ssl-warnings
  warnings.warn(

[2024-05-06T18:20:52.538+0000] {_transport.py:335} INFO - PUT https://dbelk1.afaqy.local:9200/units_statistics_***/_bulk [status:200 duration:0.196s]
[2024-05-06T18:20:53.152+0000] {taskinstance.py:2731} ERROR - Task failed with exception
Traceback (most recent call last):
  File "/home/airflow/.local/lib/python3.8/site-packages/airflow/models/taskinstance.py", line 444, in _execute_task
    result = _execute_callable(context=context, **execute_callable_kwargs)
  File "/home/airflow/.local/lib/python3.8/site-packages/airflow/models/taskinstance.py", line 414, in _execute_callable
    return execute_callable(context=context, **execute_callable_kwargs)
  File "/home/airflow/.local/lib/python3.8/site-packages/airflow/decorators/base.py", line 241, in execute
    return_value = super().execute(context)
  File "/home/airflow/.local/lib/python3.8/site-packages/airflow/operators/python.py", line 200, in execute
    return_value = self.execute_callable()
  File "/home/airflow/.local/lib/python3.8/site-packages/airflow/operators/python.py", line 217, in execute_callable
    return self.python_callable(*self.op_args, **self.op_kwargs)
  File "/opt/airflow/dags/Units_dag.py", line 112, in ETL_job
    Elk_client.elk_pushData(Globals.index_name,units_list_update)
  File "/opt/airflow/dags/elk_manager.py", line 69, in elk_pushData
    helpers.bulk(self.elk_client, docs_list, index=index_name, chunk_size=batch)
  File "/home/airflow/.local/lib/python3.8/site-packages/elasticsearch/helpers/actions.py", line 521, in bulk
    for ok, item in streaming_bulk(
  File "/home/airflow/.local/lib/python3.8/site-packages/elasticsearch/helpers/actions.py", line 436, in streaming_bulk
    for data, (ok, info) in zip(
  File "/home/airflow/.local/lib/python3.8/site-packages/elasticsearch/helpers/actions.py", line 355, in _process_bulk_chunk
    yield from gen
  File "/home/airflow/.local/lib/python3.8/site-packages/elasticsearch/helpers/actions.py", line 274, in _process_bulk_chunk_success
    raise BulkIndexError(f"{len(errors)} document(s) failed to index.", errors)
elasticsearch.helpers.BulkIndexError: 10000 document(s) failed to index.
[2024-05-06T18:20:53.170+0000] {taskinstance.py:1149} INFO - Marking task as UP_FOR_RETRY. dag_id=Units_statistics_DAG, task_id=ETL_job, map_index=10, execution_date=20240506T180000, start_date=20240506T182017, end_date=20240506T182053
[2024-05-06T18:20:53.195+0000] {standard_task_runner.py:107} ERROR - Failed to execute job 36169 for task ETL_job (10000 document(s) failed to index.; 813876)
[2024-05-06T18:20:53.309+0000] {local_task_job_runner.py:234} INFO - Task exited with return code 1
[2024-05-06T18:20:53.332+0000] {taskinstance.py:3312} INFO - 0 downstream tasks scheduled from follow-on schedule check
