[2024-04-30T05:21:45.635+0000] {taskinstance.py:1979} INFO - Dependencies all met for dep_context=non-requeueable deps ti=<TaskInstance: Units_statistics_DAG.ETL_job scheduled__2024-04-30T05:00:00+00:00 map_index=5 [queued]>
[2024-04-30T05:21:45.651+0000] {taskinstance.py:1979} INFO - Dependencies all met for dep_context=requeueable deps ti=<TaskInstance: Units_statistics_DAG.ETL_job scheduled__2024-04-30T05:00:00+00:00 map_index=5 [queued]>
[2024-04-30T05:21:45.652+0000] {taskinstance.py:2193} INFO - Starting attempt 2 of 4
[2024-04-30T05:21:45.675+0000] {taskinstance.py:2217} INFO - Executing <Mapped(_PythonDecoratedOperator): ETL_job> on 2024-04-30 05:00:00+00:00
[2024-04-30T05:21:45.682+0000] {standard_task_runner.py:60} INFO - Started process 655185 to run task
[2024-04-30T05:21:45.692+0000] {standard_task_runner.py:87} INFO - Running: ['***', 'tasks', 'run', 'Units_statistics_DAG', 'ETL_job', 'scheduled__2024-04-30T05:00:00+00:00', '--job-id', '24172', '--raw', '--subdir', 'DAGS_FOLDER/Units_dag.py', '--cfg-path', '/tmp/tmp81wal20n', '--map-index', '5']
[2024-04-30T05:21:45.699+0000] {standard_task_runner.py:88} INFO - Job 24172: Subtask ETL_job
[2024-04-30T05:21:45.815+0000] {task_command.py:423} INFO - Running <TaskInstance: Units_statistics_DAG.ETL_job scheduled__2024-04-30T05:00:00+00:00 map_index=5 [running]> on host a09da322e808
[2024-04-30T05:21:46.055+0000] {taskinstance.py:2513} INFO - Exporting env vars: AIRFLOW_CTX_DAG_OWNER='abeer-araby' AIRFLOW_CTX_DAG_ID='Units_statistics_DAG' AIRFLOW_CTX_TASK_ID='ETL_job' AIRFLOW_CTX_EXECUTION_DATE='2024-04-30T05:00:00+00:00' AIRFLOW_CTX_TRY_NUMBER='2' AIRFLOW_CTX_DAG_RUN_ID='scheduled__2024-04-30T05:00:00+00:00'
[2024-04-30T05:21:46.056+0000] {Units_dag.py:99} INFO - i: 50000, chunk: 10000
[2024-04-30T05:21:46.057+0000] {Units_dag.py:100} INFO - child token is::: eyJ0eXAiOiJKV1QiLCJhbGciOiJIUzI1NiJ9.eyJpc3MiOiJodHRwczovL2FwaS5hZmFxeS5zYS9hdXRoL2xvZ2luX2FzIiwiaWF0IjoxNzE0NDU0NDAzLCJleHAiOjE3MTcwNDY0MDMsIm5iZiI6MTcxNDQ1NDQwMywianRpIjoiekM3UHRGVE1jOHFrM2tHMSIsInN1YiI6IjVkNjNlNTFlMDNlZDUyOTJhNDJjMjRlNiIsInBydiI6IjI3MGVjZmM3ZWEzZWQ5MzdlYTg0OTM2MmEzYTUwOTEwYzZkOGNlNGYiLCJsb2dpbl9hc19pZCI6IjY1N2YwYWQ3M2Y5NzcyOTVjZjA1NTc2YSJ9.c0IFPUnRe5265u_5Xcbp2-2z7lFz8DQirREmoAn9hl4
[2024-04-30T05:22:02.816+0000] {Units_dag.py:104} INFO - {'_id': '62aedda112ae46735e410fad', 'icon': 'icons/G_13.png', 'driver_id': '', 'tailer_id': '', 'profile': {'vehicle_type': None, 'measurement_type': 'count', 'max_capacity': 0, 'vin': None, 'plate_number': None, 'start_operation': None, 'contract_milage': None, 'opening_milage': None, 'model': None, 'fuel_type': '91', 'year': 0, 'seats': 2}, 'device_password': '***', 'device_type': 'gps', 'gateway': False, 'name': '0152', 'operation_code': '152', 'device_gateway': '', 'business_types': {'waste': False, 'transportation': False, 'water': False, 'hajj': True}, 'imei': '358480085145995', 'sim_number': '+966830030799924', 'sim_serial': '421276213326', 'device_serial': '1102300864', 'device': 'teltonika', 'user_id': '62ae28f6e2df4352f3455062', 'created_by': '5d5d152003ed5207c22d6fb5', 'updated_at': '2024-04-18 11:18:59', 'created_at': '2022-06-19 11:26:09', 'custom_fields': [], 'creator': 'diaa.ahmed', 'company': 'مؤسسة بسمة اعمار لنقل الحجاج والمعتمرين', 'owner': 'basma-emaar-hajj', 'last_update': {'dtt': 1714442008640, 'dts': 1714442016653, 'spd': 0, 'ang': 0, 'alt': 0, 'chPrams': {'Speed': {'v': 0, 'cdt': 1714241216726}, 'output1': {'v': False, 'cdt': 1714435167675}, 'motion': {'v': False, 'cdt': 1714440808660}, 'ePwrV': {'v': 26.107, 'cdt': 1714442008640}, 'parm24': {'v': 0, 'cdt': 1714241216726}, 'sat': {'v': 0, 'cdt': 1714241216726}, 'priority': {'v': 0, 'cdt': 1714440478664}, 'type': {'v': 6, 'cdt': 1713766886945}, 'di2': {'v': 0, 'cdt': 1713838908496}, 'di1': {'v': 0, 'cdt': 1714440478664}, 'result': {'v': '5665723a30312e30302e303520494d45493a3335383438303038353134353939352049443a333320424c3a31362e3039204d6f64656d3a30312e30302e30312e30305f3030352048773a464d423634302048572e3320455854205350433a3128302920', 'cdt': 1713766886945}, 'protocol': {'v': 'FMB640', 'cdt': 1714435167675}, 'iPwrV': {'v': 0, 'cdt': 1714388502890}, 'event': {'v': 0, 'cdt': 1714440478664}}, 'prms': {'protocol': 'FMB640', 'priority': 0, 'sat': 0, 'event': 0, 'di1': 0, 'di2': 0, 'output1': 0, 'motion': 0, 'iPwrV': 0, 'ePwrV': 26.107, 'Speed': 0, 'parm24': 0}, 'devPrms': ['protocol', 'priority', 'sat', 'event', 'di1', 'di2', 'output1', 'motion', 'iPwrV', 'ePwrV', 'Speed', 'parm24'], 'old_params': {'protocol': 'FMB640', 'priority': 0, 'sat': 0, 'event': 0, 'di1': 0, 'di2': 0, 'output1': 0, 'motion': 0, 'iPwrV': 0, 'ePwrV': 26.174, 'Speed': 0, 'parm24': 0}, 'vLoc': 1, 'vCon': 0, 'ip': '51.39.21.122', 'rl': 0, 'trl': 1011753.6125, 'mdu': 0, 'tmdu': 30300858, 'eidl': 0, 'teidl': 20882268, 'fc': 0, 'tfc': 0, 'acc': 0, 'accOn': 2315707582, 'accOff': 3327348175, 'sdu': 299, 'tsdu': 1525, 'lat': 21.58087, 'lng': 39.7624583}, 'counters': {'odometer_type': 'gps', 'odometer': 1011753.6125, 'engine_hours_type': 'acc', 'engine_hours': 2315707582, 'last_acc': 0}, 'is_wasl_connected': 'Not Connected', 'iconUrl': 'https://api.afaqy.sa/images/units/icons/G_13.png', 'hasCCTV': False}
[2024-04-30T05:22:03.371+0000] {warnings.py:109} WARNING - /home/***/.local/lib/python3.8/site-packages/elasticsearch/_sync/client/__init__.py:399: SecurityWarning: Connecting to 'https://dbelk1.afaqy.local:9200' using TLS with verify_certs=False is insecure
  _transport = transport_class(

[2024-04-30T05:22:03.419+0000] {warnings.py:109} WARNING - /home/***/.local/lib/python3.8/site-packages/elasticsearch/_sync/client/__init__.py:399: SecurityWarning: Connecting to 'https://dbelk2.afaqy.local:9200' using TLS with verify_certs=False is insecure
  _transport = transport_class(

[2024-04-30T05:22:03.471+0000] {warnings.py:109} WARNING - /home/***/.local/lib/python3.8/site-packages/elasticsearch/_sync/client/__init__.py:399: SecurityWarning: Connecting to 'https://dbelk3.afaqy.local:9200' using TLS with verify_certs=False is insecure
  _transport = transport_class(

[2024-04-30T05:22:03.492+0000] {warnings.py:109} WARNING - /home/***/.local/lib/python3.8/site-packages/urllib3/connectionpool.py:1061: InsecureRequestWarning: Unverified HTTPS request is being made to host 'dbelk1.afaqy.local'. Adding certificate verification is strongly advised. See: https://urllib3.readthedocs.io/en/1.26.x/advanced-usage.html#ssl-warnings
  warnings.warn(

[2024-04-30T05:22:03.555+0000] {_transport.py:335} INFO - GET https://dbelk1.afaqy.local:9200/_cluster/health [status:200 duration:0.081s]
[2024-04-30T05:22:03.993+0000] {warnings.py:109} WARNING - /home/***/.local/lib/python3.8/site-packages/urllib3/connectionpool.py:1061: InsecureRequestWarning: Unverified HTTPS request is being made to host 'dbelk2.afaqy.local'. Adding certificate verification is strongly advised. See: https://urllib3.readthedocs.io/en/1.26.x/advanced-usage.html#ssl-warnings
  warnings.warn(

[2024-04-30T05:22:05.344+0000] {_transport.py:335} INFO - PUT https://dbelk2.afaqy.local:9200/units_statistics_***/_bulk [status:200 duration:1.379s]
[2024-04-30T05:22:05.519+0000] {python.py:202} INFO - Done. Returned value was: None
[2024-04-30T05:22:05.535+0000] {taskinstance.py:1149} INFO - Marking task as SUCCESS. dag_id=Units_statistics_DAG, task_id=ETL_job, map_index=5, execution_date=20240430T050000, start_date=20240430T052145, end_date=20240430T052205
[2024-04-30T05:22:05.591+0000] {local_task_job_runner.py:234} INFO - Task exited with return code 0
[2024-04-30T05:22:05.618+0000] {taskinstance.py:3312} INFO - 0 downstream tasks scheduled from follow-on schedule check
