[2024-05-13T14:00:18.834+0000] {local_task_job_runner.py:120} INFO - ::group::Pre task execution logs
[2024-05-13T14:00:19.106+0000] {taskinstance.py:2076} INFO - Dependencies all met for dep_context=non-requeueable deps ti=<TaskInstance: Units_statistics_DAG.ETL_job scheduled__2024-05-13T13:40:00+00:00 map_index=5 [queued]>
[2024-05-13T14:00:19.239+0000] {taskinstance.py:2076} INFO - Dependencies all met for dep_context=requeueable deps ti=<TaskInstance: Units_statistics_DAG.ETL_job scheduled__2024-05-13T13:40:00+00:00 map_index=5 [queued]>
[2024-05-13T14:00:19.244+0000] {taskinstance.py:2306} INFO - Starting attempt 1 of 4
[2024-05-13T14:00:19.345+0000] {taskinstance.py:2330} INFO - Executing <Mapped(_PythonDecoratedOperator): ETL_job> on 2024-05-13 13:40:00+00:00
[2024-05-13T14:00:19.422+0000] {warnings.py:110} WARNING - /home/***/.local/lib/python3.12/site-packages/***/task/task_runner/standard_task_runner.py:61: DeprecationWarning: This process (pid=20067) is multi-threaded, use of fork() may lead to deadlocks in the child.
  pid = os.fork()

[2024-05-13T14:00:19.434+0000] {standard_task_runner.py:63} INFO - Started process 20087 to run task
[2024-05-13T14:00:19.490+0000] {standard_task_runner.py:90} INFO - Running: ['***', 'tasks', 'run', 'Units_statistics_DAG', 'ETL_job', 'scheduled__2024-05-13T13:40:00+00:00', '--job-id', '55953', '--raw', '--subdir', 'DAGS_FOLDER/Units_dag.py', '--cfg-path', '/tmp/tmp50ew5e1t', '--map-index', '5']
[2024-05-13T14:00:19.497+0000] {standard_task_runner.py:91} INFO - Job 55953: Subtask ETL_job
[2024-05-13T14:00:19.812+0000] {task_command.py:426} INFO - Running <TaskInstance: Units_statistics_DAG.ETL_job scheduled__2024-05-13T13:40:00+00:00 map_index=5 [running]> on host 7138d7e072c5
[2024-05-13T14:00:20.575+0000] {taskinstance.py:2648} INFO - Exporting env vars: AIRFLOW_CTX_DAG_OWNER='abeer-araby' AIRFLOW_CTX_DAG_ID='Units_statistics_DAG' AIRFLOW_CTX_TASK_ID='ETL_job' AIRFLOW_CTX_EXECUTION_DATE='2024-05-13T13:40:00+00:00' AIRFLOW_CTX_TRY_NUMBER='1' AIRFLOW_CTX_DAG_RUN_ID='scheduled__2024-05-13T13:40:00+00:00'
[2024-05-13T14:00:20.576+0000] {taskinstance.py:430} INFO - ::endgroup::
[2024-05-13T14:00:20.577+0000] {Units_dag.py:98} INFO - i: 50000, chunk: 10000
[2024-05-13T14:00:20.577+0000] {Units_dag.py:99} INFO - child token is::: eyJ0eXAiOiJKV1QiLCJhbGciOiJIUzI1NiJ9.eyJpc3MiOiJodHRwczovL2FwaS5hZmFxeS5zYS9hdXRoL2xvZ2luX2FzIiwiaWF0IjoxNzE1NjA4ODA1LCJleHAiOjE3MTgyMDA4MDUsIm5iZiI6MTcxNTYwODgwNSwianRpIjoiZmc4c2tLRVVxVEk3RVdDSyIsInN1YiI6IjVkNjNlNTFlMDNlZDUyOTJhNDJjMjRlNiIsInBydiI6IjI3MGVjZmM3ZWEzZWQ5MzdlYTg0OTM2MmEzYTUwOTEwYzZkOGNlNGYiLCJsb2dpbl9hc19pZCI6IjY1N2YwYWQ3M2Y5NzcyOTVjZjA1NTc2YSJ9.BGYf2nwahWyDV8v4XK2Q2t7WJaRIIbHN-nn5_kKQ698
[2024-05-13T14:00:39.362+0000] {Units_dag.py:103} INFO - {'_id': '62b08debc042a1545506d601', 'icon': 'icons/icon.png', 'driver_id': '', 'tailer_id': '', 'profile': {'vehicle_type': '', 'measurement_type': 'count', 'max_capacity': 0, 'vin': '', 'plate_number': '1695 -ZSA', 'start_operation': '', 'contract_milage': '', 'opening_milage': '', 'model': '', 'fuel_type': '91', 'year': 0, 'seats': 2}, 'device_password': '***', 'device_type': 'gps', 'gateway': False, 'name': '1695 -ZSA', 'operation_code': '', 'device_gateway': '', 'business_types': {'waste': False, 'transportation': True, 'water': False}, 'imei': '357073291647960', 'sim_number': '+966830028529803', 'sim_serial': '996609821110934870', 'device_serial': '1118453807', 'device': 'teltonika', 'user_id': '603bb11e5cd22d44a9297703', 'created_by': '5e6655bf03ed52e1ab79d301', 'updated_at': '2024-04-18 11:18:59', 'created_at': '2022-06-20 18:10:35', 'shipment_info': {'product_category': None, 'truck_type': None, 'shipment_type': None, 'shipment_payment_type': None, 'transporter_type': None, 'operating_area': None, 'weight_kilograms_per_day': None, 'kms_per_day': None, 'shipment_trip_drive_hrs_day': None, 'allowable_delay_drive_hrs_day': None, 'expected_shipment_trip_day': None, 'car_pay_per_day': None, 'exceeding_temperature_limit_per_day': None, 'temperature_upper_limit': None, 'exceeding_humidity_limit_per_day': None, 'humidity_upper_limit': None}, 'skip_sim_information': '', 'custom_fields': [], 'creator': 'amr.ahmed', 'company': 'National water Company ', 'owner': 'ali-alqarni-admin', 'last_update': {'dtt': 1715608614000, 'dts': 1715608620052, 'spd': 0, 'ang': 96, 'alt': 12, 'chPrams': {'Speed': {'v': 0, 'cdt': 1714991240000}, 'output1': {'v': False, 'cdt': 1715350409000}, 'output2': {'v': False, 'cdt': 1715350409000}, 'ePwrV': {'v': 25.953, 'cdt': 1715608614000}, 'parm24': {'v': 0, 'cdt': 1714991240000}, 'sat': {'v': 18, 'cdt': 1715608614000}, 'ai1': {'v': 14946, 'cdt': 1715608614000}, 'priority': {'v': 0, 'cdt': 1714896894000}, 'di2': {'v': 0, 'cdt': 1713134051000}, 'type': {'v': 6, 'cdt': 1714054985000}, 'di1': {'v': 0, 'cdt': 1715584542000}, 'di3': {'v': 0, 'cdt': 1714896864000}, 'result': {'v': '5665723a30332e32372e30375f3030204750533a41584e5f352e312e392048773a464d42313230204d6f643a333320494d45493a33353730373332393136343739363020496e69743a323032342d312d323420383a313620557074696d653a39343938353339204d41433a303031453432373335353939205350433a312830292041584c3a32204f42443a3020424c3a312e31302042543a34', 'cdt': 1715599599000}, 'protocol': {'v': 'FMB120', 'cdt': 1715599899000}, 'parm6': {'v': 174, 'cdt': 1714896864000}, 'iPwrV': {'v': 3.92, 'cdt': 1715608314000}, 'event': {'v': 0, 'cdt': 1714896894000}}, 'prms': {'protocol': 'FMB120', 'priority': 0, 'sat': 18, 'event': 0, 'di1': 0, 'output1': 0, 'di2': 0, 'di3': 0, 'output2': 0, 'ePwrV': 25.953, 'Speed': 0, 'parm24': 0, 'iPwrV': 3.92, 'ai1': 14946, 'parm6': 174}, 'devPrms': ['protocol', 'priority', 'sat', 'event', 'di1', 'output1', 'di2', 'di3', 'output2', 'ePwrV', 'Speed', 'parm24', 'iPwrV', 'ai1', 'parm6'], 'old_params': {'Speed': 0, 'output1': 0, 'output2': 0, 'ePwrV': 25.951, 'parm24': 0, 'sat': 17, 'ai1': 14954, 'priority': 0, 'di2': 0, 'di1': 0, 'di3': 0, 'protocol': 'teltonika', 'parm6': 174, 'iPwrV': 3.92, 'event': 0}, 'vLoc': 1, 'vCon': 1, 'ip': '37.216.116.56', 'rl': 0, 'trl': 29680.2432, 'mdu': 0, 'tmdu': 4210220, 'eidl': 0, 'teidl': 6948838, 'fc': 0, 'tfc': 0.583116, 'acc': 0, 'accOn': 14385889, 'accOff': 51218333, 'sdu': 300, 'tsdu': 24072, 'lat': 21.819485, 'lng': 39.1169616}, 'counters': {'odometer_type': 'gps', 'odometer': 29680.2391, 'engine_hours_type': 'acc', 'engine_hours': 14385889, 'last_acc': 0}, 'is_wasl_connected': 'Connected', 'iconUrl': 'https://api.afaqy.sa/images/units/icons/icon.png', 'hasCCTV': False}
[2024-05-13T14:00:39.990+0000] {warnings.py:110} WARNING - /home/***/.local/lib/python3.12/site-packages/elasticsearch/_sync/client/__init__.py:399: SecurityWarning: Connecting to 'https://dbelk2.afaqy.local:9200' using TLS with verify_certs=False is insecure
  _transport = transport_class(

[2024-05-13T14:00:40.043+0000] {warnings.py:110} WARNING - /home/***/.local/lib/python3.12/site-packages/elasticsearch/_sync/client/__init__.py:399: SecurityWarning: Connecting to 'https://dbelk3.afaqy.local:9200' using TLS with verify_certs=False is insecure
  _transport = transport_class(

[2024-05-13T14:00:40.432+0000] {warnings.py:110} WARNING - /home/***/.local/lib/python3.12/site-packages/elasticsearch/_sync/client/__init__.py:399: SecurityWarning: Connecting to 'https://dbelk1.afaqy.local:9200' using TLS with verify_certs=False is insecure
  _transport = transport_class(

[2024-05-13T14:00:40.510+0000] {warnings.py:110} WARNING - /home/***/.local/lib/python3.12/site-packages/urllib3/connectionpool.py:1103: InsecureRequestWarning: Unverified HTTPS request is being made to host 'dbelk2.afaqy.local'. Adding certificate verification is strongly advised. See: https://urllib3.readthedocs.io/en/latest/advanced-usage.html#tls-warnings
  warnings.warn(

[2024-05-13T14:00:40.596+0000] {_transport.py:349} INFO - GET https://dbelk2.afaqy.local:9200/_cluster/health [status:200 duration:0.160s]
[2024-05-13T14:00:40.983+0000] {warnings.py:110} WARNING - /home/***/.local/lib/python3.12/site-packages/urllib3/connectionpool.py:1103: InsecureRequestWarning: Unverified HTTPS request is being made to host 'dbelk3.afaqy.local'. Adding certificate verification is strongly advised. See: https://urllib3.readthedocs.io/en/latest/advanced-usage.html#tls-warnings
  warnings.warn(

[2024-05-13T14:00:45.180+0000] {_transport.py:349} INFO - PUT https://dbelk3.afaqy.local:9200/units_statistics_***/_bulk [status:200 duration:4.222s]
[2024-05-13T14:00:45.486+0000] {python.py:237} INFO - Done. Returned value was: None
[2024-05-13T14:00:45.486+0000] {taskinstance.py:441} INFO - ::group::Post task execution logs
[2024-05-13T14:00:45.520+0000] {taskinstance.py:1206} INFO - Marking task as SUCCESS. dag_id=Units_statistics_DAG, task_id=ETL_job, run_id=scheduled__2024-05-13T13:40:00+00:00, map_index=5, execution_date=20240513T134000, start_date=20240513T140019, end_date=20240513T140045
[2024-05-13T14:00:45.569+0000] {local_task_job_runner.py:240} INFO - Task exited with return code 0
[2024-05-13T14:00:45.599+0000] {taskinstance.py:3498} INFO - 0 downstream tasks scheduled from follow-on schedule check
[2024-05-13T14:00:45.601+0000] {local_task_job_runner.py:222} INFO - ::endgroup::
