[2024-04-24T18:40:17.717+0000] {taskinstance.py:1979} INFO - Dependencies all met for dep_context=non-requeueable deps ti=<TaskInstance: Units_statistics_DAG.ETL_job scheduled__2024-04-24T18:20:00+00:00 map_index=9 [queued]>
[2024-04-24T18:40:17.810+0000] {taskinstance.py:1979} INFO - Dependencies all met for dep_context=requeueable deps ti=<TaskInstance: Units_statistics_DAG.ETL_job scheduled__2024-04-24T18:20:00+00:00 map_index=9 [queued]>
[2024-04-24T18:40:17.811+0000] {taskinstance.py:2193} INFO - Starting attempt 1 of 4
[2024-04-24T18:40:17.909+0000] {taskinstance.py:2217} INFO - Executing <Mapped(_PythonDecoratedOperator): ETL_job> on 2024-04-24 18:20:00+00:00
[2024-04-24T18:40:17.949+0000] {standard_task_runner.py:60} INFO - Started process 525132 to run task
[2024-04-24T18:40:17.992+0000] {standard_task_runner.py:87} INFO - Running: ['***', 'tasks', 'run', 'Units_statistics_DAG', 'ETL_job', 'scheduled__2024-04-24T18:20:00+00:00', '--job-id', '15109', '--raw', '--subdir', 'DAGS_FOLDER/Units_dag.py', '--cfg-path', '/tmp/tmp5yn4b7_x', '--map-index', '9']
[2024-04-24T18:40:18.021+0000] {standard_task_runner.py:88} INFO - Job 15109: Subtask ETL_job
[2024-04-24T18:40:18.331+0000] {task_command.py:423} INFO - Running <TaskInstance: Units_statistics_DAG.ETL_job scheduled__2024-04-24T18:20:00+00:00 map_index=9 [running]> on host a09da322e808
[2024-04-24T18:40:19.263+0000] {taskinstance.py:2513} INFO - Exporting env vars: AIRFLOW_CTX_DAG_OWNER='abeer-araby' AIRFLOW_CTX_DAG_ID='Units_statistics_DAG' AIRFLOW_CTX_TASK_ID='ETL_job' AIRFLOW_CTX_EXECUTION_DATE='2024-04-24T18:20:00+00:00' AIRFLOW_CTX_TRY_NUMBER='1' AIRFLOW_CTX_DAG_RUN_ID='scheduled__2024-04-24T18:20:00+00:00'
[2024-04-24T18:40:19.265+0000] {Units_dag.py:99} INFO - i: 90000, chunk: 10000
[2024-04-24T18:40:19.274+0000] {Units_dag.py:100} INFO - child token is::: eyJ0eXAiOiJKV1QiLCJhbGciOiJIUzI1NiJ9.eyJpc3MiOiJodHRwczovL2FwaS5hZmFxeS5zYS9hdXRoL2xvZ2luX2FzIiwiaWF0IjoxNzEzOTg0MDA0LCJleHAiOjE3MTY1NzYwMDQsIm5iZiI6MTcxMzk4NDAwNCwianRpIjoiMzJiakp2SVNGYm9nN1hrSSIsInN1YiI6IjVkNjNlNTFlMDNlZDUyOTJhNDJjMjRlNiIsInBydiI6IjI3MGVjZmM3ZWEzZWQ5MzdlYTg0OTM2MmEzYTUwOTEwYzZkOGNlNGYiLCJsb2dpbl9hc19pZCI6IjY1N2YwYWQ3M2Y5NzcyOTVjZjA1NTc2YSJ9.BFMrAV3j6fw9tb_mHFtoGMvBapQBmdy8eZTeqwwV8BI
[2024-04-24T18:40:51.544+0000] {Units_dag.py:104} INFO - {'_id': '640c651137f5de50b761c756', 'icon': 'icons/icon.png', 'driver_id': '', 'tailer_id': '', 'profile': {'vehicle_type': '', 'measurement_type': 'count', 'max_capacity': 0, 'vin': '', 'plate_number': '', 'start_operation': '', 'contract_milage': '', 'opening_milage': '', 'model': '', 'fuel_type': '91', 'year': 0, 'seats': 2}, 'device_password': '***', 'device_type': 'gps', 'gateway': False, 'name': '0882', 'operation_code': '882', 'device_gateway': '', 'business_types': {'waste': False, 'transportation': False, 'water': False, 'hajj': True}, 'imei': '357073294684739', 'sim_number': '+966830032259213', 'sim_serial': '8996609821111923643', 'device_serial': '1125807454', 'device': 'teltonika', 'cctv': {'dvr_id': None, 'channels': None}, 'user_id': '61c19bd0ca8eb524395ec770', 'created_by': '63566351d592444621078e69', 'updated_at': '2024-04-18 11:18:59', 'created_at': '2023-03-11 14:25:05', 'shipment_info': {'product_category': None, 'truck_type': None, 'shipment_type': None, 'shipment_payment_type': None, 'transporter_type': None, 'operating_area': None, 'weight_kilograms_per_day': None, 'kms_per_day': None, 'shipment_trip_drive_hrs_day': None, 'allowable_delay_drive_hrs_day': None, 'expected_shipment_trip_day': None, 'car_pay_per_day': None, 'exceeding_temperature_limit_per_day': None, 'temperature_upper_limit': None, 'exceeding_humidity_limit_per_day': None, 'humidity_upper_limit': None}, 'skip_sim_information': False, 'custom_fields': [], 'creator': 'm.gamal', 'company': 'شركة رواحل المشاعر المحدودة لنقل الحجاج', 'owner': 'rawahl-hajj', 'last_update': {'dtt': 1713983847000, 'dts': 1713983850280, 'spd': 0, 'ang': 354, 'alt': 143, 'chPrams': {'output1': {'v': False, 'cdt': 1713279590000}, 'output2': {'v': False, 'cdt': 1713279590000}, 'ePwrV': {'v': 26.064, 'cdt': 1713981443000}, 'sat': {'v': 13, 'cdt': 1713983847000}, 'ai1': {'v': 217, 'cdt': 1712723793000}, 'priority': {'v': 0, 'cdt': 1713968520000}, 'type': {'v': 6, 'cdt': 1713424830000}, 'di1': {'v': 0, 'cdt': 1713968220000}, 'di3': {'v': 0, 'cdt': 1680440729000}, 'result': {'v': '5665723a30332e32372e31335f3033204750533a41584e5f352e312e392048773a464d42313230204d6f643a333320494d45493a33353730373332393436383437333920496e69743a323032342d342d323420373a353220557074696d653a39373936204d41433a303031453432374446444235205350433a312830292041584c3a32204f42443a3020424c3a312e31302042543a34', 'cdt': 1713954836000}, 'protocol': {'v': 'FMB120', 'cdt': 1713955136000}, 'iPwrV': {'v': 0, 'cdt': 1697530479000}, 'event': {'v': 0, 'cdt': 1713968520000}}, 'prms': {'protocol': 'FMB120', 'priority': 0, 'sat': 13, 'event': 0, 'di1': 0, 'output1': 0, 'output2': 0, 'ePwrV': 26.064, 'iPwrV': 0, 'ai1': 217}, 'devPrms': ['protocol', 'priority', 'sat', 'event', 'di1', 'output1', 'output2', 'ePwrV', 'iPwrV', 'ai1'], 'old_params': {'protocol': 'teltonika', 'output1': 0, 'output2': 0, 'ePwrV': 26.064, 'sat': 11, 'ai1': 217, 'iPwrV': 0, 'priority': 0, 'event': 0, 'di1': 0}, 'vLoc': 1, 'vCon': 1, 'ip': '109.83.51.14', 'rl': 0, 'trl': 18487.2784, 'mdu': 0, 'tmdu': 1509056, 'eidl': 0, 'teidl': 4255368, 'fc': 0, 'tfc': 13.159848, 'acc': 0, 'accOn': 642091978, 'accOff': 658897739, 'sdu': 301, 'tsdu': 15627, 'lat': 21.43515, 'lng': 39.612325}, 'counters': {'odometer_type': 'gps', 'odometer': 18486.0301, 'engine_hours_type': 'acc', 'engine_hours': 642091978, 'last_acc': 0}, 'is_wasl_connected': 'Connected', 'iconUrl': 'https://api.afaqy.sa/images/units/icons/icon.png', 'hasCCTV': False}
[2024-04-24T18:40:52.829+0000] {warnings.py:109} WARNING - /home/***/.local/lib/python3.8/site-packages/elasticsearch/_sync/client/__init__.py:399: SecurityWarning: Connecting to 'https://dbelk3.afaqy.local:9200' using TLS with verify_certs=False is insecure
  _transport = transport_class(

[2024-04-24T18:40:52.936+0000] {warnings.py:109} WARNING - /home/***/.local/lib/python3.8/site-packages/elasticsearch/_sync/client/__init__.py:399: SecurityWarning: Connecting to 'https://dbelk2.afaqy.local:9200' using TLS with verify_certs=False is insecure
  _transport = transport_class(

[2024-04-24T18:40:52.988+0000] {warnings.py:109} WARNING - /home/***/.local/lib/python3.8/site-packages/elasticsearch/_sync/client/__init__.py:399: SecurityWarning: Connecting to 'https://dbelk1.afaqy.local:9200' using TLS with verify_certs=False is insecure
  _transport = transport_class(

[2024-04-24T18:40:53.010+0000] {warnings.py:109} WARNING - /home/***/.local/lib/python3.8/site-packages/urllib3/connectionpool.py:1061: InsecureRequestWarning: Unverified HTTPS request is being made to host 'dbelk3.afaqy.local'. Adding certificate verification is strongly advised. See: https://urllib3.readthedocs.io/en/1.26.x/advanced-usage.html#ssl-warnings
  warnings.warn(

[2024-04-24T18:40:53.164+0000] {_transport.py:335} INFO - GET https://dbelk3.afaqy.local:9200/_cluster/health [status:200 duration:0.174s]
[2024-04-24T18:40:53.801+0000] {warnings.py:109} WARNING - /home/***/.local/lib/python3.8/site-packages/urllib3/connectionpool.py:1061: InsecureRequestWarning: Unverified HTTPS request is being made to host 'dbelk2.afaqy.local'. Adding certificate verification is strongly advised. See: https://urllib3.readthedocs.io/en/1.26.x/advanced-usage.html#ssl-warnings
  warnings.warn(

[2024-04-24T18:40:55.998+0000] {_transport.py:335} INFO - PUT https://dbelk2.afaqy.local:9200/units_statistics_***/_bulk [status:200 duration:2.234s]
[2024-04-24T18:40:56.182+0000] {python.py:202} INFO - Done. Returned value was: None
[2024-04-24T18:40:56.198+0000] {taskinstance.py:1149} INFO - Marking task as SUCCESS. dag_id=Units_statistics_DAG, task_id=ETL_job, map_index=9, execution_date=20240424T182000, start_date=20240424T184017, end_date=20240424T184056
[2024-04-24T18:40:56.298+0000] {local_task_job_runner.py:234} INFO - Task exited with return code 0
[2024-04-24T18:40:56.322+0000] {taskinstance.py:3312} INFO - 0 downstream tasks scheduled from follow-on schedule check
