[2024-04-29T18:00:18.400+0000] {taskinstance.py:1979} INFO - Dependencies all met for dep_context=non-requeueable deps ti=<TaskInstance: Units_statistics_DAG.ETL_job scheduled__2024-04-29T17:40:00+00:00 map_index=6 [queued]>
[2024-04-29T18:00:18.508+0000] {taskinstance.py:1979} INFO - Dependencies all met for dep_context=requeueable deps ti=<TaskInstance: Units_statistics_DAG.ETL_job scheduled__2024-04-29T17:40:00+00:00 map_index=6 [queued]>
[2024-04-29T18:00:18.509+0000] {taskinstance.py:2193} INFO - Starting attempt 1 of 4
[2024-04-29T18:00:18.629+0000] {taskinstance.py:2217} INFO - Executing <Mapped(_PythonDecoratedOperator): ETL_job> on 2024-04-29 17:40:00+00:00
[2024-04-29T18:00:18.673+0000] {standard_task_runner.py:60} INFO - Started process 643849 to run task
[2024-04-29T18:00:18.730+0000] {standard_task_runner.py:87} INFO - Running: ['***', 'tasks', 'run', 'Units_statistics_DAG', 'ETL_job', 'scheduled__2024-04-29T17:40:00+00:00', '--job-id', '23401', '--raw', '--subdir', 'DAGS_FOLDER/Units_dag.py', '--cfg-path', '/tmp/tmpzm1hhtaw', '--map-index', '6']
[2024-04-29T18:00:18.751+0000] {standard_task_runner.py:88} INFO - Job 23401: Subtask ETL_job
[2024-04-29T18:00:19.100+0000] {task_command.py:423} INFO - Running <TaskInstance: Units_statistics_DAG.ETL_job scheduled__2024-04-29T17:40:00+00:00 map_index=6 [running]> on host a09da322e808
[2024-04-29T18:00:19.607+0000] {taskinstance.py:2513} INFO - Exporting env vars: AIRFLOW_CTX_DAG_OWNER='abeer-araby' AIRFLOW_CTX_DAG_ID='Units_statistics_DAG' AIRFLOW_CTX_TASK_ID='ETL_job' AIRFLOW_CTX_EXECUTION_DATE='2024-04-29T17:40:00+00:00' AIRFLOW_CTX_TRY_NUMBER='1' AIRFLOW_CTX_DAG_RUN_ID='scheduled__2024-04-29T17:40:00+00:00'
[2024-04-29T18:00:19.608+0000] {Units_dag.py:99} INFO - i: 60000, chunk: 10000
[2024-04-29T18:00:19.608+0000] {Units_dag.py:100} INFO - child token is::: eyJ0eXAiOiJKV1QiLCJhbGciOiJIUzI1NiJ9.eyJpc3MiOiJodHRwczovL2FwaS5hZmFxeS5zYS9hdXRoL2xvZ2luX2FzIiwiaWF0IjoxNzE0NDEzNjA0LCJleHAiOjE3MTcwMDU2MDQsIm5iZiI6MTcxNDQxMzYwNCwianRpIjoiWU9jNFJjb0FBYW9OV0p0NyIsInN1YiI6IjVkNjNlNTFlMDNlZDUyOTJhNDJjMjRlNiIsInBydiI6IjI3MGVjZmM3ZWEzZWQ5MzdlYTg0OTM2MmEzYTUwOTEwYzZkOGNlNGYiLCJsb2dpbl9hc19pZCI6IjY1N2YwYWQ3M2Y5NzcyOTVjZjA1NTc2YSJ9.uQZqOgCFUP7vbGrpiYtHo-UDAyIpDsRckbkmSdjhn0I
[2024-04-29T18:00:42.938+0000] {Units_dag.py:104} INFO - {'_id': '6329976329c0c702f777e472', 'icon': 'icons/icon.png', 'driver_id': '', 'tailer_id': '', 'profile': {'vehicle_type': '', 'measurement_type': 'count', 'max_capacity': 0, 'vin': '', 'plate_number': '', 'start_operation': '', 'contract_milage': '', 'opening_milage': '', 'model': '', 'fuel_type': '91', 'year': 0, 'seats': 2}, 'device_password': '***', 'device_type': 'gps', 'gateway': False, 'name': '3522VJR', 'operation_code': '', 'device_gateway': '', 'business_types': {'waste': False, 'transportation': True, 'water': False}, 'imei': '862549043197584', 'sim_number': '+966830030080069', 'sim_serial': '21276222766', 'device_serial': '862549043197584', 'device': 'ruptela', 'user_id': '605b2ce24dfbf765482210f2', 'created_by': '5e6655bf03ed52e1ab79d301', 'updated_at': '2024-04-18 11:18:59', 'created_at': '2022-09-20 13:35:15', 'custom_fields': [], 'creator': 'amr.ahmed', 'company': '', 'owner': 'theeb-admin', 'last_update': {'dtt': 1714413359000, 'dts': 1714413362052, 'spd': 0, 'ang': 359, 'alt': 41, 'chPrams': {'gsm': {'v': 27, 'cdt': 1714413084000}, 'io_1_143': {'v': 0, 'cdt': 1714411109000}, 'move': {'v': 1, 'cdt': 1714413003000}, 'io_1_134': {'v': 0, 'cdt': 1714413084000}, 'io_1_136': {'v': 0, 'cdt': 1714412870000}, 'io_1_135': {'v': 0, 'cdt': 1714412909000}, 'ePwrV': {'v': 12.42, 'cdt': 1714413359000}, 'spd': {'v': 0, 'cdt': 1714413356000}, 'sat': {'v': 13, 'cdt': 1714413359000}, 'profile': {'v': 1, 'cdt': 1712928371000}, 'io_2_139': {'v': 0, 'cdt': 1714413102000}, 'hdop': {'v': 1, 'cdt': 1714413356000}, 'io_1_130': {'v': 0, 'cdt': 1714413102000}, 'operator': {'v': 42004, 'cdt': 1712234191000}, 'di5': {'v': 0, 'cdt': 1714413101000}, 'io_2_131': {'v': 0, 'cdt': 1714001715000}, 'accTemp': {'v': 38, 'cdt': 1714411930000}, 'protocol': {'v': 'ruptela', 'cdt': 1712928371000}, 'vOdometer': {'v': 28870342, 'cdt': 1714413101000}, 'io_2_137': {'v': 0, 'cdt': 1714052283000}, 'iPwrV': {'v': 4.079, 'cdt': 1714413359000}, 'event': {'v': 5, 'cdt': 1714413359000}}, 'prms': {'protocol': 'ruptela', 'sat': 13, 'spd': 0, 'hdop': 1, 'event': 5, 'di5': 0, 'gsm': 27, 'profile': 1, 'accTemp': 38, 'move': 1, 'io_1_130': 0, 'io_1_134': 0, 'io_1_135': 0, 'io_1_136': 0, 'io_1_143': 0, 'ePwrV': 12.42, 'iPwrV': 4.079, 'io_2_131': 0, 'io_2_137': 0, 'io_2_139': 0, 'vOdometer': 28870342, 'operator': 42004}, 'devPrms': ['protocol', 'sat', 'spd', 'hdop', 'event', 'di5', 'gsm', 'profile', 'accTemp', 'move', 'io_1_130', 'io_1_134', 'io_1_135', 'io_1_136', 'io_1_143', 'ePwrV', 'iPwrV', 'io_2_131', 'io_2_137', 'io_2_139', 'vOdometer', 'operator'], 'old_params': {'protocol': 'ruptela', 'sat': 12, 'spd': 0, 'hdop': 1, 'event': 7, 'di5': 0, 'gsm': 27, 'profile': 1, 'accTemp': 38, 'move': 1, 'io_1_130': 0, 'io_1_134': 0, 'io_1_135': 0, 'io_1_136': 0, 'io_1_143': 0, 'ePwrV': 12.468, 'iPwrV': 4.081, 'io_2_131': 0, 'io_2_137': 0, 'io_2_139': 0, 'vOdometer': 28870342, 'operator': 42004}, 'vLoc': 1, 'vCon': 1, 'ip': '51.36.12.75', 'rl': 0, 'trl': 28879.9486, 'mdu': 0, 'tmdu': 2864480, 'eidl': 0, 'teidl': 1558791, 'fc': 0, 'tfc': 39.516, 'acc': 0, 'accOn': 5032837, 'accOff': 46609231, 'sdu': 3, 'tsdu': 3, 'lat': 21.5601283, 'lng': 39.13192}, 'counters': {'odometer_type': 'gps', 'odometer': 28891.9486, 'engine_hours_type': 'acc', 'engine_hours': 5032837, 'last_acc': 0}, 'is_wasl_connected': 'Not Connected', 'iconUrl': 'https://api.afaqy.sa/images/units/icons/icon.png', 'hasCCTV': False}
[2024-04-29T18:00:44.390+0000] {warnings.py:109} WARNING - /home/***/.local/lib/python3.8/site-packages/elasticsearch/_sync/client/__init__.py:399: SecurityWarning: Connecting to 'https://dbelk1.afaqy.local:9200' using TLS with verify_certs=False is insecure
  _transport = transport_class(

[2024-04-29T18:00:44.513+0000] {warnings.py:109} WARNING - /home/***/.local/lib/python3.8/site-packages/elasticsearch/_sync/client/__init__.py:399: SecurityWarning: Connecting to 'https://dbelk3.afaqy.local:9200' using TLS with verify_certs=False is insecure
  _transport = transport_class(

[2024-04-29T18:00:44.651+0000] {warnings.py:109} WARNING - /home/***/.local/lib/python3.8/site-packages/elasticsearch/_sync/client/__init__.py:399: SecurityWarning: Connecting to 'https://dbelk2.afaqy.local:9200' using TLS with verify_certs=False is insecure
  _transport = transport_class(

[2024-04-29T18:00:44.697+0000] {warnings.py:109} WARNING - /home/***/.local/lib/python3.8/site-packages/urllib3/connectionpool.py:1061: InsecureRequestWarning: Unverified HTTPS request is being made to host 'dbelk1.afaqy.local'. Adding certificate verification is strongly advised. See: https://urllib3.readthedocs.io/en/1.26.x/advanced-usage.html#ssl-warnings
  warnings.warn(

[2024-04-29T18:00:44.758+0000] {_transport.py:335} INFO - GET https://dbelk1.afaqy.local:9200/_cluster/health [status:200 duration:0.105s]
[2024-04-29T18:00:45.932+0000] {warnings.py:109} WARNING - /home/***/.local/lib/python3.8/site-packages/urllib3/connectionpool.py:1061: InsecureRequestWarning: Unverified HTTPS request is being made to host 'dbelk3.afaqy.local'. Adding certificate verification is strongly advised. See: https://urllib3.readthedocs.io/en/1.26.x/advanced-usage.html#ssl-warnings
  warnings.warn(

[2024-04-29T18:00:47.430+0000] {_transport.py:335} INFO - PUT https://dbelk3.afaqy.local:9200/units_statistics_***/_bulk [status:200 duration:1.521s]
[2024-04-29T18:00:48.137+0000] {python.py:202} INFO - Done. Returned value was: None
[2024-04-29T18:00:48.164+0000] {taskinstance.py:1149} INFO - Marking task as SUCCESS. dag_id=Units_statistics_DAG, task_id=ETL_job, map_index=6, execution_date=20240429T174000, start_date=20240429T180018, end_date=20240429T180048
[2024-04-29T18:00:48.258+0000] {local_task_job_runner.py:234} INFO - Task exited with return code 0
[2024-04-29T18:00:48.296+0000] {taskinstance.py:3312} INFO - 0 downstream tasks scheduled from follow-on schedule check
