[2024-05-13T10:00:18.219+0000] {local_task_job_runner.py:120} INFO - ::group::Pre task execution logs
[2024-05-13T10:00:18.452+0000] {taskinstance.py:2076} INFO - Dependencies all met for dep_context=non-requeueable deps ti=<TaskInstance: Units_statistics_DAG.ETL_job scheduled__2024-05-13T09:40:00+00:00 map_index=5 [queued]>
[2024-05-13T10:00:18.576+0000] {taskinstance.py:2076} INFO - Dependencies all met for dep_context=requeueable deps ti=<TaskInstance: Units_statistics_DAG.ETL_job scheduled__2024-05-13T09:40:00+00:00 map_index=5 [queued]>
[2024-05-13T10:00:18.577+0000] {taskinstance.py:2306} INFO - Starting attempt 1 of 4
[2024-05-13T10:00:18.683+0000] {taskinstance.py:2330} INFO - Executing <Mapped(_PythonDecoratedOperator): ETL_job> on 2024-05-13 09:40:00+00:00
[2024-05-13T10:00:18.741+0000] {warnings.py:110} WARNING - /home/***/.local/lib/python3.12/site-packages/***/task/task_runner/standard_task_runner.py:61: DeprecationWarning: This process (pid=16613) is multi-threaded, use of fork() may lead to deadlocks in the child.
  pid = os.fork()

[2024-05-13T10:00:18.743+0000] {standard_task_runner.py:63} INFO - Started process 16619 to run task
[2024-05-13T10:00:18.745+0000] {standard_task_runner.py:90} INFO - Running: ['***', 'tasks', 'run', 'Units_statistics_DAG', 'ETL_job', 'scheduled__2024-05-13T09:40:00+00:00', '--job-id', '55668', '--raw', '--subdir', 'DAGS_FOLDER/Units_dag.py', '--cfg-path', '/tmp/tmpqmys2gh2', '--map-index', '5']
[2024-05-13T10:00:18.747+0000] {standard_task_runner.py:91} INFO - Job 55668: Subtask ETL_job
[2024-05-13T10:00:18.990+0000] {task_command.py:426} INFO - Running <TaskInstance: Units_statistics_DAG.ETL_job scheduled__2024-05-13T09:40:00+00:00 map_index=5 [running]> on host 7138d7e072c5
[2024-05-13T10:00:19.618+0000] {taskinstance.py:2648} INFO - Exporting env vars: AIRFLOW_CTX_DAG_OWNER='abeer-araby' AIRFLOW_CTX_DAG_ID='Units_statistics_DAG' AIRFLOW_CTX_TASK_ID='ETL_job' AIRFLOW_CTX_EXECUTION_DATE='2024-05-13T09:40:00+00:00' AIRFLOW_CTX_TRY_NUMBER='1' AIRFLOW_CTX_DAG_RUN_ID='scheduled__2024-05-13T09:40:00+00:00'
[2024-05-13T10:00:19.619+0000] {taskinstance.py:430} INFO - ::endgroup::
[2024-05-13T10:00:19.620+0000] {Units_dag.py:98} INFO - i: 50000, chunk: 10000
[2024-05-13T10:00:19.620+0000] {Units_dag.py:99} INFO - child token is::: eyJ0eXAiOiJKV1QiLCJhbGciOiJIUzI1NiJ9.eyJpc3MiOiJodHRwczovL2FwaS5hZmFxeS5zYS9hdXRoL2xvZ2luX2FzIiwiaWF0IjoxNzE1NTk0NDA1LCJleHAiOjE3MTgxODY0MDUsIm5iZiI6MTcxNTU5NDQwNSwianRpIjoiZU9obW40MmE1R0dMc1FWciIsInN1YiI6IjVkNjNlNTFlMDNlZDUyOTJhNDJjMjRlNiIsInBydiI6IjI3MGVjZmM3ZWEzZWQ5MzdlYTg0OTM2MmEzYTUwOTEwYzZkOGNlNGYiLCJsb2dpbl9hc19pZCI6IjY1N2YwYWQ3M2Y5NzcyOTVjZjA1NTc2YSJ9.4ePGybJkC9lcl_Rj2NPKYn486589eBb5zA3rQUuUH1s
[2024-05-13T10:00:39.775+0000] {Units_dag.py:103} INFO - {'_id': '62b08ddf16efb14efd1de19d', 'icon': 'icons/icon.png', 'driver_id': '', 'tailer_id': '', 'profile': {'vehicle_type': 'Nissan Sunny', 'measurement_type': 'count', 'max_capacity': None, 'vin': '', 'plate_number': '', 'start_operation': '', 'contract_milage': '', 'opening_milage': '', 'model': '', 'fuel_type': '91', 'year': 0, 'seats': 2}, 'device_password': '***', 'device_type': 'gps', 'gateway': False, 'name': '6988BJR', 'operation_code': '', 'device_gateway': '', 'business_types': {'waste': False, 'transportation': True, 'water': False}, 'imei': '860665057450222', 'sim_number': '+966830028868741', 'sim_serial': '996609821111314780', 'device_serial': '860665057450222', 'device': 'bceIotm', 'user_id': '5e68ea7a03ed528a611e0f38', 'created_by': '5e6655bf03ed52e1ab79d301', 'updated_at': '2024-04-18 11:18:59', 'created_at': '2022-06-20 18:10:23', 'skip_sim_information': '', 'custom_fields': [], 'creator': 'amr.ahmed', 'company': '', 'owner': 'shift_co', 'last_update': {'dtt': 1715594203000, 'dts': 1715594207986, 'spd': 0, 'ang': 0, 'alt': 20, 'chPrams': {'acc': {'v': 0, 'cdt': 1715578603000}, 'sensor_8192': {'v': 0, 'cdt': 1715061058000}, 'fw_name': {'v': 'FF0_01_122', 'cdt': 1714565361000}, 'ePwrV': {'v': 12144, 'cdt': 1715594203000}, 'sensor_8197': {'v': 66, 'cdt': 1715594203000}, 'sensor_12340': {'v': 0, 'cdt': 1714562238000}, 'sensor_8199': {'v': 182, 'cdt': 1715060983000}, 'sensor_12346': {'v': 0, 'cdt': 1714562238000}, 'sensor_16387': {'v': 7725600, 'cdt': 1715060983000}, 'sensor_153': {'v': 0, 'cdt': 1714562238000}, 'sensor_12300': {'v': 1925, 'cdt': 1715578603000}, 'war_id': {'v': 1, 'cdt': 1715593557000}, 'protocol': {'v': 'MQTT', 'cdt': 1715518018000}, 'sensor_96': {'v': 0, 'cdt': 1714562238000}, 'sensor_98': {'v': 0, 'cdt': 1714562238000}, 'sensor_8201': {'v': 7, 'cdt': 1715060975000}, 'sensor_99': {'v': 0, 'cdt': 1714562238000}, 'sensor_2': {'v': 0, 'cdt': 1715061058000}, 'sensor_45058': {'v': 39148780.19540089, 'cdt': 1715061058000}, 'sensor_12292': {'v': 3979, 'cdt': 1715593603000}, 'spd': {'v': 0, 'cdt': 1715061058000}, 'sat': {'v': 12, 'cdt': 1715578603000}, 'fun_id': {'v': 240, 'cdt': 1715593822000}, 'sensor_8200': {'v': 94, 'cdt': 1715578603000}, 'sensor_101': {'v': 0, 'cdt': 1714562238000}, 'sensor_100': {'v': 0, 'cdt': 1714562238000}, 'hdop': {'v': 7, 'cdt': 1715594203000}, 'sensor_12299': {'v': 0, 'cdt': 1715061058000}, 'sensor_12317': {'v': 0, 'cdt': 1715061058000}, 'sensor_40962': {'v': 0, 'cdt': 1715061358000}, 'sensor_40987': {'v': 9.679445266723633, 'cdt': 1715593003000}, 'sensor_40961': {'v': 0, 'cdt': 1715061358000}}, 'prms': {'sensor_45058': 39148780.19540089, 'sensor_40962': 0, 'sensor_40961': 0, 'sensor_12292': 3979, 'sensor_16387': 7725600, 'sensor_12340': 0, 'sensor_40987': 9.679445266723633, 'sensor_12300': 1925, 'sensor_12317': 0, 'sensor_12346': 0, 'sensor_12299': 0, 'ePwrV': 12144, 'spd': 0, 'hdop': 7, 'sat': 12, 'sensor_153': 0, 'sensor_8192': 0, 'sensor_96': 0, 'sensor_8200': 94, 'sensor_101': 0, 'sensor_100': 0, 'sensor_99': 0, 'sensor_98': 0, 'sensor_8201': 7, 'sensor_8199': 182, 'acc': 0, 'sensor_2': 0, 'sensor_8197': 66, 'protocol': 'MQTT'}, 'devPrms': ['sensor_45058', 'sensor_40962', 'sensor_40961', 'sensor_12292', 'sensor_16387', 'sensor_12340', 'sensor_40987', 'sensor_12300', 'sensor_12317', 'sensor_12346', 'sensor_12299', 'ePwrV', 'spd', 'hdop', 'sat', 'sensor_153', 'sensor_8192', 'sensor_96', 'sensor_8200', 'sensor_101', 'sensor_100', 'sensor_99', 'sensor_98', 'sensor_8201', 'sensor_8199', 'acc', 'sensor_2', 'sensor_8197', 'protocol', 'fun_id', 'war_id', 'fw_name'], 'old_params': {'sensor_45058': 39148780.19540089, 'sensor_40962': 0, 'sensor_40961': 0, 'sensor_12292': 3979, 'sensor_16387': 7725600, 'sensor_12340': 0, 'sensor_40987': 9.679445266723633, 'sensor_12300': 1925, 'sensor_12317': 0, 'sensor_12346': 0, 'sensor_12299': 0, 'ePwrV': 12188, 'spd': 0, 'hdop': 6, 'sat': 12, 'sensor_153': 0, 'sensor_8192': 0, 'sensor_96': 0, 'sensor_8200': 94, 'sensor_101': 0, 'sensor_100': 0, 'sensor_99': 0, 'sensor_98': 0, 'sensor_8201': 7, 'sensor_8199': 182, 'acc': 0, 'sensor_2': 0, 'sensor_8197': 67, 'protocol': 'MQTT'}, 'vLoc': 1, 'vCon': 1, 'ip': '109.83.52.29', 'rl': 0, 'trl': 38628, 'mdu': 0, 'tmdu': 3004852, 'eidl': 0, 'teidl': 1462405, 'fc': 0, 'tfc': 3.84, 'acc': 0, 'accOn': 0, 'accOff': 15623, 'sdu': 300, 'tsdu': 15600, 'lat': 21.585174560546875, 'lng': 39.16006851196289}, 'counters': {'odometer_type': 'canbus', 'odometer': 38628, 'engine_hours_type': 'canbus', 'engine_hours': 0, 'last_acc': 0}, 'is_wasl_connected': 'Not Connected', 'iconUrl': 'https://api.afaqy.sa/images/units/icons/icon.png', 'hasCCTV': False}
[2024-05-13T10:00:40.558+0000] {warnings.py:110} WARNING - /home/***/.local/lib/python3.12/site-packages/elasticsearch/_sync/client/__init__.py:399: SecurityWarning: Connecting to 'https://dbelk3.afaqy.local:9200' using TLS with verify_certs=False is insecure
  _transport = transport_class(

[2024-05-13T10:00:40.610+0000] {warnings.py:110} WARNING - /home/***/.local/lib/python3.12/site-packages/elasticsearch/_sync/client/__init__.py:399: SecurityWarning: Connecting to 'https://dbelk2.afaqy.local:9200' using TLS with verify_certs=False is insecure
  _transport = transport_class(

[2024-05-13T10:00:40.983+0000] {warnings.py:110} WARNING - /home/***/.local/lib/python3.12/site-packages/elasticsearch/_sync/client/__init__.py:399: SecurityWarning: Connecting to 'https://dbelk1.afaqy.local:9200' using TLS with verify_certs=False is insecure
  _transport = transport_class(

[2024-05-13T10:00:41.011+0000] {warnings.py:110} WARNING - /home/***/.local/lib/python3.12/site-packages/urllib3/connectionpool.py:1103: InsecureRequestWarning: Unverified HTTPS request is being made to host 'dbelk3.afaqy.local'. Adding certificate verification is strongly advised. See: https://urllib3.readthedocs.io/en/latest/advanced-usage.html#tls-warnings
  warnings.warn(

[2024-05-13T10:00:41.198+0000] {_transport.py:349} INFO - GET https://dbelk3.afaqy.local:9200/_cluster/health [status:200 duration:0.213s]
[2024-05-13T10:00:41.670+0000] {warnings.py:110} WARNING - /home/***/.local/lib/python3.12/site-packages/urllib3/connectionpool.py:1103: InsecureRequestWarning: Unverified HTTPS request is being made to host 'dbelk2.afaqy.local'. Adding certificate verification is strongly advised. See: https://urllib3.readthedocs.io/en/latest/advanced-usage.html#tls-warnings
  warnings.warn(

[2024-05-13T10:00:45.246+0000] {_transport.py:349} INFO - PUT https://dbelk2.afaqy.local:9200/units_statistics_***/_bulk [status:200 duration:3.606s]
[2024-05-13T10:00:46.056+0000] {python.py:237} INFO - Done. Returned value was: None
[2024-05-13T10:00:46.056+0000] {taskinstance.py:441} INFO - ::group::Post task execution logs
[2024-05-13T10:00:46.074+0000] {taskinstance.py:1206} INFO - Marking task as SUCCESS. dag_id=Units_statistics_DAG, task_id=ETL_job, run_id=scheduled__2024-05-13T09:40:00+00:00, map_index=5, execution_date=20240513T094000, start_date=20240513T100018, end_date=20240513T100046
[2024-05-13T10:00:46.123+0000] {local_task_job_runner.py:240} INFO - Task exited with return code 0
[2024-05-13T10:00:46.162+0000] {taskinstance.py:3498} INFO - 0 downstream tasks scheduled from follow-on schedule check
[2024-05-13T10:00:46.171+0000] {local_task_job_runner.py:222} INFO - ::endgroup::
