[2024-04-21T15:40:17.781+0000] {taskinstance.py:1979} INFO - Dependencies all met for dep_context=non-requeueable deps ti=<TaskInstance: Units_statistics_DAG.ETL_job scheduled__2024-04-21T15:20:00+00:00 map_index=15 [queued]>
[2024-04-21T15:40:17.863+0000] {taskinstance.py:1979} INFO - Dependencies all met for dep_context=requeueable deps ti=<TaskInstance: Units_statistics_DAG.ETL_job scheduled__2024-04-21T15:20:00+00:00 map_index=15 [queued]>
[2024-04-21T15:40:17.864+0000] {taskinstance.py:2193} INFO - Starting attempt 1 of 4
[2024-04-21T15:40:17.940+0000] {taskinstance.py:2217} INFO - Executing <Mapped(_PythonDecoratedOperator): ETL_job> on 2024-04-21 15:20:00+00:00
[2024-04-21T15:40:17.960+0000] {standard_task_runner.py:60} INFO - Started process 450497 to run task
[2024-04-21T15:40:18.037+0000] {standard_task_runner.py:87} INFO - Running: ['***', 'tasks', 'run', 'Units_statistics_DAG', 'ETL_job', 'scheduled__2024-04-21T15:20:00+00:00', '--job-id', '9927', '--raw', '--subdir', 'DAGS_FOLDER/Units_dag.py', '--cfg-path', '/tmp/tmpc7vnyomc', '--map-index', '15']
[2024-04-21T15:40:18.054+0000] {standard_task_runner.py:88} INFO - Job 9927: Subtask ETL_job
[2024-04-21T15:40:18.404+0000] {task_command.py:423} INFO - Running <TaskInstance: Units_statistics_DAG.ETL_job scheduled__2024-04-21T15:20:00+00:00 map_index=15 [running]> on host a09da322e808
[2024-04-21T15:40:18.857+0000] {taskinstance.py:2513} INFO - Exporting env vars: AIRFLOW_CTX_DAG_OWNER='abeer-araby' AIRFLOW_CTX_DAG_ID='Units_statistics_DAG' AIRFLOW_CTX_TASK_ID='ETL_job' AIRFLOW_CTX_EXECUTION_DATE='2024-04-21T15:20:00+00:00' AIRFLOW_CTX_TRY_NUMBER='1' AIRFLOW_CTX_DAG_RUN_ID='scheduled__2024-04-21T15:20:00+00:00'
[2024-04-21T15:40:18.860+0000] {Units_dag.py:99} INFO - i: 150000, chunk: 10000
[2024-04-21T15:40:18.860+0000] {Units_dag.py:100} INFO - child token is::: eyJ0eXAiOiJKV1QiLCJhbGciOiJIUzI1NiJ9.eyJpc3MiOiJodHRwczovL2FwaS5hZmFxeS5zYS9hdXRoL2xvZ2luX2FzIiwiaWF0IjoxNzEzNzE0MDA0LCJleHAiOjE3MTYzMDYwMDQsIm5iZiI6MTcxMzcxNDAwNCwianRpIjoiOUMxQWFqUW5IengwVlhzRSIsInN1YiI6IjVkNjNlNTFlMDNlZDUyOTJhNDJjMjRlNiIsInBydiI6IjI3MGVjZmM3ZWEzZWQ5MzdlYTg0OTM2MmEzYTUwOTEwYzZkOGNlNGYiLCJsb2dpbl9hc19pZCI6IjY1N2YwYWQ3M2Y5NzcyOTVjZjA1NTc2YSJ9.lWlyhoaMMsXFh91G24ZwK5VkZ-kEWT5Ci0Ozh_-Fxtg
[2024-04-21T15:40:54.260+0000] {Units_dag.py:104} INFO - {'_id': '6593e4fc9b521955b50c7e75', 'icon': 'icons/icon.png', 'driver_id': '', 'tailer_id': '', 'profile': {'measurement_type': 'count', 'fuel_type': '91', 'year': 0, 'seats': 2}, 'shipment_info': {'product_category': '', 'truck_type': '', 'shipment_type': '', 'shipment_payment_type': '', 'transporter_type': '', 'operating_area': '', 'weight_kilograms_per_day': '', 'kms_per_day': '', 'opening_milage': '', 'shipment_trip_drive_hrs_day': '', 'expected_shipment_trip_day': '', 'car_pay_per_day': '', 'exceeding_temperature_limit_per_day': '', 'temperature_upper_limit': '', 'exceeding_humidity_limit_per_day': '', 'humidity_upper_limit': '', 'allowable_delay_drive_hrs_day': ''}, 'device_password': '***', 'device_type': 'gps', 'gateway': False, 'business_types': {'waste': False, 'transportation': True, 'water': False}, 'name': '5069RTB', 'operation_code': None, 'device_gateway': None, 'skip_sim_information': False, 'imei': '352016704161611', 'sim_number': '+966830020683795', 'sim_serial': '8996609821112134811', 'device_serial': '1134124463', 'device': 'teltonika', 'user_id': '605b2ce24dfbf765482210f2', 'created_by': '5e6655bf03ed52e1ab79d301', 'updated_at': '2024-04-18 11:18:59', 'created_at': '2024-01-02 13:27:08', 'custom_fields': [], 'creator': 'amr.ahmed', 'company': '', 'owner': 'theeb-admin', 'last_update': {'dtt': 1713713995000, 'dts': 1713713997983, 'spd': 54, 'ang': 335, 'alt': 638, 'chPrams': {'Speed': {'v': 54, 'cdt': 1713713995000}, 'output1': {'v': False, 'cdt': 1712618743000}, 'output2': {'v': False, 'cdt': 1712618743000}, 'ePwrV': {'v': 14.332, 'cdt': 1713713995000}, 'parm24': {'v': 54, 'cdt': 1713713995000}, 'sat': {'v': 12, 'cdt': 1713713995000}, 'ai1': {'v': 6371, 'cdt': 1713713995000}, 'priority': {'v': 0, 'cdt': 1711449672000}, 'di2': {'v': 0, 'cdt': 1712059608000}, 'type': {'v': 6, 'cdt': 1712389791000}, 'di1': {'v': 1, 'cdt': 1713701493000}, 'result': {'v': '5665723a30332e32372e31345f3030204750533a41584e5f352e312e392048773a464d42313230204d6f643a333320494d45493a33353230313637303431363136313120496e69743a323032342d332d3520323a353220557074696d653a34303933333335204d41433a333838413231334634424245205350433a312830292041584c3a32204f42443a3020424c3a312e31302042543a34', 'cdt': 1713704253000}, 'protocol': {'v': 'FMB120', 'cdt': 1713704267000}, 'parm6': {'v': 43, 'cdt': 1712059608000}, 'iPwrV': {'v': 3.99, 'cdt': 1713713982000}, 'event': {'v': 0, 'cdt': 1711449672000}}, 'prms': {'protocol': 'FMB120', 'priority': 0, 'sat': 12, 'event': 0, 'di1': 1, 'output1': 0, 'di2': 0, 'output2': 0, 'ePwrV': 14.332, 'Speed': 54, 'parm24': 54, 'iPwrV': 3.99, 'ai1': 6371, 'parm6': 43}, 'devPrms': ['protocol', 'priority', 'sat', 'event', 'di1', 'output1', 'di2', 'output2', 'ePwrV', 'Speed', 'parm24', 'iPwrV', 'ai1', 'parm6', 'type', 'result'], 'old_params': {'protocol': 'FMB120', 'priority': 0, 'sat': 13, 'event': 0, 'di1': 1, 'output1': 0, 'di2': 0, 'output2': 0, 'ePwrV': 14.318, 'Speed': 42, 'parm24': 42, 'iPwrV': 3.99, 'ai1': 6445, 'parm6': 43}, 'vLoc': 1, 'vCon': 1, 'ip': '37.216.23.156', 'rl': 0.0844, 'trl': 12104.2189, 'mdu': 6, 'tmdu': 817286, 'eidl': 0, 'teidl': 387822, 'fc': 0.010128, 'tfc': 1444.128532, 'acc': 1, 'accOn': 1234899, 'accOff': 8803765, 'sdu': 0, 'tsdu': 0, 'lat': 24.81066, 'lng': 46.7351566}, 'counters': {'engine_hours': 1234899, 'last_acc': 1, 'odometer': 12104.0025, 'engine_hours_type': 'acc', 'odometer_type': 'gps'}, 'is_wasl_connected': 'Not Connected', 'iconUrl': 'https://api.afaqy.sa/images/units/icons/icon.png', 'hasCCTV': False}
[2024-04-21T15:40:55.887+0000] {warnings.py:109} WARNING - /home/***/.local/lib/python3.8/site-packages/elasticsearch/_sync/client/__init__.py:399: SecurityWarning: Connecting to 'https://dbelk3.afaqy.local:9200' using TLS with verify_certs=False is insecure
  _transport = transport_class(

[2024-04-21T15:40:55.985+0000] {warnings.py:109} WARNING - /home/***/.local/lib/python3.8/site-packages/elasticsearch/_sync/client/__init__.py:399: SecurityWarning: Connecting to 'https://dbelk1.afaqy.local:9200' using TLS with verify_certs=False is insecure
  _transport = transport_class(

[2024-04-21T15:40:56.098+0000] {warnings.py:109} WARNING - /home/***/.local/lib/python3.8/site-packages/elasticsearch/_sync/client/__init__.py:399: SecurityWarning: Connecting to 'https://dbelk2.afaqy.local:9200' using TLS with verify_certs=False is insecure
  _transport = transport_class(

[2024-04-21T15:40:56.125+0000] {warnings.py:109} WARNING - /home/***/.local/lib/python3.8/site-packages/urllib3/connectionpool.py:1061: InsecureRequestWarning: Unverified HTTPS request is being made to host 'dbelk3.afaqy.local'. Adding certificate verification is strongly advised. See: https://urllib3.readthedocs.io/en/1.26.x/advanced-usage.html#ssl-warnings
  warnings.warn(

[2024-04-21T15:40:56.208+0000] {_transport.py:335} INFO - GET https://dbelk3.afaqy.local:9200/_cluster/health [status:200 duration:0.108s]
[2024-04-21T15:40:56.875+0000] {warnings.py:109} WARNING - /home/***/.local/lib/python3.8/site-packages/urllib3/connectionpool.py:1061: InsecureRequestWarning: Unverified HTTPS request is being made to host 'dbelk1.afaqy.local'. Adding certificate verification is strongly advised. See: https://urllib3.readthedocs.io/en/1.26.x/advanced-usage.html#ssl-warnings
  warnings.warn(

[2024-04-21T15:40:58.473+0000] {_transport.py:335} INFO - PUT https://dbelk1.afaqy.local:9200/units_statistics_***/_bulk [status:200 duration:1.633s]
[2024-04-21T15:40:58.647+0000] {python.py:202} INFO - Done. Returned value was: None
[2024-04-21T15:40:58.662+0000] {taskinstance.py:1149} INFO - Marking task as SUCCESS. dag_id=Units_statistics_DAG, task_id=ETL_job, map_index=15, execution_date=20240421T152000, start_date=20240421T154017, end_date=20240421T154058
[2024-04-21T15:40:58.737+0000] {local_task_job_runner.py:234} INFO - Task exited with return code 0
[2024-04-21T15:40:58.763+0000] {taskinstance.py:3312} INFO - 0 downstream tasks scheduled from follow-on schedule check
