[2024-05-11T11:41:40.319+0000] {taskinstance.py:1979} INFO - Dependencies all met for dep_context=non-requeueable deps ti=<TaskInstance: Units_statistics_DAG.ETL_job scheduled__2024-05-11T11:20:00+00:00 map_index=7 [queued]>
[2024-05-11T11:41:40.331+0000] {taskinstance.py:1979} INFO - Dependencies all met for dep_context=requeueable deps ti=<TaskInstance: Units_statistics_DAG.ETL_job scheduled__2024-05-11T11:20:00+00:00 map_index=7 [queued]>
[2024-05-11T11:41:40.332+0000] {taskinstance.py:2193} INFO - Starting attempt 2 of 4
[2024-05-11T11:41:40.350+0000] {taskinstance.py:2217} INFO - Executing <Mapped(_PythonDecoratedOperator): ETL_job> on 2024-05-11 11:20:00+00:00
[2024-05-11T11:41:40.357+0000] {standard_task_runner.py:60} INFO - Started process 939481 to run task
[2024-05-11T11:41:40.367+0000] {standard_task_runner.py:87} INFO - Running: ['***', 'tasks', 'run', 'Units_statistics_DAG', 'ETL_job', 'scheduled__2024-05-11T11:20:00+00:00', '--job-id', '50485', '--raw', '--subdir', 'DAGS_FOLDER/Units_dag.py', '--cfg-path', '/tmp/tmprhiafg21', '--map-index', '7']
[2024-05-11T11:41:40.369+0000] {standard_task_runner.py:88} INFO - Job 50485: Subtask ETL_job
[2024-05-11T11:41:40.452+0000] {task_command.py:423} INFO - Running <TaskInstance: Units_statistics_DAG.ETL_job scheduled__2024-05-11T11:20:00+00:00 map_index=7 [running]> on host a09da322e808
[2024-05-11T11:41:40.592+0000] {taskinstance.py:2513} INFO - Exporting env vars: AIRFLOW_CTX_DAG_OWNER='abeer-araby' AIRFLOW_CTX_DAG_ID='Units_statistics_DAG' AIRFLOW_CTX_TASK_ID='ETL_job' AIRFLOW_CTX_EXECUTION_DATE='2024-05-11T11:20:00+00:00' AIRFLOW_CTX_TRY_NUMBER='2' AIRFLOW_CTX_DAG_RUN_ID='scheduled__2024-05-11T11:20:00+00:00'
[2024-05-11T11:41:40.594+0000] {Units_dag.py:98} INFO - i: 70000, chunk: 10000
[2024-05-11T11:41:40.595+0000] {Units_dag.py:99} INFO - child token is::: eyJ0eXAiOiJKV1QiLCJhbGciOiJIUzI1NiJ9.eyJpc3MiOiJodHRwczovL2FwaS5hZmFxeS5zYS9hdXRoL2xvZ2luX2FzIiwiaWF0IjoxNzE1NDI3NjAyLCJleHAiOjE3MTgwMTk2MDIsIm5iZiI6MTcxNTQyNzYwMiwianRpIjoibENnVFBxbGd2MUl6ZlVGZCIsInN1YiI6IjVkNjNlNTFlMDNlZDUyOTJhNDJjMjRlNiIsInBydiI6IjI3MGVjZmM3ZWEzZWQ5MzdlYTg0OTM2MmEzYTUwOTEwYzZkOGNlNGYiLCJsb2dpbl9hc19pZCI6IjY1N2YwYWQ3M2Y5NzcyOTVjZjA1NTc2YSJ9._-4fm1E_W4nyZS7mOdPJIYipqSPhciqpQzSwnx9oNDI
[2024-05-11T11:41:59.876+0000] {Units_dag.py:103} INFO - {'_id': '63a466fe5f393d193a21c067', 'icon': 'icons/icon.png', 'driver_id': '', 'tailer_id': '', 'profile': {'vehicle_type': '', 'measurement_type': 'count', 'max_capacity': 0, 'vin': '', 'plate_number': '3318 T X B', 'start_operation': '', 'contract_milage': '', 'opening_milage': '', 'model': '', 'fuel_type': '91', 'year': 0, 'seats': 2}, 'device_password': '***', 'device_type': 'gps', 'gateway': False, 'name': '5174 - R S A', 'operation_code': '', 'device_gateway': '', 'business_types': {'waste': False, 'transportation': True, 'water': False}, 'imei': '869688059197634', 'sim_number': '+966830028977674', 'sim_serial': '996609821111010819', 'device_serial': '869688059197634', 'device': 'bce', 'user_id': '61ee87763844a671b85a553f', 'created_by': '5e6655bf03ed52e1ab79d301', 'updated_at': '2024-04-18 11:18:59', 'created_at': '2022-12-22 17:17:34', 'custom_fields': [], 'creator': 'amr.ahmed', 'company': '', 'owner': 'al-jameel-int-admin', 'last_update': {'dtt': 1715427680000, 'dts': 1715427688273, 'spd': 71, 'ang': 136, 'alt': 27, 'chPrams': {'ePwrV': {'v': 27.562, 'cdt': 1715427594000}, 'di16': {'v': 1, 'cdt': 1715082946000}, 'di15': {'v': 0, 'cdt': 1715257132000}, 'rssi1': {'v': 95, 'cdt': 1715427680000}, 'di14': {'v': 1, 'cdt': 1715421620000}, 'di13': {'v': 0, 'cdt': 1715082946000}, 'di12': {'v': 0, 'cdt': 1715082946000}, 'ai3': {'v': 444, 'cdt': 1715427680000}, 'di11': {'v': 0, 'cdt': 1715082946000}, 'di10': {'v': 0, 'cdt': 1715082946000}, 'di2': {'v': 1, 'cdt': 1714020808000}, 'di1': {'v': 1, 'cdt': 1715420158000}, 'ai4': {'v': 10463, 'cdt': 1715427680000}, 'di4': {'v': 0, 'cdt': 1713347904000}, 'di3': {'v': 0, 'cdt': 1715082946000}, 'di6': {'v': 0, 'cdt': 1715082946000}, 'di5': {'v': 1, 'cdt': 1715419028000}, 'lac1': {'v': 2581, 'cdt': 1715425070000}, 'protocol': {'v': 'bce', 'cdt': 1715082946000}, 'di8': {'v': 1, 'cdt': 1715082946000}, 'di7': {'v': 1, 'cdt': 1715419060000}, 'di9': {'v': 0, 'cdt': 1715082946000}, 'iPwrV': {'v': 4.066, 'cdt': 1715427372000}, 'humidity': {'v': 41, 'cdt': 1715426408000}, 'cid1': {'v': 27552, 'cdt': 1715427400000}, 'temp': {'v': 36, 'cdt': 1715427680000}, 'odometer': {'v': 1141736439, 'cdt': 1715427680000}, 'spd': {'v': 71, 'cdt': 1715427680000}, 'sat': {'v': 12, 'cdt': 1715410758000}, 'hdop': {'v': 1, 'cdt': 1714573710000}, 'ta': {'v': 0, 'cdt': 1715083246000}, 'mcc1': {'v': 420, 'cdt': 1715000006000}, 'mnc1': {'v': 3, 'cdt': 1715173430000}}, 'prms': {'protocol': 'bce', 'spd': 71, 'sat': 12, 'hdop': 1, 'odometer': 1141736439, 'di16': 1, 'di15': 0, 'di14': 1, 'di13': 0, 'di12': 0, 'di11': 0, 'di10': 0, 'di9': 0, 'di8': 1, 'di7': 1, 'di6': 0, 'di5': 1, 'di4': 0, 'di3': 0, 'di2': 1, 'di1': 1, 'ePwrV': 27.562, 'ai3': 444, 'ai4': 10463, 'iPwrV': 4.066, 'ta': 0, 'mcc1': 420, 'mnc1': 3, 'lac1': 2581, 'cid1': 27552, 'rssi1': 95, 'temp': 36, 'humidity': 41}, 'devPrms': ['protocol', 'spd', 'sat', 'hdop', 'odometer', 'di16', 'di15', 'di14', 'di13', 'di12', 'di11', 'di10', 'di9', 'di8', 'di7', 'di6', 'di5', 'di4', 'di3', 'di2', 'di1', 'ePwrV', 'ai3', 'ai4', 'iPwrV', 'ta', 'mcc1', 'mnc1', 'lac1', 'cid1', 'rssi1', 'temp', 'humidity'], 'old_params': {'protocol': 'bce', 'spd': 68, 'sat': 12, 'hdop': 1, 'odometer': 1141524252, 'di16': 1, 'di15': 0, 'di14': 1, 'di13': 0, 'di12': 0, 'di11': 0, 'di10': 0, 'di9': 0, 'di8': 1, 'di7': 1, 'di6': 0, 'di5': 1, 'di4': 0, 'di3': 0, 'di2': 1, 'di1': 1, 'ePwrV': 27.562, 'ai3': 464, 'ai4': 11166, 'iPwrV': 4.066, 'ta': 0, 'mcc1': 420, 'mnc1': 3, 'lac1': 2581, 'cid1': 27552, 'rssi1': 94, 'temp': 36.200000000000045, 'humidity': 41}, 'vLoc': 1, 'vCon': 1, 'ip': '37.216.50.179', 'rl': 0.5671, 'trl': 56827.3818, 'mdu': 30, 'tmdu': 4462146, 'eidl': 0, 'teidl': 10985034, 'fc': 0.068052, 'tfc': 12.0492, 'acc': 1, 'accOn': 16252054, 'accOff': 29741754, 'sdu': 0, 'tsdu': 0, 'lat': 20.52621841430664, 'lng': 39.769893646240234}, 'counters': {'odometer_type': 'gps', 'odometer': 56827.3495, 'engine_hours_type': 'acc', 'engine_hours': 16252054, 'last_acc': 1}, 'is_wasl_connected': 'Connected', 'iconUrl': 'https://api.afaqy.sa/images/units/icons/icon.png', 'hasCCTV': False}
[2024-05-11T11:42:00.384+0000] {warnings.py:109} WARNING - /home/***/.local/lib/python3.8/site-packages/elasticsearch/_sync/client/__init__.py:399: SecurityWarning: Connecting to 'https://dbelk1.afaqy.local:9200' using TLS with verify_certs=False is insecure
  _transport = transport_class(

[2024-05-11T11:42:00.427+0000] {warnings.py:109} WARNING - /home/***/.local/lib/python3.8/site-packages/elasticsearch/_sync/client/__init__.py:399: SecurityWarning: Connecting to 'https://dbelk2.afaqy.local:9200' using TLS with verify_certs=False is insecure
  _transport = transport_class(

[2024-05-11T11:42:00.469+0000] {warnings.py:109} WARNING - /home/***/.local/lib/python3.8/site-packages/elasticsearch/_sync/client/__init__.py:399: SecurityWarning: Connecting to 'https://dbelk3.afaqy.local:9200' using TLS with verify_certs=False is insecure
  _transport = transport_class(

[2024-05-11T11:42:00.488+0000] {warnings.py:109} WARNING - /home/***/.local/lib/python3.8/site-packages/urllib3/connectionpool.py:1061: InsecureRequestWarning: Unverified HTTPS request is being made to host 'dbelk1.afaqy.local'. Adding certificate verification is strongly advised. See: https://urllib3.readthedocs.io/en/1.26.x/advanced-usage.html#ssl-warnings
  warnings.warn(

[2024-05-11T11:42:00.553+0000] {_transport.py:335} INFO - GET https://dbelk1.afaqy.local:9200/_cluster/health [status:200 duration:0.082s]
[2024-05-11T11:42:00.940+0000] {warnings.py:109} WARNING - /home/***/.local/lib/python3.8/site-packages/urllib3/connectionpool.py:1061: InsecureRequestWarning: Unverified HTTPS request is being made to host 'dbelk2.afaqy.local'. Adding certificate verification is strongly advised. See: https://urllib3.readthedocs.io/en/1.26.x/advanced-usage.html#ssl-warnings
  warnings.warn(

[2024-05-11T11:42:00.953+0000] {_transport.py:335} INFO - PUT https://dbelk2.afaqy.local:9200/units_statistics_***/_bulk [status:429 duration:0.031s]
[2024-05-11T11:42:00.954+0000] {_node_pool.py:249} WARNING - Node <Urllib3HttpNode(https://dbelk2.afaqy.local:9200)> has failed for 1 times in a row, putting on 1 second timeout
[2024-05-11T11:42:00.954+0000] {_transport.py:427} WARNING - Retrying request after non-successful status 429 (attempt 0 of 3)
[2024-05-11T11:42:00.954+0000] {warnings.py:109} WARNING - /home/***/.local/lib/python3.8/site-packages/urllib3/connectionpool.py:1061: InsecureRequestWarning: Unverified HTTPS request is being made to host 'dbelk1.afaqy.local'. Adding certificate verification is strongly advised. See: https://urllib3.readthedocs.io/en/1.26.x/advanced-usage.html#ssl-warnings
  warnings.warn(

[2024-05-11T11:42:01.148+0000] {_transport.py:335} INFO - PUT https://dbelk1.afaqy.local:9200/units_statistics_***/_bulk [status:200 duration:0.194s]
[2024-05-11T11:42:01.404+0000] {taskinstance.py:2731} ERROR - Task failed with exception
Traceback (most recent call last):
  File "/home/airflow/.local/lib/python3.8/site-packages/airflow/models/taskinstance.py", line 444, in _execute_task
    result = _execute_callable(context=context, **execute_callable_kwargs)
  File "/home/airflow/.local/lib/python3.8/site-packages/airflow/models/taskinstance.py", line 414, in _execute_callable
    return execute_callable(context=context, **execute_callable_kwargs)
  File "/home/airflow/.local/lib/python3.8/site-packages/airflow/decorators/base.py", line 241, in execute
    return_value = super().execute(context)
  File "/home/airflow/.local/lib/python3.8/site-packages/airflow/operators/python.py", line 200, in execute
    return_value = self.execute_callable()
  File "/home/airflow/.local/lib/python3.8/site-packages/airflow/operators/python.py", line 217, in execute_callable
    return self.python_callable(*self.op_args, **self.op_kwargs)
  File "/opt/airflow/dags/Units_dag.py", line 111, in ETL_job
    Elk_client.elk_pushData(Globals.index_name,units_list_update)
  File "/opt/airflow/dags/units_statistics/elk_manager.py", line 69, in elk_pushData
    helpers.bulk(self.elk_client, docs_list, index=index_name, chunk_size=batch)
  File "/home/airflow/.local/lib/python3.8/site-packages/elasticsearch/helpers/actions.py", line 521, in bulk
    for ok, item in streaming_bulk(
  File "/home/airflow/.local/lib/python3.8/site-packages/elasticsearch/helpers/actions.py", line 436, in streaming_bulk
    for data, (ok, info) in zip(
  File "/home/airflow/.local/lib/python3.8/site-packages/elasticsearch/helpers/actions.py", line 355, in _process_bulk_chunk
    yield from gen
  File "/home/airflow/.local/lib/python3.8/site-packages/elasticsearch/helpers/actions.py", line 274, in _process_bulk_chunk_success
    raise BulkIndexError(f"{len(errors)} document(s) failed to index.", errors)
elasticsearch.helpers.BulkIndexError: 10000 document(s) failed to index.
[2024-05-11T11:42:01.421+0000] {taskinstance.py:1149} INFO - Marking task as UP_FOR_RETRY. dag_id=Units_statistics_DAG, task_id=ETL_job, map_index=7, execution_date=20240511T112000, start_date=20240511T114140, end_date=20240511T114201
[2024-05-11T11:42:01.436+0000] {standard_task_runner.py:107} ERROR - Failed to execute job 50485 for task ETL_job (10000 document(s) failed to index.; 939481)
[2024-05-11T11:42:01.492+0000] {local_task_job_runner.py:234} INFO - Task exited with return code 1
[2024-05-11T11:42:01.513+0000] {taskinstance.py:3312} INFO - 0 downstream tasks scheduled from follow-on schedule check
