[2024-05-12T15:40:17.438+0000] {local_task_job_runner.py:120} INFO - ::group::Pre task execution logs
[2024-05-12T15:40:17.644+0000] {taskinstance.py:2076} INFO - Dependencies all met for dep_context=non-requeueable deps ti=<TaskInstance: Units_statistics_DAG.ETL_job scheduled__2024-05-12T15:20:00+00:00 map_index=10 [queued]>
[2024-05-12T15:40:17.762+0000] {taskinstance.py:2076} INFO - Dependencies all met for dep_context=requeueable deps ti=<TaskInstance: Units_statistics_DAG.ETL_job scheduled__2024-05-12T15:20:00+00:00 map_index=10 [queued]>
[2024-05-12T15:40:17.763+0000] {taskinstance.py:2306} INFO - Starting attempt 1 of 4
[2024-05-12T15:40:17.889+0000] {taskinstance.py:2330} INFO - Executing <Mapped(_PythonDecoratedOperator): ETL_job> on 2024-05-12 15:20:00+00:00
[2024-05-12T15:40:17.948+0000] {warnings.py:110} WARNING - /home/***/.local/lib/python3.12/site-packages/***/task/task_runner/standard_task_runner.py:61: DeprecationWarning: This process (pid=593) is multi-threaded, use of fork() may lead to deadlocks in the child.
  pid = os.fork()

[2024-05-12T15:40:17.992+0000] {standard_task_runner.py:63} INFO - Started process 609 to run task
[2024-05-12T15:40:17.997+0000] {standard_task_runner.py:90} INFO - Running: ['***', 'tasks', 'run', 'Units_statistics_DAG', 'ETL_job', 'scheduled__2024-05-12T15:20:00+00:00', '--job-id', '54326', '--raw', '--subdir', 'DAGS_FOLDER/Units_dag.py', '--cfg-path', '/tmp/tmp8kzbyv7r', '--map-index', '10']
[2024-05-12T15:40:18.034+0000] {standard_task_runner.py:91} INFO - Job 54326: Subtask ETL_job
[2024-05-12T15:40:18.427+0000] {task_command.py:426} INFO - Running <TaskInstance: Units_statistics_DAG.ETL_job scheduled__2024-05-12T15:20:00+00:00 map_index=10 [running]> on host 7138d7e072c5
[2024-05-12T15:40:19.297+0000] {taskinstance.py:2648} INFO - Exporting env vars: AIRFLOW_CTX_DAG_OWNER='abeer-araby' AIRFLOW_CTX_DAG_ID='Units_statistics_DAG' AIRFLOW_CTX_TASK_ID='ETL_job' AIRFLOW_CTX_EXECUTION_DATE='2024-05-12T15:20:00+00:00' AIRFLOW_CTX_TRY_NUMBER='1' AIRFLOW_CTX_DAG_RUN_ID='scheduled__2024-05-12T15:20:00+00:00'
[2024-05-12T15:40:19.298+0000] {taskinstance.py:430} INFO - ::endgroup::
[2024-05-12T15:40:19.305+0000] {Units_dag.py:98} INFO - i: 100000, chunk: 10000
[2024-05-12T15:40:19.305+0000] {Units_dag.py:99} INFO - child token is::: eyJ0eXAiOiJKV1QiLCJhbGciOiJIUzI1NiJ9.eyJpc3MiOiJodHRwczovL2FwaS5hZmFxeS5zYS9hdXRoL2xvZ2luX2FzIiwiaWF0IjoxNzE1NTI4NDAzLCJleHAiOjE3MTgxMjA0MDMsIm5iZiI6MTcxNTUyODQwMywianRpIjoiYnkweWFhblZyUU1OZXFobSIsInN1YiI6IjVkNjNlNTFlMDNlZDUyOTJhNDJjMjRlNiIsInBydiI6IjI3MGVjZmM3ZWEzZWQ5MzdlYTg0OTM2MmEzYTUwOTEwYzZkOGNlNGYiLCJsb2dpbl9hc19pZCI6IjY1N2YwYWQ3M2Y5NzcyOTVjZjA1NTc2YSJ9.jDPFXA-oolLJ28uOMaIjML-E0DVlU5bGyrrejLjgUjU
[2024-05-12T15:40:40.189+0000] {Units_dag.py:103} INFO - {'_id': '6457a073467247486a00386f', 'icon': 'icons/icon.png', 'driver_id': '', 'tailer_id': '', 'profile': {'vehicle_type': '', 'measurement_type': 'count', 'max_capacity': 0, 'vin': '', 'plate_number': '', 'start_operation': '', 'contract_milage': '', 'opening_milage': '', 'model': '', 'fuel_type': '91', 'year': 0, 'seats': 2}, 'device_password': '***', 'device_type': 'gps', 'gateway': False, 'name': 'ر س ر 4399', 'operation_code': '22f9cf9c-e30d-4d97-94e3-086aa4d1c8d8', 'device_gateway': '', 'business_types': {'waste': False, 'transportation': True, 'water': False}, 'imei': '861937063363635', 'sim_number': '+966830031819098', 'sim_serial': '421296829686', 'device_serial': '861937063363635', 'device': 'bce', 'user_id': '5f0d614303ed52b67f28d078', 'created_by': '5e6655bf03ed52e1ab79d301', 'updated_at': '2024-04-18 11:18:59', 'created_at': '2023-05-07 15:58:27', 'skip_sim_information': False, 'shipment_info': {'product_category': None, 'truck_type': None, 'shipment_type': None, 'shipment_payment_type': None, 'transporter_type': None, 'operating_area': None, 'weight_kilograms_per_day': None, 'kms_per_day': None, 'shipment_trip_drive_hrs_day': None, 'allowable_delay_drive_hrs_day': None, 'expected_shipment_trip_day': None, 'car_pay_per_day': None, 'exceeding_temperature_limit_per_day': None, 'temperature_upper_limit': None, 'exceeding_humidity_limit_per_day': None, 'humidity_upper_limit': None}, 'custom_fields': [], 'creator': 'amr.ahmed', 'company': '', 'owner': 'alwefaq-idrive', 'last_update': {'dtt': 1700746734000, 'dts': 1700746816217, 'spd': 0, 'ang': 64, 'alt': 602, 'chPrams': {'odometer': {'v': 0, 'cdt': 1699912462000}, 'ePwrV': {'v': 12.762, 'cdt': 1696756108000}, 'di16': {'v': 1, 'cdt': 1699173054000}, 'di15': {'v': 0, 'cdt': 1698500860000}, 'spd': {'v': 0, 'cdt': 1700743854000}, 'di14': {'v': 0, 'cdt': 1700743740000}, 'sat': {'v': 12, 'cdt': 1700727732000}, 'di13': {'v': 0, 'cdt': 1699173054000}, 'di12': {'v': 0, 'cdt': 1699173054000}, 'di11': {'v': 0, 'cdt': 1699173054000}, 'di10': {'v': 0, 'cdt': 1683619010000}, 'di2': {'v': 0, 'cdt': 1699173054000}, 'di1': {'v': 0, 'cdt': 1700744214000}, 'hdop': {'v': 1, 'cdt': 1700500180000}, 'di4': {'v': 0, 'cdt': 1699173054000}, 'di3': {'v': 0, 'cdt': 1700672944000}, 'di6': {'v': 0, 'cdt': 1699173054000}, 'di5': {'v': 0, 'cdt': 1700744214000}, 'protocol': {'v': 'bce', 'cdt': 1699173054000}, 'di8': {'v': 1, 'cdt': 1699173054000}, 'di7': {'v': 0, 'cdt': 1700744574000}, 'di9': {'v': 0, 'cdt': 1699173054000}, 'iPwrV': {'v': 4.002, 'cdt': 1696755808000}}, 'prms': {'protocol': 'bce', 'spd': 0, 'sat': 12, 'hdop': 1, 'odometer': 0, 'di16': 1, 'di15': 0, 'di14': 0, 'di13': 0, 'di12': 0, 'di11': 0, 'di10': 0, 'di9': 0, 'di8': 1, 'di7': 0, 'di6': 0, 'di5': 0, 'di4': 0, 'di3': 0, 'di2': 0, 'di1': 0}, 'devPrms': ['protocol', 'spd', 'sat', 'hdop', 'odometer', 'di16', 'di15', 'di14', 'di13', 'di12', 'di11', 'di10', 'di9', 'di8', 'di7', 'di6', 'di5', 'di4', 'di3', 'di2', 'di1'], 'old_params': {'odometer': 0, 'di16': 1, 'spd': 0, 'di15': 0, 'sat': 12, 'di14': 0, 'di13': 0, 'di12': 0, 'di11': 0, 'di10': 0, 'di2': 0, 'hdop': 1, 'di1': 0, 'di4': 0, 'di3': 0, 'di6': 0, 'di5': 0, 'protocol': 'bce', 'di8': 1, 'di7': 0, 'di9': 0}, 'vLoc': 1, 'vCon': 1, 'ip': '51.36.193.25', 'rl': 0, 'trl': 15298.3748, 'mdu': 0, 'tmdu': 940160, 'eidl': 0, 'teidl': 828078, 'fc': 0, 'tfc': 1.520364, 'acc': 0, 'accOn': 1880442, 'accOff': 16095294, 'sdu': 360, 'tsdu': 2520, 'lat': 26.333040237426758, 'lng': 43.9725341796875}, 'counters': {'odometer_type': 'gps', 'odometer': 15298.3747, 'engine_hours_type': 'acc', 'engine_hours': 1880442, 'last_acc': 0}, 'is_wasl_connected': 'Not Connected', 'iconUrl': 'https://api.afaqy.sa/images/units/icons/icon.png', 'hasCCTV': False}
[2024-05-12T15:40:41.027+0000] {warnings.py:110} WARNING - /home/***/.local/lib/python3.12/site-packages/elasticsearch/_sync/client/__init__.py:399: SecurityWarning: Connecting to 'https://dbelk2.afaqy.local:9200' using TLS with verify_certs=False is insecure
  _transport = transport_class(

[2024-05-12T15:40:41.141+0000] {warnings.py:110} WARNING - /home/***/.local/lib/python3.12/site-packages/elasticsearch/_sync/client/__init__.py:399: SecurityWarning: Connecting to 'https://dbelk3.afaqy.local:9200' using TLS with verify_certs=False is insecure
  _transport = transport_class(

[2024-05-12T15:40:41.737+0000] {warnings.py:110} WARNING - /home/***/.local/lib/python3.12/site-packages/elasticsearch/_sync/client/__init__.py:399: SecurityWarning: Connecting to 'https://dbelk1.afaqy.local:9200' using TLS with verify_certs=False is insecure
  _transport = transport_class(

[2024-05-12T15:40:41.787+0000] {warnings.py:110} WARNING - /home/***/.local/lib/python3.12/site-packages/urllib3/connectionpool.py:1103: InsecureRequestWarning: Unverified HTTPS request is being made to host 'dbelk2.afaqy.local'. Adding certificate verification is strongly advised. See: https://urllib3.readthedocs.io/en/latest/advanced-usage.html#tls-warnings
  warnings.warn(

[2024-05-12T15:40:41.871+0000] {_transport.py:349} INFO - GET https://dbelk2.afaqy.local:9200/_cluster/health [status:200 duration:0.131s]
[2024-05-12T15:40:42.567+0000] {warnings.py:110} WARNING - /home/***/.local/lib/python3.12/site-packages/urllib3/connectionpool.py:1103: InsecureRequestWarning: Unverified HTTPS request is being made to host 'dbelk3.afaqy.local'. Adding certificate verification is strongly advised. See: https://urllib3.readthedocs.io/en/latest/advanced-usage.html#tls-warnings
  warnings.warn(

[2024-05-12T15:40:45.758+0000] {_transport.py:349} INFO - PUT https://dbelk3.afaqy.local:9200/units_statistics_***/_bulk [status:200 duration:3.208s]
[2024-05-12T15:40:47.595+0000] {python.py:237} INFO - Done. Returned value was: None
[2024-05-12T15:40:47.603+0000] {taskinstance.py:441} INFO - ::group::Post task execution logs
[2024-05-12T15:40:47.634+0000] {taskinstance.py:1206} INFO - Marking task as SUCCESS. dag_id=Units_statistics_DAG, task_id=ETL_job, run_id=scheduled__2024-05-12T15:20:00+00:00, map_index=10, execution_date=20240512T152000, start_date=20240512T154017, end_date=20240512T154047
[2024-05-12T15:40:47.757+0000] {local_task_job_runner.py:240} INFO - Task exited with return code 0
[2024-05-12T15:40:47.799+0000] {taskinstance.py:3498} INFO - 0 downstream tasks scheduled from follow-on schedule check
[2024-05-12T15:40:47.831+0000] {local_task_job_runner.py:222} INFO - ::endgroup::
