[2024-04-15T13:00:49.332+0000] {taskinstance.py:1979} INFO - Dependencies all met for dep_context=non-requeueable deps ti=<TaskInstance: Units_statistics_DAG.ETL_job scheduled__2024-04-15T12:00:00+00:00 map_index=16 [queued]>
[2024-04-15T13:00:49.350+0000] {taskinstance.py:1979} INFO - Dependencies all met for dep_context=requeueable deps ti=<TaskInstance: Units_statistics_DAG.ETL_job scheduled__2024-04-15T12:00:00+00:00 map_index=16 [queued]>
[2024-04-15T13:00:49.351+0000] {taskinstance.py:2193} INFO - Starting attempt 1 of 4
[2024-04-15T13:00:49.375+0000] {taskinstance.py:2217} INFO - Executing <Mapped(_PythonDecoratedOperator): ETL_job> on 2024-04-15 12:00:00+00:00
[2024-04-15T13:00:49.383+0000] {standard_task_runner.py:60} INFO - Started process 308542 to run task
[2024-04-15T13:00:49.394+0000] {standard_task_runner.py:87} INFO - Running: ['***', 'tasks', 'run', 'Units_statistics_DAG', 'ETL_job', 'scheduled__2024-04-15T12:00:00+00:00', '--job-id', '2498', '--raw', '--subdir', 'DAGS_FOLDER/Units_dag.py', '--cfg-path', '/tmp/tmphmja_12m', '--map-index', '16']
[2024-04-15T13:00:49.396+0000] {standard_task_runner.py:88} INFO - Job 2498: Subtask ETL_job
[2024-04-15T13:00:49.493+0000] {task_command.py:423} INFO - Running <TaskInstance: Units_statistics_DAG.ETL_job scheduled__2024-04-15T12:00:00+00:00 map_index=16 [running]> on host a09da322e808
[2024-04-15T13:00:49.644+0000] {taskinstance.py:2513} INFO - Exporting env vars: AIRFLOW_CTX_DAG_OWNER='abeer-araby' AIRFLOW_CTX_DAG_ID='Units_statistics_DAG' AIRFLOW_CTX_TASK_ID='ETL_job' AIRFLOW_CTX_EXECUTION_DATE='2024-04-15T12:00:00+00:00' AIRFLOW_CTX_TRY_NUMBER='1' AIRFLOW_CTX_DAG_RUN_ID='scheduled__2024-04-15T12:00:00+00:00'
[2024-04-15T13:00:49.646+0000] {Units_dag.py:89} INFO - i: 160000, chunk: 6485
[2024-04-15T13:00:49.646+0000] {Units_dag.py:90} INFO - child token is::: eyJ0eXAiOiJKV1QiLCJhbGciOiJIUzI1NiJ9.eyJpc3MiOiJodHRwczovL2FwaS5hZmFxeS5zYS9hdXRoL2xvZ2luX2FzIiwiaWF0IjoxNzEzMTg2MDAzLCJleHAiOjE3MTU3NzgwMDMsIm5iZiI6MTcxMzE4NjAwMywianRpIjoiejBta1Y0ZkpQOFJPQWlNTSIsInN1YiI6IjVkNjNlNTFlMDNlZDUyOTJhNDJjMjRlNiIsInBydiI6IjI3MGVjZmM3ZWEzZWQ5MzdlYTg0OTM2MmEzYTUwOTEwYzZkOGNlNGYiLCJsb2dpbl9hc19pZCI6IjY1N2YwYWQ3M2Y5NzcyOTVjZjA1NTc2YSJ9.QDCEVe-aAzFsE-QWqO7J3-PheJGraNw0C3D_PCZZ6Ik
[2024-04-15T13:01:05.063+0000] {Units_dag.py:94} INFO - {'_id': '65e592fbf386e97d1c093882', 'icon': 'icons/icon.png', 'driver_id': '', 'tailer_id': '', 'profile': {'measurement_type': 'count', 'fuel_type': '91', 'year': 0, 'seats': 2}, 'shipment_info': {'product_category': '', 'truck_type': '', 'shipment_type': '', 'shipment_payment_type': '', 'transporter_type': '', 'operating_area': '', 'weight_kilograms_per_day': '', 'kms_per_day': '', 'opening_milage': '', 'shipment_trip_drive_hrs_day': '', 'expected_shipment_trip_day': '', 'car_pay_per_day': '', 'exceeding_temperature_limit_per_day': '', 'temperature_upper_limit': '', 'exceeding_humidity_limit_per_day': '', 'humidity_upper_limit': '', 'allowable_delay_drive_hrs_day': ''}, 'device_password': '***', 'device_type': 'gps', 'gateway': False, 'business_types': {'waste': False, 'transportation': True, 'water': False, 'hajj': False}, 'name': '9012 J G R', 'operation_code': None, 'device_gateway': None, 'skip_sim_information': False, 'imei': '863719061246162', 'sim_number': '+966830032342568', 'sim_serial': '8996609821111924264', 'device_serial': '1132760872', 'device': 'teltonika', 'cctv': {'dvr_id': None, 'channels': None}, 'user_id': '647f5ee97f8fe632ef3a7015', 'created_by': '5e6655bf03ed52e1ab79d301', 'updated_at': '2024-03-12 09:42:05', 'created_at': '2024-03-04 12:23:07', 'creator': 'amr.ahmed', 'company': '', 'owner': 'sumuu-alfakhama-admin', 'last_update': {'dtt': 1713185773000, 'dts': 1713185774956, 'spd': 0, 'ang': 242, 'alt': 292, 'chPrams': {'Speed': {'v': 0, 'cdt': 1713170415000}, 'output1': {'v': False, 'cdt': 1713149370000}, 'output2': {'v': False, 'cdt': 1713149370000}, 'ePwrV': {'v': 12.492, 'cdt': 1713185773000}, 'parm24': {'v': 0, 'cdt': 1713170415000}, 'sat': {'v': 17, 'cdt': 1713185171000}, 'ai1': {'v': 87, 'cdt': 1712136292000}, 'priority': {'v': 0, 'cdt': 1712136292000}, 'di2': {'v': 0, 'cdt': 1712136292000}, 'type': {'v': 6, 'cdt': 1712147310000}, 'di1': {'v': 0, 'cdt': 1713170415000}, 'di3': {'v': 0, 'cdt': 1709624410000}, 'result': {'v': '5665723a30332e32372e31335f343433204750533a41584e5f352e312e392048773a464d43313330204d6f643a3420494d45493a38363337313930363132343631363220496e69743a323032342d332d3420393a333020557074696d653a33353938363634204d41433a373334363244354436323631205350433a312830292041584c3a32204f42443a3020424c3a312e31302042543a34', 'cdt': 1713149070000}, 'protocol': {'v': 'FMC130', 'cdt': 1713149370000}, 'parm6': {'v': 87, 'cdt': 1712136292000}, 'iPwrV': {'v': 3.982, 'cdt': 1713022626000}, 'event': {'v': 0, 'cdt': 1712136292000}}, 'prms': {'protocol': 'FMC130', 'priority': 0, 'sat': 17, 'event': 0, 'di1': 0, 'output1': 0, 'di2': 0, 'di3': 0, 'output2': 0, 'ePwrV': 12.492, 'Speed': 0, 'parm24': 0, 'iPwrV': 3.982, 'ai1': 87, 'parm6': 87}, 'devPrms': ['protocol', 'priority', 'sat', 'event', 'di1', 'output1', 'di2', 'di3', 'output2', 'ePwrV', 'Speed', 'parm24', 'iPwrV', 'ai1', 'parm6'], 'old_params': {'Speed': 0, 'output1': 0, 'output2': 0, 'ePwrV': 12.49, 'parm24': 0, 'sat': 17, 'ai1': 87, 'priority': 0, 'di2': 0, 'di1': 0, 'di3': 0, 'protocol': 'teltonika', 'parm6': 87, 'iPwrV': 3.982, 'event': 0}, 'vLoc': 1, 'vCon': 1, 'ip': '109.83.182.234', 'rl': 0, 'trl': 13817.8089, 'mdu': 0, 'tmdu': 741564, 'eidl': 0, 'teidl': 629494, 'fc': 0, 'tfc': 259.223508, 'acc': 0, 'accOn': 1367900, 'accOff': 10647584, 'sdu': 302, 'tsdu': 15358, 'lat': 21.3981966, 'lng': 39.7991333}, 'counters': {'engine_hours': 1367900, 'last_acc': 0, 'odometer': 13817.477, 'engine_hours_type': 'acc', 'odometer_type': 'gps'}, 'is_wasl_connected': 'Connected', 'iconUrl': 'https://api.afaqy.sa/images/units/icons/icon.png', 'hasCCTV': False}
[2024-04-15T13:01:05.551+0000] {warnings.py:109} WARNING - /home/***/.local/lib/python3.8/site-packages/elasticsearch/_sync/client/__init__.py:399: SecurityWarning: Connecting to 'https://dbelk3.afaqy.local:9200' using TLS with verify_certs=False is insecure
  _transport = transport_class(

[2024-04-15T13:01:05.593+0000] {warnings.py:109} WARNING - /home/***/.local/lib/python3.8/site-packages/elasticsearch/_sync/client/__init__.py:399: SecurityWarning: Connecting to 'https://dbelk2.afaqy.local:9200' using TLS with verify_certs=False is insecure
  _transport = transport_class(

[2024-04-15T13:01:05.639+0000] {warnings.py:109} WARNING - /home/***/.local/lib/python3.8/site-packages/elasticsearch/_sync/client/__init__.py:399: SecurityWarning: Connecting to 'https://dbelk1.afaqy.local:9200' using TLS with verify_certs=False is insecure
  _transport = transport_class(

[2024-04-15T13:01:05.661+0000] {warnings.py:109} WARNING - /home/***/.local/lib/python3.8/site-packages/urllib3/connectionpool.py:1061: InsecureRequestWarning: Unverified HTTPS request is being made to host 'dbelk3.afaqy.local'. Adding certificate verification is strongly advised. See: https://urllib3.readthedocs.io/en/1.26.x/advanced-usage.html#ssl-warnings
  warnings.warn(

[2024-04-15T13:01:05.737+0000] {_transport.py:335} INFO - GET https://dbelk3.afaqy.local:9200/_cluster/health [status:200 duration:0.095s]
[2024-04-15T13:01:05.980+0000] {warnings.py:109} WARNING - /home/***/.local/lib/python3.8/site-packages/urllib3/connectionpool.py:1061: InsecureRequestWarning: Unverified HTTPS request is being made to host 'dbelk2.afaqy.local'. Adding certificate verification is strongly advised. See: https://urllib3.readthedocs.io/en/1.26.x/advanced-usage.html#ssl-warnings
  warnings.warn(

[2024-04-15T13:01:06.876+0000] {_transport.py:335} INFO - PUT https://dbelk2.afaqy.local:9200/units_statistics_***/_bulk [status:200 duration:0.925s]
[2024-04-15T13:01:06.978+0000] {python.py:202} INFO - Done. Returned value was: None
[2024-04-15T13:01:06.998+0000] {taskinstance.py:1149} INFO - Marking task as SUCCESS. dag_id=Units_statistics_DAG, task_id=ETL_job, map_index=16, execution_date=20240415T120000, start_date=20240415T130049, end_date=20240415T130106
[2024-04-15T13:01:07.053+0000] {local_task_job_runner.py:234} INFO - Task exited with return code 0
[2024-04-15T13:01:07.083+0000] {taskinstance.py:3312} INFO - 0 downstream tasks scheduled from follow-on schedule check
