[2024-05-06T05:20:17.904+0000] {taskinstance.py:1979} INFO - Dependencies all met for dep_context=non-requeueable deps ti=<TaskInstance: Units_statistics_DAG.ETL_job scheduled__2024-05-06T05:00:00+00:00 map_index=2 [queued]>
[2024-05-06T05:20:17.973+0000] {taskinstance.py:1979} INFO - Dependencies all met for dep_context=requeueable deps ti=<TaskInstance: Units_statistics_DAG.ETL_job scheduled__2024-05-06T05:00:00+00:00 map_index=2 [queued]>
[2024-05-06T05:20:17.973+0000] {taskinstance.py:2193} INFO - Starting attempt 1 of 4
[2024-05-06T05:20:18.084+0000] {taskinstance.py:2217} INFO - Executing <Mapped(_PythonDecoratedOperator): ETL_job> on 2024-05-06 05:00:00+00:00
[2024-05-06T05:20:18.112+0000] {standard_task_runner.py:60} INFO - Started process 800082 to run task
[2024-05-06T05:20:18.157+0000] {standard_task_runner.py:87} INFO - Running: ['***', 'tasks', 'run', 'Units_statistics_DAG', 'ETL_job', 'scheduled__2024-05-06T05:00:00+00:00', '--job-id', '34842', '--raw', '--subdir', 'DAGS_FOLDER/Units_dag.py', '--cfg-path', '/tmp/tmppx5tth91', '--map-index', '2']
[2024-05-06T05:20:18.167+0000] {standard_task_runner.py:88} INFO - Job 34842: Subtask ETL_job
[2024-05-06T05:20:18.548+0000] {task_command.py:423} INFO - Running <TaskInstance: Units_statistics_DAG.ETL_job scheduled__2024-05-06T05:00:00+00:00 map_index=2 [running]> on host a09da322e808
[2024-05-06T05:20:19.251+0000] {taskinstance.py:2513} INFO - Exporting env vars: AIRFLOW_CTX_DAG_OWNER='abeer-araby' AIRFLOW_CTX_DAG_ID='Units_statistics_DAG' AIRFLOW_CTX_TASK_ID='ETL_job' AIRFLOW_CTX_EXECUTION_DATE='2024-05-06T05:00:00+00:00' AIRFLOW_CTX_TRY_NUMBER='1' AIRFLOW_CTX_DAG_RUN_ID='scheduled__2024-05-06T05:00:00+00:00'
[2024-05-06T05:20:19.252+0000] {Units_dag.py:99} INFO - i: 20000, chunk: 10000
[2024-05-06T05:20:19.253+0000] {Units_dag.py:100} INFO - child token is::: eyJ0eXAiOiJKV1QiLCJhbGciOiJIUzI1NiJ9.eyJpc3MiOiJodHRwczovL2FwaS5hZmFxeS5zYS9hdXRoL2xvZ2luX2FzIiwiaWF0IjoxNzE0OTcyODA0LCJleHAiOjE3MTc1NjQ4MDQsIm5iZiI6MTcxNDk3MjgwNCwianRpIjoiYkR3THRUZVh5WEszbVQxMiIsInN1YiI6IjVkNjNlNTFlMDNlZDUyOTJhNDJjMjRlNiIsInBydiI6IjI3MGVjZmM3ZWEzZWQ5MzdlYTg0OTM2MmEzYTUwOTEwYzZkOGNlNGYiLCJsb2dpbl9hc19pZCI6IjY1N2YwYWQ3M2Y5NzcyOTVjZjA1NTc2YSJ9.gDH7IzHsLPr3UZ3769ZrKWVxeBpJvZWMS5zQ4qDz4_o
[2024-05-06T05:20:52.172+0000] {Units_dag.py:104} INFO - {'_id': '618a5eb51c5458454f7201b2', 'icon': 'icons/sensor.png', 'driver_id': '', 'tailer_id': '', 'profile': {'vehicle_type': '', 'measurement_type': None, 'max_capacity': 0, 'vin': '', 'plate_number': '', 'start_operation': '', 'contract_milage': '', 'opening_milage': '', 'model': '', 'fuel_type': '91', 'year': 0, 'seats': 2}, 'device_password': '***', 'device_type': 'fixed_unit', 'gateway': False, 'name': '72202218', 'operation_code': '', 'device_gateway': '', 'business_types': {'waste': False, 'transportation': True, 'water': False}, 'imei': '72202218', 'sim_number': '+966722022187220', 'sim_serial': '7220221872202218', 'device_serial': '72202218', 'device': 'lora_wifi', 'user_id': '6141a5b331d9dd702d60c986', 'created_by': '5e6655bf03ed52e1ab79d301', 'updated_at': '2024-04-18 11:18:59', 'created_at': '2021-11-09 14:42:45', 'custom_fields': [], 'creator': 'amr.ahmed', 'company': '', 'owner': 'balsharaf-admin', 'last_update': {'dtt': 1714972710000, 'dts': 1714972718480, 'spd': 0, 'ang': 0, 'alt': 0, 'lastloc': {'lat': 0, 'lng': 0}, 'chPrams': {'gw': {'v': '862095050261475', 'cdt': 1688906096000}, 'status_temp_alert': {'v': 0, 'cdt': 1714219395352}, 'status_battery': {'v': 0, 'cdt': 1714219395352}, 'temp': {'v': 17.2, 'cdt': 1714972710000}, 'rssi': {'v': 102, 'cdt': 1714972710000}, 'protocol': {'v': 'lora_gsm', 'cdt': 1714219395352}, 'status_sensor_btn': {'v': 0, 'cdt': 1714219395352}, 'humidity': {'v': 56, 'cdt': 1714970870000}, 'temp_normal': {'v': 0, 'cdt': 1714219395352}, 'battery': {'v': 3.62, 'cdt': 1714834923000}, 'type': {'v': 1, 'cdt': 1714219395352}}, 'prms': {'type': 1, 'protocol': 'lora_gsm', 'status_battery': 0, 'status_temp_alert': 0, 'status_sensor_btn': 0, 'battery': 3.62, 'temp_normal': 0, 'temp': 17.2, 'humidity': 56, 'rssi': 102, 'gw': '862095050261475'}, 'devPrms': ['type', 'protocol', 'status_battery', 'status_temp_alert', 'status_sensor_btn', 'battery', 'temp_normal', 'temp', 'humidity', 'rssi', 'gw'], 'old_params': {'status_temp_alert': 0, 'gw': '862095050261475', 'status_battery': 0, 'protocol': 'lora_wifi', 'temp': 20, 'rssi': 101, 'status_sensor_btn': 0, 'humidity': 56, 'temp_normal': 0, 'type': 1, 'battery': 3.62}, 'vLoc': 0, 'vCon': 1, 'ip': '51.36.15.146', 'rl': 0, 'trl': 0, 'mdu': 0, 'tmdu': 0, 'eidl': 0, 'teidl': 0, 'fc': 0, 'tfc': 0, 'acc': 0, 'accOn': 0, 'accOff': 0, 'sdu': 0, 'tsdu': 0, 'lat': 0, 'lng': 0}, 'counters': {'odometer_type': 'gps', 'odometer': 0, 'engine_hours_type': 'acc', 'engine_hours': 0, 'last_acc': 0}, 'is_wasl_connected': 'Not Connected', 'iconUrl': 'https://api.afaqy.sa/images/units/icons/sensor.png', 'hasCCTV': False}
[2024-05-06T05:20:54.725+0000] {warnings.py:109} WARNING - /home/***/.local/lib/python3.8/site-packages/elasticsearch/_sync/client/__init__.py:399: SecurityWarning: Connecting to 'https://dbelk1.afaqy.local:9200' using TLS with verify_certs=False is insecure
  _transport = transport_class(

[2024-05-06T05:20:54.918+0000] {warnings.py:109} WARNING - /home/***/.local/lib/python3.8/site-packages/elasticsearch/_sync/client/__init__.py:399: SecurityWarning: Connecting to 'https://dbelk2.afaqy.local:9200' using TLS with verify_certs=False is insecure
  _transport = transport_class(

[2024-05-06T05:20:55.024+0000] {warnings.py:109} WARNING - /home/***/.local/lib/python3.8/site-packages/elasticsearch/_sync/client/__init__.py:399: SecurityWarning: Connecting to 'https://dbelk3.afaqy.local:9200' using TLS with verify_certs=False is insecure
  _transport = transport_class(

[2024-05-06T05:20:55.053+0000] {warnings.py:109} WARNING - /home/***/.local/lib/python3.8/site-packages/urllib3/connectionpool.py:1061: InsecureRequestWarning: Unverified HTTPS request is being made to host 'dbelk1.afaqy.local'. Adding certificate verification is strongly advised. See: https://urllib3.readthedocs.io/en/1.26.x/advanced-usage.html#ssl-warnings
  warnings.warn(

[2024-05-06T05:20:55.109+0000] {_transport.py:335} INFO - GET https://dbelk1.afaqy.local:9200/_cluster/health [status:200 duration:0.083s]
[2024-05-06T05:20:55.847+0000] {warnings.py:109} WARNING - /home/***/.local/lib/python3.8/site-packages/urllib3/connectionpool.py:1061: InsecureRequestWarning: Unverified HTTPS request is being made to host 'dbelk2.afaqy.local'. Adding certificate verification is strongly advised. See: https://urllib3.readthedocs.io/en/1.26.x/advanced-usage.html#ssl-warnings
  warnings.warn(

[2024-05-06T05:20:55.860+0000] {_transport.py:335} INFO - PUT https://dbelk2.afaqy.local:9200/units_statistics_***/_bulk [status:429 duration:0.032s]
[2024-05-06T05:20:55.860+0000] {_node_pool.py:249} WARNING - Node <Urllib3HttpNode(https://dbelk2.afaqy.local:9200)> has failed for 1 times in a row, putting on 1 second timeout
[2024-05-06T05:20:55.861+0000] {_transport.py:427} WARNING - Retrying request after non-successful status 429 (attempt 0 of 3)
[2024-05-06T05:20:55.861+0000] {warnings.py:109} WARNING - /home/***/.local/lib/python3.8/site-packages/urllib3/connectionpool.py:1061: InsecureRequestWarning: Unverified HTTPS request is being made to host 'dbelk1.afaqy.local'. Adding certificate verification is strongly advised. See: https://urllib3.readthedocs.io/en/1.26.x/advanced-usage.html#ssl-warnings
  warnings.warn(

[2024-05-06T05:20:56.053+0000] {_transport.py:335} INFO - PUT https://dbelk1.afaqy.local:9200/units_statistics_***/_bulk [status:200 duration:0.192s]
[2024-05-06T05:20:56.742+0000] {taskinstance.py:2731} ERROR - Task failed with exception
Traceback (most recent call last):
  File "/home/airflow/.local/lib/python3.8/site-packages/airflow/models/taskinstance.py", line 444, in _execute_task
    result = _execute_callable(context=context, **execute_callable_kwargs)
  File "/home/airflow/.local/lib/python3.8/site-packages/airflow/models/taskinstance.py", line 414, in _execute_callable
    return execute_callable(context=context, **execute_callable_kwargs)
  File "/home/airflow/.local/lib/python3.8/site-packages/airflow/decorators/base.py", line 241, in execute
    return_value = super().execute(context)
  File "/home/airflow/.local/lib/python3.8/site-packages/airflow/operators/python.py", line 200, in execute
    return_value = self.execute_callable()
  File "/home/airflow/.local/lib/python3.8/site-packages/airflow/operators/python.py", line 217, in execute_callable
    return self.python_callable(*self.op_args, **self.op_kwargs)
  File "/opt/airflow/dags/Units_dag.py", line 112, in ETL_job
    Elk_client.elk_pushData(Globals.index_name,units_list_update)
  File "/opt/airflow/dags/elk_manager.py", line 69, in elk_pushData
    helpers.bulk(self.elk_client, docs_list, index=index_name, chunk_size=batch)
  File "/home/airflow/.local/lib/python3.8/site-packages/elasticsearch/helpers/actions.py", line 521, in bulk
    for ok, item in streaming_bulk(
  File "/home/airflow/.local/lib/python3.8/site-packages/elasticsearch/helpers/actions.py", line 436, in streaming_bulk
    for data, (ok, info) in zip(
  File "/home/airflow/.local/lib/python3.8/site-packages/elasticsearch/helpers/actions.py", line 355, in _process_bulk_chunk
    yield from gen
  File "/home/airflow/.local/lib/python3.8/site-packages/elasticsearch/helpers/actions.py", line 274, in _process_bulk_chunk_success
    raise BulkIndexError(f"{len(errors)} document(s) failed to index.", errors)
elasticsearch.helpers.BulkIndexError: 10000 document(s) failed to index.
[2024-05-06T05:20:56.754+0000] {taskinstance.py:1149} INFO - Marking task as UP_FOR_RETRY. dag_id=Units_statistics_DAG, task_id=ETL_job, map_index=2, execution_date=20240506T050000, start_date=20240506T052017, end_date=20240506T052056
[2024-05-06T05:20:56.781+0000] {standard_task_runner.py:107} ERROR - Failed to execute job 34842 for task ETL_job (10000 document(s) failed to index.; 800082)
[2024-05-06T05:20:56.947+0000] {local_task_job_runner.py:234} INFO - Task exited with return code 1
[2024-05-06T05:20:56.972+0000] {taskinstance.py:3312} INFO - 0 downstream tasks scheduled from follow-on schedule check
