[2024-04-30T11:20:16.914+0000] {taskinstance.py:1979} INFO - Dependencies all met for dep_context=non-requeueable deps ti=<TaskInstance: Units_statistics_DAG.ETL_job scheduled__2024-04-30T11:00:00+00:00 map_index=15 [queued]>
[2024-04-30T11:20:16.995+0000] {taskinstance.py:1979} INFO - Dependencies all met for dep_context=requeueable deps ti=<TaskInstance: Units_statistics_DAG.ETL_job scheduled__2024-04-30T11:00:00+00:00 map_index=15 [queued]>
[2024-04-30T11:20:17.010+0000] {taskinstance.py:2193} INFO - Starting attempt 1 of 4
[2024-04-30T11:20:17.124+0000] {taskinstance.py:2217} INFO - Executing <Mapped(_PythonDecoratedOperator): ETL_job> on 2024-04-30 11:00:00+00:00
[2024-04-30T11:20:17.190+0000] {standard_task_runner.py:60} INFO - Started process 661119 to run task
[2024-04-30T11:20:17.239+0000] {standard_task_runner.py:87} INFO - Running: ['***', 'tasks', 'run', 'Units_statistics_DAG', 'ETL_job', 'scheduled__2024-04-30T11:00:00+00:00', '--job-id', '24579', '--raw', '--subdir', 'DAGS_FOLDER/Units_dag.py', '--cfg-path', '/tmp/tmp4k1782bh', '--map-index', '15']
[2024-04-30T11:20:17.255+0000] {standard_task_runner.py:88} INFO - Job 24579: Subtask ETL_job
[2024-04-30T11:20:17.617+0000] {task_command.py:423} INFO - Running <TaskInstance: Units_statistics_DAG.ETL_job scheduled__2024-04-30T11:00:00+00:00 map_index=15 [running]> on host a09da322e808
[2024-04-30T11:20:18.653+0000] {taskinstance.py:2513} INFO - Exporting env vars: AIRFLOW_CTX_DAG_OWNER='abeer-araby' AIRFLOW_CTX_DAG_ID='Units_statistics_DAG' AIRFLOW_CTX_TASK_ID='ETL_job' AIRFLOW_CTX_EXECUTION_DATE='2024-04-30T11:00:00+00:00' AIRFLOW_CTX_TRY_NUMBER='1' AIRFLOW_CTX_DAG_RUN_ID='scheduled__2024-04-30T11:00:00+00:00'
[2024-04-30T11:20:18.655+0000] {Units_dag.py:99} INFO - i: 150000, chunk: 10000
[2024-04-30T11:20:18.655+0000] {Units_dag.py:100} INFO - child token is::: eyJ0eXAiOiJKV1QiLCJhbGciOiJIUzI1NiJ9.eyJpc3MiOiJodHRwczovL2FwaS5hZmFxeS5zYS9hdXRoL2xvZ2luX2FzIiwiaWF0IjoxNzE0NDc2MDAzLCJleHAiOjE3MTcwNjgwMDMsIm5iZiI6MTcxNDQ3NjAwMywianRpIjoiMHlZUXJaMWJHdnliTGc4QiIsInN1YiI6IjVkNjNlNTFlMDNlZDUyOTJhNDJjMjRlNiIsInBydiI6IjI3MGVjZmM3ZWEzZWQ5MzdlYTg0OTM2MmEzYTUwOTEwYzZkOGNlNGYiLCJsb2dpbl9hc19pZCI6IjY1N2YwYWQ3M2Y5NzcyOTVjZjA1NTc2YSJ9.BTqP5dz8fjqmWIkFBVkYv6xNtlP8_96nvCK257M8nx4
[2024-04-30T11:20:49.821+0000] {Units_dag.py:104} INFO - {'_id': '659685b6787a588b22040426', 'icon': 'icons/icon.png', 'driver_id': '', 'tailer_id': '', 'profile': {'vehicle_type': '', 'measurement_type': 'count', 'max_capacity': 0, 'vin': '', 'plate_number': '', 'start_operation': '', 'contract_milage': '', 'opening_milage': '', 'model': '', 'fuel_type': '91', 'year': 0, 'seats': 2}, 'shipment_info': {'product_category': None, 'truck_type': None, 'shipment_type': None, 'shipment_payment_type': None, 'transporter_type': None, 'operating_area': None, 'weight_kilograms_per_day': None, 'kms_per_day': None, 'shipment_trip_drive_hrs_day': None, 'allowable_delay_drive_hrs_day': None, 'expected_shipment_trip_day': None, 'car_pay_per_day': None, 'exceeding_temperature_limit_per_day': None, 'temperature_upper_limit': None, 'exceeding_humidity_limit_per_day': None, 'humidity_upper_limit': None}, 'device_password': '***', 'device_type': 'gps', 'gateway': False, 'business_types': {'waste': False, 'transportation': True, 'water': False}, 'name': '2058 K E R', 'operation_code': '', 'device_gateway': '', 'skip_sim_information': False, 'imei': '866344058644191', 'sim_number': '+966830020338129', 'sim_serial': '8996609821112132499', 'device_serial': '1135389439', 'device': 'teltonika', 'user_id': '61adecadb70c9664dd5bc901', 'created_by': '5e6655bf03ed52e1ab79d301', 'updated_at': '2024-04-18 11:18:59', 'created_at': '2024-01-04 13:17:26', 'custom_fields': [], 'creator': 'amr.ahmed', 'company': '', 'owner': 'shift-inc-co', 'last_update': {'dtt': 1714475728000, 'dts': 1714475730446, 'spd': 0, 'ang': 311, 'alt': 46, 'chPrams': {'Speed': {'v': 0, 'cdt': 1714462775000}, 'output1': {'v': False, 'cdt': 1714426507000}, 'ePwrV': {'v': 12.538, 'cdt': 1714475427000}, 'parm24': {'v': 0, 'cdt': 1714462775000}, 'sat': {'v': 11, 'cdt': 1714475728000}, 'ai1': {'v': 216, 'cdt': 1712743382000}, 'type': {'v': 6, 'cdt': 1712485948000}, 'priority': {'v': 0, 'cdt': 1712743382000}, 'di1': {'v': 0, 'cdt': 1714462775000}, 'result': {'v': '5665723a30332e32382e30325f313937204750533a41584e5f352e312e392048773a464d43393230204d6f643a3120494d45493a38363633343430353836343431393120496e69743a323032342d312d31382032323a313720557074696d653a38373934373932204d41433a333838413231393035364431205350433a312830292041584c3a31204f42443a3020424c3a312e31302042543a34', 'cdt': 1714426207000}, 'protocol': {'v': 'FMC920', 'cdt': 1714426507000}, 'iPwrV': {'v': 4.023, 'cdt': 1714462745000}, 'event': {'v': 0, 'cdt': 1712743382000}}, 'prms': {'protocol': 'FMC920', 'priority': 0, 'sat': 11, 'event': 0, 'di1': 0, 'output1': 0, 'ePwrV': 12.538, 'Speed': 0, 'parm24': 0, 'iPwrV': 4.023, 'ai1': 216}, 'devPrms': ['protocol', 'priority', 'sat', 'event', 'di1', 'output1', 'ePwrV', 'Speed', 'parm24', 'iPwrV', 'ai1'], 'old_params': {'Speed': 0, 'protocol': 'teltonika', 'output1': 0, 'ePwrV': 12.538, 'parm24': 0, 'sat': 10, 'ai1': 216, 'iPwrV': 4.023, 'priority': 0, 'event': 0, 'di1': 0}, 'vLoc': 1, 'vCon': 1, 'ip': '109.83.238.104', 'rl': 0, 'trl': 1462.7876, 'mdu': 0, 'tmdu': 80765, 'eidl': 0, 'teidl': 210656, 'fc': 0, 'tfc': 92.98651, 'acc': 0, 'accOn': 284808, 'accOff': 11817857, 'sdu': 301, 'tsdu': 12953, 'lat': 26.3525366, 'lng': 50.2060466}, 'counters': {'engine_hours': 284808, 'last_acc': 0, 'odometer': 1462.3413, 'engine_hours_type': '', 'odometer_type': 'gps'}, 'is_wasl_connected': 'Not Connected', 'iconUrl': 'https://api.afaqy.sa/images/units/icons/icon.png', 'hasCCTV': False}
[2024-04-30T11:20:51.662+0000] {warnings.py:109} WARNING - /home/***/.local/lib/python3.8/site-packages/elasticsearch/_sync/client/__init__.py:399: SecurityWarning: Connecting to 'https://dbelk1.afaqy.local:9200' using TLS with verify_certs=False is insecure
  _transport = transport_class(

[2024-04-30T11:20:51.771+0000] {warnings.py:109} WARNING - /home/***/.local/lib/python3.8/site-packages/elasticsearch/_sync/client/__init__.py:399: SecurityWarning: Connecting to 'https://dbelk2.afaqy.local:9200' using TLS with verify_certs=False is insecure
  _transport = transport_class(

[2024-04-30T11:20:51.912+0000] {warnings.py:109} WARNING - /home/***/.local/lib/python3.8/site-packages/elasticsearch/_sync/client/__init__.py:399: SecurityWarning: Connecting to 'https://dbelk3.afaqy.local:9200' using TLS with verify_certs=False is insecure
  _transport = transport_class(

[2024-04-30T11:20:51.949+0000] {warnings.py:109} WARNING - /home/***/.local/lib/python3.8/site-packages/urllib3/connectionpool.py:1061: InsecureRequestWarning: Unverified HTTPS request is being made to host 'dbelk1.afaqy.local'. Adding certificate verification is strongly advised. See: https://urllib3.readthedocs.io/en/1.26.x/advanced-usage.html#ssl-warnings
  warnings.warn(

[2024-04-30T11:20:52.001+0000] {_transport.py:335} INFO - GET https://dbelk1.afaqy.local:9200/_cluster/health [status:200 duration:0.086s]
[2024-04-30T11:20:52.647+0000] {warnings.py:109} WARNING - /home/***/.local/lib/python3.8/site-packages/urllib3/connectionpool.py:1061: InsecureRequestWarning: Unverified HTTPS request is being made to host 'dbelk2.afaqy.local'. Adding certificate verification is strongly advised. See: https://urllib3.readthedocs.io/en/1.26.x/advanced-usage.html#ssl-warnings
  warnings.warn(

[2024-04-30T11:20:54.591+0000] {_transport.py:335} INFO - PUT https://dbelk2.afaqy.local:9200/units_statistics_***/_bulk [status:200 duration:1.989s]
[2024-04-30T11:20:54.834+0000] {python.py:202} INFO - Done. Returned value was: None
[2024-04-30T11:20:54.868+0000] {taskinstance.py:1149} INFO - Marking task as SUCCESS. dag_id=Units_statistics_DAG, task_id=ETL_job, map_index=15, execution_date=20240430T110000, start_date=20240430T112016, end_date=20240430T112054
[2024-04-30T11:20:54.931+0000] {local_task_job_runner.py:234} INFO - Task exited with return code 0
[2024-04-30T11:20:54.963+0000] {taskinstance.py:3312} INFO - 0 downstream tasks scheduled from follow-on schedule check
