[2024-05-06T10:22:11.610+0000] {taskinstance.py:1979} INFO - Dependencies all met for dep_context=non-requeueable deps ti=<TaskInstance: Units_statistics_DAG.ETL_job scheduled__2024-05-06T10:00:00+00:00 map_index=17 [queued]>
[2024-05-06T10:22:11.659+0000] {taskinstance.py:1979} INFO - Dependencies all met for dep_context=requeueable deps ti=<TaskInstance: Units_statistics_DAG.ETL_job scheduled__2024-05-06T10:00:00+00:00 map_index=17 [queued]>
[2024-05-06T10:22:11.660+0000] {taskinstance.py:2193} INFO - Starting attempt 2 of 4
[2024-05-06T10:22:11.695+0000] {taskinstance.py:2217} INFO - Executing <Mapped(_PythonDecoratedOperator): ETL_job> on 2024-05-06 10:00:00+00:00
[2024-05-06T10:22:11.703+0000] {standard_task_runner.py:60} INFO - Started process 805480 to run task
[2024-05-06T10:22:11.716+0000] {standard_task_runner.py:87} INFO - Running: ['***', 'tasks', 'run', 'Units_statistics_DAG', 'ETL_job', 'scheduled__2024-05-06T10:00:00+00:00', '--job-id', '35398', '--raw', '--subdir', 'DAGS_FOLDER/Units_dag.py', '--cfg-path', '/tmp/tmp3emb8xk9', '--map-index', '17']
[2024-05-06T10:22:11.719+0000] {standard_task_runner.py:88} INFO - Job 35398: Subtask ETL_job
[2024-05-06T10:22:11.900+0000] {task_command.py:423} INFO - Running <TaskInstance: Units_statistics_DAG.ETL_job scheduled__2024-05-06T10:00:00+00:00 map_index=17 [running]> on host a09da322e808
[2024-05-06T10:22:12.196+0000] {taskinstance.py:2513} INFO - Exporting env vars: AIRFLOW_CTX_DAG_OWNER='abeer-araby' AIRFLOW_CTX_DAG_ID='Units_statistics_DAG' AIRFLOW_CTX_TASK_ID='ETL_job' AIRFLOW_CTX_EXECUTION_DATE='2024-05-06T10:00:00+00:00' AIRFLOW_CTX_TRY_NUMBER='2' AIRFLOW_CTX_DAG_RUN_ID='scheduled__2024-05-06T10:00:00+00:00'
[2024-05-06T10:22:12.198+0000] {Units_dag.py:99} INFO - i: 170000, chunk: 551
[2024-05-06T10:22:12.198+0000] {Units_dag.py:100} INFO - child token is::: eyJ0eXAiOiJKV1QiLCJhbGciOiJIUzI1NiJ9.eyJpc3MiOiJodHRwczovL2FwaS5hZmFxeS5zYS9hdXRoL2xvZ2luX2FzIiwiaWF0IjoxNzE0OTkwODA0LCJleHAiOjE3MTc1ODI4MDQsIm5iZiI6MTcxNDk5MDgwNCwianRpIjoiNUVlZ1FTeDhndE5aNklpTSIsInN1YiI6IjVkNjNlNTFlMDNlZDUyOTJhNDJjMjRlNiIsInBydiI6IjI3MGVjZmM3ZWEzZWQ5MzdlYTg0OTM2MmEzYTUwOTEwYzZkOGNlNGYiLCJsb2dpbl9hc19pZCI6IjY1N2YwYWQ3M2Y5NzcyOTVjZjA1NTc2YSJ9.j6cKlXdZYjKitNdB8HkPqSnvH5o9TuNSCRyc6fQlI1k
[2024-05-06T10:22:15.633+0000] {Units_dag.py:104} INFO - {'_id': '663736bd8317c4f1f207a4d2', 'icon': 'icons/icon.png', 'driver_id': '', 'tailer_id': '', 'profile': {'vehicle_type': '', 'measurement_type': 'count', 'max_capacity': 0, 'vin': '', 'plate_number': '', 'start_operation': '', 'contract_milage': '', 'opening_milage': '', 'model': '', 'fuel_type': '91', 'year': 0, 'seats': 2}, 'shipment_info': {'product_category': None, 'truck_type': None, 'shipment_type': None, 'shipment_payment_type': None, 'transporter_type': None, 'operating_area': None, 'weight_kilograms_per_day': None, 'kms_per_day': None, 'shipment_trip_drive_hrs_day': None, 'allowable_delay_drive_hrs_day': None, 'expected_shipment_trip_day': None, 'car_pay_per_day': None, 'exceeding_temperature_limit_per_day': None, 'temperature_upper_limit': None, 'exceeding_humidity_limit_per_day': None, 'humidity_upper_limit': None}, 'device_password': '***', 'device_type': 'gps', 'gateway': False, 'business_types': {'waste': False, 'transportation': True, 'water': False, 'hajj': False}, 'name': '61211', 'operation_code': '', 'device_gateway': '', 'skip_sim_information': False, 'custom_fields': [], 'imei': '864626044948872', 'sim_number': '+966830020998728', 'sim_serial': '8996609821112200301', 'device_serial': '864626044948872', 'device': 'bce', 'user_id': '634c19ac8b18de19956b8bd9', 'created_by': '5e6655bf03ed52e1ab79d301', 'updated_at': '2024-05-05 13:17:31', 'created_at': '2024-05-05 10:35:25', 'creator': 'amr.ahmed', 'company': '', 'owner': 'elaf-alarabia-admin', 'last_update': {'dtt': 1714990912000, 'dts': 1714990931595, 'spd': 0, 'ang': 336, 'alt': 115, 'chPrams': {'ePwrV': {'v': 28.342, 'cdt': 1714990912000}, 'di16': {'v': 1, 'cdt': 1714895160000}, 'rssi1': {'v': 63, 'cdt': 1714990882000}, 'di15': {'v': 0, 'cdt': 1714895160000}, 'di14': {'v': 0, 'cdt': 1714990216000}, 'di13': {'v': 0, 'cdt': 1714895160000}, 'di12': {'v': 0, 'cdt': 1714895160000}, 'di11': {'v': 0, 'cdt': 1714895160000}, 'di10': {'v': 0, 'cdt': 1714895160000}, 'di2': {'v': 0, 'cdt': 1714895160000}, 'di1': {'v': 0, 'cdt': 1714990612000}, 'ai4': {'v': 330, 'cdt': 1714989604000}, 'di4': {'v': 0, 'cdt': 1714895160000}, 'di3': {'v': 0, 'cdt': 1714895160000}, 'di6': {'v': 0, 'cdt': 1714895160000}, 'di5': {'v': 1, 'cdt': 1714968510000}, 'lac1': {'v': 2234, 'cdt': 1714197418000}, 'protocol': {'v': 'bce', 'cdt': 1714895160000}, 'di8': {'v': 1, 'cdt': 1714895160000}, 'di7': {'v': 1, 'cdt': 1714968510000}, 'di9': {'v': 0, 'cdt': 1714895160000}, 'iPwrV': {'v': 0.004, 'cdt': 1714990912000}, 'cid1': {'v': 30221, 'cdt': 1714990252000}, 'odometer': {'v': 0, 'cdt': 1714990222000}, 'spd': {'v': 0, 'cdt': 1714990222000}, 'sat': {'v': 12, 'cdt': 1714976890000}, 'hdop': {'v': 1, 'cdt': 1714895160000}, 'ta': {'v': 0, 'cdt': 1714895160000}, 'mcc1': {'v': 420, 'cdt': 1714895160000}, 'mnc1': {'v': 3, 'cdt': 1714895160000}}, 'prms': {'protocol': 'bce', 'spd': 0, 'sat': 12, 'hdop': 1, 'odometer': 0, 'di16': 1, 'di15': 0, 'di14': 0, 'di13': 0, 'di12': 0, 'di11': 0, 'di10': 0, 'di9': 0, 'di8': 1, 'di7': 1, 'di6': 0, 'di5': 1, 'di4': 0, 'di3': 0, 'di2': 0, 'di1': 0, 'ePwrV': 28.342, 'ai4': 330, 'iPwrV': 0.004, 'ta': 0, 'mcc1': 420, 'mnc1': 3, 'lac1': 2234, 'cid1': 30221, 'rssi1': 63}, 'devPrms': ['protocol', 'spd', 'sat', 'hdop', 'odometer', 'di16', 'di15', 'di14', 'di13', 'di12', 'di11', 'di10', 'di9', 'di8', 'di7', 'di6', 'di5', 'di4', 'di3', 'di2', 'di1', 'ePwrV', 'ai4', 'iPwrV', 'ta', 'mcc1', 'mnc1', 'lac1', 'cid1', 'rssi1'], 'old_params': {'protocol': 'bce', 'spd': 0, 'sat': 12, 'hdop': 1, 'odometer': 0, 'di16': 1, 'di15': 0, 'di14': 0, 'di13': 0, 'di12': 0, 'di11': 0, 'di10': 0, 'di9': 0, 'di8': 1, 'di7': 1, 'di6': 0, 'di5': 1, 'di4': 0, 'di3': 0, 'di2': 0, 'di1': 0, 'ePwrV': 28.404, 'ai4': 330, 'iPwrV': 0.006, 'ta': 0, 'mcc1': 420, 'mnc1': 3, 'lac1': 2234, 'cid1': 30221, 'rssi1': 63}, 'vLoc': 1, 'vCon': 1, 'ip': '109.83.107.19', 'rl': 0, 'trl': 703.215, 'mdu': 0, 'tmdu': 88942, 'eidl': 30, 'teidl': 140158, 'fc': 0, 'tfc': 0.4692, 'acc': 1, 'accOn': 47896, 'accOff': 31236706, 'sdu': 0, 'tsdu': 0, 'lat': 21.512514114379883, 'lng': 39.32514953613281}, 'counters': {'odometer_type': 'gps', 'odometer': 111.6788, 'engine_hours_type': 'acc', 'engine_hours': 47896, 'last_acc': 1}, 'is_wasl_connected': 'Not Connected', 'iconUrl': 'https://api.afaqy.sa/images/units/icons/icon.png', 'hasCCTV': False}
[2024-05-06T10:22:17.494+0000] {warnings.py:109} WARNING - /home/***/.local/lib/python3.8/site-packages/elasticsearch/_sync/client/__init__.py:399: SecurityWarning: Connecting to 'https://dbelk2.afaqy.local:9200' using TLS with verify_certs=False is insecure
  _transport = transport_class(

[2024-05-06T10:22:17.563+0000] {warnings.py:109} WARNING - /home/***/.local/lib/python3.8/site-packages/elasticsearch/_sync/client/__init__.py:399: SecurityWarning: Connecting to 'https://dbelk3.afaqy.local:9200' using TLS with verify_certs=False is insecure
  _transport = transport_class(

[2024-05-06T10:22:17.688+0000] {warnings.py:109} WARNING - /home/***/.local/lib/python3.8/site-packages/elasticsearch/_sync/client/__init__.py:399: SecurityWarning: Connecting to 'https://dbelk1.afaqy.local:9200' using TLS with verify_certs=False is insecure
  _transport = transport_class(

[2024-05-06T10:22:17.711+0000] {warnings.py:109} WARNING - /home/***/.local/lib/python3.8/site-packages/urllib3/connectionpool.py:1061: InsecureRequestWarning: Unverified HTTPS request is being made to host 'dbelk2.afaqy.local'. Adding certificate verification is strongly advised. See: https://urllib3.readthedocs.io/en/1.26.x/advanced-usage.html#ssl-warnings
  warnings.warn(

[2024-05-06T10:22:17.793+0000] {_transport.py:335} INFO - GET https://dbelk2.afaqy.local:9200/_cluster/health [status:200 duration:0.103s]
[2024-05-06T10:22:17.868+0000] {warnings.py:109} WARNING - /home/***/.local/lib/python3.8/site-packages/urllib3/connectionpool.py:1061: InsecureRequestWarning: Unverified HTTPS request is being made to host 'dbelk3.afaqy.local'. Adding certificate verification is strongly advised. See: https://urllib3.readthedocs.io/en/1.26.x/advanced-usage.html#ssl-warnings
  warnings.warn(

[2024-05-06T10:22:17.871+0000] {_transport.py:335} INFO - PUT https://dbelk3.afaqy.local:9200/units_statistics_***/_bulk [status:429 duration:0.027s]
[2024-05-06T10:22:17.872+0000] {_node_pool.py:249} WARNING - Node <Urllib3HttpNode(https://dbelk3.afaqy.local:9200)> has failed for 1 times in a row, putting on 1 second timeout
[2024-05-06T10:22:17.872+0000] {_transport.py:427} WARNING - Retrying request after non-successful status 429 (attempt 0 of 3)
[2024-05-06T10:22:17.873+0000] {warnings.py:109} WARNING - /home/***/.local/lib/python3.8/site-packages/urllib3/connectionpool.py:1061: InsecureRequestWarning: Unverified HTTPS request is being made to host 'dbelk2.afaqy.local'. Adding certificate verification is strongly advised. See: https://urllib3.readthedocs.io/en/1.26.x/advanced-usage.html#ssl-warnings
  warnings.warn(

[2024-05-06T10:22:17.880+0000] {_transport.py:335} INFO - PUT https://dbelk2.afaqy.local:9200/units_statistics_***/_bulk [status:429 duration:0.007s]
[2024-05-06T10:22:17.880+0000] {_node_pool.py:249} WARNING - Node <Urllib3HttpNode(https://dbelk2.afaqy.local:9200)> has failed for 1 times in a row, putting on 1 second timeout
[2024-05-06T10:22:17.880+0000] {_transport.py:427} WARNING - Retrying request after non-successful status 429 (attempt 1 of 3)
[2024-05-06T10:22:17.911+0000] {warnings.py:109} WARNING - /home/***/.local/lib/python3.8/site-packages/urllib3/connectionpool.py:1061: InsecureRequestWarning: Unverified HTTPS request is being made to host 'dbelk1.afaqy.local'. Adding certificate verification is strongly advised. See: https://urllib3.readthedocs.io/en/1.26.x/advanced-usage.html#ssl-warnings
  warnings.warn(

[2024-05-06T10:22:17.926+0000] {_transport.py:335} INFO - PUT https://dbelk1.afaqy.local:9200/units_statistics_***/_bulk [status:200 duration:0.046s]
[2024-05-06T10:22:17.933+0000] {taskinstance.py:2731} ERROR - Task failed with exception
Traceback (most recent call last):
  File "/home/airflow/.local/lib/python3.8/site-packages/airflow/models/taskinstance.py", line 444, in _execute_task
    result = _execute_callable(context=context, **execute_callable_kwargs)
  File "/home/airflow/.local/lib/python3.8/site-packages/airflow/models/taskinstance.py", line 414, in _execute_callable
    return execute_callable(context=context, **execute_callable_kwargs)
  File "/home/airflow/.local/lib/python3.8/site-packages/airflow/decorators/base.py", line 241, in execute
    return_value = super().execute(context)
  File "/home/airflow/.local/lib/python3.8/site-packages/airflow/operators/python.py", line 200, in execute
    return_value = self.execute_callable()
  File "/home/airflow/.local/lib/python3.8/site-packages/airflow/operators/python.py", line 217, in execute_callable
    return self.python_callable(*self.op_args, **self.op_kwargs)
  File "/opt/airflow/dags/Units_dag.py", line 112, in ETL_job
    Elk_client.elk_pushData(Globals.index_name,units_list_update)
  File "/opt/airflow/dags/elk_manager.py", line 69, in elk_pushData
    helpers.bulk(self.elk_client, docs_list, index=index_name, chunk_size=batch)
  File "/home/airflow/.local/lib/python3.8/site-packages/elasticsearch/helpers/actions.py", line 521, in bulk
    for ok, item in streaming_bulk(
  File "/home/airflow/.local/lib/python3.8/site-packages/elasticsearch/helpers/actions.py", line 436, in streaming_bulk
    for data, (ok, info) in zip(
  File "/home/airflow/.local/lib/python3.8/site-packages/elasticsearch/helpers/actions.py", line 355, in _process_bulk_chunk
    yield from gen
  File "/home/airflow/.local/lib/python3.8/site-packages/elasticsearch/helpers/actions.py", line 274, in _process_bulk_chunk_success
    raise BulkIndexError(f"{len(errors)} document(s) failed to index.", errors)
elasticsearch.helpers.BulkIndexError: 551 document(s) failed to index.
[2024-05-06T10:22:17.957+0000] {taskinstance.py:1149} INFO - Marking task as UP_FOR_RETRY. dag_id=Units_statistics_DAG, task_id=ETL_job, map_index=17, execution_date=20240506T100000, start_date=20240506T102211, end_date=20240506T102217
[2024-05-06T10:22:17.995+0000] {standard_task_runner.py:107} ERROR - Failed to execute job 35398 for task ETL_job (551 document(s) failed to index.; 805480)
[2024-05-06T10:22:18.049+0000] {local_task_job_runner.py:234} INFO - Task exited with return code 1
[2024-05-06T10:22:18.082+0000] {taskinstance.py:3312} INFO - 0 downstream tasks scheduled from follow-on schedule check
