[2024-05-11T11:22:00.124+0000] {taskinstance.py:1979} INFO - Dependencies all met for dep_context=non-requeueable deps ti=<TaskInstance: Units_statistics_DAG.ETL_job scheduled__2024-05-11T11:00:00+00:00 map_index=13 [queued]>
[2024-05-11T11:22:00.145+0000] {taskinstance.py:1979} INFO - Dependencies all met for dep_context=requeueable deps ti=<TaskInstance: Units_statistics_DAG.ETL_job scheduled__2024-05-11T11:00:00+00:00 map_index=13 [queued]>
[2024-05-11T11:22:00.146+0000] {taskinstance.py:2193} INFO - Starting attempt 2 of 4
[2024-05-11T11:22:00.166+0000] {taskinstance.py:2217} INFO - Executing <Mapped(_PythonDecoratedOperator): ETL_job> on 2024-05-11 11:00:00+00:00
[2024-05-11T11:22:00.173+0000] {standard_task_runner.py:60} INFO - Started process 939058 to run task
[2024-05-11T11:22:00.183+0000] {standard_task_runner.py:87} INFO - Running: ['***', 'tasks', 'run', 'Units_statistics_DAG', 'ETL_job', 'scheduled__2024-05-11T11:00:00+00:00', '--job-id', '50413', '--raw', '--subdir', 'DAGS_FOLDER/Units_dag.py', '--cfg-path', '/tmp/tmpjotuhy3_', '--map-index', '13']
[2024-05-11T11:22:00.185+0000] {standard_task_runner.py:88} INFO - Job 50413: Subtask ETL_job
[2024-05-11T11:22:00.268+0000] {task_command.py:423} INFO - Running <TaskInstance: Units_statistics_DAG.ETL_job scheduled__2024-05-11T11:00:00+00:00 map_index=13 [running]> on host a09da322e808
[2024-05-11T11:22:00.429+0000] {taskinstance.py:2513} INFO - Exporting env vars: AIRFLOW_CTX_DAG_OWNER='abeer-araby' AIRFLOW_CTX_DAG_ID='Units_statistics_DAG' AIRFLOW_CTX_TASK_ID='ETL_job' AIRFLOW_CTX_EXECUTION_DATE='2024-05-11T11:00:00+00:00' AIRFLOW_CTX_TRY_NUMBER='2' AIRFLOW_CTX_DAG_RUN_ID='scheduled__2024-05-11T11:00:00+00:00'
[2024-05-11T11:22:00.431+0000] {Units_dag.py:98} INFO - i: 130000, chunk: 10000
[2024-05-11T11:22:00.431+0000] {Units_dag.py:99} INFO - child token is::: eyJ0eXAiOiJKV1QiLCJhbGciOiJIUzI1NiJ9.eyJpc3MiOiJodHRwczovL2FwaS5hZmFxeS5zYS9hdXRoL2xvZ2luX2FzIiwiaWF0IjoxNzE1NDI2NDA0LCJleHAiOjE3MTgwMTg0MDQsIm5iZiI6MTcxNTQyNjQwNCwianRpIjoiT1ZIWjBUb0E1eHFaSVZUeSIsInN1YiI6IjVkNjNlNTFlMDNlZDUyOTJhNDJjMjRlNiIsInBydiI6IjI3MGVjZmM3ZWEzZWQ5MzdlYTg0OTM2MmEzYTUwOTEwYzZkOGNlNGYiLCJsb2dpbl9hc19pZCI6IjY1N2YwYWQ3M2Y5NzcyOTVjZjA1NTc2YSJ9.NPoX5iGOYyWKmhtAUAoGHAsFBBguADAt_ZZjFA8xKl4
[2024-05-11T11:22:18.241+0000] {Units_dag.py:103} INFO - {'_id': '6511744348b0e157f55fea3f', 'icon': 'icons/icon.png', 'driver_id': '', 'tailer_id': '', 'profile': {'vehicle_type': '', 'measurement_type': 'count', 'max_capacity': 0, 'vin': '', 'plate_number': '', 'start_operation': '', 'contract_milage': '', 'opening_milage': '', 'model': '', 'fuel_type': '91', 'year': 0, 'seats': 2}, 'shipment_info': {'product_category': None, 'truck_type': None, 'shipment_type': None, 'shipment_payment_type': None, 'transporter_type': None, 'operating_area': None, 'weight_kilograms_per_day': None, 'kms_per_day': None, 'shipment_trip_drive_hrs_day': None, 'allowable_delay_drive_hrs_day': None, 'expected_shipment_trip_day': None, 'car_pay_per_day': None, 'exceeding_temperature_limit_per_day': None, 'temperature_upper_limit': None, 'exceeding_humidity_limit_per_day': None, 'humidity_upper_limit': None}, 'device_password': '***', 'device_type': 'gps', 'gateway': False, 'business_types': {'waste': False, 'transportation': True, 'water': False}, 'name': '2430 S E A', 'operation_code': '', 'device_gateway': '', 'skip_sim_information': False, 'imei': '863719060655751', 'sim_number': '+966830032219884', 'sim_serial': '8996609821111926790', 'device_serial': '1131866407', 'device': 'teltonika', 'user_id': '64d8c62c2d774b6f343b34f7', 'created_by': '5e6655bf03ed52e1ab79d301', 'updated_at': '2024-04-18 11:18:59', 'created_at': '2023-09-25 14:51:31', 'custom_fields': [], 'creator': 'amr.ahmed', 'company': '', 'owner': 'cap-france-bat-saudi-admin', 'last_update': {'dtt': 1715426365000, 'dts': 1715426368263, 'spd': 0, 'ang': 115, 'alt': 644, 'chPrams': {'pdop': {'v': 1.3, 'cdt': 1715426365000}, 'Speed': {'v': 0, 'cdt': 1715395049000}, 'output1': {'v': False, 'cdt': 1715425162000}, 'rssi': {'v': 5, 'cdt': 1714922300000}, 'workMode': {'v': 0, 'cdt': 1715395410000}, 'ePwrV': {'v': 13.056000000000001, 'cdt': 1715425463000}, 'parm24': {'v': 0, 'cdt': 1715395049000}, 'sat': {'v': 16, 'cdt': 1715426365000}, 'priority': {'v': 0, 'cdt': 1715316096000}, 'type': {'v': 6, 'cdt': 1715369590000}, 'di1': {'v': 0, 'cdt': 1715395079000}, 'hdop': {'v': 0.6000000000000001, 'cdt': 1715426365000}, 'result': {'v': '5665723a30332e32372e31345f3030204750533a41584e5f352e312e392048773a464d43313330204d6f643a3420494d45493a38363337313930363036353537353120496e69743a323032342d332d31382031383a3520557074696d653a34363331383736204d41433a303133424142373436323631205350433a312830292041584c3a32204f42443a3020424c3a312e31302042543a34', 'cdt': 1715424862000}, 'protocol': {'v': 'FMC130', 'cdt': 1715425162000}, 'gpsStatus': {'v': 1, 'cdt': 1715085532000}, 'iPwrV': {'v': 3.963, 'cdt': 1715395079000}, 'event': {'v': 0, 'cdt': 1715316096000}}, 'prms': {'protocol': 'FMC130', 'priority': 0, 'sat': 16, 'event': 0, 'di1': 0, 'workMode': 0, 'rssi': 5, 'gpsStatus': 1, 'output1': 0, 'pdop': 1.3, 'hdop': 0.6000000000000001, 'ePwrV': 13.056000000000001, 'Speed': 0, 'parm24': 0, 'iPwrV': 3.963}, 'devPrms': ['protocol', 'priority', 'sat', 'event', 'di1', 'workMode', 'rssi', 'gpsStatus', 'output1', 'pdop', 'hdop', 'ePwrV', 'Speed', 'parm24', 'iPwrV'], 'old_params': {'pdop': 1, 'Speed': 0, 'rssi': 5, 'output1': 0, 'workMode': 0, 'ePwrV': 13.056000000000001, 'parm24': 0, 'sat': 18, 'priority': 0, 'di1': 0, 'hdop': 0.5, 'protocol': 'teltonika', 'gpsStatus': 1, 'iPwrV': 3.963, 'event': 0}, 'vLoc': 1, 'vCon': 1, 'ip': '37.216.1.2', 'rl': 0, 'trl': 3824.0318, 'mdu': 0, 'tmdu': 255604, 'eidl': 0, 'teidl': 93469, 'fc': 0, 'tfc': 458.882222, 'acc': 0, 'accOn': 9905392, 'accOff': 632605830, 'sdu': 301, 'tsdu': 31286, 'lat': 24.7800283, 'lng': 46.705675}, 'counters': {'odometer_type': '', 'odometer': 3824.0255, 'engine_hours_type': '', 'engine_hours': 9905392, 'last_acc': 0}, 'is_wasl_connected': 'Not Connected', 'iconUrl': 'https://api.afaqy.sa/images/units/icons/icon.png', 'hasCCTV': False}
[2024-05-11T11:22:18.878+0000] {warnings.py:109} WARNING - /home/***/.local/lib/python3.8/site-packages/elasticsearch/_sync/client/__init__.py:399: SecurityWarning: Connecting to 'https://dbelk2.afaqy.local:9200' using TLS with verify_certs=False is insecure
  _transport = transport_class(

[2024-05-11T11:22:18.921+0000] {warnings.py:109} WARNING - /home/***/.local/lib/python3.8/site-packages/elasticsearch/_sync/client/__init__.py:399: SecurityWarning: Connecting to 'https://dbelk3.afaqy.local:9200' using TLS with verify_certs=False is insecure
  _transport = transport_class(

[2024-05-11T11:22:18.965+0000] {warnings.py:109} WARNING - /home/***/.local/lib/python3.8/site-packages/elasticsearch/_sync/client/__init__.py:399: SecurityWarning: Connecting to 'https://dbelk1.afaqy.local:9200' using TLS with verify_certs=False is insecure
  _transport = transport_class(

[2024-05-11T11:22:18.987+0000] {warnings.py:109} WARNING - /home/***/.local/lib/python3.8/site-packages/urllib3/connectionpool.py:1061: InsecureRequestWarning: Unverified HTTPS request is being made to host 'dbelk2.afaqy.local'. Adding certificate verification is strongly advised. See: https://urllib3.readthedocs.io/en/1.26.x/advanced-usage.html#ssl-warnings
  warnings.warn(

[2024-05-11T11:22:19.177+0000] {_transport.py:335} INFO - GET https://dbelk2.afaqy.local:9200/_cluster/health [status:200 duration:0.210s]
[2024-05-11T11:22:19.570+0000] {warnings.py:109} WARNING - /home/***/.local/lib/python3.8/site-packages/urllib3/connectionpool.py:1061: InsecureRequestWarning: Unverified HTTPS request is being made to host 'dbelk3.afaqy.local'. Adding certificate verification is strongly advised. See: https://urllib3.readthedocs.io/en/1.26.x/advanced-usage.html#ssl-warnings
  warnings.warn(

[2024-05-11T11:22:19.583+0000] {_transport.py:335} INFO - PUT https://dbelk3.afaqy.local:9200/units_statistics_***/_bulk [status:429 duration:0.029s]
[2024-05-11T11:22:19.583+0000] {_node_pool.py:249} WARNING - Node <Urllib3HttpNode(https://dbelk3.afaqy.local:9200)> has failed for 1 times in a row, putting on 1 second timeout
[2024-05-11T11:22:19.584+0000] {_transport.py:427} WARNING - Retrying request after non-successful status 429 (attempt 0 of 3)
[2024-05-11T11:22:19.584+0000] {warnings.py:109} WARNING - /home/***/.local/lib/python3.8/site-packages/urllib3/connectionpool.py:1061: InsecureRequestWarning: Unverified HTTPS request is being made to host 'dbelk2.afaqy.local'. Adding certificate verification is strongly advised. See: https://urllib3.readthedocs.io/en/1.26.x/advanced-usage.html#ssl-warnings
  warnings.warn(

[2024-05-11T11:22:19.596+0000] {_transport.py:335} INFO - PUT https://dbelk2.afaqy.local:9200/units_statistics_***/_bulk [status:429 duration:0.012s]
[2024-05-11T11:22:19.597+0000] {_node_pool.py:249} WARNING - Node <Urllib3HttpNode(https://dbelk2.afaqy.local:9200)> has failed for 1 times in a row, putting on 1 second timeout
[2024-05-11T11:22:19.597+0000] {_transport.py:427} WARNING - Retrying request after non-successful status 429 (attempt 1 of 3)
[2024-05-11T11:22:19.616+0000] {warnings.py:109} WARNING - /home/***/.local/lib/python3.8/site-packages/urllib3/connectionpool.py:1061: InsecureRequestWarning: Unverified HTTPS request is being made to host 'dbelk1.afaqy.local'. Adding certificate verification is strongly advised. See: https://urllib3.readthedocs.io/en/1.26.x/advanced-usage.html#ssl-warnings
  warnings.warn(

[2024-05-11T11:22:27.300+0000] {_transport.py:335} INFO - PUT https://dbelk1.afaqy.local:9200/units_statistics_***/_bulk [status:200 duration:7.703s]
[2024-05-11T11:22:28.142+0000] {taskinstance.py:2731} ERROR - Task failed with exception
Traceback (most recent call last):
  File "/home/airflow/.local/lib/python3.8/site-packages/airflow/models/taskinstance.py", line 444, in _execute_task
    result = _execute_callable(context=context, **execute_callable_kwargs)
  File "/home/airflow/.local/lib/python3.8/site-packages/airflow/models/taskinstance.py", line 414, in _execute_callable
    return execute_callable(context=context, **execute_callable_kwargs)
  File "/home/airflow/.local/lib/python3.8/site-packages/airflow/decorators/base.py", line 241, in execute
    return_value = super().execute(context)
  File "/home/airflow/.local/lib/python3.8/site-packages/airflow/operators/python.py", line 200, in execute
    return_value = self.execute_callable()
  File "/home/airflow/.local/lib/python3.8/site-packages/airflow/operators/python.py", line 217, in execute_callable
    return self.python_callable(*self.op_args, **self.op_kwargs)
  File "/opt/airflow/dags/Units_dag.py", line 111, in ETL_job
    Elk_client.elk_pushData(Globals.index_name,units_list_update)
  File "/opt/airflow/dags/units_statistics/elk_manager.py", line 69, in elk_pushData
    helpers.bulk(self.elk_client, docs_list, index=index_name, chunk_size=batch)
  File "/home/airflow/.local/lib/python3.8/site-packages/elasticsearch/helpers/actions.py", line 521, in bulk
    for ok, item in streaming_bulk(
  File "/home/airflow/.local/lib/python3.8/site-packages/elasticsearch/helpers/actions.py", line 436, in streaming_bulk
    for data, (ok, info) in zip(
  File "/home/airflow/.local/lib/python3.8/site-packages/elasticsearch/helpers/actions.py", line 355, in _process_bulk_chunk
    yield from gen
  File "/home/airflow/.local/lib/python3.8/site-packages/elasticsearch/helpers/actions.py", line 274, in _process_bulk_chunk_success
    raise BulkIndexError(f"{len(errors)} document(s) failed to index.", errors)
elasticsearch.helpers.BulkIndexError: 1628 document(s) failed to index.
[2024-05-11T11:22:28.167+0000] {taskinstance.py:1149} INFO - Marking task as UP_FOR_RETRY. dag_id=Units_statistics_DAG, task_id=ETL_job, map_index=13, execution_date=20240511T110000, start_date=20240511T112200, end_date=20240511T112228
[2024-05-11T11:22:28.209+0000] {standard_task_runner.py:107} ERROR - Failed to execute job 50413 for task ETL_job (1628 document(s) failed to index.; 939058)
[2024-05-11T11:22:28.355+0000] {local_task_job_runner.py:234} INFO - Task exited with return code 1
[2024-05-11T11:22:28.400+0000] {taskinstance.py:3312} INFO - 0 downstream tasks scheduled from follow-on schedule check
