[2024-04-23T11:20:12.201+0000] {taskinstance.py:1979} INFO - Dependencies all met for dep_context=non-requeueable deps ti=<TaskInstance: Units_statistics_DAG.ETL_job scheduled__2024-04-23T11:00:00+00:00 map_index=9 [queued]>
[2024-04-23T11:20:12.260+0000] {taskinstance.py:1979} INFO - Dependencies all met for dep_context=requeueable deps ti=<TaskInstance: Units_statistics_DAG.ETL_job scheduled__2024-04-23T11:00:00+00:00 map_index=9 [queued]>
[2024-04-23T11:20:12.260+0000] {taskinstance.py:2193} INFO - Starting attempt 1 of 4
[2024-04-23T11:20:12.348+0000] {taskinstance.py:2217} INFO - Executing <Mapped(_PythonDecoratedOperator): ETL_job> on 2024-04-23 11:00:00+00:00
[2024-04-23T11:20:12.380+0000] {standard_task_runner.py:60} INFO - Started process 493959 to run task
[2024-04-23T11:20:12.397+0000] {standard_task_runner.py:87} INFO - Running: ['***', 'tasks', 'run', 'Units_statistics_DAG', 'ETL_job', 'scheduled__2024-04-23T11:00:00+00:00', '--job-id', '12945', '--raw', '--subdir', 'DAGS_FOLDER/Units_dag.py', '--cfg-path', '/tmp/tmp53m5yidk', '--map-index', '9']
[2024-04-23T11:20:12.401+0000] {standard_task_runner.py:88} INFO - Job 12945: Subtask ETL_job
[2024-04-23T11:20:12.703+0000] {task_command.py:423} INFO - Running <TaskInstance: Units_statistics_DAG.ETL_job scheduled__2024-04-23T11:00:00+00:00 map_index=9 [running]> on host a09da322e808
[2024-04-23T11:20:13.267+0000] {taskinstance.py:2513} INFO - Exporting env vars: AIRFLOW_CTX_DAG_OWNER='abeer-araby' AIRFLOW_CTX_DAG_ID='Units_statistics_DAG' AIRFLOW_CTX_TASK_ID='ETL_job' AIRFLOW_CTX_EXECUTION_DATE='2024-04-23T11:00:00+00:00' AIRFLOW_CTX_TRY_NUMBER='1' AIRFLOW_CTX_DAG_RUN_ID='scheduled__2024-04-23T11:00:00+00:00'
[2024-04-23T11:20:13.268+0000] {Units_dag.py:99} INFO - i: 90000, chunk: 10000
[2024-04-23T11:20:13.269+0000] {Units_dag.py:100} INFO - child token is::: eyJ0eXAiOiJKV1QiLCJhbGciOiJIUzI1NiJ9.eyJpc3MiOiJodHRwczovL2FwaS5hZmFxeS5zYS9hdXRoL2xvZ2luX2FzIiwiaWF0IjoxNzEzODcxMjAzLCJleHAiOjE3MTY0NjMyMDMsIm5iZiI6MTcxMzg3MTIwMywianRpIjoiOUczRktvcDVVeWczS0VyMiIsInN1YiI6IjVkNjNlNTFlMDNlZDUyOTJhNDJjMjRlNiIsInBydiI6IjI3MGVjZmM3ZWEzZWQ5MzdlYTg0OTM2MmEzYTUwOTEwYzZkOGNlNGYiLCJsb2dpbl9hc19pZCI6IjY1N2YwYWQ3M2Y5NzcyOTVjZjA1NTc2YSJ9.CsNHLAZ6IeCJnBV1guKY1k3rqwVh9t5_iqEk3vnvCTY
[2024-04-23T11:20:47.567+0000] {Units_dag.py:104} INFO - {'_id': '640bfa164cd7b91fb31796ee', 'icon': 'icons/icon.png', 'driver_id': '', 'tailer_id': '', 'profile': {'vehicle_type': '', 'measurement_type': 'count', 'max_capacity': 0, 'vin': '', 'plate_number': '', 'start_operation': '', 'contract_milage': '', 'opening_milage': '', 'model': '', 'fuel_type': '91', 'year': 0, 'seats': 2}, 'device_password': '***', 'device_type': 'gps', 'gateway': False, 'name': 'أ ر و 1877', 'operation_code': '', 'imei': '863540062021291', 'sim_number': '+966212967268543', 'sim_serial': '8996604212967268543', 'device_serial': '1130023435', 'device': 'teltonika', 'created_by': '5e539d8203ed52f71d634478', 'user_id': '5e539d8203ed52f71d634478', 'updated_at': '2024-04-18 11:18:59', 'created_at': '2023-03-11 06:48:38', 'business_types': {'waste': False, 'transportation': True, 'water': False, 'hajj': False}, 'device_gateway': '', 'custom_fields': [], 'creator': 'aemallamar', 'company': '', 'owner': 'aemallamar', 'last_update': {'dtt': 1713871117000, 'dts': 1713871123262, 'spd': 0, 'ang': 37, 'alt': 165, 'chPrams': {'parm76': {'v': 0, 'cdt': 1712209914000}, 'output1': {'v': False, 'cdt': 1713853131000}, 'output2': {'v': False, 'cdt': 1713853131000}, 'motion': {'v': False, 'cdt': 1713859700000}, 'ePwrV': {'v': 11.009, 'cdt': 1713871117000}, 'sat': {'v': 19, 'cdt': 1713871117000}, 'ai1': {'v': 6288, 'cdt': 1713871117000}, 'priority': {'v': 0, 'cdt': 1713860599000}, 'di2': {'v': 1, 'cdt': 1713855534000}, 'type': {'v': 6, 'cdt': 1712262079000}, 'di1': {'v': 0, 'cdt': 1713859696000}, 'temp1': {'v': 0, 'cdt': 1712948230000}, 'result': {'v': '5665723a30332e32372e31335f3534204750533a41584e5f352e312e392048773a464d43313330204d6f643a3420494d45493a38363335343030363230323132393120496e69743a323032342d312d3620363a333620557074696d653a39333035343732204d41433a323634303843394536323631205350433a312830292041584c3a32204f42443a3020424c3a312e31302042543a34', 'cdt': 1713852831000}, 'protocol': {'v': 'FMC130', 'cdt': 1713853131000}, 'parm6': {'v': 217, 'cdt': 1712209914000}, 'temp5': {'v': 30, 'cdt': 1712948230000}, 'iPwrV': {'v': 3.999, 'cdt': 1713871117000}, 'event': {'v': 0, 'cdt': 1713859707000}, 'humidity86': {'v': 300, 'cdt': 1712948230000}}, 'prms': {'protocol': 'FMC130', 'priority': 0, 'sat': 19, 'event': 0, 'di1': 0, 'motion': 0, 'output1': 0, 'di2': 1, 'output2': 0, 'ePwrV': 11.009, 'iPwrV': 3.999, 'ai1': 6288, 'parm6': 217, 'temp5': 30, 'humidity86': 300, 'temp1': 0, 'parm76': 0}, 'devPrms': ['protocol', 'priority', 'sat', 'event', 'di1', 'motion', 'output1', 'di2', 'output2', 'ePwrV', 'iPwrV', 'ai1', 'parm6', 'temp5', 'humidity86', 'temp1', 'parm76'], 'old_params': {'parm76': 0, 'output1': 0, 'output2': 0, 'motion': 0, 'ePwrV': 11.011000000000001, 'sat': 20, 'ai1': 6293, 'priority': 0, 'di2': 1, 'di1': 0, 'temp1': 0, 'protocol': 'teltonika', 'parm6': 217, 'temp5': 30, 'iPwrV': 4, 'event': 0, 'humidity86': 300}, 'vLoc': 1, 'vCon': 1, 'ip': '51.36.7.183', 'rl': 0, 'trl': 8341.285, 'mdu': 0, 'tmdu': 685188, 'eidl': 0, 'teidl': 478495, 'fc': 0, 'tfc': 0.005976, 'acc': 0, 'accOn': 6026800, 'accOff': 37070402, 'sdu': 300, 'tsdu': 11421, 'lat': 25.4159983, 'lng': 49.5591783}, 'counters': {'odometer_type': 'gps', 'odometer': 8341.2879, 'engine_hours_type': 'acc', 'engine_hours': 6026800, 'last_acc': 0}, 'is_wasl_connected': 'Connected', 'iconUrl': 'https://api.afaqy.sa/images/units/icons/icon.png', 'hasCCTV': False}
[2024-04-23T11:20:49.036+0000] {warnings.py:109} WARNING - /home/***/.local/lib/python3.8/site-packages/elasticsearch/_sync/client/__init__.py:399: SecurityWarning: Connecting to 'https://dbelk3.afaqy.local:9200' using TLS with verify_certs=False is insecure
  _transport = transport_class(

[2024-04-23T11:20:49.085+0000] {warnings.py:109} WARNING - /home/***/.local/lib/python3.8/site-packages/elasticsearch/_sync/client/__init__.py:399: SecurityWarning: Connecting to 'https://dbelk2.afaqy.local:9200' using TLS with verify_certs=False is insecure
  _transport = transport_class(

[2024-04-23T11:20:49.157+0000] {warnings.py:109} WARNING - /home/***/.local/lib/python3.8/site-packages/elasticsearch/_sync/client/__init__.py:399: SecurityWarning: Connecting to 'https://dbelk1.afaqy.local:9200' using TLS with verify_certs=False is insecure
  _transport = transport_class(

[2024-04-23T11:20:49.186+0000] {warnings.py:109} WARNING - /home/***/.local/lib/python3.8/site-packages/urllib3/connectionpool.py:1061: InsecureRequestWarning: Unverified HTTPS request is being made to host 'dbelk3.afaqy.local'. Adding certificate verification is strongly advised. See: https://urllib3.readthedocs.io/en/1.26.x/advanced-usage.html#ssl-warnings
  warnings.warn(

[2024-04-23T11:20:49.293+0000] {_transport.py:335} INFO - GET https://dbelk3.afaqy.local:9200/_cluster/health [status:200 duration:0.134s]
[2024-04-23T11:20:50.040+0000] {warnings.py:109} WARNING - /home/***/.local/lib/python3.8/site-packages/urllib3/connectionpool.py:1061: InsecureRequestWarning: Unverified HTTPS request is being made to host 'dbelk2.afaqy.local'. Adding certificate verification is strongly advised. See: https://urllib3.readthedocs.io/en/1.26.x/advanced-usage.html#ssl-warnings
  warnings.warn(

[2024-04-23T11:20:51.686+0000] {_transport.py:335} INFO - PUT https://dbelk2.afaqy.local:9200/units_statistics_***/_bulk [status:200 duration:1.677s]
[2024-04-23T11:20:51.868+0000] {python.py:202} INFO - Done. Returned value was: None
[2024-04-23T11:20:51.889+0000] {taskinstance.py:1149} INFO - Marking task as SUCCESS. dag_id=Units_statistics_DAG, task_id=ETL_job, map_index=9, execution_date=20240423T110000, start_date=20240423T112012, end_date=20240423T112051
[2024-04-23T11:20:51.933+0000] {local_task_job_runner.py:234} INFO - Task exited with return code 0
[2024-04-23T11:20:51.971+0000] {taskinstance.py:3312} INFO - 0 downstream tasks scheduled from follow-on schedule check
