[2024-05-07T19:01:44.515+0000] {taskinstance.py:1979} INFO - Dependencies all met for dep_context=non-requeueable deps ti=<TaskInstance: Units_statistics_DAG.ETL_job scheduled__2024-05-07T18:40:00+00:00 map_index=2 [queued]>
[2024-05-07T19:01:44.534+0000] {taskinstance.py:1979} INFO - Dependencies all met for dep_context=requeueable deps ti=<TaskInstance: Units_statistics_DAG.ETL_job scheduled__2024-05-07T18:40:00+00:00 map_index=2 [queued]>
[2024-05-07T19:01:44.534+0000] {taskinstance.py:2193} INFO - Starting attempt 2 of 4
[2024-05-07T19:01:44.556+0000] {taskinstance.py:2217} INFO - Executing <Mapped(_PythonDecoratedOperator): ETL_job> on 2024-05-07 18:40:00+00:00
[2024-05-07T19:01:44.561+0000] {standard_task_runner.py:60} INFO - Started process 841789 to run task
[2024-05-07T19:01:44.570+0000] {standard_task_runner.py:87} INFO - Running: ['***', 'tasks', 'run', 'Units_statistics_DAG', 'ETL_job', 'scheduled__2024-05-07T18:40:00+00:00', '--job-id', '39557', '--raw', '--subdir', 'DAGS_FOLDER/Units_dag.py', '--cfg-path', '/tmp/tmp_s2l08zf', '--map-index', '2']
[2024-05-07T19:01:44.573+0000] {standard_task_runner.py:88} INFO - Job 39557: Subtask ETL_job
[2024-05-07T19:01:44.651+0000] {task_command.py:423} INFO - Running <TaskInstance: Units_statistics_DAG.ETL_job scheduled__2024-05-07T18:40:00+00:00 map_index=2 [running]> on host a09da322e808
[2024-05-07T19:01:44.815+0000] {taskinstance.py:2513} INFO - Exporting env vars: AIRFLOW_CTX_DAG_OWNER='abeer-araby' AIRFLOW_CTX_DAG_ID='Units_statistics_DAG' AIRFLOW_CTX_TASK_ID='ETL_job' AIRFLOW_CTX_EXECUTION_DATE='2024-05-07T18:40:00+00:00' AIRFLOW_CTX_TRY_NUMBER='2' AIRFLOW_CTX_DAG_RUN_ID='scheduled__2024-05-07T18:40:00+00:00'
[2024-05-07T19:01:44.817+0000] {Units_dag.py:98} INFO - i: 20000, chunk: 10000
[2024-05-07T19:01:44.817+0000] {Units_dag.py:99} INFO - child token is::: eyJ0eXAiOiJKV1QiLCJhbGciOiJIUzI1NiJ9.eyJpc3MiOiJodHRwczovL2FwaS5hZmFxeS5zYS9hdXRoL2xvZ2luX2FzIiwiaWF0IjoxNzE1MTA4NDAzLCJleHAiOjE3MTc3MDA0MDMsIm5iZiI6MTcxNTEwODQwMywianRpIjoic255V013TFc3Q2dzQUpmNCIsInN1YiI6IjVkNjNlNTFlMDNlZDUyOTJhNDJjMjRlNiIsInBydiI6IjI3MGVjZmM3ZWEzZWQ5MzdlYTg0OTM2MmEzYTUwOTEwYzZkOGNlNGYiLCJsb2dpbl9hc19pZCI6IjY1N2YwYWQ3M2Y5NzcyOTVjZjA1NTc2YSJ9.dtYVFX-9Avir0snae_YK3VsDRD0_-Y8F3uzSWQisi3Q
[2024-05-07T19:02:02.337+0000] {Units_dag.py:103} INFO - {'_id': '618a70e9fabb56337f79c30f', 'icon': 'icons/icon.png', 'driver_id': '', 'tailer_id': '', 'profile': {'vehicle_type': '', 'measurement_type': 'weight', 'max_capacity': 0, 'vin': '', 'plate_number': '', 'start_operation': '', 'contract_milage': '', 'opening_milage': '', 'model': '', 'fuel_type': '91', 'year': 0, 'seats': 2}, 'device_password': '***', 'device_type': 'gps', 'gateway': False, 'name': 'ب س م 7343', 'operation_code': '', 'device_gateway': '', 'business_types': {'waste': False, 'transportation': True, 'water': False}, 'imei': '862549044125154', 'sim_number': '+966862549084845', 'sim_serial': '862549044125154', 'device_serial': '862549044125154', 'device': 'ruptela', 'user_id': '5e539d8203ed52f71d634478', 'created_by': '5e6655bf03ed52e1ab79d301', 'updated_at': '2024-04-18 11:18:59', 'created_at': '2021-11-09 16:00:25', 'custom_fields': [], 'creator': 'amr.ahmed', 'company': '', 'owner': 'aemallamar', 'last_update': {'dtt': 1715108488000, 'dts': 1715108490114, 'spd': 0, 'ang': 268, 'alt': 617, 'chPrams': {'gsm': {'v': 23, 'cdt': 1715108188000}, 'io_1_176': {'v': 0, 'cdt': 1715104134000}, 'io_1_134': {'v': 0, 'cdt': 1715104042000}, 'io_1_136': {'v': 0, 'cdt': 1715086038000}, 'ai22': {'v': 2920, 'cdt': 1715108488000}, 'ePwrV': {'v': 25.897, 'cdt': 1715108488000}, 'io_1_135': {'v': 0, 'cdt': 1715104106000}, 'io_2_139': {'v': 60, 'cdt': 1715104228000}, 'di2': {'v': 0, 'cdt': 1636636963000}, 'operator': {'v': 42004, 'cdt': 1714544431000}, 'io_1_130': {'v': 0, 'cdt': 1715104148000}, 'di5': {'v': 0, 'cdt': 1715104134000}, 'io_2_131': {'v': 0, 'cdt': 1715001417000}, 'protocol': {'v': 'ruptela', 'cdt': 1714399624000}, 'io_2_137': {'v': 60, 'cdt': 1715104588000}, 'iPwrV': {'v': 4.088, 'cdt': 1715108428000}, 'event': {'v': 7, 'cdt': 1715104168000}, 'io_1_418': {'v': 1, 'cdt': 1714544431000}, 'move': {'v': 0, 'cdt': 1715104148000}, 'spd': {'v': 0, 'cdt': 1715104134000}, 'sat': {'v': 12, 'cdt': 1715108428000}, 'hdop': {'v': 0.7, 'cdt': 1715108428000}, 'io_2_560': {'v': 0, 'cdt': 1714472247000}, 'accTemp': {'v': 36, 'cdt': 1715107408000}, 'vOdometer': {'v': 188213425, 'cdt': 1715104134000}, 'io_1_405': {'v': 1, 'cdt': 1714399624000}}, 'prms': {'protocol': 'ruptela', 'sat': 12, 'spd': 0, 'hdop': 0.7, 'event': 7, 'io_1_130': 0, 'io_1_134': 0, 'io_1_135': 0, 'io_1_136': 0, 'di2': 0, 'di5': 0, 'accTemp': 36, 'io_1_405': 1, 'gsm': 23, 'move': 0, 'io_1_176': 0, 'io_1_418': 1, 'io_2_131': 0, 'io_2_137': 60, 'io_2_139': 60, 'ai22': 2920, 'io_2_560': 0, 'ePwrV': 25.897, 'iPwrV': 4.088, 'vOdometer': 188213425, 'operator': 42004}, 'devPrms': ['protocol', 'sat', 'spd', 'hdop', 'event', 'io_1_130', 'io_1_134', 'io_1_135', 'io_1_136', 'di2', 'di5', 'accTemp', 'io_1_405', 'gsm', 'move', 'io_1_176', 'io_1_418', 'io_2_131', 'io_2_137', 'io_2_139', 'ai22', 'io_2_560', 'ePwrV', 'iPwrV', 'vOdometer', 'operator'], 'old_params': {'protocol': 'ruptela', 'sat': 12, 'spd': 0, 'hdop': 0.7, 'event': 7, 'io_1_130': 0, 'io_1_134': 0, 'io_1_135': 0, 'io_1_136': 0, 'di2': 0, 'di5': 0, 'accTemp': 36, 'io_1_405': 1, 'gsm': 23, 'move': 0, 'io_1_176': 0, 'io_1_418': 1, 'io_2_131': 0, 'io_2_137': 60, 'io_2_139': 60, 'ai22': 2921, 'io_2_560': 0, 'ePwrV': 25.91, 'iPwrV': 4.088, 'vOdometer': 188213425, 'operator': 42004}, 'vLoc': 1, 'vCon': 1, 'ip': '51.39.13.86', 'rl': 0, 'trl': 189698.1259, 'mdu': 0, 'tmdu': 10366523, 'eidl': 0, 'teidl': 6646367, 'fc': 0, 'tfc': 678.284064, 'acc': 0, 'accOn': 143231455, 'accOff': 61756515, 'sdu': 60, 'tsdu': 4354, 'lat': 26.3378583, 'lng': 43.97701}, 'counters': {'odometer_type': 'gps', 'odometer': 189698.1259, 'engine_hours_type': 'acc', 'engine_hours': 143231455, 'last_acc': 0}, 'is_wasl_connected': 'Connected', 'iconUrl': 'https://api.afaqy.sa/images/units/icons/icon.png', 'hasCCTV': False}
[2024-05-07T19:02:02.934+0000] {warnings.py:109} WARNING - /home/***/.local/lib/python3.8/site-packages/elasticsearch/_sync/client/__init__.py:399: SecurityWarning: Connecting to 'https://dbelk1.afaqy.local:9200' using TLS with verify_certs=False is insecure
  _transport = transport_class(

[2024-05-07T19:02:02.999+0000] {warnings.py:109} WARNING - /home/***/.local/lib/python3.8/site-packages/elasticsearch/_sync/client/__init__.py:399: SecurityWarning: Connecting to 'https://dbelk2.afaqy.local:9200' using TLS with verify_certs=False is insecure
  _transport = transport_class(

[2024-05-07T19:02:03.054+0000] {warnings.py:109} WARNING - /home/***/.local/lib/python3.8/site-packages/elasticsearch/_sync/client/__init__.py:399: SecurityWarning: Connecting to 'https://dbelk3.afaqy.local:9200' using TLS with verify_certs=False is insecure
  _transport = transport_class(

[2024-05-07T19:02:03.078+0000] {warnings.py:109} WARNING - /home/***/.local/lib/python3.8/site-packages/urllib3/connectionpool.py:1061: InsecureRequestWarning: Unverified HTTPS request is being made to host 'dbelk1.afaqy.local'. Adding certificate verification is strongly advised. See: https://urllib3.readthedocs.io/en/1.26.x/advanced-usage.html#ssl-warnings
  warnings.warn(

[2024-05-07T19:02:03.138+0000] {_transport.py:335} INFO - GET https://dbelk1.afaqy.local:9200/_cluster/health [status:200 duration:0.082s]
[2024-05-07T19:02:03.555+0000] {warnings.py:109} WARNING - /home/***/.local/lib/python3.8/site-packages/urllib3/connectionpool.py:1061: InsecureRequestWarning: Unverified HTTPS request is being made to host 'dbelk2.afaqy.local'. Adding certificate verification is strongly advised. See: https://urllib3.readthedocs.io/en/1.26.x/advanced-usage.html#ssl-warnings
  warnings.warn(

[2024-05-07T19:02:03.569+0000] {_transport.py:335} INFO - PUT https://dbelk2.afaqy.local:9200/units_statistics_***/_bulk [status:429 duration:0.035s]
[2024-05-07T19:02:03.569+0000] {_node_pool.py:249} WARNING - Node <Urllib3HttpNode(https://dbelk2.afaqy.local:9200)> has failed for 1 times in a row, putting on 1 second timeout
[2024-05-07T19:02:03.570+0000] {_transport.py:427} WARNING - Retrying request after non-successful status 429 (attempt 0 of 3)
[2024-05-07T19:02:03.570+0000] {warnings.py:109} WARNING - /home/***/.local/lib/python3.8/site-packages/urllib3/connectionpool.py:1061: InsecureRequestWarning: Unverified HTTPS request is being made to host 'dbelk1.afaqy.local'. Adding certificate verification is strongly advised. See: https://urllib3.readthedocs.io/en/1.26.x/advanced-usage.html#ssl-warnings
  warnings.warn(

[2024-05-07T19:02:03.755+0000] {_transport.py:335} INFO - PUT https://dbelk1.afaqy.local:9200/units_statistics_***/_bulk [status:200 duration:0.185s]
[2024-05-07T19:02:04.060+0000] {taskinstance.py:2731} ERROR - Task failed with exception
Traceback (most recent call last):
  File "/home/airflow/.local/lib/python3.8/site-packages/airflow/models/taskinstance.py", line 444, in _execute_task
    result = _execute_callable(context=context, **execute_callable_kwargs)
  File "/home/airflow/.local/lib/python3.8/site-packages/airflow/models/taskinstance.py", line 414, in _execute_callable
    return execute_callable(context=context, **execute_callable_kwargs)
  File "/home/airflow/.local/lib/python3.8/site-packages/airflow/decorators/base.py", line 241, in execute
    return_value = super().execute(context)
  File "/home/airflow/.local/lib/python3.8/site-packages/airflow/operators/python.py", line 200, in execute
    return_value = self.execute_callable()
  File "/home/airflow/.local/lib/python3.8/site-packages/airflow/operators/python.py", line 217, in execute_callable
    return self.python_callable(*self.op_args, **self.op_kwargs)
  File "/opt/airflow/dags/Units_dag.py", line 111, in ETL_job
    Elk_client.elk_pushData(Globals.index_name,units_list_update)
  File "/opt/airflow/dags/units_statistics/elk_manager.py", line 69, in elk_pushData
    helpers.bulk(self.elk_client, docs_list, index=index_name, chunk_size=batch)
  File "/home/airflow/.local/lib/python3.8/site-packages/elasticsearch/helpers/actions.py", line 521, in bulk
    for ok, item in streaming_bulk(
  File "/home/airflow/.local/lib/python3.8/site-packages/elasticsearch/helpers/actions.py", line 436, in streaming_bulk
    for data, (ok, info) in zip(
  File "/home/airflow/.local/lib/python3.8/site-packages/elasticsearch/helpers/actions.py", line 355, in _process_bulk_chunk
    yield from gen
  File "/home/airflow/.local/lib/python3.8/site-packages/elasticsearch/helpers/actions.py", line 274, in _process_bulk_chunk_success
    raise BulkIndexError(f"{len(errors)} document(s) failed to index.", errors)
elasticsearch.helpers.BulkIndexError: 10000 document(s) failed to index.
[2024-05-07T19:02:04.080+0000] {taskinstance.py:1149} INFO - Marking task as UP_FOR_RETRY. dag_id=Units_statistics_DAG, task_id=ETL_job, map_index=2, execution_date=20240507T184000, start_date=20240507T190144, end_date=20240507T190204
[2024-05-07T19:02:04.102+0000] {standard_task_runner.py:107} ERROR - Failed to execute job 39557 for task ETL_job (10000 document(s) failed to index.; 841789)
[2024-05-07T19:02:04.147+0000] {local_task_job_runner.py:234} INFO - Task exited with return code 1
[2024-05-07T19:02:04.180+0000] {taskinstance.py:3312} INFO - 0 downstream tasks scheduled from follow-on schedule check
