[2024-04-22T14:00:19.097+0000] {taskinstance.py:1979} INFO - Dependencies all met for dep_context=non-requeueable deps ti=<TaskInstance: Units_statistics_DAG.ETL_job scheduled__2024-04-22T13:40:00+00:00 map_index=8 [queued]>
[2024-04-22T14:00:19.167+0000] {taskinstance.py:1979} INFO - Dependencies all met for dep_context=requeueable deps ti=<TaskInstance: Units_statistics_DAG.ETL_job scheduled__2024-04-22T13:40:00+00:00 map_index=8 [queued]>
[2024-04-22T14:00:19.168+0000] {taskinstance.py:2193} INFO - Starting attempt 1 of 4
[2024-04-22T14:00:19.248+0000] {taskinstance.py:2217} INFO - Executing <Mapped(_PythonDecoratedOperator): ETL_job> on 2024-04-22 13:40:00+00:00
[2024-04-22T14:00:19.269+0000] {standard_task_runner.py:60} INFO - Started process 472651 to run task
[2024-04-22T14:00:19.355+0000] {standard_task_runner.py:87} INFO - Running: ['***', 'tasks', 'run', 'Units_statistics_DAG', 'ETL_job', 'scheduled__2024-04-22T13:40:00+00:00', '--job-id', '11457', '--raw', '--subdir', 'DAGS_FOLDER/Units_dag.py', '--cfg-path', '/tmp/tmpx4gidrnh', '--map-index', '8']
[2024-04-22T14:00:19.357+0000] {standard_task_runner.py:88} INFO - Job 11457: Subtask ETL_job
[2024-04-22T14:00:19.870+0000] {task_command.py:423} INFO - Running <TaskInstance: Units_statistics_DAG.ETL_job scheduled__2024-04-22T13:40:00+00:00 map_index=8 [running]> on host a09da322e808
[2024-04-22T14:00:20.422+0000] {taskinstance.py:2513} INFO - Exporting env vars: AIRFLOW_CTX_DAG_OWNER='abeer-araby' AIRFLOW_CTX_DAG_ID='Units_statistics_DAG' AIRFLOW_CTX_TASK_ID='ETL_job' AIRFLOW_CTX_EXECUTION_DATE='2024-04-22T13:40:00+00:00' AIRFLOW_CTX_TRY_NUMBER='1' AIRFLOW_CTX_DAG_RUN_ID='scheduled__2024-04-22T13:40:00+00:00'
[2024-04-22T14:00:20.424+0000] {Units_dag.py:99} INFO - i: 80000, chunk: 10000
[2024-04-22T14:00:20.424+0000] {Units_dag.py:100} INFO - child token is::: eyJ0eXAiOiJKV1QiLCJhbGciOiJIUzI1NiJ9.eyJpc3MiOiJodHRwczovL2FwaS5hZmFxeS5zYS9hdXRoL2xvZ2luX2FzIiwiaWF0IjoxNzEzNzk0NDA0LCJleHAiOjE3MTYzODY0MDQsIm5iZiI6MTcxMzc5NDQwNCwianRpIjoiOE03TG5WYm5wR3ZSN3BmUSIsInN1YiI6IjVkNjNlNTFlMDNlZDUyOTJhNDJjMjRlNiIsInBydiI6IjI3MGVjZmM3ZWEzZWQ5MzdlYTg0OTM2MmEzYTUwOTEwYzZkOGNlNGYiLCJsb2dpbl9hc19pZCI6IjY1N2YwYWQ3M2Y5NzcyOTVjZjA1NTc2YSJ9.wExC1MLpKFJinfSSf8rEEWfpjQTgmPkVQEDRj3fm4OM
[2024-04-22T14:00:56.183+0000] {Units_dag.py:104} INFO - {'_id': '63d80c0f3800a616ef07133d', 'icon': 'icons/icon.png', 'driver_id': '', 'tailer_id': '', 'profile': {'measurement_type': 'count', 'fuel_type': '91', 'year': 0, 'seats': 2}, 'device_password': '***', 'device_type': 'gps', 'gateway': False, 'name': '8407 - S X B', 'operation_code': None, 'device_gateway': None, 'business_types': {'waste': False, 'transportation': True, 'water': False}, 'imei': '866854051750936', 'sim_number': '+966830028999452', 'sim_serial': '996609821111313221', 'device_serial': '866854051750936', 'device': 'bce', 'user_id': '63c3ef672cabbb6db33623df', 'created_by': '5e6655bf03ed52e1ab79d301', 'updated_at': '2024-04-18 11:18:59', 'created_at': '2023-01-30 21:27:27', 'custom_fields': [], 'creator': 'amr.ahmed', 'company': '', 'owner': 'al-nakhla-admin', 'last_update': {'dtt': 1713794214000, 'dts': 1713794229276, 'spd': 0, 'ang': 256, 'alt': 15, 'chPrams': {'ePwrV': {'v': 12.319, 'cdt': 1713793914000}, 'di16': {'v': 0, 'cdt': 1712561130000}, 'di15': {'v': 0, 'cdt': 1675107028000}, 'rssi1': {'v': 61, 'cdt': 1713793914000}, 'di14': {'v': 0, 'cdt': 1713771936000}, 'di13': {'v': 0, 'cdt': 1711405840000}, 'di12': {'v': 0, 'cdt': 1711405840000}, 'di11': {'v': 0, 'cdt': 1711405840000}, 'di10': {'v': 0, 'cdt': 1711405840000}, 'di2': {'v': 1, 'cdt': 1711405840000}, 'di1': {'v': 0, 'cdt': 1713771956000}, 'di4': {'v': 0, 'cdt': 1711405840000}, 'di3': {'v': 0, 'cdt': 1711405840000}, 'di6': {'v': 1, 'cdt': 1711405840000}, 'di5': {'v': 0, 'cdt': 1713771956000}, 'lac1': {'v': 2244, 'cdt': 1713433338000}, 'protocol': {'v': 'bce', 'cdt': 1711405840000}, 'di8': {'v': 1, 'cdt': 1711405840000}, 'di7': {'v': 0, 'cdt': 1713771986000}, 'di9': {'v': 0, 'cdt': 1711405840000}, 'iPwrV': {'v': 3.933, 'cdt': 1713794214000}, 'cid1': {'v': 23473, 'cdt': 1713771936000}, 'odometer': {'v': 0, 'cdt': 1713771666000}, 'spd': {'v': 0, 'cdt': 1713771956000}, 'sat': {'v': 7, 'cdt': 1713793914000}, 'hdop': {'v': 3, 'cdt': 1713793914000}, 'ta': {'v': 0, 'cdt': 1711405840000}, 'mcc1': {'v': 420, 'cdt': 1713365668000}, 'mnc1': {'v': 3, 'cdt': 1713365668000}}, 'prms': {'protocol': 'bce', 'spd': 0, 'sat': 7, 'hdop': 3, 'odometer': 0, 'di16': 0, 'di15': 0, 'di14': 0, 'di13': 0, 'di12': 0, 'di11': 0, 'di10': 0, 'di9': 0, 'di8': 1, 'di7': 0, 'di6': 1, 'di5': 0, 'di4': 0, 'di3': 0, 'di2': 1, 'di1': 0, 'ePwrV': 12.319, 'iPwrV': 3.933, 'ta': 0, 'mcc1': 420, 'mnc1': 3, 'lac1': 2244, 'cid1': 23473, 'rssi1': 61}, 'devPrms': ['protocol', 'spd', 'sat', 'hdop', 'odometer', 'di16', 'di15', 'di14', 'di13', 'di12', 'di11', 'di10', 'di9', 'di8', 'di7', 'di6', 'di5', 'di4', 'di3', 'di2', 'di1', 'ePwrV', 'iPwrV', 'ta', 'mcc1', 'mnc1', 'lac1', 'cid1', 'rssi1'], 'old_params': {'di16': 0, 'ePwrV': 12.319, 'di15': 0, 'rssi1': 61, 'di14': 0, 'di13': 0, 'di12': 0, 'di11': 0, 'di10': 0, 'di2': 1, 'di1': 0, 'di4': 0, 'di3': 0, 'di6': 1, 'di5': 0, 'lac1': 2244, 'protocol': 'bce', 'di8': 1, 'di7': 0, 'di9': 0, 'iPwrV': 3.934, 'cid1': 23473, 'odometer': 0, 'spd': 0, 'sat': 7, 'hdop': 3, 'ta': 0, 'mcc1': 420, 'mnc1': 3}, 'vLoc': 1, 'vCon': 1, 'ip': '109.83.163.165', 'rl': 0, 'trl': 9348.3838, 'mdu': 0, 'tmdu': 746294, 'eidl': 0, 'teidl': 566130, 'fc': 0, 'tfc': 14.98698, 'acc': 0, 'accOn': 8002194, 'accOff': 209009454, 'sdu': 300, 'tsdu': 22258, 'lat': 21.598308563232422, 'lng': 39.1573600769043}, 'counters': {'odometer_type': 'gps', 'odometer': 13555.0243, 'engine_hours_type': 'acc', 'engine_hours': 8002194, 'last_acc': 0}, 'is_wasl_connected': 'Not Connected', 'iconUrl': 'https://api.afaqy.sa/images/units/icons/icon.png', 'hasCCTV': False}
[2024-04-22T14:00:56.815+0000] {warnings.py:109} WARNING - /home/***/.local/lib/python3.8/site-packages/elasticsearch/_sync/client/__init__.py:399: SecurityWarning: Connecting to 'https://dbelk3.afaqy.local:9200' using TLS with verify_certs=False is insecure
  _transport = transport_class(

[2024-04-22T14:00:56.858+0000] {warnings.py:109} WARNING - /home/***/.local/lib/python3.8/site-packages/elasticsearch/_sync/client/__init__.py:399: SecurityWarning: Connecting to 'https://dbelk2.afaqy.local:9200' using TLS with verify_certs=False is insecure
  _transport = transport_class(

[2024-04-22T14:00:56.904+0000] {warnings.py:109} WARNING - /home/***/.local/lib/python3.8/site-packages/elasticsearch/_sync/client/__init__.py:399: SecurityWarning: Connecting to 'https://dbelk1.afaqy.local:9200' using TLS with verify_certs=False is insecure
  _transport = transport_class(

[2024-04-22T14:00:56.927+0000] {warnings.py:109} WARNING - /home/***/.local/lib/python3.8/site-packages/urllib3/connectionpool.py:1061: InsecureRequestWarning: Unverified HTTPS request is being made to host 'dbelk3.afaqy.local'. Adding certificate verification is strongly advised. See: https://urllib3.readthedocs.io/en/1.26.x/advanced-usage.html#ssl-warnings
  warnings.warn(

[2024-04-22T14:00:57.002+0000] {_transport.py:335} INFO - GET https://dbelk3.afaqy.local:9200/_cluster/health [status:200 duration:0.097s]
[2024-04-22T14:00:57.422+0000] {warnings.py:109} WARNING - /home/***/.local/lib/python3.8/site-packages/urllib3/connectionpool.py:1061: InsecureRequestWarning: Unverified HTTPS request is being made to host 'dbelk2.afaqy.local'. Adding certificate verification is strongly advised. See: https://urllib3.readthedocs.io/en/1.26.x/advanced-usage.html#ssl-warnings
  warnings.warn(

[2024-04-22T14:01:01.018+0000] {_transport.py:335} INFO - PUT https://dbelk2.afaqy.local:9200/units_statistics_***/_bulk [status:200 duration:3.636s]
[2024-04-22T14:01:01.400+0000] {python.py:202} INFO - Done. Returned value was: None
[2024-04-22T14:01:01.423+0000] {taskinstance.py:1149} INFO - Marking task as SUCCESS. dag_id=Units_statistics_DAG, task_id=ETL_job, map_index=8, execution_date=20240422T134000, start_date=20240422T140019, end_date=20240422T140101
[2024-04-22T14:01:01.504+0000] {local_task_job_runner.py:234} INFO - Task exited with return code 0
[2024-04-22T14:01:01.549+0000] {taskinstance.py:3312} INFO - 0 downstream tasks scheduled from follow-on schedule check
