[2024-05-13T04:20:20.022+0000] {local_task_job_runner.py:120} INFO - ::group::Pre task execution logs
[2024-05-13T04:20:20.280+0000] {taskinstance.py:2076} INFO - Dependencies all met for dep_context=non-requeueable deps ti=<TaskInstance: Units_statistics_DAG.ETL_job scheduled__2024-05-13T04:00:00+00:00 map_index=15 [queued]>
[2024-05-13T04:20:20.381+0000] {taskinstance.py:2076} INFO - Dependencies all met for dep_context=requeueable deps ti=<TaskInstance: Units_statistics_DAG.ETL_job scheduled__2024-05-13T04:00:00+00:00 map_index=15 [queued]>
[2024-05-13T04:20:20.381+0000] {taskinstance.py:2306} INFO - Starting attempt 1 of 4
[2024-05-13T04:20:20.473+0000] {taskinstance.py:2330} INFO - Executing <Mapped(_PythonDecoratedOperator): ETL_job> on 2024-05-13 04:00:00+00:00
[2024-05-13T04:20:20.524+0000] {warnings.py:110} WARNING - /home/***/.local/lib/python3.12/site-packages/***/task/task_runner/standard_task_runner.py:61: DeprecationWarning: This process (pid=11615) is multi-threaded, use of fork() may lead to deadlocks in the child.
  pid = os.fork()

[2024-05-13T04:20:20.526+0000] {standard_task_runner.py:63} INFO - Started process 11621 to run task
[2024-05-13T04:20:20.528+0000] {standard_task_runner.py:90} INFO - Running: ['***', 'tasks', 'run', 'Units_statistics_DAG', 'ETL_job', 'scheduled__2024-05-13T04:00:00+00:00', '--job-id', '55241', '--raw', '--subdir', 'DAGS_FOLDER/Units_dag.py', '--cfg-path', '/tmp/tmpbx1q7p9g', '--map-index', '15']
[2024-05-13T04:20:20.583+0000] {standard_task_runner.py:91} INFO - Job 55241: Subtask ETL_job
[2024-05-13T04:20:21.088+0000] {task_command.py:426} INFO - Running <TaskInstance: Units_statistics_DAG.ETL_job scheduled__2024-05-13T04:00:00+00:00 map_index=15 [running]> on host 7138d7e072c5
[2024-05-13T04:20:22.003+0000] {taskinstance.py:2648} INFO - Exporting env vars: AIRFLOW_CTX_DAG_OWNER='abeer-araby' AIRFLOW_CTX_DAG_ID='Units_statistics_DAG' AIRFLOW_CTX_TASK_ID='ETL_job' AIRFLOW_CTX_EXECUTION_DATE='2024-05-13T04:00:00+00:00' AIRFLOW_CTX_TRY_NUMBER='1' AIRFLOW_CTX_DAG_RUN_ID='scheduled__2024-05-13T04:00:00+00:00'
[2024-05-13T04:20:22.004+0000] {taskinstance.py:430} INFO - ::endgroup::
[2024-05-13T04:20:22.004+0000] {Units_dag.py:98} INFO - i: 150000, chunk: 10000
[2024-05-13T04:20:22.005+0000] {Units_dag.py:99} INFO - child token is::: eyJ0eXAiOiJKV1QiLCJhbGciOiJIUzI1NiJ9.eyJpc3MiOiJodHRwczovL2FwaS5hZmFxeS5zYS9hdXRoL2xvZ2luX2FzIiwiaWF0IjoxNzE1NTc0MDA3LCJleHAiOjE3MTgxNjYwMDcsIm5iZiI6MTcxNTU3NDAwNywianRpIjoiVjQyUE83Yk9xeTZvS295WCIsInN1YiI6IjVkNjNlNTFlMDNlZDUyOTJhNDJjMjRlNiIsInBydiI6IjI3MGVjZmM3ZWEzZWQ5MzdlYTg0OTM2MmEzYTUwOTEwYzZkOGNlNGYiLCJsb2dpbl9hc19pZCI6IjY1N2YwYWQ3M2Y5NzcyOTVjZjA1NTc2YSJ9.lUtXz4WcVQBGThiiFB-SjKVmGxqKugEN3_P3dshQmMg
[2024-05-13T04:20:42.783+0000] {Units_dag.py:103} INFO - {'_id': '659d42046af8dbb8b406293f', 'icon': 'uploads/1707219988diesel-generator-icon-isometric-power-energy-vector.jpg', 'driver_id': '', 'tailer_id': '', 'profile': {'vehicle_type': '', 'measurement_type': 'count', 'max_capacity': 0, 'vin': '', 'plate_number': '', 'start_operation': '', 'contract_milage': '', 'opening_milage': '', 'model': '', 'fuel_type': '91', 'year': 0, 'seats': 2}, 'shipment_info': {'product_category': None, 'truck_type': None, 'shipment_type': None, 'shipment_payment_type': None, 'transporter_type': None, 'operating_area': None, 'weight_kilograms_per_day': None, 'kms_per_day': None, 'shipment_trip_drive_hrs_day': None, 'allowable_delay_drive_hrs_day': None, 'expected_shipment_trip_day': None, 'car_pay_per_day': None, 'exceeding_temperature_limit_per_day': None, 'temperature_upper_limit': None, 'exceeding_humidity_limit_per_day': None, 'humidity_upper_limit': None}, 'device_password': '***', 'device_type': 'gps', 'gateway': False, 'business_types': {'waste': False, 'transportation': True, 'water': False}, 'name': 'PGEN-122 ( 200 KVA ) GULF POWER', 'operation_code': '', 'device_gateway': '', 'skip_sim_information': False, 'imei': '352016703988550', 'sim_number': '+966830023484211', 'sim_serial': '8996609821112132727', 'device_serial': '1134119721', 'device': 'teltonika', 'user_id': '657593f38bf731766b0730ad', 'created_by': '5e6655bf03ed52e1ab79d301', 'updated_at': '2024-04-18 11:18:59', 'created_at': '2024-01-09 15:54:28', 'custom_fields': [], 'creator': 'amr.ahmed', 'company': '', 'owner': 'alaa-trading-admin', 'last_update': {'dtt': 1715573807000, 'dts': 1715573810817, 'spd': 0, 'ang': 193, 'alt': 164, 'chPrams': {'parm20': {'v': 0, 'cdt': 1715245896000}, 'output1': {'v': False, 'cdt': 1714725125000}, 'output2': {'v': False, 'cdt': 1714725125000}, 'ePwrV': {'v': 13.115, 'cdt': 1715573506000}, 'parm24': {'v': 0, 'cdt': 1715526322000}, 'parm22': {'v': 0, 'cdt': 1715245896000}, 'ai1': {'v': 43, 'cdt': 1715245896000}, 'humidity106': {'v': 300, 'cdt': 1715245896000}, 'di2': {'v': 0, 'cdt': 1704876542000}, 'humidity104': {'v': 300, 'cdt': 1715245896000}, 'type': {'v': 6, 'cdt': 1715485490000}, 'di1': {'v': 0, 'cdt': 1715526283000}, 'result': {'v': '5665723a30332e32372e31345f3030204750533a41584e5f352e312e392048773a464d42313230204d6f643a333320494d45493a33353230313637303339383835353020496e69743a323032342d342d313620383a343820557074696d653a32323330383337204d41433a333838413231334632333734205350433a312830292041584c3a32204f42443a3020424c3a312e31302042543a34', 'cdt': 1715491802000}, 'protocol': {'v': 'FMB120', 'cdt': 1715492102000}, 'parm6': {'v': 43, 'cdt': 1715245896000}, 'iPwrV': {'v': 3.999, 'cdt': 1715567495000}, 'event': {'v': 0, 'cdt': 1713172480000}, 'parm113': {'v': 89, 'cdt': 1715525283000}, 'Speed': {'v': 0, 'cdt': 1715526322000}, 'sat': {'v': 12, 'cdt': 1715573807000}, 'priority': {'v': 0, 'cdt': 1713172480000}, 'temp6': {'v': 30, 'cdt': 1715245896000}, 'temp7': {'v': 30, 'cdt': 1715245896000}, 'temp5': {'v': 30, 'cdt': 1715245896000}, 'humidity86': {'v': 300, 'cdt': 1715245896000}}, 'prms': {'protocol': 'FMB120', 'priority': 0, 'sat': 12, 'event': 0, 'di1': 0, 'output1': 0, 'di2': 0, 'output2': 0, 'parm20': 0, 'parm22': 0, 'parm113': 89, 'ePwrV': 13.115, 'Speed': 0, 'parm24': 0, 'iPwrV': 3.999, 'ai1': 43, 'parm6': 43, 'temp5': 30, 'temp6': 30, 'temp7': 30, 'humidity86': 300, 'humidity104': 300, 'humidity106': 300}, 'devPrms': ['protocol', 'priority', 'sat', 'event', 'di1', 'output1', 'di2', 'output2', 'parm20', 'parm22', 'parm113', 'ePwrV', 'Speed', 'parm24', 'iPwrV', 'ai1', 'parm6', 'temp5', 'temp6', 'temp7', 'humidity86', 'humidity104', 'humidity106'], 'old_params': {'parm20': 0, 'Speed': 0, 'output1': 0, 'output2': 0, 'ePwrV': 13.115, 'parm24': 0, 'sat': 13, 'parm22': 0, 'ai1': 43, 'humidity106': 300, 'priority': 0, 'di2': 0, 'humidity104': 300, 'di1': 0, 'temp6': 30, 'temp7': 30, 'protocol': 'teltonika', 'parm6': 43, 'temp5': 30, 'iPwrV': 3.999, 'event': 0, 'humidity86': 300, 'parm113': 89}, 'vLoc': 1, 'vCon': 1, 'ip': '109.83.87.199', 'rl': 0, 'trl': 330.0137, 'mdu': 0, 'tmdu': 511812, 'eidl': 0, 'teidl': 974606, 'fc': 0, 'tfc': 11.423892, 'acc': 0, 'accOn': 19696503, 'accOff': 11276160, 'sdu': 301, 'tsdu': 47524, 'lat': 25.3202333, 'lng': 49.5201066}, 'counters': {'engine_hours': 19696503, 'last_acc': 0, 'odometer': 329.5648, 'engine_hours_type': 'acc', 'odometer_type': 'gps'}, 'is_wasl_connected': 'Not Connected', 'iconUrl': 'https://api.afaqy.sa/images/units/uploads/1707219988diesel-generator-icon-isometric-power-energy-vector.jpg', 'hasCCTV': False}
[2024-05-13T04:20:43.444+0000] {warnings.py:110} WARNING - /home/***/.local/lib/python3.12/site-packages/elasticsearch/_sync/client/__init__.py:399: SecurityWarning: Connecting to 'https://dbelk3.afaqy.local:9200' using TLS with verify_certs=False is insecure
  _transport = transport_class(

[2024-05-13T04:20:43.497+0000] {warnings.py:110} WARNING - /home/***/.local/lib/python3.12/site-packages/elasticsearch/_sync/client/__init__.py:399: SecurityWarning: Connecting to 'https://dbelk2.afaqy.local:9200' using TLS with verify_certs=False is insecure
  _transport = transport_class(

[2024-05-13T04:20:43.942+0000] {warnings.py:110} WARNING - /home/***/.local/lib/python3.12/site-packages/elasticsearch/_sync/client/__init__.py:399: SecurityWarning: Connecting to 'https://dbelk1.afaqy.local:9200' using TLS with verify_certs=False is insecure
  _transport = transport_class(

[2024-05-13T04:20:43.965+0000] {warnings.py:110} WARNING - /home/***/.local/lib/python3.12/site-packages/urllib3/connectionpool.py:1103: InsecureRequestWarning: Unverified HTTPS request is being made to host 'dbelk3.afaqy.local'. Adding certificate verification is strongly advised. See: https://urllib3.readthedocs.io/en/latest/advanced-usage.html#tls-warnings
  warnings.warn(

[2024-05-13T04:20:44.074+0000] {_transport.py:349} INFO - GET https://dbelk3.afaqy.local:9200/_cluster/health [status:200 duration:0.130s]
[2024-05-13T04:20:44.461+0000] {warnings.py:110} WARNING - /home/***/.local/lib/python3.12/site-packages/urllib3/connectionpool.py:1103: InsecureRequestWarning: Unverified HTTPS request is being made to host 'dbelk2.afaqy.local'. Adding certificate verification is strongly advised. See: https://urllib3.readthedocs.io/en/latest/advanced-usage.html#tls-warnings
  warnings.warn(

[2024-05-13T04:20:47.588+0000] {_transport.py:349} INFO - PUT https://dbelk2.afaqy.local:9200/units_statistics_***/_bulk [status:200 duration:3.161s]
[2024-05-13T04:20:47.940+0000] {python.py:237} INFO - Done. Returned value was: None
[2024-05-13T04:20:47.941+0000] {taskinstance.py:441} INFO - ::group::Post task execution logs
[2024-05-13T04:20:47.966+0000] {taskinstance.py:1206} INFO - Marking task as SUCCESS. dag_id=Units_statistics_DAG, task_id=ETL_job, run_id=scheduled__2024-05-13T04:00:00+00:00, map_index=15, execution_date=20240513T040000, start_date=20240513T042020, end_date=20240513T042047
[2024-05-13T04:20:48.042+0000] {local_task_job_runner.py:240} INFO - Task exited with return code 0
[2024-05-13T04:20:48.079+0000] {taskinstance.py:3498} INFO - 0 downstream tasks scheduled from follow-on schedule check
[2024-05-13T04:20:48.085+0000] {local_task_job_runner.py:222} INFO - ::endgroup::
