[2024-05-10T19:23:18.531+0000] {taskinstance.py:1979} INFO - Dependencies all met for dep_context=non-requeueable deps ti=<TaskInstance: Units_statistics_DAG.ETL_job scheduled__2024-05-10T19:00:00+00:00 map_index=2 [queued]>
[2024-05-10T19:23:18.544+0000] {taskinstance.py:1979} INFO - Dependencies all met for dep_context=requeueable deps ti=<TaskInstance: Units_statistics_DAG.ETL_job scheduled__2024-05-10T19:00:00+00:00 map_index=2 [queued]>
[2024-05-10T19:23:18.544+0000] {taskinstance.py:2193} INFO - Starting attempt 3 of 4
[2024-05-10T19:23:18.561+0000] {taskinstance.py:2217} INFO - Executing <Mapped(_PythonDecoratedOperator): ETL_job> on 2024-05-10 19:00:00+00:00
[2024-05-10T19:23:18.569+0000] {standard_task_runner.py:60} INFO - Started process 921572 to run task
[2024-05-10T19:23:18.576+0000] {standard_task_runner.py:87} INFO - Running: ['***', 'tasks', 'run', 'Units_statistics_DAG', 'ETL_job', 'scheduled__2024-05-10T19:00:00+00:00', '--job-id', '48529', '--raw', '--subdir', 'DAGS_FOLDER/Units_dag.py', '--cfg-path', '/tmp/tmpxeqml41_', '--map-index', '2']
[2024-05-10T19:23:18.580+0000] {standard_task_runner.py:88} INFO - Job 48529: Subtask ETL_job
[2024-05-10T19:23:18.684+0000] {task_command.py:423} INFO - Running <TaskInstance: Units_statistics_DAG.ETL_job scheduled__2024-05-10T19:00:00+00:00 map_index=2 [running]> on host a09da322e808
[2024-05-10T19:23:18.842+0000] {taskinstance.py:2513} INFO - Exporting env vars: AIRFLOW_CTX_DAG_OWNER='abeer-araby' AIRFLOW_CTX_DAG_ID='Units_statistics_DAG' AIRFLOW_CTX_TASK_ID='ETL_job' AIRFLOW_CTX_EXECUTION_DATE='2024-05-10T19:00:00+00:00' AIRFLOW_CTX_TRY_NUMBER='3' AIRFLOW_CTX_DAG_RUN_ID='scheduled__2024-05-10T19:00:00+00:00'
[2024-05-10T19:23:18.843+0000] {Units_dag.py:98} INFO - i: 20000, chunk: 10000
[2024-05-10T19:23:18.843+0000] {Units_dag.py:99} INFO - child token is::: eyJ0eXAiOiJKV1QiLCJhbGciOiJIUzI1NiJ9.eyJpc3MiOiJodHRwczovL2FwaS5hZmFxeS5zYS9hdXRoL2xvZ2luX2FzIiwiaWF0IjoxNzE1MzY4ODA1LCJleHAiOjE3MTc5NjA4MDUsIm5iZiI6MTcxNTM2ODgwNSwianRpIjoiQWJaN0NDUjRad3FpeTE5UCIsInN1YiI6IjVkNjNlNTFlMDNlZDUyOTJhNDJjMjRlNiIsInBydiI6IjI3MGVjZmM3ZWEzZWQ5MzdlYTg0OTM2MmEzYTUwOTEwYzZkOGNlNGYiLCJsb2dpbl9hc19pZCI6IjY1N2YwYWQ3M2Y5NzcyOTVjZjA1NTc2YSJ9.8yT7V4oPQ8ga1cF4qbqw7QnbB__Ld2eUDO9KjW2XeyQ
[2024-05-10T19:23:36.919+0000] {Units_dag.py:103} INFO - {'_id': '618a70eace9cc97ea73bbaf8', 'icon': 'icons/icon.png', 'driver_id': '', 'tailer_id': '', 'profile': {'vehicle_type': '', 'measurement_type': 'weight', 'max_capacity': 0, 'vin': '', 'plate_number': '', 'start_operation': '', 'contract_milage': '', 'opening_milage': '', 'model': '', 'fuel_type': '91', 'year': 0, 'seats': 2}, 'device_password': '***', 'device_type': 'gps', 'gateway': False, 'name': 'أ وص 2579', 'operation_code': '', 'device_gateway': '', 'business_types': {'waste': False, 'transportation': True, 'water': False}, 'imei': '862549044109364', 'sim_number': '+966862549844652', 'sim_serial': '862549044109364', 'device_serial': '862549044109364', 'device': 'ruptela', 'user_id': '5e539d8203ed52f71d634478', 'created_by': '5e6655bf03ed52e1ab79d301', 'updated_at': '2024-04-18 11:18:59', 'created_at': '2021-11-09 16:00:26', 'custom_fields': [], 'creator': 'amr.ahmed', 'company': '', 'owner': 'aemallamar', 'last_update': {'dtt': 1715368948000, 'dts': 1715368950682, 'spd': 0, 'ang': 329, 'alt': 0, 'chPrams': {'io_1_176': {'v': 0, 'cdt': 1715363135000}, 'gsm': {'v': 21, 'cdt': 1715367808000}, 'io_1_134': {'v': 0, 'cdt': 1715363135000}, 'io_1_136': {'v': 0, 'cdt': 1715362446000}, 'io_1_135': {'v': 0, 'cdt': 1715363066000}, 'ai22': {'v': 3185, 'cdt': 1715368948000}, 'ePwrV': {'v': 25.289, 'cdt': 1715368948000}, 'io_2_139': {'v': 60, 'cdt': 1715367748000}, 'di2': {'v': 0, 'cdt': 1636634522000}, 'io_1_130': {'v': 0, 'cdt': 1715363164000}, 'operator': {'v': 42004, 'cdt': 1715095028000}, 'di5': {'v': 0, 'cdt': 1715363135000}, 'io_2_131': {'v': 0, 'cdt': 1713626334000}, 'protocol': {'v': 'ruptela', 'cdt': 1715001651000}, 'io_2_137': {'v': 60, 'cdt': 1715367748000}, 'iPwrV': {'v': 4.072, 'cdt': 1715368948000}, 'event': {'v': 7, 'cdt': 1715367688000}, 'io_1_418': {'v': 1, 'cdt': 1715095028000}, 'move': {'v': 0, 'cdt': 1715367666000}, 'spd': {'v': 0, 'cdt': 1715363135000}, 'sat': {'v': 17, 'cdt': 1715368948000}, 'hdop': {'v': 0.6, 'cdt': 1715368948000}, 'io_2_560': {'v': 0, 'cdt': 1712935186000}, 'accTemp': {'v': 38, 'cdt': 1715361443000}, 'vOdometer': {'v': 131366682, 'cdt': 1715363135000}, 'io_1_405': {'v': 1, 'cdt': 1715001651000}}, 'prms': {'protocol': 'ruptela', 'sat': 17, 'spd': 0, 'hdop': 0.6, 'event': 7, 'io_1_130': 0, 'io_1_134': 0, 'io_1_135': 0, 'io_1_136': 0, 'di2': 0, 'di5': 0, 'accTemp': 38, 'io_1_405': 1, 'gsm': 21, 'move': 0, 'io_1_176': 0, 'io_1_418': 1, 'io_2_131': 0, 'io_2_137': 60, 'io_2_139': 60, 'ai22': 3185, 'io_2_560': 0, 'ePwrV': 25.289, 'iPwrV': 4.072, 'vOdometer': 131366682, 'operator': 42004}, 'devPrms': ['protocol', 'sat', 'spd', 'hdop', 'event', 'io_1_130', 'io_1_134', 'io_1_135', 'io_1_136', 'di2', 'di5', 'accTemp', 'io_1_405', 'gsm', 'move', 'io_1_176', 'io_1_418', 'io_2_131', 'io_2_137', 'io_2_139', 'ai22', 'io_2_560', 'ePwrV', 'iPwrV', 'vOdometer', 'operator'], 'old_params': {'protocol': 'ruptela', 'sat': 18, 'spd': 0, 'hdop': 0.5, 'event': 7, 'io_1_130': 0, 'io_1_134': 0, 'io_1_135': 0, 'io_1_136': 0, 'di2': 0, 'di5': 0, 'accTemp': 38, 'io_1_405': 1, 'gsm': 21, 'move': 0, 'io_1_176': 0, 'io_1_418': 1, 'io_2_131': 0, 'io_2_137': 60, 'io_2_139': 60, 'ai22': 3184, 'io_2_560': 0, 'ePwrV': 25.297, 'iPwrV': 4.073, 'vOdometer': 131366682, 'operator': 42004}, 'vLoc': 1, 'vCon': 1, 'ip': '51.39.24.75', 'rl': 0, 'trl': 132522.2854, 'mdu': 0, 'tmdu': 9824005, 'eidl': 0, 'teidl': 3513358, 'fc': 0, 'tfc': 539.769984, 'acc': 0, 'accOn': 15084328, 'accOff': 192116051, 'sdu': 60, 'tsdu': 5813, 'lat': 26.2385666, 'lng': 49.9672883}, 'counters': {'odometer_type': 'gps', 'odometer': 132522.2837, 'engine_hours_type': 'acc', 'engine_hours': 15084328, 'last_acc': 0}, 'is_wasl_connected': 'Connected', 'iconUrl': 'https://api.afaqy.sa/images/units/icons/icon.png', 'hasCCTV': False}
[2024-05-10T19:23:37.545+0000] {warnings.py:109} WARNING - /home/***/.local/lib/python3.8/site-packages/elasticsearch/_sync/client/__init__.py:399: SecurityWarning: Connecting to 'https://dbelk2.afaqy.local:9200' using TLS with verify_certs=False is insecure
  _transport = transport_class(

[2024-05-10T19:23:37.602+0000] {warnings.py:109} WARNING - /home/***/.local/lib/python3.8/site-packages/elasticsearch/_sync/client/__init__.py:399: SecurityWarning: Connecting to 'https://dbelk1.afaqy.local:9200' using TLS with verify_certs=False is insecure
  _transport = transport_class(

[2024-05-10T19:23:37.648+0000] {warnings.py:109} WARNING - /home/***/.local/lib/python3.8/site-packages/elasticsearch/_sync/client/__init__.py:399: SecurityWarning: Connecting to 'https://dbelk3.afaqy.local:9200' using TLS with verify_certs=False is insecure
  _transport = transport_class(

[2024-05-10T19:23:37.674+0000] {warnings.py:109} WARNING - /home/***/.local/lib/python3.8/site-packages/urllib3/connectionpool.py:1061: InsecureRequestWarning: Unverified HTTPS request is being made to host 'dbelk2.afaqy.local'. Adding certificate verification is strongly advised. See: https://urllib3.readthedocs.io/en/1.26.x/advanced-usage.html#ssl-warnings
  warnings.warn(

[2024-05-10T19:23:37.750+0000] {_transport.py:335} INFO - GET https://dbelk2.afaqy.local:9200/_cluster/health [status:200 duration:0.100s]
[2024-05-10T19:23:38.188+0000] {warnings.py:109} WARNING - /home/***/.local/lib/python3.8/site-packages/urllib3/connectionpool.py:1061: InsecureRequestWarning: Unverified HTTPS request is being made to host 'dbelk1.afaqy.local'. Adding certificate verification is strongly advised. See: https://urllib3.readthedocs.io/en/1.26.x/advanced-usage.html#ssl-warnings
  warnings.warn(

[2024-05-10T19:23:38.351+0000] {_transport.py:335} INFO - PUT https://dbelk1.afaqy.local:9200/units_statistics_***/_bulk [status:200 duration:0.184s]
[2024-05-10T19:23:38.717+0000] {taskinstance.py:2731} ERROR - Task failed with exception
Traceback (most recent call last):
  File "/home/airflow/.local/lib/python3.8/site-packages/airflow/models/taskinstance.py", line 444, in _execute_task
    result = _execute_callable(context=context, **execute_callable_kwargs)
  File "/home/airflow/.local/lib/python3.8/site-packages/airflow/models/taskinstance.py", line 414, in _execute_callable
    return execute_callable(context=context, **execute_callable_kwargs)
  File "/home/airflow/.local/lib/python3.8/site-packages/airflow/decorators/base.py", line 241, in execute
    return_value = super().execute(context)
  File "/home/airflow/.local/lib/python3.8/site-packages/airflow/operators/python.py", line 200, in execute
    return_value = self.execute_callable()
  File "/home/airflow/.local/lib/python3.8/site-packages/airflow/operators/python.py", line 217, in execute_callable
    return self.python_callable(*self.op_args, **self.op_kwargs)
  File "/opt/airflow/dags/Units_dag.py", line 111, in ETL_job
    Elk_client.elk_pushData(Globals.index_name,units_list_update)
  File "/opt/airflow/dags/units_statistics/elk_manager.py", line 69, in elk_pushData
    helpers.bulk(self.elk_client, docs_list, index=index_name, chunk_size=batch)
  File "/home/airflow/.local/lib/python3.8/site-packages/elasticsearch/helpers/actions.py", line 521, in bulk
    for ok, item in streaming_bulk(
  File "/home/airflow/.local/lib/python3.8/site-packages/elasticsearch/helpers/actions.py", line 436, in streaming_bulk
    for data, (ok, info) in zip(
  File "/home/airflow/.local/lib/python3.8/site-packages/elasticsearch/helpers/actions.py", line 355, in _process_bulk_chunk
    yield from gen
  File "/home/airflow/.local/lib/python3.8/site-packages/elasticsearch/helpers/actions.py", line 274, in _process_bulk_chunk_success
    raise BulkIndexError(f"{len(errors)} document(s) failed to index.", errors)
elasticsearch.helpers.BulkIndexError: 10000 document(s) failed to index.
[2024-05-10T19:23:38.737+0000] {taskinstance.py:1149} INFO - Marking task as UP_FOR_RETRY. dag_id=Units_statistics_DAG, task_id=ETL_job, map_index=2, execution_date=20240510T190000, start_date=20240510T192318, end_date=20240510T192338
[2024-05-10T19:23:38.764+0000] {standard_task_runner.py:107} ERROR - Failed to execute job 48529 for task ETL_job (10000 document(s) failed to index.; 921572)
[2024-05-10T19:23:38.807+0000] {local_task_job_runner.py:234} INFO - Task exited with return code 1
[2024-05-10T19:23:38.837+0000] {taskinstance.py:3312} INFO - 0 downstream tasks scheduled from follow-on schedule check
