[2024-05-13T07:00:18.122+0000] {local_task_job_runner.py:120} INFO - ::group::Pre task execution logs
[2024-05-13T07:00:18.322+0000] {taskinstance.py:2076} INFO - Dependencies all met for dep_context=non-requeueable deps ti=<TaskInstance: Units_statistics_DAG.ETL_job scheduled__2024-05-13T06:40:00+00:00 map_index=1 [queued]>
[2024-05-13T07:00:18.391+0000] {taskinstance.py:2076} INFO - Dependencies all met for dep_context=requeueable deps ti=<TaskInstance: Units_statistics_DAG.ETL_job scheduled__2024-05-13T06:40:00+00:00 map_index=1 [queued]>
[2024-05-13T07:00:18.391+0000] {taskinstance.py:2306} INFO - Starting attempt 1 of 4
[2024-05-13T07:00:18.527+0000] {taskinstance.py:2330} INFO - Executing <Mapped(_PythonDecoratedOperator): ETL_job> on 2024-05-13 06:40:00+00:00
[2024-05-13T07:00:18.564+0000] {warnings.py:110} WARNING - /home/***/.local/lib/python3.12/site-packages/***/task/task_runner/standard_task_runner.py:61: DeprecationWarning: This process (pid=13918) is multi-threaded, use of fork() may lead to deadlocks in the child.
  pid = os.fork()

[2024-05-13T07:00:18.584+0000] {standard_task_runner.py:63} INFO - Started process 13929 to run task
[2024-05-13T07:00:18.595+0000] {standard_task_runner.py:90} INFO - Running: ['***', 'tasks', 'run', 'Units_statistics_DAG', 'ETL_job', 'scheduled__2024-05-13T06:40:00+00:00', '--job-id', '55425', '--raw', '--subdir', 'DAGS_FOLDER/Units_dag.py', '--cfg-path', '/tmp/tmpm65cu9sn', '--map-index', '1']
[2024-05-13T07:00:18.597+0000] {standard_task_runner.py:91} INFO - Job 55425: Subtask ETL_job
[2024-05-13T07:00:19.000+0000] {task_command.py:426} INFO - Running <TaskInstance: Units_statistics_DAG.ETL_job scheduled__2024-05-13T06:40:00+00:00 map_index=1 [running]> on host 7138d7e072c5
[2024-05-13T07:00:20.007+0000] {taskinstance.py:2648} INFO - Exporting env vars: AIRFLOW_CTX_DAG_OWNER='abeer-araby' AIRFLOW_CTX_DAG_ID='Units_statistics_DAG' AIRFLOW_CTX_TASK_ID='ETL_job' AIRFLOW_CTX_EXECUTION_DATE='2024-05-13T06:40:00+00:00' AIRFLOW_CTX_TRY_NUMBER='1' AIRFLOW_CTX_DAG_RUN_ID='scheduled__2024-05-13T06:40:00+00:00'
[2024-05-13T07:00:20.008+0000] {taskinstance.py:430} INFO - ::endgroup::
[2024-05-13T07:00:20.008+0000] {Units_dag.py:98} INFO - i: 10000, chunk: 10000
[2024-05-13T07:00:20.009+0000] {Units_dag.py:99} INFO - child token is::: eyJ0eXAiOiJKV1QiLCJhbGciOiJIUzI1NiJ9.eyJpc3MiOiJodHRwczovL2FwaS5hZmFxeS5zYS9hdXRoL2xvZ2luX2FzIiwiaWF0IjoxNzE1NTgzNjA1LCJleHAiOjE3MTgxNzU2MDUsIm5iZiI6MTcxNTU4MzYwNSwianRpIjoiU292OHJMVHM1QTRSWnR5USIsInN1YiI6IjVkNjNlNTFlMDNlZDUyOTJhNDJjMjRlNiIsInBydiI6IjI3MGVjZmM3ZWEzZWQ5MzdlYTg0OTM2MmEzYTUwOTEwYzZkOGNlNGYiLCJsb2dpbl9hc19pZCI6IjY1N2YwYWQ3M2Y5NzcyOTVjZjA1NTc2YSJ9.0tAs_nJgg9IUMfWcANWEzi5wihv6zCs0gQXGo0kIboU
[2024-05-13T07:00:44.151+0000] {Units_dag.py:103} INFO - {'_id': '6061d9cf0017ae1c9e0fca52', 'icon': 'icons/icon.png', 'driver_id': '', 'tailer_id': '', 'profile': {'vehicle_type': '', 'measurement_type': 'count', 'max_capacity': 0, 'vin': '', 'plate_number': '', 'start_operation': '', 'contract_milage': '', 'opening_milage': '', 'model': '', 'fuel_type': '91', 'year': 0, 'seats': 2}, 'device_password': '***', 'name': '2445 - X R A', 'operation_code': '', 'imei': '860922046184143', 'sim_number': '+966830021025404', 'sim_serial': '8996641520112658539', 'device_serial': '860922046184143', 'device': 'bce', 'user_id': '60602ce6a6a3031939742ee7', 'created_by': '5e6655bf03ed52e1ab79d301', 'updated_at': '2024-04-18 11:18:59', 'created_at': '2021-03-29 16:44:47', 'device_type': 'gps', 'business_types': {'waste': False, 'transportation': True, 'water': False}, 'custom_fields': [], 'creator': 'amr.ahmed', 'company': 'National water Company ', 'owner': 'masarat-al-qmah-admin', 'last_update': {'dtt': 1715583374000, 'dts': 1715583385490, 'spd': 0, 'ang': 128, 'alt': 9, 'chPrams': {'ePwrV': {'v': 25.019, 'cdt': 1715583374000}, 'di16': {'v': 1, 'cdt': 1712997262000}, 'di15': {'v': 0, 'cdt': 1711735484000}, 'rssi1': {'v': 81, 'cdt': 1715583374000}, 'di14': {'v': 0, 'cdt': 1715582766000}, 'di13': {'v': 0, 'cdt': 1712997262000}, 'di12': {'v': 0, 'cdt': 1712997262000}, 'di11': {'v': 0, 'cdt': 1712997262000}, 'di10': {'v': 0, 'cdt': 1712997262000}, 'di2': {'v': 0, 'cdt': 1714956428000}, 'di1': {'v': 0, 'cdt': 1715582796000}, 'ai4': {'v': 340, 'cdt': 1715583374000}, 'di4': {'v': 0, 'cdt': 1712997262000}, 'di3': {'v': 0, 'cdt': 1712997262000}, 'di6': {'v': 0, 'cdt': 1712997262000}, 'di5': {'v': 0, 'cdt': 1715583074000}, 'lac1': {'v': 4338, 'cdt': 1715533400000}, 'di8': {'v': 1, 'cdt': 1714956428000}, 'protocol': {'v': 'bce', 'cdt': 1712997262000}, 'di7': {'v': 0, 'cdt': 1715583374000}, 'di9': {'v': 1, 'cdt': 1715573504000}, 'iPwrV': {'v': 4.215, 'cdt': 1715583374000}, 'cid1': {'v': 48752, 'cdt': 1715582106000}, 'odometer': {'v': 0, 'cdt': 1715579136000}, 'spd': {'v': 0, 'cdt': 1715579106000}, 'sat': {'v': 12, 'cdt': 1715546832000}, 'hdop': {'v': 1, 'cdt': 1715279892000}, 'ta': {'v': 0, 'cdt': 1712998222000}, 'mcc1': {'v': 420, 'cdt': 1713587530000}, 'mnc1': {'v': 3, 'cdt': 1713492296000}}, 'prms': {'protocol': 'bce', 'spd': 0, 'sat': 12, 'hdop': 1, 'odometer': 0, 'di16': 1, 'di15': 0, 'di14': 0, 'di13': 0, 'di12': 0, 'di11': 0, 'di10': 0, 'di9': 1, 'di8': 1, 'di7': 0, 'di6': 0, 'di5': 0, 'di4': 0, 'di3': 0, 'di2': 0, 'di1': 0, 'ePwrV': 25.019, 'ai4': 340, 'iPwrV': 4.215, 'ta': 0, 'mcc1': 420, 'mnc1': 3, 'lac1': 4338, 'cid1': 48752, 'rssi1': 81}, 'devPrms': ['protocol', 'spd', 'sat', 'hdop', 'odometer', 'di16', 'di15', 'di14', 'di13', 'di12', 'di11', 'di10', 'di9', 'di8', 'di7', 'di6', 'di5', 'di4', 'di3', 'di2', 'di1', 'ePwrV', 'ai4', 'iPwrV', 'ta', 'mcc1', 'mnc1', 'lac1', 'cid1', 'rssi1'], 'old_params': {'di16': 1, 'ePwrV': 26.348, 'di15': 0, 'rssi1': 83, 'di14': 0, 'di13': 0, 'di12': 0, 'di11': 0, 'di10': 0, 'di2': 0, 'di1': 0, 'ai4': 351, 'di4': 0, 'di3': 0, 'di6': 0, 'di5': 0, 'lac1': 4338, 'protocol': 'bce', 'di8': 1, 'di7': 1, 'di9': 1, 'iPwrV': 4.216, 'cid1': 48752, 'odometer': 0, 'spd': 0, 'sat': 12, 'hdop': 1, 'ta': 0, 'mcc1': 420, 'mnc1': 3}, 'vLoc': 1, 'vCon': 1, 'ip': '109.83.182.40', 'rl': 0, 'trl': 648960.6197, 'mdu': 0, 'tmdu': 35650690, 'eidl': 0, 'teidl': 41092868, 'fc': 0, 'tfc': 1.59882, 'acc': 0, 'accOn': 76231744, 'accOff': 23919600, 'sdu': 300, 'tsdu': 300, 'lat': 23.998043060302734, 'lng': 38.28763961791992}, 'counters': {'odometer_type': 'gps', 'odometer': 1171010.6167, 'engine_hours_type': 'acc', 'engine_hours': 76231744, 'last_acc': 0}, 'is_wasl_connected': 'Connected', 'iconUrl': 'https://api.afaqy.sa/images/units/icons/icon.png', 'hasCCTV': False}
[2024-05-13T07:00:46.224+0000] {warnings.py:110} WARNING - /home/***/.local/lib/python3.12/site-packages/elasticsearch/_sync/client/__init__.py:399: SecurityWarning: Connecting to 'https://dbelk2.afaqy.local:9200' using TLS with verify_certs=False is insecure
  _transport = transport_class(

[2024-05-13T07:00:46.412+0000] {warnings.py:110} WARNING - /home/***/.local/lib/python3.12/site-packages/elasticsearch/_sync/client/__init__.py:399: SecurityWarning: Connecting to 'https://dbelk3.afaqy.local:9200' using TLS with verify_certs=False is insecure
  _transport = transport_class(

[2024-05-13T07:00:46.659+0000] {warnings.py:110} WARNING - /home/***/.local/lib/python3.12/site-packages/elasticsearch/_sync/client/__init__.py:399: SecurityWarning: Connecting to 'https://dbelk1.afaqy.local:9200' using TLS with verify_certs=False is insecure
  _transport = transport_class(

[2024-05-13T07:00:46.722+0000] {warnings.py:110} WARNING - /home/***/.local/lib/python3.12/site-packages/urllib3/connectionpool.py:1103: InsecureRequestWarning: Unverified HTTPS request is being made to host 'dbelk2.afaqy.local'. Adding certificate verification is strongly advised. See: https://urllib3.readthedocs.io/en/latest/advanced-usage.html#tls-warnings
  warnings.warn(

[2024-05-13T07:00:46.813+0000] {_transport.py:349} INFO - GET https://dbelk2.afaqy.local:9200/_cluster/health [status:200 duration:0.148s]
[2024-05-13T07:00:53.062+0000] {warnings.py:110} WARNING - /home/***/.local/lib/python3.12/site-packages/urllib3/connectionpool.py:1103: InsecureRequestWarning: Unverified HTTPS request is being made to host 'dbelk3.afaqy.local'. Adding certificate verification is strongly advised. See: https://urllib3.readthedocs.io/en/latest/advanced-usage.html#tls-warnings
  warnings.warn(

[2024-05-13T07:00:54.339+0000] {_transport.py:349} INFO - PUT https://dbelk3.afaqy.local:9200/units_statistics_***/_bulk [status:200 duration:1.401s]
[2024-05-13T07:00:54.979+0000] {python.py:237} INFO - Done. Returned value was: None
[2024-05-13T07:00:54.979+0000] {taskinstance.py:441} INFO - ::group::Post task execution logs
[2024-05-13T07:00:55.026+0000] {taskinstance.py:1206} INFO - Marking task as SUCCESS. dag_id=Units_statistics_DAG, task_id=ETL_job, run_id=scheduled__2024-05-13T06:40:00+00:00, map_index=1, execution_date=20240513T064000, start_date=20240513T070018, end_date=20240513T070055
[2024-05-13T07:00:55.167+0000] {local_task_job_runner.py:240} INFO - Task exited with return code 0
[2024-05-13T07:00:55.205+0000] {taskinstance.py:3498} INFO - 0 downstream tasks scheduled from follow-on schedule check
[2024-05-13T07:00:55.215+0000] {local_task_job_runner.py:222} INFO - ::endgroup::
