[2024-05-03T19:00:17.651+0000] {taskinstance.py:1979} INFO - Dependencies all met for dep_context=non-requeueable deps ti=<TaskInstance: Units_statistics_DAG.ETL_job scheduled__2024-05-03T18:40:00+00:00 map_index=15 [queued]>
[2024-05-03T19:00:17.722+0000] {taskinstance.py:1979} INFO - Dependencies all met for dep_context=requeueable deps ti=<TaskInstance: Units_statistics_DAG.ETL_job scheduled__2024-05-03T18:40:00+00:00 map_index=15 [queued]>
[2024-05-03T19:00:17.722+0000] {taskinstance.py:2193} INFO - Starting attempt 1 of 4
[2024-05-03T19:00:17.833+0000] {taskinstance.py:2217} INFO - Executing <Mapped(_PythonDecoratedOperator): ETL_job> on 2024-05-03 18:40:00+00:00
[2024-05-03T19:00:17.862+0000] {standard_task_runner.py:60} INFO - Started process 740674 to run task
[2024-05-03T19:00:17.923+0000] {standard_task_runner.py:87} INFO - Running: ['***', 'tasks', 'run', 'Units_statistics_DAG', 'ETL_job', 'scheduled__2024-05-03T18:40:00+00:00', '--job-id', '30201', '--raw', '--subdir', 'DAGS_FOLDER/Units_dag.py', '--cfg-path', '/tmp/tmpp5ydnq3r', '--map-index', '15']
[2024-05-03T19:00:17.926+0000] {standard_task_runner.py:88} INFO - Job 30201: Subtask ETL_job
[2024-05-03T19:00:18.331+0000] {task_command.py:423} INFO - Running <TaskInstance: Units_statistics_DAG.ETL_job scheduled__2024-05-03T18:40:00+00:00 map_index=15 [running]> on host a09da322e808
[2024-05-03T19:00:18.884+0000] {taskinstance.py:2513} INFO - Exporting env vars: AIRFLOW_CTX_DAG_OWNER='abeer-araby' AIRFLOW_CTX_DAG_ID='Units_statistics_DAG' AIRFLOW_CTX_TASK_ID='ETL_job' AIRFLOW_CTX_EXECUTION_DATE='2024-05-03T18:40:00+00:00' AIRFLOW_CTX_TRY_NUMBER='1' AIRFLOW_CTX_DAG_RUN_ID='scheduled__2024-05-03T18:40:00+00:00'
[2024-05-03T19:00:18.885+0000] {Units_dag.py:99} INFO - i: 150000, chunk: 10000
[2024-05-03T19:00:18.885+0000] {Units_dag.py:100} INFO - child token is::: eyJ0eXAiOiJKV1QiLCJhbGciOiJIUzI1NiJ9.eyJpc3MiOiJodHRwczovL2FwaS5hZmFxeS5zYS9hdXRoL2xvZ2luX2FzIiwiaWF0IjoxNzE0NzYyODA1LCJleHAiOjE3MTczNTQ4MDUsIm5iZiI6MTcxNDc2MjgwNSwianRpIjoicUV2QlZSNFJBVEd4ZGg2biIsInN1YiI6IjVkNjNlNTFlMDNlZDUyOTJhNDJjMjRlNiIsInBydiI6IjI3MGVjZmM3ZWEzZWQ5MzdlYTg0OTM2MmEzYTUwOTEwYzZkOGNlNGYiLCJsb2dpbl9hc19pZCI6IjY1N2YwYWQ3M2Y5NzcyOTVjZjA1NTc2YSJ9.DxOuB2hmaUns2KMfpfd_AefepvI9Kk49vn2BoSORVr0
[2024-05-03T19:00:40.033+0000] {Units_dag.py:104} INFO - {'_id': '6596ce436004ba22a40d49fe', 'icon': 'icons/icon.png', 'driver_id': '', 'tailer_id': '', 'profile': {'measurement_type': 'count', 'fuel_type': '91', 'year': 0, 'seats': 2}, 'shipment_info': {'product_category': '', 'truck_type': '', 'shipment_type': '', 'shipment_payment_type': '', 'transporter_type': '', 'operating_area': '', 'weight_kilograms_per_day': '', 'kms_per_day': '', 'opening_milage': '', 'shipment_trip_drive_hrs_day': '', 'expected_shipment_trip_day': '', 'car_pay_per_day': '', 'exceeding_temperature_limit_per_day': '', 'temperature_upper_limit': '', 'exceeding_humidity_limit_per_day': '', 'humidity_upper_limit': '', 'allowable_delay_drive_hrs_day': ''}, 'device_password': '***', 'device_type': 'gps', 'gateway': False, 'business_types': {'waste': False, 'transportation': True, 'water': False}, 'name': '4390 E E R', 'operation_code': None, 'device_gateway': None, 'skip_sim_information': False, 'imei': '866344057894276', 'sim_number': '+966830020338141', 'sim_serial': '8996609821112132511', 'device_serial': '1135382062', 'device': 'teltonika', 'user_id': '61adecadb70c9664dd5bc901', 'created_by': '5e6655bf03ed52e1ab79d301', 'updated_at': '2024-04-18 11:18:59', 'created_at': '2024-01-04 18:26:59', 'custom_fields': [], 'creator': 'amr.ahmed', 'company': '', 'owner': 'shift-inc-co', 'last_update': {'dtt': 1714762641000, 'dts': 1714762643610, 'spd': 0, 'ang': 12, 'alt': 59, 'chPrams': {'Speed': {'v': 0, 'cdt': 1713774300000}, 'output1': {'v': False, 'cdt': 1714742106000}, 'ePwrV': {'v': 12.441, 'cdt': 1714762641000}, 'parm24': {'v': 0, 'cdt': 1713774300000}, 'sat': {'v': 16, 'cdt': 1714762641000}, 'ai1': {'v': 0, 'cdt': 1712740960000}, 'type': {'v': 6, 'cdt': 1712468217000}, 'priority': {'v': 0, 'cdt': 1712740960000}, 'di1': {'v': 0, 'cdt': 1714759636000}, 'result': {'v': '5665723a30332e32382e30325f313937204750533a41584e5f352e312e392048773a464d43393230204d6f643a3120494d45493a38363633343430353738393432373620496e69743a323032342d312d31382032323a313420557074696d653a39313130303235204d41433a333838413231384644454142205350433a312830292041584c3a31204f42443a3020424c3a312e31302042543a34', 'cdt': 1714741806000}, 'protocol': {'v': 'FMC920', 'cdt': 1714742106000}, 'iPwrV': {'v': 4.03, 'cdt': 1714762341000}, 'event': {'v': 0, 'cdt': 1712740960000}}, 'prms': {'protocol': 'FMC920', 'priority': 0, 'sat': 16, 'event': 0, 'di1': 0, 'output1': 0, 'ePwrV': 12.441, 'Speed': 0, 'parm24': 0, 'iPwrV': 4.03, 'ai1': 0}, 'devPrms': ['protocol', 'priority', 'sat', 'event', 'di1', 'output1', 'ePwrV', 'Speed', 'parm24', 'iPwrV', 'ai1'], 'old_params': {'protocol': 'FMC920', 'priority': 0, 'sat': 15, 'event': 0, 'di1': 0, 'output1': 0, 'ePwrV': 12.424, 'Speed': 0, 'parm24': 0, 'iPwrV': 4.03, 'ai1': 0}, 'vLoc': 1, 'vCon': 1, 'ip': '109.83.221.134', 'rl': 0, 'trl': 2047.0698, 'mdu': 0, 'tmdu': 138750, 'eidl': 0, 'teidl': 146958, 'fc': 0, 'tfc': 217.681314, 'acc': 0, 'accOn': 2547561, 'accOff': 639299728, 'sdu': 300, 'tsdu': 3005, 'lat': 26.3484483, 'lng': 50.1374533}, 'counters': {'engine_hours': 2547561, 'last_acc': 0, 'odometer': 2047.0591, 'engine_hours_type': 'acc', 'odometer_type': 'gps'}, 'is_wasl_connected': 'Not Connected', 'iconUrl': 'https://api.afaqy.sa/images/units/icons/icon.png', 'hasCCTV': False}
[2024-05-03T19:00:40.611+0000] {warnings.py:109} WARNING - /home/***/.local/lib/python3.8/site-packages/elasticsearch/_sync/client/__init__.py:399: SecurityWarning: Connecting to 'https://dbelk2.afaqy.local:9200' using TLS with verify_certs=False is insecure
  _transport = transport_class(

[2024-05-03T19:00:40.653+0000] {warnings.py:109} WARNING - /home/***/.local/lib/python3.8/site-packages/elasticsearch/_sync/client/__init__.py:399: SecurityWarning: Connecting to 'https://dbelk1.afaqy.local:9200' using TLS with verify_certs=False is insecure
  _transport = transport_class(

[2024-05-03T19:00:40.696+0000] {warnings.py:109} WARNING - /home/***/.local/lib/python3.8/site-packages/elasticsearch/_sync/client/__init__.py:399: SecurityWarning: Connecting to 'https://dbelk3.afaqy.local:9200' using TLS with verify_certs=False is insecure
  _transport = transport_class(

[2024-05-03T19:00:40.723+0000] {warnings.py:109} WARNING - /home/***/.local/lib/python3.8/site-packages/urllib3/connectionpool.py:1061: InsecureRequestWarning: Unverified HTTPS request is being made to host 'dbelk2.afaqy.local'. Adding certificate verification is strongly advised. See: https://urllib3.readthedocs.io/en/1.26.x/advanced-usage.html#ssl-warnings
  warnings.warn(

[2024-05-03T19:00:40.897+0000] {_transport.py:335} INFO - GET https://dbelk2.afaqy.local:9200/_cluster/health [status:200 duration:0.200s]
[2024-05-03T19:00:41.285+0000] {warnings.py:109} WARNING - /home/***/.local/lib/python3.8/site-packages/urllib3/connectionpool.py:1061: InsecureRequestWarning: Unverified HTTPS request is being made to host 'dbelk1.afaqy.local'. Adding certificate verification is strongly advised. See: https://urllib3.readthedocs.io/en/1.26.x/advanced-usage.html#ssl-warnings
  warnings.warn(

[2024-05-03T19:00:44.745+0000] {_transport.py:335} INFO - PUT https://dbelk1.afaqy.local:9200/units_statistics_***/_bulk [status:200 duration:3.480s]
[2024-05-03T19:00:44.833+0000] {taskinstance.py:2731} ERROR - Task failed with exception
Traceback (most recent call last):
  File "/home/airflow/.local/lib/python3.8/site-packages/airflow/models/taskinstance.py", line 444, in _execute_task
    result = _execute_callable(context=context, **execute_callable_kwargs)
  File "/home/airflow/.local/lib/python3.8/site-packages/airflow/models/taskinstance.py", line 414, in _execute_callable
    return execute_callable(context=context, **execute_callable_kwargs)
  File "/home/airflow/.local/lib/python3.8/site-packages/airflow/decorators/base.py", line 241, in execute
    return_value = super().execute(context)
  File "/home/airflow/.local/lib/python3.8/site-packages/airflow/operators/python.py", line 200, in execute
    return_value = self.execute_callable()
  File "/home/airflow/.local/lib/python3.8/site-packages/airflow/operators/python.py", line 217, in execute_callable
    return self.python_callable(*self.op_args, **self.op_kwargs)
  File "/opt/airflow/dags/Units_dag.py", line 112, in ETL_job
    Elk_client.elk_pushData(Globals.index_name,units_list_update)
  File "/opt/airflow/dags/elk_manager.py", line 69, in elk_pushData
    helpers.bulk(self.elk_client, docs_list, index=index_name, chunk_size=batch)
  File "/home/airflow/.local/lib/python3.8/site-packages/elasticsearch/helpers/actions.py", line 521, in bulk
    for ok, item in streaming_bulk(
  File "/home/airflow/.local/lib/python3.8/site-packages/elasticsearch/helpers/actions.py", line 436, in streaming_bulk
    for data, (ok, info) in zip(
  File "/home/airflow/.local/lib/python3.8/site-packages/elasticsearch/helpers/actions.py", line 355, in _process_bulk_chunk
    yield from gen
  File "/home/airflow/.local/lib/python3.8/site-packages/elasticsearch/helpers/actions.py", line 274, in _process_bulk_chunk_success
    raise BulkIndexError(f"{len(errors)} document(s) failed to index.", errors)
elasticsearch.helpers.BulkIndexError: 1 document(s) failed to index.
[2024-05-03T19:00:44.844+0000] {taskinstance.py:1149} INFO - Marking task as UP_FOR_RETRY. dag_id=Units_statistics_DAG, task_id=ETL_job, map_index=15, execution_date=20240503T184000, start_date=20240503T190017, end_date=20240503T190044
[2024-05-03T19:00:44.862+0000] {standard_task_runner.py:107} ERROR - Failed to execute job 30201 for task ETL_job (1 document(s) failed to index.; 740674)
[2024-05-03T19:00:44.928+0000] {local_task_job_runner.py:234} INFO - Task exited with return code 1
[2024-05-03T19:00:44.957+0000] {taskinstance.py:3312} INFO - 0 downstream tasks scheduled from follow-on schedule check
