[2024-05-07T20:41:37.117+0000] {taskinstance.py:1979} INFO - Dependencies all met for dep_context=non-requeueable deps ti=<TaskInstance: Units_statistics_DAG.ETL_job scheduled__2024-05-07T20:20:00+00:00 map_index=5 [queued]>
[2024-05-07T20:41:37.134+0000] {taskinstance.py:1979} INFO - Dependencies all met for dep_context=requeueable deps ti=<TaskInstance: Units_statistics_DAG.ETL_job scheduled__2024-05-07T20:20:00+00:00 map_index=5 [queued]>
[2024-05-07T20:41:37.134+0000] {taskinstance.py:2193} INFO - Starting attempt 2 of 4
[2024-05-07T20:41:37.155+0000] {taskinstance.py:2217} INFO - Executing <Mapped(_PythonDecoratedOperator): ETL_job> on 2024-05-07 20:20:00+00:00
[2024-05-07T20:41:37.163+0000] {standard_task_runner.py:60} INFO - Started process 843638 to run task
[2024-05-07T20:41:37.177+0000] {standard_task_runner.py:87} INFO - Running: ['***', 'tasks', 'run', 'Units_statistics_DAG', 'ETL_job', 'scheduled__2024-05-07T20:20:00+00:00', '--job-id', '39770', '--raw', '--subdir', 'DAGS_FOLDER/Units_dag.py', '--cfg-path', '/tmp/tmpcpipgdur', '--map-index', '5']
[2024-05-07T20:41:37.180+0000] {standard_task_runner.py:88} INFO - Job 39770: Subtask ETL_job
[2024-05-07T20:41:37.270+0000] {task_command.py:423} INFO - Running <TaskInstance: Units_statistics_DAG.ETL_job scheduled__2024-05-07T20:20:00+00:00 map_index=5 [running]> on host a09da322e808
[2024-05-07T20:41:37.435+0000] {taskinstance.py:2513} INFO - Exporting env vars: AIRFLOW_CTX_DAG_OWNER='abeer-araby' AIRFLOW_CTX_DAG_ID='Units_statistics_DAG' AIRFLOW_CTX_TASK_ID='ETL_job' AIRFLOW_CTX_EXECUTION_DATE='2024-05-07T20:20:00+00:00' AIRFLOW_CTX_TRY_NUMBER='2' AIRFLOW_CTX_DAG_RUN_ID='scheduled__2024-05-07T20:20:00+00:00'
[2024-05-07T20:41:37.437+0000] {Units_dag.py:98} INFO - i: 50000, chunk: 10000
[2024-05-07T20:41:37.437+0000] {Units_dag.py:99} INFO - child token is::: eyJ0eXAiOiJKV1QiLCJhbGciOiJIUzI1NiJ9.eyJpc3MiOiJodHRwczovL2FwaS5hZmFxeS5zYS9hdXRoL2xvZ2luX2FzIiwiaWF0IjoxNzE1MTE0NDA0LCJleHAiOjE3MTc3MDY0MDQsIm5iZiI6MTcxNTExNDQwNCwianRpIjoiVXJNbktoZXplaE4xTHZFQiIsInN1YiI6IjVkNjNlNTFlMDNlZDUyOTJhNDJjMjRlNiIsInBydiI6IjI3MGVjZmM3ZWEzZWQ5MzdlYTg0OTM2MmEzYTUwOTEwYzZkOGNlNGYiLCJsb2dpbl9hc19pZCI6IjY1N2YwYWQ3M2Y5NzcyOTVjZjA1NTc2YSJ9.4hvSlBzJfM43kL7xfQ5uaEFSlnkv2eK8qCDoZCtYpDk
[2024-05-07T20:41:52.532+0000] {Units_dag.py:103} INFO - {'_id': '62b073905e94ae888915bf44', 'imei': '359633108232070', 'updated_at': '2024-04-18 11:18:59', 'custom_fields': [], 'creator': '', 'company': '', 'owner': '', 'last_update': {'dtt': 1655813931000, 'dts': 1655813933660, 'spd': 0, 'ang': 48, 'alt': 647, 'chPrams': {'output1': {'v': False, 'cdt': 1653545738000}, 'protocol': {'v': 'teltonika_FMB640', 'cdt': 1654086629000}, 'ePwrV': {'v': 28.452, 'cdt': 1655813931000}, 'sat': {'v': 15, 'cdt': 1655813931000}, 'ai1': {'v': 87, 'cdt': 1655811671000}, 'iPwrV': {'v': 4.043, 'cdt': 1655812011000}, 'priority': {'v': 0, 'cdt': 1655503622000}, 'event': {'v': 0, 'cdt': 1655503622000}, 'di1': {'v': 1, 'cdt': 1655503562000}}, 'prms': {'protocol': 'teltonika_FMB640', 'priority': 0, 'sat': 15, 'event': 0, 'di1': 1, 'output1': 0, 'ePwrV': 28.452, 'iPwrV': 4.043, 'ai1': 87}, 'devPrms': ['protocol', 'priority', 'sat', 'event', 'di1', 'output1', 'ePwrV', 'iPwrV', 'ai1'], 'old_params': {'protocol': 'teltonika_FMB640', 'priority': 0, 'sat': 14, 'event': 0, 'di1': 1, 'output1': 0, 'ePwrV': 28.44, 'iPwrV': 4.043, 'ai1': 87}, 'vLoc': 1, 'vCon': 1, 'ip': '37.121.100.198', 'rl': 0, 'trl': 34632.0668, 'mdu': 0, 'tmdu': 2819321, 'eidl': 60, 'teidl': 31633242, 'fc': 0, 'tfc': 15.968664, 'acc': 1, 'accOn': 34457358, 'accOff': 4024051, 'sdu': 0, 'tsdu': 0, 'lat': 24.7760099, 'lng': 46.6648283}, 'counters': {'engine_hours': 34457358, 'last_acc': 1, 'odometer': 34632.0627}, 'is_wasl_connected': 'Not Connected', 'iconUrl': '', 'hasCCTV': False}
[2024-05-07T20:41:53.068+0000] {warnings.py:109} WARNING - /home/***/.local/lib/python3.8/site-packages/elasticsearch/_sync/client/__init__.py:399: SecurityWarning: Connecting to 'https://dbelk3.afaqy.local:9200' using TLS with verify_certs=False is insecure
  _transport = transport_class(

[2024-05-07T20:41:53.145+0000] {warnings.py:109} WARNING - /home/***/.local/lib/python3.8/site-packages/elasticsearch/_sync/client/__init__.py:399: SecurityWarning: Connecting to 'https://dbelk1.afaqy.local:9200' using TLS with verify_certs=False is insecure
  _transport = transport_class(

[2024-05-07T20:41:53.190+0000] {warnings.py:109} WARNING - /home/***/.local/lib/python3.8/site-packages/elasticsearch/_sync/client/__init__.py:399: SecurityWarning: Connecting to 'https://dbelk2.afaqy.local:9200' using TLS with verify_certs=False is insecure
  _transport = transport_class(

[2024-05-07T20:41:53.209+0000] {warnings.py:109} WARNING - /home/***/.local/lib/python3.8/site-packages/urllib3/connectionpool.py:1061: InsecureRequestWarning: Unverified HTTPS request is being made to host 'dbelk3.afaqy.local'. Adding certificate verification is strongly advised. See: https://urllib3.readthedocs.io/en/1.26.x/advanced-usage.html#ssl-warnings
  warnings.warn(

[2024-05-07T20:41:53.303+0000] {_transport.py:335} INFO - GET https://dbelk3.afaqy.local:9200/_cluster/health [status:200 duration:0.111s]
[2024-05-07T20:41:53.844+0000] {warnings.py:109} WARNING - /home/***/.local/lib/python3.8/site-packages/urllib3/connectionpool.py:1061: InsecureRequestWarning: Unverified HTTPS request is being made to host 'dbelk1.afaqy.local'. Adding certificate verification is strongly advised. See: https://urllib3.readthedocs.io/en/1.26.x/advanced-usage.html#ssl-warnings
  warnings.warn(

[2024-05-07T20:41:57.629+0000] {_transport.py:335} INFO - PUT https://dbelk1.afaqy.local:9200/units_statistics_***/_bulk [status:200 duration:3.804s]
[2024-05-07T20:41:58.021+0000] {python.py:202} INFO - Done. Returned value was: None
[2024-05-07T20:41:58.035+0000] {taskinstance.py:1149} INFO - Marking task as SUCCESS. dag_id=Units_statistics_DAG, task_id=ETL_job, map_index=5, execution_date=20240507T202000, start_date=20240507T204137, end_date=20240507T204158
[2024-05-07T20:41:58.111+0000] {local_task_job_runner.py:234} INFO - Task exited with return code 0
[2024-05-07T20:41:58.148+0000] {taskinstance.py:3312} INFO - 0 downstream tasks scheduled from follow-on schedule check
