[2024-04-15T21:21:48.731+0000] {taskinstance.py:1979} INFO - Dependencies all met for dep_context=non-requeueable deps ti=<TaskInstance: Units_statistics_DAG.ETL_job manual__2024-04-15T21:21:34.475962+00:00 map_index=7 [queued]>
[2024-04-15T21:21:48.813+0000] {taskinstance.py:1979} INFO - Dependencies all met for dep_context=requeueable deps ti=<TaskInstance: Units_statistics_DAG.ETL_job manual__2024-04-15T21:21:34.475962+00:00 map_index=7 [queued]>
[2024-04-15T21:21:48.813+0000] {taskinstance.py:2193} INFO - Starting attempt 1 of 4
[2024-04-15T21:21:48.930+0000] {taskinstance.py:2217} INFO - Executing <Mapped(_PythonDecoratedOperator): ETL_job> on 2024-04-15 21:21:34.475962+00:00
[2024-04-15T21:21:48.969+0000] {standard_task_runner.py:60} INFO - Started process 316561 to run task
[2024-04-15T21:21:49.029+0000] {standard_task_runner.py:87} INFO - Running: ['***', 'tasks', 'run', 'Units_statistics_DAG', 'ETL_job', 'manual__2024-04-15T21:21:34.475962+00:00', '--job-id', '2919', '--raw', '--subdir', 'DAGS_FOLDER/Units_dag.py', '--cfg-path', '/tmp/tmpyb8z6x6r', '--map-index', '7']
[2024-04-15T21:21:49.049+0000] {standard_task_runner.py:88} INFO - Job 2919: Subtask ETL_job
[2024-04-15T21:21:49.377+0000] {task_command.py:423} INFO - Running <TaskInstance: Units_statistics_DAG.ETL_job manual__2024-04-15T21:21:34.475962+00:00 map_index=7 [running]> on host a09da322e808
[2024-04-15T21:21:50.001+0000] {taskinstance.py:2513} INFO - Exporting env vars: AIRFLOW_CTX_DAG_OWNER='abeer-araby' AIRFLOW_CTX_DAG_ID='Units_statistics_DAG' AIRFLOW_CTX_TASK_ID='ETL_job' AIRFLOW_CTX_EXECUTION_DATE='2024-04-15T21:21:34.475962+00:00' AIRFLOW_CTX_TRY_NUMBER='1' AIRFLOW_CTX_DAG_RUN_ID='manual__2024-04-15T21:21:34.475962+00:00'
[2024-04-15T21:21:50.002+0000] {Units_dag.py:90} INFO - i: 70000, chunk: 10000
[2024-04-15T21:21:50.002+0000] {Units_dag.py:91} INFO - child token is::: eyJ0eXAiOiJKV1QiLCJhbGciOiJIUzI1NiJ9.eyJpc3MiOiJodHRwczovL2FwaS5hZmFxeS5zYS9hdXRoL2xvZ2luX2FzIiwiaWF0IjoxNzEzMjE2MDk4LCJleHAiOjE3MTU4MDgwOTgsIm5iZiI6MTcxMzIxNjA5OCwianRpIjoiNmFvcmdJS3l0a0dkajd3eSIsInN1YiI6IjVkNjNlNTFlMDNlZDUyOTJhNDJjMjRlNiIsInBydiI6IjI3MGVjZmM3ZWEzZWQ5MzdlYTg0OTM2MmEzYTUwOTEwYzZkOGNlNGYiLCJsb2dpbl9hc19pZCI6IjY1N2YwYWQ3M2Y5NzcyOTVjZjA1NTc2YSJ9.ma-Gsb3F49-Y6BOcq8W0JA-V73KR1IclbtKECN_w5e8
[2024-04-15T21:22:23.870+0000] {Units_dag.py:95} INFO - {'_id': '639b0f884818d765c075c7fb', 'icon': 'icons/icon.png', 'driver_id': '', 'tailer_id': '', 'profile': {'measurement_type': 'count', 'fuel_type': '91', 'year': 0, 'seats': 2}, 'device_password': '***', 'device_type': 'gps', 'gateway': False, 'name': '2222 B U Jبدر', 'operation_code': None, 'device_gateway': None, 'business_types': {'waste': False, 'transportation': True, 'water': False}, 'imei': '866854059871221', 'sim_number': '+966830020189821', 'sim_serial': '96641520415681636', 'device_serial': '866854059871221', 'device': 'bce', 'user_id': '637373379fd3b622627d003c', 'created_by': '5e6655bf03ed52e1ab79d301', 'updated_at': '2023-12-31 10:49:45', 'created_at': '2022-12-15 15:14:00', 'creator': 'amr.ahmed', 'company': '', 'owner': 'badr-alsahly-admin', 'last_update': {'dtt': 1713215868000, 'dts': 1713215967546, 'spd': 0, 'ang': 134, 'alt': 752, 'chPrams': {'ePwrV': {'v': 12.865, 'cdt': 1713215274000}, 'di16': {'v': 1, 'cdt': 1712585068000}, 'rssi1': {'v': 94, 'cdt': 1713214680000}, 'di15': {'v': 0, 'cdt': 1712144656000}, 'di14': {'v': 0, 'cdt': 1713212356000}, 'di13': {'v': 0, 'cdt': 1712585068000}, 'di12': {'v': 0, 'cdt': 1712585068000}, 'di11': {'v': 0, 'cdt': 1712585068000}, 'di10': {'v': 0, 'cdt': 1671106460000}, 'di2': {'v': 0, 'cdt': 1712585068000}, 'di1': {'v': 0, 'cdt': 1713212536000}, 'ai4': {'v': 28169, 'cdt': 1713215868000}, 'di4': {'v': 0, 'cdt': 1712585068000}, 'di3': {'v': 0, 'cdt': 1712585068000}, 'di6': {'v': 0, 'cdt': 1713212566000}, 'di5': {'v': 0, 'cdt': 1713212566000}, 'lac1': {'v': 1076, 'cdt': 1711959238000}, 'protocol': {'v': 'bce', 'cdt': 1712585068000}, 'di8': {'v': 1, 'cdt': 1712585068000}, 'di7': {'v': 0, 'cdt': 1713212596000}, 'di9': {'v': 0, 'cdt': 1712585068000}, 'iPwrV': {'v': 4.053, 'cdt': 1713214680000}, 'humidity': {'v': -1, 'cdt': 1712585068000}, 'cid1': {'v': 2622, 'cdt': 1713212422000}, 'temp': {'v': -273, 'cdt': 1710631564000}, 'odometer': {'v': 0, 'cdt': 1713212566000}, 'spd': {'v': 0, 'cdt': 1713212536000}, 'sat': {'v': 15, 'cdt': 1713213490000}, 'hdop': {'v': 1, 'cdt': 1713144536000}, 'ta': {'v': 0, 'cdt': 1712585068000}, 'mcc1': {'v': 420, 'cdt': 1712697320000}, 'mnc1': {'v': 3, 'cdt': 1712697320000}}, 'prms': {'protocol': 'bce', 'spd': 0, 'sat': 15, 'hdop': 1, 'odometer': 0, 'di16': 1, 'di15': 0, 'di14': 0, 'di13': 0, 'di12': 0, 'di11': 0, 'di10': 0, 'di9': 0, 'di8': 1, 'di7': 0, 'di6': 0, 'di5': 0, 'di4': 0, 'di3': 0, 'di2': 0, 'di1': 0, 'ePwrV': 12.865, 'ai4': 28169, 'iPwrV': 4.053, 'ta': 0, 'mcc1': 420, 'mnc1': 3, 'lac1': 1076, 'cid1': 2622, 'rssi1': 94, 'temp': -273, 'humidity': -1}, 'devPrms': ['protocol', 'spd', 'sat', 'hdop', 'odometer', 'di16', 'di15', 'di14', 'di13', 'di12', 'di11', 'di10', 'di9', 'di8', 'di7', 'di6', 'di5', 'di4', 'di3', 'di2', 'di1', 'ePwrV', 'ai4', 'iPwrV', 'ta', 'mcc1', 'mnc1', 'lac1', 'cid1', 'rssi1', 'temp', 'humidity'], 'old_params': {'protocol': 'bce', 'spd': 0, 'sat': 15, 'hdop': 1, 'odometer': 0, 'di16': 1, 'di15': 0, 'di14': 0, 'di13': 0, 'di12': 0, 'di11': 0, 'di10': 0, 'di9': 0, 'di8': 1, 'di7': 0, 'di6': 0, 'di5': 0, 'di4': 0, 'di3': 0, 'di2': 0, 'di1': 0, 'ePwrV': 12.865, 'ai4': 28148, 'iPwrV': 4.053, 'ta': 0, 'mcc1': 420, 'mnc1': 3, 'lac1': 1076, 'cid1': 2622, 'rssi1': 94, 'temp': -273, 'humidity': -1}, 'vLoc': 1, 'vCon': 1, 'ip': '109.83.210.78', 'rl': 0, 'trl': 19869.7355, 'mdu': 0, 'tmdu': 1463574, 'eidl': 0, 'teidl': 758666, 'fc': 0, 'tfc': 5.901984, 'acc': 0, 'accOn': 895263524, 'accOff': 2430052848, 'sdu': 296, 'tsdu': 3302, 'lat': 24.9020938873291, 'lng': 46.3761100769043}, 'counters': {'odometer_type': 'gps', 'odometer': 20469.3409, 'engine_hours_type': 'acc', 'engine_hours': 895263524, 'last_acc': 0}, 'is_wasl_connected': 'Not Connected', 'iconUrl': 'https://api.afaqy.sa/images/units/icons/icon.png', 'hasCCTV': False}
[2024-04-15T21:22:25.246+0000] {warnings.py:109} WARNING - /home/***/.local/lib/python3.8/site-packages/elasticsearch/_sync/client/__init__.py:399: SecurityWarning: Connecting to 'https://dbelk1.afaqy.local:9200' using TLS with verify_certs=False is insecure
  _transport = transport_class(

[2024-04-15T21:22:25.376+0000] {warnings.py:109} WARNING - /home/***/.local/lib/python3.8/site-packages/elasticsearch/_sync/client/__init__.py:399: SecurityWarning: Connecting to 'https://dbelk2.afaqy.local:9200' using TLS with verify_certs=False is insecure
  _transport = transport_class(

[2024-04-15T21:22:25.429+0000] {warnings.py:109} WARNING - /home/***/.local/lib/python3.8/site-packages/elasticsearch/_sync/client/__init__.py:399: SecurityWarning: Connecting to 'https://dbelk3.afaqy.local:9200' using TLS with verify_certs=False is insecure
  _transport = transport_class(

[2024-04-15T21:22:25.465+0000] {warnings.py:109} WARNING - /home/***/.local/lib/python3.8/site-packages/urllib3/connectionpool.py:1061: InsecureRequestWarning: Unverified HTTPS request is being made to host 'dbelk1.afaqy.local'. Adding certificate verification is strongly advised. See: https://urllib3.readthedocs.io/en/1.26.x/advanced-usage.html#ssl-warnings
  warnings.warn(

[2024-04-15T21:22:25.523+0000] {_transport.py:335} INFO - GET https://dbelk1.afaqy.local:9200/_cluster/health [status:200 duration:0.092s]
[2024-04-15T21:22:25.984+0000] {warnings.py:109} WARNING - /home/***/.local/lib/python3.8/site-packages/urllib3/connectionpool.py:1061: InsecureRequestWarning: Unverified HTTPS request is being made to host 'dbelk2.afaqy.local'. Adding certificate verification is strongly advised. See: https://urllib3.readthedocs.io/en/1.26.x/advanced-usage.html#ssl-warnings
  warnings.warn(

[2024-04-15T21:22:26.583+0000] {_transport.py:335} INFO - PUT https://dbelk2.afaqy.local:9200/units_statistics_***/_bulk [status:200 duration:0.617s]
[2024-04-15T21:22:26.680+0000] {taskinstance.py:2731} ERROR - Task failed with exception
Traceback (most recent call last):
  File "/home/airflow/.local/lib/python3.8/site-packages/airflow/models/taskinstance.py", line 444, in _execute_task
    result = _execute_callable(context=context, **execute_callable_kwargs)
  File "/home/airflow/.local/lib/python3.8/site-packages/airflow/models/taskinstance.py", line 414, in _execute_callable
    return execute_callable(context=context, **execute_callable_kwargs)
  File "/home/airflow/.local/lib/python3.8/site-packages/airflow/decorators/base.py", line 241, in execute
    return_value = super().execute(context)
  File "/home/airflow/.local/lib/python3.8/site-packages/airflow/operators/python.py", line 200, in execute
    return_value = self.execute_callable()
  File "/home/airflow/.local/lib/python3.8/site-packages/airflow/operators/python.py", line 217, in execute_callable
    return self.python_callable(*self.op_args, **self.op_kwargs)
  File "/opt/airflow/dags/Units_dag.py", line 103, in ETL_job
    Elk_client.elk_pushData(Globals.index_name,units_list_update)
  File "/opt/airflow/dags/elk_manager.py", line 69, in elk_pushData
    helpers.bulk(self.elk_client, docs_list, index=index_name, chunk_size=batch)
  File "/home/airflow/.local/lib/python3.8/site-packages/elasticsearch/helpers/actions.py", line 521, in bulk
    for ok, item in streaming_bulk(
  File "/home/airflow/.local/lib/python3.8/site-packages/elasticsearch/helpers/actions.py", line 436, in streaming_bulk
    for data, (ok, info) in zip(
  File "/home/airflow/.local/lib/python3.8/site-packages/elasticsearch/helpers/actions.py", line 355, in _process_bulk_chunk
    yield from gen
  File "/home/airflow/.local/lib/python3.8/site-packages/elasticsearch/helpers/actions.py", line 274, in _process_bulk_chunk_success
    raise BulkIndexError(f"{len(errors)} document(s) failed to index.", errors)
elasticsearch.helpers.BulkIndexError: 10000 document(s) failed to index.
[2024-04-15T21:22:26.714+0000] {taskinstance.py:1149} INFO - Marking task as UP_FOR_RETRY. dag_id=Units_statistics_DAG, task_id=ETL_job, map_index=7, execution_date=20240415T212134, start_date=20240415T212148, end_date=20240415T212226
[2024-04-15T21:22:27.161+0000] {standard_task_runner.py:107} ERROR - Failed to execute job 2919 for task ETL_job (10000 document(s) failed to index.; 316561)
[2024-04-15T21:22:27.238+0000] {local_task_job_runner.py:234} INFO - Task exited with return code 1
[2024-04-15T21:22:27.262+0000] {taskinstance.py:3312} INFO - 0 downstream tasks scheduled from follow-on schedule check
