[2024-04-16T23:00:15.172+0000] {taskinstance.py:1979} INFO - Dependencies all met for dep_context=non-requeueable deps ti=<TaskInstance: Units_statistics_DAG.ETL_job scheduled__2024-04-16T22:00:00+00:00 map_index=3 [queued]>
[2024-04-16T23:00:15.222+0000] {taskinstance.py:1979} INFO - Dependencies all met for dep_context=requeueable deps ti=<TaskInstance: Units_statistics_DAG.ETL_job scheduled__2024-04-16T22:00:00+00:00 map_index=3 [queued]>
[2024-04-16T23:00:15.226+0000] {taskinstance.py:2193} INFO - Starting attempt 1 of 4
[2024-04-16T23:00:15.275+0000] {taskinstance.py:2217} INFO - Executing <Mapped(_PythonDecoratedOperator): ETL_job> on 2024-04-16 22:00:00+00:00
[2024-04-16T23:00:15.290+0000] {standard_task_runner.py:60} INFO - Started process 341612 to run task
[2024-04-16T23:00:15.330+0000] {standard_task_runner.py:87} INFO - Running: ['***', 'tasks', 'run', 'Units_statistics_DAG', 'ETL_job', 'scheduled__2024-04-16T22:00:00+00:00', '--job-id', '4359', '--raw', '--subdir', 'DAGS_FOLDER/Units_dag.py', '--cfg-path', '/tmp/tmp5okzbxsx', '--map-index', '3']
[2024-04-16T23:00:15.344+0000] {standard_task_runner.py:88} INFO - Job 4359: Subtask ETL_job
[2024-04-16T23:00:15.561+0000] {task_command.py:423} INFO - Running <TaskInstance: Units_statistics_DAG.ETL_job scheduled__2024-04-16T22:00:00+00:00 map_index=3 [running]> on host a09da322e808
[2024-04-16T23:00:15.828+0000] {taskinstance.py:2513} INFO - Exporting env vars: AIRFLOW_CTX_DAG_OWNER='abeer-araby' AIRFLOW_CTX_DAG_ID='Units_statistics_DAG' AIRFLOW_CTX_TASK_ID='ETL_job' AIRFLOW_CTX_EXECUTION_DATE='2024-04-16T22:00:00+00:00' AIRFLOW_CTX_TRY_NUMBER='1' AIRFLOW_CTX_DAG_RUN_ID='scheduled__2024-04-16T22:00:00+00:00'
[2024-04-16T23:00:15.829+0000] {Units_dag.py:90} INFO - i: 30000, chunk: 10000
[2024-04-16T23:00:15.829+0000] {Units_dag.py:91} INFO - child token is::: eyJ0eXAiOiJKV1QiLCJhbGciOiJIUzI1NiJ9.eyJpc3MiOiJodHRwczovL2FwaS5hZmFxeS5zYS9hdXRoL2xvZ2luX2FzIiwiaWF0IjoxNzEzMzA4NDAzLCJleHAiOjE3MTU5MDA0MDMsIm5iZiI6MTcxMzMwODQwMywianRpIjoicnNnRHJaWXpFZWxtVFhsdSIsInN1YiI6IjVkNjNlNTFlMDNlZDUyOTJhNDJjMjRlNiIsInBydiI6IjI3MGVjZmM3ZWEzZWQ5MzdlYTg0OTM2MmEzYTUwOTEwYzZkOGNlNGYiLCJsb2dpbl9hc19pZCI6IjY1N2YwYWQ3M2Y5NzcyOTVjZjA1NTc2YSJ9.2J66n8hlGgU870wx4PHEWqfGsv4ILoHJiHuashFj-vU
[2024-04-16T23:00:47.624+0000] {Units_dag.py:95} INFO - {'_id': '62164f33067dce381c0d5e4c', 'icon': 'icons/icon.png', 'driver_id': '', 'tailer_id': '', 'profile': {'vehicle_type': 'BUS', 'vin': '', 'plate_number': '', 'model': '', 'year': 0, 'seats': 2, 'fuel_type': '91', 'start_operation': '', 'contract_milage': '', 'opening_milage': '', 'measurement_type': '', 'max_capacity': ''}, 'device_password': '***', 'device_type': 'gps', 'gateway': False, 'name': 'HB-194-276673', 'operation_code': '', 'imei': '356307049248882', 'sim_number': '+97430326516', 'sim_serial': '8942702111236272333', 'device_serial': '4630866', 'device': 'teltonika', 'created_by': '62136ed2b78f04217042a1e9', 'user_id': '62136ed2b78f04217042a1e9', 'updated_at': '2022-12-31 22:17:15', 'created_at': '2022-02-23 18:13:55', 'creator': 'elegancia-admin', 'company': '', 'owner': 'elegancia-admin', 'last_update': {'dtt': 1658293765050, 'dts': 1658322930586, 'spd': 42, 'ang': 310, 'alt': 38, 'chPrams': {'output1': {'v': False, 'cdt': 1658244513000}, 'output2': {'v': False, 'cdt': 1656800811000}, 'motion': {'v': True, 'cdt': 1658290217000}, 'ePwrV': {'v': 27.456, 'cdt': 1658293765000}, 'sat': {'v': 18, 'cdt': 1658293761000}, 'priority': {'v': 1, 'cdt': 1657263462000}, 'di2': {'v': 0, 'cdt': 1656800845000}, 'di1': {'v': 1, 'cdt': 1658288756000}, 'protocol': {'v': 'teltonika_FMB640', 'cdt': 1656800845000}, 'tripOdometer': {'v': 40506, 'cdt': 1658293765000}, 'alarm': {'v': 'hardAcceleration', 'cdt': 1658205869000}, 'parm250': {'v': 1, 'cdt': 1658238291000}, 'event': {'v': 199, 'cdt': 1658293765050}, 'parm254': {'v': 48, 'cdt': 1658205869000}}, 'prms': {'protocol': 'teltonika_FMB640', 'priority': 1, 'sat': 18, 'event': 199, 'di1': 1, 'di2': 0, 'output1': 0, 'output2': 0, 'motion': 1, 'ePwrV': 27.456, 'tripOdometer': 40506}, 'devPrms': ['protocol', 'priority', 'sat', 'event', 'di1', 'di2', 'output1', 'output2', 'motion', 'ePwrV', 'tripOdometer', 'parm250'], 'old_params': {'protocol': 'teltonika_FMB640', 'priority': 1, 'sat': 18, 'event': 66, 'di1': 1, 'di2': 0, 'output1': 0, 'output2': 0, 'motion': 1, 'ePwrV': 27.456, 'tripOdometer': 40506}, 'vLoc': 1, 'vCon': 1, 'ip': '37.186.39.57', 'rl': 0, 'trl': 56850.9324, 'mdu': 0, 'tmdu': 4172495, 'eidl': 0, 'teidl': 2359907, 'fc': 0, 'tfc': 1.907232, 'acc': 1, 'accOn': -1179508, 'accOff': 12378268, 'sdu': 0, 'tsdu': 0, 'lat': 25.3323081, 'lng': 51.3313845}, 'counters': {'odometer_type': 'gps', 'engine_hours_type': 'acc', 'engine_hours': -1179508, 'odometer': 56850.9324, 'last_acc': 1}, 'is_wasl_connected': 'Not Connected', 'iconUrl': 'https://api.afaqy.sa/images/units/icons/icon.png', 'hasCCTV': False}
[2024-04-16T23:00:48.018+0000] {warnings.py:109} WARNING - /home/***/.local/lib/python3.8/site-packages/elasticsearch/_sync/client/__init__.py:399: SecurityWarning: Connecting to 'https://dbelk1.afaqy.local:9200' using TLS with verify_certs=False is insecure
  _transport = transport_class(

[2024-04-16T23:00:48.052+0000] {warnings.py:109} WARNING - /home/***/.local/lib/python3.8/site-packages/elasticsearch/_sync/client/__init__.py:399: SecurityWarning: Connecting to 'https://dbelk2.afaqy.local:9200' using TLS with verify_certs=False is insecure
  _transport = transport_class(

[2024-04-16T23:00:48.085+0000] {warnings.py:109} WARNING - /home/***/.local/lib/python3.8/site-packages/elasticsearch/_sync/client/__init__.py:399: SecurityWarning: Connecting to 'https://dbelk3.afaqy.local:9200' using TLS with verify_certs=False is insecure
  _transport = transport_class(

[2024-04-16T23:00:48.114+0000] {warnings.py:109} WARNING - /home/***/.local/lib/python3.8/site-packages/urllib3/connectionpool.py:1061: InsecureRequestWarning: Unverified HTTPS request is being made to host 'dbelk1.afaqy.local'. Adding certificate verification is strongly advised. See: https://urllib3.readthedocs.io/en/1.26.x/advanced-usage.html#ssl-warnings
  warnings.warn(

[2024-04-16T23:00:48.162+0000] {_transport.py:335} INFO - GET https://dbelk1.afaqy.local:9200/_cluster/health [status:200 duration:0.075s]
[2024-04-16T23:00:48.590+0000] {warnings.py:109} WARNING - /home/***/.local/lib/python3.8/site-packages/urllib3/connectionpool.py:1061: InsecureRequestWarning: Unverified HTTPS request is being made to host 'dbelk2.afaqy.local'. Adding certificate verification is strongly advised. See: https://urllib3.readthedocs.io/en/1.26.x/advanced-usage.html#ssl-warnings
  warnings.warn(

[2024-04-16T23:00:50.968+0000] {_transport.py:335} INFO - PUT https://dbelk2.afaqy.local:9200/units_statistics_***/_bulk [status:200 duration:2.412s]
[2024-04-16T23:00:51.145+0000] {python.py:202} INFO - Done. Returned value was: None
[2024-04-16T23:00:51.162+0000] {taskinstance.py:1149} INFO - Marking task as SUCCESS. dag_id=Units_statistics_DAG, task_id=ETL_job, map_index=3, execution_date=20240416T220000, start_date=20240416T230015, end_date=20240416T230051
[2024-04-16T23:00:51.236+0000] {local_task_job_runner.py:234} INFO - Task exited with return code 0
[2024-04-16T23:00:51.272+0000] {taskinstance.py:3312} INFO - 0 downstream tasks scheduled from follow-on schedule check
