[2024-05-06T07:00:16.413+0000] {taskinstance.py:1979} INFO - Dependencies all met for dep_context=non-requeueable deps ti=<TaskInstance: Units_statistics_DAG.ETL_job scheduled__2024-05-06T06:40:00+00:00 map_index=5 [queued]>
[2024-05-06T07:00:16.550+0000] {taskinstance.py:1979} INFO - Dependencies all met for dep_context=requeueable deps ti=<TaskInstance: Units_statistics_DAG.ETL_job scheduled__2024-05-06T06:40:00+00:00 map_index=5 [queued]>
[2024-05-06T07:00:16.551+0000] {taskinstance.py:2193} INFO - Starting attempt 1 of 4
[2024-05-06T07:00:16.746+0000] {taskinstance.py:2217} INFO - Executing <Mapped(_PythonDecoratedOperator): ETL_job> on 2024-05-06 06:40:00+00:00
[2024-05-06T07:00:16.814+0000] {standard_task_runner.py:60} INFO - Started process 801888 to run task
[2024-05-06T07:00:16.851+0000] {standard_task_runner.py:87} INFO - Running: ['***', 'tasks', 'run', 'Units_statistics_DAG', 'ETL_job', 'scheduled__2024-05-06T06:40:00+00:00', '--job-id', '35036', '--raw', '--subdir', 'DAGS_FOLDER/Units_dag.py', '--cfg-path', '/tmp/tmp4eykxtk6', '--map-index', '5']
[2024-05-06T07:00:16.853+0000] {standard_task_runner.py:88} INFO - Job 35036: Subtask ETL_job
[2024-05-06T07:00:17.286+0000] {task_command.py:423} INFO - Running <TaskInstance: Units_statistics_DAG.ETL_job scheduled__2024-05-06T06:40:00+00:00 map_index=5 [running]> on host a09da322e808
[2024-05-06T07:00:18.072+0000] {taskinstance.py:2513} INFO - Exporting env vars: AIRFLOW_CTX_DAG_OWNER='abeer-araby' AIRFLOW_CTX_DAG_ID='Units_statistics_DAG' AIRFLOW_CTX_TASK_ID='ETL_job' AIRFLOW_CTX_EXECUTION_DATE='2024-05-06T06:40:00+00:00' AIRFLOW_CTX_TRY_NUMBER='1' AIRFLOW_CTX_DAG_RUN_ID='scheduled__2024-05-06T06:40:00+00:00'
[2024-05-06T07:00:18.082+0000] {Units_dag.py:99} INFO - i: 50000, chunk: 10000
[2024-05-06T07:00:18.082+0000] {Units_dag.py:100} INFO - child token is::: eyJ0eXAiOiJKV1QiLCJhbGciOiJIUzI1NiJ9.eyJpc3MiOiJodHRwczovL2FwaS5hZmFxeS5zYS9hdXRoL2xvZ2luX2FzIiwiaWF0IjoxNzE0OTc4ODA1LCJleHAiOjE3MTc1NzA4MDUsIm5iZiI6MTcxNDk3ODgwNSwianRpIjoiRjhoaElTenlTaGZGNFRwTyIsInN1YiI6IjVkNjNlNTFlMDNlZDUyOTJhNDJjMjRlNiIsInBydiI6IjI3MGVjZmM3ZWEzZWQ5MzdlYTg0OTM2MmEzYTUwOTEwYzZkOGNlNGYiLCJsb2dpbl9hc19pZCI6IjY1N2YwYWQ3M2Y5NzcyOTVjZjA1NTc2YSJ9.ikOLT1IXSZg47_bRBYhktUBt8siJAsI3x87iAGoDEkU
[2024-05-06T07:00:40.598+0000] {Units_dag.py:104} INFO - {'_id': '62af45e050744817dd517b2e', 'icon': 'icons/icon.png', 'driver_id': '', 'tailer_id': '', 'profile': {'vehicle_type': '', 'measurement_type': 'count', 'max_capacity': 0, 'vin': '', 'plate_number': '', 'start_operation': '', 'contract_milage': '', 'opening_milage': '', 'model': '', 'fuel_type': '91', 'year': 0, 'seats': 2}, 'device_password': '***', 'device_type': 'gps', 'gateway': False, 'name': '3547AJR', 'operation_code': '', 'device_gateway': '', 'business_types': {'waste': False, 'transportation': True, 'water': False}, 'imei': '869084061843185', 'sim_number': '+966830028706208', 'sim_serial': '996609821111314765', 'device_serial': '869084061843185', 'device': 'ruptela', 'user_id': '605b2ce24dfbf765482210f2', 'created_by': '5e6655bf03ed52e1ab79d301', 'updated_at': '2024-04-18 11:18:59', 'created_at': '2022-06-19 18:50:56', 'custom_fields': [], 'creator': 'amr.ahmed', 'company': '', 'owner': 'theeb-admin', 'last_update': {'dtt': 1714978567000, 'dts': 1714978568940, 'spd': 0, 'ang': 319, 'alt': 20, 'chPrams': {'gsm': {'v': 24, 'cdt': 1714978567000}, 'move': {'v': 0, 'cdt': 1714978267000}, 'ai23': {'v': 274, 'cdt': 1714968119000}, 'ePwrV': {'v': 12.764, 'cdt': 1714978567000}, 'ai22': {'v': 264, 'cdt': 1714977863000}, 'spd': {'v': 0, 'cdt': 1714978267000}, 'sat': {'v': 13, 'cdt': 1714978267000}, 'di2': {'v': 0, 'cdt': 1712745747000}, 'hdop': {'v': 0.7, 'cdt': 1714978567000}, 'operator': {'v': 42003, 'cdt': 1714941083000}, 'di4': {'v': 0, 'cdt': 1712745747000}, 'di3': {'v': 0, 'cdt': 1712745747000}, 'di5': {'v': 0, 'cdt': 1714978267000}, 'protocol': {'v': 'ruptela', 'cdt': 1712754448000}, 'iPwrV': {'v': 2.358, 'cdt': 1714978567000}, 'io_1_406': {'v': 1, 'cdt': 1712745747000}, 'io_1_405': {'v': 1, 'cdt': 1712745747000}, 'event': {'v': 7, 'cdt': 1714978267000}, 'io_1_418': {'v': 1, 'cdt': 1714941083000}}, 'prms': {'protocol': 'ruptela', 'sat': 13, 'spd': 0, 'hdop': 0.7, 'event': 7, 'gsm': 24, 'io_1_418': 1, 'move': 0, 'di2': 0, 'di3': 0, 'di4': 0, 'di5': 0, 'io_1_405': 1, 'io_1_406': 1, 'ePwrV': 12.764, 'iPwrV': 2.358, 'ai22': 264, 'ai23': 274, 'operator': 42003}, 'devPrms': ['protocol', 'sat', 'spd', 'hdop', 'event', 'gsm', 'io_1_418', 'move', 'di2', 'di3', 'di4', 'di5', 'io_1_405', 'io_1_406', 'ePwrV', 'iPwrV', 'ai22', 'ai23', 'operator'], 'old_params': {'protocol': 'ruptela', 'sat': 13, 'spd': 0, 'hdop': 0.8, 'event': 7, 'gsm': 23, 'io_1_418': 1, 'move': 0, 'di2': 0, 'di3': 0, 'di4': 0, 'di5': 0, 'io_1_405': 1, 'io_1_406': 1, 'ePwrV': 12.877, 'iPwrV': 1.891, 'ai22': 264, 'ai23': 274, 'operator': 42003}, 'vLoc': 1, 'vCon': 1, 'ip': '109.83.179.236', 'rl': 0, 'trl': 3510980.2145, 'mdu': 0, 'tmdu': 4463604, 'eidl': 0, 'teidl': 2034463, 'fc': 0, 'tfc': 16.207092, 'acc': 0, 'accOn': 6468778, 'accOff': 53594396, 'sdu': 300, 'tsdu': 300, 'lat': 26.3709283, 'lng': 50.1767483}, 'counters': {'odometer_type': 'gps', 'odometer': 3510990.2147, 'engine_hours_type': 'acc', 'engine_hours': 6468778, 'last_acc': 0}, 'is_wasl_connected': 'Not Connected', 'iconUrl': 'https://api.afaqy.sa/images/units/icons/icon.png', 'hasCCTV': False}
[2024-05-06T07:00:41.213+0000] {warnings.py:109} WARNING - /home/***/.local/lib/python3.8/site-packages/elasticsearch/_sync/client/__init__.py:399: SecurityWarning: Connecting to 'https://dbelk3.afaqy.local:9200' using TLS with verify_certs=False is insecure
  _transport = transport_class(

[2024-05-06T07:00:41.262+0000] {warnings.py:109} WARNING - /home/***/.local/lib/python3.8/site-packages/elasticsearch/_sync/client/__init__.py:399: SecurityWarning: Connecting to 'https://dbelk1.afaqy.local:9200' using TLS with verify_certs=False is insecure
  _transport = transport_class(

[2024-05-06T07:00:41.311+0000] {warnings.py:109} WARNING - /home/***/.local/lib/python3.8/site-packages/elasticsearch/_sync/client/__init__.py:399: SecurityWarning: Connecting to 'https://dbelk2.afaqy.local:9200' using TLS with verify_certs=False is insecure
  _transport = transport_class(

[2024-05-06T07:00:41.332+0000] {warnings.py:109} WARNING - /home/***/.local/lib/python3.8/site-packages/urllib3/connectionpool.py:1061: InsecureRequestWarning: Unverified HTTPS request is being made to host 'dbelk3.afaqy.local'. Adding certificate verification is strongly advised. See: https://urllib3.readthedocs.io/en/1.26.x/advanced-usage.html#ssl-warnings
  warnings.warn(

[2024-05-06T07:00:41.440+0000] {_transport.py:335} INFO - GET https://dbelk3.afaqy.local:9200/_cluster/health [status:200 duration:0.127s]
[2024-05-06T07:00:41.845+0000] {warnings.py:109} WARNING - /home/***/.local/lib/python3.8/site-packages/urllib3/connectionpool.py:1061: InsecureRequestWarning: Unverified HTTPS request is being made to host 'dbelk1.afaqy.local'. Adding certificate verification is strongly advised. See: https://urllib3.readthedocs.io/en/1.26.x/advanced-usage.html#ssl-warnings
  warnings.warn(

[2024-05-06T07:00:47.242+0000] {_transport.py:335} INFO - PUT https://dbelk1.afaqy.local:9200/units_statistics_***/_bulk [status:200 duration:5.419s]
[2024-05-06T07:00:47.740+0000] {python.py:202} INFO - Done. Returned value was: None
[2024-05-06T07:00:47.755+0000] {taskinstance.py:1149} INFO - Marking task as SUCCESS. dag_id=Units_statistics_DAG, task_id=ETL_job, map_index=5, execution_date=20240506T064000, start_date=20240506T070016, end_date=20240506T070047
[2024-05-06T07:00:47.868+0000] {local_task_job_runner.py:234} INFO - Task exited with return code 0
[2024-05-06T07:00:47.896+0000] {taskinstance.py:3312} INFO - 0 downstream tasks scheduled from follow-on schedule check
