[2024-04-22T04:00:17.420+0000] {taskinstance.py:1979} INFO - Dependencies all met for dep_context=non-requeueable deps ti=<TaskInstance: Units_statistics_DAG.ETL_job scheduled__2024-04-22T03:40:00+00:00 map_index=7 [queued]>
[2024-04-22T04:00:17.557+0000] {taskinstance.py:1979} INFO - Dependencies all met for dep_context=requeueable deps ti=<TaskInstance: Units_statistics_DAG.ETL_job scheduled__2024-04-22T03:40:00+00:00 map_index=7 [queued]>
[2024-04-22T04:00:17.576+0000] {taskinstance.py:2193} INFO - Starting attempt 1 of 4
[2024-04-22T04:00:17.769+0000] {taskinstance.py:2217} INFO - Executing <Mapped(_PythonDecoratedOperator): ETL_job> on 2024-04-22 03:40:00+00:00
[2024-04-22T04:00:17.861+0000] {standard_task_runner.py:60} INFO - Started process 462744 to run task
[2024-04-22T04:00:17.966+0000] {standard_task_runner.py:87} INFO - Running: ['***', 'tasks', 'run', 'Units_statistics_DAG', 'ETL_job', 'scheduled__2024-04-22T03:40:00+00:00', '--job-id', '10781', '--raw', '--subdir', 'DAGS_FOLDER/Units_dag.py', '--cfg-path', '/tmp/tmphehl8t85', '--map-index', '7']
[2024-04-22T04:00:18.024+0000] {standard_task_runner.py:88} INFO - Job 10781: Subtask ETL_job
[2024-04-22T04:00:18.640+0000] {task_command.py:423} INFO - Running <TaskInstance: Units_statistics_DAG.ETL_job scheduled__2024-04-22T03:40:00+00:00 map_index=7 [running]> on host a09da322e808
[2024-04-22T04:00:19.215+0000] {taskinstance.py:2513} INFO - Exporting env vars: AIRFLOW_CTX_DAG_OWNER='abeer-araby' AIRFLOW_CTX_DAG_ID='Units_statistics_DAG' AIRFLOW_CTX_TASK_ID='ETL_job' AIRFLOW_CTX_EXECUTION_DATE='2024-04-22T03:40:00+00:00' AIRFLOW_CTX_TRY_NUMBER='1' AIRFLOW_CTX_DAG_RUN_ID='scheduled__2024-04-22T03:40:00+00:00'
[2024-04-22T04:00:19.217+0000] {Units_dag.py:99} INFO - i: 70000, chunk: 10000
[2024-04-22T04:00:19.217+0000] {Units_dag.py:100} INFO - child token is::: eyJ0eXAiOiJKV1QiLCJhbGciOiJIUzI1NiJ9.eyJpc3MiOiJodHRwczovL2FwaS5hZmFxeS5zYS9hdXRoL2xvZ2luX2FzIiwiaWF0IjoxNzEzNzU4NDA0LCJleHAiOjE3MTYzNTA0MDQsIm5iZiI6MTcxMzc1ODQwNCwianRpIjoiUzBycjU2ZkxQQmNZTHF5TSIsInN1YiI6IjVkNjNlNTFlMDNlZDUyOTJhNDJjMjRlNiIsInBydiI6IjI3MGVjZmM3ZWEzZWQ5MzdlYTg0OTM2MmEzYTUwOTEwYzZkOGNlNGYiLCJsb2dpbl9hc19pZCI6IjY1N2YwYWQ3M2Y5NzcyOTVjZjA1NTc2YSJ9.JjBuimgKhS7tftOwe36Npx11R1QRTfFLyU_U6YXDdA4
[2024-04-22T04:00:50.439+0000] {Units_dag.py:104} INFO - {'_id': '639f1f2bb2905022805d84de', 'icon': 'icons/icon.png', 'driver_id': '', 'tailer_id': '', 'profile': {'year': 0, 'seats': 2, 'fuel_type': 91}, 'device_password': '***', 'device_type': 'gps', 'gateway': False, 'name': '6009UUD', 'operation_code': None, 'device_gateway': None, 'business_types': {'waste': False, 'transportation': True, 'water': False}, 'imei': '866854057358239', 'sim_number': '+966830030951789', 'sim_serial': '21294043458', 'device_serial': '866854057358239', 'device': 'bce', 'user_id': '633c2965a960d512d967f983', 'created_by': '5e6655bf03ed52e1ab79d301', 'updated_at': '2024-04-18 11:18:59', 'created_at': '2022-12-18 17:09:47', 'custom_fields': [], 'creator': 'amr.ahmed', 'company': '', 'owner': 'jahez-admin', 'last_update': {'dtt': 1713758400000, 'dts': 1713758409931, 'spd': 95, 'ang': 0, 'alt': 22, 'chPrams': {'ePwrV': {'v': 14.124, 'cdt': 1713758400000}, 'di16': {'v': 1, 'cdt': 1712912470000}, 'rssi1': {'v': 75, 'cdt': 1713758400000}, 'di15': {'v': 0, 'cdt': 1711667524000}, 'di14': {'v': 1, 'cdt': 1713758382000}, 'di13': {'v': 0, 'cdt': 1712917036000}, 'di12': {'v': 0, 'cdt': 1712912470000}, 'di11': {'v': 0, 'cdt': 1712912470000}, 'di10': {'v': 0, 'cdt': 1670755992000}, 'di2': {'v': 0, 'cdt': 1711806868000}, 'di1': {'v': 1, 'cdt': 1713757992000}, 'di4': {'v': 0, 'cdt': 1712912470000}, 'di3': {'v': 0, 'cdt': 1712912470000}, 'di6': {'v': 1, 'cdt': 1713757410000}, 'di5': {'v': 1, 'cdt': 1713757410000}, 'lac1': {'v': 42005, 'cdt': 1713758178000}, 'protocol': {'v': 'bce', 'cdt': 1712912470000}, 'di8': {'v': 1, 'cdt': 1712912470000}, 'di7': {'v': 1, 'cdt': 1713757410000}, 'di9': {'v': 0, 'cdt': 1712912470000}, 'iPwrV': {'v': 4.063, 'cdt': 1713758282000}, 'cid1': {'v': 19202, 'cdt': 1713758400000}, 'odometer': {'v': 1138787042, 'cdt': 1713758400000}, 'spd': {'v': 95, 'cdt': 1713758400000}, 'sat': {'v': 15, 'cdt': 1713758376000}, 'hdop': {'v': 1, 'cdt': 1712495172000}, 'ta': {'v': 0, 'cdt': 1712912470000}, 'mcc1': {'v': 420, 'cdt': 1713619698000}, 'mnc1': {'v': 4, 'cdt': 1713619698000}}, 'prms': {'protocol': 'bce', 'spd': 95, 'sat': 15, 'hdop': 1, 'odometer': 1138787042, 'di16': 1, 'di15': 0, 'di14': 1, 'di13': 0, 'di12': 0, 'di11': 0, 'di10': 0, 'di9': 0, 'di8': 1, 'di7': 1, 'di6': 1, 'di5': 1, 'di4': 0, 'di3': 0, 'di2': 0, 'di1': 1, 'ePwrV': 14.124, 'iPwrV': 4.063, 'ta': 0, 'mcc1': 420, 'mnc1': 4, 'lac1': 42005, 'cid1': 19202, 'rssi1': 75}, 'devPrms': ['protocol', 'spd', 'sat', 'hdop', 'odometer', 'di16', 'di15', 'di14', 'di13', 'di12', 'di11', 'di10', 'di9', 'di8', 'di7', 'di6', 'di5', 'di4', 'di3', 'di2', 'di1', 'ePwrV', 'iPwrV', 'ta', 'mcc1', 'mnc1', 'lac1', 'cid1', 'rssi1'], 'old_params': {'protocol': 'bce', 'spd': 79, 'sat': 15, 'hdop': 1, 'odometer': 1124749326, 'di16': 1, 'di15': 0, 'di14': 1, 'di13': 0, 'di12': 0, 'di11': 0, 'di10': 0, 'di9': 0, 'di8': 1, 'di7': 1, 'di6': 1, 'di5': 1, 'di4': 0, 'di3': 0, 'di2': 0, 'di1': 1, 'ePwrV': 14.053, 'iPwrV': 4.063, 'ta': 0, 'mcc1': 420, 'mnc1': 4, 'lac1': 42005, 'cid1': 14653, 'rssi1': 77}, 'vLoc': 1, 'vCon': 1, 'ip': '51.39.21.27', 'rl': 0.4495, 'trl': 98515.4368, 'mdu': 18, 'tmdu': 8835982, 'eidl': 0, 'teidl': 5800254, 'fc': 0.05394, 'tfc': 8.20608, 'acc': 1, 'accOn': 3804915801, 'accOff': 4191361456, 'sdu': 0, 'tsdu': 0, 'lat': 21.676223754882812, 'lng': 39.20388412475586}, 'counters': {'odometer_type': 'gps', 'odometer': 98515.3144, 'engine_hours_type': 'acc', 'engine_hours': 3804915801, 'last_acc': 1}, 'is_wasl_connected': 'Not Connected', 'iconUrl': 'https://api.afaqy.sa/images/units/icons/icon.png', 'hasCCTV': False}
[2024-04-22T04:00:51.718+0000] {warnings.py:109} WARNING - /home/***/.local/lib/python3.8/site-packages/elasticsearch/_sync/client/__init__.py:399: SecurityWarning: Connecting to 'https://dbelk3.afaqy.local:9200' using TLS with verify_certs=False is insecure
  _transport = transport_class(

[2024-04-22T04:00:51.761+0000] {warnings.py:109} WARNING - /home/***/.local/lib/python3.8/site-packages/elasticsearch/_sync/client/__init__.py:399: SecurityWarning: Connecting to 'https://dbelk2.afaqy.local:9200' using TLS with verify_certs=False is insecure
  _transport = transport_class(

[2024-04-22T04:00:51.837+0000] {warnings.py:109} WARNING - /home/***/.local/lib/python3.8/site-packages/elasticsearch/_sync/client/__init__.py:399: SecurityWarning: Connecting to 'https://dbelk1.afaqy.local:9200' using TLS with verify_certs=False is insecure
  _transport = transport_class(

[2024-04-22T04:00:51.866+0000] {warnings.py:109} WARNING - /home/***/.local/lib/python3.8/site-packages/urllib3/connectionpool.py:1061: InsecureRequestWarning: Unverified HTTPS request is being made to host 'dbelk3.afaqy.local'. Adding certificate verification is strongly advised. See: https://urllib3.readthedocs.io/en/1.26.x/advanced-usage.html#ssl-warnings
  warnings.warn(

[2024-04-22T04:00:51.958+0000] {_transport.py:335} INFO - GET https://dbelk3.afaqy.local:9200/_cluster/health [status:200 duration:0.119s]
[2024-04-22T04:00:52.640+0000] {warnings.py:109} WARNING - /home/***/.local/lib/python3.8/site-packages/urllib3/connectionpool.py:1061: InsecureRequestWarning: Unverified HTTPS request is being made to host 'dbelk2.afaqy.local'. Adding certificate verification is strongly advised. See: https://urllib3.readthedocs.io/en/1.26.x/advanced-usage.html#ssl-warnings
  warnings.warn(

[2024-04-22T04:00:54.845+0000] {_transport.py:335} INFO - PUT https://dbelk2.afaqy.local:9200/units_statistics_***/_bulk [status:200 duration:2.235s]
[2024-04-22T04:00:55.249+0000] {python.py:202} INFO - Done. Returned value was: None
[2024-04-22T04:00:55.262+0000] {taskinstance.py:1149} INFO - Marking task as SUCCESS. dag_id=Units_statistics_DAG, task_id=ETL_job, map_index=7, execution_date=20240422T034000, start_date=20240422T040017, end_date=20240422T040055
[2024-04-22T04:00:55.345+0000] {local_task_job_runner.py:234} INFO - Task exited with return code 0
[2024-04-22T04:00:55.372+0000] {taskinstance.py:3312} INFO - 0 downstream tasks scheduled from follow-on schedule check
