[2024-04-22T14:00:20.018+0000] {taskinstance.py:1979} INFO - Dependencies all met for dep_context=non-requeueable deps ti=<TaskInstance: Units_statistics_DAG.ETL_job scheduled__2024-04-22T13:40:00+00:00 map_index=7 [queued]>
[2024-04-22T14:00:20.096+0000] {taskinstance.py:1979} INFO - Dependencies all met for dep_context=requeueable deps ti=<TaskInstance: Units_statistics_DAG.ETL_job scheduled__2024-04-22T13:40:00+00:00 map_index=7 [queued]>
[2024-04-22T14:00:20.096+0000] {taskinstance.py:2193} INFO - Starting attempt 1 of 4
[2024-04-22T14:00:20.237+0000] {taskinstance.py:2217} INFO - Executing <Mapped(_PythonDecoratedOperator): ETL_job> on 2024-04-22 13:40:00+00:00
[2024-04-22T14:00:20.266+0000] {standard_task_runner.py:60} INFO - Started process 472654 to run task
[2024-04-22T14:00:20.324+0000] {standard_task_runner.py:87} INFO - Running: ['***', 'tasks', 'run', 'Units_statistics_DAG', 'ETL_job', 'scheduled__2024-04-22T13:40:00+00:00', '--job-id', '11460', '--raw', '--subdir', 'DAGS_FOLDER/Units_dag.py', '--cfg-path', '/tmp/tmplu06h2wa', '--map-index', '7']
[2024-04-22T14:00:20.326+0000] {standard_task_runner.py:88} INFO - Job 11460: Subtask ETL_job
[2024-04-22T14:00:20.647+0000] {task_command.py:423} INFO - Running <TaskInstance: Units_statistics_DAG.ETL_job scheduled__2024-04-22T13:40:00+00:00 map_index=7 [running]> on host a09da322e808
[2024-04-22T14:00:21.237+0000] {taskinstance.py:2513} INFO - Exporting env vars: AIRFLOW_CTX_DAG_OWNER='abeer-araby' AIRFLOW_CTX_DAG_ID='Units_statistics_DAG' AIRFLOW_CTX_TASK_ID='ETL_job' AIRFLOW_CTX_EXECUTION_DATE='2024-04-22T13:40:00+00:00' AIRFLOW_CTX_TRY_NUMBER='1' AIRFLOW_CTX_DAG_RUN_ID='scheduled__2024-04-22T13:40:00+00:00'
[2024-04-22T14:00:21.239+0000] {Units_dag.py:99} INFO - i: 70000, chunk: 10000
[2024-04-22T14:00:21.239+0000] {Units_dag.py:100} INFO - child token is::: eyJ0eXAiOiJKV1QiLCJhbGciOiJIUzI1NiJ9.eyJpc3MiOiJodHRwczovL2FwaS5hZmFxeS5zYS9hdXRoL2xvZ2luX2FzIiwiaWF0IjoxNzEzNzk0NDA0LCJleHAiOjE3MTYzODY0MDQsIm5iZiI6MTcxMzc5NDQwNCwianRpIjoiOE03TG5WYm5wR3ZSN3BmUSIsInN1YiI6IjVkNjNlNTFlMDNlZDUyOTJhNDJjMjRlNiIsInBydiI6IjI3MGVjZmM3ZWEzZWQ5MzdlYTg0OTM2MmEzYTUwOTEwYzZkOGNlNGYiLCJsb2dpbl9hc19pZCI6IjY1N2YwYWQ3M2Y5NzcyOTVjZjA1NTc2YSJ9.wExC1MLpKFJinfSSf8rEEWfpjQTgmPkVQEDRj3fm4OM
[2024-04-22T14:00:54.102+0000] {Units_dag.py:104} INFO - {'_id': '639f29dc44053669e97fa1c4', 'icon': 'icons/icon.png', 'driver_id': '', 'tailer_id': '', 'profile': {'vehicle_type': '', 'measurement_type': 'count', 'max_capacity': 0, 'vin': '', 'plate_number': '', 'start_operation': '', 'contract_milage': '', 'opening_milage': '', 'model': '', 'fuel_type': '91', 'year': 0, 'seats': 2}, 'device_password': '***', 'device_type': 'gps', 'gateway': False, 'name': 'أ س ح 1107', 'operation_code': '', 'imei': '866907058909168', 'sim_number': '+966821111009922', 'sim_serial': '8996609821111009922', 'device_serial': '1125945039', 'device': 'teltonika', 'created_by': '5e539d8203ed52f71d634478', 'user_id': '5e539d8203ed52f71d634478', 'updated_at': '2024-04-18 11:18:59', 'created_at': '2022-12-18 17:55:24', 'business_types': {'waste': False, 'transportation': True, 'water': False, 'hajj': False}, 'device_gateway': '', 'custom_fields': [], 'creator': 'aemallamar', 'company': '', 'owner': 'aemallamar', 'last_update': {'dtt': 1713794169000, 'dts': 1713794173506, 'spd': 0, 'ang': 238, 'alt': 599, 'chPrams': {'parm76': {'v': 0, 'cdt': 1712915954000}, 'output2': {'v': False, 'cdt': 1713792667000}, 'motion': {'v': False, 'cdt': 1713792667000}, 'odometer': {'v': 38585276, 'cdt': 1713785452000}, 'ePwrV': {'v': 25.816, 'cdt': 1713794169000}, 'sat': {'v': 13, 'cdt': 1713793869000}, 'ai1': {'v': 5478, 'cdt': 1713794169000}, 'priority': {'v': 0, 'cdt': 1713785453000}, 'di2': {'v': 1, 'cdt': 1712823391000}, 'type': {'v': 6, 'cdt': 1712926172000}, 'di1': {'v': 0, 'cdt': 1713785452000}, 'temp1': {'v': 0, 'cdt': 1712946307000}, 'result': {'v': '5665723a30332e32372e31335f3534204750533a41584e5f352e312e392048773a464d43313330204d6f643a3420494d45493a38363639303730353839303931363820496e69743a323032332d31312d323320373a3120557074696d653a3133303437353738204d41433a303031453432354130313139205350433a312830292041584c3a32204f42443a3020424c3a312e31302042543a34', 'cdt': 1713792366000}, 'protocol': {'v': 'FMC130', 'cdt': 1713792667000}, 'temp5': {'v': 30, 'cdt': 1712946307000}, 'parm29': {'v': 0, 'cdt': 1712915954000}, 'iPwrV': {'v': 3.963, 'cdt': 1713722124000}, 'event': {'v': 0, 'cdt': 1713785754000}, 'humidity86': {'v': 300, 'cdt': 1712946307000}}, 'prms': {'protocol': 'FMC130', 'priority': 0, 'sat': 13, 'event': 0, 'di1': 0, 'motion': 0, 'di2': 1, 'output2': 0, 'parm29': 0, 'ePwrV': 25.816, 'iPwrV': 3.963, 'ai1': 5478, 'temp5': 30, 'humidity86': 300, 'odometer': 38585276, 'temp1': 0, 'parm76': 0}, 'devPrms': ['protocol', 'priority', 'sat', 'event', 'di1', 'motion', 'di2', 'output2', 'parm29', 'ePwrV', 'iPwrV', 'ai1', 'temp5', 'humidity86', 'odometer', 'temp1', 'parm76'], 'old_params': {'protocol': 'FMC130', 'priority': 0, 'sat': 13, 'event': 0, 'di1': 0, 'motion': 0, 'di2': 1, 'output2': 0, 'parm29': 0, 'ePwrV': 25.822, 'iPwrV': 3.963, 'ai1': 5476, 'temp5': 30, 'humidity86': 300, 'odometer': 38585276, 'temp1': 0, 'parm76': 0}, 'vLoc': 1, 'vCon': 1, 'ip': '109.83.96.192', 'rl': 0, 'trl': 37665.8409, 'mdu': 0, 'tmdu': 2802903, 'eidl': 0, 'teidl': 3694735, 'fc': 0, 'tfc': 6.434424, 'acc': 0, 'accOn': 3631328593180016, 'accOff': 1840311340, 'sdu': 300, 'tsdu': 8717, 'lat': 24.6861033, 'lng': 46.8398683}, 'counters': {'odometer_type': 'gps', 'odometer': 37665.8409, 'engine_hours_type': 'acc', 'engine_hours': 3631328593180016, 'last_acc': 0}, 'is_wasl_connected': 'Connected', 'iconUrl': 'https://api.afaqy.sa/images/units/icons/icon.png', 'hasCCTV': False}
[2024-04-22T14:00:55.349+0000] {warnings.py:109} WARNING - /home/***/.local/lib/python3.8/site-packages/elasticsearch/_sync/client/__init__.py:399: SecurityWarning: Connecting to 'https://dbelk3.afaqy.local:9200' using TLS with verify_certs=False is insecure
  _transport = transport_class(

[2024-04-22T14:00:55.449+0000] {warnings.py:109} WARNING - /home/***/.local/lib/python3.8/site-packages/elasticsearch/_sync/client/__init__.py:399: SecurityWarning: Connecting to 'https://dbelk2.afaqy.local:9200' using TLS with verify_certs=False is insecure
  _transport = transport_class(

[2024-04-22T14:00:55.540+0000] {warnings.py:109} WARNING - /home/***/.local/lib/python3.8/site-packages/elasticsearch/_sync/client/__init__.py:399: SecurityWarning: Connecting to 'https://dbelk1.afaqy.local:9200' using TLS with verify_certs=False is insecure
  _transport = transport_class(

[2024-04-22T14:00:55.563+0000] {warnings.py:109} WARNING - /home/***/.local/lib/python3.8/site-packages/urllib3/connectionpool.py:1061: InsecureRequestWarning: Unverified HTTPS request is being made to host 'dbelk3.afaqy.local'. Adding certificate verification is strongly advised. See: https://urllib3.readthedocs.io/en/1.26.x/advanced-usage.html#ssl-warnings
  warnings.warn(

[2024-04-22T14:00:55.650+0000] {_transport.py:335} INFO - GET https://dbelk3.afaqy.local:9200/_cluster/health [status:200 duration:0.108s]
[2024-04-22T14:00:56.356+0000] {warnings.py:109} WARNING - /home/***/.local/lib/python3.8/site-packages/urllib3/connectionpool.py:1061: InsecureRequestWarning: Unverified HTTPS request is being made to host 'dbelk2.afaqy.local'. Adding certificate verification is strongly advised. See: https://urllib3.readthedocs.io/en/1.26.x/advanced-usage.html#ssl-warnings
  warnings.warn(

[2024-04-22T14:00:58.136+0000] {_transport.py:335} INFO - PUT https://dbelk2.afaqy.local:9200/units_statistics_***/_bulk [status:200 duration:1.802s]
[2024-04-22T14:00:58.496+0000] {python.py:202} INFO - Done. Returned value was: None
[2024-04-22T14:00:58.510+0000] {taskinstance.py:1149} INFO - Marking task as SUCCESS. dag_id=Units_statistics_DAG, task_id=ETL_job, map_index=7, execution_date=20240422T134000, start_date=20240422T140020, end_date=20240422T140058
[2024-04-22T14:00:58.575+0000] {local_task_job_runner.py:234} INFO - Task exited with return code 0
[2024-04-22T14:00:58.610+0000] {taskinstance.py:3312} INFO - 0 downstream tasks scheduled from follow-on schedule check
