[2024-05-08T12:01:59.618+0000] {taskinstance.py:1979} INFO - Dependencies all met for dep_context=non-requeueable deps ti=<TaskInstance: Units_statistics_DAG.ETL_job scheduled__2024-05-08T11:40:00+00:00 map_index=2 [queued]>
[2024-05-08T12:01:59.652+0000] {taskinstance.py:1979} INFO - Dependencies all met for dep_context=requeueable deps ti=<TaskInstance: Units_statistics_DAG.ETL_job scheduled__2024-05-08T11:40:00+00:00 map_index=2 [queued]>
[2024-05-08T12:01:59.653+0000] {taskinstance.py:2193} INFO - Starting attempt 2 of 4
[2024-05-08T12:01:59.673+0000] {taskinstance.py:2217} INFO - Executing <Mapped(_PythonDecoratedOperator): ETL_job> on 2024-05-08 11:40:00+00:00
[2024-05-08T12:01:59.683+0000] {standard_task_runner.py:60} INFO - Started process 860373 to run task
[2024-05-08T12:01:59.689+0000] {standard_task_runner.py:87} INFO - Running: ['***', 'tasks', 'run', 'Units_statistics_DAG', 'ETL_job', 'scheduled__2024-05-08T11:40:00+00:00', '--job-id', '41582', '--raw', '--subdir', 'DAGS_FOLDER/Units_dag.py', '--cfg-path', '/tmp/tmpkg8gjrjx', '--map-index', '2']
[2024-05-08T12:01:59.691+0000] {standard_task_runner.py:88} INFO - Job 41582: Subtask ETL_job
[2024-05-08T12:01:59.809+0000] {task_command.py:423} INFO - Running <TaskInstance: Units_statistics_DAG.ETL_job scheduled__2024-05-08T11:40:00+00:00 map_index=2 [running]> on host a09da322e808
[2024-05-08T12:02:00.087+0000] {taskinstance.py:2513} INFO - Exporting env vars: AIRFLOW_CTX_DAG_OWNER='abeer-araby' AIRFLOW_CTX_DAG_ID='Units_statistics_DAG' AIRFLOW_CTX_TASK_ID='ETL_job' AIRFLOW_CTX_EXECUTION_DATE='2024-05-08T11:40:00+00:00' AIRFLOW_CTX_TRY_NUMBER='2' AIRFLOW_CTX_DAG_RUN_ID='scheduled__2024-05-08T11:40:00+00:00'
[2024-05-08T12:02:00.089+0000] {Units_dag.py:98} INFO - i: 20000, chunk: 10000
[2024-05-08T12:02:00.089+0000] {Units_dag.py:99} INFO - child token is::: eyJ0eXAiOiJKV1QiLCJhbGciOiJIUzI1NiJ9.eyJpc3MiOiJodHRwczovL2FwaS5hZmFxeS5zYS9hdXRoL2xvZ2luX2FzIiwiaWF0IjoxNzE1MTY5NjAzLCJleHAiOjE3MTc3NjE2MDMsIm5iZiI6MTcxNTE2OTYwMywianRpIjoiMHp5bktCZm1aazZhU2ZLMyIsInN1YiI6IjVkNjNlNTFlMDNlZDUyOTJhNDJjMjRlNiIsInBydiI6IjI3MGVjZmM3ZWEzZWQ5MzdlYTg0OTM2MmEzYTUwOTEwYzZkOGNlNGYiLCJsb2dpbl9hc19pZCI6IjY1N2YwYWQ3M2Y5NzcyOTVjZjA1NTc2YSJ9.U0v290WJ9pizIhapF186g9iz2CzpHhf4-ZmdwZC-7yc
[2024-05-08T12:02:20.547+0000] {Units_dag.py:103} INFO - {'_id': '618a70e982f19a2e6508d767', 'icon': 'icons/icon.png', 'driver_id': '', 'tailer_id': '', 'profile': {'vehicle_type': '', 'measurement_type': 'weight', 'max_capacity': 0, 'vin': '', 'plate_number': '', 'start_operation': '', 'contract_milage': '', 'opening_milage': '', 'model': '', 'fuel_type': '91', 'year': 0, 'seats': 2}, 'device_password': '***', 'device_type': 'gps', 'gateway': False, 'name': 'عطلان  تم  استبداله', 'operation_code': '', 'device_gateway': '', 'business_types': {'waste': False, 'transportation': True, 'water': False}, 'imei': '862549044156068', 'sim_number': '+966456854128451', 'sim_serial': '862549044156068', 'device_serial': '862549044156068', 'device': 'ruptela', 'user_id': '5e539d8203ed52f71d634478', 'created_by': '5e6655bf03ed52e1ab79d301', 'updated_at': '2024-04-18 11:18:59', 'created_at': '2021-11-09 16:00:25', 'custom_fields': [], 'creator': 'amr.ahmed', 'company': '', 'owner': 'aemallamar', 'last_update': {'dtt': 1653290984000, 'dts': 1653290985484, 'spd': 60, 'ang': 262, 'alt': 374, 'chPrams': {'gsm': {'v': 18, 'cdt': 1653290984000}, 'io_1_176': {'v': 60, 'cdt': 1653290984000}, 'io_1_134': {'v': 2, 'cdt': 1653290984000}, 'io_1_136': {'v': 0, 'cdt': 1653289753000}, 'io_1_135': {'v': 17, 'cdt': 1653290984000}, 'ai22': {'v': 72, 'cdt': 1653290927000}, 'ePwrV': {'v': 0, 'cdt': 1653284712000}, 'io_2_139': {'v': 29, 'cdt': 1653290984000}, 'di2': {'v': 0, 'cdt': 1636637042000}, 'io_1_130': {'v': 65, 'cdt': 1653290955000}, 'operator': {'v': 42004, 'cdt': 1653290517000}, 'di5': {'v': 1, 'cdt': 1653290924000}, 'io_2_131': {'v': 0, 'cdt': 1653226203000}, 'protocol': {'v': 'ruptela', 'cdt': 1652189592000}, 'io_2_137': {'v': 0, 'cdt': 1653287259000}, 'iPwrV': {'v': 3.563, 'cdt': 1653290984000}, 'event': {'v': 8, 'cdt': 1653290927000}, 'io_1_418': {'v': 1, 'cdt': 1653290517000}, 'move': {'v': 1, 'cdt': 1653287438000}, 'spd': {'v': 60, 'cdt': 1653290984000}, 'sat': {'v': 19, 'cdt': 1653290955000}, 'hdop': {'v': 0.6, 'cdt': 1653290817000}, 'io_2_560': {'v': 0, 'cdt': 1653248535000}, 'accTemp': {'v': 47, 'cdt': 1653290897000}, 'vOdometer': {'v': 23961931, 'cdt': 1653290984000}, 'io_1_405': {'v': 1, 'cdt': 1652189592000}}, 'prms': {'protocol': 'ruptela', 'sat': 19, 'spd': 60, 'hdop': 0.6, 'event': 8, 'io_1_130': 65, 'io_1_134': 2, 'io_1_135': 17, 'io_1_136': 0, 'di2': 0, 'di5': 1, 'accTemp': 47, 'io_1_405': 1, 'gsm': 18, 'move': 1, 'io_1_176': 60, 'io_1_418': 1, 'io_2_131': 0, 'io_2_137': 0, 'io_2_139': 29, 'ai22': 72, 'io_2_560': 0, 'ePwrV': 0, 'iPwrV': 3.563, 'vOdometer': 23961931, 'operator': 42004}, 'devPrms': ['protocol', 'sat', 'spd', 'hdop', 'event', 'io_1_130', 'io_1_134', 'io_1_135', 'io_1_136', 'di2', 'di5', 'accTemp', 'io_1_405', 'gsm', 'move', 'io_1_176', 'io_1_418', 'io_2_131', 'io_2_137', 'io_2_139', 'ai22', 'io_2_560', 'ePwrV', 'iPwrV', 'vOdometer', 'operator'], 'old_params': {'protocol': 'ruptela', 'sat': 19, 'spd': 65, 'hdop': 0.6, 'event': 8, 'io_1_130': 65, 'io_1_134': 1, 'io_1_135': 0, 'io_1_136': 0, 'di2': 0, 'di5': 1, 'accTemp': 47, 'io_1_405': 1, 'gsm': 20, 'move': 1, 'io_1_176': 65, 'io_1_418': 1, 'io_2_131': 0, 'io_2_137': 0, 'io_2_139': 28, 'ai22': 72, 'io_2_560': 0, 'ePwrV': 0, 'iPwrV': 3.576, 'vOdometer': 23961422, 'operator': 42004}, 'vLoc': 1, 'vCon': 1, 'ip': '51.39.26.98', 'rl': 0.5077, 'trl': 24071.7572, 'mdu': 29, 'tmdu': 1560759, 'eidl': 0, 'teidl': 822882, 'fc': 0.060924, 'tfc': 11.714916, 'acc': 1, 'accOn': 2826059, 'accOff': 14257091, 'sdu': 0, 'tsdu': 0, 'lat': 24.198295, 'lng': 48.055085}, 'counters': {'odometer_type': 'gps', 'odometer': 24071.76, 'engine_hours_type': 'acc', 'engine_hours': 2826072}, 'is_wasl_connected': 'Not Connected', 'iconUrl': 'https://api.afaqy.sa/images/units/icons/icon.png', 'hasCCTV': False}
[2024-05-08T12:02:31.988+0000] {warnings.py:109} WARNING - /home/***/.local/lib/python3.8/site-packages/elasticsearch/_sync/client/__init__.py:399: SecurityWarning: Connecting to 'https://dbelk1.afaqy.local:9200' using TLS with verify_certs=False is insecure
  _transport = transport_class(

[2024-05-08T12:02:32.061+0000] {warnings.py:109} WARNING - /home/***/.local/lib/python3.8/site-packages/elasticsearch/_sync/client/__init__.py:399: SecurityWarning: Connecting to 'https://dbelk3.afaqy.local:9200' using TLS with verify_certs=False is insecure
  _transport = transport_class(

[2024-05-08T12:02:32.142+0000] {warnings.py:109} WARNING - /home/***/.local/lib/python3.8/site-packages/elasticsearch/_sync/client/__init__.py:399: SecurityWarning: Connecting to 'https://dbelk2.afaqy.local:9200' using TLS with verify_certs=False is insecure
  _transport = transport_class(

[2024-05-08T12:02:32.370+0000] {warnings.py:109} WARNING - /home/***/.local/lib/python3.8/site-packages/urllib3/connectionpool.py:1061: InsecureRequestWarning: Unverified HTTPS request is being made to host 'dbelk1.afaqy.local'. Adding certificate verification is strongly advised. See: https://urllib3.readthedocs.io/en/1.26.x/advanced-usage.html#ssl-warnings
  warnings.warn(

[2024-05-08T12:02:32.436+0000] {_transport.py:335} INFO - GET https://dbelk1.afaqy.local:9200/_cluster/health [status:200 duration:0.291s]
[2024-05-08T12:02:32.959+0000] {warnings.py:109} WARNING - /home/***/.local/lib/python3.8/site-packages/urllib3/connectionpool.py:1061: InsecureRequestWarning: Unverified HTTPS request is being made to host 'dbelk3.afaqy.local'. Adding certificate verification is strongly advised. See: https://urllib3.readthedocs.io/en/1.26.x/advanced-usage.html#ssl-warnings
  warnings.warn(

[2024-05-08T12:02:32.987+0000] {_transport.py:335} INFO - PUT https://dbelk3.afaqy.local:9200/units_statistics_***/_bulk [status:429 duration:0.050s]
[2024-05-08T12:02:32.988+0000] {_node_pool.py:249} WARNING - Node <Urllib3HttpNode(https://dbelk3.afaqy.local:9200)> has failed for 1 times in a row, putting on 1 second timeout
[2024-05-08T12:02:32.988+0000] {_transport.py:427} WARNING - Retrying request after non-successful status 429 (attempt 0 of 3)
[2024-05-08T12:02:32.988+0000] {warnings.py:109} WARNING - /home/***/.local/lib/python3.8/site-packages/urllib3/connectionpool.py:1061: InsecureRequestWarning: Unverified HTTPS request is being made to host 'dbelk1.afaqy.local'. Adding certificate verification is strongly advised. See: https://urllib3.readthedocs.io/en/1.26.x/advanced-usage.html#ssl-warnings
  warnings.warn(

[2024-05-08T12:02:39.757+0000] {_transport.py:335} INFO - PUT https://dbelk1.afaqy.local:9200/units_statistics_***/_bulk [status:200 duration:6.769s]
[2024-05-08T12:02:40.098+0000] {python.py:202} INFO - Done. Returned value was: None
[2024-05-08T12:02:40.112+0000] {taskinstance.py:1149} INFO - Marking task as SUCCESS. dag_id=Units_statistics_DAG, task_id=ETL_job, map_index=2, execution_date=20240508T114000, start_date=20240508T120159, end_date=20240508T120240
[2024-05-08T12:02:40.178+0000] {local_task_job_runner.py:234} INFO - Task exited with return code 0
[2024-05-08T12:02:40.202+0000] {taskinstance.py:3312} INFO - 0 downstream tasks scheduled from follow-on schedule check
