[2024-05-13T00:21:04.660+0000] {local_task_job_runner.py:120} INFO - ::group::Pre task execution logs
[2024-05-13T00:21:04.754+0000] {taskinstance.py:2076} INFO - Dependencies all met for dep_context=non-requeueable deps ti=<TaskInstance: Units_statistics_DAG.ETL_job scheduled__2024-05-13T00:00:00+00:00 map_index=16 [queued]>
[2024-05-13T00:21:04.773+0000] {taskinstance.py:2076} INFO - Dependencies all met for dep_context=requeueable deps ti=<TaskInstance: Units_statistics_DAG.ETL_job scheduled__2024-05-13T00:00:00+00:00 map_index=16 [queued]>
[2024-05-13T00:21:04.774+0000] {taskinstance.py:2306} INFO - Starting attempt 1 of 4
[2024-05-13T00:21:04.804+0000] {taskinstance.py:2330} INFO - Executing <Mapped(_PythonDecoratedOperator): ETL_job> on 2024-05-13 00:00:00+00:00
[2024-05-13T00:21:04.840+0000] {warnings.py:110} WARNING - /home/***/.local/lib/python3.12/site-packages/***/task/task_runner/standard_task_runner.py:61: DeprecationWarning: This process (pid=8194) is multi-threaded, use of fork() may lead to deadlocks in the child.
  pid = os.fork()

[2024-05-13T00:21:04.844+0000] {standard_task_runner.py:63} INFO - Started process 8196 to run task
[2024-05-13T00:21:04.838+0000] {standard_task_runner.py:90} INFO - Running: ['***', 'tasks', 'run', 'Units_statistics_DAG', 'ETL_job', 'scheduled__2024-05-13T00:00:00+00:00', '--job-id', '54983', '--raw', '--subdir', 'DAGS_FOLDER/Units_dag.py', '--cfg-path', '/tmp/tmpb66s35ul', '--map-index', '16']
[2024-05-13T00:21:04.849+0000] {standard_task_runner.py:91} INFO - Job 54983: Subtask ETL_job
[2024-05-13T00:21:04.982+0000] {task_command.py:426} INFO - Running <TaskInstance: Units_statistics_DAG.ETL_job scheduled__2024-05-13T00:00:00+00:00 map_index=16 [running]> on host 7138d7e072c5
[2024-05-13T00:21:05.431+0000] {taskinstance.py:2648} INFO - Exporting env vars: AIRFLOW_CTX_DAG_OWNER='abeer-araby' AIRFLOW_CTX_DAG_ID='Units_statistics_DAG' AIRFLOW_CTX_TASK_ID='ETL_job' AIRFLOW_CTX_EXECUTION_DATE='2024-05-13T00:00:00+00:00' AIRFLOW_CTX_TRY_NUMBER='1' AIRFLOW_CTX_DAG_RUN_ID='scheduled__2024-05-13T00:00:00+00:00'
[2024-05-13T00:21:05.433+0000] {taskinstance.py:430} INFO - ::endgroup::
[2024-05-13T00:21:05.434+0000] {Units_dag.py:98} INFO - i: 160000, chunk: 10000
[2024-05-13T00:21:05.434+0000] {Units_dag.py:99} INFO - child token is::: eyJ0eXAiOiJKV1QiLCJhbGciOiJIUzI1NiJ9.eyJpc3MiOiJodHRwczovL2FwaS5hZmFxeS5zYS9hdXRoL2xvZ2luX2FzIiwiaWF0IjoxNzE1NTU5NjA0LCJleHAiOjE3MTgxNTE2MDQsIm5iZiI6MTcxNTU1OTYwNCwianRpIjoiNWNtZkhQdW1RME45YlJDYSIsInN1YiI6IjVkNjNlNTFlMDNlZDUyOTJhNDJjMjRlNiIsInBydiI6IjI3MGVjZmM3ZWEzZWQ5MzdlYTg0OTM2MmEzYTUwOTEwYzZkOGNlNGYiLCJsb2dpbl9hc19pZCI6IjY1N2YwYWQ3M2Y5NzcyOTVjZjA1NTc2YSJ9.SbvQzsSxYXnIN4I6bi-Lae4dl0m9Um3IZ0WdXIFMptg
[2024-05-13T00:21:22.153+0000] {Units_dag.py:103} INFO - {'_id': '65f0bc0d37b86bea200ee276', 'icon': 'icons/icon.png', 'driver_id': '', 'tailer_id': '', 'profile': {'vehicle_type': '', 'measurement_type': 'count', 'max_capacity': 0, 'vin': '', 'plate_number': '', 'start_operation': '', 'contract_milage': '', 'opening_milage': '', 'model': '', 'fuel_type': '91', 'year': 0, 'seats': 2}, 'shipment_info': {'product_category': None, 'truck_type': None, 'shipment_type': None, 'shipment_payment_type': None, 'transporter_type': None, 'operating_area': None, 'weight_kilograms_per_day': None, 'kms_per_day': None, 'shipment_trip_drive_hrs_day': None, 'allowable_delay_drive_hrs_day': None, 'expected_shipment_trip_day': None, 'car_pay_per_day': None, 'exceeding_temperature_limit_per_day': None, 'temperature_upper_limit': None, 'exceeding_humidity_limit_per_day': None, 'humidity_upper_limit': None}, 'device_password': '***', 'device_type': 'gps', 'gateway': False, 'business_types': {'waste': False, 'transportation': True, 'water': False, 'hajj': False}, 'name': 'أ ص أ 6493', 'operation_code': '', 'device_gateway': '', 'skip_sim_information': '', 'imei': '352592572824951', 'sim_number': '+96699011364601', 'sim_serial': '8996606099011364601', 'device_serial': '1136936272', 'device': 'teltonika', 'user_id': '5e539d8203ed52f71d634478', 'created_by': '5e539d8203ed52f71d634478', 'updated_at': '2024-04-18 11:18:59', 'created_at': '2024-03-12 23:33:17', 'custom_fields': [], 'creator': 'aemallamar', 'company': '', 'owner': 'aemallamar', 'last_update': {'dtt': 1715559658000, 'dts': 1715559660610, 'spd': 34, 'ang': 109, 'alt': 627, 'chPrams': {'output1': {'v': False, 'cdt': 1715487537000}, 'motion': {'v': True, 'cdt': 1715548937010}, 'ePwrV': {'v': 27.886, 'cdt': 1715559658000}, 'sat': {'v': 17, 'cdt': 1715559633000}, 'ai1': {'v': 6903, 'cdt': 1715559658000}, 'priority': {'v': 0, 'cdt': 1715549506000}, 'type': {'v': 6, 'cdt': 1715472663000}, 'di1': {'v': 1, 'cdt': 1715548935000}, 'result': {'v': '5665723a30332e32372e31345f3030204750533a41584e5f352e312e392048773a464d42393230204d6f643a313320494d45493a33353235393235373238323439353120496e69743a323032342d342d31392031333a313020557074696d653a32303233323032204d41433a333838413231344243363931205350433a312830292041584c3a32204f42443a3020424c3a312e31302042543a34', 'cdt': 1715559104000}, 'protocol': {'v': 'FMB920', 'cdt': 1715559109000}, 'temp5': {'v': 30, 'cdt': 1715459527000}, 'iPwrV': {'v': 4.1290000000000004, 'cdt': 1715559646000}, 'parm252': {'v': 0, 'cdt': 1714415734000}, 'event': {'v': 0, 'cdt': 1715548945000}, 'humidity86': {'v': 300, 'cdt': 1715459527000}}, 'prms': {'protocol': 'FMB920', 'priority': 0, 'sat': 17, 'event': 0, 'di1': 1, 'motion': 1, 'output1': 0, 'parm252': 0, 'ePwrV': 27.886, 'iPwrV': 4.1290000000000004, 'ai1': 6903, 'temp5': 30, 'humidity86': 300}, 'devPrms': ['protocol', 'priority', 'sat', 'event', 'di1', 'motion', 'output1', 'parm252', 'ePwrV', 'iPwrV', 'ai1', 'temp5', 'humidity86', 'type', 'result'], 'old_params': {'protocol': 'FMB920', 'priority': 0, 'sat': 17, 'event': 0, 'di1': 1, 'motion': 1, 'output1': 0, 'parm252': 0, 'ePwrV': 27.948, 'iPwrV': 4.1290000000000004, 'ai1': 6906, 'temp5': 30, 'humidity86': 300}, 'vLoc': 1, 'vCon': 1, 'ip': '185.133.181.45', 'rl': 0.1046, 'trl': 13713.7735, 'mdu': 6, 'tmdu': 765880, 'eidl': 0, 'teidl': 1949125, 'fc': 0.012552, 'tfc': 9.679956, 'acc': 1, 'accOn': 2969610, 'accOff': 2311519, 'sdu': 0, 'tsdu': 0, 'lat': 24.4786283, 'lng': 46.4056533}, 'counters': {'engine_hours': 2969610, 'last_acc': 1, 'odometer': 13713.7704, 'engine_hours_type': '', 'odometer_type': ''}, 'is_wasl_connected': 'Connected', 'iconUrl': 'https://api.afaqy.sa/images/units/icons/icon.png', 'hasCCTV': False}
[2024-05-13T00:21:22.806+0000] {warnings.py:110} WARNING - /home/***/.local/lib/python3.12/site-packages/elasticsearch/_sync/client/__init__.py:399: SecurityWarning: Connecting to 'https://dbelk2.afaqy.local:9200' using TLS with verify_certs=False is insecure
  _transport = transport_class(

[2024-05-13T00:21:22.858+0000] {warnings.py:110} WARNING - /home/***/.local/lib/python3.12/site-packages/elasticsearch/_sync/client/__init__.py:399: SecurityWarning: Connecting to 'https://dbelk3.afaqy.local:9200' using TLS with verify_certs=False is insecure
  _transport = transport_class(

[2024-05-13T00:21:22.912+0000] {warnings.py:110} WARNING - /home/***/.local/lib/python3.12/site-packages/elasticsearch/_sync/client/__init__.py:399: SecurityWarning: Connecting to 'https://dbelk1.afaqy.local:9200' using TLS with verify_certs=False is insecure
  _transport = transport_class(

[2024-05-13T00:21:22.936+0000] {warnings.py:110} WARNING - /home/***/.local/lib/python3.12/site-packages/urllib3/connectionpool.py:1103: InsecureRequestWarning: Unverified HTTPS request is being made to host 'dbelk2.afaqy.local'. Adding certificate verification is strongly advised. See: https://urllib3.readthedocs.io/en/latest/advanced-usage.html#tls-warnings
  warnings.warn(

[2024-05-13T00:21:22.988+0000] {_transport.py:349} INFO - GET https://dbelk2.afaqy.local:9200/_cluster/health [status:200 duration:0.074s]
[2024-05-13T00:21:23.743+0000] {warnings.py:110} WARNING - /home/***/.local/lib/python3.12/site-packages/urllib3/connectionpool.py:1103: InsecureRequestWarning: Unverified HTTPS request is being made to host 'dbelk3.afaqy.local'. Adding certificate verification is strongly advised. See: https://urllib3.readthedocs.io/en/latest/advanced-usage.html#tls-warnings
  warnings.warn(

[2024-05-13T00:21:25.179+0000] {_transport.py:349} INFO - PUT https://dbelk3.afaqy.local:9200/units_statistics_***/_bulk [status:200 duration:1.454s]
[2024-05-13T00:21:25.414+0000] {python.py:237} INFO - Done. Returned value was: None
[2024-05-13T00:21:25.415+0000] {taskinstance.py:441} INFO - ::group::Post task execution logs
[2024-05-13T00:21:25.438+0000] {taskinstance.py:1206} INFO - Marking task as SUCCESS. dag_id=Units_statistics_DAG, task_id=ETL_job, run_id=scheduled__2024-05-13T00:00:00+00:00, map_index=16, execution_date=20240513T000000, start_date=20240513T002104, end_date=20240513T002125
[2024-05-13T00:21:25.521+0000] {local_task_job_runner.py:240} INFO - Task exited with return code 0
[2024-05-13T00:21:25.563+0000] {taskinstance.py:3498} INFO - 0 downstream tasks scheduled from follow-on schedule check
[2024-05-13T00:21:25.566+0000] {local_task_job_runner.py:222} INFO - ::endgroup::
