[2024-04-28T18:00:17.493+0000] {taskinstance.py:1979} INFO - Dependencies all met for dep_context=non-requeueable deps ti=<TaskInstance: Units_statistics_DAG.ETL_job scheduled__2024-04-28T17:40:00+00:00 map_index=10 [queued]>
[2024-04-28T18:00:17.590+0000] {taskinstance.py:1979} INFO - Dependencies all met for dep_context=requeueable deps ti=<TaskInstance: Units_statistics_DAG.ETL_job scheduled__2024-04-28T17:40:00+00:00 map_index=10 [queued]>
[2024-04-28T18:00:17.591+0000] {taskinstance.py:2193} INFO - Starting attempt 1 of 4
[2024-04-28T18:00:17.734+0000] {taskinstance.py:2217} INFO - Executing <Mapped(_PythonDecoratedOperator): ETL_job> on 2024-04-28 17:40:00+00:00
[2024-04-28T18:00:17.758+0000] {standard_task_runner.py:60} INFO - Started process 619805 to run task
[2024-04-28T18:00:17.806+0000] {standard_task_runner.py:87} INFO - Running: ['***', 'tasks', 'run', 'Units_statistics_DAG', 'ETL_job', 'scheduled__2024-04-28T17:40:00+00:00', '--job-id', '21614', '--raw', '--subdir', 'DAGS_FOLDER/Units_dag.py', '--cfg-path', '/tmp/tmpvqhmz0p9', '--map-index', '10']
[2024-04-28T18:00:17.867+0000] {standard_task_runner.py:88} INFO - Job 21614: Subtask ETL_job
[2024-04-28T18:00:18.158+0000] {task_command.py:423} INFO - Running <TaskInstance: Units_statistics_DAG.ETL_job scheduled__2024-04-28T17:40:00+00:00 map_index=10 [running]> on host a09da322e808
[2024-04-28T18:00:18.703+0000] {taskinstance.py:2513} INFO - Exporting env vars: AIRFLOW_CTX_DAG_OWNER='abeer-araby' AIRFLOW_CTX_DAG_ID='Units_statistics_DAG' AIRFLOW_CTX_TASK_ID='ETL_job' AIRFLOW_CTX_EXECUTION_DATE='2024-04-28T17:40:00+00:00' AIRFLOW_CTX_TRY_NUMBER='1' AIRFLOW_CTX_DAG_RUN_ID='scheduled__2024-04-28T17:40:00+00:00'
[2024-04-28T18:00:18.704+0000] {Units_dag.py:99} INFO - i: 100000, chunk: 10000
[2024-04-28T18:00:18.705+0000] {Units_dag.py:100} INFO - child token is::: eyJ0eXAiOiJKV1QiLCJhbGciOiJIUzI1NiJ9.eyJpc3MiOiJodHRwczovL2FwaS5hZmFxeS5zYS9hdXRoL2xvZ2luX2FzIiwiaWF0IjoxNzE0MzI3MjA0LCJleHAiOjE3MTY5MTkyMDQsIm5iZiI6MTcxNDMyNzIwNCwianRpIjoiVEtMVER0eXZBVWFTVkNEeCIsInN1YiI6IjVkNjNlNTFlMDNlZDUyOTJhNDJjMjRlNiIsInBydiI6IjI3MGVjZmM3ZWEzZWQ5MzdlYTg0OTM2MmEzYTUwOTEwYzZkOGNlNGYiLCJsb2dpbl9hc19pZCI6IjY1N2YwYWQ3M2Y5NzcyOTVjZjA1NTc2YSJ9.bU2ETTOxuzyeLXiR3_GHnQizq-ZIRSX3AJ62IA58YHI
[2024-04-28T18:00:42.697+0000] {Units_dag.py:104} INFO - {'_id': '645245bc6999ce0086498320', 'icon': 'icons/icon.png', 'driver_id': '', 'tailer_id': '', 'profile': {'vehicle_type': '', 'measurement_type': 'count', 'max_capacity': 0, 'vin': '', 'plate_number': '', 'start_operation': '', 'contract_milage': '', 'opening_milage': '', 'model': '', 'fuel_type': '91', 'year': 0, 'seats': 2}, 'device_password': '***', 'device_type': 'gps', 'gateway': False, 'name': '8547 X B R', 'operation_code': '', 'device_gateway': '', 'business_types': {'waste': False, 'transportation': True, 'water': False}, 'imei': '869688059151839', 'sim_number': '+966830031787019', 'sim_serial': '421296728362', 'device_serial': '869688059151839', 'device': 'bce', 'user_id': '63c3ef672cabbb6db33623df', 'created_by': '5e6655bf03ed52e1ab79d301', 'updated_at': '2024-04-18 11:18:59', 'created_at': '2023-05-03 14:30:04', 'custom_fields': [], 'creator': 'amr.ahmed', 'company': '', 'owner': 'al-nakhla-admin', 'last_update': {'dtt': 1714326712000, 'dts': 1714327007002, 'spd': 0, 'ang': 144, 'alt': 1285, 'chPrams': {'ePwrV': {'v': 12.723, 'cdt': 1714326412000}, 'di16': {'v': 1, 'cdt': 1713606872000}, 'rssi1': {'v': 67, 'cdt': 1714326712000}, 'di15': {'v': 0, 'cdt': 1713464274000}, 'di14': {'v': 0, 'cdt': 1714323942000}, 'di13': {'v': 0, 'cdt': 1713606872000}, 'di12': {'v': 0, 'cdt': 1713606872000}, 'di11': {'v': 0, 'cdt': 1713606872000}, 'di10': {'v': 0, 'cdt': 1713606872000}, 'di2': {'v': 0, 'cdt': 1713606872000}, 'di1': {'v': 0, 'cdt': 1714323982000}, 'ai4': {'v': 196, 'cdt': 1714323982000}, 'di4': {'v': 0, 'cdt': 1713606872000}, 'di3': {'v': 0, 'cdt': 1713606872000}, 'di6': {'v': 0, 'cdt': 1713606872000}, 'di5': {'v': 0, 'cdt': 1714323982000}, 'lac1': {'v': 62013, 'cdt': 1714044610000}, 'protocol': {'v': 'bce', 'cdt': 1713606872000}, 'di8': {'v': 1, 'cdt': 1713606872000}, 'di7': {'v': 0, 'cdt': 1714324012000}, 'di9': {'v': 0, 'cdt': 1713606872000}, 'iPwrV': {'v': 4.095, 'cdt': 1714326112000}, 'cid1': {'v': 12601, 'cdt': 1714324312000}, 'odometer': {'v': 0, 'cdt': 1714324012000}, 'spd': {'v': 0, 'cdt': 1714323952000}, 'sat': {'v': 12, 'cdt': 1714320150000}, 'hdop': {'v': 1, 'cdt': 1713939104000}, 'ta': {'v': 0, 'cdt': 1712302828000}, 'mcc1': {'v': 420, 'cdt': 1713955246000}, 'mnc1': {'v': 4, 'cdt': 1713955246000}}, 'prms': {'protocol': 'bce', 'spd': 0, 'sat': 12, 'hdop': 1, 'odometer': 0, 'di16': 1, 'di15': 0, 'di14': 0, 'di13': 0, 'di12': 0, 'di11': 0, 'di10': 0, 'di9': 0, 'di8': 1, 'di7': 0, 'di6': 0, 'di5': 0, 'di4': 0, 'di3': 0, 'di2': 0, 'di1': 0, 'ePwrV': 12.723, 'ai4': 196, 'iPwrV': 4.095, 'ta': 0, 'mcc1': 420, 'mnc1': 4, 'lac1': 62013, 'cid1': 12601, 'rssi1': 67}, 'devPrms': ['protocol', 'spd', 'sat', 'hdop', 'odometer', 'di16', 'di15', 'di14', 'di13', 'di12', 'di11', 'di10', 'di9', 'di8', 'di7', 'di6', 'di5', 'di4', 'di3', 'di2', 'di1', 'ePwrV', 'ai4', 'iPwrV', 'ta', 'mcc1', 'mnc1', 'lac1', 'cid1', 'rssi1'], 'old_params': {'di16': 1, 'ePwrV': 12.723, 'di15': 0, 'rssi1': 70, 'di14': 0, 'di13': 0, 'di12': 0, 'di11': 0, 'di10': 0, 'di2': 0, 'di1': 0, 'ai4': 196, 'di4': 0, 'di3': 0, 'di6': 0, 'di5': 0, 'lac1': 62013, 'protocol': 'bce', 'di8': 1, 'di7': 0, 'di9': 0, 'iPwrV': 4.095, 'cid1': 12601, 'odometer': 0, 'spd': 0, 'sat': 12, 'hdop': 1, 'ta': 0, 'mcc1': 420, 'mnc1': 4}, 'vLoc': 1, 'vCon': 1, 'ip': '51.36.193.47', 'rl': 0, 'trl': 32893.7759, 'mdu': 0, 'tmdu': 2261090, 'eidl': 0, 'teidl': 1074554, 'fc': 0, 'tfc': 36.97236, 'acc': 0, 'accOn': 5054916, 'accOff': 27115198, 'sdu': 300, 'tsdu': 2730, 'lat': 17.515743255615234, 'lng': 44.21278762817383}, 'counters': {'odometer_type': 'gps', 'odometer': 32893.4747, 'engine_hours_type': 'acc', 'engine_hours': 5054916, 'last_acc': 0}, 'is_wasl_connected': 'Not Connected', 'iconUrl': 'https://api.afaqy.sa/images/units/icons/icon.png', 'hasCCTV': False}
[2024-04-28T18:00:46.221+0000] {warnings.py:109} WARNING - /home/***/.local/lib/python3.8/site-packages/elasticsearch/_sync/client/__init__.py:399: SecurityWarning: Connecting to 'https://dbelk3.afaqy.local:9200' using TLS with verify_certs=False is insecure
  _transport = transport_class(

[2024-04-28T18:00:46.508+0000] {warnings.py:109} WARNING - /home/***/.local/lib/python3.8/site-packages/elasticsearch/_sync/client/__init__.py:399: SecurityWarning: Connecting to 'https://dbelk2.afaqy.local:9200' using TLS with verify_certs=False is insecure
  _transport = transport_class(

[2024-04-28T18:00:46.797+0000] {warnings.py:109} WARNING - /home/***/.local/lib/python3.8/site-packages/elasticsearch/_sync/client/__init__.py:399: SecurityWarning: Connecting to 'https://dbelk1.afaqy.local:9200' using TLS with verify_certs=False is insecure
  _transport = transport_class(

[2024-04-28T18:00:46.832+0000] {warnings.py:109} WARNING - /home/***/.local/lib/python3.8/site-packages/urllib3/connectionpool.py:1061: InsecureRequestWarning: Unverified HTTPS request is being made to host 'dbelk3.afaqy.local'. Adding certificate verification is strongly advised. See: https://urllib3.readthedocs.io/en/1.26.x/advanced-usage.html#ssl-warnings
  warnings.warn(

[2024-04-28T18:00:46.899+0000] {_transport.py:335} INFO - GET https://dbelk3.afaqy.local:9200/_cluster/health [status:200 duration:0.089s]
[2024-04-28T18:00:47.708+0000] {warnings.py:109} WARNING - /home/***/.local/lib/python3.8/site-packages/urllib3/connectionpool.py:1061: InsecureRequestWarning: Unverified HTTPS request is being made to host 'dbelk2.afaqy.local'. Adding certificate verification is strongly advised. See: https://urllib3.readthedocs.io/en/1.26.x/advanced-usage.html#ssl-warnings
  warnings.warn(

[2024-04-28T18:00:50.534+0000] {_transport.py:335} INFO - PUT https://dbelk2.afaqy.local:9200/units_statistics_***/_bulk [status:200 duration:2.844s]
[2024-04-28T18:00:51.063+0000] {taskinstance.py:2731} ERROR - Task failed with exception
Traceback (most recent call last):
  File "/home/airflow/.local/lib/python3.8/site-packages/airflow/models/taskinstance.py", line 444, in _execute_task
    result = _execute_callable(context=context, **execute_callable_kwargs)
  File "/home/airflow/.local/lib/python3.8/site-packages/airflow/models/taskinstance.py", line 414, in _execute_callable
    return execute_callable(context=context, **execute_callable_kwargs)
  File "/home/airflow/.local/lib/python3.8/site-packages/airflow/decorators/base.py", line 241, in execute
    return_value = super().execute(context)
  File "/home/airflow/.local/lib/python3.8/site-packages/airflow/operators/python.py", line 200, in execute
    return_value = self.execute_callable()
  File "/home/airflow/.local/lib/python3.8/site-packages/airflow/operators/python.py", line 217, in execute_callable
    return self.python_callable(*self.op_args, **self.op_kwargs)
  File "/opt/airflow/dags/Units_dag.py", line 112, in ETL_job
    Elk_client.elk_pushData(Globals.index_name,units_list_update)
  File "/opt/airflow/dags/elk_manager.py", line 69, in elk_pushData
    helpers.bulk(self.elk_client, docs_list, index=index_name, chunk_size=batch)
  File "/home/airflow/.local/lib/python3.8/site-packages/elasticsearch/helpers/actions.py", line 521, in bulk
    for ok, item in streaming_bulk(
  File "/home/airflow/.local/lib/python3.8/site-packages/elasticsearch/helpers/actions.py", line 436, in streaming_bulk
    for data, (ok, info) in zip(
  File "/home/airflow/.local/lib/python3.8/site-packages/elasticsearch/helpers/actions.py", line 355, in _process_bulk_chunk
    yield from gen
  File "/home/airflow/.local/lib/python3.8/site-packages/elasticsearch/helpers/actions.py", line 274, in _process_bulk_chunk_success
    raise BulkIndexError(f"{len(errors)} document(s) failed to index.", errors)
elasticsearch.helpers.BulkIndexError: 2868 document(s) failed to index.
[2024-04-28T18:00:51.088+0000] {taskinstance.py:1149} INFO - Marking task as UP_FOR_RETRY. dag_id=Units_statistics_DAG, task_id=ETL_job, map_index=10, execution_date=20240428T174000, start_date=20240428T180017, end_date=20240428T180051
[2024-04-28T18:00:51.108+0000] {standard_task_runner.py:107} ERROR - Failed to execute job 21614 for task ETL_job (2868 document(s) failed to index.; 619805)
[2024-04-28T18:00:51.192+0000] {local_task_job_runner.py:234} INFO - Task exited with return code 1
[2024-04-28T18:00:51.233+0000] {taskinstance.py:3312} INFO - 0 downstream tasks scheduled from follow-on schedule check
