[2024-05-05T12:40:49.892+0000] {taskinstance.py:1979} INFO - Dependencies all met for dep_context=non-requeueable deps ti=<TaskInstance: Units_statistics_DAG.ETL_job scheduled__2024-05-05T12:20:00+00:00 map_index=17 [queued]>
[2024-05-05T12:40:49.926+0000] {taskinstance.py:1979} INFO - Dependencies all met for dep_context=requeueable deps ti=<TaskInstance: Units_statistics_DAG.ETL_job scheduled__2024-05-05T12:20:00+00:00 map_index=17 [queued]>
[2024-05-05T12:40:49.926+0000] {taskinstance.py:2193} INFO - Starting attempt 1 of 4
[2024-05-05T12:40:49.971+0000] {taskinstance.py:2217} INFO - Executing <Mapped(_PythonDecoratedOperator): ETL_job> on 2024-05-05 12:20:00+00:00
[2024-05-05T12:40:49.980+0000] {standard_task_runner.py:60} INFO - Started process 782696 to run task
[2024-05-05T12:40:50.027+0000] {standard_task_runner.py:87} INFO - Running: ['***', 'tasks', 'run', 'Units_statistics_DAG', 'ETL_job', 'scheduled__2024-05-05T12:20:00+00:00', '--job-id', '33309', '--raw', '--subdir', 'DAGS_FOLDER/Units_dag.py', '--cfg-path', '/tmp/tmpxfbsoze5', '--map-index', '17']
[2024-05-05T12:40:50.031+0000] {standard_task_runner.py:88} INFO - Job 33309: Subtask ETL_job
[2024-05-05T12:40:50.569+0000] {task_command.py:423} INFO - Running <TaskInstance: Units_statistics_DAG.ETL_job scheduled__2024-05-05T12:20:00+00:00 map_index=17 [running]> on host a09da322e808
[2024-05-05T12:40:51.119+0000] {taskinstance.py:2513} INFO - Exporting env vars: AIRFLOW_CTX_DAG_OWNER='abeer-araby' AIRFLOW_CTX_DAG_ID='Units_statistics_DAG' AIRFLOW_CTX_TASK_ID='ETL_job' AIRFLOW_CTX_EXECUTION_DATE='2024-05-05T12:20:00+00:00' AIRFLOW_CTX_TRY_NUMBER='1' AIRFLOW_CTX_DAG_RUN_ID='scheduled__2024-05-05T12:20:00+00:00'
[2024-05-05T12:40:51.123+0000] {Units_dag.py:99} INFO - i: 170000, chunk: 368
[2024-05-05T12:40:51.123+0000] {Units_dag.py:100} INFO - child token is::: eyJ0eXAiOiJKV1QiLCJhbGciOiJIUzI1NiJ9.eyJpc3MiOiJodHRwczovL2FwaS5hZmFxeS5zYS9hdXRoL2xvZ2luX2FzIiwiaWF0IjoxNzE0OTEyODA0LCJleHAiOjE3MTc1MDQ4MDQsIm5iZiI6MTcxNDkxMjgwNCwianRpIjoieWxZckNNZERldmE3dmI3VSIsInN1YiI6IjVkNjNlNTFlMDNlZDUyOTJhNDJjMjRlNiIsInBydiI6IjI3MGVjZmM3ZWEzZWQ5MzdlYTg0OTM2MmEzYTUwOTEwYzZkOGNlNGYiLCJsb2dpbl9hc19pZCI6IjY1N2YwYWQ3M2Y5NzcyOTVjZjA1NTc2YSJ9.nfZSLqKdHdrZ9bLnc2MQ-vp8W-F4KE25B0Y1V_lDA0o
[2024-05-05T12:40:55.414+0000] {Units_dag.py:104} INFO - {'_id': '6636195ca3fba5715f0dbd12', 'icon': 'icons/icon.png', 'driver_id': '', 'tailer_id': '', 'profile': {'measurement_type': 'count', 'fuel_type': '91', 'year': 0, 'seats': 2}, 'shipment_info': {'product_category': '', 'truck_type': '', 'shipment_type': '', 'shipment_payment_type': '', 'transporter_type': '', 'operating_area': '', 'weight_kilograms_per_day': '', 'kms_per_day': '', 'opening_milage': '', 'shipment_trip_drive_hrs_day': '', 'expected_shipment_trip_day': '', 'car_pay_per_day': '', 'exceeding_temperature_limit_per_day': '', 'temperature_upper_limit': '', 'exceeding_humidity_limit_per_day': '', 'humidity_upper_limit': '', 'allowable_delay_drive_hrs_day': ''}, 'device_password': '***', 'device_type': 'gps', 'gateway': False, 'business_types': {'waste': False, 'transportation': True, 'water': False}, 'name': '867994067035283', 'operation_code': None, 'device_gateway': None, 'skip_sim_information': False, 'custom_fields': [], 'imei': '867994067035283', 'sim_number': '+966830020655746', 'sim_serial': '8996609821112218978', 'device_serial': '867994067035283', 'device': 'bce', 'user_id': '60ffcb2bfbe2e055682d2979', 'created_by': '5e6655bf03ed52e1ab79d301', 'updated_at': '2024-05-04 11:17:48', 'created_at': '2024-05-04 14:17:48', 'creator': 'amr.ahmed', 'company': '', 'owner': 'bin-zagr-admin', 'last_update': {'dtt': 1714912820000, 'dts': 1714912829450, 'spd': 26, 'ang': 260, 'alt': 26, 'chPrams': {'di16': {'v': 1, 'cdt': 1713966134000}, 'ePwrV': {'v': 13.627, 'cdt': 1714912820000}, 'di15': {'v': 0, 'cdt': 1713966134000}, 'rssi1': {'v': 50, 'cdt': 1714912820000}, 'di14': {'v': 0, 'cdt': 1714912752000}, 'di13': {'v': 0, 'cdt': 1713966134000}, 'di12': {'v': 0, 'cdt': 1713966134000}, 'di11': {'v': 0, 'cdt': 1713966134000}, 'di10': {'v': 0, 'cdt': 1713966134000}, 'di2': {'v': 0, 'cdt': 1713966134000}, 'di1': {'v': 1, 'cdt': 1714912464000}, 'ai4': {'v': 196, 'cdt': 1714912740000}, 'di4': {'v': 0, 'cdt': 1713966134000}, 'di3': {'v': 0, 'cdt': 1713966134000}, 'di6': {'v': 0, 'cdt': 1713966134000}, 'di5': {'v': 1, 'cdt': 1714908826000}, 'lac1': {'v': 2242, 'cdt': 1714911758000}, 'ai8': {'v': 0, 'cdt': 1714894832000}, 'protocol': {'v': 'bce', 'cdt': 1713966134000}, 'di8': {'v': 1, 'cdt': 1713966134000}, 'di7': {'v': 1, 'cdt': 1714911526000}, 'di9': {'v': 0, 'cdt': 1713966134000}, 'iPwrV': {'v': 4.166, 'cdt': 1714912786000}, 'humidity': {'v': -1, 'cdt': 1714894832000}, 'ID': {'v': '0', 'cdt': 1714894832000}, 'cid1': {'v': 38353, 'cdt': 1714912786000}, 'temp': {'v': -273, 'cdt': 1714894832000}, 'odometer': {'v': 1198909713, 'cdt': 1714912820000}, 'spd': {'v': 26, 'cdt': 1714912820000}, 'sat': {'v': 12, 'cdt': 1714911712000}, 'ta': {'v': 0, 'cdt': 1713966494000}, 'hdop': {'v': 1, 'cdt': 1714911712000}, 'mcc1': {'v': 420, 'cdt': 1713966494000}, 'mnc1': {'v': 3, 'cdt': 1713966494000}}, 'prms': {'protocol': 'bce', 'spd': 26, 'sat': 12, 'hdop': 1, 'odometer': 1198909713, 'di16': 1, 'di15': 0, 'di14': 0, 'di13': 0, 'di12': 0, 'di11': 0, 'di10': 0, 'di9': 0, 'di8': 1, 'di7': 1, 'di6': 0, 'di5': 1, 'di4': 0, 'di3': 0, 'di2': 0, 'di1': 1, 'ePwrV': 13.627, 'ai4': 196, 'iPwrV': 4.166, 'ai8': 0, 'ta': 0, 'mcc1': 420, 'mnc1': 3, 'lac1': 2242, 'cid1': 38353, 'rssi1': 50, 'ID': '0', 'temp': -273, 'humidity': -1}, 'devPrms': ['protocol', 'spd', 'sat', 'hdop', 'odometer', 'di16', 'di15', 'di14', 'di13', 'di12', 'di11', 'di10', 'di9', 'di8', 'di7', 'di6', 'di5', 'di4', 'di3', 'di2', 'di1', 'ePwrV', 'ai4', 'iPwrV', 'ai8', 'ta', 'mcc1', 'mnc1', 'lac1', 'cid1', 'rssi1', 'ID', 'temp', 'humidity'], 'old_params': {'protocol': 'bce', 'spd': 9, 'sat': 12, 'hdop': 1, 'odometer': 1198897325, 'di16': 1, 'di15': 0, 'di14': 0, 'di13': 0, 'di12': 0, 'di11': 0, 'di10': 0, 'di9': 0, 'di8': 1, 'di7': 1, 'di6': 0, 'di5': 1, 'di4': 0, 'di3': 0, 'di2': 0, 'di1': 1, 'ePwrV': 13.645, 'ai4': 196, 'iPwrV': 4.166, 'ai8': 0, 'ta': 0, 'mcc1': 420, 'mnc1': 3, 'lac1': 2242, 'cid1': 38353, 'rssi1': 46, 'ID': '0', 'temp': -273, 'humidity': -1}, 'vLoc': 1, 'vCon': 1, 'ip': '37.216.121.72', 'rl': 0.0286, 'trl': 63.0333, 'mdu': 4, 'tmdu': 4374, 'eidl': 0, 'teidl': 3320, 'fc': 0.003432, 'tfc': 7.563996, 'acc': 1, 'accOn': 917796, 'accOff': 28888, 'sdu': 0, 'tsdu': 0, 'lat': 21.618227005004883, 'lng': 39.17791748046875}, 'counters': {'engine_hours': 917796, 'last_acc': 1, 'odometer': 63.0333}, 'is_wasl_connected': 'Not Connected', 'iconUrl': 'https://api.afaqy.sa/images/units/icons/icon.png', 'hasCCTV': False}
[2024-05-05T12:40:56.883+0000] {warnings.py:109} WARNING - /home/***/.local/lib/python3.8/site-packages/elasticsearch/_sync/client/__init__.py:399: SecurityWarning: Connecting to 'https://dbelk3.afaqy.local:9200' using TLS with verify_certs=False is insecure
  _transport = transport_class(

[2024-05-05T12:40:56.931+0000] {warnings.py:109} WARNING - /home/***/.local/lib/python3.8/site-packages/elasticsearch/_sync/client/__init__.py:399: SecurityWarning: Connecting to 'https://dbelk2.afaqy.local:9200' using TLS with verify_certs=False is insecure
  _transport = transport_class(

[2024-05-05T12:40:56.978+0000] {warnings.py:109} WARNING - /home/***/.local/lib/python3.8/site-packages/elasticsearch/_sync/client/__init__.py:399: SecurityWarning: Connecting to 'https://dbelk1.afaqy.local:9200' using TLS with verify_certs=False is insecure
  _transport = transport_class(

[2024-05-05T12:40:57.002+0000] {warnings.py:109} WARNING - /home/***/.local/lib/python3.8/site-packages/urllib3/connectionpool.py:1061: InsecureRequestWarning: Unverified HTTPS request is being made to host 'dbelk3.afaqy.local'. Adding certificate verification is strongly advised. See: https://urllib3.readthedocs.io/en/1.26.x/advanced-usage.html#ssl-warnings
  warnings.warn(

[2024-05-05T12:40:57.089+0000] {_transport.py:335} INFO - GET https://dbelk3.afaqy.local:9200/_cluster/health [status:200 duration:0.109s]
[2024-05-05T12:40:57.127+0000] {warnings.py:109} WARNING - /home/***/.local/lib/python3.8/site-packages/urllib3/connectionpool.py:1061: InsecureRequestWarning: Unverified HTTPS request is being made to host 'dbelk2.afaqy.local'. Adding certificate verification is strongly advised. See: https://urllib3.readthedocs.io/en/1.26.x/advanced-usage.html#ssl-warnings
  warnings.warn(

[2024-05-05T12:40:57.131+0000] {_transport.py:335} INFO - PUT https://dbelk2.afaqy.local:9200/units_statistics_***/_bulk [status:429 duration:0.025s]
[2024-05-05T12:40:57.132+0000] {_node_pool.py:249} WARNING - Node <Urllib3HttpNode(https://dbelk2.afaqy.local:9200)> has failed for 1 times in a row, putting on 1 second timeout
[2024-05-05T12:40:57.132+0000] {_transport.py:427} WARNING - Retrying request after non-successful status 429 (attempt 0 of 3)
[2024-05-05T12:40:57.133+0000] {warnings.py:109} WARNING - /home/***/.local/lib/python3.8/site-packages/urllib3/connectionpool.py:1061: InsecureRequestWarning: Unverified HTTPS request is being made to host 'dbelk3.afaqy.local'. Adding certificate verification is strongly advised. See: https://urllib3.readthedocs.io/en/1.26.x/advanced-usage.html#ssl-warnings
  warnings.warn(

[2024-05-05T12:40:57.136+0000] {_transport.py:335} INFO - PUT https://dbelk3.afaqy.local:9200/units_statistics_***/_bulk [status:429 duration:0.004s]
[2024-05-05T12:40:57.137+0000] {_node_pool.py:249} WARNING - Node <Urllib3HttpNode(https://dbelk3.afaqy.local:9200)> has failed for 1 times in a row, putting on 1 second timeout
[2024-05-05T12:40:57.138+0000] {_transport.py:427} WARNING - Retrying request after non-successful status 429 (attempt 1 of 3)
[2024-05-05T12:40:57.204+0000] {warnings.py:109} WARNING - /home/***/.local/lib/python3.8/site-packages/urllib3/connectionpool.py:1061: InsecureRequestWarning: Unverified HTTPS request is being made to host 'dbelk1.afaqy.local'. Adding certificate verification is strongly advised. See: https://urllib3.readthedocs.io/en/1.26.x/advanced-usage.html#ssl-warnings
  warnings.warn(

[2024-05-05T12:41:00.722+0000] {_transport.py:335} INFO - PUT https://dbelk1.afaqy.local:9200/units_statistics_***/_bulk [status:200 duration:3.583s]
[2024-05-05T12:41:00.731+0000] {python.py:202} INFO - Done. Returned value was: None
[2024-05-05T12:41:00.754+0000] {taskinstance.py:1149} INFO - Marking task as SUCCESS. dag_id=Units_statistics_DAG, task_id=ETL_job, map_index=17, execution_date=20240505T122000, start_date=20240505T124049, end_date=20240505T124100
[2024-05-05T12:41:00.808+0000] {local_task_job_runner.py:234} INFO - Task exited with return code 0
[2024-05-05T12:41:00.845+0000] {taskinstance.py:3312} INFO - 0 downstream tasks scheduled from follow-on schedule check
