[2024-05-07T07:20:17.046+0000] {taskinstance.py:1979} INFO - Dependencies all met for dep_context=non-requeueable deps ti=<TaskInstance: Units_statistics_DAG.ETL_job scheduled__2024-05-07T07:00:00+00:00 map_index=4 [queued]>
[2024-05-07T07:20:17.101+0000] {taskinstance.py:1979} INFO - Dependencies all met for dep_context=requeueable deps ti=<TaskInstance: Units_statistics_DAG.ETL_job scheduled__2024-05-07T07:00:00+00:00 map_index=4 [queued]>
[2024-05-07T07:20:17.102+0000] {taskinstance.py:2193} INFO - Starting attempt 1 of 4
[2024-05-07T07:20:17.223+0000] {taskinstance.py:2217} INFO - Executing <Mapped(_PythonDecoratedOperator): ETL_job> on 2024-05-07 07:00:00+00:00
[2024-05-07T07:20:17.236+0000] {standard_task_runner.py:60} INFO - Started process 828131 to run task
[2024-05-07T07:20:17.262+0000] {standard_task_runner.py:87} INFO - Running: ['***', 'tasks', 'run', 'Units_statistics_DAG', 'ETL_job', 'scheduled__2024-05-07T07:00:00+00:00', '--job-id', '37732', '--raw', '--subdir', 'DAGS_FOLDER/Units_dag.py', '--cfg-path', '/tmp/tmpkz28bfg9', '--map-index', '4']
[2024-05-07T07:20:17.271+0000] {standard_task_runner.py:88} INFO - Job 37732: Subtask ETL_job
[2024-05-07T07:20:17.637+0000] {task_command.py:423} INFO - Running <TaskInstance: Units_statistics_DAG.ETL_job scheduled__2024-05-07T07:00:00+00:00 map_index=4 [running]> on host a09da322e808
[2024-05-07T07:20:18.386+0000] {taskinstance.py:2513} INFO - Exporting env vars: AIRFLOW_CTX_DAG_OWNER='abeer-araby' AIRFLOW_CTX_DAG_ID='Units_statistics_DAG' AIRFLOW_CTX_TASK_ID='ETL_job' AIRFLOW_CTX_EXECUTION_DATE='2024-05-07T07:00:00+00:00' AIRFLOW_CTX_TRY_NUMBER='1' AIRFLOW_CTX_DAG_RUN_ID='scheduled__2024-05-07T07:00:00+00:00'
[2024-05-07T07:20:18.387+0000] {Units_dag.py:98} INFO - i: 40000, chunk: 10000
[2024-05-07T07:20:18.388+0000] {Units_dag.py:99} INFO - child token is::: eyJ0eXAiOiJKV1QiLCJhbGciOiJIUzI1NiJ9.eyJpc3MiOiJodHRwczovL2FwaS5hZmFxeS5zYS9hdXRoL2xvZ2luX2FzIiwiaWF0IjoxNzE1MDY2NDA0LCJleHAiOjE3MTc2NTg0MDQsIm5iZiI6MTcxNTA2NjQwNCwianRpIjoiT3lVSGNBU0lJdzdqbW03bCIsInN1YiI6IjVkNjNlNTFlMDNlZDUyOTJhNDJjMjRlNiIsInBydiI6IjI3MGVjZmM3ZWEzZWQ5MzdlYTg0OTM2MmEzYTUwOTEwYzZkOGNlNGYiLCJsb2dpbl9hc19pZCI6IjY1N2YwYWQ3M2Y5NzcyOTVjZjA1NTc2YSJ9.dxVTToKtMz_ZVVmnJhiD9XGjbEDrwlJefh69FoKtjtk
[2024-05-07T07:20:41.589+0000] {Units_dag.py:103} INFO - {'_id': '6266a313dd78c042f46c810b', 'icon': 'uploads/1673163603AT.JPG', 'driver_id': '', 'tailer_id': '', 'profile': {'vehicle_type': '', 'measurement_type': 'count', 'max_capacity': 0, 'vin': '', 'plate_number': 'أ أ ح 4538', 'start_operation': '', 'contract_milage': '', 'opening_milage': '', 'model': '', 'fuel_type': '91', 'year': 0, 'seats': 2}, 'device_password': '***', 'device_type': 'gps', 'gateway': False, 'name': 'C-889', 'operation_code': '', 'device_gateway': '', 'business_types': {'waste': False, 'transportation': True, 'water': False}, 'imei': '864626044947536', 'sim_number': '+966830020299680', 'sim_serial': '996609821110852335', 'device_serial': '864626044947536', 'device': 'bce', 'user_id': '617fb46c7380fd225066139e', 'created_by': '5e6655bf03ed52e1ab79d301', 'updated_at': '2024-04-18 11:18:59', 'created_at': '2022-04-25 16:33:07', 'custom_fields': [], 'creator': 'amr.ahmed', 'company': '', 'owner': 'mohamed-al-are-admin', 'last_update': {'dtt': 1715066360000, 'dts': 1715066383675, 'spd': 0, 'ang': 0, 'alt': 50, 'chPrams': {'ePwrV': {'v': 27.128, 'cdt': 1715066360000}, 'di16': {'v': 1, 'cdt': 1714796156000}, 'rssi1': {'v': 80, 'cdt': 1715066360000}, 'di15': {'v': 0, 'cdt': 1714796156000}, 'di14': {'v': 0, 'cdt': 1714968140000}, 'di13': {'v': 0, 'cdt': 1714537046000}, 'di12': {'v': 0, 'cdt': 1714796156000}, 'di11': {'v': 0, 'cdt': 1714796156000}, 'di10': {'v': 0, 'cdt': 1714796156000}, 'di2': {'v': 1, 'cdt': 1715055650000}, 'ai4': {'v': 27160, 'cdt': 1715066360000}, 'di1': {'v': 0, 'cdt': 1714968140000}, 'di4': {'v': 0, 'cdt': 1714986020000}, 'di3': {'v': 0, 'cdt': 1714796156000}, 'di6': {'v': 0, 'cdt': 1714899598000}, 'di5': {'v': 1, 'cdt': 1715055200000}, 'lac1': {'v': 4437, 'cdt': 1713072034000}, 'di8': {'v': 1, 'cdt': 1714450992000}, 'protocol': {'v': 'bce', 'cdt': 1714796156000}, 'di7': {'v': 1, 'cdt': 1715055200000}, 'di9': {'v': 0, 'cdt': 1712982024000}, 'iPwrV': {'v': 4.025, 'cdt': 1715066360000}, 'ID': {'v': '1A8FDEA5', 'cdt': 1658721524000}, 'cid1': {'v': 61282, 'cdt': 1715064440000}, 'odometer': {'v': 0, 'cdt': 1714884058000}, 'spd': {'v': 0, 'cdt': 1714884028000}, 'sat': {'v': 12, 'cdt': 1715055200000}, 'hdop': {'v': 1, 'cdt': 1714536388000}, 'ta': {'v': 0, 'cdt': 1714796156000}, 'mcc1': {'v': 420, 'cdt': 1713706846000}, 'mnc1': {'v': 3, 'cdt': 1713706846000}}, 'prms': {'protocol': 'bce', 'spd': 0, 'sat': 12, 'hdop': 1, 'odometer': 0, 'di16': 1, 'di15': 0, 'di14': 0, 'di13': 0, 'di12': 0, 'di11': 0, 'di10': 0, 'di9': 0, 'di8': 1, 'di7': 1, 'di6': 0, 'di5': 1, 'di4': 0, 'di3': 0, 'di2': 1, 'di1': 0, 'ePwrV': 27.128, 'ai4': 27160, 'iPwrV': 4.025, 'ta': 0, 'mcc1': 420, 'mnc1': 3, 'lac1': 4437, 'cid1': 61282, 'rssi1': 80, 'ID': '1A8FDEA5'}, 'devPrms': ['protocol', 'spd', 'sat', 'hdop', 'odometer', 'di16', 'di15', 'di14', 'di13', 'di12', 'di11', 'di10', 'di9', 'di8', 'di7', 'di6', 'di5', 'di4', 'di3', 'di2', 'di1', 'ePwrV', 'ai4', 'iPwrV', 'ta', 'mcc1', 'mnc1', 'lac1', 'cid1', 'rssi1', 'ID'], 'old_params': {'protocol': 'bce', 'spd': 0, 'sat': 12, 'hdop': 1, 'odometer': 0, 'di16': 1, 'di15': 0, 'di14': 0, 'di13': 0, 'di12': 0, 'di11': 0, 'di10': 0, 'di9': 0, 'di8': 1, 'di7': 1, 'di6': 0, 'di5': 1, 'di4': 0, 'di3': 0, 'di2': 1, 'di1': 0, 'ePwrV': 27.093, 'ai4': 27129, 'iPwrV': 4.026, 'ta': 0, 'mcc1': 420, 'mnc1': 3, 'lac1': 4437, 'cid1': 61282, 'rssi1': 79, 'ID': '1A8FDEA5'}, 'vLoc': 1, 'vCon': 1, 'ip': '37.216.48.56', 'rl': 0, 'trl': 1316.5949, 'mdu': 0, 'tmdu': 250122, 'eidl': 30, 'teidl': 12692700, 'fc': 0, 'tfc': 0, 'acc': 1, 'accOn': -19175566, 'accOff': 84682374, 'sdu': 0, 'tsdu': 0, 'lat': 28.199731826782227, 'lng': 35.09181213378906}, 'counters': {'odometer_type': 'gps', 'odometer': 1316.5963, 'engine_hours_type': 'acc', 'engine_hours': -19175566, 'last_acc': 1}, 'is_wasl_connected': 'Not Connected', 'iconUrl': 'https://api.afaqy.sa/images/units/uploads/1673163603AT.JPG', 'hasCCTV': False}
[2024-05-07T07:20:42.000+0000] {warnings.py:109} WARNING - /home/***/.local/lib/python3.8/site-packages/elasticsearch/_sync/client/__init__.py:399: SecurityWarning: Connecting to 'https://dbelk1.afaqy.local:9200' using TLS with verify_certs=False is insecure
  _transport = transport_class(

[2024-05-07T07:20:42.034+0000] {warnings.py:109} WARNING - /home/***/.local/lib/python3.8/site-packages/elasticsearch/_sync/client/__init__.py:399: SecurityWarning: Connecting to 'https://dbelk2.afaqy.local:9200' using TLS with verify_certs=False is insecure
  _transport = transport_class(

[2024-05-07T07:20:42.069+0000] {warnings.py:109} WARNING - /home/***/.local/lib/python3.8/site-packages/elasticsearch/_sync/client/__init__.py:399: SecurityWarning: Connecting to 'https://dbelk3.afaqy.local:9200' using TLS with verify_certs=False is insecure
  _transport = transport_class(

[2024-05-07T07:20:42.098+0000] {warnings.py:109} WARNING - /home/***/.local/lib/python3.8/site-packages/urllib3/connectionpool.py:1061: InsecureRequestWarning: Unverified HTTPS request is being made to host 'dbelk1.afaqy.local'. Adding certificate verification is strongly advised. See: https://urllib3.readthedocs.io/en/1.26.x/advanced-usage.html#ssl-warnings
  warnings.warn(

[2024-05-07T07:20:42.223+0000] {_transport.py:335} INFO - GET https://dbelk1.afaqy.local:9200/_cluster/health [status:200 duration:0.153s]
[2024-05-07T07:20:42.781+0000] {warnings.py:109} WARNING - /home/***/.local/lib/python3.8/site-packages/urllib3/connectionpool.py:1061: InsecureRequestWarning: Unverified HTTPS request is being made to host 'dbelk2.afaqy.local'. Adding certificate verification is strongly advised. See: https://urllib3.readthedocs.io/en/1.26.x/advanced-usage.html#ssl-warnings
  warnings.warn(

[2024-05-07T07:20:42.795+0000] {_transport.py:335} INFO - PUT https://dbelk2.afaqy.local:9200/units_statistics_***/_bulk [status:429 duration:0.035s]
[2024-05-07T07:20:42.796+0000] {_node_pool.py:249} WARNING - Node <Urllib3HttpNode(https://dbelk2.afaqy.local:9200)> has failed for 1 times in a row, putting on 1 second timeout
[2024-05-07T07:20:42.796+0000] {_transport.py:427} WARNING - Retrying request after non-successful status 429 (attempt 0 of 3)
[2024-05-07T07:20:42.796+0000] {warnings.py:109} WARNING - /home/***/.local/lib/python3.8/site-packages/urllib3/connectionpool.py:1061: InsecureRequestWarning: Unverified HTTPS request is being made to host 'dbelk1.afaqy.local'. Adding certificate verification is strongly advised. See: https://urllib3.readthedocs.io/en/1.26.x/advanced-usage.html#ssl-warnings
  warnings.warn(

[2024-05-07T07:20:45.973+0000] {_transport.py:335} INFO - PUT https://dbelk1.afaqy.local:9200/units_statistics_***/_bulk [status:200 duration:3.177s]
[2024-05-07T07:20:48.086+0000] {python.py:202} INFO - Done. Returned value was: None
[2024-05-07T07:20:48.111+0000] {taskinstance.py:1149} INFO - Marking task as SUCCESS. dag_id=Units_statistics_DAG, task_id=ETL_job, map_index=4, execution_date=20240507T070000, start_date=20240507T072017, end_date=20240507T072048
[2024-05-07T07:20:48.344+0000] {local_task_job_runner.py:234} INFO - Task exited with return code 0
[2024-05-07T07:20:48.396+0000] {taskinstance.py:3312} INFO - 0 downstream tasks scheduled from follow-on schedule check
