[2024-04-20T22:00:22.633+0000] {taskinstance.py:1979} INFO - Dependencies all met for dep_context=non-requeueable deps ti=<TaskInstance: Units_statistics_DAG.ETL_job scheduled__2024-04-20T21:00:00+00:00 map_index=15 [queued]>
[2024-04-20T22:00:22.722+0000] {taskinstance.py:1979} INFO - Dependencies all met for dep_context=requeueable deps ti=<TaskInstance: Units_statistics_DAG.ETL_job scheduled__2024-04-20T21:00:00+00:00 map_index=15 [queued]>
[2024-04-20T22:00:22.722+0000] {taskinstance.py:2193} INFO - Starting attempt 1 of 4
[2024-04-20T22:00:22.792+0000] {taskinstance.py:2217} INFO - Executing <Mapped(_PythonDecoratedOperator): ETL_job> on 2024-04-20 21:00:00+00:00
[2024-04-20T22:00:22.836+0000] {standard_task_runner.py:60} INFO - Started process 434316 to run task
[2024-04-20T22:00:22.881+0000] {standard_task_runner.py:87} INFO - Running: ['***', 'tasks', 'run', 'Units_statistics_DAG', 'ETL_job', 'scheduled__2024-04-20T21:00:00+00:00', '--job-id', '9501', '--raw', '--subdir', 'DAGS_FOLDER/Units_dag.py', '--cfg-path', '/tmp/tmpzovknymz', '--map-index', '15']
[2024-04-20T22:00:22.886+0000] {standard_task_runner.py:88} INFO - Job 9501: Subtask ETL_job
[2024-04-20T22:00:23.088+0000] {task_command.py:423} INFO - Running <TaskInstance: Units_statistics_DAG.ETL_job scheduled__2024-04-20T21:00:00+00:00 map_index=15 [running]> on host a09da322e808
[2024-04-20T22:00:23.298+0000] {taskinstance.py:2513} INFO - Exporting env vars: AIRFLOW_CTX_DAG_OWNER='abeer-araby' AIRFLOW_CTX_DAG_ID='Units_statistics_DAG' AIRFLOW_CTX_TASK_ID='ETL_job' AIRFLOW_CTX_EXECUTION_DATE='2024-04-20T21:00:00+00:00' AIRFLOW_CTX_TRY_NUMBER='1' AIRFLOW_CTX_DAG_RUN_ID='scheduled__2024-04-20T21:00:00+00:00'
[2024-04-20T22:00:23.299+0000] {Units_dag.py:99} INFO - i: 150000, chunk: 10000
[2024-04-20T22:00:23.299+0000] {Units_dag.py:100} INFO - child token is::: eyJ0eXAiOiJKV1QiLCJhbGciOiJIUzI1NiJ9.eyJpc3MiOiJodHRwczovL2FwaS5hZmFxeS5zYS9hdXRoL2xvZ2luX2FzIiwiaWF0IjoxNzEzNjUwNDEwLCJleHAiOjE3MTYyNDI0MTAsIm5iZiI6MTcxMzY1MDQxMCwianRpIjoiZGRMTThub3JkRmVkWU5UUCIsInN1YiI6IjVkNjNlNTFlMDNlZDUyOTJhNDJjMjRlNiIsInBydiI6IjI3MGVjZmM3ZWEzZWQ5MzdlYTg0OTM2MmEzYTUwOTEwYzZkOGNlNGYiLCJsb2dpbl9hc19pZCI6IjY1N2YwYWQ3M2Y5NzcyOTVjZjA1NTc2YSJ9.TYhOXhhT5nw3KWqrFB8qOGHdAkOuN_Hwk4QfJ9nhSJ0
[2024-04-20T22:00:54.210+0000] {Units_dag.py:104} INFO - {'_id': '6592c439e858e77c330acd21', 'icon': 'icons/icon.png', 'driver_id': '', 'tailer_id': '', 'profile': {'vehicle_type': '', 'measurement_type': 'count', 'max_capacity': None, 'vin': '', 'plate_number': '', 'start_operation': '', 'contract_milage': '', 'opening_milage': '', 'model': '', 'fuel_type': '91', 'year': 0, 'seats': 2}, 'shipment_info': {'product_category': None, 'truck_type': None, 'shipment_type': None, 'shipment_payment_type': None, 'transporter_type': None, 'operating_area': None, 'weight_kilograms_per_day': None, 'kms_per_day': None, 'shipment_trip_drive_hrs_day': None, 'allowable_delay_drive_hrs_day': None, 'expected_shipment_trip_day': None, 'car_pay_per_day': None, 'exceeding_temperature_limit_per_day': None, 'temperature_upper_limit': None, 'exceeding_humidity_limit_per_day': None, 'humidity_upper_limit': None}, 'device_password': '***', 'device_type': 'gps', 'gateway': False, 'business_types': {'waste': False, 'transportation': True, 'water': False}, 'name': '7232GER', 'operation_code': '', 'device_gateway': '', 'skip_sim_information': False, 'imei': '866069062207855', 'sim_number': '+966830021043782', 'sim_serial': '8996609821112128091', 'device_serial': '1135933408', 'device': 'teltonika', 'user_id': '631866bf3cdfd0479c43062d', 'created_by': '5e6655bf03ed52e1ab79d301', 'updated_at': '2024-04-18 11:18:59', 'created_at': '2024-01-01 16:55:05', 'custom_fields': [], 'creator': 'amr.ahmed', 'company': '', 'owner': 'dar-almerkaba-admin', 'last_update': {'dtt': 1713650099000, 'dts': 1713650101777, 'spd': 0, 'ang': 51, 'alt': 323, 'chPrams': {'Speed': {'v': 0, 'cdt': 1713648653000}, 'output1': {'v': False, 'cdt': 1713649798000}, 'motion': {'v': False, 'cdt': 1713649798000}, 'ePwrV': {'v': 13.17, 'cdt': 1713650099000}, 'parm24': {'v': 0, 'cdt': 1713648653000}, 'sat': {'v': 12, 'cdt': 1713650099000}, 'ai1': {'v': 218, 'cdt': 1712694124000}, 'priority': {'v': 0, 'cdt': 1713648833000}, 'type': {'v': 6, 'cdt': 1711959579000}, 'di1': {'v': 0, 'cdt': 1713648863000}, 'result': {'v': '5665723a30332e32382e30325f313937204750533a41584e5f352e312e392048773a464d43393230204d6f643a3120494d45493a38363630363930363232303738353520496e69743a323032342d332d32382031373a343120557074696d653a31393938373632204d41433a333838413231393246443332205350433a312830292041584c3a31204f42443a3020424c3a312e31302042543a34', 'cdt': 1713649498000}, 'parm247': {'v': 1, 'cdt': 1711739639091}, 'protocol': {'v': 'FMC920', 'cdt': 1713649798000}, 'iPwrV': {'v': 4.015, 'cdt': 1713648449000}, 'event': {'v': 0, 'cdt': 1713649197000}}, 'prms': {'protocol': 'FMC920', 'priority': 0, 'sat': 12, 'event': 0, 'di1': 0, 'motion': 0, 'output1': 0, 'ePwrV': 13.17, 'Speed': 0, 'parm24': 0, 'iPwrV': 4.015, 'ai1': 218}, 'devPrms': ['Speed', 'output1', 'motion', 'ePwrV', 'parm24', 'sat', 'ai1', 'priority', 'type', 'di1', 'result', 'protocol', 'iPwrV', 'event'], 'old_params': {'protocol': 'FMC920', 'priority': 0, 'sat': 13, 'event': 0, 'di1': 0, 'motion': 0, 'output1': 0, 'ePwrV': 13.202, 'Speed': 0, 'parm24': 0, 'iPwrV': 4.015, 'ai1': 218}, 'vLoc': 1, 'vCon': 1, 'ip': '109.83.238.148', 'rl': 0, 'trl': 27143.1695, 'mdu': 0, 'tmdu': 2115612, 'eidl': 0, 'teidl': 674908, 'fc': 0, 'tfc': 0, 'acc': 0, 'accOn': 3099680, 'accOff': 637713008, 'sdu': 301, 'tsdu': 1235, 'lat': 21.4413566, 'lng': 39.8501583}, 'counters': {'engine_hours': 3099680, 'last_acc': 0, 'odometer': 27142.7355, 'engine_hours_type': 'acc', 'odometer_type': 'gps'}, 'is_wasl_connected': 'Not Connected', 'iconUrl': 'https://api.afaqy.sa/images/units/icons/icon.png', 'hasCCTV': False}
[2024-04-20T22:00:54.843+0000] {warnings.py:109} WARNING - /home/***/.local/lib/python3.8/site-packages/elasticsearch/_sync/client/__init__.py:399: SecurityWarning: Connecting to 'https://dbelk1.afaqy.local:9200' using TLS with verify_certs=False is insecure
  _transport = transport_class(

[2024-04-20T22:00:54.890+0000] {warnings.py:109} WARNING - /home/***/.local/lib/python3.8/site-packages/elasticsearch/_sync/client/__init__.py:399: SecurityWarning: Connecting to 'https://dbelk3.afaqy.local:9200' using TLS with verify_certs=False is insecure
  _transport = transport_class(

[2024-04-20T22:00:54.932+0000] {warnings.py:109} WARNING - /home/***/.local/lib/python3.8/site-packages/elasticsearch/_sync/client/__init__.py:399: SecurityWarning: Connecting to 'https://dbelk2.afaqy.local:9200' using TLS with verify_certs=False is insecure
  _transport = transport_class(

[2024-04-20T22:00:54.960+0000] {warnings.py:109} WARNING - /home/***/.local/lib/python3.8/site-packages/urllib3/connectionpool.py:1061: InsecureRequestWarning: Unverified HTTPS request is being made to host 'dbelk1.afaqy.local'. Adding certificate verification is strongly advised. See: https://urllib3.readthedocs.io/en/1.26.x/advanced-usage.html#ssl-warnings
  warnings.warn(

[2024-04-20T22:00:55.010+0000] {_transport.py:335} INFO - GET https://dbelk1.afaqy.local:9200/_cluster/health [status:200 duration:0.077s]
[2024-04-20T22:00:55.373+0000] {warnings.py:109} WARNING - /home/***/.local/lib/python3.8/site-packages/urllib3/connectionpool.py:1061: InsecureRequestWarning: Unverified HTTPS request is being made to host 'dbelk3.afaqy.local'. Adding certificate verification is strongly advised. See: https://urllib3.readthedocs.io/en/1.26.x/advanced-usage.html#ssl-warnings
  warnings.warn(

[2024-04-20T22:00:57.208+0000] {_transport.py:335} INFO - PUT https://dbelk3.afaqy.local:9200/units_statistics_***/_bulk [status:200 duration:1.851s]
[2024-04-20T22:00:57.549+0000] {python.py:202} INFO - Done. Returned value was: None
[2024-04-20T22:00:57.561+0000] {taskinstance.py:1149} INFO - Marking task as SUCCESS. dag_id=Units_statistics_DAG, task_id=ETL_job, map_index=15, execution_date=20240420T210000, start_date=20240420T220022, end_date=20240420T220057
[2024-04-20T22:00:57.602+0000] {local_task_job_runner.py:234} INFO - Task exited with return code 0
[2024-04-20T22:00:57.623+0000] {taskinstance.py:3312} INFO - 0 downstream tasks scheduled from follow-on schedule check
