[2024-04-30T18:21:53.244+0000] {taskinstance.py:1979} INFO - Dependencies all met for dep_context=non-requeueable deps ti=<TaskInstance: Units_statistics_DAG.ETL_job scheduled__2024-04-30T18:00:00+00:00 map_index=12 [queued]>
[2024-04-30T18:21:53.259+0000] {taskinstance.py:1979} INFO - Dependencies all met for dep_context=requeueable deps ti=<TaskInstance: Units_statistics_DAG.ETL_job scheduled__2024-04-30T18:00:00+00:00 map_index=12 [queued]>
[2024-04-30T18:21:53.260+0000] {taskinstance.py:2193} INFO - Starting attempt 2 of 4
[2024-04-30T18:21:53.280+0000] {taskinstance.py:2217} INFO - Executing <Mapped(_PythonDecoratedOperator): ETL_job> on 2024-04-30 18:00:00+00:00
[2024-04-30T18:21:53.288+0000] {standard_task_runner.py:60} INFO - Started process 668116 to run task
[2024-04-30T18:21:53.296+0000] {standard_task_runner.py:87} INFO - Running: ['***', 'tasks', 'run', 'Units_statistics_DAG', 'ETL_job', 'scheduled__2024-04-30T18:00:00+00:00', '--job-id', '25091', '--raw', '--subdir', 'DAGS_FOLDER/Units_dag.py', '--cfg-path', '/tmp/tmpo3ucxllj', '--map-index', '12']
[2024-04-30T18:21:53.298+0000] {standard_task_runner.py:88} INFO - Job 25091: Subtask ETL_job
[2024-04-30T18:21:53.392+0000] {task_command.py:423} INFO - Running <TaskInstance: Units_statistics_DAG.ETL_job scheduled__2024-04-30T18:00:00+00:00 map_index=12 [running]> on host a09da322e808
[2024-04-30T18:21:53.585+0000] {taskinstance.py:2513} INFO - Exporting env vars: AIRFLOW_CTX_DAG_OWNER='abeer-araby' AIRFLOW_CTX_DAG_ID='Units_statistics_DAG' AIRFLOW_CTX_TASK_ID='ETL_job' AIRFLOW_CTX_EXECUTION_DATE='2024-04-30T18:00:00+00:00' AIRFLOW_CTX_TRY_NUMBER='2' AIRFLOW_CTX_DAG_RUN_ID='scheduled__2024-04-30T18:00:00+00:00'
[2024-04-30T18:21:53.588+0000] {Units_dag.py:99} INFO - i: 120000, chunk: 10000
[2024-04-30T18:21:53.588+0000] {Units_dag.py:100} INFO - child token is::: eyJ0eXAiOiJKV1QiLCJhbGciOiJIUzI1NiJ9.eyJpc3MiOiJodHRwczovL2FwaS5hZmFxeS5zYS9hdXRoL2xvZ2luX2FzIiwiaWF0IjoxNzE0NTAxMjA0LCJleHAiOjE3MTcwOTMyMDQsIm5iZiI6MTcxNDUwMTIwNCwianRpIjoibWkyRlNocFZGNm9pU0RvcCIsInN1YiI6IjVkNjNlNTFlMDNlZDUyOTJhNDJjMjRlNiIsInBydiI6IjI3MGVjZmM3ZWEzZWQ5MzdlYTg0OTM2MmEzYTUwOTEwYzZkOGNlNGYiLCJsb2dpbl9hc19pZCI6IjY1N2YwYWQ3M2Y5NzcyOTVjZjA1NTc2YSJ9.e1nry_J4bl8lrdHHOGb4fdHZkWkqZFC7NfiryJJh9NM
[2024-04-30T18:22:11.741+0000] {Units_dag.py:104} INFO - {'_id': '64c8eb0f5a8364640d4db610', 'icon': 'icons/icon.png', 'driver_id': '', 'tailer_id': '', 'profile': {'measurement_type': 'count', 'fuel_type': '91', 'year': 0, 'seats': 2}, 'device_password': '***', 'device_type': 'gps', 'gateway': False, 'business_types': {'waste': False, 'transportation': True, 'water': False}, 'name': '865282040240903', 'operation_code': None, 'device_gateway': None, 'skip_sim_information': False, 'imei': '865282040240903', 'sim_number': '+966830031936756', 'sim_serial': '421296757337', 'device_serial': '865282040240903', 'device': 'jmll01', 'user_id': '646f1fea65737804947f378a', 'created_by': '5e6655bf03ed52e1ab79d301', 'updated_at': '2024-04-18 11:18:59', 'created_at': '2023-08-01 14:22:55', 'custom_fields': [], 'creator': 'amr.ahmed', 'company': '', 'owner': 'jadeer-logistics-services-admin', 'last_update': {'dtt': 1694165337000, 'dts': 1694165579648, 'spd': 7, 'ang': 331, 'alt': 1031, 'chPrams': {'rssi': {'v': 4, 'cdt': 1694165362000}, 'iccid': {'v': '89966042129675733716', 'cdt': 1693417327000}, 'protocol': {'v': 'jmll01', 'cdt': 1694008757000}, 'charge': {'v': False, 'cdt': 1692172863000}, 'GPS_status': {'v': 0, 'cdt': 1694163747000}, 'sat': {'v': 7, 'cdt': 1694165327000}, 'armed': {'v': False, 'cdt': 1694008757000}, 'battery': {'v': 3.54, 'cdt': 1694165337000}, 'event': {'v': 0, 'cdt': 1694165317000}, 'di1': {'v': False, 'cdt': 1694008757000}}, 'prms': {'protocol': 'jmll01', 'GPS_status': 0, 'sat': 7, 'event': 0, 'armed': 0, 'di1': 0, 'charge': 0, 'battery': 3.54, 'rssi': 4}, 'devPrms': ['protocol', 'GPS_status', 'sat', 'event', 'armed', 'di1', 'charge', 'battery', 'rssi'], 'old_params': {'protocol': 'jmll01', 'GPS_status': 0, 'sat': 7, 'event': 0}, 'vLoc': 1, 'vCon': 1, 'ip': '51.39.22.91', 'rl': 0, 'trl': 0, 'mdu': 0, 'tmdu': 0, 'eidl': 0, 'teidl': 0, 'fc': 0, 'tfc': 0, 'acc': 0, 'accOn': 0, 'accOff': 3797609, 'sdu': 0, 'tsdu': 0, 'lat': 23.18875333333333, 'lng': 43.16556}, 'counters': {'odometer_type': 'gps', 'odometer': 0, 'engine_hours_type': 'acc', 'engine_hours': 0, 'last_acc': 0}, 'is_wasl_connected': 'Not Connected', 'iconUrl': 'https://api.afaqy.sa/images/units/icons/icon.png', 'hasCCTV': False}
[2024-04-30T18:22:12.414+0000] {warnings.py:109} WARNING - /home/***/.local/lib/python3.8/site-packages/elasticsearch/_sync/client/__init__.py:399: SecurityWarning: Connecting to 'https://dbelk1.afaqy.local:9200' using TLS with verify_certs=False is insecure
  _transport = transport_class(

[2024-04-30T18:22:12.481+0000] {warnings.py:109} WARNING - /home/***/.local/lib/python3.8/site-packages/elasticsearch/_sync/client/__init__.py:399: SecurityWarning: Connecting to 'https://dbelk2.afaqy.local:9200' using TLS with verify_certs=False is insecure
  _transport = transport_class(

[2024-04-30T18:22:12.534+0000] {warnings.py:109} WARNING - /home/***/.local/lib/python3.8/site-packages/elasticsearch/_sync/client/__init__.py:399: SecurityWarning: Connecting to 'https://dbelk3.afaqy.local:9200' using TLS with verify_certs=False is insecure
  _transport = transport_class(

[2024-04-30T18:22:12.566+0000] {warnings.py:109} WARNING - /home/***/.local/lib/python3.8/site-packages/urllib3/connectionpool.py:1061: InsecureRequestWarning: Unverified HTTPS request is being made to host 'dbelk1.afaqy.local'. Adding certificate verification is strongly advised. See: https://urllib3.readthedocs.io/en/1.26.x/advanced-usage.html#ssl-warnings
  warnings.warn(

[2024-04-30T18:22:12.617+0000] {_transport.py:335} INFO - GET https://dbelk1.afaqy.local:9200/_cluster/health [status:200 duration:0.081s]
[2024-04-30T18:22:13.016+0000] {warnings.py:109} WARNING - /home/***/.local/lib/python3.8/site-packages/urllib3/connectionpool.py:1061: InsecureRequestWarning: Unverified HTTPS request is being made to host 'dbelk2.afaqy.local'. Adding certificate verification is strongly advised. See: https://urllib3.readthedocs.io/en/1.26.x/advanced-usage.html#ssl-warnings
  warnings.warn(

[2024-04-30T18:22:14.598+0000] {_transport.py:335} INFO - PUT https://dbelk2.afaqy.local:9200/units_statistics_***/_bulk [status:200 duration:1.604s]
[2024-04-30T18:22:14.776+0000] {python.py:202} INFO - Done. Returned value was: None
[2024-04-30T18:22:14.790+0000] {taskinstance.py:1149} INFO - Marking task as SUCCESS. dag_id=Units_statistics_DAG, task_id=ETL_job, map_index=12, execution_date=20240430T180000, start_date=20240430T182153, end_date=20240430T182214
[2024-04-30T18:22:14.884+0000] {local_task_job_runner.py:234} INFO - Task exited with return code 0
[2024-04-30T18:22:14.913+0000] {taskinstance.py:3312} INFO - 0 downstream tasks scheduled from follow-on schedule check
