[2024-04-16T09:05:15.629+0000] {taskinstance.py:1979} INFO - Dependencies all met for dep_context=non-requeueable deps ti=<TaskInstance: Units_statistics_DAG.ETL_job scheduled__2024-04-16T08:00:00+00:00 map_index=3 [queued]>
[2024-04-16T09:05:15.705+0000] {taskinstance.py:1979} INFO - Dependencies all met for dep_context=requeueable deps ti=<TaskInstance: Units_statistics_DAG.ETL_job scheduled__2024-04-16T08:00:00+00:00 map_index=3 [queued]>
[2024-04-16T09:05:15.706+0000] {taskinstance.py:2193} INFO - Starting attempt 1 of 4
[2024-04-16T09:05:15.807+0000] {taskinstance.py:2217} INFO - Executing <Mapped(_PythonDecoratedOperator): ETL_job> on 2024-04-16 08:00:00+00:00
[2024-04-16T09:05:15.848+0000] {standard_task_runner.py:60} INFO - Started process 328736 to run task
[2024-04-16T09:05:15.888+0000] {standard_task_runner.py:87} INFO - Running: ['***', 'tasks', 'run', 'Units_statistics_DAG', 'ETL_job', 'scheduled__2024-04-16T08:00:00+00:00', '--job-id', '3940', '--raw', '--subdir', 'DAGS_FOLDER/Units_dag.py', '--cfg-path', '/tmp/tmpecpy9ut7', '--map-index', '3']
[2024-04-16T09:05:15.890+0000] {standard_task_runner.py:88} INFO - Job 3940: Subtask ETL_job
[2024-04-16T09:05:16.126+0000] {task_command.py:423} INFO - Running <TaskInstance: Units_statistics_DAG.ETL_job scheduled__2024-04-16T08:00:00+00:00 map_index=3 [running]> on host a09da322e808
[2024-04-16T09:05:16.634+0000] {taskinstance.py:2513} INFO - Exporting env vars: AIRFLOW_CTX_DAG_OWNER='abeer-araby' AIRFLOW_CTX_DAG_ID='Units_statistics_DAG' AIRFLOW_CTX_TASK_ID='ETL_job' AIRFLOW_CTX_EXECUTION_DATE='2024-04-16T08:00:00+00:00' AIRFLOW_CTX_TRY_NUMBER='1' AIRFLOW_CTX_DAG_RUN_ID='scheduled__2024-04-16T08:00:00+00:00'
[2024-04-16T09:05:16.636+0000] {Units_dag.py:90} INFO - i: 30000, chunk: 10000
[2024-04-16T09:05:16.636+0000] {Units_dag.py:91} INFO - child token is::: eyJ0eXAiOiJKV1QiLCJhbGciOiJIUzI1NiJ9.eyJpc3MiOiJodHRwczovL2FwaS5hZmFxeS5zYS9hdXRoL2xvZ2luX2FzIiwiaWF0IjoxNzEzMjU4MDAzLCJleHAiOjE3MTU4NTAwMDMsIm5iZiI6MTcxMzI1ODAwMywianRpIjoiakp0VGh2dDA5dm43aTg1MCIsInN1YiI6IjVkNjNlNTFlMDNlZDUyOTJhNDJjMjRlNiIsInBydiI6IjI3MGVjZmM3ZWEzZWQ5MzdlYTg0OTM2MmEzYTUwOTEwYzZkOGNlNGYiLCJsb2dpbl9hc19pZCI6IjY1N2YwYWQ3M2Y5NzcyOTVjZjA1NTc2YSJ9.EmbZ0RY9u-BHgdA5VeLM7OzJeWMA1HPlvUHXPTnVNQI
[2024-04-16T09:05:39.834+0000] {Units_dag.py:95} INFO - {'_id': '62164f32067dce381c0d5db4', 'icon': 'icons/icon.png', 'driver_id': '', 'tailer_id': '', 'profile': {'vehicle_type': 'BUS', 'vin': '', 'plate_number': '', 'model': '', 'year': 0, 'seats': 2, 'fuel_type': '91', 'start_operation': '', 'contract_milage': '', 'opening_milage': '', 'measurement_type': '', 'max_capacity': ''}, 'device_password': '***', 'device_type': 'gps', 'gateway': False, 'name': 'HB-196-276429', 'operation_code': '', 'imei': '356307048170020', 'sim_number': '+97470474276', 'sim_serial': '8942702111236274016', 'device_serial': '4437175', 'device': 'teltonika', 'created_by': '62136ed2b78f04217042a1e9', 'user_id': '62136ed2b78f04217042a1e9', 'updated_at': '2022-12-31 22:17:15', 'created_at': '2022-02-23 18:13:54', 'creator': 'elegancia-admin', 'company': '', 'owner': 'elegancia-admin', 'last_update': {'dtt': 1662558457000, 'dts': 1662614858427, 'spd': 0, 'ang': 0, 'alt': 38, 'chPrams': {'motion': {'v': False, 'cdt': 1662565290000}, 'ePwrV': {'v': 26.642, 'cdt': 1662558457000}, 'sat': {'v': 14, 'cdt': 1662558454000}, 'priority': {'v': 1, 'cdt': 1662326101400}, 'di2': {'v': 0, 'cdt': 1661895238050}, 'di1': {'v': 0, 'cdt': 1662565290000}, 'protocol': {'v': 'teltonika_FMB640', 'cdt': 1661895238050}, 'alarm': {'v': 'hardAcceleration', 'cdt': 1662271498100}, 'parm250': {'v': 1, 'cdt': 1662525333250}, 'event': {'v': 66, 'cdt': 1662557855000}, 'parm253': {'v': 1, 'cdt': 1662271498100}, 'parm254': {'v': 56, 'cdt': 1662453685100}}, 'prms': {'protocol': 'teltonika_FMB640', 'priority': 1, 'sat': 14, 'event': 66, 'di1': 0, 'di2': 0, 'motion': 0, 'ePwrV': 26.642}, 'devPrms': ['protocol', 'priority', 'sat', 'event', 'di1', 'di2', 'motion', 'ePwrV'], 'old_params': {'protocol': 'teltonika_FMB640', 'priority': 1, 'sat': 14, 'event': 66, 'di1': 0, 'di2': 0, 'motion': 0, 'ePwrV': 26.632}, 'vLoc': 1, 'vCon': 1, 'ip': '212.70.115.146', 'rl': 0, 'trl': 130725.5499, 'mdu': 0, 'tmdu': 7813115, 'eidl': 0, 'teidl': 4722296, 'fc': 0, 'tfc': 0, 'acc': 0, 'accOn': -14330771, 'accOff': 34582089, 'sdu': 1, 'tsdu': 148, 'lat': 25.3533495, 'lng': 51.2529075}, 'counters': {'odometer_type': 'gps', 'engine_hours_type': 'acc', 'engine_hours': -14330771, 'odometer': 130725.5499, 'last_acc': 0}, 'is_wasl_connected': 'Not Connected', 'iconUrl': 'https://api.afaqy.sa/images/units/icons/icon.png', 'hasCCTV': False}
[2024-04-16T09:05:40.732+0000] {warnings.py:109} WARNING - /home/***/.local/lib/python3.8/site-packages/elasticsearch/_sync/client/__init__.py:399: SecurityWarning: Connecting to 'https://dbelk3.afaqy.local:9200' using TLS with verify_certs=False is insecure
  _transport = transport_class(

[2024-04-16T09:05:40.804+0000] {warnings.py:109} WARNING - /home/***/.local/lib/python3.8/site-packages/elasticsearch/_sync/client/__init__.py:399: SecurityWarning: Connecting to 'https://dbelk1.afaqy.local:9200' using TLS with verify_certs=False is insecure
  _transport = transport_class(

[2024-04-16T09:05:40.901+0000] {warnings.py:109} WARNING - /home/***/.local/lib/python3.8/site-packages/elasticsearch/_sync/client/__init__.py:399: SecurityWarning: Connecting to 'https://dbelk2.afaqy.local:9200' using TLS with verify_certs=False is insecure
  _transport = transport_class(

[2024-04-16T09:05:40.914+0000] {_transport.py:358} INFO - GET https://dbelk3.afaqy.local:9200/_cluster/health [status:N/A duration:0.007s]
[2024-04-16T09:05:40.915+0000] {_node_pool.py:249} WARNING - Node <Urllib3HttpNode(https://dbelk3.afaqy.local:9200)> has failed for 1 times in a row, putting on 1 second timeout
[2024-04-16T09:05:40.915+0000] {_transport.py:395} WARNING - Retrying request after failure (attempt 0 of 3)
Traceback (most recent call last):
  File "/home/airflow/.local/lib/python3.8/site-packages/elastic_transport/_transport.py", line 328, in perform_request
    meta, raw_data = node.perform_request(
  File "/home/airflow/.local/lib/python3.8/site-packages/elastic_transport/_node/_http_urllib3.py", line 202, in perform_request
    raise err from None
elastic_transport.ConnectionError: Connection error caused by: NewConnectionError(<urllib3.connection.HTTPSConnection object at 0x7faa2623f220>: Failed to establish a new connection: [Errno 111] Connection refused)
[2024-04-16T09:05:40.939+0000] {warnings.py:109} WARNING - /home/***/.local/lib/python3.8/site-packages/urllib3/connectionpool.py:1061: InsecureRequestWarning: Unverified HTTPS request is being made to host 'dbelk2.afaqy.local'. Adding certificate verification is strongly advised. See: https://urllib3.readthedocs.io/en/1.26.x/advanced-usage.html#ssl-warnings
  warnings.warn(

[2024-04-16T09:05:41.010+0000] {_transport.py:335} INFO - GET https://dbelk2.afaqy.local:9200/_cluster/health [status:200 duration:0.093s]
[2024-04-16T09:05:41.883+0000] {warnings.py:109} WARNING - /home/***/.local/lib/python3.8/site-packages/urllib3/connectionpool.py:1061: InsecureRequestWarning: Unverified HTTPS request is being made to host 'dbelk1.afaqy.local'. Adding certificate verification is strongly advised. See: https://urllib3.readthedocs.io/en/1.26.x/advanced-usage.html#ssl-warnings
  warnings.warn(

[2024-04-16T09:05:42.094+0000] {_transport.py:335} INFO - PUT https://dbelk1.afaqy.local:9200/units_statistics_***/_bulk [status:200 duration:0.234s]
[2024-04-16T09:05:42.263+0000] {taskinstance.py:2731} ERROR - Task failed with exception
Traceback (most recent call last):
  File "/home/airflow/.local/lib/python3.8/site-packages/airflow/models/taskinstance.py", line 444, in _execute_task
    result = _execute_callable(context=context, **execute_callable_kwargs)
  File "/home/airflow/.local/lib/python3.8/site-packages/airflow/models/taskinstance.py", line 414, in _execute_callable
    return execute_callable(context=context, **execute_callable_kwargs)
  File "/home/airflow/.local/lib/python3.8/site-packages/airflow/decorators/base.py", line 241, in execute
    return_value = super().execute(context)
  File "/home/airflow/.local/lib/python3.8/site-packages/airflow/operators/python.py", line 200, in execute
    return_value = self.execute_callable()
  File "/home/airflow/.local/lib/python3.8/site-packages/airflow/operators/python.py", line 217, in execute_callable
    return self.python_callable(*self.op_args, **self.op_kwargs)
  File "/opt/airflow/dags/Units_dag.py", line 103, in ETL_job
    Elk_client.elk_pushData(Globals.index_name,units_list_update)
  File "/opt/airflow/dags/elk_manager.py", line 69, in elk_pushData
    helpers.bulk(self.elk_client, docs_list, index=index_name, chunk_size=batch)
  File "/home/airflow/.local/lib/python3.8/site-packages/elasticsearch/helpers/actions.py", line 521, in bulk
    for ok, item in streaming_bulk(
  File "/home/airflow/.local/lib/python3.8/site-packages/elasticsearch/helpers/actions.py", line 436, in streaming_bulk
    for data, (ok, info) in zip(
  File "/home/airflow/.local/lib/python3.8/site-packages/elasticsearch/helpers/actions.py", line 355, in _process_bulk_chunk
    yield from gen
  File "/home/airflow/.local/lib/python3.8/site-packages/elasticsearch/helpers/actions.py", line 274, in _process_bulk_chunk_success
    raise BulkIndexError(f"{len(errors)} document(s) failed to index.", errors)
elasticsearch.helpers.BulkIndexError: 10000 document(s) failed to index.
[2024-04-16T09:05:42.282+0000] {taskinstance.py:1149} INFO - Marking task as UP_FOR_RETRY. dag_id=Units_statistics_DAG, task_id=ETL_job, map_index=3, execution_date=20240416T080000, start_date=20240416T090515, end_date=20240416T090542
[2024-04-16T09:05:42.315+0000] {standard_task_runner.py:107} ERROR - Failed to execute job 3940 for task ETL_job (10000 document(s) failed to index.; 328736)
[2024-04-16T09:05:42.450+0000] {local_task_job_runner.py:234} INFO - Task exited with return code 1
[2024-04-16T09:05:42.472+0000] {taskinstance.py:3312} INFO - 0 downstream tasks scheduled from follow-on schedule check
