[2024-05-08T12:20:19.737+0000] {taskinstance.py:1979} INFO - Dependencies all met for dep_context=non-requeueable deps ti=<TaskInstance: Units_statistics_DAG.ETL_job scheduled__2024-05-08T12:00:00+00:00 map_index=11 [queued]>
[2024-05-08T12:20:19.809+0000] {taskinstance.py:1979} INFO - Dependencies all met for dep_context=requeueable deps ti=<TaskInstance: Units_statistics_DAG.ETL_job scheduled__2024-05-08T12:00:00+00:00 map_index=11 [queued]>
[2024-05-08T12:20:19.821+0000] {taskinstance.py:2193} INFO - Starting attempt 1 of 4
[2024-05-08T12:20:19.888+0000] {taskinstance.py:2217} INFO - Executing <Mapped(_PythonDecoratedOperator): ETL_job> on 2024-05-08 12:00:00+00:00
[2024-05-08T12:20:19.922+0000] {standard_task_runner.py:60} INFO - Started process 860728 to run task
[2024-05-08T12:20:19.942+0000] {standard_task_runner.py:87} INFO - Running: ['***', 'tasks', 'run', 'Units_statistics_DAG', 'ETL_job', 'scheduled__2024-05-08T12:00:00+00:00', '--job-id', '41630', '--raw', '--subdir', 'DAGS_FOLDER/Units_dag.py', '--cfg-path', '/tmp/tmp2xzxlpkg', '--map-index', '11']
[2024-05-08T12:20:19.970+0000] {standard_task_runner.py:88} INFO - Job 41630: Subtask ETL_job
[2024-05-08T12:20:20.332+0000] {task_command.py:423} INFO - Running <TaskInstance: Units_statistics_DAG.ETL_job scheduled__2024-05-08T12:00:00+00:00 map_index=11 [running]> on host a09da322e808
[2024-05-08T12:20:21.053+0000] {taskinstance.py:2513} INFO - Exporting env vars: AIRFLOW_CTX_DAG_OWNER='abeer-araby' AIRFLOW_CTX_DAG_ID='Units_statistics_DAG' AIRFLOW_CTX_TASK_ID='ETL_job' AIRFLOW_CTX_EXECUTION_DATE='2024-05-08T12:00:00+00:00' AIRFLOW_CTX_TRY_NUMBER='1' AIRFLOW_CTX_DAG_RUN_ID='scheduled__2024-05-08T12:00:00+00:00'
[2024-05-08T12:20:21.056+0000] {Units_dag.py:98} INFO - i: 110000, chunk: 10000
[2024-05-08T12:20:21.057+0000] {Units_dag.py:99} INFO - child token is::: eyJ0eXAiOiJKV1QiLCJhbGciOiJIUzI1NiJ9.eyJpc3MiOiJodHRwczovL2FwaS5hZmFxeS5zYS9hdXRoL2xvZ2luX2FzIiwiaWF0IjoxNzE1MTcwODA0LCJleHAiOjE3MTc3NjI4MDQsIm5iZiI6MTcxNTE3MDgwNCwianRpIjoiYVJHUHRnenhpN1QxSUVkeCIsInN1YiI6IjVkNjNlNTFlMDNlZDUyOTJhNDJjMjRlNiIsInBydiI6IjI3MGVjZmM3ZWEzZWQ5MzdlYTg0OTM2MmEzYTUwOTEwYzZkOGNlNGYiLCJsb2dpbl9hc19pZCI6IjY1N2YwYWQ3M2Y5NzcyOTVjZjA1NTc2YSJ9.dpY4mxlksSSejE9n3HUeVa2cZu3JAlzgSi-4g02gT5I
[2024-05-08T12:20:48.364+0000] {Units_dag.py:103} INFO - {'_id': '6489c6dc5e302d3906358475', 'icon': 'icons/M_3.png', 'driver_id': '', 'tailer_id': '', 'profile': {'vehicle_type': '', 'measurement_type': 'count', 'max_capacity': 0, 'vin': '', 'plate_number': '', 'start_operation': '', 'contract_milage': '', 'opening_milage': '', 'model': '', 'fuel_type': 'diesel', 'year': 0, 'seats': 2}, 'device_password': '***', 'device_type': 'gps', 'gateway': False, 'business_types': {'waste': False, 'transportation': True, 'water': False}, 'name': 'DZ-L-10', 'operation_code': '9102', 'device_gateway': '', 'skip_sim_information': False, 'imei': '863051060656880', 'sim_number': '+966830031809961', 'sim_serial': '421296739177', 'device_serial': '863051060656880', 'device': 'bce', 'user_id': '646b5d17429753253c3f456b', 'created_by': '5e6655bf03ed52e1ab79d301', 'updated_at': '2024-04-18 11:18:59', 'created_at': '2023-06-14 16:55:40', 'shipment_info': {'product_category': None, 'truck_type': None, 'shipment_type': None, 'shipment_payment_type': None, 'transporter_type': None, 'operating_area': None, 'weight_kilograms_per_day': None, 'kms_per_day': None, 'shipment_trip_drive_hrs_day': None, 'allowable_delay_drive_hrs_day': None, 'expected_shipment_trip_day': None, 'car_pay_per_day': None, 'exceeding_temperature_limit_per_day': None, 'temperature_upper_limit': None, 'exceeding_humidity_limit_per_day': None, 'humidity_upper_limit': None}, 'custom_fields': [], 'creator': 'amr.ahmed', 'company': '', 'owner': 'muhammad-mansour-al-bassami-admin', 'last_update': {'dtt': 1715170770000, 'dts': 1715170794329, 'spd': 0, 'ang': 352, 'alt': 36, 'chPrams': {'ePwrV': {'v': 27.057, 'cdt': 1715170770000}, 'di16': {'v': 1, 'cdt': 1714282628000}, 'rssi1': {'v': 10, 'cdt': 1715170768000}, 'di15': {'v': 0, 'cdt': 1713494298000}, 'di14': {'v': 1, 'cdt': 1715168734000}, 'di13': {'v': 0, 'cdt': 1713494298000}, 'di12': {'v': 0, 'cdt': 1713494298000}, 'di11': {'v': 0, 'cdt': 1713494298000}, 'di10': {'v': 0, 'cdt': 1713494298000}, 'di2': {'v': 1, 'cdt': 1713494298000}, 'di1': {'v': 1, 'cdt': 1715168764000}, 'di4': {'v': 0, 'cdt': 1713494298000}, 'di3': {'v': 0, 'cdt': 1713494298000}, 'di6': {'v': 1, 'cdt': 1713494298000}, 'di5': {'v': 1, 'cdt': 1715149360000}, 'lac1': {'v': 42032, 'cdt': 1715170622000}, 'protocol': {'v': 'bce', 'cdt': 1713494298000}, 'di8': {'v': 1, 'cdt': 1713494298000}, 'di7': {'v': 1, 'cdt': 1715160966000}, 'di9': {'v': 0, 'cdt': 1713494298000}, 'iPwrV': {'v': 3.996, 'cdt': 1715170770000}, 'cid1': {'v': 59181, 'cdt': 1715170622000}, 'odometer': {'v': 0, 'cdt': 1715167614000}, 'spd': {'v': 0, 'cdt': 1715170770000}, 'sat': {'v': 15, 'cdt': 1715170604000}, 'hdop': {'v': 1, 'cdt': 1714323398000}, 'ta': {'v': 0, 'cdt': 1713494298000}, 'mcc1': {'v': 420, 'cdt': 1714074728000}, 'mnc1': {'v': 4, 'cdt': 1715170622000}}, 'prms': {'protocol': 'bce', 'spd': 0, 'sat': 15, 'hdop': 1, 'odometer': 0, 'di16': 1, 'di15': 0, 'di14': 1, 'di13': 0, 'di12': 0, 'di11': 0, 'di10': 0, 'di9': 0, 'di8': 1, 'di7': 1, 'di6': 1, 'di5': 1, 'di4': 0, 'di3': 0, 'di2': 1, 'di1': 1, 'ePwrV': 27.057, 'iPwrV': 3.996, 'ta': 0, 'mcc1': 420, 'mnc1': 4, 'lac1': 42032, 'cid1': 59181, 'rssi1': 10}, 'devPrms': ['protocol', 'spd', 'sat', 'hdop', 'odometer', 'di16', 'di15', 'di14', 'di13', 'di12', 'di11', 'di10', 'di9', 'di8', 'di7', 'di6', 'di5', 'di4', 'di3', 'di2', 'di1', 'ePwrV', 'iPwrV', 'ta', 'mcc1', 'mnc1', 'lac1', 'cid1', 'rssi1'], 'old_params': {'protocol': 'bce', 'spd': 2, 'sat': 15, 'hdop': 1, 'odometer': 0, 'di16': 1, 'di15': 0, 'di14': 1, 'di13': 0, 'di12': 0, 'di11': 0, 'di10': 0, 'di9': 0, 'di8': 1, 'di7': 1, 'di6': 1, 'di5': 1, 'di4': 0, 'di3': 0, 'di2': 1, 'di1': 1, 'ePwrV': 27.066, 'iPwrV': 3.997, 'ta': 0, 'mcc1': 420, 'mnc1': 4, 'lac1': 42032, 'cid1': 59181, 'rssi1': 10}, 'vLoc': 1, 'vCon': 1, 'ip': '51.36.24.72', 'rl': 0.0013, 'trl': 3109.7009, 'mdu': 0, 'tmdu': 555926, 'eidl': 2, 'teidl': 10915758, 'fc': 0.000156, 'tfc': 0.023868, 'acc': 1, 'accOn': 73442296, 'accOff': 22573432, 'sdu': 0, 'tsdu': 0, 'lat': 21.21456527709961, 'lng': 39.363853454589844}, 'counters': {'odometer_type': 'gps', 'odometer': 19759.1763, 'engine_hours_type': 'acc', 'engine_hours': 73442296, 'last_acc': 1}, 'is_wasl_connected': 'Not Connected', 'iconUrl': 'https://api.afaqy.sa/images/units/icons/M_3.png', 'hasCCTV': False}
[2024-05-08T12:20:55.230+0000] {warnings.py:109} WARNING - /home/***/.local/lib/python3.8/site-packages/elasticsearch/_sync/client/__init__.py:399: SecurityWarning: Connecting to 'https://dbelk2.afaqy.local:9200' using TLS with verify_certs=False is insecure
  _transport = transport_class(

[2024-05-08T12:20:55.349+0000] {warnings.py:109} WARNING - /home/***/.local/lib/python3.8/site-packages/elasticsearch/_sync/client/__init__.py:399: SecurityWarning: Connecting to 'https://dbelk3.afaqy.local:9200' using TLS with verify_certs=False is insecure
  _transport = transport_class(

[2024-05-08T12:20:55.500+0000] {warnings.py:109} WARNING - /home/***/.local/lib/python3.8/site-packages/elasticsearch/_sync/client/__init__.py:399: SecurityWarning: Connecting to 'https://dbelk1.afaqy.local:9200' using TLS with verify_certs=False is insecure
  _transport = transport_class(

[2024-05-08T12:20:55.523+0000] {warnings.py:109} WARNING - /home/***/.local/lib/python3.8/site-packages/urllib3/connectionpool.py:1061: InsecureRequestWarning: Unverified HTTPS request is being made to host 'dbelk2.afaqy.local'. Adding certificate verification is strongly advised. See: https://urllib3.readthedocs.io/en/1.26.x/advanced-usage.html#ssl-warnings
  warnings.warn(

[2024-05-08T12:20:55.640+0000] {_transport.py:335} INFO - GET https://dbelk2.afaqy.local:9200/_cluster/health [status:200 duration:0.138s]
[2024-05-08T12:21:05.553+0000] {warnings.py:109} WARNING - /home/***/.local/lib/python3.8/site-packages/urllib3/connectionpool.py:1061: InsecureRequestWarning: Unverified HTTPS request is being made to host 'dbelk3.afaqy.local'. Adding certificate verification is strongly advised. See: https://urllib3.readthedocs.io/en/1.26.x/advanced-usage.html#ssl-warnings
  warnings.warn(

[2024-05-08T12:21:07.993+0000] {_transport.py:335} INFO - PUT https://dbelk3.afaqy.local:9200/units_statistics_***/_bulk [status:200 duration:11.389s]
[2024-05-08T12:21:08.080+0000] {taskinstance.py:2731} ERROR - Task failed with exception
Traceback (most recent call last):
  File "/home/airflow/.local/lib/python3.8/site-packages/airflow/models/taskinstance.py", line 444, in _execute_task
    result = _execute_callable(context=context, **execute_callable_kwargs)
  File "/home/airflow/.local/lib/python3.8/site-packages/airflow/models/taskinstance.py", line 414, in _execute_callable
    return execute_callable(context=context, **execute_callable_kwargs)
  File "/home/airflow/.local/lib/python3.8/site-packages/airflow/decorators/base.py", line 241, in execute
    return_value = super().execute(context)
  File "/home/airflow/.local/lib/python3.8/site-packages/airflow/operators/python.py", line 200, in execute
    return_value = self.execute_callable()
  File "/home/airflow/.local/lib/python3.8/site-packages/airflow/operators/python.py", line 217, in execute_callable
    return self.python_callable(*self.op_args, **self.op_kwargs)
  File "/opt/airflow/dags/Units_dag.py", line 111, in ETL_job
    Elk_client.elk_pushData(Globals.index_name,units_list_update)
  File "/opt/airflow/dags/units_statistics/elk_manager.py", line 69, in elk_pushData
    helpers.bulk(self.elk_client, docs_list, index=index_name, chunk_size=batch)
  File "/home/airflow/.local/lib/python3.8/site-packages/elasticsearch/helpers/actions.py", line 521, in bulk
    for ok, item in streaming_bulk(
  File "/home/airflow/.local/lib/python3.8/site-packages/elasticsearch/helpers/actions.py", line 436, in streaming_bulk
    for data, (ok, info) in zip(
  File "/home/airflow/.local/lib/python3.8/site-packages/elasticsearch/helpers/actions.py", line 355, in _process_bulk_chunk
    yield from gen
  File "/home/airflow/.local/lib/python3.8/site-packages/elasticsearch/helpers/actions.py", line 274, in _process_bulk_chunk_success
    raise BulkIndexError(f"{len(errors)} document(s) failed to index.", errors)
elasticsearch.helpers.BulkIndexError: 2303 document(s) failed to index.
[2024-05-08T12:21:08.093+0000] {taskinstance.py:1149} INFO - Marking task as UP_FOR_RETRY. dag_id=Units_statistics_DAG, task_id=ETL_job, map_index=11, execution_date=20240508T120000, start_date=20240508T122019, end_date=20240508T122108
[2024-05-08T12:21:08.108+0000] {standard_task_runner.py:107} ERROR - Failed to execute job 41630 for task ETL_job (2303 document(s) failed to index.; 860728)
[2024-05-08T12:21:08.174+0000] {local_task_job_runner.py:234} INFO - Task exited with return code 1
[2024-05-08T12:21:08.208+0000] {taskinstance.py:3312} INFO - 0 downstream tasks scheduled from follow-on schedule check
