[2024-04-24T07:20:18.048+0000] {taskinstance.py:1979} INFO - Dependencies all met for dep_context=non-requeueable deps ti=<TaskInstance: Units_statistics_DAG.ETL_job scheduled__2024-04-24T07:00:00+00:00 map_index=6 [queued]>
[2024-04-24T07:20:18.121+0000] {taskinstance.py:1979} INFO - Dependencies all met for dep_context=requeueable deps ti=<TaskInstance: Units_statistics_DAG.ETL_job scheduled__2024-04-24T07:00:00+00:00 map_index=6 [queued]>
[2024-04-24T07:20:18.121+0000] {taskinstance.py:2193} INFO - Starting attempt 1 of 4
[2024-04-24T07:20:18.198+0000] {taskinstance.py:2217} INFO - Executing <Mapped(_PythonDecoratedOperator): ETL_job> on 2024-04-24 07:00:00+00:00
[2024-04-24T07:20:18.217+0000] {standard_task_runner.py:60} INFO - Started process 513847 to run task
[2024-04-24T07:20:18.261+0000] {standard_task_runner.py:87} INFO - Running: ['***', 'tasks', 'run', 'Units_statistics_DAG', 'ETL_job', 'scheduled__2024-04-24T07:00:00+00:00', '--job-id', '14305', '--raw', '--subdir', 'DAGS_FOLDER/Units_dag.py', '--cfg-path', '/tmp/tmplyy7o6tw', '--map-index', '6']
[2024-04-24T07:20:18.271+0000] {standard_task_runner.py:88} INFO - Job 14305: Subtask ETL_job
[2024-04-24T07:20:18.683+0000] {task_command.py:423} INFO - Running <TaskInstance: Units_statistics_DAG.ETL_job scheduled__2024-04-24T07:00:00+00:00 map_index=6 [running]> on host a09da322e808
[2024-04-24T07:20:19.357+0000] {taskinstance.py:2513} INFO - Exporting env vars: AIRFLOW_CTX_DAG_OWNER='abeer-araby' AIRFLOW_CTX_DAG_ID='Units_statistics_DAG' AIRFLOW_CTX_TASK_ID='ETL_job' AIRFLOW_CTX_EXECUTION_DATE='2024-04-24T07:00:00+00:00' AIRFLOW_CTX_TRY_NUMBER='1' AIRFLOW_CTX_DAG_RUN_ID='scheduled__2024-04-24T07:00:00+00:00'
[2024-04-24T07:20:19.358+0000] {Units_dag.py:99} INFO - i: 60000, chunk: 10000
[2024-04-24T07:20:19.359+0000] {Units_dag.py:100} INFO - child token is::: eyJ0eXAiOiJKV1QiLCJhbGciOiJIUzI1NiJ9.eyJpc3MiOiJodHRwczovL2FwaS5hZmFxeS5zYS9hdXRoL2xvZ2luX2FzIiwiaWF0IjoxNzEzOTQzMjA0LCJleHAiOjE3MTY1MzUyMDQsIm5iZiI6MTcxMzk0MzIwNCwianRpIjoiS2t3VFRjOG0yOTY1RG9ncyIsInN1YiI6IjVkNjNlNTFlMDNlZDUyOTJhNDJjMjRlNiIsInBydiI6IjI3MGVjZmM3ZWEzZWQ5MzdlYTg0OTM2MmEzYTUwOTEwYzZkOGNlNGYiLCJsb2dpbl9hc19pZCI6IjY1N2YwYWQ3M2Y5NzcyOTVjZjA1NTc2YSJ9.97lTXrrWrS4uVzsmPKWSAqEXgXQ534eCZJQRw6bhusA
[2024-04-24T07:20:41.088+0000] {Units_dag.py:104} INFO - {'_id': '632884aa818af37c1f05fe62', 'icon': 'icons/D_7.png', 'driver_id': '', 'tailer_id': '', 'profile': {'vehicle_type': None, 'measurement_type': 'count', 'max_capacity': 0, 'vin': None, 'plate_number': '1583 - A S A', 'start_operation': None, 'contract_milage': None, 'opening_milage': None, 'model': None, 'fuel_type': '91', 'year': 0, 'seats': 2}, 'device_password': '***', 'device_type': 'gps', 'gateway': False, 'name': '1583 - A S A', 'operation_code': '', 'device_gateway': '', 'business_types': {'waste': False, 'transportation': True, 'water': False}, 'imei': '357073292774631', 'sim_number': '+966830030809504', 'sim_serial': '21276285201', 'device_serial': '1118904799', 'device': 'teltonika', 'user_id': '62b9a1516bfc54699f7b0c2b', 'created_by': '5e6655bf03ed52e1ab79d301', 'updated_at': '2024-04-18 11:18:59', 'created_at': '2022-09-19 18:03:06', 'shipment_info': None, 'skip_sim_information': False, 'custom_fields': [], 'creator': 'amr.ahmed', 'company': '', 'owner': 'saudi-hemaya-admin', 'last_update': {'dtt': 1713943216000, 'dts': 1713943218482, 'spd': 15, 'ang': 217, 'alt': 1006, 'chPrams': {'Speed': {'v': 15, 'cdt': 1713943214000}, 'output1': {'v': False, 'cdt': 1713925003000}, 'output2': {'v': False, 'cdt': 1713925003000}, 'ePwrV': {'v': 28.665, 'cdt': 1713943216000}, 'parm24': {'v': 15, 'cdt': 1713943214000}, 'sat': {'v': 4, 'cdt': 1713943214000}, 'ai1': {'v': 11319, 'cdt': 1713943216000}, 'type': {'v': 6, 'cdt': 1712251238000}, 'priority': {'v': 0, 'cdt': 1713427352000}, 'di2': {'v': 0, 'cdt': 1713427352000}, 'di1': {'v': 1, 'cdt': 1072915242000}, 'result': {'v': '5665723a30332e32372e31335f3033204750533a41584e5f352e312e392048773a464d42313230204d6f643a333320494d45493a33353730373332393237373436333120496e69743a323032342d342d323420323a313520557074696d653a3631204d41433a303031453432373443423543205350433a312830292041584c3a32204f42443a3020424c3a312e31302042543a34', 'cdt': 1713909934000}, 'parm6': {'v': 174, 'cdt': 1711430380000}, 'protocol': {'v': 'FMB120', 'cdt': 1713925003000}, 'iPwrV': {'v': 0, 'cdt': 1697387773000}, 'event': {'v': 0, 'cdt': 1713427352000}}, 'prms': {'protocol': 'FMB120', 'priority': 0, 'sat': 4, 'event': 0, 'di1': 1, 'output1': 0, 'di2': 0, 'output2': 0, 'ePwrV': 28.665, 'Speed': 15, 'parm24': 15, 'iPwrV': 0, 'ai1': 11319, 'parm6': 174}, 'devPrms': ['Speed', 'output1', 'output2', 'ePwrV', 'parm24', 'sat', 'ai1', 'priority', 'di2', 'type', 'di1', 'result', 'protocol', 'parm6', 'iPwrV', 'event'], 'old_params': {'protocol': 'FMB120', 'priority': 0, 'sat': 4, 'event': 0, 'di1': 1, 'output1': 0, 'di2': 0, 'output2': 0, 'ePwrV': 28.645, 'Speed': 15, 'parm24': 15, 'iPwrV': 0, 'ai1': 11159, 'parm6': 174}, 'vLoc': 1, 'vCon': 1, 'ip': '51.36.58.134', 'rl': 0.0114, 'trl': 180226.468, 'mdu': 2, 'tmdu': 10572491, 'eidl': 0, 'teidl': 10396364, 'fc': 0.001368, 'tfc': 33.94866, 'acc': 1, 'accOn': 265393108897, 'accOff': 121845390333, 'sdu': 0, 'tsdu': 0, 'lat': 22.0927016, 'lng': 41.2659}, 'counters': {'odometer_type': 'gps', 'odometer': 180226.4651, 'engine_hours_type': 'acc', 'engine_hours': 265393108897, 'last_acc': 1}, 'is_wasl_connected': 'Connected', 'iconUrl': 'https://api.afaqy.sa/images/units/icons/D_7.png', 'hasCCTV': False}
[2024-04-24T07:20:41.612+0000] {warnings.py:109} WARNING - /home/***/.local/lib/python3.8/site-packages/elasticsearch/_sync/client/__init__.py:399: SecurityWarning: Connecting to 'https://dbelk3.afaqy.local:9200' using TLS with verify_certs=False is insecure
  _transport = transport_class(

[2024-04-24T07:20:41.657+0000] {warnings.py:109} WARNING - /home/***/.local/lib/python3.8/site-packages/elasticsearch/_sync/client/__init__.py:399: SecurityWarning: Connecting to 'https://dbelk2.afaqy.local:9200' using TLS with verify_certs=False is insecure
  _transport = transport_class(

[2024-04-24T07:20:41.699+0000] {warnings.py:109} WARNING - /home/***/.local/lib/python3.8/site-packages/elasticsearch/_sync/client/__init__.py:399: SecurityWarning: Connecting to 'https://dbelk1.afaqy.local:9200' using TLS with verify_certs=False is insecure
  _transport = transport_class(

[2024-04-24T07:20:41.719+0000] {warnings.py:109} WARNING - /home/***/.local/lib/python3.8/site-packages/urllib3/connectionpool.py:1061: InsecureRequestWarning: Unverified HTTPS request is being made to host 'dbelk3.afaqy.local'. Adding certificate verification is strongly advised. See: https://urllib3.readthedocs.io/en/1.26.x/advanced-usage.html#ssl-warnings
  warnings.warn(

[2024-04-24T07:20:41.824+0000] {_transport.py:335} INFO - GET https://dbelk3.afaqy.local:9200/_cluster/health [status:200 duration:0.123s]
[2024-04-24T07:20:42.415+0000] {warnings.py:109} WARNING - /home/***/.local/lib/python3.8/site-packages/urllib3/connectionpool.py:1061: InsecureRequestWarning: Unverified HTTPS request is being made to host 'dbelk2.afaqy.local'. Adding certificate verification is strongly advised. See: https://urllib3.readthedocs.io/en/1.26.x/advanced-usage.html#ssl-warnings
  warnings.warn(

[2024-04-24T07:20:44.589+0000] {_transport.py:335} INFO - PUT https://dbelk2.afaqy.local:9200/units_statistics_***/_bulk [status:200 duration:2.204s]
[2024-04-24T07:20:44.861+0000] {python.py:202} INFO - Done. Returned value was: None
[2024-04-24T07:20:44.875+0000] {taskinstance.py:1149} INFO - Marking task as SUCCESS. dag_id=Units_statistics_DAG, task_id=ETL_job, map_index=6, execution_date=20240424T070000, start_date=20240424T072018, end_date=20240424T072044
[2024-04-24T07:20:44.971+0000] {local_task_job_runner.py:234} INFO - Task exited with return code 0
[2024-04-24T07:20:45.004+0000] {taskinstance.py:3312} INFO - 0 downstream tasks scheduled from follow-on schedule check
