[2024-04-22T14:40:14.432+0000] {taskinstance.py:1979} INFO - Dependencies all met for dep_context=non-requeueable deps ti=<TaskInstance: Units_statistics_DAG.ETL_job scheduled__2024-04-22T14:20:00+00:00 map_index=9 [queued]>
[2024-04-22T14:40:14.515+0000] {taskinstance.py:1979} INFO - Dependencies all met for dep_context=requeueable deps ti=<TaskInstance: Units_statistics_DAG.ETL_job scheduled__2024-04-22T14:20:00+00:00 map_index=9 [queued]>
[2024-04-22T14:40:14.515+0000] {taskinstance.py:2193} INFO - Starting attempt 1 of 4
[2024-04-22T14:40:14.659+0000] {taskinstance.py:2217} INFO - Executing <Mapped(_PythonDecoratedOperator): ETL_job> on 2024-04-22 14:20:00+00:00
[2024-04-22T14:40:14.720+0000] {standard_task_runner.py:87} INFO - Running: ['***', 'tasks', 'run', 'Units_statistics_DAG', 'ETL_job', 'scheduled__2024-04-22T14:20:00+00:00', '--job-id', '11500', '--raw', '--subdir', 'DAGS_FOLDER/Units_dag.py', '--cfg-path', '/tmp/tmp9e70381t', '--map-index', '9']
[2024-04-22T14:40:14.732+0000] {standard_task_runner.py:88} INFO - Job 11500: Subtask ETL_job
[2024-04-22T14:40:14.692+0000] {standard_task_runner.py:60} INFO - Started process 473310 to run task
[2024-04-22T14:40:15.021+0000] {task_command.py:423} INFO - Running <TaskInstance: Units_statistics_DAG.ETL_job scheduled__2024-04-22T14:20:00+00:00 map_index=9 [running]> on host a09da322e808
[2024-04-22T14:40:15.599+0000] {taskinstance.py:2513} INFO - Exporting env vars: AIRFLOW_CTX_DAG_OWNER='abeer-araby' AIRFLOW_CTX_DAG_ID='Units_statistics_DAG' AIRFLOW_CTX_TASK_ID='ETL_job' AIRFLOW_CTX_EXECUTION_DATE='2024-04-22T14:20:00+00:00' AIRFLOW_CTX_TRY_NUMBER='1' AIRFLOW_CTX_DAG_RUN_ID='scheduled__2024-04-22T14:20:00+00:00'
[2024-04-22T14:40:15.601+0000] {Units_dag.py:99} INFO - i: 90000, chunk: 10000
[2024-04-22T14:40:15.601+0000] {Units_dag.py:100} INFO - child token is::: eyJ0eXAiOiJKV1QiLCJhbGciOiJIUzI1NiJ9.eyJpc3MiOiJodHRwczovL2FwaS5hZmFxeS5zYS9hdXRoL2xvZ2luX2FzIiwiaWF0IjoxNzEzNzk2ODA0LCJleHAiOjE3MTYzODg4MDQsIm5iZiI6MTcxMzc5NjgwNCwianRpIjoielNNMDVkaEViMEZaanVtSyIsInN1YiI6IjVkNjNlNTFlMDNlZDUyOTJhNDJjMjRlNiIsInBydiI6IjI3MGVjZmM3ZWEzZWQ5MzdlYTg0OTM2MmEzYTUwOTEwYzZkOGNlNGYiLCJsb2dpbl9hc19pZCI6IjY1N2YwYWQ3M2Y5NzcyOTVjZjA1NTc2YSJ9.7xCaGeOD2iTJNNgKOqsgk282O2tOoaxfTZP5p7kjIxo
[2024-04-22T14:40:46.893+0000] {Units_dag.py:104} INFO - {'_id': '640bfa154cd7b91fb3179672', 'icon': 'icons/icon.png', 'driver_id': '', 'tailer_id': '', 'profile': {'vehicle_type': '', 'measurement_type': 'count', 'max_capacity': 0, 'vin': '', 'plate_number': '', 'start_operation': '', 'contract_milage': '', 'opening_milage': '', 'model': '', 'fuel_type': '91', 'year': 0, 'seats': 2}, 'device_password': '***', 'device_type': 'gps', 'gateway': False, 'name': 'ب ح أ 639', 'operation_code': '', 'imei': '863540061955754', 'sim_number': '+966212967268238', 'sim_serial': '8996604212967268238', 'device_serial': '1130042339', 'device': 'teltonika', 'created_by': '5e539d8203ed52f71d634478', 'user_id': '5e539d8203ed52f71d634478', 'updated_at': '2024-04-18 11:18:59', 'created_at': '2023-03-11 06:48:37', 'business_types': {'waste': False, 'transportation': True, 'water': False, 'hajj': False}, 'device_gateway': '', 'custom_fields': [], 'creator': 'aemallamar', 'company': '', 'owner': 'aemallamar', 'last_update': {'dtt': 1713796782000, 'dts': 1713796786292, 'spd': 0, 'ang': 158, 'alt': 169, 'chPrams': {'parm76': {'v': 0, 'cdt': 1712291893000}, 'output1': {'v': False, 'cdt': 1713763994000}, 'output2': {'v': False, 'cdt': 1713763994000}, 'motion': {'v': False, 'cdt': 1713788370000}, 'ePwrV': {'v': 26.652, 'cdt': 1713796782000}, 'sat': {'v': 15, 'cdt': 1713796782000}, 'ai1': {'v': 43, 'cdt': 1709713777000}, 'priority': {'v': 0, 'cdt': 1713789268000}, 'di2': {'v': 0, 'cdt': 1678512824000}, 'type': {'v': 6, 'cdt': 1712565155000}, 'di1': {'v': 0, 'cdt': 1713788366000}, 'temp1': {'v': 0, 'cdt': 1712897242000}, 'result': {'v': '5665723a30332e32372e31335f3534204750533a41584e5f352e312e392048773a464d43313330204d6f643a3420494d45493a38363335343030363139353537353420496e69743a323032342d332d32302031343a343520557074696d653a32383331313136204d41433a354237343830343636323631205350433a312830292041584c3a32204f42443a3020424c3a312e31302042543a34', 'cdt': 1713781948000}, 'protocol': {'v': 'FMC130', 'cdt': 1713763994000}, 'parm6': {'v': 43, 'cdt': 1712291893000}, 'temp5': {'v': 30, 'cdt': 1712897242000}, 'iPwrV': {'v': 4, 'cdt': 1713788827000}, 'event': {'v': 0, 'cdt': 1713788376000}, 'humidity86': {'v': 300, 'cdt': 1712897242000}}, 'prms': {'protocol': 'FMC130', 'priority': 0, 'sat': 15, 'event': 0, 'di1': 0, 'motion': 0, 'output1': 0, 'di2': 0, 'output2': 0, 'ePwrV': 26.652, 'iPwrV': 4, 'ai1': 43, 'parm6': 43, 'temp5': 30, 'humidity86': 300, 'temp1': 0, 'parm76': 0}, 'devPrms': ['protocol', 'priority', 'sat', 'event', 'di1', 'motion', 'output1', 'di2', 'output2', 'ePwrV', 'iPwrV', 'ai1', 'parm6', 'temp5', 'humidity86', 'temp1', 'parm76'], 'old_params': {'parm76': 0, 'output1': 0, 'output2': 0, 'motion': 0, 'ePwrV': 26.651, 'sat': 13, 'ai1': 43, 'priority': 0, 'di2': 0, 'di1': 0, 'temp1': 0, 'protocol': 'teltonika', 'parm6': 43, 'temp5': 30, 'iPwrV': 4, 'event': 0, 'humidity86': 300}, 'vLoc': 1, 'vCon': 1, 'ip': '51.36.6.38', 'rl': 0, 'trl': 8633.6998, 'mdu': 0, 'tmdu': 803598, 'eidl': 0, 'teidl': 4584597, 'fc': 0, 'tfc': 0, 'acc': 0, 'accOn': 14643908, 'accOff': 39643485, 'sdu': 301, 'tsdu': 8417, 'lat': 25.7515816, 'lng': 49.5119649}, 'counters': {'odometer_type': 'gps', 'odometer': 8633.6974, 'engine_hours_type': 'acc', 'engine_hours': 14643908, 'last_acc': 0}, 'is_wasl_connected': 'Not Connected', 'iconUrl': 'https://api.afaqy.sa/images/units/icons/icon.png', 'hasCCTV': False}
[2024-04-22T14:40:49.152+0000] {warnings.py:109} WARNING - /home/***/.local/lib/python3.8/site-packages/elasticsearch/_sync/client/__init__.py:399: SecurityWarning: Connecting to 'https://dbelk3.afaqy.local:9200' using TLS with verify_certs=False is insecure
  _transport = transport_class(

[2024-04-22T14:40:49.365+0000] {warnings.py:109} WARNING - /home/***/.local/lib/python3.8/site-packages/elasticsearch/_sync/client/__init__.py:399: SecurityWarning: Connecting to 'https://dbelk1.afaqy.local:9200' using TLS with verify_certs=False is insecure
  _transport = transport_class(

[2024-04-22T14:40:49.471+0000] {warnings.py:109} WARNING - /home/***/.local/lib/python3.8/site-packages/elasticsearch/_sync/client/__init__.py:399: SecurityWarning: Connecting to 'https://dbelk2.afaqy.local:9200' using TLS with verify_certs=False is insecure
  _transport = transport_class(

[2024-04-22T14:40:49.491+0000] {warnings.py:109} WARNING - /home/***/.local/lib/python3.8/site-packages/urllib3/connectionpool.py:1061: InsecureRequestWarning: Unverified HTTPS request is being made to host 'dbelk3.afaqy.local'. Adding certificate verification is strongly advised. See: https://urllib3.readthedocs.io/en/1.26.x/advanced-usage.html#ssl-warnings
  warnings.warn(

[2024-04-22T14:40:49.623+0000] {_transport.py:335} INFO - GET https://dbelk3.afaqy.local:9200/_cluster/health [status:200 duration:0.149s]
[2024-04-22T14:40:50.779+0000] {warnings.py:109} WARNING - /home/***/.local/lib/python3.8/site-packages/urllib3/connectionpool.py:1061: InsecureRequestWarning: Unverified HTTPS request is being made to host 'dbelk1.afaqy.local'. Adding certificate verification is strongly advised. See: https://urllib3.readthedocs.io/en/1.26.x/advanced-usage.html#ssl-warnings
  warnings.warn(

[2024-04-22T14:40:54.279+0000] {_transport.py:335} INFO - PUT https://dbelk1.afaqy.local:9200/units_statistics_***/_bulk [status:200 duration:3.528s]
[2024-04-22T14:40:54.910+0000] {python.py:202} INFO - Done. Returned value was: None
[2024-04-22T14:40:54.955+0000] {taskinstance.py:1149} INFO - Marking task as SUCCESS. dag_id=Units_statistics_DAG, task_id=ETL_job, map_index=9, execution_date=20240422T142000, start_date=20240422T144014, end_date=20240422T144054
[2024-04-22T14:40:55.125+0000] {local_task_job_runner.py:234} INFO - Task exited with return code 0
[2024-04-22T14:40:55.228+0000] {taskinstance.py:3312} INFO - 0 downstream tasks scheduled from follow-on schedule check
