[2024-05-13T08:00:19.536+0000] {local_task_job_runner.py:120} INFO - ::group::Pre task execution logs
[2024-05-13T08:00:19.796+0000] {taskinstance.py:2076} INFO - Dependencies all met for dep_context=non-requeueable deps ti=<TaskInstance: Units_statistics_DAG.ETL_job scheduled__2024-05-13T07:40:00+00:00 map_index=7 [queued]>
[2024-05-13T08:00:19.917+0000] {taskinstance.py:2076} INFO - Dependencies all met for dep_context=requeueable deps ti=<TaskInstance: Units_statistics_DAG.ETL_job scheduled__2024-05-13T07:40:00+00:00 map_index=7 [queued]>
[2024-05-13T08:00:19.922+0000] {taskinstance.py:2306} INFO - Starting attempt 1 of 4
[2024-05-13T08:00:20.106+0000] {taskinstance.py:2330} INFO - Executing <Mapped(_PythonDecoratedOperator): ETL_job> on 2024-05-13 07:40:00+00:00
[2024-05-13T08:00:20.182+0000] {warnings.py:110} WARNING - /home/***/.local/lib/python3.12/site-packages/***/task/task_runner/standard_task_runner.py:61: DeprecationWarning: This process (pid=14855) is multi-threaded, use of fork() may lead to deadlocks in the child.
  pid = os.fork()

[2024-05-13T08:00:20.187+0000] {standard_task_runner.py:63} INFO - Started process 14861 to run task
[2024-05-13T08:00:20.205+0000] {standard_task_runner.py:90} INFO - Running: ['***', 'tasks', 'run', 'Units_statistics_DAG', 'ETL_job', 'scheduled__2024-05-13T07:40:00+00:00', '--job-id', '55526', '--raw', '--subdir', 'DAGS_FOLDER/Units_dag.py', '--cfg-path', '/tmp/tmpqvw5vt33', '--map-index', '7']
[2024-05-13T08:00:20.211+0000] {standard_task_runner.py:91} INFO - Job 55526: Subtask ETL_job
[2024-05-13T08:00:20.465+0000] {task_command.py:426} INFO - Running <TaskInstance: Units_statistics_DAG.ETL_job scheduled__2024-05-13T07:40:00+00:00 map_index=7 [running]> on host 7138d7e072c5
[2024-05-13T08:00:21.342+0000] {taskinstance.py:2648} INFO - Exporting env vars: AIRFLOW_CTX_DAG_OWNER='abeer-araby' AIRFLOW_CTX_DAG_ID='Units_statistics_DAG' AIRFLOW_CTX_TASK_ID='ETL_job' AIRFLOW_CTX_EXECUTION_DATE='2024-05-13T07:40:00+00:00' AIRFLOW_CTX_TRY_NUMBER='1' AIRFLOW_CTX_DAG_RUN_ID='scheduled__2024-05-13T07:40:00+00:00'
[2024-05-13T08:00:21.352+0000] {taskinstance.py:430} INFO - ::endgroup::
[2024-05-13T08:00:21.353+0000] {Units_dag.py:98} INFO - i: 70000, chunk: 10000
[2024-05-13T08:00:21.353+0000] {Units_dag.py:99} INFO - child token is::: eyJ0eXAiOiJKV1QiLCJhbGciOiJIUzI1NiJ9.eyJpc3MiOiJodHRwczovL2FwaS5hZmFxeS5zYS9hdXRoL2xvZ2luX2FzIiwiaWF0IjoxNzE1NTg3MjAzLCJleHAiOjE3MTgxNzkyMDMsIm5iZiI6MTcxNTU4NzIwMywianRpIjoiV3ppSTI0dnFvQlRQVXJLcyIsInN1YiI6IjVkNjNlNTFlMDNlZDUyOTJhNDJjMjRlNiIsInBydiI6IjI3MGVjZmM3ZWEzZWQ5MzdlYTg0OTM2MmEzYTUwOTEwYzZkOGNlNGYiLCJsb2dpbl9hc19pZCI6IjY1N2YwYWQ3M2Y5NzcyOTVjZjA1NTc2YSJ9.J2H2428mB267vEQR4d-8TK_NveC5bX_PfgtfmXWU2EE
[2024-05-13T08:00:52.106+0000] {Units_dag.py:103} INFO - {'_id': '63a7f8d990c08a773e6230f6', 'icon': 'icons/icon.png', 'driver_id': '', 'tailer_id': '', 'profile': {'vehicle_type': None, 'measurement_type': 'count', 'max_capacity': 0, 'vin': None, 'plate_number': '1852 - V D R', 'start_operation': None, 'contract_milage': None, 'opening_milage': None, 'model': None, 'fuel_type': '91', 'year': 0, 'seats': 2}, 'device_password': '***', 'device_type': 'gps', 'gateway': False, 'name': 'VDR1852', 'operation_code': '', 'device_gateway': '', 'business_types': {'waste': False, 'transportation': True, 'water': False}, 'imei': '866907057585399', 'sim_number': '+966830030948657', 'sim_serial': '21294045053', 'device_serial': '1125889206', 'device': 'teltonika', 'user_id': '5edc9ce503ed5252d3361fa8', 'created_by': '5e6655bf03ed52e1ab79d301', 'updated_at': '2024-04-18 11:18:59', 'created_at': '2022-12-25 10:16:41', 'custom_fields': [], 'creator': 'amr.ahmed', 'company': '', 'owner': 'hertz-admin', 'last_update': {'dtt': 1715587049000, 'dts': 1715587053433, 'spd': 0, 'ang': 35, 'alt': 608, 'chPrams': {'output1': {'v': False, 'cdt': 1715516124000}, 'output2': {'v': False, 'cdt': 1715516124000}, 'ePwrV': {'v': 12.052, 'cdt': 1715587049000}, 'sat': {'v': 18, 'cdt': 1715587049000}, 'ai1': {'v': 0, 'cdt': 1713600992000}, 'priority': {'v': 0, 'cdt': 1715412441000}, 'di2': {'v': 0, 'cdt': 1713600992000}, 'type': {'v': 6, 'cdt': 1714253587000}, 'di1': {'v': 0, 'cdt': 1715412140000}, 'result': {'v': '5665723a30332e32372e31335f3534204750533a41584e5f352e312e392048773a464d43313330204d6f643a3420494d45493a38363639303730353735383533393920496e69743a323032342d342d32312031353a353920557074696d653a31373035353732204d41433a303031453432353934363036205350433a312830292041584c3a32204f42443a3020424c3a312e31302042543a34', 'cdt': 1715586748000}, 'protocol': {'v': 'FMC130', 'cdt': 1715516124000}, 'parm6': {'v': 0, 'cdt': 1713123450000}, 'iPwrV': {'v': 4.014, 'cdt': 1715514021000}, 'event': {'v': 0, 'cdt': 1715412441000}}, 'prms': {'protocol': 'FMC130', 'priority': 0, 'sat': 18, 'event': 0, 'di1': 0, 'output1': 0, 'di2': 0, 'output2': 0, 'ePwrV': 12.052, 'iPwrV': 4.014, 'ai1': 0, 'parm6': 0}, 'devPrms': ['protocol', 'priority', 'sat', 'event', 'di1', 'output1', 'di2', 'output2', 'ePwrV', 'iPwrV', 'ai1', 'parm6', 'type', 'result'], 'old_params': {'protocol': 'FMC130', 'priority': 0, 'sat': 17, 'event': 0, 'di1': 0, 'output1': 0, 'di2': 0, 'output2': 0, 'ePwrV': 12.074, 'iPwrV': 4.014, 'ai1': 0, 'parm6': 0, 'type': 6, 'result': '5665723a30332e32372e31335f3534204750533a41584e5f352e312e392048773a464d43313330204d6f643a3420494d45493a38363639303730353735383533393920496e69743a323032342d342d32312031353a353920557074696d653a31373035353732204d41433a303031453432353934363036205350433a312830292041584c3a32204f42443a3020424c3a312e31302042543a34'}, 'vLoc': 1, 'vCon': 1, 'ip': '51.39.24.198', 'rl': 0, 'trl': 15561.264, 'mdu': 0, 'tmdu': 1014823, 'eidl': 0, 'teidl': 672116, 'fc': 0, 'tfc': 4.22364, 'acc': 0, 'accOn': 14997312, 'accOff': 42358335, 'sdu': 301, 'tsdu': 174909, 'lat': 24.9184933, 'lng': 46.7068066}, 'counters': {'odometer_type': 'gps', 'odometer': 15561.2605, 'engine_hours_type': 'acc', 'engine_hours': 14997312, 'last_acc': 0}, 'is_wasl_connected': 'Not Connected', 'iconUrl': 'https://api.afaqy.sa/images/units/icons/icon.png', 'hasCCTV': False}
[2024-05-13T08:00:55.097+0000] {warnings.py:110} WARNING - /home/***/.local/lib/python3.12/site-packages/elasticsearch/_sync/client/__init__.py:399: SecurityWarning: Connecting to 'https://dbelk3.afaqy.local:9200' using TLS with verify_certs=False is insecure
  _transport = transport_class(

[2024-05-13T08:00:55.492+0000] {warnings.py:110} WARNING - /home/***/.local/lib/python3.12/site-packages/elasticsearch/_sync/client/__init__.py:399: SecurityWarning: Connecting to 'https://dbelk1.afaqy.local:9200' using TLS with verify_certs=False is insecure
  _transport = transport_class(

[2024-05-13T08:00:55.614+0000] {warnings.py:110} WARNING - /home/***/.local/lib/python3.12/site-packages/elasticsearch/_sync/client/__init__.py:399: SecurityWarning: Connecting to 'https://dbelk2.afaqy.local:9200' using TLS with verify_certs=False is insecure
  _transport = transport_class(

[2024-05-13T08:00:55.648+0000] {warnings.py:110} WARNING - /home/***/.local/lib/python3.12/site-packages/urllib3/connectionpool.py:1103: InsecureRequestWarning: Unverified HTTPS request is being made to host 'dbelk3.afaqy.local'. Adding certificate verification is strongly advised. See: https://urllib3.readthedocs.io/en/latest/advanced-usage.html#tls-warnings
  warnings.warn(

[2024-05-13T08:00:58.307+0000] {_transport.py:349} INFO - GET https://dbelk3.afaqy.local:9200/_cluster/health [status:200 duration:2.690s]
[2024-05-13T08:00:59.367+0000] {warnings.py:110} WARNING - /home/***/.local/lib/python3.12/site-packages/urllib3/connectionpool.py:1103: InsecureRequestWarning: Unverified HTTPS request is being made to host 'dbelk1.afaqy.local'. Adding certificate verification is strongly advised. See: https://urllib3.readthedocs.io/en/latest/advanced-usage.html#tls-warnings
  warnings.warn(

[2024-05-13T08:01:01.192+0000] {_transport.py:349} INFO - PUT https://dbelk1.afaqy.local:9200/units_statistics_***/_bulk [status:200 duration:1.843s]
[2024-05-13T08:01:01.479+0000] {python.py:237} INFO - Done. Returned value was: None
[2024-05-13T08:01:01.479+0000] {taskinstance.py:441} INFO - ::group::Post task execution logs
[2024-05-13T08:01:01.494+0000] {taskinstance.py:1206} INFO - Marking task as SUCCESS. dag_id=Units_statistics_DAG, task_id=ETL_job, run_id=scheduled__2024-05-13T07:40:00+00:00, map_index=7, execution_date=20240513T074000, start_date=20240513T080019, end_date=20240513T080101
[2024-05-13T08:01:01.561+0000] {local_task_job_runner.py:240} INFO - Task exited with return code 0
[2024-05-13T08:01:01.594+0000] {taskinstance.py:3498} INFO - 0 downstream tasks scheduled from follow-on schedule check
[2024-05-13T08:01:01.599+0000] {local_task_job_runner.py:222} INFO - ::endgroup::
