[2024-05-13T13:21:52.270+0000] {local_task_job_runner.py:120} INFO - ::group::Pre task execution logs
[2024-05-13T13:21:52.326+0000] {taskinstance.py:2076} INFO - Dependencies all met for dep_context=non-requeueable deps ti=<TaskInstance: Units_statistics_DAG.ETL_job scheduled__2024-05-13T13:00:00+00:00 map_index=9 [queued]>
[2024-05-13T13:21:52.351+0000] {taskinstance.py:2076} INFO - Dependencies all met for dep_context=requeueable deps ti=<TaskInstance: Units_statistics_DAG.ETL_job scheduled__2024-05-13T13:00:00+00:00 map_index=9 [queued]>
[2024-05-13T13:21:52.352+0000] {taskinstance.py:2306} INFO - Starting attempt 2 of 4
[2024-05-13T13:21:52.381+0000] {taskinstance.py:2330} INFO - Executing <Mapped(_PythonDecoratedOperator): ETL_job> on 2024-05-13 13:00:00+00:00
[2024-05-13T13:21:52.392+0000] {warnings.py:110} WARNING - /home/***/.local/lib/python3.12/site-packages/***/task/task_runner/standard_task_runner.py:61: DeprecationWarning: This process (pid=19544) is multi-threaded, use of fork() may lead to deadlocks in the child.
  pid = os.fork()

[2024-05-13T13:21:52.395+0000] {standard_task_runner.py:63} INFO - Started process 19545 to run task
[2024-05-13T13:21:52.399+0000] {standard_task_runner.py:90} INFO - Running: ['***', 'tasks', 'run', 'Units_statistics_DAG', 'ETL_job', 'scheduled__2024-05-13T13:00:00+00:00', '--job-id', '55919', '--raw', '--subdir', 'DAGS_FOLDER/Units_dag.py', '--cfg-path', '/tmp/tmpx8_vkf8x', '--map-index', '9']
[2024-05-13T13:21:52.402+0000] {standard_task_runner.py:91} INFO - Job 55919: Subtask ETL_job
[2024-05-13T13:21:52.500+0000] {task_command.py:426} INFO - Running <TaskInstance: Units_statistics_DAG.ETL_job scheduled__2024-05-13T13:00:00+00:00 map_index=9 [running]> on host 7138d7e072c5
[2024-05-13T13:21:52.727+0000] {taskinstance.py:2648} INFO - Exporting env vars: AIRFLOW_CTX_DAG_OWNER='abeer-araby' AIRFLOW_CTX_DAG_ID='Units_statistics_DAG' AIRFLOW_CTX_TASK_ID='ETL_job' AIRFLOW_CTX_EXECUTION_DATE='2024-05-13T13:00:00+00:00' AIRFLOW_CTX_TRY_NUMBER='2' AIRFLOW_CTX_DAG_RUN_ID='scheduled__2024-05-13T13:00:00+00:00'
[2024-05-13T13:21:52.729+0000] {taskinstance.py:430} INFO - ::endgroup::
[2024-05-13T13:21:52.731+0000] {Units_dag.py:98} INFO - i: 90000, chunk: 10000
[2024-05-13T13:21:52.731+0000] {Units_dag.py:99} INFO - child token is::: eyJ0eXAiOiJKV1QiLCJhbGciOiJIUzI1NiJ9.eyJpc3MiOiJodHRwczovL2FwaS5hZmFxeS5zYS9hdXRoL2xvZ2luX2FzIiwiaWF0IjoxNzE1NjA2NDA1LCJleHAiOjE3MTgxOTg0MDUsIm5iZiI6MTcxNTYwNjQwNSwianRpIjoicWdtbWVHUEY0WmlRcU1GWSIsInN1YiI6IjVkNjNlNTFlMDNlZDUyOTJhNDJjMjRlNiIsInBydiI6IjI3MGVjZmM3ZWEzZWQ5MzdlYTg0OTM2MmEzYTUwOTEwYzZkOGNlNGYiLCJsb2dpbl9hc19pZCI6IjY1N2YwYWQ3M2Y5NzcyOTVjZjA1NTc2YSJ9.WE6V4hojWKb2q7x0QIsZI4uRkYFg9x2cyBJo-rUaIhA
[2024-05-13T13:22:11.184+0000] {Units_dag.py:103} INFO - {'_id': '640f24685790cb653375c443', 'icon': 'icons/icon.png', 'driver_id': '', 'tailer_id': '', 'profile': {'vehicle_type': '', 'measurement_type': 'count', 'max_capacity': 0, 'vin': '', 'plate_number': '', 'start_operation': '', 'contract_milage': '', 'opening_milage': '', 'model': '', 'fuel_type': '91', 'year': 0, 'seats': 2}, 'device_password': '***', 'device_type': 'gps', 'gateway': False, 'name': '4397 A E J', 'operation_code': '', 'device_gateway': '', 'business_types': {'waste': False, 'transportation': True, 'water': False}, 'imei': '350424066449735', 'sim_number': '+966830030954069', 'sim_serial': '21294048950', 'device_serial': '1125832360', 'device': 'teltonika', 'user_id': '62693bbb07a96a0b2714bff8', 'created_by': '5e6655bf03ed52e1ab79d301', 'updated_at': '2024-04-18 11:18:59', 'created_at': '2023-03-13 16:26:00', 'skip_sim_information': '', 'custom_fields': [], 'creator': 'amr.ahmed', 'company': '', 'owner': 'hawadij-rental-admin', 'last_update': {'dtt': 1715606487000, 'dts': 1715606490234, 'spd': 0, 'ang': 229, 'alt': 166, 'chPrams': {'Speed': {'v': 0, 'cdt': 1715606457000}, 'output1': {'v': False, 'cdt': 1715448124000}, 'output2': {'v': False, 'cdt': 1715448124000}, 'ePwrV': {'v': 13.948, 'cdt': 1715606487000}, 'parm24': {'v': 0, 'cdt': 1715606457000}, 'sat': {'v': 12, 'cdt': 1715606457000}, 'ai1': {'v': 172, 'cdt': 1715605481000}, 'di2': {'v': 0, 'cdt': 1713123422000}, 'type': {'v': 6, 'cdt': 1713443929000}, 'priority': {'v': 0, 'cdt': 1715428156000}, 'di1': {'v': 1, 'cdt': 1715606417000}, 'result': {'v': '5665723a30332e32372e31335f3033204750533a41584e5f352e312e392048773a464d42313230204d6f643a333320494d45493a33353034323430363634343937333520496e69743a323032342d342d32342032303a343020557074696d653a31353435363032204d41433a333838413231304130304441205350433a312830292041584c3a32204f42443a3020424c3a312e31302042543a34', 'cdt': 1715539308000}, 'protocol': {'v': 'FMB120', 'cdt': 1715539072000}, 'parm6': {'v': 172, 'cdt': 1715605481000}, 'iPwrV': {'v': 4.067, 'cdt': 1715606457000}, 'event': {'v': 0, 'cdt': 1715428156000}}, 'prms': {'protocol': 'FMB120', 'priority': 0, 'sat': 12, 'event': 0, 'di1': 1, 'output1': 0, 'di2': 0, 'output2': 0, 'ePwrV': 13.948, 'Speed': 0, 'parm24': 0, 'iPwrV': 4.067, 'ai1': 172, 'parm6': 172}, 'devPrms': ['protocol', 'priority', 'sat', 'event', 'di1', 'output1', 'di2', 'output2', 'ePwrV', 'Speed', 'parm24', 'iPwrV', 'ai1', 'parm6'], 'old_params': {'protocol': 'FMB120', 'priority': 0, 'sat': 12, 'event': 0, 'di1': 1, 'output1': 0, 'di2': 0, 'output2': 0, 'ePwrV': 13.865, 'Speed': 0, 'parm24': 0, 'iPwrV': 4.067, 'ai1': 172, 'parm6': 172}, 'vLoc': 1, 'vCon': 1, 'ip': '51.39.12.185', 'rl': 0.004, 'trl': 146394.4445, 'mdu': 0, 'tmdu': 11308252, 'eidl': 30, 'teidl': 3345883, 'fc': 0.00048, 'tfc': 2370.849216, 'acc': 1, 'accOn': 14991514, 'accOff': 21870968, 'sdu': 0, 'tsdu': 0, 'lat': 25.4188999, 'lng': 49.5604983}, 'counters': {'odometer_type': 'gps', 'odometer': 362295.4442, 'engine_hours_type': 'acc', 'engine_hours': 14991514, 'last_acc': 1}, 'is_wasl_connected': 'Not Connected', 'iconUrl': 'https://api.afaqy.sa/images/units/icons/icon.png', 'hasCCTV': False}
[2024-05-13T13:22:11.808+0000] {warnings.py:110} WARNING - /home/***/.local/lib/python3.12/site-packages/elasticsearch/_sync/client/__init__.py:399: SecurityWarning: Connecting to 'https://dbelk2.afaqy.local:9200' using TLS with verify_certs=False is insecure
  _transport = transport_class(

[2024-05-13T13:22:11.867+0000] {warnings.py:110} WARNING - /home/***/.local/lib/python3.12/site-packages/elasticsearch/_sync/client/__init__.py:399: SecurityWarning: Connecting to 'https://dbelk1.afaqy.local:9200' using TLS with verify_certs=False is insecure
  _transport = transport_class(

[2024-05-13T13:22:12.240+0000] {warnings.py:110} WARNING - /home/***/.local/lib/python3.12/site-packages/elasticsearch/_sync/client/__init__.py:399: SecurityWarning: Connecting to 'https://dbelk3.afaqy.local:9200' using TLS with verify_certs=False is insecure
  _transport = transport_class(

[2024-05-13T13:22:12.274+0000] {warnings.py:110} WARNING - /home/***/.local/lib/python3.12/site-packages/urllib3/connectionpool.py:1103: InsecureRequestWarning: Unverified HTTPS request is being made to host 'dbelk2.afaqy.local'. Adding certificate verification is strongly advised. See: https://urllib3.readthedocs.io/en/latest/advanced-usage.html#tls-warnings
  warnings.warn(

[2024-05-13T13:22:12.351+0000] {_transport.py:349} INFO - GET https://dbelk2.afaqy.local:9200/_cluster/health [status:200 duration:0.109s]
[2024-05-13T13:22:12.707+0000] {warnings.py:110} WARNING - /home/***/.local/lib/python3.12/site-packages/urllib3/connectionpool.py:1103: InsecureRequestWarning: Unverified HTTPS request is being made to host 'dbelk1.afaqy.local'. Adding certificate verification is strongly advised. See: https://urllib3.readthedocs.io/en/latest/advanced-usage.html#tls-warnings
  warnings.warn(

[2024-05-13T13:22:14.126+0000] {_transport.py:349} INFO - PUT https://dbelk1.afaqy.local:9200/units_statistics_***/_bulk [status:200 duration:1.450s]
[2024-05-13T13:22:14.357+0000] {python.py:237} INFO - Done. Returned value was: None
[2024-05-13T13:22:14.358+0000] {taskinstance.py:441} INFO - ::group::Post task execution logs
[2024-05-13T13:22:14.384+0000] {taskinstance.py:1206} INFO - Marking task as SUCCESS. dag_id=Units_statistics_DAG, task_id=ETL_job, run_id=scheduled__2024-05-13T13:00:00+00:00, map_index=9, execution_date=20240513T130000, start_date=20240513T132152, end_date=20240513T132214
[2024-05-13T13:22:14.436+0000] {local_task_job_runner.py:240} INFO - Task exited with return code 0
[2024-05-13T13:22:14.468+0000] {taskinstance.py:3498} INFO - 0 downstream tasks scheduled from follow-on schedule check
[2024-05-13T13:22:14.473+0000] {local_task_job_runner.py:222} INFO - ::endgroup::
