[2024-05-06T21:01:51.221+0000] {taskinstance.py:1979} INFO - Dependencies all met for dep_context=non-requeueable deps ti=<TaskInstance: Units_statistics_DAG.ETL_job scheduled__2024-05-06T20:40:00+00:00 map_index=12 [queued]>
[2024-05-06T21:01:51.233+0000] {taskinstance.py:1979} INFO - Dependencies all met for dep_context=requeueable deps ti=<TaskInstance: Units_statistics_DAG.ETL_job scheduled__2024-05-06T20:40:00+00:00 map_index=12 [queued]>
[2024-05-06T21:01:51.234+0000] {taskinstance.py:2193} INFO - Starting attempt 2 of 4
[2024-05-06T21:01:51.262+0000] {taskinstance.py:2217} INFO - Executing <Mapped(_PythonDecoratedOperator): ETL_job> on 2024-05-06 20:40:00+00:00
[2024-05-06T21:01:51.270+0000] {standard_task_runner.py:60} INFO - Started process 816814 to run task
[2024-05-06T21:01:51.278+0000] {standard_task_runner.py:87} INFO - Running: ['***', 'tasks', 'run', 'Units_statistics_DAG', 'ETL_job', 'scheduled__2024-05-06T20:40:00+00:00', '--job-id', '36484', '--raw', '--subdir', 'DAGS_FOLDER/Units_dag.py', '--cfg-path', '/tmp/tmpcs6_zvhu', '--map-index', '12']
[2024-05-06T21:01:51.285+0000] {standard_task_runner.py:88} INFO - Job 36484: Subtask ETL_job
[2024-05-06T21:01:51.382+0000] {task_command.py:423} INFO - Running <TaskInstance: Units_statistics_DAG.ETL_job scheduled__2024-05-06T20:40:00+00:00 map_index=12 [running]> on host a09da322e808
[2024-05-06T21:01:51.542+0000] {taskinstance.py:2513} INFO - Exporting env vars: AIRFLOW_CTX_DAG_OWNER='abeer-araby' AIRFLOW_CTX_DAG_ID='Units_statistics_DAG' AIRFLOW_CTX_TASK_ID='ETL_job' AIRFLOW_CTX_EXECUTION_DATE='2024-05-06T20:40:00+00:00' AIRFLOW_CTX_TRY_NUMBER='2' AIRFLOW_CTX_DAG_RUN_ID='scheduled__2024-05-06T20:40:00+00:00'
[2024-05-06T21:01:51.543+0000] {Units_dag.py:99} INFO - i: 120000, chunk: 10000
[2024-05-06T21:01:51.543+0000] {Units_dag.py:100} INFO - child token is::: eyJ0eXAiOiJKV1QiLCJhbGciOiJIUzI1NiJ9.eyJpc3MiOiJodHRwczovL2FwaS5hZmFxeS5zYS9hdXRoL2xvZ2luX2FzIiwiaWF0IjoxNzE1MDI5MjAzLCJleHAiOjE3MTc2MjEyMDMsIm5iZiI6MTcxNTAyOTIwMywianRpIjoiUk1kWE5RdWRBdnVTRjlXRSIsInN1YiI6IjVkNjNlNTFlMDNlZDUyOTJhNDJjMjRlNiIsInBydiI6IjI3MGVjZmM3ZWEzZWQ5MzdlYTg0OTM2MmEzYTUwOTEwYzZkOGNlNGYiLCJsb2dpbl9hc19pZCI6IjY1N2YwYWQ3M2Y5NzcyOTVjZjA1NTc2YSJ9.Ee1cKfJJknU4T9_J1rBngXrzmTEgWLqBFpOy14qoEb8
[2024-05-06T21:02:18.300+0000] {Units_dag.py:104} INFO - {'_id': '64ca6682ee93cb6213056113', 'icon': 'icons/icon.png', 'driver_id': '', 'tailer_id': '', 'profile': {'measurement_type': 'count', 'fuel_type': '91', 'year': 0, 'seats': 2}, 'device_password': '***', 'device_type': 'gps', 'gateway': False, 'business_types': {'waste': False, 'transportation': True, 'water': False}, 'name': '6535 Z J R', 'operation_code': None, 'device_gateway': None, 'skip_sim_information': False, 'imei': '863940058719496', 'sim_number': '+966830028755511', 'sim_serial': '8996609821111311988', 'device_serial': '863940058719496', 'device': 'ruptela', 'user_id': '64c7bac2f1af17551b44b759', 'created_by': '5e6655bf03ed52e1ab79d301', 'updated_at': '2024-04-18 11:18:59', 'created_at': '2023-08-02 17:21:54', 'custom_fields': [], 'creator': 'amr.ahmed', 'company': '', 'owner': 'bander-trading-admin', 'last_update': {'dtt': 1715029210000, 'dts': 1715029211568, 'spd': 0, 'ang': 65, 'alt': 30, 'chPrams': {'gsm': {'v': 20, 'cdt': 1714577568000}, 'io_2_817': {'v': 2000, 'cdt': 1714993392000}, 'io_2_818': {'v': 2000, 'cdt': 1714993392000}, 'ai23': {'v': 213, 'cdt': 1715028876000}, 'ePwrV': {'v': 13.615, 'cdt': 1715029210000}, 'ai22': {'v': 239, 'cdt': 1715029175000}, 'di2': {'v': 0, 'cdt': 1714440822000}, 'operator': {'v': 42003, 'cdt': 1714572682000}, 'di4': {'v': 0, 'cdt': 1714440822000}, 'di3': {'v': 0, 'cdt': 1714440822000}, 'di5': {'v': 1, 'cdt': 1715029171000}, 'protocol': {'v': 'ruptela', 'cdt': 1714393826000}, 'io_8_70': {'v': 0, 'cdt': 1714440822000}, 'io_8_71': {'v': 0, 'cdt': 1714440822000}, 'iPwrV': {'v': 4.113, 'cdt': 1715029171000}, 'event': {'v': 7, 'cdt': 1715029210000}, 'io_1_418': {'v': 1, 'cdt': 1714610560000}, 'move': {'v': 1, 'cdt': 1715029171000}, 'io_2_79': {'v': 2000, 'cdt': 1714993392000}, 'spd': {'v': 0, 'cdt': 1715029210000}, 'sat': {'v': 14, 'cdt': 1715029210000}, 'io_2_78': {'v': 2000, 'cdt': 1714993392000}, 'hdop': {'v': 0.8, 'cdt': 1715029179000}, 'accTemp': {'v': 39, 'cdt': 1715028723000}, 'io_1_406': {'v': 1, 'cdt': 1714440822000}, 'io_1_405': {'v': 1, 'cdt': 1691110623000}}, 'prms': {'protocol': 'ruptela', 'sat': 14, 'spd': 0, 'hdop': 0.8, 'event': 7, 'gsm': 20, 'io_1_418': 1, 'accTemp': 39, 'move': 1, 'di2': 0, 'di3': 0, 'di4': 0, 'di5': 1, 'io_1_405': 1, 'io_1_406': 1, 'ePwrV': 13.615, 'iPwrV': 4.113, 'ai22': 239, 'ai23': 213, 'io_2_78': 2000, 'io_2_79': 2000, 'io_2_817': 2000, 'io_2_818': 2000, 'operator': 42003, 'io_8_70': 0, 'io_8_71': 0}, 'devPrms': ['protocol', 'sat', 'spd', 'hdop', 'event', 'gsm', 'io_1_418', 'accTemp', 'move', 'di2', 'di3', 'di4', 'di5', 'io_1_405', 'io_1_406', 'ePwrV', 'iPwrV', 'ai22', 'ai23', 'io_2_78', 'io_2_79', 'io_2_817', 'io_2_818', 'operator', 'io_8_70', 'io_8_71'], 'old_params': {'protocol': 'ruptela', 'sat': 12, 'spd': 8, 'hdop': 0.8, 'event': 9, 'gsm': 20, 'io_1_418': 1, 'accTemp': 39, 'move': 1, 'di2': 0, 'di3': 0, 'di4': 0, 'di5': 1, 'io_1_405': 1, 'io_1_406': 1, 'ePwrV': 13.629, 'iPwrV': 4.113, 'ai22': 239, 'ai23': 213, 'io_2_78': 2000, 'io_2_79': 2000, 'io_2_817': 2000, 'io_2_818': 2000, 'operator': 42003, 'io_8_70': 0, 'io_8_71': 0}, 'vLoc': 1, 'vCon': 1, 'ip': '37.216.77.64', 'rl': 0.0047, 'trl': 64646.6463, 'mdu': 30, 'tmdu': 5749119, 'eidl': 0, 'teidl': 4837756, 'fc': 0.000564, 'tfc': 479.486928, 'acc': 1, 'accOn': 9531651, 'accOff': 14716098, 'sdu': 0, 'tsdu': 0, 'lat': 21.5517883, 'lng': 39.2012566}, 'counters': {'odometer_type': 'gps', 'odometer': 64646.6463, 'engine_hours_type': 'acc', 'engine_hours': 9531651, 'last_acc': 1}, 'is_wasl_connected': 'Not Connected', 'iconUrl': 'https://api.afaqy.sa/images/units/icons/icon.png', 'hasCCTV': False}
[2024-05-06T21:02:19.466+0000] {warnings.py:109} WARNING - /home/***/.local/lib/python3.8/site-packages/elasticsearch/_sync/client/__init__.py:399: SecurityWarning: Connecting to 'https://dbelk3.afaqy.local:9200' using TLS with verify_certs=False is insecure
  _transport = transport_class(

[2024-05-06T21:02:19.637+0000] {warnings.py:109} WARNING - /home/***/.local/lib/python3.8/site-packages/elasticsearch/_sync/client/__init__.py:399: SecurityWarning: Connecting to 'https://dbelk2.afaqy.local:9200' using TLS with verify_certs=False is insecure
  _transport = transport_class(

[2024-05-06T21:02:19.786+0000] {warnings.py:109} WARNING - /home/***/.local/lib/python3.8/site-packages/elasticsearch/_sync/client/__init__.py:399: SecurityWarning: Connecting to 'https://dbelk1.afaqy.local:9200' using TLS with verify_certs=False is insecure
  _transport = transport_class(

[2024-05-06T21:02:19.823+0000] {warnings.py:109} WARNING - /home/***/.local/lib/python3.8/site-packages/urllib3/connectionpool.py:1061: InsecureRequestWarning: Unverified HTTPS request is being made to host 'dbelk3.afaqy.local'. Adding certificate verification is strongly advised. See: https://urllib3.readthedocs.io/en/1.26.x/advanced-usage.html#ssl-warnings
  warnings.warn(

[2024-05-06T21:02:19.907+0000] {_transport.py:335} INFO - GET https://dbelk3.afaqy.local:9200/_cluster/health [status:200 duration:0.106s]
[2024-05-06T21:02:20.539+0000] {warnings.py:109} WARNING - /home/***/.local/lib/python3.8/site-packages/urllib3/connectionpool.py:1061: InsecureRequestWarning: Unverified HTTPS request is being made to host 'dbelk2.afaqy.local'. Adding certificate verification is strongly advised. See: https://urllib3.readthedocs.io/en/1.26.x/advanced-usage.html#ssl-warnings
  warnings.warn(

[2024-05-06T21:02:20.551+0000] {_transport.py:335} INFO - PUT https://dbelk2.afaqy.local:9200/units_statistics_***/_bulk [status:429 duration:0.029s]
[2024-05-06T21:02:20.552+0000] {_node_pool.py:249} WARNING - Node <Urllib3HttpNode(https://dbelk2.afaqy.local:9200)> has failed for 1 times in a row, putting on 1 second timeout
[2024-05-06T21:02:20.552+0000] {_transport.py:427} WARNING - Retrying request after non-successful status 429 (attempt 0 of 3)
[2024-05-06T21:02:20.552+0000] {warnings.py:109} WARNING - /home/***/.local/lib/python3.8/site-packages/urllib3/connectionpool.py:1061: InsecureRequestWarning: Unverified HTTPS request is being made to host 'dbelk3.afaqy.local'. Adding certificate verification is strongly advised. See: https://urllib3.readthedocs.io/en/1.26.x/advanced-usage.html#ssl-warnings
  warnings.warn(

[2024-05-06T21:02:20.578+0000] {_transport.py:335} INFO - PUT https://dbelk3.afaqy.local:9200/units_statistics_***/_bulk [status:429 duration:0.026s]
[2024-05-06T21:02:20.578+0000] {_node_pool.py:249} WARNING - Node <Urllib3HttpNode(https://dbelk3.afaqy.local:9200)> has failed for 1 times in a row, putting on 1 second timeout
[2024-05-06T21:02:20.578+0000] {_transport.py:427} WARNING - Retrying request after non-successful status 429 (attempt 1 of 3)
[2024-05-06T21:02:20.601+0000] {warnings.py:109} WARNING - /home/***/.local/lib/python3.8/site-packages/urllib3/connectionpool.py:1061: InsecureRequestWarning: Unverified HTTPS request is being made to host 'dbelk1.afaqy.local'. Adding certificate verification is strongly advised. See: https://urllib3.readthedocs.io/en/1.26.x/advanced-usage.html#ssl-warnings
  warnings.warn(

[2024-05-06T21:02:20.763+0000] {_transport.py:335} INFO - PUT https://dbelk1.afaqy.local:9200/units_statistics_***/_bulk [status:200 duration:0.184s]
[2024-05-06T21:02:21.297+0000] {taskinstance.py:2731} ERROR - Task failed with exception
Traceback (most recent call last):
  File "/home/airflow/.local/lib/python3.8/site-packages/airflow/models/taskinstance.py", line 444, in _execute_task
    result = _execute_callable(context=context, **execute_callable_kwargs)
  File "/home/airflow/.local/lib/python3.8/site-packages/airflow/models/taskinstance.py", line 414, in _execute_callable
    return execute_callable(context=context, **execute_callable_kwargs)
  File "/home/airflow/.local/lib/python3.8/site-packages/airflow/decorators/base.py", line 241, in execute
    return_value = super().execute(context)
  File "/home/airflow/.local/lib/python3.8/site-packages/airflow/operators/python.py", line 200, in execute
    return_value = self.execute_callable()
  File "/home/airflow/.local/lib/python3.8/site-packages/airflow/operators/python.py", line 217, in execute_callable
    return self.python_callable(*self.op_args, **self.op_kwargs)
  File "/opt/airflow/dags/Units_dag.py", line 112, in ETL_job
    Elk_client.elk_pushData(Globals.index_name,units_list_update)
  File "/opt/airflow/dags/elk_manager.py", line 69, in elk_pushData
    helpers.bulk(self.elk_client, docs_list, index=index_name, chunk_size=batch)
  File "/home/airflow/.local/lib/python3.8/site-packages/elasticsearch/helpers/actions.py", line 521, in bulk
    for ok, item in streaming_bulk(
  File "/home/airflow/.local/lib/python3.8/site-packages/elasticsearch/helpers/actions.py", line 436, in streaming_bulk
    for data, (ok, info) in zip(
  File "/home/airflow/.local/lib/python3.8/site-packages/elasticsearch/helpers/actions.py", line 355, in _process_bulk_chunk
    yield from gen
  File "/home/airflow/.local/lib/python3.8/site-packages/elasticsearch/helpers/actions.py", line 274, in _process_bulk_chunk_success
    raise BulkIndexError(f"{len(errors)} document(s) failed to index.", errors)
elasticsearch.helpers.BulkIndexError: 10000 document(s) failed to index.
[2024-05-06T21:02:21.321+0000] {taskinstance.py:1149} INFO - Marking task as UP_FOR_RETRY. dag_id=Units_statistics_DAG, task_id=ETL_job, map_index=12, execution_date=20240506T204000, start_date=20240506T210151, end_date=20240506T210221
[2024-05-06T21:02:21.341+0000] {standard_task_runner.py:107} ERROR - Failed to execute job 36484 for task ETL_job (10000 document(s) failed to index.; 816814)
[2024-05-06T21:02:21.460+0000] {local_task_job_runner.py:234} INFO - Task exited with return code 1
[2024-05-06T21:02:21.508+0000] {taskinstance.py:3312} INFO - 0 downstream tasks scheduled from follow-on schedule check
