[2024-05-11T17:20:14.997+0000] {taskinstance.py:1979} INFO - Dependencies all met for dep_context=non-requeueable deps ti=<TaskInstance: Units_statistics_DAG.ETL_job scheduled__2024-05-11T17:00:00+00:00 map_index=12 [queued]>
[2024-05-11T17:20:15.071+0000] {taskinstance.py:1979} INFO - Dependencies all met for dep_context=requeueable deps ti=<TaskInstance: Units_statistics_DAG.ETL_job scheduled__2024-05-11T17:00:00+00:00 map_index=12 [queued]>
[2024-05-11T17:20:15.071+0000] {taskinstance.py:2193} INFO - Starting attempt 1 of 4
[2024-05-11T17:20:15.129+0000] {taskinstance.py:2217} INFO - Executing <Mapped(_PythonDecoratedOperator): ETL_job> on 2024-05-11 17:00:00+00:00
[2024-05-11T17:20:15.136+0000] {standard_task_runner.py:60} INFO - Started process 945666 to run task
[2024-05-11T17:20:15.172+0000] {standard_task_runner.py:87} INFO - Running: ['***', 'tasks', 'run', 'Units_statistics_DAG', 'ETL_job', 'scheduled__2024-05-11T17:00:00+00:00', '--job-id', '51162', '--raw', '--subdir', 'DAGS_FOLDER/Units_dag.py', '--cfg-path', '/tmp/tmpucf8qv_a', '--map-index', '12']
[2024-05-11T17:20:15.180+0000] {standard_task_runner.py:88} INFO - Job 51162: Subtask ETL_job
[2024-05-11T17:20:15.568+0000] {task_command.py:423} INFO - Running <TaskInstance: Units_statistics_DAG.ETL_job scheduled__2024-05-11T17:00:00+00:00 map_index=12 [running]> on host a09da322e808
[2024-05-11T17:20:16.224+0000] {taskinstance.py:2513} INFO - Exporting env vars: AIRFLOW_CTX_DAG_OWNER='abeer-araby' AIRFLOW_CTX_DAG_ID='Units_statistics_DAG' AIRFLOW_CTX_TASK_ID='ETL_job' AIRFLOW_CTX_EXECUTION_DATE='2024-05-11T17:00:00+00:00' AIRFLOW_CTX_TRY_NUMBER='1' AIRFLOW_CTX_DAG_RUN_ID='scheduled__2024-05-11T17:00:00+00:00'
[2024-05-11T17:20:16.226+0000] {Units_dag.py:98} INFO - i: 120000, chunk: 10000
[2024-05-11T17:20:16.226+0000] {Units_dag.py:99} INFO - child token is::: eyJ0eXAiOiJKV1QiLCJhbGciOiJIUzI1NiJ9.eyJpc3MiOiJodHRwczovL2FwaS5hZmFxeS5zYS9hdXRoL2xvZ2luX2FzIiwiaWF0IjoxNzE1NDQ4MDA0LCJleHAiOjE3MTgwNDAwMDQsIm5iZiI6MTcxNTQ0ODAwNCwianRpIjoiV1gwcWVQQk51T2JqcTZMVCIsInN1YiI6IjVkNjNlNTFlMDNlZDUyOTJhNDJjMjRlNiIsInBydiI6IjI3MGVjZmM3ZWEzZWQ5MzdlYTg0OTM2MmEzYTUwOTEwYzZkOGNlNGYiLCJsb2dpbl9hc19pZCI6IjY1N2YwYWQ3M2Y5NzcyOTVjZjA1NTc2YSJ9.WBsaCNguso9xRPtCBk4GLYGr5O17nhI7kq64fQ7CIL8
[2024-05-11T17:20:45.713+0000] {Units_dag.py:103} INFO - {'_id': '64cf9c4f7c86946b6b004bc5', 'icon': 'icons/icon.png', 'driver_id': '', 'tailer_id': '', 'profile': {'vehicle_type': None, 'measurement_type': 'count', 'max_capacity': 0, 'vin': 'MR2BE9B35P0038607', 'plate_number': 'ر ص ي 8358', 'start_operation': None, 'contract_milage': None, 'opening_milage': None, 'model': None, 'fuel_type': '91', 'year': 0, 'seats': 2}, 'device_password': '***', 'device_type': 'gps', 'gateway': False, 'business_types': {'waste': False, 'transportation': True, 'water': False}, 'name': 'MR2BE9B35P0038607', 'operation_code': '', 'device_gateway': '', 'skip_sim_information': False, 'imei': '863051061358726', 'sim_number': '+966830032313640', 'sim_serial': '8996609821111913703', 'device_serial': '863051061358726', 'device': 'bce', 'user_id': '61c43b241b5e6d541b2b65ce', 'created_by': '5e6655bf03ed52e1ab79d301', 'updated_at': '2024-04-18 11:18:59', 'created_at': '2023-08-06 16:12:47', 'shipment_info': None, 'custom_fields': [], 'creator': 'amr.ahmed', 'company': '', 'owner': 'al-jabr-renta-admin', 'last_update': {'dtt': 1715447776000, 'dts': 1715447932110, 'spd': 0, 'ang': 6, 'alt': 35, 'chPrams': {'ePwrV': {'v': 12.603, 'cdt': 1715447476000}, 'di16': {'v': 1, 'cdt': 1714725696000}, 'di15': {'v': 0, 'cdt': 1689583932000}, 'rssi1': {'v': 59, 'cdt': 1715447776000}, 'di14': {'v': 0, 'cdt': 1715351834000}, 'di13': {'v': 0, 'cdt': 1714725696000}, 'di12': {'v': 0, 'cdt': 1712915448000}, 'di11': {'v': 0, 'cdt': 1712915448000}, 'di10': {'v': 0, 'cdt': 1691394488000}, 'di2': {'v': 1, 'cdt': 1712915448000}, 'di1': {'v': 0, 'cdt': 1715351870000}, 'di4': {'v': 0, 'cdt': 1712915448000}, 'di3': {'v': 0, 'cdt': 1712915448000}, 'di6': {'v': 1, 'cdt': 1712915448000}, 'di5': {'v': 0, 'cdt': 1715351900000}, 'lac1': {'v': 2234, 'cdt': 1715350092000}, 'protocol': {'v': 'bce', 'cdt': 1712915448000}, 'di8': {'v': 1, 'cdt': 1712915448000}, 'di7': {'v': 0, 'cdt': 1715351900000}, 'di9': {'v': 0, 'cdt': 1712915448000}, 'iPwrV': {'v': 4.199, 'cdt': 1715447476000}, 'cid1': {'v': 45032, 'cdt': 1715352200000}, 'odometer': {'v': 0, 'cdt': 1715434878000}, 'spd': {'v': 0, 'cdt': 1715351840000}, 'sat': {'v': 14, 'cdt': 1715447776000}, 'hdop': {'v': 1, 'cdt': 1715442674000}, 'ta': {'v': 0, 'cdt': 1712915448000}, 'mcc1': {'v': 420, 'cdt': 1714092510000}, 'mnc1': {'v': 3, 'cdt': 1714419194000}}, 'prms': {'protocol': 'bce', 'spd': 0, 'sat': 14, 'hdop': 1, 'odometer': 0, 'di16': 1, 'di15': 0, 'di14': 0, 'di13': 0, 'di12': 0, 'di11': 0, 'di10': 0, 'di9': 0, 'di8': 1, 'di7': 0, 'di6': 1, 'di5': 0, 'di4': 0, 'di3': 0, 'di2': 1, 'di1': 0, 'ePwrV': 12.603, 'iPwrV': 4.199, 'ta': 0, 'mcc1': 420, 'mnc1': 3, 'lac1': 2234, 'cid1': 45032, 'rssi1': 59}, 'devPrms': ['protocol', 'spd', 'sat', 'hdop', 'odometer', 'di16', 'di15', 'di14', 'di13', 'di12', 'di11', 'di10', 'di9', 'di8', 'di7', 'di6', 'di5', 'di4', 'di3', 'di2', 'di1', 'ePwrV', 'iPwrV', 'ta', 'mcc1', 'mnc1', 'lac1', 'cid1', 'rssi1'], 'old_params': {'di16': 1, 'ePwrV': 12.603, 'di15': 0, 'rssi1': 60, 'di14': 0, 'di13': 0, 'di12': 0, 'di11': 0, 'di10': 0, 'di2': 1, 'di1': 0, 'di4': 0, 'di3': 0, 'di6': 1, 'di5': 0, 'lac1': 2234, 'protocol': 'bce', 'di8': 1, 'di7': 0, 'di9': 0, 'iPwrV': 4.199, 'cid1': 45032, 'odometer': 0, 'spd': 0, 'sat': 13, 'hdop': 1, 'ta': 0, 'mcc1': 420, 'mnc1': 3}, 'vLoc': 1, 'vCon': 1, 'ip': '109.83.51.129', 'rl': 0, 'trl': 34473.6223, 'mdu': 0, 'tmdu': 1912762, 'eidl': 0, 'teidl': 727236, 'fc': 0, 'tfc': 24.613056, 'acc': 0, 'accOn': 2905530, 'accOff': 221185340, 'sdu': 300, 'tsdu': 95876, 'lat': 21.521495819091797, 'lng': 39.23027420043945}, 'counters': {'odometer_type': 'gps', 'odometer': 34473.6223, 'engine_hours_type': 'acc', 'engine_hours': 2905530, 'last_acc': 0}, 'is_wasl_connected': 'Not Connected', 'iconUrl': 'https://api.afaqy.sa/images/units/icons/icon.png', 'hasCCTV': False}
[2024-05-11T17:20:47.576+0000] {warnings.py:109} WARNING - /home/***/.local/lib/python3.8/site-packages/elasticsearch/_sync/client/__init__.py:399: SecurityWarning: Connecting to 'https://dbelk2.afaqy.local:9200' using TLS with verify_certs=False is insecure
  _transport = transport_class(

[2024-05-11T17:20:47.721+0000] {warnings.py:109} WARNING - /home/***/.local/lib/python3.8/site-packages/elasticsearch/_sync/client/__init__.py:399: SecurityWarning: Connecting to 'https://dbelk1.afaqy.local:9200' using TLS with verify_certs=False is insecure
  _transport = transport_class(

[2024-05-11T17:20:47.930+0000] {warnings.py:109} WARNING - /home/***/.local/lib/python3.8/site-packages/elasticsearch/_sync/client/__init__.py:399: SecurityWarning: Connecting to 'https://dbelk3.afaqy.local:9200' using TLS with verify_certs=False is insecure
  _transport = transport_class(

[2024-05-11T17:20:47.963+0000] {warnings.py:109} WARNING - /home/***/.local/lib/python3.8/site-packages/urllib3/connectionpool.py:1061: InsecureRequestWarning: Unverified HTTPS request is being made to host 'dbelk2.afaqy.local'. Adding certificate verification is strongly advised. See: https://urllib3.readthedocs.io/en/1.26.x/advanced-usage.html#ssl-warnings
  warnings.warn(

[2024-05-11T17:20:48.036+0000] {_transport.py:335} INFO - GET https://dbelk2.afaqy.local:9200/_cluster/health [status:200 duration:0.093s]
[2024-05-11T17:20:49.136+0000] {warnings.py:109} WARNING - /home/***/.local/lib/python3.8/site-packages/urllib3/connectionpool.py:1061: InsecureRequestWarning: Unverified HTTPS request is being made to host 'dbelk1.afaqy.local'. Adding certificate verification is strongly advised. See: https://urllib3.readthedocs.io/en/1.26.x/advanced-usage.html#ssl-warnings
  warnings.warn(

[2024-05-11T17:21:07.176+0000] {_transport.py:335} INFO - PUT https://dbelk1.afaqy.local:9200/units_statistics_***/_bulk [status:200 duration:18.064s]
[2024-05-11T17:21:07.532+0000] {taskinstance.py:2731} ERROR - Task failed with exception
Traceback (most recent call last):
  File "/home/airflow/.local/lib/python3.8/site-packages/airflow/models/taskinstance.py", line 444, in _execute_task
    result = _execute_callable(context=context, **execute_callable_kwargs)
  File "/home/airflow/.local/lib/python3.8/site-packages/airflow/models/taskinstance.py", line 414, in _execute_callable
    return execute_callable(context=context, **execute_callable_kwargs)
  File "/home/airflow/.local/lib/python3.8/site-packages/airflow/decorators/base.py", line 241, in execute
    return_value = super().execute(context)
  File "/home/airflow/.local/lib/python3.8/site-packages/airflow/operators/python.py", line 200, in execute
    return_value = self.execute_callable()
  File "/home/airflow/.local/lib/python3.8/site-packages/airflow/operators/python.py", line 217, in execute_callable
    return self.python_callable(*self.op_args, **self.op_kwargs)
  File "/opt/airflow/dags/Units_dag.py", line 111, in ETL_job
    Elk_client.elk_pushData(Globals.index_name,units_list_update)
  File "/opt/airflow/dags/units_statistics/elk_manager.py", line 69, in elk_pushData
    helpers.bulk(self.elk_client, docs_list, index=index_name, chunk_size=batch)
  File "/home/airflow/.local/lib/python3.8/site-packages/elasticsearch/helpers/actions.py", line 521, in bulk
    for ok, item in streaming_bulk(
  File "/home/airflow/.local/lib/python3.8/site-packages/elasticsearch/helpers/actions.py", line 436, in streaming_bulk
    for data, (ok, info) in zip(
  File "/home/airflow/.local/lib/python3.8/site-packages/elasticsearch/helpers/actions.py", line 355, in _process_bulk_chunk
    yield from gen
  File "/home/airflow/.local/lib/python3.8/site-packages/elasticsearch/helpers/actions.py", line 274, in _process_bulk_chunk_success
    raise BulkIndexError(f"{len(errors)} document(s) failed to index.", errors)
elasticsearch.helpers.BulkIndexError: 2547 document(s) failed to index.
[2024-05-11T17:21:07.552+0000] {taskinstance.py:1149} INFO - Marking task as UP_FOR_RETRY. dag_id=Units_statistics_DAG, task_id=ETL_job, map_index=12, execution_date=20240511T170000, start_date=20240511T172014, end_date=20240511T172107
[2024-05-11T17:21:07.573+0000] {standard_task_runner.py:107} ERROR - Failed to execute job 51162 for task ETL_job (2547 document(s) failed to index.; 945666)
[2024-05-11T17:21:07.656+0000] {local_task_job_runner.py:234} INFO - Task exited with return code 1
[2024-05-11T17:21:07.690+0000] {taskinstance.py:3312} INFO - 0 downstream tasks scheduled from follow-on schedule check
