[2024-05-09T14:40:15.837+0000] {taskinstance.py:1979} INFO - Dependencies all met for dep_context=non-requeueable deps ti=<TaskInstance: Units_statistics_DAG.ETL_job scheduled__2024-05-09T14:20:00+00:00 map_index=5 [queued]>
[2024-05-09T14:40:15.960+0000] {taskinstance.py:1979} INFO - Dependencies all met for dep_context=requeueable deps ti=<TaskInstance: Units_statistics_DAG.ETL_job scheduled__2024-05-09T14:20:00+00:00 map_index=5 [queued]>
[2024-05-09T14:40:15.960+0000] {taskinstance.py:2193} INFO - Starting attempt 1 of 4
[2024-05-09T14:40:16.091+0000] {taskinstance.py:2217} INFO - Executing <Mapped(_PythonDecoratedOperator): ETL_job> on 2024-05-09 14:20:00+00:00
[2024-05-09T14:40:16.144+0000] {standard_task_runner.py:60} INFO - Started process 889053 to run task
[2024-05-09T14:40:16.184+0000] {standard_task_runner.py:87} INFO - Running: ['***', 'tasks', 'run', 'Units_statistics_DAG', 'ETL_job', 'scheduled__2024-05-09T14:20:00+00:00', '--job-id', '44533', '--raw', '--subdir', 'DAGS_FOLDER/Units_dag.py', '--cfg-path', '/tmp/tmpwphsygtn', '--map-index', '5']
[2024-05-09T14:40:16.186+0000] {standard_task_runner.py:88} INFO - Job 44533: Subtask ETL_job
[2024-05-09T14:40:16.537+0000] {task_command.py:423} INFO - Running <TaskInstance: Units_statistics_DAG.ETL_job scheduled__2024-05-09T14:20:00+00:00 map_index=5 [running]> on host a09da322e808
[2024-05-09T14:40:17.217+0000] {taskinstance.py:2513} INFO - Exporting env vars: AIRFLOW_CTX_DAG_OWNER='abeer-araby' AIRFLOW_CTX_DAG_ID='Units_statistics_DAG' AIRFLOW_CTX_TASK_ID='ETL_job' AIRFLOW_CTX_EXECUTION_DATE='2024-05-09T14:20:00+00:00' AIRFLOW_CTX_TRY_NUMBER='1' AIRFLOW_CTX_DAG_RUN_ID='scheduled__2024-05-09T14:20:00+00:00'
[2024-05-09T14:40:17.218+0000] {Units_dag.py:98} INFO - i: 50000, chunk: 10000
[2024-05-09T14:40:17.218+0000] {Units_dag.py:99} INFO - child token is::: eyJ0eXAiOiJKV1QiLCJhbGciOiJIUzI1NiJ9.eyJpc3MiOiJodHRwczovL2FwaS5hZmFxeS5zYS9hdXRoL2xvZ2luX2FzIiwiaWF0IjoxNzE1MjY1NjA0LCJleHAiOjE3MTc4NTc2MDQsIm5iZiI6MTcxNTI2NTYwNCwianRpIjoiQnQ5a0ZBUkkwTVM2SGRUMiIsInN1YiI6IjVkNjNlNTFlMDNlZDUyOTJhNDJjMjRlNiIsInBydiI6IjI3MGVjZmM3ZWEzZWQ5MzdlYTg0OTM2MmEzYTUwOTEwYzZkOGNlNGYiLCJsb2dpbl9hc19pZCI6IjY1N2YwYWQ3M2Y5NzcyOTVjZjA1NTc2YSJ9.xHpQHi1kD1E53rToiOwUfijqaIqewVfpeecykgs9f2Q
[2024-05-09T14:40:37.906+0000] {Units_dag.py:103} INFO - {'_id': '62b07de25e94ae88895a7f6a', 'imei': '354018118272206', 'updated_at': '2024-04-18 11:18:59', 'custom_fields': [], 'creator': '', 'company': '', 'owner': '', 'last_update': {'dtt': 1655735715000, 'dts': 1655735719563, 'spd': 0, 'ang': 169, 'alt': 45, 'chPrams': {'protocol': {'v': 'teltonika_FMB640', 'cdt': 1655539467000}, 'output1': {'v': False, 'cdt': 1655539467000}, 'ePwrV': {'v': 27.089000000000002, 'cdt': 1655735715000}, 'sat': {'v': 14, 'cdt': 1655735415000}, 'ai1': {'v': 218, 'cdt': 1655539467000}, 'iPwrV': {'v': 4.005, 'cdt': 1655735415000}, 'priority': {'v': 0, 'cdt': 1655735715000}, 'event': {'v': 0, 'cdt': 1655735715000}, 'di1': {'v': 0, 'cdt': 1655735415000}}, 'prms': {'protocol': 'teltonika_FMB640', 'priority': 0, 'sat': 14, 'event': 0, 'di1': 0, 'output1': 0, 'ePwrV': 27.089000000000002, 'iPwrV': 4.005, 'ai1': 218}, 'devPrms': ['protocol', 'priority', 'sat', 'event', 'di1', 'output1', 'ePwrV', 'iPwrV', 'ai1'], 'old_params': {'protocol': 'teltonika_FMB640', 'priority': 1, 'sat': 14, 'event': 1, 'di1': 0, 'output1': 0, 'ePwrV': 28.442, 'iPwrV': 4.005, 'ai1': 218}, 'vLoc': 1, 'vCon': 1, 'ip': '109.82.142.63', 'rl': 0, 'trl': 16230.6222, 'mdu': 0, 'tmdu': 1280106, 'eidl': 0, 'teidl': 10357740, 'fc': 0, 'tfc': 1.372152, 'acc': 0, 'accOn': 12653724, 'accOff': 5864566, 'sdu': 300, 'tsdu': 300, 'lat': 21.7204833, 'lng': 39.211755}, 'counters': {'engine_hours': 12653724, 'last_acc': 0, 'odometer': 16309.6222}, 'is_wasl_connected': 'Not Connected', 'iconUrl': '', 'hasCCTV': False}
[2024-05-09T14:40:38.579+0000] {warnings.py:109} WARNING - /home/***/.local/lib/python3.8/site-packages/elasticsearch/_sync/client/__init__.py:399: SecurityWarning: Connecting to 'https://dbelk1.afaqy.local:9200' using TLS with verify_certs=False is insecure
  _transport = transport_class(

[2024-05-09T14:40:38.697+0000] {warnings.py:109} WARNING - /home/***/.local/lib/python3.8/site-packages/elasticsearch/_sync/client/__init__.py:399: SecurityWarning: Connecting to 'https://dbelk3.afaqy.local:9200' using TLS with verify_certs=False is insecure
  _transport = transport_class(

[2024-05-09T14:40:38.856+0000] {warnings.py:109} WARNING - /home/***/.local/lib/python3.8/site-packages/elasticsearch/_sync/client/__init__.py:399: SecurityWarning: Connecting to 'https://dbelk2.afaqy.local:9200' using TLS with verify_certs=False is insecure
  _transport = transport_class(

[2024-05-09T14:40:38.884+0000] {warnings.py:109} WARNING - /home/***/.local/lib/python3.8/site-packages/urllib3/connectionpool.py:1061: InsecureRequestWarning: Unverified HTTPS request is being made to host 'dbelk1.afaqy.local'. Adding certificate verification is strongly advised. See: https://urllib3.readthedocs.io/en/1.26.x/advanced-usage.html#ssl-warnings
  warnings.warn(

[2024-05-09T14:40:38.942+0000] {_transport.py:335} INFO - GET https://dbelk1.afaqy.local:9200/_cluster/health [status:200 duration:0.083s]
[2024-05-09T14:40:39.938+0000] {warnings.py:109} WARNING - /home/***/.local/lib/python3.8/site-packages/urllib3/connectionpool.py:1061: InsecureRequestWarning: Unverified HTTPS request is being made to host 'dbelk3.afaqy.local'. Adding certificate verification is strongly advised. See: https://urllib3.readthedocs.io/en/1.26.x/advanced-usage.html#ssl-warnings
  warnings.warn(

[2024-05-09T14:40:39.971+0000] {_transport.py:335} INFO - PUT https://dbelk3.afaqy.local:9200/units_statistics_***/_bulk [status:429 duration:0.069s]
[2024-05-09T14:40:39.972+0000] {_node_pool.py:249} WARNING - Node <Urllib3HttpNode(https://dbelk3.afaqy.local:9200)> has failed for 1 times in a row, putting on 1 second timeout
[2024-05-09T14:40:39.972+0000] {_transport.py:427} WARNING - Retrying request after non-successful status 429 (attempt 0 of 3)
[2024-05-09T14:40:39.973+0000] {warnings.py:109} WARNING - /home/***/.local/lib/python3.8/site-packages/urllib3/connectionpool.py:1061: InsecureRequestWarning: Unverified HTTPS request is being made to host 'dbelk1.afaqy.local'. Adding certificate verification is strongly advised. See: https://urllib3.readthedocs.io/en/1.26.x/advanced-usage.html#ssl-warnings
  warnings.warn(

[2024-05-09T14:40:52.968+0000] {local_task_job_runner.py:234} INFO - Task exited with return code -9
[2024-05-09T14:40:53.125+0000] {taskinstance.py:3312} INFO - 0 downstream tasks scheduled from follow-on schedule check
