[2024-05-10T14:44:49.628+0000] {taskinstance.py:1979} INFO - Dependencies all met for dep_context=non-requeueable deps ti=<TaskInstance: Units_statistics_DAG.ETL_job scheduled__2024-05-10T14:20:00+00:00 map_index=10 [queued]>
[2024-05-10T14:44:49.654+0000] {taskinstance.py:1979} INFO - Dependencies all met for dep_context=requeueable deps ti=<TaskInstance: Units_statistics_DAG.ETL_job scheduled__2024-05-10T14:20:00+00:00 map_index=10 [queued]>
[2024-05-10T14:44:49.654+0000] {taskinstance.py:2193} INFO - Starting attempt 4 of 4
[2024-05-10T14:44:49.682+0000] {taskinstance.py:2217} INFO - Executing <Mapped(_PythonDecoratedOperator): ETL_job> on 2024-05-10 14:20:00+00:00
[2024-05-10T14:44:49.698+0000] {standard_task_runner.py:60} INFO - Started process 916558 to run task
[2024-05-10T14:44:49.713+0000] {standard_task_runner.py:87} INFO - Running: ['***', 'tasks', 'run', 'Units_statistics_DAG', 'ETL_job', 'scheduled__2024-05-10T14:20:00+00:00', '--job-id', '47998', '--raw', '--subdir', 'DAGS_FOLDER/Units_dag.py', '--cfg-path', '/tmp/tmp4400unhg', '--map-index', '10']
[2024-05-10T14:44:49.716+0000] {standard_task_runner.py:88} INFO - Job 47998: Subtask ETL_job
[2024-05-10T14:44:49.877+0000] {task_command.py:423} INFO - Running <TaskInstance: Units_statistics_DAG.ETL_job scheduled__2024-05-10T14:20:00+00:00 map_index=10 [running]> on host a09da322e808
[2024-05-10T14:44:50.163+0000] {taskinstance.py:2513} INFO - Exporting env vars: AIRFLOW_CTX_DAG_OWNER='abeer-araby' AIRFLOW_CTX_DAG_ID='Units_statistics_DAG' AIRFLOW_CTX_TASK_ID='ETL_job' AIRFLOW_CTX_EXECUTION_DATE='2024-05-10T14:20:00+00:00' AIRFLOW_CTX_TRY_NUMBER='4' AIRFLOW_CTX_DAG_RUN_ID='scheduled__2024-05-10T14:20:00+00:00'
[2024-05-10T14:44:50.167+0000] {Units_dag.py:98} INFO - i: 100000, chunk: 10000
[2024-05-10T14:44:50.167+0000] {Units_dag.py:99} INFO - child token is::: eyJ0eXAiOiJKV1QiLCJhbGciOiJIUzI1NiJ9.eyJpc3MiOiJodHRwczovL2FwaS5hZmFxeS5zYS9hdXRoL2xvZ2luX2FzIiwiaWF0IjoxNzE1MzUyMDA0LCJleHAiOjE3MTc5NDQwMDQsIm5iZiI6MTcxNTM1MjAwNCwianRpIjoiQ2ZneGM1N3R1NGFBRGdBViIsInN1YiI6IjVkNjNlNTFlMDNlZDUyOTJhNDJjMjRlNiIsInBydiI6IjI3MGVjZmM3ZWEzZWQ5MzdlYTg0OTM2MmEzYTUwOTEwYzZkOGNlNGYiLCJsb2dpbl9hc19pZCI6IjY1N2YwYWQ3M2Y5NzcyOTVjZjA1NTc2YSJ9.vdMDE2dqCjiCG7C4ovvRBPG9k-LJ2gySd_yMexiXC38
[2024-05-10T14:45:09.554+0000] {Units_dag.py:103} INFO - {'_id': '64579c5c6bab2451187feaa1', 'icon': 'icons/icon.png', 'driver_id': '', 'tailer_id': '', 'profile': {'measurement_type': 'count', 'fuel_type': '91', 'year': 0, 'seats': 2, 'max_capacity': None, 'model': None, 'plate_number': None, 'vehicle_type': None, 'vin': None}, 'device_password': '***', 'device_type': 'gps', 'gateway': False, 'name': 'V0002020 ( 7997KBB )', 'operation_code': 'V0002020', 'device_gateway': None, 'business_types': {'waste': False, 'transportation': True, 'water': False}, 'imei': '350544507864786', 'sim_number': '+966830031794230', 'sim_serial': '421296730058', 'device_serial': '1125711457', 'device': 'teltonika', 'user_id': '62bb1bb23c00423a7b3af933', 'created_by': '5e6655bf03ed52e1ab79d301', 'updated_at': '2024-04-18 11:18:59', 'created_at': '2023-05-07 15:41:00', 'shipment_info': None, 'skip_sim_information': False, 'custom_fields': [], 'creator': 'amr.ahmed', 'company': '', 'owner': 'al-yamama-trading-admin', 'last_update': {'dtt': 1715352161000, 'dts': 1715352164216, 'spd': 40, 'ang': 66, 'alt': 33, 'chPrams': {'Speed': {'v': 40, 'cdt': 1715352161000}, 'output1': {'v': False, 'cdt': 1715209662000}, 'output2': {'v': False, 'cdt': 1715209662000}, 'ePwrV': {'v': 15.608, 'cdt': 1715352161000}, 'parm24': {'v': 40, 'cdt': 1715352161000}, 'sat': {'v': 15, 'cdt': 1715352149000}, 'ai1': {'v': 174, 'cdt': 1715352078000}, 'priority': {'v': 0, 'cdt': 1714121038000}, 'di2': {'v': 0, 'cdt': 1714121339000}, 'type': {'v': 6, 'cdt': 1714158777000}, 'di1': {'v': 1, 'cdt': 1715345484000}, 'result': {'v': '5665723a30332e32372e31335f3033204750533a41584e5f352e312e392048773a464d42313230204d6f643a333320494d45493a33353035343435303738363437383620496e69743a323032342d352d382031383a333620557074696d653a313339383438204d41433a333838413231313638353130205350433a312830292041584c3a32204f42443a3020424c3a312e31302042543a34', 'cdt': 1715333394000}, 'parm6': {'v': 174, 'cdt': 1715352078000}, 'protocol': {'v': 'FMB120', 'cdt': 1715333411000}, 'iPwrV': {'v': 4.0520000000000005, 'cdt': 1715352082000}, 'event': {'v': 0, 'cdt': 1714121038000}}, 'prms': {'protocol': 'FMB120', 'priority': 0, 'sat': 15, 'event': 0, 'di1': 1, 'output1': 0, 'di2': 0, 'output2': 0, 'ePwrV': 15.608, 'Speed': 40, 'parm24': 40, 'iPwrV': 4.0520000000000005, 'ai1': 174, 'parm6': 174}, 'devPrms': ['protocol', 'priority', 'sat', 'event', 'di1', 'output1', 'di2', 'output2', 'ePwrV', 'Speed', 'parm24', 'iPwrV', 'ai1', 'parm6'], 'old_params': {'protocol': 'FMB120', 'priority': 0, 'sat': 15, 'event': 0, 'di1': 1, 'output1': 0, 'di2': 0, 'output2': 0, 'ePwrV': 15.568, 'Speed': 37, 'parm24': 37, 'iPwrV': 4.0520000000000005, 'ai1': 174, 'parm6': 174}, 'vLoc': 1, 'vCon': 1, 'ip': '51.39.52.27', 'rl': 0.1406, 'trl': 42737.8925, 'mdu': 12, 'tmdu': 3597202, 'eidl': 0, 'teidl': 2328826, 'fc': 0.016872, 'tfc': 33.618924, 'acc': 1, 'accOn': 15355950107, 'accOff': 3211287444, 'sdu': 0, 'tsdu': 0, 'lat': 27.726325, 'lng': 48.6579849}, 'counters': {'odometer_type': 'gps', 'odometer': 187942.9377, 'engine_hours_type': 'acc', 'engine_hours': 15355950107, 'last_acc': 1}, 'is_wasl_connected': 'Not Connected', 'iconUrl': 'https://api.afaqy.sa/images/units/icons/icon.png', 'hasCCTV': False}
[2024-05-10T14:45:10.358+0000] {warnings.py:109} WARNING - /home/***/.local/lib/python3.8/site-packages/elasticsearch/_sync/client/__init__.py:399: SecurityWarning: Connecting to 'https://dbelk1.afaqy.local:9200' using TLS with verify_certs=False is insecure
  _transport = transport_class(

[2024-05-10T14:45:10.487+0000] {warnings.py:109} WARNING - /home/***/.local/lib/python3.8/site-packages/elasticsearch/_sync/client/__init__.py:399: SecurityWarning: Connecting to 'https://dbelk3.afaqy.local:9200' using TLS with verify_certs=False is insecure
  _transport = transport_class(

[2024-05-10T14:45:10.608+0000] {warnings.py:109} WARNING - /home/***/.local/lib/python3.8/site-packages/elasticsearch/_sync/client/__init__.py:399: SecurityWarning: Connecting to 'https://dbelk2.afaqy.local:9200' using TLS with verify_certs=False is insecure
  _transport = transport_class(

[2024-05-10T14:45:10.649+0000] {warnings.py:109} WARNING - /home/***/.local/lib/python3.8/site-packages/urllib3/connectionpool.py:1061: InsecureRequestWarning: Unverified HTTPS request is being made to host 'dbelk1.afaqy.local'. Adding certificate verification is strongly advised. See: https://urllib3.readthedocs.io/en/1.26.x/advanced-usage.html#ssl-warnings
  warnings.warn(

[2024-05-10T14:45:10.710+0000] {_transport.py:335} INFO - GET https://dbelk1.afaqy.local:9200/_cluster/health [status:200 duration:0.100s]
[2024-05-10T14:45:12.519+0000] {warnings.py:109} WARNING - /home/***/.local/lib/python3.8/site-packages/urllib3/connectionpool.py:1061: InsecureRequestWarning: Unverified HTTPS request is being made to host 'dbelk3.afaqy.local'. Adding certificate verification is strongly advised. See: https://urllib3.readthedocs.io/en/1.26.x/advanced-usage.html#ssl-warnings
  warnings.warn(

[2024-05-10T14:45:12.666+0000] {_transport.py:335} INFO - PUT https://dbelk3.afaqy.local:9200/units_statistics_***/_bulk [status:200 duration:1.467s]
[2024-05-10T14:45:12.942+0000] {taskinstance.py:2731} ERROR - Task failed with exception
Traceback (most recent call last):
  File "/home/airflow/.local/lib/python3.8/site-packages/airflow/models/taskinstance.py", line 444, in _execute_task
    result = _execute_callable(context=context, **execute_callable_kwargs)
  File "/home/airflow/.local/lib/python3.8/site-packages/airflow/models/taskinstance.py", line 414, in _execute_callable
    return execute_callable(context=context, **execute_callable_kwargs)
  File "/home/airflow/.local/lib/python3.8/site-packages/airflow/decorators/base.py", line 241, in execute
    return_value = super().execute(context)
  File "/home/airflow/.local/lib/python3.8/site-packages/airflow/operators/python.py", line 200, in execute
    return_value = self.execute_callable()
  File "/home/airflow/.local/lib/python3.8/site-packages/airflow/operators/python.py", line 217, in execute_callable
    return self.python_callable(*self.op_args, **self.op_kwargs)
  File "/opt/airflow/dags/Units_dag.py", line 111, in ETL_job
    Elk_client.elk_pushData(Globals.index_name,units_list_update)
  File "/opt/airflow/dags/units_statistics/elk_manager.py", line 69, in elk_pushData
    helpers.bulk(self.elk_client, docs_list, index=index_name, chunk_size=batch)
  File "/home/airflow/.local/lib/python3.8/site-packages/elasticsearch/helpers/actions.py", line 521, in bulk
    for ok, item in streaming_bulk(
  File "/home/airflow/.local/lib/python3.8/site-packages/elasticsearch/helpers/actions.py", line 436, in streaming_bulk
    for data, (ok, info) in zip(
  File "/home/airflow/.local/lib/python3.8/site-packages/elasticsearch/helpers/actions.py", line 355, in _process_bulk_chunk
    yield from gen
  File "/home/airflow/.local/lib/python3.8/site-packages/elasticsearch/helpers/actions.py", line 274, in _process_bulk_chunk_success
    raise BulkIndexError(f"{len(errors)} document(s) failed to index.", errors)
elasticsearch.helpers.BulkIndexError: 10000 document(s) failed to index.
[2024-05-10T14:45:12.952+0000] {taskinstance.py:1149} INFO - Marking task as FAILED. dag_id=Units_statistics_DAG, task_id=ETL_job, map_index=10, execution_date=20240510T142000, start_date=20240510T144449, end_date=20240510T144512
[2024-05-10T14:45:12.969+0000] {standard_task_runner.py:107} ERROR - Failed to execute job 47998 for task ETL_job (10000 document(s) failed to index.; 916558)
[2024-05-10T14:45:13.020+0000] {local_task_job_runner.py:234} INFO - Task exited with return code 1
[2024-05-10T14:45:13.045+0000] {taskinstance.py:3312} INFO - 0 downstream tasks scheduled from follow-on schedule check
