[2024-04-21T07:00:39.159+0000] {taskinstance.py:1979} INFO - Dependencies all met for dep_context=non-requeueable deps ti=<TaskInstance: Units_statistics_DAG.ETL_job scheduled__2024-04-21T06:00:00+00:00 map_index=7 [queued]>
[2024-04-21T07:00:39.188+0000] {taskinstance.py:1979} INFO - Dependencies all met for dep_context=requeueable deps ti=<TaskInstance: Units_statistics_DAG.ETL_job scheduled__2024-04-21T06:00:00+00:00 map_index=7 [queued]>
[2024-04-21T07:00:39.189+0000] {taskinstance.py:2193} INFO - Starting attempt 1 of 4
[2024-04-21T07:00:39.255+0000] {taskinstance.py:2217} INFO - Executing <Mapped(_PythonDecoratedOperator): ETL_job> on 2024-04-21 06:00:00+00:00
[2024-04-21T07:00:39.272+0000] {standard_task_runner.py:60} INFO - Started process 442517 to run task
[2024-04-21T07:00:39.328+0000] {standard_task_runner.py:87} INFO - Running: ['***', 'tasks', 'run', 'Units_statistics_DAG', 'ETL_job', 'scheduled__2024-04-21T06:00:00+00:00', '--job-id', '9698', '--raw', '--subdir', 'DAGS_FOLDER/Units_dag.py', '--cfg-path', '/tmp/tmpsmw_v55l', '--map-index', '7']
[2024-04-21T07:00:39.330+0000] {standard_task_runner.py:88} INFO - Job 9698: Subtask ETL_job
[2024-04-21T07:00:39.655+0000] {task_command.py:423} INFO - Running <TaskInstance: Units_statistics_DAG.ETL_job scheduled__2024-04-21T06:00:00+00:00 map_index=7 [running]> on host a09da322e808
[2024-04-21T07:00:40.065+0000] {taskinstance.py:2513} INFO - Exporting env vars: AIRFLOW_CTX_DAG_OWNER='abeer-araby' AIRFLOW_CTX_DAG_ID='Units_statistics_DAG' AIRFLOW_CTX_TASK_ID='ETL_job' AIRFLOW_CTX_EXECUTION_DATE='2024-04-21T06:00:00+00:00' AIRFLOW_CTX_TRY_NUMBER='1' AIRFLOW_CTX_DAG_RUN_ID='scheduled__2024-04-21T06:00:00+00:00'
[2024-04-21T07:00:40.066+0000] {Units_dag.py:99} INFO - i: 70000, chunk: 10000
[2024-04-21T07:00:40.066+0000] {Units_dag.py:100} INFO - child token is::: eyJ0eXAiOiJKV1QiLCJhbGciOiJIUzI1NiJ9.eyJpc3MiOiJodHRwczovL2FwaS5hZmFxeS5zYS9hdXRoL2xvZ2luX2FzIiwiaWF0IjoxNzEzNjgyODE5LCJleHAiOjE3MTYyNzQ4MTksIm5iZiI6MTcxMzY4MjgxOSwianRpIjoiSDdYUHB6dGZrQnp4T2p4SiIsInN1YiI6IjVkNjNlNTFlMDNlZDUyOTJhNDJjMjRlNiIsInBydiI6IjI3MGVjZmM3ZWEzZWQ5MzdlYTg0OTM2MmEzYTUwOTEwYzZkOGNlNGYiLCJsb2dpbl9hc19pZCI6IjY1N2YwYWQ3M2Y5NzcyOTVjZjA1NTc2YSJ9.gSXIiNp8IkOGGIjQ1pUe1M_ox9xPD8ztFR-Kg1ZBp4U
[2024-04-21T07:01:22.292+0000] {Units_dag.py:104} INFO - {'_id': '639f0ebec0fc47772573377c', 'icon': 'icons/icon.png', 'driver_id': '', 'tailer_id': '', 'profile': {'vehicle_type': '', 'measurement_type': 'count', 'max_capacity': 0, 'vin': '', 'plate_number': '', 'start_operation': '', 'contract_milage': '', 'opening_milage': '', 'model': '', 'fuel_type': '91', 'year': 0, 'seats': 2}, 'device_password': '***', 'device_type': 'gps', 'gateway': False, 'name': '2766 R A A - JCB 19', 'operation_code': '', 'device_gateway': '', 'business_types': {'waste': False, 'transportation': True, 'water': False}, 'imei': '350424060168448', 'sim_number': '+966830028842310', 'sim_serial': '996609821111018580', 'device_serial': '1125683513', 'device': 'teltonika', 'user_id': '635e53fbf54c0a1f920f156d', 'created_by': '5e6655bf03ed52e1ab79d301', 'updated_at': '2024-04-18 11:18:59', 'created_at': '2022-12-18 15:59:42', 'custom_fields': [], 'creator': 'amr.ahmed', 'company': 'Abdullah Hashim Industrial Gases For Industrial', 'owner': 'hussain-dhafer-admin', 'last_update': {'dtt': 1713682695000, 'dts': 1713682762844, 'spd': 0, 'ang': 110, 'alt': 111, 'chPrams': {'Speed': {'v': 0, 'cdt': 1713681403000}, 'output1': {'v': False, 'cdt': 1713680712000}, 'output2': {'v': False, 'cdt': 1713680712000}, 'ePwrV': {'v': 14.486, 'cdt': 1713682695000}, 'parm24': {'v': 0, 'cdt': 1713681403000}, 'sat': {'v': 11, 'cdt': 1713682695000}, 'ai1': {'v': 217, 'cdt': 1713591863000}, 'priority': {'v': 0, 'cdt': 1712771911000}, 'di2': {'v': 0, 'cdt': 1712791445000}, 'type': {'v': 6, 'cdt': 1712983788000}, 'di1': {'v': 1, 'cdt': 1713679911000}, 'result': {'v': '5665723a30332e32372e31335f3033204750533a41584e5f352e312e392048773a464d42313230204d6f643a333320494d45493a33353034323430363031363834343820496e69743a323032342d342d31332031353a323320557074696d653a363538383135204d41433a333838413231303246393344205350433a312830292041584c3a32204f42443a3020424c3a312e31302042543a34', 'cdt': 1713681764000}, 'parm6': {'v': 217, 'cdt': 1712614724000}, 'protocol': {'v': 'FMB120', 'cdt': 1713681794000}, 'parm29': {'v': 0, 'cdt': 1712990099000}, 'iPwrV': {'v': 4.045, 'cdt': 1713682695000}, 'event': {'v': 0, 'cdt': 1712771911000}}, 'prms': {'protocol': 'FMB120', 'priority': 0, 'sat': 11, 'event': 0, 'di1': 1, 'output1': 0, 'di2': 0, 'output2': 0, 'parm29': 0, 'ePwrV': 14.486, 'Speed': 0, 'parm24': 0, 'iPwrV': 4.045, 'ai1': 217, 'parm6': 217}, 'devPrms': ['protocol', 'priority', 'sat', 'event', 'di1', 'output1', 'di2', 'output2', 'parm29', 'ePwrV', 'Speed', 'parm24', 'iPwrV', 'ai1', 'parm6', 'type', 'result'], 'old_params': {'protocol': 'FMB120', 'priority': 0, 'sat': 10, 'event': 0, 'di1': 1, 'output1': 0, 'di2': 0, 'output2': 0, 'parm29': 0, 'ePwrV': 14.501, 'Speed': 0, 'parm24': 0, 'iPwrV': 4.046, 'ai1': 217, 'parm6': 217}, 'vLoc': 1, 'vCon': 1, 'ip': '109.83.54.186', 'rl': 0, 'trl': 8072.0934, 'mdu': 0, 'tmdu': 822339, 'eidl': 30, 'teidl': 8178421, 'fc': 0, 'tfc': 0.225024, 'acc': 1, 'accOn': 1272700840, 'accOff': 2579431901, 'sdu': 0, 'tsdu': 0, 'lat': 27.475885, 'lng': 35.6572533}, 'counters': {'odometer_type': 'gps', 'odometer': 17259.5302, 'engine_hours_type': 'acc', 'engine_hours': 1272700840, 'last_acc': 1}, 'is_wasl_connected': 'Not Connected', 'iconUrl': 'https://api.afaqy.sa/images/units/icons/icon.png', 'hasCCTV': False}
[2024-04-21T07:01:23.262+0000] {warnings.py:109} WARNING - /home/***/.local/lib/python3.8/site-packages/elasticsearch/_sync/client/__init__.py:399: SecurityWarning: Connecting to 'https://dbelk2.afaqy.local:9200' using TLS with verify_certs=False is insecure
  _transport = transport_class(

[2024-04-21T07:01:23.379+0000] {warnings.py:109} WARNING - /home/***/.local/lib/python3.8/site-packages/elasticsearch/_sync/client/__init__.py:399: SecurityWarning: Connecting to 'https://dbelk3.afaqy.local:9200' using TLS with verify_certs=False is insecure
  _transport = transport_class(

[2024-04-21T07:01:23.476+0000] {warnings.py:109} WARNING - /home/***/.local/lib/python3.8/site-packages/elasticsearch/_sync/client/__init__.py:399: SecurityWarning: Connecting to 'https://dbelk1.afaqy.local:9200' using TLS with verify_certs=False is insecure
  _transport = transport_class(

[2024-04-21T07:01:23.512+0000] {warnings.py:109} WARNING - /home/***/.local/lib/python3.8/site-packages/urllib3/connectionpool.py:1061: InsecureRequestWarning: Unverified HTTPS request is being made to host 'dbelk2.afaqy.local'. Adding certificate verification is strongly advised. See: https://urllib3.readthedocs.io/en/1.26.x/advanced-usage.html#ssl-warnings
  warnings.warn(

[2024-04-21T07:01:23.585+0000] {_transport.py:335} INFO - GET https://dbelk2.afaqy.local:9200/_cluster/health [status:200 duration:0.107s]
[2024-04-21T07:01:24.457+0000] {warnings.py:109} WARNING - /home/***/.local/lib/python3.8/site-packages/urllib3/connectionpool.py:1061: InsecureRequestWarning: Unverified HTTPS request is being made to host 'dbelk3.afaqy.local'. Adding certificate verification is strongly advised. See: https://urllib3.readthedocs.io/en/1.26.x/advanced-usage.html#ssl-warnings
  warnings.warn(

[2024-04-21T07:01:26.000+0000] {_transport.py:335} INFO - PUT https://dbelk3.afaqy.local:9200/units_statistics_***/_bulk [status:200 duration:1.569s]
[2024-04-21T07:01:26.367+0000] {python.py:202} INFO - Done. Returned value was: None
[2024-04-21T07:01:26.378+0000] {taskinstance.py:1149} INFO - Marking task as SUCCESS. dag_id=Units_statistics_DAG, task_id=ETL_job, map_index=7, execution_date=20240421T060000, start_date=20240421T070039, end_date=20240421T070126
[2024-04-21T07:01:26.418+0000] {local_task_job_runner.py:234} INFO - Task exited with return code 0
[2024-04-21T07:01:26.439+0000] {taskinstance.py:3312} INFO - 0 downstream tasks scheduled from follow-on schedule check
