[2024-05-08T12:40:17.323+0000] {taskinstance.py:1979} INFO - Dependencies all met for dep_context=non-requeueable deps ti=<TaskInstance: Units_statistics_DAG.ETL_job scheduled__2024-05-08T12:20:00+00:00 map_index=6 [queued]>
[2024-05-08T12:40:17.388+0000] {taskinstance.py:1979} INFO - Dependencies all met for dep_context=requeueable deps ti=<TaskInstance: Units_statistics_DAG.ETL_job scheduled__2024-05-08T12:20:00+00:00 map_index=6 [queued]>
[2024-05-08T12:40:17.389+0000] {taskinstance.py:2193} INFO - Starting attempt 1 of 4
[2024-05-08T12:40:17.485+0000] {taskinstance.py:2217} INFO - Executing <Mapped(_PythonDecoratedOperator): ETL_job> on 2024-05-08 12:20:00+00:00
[2024-05-08T12:40:17.523+0000] {standard_task_runner.py:60} INFO - Started process 861162 to run task
[2024-05-08T12:40:17.591+0000] {standard_task_runner.py:87} INFO - Running: ['***', 'tasks', 'run', 'Units_statistics_DAG', 'ETL_job', 'scheduled__2024-05-08T12:20:00+00:00', '--job-id', '41707', '--raw', '--subdir', 'DAGS_FOLDER/Units_dag.py', '--cfg-path', '/tmp/tmpw0ummc5b', '--map-index', '6']
[2024-05-08T12:40:17.607+0000] {standard_task_runner.py:88} INFO - Job 41707: Subtask ETL_job
[2024-05-08T12:40:17.866+0000] {task_command.py:423} INFO - Running <TaskInstance: Units_statistics_DAG.ETL_job scheduled__2024-05-08T12:20:00+00:00 map_index=6 [running]> on host a09da322e808
[2024-05-08T12:40:18.434+0000] {taskinstance.py:2513} INFO - Exporting env vars: AIRFLOW_CTX_DAG_OWNER='abeer-araby' AIRFLOW_CTX_DAG_ID='Units_statistics_DAG' AIRFLOW_CTX_TASK_ID='ETL_job' AIRFLOW_CTX_EXECUTION_DATE='2024-05-08T12:20:00+00:00' AIRFLOW_CTX_TRY_NUMBER='1' AIRFLOW_CTX_DAG_RUN_ID='scheduled__2024-05-08T12:20:00+00:00'
[2024-05-08T12:40:18.436+0000] {Units_dag.py:98} INFO - i: 60000, chunk: 10000
[2024-05-08T12:40:18.436+0000] {Units_dag.py:99} INFO - child token is::: eyJ0eXAiOiJKV1QiLCJhbGciOiJIUzI1NiJ9.eyJpc3MiOiJodHRwczovL2FwaS5hZmFxeS5zYS9hdXRoL2xvZ2luX2FzIiwiaWF0IjoxNzE1MTcyMDA0LCJleHAiOjE3MTc3NjQwMDQsIm5iZiI6MTcxNTE3MjAwNCwianRpIjoiR2tKV1JDdTBza05xMXdMVyIsInN1YiI6IjVkNjNlNTFlMDNlZDUyOTJhNDJjMjRlNiIsInBydiI6IjI3MGVjZmM3ZWEzZWQ5MzdlYTg0OTM2MmEzYTUwOTEwYzZkOGNlNGYiLCJsb2dpbl9hc19pZCI6IjY1N2YwYWQ3M2Y5NzcyOTVjZjA1NTc2YSJ9.DLWqPXOGwRaKcBsVLBJ__FugoVnDdtTkUtkcnUvCoDY
[2024-05-08T12:40:37.982+0000] {Units_dag.py:103} INFO - {'_id': '633060631e18730e17721004', 'icon': 'icons/icon.png', 'driver_id': '', 'tailer_id': '', 'profile': {'vehicle_type': '', 'measurement_type': 'count', 'max_capacity': 0, 'vin': '', 'plate_number': '', 'start_operation': '', 'contract_milage': '', 'opening_milage': '', 'model': '', 'fuel_type': '91', 'year': 0, 'seats': 2}, 'device_password': '***', 'device_type': 'gps', 'gateway': False, 'name': '2763 EDA', 'operation_code': '', 'device_gateway': '', 'business_types': {'waste': False, 'transportation': True, 'water': False}, 'imei': '869688059372088', 'sim_number': '+966830028626276', 'sim_serial': '996609821111331179', 'device_serial': '869688059372088', 'device': 'bce', 'user_id': '63304ec454c0a4607849c950', 'created_by': '5e6655bf03ed52e1ab79d301', 'updated_at': '2024-04-18 11:18:59', 'created_at': '2022-09-25 17:06:27', 'custom_fields': [], 'creator': 'amr.ahmed', 'company': '', 'owner': 'rehaan-el-nourth-admin', 'last_update': {'dtt': 1715171712000, 'dts': 1715171943561, 'spd': 0, 'ang': 152, 'alt': 621, 'chPrams': {'ePwrV': {'v': 22.031, 'cdt': 1715171712000}, 'di16': {'v': 1, 'cdt': 1713946160000}, 'di15': {'v': 0, 'cdt': 1694331422000}, 'rssi1': {'v': 55, 'cdt': 1715171712000}, 'di14': {'v': 0, 'cdt': 1715139482000}, 'di13': {'v': 0, 'cdt': 1713946160000}, 'di12': {'v': 0, 'cdt': 1713946160000}, 'di11': {'v': 0, 'cdt': 1713946160000}, 'di10': {'v': 0, 'cdt': 1713946160000}, 'di2': {'v': 1, 'cdt': 1712607660000}, 'ai4': {'v': 8191, 'cdt': 1715171712000}, 'di1': {'v': 0, 'cdt': 1715144110000}, 'di4': {'v': 0, 'cdt': 1713946160000}, 'di3': {'v': 0, 'cdt': 1713946160000}, 'di6': {'v': 0, 'cdt': 1713946160000}, 'di5': {'v': 0, 'cdt': 1715143810000}, 'lac1': {'v': 1231, 'cdt': 1715119678000}, 'protocol': {'v': 'bce', 'cdt': 1713946160000}, 'di8': {'v': 1, 'cdt': 1715150056000}, 'di7': {'v': 0, 'cdt': 1715143810000}, 'di9': {'v': 0, 'cdt': 1713946160000}, 'iPwrV': {'v': 4.117, 'cdt': 1715171712000}, 'humidity': {'v': -1, 'cdt': 1713946160000}, 'cid1': {'v': 49412, 'cdt': 1715157856000}, 'temp': {'v': -273, 'cdt': 1713946160000}, 'odometer': {'v': 0, 'cdt': 1715168712000}, 'spd': {'v': 0, 'cdt': 1715139498000}, 'sat': {'v': 6, 'cdt': 1715171712000}, 'hdop': {'v': 1, 'cdt': 1715171112000}, 'ta': {'v': 0, 'cdt': 1713946160000}, 'mcc1': {'v': 420, 'cdt': 1713449726000}, 'mnc1': {'v': 3, 'cdt': 1713942066000}}, 'prms': {'protocol': 'bce', 'spd': 0, 'sat': 6, 'hdop': 1, 'odometer': 0, 'di16': 1, 'di15': 0, 'di14': 0, 'di13': 0, 'di12': 0, 'di11': 0, 'di10': 0, 'di9': 0, 'di8': 1, 'di7': 0, 'di6': 0, 'di5': 0, 'di4': 0, 'di3': 0, 'di2': 1, 'di1': 0, 'ePwrV': 22.031, 'ai4': 8191, 'iPwrV': 4.117, 'ta': 0, 'mcc1': 420, 'mnc1': 3, 'lac1': 1231, 'cid1': 49412, 'rssi1': 55, 'temp': -273, 'humidity': -1}, 'devPrms': ['protocol', 'spd', 'sat', 'hdop', 'odometer', 'di16', 'di15', 'di14', 'di13', 'di12', 'di11', 'di10', 'di9', 'di8', 'di7', 'di6', 'di5', 'di4', 'di3', 'di2', 'di1', 'ePwrV', 'ai4', 'iPwrV', 'ta', 'mcc1', 'mnc1', 'lac1', 'cid1', 'rssi1', 'temp', 'humidity'], 'old_params': {'di16': 1, 'ePwrV': 21.393, 'di15': 0, 'rssi1': 54, 'di14': 0, 'di13': 0, 'di12': 0, 'di11': 0, 'di10': 0, 'di2': 1, 'di1': 0, 'ai4': 7881, 'di4': 0, 'di3': 0, 'di6': 0, 'di5': 0, 'lac1': 1231, 'protocol': 'bce', 'di8': 1, 'di7': 0, 'di9': 0, 'iPwrV': 4.114, 'humidity': -1, 'cid1': 49412, 'temp': -273, 'odometer': 0, 'spd': 0, 'sat': 7, 'hdop': 1, 'ta': 0, 'mcc1': 420, 'mnc1': 3}, 'vLoc': 1, 'vCon': 1, 'ip': '37.216.2.34', 'rl': 0, 'trl': 252969.253, 'mdu': 0, 'tmdu': 15665680, 'eidl': 0, 'teidl': 12712342, 'fc': 0, 'tfc': 26.34558, 'acc': 0, 'accOn': 28978230, 'accOff': 22461024, 'sdu': 300, 'tsdu': 27902, 'lat': 24.632747650146484, 'lng': 46.805320739746094}, 'counters': {'odometer_type': 'gps', 'odometer': 252969.2555, 'engine_hours_type': 'acc', 'engine_hours': 28978230, 'last_acc': 0}, 'is_wasl_connected': 'Connected', 'iconUrl': 'https://api.afaqy.sa/images/units/icons/icon.png', 'hasCCTV': False}
[2024-05-08T12:40:38.516+0000] {warnings.py:109} WARNING - /home/***/.local/lib/python3.8/site-packages/elasticsearch/_sync/client/__init__.py:399: SecurityWarning: Connecting to 'https://dbelk3.afaqy.local:9200' using TLS with verify_certs=False is insecure
  _transport = transport_class(

[2024-05-08T12:40:38.560+0000] {warnings.py:109} WARNING - /home/***/.local/lib/python3.8/site-packages/elasticsearch/_sync/client/__init__.py:399: SecurityWarning: Connecting to 'https://dbelk2.afaqy.local:9200' using TLS with verify_certs=False is insecure
  _transport = transport_class(

[2024-05-08T12:40:38.608+0000] {warnings.py:109} WARNING - /home/***/.local/lib/python3.8/site-packages/elasticsearch/_sync/client/__init__.py:399: SecurityWarning: Connecting to 'https://dbelk1.afaqy.local:9200' using TLS with verify_certs=False is insecure
  _transport = transport_class(

[2024-05-08T12:40:38.631+0000] {warnings.py:109} WARNING - /home/***/.local/lib/python3.8/site-packages/urllib3/connectionpool.py:1061: InsecureRequestWarning: Unverified HTTPS request is being made to host 'dbelk3.afaqy.local'. Adding certificate verification is strongly advised. See: https://urllib3.readthedocs.io/en/1.26.x/advanced-usage.html#ssl-warnings
  warnings.warn(

[2024-05-08T12:40:38.731+0000] {_transport.py:335} INFO - GET https://dbelk3.afaqy.local:9200/_cluster/health [status:200 duration:0.121s]
[2024-05-08T12:40:39.383+0000] {warnings.py:109} WARNING - /home/***/.local/lib/python3.8/site-packages/urllib3/connectionpool.py:1061: InsecureRequestWarning: Unverified HTTPS request is being made to host 'dbelk2.afaqy.local'. Adding certificate verification is strongly advised. See: https://urllib3.readthedocs.io/en/1.26.x/advanced-usage.html#ssl-warnings
  warnings.warn(

[2024-05-08T12:40:39.463+0000] {_transport.py:335} INFO - PUT https://dbelk2.afaqy.local:9200/units_statistics_***/_bulk [status:429 duration:0.106s]
[2024-05-08T12:40:39.464+0000] {_node_pool.py:249} WARNING - Node <Urllib3HttpNode(https://dbelk2.afaqy.local:9200)> has failed for 1 times in a row, putting on 1 second timeout
[2024-05-08T12:40:39.464+0000] {_transport.py:427} WARNING - Retrying request after non-successful status 429 (attempt 0 of 3)
[2024-05-08T12:40:39.465+0000] {warnings.py:109} WARNING - /home/***/.local/lib/python3.8/site-packages/urllib3/connectionpool.py:1061: InsecureRequestWarning: Unverified HTTPS request is being made to host 'dbelk3.afaqy.local'. Adding certificate verification is strongly advised. See: https://urllib3.readthedocs.io/en/1.26.x/advanced-usage.html#ssl-warnings
  warnings.warn(

[2024-05-08T12:40:39.487+0000] {_transport.py:335} INFO - PUT https://dbelk3.afaqy.local:9200/units_statistics_***/_bulk [status:429 duration:0.022s]
[2024-05-08T12:40:39.488+0000] {_node_pool.py:249} WARNING - Node <Urllib3HttpNode(https://dbelk3.afaqy.local:9200)> has failed for 1 times in a row, putting on 1 second timeout
[2024-05-08T12:40:39.488+0000] {_transport.py:427} WARNING - Retrying request after non-successful status 429 (attempt 1 of 3)
[2024-05-08T12:40:39.507+0000] {warnings.py:109} WARNING - /home/***/.local/lib/python3.8/site-packages/urllib3/connectionpool.py:1061: InsecureRequestWarning: Unverified HTTPS request is being made to host 'dbelk1.afaqy.local'. Adding certificate verification is strongly advised. See: https://urllib3.readthedocs.io/en/1.26.x/advanced-usage.html#ssl-warnings
  warnings.warn(

[2024-05-08T12:40:39.980+0000] {_transport.py:335} INFO - PUT https://dbelk1.afaqy.local:9200/units_statistics_***/_bulk [status:200 duration:0.492s]
[2024-05-08T12:40:40.511+0000] {taskinstance.py:2731} ERROR - Task failed with exception
Traceback (most recent call last):
  File "/home/airflow/.local/lib/python3.8/site-packages/airflow/models/taskinstance.py", line 444, in _execute_task
    result = _execute_callable(context=context, **execute_callable_kwargs)
  File "/home/airflow/.local/lib/python3.8/site-packages/airflow/models/taskinstance.py", line 414, in _execute_callable
    return execute_callable(context=context, **execute_callable_kwargs)
  File "/home/airflow/.local/lib/python3.8/site-packages/airflow/decorators/base.py", line 241, in execute
    return_value = super().execute(context)
  File "/home/airflow/.local/lib/python3.8/site-packages/airflow/operators/python.py", line 200, in execute
    return_value = self.execute_callable()
  File "/home/airflow/.local/lib/python3.8/site-packages/airflow/operators/python.py", line 217, in execute_callable
    return self.python_callable(*self.op_args, **self.op_kwargs)
  File "/opt/airflow/dags/Units_dag.py", line 111, in ETL_job
    Elk_client.elk_pushData(Globals.index_name,units_list_update)
  File "/opt/airflow/dags/units_statistics/elk_manager.py", line 69, in elk_pushData
    helpers.bulk(self.elk_client, docs_list, index=index_name, chunk_size=batch)
  File "/home/airflow/.local/lib/python3.8/site-packages/elasticsearch/helpers/actions.py", line 521, in bulk
    for ok, item in streaming_bulk(
  File "/home/airflow/.local/lib/python3.8/site-packages/elasticsearch/helpers/actions.py", line 436, in streaming_bulk
    for data, (ok, info) in zip(
  File "/home/airflow/.local/lib/python3.8/site-packages/elasticsearch/helpers/actions.py", line 355, in _process_bulk_chunk
    yield from gen
  File "/home/airflow/.local/lib/python3.8/site-packages/elasticsearch/helpers/actions.py", line 274, in _process_bulk_chunk_success
    raise BulkIndexError(f"{len(errors)} document(s) failed to index.", errors)
elasticsearch.helpers.BulkIndexError: 10000 document(s) failed to index.
[2024-05-08T12:40:40.588+0000] {taskinstance.py:1149} INFO - Marking task as UP_FOR_RETRY. dag_id=Units_statistics_DAG, task_id=ETL_job, map_index=6, execution_date=20240508T122000, start_date=20240508T124017, end_date=20240508T124040
[2024-05-08T12:40:40.617+0000] {standard_task_runner.py:107} ERROR - Failed to execute job 41707 for task ETL_job (10000 document(s) failed to index.; 861162)
[2024-05-08T12:40:40.743+0000] {local_task_job_runner.py:234} INFO - Task exited with return code 1
[2024-05-08T12:40:40.791+0000] {taskinstance.py:3312} INFO - 0 downstream tasks scheduled from follow-on schedule check
