[2024-05-04T08:00:45.846+0000] {taskinstance.py:1979} INFO - Dependencies all met for dep_context=non-requeueable deps ti=<TaskInstance: Units_statistics_DAG.ETL_job scheduled__2024-05-04T07:40:00+00:00 map_index=17 [queued]>
[2024-05-04T08:00:45.886+0000] {taskinstance.py:1979} INFO - Dependencies all met for dep_context=requeueable deps ti=<TaskInstance: Units_statistics_DAG.ETL_job scheduled__2024-05-04T07:40:00+00:00 map_index=17 [queued]>
[2024-05-04T08:00:45.887+0000] {taskinstance.py:2193} INFO - Starting attempt 1 of 4
[2024-05-04T08:00:45.969+0000] {taskinstance.py:2217} INFO - Executing <Mapped(_PythonDecoratedOperator): ETL_job> on 2024-05-04 07:40:00+00:00
[2024-05-04T08:00:45.987+0000] {standard_task_runner.py:60} INFO - Started process 753778 to run task
[2024-05-04T08:00:46.018+0000] {standard_task_runner.py:87} INFO - Running: ['***', 'tasks', 'run', 'Units_statistics_DAG', 'ETL_job', 'scheduled__2024-05-04T07:40:00+00:00', '--job-id', '31144', '--raw', '--subdir', 'DAGS_FOLDER/Units_dag.py', '--cfg-path', '/tmp/tmpwojvvr9v', '--map-index', '17']
[2024-05-04T08:00:46.020+0000] {standard_task_runner.py:88} INFO - Job 31144: Subtask ETL_job
[2024-05-04T08:00:46.174+0000] {task_command.py:423} INFO - Running <TaskInstance: Units_statistics_DAG.ETL_job scheduled__2024-05-04T07:40:00+00:00 map_index=17 [running]> on host a09da322e808
[2024-05-04T08:00:46.491+0000] {taskinstance.py:2513} INFO - Exporting env vars: AIRFLOW_CTX_DAG_OWNER='abeer-araby' AIRFLOW_CTX_DAG_ID='Units_statistics_DAG' AIRFLOW_CTX_TASK_ID='ETL_job' AIRFLOW_CTX_EXECUTION_DATE='2024-05-04T07:40:00+00:00' AIRFLOW_CTX_TRY_NUMBER='1' AIRFLOW_CTX_DAG_RUN_ID='scheduled__2024-05-04T07:40:00+00:00'
[2024-05-04T08:00:46.492+0000] {Units_dag.py:99} INFO - i: 170000, chunk: 63
[2024-05-04T08:00:46.493+0000] {Units_dag.py:100} INFO - child token is::: eyJ0eXAiOiJKV1QiLCJhbGciOiJIUzI1NiJ9.eyJpc3MiOiJodHRwczovL2FwaS5hZmFxeS5zYS9hdXRoL2xvZ2luX2FzIiwiaWF0IjoxNzE0ODA5NjA0LCJleHAiOjE3MTc0MDE2MDQsIm5iZiI6MTcxNDgwOTYwNCwianRpIjoidVNjdUkxbGpCSDdYZktjMSIsInN1YiI6IjVkNjNlNTFlMDNlZDUyOTJhNDJjMjRlNiIsInBydiI6IjI3MGVjZmM3ZWEzZWQ5MzdlYTg0OTM2MmEzYTUwOTEwYzZkOGNlNGYiLCJsb2dpbl9hc19pZCI6IjY1N2YwYWQ3M2Y5NzcyOTVjZjA1NTc2YSJ9.Q50lbkraeWj8Mp7WhM255uDhkfIB2pHDp1fd8CW-6DI
[2024-05-04T08:00:54.067+0000] {Units_dag.py:104} INFO - {'_id': '6635131e13180c6a830896d6', 'icon': 'icons/icon.png', 'driver_id': '', 'tailer_id': '', 'profile': {'measurement_type': 'count', 'fuel_type': '91', 'year': 0, 'seats': 2}, 'shipment_info': {'product_category': '', 'truck_type': '', 'shipment_type': '', 'shipment_payment_type': '', 'transporter_type': '', 'operating_area': '', 'weight_kilograms_per_day': '', 'kms_per_day': '', 'opening_milage': '', 'shipment_trip_drive_hrs_day': '', 'expected_shipment_trip_day': '', 'car_pay_per_day': '', 'exceeding_temperature_limit_per_day': '', 'temperature_upper_limit': '', 'exceeding_humidity_limit_per_day': '', 'humidity_upper_limit': '', 'allowable_delay_drive_hrs_day': ''}, 'device_password': '***', 'device_type': 'gps', 'gateway': False, 'business_types': {'waste': False, 'transportation': True, 'water': False}, 'name': '862315065331885', 'operation_code': None, 'device_gateway': None, 'skip_sim_information': False, 'custom_fields': [], 'imei': '862315065331885', 'sim_number': '+966830031915389', 'sim_serial': '421296761533', 'device_serial': '862315065331885', 'device': 'bceIotm', 'user_id': '6256d4e967d2c22af43a0b33', 'created_by': '5e6655bf03ed52e1ab79d301', 'updated_at': '2024-05-03 16:38:54', 'created_at': '2024-05-03 19:38:54', 'creator': 'amr.ahmed', 'company': 'شركة ناصر عبدالله أبو سرهد وشركاه المحدودة', 'owner': 'abusarhad-hajj', 'counters': None, 'is_wasl_connected': 'Not Connected', 'iconUrl': 'https://api.afaqy.sa/images/units/icons/icon.png', 'hasCCTV': False}
[2024-05-04T08:00:54.587+0000] {warnings.py:109} WARNING - /home/***/.local/lib/python3.8/site-packages/elasticsearch/_sync/client/__init__.py:399: SecurityWarning: Connecting to 'https://dbelk3.afaqy.local:9200' using TLS with verify_certs=False is insecure
  _transport = transport_class(

[2024-05-04T08:00:54.632+0000] {warnings.py:109} WARNING - /home/***/.local/lib/python3.8/site-packages/elasticsearch/_sync/client/__init__.py:399: SecurityWarning: Connecting to 'https://dbelk1.afaqy.local:9200' using TLS with verify_certs=False is insecure
  _transport = transport_class(

[2024-05-04T08:00:54.680+0000] {warnings.py:109} WARNING - /home/***/.local/lib/python3.8/site-packages/elasticsearch/_sync/client/__init__.py:399: SecurityWarning: Connecting to 'https://dbelk2.afaqy.local:9200' using TLS with verify_certs=False is insecure
  _transport = transport_class(

[2024-05-04T08:00:54.701+0000] {warnings.py:109} WARNING - /home/***/.local/lib/python3.8/site-packages/urllib3/connectionpool.py:1061: InsecureRequestWarning: Unverified HTTPS request is being made to host 'dbelk3.afaqy.local'. Adding certificate verification is strongly advised. See: https://urllib3.readthedocs.io/en/1.26.x/advanced-usage.html#ssl-warnings
  warnings.warn(

[2024-05-04T08:00:54.785+0000] {_transport.py:335} INFO - GET https://dbelk3.afaqy.local:9200/_cluster/health [status:200 duration:0.103s]
[2024-05-04T08:00:54.858+0000] {warnings.py:109} WARNING - /home/***/.local/lib/python3.8/site-packages/urllib3/connectionpool.py:1061: InsecureRequestWarning: Unverified HTTPS request is being made to host 'dbelk1.afaqy.local'. Adding certificate verification is strongly advised. See: https://urllib3.readthedocs.io/en/1.26.x/advanced-usage.html#ssl-warnings
  warnings.warn(

[2024-05-04T08:00:54.879+0000] {_transport.py:335} INFO - PUT https://dbelk1.afaqy.local:9200/units_statistics_***/_bulk [status:200 duration:0.090s]
[2024-05-04T08:00:54.881+0000] {python.py:202} INFO - Done. Returned value was: None
[2024-05-04T08:00:54.903+0000] {taskinstance.py:1149} INFO - Marking task as SUCCESS. dag_id=Units_statistics_DAG, task_id=ETL_job, map_index=17, execution_date=20240504T074000, start_date=20240504T080045, end_date=20240504T080054
[2024-05-04T08:00:54.943+0000] {local_task_job_runner.py:234} INFO - Task exited with return code 0
[2024-05-04T08:00:54.978+0000] {taskinstance.py:3312} INFO - 0 downstream tasks scheduled from follow-on schedule check
