[2024-05-08T12:44:37.694+0000] {taskinstance.py:1979} INFO - Dependencies all met for dep_context=non-requeueable deps ti=<TaskInstance: Units_statistics_DAG.ETL_job scheduled__2024-05-08T12:20:00+00:00 map_index=11 [queued]>
[2024-05-08T12:44:37.712+0000] {taskinstance.py:1979} INFO - Dependencies all met for dep_context=requeueable deps ti=<TaskInstance: Units_statistics_DAG.ETL_job scheduled__2024-05-08T12:20:00+00:00 map_index=11 [queued]>
[2024-05-08T12:44:37.713+0000] {taskinstance.py:2193} INFO - Starting attempt 4 of 4
[2024-05-08T12:44:37.737+0000] {taskinstance.py:2217} INFO - Executing <Mapped(_PythonDecoratedOperator): ETL_job> on 2024-05-08 12:20:00+00:00
[2024-05-08T12:44:37.746+0000] {standard_task_runner.py:60} INFO - Started process 861298 to run task
[2024-05-08T12:44:37.759+0000] {standard_task_runner.py:87} INFO - Running: ['***', 'tasks', 'run', 'Units_statistics_DAG', 'ETL_job', 'scheduled__2024-05-08T12:20:00+00:00', '--job-id', '41746', '--raw', '--subdir', 'DAGS_FOLDER/Units_dag.py', '--cfg-path', '/tmp/tmp11sddrdp', '--map-index', '11']
[2024-05-08T12:44:37.762+0000] {standard_task_runner.py:88} INFO - Job 41746: Subtask ETL_job
[2024-05-08T12:44:37.862+0000] {task_command.py:423} INFO - Running <TaskInstance: Units_statistics_DAG.ETL_job scheduled__2024-05-08T12:20:00+00:00 map_index=11 [running]> on host a09da322e808
[2024-05-08T12:44:38.049+0000] {taskinstance.py:2513} INFO - Exporting env vars: AIRFLOW_CTX_DAG_OWNER='abeer-araby' AIRFLOW_CTX_DAG_ID='Units_statistics_DAG' AIRFLOW_CTX_TASK_ID='ETL_job' AIRFLOW_CTX_EXECUTION_DATE='2024-05-08T12:20:00+00:00' AIRFLOW_CTX_TRY_NUMBER='4' AIRFLOW_CTX_DAG_RUN_ID='scheduled__2024-05-08T12:20:00+00:00'
[2024-05-08T12:44:38.050+0000] {Units_dag.py:98} INFO - i: 110000, chunk: 10000
[2024-05-08T12:44:38.051+0000] {Units_dag.py:99} INFO - child token is::: eyJ0eXAiOiJKV1QiLCJhbGciOiJIUzI1NiJ9.eyJpc3MiOiJodHRwczovL2FwaS5hZmFxeS5zYS9hdXRoL2xvZ2luX2FzIiwiaWF0IjoxNzE1MTcyMDA0LCJleHAiOjE3MTc3NjQwMDQsIm5iZiI6MTcxNTE3MjAwNCwianRpIjoiR2tKV1JDdTBza05xMXdMVyIsInN1YiI6IjVkNjNlNTFlMDNlZDUyOTJhNDJjMjRlNiIsInBydiI6IjI3MGVjZmM3ZWEzZWQ5MzdlYTg0OTM2MmEzYTUwOTEwYzZkOGNlNGYiLCJsb2dpbl9hc19pZCI6IjY1N2YwYWQ3M2Y5NzcyOTVjZjA1NTc2YSJ9.DLWqPXOGwRaKcBsVLBJ__FugoVnDdtTkUtkcnUvCoDY
[2024-05-08T12:44:55.996+0000] {Units_dag.py:103} INFO - {'_id': '6489c6dce5172e7747429905', 'icon': 'icons/12.png', 'driver_id': '', 'tailer_id': '', 'profile': {'vehicle_type': '', 'measurement_type': 'count', 'max_capacity': 0, 'vin': '', 'plate_number': '', 'start_operation': '', 'contract_milage': '', 'opening_milage': '', 'model': '', 'fuel_type': 'diesel', 'year': 0, 'seats': 2}, 'device_password': '***', 'device_type': 'gps', 'gateway': False, 'business_types': {'waste': False, 'transportation': True, 'water': False}, 'name': 'EX-L-41', 'operation_code': '2', 'device_gateway': '', 'skip_sim_information': False, 'imei': '863051060703765', 'sim_number': '+966830031809964', 'sim_serial': '421296739180', 'device_serial': '863051060703765', 'device': 'bce', 'user_id': '646b5d17429753253c3f456b', 'created_by': '5e6655bf03ed52e1ab79d301', 'updated_at': '2024-04-18 11:18:59', 'created_at': '2023-06-14 16:55:40', 'shipment_info': {'product_category': None, 'truck_type': None, 'shipment_type': None, 'shipment_payment_type': None, 'transporter_type': None, 'operating_area': None, 'weight_kilograms_per_day': None, 'kms_per_day': None, 'shipment_trip_drive_hrs_day': None, 'allowable_delay_drive_hrs_day': None, 'expected_shipment_trip_day': None, 'car_pay_per_day': None, 'exceeding_temperature_limit_per_day': None, 'temperature_upper_limit': None, 'exceeding_humidity_limit_per_day': None, 'humidity_upper_limit': None}, 'custom_fields': [], 'creator': 'amr.ahmed', 'company': '', 'owner': 'muhammad-mansour-al-bassami-admin', 'last_update': {'dtt': 1715172028000, 'dts': 1715172050887, 'spd': 0, 'ang': 180, 'alt': 25, 'chPrams': {'ePwrV': {'v': 27.811, 'cdt': 1715172028000}, 'di16': {'v': 1, 'cdt': 1713910992000}, 'rssi1': {'v': 10, 'cdt': 1715170528000}, 'di15': {'v': 0, 'cdt': 1713910992000}, 'di14': {'v': 1, 'cdt': 1715172028000}, 'di13': {'v': 0, 'cdt': 1713910992000}, 'di12': {'v': 0, 'cdt': 1713910992000}, 'di11': {'v': 0, 'cdt': 1713910992000}, 'di10': {'v': 0, 'cdt': 1713910992000}, 'di2': {'v': 1, 'cdt': 1713910992000}, 'di1': {'v': 0, 'cdt': 1715171728000}, 'di4': {'v': 0, 'cdt': 1713910992000}, 'di3': {'v': 0, 'cdt': 1713910992000}, 'di6': {'v': 1, 'cdt': 1713910992000}, 'di5': {'v': 0, 'cdt': 1709381300000}, 'lac1': {'v': 30, 'cdt': 1715131780000}, 'protocol': {'v': 'bce', 'cdt': 1713910992000}, 'di8': {'v': 1, 'cdt': 1713910992000}, 'di7': {'v': 1, 'cdt': 1715135988000}, 'di9': {'v': 0, 'cdt': 1713910992000}, 'iPwrV': {'v': 3.976, 'cdt': 1715170826000}, 'cid1': {'v': 39420, 'cdt': 1715131780000}, 'odometer': {'v': 0, 'cdt': 1715165726000}, 'spd': {'v': 0, 'cdt': 1715165726000}, 'sat': {'v': 13, 'cdt': 1715172028000}, 'hdop': {'v': 1, 'cdt': 1714399212000}, 'ta': {'v': 0, 'cdt': 1713910992000}, 'mcc1': {'v': 420, 'cdt': 1714629582000}, 'mnc1': {'v': 1, 'cdt': 1715131780000}}, 'prms': {'protocol': 'bce', 'spd': 0, 'sat': 13, 'hdop': 1, 'odometer': 0, 'di16': 1, 'di15': 0, 'di14': 1, 'di13': 0, 'di12': 0, 'di11': 0, 'di10': 0, 'di9': 0, 'di8': 1, 'di7': 1, 'di6': 1, 'di5': 0, 'di4': 0, 'di3': 0, 'di2': 1, 'di1': 0, 'ePwrV': 27.811, 'iPwrV': 3.976, 'ta': 0, 'mcc1': 420, 'mnc1': 1, 'lac1': 30, 'cid1': 39420, 'rssi1': 10}, 'devPrms': ['protocol', 'spd', 'sat', 'hdop', 'odometer', 'di16', 'di15', 'di14', 'di13', 'di12', 'di11', 'di10', 'di9', 'di8', 'di7', 'di6', 'di5', 'di4', 'di3', 'di2', 'di1', 'ePwrV', 'iPwrV', 'ta', 'mcc1', 'mnc1', 'lac1', 'cid1', 'rssi1'], 'old_params': {'protocol': 'bce', 'spd': 0, 'sat': 14, 'hdop': 1, 'odometer': 0, 'di16': 1, 'di15': 0, 'di14': 0, 'di13': 0, 'di12': 0, 'di11': 0, 'di10': 0, 'di9': 0, 'di8': 1, 'di7': 1, 'di6': 1, 'di5': 0, 'di4': 0, 'di3': 0, 'di2': 1, 'di1': 0, 'ePwrV': 27.988, 'iPwrV': 3.976, 'ta': 0, 'mcc1': 420, 'mnc1': 1, 'lac1': 30, 'cid1': 39420, 'rssi1': 10}, 'vLoc': 1, 'vCon': 1, 'ip': '51.36.194.255', 'rl': 0, 'trl': 67.4361, 'mdu': 0, 'tmdu': 6798, 'eidl': 0, 'teidl': 6158792, 'fc': 0, 'tfc': 0, 'acc': 0, 'accOn': 33506028, 'accOff': 19036572, 'sdu': 300, 'tsdu': 6302, 'lat': 21.213289260864258, 'lng': 39.36430740356445}, 'counters': {'odometer_type': 'gps', 'odometer': 8349.13, 'engine_hours_type': 'acc', 'engine_hours': 33506028, 'last_acc': 0}, 'is_wasl_connected': 'Not Connected', 'iconUrl': 'https://api.afaqy.sa/images/units/icons/12.png', 'hasCCTV': False}
[2024-05-08T12:44:56.626+0000] {warnings.py:109} WARNING - /home/***/.local/lib/python3.8/site-packages/elasticsearch/_sync/client/__init__.py:399: SecurityWarning: Connecting to 'https://dbelk2.afaqy.local:9200' using TLS with verify_certs=False is insecure
  _transport = transport_class(

[2024-05-08T12:44:56.675+0000] {warnings.py:109} WARNING - /home/***/.local/lib/python3.8/site-packages/elasticsearch/_sync/client/__init__.py:399: SecurityWarning: Connecting to 'https://dbelk3.afaqy.local:9200' using TLS with verify_certs=False is insecure
  _transport = transport_class(

[2024-05-08T12:44:56.721+0000] {warnings.py:109} WARNING - /home/***/.local/lib/python3.8/site-packages/elasticsearch/_sync/client/__init__.py:399: SecurityWarning: Connecting to 'https://dbelk1.afaqy.local:9200' using TLS with verify_certs=False is insecure
  _transport = transport_class(

[2024-05-08T12:44:56.741+0000] {warnings.py:109} WARNING - /home/***/.local/lib/python3.8/site-packages/urllib3/connectionpool.py:1061: InsecureRequestWarning: Unverified HTTPS request is being made to host 'dbelk2.afaqy.local'. Adding certificate verification is strongly advised. See: https://urllib3.readthedocs.io/en/1.26.x/advanced-usage.html#ssl-warnings
  warnings.warn(

[2024-05-08T12:44:56.841+0000] {_transport.py:335} INFO - GET https://dbelk2.afaqy.local:9200/_cluster/health [status:200 duration:0.118s]
[2024-05-08T12:44:57.269+0000] {warnings.py:109} WARNING - /home/***/.local/lib/python3.8/site-packages/urllib3/connectionpool.py:1061: InsecureRequestWarning: Unverified HTTPS request is being made to host 'dbelk3.afaqy.local'. Adding certificate verification is strongly advised. See: https://urllib3.readthedocs.io/en/1.26.x/advanced-usage.html#ssl-warnings
  warnings.warn(

[2024-05-08T12:44:57.281+0000] {_transport.py:335} INFO - PUT https://dbelk3.afaqy.local:9200/units_statistics_***/_bulk [status:429 duration:0.029s]
[2024-05-08T12:44:57.282+0000] {_node_pool.py:249} WARNING - Node <Urllib3HttpNode(https://dbelk3.afaqy.local:9200)> has failed for 1 times in a row, putting on 1 second timeout
[2024-05-08T12:44:57.282+0000] {_transport.py:427} WARNING - Retrying request after non-successful status 429 (attempt 0 of 3)
[2024-05-08T12:44:57.283+0000] {warnings.py:109} WARNING - /home/***/.local/lib/python3.8/site-packages/urllib3/connectionpool.py:1061: InsecureRequestWarning: Unverified HTTPS request is being made to host 'dbelk2.afaqy.local'. Adding certificate verification is strongly advised. See: https://urllib3.readthedocs.io/en/1.26.x/advanced-usage.html#ssl-warnings
  warnings.warn(

[2024-05-08T12:44:57.300+0000] {_transport.py:335} INFO - PUT https://dbelk2.afaqy.local:9200/units_statistics_***/_bulk [status:429 duration:0.017s]
[2024-05-08T12:44:57.301+0000] {_node_pool.py:249} WARNING - Node <Urllib3HttpNode(https://dbelk2.afaqy.local:9200)> has failed for 1 times in a row, putting on 1 second timeout
[2024-05-08T12:44:57.301+0000] {_transport.py:427} WARNING - Retrying request after non-successful status 429 (attempt 1 of 3)
[2024-05-08T12:44:57.326+0000] {warnings.py:109} WARNING - /home/***/.local/lib/python3.8/site-packages/urllib3/connectionpool.py:1061: InsecureRequestWarning: Unverified HTTPS request is being made to host 'dbelk1.afaqy.local'. Adding certificate verification is strongly advised. See: https://urllib3.readthedocs.io/en/1.26.x/advanced-usage.html#ssl-warnings
  warnings.warn(

[2024-05-08T12:44:57.480+0000] {_transport.py:335} INFO - PUT https://dbelk1.afaqy.local:9200/units_statistics_***/_bulk [status:200 duration:0.178s]
[2024-05-08T12:44:57.768+0000] {taskinstance.py:2731} ERROR - Task failed with exception
Traceback (most recent call last):
  File "/home/airflow/.local/lib/python3.8/site-packages/airflow/models/taskinstance.py", line 444, in _execute_task
    result = _execute_callable(context=context, **execute_callable_kwargs)
  File "/home/airflow/.local/lib/python3.8/site-packages/airflow/models/taskinstance.py", line 414, in _execute_callable
    return execute_callable(context=context, **execute_callable_kwargs)
  File "/home/airflow/.local/lib/python3.8/site-packages/airflow/decorators/base.py", line 241, in execute
    return_value = super().execute(context)
  File "/home/airflow/.local/lib/python3.8/site-packages/airflow/operators/python.py", line 200, in execute
    return_value = self.execute_callable()
  File "/home/airflow/.local/lib/python3.8/site-packages/airflow/operators/python.py", line 217, in execute_callable
    return self.python_callable(*self.op_args, **self.op_kwargs)
  File "/opt/airflow/dags/Units_dag.py", line 111, in ETL_job
    Elk_client.elk_pushData(Globals.index_name,units_list_update)
  File "/opt/airflow/dags/units_statistics/elk_manager.py", line 69, in elk_pushData
    helpers.bulk(self.elk_client, docs_list, index=index_name, chunk_size=batch)
  File "/home/airflow/.local/lib/python3.8/site-packages/elasticsearch/helpers/actions.py", line 521, in bulk
    for ok, item in streaming_bulk(
  File "/home/airflow/.local/lib/python3.8/site-packages/elasticsearch/helpers/actions.py", line 436, in streaming_bulk
    for data, (ok, info) in zip(
  File "/home/airflow/.local/lib/python3.8/site-packages/elasticsearch/helpers/actions.py", line 355, in _process_bulk_chunk
    yield from gen
  File "/home/airflow/.local/lib/python3.8/site-packages/elasticsearch/helpers/actions.py", line 274, in _process_bulk_chunk_success
    raise BulkIndexError(f"{len(errors)} document(s) failed to index.", errors)
elasticsearch.helpers.BulkIndexError: 10000 document(s) failed to index.
[2024-05-08T12:44:57.786+0000] {taskinstance.py:1149} INFO - Marking task as FAILED. dag_id=Units_statistics_DAG, task_id=ETL_job, map_index=11, execution_date=20240508T122000, start_date=20240508T124437, end_date=20240508T124457
[2024-05-08T12:44:57.807+0000] {standard_task_runner.py:107} ERROR - Failed to execute job 41746 for task ETL_job (10000 document(s) failed to index.; 861298)
[2024-05-08T12:44:57.859+0000] {local_task_job_runner.py:234} INFO - Task exited with return code 1
[2024-05-08T12:44:57.886+0000] {taskinstance.py:3312} INFO - 0 downstream tasks scheduled from follow-on schedule check
