[2024-04-25T18:20:18.153+0000] {taskinstance.py:1979} INFO - Dependencies all met for dep_context=non-requeueable deps ti=<TaskInstance: Units_statistics_DAG.ETL_job scheduled__2024-04-25T18:00:00+00:00 map_index=6 [queued]>
[2024-04-25T18:20:18.233+0000] {taskinstance.py:1979} INFO - Dependencies all met for dep_context=requeueable deps ti=<TaskInstance: Units_statistics_DAG.ETL_job scheduled__2024-04-25T18:00:00+00:00 map_index=6 [queued]>
[2024-04-25T18:20:18.233+0000] {taskinstance.py:2193} INFO - Starting attempt 1 of 4
[2024-04-25T18:20:18.343+0000] {taskinstance.py:2217} INFO - Executing <Mapped(_PythonDecoratedOperator): ETL_job> on 2024-04-25 18:00:00+00:00
[2024-04-25T18:20:18.376+0000] {standard_task_runner.py:60} INFO - Started process 548635 to run task
[2024-04-25T18:20:18.414+0000] {standard_task_runner.py:87} INFO - Running: ['***', 'tasks', 'run', 'Units_statistics_DAG', 'ETL_job', 'scheduled__2024-04-25T18:00:00+00:00', '--job-id', '16724', '--raw', '--subdir', 'DAGS_FOLDER/Units_dag.py', '--cfg-path', '/tmp/tmpuec9z_7x', '--map-index', '6']
[2024-04-25T18:20:18.417+0000] {standard_task_runner.py:88} INFO - Job 16724: Subtask ETL_job
[2024-04-25T18:20:18.816+0000] {task_command.py:423} INFO - Running <TaskInstance: Units_statistics_DAG.ETL_job scheduled__2024-04-25T18:00:00+00:00 map_index=6 [running]> on host a09da322e808
[2024-04-25T18:20:19.597+0000] {taskinstance.py:2513} INFO - Exporting env vars: AIRFLOW_CTX_DAG_OWNER='abeer-araby' AIRFLOW_CTX_DAG_ID='Units_statistics_DAG' AIRFLOW_CTX_TASK_ID='ETL_job' AIRFLOW_CTX_EXECUTION_DATE='2024-04-25T18:00:00+00:00' AIRFLOW_CTX_TRY_NUMBER='1' AIRFLOW_CTX_DAG_RUN_ID='scheduled__2024-04-25T18:00:00+00:00'
[2024-04-25T18:20:19.598+0000] {Units_dag.py:99} INFO - i: 60000, chunk: 10000
[2024-04-25T18:20:19.599+0000] {Units_dag.py:100} INFO - child token is::: eyJ0eXAiOiJKV1QiLCJhbGciOiJIUzI1NiJ9.eyJpc3MiOiJodHRwczovL2FwaS5hZmFxeS5zYS9hdXRoL2xvZ2luX2FzIiwiaWF0IjoxNzE0MDY5MjA1LCJleHAiOjE3MTY2NjEyMDUsIm5iZiI6MTcxNDA2OTIwNSwianRpIjoiSzQ1d253cTJ1cEtKN2FlSyIsInN1YiI6IjVkNjNlNTFlMDNlZDUyOTJhNDJjMjRlNiIsInBydiI6IjI3MGVjZmM3ZWEzZWQ5MzdlYTg0OTM2MmEzYTUwOTEwYzZkOGNlNGYiLCJsb2dpbl9hc19pZCI6IjY1N2YwYWQ3M2Y5NzcyOTVjZjA1NTc2YSJ9.LBto9QMEMThqSfflEHnmgWgUv1FtslpSooEfOjO9Yp8
[2024-04-25T18:20:51.185+0000] {Units_dag.py:104} INFO - {'_id': '632884ab9db0e62dc147ab6f', 'icon': 'icons/D_7.png', 'driver_id': '', 'tailer_id': '', 'profile': {'vehicle_type': None, 'measurement_type': 'count', 'max_capacity': 0, 'vin': None, 'plate_number': None, 'start_operation': None, 'contract_milage': None, 'opening_milage': None, 'model': None, 'fuel_type': '91', 'year': 0, 'seats': 2}, 'device_password': '***', 'device_type': 'gps', 'gateway': False, 'name': '1990 A S A', 'operation_code': '', 'device_gateway': '', 'business_types': {'waste': False, 'transportation': True, 'water': False}, 'imei': '357073292778608', 'sim_number': '+966830031790988', 'sim_serial': '21296726661', 'device_serial': '1118904949', 'device': 'teltonika', 'user_id': '62b9a1516bfc54699f7b0c2b', 'created_by': '5e6655bf03ed52e1ab79d301', 'updated_at': '2024-04-18 11:18:59', 'created_at': '2022-09-19 18:03:07', 'shipment_info': None, 'skip_sim_information': False, 'custom_fields': [], 'creator': 'amr.ahmed', 'company': '', 'owner': 'saudi-hemaya-admin', 'last_update': {'dtt': 1714068829000, 'dts': 1714068839609, 'spd': 0, 'ang': 109, 'alt': 17, 'chPrams': {'Speed': {'v': 0, 'cdt': 1714030894000}, 'output1': {'v': False, 'cdt': 1714017043000}, 'output2': {'v': False, 'cdt': 1714017043000}, 'ePwrV': {'v': 25.85, 'cdt': 1714068829000}, 'parm24': {'v': 0, 'cdt': 1714030894000}, 'sat': {'v': 18, 'cdt': 1714068528000}, 'ai1': {'v': 8615, 'cdt': 1714068829000}, 'priority': {'v': 0, 'cdt': 1713687445000}, 'di2': {'v': 0, 'cdt': 1713687746000}, 'type': {'v': 6, 'cdt': 1714010071000}, 'di1': {'v': 0, 'cdt': 1714065908000}, 'result': {'v': '5665723a30332e32372e31335f3033204750533a41584e5f352e312e392048773a464d42313230204d6f643a333320494d45493a33353730373332393237373836303820496e69743a323032342d342d32342032323a323720557074696d653a3731303532204d41433a303031453432373443414630205350433a312830292041584c3a32204f42443a3020424c3a312e31302042543a34', 'cdt': 1714068829000}, 'parm6': {'v': 217, 'cdt': 1713687746000}, 'protocol': {'v': 'teltonika', 'cdt': 1714067626000}, 'iPwrV': {'v': 4, 'cdt': 1714067626000}, 'event': {'v': 0, 'cdt': 1713687445000}}, 'prms': {'protocol': 'teltonika', 'priority': 0, 'sat': 18, 'event': 0, 'di1': 0, 'output1': 0, 'di2': 0, 'output2': 0, 'ePwrV': 25.85, 'Speed': 0, 'parm24': 0, 'iPwrV': 4, 'ai1': 8615, 'parm6': 217, 'type': 6, 'result': '5665723a30332e32372e31335f3033204750533a41584e5f352e312e392048773a464d42313230204d6f643a333320494d45493a33353730373332393237373836303820496e69743a323032342d342d32342032323a323720557074696d653a3731303532204d41433a303031453432373443414630205350433a312830292041584c3a32204f42443a3020424c3a312e31302042543a34'}, 'devPrms': ['protocol', 'priority', 'sat', 'event', 'di1', 'output1', 'di2', 'output2', 'ePwrV', 'Speed', 'parm24', 'iPwrV', 'ai1', 'parm6', 'type', 'result'], 'old_params': {'protocol': 'teltonika', 'priority': 0, 'sat': 18, 'event': 0, 'di1': 0, 'output1': 0, 'di2': 0, 'output2': 0, 'ePwrV': 25.85, 'Speed': 0, 'parm24': 0, 'iPwrV': 4, 'ai1': 8615, 'parm6': 217}, 'vLoc': 1, 'vCon': 1, 'ip': '51.39.21.191', 'rl': 0, 'trl': 241716.0046, 'mdu': 0, 'tmdu': 13498595, 'eidl': 0, 'teidl': 14247226, 'fc': 0, 'tfc': 21.810708, 'acc': 0, 'accOn': 48208358050, 'accOff': 44195804591, 'sdu': 0, 'tsdu': 2921, 'lat': 21.5124016, 'lng': 39.2413433}, 'counters': {'odometer_type': 'gps', 'odometer': 241715.4717, 'engine_hours_type': 'acc', 'engine_hours': 48208358050, 'last_acc': 0}, 'is_wasl_connected': 'Connected', 'iconUrl': 'https://api.afaqy.sa/images/units/icons/D_7.png', 'hasCCTV': False}
[2024-04-25T18:20:52.438+0000] {warnings.py:109} WARNING - /home/***/.local/lib/python3.8/site-packages/elasticsearch/_sync/client/__init__.py:399: SecurityWarning: Connecting to 'https://dbelk1.afaqy.local:9200' using TLS with verify_certs=False is insecure
  _transport = transport_class(

[2024-04-25T18:20:52.493+0000] {warnings.py:109} WARNING - /home/***/.local/lib/python3.8/site-packages/elasticsearch/_sync/client/__init__.py:399: SecurityWarning: Connecting to 'https://dbelk3.afaqy.local:9200' using TLS with verify_certs=False is insecure
  _transport = transport_class(

[2024-04-25T18:20:52.591+0000] {warnings.py:109} WARNING - /home/***/.local/lib/python3.8/site-packages/elasticsearch/_sync/client/__init__.py:399: SecurityWarning: Connecting to 'https://dbelk2.afaqy.local:9200' using TLS with verify_certs=False is insecure
  _transport = transport_class(

[2024-04-25T18:20:52.614+0000] {warnings.py:109} WARNING - /home/***/.local/lib/python3.8/site-packages/urllib3/connectionpool.py:1061: InsecureRequestWarning: Unverified HTTPS request is being made to host 'dbelk1.afaqy.local'. Adding certificate verification is strongly advised. See: https://urllib3.readthedocs.io/en/1.26.x/advanced-usage.html#ssl-warnings
  warnings.warn(

[2024-04-25T18:20:52.687+0000] {_transport.py:335} INFO - GET https://dbelk1.afaqy.local:9200/_cluster/health [status:200 duration:0.095s]
[2024-04-25T18:20:53.373+0000] {warnings.py:109} WARNING - /home/***/.local/lib/python3.8/site-packages/urllib3/connectionpool.py:1061: InsecureRequestWarning: Unverified HTTPS request is being made to host 'dbelk3.afaqy.local'. Adding certificate verification is strongly advised. See: https://urllib3.readthedocs.io/en/1.26.x/advanced-usage.html#ssl-warnings
  warnings.warn(

[2024-04-25T18:20:55.473+0000] {_transport.py:335} INFO - PUT https://dbelk3.afaqy.local:9200/units_statistics_***/_bulk [status:200 duration:2.131s]
[2024-04-25T18:20:55.655+0000] {python.py:202} INFO - Done. Returned value was: None
[2024-04-25T18:20:55.671+0000] {taskinstance.py:1149} INFO - Marking task as SUCCESS. dag_id=Units_statistics_DAG, task_id=ETL_job, map_index=6, execution_date=20240425T180000, start_date=20240425T182018, end_date=20240425T182055
[2024-04-25T18:20:55.875+0000] {local_task_job_runner.py:234} INFO - Task exited with return code 0
[2024-04-25T18:20:55.912+0000] {taskinstance.py:3312} INFO - 0 downstream tasks scheduled from follow-on schedule check
