[2024-04-17T18:00:16.786+0000] {taskinstance.py:1979} INFO - Dependencies all met for dep_context=non-requeueable deps ti=<TaskInstance: Units_statistics_DAG.ETL_job scheduled__2024-04-17T17:00:00+00:00 map_index=8 [queued]>
[2024-04-17T18:00:16.853+0000] {taskinstance.py:1979} INFO - Dependencies all met for dep_context=requeueable deps ti=<TaskInstance: Units_statistics_DAG.ETL_job scheduled__2024-04-17T17:00:00+00:00 map_index=8 [queued]>
[2024-04-17T18:00:16.862+0000] {taskinstance.py:2193} INFO - Starting attempt 1 of 4
[2024-04-17T18:00:16.958+0000] {taskinstance.py:2217} INFO - Executing <Mapped(_PythonDecoratedOperator): ETL_job> on 2024-04-17 17:00:00+00:00
[2024-04-17T18:00:16.970+0000] {standard_task_runner.py:60} INFO - Started process 358985 to run task
[2024-04-17T18:00:17.051+0000] {standard_task_runner.py:87} INFO - Running: ['***', 'tasks', 'run', 'Units_statistics_DAG', 'ETL_job', 'scheduled__2024-04-17T17:00:00+00:00', '--job-id', '4793', '--raw', '--subdir', 'DAGS_FOLDER/Units_dag.py', '--cfg-path', '/tmp/tmp_4b7ef2p', '--map-index', '8']
[2024-04-17T18:00:17.053+0000] {standard_task_runner.py:88} INFO - Job 4793: Subtask ETL_job
[2024-04-17T18:00:17.400+0000] {task_command.py:423} INFO - Running <TaskInstance: Units_statistics_DAG.ETL_job scheduled__2024-04-17T17:00:00+00:00 map_index=8 [running]> on host a09da322e808
[2024-04-17T18:00:17.779+0000] {taskinstance.py:2513} INFO - Exporting env vars: AIRFLOW_CTX_DAG_OWNER='abeer-araby' AIRFLOW_CTX_DAG_ID='Units_statistics_DAG' AIRFLOW_CTX_TASK_ID='ETL_job' AIRFLOW_CTX_EXECUTION_DATE='2024-04-17T17:00:00+00:00' AIRFLOW_CTX_TRY_NUMBER='1' AIRFLOW_CTX_DAG_RUN_ID='scheduled__2024-04-17T17:00:00+00:00'
[2024-04-17T18:00:17.780+0000] {Units_dag.py:90} INFO - i: 80000, chunk: 10000
[2024-04-17T18:00:17.781+0000] {Units_dag.py:91} INFO - child token is::: eyJ0eXAiOiJKV1QiLCJhbGciOiJIUzI1NiJ9.eyJpc3MiOiJodHRwczovL2FwaS5hZmFxeS5zYS9hdXRoL2xvZ2luX2FzIiwiaWF0IjoxNzEzMzc2ODA0LCJleHAiOjE3MTU5Njg4MDQsIm5iZiI6MTcxMzM3NjgwNCwianRpIjoidmh5b0tJRXV0MUsxek14SiIsInN1YiI6IjVkNjNlNTFlMDNlZDUyOTJhNDJjMjRlNiIsInBydiI6IjI3MGVjZmM3ZWEzZWQ5MzdlYTg0OTM2MmEzYTUwOTEwYzZkOGNlNGYiLCJsb2dpbl9hc19pZCI6IjY1N2YwYWQ3M2Y5NzcyOTVjZjA1NTc2YSJ9.lA59Ub1gI8sm0EbFnosM-36jNs9d43WskcWQprbuIlc
[2024-04-17T18:00:49.434+0000] {Units_dag.py:95} INFO - {'_id': '63d7da5d223f4c4d53093ade', 'icon': 'icons/icon.png', 'driver_id': '', 'tailer_id': '', 'profile': {'measurement_type': 'count', 'fuel_type': '91', 'year': 0, 'seats': 2}, 'device_password': '***', 'device_type': 'gps', 'gateway': False, 'name': '3872 - D X B', 'operation_code': None, 'device_gateway': None, 'business_types': {'waste': False, 'transportation': True, 'water': False}, 'imei': '866854051706482', 'sim_number': '+966830020289946', 'sim_serial': '996609821110851568', 'device_serial': '866854051706482', 'device': 'bce', 'user_id': '63c3ef672cabbb6db33623df', 'created_by': '5e6655bf03ed52e1ab79d301', 'updated_at': '2023-12-31 12:08:55', 'created_at': '2023-01-30 17:55:25', 'creator': 'amr.ahmed', 'company': '', 'owner': 'al-nakhla-admin', 'last_update': {'dtt': 1713376686000, 'dts': 1713376702139, 'spd': 0, 'ang': 168, 'alt': 472, 'chPrams': {'ePwrV': {'v': 12.381, 'cdt': 1713376686000}, 'di16': {'v': 1, 'cdt': 1711397466000}, 'di15': {'v': 0, 'cdt': 1675102978000}, 'rssi1': {'v': 58, 'cdt': 1713362590000}, 'di14': {'v': 0, 'cdt': 1713340930000}, 'di13': {'v': 0, 'cdt': 1711397466000}, 'di12': {'v': 0, 'cdt': 1711397466000}, 'di11': {'v': 0, 'cdt': 1711397466000}, 'di10': {'v': 0, 'cdt': 1711397466000}, 'di2': {'v': 1, 'cdt': 1711397466000}, 'di1': {'v': 0, 'cdt': 1713341264000}, 'di4': {'v': 0, 'cdt': 1711397466000}, 'di3': {'v': 0, 'cdt': 1711397466000}, 'di6': {'v': 1, 'cdt': 1711397466000}, 'di5': {'v': 0, 'cdt': 1713340964000}, 'lac1': {'v': 1707, 'cdt': 1713339620000}, 'protocol': {'v': 'bce', 'cdt': 1711397466000}, 'di8': {'v': 1, 'cdt': 1711397466000}, 'di7': {'v': 0, 'cdt': 1713338430000}, 'di9': {'v': 0, 'cdt': 1711397466000}, 'iPwrV': {'v': 3.899, 'cdt': 1713376686000}, 'cid1': {'v': 47251, 'cdt': 1713340936000}, 'odometer': {'v': 0, 'cdt': 1713359888000}, 'spd': {'v': 0, 'cdt': 1713340936000}, 'sat': {'v': 13, 'cdt': 1713376686000}, 'hdop': {'v': 1, 'cdt': 1713367094000}, 'ta': {'v': 0, 'cdt': 1711397466000}, 'mcc1': {'v': 420, 'cdt': 1710958652000}, 'mnc1': {'v': 3, 'cdt': 1710958652000}}, 'prms': {'protocol': 'bce', 'spd': 0, 'sat': 13, 'hdop': 1, 'odometer': 0, 'di16': 1, 'di15': 0, 'di14': 0, 'di13': 0, 'di12': 0, 'di11': 0, 'di10': 0, 'di9': 0, 'di8': 1, 'di7': 0, 'di6': 1, 'di5': 0, 'di4': 0, 'di3': 0, 'di2': 1, 'di1': 0, 'ePwrV': 12.381, 'iPwrV': 3.899, 'ta': 0, 'mcc1': 420, 'mnc1': 3, 'lac1': 1707, 'cid1': 47251, 'rssi1': 58}, 'devPrms': ['protocol', 'spd', 'sat', 'hdop', 'odometer', 'di16', 'di15', 'di14', 'di13', 'di12', 'di11', 'di10', 'di9', 'di8', 'di7', 'di6', 'di5', 'di4', 'di3', 'di2', 'di1', 'ePwrV', 'iPwrV', 'ta', 'mcc1', 'mnc1', 'lac1', 'cid1', 'rssi1'], 'old_params': {'protocol': 'bce', 'spd': 0, 'sat': 14, 'hdop': 1, 'odometer': 0, 'di16': 1, 'di15': 0, 'di14': 0, 'di13': 0, 'di12': 0, 'di11': 0, 'di10': 0, 'di9': 0, 'di8': 1, 'di7': 0, 'di6': 1, 'di5': 0, 'di4': 0, 'di3': 0, 'di2': 1, 'di1': 0, 'ePwrV': 12.399, 'iPwrV': 3.897, 'ta': 0, 'mcc1': 420, 'mnc1': 3, 'lac1': 1707, 'cid1': 47251, 'rssi1': 58}, 'vLoc': 1, 'vCon': 1, 'ip': '109.83.23.134', 'rl': 0, 'trl': 47495.4236, 'mdu': 0, 'tmdu': 2665692, 'eidl': 0, 'teidl': 1612016, 'fc': 0, 'tfc': 52.581996, 'acc': 0, 'accOn': 10919494, 'accOff': 34750288, 'sdu': 300, 'tsdu': 35722, 'lat': 23.99241065979004, 'lng': 47.12747573852539}, 'counters': {'odometer_type': 'gps', 'odometer': 85614.9093, 'engine_hours_type': 'acc', 'engine_hours': 10919494, 'last_acc': 0}, 'is_wasl_connected': 'Not Connected', 'iconUrl': 'https://api.afaqy.sa/images/units/icons/icon.png', 'hasCCTV': False}
[2024-04-17T18:00:50.208+0000] {warnings.py:109} WARNING - /home/***/.local/lib/python3.8/site-packages/elasticsearch/_sync/client/__init__.py:399: SecurityWarning: Connecting to 'https://dbelk2.afaqy.local:9200' using TLS with verify_certs=False is insecure
  _transport = transport_class(

[2024-04-17T18:00:50.282+0000] {warnings.py:109} WARNING - /home/***/.local/lib/python3.8/site-packages/elasticsearch/_sync/client/__init__.py:399: SecurityWarning: Connecting to 'https://dbelk3.afaqy.local:9200' using TLS with verify_certs=False is insecure
  _transport = transport_class(

[2024-04-17T18:00:50.315+0000] {warnings.py:109} WARNING - /home/***/.local/lib/python3.8/site-packages/elasticsearch/_sync/client/__init__.py:399: SecurityWarning: Connecting to 'https://dbelk1.afaqy.local:9200' using TLS with verify_certs=False is insecure
  _transport = transport_class(

[2024-04-17T18:00:50.338+0000] {warnings.py:109} WARNING - /home/***/.local/lib/python3.8/site-packages/urllib3/connectionpool.py:1061: InsecureRequestWarning: Unverified HTTPS request is being made to host 'dbelk2.afaqy.local'. Adding certificate verification is strongly advised. See: https://urllib3.readthedocs.io/en/1.26.x/advanced-usage.html#ssl-warnings
  warnings.warn(

[2024-04-17T18:00:50.430+0000] {_transport.py:335} INFO - GET https://dbelk2.afaqy.local:9200/_cluster/health [status:200 duration:0.113s]
[2024-04-17T18:00:50.974+0000] {warnings.py:109} WARNING - /home/***/.local/lib/python3.8/site-packages/urllib3/connectionpool.py:1061: InsecureRequestWarning: Unverified HTTPS request is being made to host 'dbelk3.afaqy.local'. Adding certificate verification is strongly advised. See: https://urllib3.readthedocs.io/en/1.26.x/advanced-usage.html#ssl-warnings
  warnings.warn(

[2024-04-17T18:00:52.849+0000] {_transport.py:335} INFO - PUT https://dbelk3.afaqy.local:9200/units_statistics_***/_bulk [status:200 duration:1.891s]
[2024-04-17T18:00:53.075+0000] {python.py:202} INFO - Done. Returned value was: None
[2024-04-17T18:00:53.095+0000] {taskinstance.py:1149} INFO - Marking task as SUCCESS. dag_id=Units_statistics_DAG, task_id=ETL_job, map_index=8, execution_date=20240417T170000, start_date=20240417T180016, end_date=20240417T180053
[2024-04-17T18:00:53.143+0000] {local_task_job_runner.py:234} INFO - Task exited with return code 0
[2024-04-17T18:00:53.165+0000] {taskinstance.py:3312} INFO - 0 downstream tasks scheduled from follow-on schedule check
