[2024-05-11T11:40:12.212+0000] {taskinstance.py:1979} INFO - Dependencies all met for dep_context=non-requeueable deps ti=<TaskInstance: Units_statistics_DAG.ETL_job scheduled__2024-05-11T11:20:00+00:00 map_index=6 [queued]>
[2024-05-11T11:40:12.265+0000] {taskinstance.py:1979} INFO - Dependencies all met for dep_context=requeueable deps ti=<TaskInstance: Units_statistics_DAG.ETL_job scheduled__2024-05-11T11:20:00+00:00 map_index=6 [queued]>
[2024-05-11T11:40:12.265+0000] {taskinstance.py:2193} INFO - Starting attempt 1 of 4
[2024-05-11T11:40:12.378+0000] {taskinstance.py:2217} INFO - Executing <Mapped(_PythonDecoratedOperator): ETL_job> on 2024-05-11 11:20:00+00:00
[2024-05-11T11:40:12.413+0000] {standard_task_runner.py:60} INFO - Started process 939433 to run task
[2024-05-11T11:40:12.444+0000] {standard_task_runner.py:87} INFO - Running: ['***', 'tasks', 'run', 'Units_statistics_DAG', 'ETL_job', 'scheduled__2024-05-11T11:20:00+00:00', '--job-id', '50470', '--raw', '--subdir', 'DAGS_FOLDER/Units_dag.py', '--cfg-path', '/tmp/tmpxwo_mu7a', '--map-index', '6']
[2024-05-11T11:40:12.456+0000] {standard_task_runner.py:88} INFO - Job 50470: Subtask ETL_job
[2024-05-11T11:40:12.664+0000] {task_command.py:423} INFO - Running <TaskInstance: Units_statistics_DAG.ETL_job scheduled__2024-05-11T11:20:00+00:00 map_index=6 [running]> on host a09da322e808
[2024-05-11T11:40:13.140+0000] {taskinstance.py:2513} INFO - Exporting env vars: AIRFLOW_CTX_DAG_OWNER='abeer-araby' AIRFLOW_CTX_DAG_ID='Units_statistics_DAG' AIRFLOW_CTX_TASK_ID='ETL_job' AIRFLOW_CTX_EXECUTION_DATE='2024-05-11T11:20:00+00:00' AIRFLOW_CTX_TRY_NUMBER='1' AIRFLOW_CTX_DAG_RUN_ID='scheduled__2024-05-11T11:20:00+00:00'
[2024-05-11T11:40:13.141+0000] {Units_dag.py:98} INFO - i: 60000, chunk: 10000
[2024-05-11T11:40:13.143+0000] {Units_dag.py:99} INFO - child token is::: eyJ0eXAiOiJKV1QiLCJhbGciOiJIUzI1NiJ9.eyJpc3MiOiJodHRwczovL2FwaS5hZmFxeS5zYS9hdXRoL2xvZ2luX2FzIiwiaWF0IjoxNzE1NDI3NjAyLCJleHAiOjE3MTgwMTk2MDIsIm5iZiI6MTcxNTQyNzYwMiwianRpIjoibENnVFBxbGd2MUl6ZlVGZCIsInN1YiI6IjVkNjNlNTFlMDNlZDUyOTJhNDJjMjRlNiIsInBydiI6IjI3MGVjZmM3ZWEzZWQ5MzdlYTg0OTM2MmEzYTUwOTEwYzZkOGNlNGYiLCJsb2dpbl9hc19pZCI6IjY1N2YwYWQ3M2Y5NzcyOTVjZjA1NTc2YSJ9._-4fm1E_W4nyZS7mOdPJIYipqSPhciqpQzSwnx9oNDI
[2024-05-11T11:40:40.578+0000] {Units_dag.py:103} INFO - {'_id': '6330674839baaf271156bc57', 'icon': 'icons/icon.png', 'driver_id': '', 'tailer_id': '', 'profile': {'vehicle_type': '', 'measurement_type': 'count', 'max_capacity': 0, 'vin': '', 'plate_number': '', 'start_operation': '', 'contract_milage': '', 'opening_milage': '', 'model': '', 'fuel_type': '91', 'year': 0, 'seats': 2}, 'device_password': '***', 'device_type': 'gps', 'gateway': False, 'name': '5625BSB', 'operation_code': 'الثلاجة', 'device_gateway': '', 'business_types': {'waste': False, 'transportation': True, 'water': False}, 'imei': '350544503475223', 'sim_number': '+966830028979572', 'sim_serial': '8996609821111333169', 'device_serial': '1124875233', 'device': 'teltonika', 'user_id': '632aff69cb60e744b161d498', 'created_by': '5e6655bf03ed52e1ab79d301', 'updated_at': '2024-04-18 11:18:59', 'created_at': '2022-09-25 17:35:52', 'custom_fields': [], 'creator': 'amr.ahmed', 'company': '', 'owner': 'square-limited-admin', 'last_update': {'dtt': 1715427592000, 'dts': 1715427596298, 'spd': 76, 'ang': 244, 'alt': 637, 'chPrams': {'Speed': {'v': 76, 'cdt': 1715427592000}, 'output1': {'v': False, 'cdt': 1714695749000}, 'output2': {'v': False, 'cdt': 1714695749000}, 'ePwrV': {'v': 14.178, 'cdt': 1715427592000}, 'parm24': {'v': 76, 'cdt': 1715427592000}, 'sat': {'v': 14, 'cdt': 1715427592000}, 'ai1': {'v': 218, 'cdt': 1715170246000}, 'type': {'v': 6, 'cdt': 1714156115000}, 'priority': {'v': 0, 'cdt': 1714381993000}, 'di2': {'v': 0, 'cdt': 1714464958000}, 'di1': {'v': 1, 'cdt': 1715414521000}, 'result': {'v': '5665723a30332e32372e30375f3030204750533a41584e5f352e312e392048773a464d42313230204d6f643a333320494d45493a33353035343435303334373532323320496e69743a323032342d312d31382032323a3920557074696d653a39363537323130204d41433a333838413231304634353838205350433a312830292041584c3a32204f42443a3020424c3a312e31302042543a34', 'cdt': 1715290274000}, 'protocol': {'v': 'FMB120', 'cdt': 1715290574000}, 'parm6': {'v': 218, 'cdt': 1715424799000}, 'temp5': {'v': 2.27, 'cdt': 1688470123000}, 'parm29': {'v': 0, 'cdt': 1714843133000}, 'iPwrV': {'v': 3.954, 'cdt': 1715427449000}, 'humidity86': {'v': 32, 'cdt': 1688470123000}, 'event': {'v': 0, 'cdt': 1714381993000}}, 'prms': {'protocol': 'FMB120', 'priority': 0, 'sat': 14, 'event': 0, 'di1': 1, 'output1': 0, 'di2': 0, 'output2': 0, 'parm29': 0, 'ePwrV': 14.178, 'Speed': 76, 'parm24': 76, 'iPwrV': 3.954, 'ai1': 218, 'parm6': 218}, 'devPrms': ['protocol', 'priority', 'sat', 'event', 'di1', 'output1', 'di2', 'output2', 'parm29', 'ePwrV', 'Speed', 'parm24', 'iPwrV', 'ai1', 'parm6'], 'old_params': {'protocol': 'FMB120', 'priority': 0, 'sat': 13, 'event': 0, 'di1': 1, 'output1': 0, 'di2': 0, 'output2': 0, 'parm29': 0, 'ePwrV': 14.155000000000001, 'Speed': 74, 'parm24': 74, 'iPwrV': 3.954, 'ai1': 218, 'parm6': 218}, 'vLoc': 1, 'vCon': 1, 'ip': '109.83.218.48', 'rl': 0.6832, 'trl': 192804.0782, 'mdu': 31, 'tmdu': 11344445, 'eidl': 0, 'teidl': 9391239, 'fc': 0.081984, 'tfc': 2905.619252, 'acc': 1, 'accOn': -11925616532, 'accOff': 15644280553, 'sdu': 0, 'tsdu': 0, 'lat': 24.75932, 'lng': 46.6903316}, 'counters': {'odometer_type': 'gps', 'odometer': 192804.0843, 'engine_hours_type': 'acc', 'engine_hours': -11925616532, 'last_acc': 1}, 'is_wasl_connected': 'Not Connected', 'iconUrl': 'https://api.afaqy.sa/images/units/icons/icon.png', 'hasCCTV': False}
[2024-05-11T11:40:41.450+0000] {warnings.py:109} WARNING - /home/***/.local/lib/python3.8/site-packages/elasticsearch/_sync/client/__init__.py:399: SecurityWarning: Connecting to 'https://dbelk1.afaqy.local:9200' using TLS with verify_certs=False is insecure
  _transport = transport_class(

[2024-05-11T11:40:41.495+0000] {warnings.py:109} WARNING - /home/***/.local/lib/python3.8/site-packages/elasticsearch/_sync/client/__init__.py:399: SecurityWarning: Connecting to 'https://dbelk3.afaqy.local:9200' using TLS with verify_certs=False is insecure
  _transport = transport_class(

[2024-05-11T11:40:41.564+0000] {warnings.py:109} WARNING - /home/***/.local/lib/python3.8/site-packages/elasticsearch/_sync/client/__init__.py:399: SecurityWarning: Connecting to 'https://dbelk2.afaqy.local:9200' using TLS with verify_certs=False is insecure
  _transport = transport_class(

[2024-05-11T11:40:41.593+0000] {warnings.py:109} WARNING - /home/***/.local/lib/python3.8/site-packages/urllib3/connectionpool.py:1061: InsecureRequestWarning: Unverified HTTPS request is being made to host 'dbelk1.afaqy.local'. Adding certificate verification is strongly advised. See: https://urllib3.readthedocs.io/en/1.26.x/advanced-usage.html#ssl-warnings
  warnings.warn(

[2024-05-11T11:40:41.677+0000] {_transport.py:335} INFO - GET https://dbelk1.afaqy.local:9200/_cluster/health [status:200 duration:0.112s]
[2024-05-11T11:40:42.175+0000] {warnings.py:109} WARNING - /home/***/.local/lib/python3.8/site-packages/urllib3/connectionpool.py:1061: InsecureRequestWarning: Unverified HTTPS request is being made to host 'dbelk3.afaqy.local'. Adding certificate verification is strongly advised. See: https://urllib3.readthedocs.io/en/1.26.x/advanced-usage.html#ssl-warnings
  warnings.warn(

[2024-05-11T11:40:42.186+0000] {_transport.py:335} INFO - PUT https://dbelk3.afaqy.local:9200/units_statistics_***/_bulk [status:429 duration:0.026s]
[2024-05-11T11:40:42.186+0000] {_node_pool.py:249} WARNING - Node <Urllib3HttpNode(https://dbelk3.afaqy.local:9200)> has failed for 1 times in a row, putting on 1 second timeout
[2024-05-11T11:40:42.186+0000] {_transport.py:427} WARNING - Retrying request after non-successful status 429 (attempt 0 of 3)
[2024-05-11T11:40:42.187+0000] {warnings.py:109} WARNING - /home/***/.local/lib/python3.8/site-packages/urllib3/connectionpool.py:1061: InsecureRequestWarning: Unverified HTTPS request is being made to host 'dbelk1.afaqy.local'. Adding certificate verification is strongly advised. See: https://urllib3.readthedocs.io/en/1.26.x/advanced-usage.html#ssl-warnings
  warnings.warn(

[2024-05-11T11:40:43.668+0000] {_transport.py:335} INFO - PUT https://dbelk1.afaqy.local:9200/units_statistics_***/_bulk [status:200 duration:1.481s]
[2024-05-11T11:40:44.120+0000] {python.py:202} INFO - Done. Returned value was: None
[2024-05-11T11:40:44.147+0000] {taskinstance.py:1149} INFO - Marking task as SUCCESS. dag_id=Units_statistics_DAG, task_id=ETL_job, map_index=6, execution_date=20240511T112000, start_date=20240511T114012, end_date=20240511T114044
[2024-05-11T11:40:44.218+0000] {local_task_job_runner.py:234} INFO - Task exited with return code 0
[2024-05-11T11:40:44.299+0000] {taskinstance.py:3312} INFO - 0 downstream tasks scheduled from follow-on schedule check
