[2024-04-21T09:00:13.676+0000] {taskinstance.py:1979} INFO - Dependencies all met for dep_context=non-requeueable deps ti=<TaskInstance: Units_statistics_DAG.ETL_job scheduled__2024-04-21T08:00:00+00:00 map_index=7 [queued]>
[2024-04-21T09:00:13.736+0000] {taskinstance.py:1979} INFO - Dependencies all met for dep_context=requeueable deps ti=<TaskInstance: Units_statistics_DAG.ETL_job scheduled__2024-04-21T08:00:00+00:00 map_index=7 [queued]>
[2024-04-21T09:00:13.736+0000] {taskinstance.py:2193} INFO - Starting attempt 1 of 4
[2024-04-21T09:00:13.827+0000] {taskinstance.py:2217} INFO - Executing <Mapped(_PythonDecoratedOperator): ETL_job> on 2024-04-21 08:00:00+00:00
[2024-04-21T09:00:13.869+0000] {standard_task_runner.py:60} INFO - Started process 444338 to run task
[2024-04-21T09:00:13.913+0000] {standard_task_runner.py:87} INFO - Running: ['***', 'tasks', 'run', 'Units_statistics_DAG', 'ETL_job', 'scheduled__2024-04-21T08:00:00+00:00', '--job-id', '9732', '--raw', '--subdir', 'DAGS_FOLDER/Units_dag.py', '--cfg-path', '/tmp/tmpyh01acmd', '--map-index', '7']
[2024-04-21T09:00:13.918+0000] {standard_task_runner.py:88} INFO - Job 9732: Subtask ETL_job
[2024-04-21T09:00:14.279+0000] {task_command.py:423} INFO - Running <TaskInstance: Units_statistics_DAG.ETL_job scheduled__2024-04-21T08:00:00+00:00 map_index=7 [running]> on host a09da322e808
[2024-04-21T09:00:14.863+0000] {taskinstance.py:2513} INFO - Exporting env vars: AIRFLOW_CTX_DAG_OWNER='abeer-araby' AIRFLOW_CTX_DAG_ID='Units_statistics_DAG' AIRFLOW_CTX_TASK_ID='ETL_job' AIRFLOW_CTX_EXECUTION_DATE='2024-04-21T08:00:00+00:00' AIRFLOW_CTX_TRY_NUMBER='1' AIRFLOW_CTX_DAG_RUN_ID='scheduled__2024-04-21T08:00:00+00:00'
[2024-04-21T09:00:14.865+0000] {Units_dag.py:99} INFO - i: 70000, chunk: 10000
[2024-04-21T09:00:14.876+0000] {Units_dag.py:100} INFO - child token is::: eyJ0eXAiOiJKV1QiLCJhbGciOiJIUzI1NiJ9.eyJpc3MiOiJodHRwczovL2FwaS5hZmFxeS5zYS9hdXRoL2xvZ2luX2FzIiwiaWF0IjoxNzEzNjkwMDA0LCJleHAiOjE3MTYyODIwMDQsIm5iZiI6MTcxMzY5MDAwNCwianRpIjoibG9QY1o0SkdEVlZMdDV0SSIsInN1YiI6IjVkNjNlNTFlMDNlZDUyOTJhNDJjMjRlNiIsInBydiI6IjI3MGVjZmM3ZWEzZWQ5MzdlYTg0OTM2MmEzYTUwOTEwYzZkOGNlNGYiLCJsb2dpbl9hc19pZCI6IjY1N2YwYWQ3M2Y5NzcyOTVjZjA1NTc2YSJ9.__OjFZgjCsTz62Z_D4szLCKE0EXQV2nOREo0fezThsQ
[2024-04-21T09:00:46.066+0000] {Units_dag.py:104} INFO - {'_id': '639f180115fc485692012c6a', 'icon': 'icons/icon.png', 'driver_id': '', 'tailer_id': '', 'profile': {'vehicle_type': '', 'vin': '', 'plate_number': '', 'model': '', 'year': 0, 'seats': 2, 'fuel_type': '91', 'start_operation': '', 'contract_milage': '', 'opening_milage': '', 'measurement_type': '', 'max_capacity': '', 'current_owner': ''}, 'device_password': '***', 'device_type': 'gps', 'gateway': False, 'name': 'ewteo83yey', 'operation_code': None, 'device_gateway': None, 'business_types': None, 'imei': '00128613600000', 'sim_number': '+966560006074', 'sim_serial': '89966485550112652016', 'device_serial': '8637356826914', 'device': 'wialon', 'user_id': '5dd3147f03ed52ee671f3df6', 'created_by': '5dd3147f03ed52ee671f3df6', 'updated_at': '2024-04-18 11:18:59', 'created_at': '2022-12-18 16:39:13', 'custom_fields': [], 'creator': 'aljomaih', 'company': 'Aljomaih', 'owner': 'aljomaih', 'counters': {'odometer_type': 'gps', 'engine_hours_type': 'acc', 'engine_hours': 0, 'odometer': 0}, 'is_wasl_connected': 'Not Connected', 'iconUrl': 'https://api.afaqy.sa/images/units/icons/icon.png', 'hasCCTV': False}
[2024-04-21T09:00:46.673+0000] {warnings.py:109} WARNING - /home/***/.local/lib/python3.8/site-packages/elasticsearch/_sync/client/__init__.py:399: SecurityWarning: Connecting to 'https://dbelk2.afaqy.local:9200' using TLS with verify_certs=False is insecure
  _transport = transport_class(

[2024-04-21T09:00:46.764+0000] {warnings.py:109} WARNING - /home/***/.local/lib/python3.8/site-packages/elasticsearch/_sync/client/__init__.py:399: SecurityWarning: Connecting to 'https://dbelk3.afaqy.local:9200' using TLS with verify_certs=False is insecure
  _transport = transport_class(

[2024-04-21T09:00:46.852+0000] {warnings.py:109} WARNING - /home/***/.local/lib/python3.8/site-packages/elasticsearch/_sync/client/__init__.py:399: SecurityWarning: Connecting to 'https://dbelk1.afaqy.local:9200' using TLS with verify_certs=False is insecure
  _transport = transport_class(

[2024-04-21T09:00:46.902+0000] {warnings.py:109} WARNING - /home/***/.local/lib/python3.8/site-packages/urllib3/connectionpool.py:1061: InsecureRequestWarning: Unverified HTTPS request is being made to host 'dbelk2.afaqy.local'. Adding certificate verification is strongly advised. See: https://urllib3.readthedocs.io/en/1.26.x/advanced-usage.html#ssl-warnings
  warnings.warn(

[2024-04-21T09:00:46.973+0000] {_transport.py:335} INFO - GET https://dbelk2.afaqy.local:9200/_cluster/health [status:200 duration:0.110s]
[2024-04-21T09:00:47.604+0000] {warnings.py:109} WARNING - /home/***/.local/lib/python3.8/site-packages/urllib3/connectionpool.py:1061: InsecureRequestWarning: Unverified HTTPS request is being made to host 'dbelk3.afaqy.local'. Adding certificate verification is strongly advised. See: https://urllib3.readthedocs.io/en/1.26.x/advanced-usage.html#ssl-warnings
  warnings.warn(

[2024-04-21T09:00:51.388+0000] {_transport.py:335} INFO - PUT https://dbelk3.afaqy.local:9200/units_statistics_***/_bulk [status:200 duration:3.800s]
[2024-04-21T09:00:51.684+0000] {python.py:202} INFO - Done. Returned value was: None
[2024-04-21T09:00:51.702+0000] {taskinstance.py:1149} INFO - Marking task as SUCCESS. dag_id=Units_statistics_DAG, task_id=ETL_job, map_index=7, execution_date=20240421T080000, start_date=20240421T090013, end_date=20240421T090051
[2024-04-21T09:00:51.756+0000] {local_task_job_runner.py:234} INFO - Task exited with return code 0
[2024-04-21T09:00:51.790+0000] {taskinstance.py:3312} INFO - 0 downstream tasks scheduled from follow-on schedule check
