[2024-05-08T14:03:22.008+0000] {taskinstance.py:1979} INFO - Dependencies all met for dep_context=non-requeueable deps ti=<TaskInstance: Units_statistics_DAG.ETL_job scheduled__2024-05-08T13:40:00+00:00 map_index=4 [queued]>
[2024-05-08T14:03:22.027+0000] {taskinstance.py:1979} INFO - Dependencies all met for dep_context=requeueable deps ti=<TaskInstance: Units_statistics_DAG.ETL_job scheduled__2024-05-08T13:40:00+00:00 map_index=4 [queued]>
[2024-05-08T14:03:22.028+0000] {taskinstance.py:2193} INFO - Starting attempt 3 of 4
[2024-05-08T14:03:22.049+0000] {taskinstance.py:2217} INFO - Executing <Mapped(_PythonDecoratedOperator): ETL_job> on 2024-05-08 13:40:00+00:00
[2024-05-08T14:03:22.057+0000] {standard_task_runner.py:60} INFO - Started process 862750 to run task
[2024-05-08T14:03:22.080+0000] {standard_task_runner.py:87} INFO - Running: ['***', 'tasks', 'run', 'Units_statistics_DAG', 'ETL_job', 'scheduled__2024-05-08T13:40:00+00:00', '--job-id', '41914', '--raw', '--subdir', 'DAGS_FOLDER/Units_dag.py', '--cfg-path', '/tmp/tmpdsna85k2', '--map-index', '4']
[2024-05-08T14:03:22.087+0000] {standard_task_runner.py:88} INFO - Job 41914: Subtask ETL_job
[2024-05-08T14:03:22.226+0000] {task_command.py:423} INFO - Running <TaskInstance: Units_statistics_DAG.ETL_job scheduled__2024-05-08T13:40:00+00:00 map_index=4 [running]> on host a09da322e808
[2024-05-08T14:03:22.411+0000] {taskinstance.py:2513} INFO - Exporting env vars: AIRFLOW_CTX_DAG_OWNER='abeer-araby' AIRFLOW_CTX_DAG_ID='Units_statistics_DAG' AIRFLOW_CTX_TASK_ID='ETL_job' AIRFLOW_CTX_EXECUTION_DATE='2024-05-08T13:40:00+00:00' AIRFLOW_CTX_TRY_NUMBER='3' AIRFLOW_CTX_DAG_RUN_ID='scheduled__2024-05-08T13:40:00+00:00'
[2024-05-08T14:03:22.412+0000] {Units_dag.py:98} INFO - i: 40000, chunk: 10000
[2024-05-08T14:03:22.413+0000] {Units_dag.py:99} INFO - child token is::: eyJ0eXAiOiJKV1QiLCJhbGciOiJIUzI1NiJ9.eyJpc3MiOiJodHRwczovL2FwaS5hZmFxeS5zYS9hdXRoL2xvZ2luX2FzIiwiaWF0IjoxNzE1MTc2ODA0LCJleHAiOjE3MTc3Njg4MDQsIm5iZiI6MTcxNTE3NjgwNCwianRpIjoiUXJRRVlMQzM4OEQ1S2ZlOSIsInN1YiI6IjVkNjNlNTFlMDNlZDUyOTJhNDJjMjRlNiIsInBydiI6IjI3MGVjZmM3ZWEzZWQ5MzdlYTg0OTM2MmEzYTUwOTEwYzZkOGNlNGYiLCJsb2dpbl9hc19pZCI6IjY1N2YwYWQ3M2Y5NzcyOTVjZjA1NTc2YSJ9.Dk4sJOtemqfluzC3Uh3VZCNYJZf_oXK4gy_aedgmF70
[2024-05-08T14:03:41.799+0000] {Units_dag.py:103} INFO - {'_id': '62670801b60729257b6a48d1', 'icon': 'icons/icon.png', 'driver_id': '', 'tailer_id': '', 'profile': {'vehicle_type': '', 'measurement_type': 'volume', 'max_capacity': 0, 'vin': '', 'plate_number': '', 'start_operation': '', 'contract_milage': '', 'opening_milage': '', 'model': '', 'fuel_type': '91', 'year': 0, 'seats': 2}, 'device_password': '***', 'device_type': 'gps', 'gateway': False, 'name': '995 (6526 - G T A)', 'operation_code': '', 'device_gateway': '', 'business_types': {'waste': False, 'transportation': False, 'water': False}, 'imei': '357073291956577', 'sim_number': '+966830028523674', 'sim_serial': '8996609821110928741', 'device_serial': '1118911107', 'device': 'teltonika', 'user_id': '625e6c9efa32d045f90cd7cd', 'created_by': '6062f431508e5a56d725461b', 'updated_at': '2024-04-18 11:18:59', 'created_at': '2022-04-25 23:43:45', 'custom_fields': [], 'creator': 'moataz2', 'company': '', 'owner': 'saad-ali-mohammed-admin', 'last_update': {'dtt': 1696745182000, 'dts': 1696745184362, 'spd': 10, 'ang': 14, 'alt': 89, 'chPrams': {'Speed': {'v': 10, 'cdt': 1696745182000}, 'output1': {'v': False, 'cdt': 1696744008000}, 'output2': {'v': False, 'cdt': 1696744008000}, 'ePwrV': {'v': 12.123000000000001, 'cdt': 1696745182000}, 'parm24': {'v': 10, 'cdt': 1696745182000}, 'sat': {'v': 4, 'cdt': 1696745182000}, 'ai1': {'v': 386, 'cdt': 1677112025000}, 'priority': {'v': 0, 'cdt': 1696743632000}, 'type': {'v': 6, 'cdt': 1696743978000}, 'di2': {'v': 0, 'cdt': 1696744008000}, 'di1': {'v': 0, 'cdt': 1696745128000}, 'result': {'v': '5665723a30332e32372e30375f3030204750533a41584e5f352e312e392048773a464d42313230204d6f643a333320494d45493a33353730373332393139353635373720496e69743a323032332d31302d3820363a3320557074696d653a3333204d41433a303031453432373430454231205350433a312830292041584c3a32204f42443a3020424c3a312e31302042543a34', 'cdt': 1696745009000}, 'protocol': {'v': 'FMB120', 'cdt': 1696745039000}, 'parm6': {'v': 386, 'cdt': 1696744008000}, 'iPwrV': {'v': 3.744, 'cdt': 1696745182000}, 'event': {'v': 0, 'cdt': 1696743632000}}, 'prms': {'protocol': 'FMB120', 'priority': 0, 'sat': 4, 'event': 0, 'di1': 0, 'output1': 0, 'di2': 0, 'output2': 0, 'ePwrV': 12.123000000000001, 'Speed': 10, 'parm24': 10, 'iPwrV': 3.744, 'ai1': 386, 'parm6': 386}, 'devPrms': ['protocol', 'priority', 'sat', 'event', 'type', 'result', 'di1', 'output1', 'di2', 'output2', 'ePwrV', 'Speed', 'parm24', 'iPwrV', 'ai1', 'parm6'], 'old_params': {'protocol': 'FMB120', 'priority': 0, 'sat': 5, 'event': 0, 'di1': 0, 'output1': 0, 'di2': 0, 'output2': 0, 'ePwrV': 12.138, 'Speed': 7, 'parm24': 7, 'iPwrV': 3.74, 'ai1': 386, 'parm6': 386}, 'vLoc': 1, 'vCon': 1, 'ip': '146.251.24.177', 'rl': 0, 'trl': 26058.8356, 'mdu': 0, 'tmdu': 1445420, 'eidl': 0, 'teidl': 1025272, 'fc': 0, 'tfc': 0.002784, 'acc': 0, 'accOn': 4212391, 'accOff': 652703427, 'sdu': 0, 'tsdu': 0, 'lat': 25.8862866, 'lng': 49.6037366}, 'counters': {'odometer_type': 'gps', 'odometer': 26058.8414, 'engine_hours_type': 'acc', 'engine_hours': 4212391, 'last_acc': 0}, 'is_wasl_connected': 'Connected', 'iconUrl': 'https://api.afaqy.sa/images/units/icons/icon.png', 'hasCCTV': False}
[2024-05-08T14:03:42.522+0000] {warnings.py:109} WARNING - /home/***/.local/lib/python3.8/site-packages/elasticsearch/_sync/client/__init__.py:399: SecurityWarning: Connecting to 'https://dbelk2.afaqy.local:9200' using TLS with verify_certs=False is insecure
  _transport = transport_class(

[2024-05-08T14:03:42.636+0000] {warnings.py:109} WARNING - /home/***/.local/lib/python3.8/site-packages/elasticsearch/_sync/client/__init__.py:399: SecurityWarning: Connecting to 'https://dbelk3.afaqy.local:9200' using TLS with verify_certs=False is insecure
  _transport = transport_class(

[2024-05-08T14:03:42.720+0000] {warnings.py:109} WARNING - /home/***/.local/lib/python3.8/site-packages/elasticsearch/_sync/client/__init__.py:399: SecurityWarning: Connecting to 'https://dbelk1.afaqy.local:9200' using TLS with verify_certs=False is insecure
  _transport = transport_class(

[2024-05-08T14:03:42.742+0000] {warnings.py:109} WARNING - /home/***/.local/lib/python3.8/site-packages/urllib3/connectionpool.py:1061: InsecureRequestWarning: Unverified HTTPS request is being made to host 'dbelk2.afaqy.local'. Adding certificate verification is strongly advised. See: https://urllib3.readthedocs.io/en/1.26.x/advanced-usage.html#ssl-warnings
  warnings.warn(

[2024-05-08T14:03:42.834+0000] {_transport.py:335} INFO - GET https://dbelk2.afaqy.local:9200/_cluster/health [status:200 duration:0.112s]
[2024-05-08T14:03:43.248+0000] {warnings.py:109} WARNING - /home/***/.local/lib/python3.8/site-packages/urllib3/connectionpool.py:1061: InsecureRequestWarning: Unverified HTTPS request is being made to host 'dbelk3.afaqy.local'. Adding certificate verification is strongly advised. See: https://urllib3.readthedocs.io/en/1.26.x/advanced-usage.html#ssl-warnings
  warnings.warn(

[2024-05-08T14:03:43.267+0000] {_transport.py:335} INFO - PUT https://dbelk3.afaqy.local:9200/units_statistics_***/_bulk [status:429 duration:0.042s]
[2024-05-08T14:03:43.268+0000] {_node_pool.py:249} WARNING - Node <Urllib3HttpNode(https://dbelk3.afaqy.local:9200)> has failed for 1 times in a row, putting on 1 second timeout
[2024-05-08T14:03:43.268+0000] {_transport.py:427} WARNING - Retrying request after non-successful status 429 (attempt 0 of 3)
[2024-05-08T14:03:43.269+0000] {warnings.py:109} WARNING - /home/***/.local/lib/python3.8/site-packages/urllib3/connectionpool.py:1061: InsecureRequestWarning: Unverified HTTPS request is being made to host 'dbelk2.afaqy.local'. Adding certificate verification is strongly advised. See: https://urllib3.readthedocs.io/en/1.26.x/advanced-usage.html#ssl-warnings
  warnings.warn(

[2024-05-08T14:04:04.370+0000] {_transport.py:335} INFO - PUT https://dbelk2.afaqy.local:9200/units_statistics_***/_bulk [status:200 duration:21.102s]
[2024-05-08T14:04:04.618+0000] {python.py:202} INFO - Done. Returned value was: None
[2024-05-08T14:04:04.644+0000] {taskinstance.py:1149} INFO - Marking task as SUCCESS. dag_id=Units_statistics_DAG, task_id=ETL_job, map_index=4, execution_date=20240508T134000, start_date=20240508T140322, end_date=20240508T140404
[2024-05-08T14:04:04.883+0000] {local_task_job_runner.py:234} INFO - Task exited with return code 0
[2024-05-08T14:04:04.917+0000] {taskinstance.py:3312} INFO - 0 downstream tasks scheduled from follow-on schedule check
