[2024-05-12T01:20:16.501+0000] {taskinstance.py:1979} INFO - Dependencies all met for dep_context=non-requeueable deps ti=<TaskInstance: Units_statistics_DAG.ETL_job scheduled__2024-05-12T01:00:00+00:00 map_index=4 [queued]>
[2024-05-12T01:20:16.611+0000] {taskinstance.py:1979} INFO - Dependencies all met for dep_context=requeueable deps ti=<TaskInstance: Units_statistics_DAG.ETL_job scheduled__2024-05-12T01:00:00+00:00 map_index=4 [queued]>
[2024-05-12T01:20:16.612+0000] {taskinstance.py:2193} INFO - Starting attempt 1 of 4
[2024-05-12T01:20:16.743+0000] {taskinstance.py:2217} INFO - Executing <Mapped(_PythonDecoratedOperator): ETL_job> on 2024-05-12 01:00:00+00:00
[2024-05-12T01:20:16.808+0000] {standard_task_runner.py:60} INFO - Started process 954815 to run task
[2024-05-12T01:20:16.860+0000] {standard_task_runner.py:87} INFO - Running: ['***', 'tasks', 'run', 'Units_statistics_DAG', 'ETL_job', 'scheduled__2024-05-12T01:00:00+00:00', '--job-id', '52330', '--raw', '--subdir', 'DAGS_FOLDER/Units_dag.py', '--cfg-path', '/tmp/tmp7k0xty7o', '--map-index', '4']
[2024-05-12T01:20:16.878+0000] {standard_task_runner.py:88} INFO - Job 52330: Subtask ETL_job
[2024-05-12T01:20:17.166+0000] {task_command.py:423} INFO - Running <TaskInstance: Units_statistics_DAG.ETL_job scheduled__2024-05-12T01:00:00+00:00 map_index=4 [running]> on host a09da322e808
[2024-05-12T01:20:18.126+0000] {taskinstance.py:2513} INFO - Exporting env vars: AIRFLOW_CTX_DAG_OWNER='abeer-araby' AIRFLOW_CTX_DAG_ID='Units_statistics_DAG' AIRFLOW_CTX_TASK_ID='ETL_job' AIRFLOW_CTX_EXECUTION_DATE='2024-05-12T01:00:00+00:00' AIRFLOW_CTX_TRY_NUMBER='1' AIRFLOW_CTX_DAG_RUN_ID='scheduled__2024-05-12T01:00:00+00:00'
[2024-05-12T01:20:18.133+0000] {Units_dag.py:98} INFO - i: 40000, chunk: 10000
[2024-05-12T01:20:18.133+0000] {Units_dag.py:99} INFO - child token is::: eyJ0eXAiOiJKV1QiLCJhbGciOiJIUzI1NiJ9.eyJpc3MiOiJodHRwczovL2FwaS5hZmFxeS5zYS9hdXRoL2xvZ2luX2FzIiwiaWF0IjoxNzE1NDc2ODA1LCJleHAiOjE3MTgwNjg4MDUsIm5iZiI6MTcxNTQ3NjgwNSwianRpIjoiNGd3djQ1M1U0dlF6NllFeiIsInN1YiI6IjVkNjNlNTFlMDNlZDUyOTJhNDJjMjRlNiIsInBydiI6IjI3MGVjZmM3ZWEzZWQ5MzdlYTg0OTM2MmEzYTUwOTEwYzZkOGNlNGYiLCJsb2dpbl9hc19pZCI6IjY1N2YwYWQ3M2Y5NzcyOTVjZjA1NTc2YSJ9.sv-87KxybUeVsaLcPjGRztAfSA09WjiV5IwJEuJbF-w
[2024-05-12T01:20:44.496+0000] {Units_dag.py:103} INFO - {'_id': '626800f0bc0c6d617f59b0ef', 'icon': 'icons/icon.png', 'driver_id': '', 'tailer_id': '', 'profile': {'vehicle_type': '', 'measurement_type': 'count', 'max_capacity': 0, 'vin': '', 'plate_number': '', 'start_operation': '', 'contract_milage': '', 'opening_milage': '', 'model': '', 'fuel_type': '91', 'year': 0, 'seats': 2}, 'device_password': '***', 'device_type': 'gps', 'gateway': False, 'name': '7506 - L B R', 'operation_code': '', 'device_gateway': '', 'business_types': {'waste': False, 'transportation': True, 'water': False}, 'imei': '866854051728544', 'sim_number': '+966830028522294', 'sim_serial': '996609821110927361', 'device_serial': '866854051728544', 'device': 'bce', 'user_id': '6203ca86d5264a332265ce5d', 'created_by': '5e6655bf03ed52e1ab79d301', 'updated_at': '2024-04-18 11:18:59', 'created_at': '2022-04-26 17:25:52', 'custom_fields': [], 'creator': 'amr.ahmed', 'company': '', 'owner': 'i_drive_co_admin', 'last_update': {'dtt': 1715476468000, 'dts': 1715476613456, 'spd': 0, 'ang': 0, 'alt': 721, 'chPrams': {'ePwrV': {'v': 12.248, 'cdt': 1715476468000}, 'di16': {'v': 0, 'cdt': 1713475214000}, 'rssi1': {'v': 74, 'cdt': 1715471372000}, 'di15': {'v': 0, 'cdt': 1713953864000}, 'di14': {'v': 0, 'cdt': 1714809836000}, 'di13': {'v': 0, 'cdt': 1713953864000}, 'di12': {'v': 0, 'cdt': 1713953864000}, 'di11': {'v': 0, 'cdt': 1713953864000}, 'di10': {'v': 0, 'cdt': 1713953864000}, 'di2': {'v': 1, 'cdt': 1713953864000}, 'di1': {'v': 0, 'cdt': 1714810056000}, 'di4': {'v': 0, 'cdt': 1713953864000}, 'di3': {'v': 0, 'cdt': 1713953864000}, 'di6': {'v': 1, 'cdt': 1713953864000}, 'di5': {'v': 0, 'cdt': 1714994218000}, 'lac1': {'v': 1221, 'cdt': 1713166706000}, 'protocol': {'v': 'bce', 'cdt': 1713953864000}, 'di8': {'v': 1, 'cdt': 1713953864000}, 'di7': {'v': 0, 'cdt': 1714994248000}, 'di9': {'v': 0, 'cdt': 1713953864000}, 'iPwrV': {'v': 3.883, 'cdt': 1715474968000}, 'cid1': {'v': 5551, 'cdt': 1715462974000}, 'odometer': {'v': 0, 'cdt': 1715433868000}, 'spd': {'v': 0, 'cdt': 1714809936000}, 'sat': {'v': 15, 'cdt': 1715466874000}, 'hdop': {'v': 1, 'cdt': 1715077348000}, 'ta': {'v': 0, 'cdt': 1713953864000}, 'mcc1': {'v': 420, 'cdt': 1713953864000}, 'mnc1': {'v': 3, 'cdt': 1713953864000}}, 'prms': {'protocol': 'bce', 'spd': 0, 'sat': 15, 'hdop': 1, 'odometer': 0, 'di16': 0, 'di15': 0, 'di14': 0, 'di13': 0, 'di12': 0, 'di11': 0, 'di10': 0, 'di9': 0, 'di8': 1, 'di7': 0, 'di6': 1, 'di5': 0, 'di4': 0, 'di3': 0, 'di2': 1, 'di1': 0, 'ePwrV': 12.248, 'iPwrV': 3.883, 'ta': 0, 'mcc1': 420, 'mnc1': 3, 'lac1': 1221, 'cid1': 5551, 'rssi1': 74}, 'devPrms': ['protocol', 'spd', 'sat', 'hdop', 'odometer', 'di16', 'di15', 'di14', 'di13', 'di12', 'di11', 'di10', 'di9', 'di8', 'di7', 'di6', 'di5', 'di4', 'di3', 'di2', 'di1', 'ePwrV', 'iPwrV', 'ta', 'mcc1', 'mnc1', 'lac1', 'cid1', 'rssi1'], 'old_params': {'protocol': 'bce', 'spd': 0, 'sat': 15, 'hdop': 1, 'odometer': 0, 'di16': 0, 'di15': 0, 'di14': 0, 'di13': 0, 'di12': 0, 'di11': 0, 'di10': 0, 'di9': 0, 'di8': 1, 'di7': 0, 'di6': 1, 'di5': 0, 'di4': 0, 'di3': 0, 'di2': 1, 'di1': 0, 'ePwrV': 12.284, 'iPwrV': 3.883, 'ta': 0, 'mcc1': 420, 'mnc1': 3, 'lac1': 1221, 'cid1': 5551, 'rssi1': 74}, 'vLoc': 1, 'vCon': 1, 'ip': '109.83.216.4', 'rl': 0, 'trl': 42373.8272, 'mdu': 0, 'tmdu': 2875134, 'eidl': 0, 'teidl': 1907366, 'fc': 0, 'tfc': 0.871992, 'acc': 0, 'accOn': 9970346, 'accOff': 58709830, 'sdu': 300, 'tsdu': 482250, 'lat': 24.686378479003906, 'lng': 46.582740783691406}, 'counters': {'odometer_type': 'gps', 'odometer': 42373.832, 'engine_hours_type': 'acc', 'engine_hours': 9970346, 'last_acc': 0}, 'is_wasl_connected': 'Not Connected', 'iconUrl': 'https://api.afaqy.sa/images/units/icons/icon.png', 'hasCCTV': False}
[2024-05-12T01:20:45.777+0000] {warnings.py:109} WARNING - /home/***/.local/lib/python3.8/site-packages/elasticsearch/_sync/client/__init__.py:399: SecurityWarning: Connecting to 'https://dbelk2.afaqy.local:9200' using TLS with verify_certs=False is insecure
  _transport = transport_class(

[2024-05-12T01:20:45.841+0000] {warnings.py:109} WARNING - /home/***/.local/lib/python3.8/site-packages/elasticsearch/_sync/client/__init__.py:399: SecurityWarning: Connecting to 'https://dbelk3.afaqy.local:9200' using TLS with verify_certs=False is insecure
  _transport = transport_class(

[2024-05-12T01:20:45.916+0000] {warnings.py:109} WARNING - /home/***/.local/lib/python3.8/site-packages/elasticsearch/_sync/client/__init__.py:399: SecurityWarning: Connecting to 'https://dbelk1.afaqy.local:9200' using TLS with verify_certs=False is insecure
  _transport = transport_class(

[2024-05-12T01:20:45.961+0000] {warnings.py:109} WARNING - /home/***/.local/lib/python3.8/site-packages/urllib3/connectionpool.py:1061: InsecureRequestWarning: Unverified HTTPS request is being made to host 'dbelk2.afaqy.local'. Adding certificate verification is strongly advised. See: https://urllib3.readthedocs.io/en/1.26.x/advanced-usage.html#ssl-warnings
  warnings.warn(

[2024-05-12T01:20:47.747+0000] {_transport.py:335} INFO - GET https://dbelk2.afaqy.local:9200/_cluster/health [status:200 duration:1.830s]
[2024-05-12T01:20:48.625+0000] {warnings.py:109} WARNING - /home/***/.local/lib/python3.8/site-packages/urllib3/connectionpool.py:1061: InsecureRequestWarning: Unverified HTTPS request is being made to host 'dbelk3.afaqy.local'. Adding certificate verification is strongly advised. See: https://urllib3.readthedocs.io/en/1.26.x/advanced-usage.html#ssl-warnings
  warnings.warn(

[2024-05-12T01:20:48.637+0000] {_transport.py:335} INFO - PUT https://dbelk3.afaqy.local:9200/units_statistics_***/_bulk [status:429 duration:0.034s]
[2024-05-12T01:20:48.637+0000] {_node_pool.py:249} WARNING - Node <Urllib3HttpNode(https://dbelk3.afaqy.local:9200)> has failed for 1 times in a row, putting on 1 second timeout
[2024-05-12T01:20:48.637+0000] {_transport.py:427} WARNING - Retrying request after non-successful status 429 (attempt 0 of 3)
[2024-05-12T01:20:48.638+0000] {warnings.py:109} WARNING - /home/***/.local/lib/python3.8/site-packages/urllib3/connectionpool.py:1061: InsecureRequestWarning: Unverified HTTPS request is being made to host 'dbelk2.afaqy.local'. Adding certificate verification is strongly advised. See: https://urllib3.readthedocs.io/en/1.26.x/advanced-usage.html#ssl-warnings
  warnings.warn(

[2024-05-12T01:20:50.448+0000] {_transport.py:335} INFO - PUT https://dbelk2.afaqy.local:9200/units_statistics_***/_bulk [status:200 duration:1.810s]
[2024-05-12T01:20:51.017+0000] {python.py:202} INFO - Done. Returned value was: None
[2024-05-12T01:20:51.037+0000] {taskinstance.py:1149} INFO - Marking task as SUCCESS. dag_id=Units_statistics_DAG, task_id=ETL_job, map_index=4, execution_date=20240512T010000, start_date=20240512T012016, end_date=20240512T012051
[2024-05-12T01:20:51.119+0000] {local_task_job_runner.py:234} INFO - Task exited with return code 0
[2024-05-12T01:20:51.178+0000] {taskinstance.py:3312} INFO - 0 downstream tasks scheduled from follow-on schedule check
