[2024-05-06T12:20:15.710+0000] {taskinstance.py:1979} INFO - Dependencies all met for dep_context=non-requeueable deps ti=<TaskInstance: Units_statistics_DAG.ETL_job scheduled__2024-05-06T12:00:00+00:00 map_index=12 [queued]>
[2024-05-06T12:20:15.773+0000] {taskinstance.py:1979} INFO - Dependencies all met for dep_context=requeueable deps ti=<TaskInstance: Units_statistics_DAG.ETL_job scheduled__2024-05-06T12:00:00+00:00 map_index=12 [queued]>
[2024-05-06T12:20:15.774+0000] {taskinstance.py:2193} INFO - Starting attempt 1 of 4
[2024-05-06T12:20:15.910+0000] {taskinstance.py:2217} INFO - Executing <Mapped(_PythonDecoratedOperator): ETL_job> on 2024-05-06 12:00:00+00:00
[2024-05-06T12:20:15.926+0000] {standard_task_runner.py:60} INFO - Started process 807628 to run task
[2024-05-06T12:20:15.998+0000] {standard_task_runner.py:87} INFO - Running: ['***', 'tasks', 'run', 'Units_statistics_DAG', 'ETL_job', 'scheduled__2024-05-06T12:00:00+00:00', '--job-id', '35620', '--raw', '--subdir', 'DAGS_FOLDER/Units_dag.py', '--cfg-path', '/tmp/tmpwgeeffnu', '--map-index', '12']
[2024-05-06T12:20:16.005+0000] {standard_task_runner.py:88} INFO - Job 35620: Subtask ETL_job
[2024-05-06T12:20:16.405+0000] {task_command.py:423} INFO - Running <TaskInstance: Units_statistics_DAG.ETL_job scheduled__2024-05-06T12:00:00+00:00 map_index=12 [running]> on host a09da322e808
[2024-05-06T12:20:16.996+0000] {taskinstance.py:2513} INFO - Exporting env vars: AIRFLOW_CTX_DAG_OWNER='abeer-araby' AIRFLOW_CTX_DAG_ID='Units_statistics_DAG' AIRFLOW_CTX_TASK_ID='ETL_job' AIRFLOW_CTX_EXECUTION_DATE='2024-05-06T12:00:00+00:00' AIRFLOW_CTX_TRY_NUMBER='1' AIRFLOW_CTX_DAG_RUN_ID='scheduled__2024-05-06T12:00:00+00:00'
[2024-05-06T12:20:16.997+0000] {Units_dag.py:99} INFO - i: 120000, chunk: 10000
[2024-05-06T12:20:16.997+0000] {Units_dag.py:100} INFO - child token is::: eyJ0eXAiOiJKV1QiLCJhbGciOiJIUzI1NiJ9.eyJpc3MiOiJodHRwczovL2FwaS5hZmFxeS5zYS9hdXRoL2xvZ2luX2FzIiwiaWF0IjoxNzE0OTk4MDA0LCJleHAiOjE3MTc1OTAwMDQsIm5iZiI6MTcxNDk5ODAwNCwianRpIjoiSzFXSDRYNm9mQ002Y3F1UCIsInN1YiI6IjVkNjNlNTFlMDNlZDUyOTJhNDJjMjRlNiIsInBydiI6IjI3MGVjZmM3ZWEzZWQ5MzdlYTg0OTM2MmEzYTUwOTEwYzZkOGNlNGYiLCJsb2dpbl9hc19pZCI6IjY1N2YwYWQ3M2Y5NzcyOTVjZjA1NTc2YSJ9.3pQUXNTa-jwL1ebrDXzgznl1nmoUA-zxpEa2pI_6YvY
[2024-05-06T12:20:47.358+0000] {Units_dag.py:104} INFO - {'_id': '64ca63fea9dce70f5c0b73da', 'icon': 'icons/icon.png', 'driver_id': '', 'tailer_id': '', 'profile': {'measurement_type': 'count', 'fuel_type': '91', 'year': 0, 'seats': 2}, 'device_password': '***', 'device_type': 'gps', 'gateway': False, 'business_types': {'waste': False, 'transportation': True, 'water': False}, 'name': '6430 Z J R', 'operation_code': None, 'device_gateway': None, 'skip_sim_information': False, 'imei': '863514050208350', 'sim_number': '+966830028613613', 'sim_serial': '8996609821111012563', 'device_serial': '863514050208350', 'device': 'ruptela', 'user_id': '64c7bac2f1af17551b44b759', 'created_by': '5e6655bf03ed52e1ab79d301', 'updated_at': '2024-04-18 11:18:59', 'created_at': '2023-08-02 17:11:10', 'custom_fields': [], 'creator': 'amr.ahmed', 'company': '', 'owner': 'bander-trading-admin', 'last_update': {'dtt': 1714997872000, 'dts': 1714997875851, 'spd': 0, 'ang': 350, 'alt': 601, 'chPrams': {'gsm': {'v': 25, 'cdt': 1714996672000}, 'io_2_817': {'v': 2000, 'cdt': 1714645359000}, 'io_2_818': {'v': 2000, 'cdt': 1714645359000}, 'ai23': {'v': 245, 'cdt': 1714997872000}, 'ePwrV': {'v': 12.908, 'cdt': 1714997872000}, 'ai22': {'v': 255, 'cdt': 1714997872000}, 'di2': {'v': 0, 'cdt': 1714645359000}, 'operator': {'v': 42003, 'cdt': 1714980706000}, 'di4': {'v': 0, 'cdt': 1714645359000}, 'di3': {'v': 0, 'cdt': 1714645359000}, 'di5': {'v': 0, 'cdt': 1714990972000}, 'protocol': {'v': 'ruptela', 'cdt': 1714645359000}, 'io_8_70': {'v': 0, 'cdt': 1714645359000}, 'io_8_71': {'v': 0, 'cdt': 1714645359000}, 'iPwrV': {'v': 4.159, 'cdt': 1714997872000}, 'event': {'v': 7, 'cdt': 1714990672000}, 'io_1_418': {'v': 1, 'cdt': 1714991572000}, 'move': {'v': 0, 'cdt': 1714990972000}, 'io_2_79': {'v': 2000, 'cdt': 1714645359000}, 'spd': {'v': 0, 'cdt': 1714990672000}, 'sat': {'v': 17, 'cdt': 1714997572000}, 'io_2_78': {'v': 2000, 'cdt': 1714645359000}, 'hdop': {'v': 0.7, 'cdt': 1714997572000}, 'accTemp': {'v': 55, 'cdt': 1714997572000}, 'io_1_406': {'v': 1, 'cdt': 1714645359000}, 'io_1_405': {'v': 1, 'cdt': 1691070684000}}, 'prms': {'protocol': 'ruptela', 'sat': 17, 'spd': 0, 'hdop': 0.7, 'event': 7, 'gsm': 25, 'io_1_418': 1, 'accTemp': 55, 'move': 0, 'di2': 0, 'di3': 0, 'di4': 0, 'di5': 0, 'io_1_405': 1, 'io_1_406': 1, 'ePwrV': 12.908, 'iPwrV': 4.159, 'ai22': 255, 'ai23': 245, 'io_2_78': 2000, 'io_2_79': 2000, 'io_2_817': 2000, 'io_2_818': 2000, 'operator': 42003, 'io_8_70': 0, 'io_8_71': 0}, 'devPrms': ['protocol', 'sat', 'spd', 'hdop', 'event', 'gsm', 'io_1_418', 'accTemp', 'move', 'di2', 'di3', 'di4', 'di5', 'io_1_405', 'io_1_406', 'ePwrV', 'iPwrV', 'ai22', 'ai23', 'io_2_78', 'io_2_79', 'io_2_817', 'io_2_818', 'operator', 'io_8_70', 'io_8_71'], 'old_params': {'gsm': 25, 'io_2_817': 2000, 'io_2_818': 2000, 'ai23': 251, 'ePwrV': 12.91, 'ai22': 256, 'di2': 0, 'di4': 0, 'operator': 42003, 'di3': 0, 'di5': 0, 'protocol': 'ruptela', 'io_8_70': 0, 'io_8_71': 0, 'iPwrV': 4.16, 'event': 7, 'io_1_418': 1, 'move': 0, 'io_2_79': 2000, 'spd': 0, 'sat': 17, 'io_2_78': 2000, 'hdop': 0.7, 'accTemp': 55, 'io_1_406': 1, 'io_1_405': 1}, 'vLoc': 1, 'vCon': 1, 'ip': '37.216.28.21', 'rl': 0, 'trl': 13776.5641, 'mdu': 0, 'tmdu': 1232772, 'eidl': 0, 'teidl': 710336, 'fc': 0, 'tfc': 328.215144, 'acc': 0, 'accOn': 10767911, 'accOff': 13214740, 'sdu': 300, 'tsdu': 6900, 'lat': 24.68644, 'lng': 46.8479933}, 'counters': {'odometer_type': 'gps', 'odometer': 13776.5641, 'engine_hours_type': 'acc', 'engine_hours': 10767911, 'last_acc': 0}, 'is_wasl_connected': 'Not Connected', 'iconUrl': 'https://api.afaqy.sa/images/units/icons/icon.png', 'hasCCTV': False}
[2024-05-06T12:20:48.236+0000] {warnings.py:109} WARNING - /home/***/.local/lib/python3.8/site-packages/elasticsearch/_sync/client/__init__.py:399: SecurityWarning: Connecting to 'https://dbelk2.afaqy.local:9200' using TLS with verify_certs=False is insecure
  _transport = transport_class(

[2024-05-06T12:20:48.301+0000] {warnings.py:109} WARNING - /home/***/.local/lib/python3.8/site-packages/elasticsearch/_sync/client/__init__.py:399: SecurityWarning: Connecting to 'https://dbelk3.afaqy.local:9200' using TLS with verify_certs=False is insecure
  _transport = transport_class(

[2024-05-06T12:20:48.400+0000] {warnings.py:109} WARNING - /home/***/.local/lib/python3.8/site-packages/elasticsearch/_sync/client/__init__.py:399: SecurityWarning: Connecting to 'https://dbelk1.afaqy.local:9200' using TLS with verify_certs=False is insecure
  _transport = transport_class(

[2024-05-06T12:20:48.431+0000] {warnings.py:109} WARNING - /home/***/.local/lib/python3.8/site-packages/urllib3/connectionpool.py:1061: InsecureRequestWarning: Unverified HTTPS request is being made to host 'dbelk2.afaqy.local'. Adding certificate verification is strongly advised. See: https://urllib3.readthedocs.io/en/1.26.x/advanced-usage.html#ssl-warnings
  warnings.warn(

[2024-05-06T12:20:48.535+0000] {_transport.py:335} INFO - GET https://dbelk2.afaqy.local:9200/_cluster/health [status:200 duration:0.131s]
[2024-05-06T12:20:49.203+0000] {warnings.py:109} WARNING - /home/***/.local/lib/python3.8/site-packages/urllib3/connectionpool.py:1061: InsecureRequestWarning: Unverified HTTPS request is being made to host 'dbelk3.afaqy.local'. Adding certificate verification is strongly advised. See: https://urllib3.readthedocs.io/en/1.26.x/advanced-usage.html#ssl-warnings
  warnings.warn(

[2024-05-06T12:20:49.217+0000] {_transport.py:335} INFO - PUT https://dbelk3.afaqy.local:9200/units_statistics_***/_bulk [status:429 duration:0.034s]
[2024-05-06T12:20:49.219+0000] {_node_pool.py:249} WARNING - Node <Urllib3HttpNode(https://dbelk3.afaqy.local:9200)> has failed for 1 times in a row, putting on 1 second timeout
[2024-05-06T12:20:49.220+0000] {_transport.py:427} WARNING - Retrying request after non-successful status 429 (attempt 0 of 3)
[2024-05-06T12:20:49.220+0000] {warnings.py:109} WARNING - /home/***/.local/lib/python3.8/site-packages/urllib3/connectionpool.py:1061: InsecureRequestWarning: Unverified HTTPS request is being made to host 'dbelk2.afaqy.local'. Adding certificate verification is strongly advised. See: https://urllib3.readthedocs.io/en/1.26.x/advanced-usage.html#ssl-warnings
  warnings.warn(

[2024-05-06T12:20:51.938+0000] {_transport.py:335} INFO - PUT https://dbelk2.afaqy.local:9200/units_statistics_***/_bulk [status:200 duration:2.718s]
[2024-05-06T12:20:52.131+0000] {python.py:202} INFO - Done. Returned value was: None
[2024-05-06T12:20:52.151+0000] {taskinstance.py:1149} INFO - Marking task as SUCCESS. dag_id=Units_statistics_DAG, task_id=ETL_job, map_index=12, execution_date=20240506T120000, start_date=20240506T122015, end_date=20240506T122052
[2024-05-06T12:20:52.368+0000] {local_task_job_runner.py:234} INFO - Task exited with return code 0
[2024-05-06T12:20:52.403+0000] {taskinstance.py:3312} INFO - 0 downstream tasks scheduled from follow-on schedule check
