[2024-05-11T23:41:52.364+0000] {taskinstance.py:1979} INFO - Dependencies all met for dep_context=non-requeueable deps ti=<TaskInstance: Units_statistics_DAG.ETL_job scheduled__2024-05-11T23:20:00+00:00 map_index=3 [queued]>
[2024-05-11T23:41:52.380+0000] {taskinstance.py:1979} INFO - Dependencies all met for dep_context=requeueable deps ti=<TaskInstance: Units_statistics_DAG.ETL_job scheduled__2024-05-11T23:20:00+00:00 map_index=3 [queued]>
[2024-05-11T23:41:52.380+0000] {taskinstance.py:2193} INFO - Starting attempt 2 of 4
[2024-05-11T23:41:52.409+0000] {taskinstance.py:2217} INFO - Executing <Mapped(_PythonDecoratedOperator): ETL_job> on 2024-05-11 23:20:00+00:00
[2024-05-11T23:41:52.419+0000] {standard_task_runner.py:60} INFO - Started process 952810 to run task
[2024-05-11T23:41:52.427+0000] {standard_task_runner.py:87} INFO - Running: ['***', 'tasks', 'run', 'Units_statistics_DAG', 'ETL_job', 'scheduled__2024-05-11T23:20:00+00:00', '--job-id', '52031', '--raw', '--subdir', 'DAGS_FOLDER/Units_dag.py', '--cfg-path', '/tmp/tmp9z6kj2vs', '--map-index', '3']
[2024-05-11T23:41:52.429+0000] {standard_task_runner.py:88} INFO - Job 52031: Subtask ETL_job
[2024-05-11T23:41:52.553+0000] {task_command.py:423} INFO - Running <TaskInstance: Units_statistics_DAG.ETL_job scheduled__2024-05-11T23:20:00+00:00 map_index=3 [running]> on host a09da322e808
[2024-05-11T23:41:52.776+0000] {taskinstance.py:2513} INFO - Exporting env vars: AIRFLOW_CTX_DAG_OWNER='abeer-araby' AIRFLOW_CTX_DAG_ID='Units_statistics_DAG' AIRFLOW_CTX_TASK_ID='ETL_job' AIRFLOW_CTX_EXECUTION_DATE='2024-05-11T23:20:00+00:00' AIRFLOW_CTX_TRY_NUMBER='2' AIRFLOW_CTX_DAG_RUN_ID='scheduled__2024-05-11T23:20:00+00:00'
[2024-05-11T23:41:52.778+0000] {Units_dag.py:98} INFO - i: 30000, chunk: 10000
[2024-05-11T23:41:52.778+0000] {Units_dag.py:99} INFO - child token is::: eyJ0eXAiOiJKV1QiLCJhbGciOiJIUzI1NiJ9.eyJpc3MiOiJodHRwczovL2FwaS5hZmFxeS5zYS9hdXRoL2xvZ2luX2FzIiwiaWF0IjoxNzE1NDcwODAzLCJleHAiOjE3MTgwNjI4MDMsIm5iZiI6MTcxNTQ3MDgwMywianRpIjoiVFR2VU83SExRbjVtcmtaWiIsInN1YiI6IjVkNjNlNTFlMDNlZDUyOTJhNDJjMjRlNiIsInBydiI6IjI3MGVjZmM3ZWEzZWQ5MzdlYTg0OTM2MmEzYTUwOTEwYzZkOGNlNGYiLCJsb2dpbl9hc19pZCI6IjY1N2YwYWQ3M2Y5NzcyOTVjZjA1NTc2YSJ9.nT8AalM6S5ktrubwbDSzzPvFuYr29VkwInACgN1YN_I
[2024-05-11T23:42:15.565+0000] {Units_dag.py:103} INFO - {'_id': '62173fe490676a34b337c191', 'icon': 'icons/icon.png', 'driver_id': '', 'tailer_id': '', 'profile': {'vehicle_type': 'PEUGEOT PARTNER SHORT CARGO1.6', 'measurement_type': 'count', 'max_capacity': 0, 'vin': 'VR3EF9HPANJ524083', 'plate_number': 'ب س ن 3829', 'start_operation': None, 'contract_milage': None, 'opening_milage': None, 'model': '2022', 'fuel_type': '91', 'year': 0, 'seats': 2}, 'device_password': '***', 'device_type': 'gps', 'gateway': False, 'name': 'VR3EF9HPANJ524083', 'operation_code': '3829 NSB', 'device_gateway': '', 'business_types': {'waste': False, 'transportation': True, 'water': False}, 'imei': '866854051783275', 'sim_number': '+966830020805688', 'sim_serial': '996609821110853426', 'device_serial': '866854051783275', 'device': 'bce', 'user_id': '61c43b241b5e6d541b2b65ce', 'created_by': '5e6655bf03ed52e1ab79d301', 'updated_at': '2024-04-18 11:18:59', 'created_at': '2022-02-24 11:20:52', 'shipment_info': None, 'skip_sim_information': False, 'custom_fields': [], 'creator': 'amr.ahmed', 'company': '', 'owner': 'al-jabr-renta-admin', 'last_update': {'dtt': 1715470724000, 'dts': 1715470730981, 'spd': 0, 'ang': 298, 'alt': 65535, 'chPrams': {'ePwrV': {'v': 12.789, 'cdt': 1715470424000}, 'di16': {'v': 1, 'cdt': 1715457460000}, 'rssi1': {'v': 53, 'cdt': 1715469824000}, 'di15': {'v': 0, 'cdt': 1687173760000}, 'di14': {'v': 0, 'cdt': 1715457450000}, 'di13': {'v': 0, 'cdt': 1713095264000}, 'di12': {'v': 0, 'cdt': 1713095264000}, 'di11': {'v': 0, 'cdt': 1713095264000}, 'di10': {'v': 0, 'cdt': 1645700544000}, 'di2': {'v': 1, 'cdt': 1714290694000}, 'di1': {'v': 0, 'cdt': 1715457490000}, 'di4': {'v': 0, 'cdt': 1713095264000}, 'di3': {'v': 0, 'cdt': 1713095264000}, 'di6': {'v': 1, 'cdt': 1713095264000}, 'di5': {'v': 0, 'cdt': 1715457490000}, 'lac1': {'v': 3603, 'cdt': 1715457282000}, 'protocol': {'v': 'bce', 'cdt': 1713095264000}, 'di8': {'v': 1, 'cdt': 1713095264000}, 'di7': {'v': 0, 'cdt': 1715457520000}, 'di9': {'v': 0, 'cdt': 1713095264000}, 'iPwrV': {'v': 4.126, 'cdt': 1715470724000}, 'cid1': {'v': 30823, 'cdt': 1715457460000}, 'odometer': {'v': 0, 'cdt': 1715457490000}, 'spd': {'v': 0, 'cdt': 1715457460000}, 'sat': {'v': 15, 'cdt': 1715470124000}, 'hdop': {'v': 1, 'cdt': 1715433304000}, 'ta': {'v': 0, 'cdt': 1713095264000}, 'mcc1': {'v': 420, 'cdt': 1714003958000}, 'mnc1': {'v': 3, 'cdt': 1714003958000}}, 'prms': {'protocol': 'bce', 'spd': 0, 'sat': 15, 'hdop': 1, 'odometer': 0, 'di16': 1, 'di15': 0, 'di14': 0, 'di13': 0, 'di12': 0, 'di11': 0, 'di10': 0, 'di9': 0, 'di8': 1, 'di7': 0, 'di6': 1, 'di5': 0, 'di4': 0, 'di3': 0, 'di2': 1, 'di1': 0, 'ePwrV': 12.789, 'iPwrV': 4.126, 'ta': 0, 'mcc1': 420, 'mnc1': 3, 'lac1': 3603, 'cid1': 30823, 'rssi1': 53}, 'devPrms': ['protocol', 'spd', 'sat', 'hdop', 'odometer', 'di16', 'di15', 'di14', 'di13', 'di12', 'di11', 'di10', 'di9', 'di8', 'di7', 'di6', 'di5', 'di4', 'di3', 'di2', 'di1', 'ePwrV', 'iPwrV', 'ta', 'mcc1', 'mnc1', 'lac1', 'cid1', 'rssi1'], 'old_params': {'protocol': 'bce', 'spd': 0, 'sat': 15, 'hdop': 1, 'odometer': 0, 'di16': 1, 'di15': 0, 'di14': 0, 'di13': 0, 'di12': 0, 'di11': 0, 'di10': 0, 'di9': 0, 'di8': 1, 'di7': 0, 'di6': 1, 'di5': 0, 'di4': 0, 'di3': 0, 'di2': 1, 'di1': 0, 'ePwrV': 12.789, 'iPwrV': 4.128, 'ta': 0, 'mcc1': 420, 'mnc1': 3, 'lac1': 3603, 'cid1': 30823, 'rssi1': 53}, 'vLoc': 1, 'vCon': 1, 'ip': '109.83.12.216', 'rl': 0, 'trl': 114313.0583, 'mdu': 0, 'tmdu': 8535550, 'eidl': 0, 'teidl': 7082002, 'fc': 0, 'tfc': 25.797744, 'acc': 0, 'accOn': 5954656, 'accOff': 57942624, 'sdu': 300, 'tsdu': 13234, 'lat': 26.459264755249023, 'lng': 50.08769226074219}, 'counters': {'odometer_type': 'gps', 'odometer': 114326.0543, 'engine_hours_type': 'acc', 'engine_hours': 5954656, 'last_acc': 0}, 'is_wasl_connected': 'Not Connected', 'iconUrl': 'https://api.afaqy.sa/images/units/icons/icon.png', 'hasCCTV': False}
[2024-05-11T23:42:16.025+0000] {warnings.py:109} WARNING - /home/***/.local/lib/python3.8/site-packages/elasticsearch/_sync/client/__init__.py:399: SecurityWarning: Connecting to 'https://dbelk2.afaqy.local:9200' using TLS with verify_certs=False is insecure
  _transport = transport_class(

[2024-05-11T23:42:16.071+0000] {warnings.py:109} WARNING - /home/***/.local/lib/python3.8/site-packages/elasticsearch/_sync/client/__init__.py:399: SecurityWarning: Connecting to 'https://dbelk1.afaqy.local:9200' using TLS with verify_certs=False is insecure
  _transport = transport_class(

[2024-05-11T23:42:16.116+0000] {warnings.py:109} WARNING - /home/***/.local/lib/python3.8/site-packages/elasticsearch/_sync/client/__init__.py:399: SecurityWarning: Connecting to 'https://dbelk3.afaqy.local:9200' using TLS with verify_certs=False is insecure
  _transport = transport_class(

[2024-05-11T23:42:16.142+0000] {warnings.py:109} WARNING - /home/***/.local/lib/python3.8/site-packages/urllib3/connectionpool.py:1061: InsecureRequestWarning: Unverified HTTPS request is being made to host 'dbelk2.afaqy.local'. Adding certificate verification is strongly advised. See: https://urllib3.readthedocs.io/en/1.26.x/advanced-usage.html#ssl-warnings
  warnings.warn(

[2024-05-11T23:42:16.224+0000] {_transport.py:335} INFO - GET https://dbelk2.afaqy.local:9200/_cluster/health [status:200 duration:0.107s]
[2024-05-11T23:42:16.693+0000] {warnings.py:109} WARNING - /home/***/.local/lib/python3.8/site-packages/urllib3/connectionpool.py:1061: InsecureRequestWarning: Unverified HTTPS request is being made to host 'dbelk1.afaqy.local'. Adding certificate verification is strongly advised. See: https://urllib3.readthedocs.io/en/1.26.x/advanced-usage.html#ssl-warnings
  warnings.warn(

[2024-05-11T23:42:16.899+0000] {_transport.py:335} INFO - PUT https://dbelk1.afaqy.local:9200/units_statistics_***/_bulk [status:200 duration:0.251s]
[2024-05-11T23:42:17.176+0000] {taskinstance.py:2731} ERROR - Task failed with exception
Traceback (most recent call last):
  File "/home/airflow/.local/lib/python3.8/site-packages/airflow/models/taskinstance.py", line 444, in _execute_task
    result = _execute_callable(context=context, **execute_callable_kwargs)
  File "/home/airflow/.local/lib/python3.8/site-packages/airflow/models/taskinstance.py", line 414, in _execute_callable
    return execute_callable(context=context, **execute_callable_kwargs)
  File "/home/airflow/.local/lib/python3.8/site-packages/airflow/decorators/base.py", line 241, in execute
    return_value = super().execute(context)
  File "/home/airflow/.local/lib/python3.8/site-packages/airflow/operators/python.py", line 200, in execute
    return_value = self.execute_callable()
  File "/home/airflow/.local/lib/python3.8/site-packages/airflow/operators/python.py", line 217, in execute_callable
    return self.python_callable(*self.op_args, **self.op_kwargs)
  File "/opt/airflow/dags/Units_dag.py", line 111, in ETL_job
    Elk_client.elk_pushData(Globals.index_name,units_list_update)
  File "/opt/airflow/dags/units_statistics/elk_manager.py", line 69, in elk_pushData
    helpers.bulk(self.elk_client, docs_list, index=index_name, chunk_size=batch)
  File "/home/airflow/.local/lib/python3.8/site-packages/elasticsearch/helpers/actions.py", line 521, in bulk
    for ok, item in streaming_bulk(
  File "/home/airflow/.local/lib/python3.8/site-packages/elasticsearch/helpers/actions.py", line 436, in streaming_bulk
    for data, (ok, info) in zip(
  File "/home/airflow/.local/lib/python3.8/site-packages/elasticsearch/helpers/actions.py", line 355, in _process_bulk_chunk
    yield from gen
  File "/home/airflow/.local/lib/python3.8/site-packages/elasticsearch/helpers/actions.py", line 274, in _process_bulk_chunk_success
    raise BulkIndexError(f"{len(errors)} document(s) failed to index.", errors)
elasticsearch.helpers.BulkIndexError: 10000 document(s) failed to index.
[2024-05-11T23:42:17.189+0000] {taskinstance.py:1149} INFO - Marking task as UP_FOR_RETRY. dag_id=Units_statistics_DAG, task_id=ETL_job, map_index=3, execution_date=20240511T232000, start_date=20240511T234152, end_date=20240511T234217
[2024-05-11T23:42:17.209+0000] {standard_task_runner.py:107} ERROR - Failed to execute job 52031 for task ETL_job (10000 document(s) failed to index.; 952810)
[2024-05-11T23:42:17.272+0000] {local_task_job_runner.py:234} INFO - Task exited with return code 1
[2024-05-11T23:42:17.297+0000] {taskinstance.py:3312} INFO - 0 downstream tasks scheduled from follow-on schedule check
