[2024-05-09T09:21:54.961+0000] {taskinstance.py:1979} INFO - Dependencies all met for dep_context=non-requeueable deps ti=<TaskInstance: Units_statistics_DAG.ETL_job scheduled__2024-05-09T09:00:00+00:00 map_index=17 [queued]>
[2024-05-09T09:21:54.985+0000] {taskinstance.py:1979} INFO - Dependencies all met for dep_context=requeueable deps ti=<TaskInstance: Units_statistics_DAG.ETL_job scheduled__2024-05-09T09:00:00+00:00 map_index=17 [queued]>
[2024-05-09T09:21:54.986+0000] {taskinstance.py:2193} INFO - Starting attempt 2 of 4
[2024-05-09T09:21:55.020+0000] {taskinstance.py:2217} INFO - Executing <Mapped(_PythonDecoratedOperator): ETL_job> on 2024-05-09 09:00:00+00:00
[2024-05-09T09:21:55.029+0000] {standard_task_runner.py:60} INFO - Started process 883295 to run task
[2024-05-09T09:21:55.043+0000] {standard_task_runner.py:87} INFO - Running: ['***', 'tasks', 'run', 'Units_statistics_DAG', 'ETL_job', 'scheduled__2024-05-09T09:00:00+00:00', '--job-id', '43922', '--raw', '--subdir', 'DAGS_FOLDER/Units_dag.py', '--cfg-path', '/tmp/tmp9wc3gav7', '--map-index', '17']
[2024-05-09T09:21:55.051+0000] {standard_task_runner.py:88} INFO - Job 43922: Subtask ETL_job
[2024-05-09T09:21:55.171+0000] {task_command.py:423} INFO - Running <TaskInstance: Units_statistics_DAG.ETL_job scheduled__2024-05-09T09:00:00+00:00 map_index=17 [running]> on host a09da322e808
[2024-05-09T09:21:55.353+0000] {taskinstance.py:2513} INFO - Exporting env vars: AIRFLOW_CTX_DAG_OWNER='abeer-araby' AIRFLOW_CTX_DAG_ID='Units_statistics_DAG' AIRFLOW_CTX_TASK_ID='ETL_job' AIRFLOW_CTX_EXECUTION_DATE='2024-05-09T09:00:00+00:00' AIRFLOW_CTX_TRY_NUMBER='2' AIRFLOW_CTX_DAG_RUN_ID='scheduled__2024-05-09T09:00:00+00:00'
[2024-05-09T09:21:55.355+0000] {Units_dag.py:98} INFO - i: 170000, chunk: 1147
[2024-05-09T09:21:55.355+0000] {Units_dag.py:99} INFO - child token is::: eyJ0eXAiOiJKV1QiLCJhbGciOiJIUzI1NiJ9.eyJpc3MiOiJodHRwczovL2FwaS5hZmFxeS5zYS9hdXRoL2xvZ2luX2FzIiwiaWF0IjoxNzE1MjQ2NDA0LCJleHAiOjE3MTc4Mzg0MDQsIm5iZiI6MTcxNTI0NjQwNCwianRpIjoiUHBHWmZIVjFLRzFmQlBUZSIsInN1YiI6IjVkNjNlNTFlMDNlZDUyOTJhNDJjMjRlNiIsInBydiI6IjI3MGVjZmM3ZWEzZWQ5MzdlYTg0OTM2MmEzYTUwOTEwYzZkOGNlNGYiLCJsb2dpbl9hc19pZCI6IjY1N2YwYWQ3M2Y5NzcyOTVjZjA1NTc2YSJ9.AkWxGPppfU7Qdru9aVxV3DlpdQxbYgmiRwbR6FXzt8Q
[2024-05-09T09:21:59.347+0000] {Units_dag.py:103} INFO - {'_id': '6637a8d35f69cb53840edfdb', 'icon': 'icons/icon.png', 'driver_id': '', 'tailer_id': '', 'profile': {'measurement_type': 'count', 'fuel_type': '91', 'year': 0, 'seats': 2}, 'shipment_info': {'product_category': '', 'truck_type': '', 'shipment_type': '', 'shipment_payment_type': '', 'transporter_type': '', 'operating_area': '', 'weight_kilograms_per_day': '', 'kms_per_day': '', 'opening_milage': '', 'shipment_trip_drive_hrs_day': '', 'expected_shipment_trip_day': '', 'car_pay_per_day': '', 'exceeding_temperature_limit_per_day': '', 'temperature_upper_limit': '', 'exceeding_humidity_limit_per_day': '', 'humidity_upper_limit': '', 'allowable_delay_drive_hrs_day': ''}, 'device_password': '***', 'device_type': 'gps', 'gateway': False, 'business_types': {'waste': False, 'transportation': True, 'water': False}, 'name': '14-309 / 7239 - S R B / باص نيسان', 'operation_code': None, 'device_gateway': None, 'skip_sim_information': False, 'custom_fields': [], 'imei': '860922046239145', 'sim_number': '+966830021025892', 'sim_serial': '8996641520112659027', 'device_serial': '860922046239145', 'device': 'bce', 'user_id': '6570364a73524fbd0807e5f3', 'created_by': '5e6655bf03ed52e1ab79d301', 'updated_at': '2024-05-05 15:42:11', 'created_at': '2024-05-05 18:42:11', 'creator': 'amr.ahmed', 'company': '', 'owner': 'monasib-contacting-admin', 'last_update': {'dtt': 1715246266000, 'dts': 1715246465978, 'spd': 0, 'ang': 162, 'alt': 675, 'chPrams': {'di16': {'v': 1, 'cdt': 1714924934000}, 'ePwrV': {'v': 12.895, 'cdt': 1715245666000}, 'di15': {'v': 0, 'cdt': 1714924934000}, 'rssi1': {'v': 65, 'cdt': 1715245066000}, 'di14': {'v': 0, 'cdt': 1715223438000}, 'di13': {'v': 0, 'cdt': 1714924934000}, 'di12': {'v': 0, 'cdt': 1714924934000}, 'di11': {'v': 0, 'cdt': 1714924934000}, 'di10': {'v': 0, 'cdt': 1714924934000}, 'trailer1_status': {'v': 0, 'cdt': 1714924934000}, 'trailer2_status': {'v': 0, 'cdt': 1714924934000}, 'di2': {'v': 0, 'cdt': 1714924934000}, 'trailer2_id': {'v': 0, 'cdt': 1714924934000}, 'di1': {'v': 0, 'cdt': 1715223466000}, 'ai4': {'v': 278, 'cdt': 1715236666000}, 'di4': {'v': 0, 'cdt': 1714924934000}, 'di3': {'v': 0, 'cdt': 1714924934000}, 'di6': {'v': 0, 'cdt': 1714924934000}, 'di5': {'v': 0, 'cdt': 1715223466000}, 'lac1': {'v': 1252, 'cdt': 1715222700000}, 'protocol': {'v': 'bce', 'cdt': 1714924934000}, 'di8': {'v': 1, 'cdt': 1714924934000}, 'di7': {'v': 0, 'cdt': 1715224666000}, 'di9': {'v': 0, 'cdt': 1714924934000}, 'iPwrV': {'v': 4.087, 'cdt': 1715245366000}, 'cid1': {'v': 48302, 'cdt': 1715241466000}, 'odometer': {'v': 0, 'cdt': 1715223446000}, 'spd': {'v': 0, 'cdt': 1715223446000}, 'sat': {'v': 12, 'cdt': 1715221714000}, 'trailer1_id': {'v': 0, 'cdt': 1714924934000}, 'hdop': {'v': 1, 'cdt': 1714924934000}, 'ta': {'v': 0, 'cdt': 1714924934000}, 'mcc1': {'v': 420, 'cdt': 1714924934000}, 'mnc1': {'v': 3, 'cdt': 1714924934000}}, 'prms': {'protocol': 'bce', 'spd': 0, 'sat': 12, 'hdop': 1, 'odometer': 0, 'di16': 1, 'di15': 0, 'di14': 0, 'di13': 0, 'di12': 0, 'di11': 0, 'di10': 0, 'di9': 0, 'di8': 1, 'di7': 0, 'di6': 0, 'di5': 0, 'di4': 0, 'di3': 0, 'di2': 0, 'di1': 0, 'ePwrV': 12.895, 'ai4': 278, 'iPwrV': 4.087, 'ta': 0, 'mcc1': 420, 'mnc1': 3, 'lac1': 1252, 'cid1': 48302, 'rssi1': 65}, 'devPrms': ['protocol', 'spd', 'sat', 'hdop', 'odometer', 'di16', 'di15', 'di14', 'di13', 'di12', 'di11', 'di10', 'di9', 'di8', 'di7', 'di6', 'di5', 'di4', 'di3', 'di2', 'di1', 'ePwrV', 'ai4', 'iPwrV', 'ta', 'mcc1', 'mnc1', 'lac1', 'cid1', 'rssi1'], 'old_params': {'di16': 1, 'ePwrV': 12.895, 'di15': 0, 'rssi1': 65, 'di14': 0, 'di13': 0, 'di12': 0, 'di11': 0, 'di10': 0, 'di2': 0, 'di1': 0, 'ai4': 278, 'di4': 0, 'di3': 0, 'di6': 0, 'di5': 0, 'lac1': 1252, 'protocol': 'bce', 'di8': 1, 'di7': 0, 'di9': 0, 'iPwrV': 4.087, 'cid1': 48302, 'odometer': 0, 'spd': 0, 'sat': 12, 'hdop': 1, 'ta': 0, 'mcc1': 420, 'mnc1': 3}, 'vLoc': 1, 'vCon': 1, 'ip': '37.216.36.150', 'rl': 0, 'trl': 223.4265, 'mdu': 0, 'tmdu': 18476, 'eidl': 0, 'teidl': 23416, 'fc': 0, 'tfc': 0.040296, 'acc': 0, 'accOn': 1408278, 'accOff': 278514, 'sdu': 300, 'tsdu': 22800, 'lat': 24.49127197265625, 'lng': 46.700355529785156}, 'counters': {'engine_hours': 1408278, 'last_acc': 0, 'odometer': 8253.7525}, 'is_wasl_connected': 'Not Connected', 'iconUrl': 'https://api.afaqy.sa/images/units/icons/icon.png', 'hasCCTV': False}
[2024-05-09T09:21:59.891+0000] {warnings.py:109} WARNING - /home/***/.local/lib/python3.8/site-packages/elasticsearch/_sync/client/__init__.py:399: SecurityWarning: Connecting to 'https://dbelk2.afaqy.local:9200' using TLS with verify_certs=False is insecure
  _transport = transport_class(

[2024-05-09T09:21:59.967+0000] {warnings.py:109} WARNING - /home/***/.local/lib/python3.8/site-packages/elasticsearch/_sync/client/__init__.py:399: SecurityWarning: Connecting to 'https://dbelk3.afaqy.local:9200' using TLS with verify_certs=False is insecure
  _transport = transport_class(

[2024-05-09T09:22:00.018+0000] {warnings.py:109} WARNING - /home/***/.local/lib/python3.8/site-packages/elasticsearch/_sync/client/__init__.py:399: SecurityWarning: Connecting to 'https://dbelk1.afaqy.local:9200' using TLS with verify_certs=False is insecure
  _transport = transport_class(

[2024-05-09T09:22:00.042+0000] {warnings.py:109} WARNING - /home/***/.local/lib/python3.8/site-packages/urllib3/connectionpool.py:1061: InsecureRequestWarning: Unverified HTTPS request is being made to host 'dbelk2.afaqy.local'. Adding certificate verification is strongly advised. See: https://urllib3.readthedocs.io/en/1.26.x/advanced-usage.html#ssl-warnings
  warnings.warn(

[2024-05-09T09:22:00.155+0000] {_transport.py:335} INFO - GET https://dbelk2.afaqy.local:9200/_cluster/health [status:200 duration:0.135s]
[2024-05-09T09:22:00.225+0000] {warnings.py:109} WARNING - /home/***/.local/lib/python3.8/site-packages/urllib3/connectionpool.py:1061: InsecureRequestWarning: Unverified HTTPS request is being made to host 'dbelk3.afaqy.local'. Adding certificate verification is strongly advised. See: https://urllib3.readthedocs.io/en/1.26.x/advanced-usage.html#ssl-warnings
  warnings.warn(

[2024-05-09T09:22:00.230+0000] {_transport.py:335} INFO - PUT https://dbelk3.afaqy.local:9200/units_statistics_***/_bulk [status:429 duration:0.027s]
[2024-05-09T09:22:00.231+0000] {_node_pool.py:249} WARNING - Node <Urllib3HttpNode(https://dbelk3.afaqy.local:9200)> has failed for 1 times in a row, putting on 1 second timeout
[2024-05-09T09:22:00.231+0000] {_transport.py:427} WARNING - Retrying request after non-successful status 429 (attempt 0 of 3)
[2024-05-09T09:22:00.232+0000] {warnings.py:109} WARNING - /home/***/.local/lib/python3.8/site-packages/urllib3/connectionpool.py:1061: InsecureRequestWarning: Unverified HTTPS request is being made to host 'dbelk2.afaqy.local'. Adding certificate verification is strongly advised. See: https://urllib3.readthedocs.io/en/1.26.x/advanced-usage.html#ssl-warnings
  warnings.warn(

[2024-05-09T09:22:00.237+0000] {_transport.py:335} INFO - PUT https://dbelk2.afaqy.local:9200/units_statistics_***/_bulk [status:429 duration:0.005s]
[2024-05-09T09:22:00.238+0000] {_node_pool.py:249} WARNING - Node <Urllib3HttpNode(https://dbelk2.afaqy.local:9200)> has failed for 1 times in a row, putting on 1 second timeout
[2024-05-09T09:22:00.238+0000] {_transport.py:427} WARNING - Retrying request after non-successful status 429 (attempt 1 of 3)
[2024-05-09T09:22:00.264+0000] {warnings.py:109} WARNING - /home/***/.local/lib/python3.8/site-packages/urllib3/connectionpool.py:1061: InsecureRequestWarning: Unverified HTTPS request is being made to host 'dbelk1.afaqy.local'. Adding certificate verification is strongly advised. See: https://urllib3.readthedocs.io/en/1.26.x/advanced-usage.html#ssl-warnings
  warnings.warn(

[2024-05-09T09:22:00.291+0000] {_transport.py:335} INFO - PUT https://dbelk1.afaqy.local:9200/units_statistics_***/_bulk [status:200 duration:0.053s]
[2024-05-09T09:22:00.304+0000] {taskinstance.py:2731} ERROR - Task failed with exception
Traceback (most recent call last):
  File "/home/airflow/.local/lib/python3.8/site-packages/airflow/models/taskinstance.py", line 444, in _execute_task
    result = _execute_callable(context=context, **execute_callable_kwargs)
  File "/home/airflow/.local/lib/python3.8/site-packages/airflow/models/taskinstance.py", line 414, in _execute_callable
    return execute_callable(context=context, **execute_callable_kwargs)
  File "/home/airflow/.local/lib/python3.8/site-packages/airflow/decorators/base.py", line 241, in execute
    return_value = super().execute(context)
  File "/home/airflow/.local/lib/python3.8/site-packages/airflow/operators/python.py", line 200, in execute
    return_value = self.execute_callable()
  File "/home/airflow/.local/lib/python3.8/site-packages/airflow/operators/python.py", line 217, in execute_callable
    return self.python_callable(*self.op_args, **self.op_kwargs)
  File "/opt/airflow/dags/Units_dag.py", line 111, in ETL_job
    Elk_client.elk_pushData(Globals.index_name,units_list_update)
  File "/opt/airflow/dags/units_statistics/elk_manager.py", line 69, in elk_pushData
    helpers.bulk(self.elk_client, docs_list, index=index_name, chunk_size=batch)
  File "/home/airflow/.local/lib/python3.8/site-packages/elasticsearch/helpers/actions.py", line 521, in bulk
    for ok, item in streaming_bulk(
  File "/home/airflow/.local/lib/python3.8/site-packages/elasticsearch/helpers/actions.py", line 436, in streaming_bulk
    for data, (ok, info) in zip(
  File "/home/airflow/.local/lib/python3.8/site-packages/elasticsearch/helpers/actions.py", line 355, in _process_bulk_chunk
    yield from gen
  File "/home/airflow/.local/lib/python3.8/site-packages/elasticsearch/helpers/actions.py", line 274, in _process_bulk_chunk_success
    raise BulkIndexError(f"{len(errors)} document(s) failed to index.", errors)
elasticsearch.helpers.BulkIndexError: 1146 document(s) failed to index.
[2024-05-09T09:22:00.322+0000] {taskinstance.py:1149} INFO - Marking task as UP_FOR_RETRY. dag_id=Units_statistics_DAG, task_id=ETL_job, map_index=17, execution_date=20240509T090000, start_date=20240509T092154, end_date=20240509T092200
[2024-05-09T09:22:00.347+0000] {standard_task_runner.py:107} ERROR - Failed to execute job 43922 for task ETL_job (1146 document(s) failed to index.; 883295)
[2024-05-09T09:22:00.363+0000] {local_task_job_runner.py:234} INFO - Task exited with return code 1
[2024-05-09T09:22:00.390+0000] {taskinstance.py:3312} INFO - 0 downstream tasks scheduled from follow-on schedule check
