[2024-05-13T05:20:01.386+0000] {local_task_job_runner.py:120} INFO - ::group::Pre task execution logs
[2024-05-13T05:20:01.435+0000] {taskinstance.py:2076} INFO - Dependencies all met for dep_context=non-requeueable deps ti=<TaskInstance: Units_statistics_DAG.login_parent scheduled__2024-05-13T05:00:00+00:00 [queued]>
[2024-05-13T05:20:01.458+0000] {taskinstance.py:2076} INFO - Dependencies all met for dep_context=requeueable deps ti=<TaskInstance: Units_statistics_DAG.login_parent scheduled__2024-05-13T05:00:00+00:00 [queued]>
[2024-05-13T05:20:01.459+0000] {taskinstance.py:2306} INFO - Starting attempt 1 of 4
[2024-05-13T05:20:01.484+0000] {taskinstance.py:2330} INFO - Executing <Task(_PythonDecoratedOperator): login_parent> on 2024-05-13 05:00:00+00:00
[2024-05-13T05:20:01.495+0000] {warnings.py:110} WARNING - /home/***/.local/lib/python3.12/site-packages/***/task/task_runner/standard_task_runner.py:61: DeprecationWarning: This process (pid=12457) is multi-threaded, use of fork() may lead to deadlocks in the child.
  pid = os.fork()

[2024-05-13T05:20:01.499+0000] {standard_task_runner.py:63} INFO - Started process 12458 to run task
[2024-05-13T05:20:01.499+0000] {standard_task_runner.py:90} INFO - Running: ['***', 'tasks', 'run', 'Units_statistics_DAG', 'login_parent', 'scheduled__2024-05-13T05:00:00+00:00', '--job-id', '55304', '--raw', '--subdir', 'DAGS_FOLDER/Units_dag.py', '--cfg-path', '/tmp/tmpx910cs2r']
[2024-05-13T05:20:01.501+0000] {standard_task_runner.py:91} INFO - Job 55304: Subtask login_parent
[2024-05-13T05:20:01.593+0000] {task_command.py:426} INFO - Running <TaskInstance: Units_statistics_DAG.login_parent scheduled__2024-05-13T05:00:00+00:00 [running]> on host 7138d7e072c5
[2024-05-13T05:20:01.786+0000] {taskinstance.py:2648} INFO - Exporting env vars: AIRFLOW_CTX_DAG_OWNER='abeer-araby' AIRFLOW_CTX_DAG_ID='Units_statistics_DAG' AIRFLOW_CTX_TASK_ID='login_parent' AIRFLOW_CTX_EXECUTION_DATE='2024-05-13T05:00:00+00:00' AIRFLOW_CTX_TRY_NUMBER='1' AIRFLOW_CTX_DAG_RUN_ID='scheduled__2024-05-13T05:00:00+00:00'
[2024-05-13T05:20:01.787+0000] {taskinstance.py:430} INFO - ::endgroup::
[2024-05-13T05:20:02.408+0000] {Units_dag.py:45} INFO - ti context info :eyJ0eXAiOiJKV1QiLCJhbGciOiJIUzI1NiJ9.eyJpc3MiOiJodHRwczovL2FwaS5hZmFxeS5zYS9hdXRoL2xvZ2luIiwiaWF0IjoxNzE1NTc3NjAyLCJleHAiOjE3MTgxNjk2MDIsIm5iZiI6MTcxNTU3NzYwMiwianRpIjoiSXhsVW9lUkQ0NEU3UU1kSyIsInN1YiI6IjY1N2YwYWQ3M2Y5NzcyOTVjZjA1NTc2YSIsInBydiI6IjI3MGVjZmM3ZWEzZWQ5MzdlYTg0OTM2MmEzYTUwOTEwYzZkOGNlNGYifQ.rvCZM8C_5uZ5xphR4wsBwC_amb38ulw7Naw401QFGi4
[2024-05-13T05:20:02.411+0000] {python.py:237} INFO - Done. Returned value was: None
[2024-05-13T05:20:02.412+0000] {taskinstance.py:441} INFO - ::group::Post task execution logs
[2024-05-13T05:20:02.434+0000] {taskinstance.py:1206} INFO - Marking task as SUCCESS. dag_id=Units_statistics_DAG, task_id=login_parent, run_id=scheduled__2024-05-13T05:00:00+00:00, execution_date=20240513T050000, start_date=20240513T052001, end_date=20240513T052002
[2024-05-13T05:20:02.481+0000] {local_task_job_runner.py:240} INFO - Task exited with return code 0
[2024-05-13T05:20:02.561+0000] {taskinstance.py:3498} INFO - 1 downstream tasks scheduled from follow-on schedule check
[2024-05-13T05:20:02.562+0000] {local_task_job_runner.py:222} INFO - ::endgroup::
