[2024-05-13T10:40:21.010+0000] {local_task_job_runner.py:120} INFO - ::group::Pre task execution logs
[2024-05-13T10:40:21.389+0000] {taskinstance.py:2076} INFO - Dependencies all met for dep_context=non-requeueable deps ti=<TaskInstance: Units_statistics_DAG.ETL_job scheduled__2024-05-13T10:20:00+00:00 map_index=15 [queued]>
[2024-05-13T10:40:21.472+0000] {taskinstance.py:2076} INFO - Dependencies all met for dep_context=requeueable deps ti=<TaskInstance: Units_statistics_DAG.ETL_job scheduled__2024-05-13T10:20:00+00:00 map_index=15 [queued]>
[2024-05-13T10:40:21.472+0000] {taskinstance.py:2306} INFO - Starting attempt 1 of 4
[2024-05-13T10:40:21.593+0000] {taskinstance.py:2330} INFO - Executing <Mapped(_PythonDecoratedOperator): ETL_job> on 2024-05-13 10:20:00+00:00
[2024-05-13T10:40:21.630+0000] {warnings.py:110} WARNING - /home/***/.local/lib/python3.12/site-packages/***/task/task_runner/standard_task_runner.py:61: DeprecationWarning: This process (pid=17184) is multi-threaded, use of fork() may lead to deadlocks in the child.
  pid = os.fork()

[2024-05-13T10:40:21.665+0000] {standard_task_runner.py:63} INFO - Started process 17210 to run task
[2024-05-13T10:40:21.690+0000] {standard_task_runner.py:90} INFO - Running: ['***', 'tasks', 'run', 'Units_statistics_DAG', 'ETL_job', 'scheduled__2024-05-13T10:20:00+00:00', '--job-id', '55728', '--raw', '--subdir', 'DAGS_FOLDER/Units_dag.py', '--cfg-path', '/tmp/tmpqr9cykqo', '--map-index', '15']
[2024-05-13T10:40:21.702+0000] {standard_task_runner.py:91} INFO - Job 55728: Subtask ETL_job
[2024-05-13T10:40:22.126+0000] {task_command.py:426} INFO - Running <TaskInstance: Units_statistics_DAG.ETL_job scheduled__2024-05-13T10:20:00+00:00 map_index=15 [running]> on host 7138d7e072c5
[2024-05-13T10:40:22.914+0000] {taskinstance.py:2648} INFO - Exporting env vars: AIRFLOW_CTX_DAG_OWNER='abeer-araby' AIRFLOW_CTX_DAG_ID='Units_statistics_DAG' AIRFLOW_CTX_TASK_ID='ETL_job' AIRFLOW_CTX_EXECUTION_DATE='2024-05-13T10:20:00+00:00' AIRFLOW_CTX_TRY_NUMBER='1' AIRFLOW_CTX_DAG_RUN_ID='scheduled__2024-05-13T10:20:00+00:00'
[2024-05-13T10:40:22.915+0000] {taskinstance.py:430} INFO - ::endgroup::
[2024-05-13T10:40:22.916+0000] {Units_dag.py:98} INFO - i: 150000, chunk: 10000
[2024-05-13T10:40:22.916+0000] {Units_dag.py:99} INFO - child token is::: eyJ0eXAiOiJKV1QiLCJhbGciOiJIUzI1NiJ9.eyJpc3MiOiJodHRwczovL2FwaS5hZmFxeS5zYS9hdXRoL2xvZ2luX2FzIiwiaWF0IjoxNzE1NTk2ODA1LCJleHAiOjE3MTgxODg4MDUsIm5iZiI6MTcxNTU5NjgwNSwianRpIjoiRjdkVmZ0Tnk3Q083TDBYVSIsInN1YiI6IjVkNjNlNTFlMDNlZDUyOTJhNDJjMjRlNiIsInBydiI6IjI3MGVjZmM3ZWEzZWQ5MzdlYTg0OTM2MmEzYTUwOTEwYzZkOGNlNGYiLCJsb2dpbl9hc19pZCI6IjY1N2YwYWQ3M2Y5NzcyOTVjZjA1NTc2YSJ9.ANJ87PLxwzw_lQ4XKj6hkxsb7KF3KNyJ83uJGOBD6lw
[2024-05-13T10:40:45.265+0000] {Units_dag.py:103} INFO - {'_id': '659d4dc191590d26d20034d1', 'icon': 'icons/icon.png', 'driver_id': '', 'tailer_id': '', 'profile': {'vehicle_type': '', 'measurement_type': 'count', 'max_capacity': 0, 'vin': '', 'plate_number': '', 'start_operation': '', 'contract_milage': '', 'opening_milage': '', 'model': '', 'fuel_type': '91', 'year': 0, 'seats': 2}, 'shipment_info': {'product_category': None, 'truck_type': None, 'shipment_type': None, 'shipment_payment_type': None, 'transporter_type': None, 'operating_area': None, 'weight_kilograms_per_day': None, 'kms_per_day': None, 'shipment_trip_drive_hrs_day': None, 'allowable_delay_drive_hrs_day': None, 'expected_shipment_trip_day': None, 'car_pay_per_day': None, 'exceeding_temperature_limit_per_day': None, 'temperature_upper_limit': None, 'exceeding_humidity_limit_per_day': None, 'humidity_upper_limit': None}, 'device_password': '***', 'device_type': 'gps', 'gateway': False, 'business_types': {'waste': False, 'transportation': True, 'water': False}, 'name': '\u200fU5YPU81D6RL230854\u200f', 'operation_code': '', 'device_gateway': '', 'skip_sim_information': False, 'imei': '352016704161710', 'sim_number': '+966830023484200', 'sim_serial': '8996609821112132724', 'device_serial': '1134124453', 'device': 'teltonika', 'user_id': '61c43b241b5e6d541b2b65ce', 'created_by': '5e6655bf03ed52e1ab79d301', 'updated_at': '2024-04-18 11:18:59', 'created_at': '2024-01-09 16:44:33', 'custom_fields': [], 'creator': 'amr.ahmed', 'company': '', 'owner': 'al-jabr-renta-admin', 'last_update': {'dtt': 1715596576000, 'dts': 1715596578800, 'spd': 0, 'ang': 325, 'alt': 30, 'chPrams': {'parm20': {'v': 0, 'cdt': 1715243397000}, 'output1': {'v': False, 'cdt': 1714912841000}, 'output2': {'v': False, 'cdt': 1714912841000}, 'ePwrV': {'v': 12.863, 'cdt': 1715596576000}, 'parm24': {'v': 0, 'cdt': 1715344970000}, 'parm22': {'v': 0, 'cdt': 1715243397000}, 'ai1': {'v': 174, 'cdt': 1715343805000}, 'humidity106': {'v': 300, 'cdt': 1715243397000}, 'di2': {'v': 0, 'cdt': 1715243397000}, 'humidity104': {'v': 300, 'cdt': 1715243397000}, 'type': {'v': 6, 'cdt': 1715510323000}, 'di1': {'v': 0, 'cdt': 1715345031000}, 'result': {'v': '5665723a30332e32372e31345f3030204750533a41584e5f352e312e392048773a464d42313230204d6f643a333320494d45493a33353230313637303431363137313020496e69743a323032342d312d31382032323a3920557074696d653a39393033303438204d41433a333838413231334634424234205350433a312830292041584c3a32204f42443a3020424c3a312e31302042543a34', 'cdt': 1715536470000}, 'protocol': {'v': 'FMB120', 'cdt': 1715536770000}, 'parm6': {'v': 174, 'cdt': 1715243397000}, 'iPwrV': {'v': 4.01, 'cdt': 1715596576000}, 'event': {'v': 0, 'cdt': 1713173366000}, 'parm113': {'v': 90, 'cdt': 1715580047000}, 'Speed': {'v': 0, 'cdt': 1715344970000}, 'sat': {'v': 16, 'cdt': 1715596576000}, 'priority': {'v': 0, 'cdt': 1713173366000}, 'temp6': {'v': 30, 'cdt': 1715243397000}, 'temp7': {'v': 30, 'cdt': 1715243397000}, 'temp5': {'v': 30, 'cdt': 1715243397000}, 'humidity86': {'v': 300, 'cdt': 1715243397000}}, 'prms': {'protocol': 'FMB120', 'priority': 0, 'sat': 16, 'event': 0, 'di1': 0, 'output1': 0, 'di2': 0, 'output2': 0, 'parm20': 0, 'parm22': 0, 'parm113': 90, 'ePwrV': 12.863, 'Speed': 0, 'parm24': 0, 'iPwrV': 4.01, 'ai1': 174, 'parm6': 174, 'temp5': 30, 'temp6': 30, 'temp7': 30, 'humidity86': 300, 'humidity104': 300, 'humidity106': 300}, 'devPrms': ['protocol', 'priority', 'sat', 'event', 'di1', 'output1', 'di2', 'output2', 'parm20', 'parm22', 'parm113', 'ePwrV', 'Speed', 'parm24', 'iPwrV', 'ai1', 'parm6', 'temp5', 'temp6', 'temp7', 'humidity86', 'humidity104', 'humidity106'], 'old_params': {'protocol': 'FMB120', 'priority': 0, 'sat': 12, 'event': 0, 'di1': 0, 'output1': 0, 'di2': 0, 'output2': 0, 'parm20': 0, 'parm22': 0, 'parm113': 90, 'ePwrV': 12.85, 'Speed': 0, 'parm24': 0, 'iPwrV': 4.009, 'ai1': 174, 'parm6': 174, 'temp5': 30, 'temp6': 30, 'temp7': 30, 'humidity86': 300, 'humidity104': 300, 'humidity106': 300}, 'vLoc': 1, 'vCon': 1, 'ip': '37.216.26.21', 'rl': 0, 'trl': 20779.5892, 'mdu': 0, 'tmdu': 921621, 'eidl': 0, 'teidl': 317927, 'fc': 0, 'tfc': 1647.654792, 'acc': 0, 'accOn': 1256167, 'accOff': 11536032, 'sdu': 300, 'tsdu': 251545, 'lat': 26.3644483, 'lng': 50.1925333}, 'counters': {'engine_hours': 1256167, 'last_acc': 0, 'odometer': 20779.5559, 'engine_hours_type': 'acc', 'odometer_type': 'gps'}, 'is_wasl_connected': 'Not Connected', 'iconUrl': 'https://api.afaqy.sa/images/units/icons/icon.png', 'hasCCTV': False}
[2024-05-13T10:40:45.945+0000] {warnings.py:110} WARNING - /home/***/.local/lib/python3.12/site-packages/elasticsearch/_sync/client/__init__.py:399: SecurityWarning: Connecting to 'https://dbelk3.afaqy.local:9200' using TLS with verify_certs=False is insecure
  _transport = transport_class(

[2024-05-13T10:40:46.013+0000] {warnings.py:110} WARNING - /home/***/.local/lib/python3.12/site-packages/elasticsearch/_sync/client/__init__.py:399: SecurityWarning: Connecting to 'https://dbelk2.afaqy.local:9200' using TLS with verify_certs=False is insecure
  _transport = transport_class(

[2024-05-13T10:40:46.441+0000] {warnings.py:110} WARNING - /home/***/.local/lib/python3.12/site-packages/elasticsearch/_sync/client/__init__.py:399: SecurityWarning: Connecting to 'https://dbelk1.afaqy.local:9200' using TLS with verify_certs=False is insecure
  _transport = transport_class(

[2024-05-13T10:40:46.481+0000] {warnings.py:110} WARNING - /home/***/.local/lib/python3.12/site-packages/urllib3/connectionpool.py:1103: InsecureRequestWarning: Unverified HTTPS request is being made to host 'dbelk3.afaqy.local'. Adding certificate verification is strongly advised. See: https://urllib3.readthedocs.io/en/latest/advanced-usage.html#tls-warnings
  warnings.warn(

[2024-05-13T10:40:46.610+0000] {_transport.py:349} INFO - GET https://dbelk3.afaqy.local:9200/_cluster/health [status:200 duration:0.167s]
[2024-05-13T10:40:47.171+0000] {warnings.py:110} WARNING - /home/***/.local/lib/python3.12/site-packages/urllib3/connectionpool.py:1103: InsecureRequestWarning: Unverified HTTPS request is being made to host 'dbelk2.afaqy.local'. Adding certificate verification is strongly advised. See: https://urllib3.readthedocs.io/en/latest/advanced-usage.html#tls-warnings
  warnings.warn(

[2024-05-13T10:40:48.789+0000] {_transport.py:349} INFO - PUT https://dbelk2.afaqy.local:9200/units_statistics_***/_bulk [status:200 duration:1.675s]
[2024-05-13T10:40:49.043+0000] {python.py:237} INFO - Done. Returned value was: None
[2024-05-13T10:40:49.043+0000] {taskinstance.py:441} INFO - ::group::Post task execution logs
[2024-05-13T10:40:49.057+0000] {taskinstance.py:1206} INFO - Marking task as SUCCESS. dag_id=Units_statistics_DAG, task_id=ETL_job, run_id=scheduled__2024-05-13T10:20:00+00:00, map_index=15, execution_date=20240513T102000, start_date=20240513T104021, end_date=20240513T104049
[2024-05-13T10:40:49.123+0000] {local_task_job_runner.py:240} INFO - Task exited with return code 0
[2024-05-13T10:40:49.146+0000] {taskinstance.py:3498} INFO - 0 downstream tasks scheduled from follow-on schedule check
[2024-05-13T10:40:49.149+0000] {local_task_job_runner.py:222} INFO - ::endgroup::
