[2024-04-27T14:00:20.319+0000] {taskinstance.py:1979} INFO - Dependencies all met for dep_context=non-requeueable deps ti=<TaskInstance: Units_statistics_DAG.ETL_job scheduled__2024-04-27T13:40:00+00:00 map_index=9 [queued]>
[2024-04-27T14:00:20.344+0000] {taskinstance.py:1979} INFO - Dependencies all met for dep_context=requeueable deps ti=<TaskInstance: Units_statistics_DAG.ETL_job scheduled__2024-04-27T13:40:00+00:00 map_index=9 [queued]>
[2024-04-27T14:00:20.351+0000] {taskinstance.py:2193} INFO - Starting attempt 1 of 4
[2024-04-27T14:00:20.424+0000] {taskinstance.py:2217} INFO - Executing <Mapped(_PythonDecoratedOperator): ETL_job> on 2024-04-27 13:40:00+00:00
[2024-04-27T14:00:20.444+0000] {standard_task_runner.py:60} INFO - Started process 591987 to run task
[2024-04-27T14:00:20.495+0000] {standard_task_runner.py:87} INFO - Running: ['***', 'tasks', 'run', 'Units_statistics_DAG', 'ETL_job', 'scheduled__2024-04-27T13:40:00+00:00', '--job-id', '19714', '--raw', '--subdir', 'DAGS_FOLDER/Units_dag.py', '--cfg-path', '/tmp/tmpp6afb2e2', '--map-index', '9']
[2024-04-27T14:00:20.497+0000] {standard_task_runner.py:88} INFO - Job 19714: Subtask ETL_job
[2024-04-27T14:00:20.882+0000] {task_command.py:423} INFO - Running <TaskInstance: Units_statistics_DAG.ETL_job scheduled__2024-04-27T13:40:00+00:00 map_index=9 [running]> on host a09da322e808
[2024-04-27T14:00:21.575+0000] {taskinstance.py:2513} INFO - Exporting env vars: AIRFLOW_CTX_DAG_OWNER='abeer-araby' AIRFLOW_CTX_DAG_ID='Units_statistics_DAG' AIRFLOW_CTX_TASK_ID='ETL_job' AIRFLOW_CTX_EXECUTION_DATE='2024-04-27T13:40:00+00:00' AIRFLOW_CTX_TRY_NUMBER='1' AIRFLOW_CTX_DAG_RUN_ID='scheduled__2024-04-27T13:40:00+00:00'
[2024-04-27T14:00:21.576+0000] {Units_dag.py:99} INFO - i: 90000, chunk: 10000
[2024-04-27T14:00:21.577+0000] {Units_dag.py:100} INFO - child token is::: eyJ0eXAiOiJKV1QiLCJhbGciOiJIUzI1NiJ9.eyJpc3MiOiJodHRwczovL2FwaS5hZmFxeS5zYS9hdXRoL2xvZ2luX2FzIiwiaWF0IjoxNzE0MjI2NDA0LCJleHAiOjE3MTY4MTg0MDQsIm5iZiI6MTcxNDIyNjQwNCwianRpIjoiejRsNlE3U3lIdjZHN0xtWiIsInN1YiI6IjVkNjNlNTFlMDNlZDUyOTJhNDJjMjRlNiIsInBydiI6IjI3MGVjZmM3ZWEzZWQ5MzdlYTg0OTM2MmEzYTUwOTEwYzZkOGNlNGYiLCJsb2dpbl9hc19pZCI6IjY1N2YwYWQ3M2Y5NzcyOTVjZjA1NTc2YSJ9.mfkcg9AfGRqKWY0eG342l2q8v8vgazcd-qd4FpW3SAc
[2024-04-27T14:00:48.656+0000] {Units_dag.py:104} INFO - {'_id': '640cbf166c978264e408f5e2', 'icon': 'icons/icon.png', 'driver_id': '', 'tailer_id': '', 'profile': {'vehicle_type': None, 'measurement_type': 'count', 'max_capacity': 0, 'vin': None, 'plate_number': None, 'start_operation': None, 'contract_milage': None, 'opening_milage': None, 'model': None, 'fuel_type': '91', 'year': 0, 'seats': 2}, 'device_password': '***', 'device_type': 'gps', 'gateway': False, 'name': 'V0004043(9483LSB)', 'operation_code': 'V0004043', 'device_gateway': '', 'business_types': {'waste': False, 'transportation': True, 'water': False}, 'imei': '350544503847603', 'sim_number': '+966830030954416', 'sim_serial': '21294049257', 'device_serial': '1125446485', 'device': 'teltonika', 'user_id': '62bb1bb23c00423a7b3af933', 'created_by': '5e6655bf03ed52e1ab79d301', 'updated_at': '2024-04-18 11:18:59', 'created_at': '2023-03-11 20:49:10', 'skip_sim_information': '', 'shipment_info': None, 'custom_fields': [], 'creator': 'amr.ahmed', 'company': '', 'owner': 'al-yamama-trading-admin', 'last_update': {'dtt': 1714226416000, 'dts': 1714226419412, 'spd': 6, 'ang': 335, 'alt': 11, 'chPrams': {'Speed': {'v': 6, 'cdt': 1714226416000}, 'output1': {'v': False, 'cdt': 1714222113000}, 'output2': {'v': False, 'cdt': 1714222113000}, 'ePwrV': {'v': 13.945, 'cdt': 1714226416000}, 'parm24': {'v': 6, 'cdt': 1714226416000}, 'sat': {'v': 14, 'cdt': 1714226290000}, 'ai1': {'v': 131, 'cdt': 1714218339000}, 'priority': {'v': 0, 'cdt': 1711870120000}, 'di2': {'v': 0, 'cdt': 1711871478000}, 'type': {'v': 6, 'cdt': 1713117138000}, 'di1': {'v': 1, 'cdt': 1714224375000}, 'result': {'v': '5665723a30332e32372e31335f3033204750533a41584e5f352e312e392048773a464d42313230204d6f643a333320494d45493a33353035343435303338343736303320496e69743a323032342d332d333120353a333320557074696d653a32333536333737204d41433a333838413231304545363737205350433a312830292041584c3a32204f42443a3020424c3a312e31302042543a34', 'cdt': 1714222146000}, 'parm6': {'v': 131, 'cdt': 1714218339000}, 'protocol': {'v': 'FMB120', 'cdt': 1714222113000}, 'iPwrV': {'v': 4, 'cdt': 1714226401000}, 'event': {'v': 0, 'cdt': 1711868960000}}, 'prms': {'protocol': 'FMB120', 'priority': 0, 'sat': 14, 'event': 0, 'di1': 1, 'output1': 0, 'di2': 0, 'output2': 0, 'ePwrV': 13.945, 'Speed': 6, 'parm24': 6, 'iPwrV': 4, 'ai1': 131, 'parm6': 131}, 'devPrms': ['Speed', 'output1', 'output2', 'ePwrV', 'parm24', 'sat', 'ai1', 'priority', 'di2', 'type', 'di1', 'result', 'protocol', 'parm6', 'iPwrV', 'event'], 'old_params': {'protocol': 'FMB120', 'priority': 0, 'sat': 14, 'event': 0, 'di1': 1, 'output1': 0, 'di2': 0, 'output2': 0, 'ePwrV': 14.05, 'Speed': 20, 'parm24': 20, 'iPwrV': 4, 'ai1': 131, 'parm6': 131}, 'vLoc': 1, 'vCon': 1, 'ip': '51.36.4.15', 'rl': 0.0418, 'trl': 47608.5034, 'mdu': 10, 'tmdu': 6019438, 'eidl': 0, 'teidl': 3184527, 'fc': 0.005016, 'tfc': 1.740348, 'acc': 1, 'accOn': 648827703, 'accOff': 27225469, 'sdu': 0, 'tsdu': 0, 'lat': 27.9165083, 'lng': 48.6693933}, 'counters': {'odometer_type': 'gps', 'odometer': 65004.7966, 'engine_hours_type': 'acc', 'engine_hours': 648827703, 'last_acc': 1}, 'is_wasl_connected': 'Not Connected', 'iconUrl': 'https://api.afaqy.sa/images/units/icons/icon.png', 'hasCCTV': False}
[2024-04-27T14:00:51.143+0000] {warnings.py:109} WARNING - /home/***/.local/lib/python3.8/site-packages/elasticsearch/_sync/client/__init__.py:399: SecurityWarning: Connecting to 'https://dbelk1.afaqy.local:9200' using TLS with verify_certs=False is insecure
  _transport = transport_class(

[2024-04-27T14:00:51.341+0000] {warnings.py:109} WARNING - /home/***/.local/lib/python3.8/site-packages/elasticsearch/_sync/client/__init__.py:399: SecurityWarning: Connecting to 'https://dbelk2.afaqy.local:9200' using TLS with verify_certs=False is insecure
  _transport = transport_class(

[2024-04-27T14:00:51.540+0000] {warnings.py:109} WARNING - /home/***/.local/lib/python3.8/site-packages/elasticsearch/_sync/client/__init__.py:399: SecurityWarning: Connecting to 'https://dbelk3.afaqy.local:9200' using TLS with verify_certs=False is insecure
  _transport = transport_class(

[2024-04-27T14:00:51.580+0000] {warnings.py:109} WARNING - /home/***/.local/lib/python3.8/site-packages/urllib3/connectionpool.py:1061: InsecureRequestWarning: Unverified HTTPS request is being made to host 'dbelk1.afaqy.local'. Adding certificate verification is strongly advised. See: https://urllib3.readthedocs.io/en/1.26.x/advanced-usage.html#ssl-warnings
  warnings.warn(

[2024-04-27T14:00:51.710+0000] {_transport.py:335} INFO - GET https://dbelk1.afaqy.local:9200/_cluster/health [status:200 duration:0.158s]
[2024-04-27T14:00:53.122+0000] {warnings.py:109} WARNING - /home/***/.local/lib/python3.8/site-packages/urllib3/connectionpool.py:1061: InsecureRequestWarning: Unverified HTTPS request is being made to host 'dbelk2.afaqy.local'. Adding certificate verification is strongly advised. See: https://urllib3.readthedocs.io/en/1.26.x/advanced-usage.html#ssl-warnings
  warnings.warn(

[2024-04-27T14:00:54.942+0000] {_transport.py:335} INFO - PUT https://dbelk2.afaqy.local:9200/units_statistics_***/_bulk [status:200 duration:1.840s]
[2024-04-27T14:00:55.311+0000] {python.py:202} INFO - Done. Returned value was: None
[2024-04-27T14:00:55.334+0000] {taskinstance.py:1149} INFO - Marking task as SUCCESS. dag_id=Units_statistics_DAG, task_id=ETL_job, map_index=9, execution_date=20240427T134000, start_date=20240427T140020, end_date=20240427T140055
[2024-04-27T14:00:55.412+0000] {local_task_job_runner.py:234} INFO - Task exited with return code 0
[2024-04-27T14:00:55.446+0000] {taskinstance.py:3312} INFO - 0 downstream tasks scheduled from follow-on schedule check
