[2024-05-13T11:40:22.408+0000] {local_task_job_runner.py:120} INFO - ::group::Pre task execution logs
[2024-05-13T11:40:22.501+0000] {taskinstance.py:2076} INFO - Dependencies all met for dep_context=non-requeueable deps ti=<TaskInstance: Units_statistics_DAG.ETL_job scheduled__2024-05-13T11:20:00+00:00 map_index=13 [queued]>
[2024-05-13T11:40:22.545+0000] {taskinstance.py:2076} INFO - Dependencies all met for dep_context=requeueable deps ti=<TaskInstance: Units_statistics_DAG.ETL_job scheduled__2024-05-13T11:20:00+00:00 map_index=13 [queued]>
[2024-05-13T11:40:22.546+0000] {taskinstance.py:2306} INFO - Starting attempt 1 of 4
[2024-05-13T11:40:22.617+0000] {taskinstance.py:2330} INFO - Executing <Mapped(_PythonDecoratedOperator): ETL_job> on 2024-05-13 11:20:00+00:00
[2024-05-13T11:40:22.648+0000] {warnings.py:110} WARNING - /home/***/.local/lib/python3.12/site-packages/***/task/task_runner/standard_task_runner.py:61: DeprecationWarning: This process (pid=18054) is multi-threaded, use of fork() may lead to deadlocks in the child.
  pid = os.fork()

[2024-05-13T11:40:22.681+0000] {standard_task_runner.py:63} INFO - Started process 18068 to run task
[2024-05-13T11:40:22.703+0000] {standard_task_runner.py:90} INFO - Running: ['***', 'tasks', 'run', 'Units_statistics_DAG', 'ETL_job', 'scheduled__2024-05-13T11:20:00+00:00', '--job-id', '55789', '--raw', '--subdir', 'DAGS_FOLDER/Units_dag.py', '--cfg-path', '/tmp/tmpi5sowh_r', '--map-index', '13']
[2024-05-13T11:40:22.705+0000] {standard_task_runner.py:91} INFO - Job 55789: Subtask ETL_job
[2024-05-13T11:40:23.013+0000] {task_command.py:426} INFO - Running <TaskInstance: Units_statistics_DAG.ETL_job scheduled__2024-05-13T11:20:00+00:00 map_index=13 [running]> on host 7138d7e072c5
[2024-05-13T11:40:23.682+0000] {taskinstance.py:2648} INFO - Exporting env vars: AIRFLOW_CTX_DAG_OWNER='abeer-araby' AIRFLOW_CTX_DAG_ID='Units_statistics_DAG' AIRFLOW_CTX_TASK_ID='ETL_job' AIRFLOW_CTX_EXECUTION_DATE='2024-05-13T11:20:00+00:00' AIRFLOW_CTX_TRY_NUMBER='1' AIRFLOW_CTX_DAG_RUN_ID='scheduled__2024-05-13T11:20:00+00:00'
[2024-05-13T11:40:23.683+0000] {taskinstance.py:430} INFO - ::endgroup::
[2024-05-13T11:40:23.684+0000] {Units_dag.py:98} INFO - i: 130000, chunk: 10000
[2024-05-13T11:40:23.685+0000] {Units_dag.py:99} INFO - child token is::: eyJ0eXAiOiJKV1QiLCJhbGciOiJIUzI1NiJ9.eyJpc3MiOiJodHRwczovL2FwaS5hZmFxeS5zYS9hdXRoL2xvZ2luX2FzIiwiaWF0IjoxNzE1NjAwNDA0LCJleHAiOjE3MTgxOTI0MDQsIm5iZiI6MTcxNTYwMDQwNCwianRpIjoib0tYU1BYdVl4WnlnTTQyUSIsInN1YiI6IjVkNjNlNTFlMDNlZDUyOTJhNDJjMjRlNiIsInBydiI6IjI3MGVjZmM3ZWEzZWQ5MzdlYTg0OTM2MmEzYTUwOTEwYzZkOGNlNGYiLCJsb2dpbl9hc19pZCI6IjY1N2YwYWQ3M2Y5NzcyOTVjZjA1NTc2YSJ9.UnDj3awc4EZhg61q4y2MPMy4xrQllVw0EM8cYuoAcP0
[2024-05-13T11:41:00.175+0000] {Units_dag.py:103} INFO - {'_id': '6511933283058411385904b2', 'icon': 'icons/icon.png', 'driver_id': '', 'tailer_id': '', 'profile': {'vehicle_type': '', 'measurement_type': 'count', 'max_capacity': 0, 'vin': '', 'plate_number': '', 'start_operation': '', 'contract_milage': '', 'opening_milage': '', 'model': '', 'fuel_type': '91', 'year': 0, 'seats': 2}, 'shipment_info': {'product_category': None, 'truck_type': None, 'shipment_type': None, 'shipment_payment_type': None, 'transporter_type': None, 'operating_area': None, 'weight_kilograms_per_day': None, 'kms_per_day': None, 'shipment_trip_drive_hrs_day': None, 'allowable_delay_drive_hrs_day': None, 'expected_shipment_trip_day': None, 'car_pay_per_day': None, 'exceeding_temperature_limit_per_day': None, 'temperature_upper_limit': None, 'exceeding_humidity_limit_per_day': None, 'humidity_upper_limit': None}, 'device_password': '***', 'device_type': 'gps', 'gateway': False, 'business_types': {'waste': False, 'transportation': True, 'water': False}, 'name': '8235 ر ط ب', 'operation_code': '2fad1edc-4cd8-410c-8c86-c6b3ffe21613', 'device_gateway': '', 'skip_sim_information': False, 'imei': '867994060796121', 'sim_number': '+966830032001684', 'sim_serial': '421296782451', 'device_serial': '867994060796121', 'device': 'bce', 'user_id': '5f0d614303ed52b67f28d078', 'created_by': '5e6655bf03ed52e1ab79d301', 'updated_at': '2024-04-18 11:18:59', 'created_at': '2023-09-25 17:03:30', 'custom_fields': [], 'creator': 'amr.ahmed', 'company': '', 'owner': 'alwefaq-idrive', 'last_update': {'dtt': 1704197192000, 'dts': 1704197197594, 'spd': 0, 'ang': 138, 'alt': 18, 'chPrams': {'ePwrV': {'v': 12.049, 'cdt': 1704197192000}, 'di16': {'v': 1, 'cdt': 1702986674000}, 'di15': {'v': 0, 'cdt': 1695209142000}, 'rssi1': {'v': 55, 'cdt': 1704197184000}, 'di14': {'v': 0, 'cdt': 1704184744000}, 'di13': {'v': 0, 'cdt': 1703482072000}, 'di12': {'v': 0, 'cdt': 1702986674000}, 'di11': {'v': 0, 'cdt': 1702986674000}, 'di10': {'v': 0, 'cdt': 1695209142000}, 'di2': {'v': 0, 'cdt': 1702986674000}, 'di1': {'v': 0, 'cdt': 1704192872000}, 'ai4': {'v': 309, 'cdt': 1704197192000}, 'di4': {'v': 0, 'cdt': 1702986674000}, 'di3': {'v': 0, 'cdt': 1702986674000}, 'di6': {'v': 0, 'cdt': 1702986674000}, 'di5': {'v': 1, 'cdt': 1704197064000}, 'lac1': {'v': 12101, 'cdt': 1704184220000}, 'protocol': {'v': 'bce', 'cdt': 1702986674000}, 'di8': {'v': 1, 'cdt': 1702988474000}, 'di7': {'v': 0, 'cdt': 1704193174000}, 'di9': {'v': 0, 'cdt': 1702986674000}, 'iPwrV': {'v': 4.109, 'cdt': 1704196926000}, 'humidity': {'v': -1, 'cdt': 1702988474000}, 'cid1': {'v': 13093, 'cdt': 1704191834000}, 'temp': {'v': -273, 'cdt': 1701829474000}, 'odometer': {'v': 0, 'cdt': 1704197192000}, 'spd': {'v': 0, 'cdt': 1704184774000}, 'sat': {'v': 6, 'cdt': 1704197192000}, 'hdop': {'v': 1, 'cdt': 1704197060000}, 'ta': {'v': 0, 'cdt': 1702988474000}, 'mcc1': {'v': 420, 'cdt': 1702825820000}, 'mnc1': {'v': 4, 'cdt': 1703686822000}}, 'prms': {'protocol': 'bce', 'spd': 0, 'sat': 6, 'hdop': 1, 'odometer': 0, 'di16': 1, 'di15': 0, 'di14': 0, 'di13': 0, 'di12': 0, 'di11': 0, 'di10': 0, 'di9': 0, 'di8': 1, 'di7': 0, 'di6': 0, 'di5': 1, 'di4': 0, 'di3': 0, 'di2': 0, 'di1': 0, 'ePwrV': 12.049, 'ai4': 309, 'iPwrV': 4.109, 'ta': 0, 'mcc1': 420, 'mnc1': 4, 'lac1': 12101, 'cid1': 13093, 'rssi1': 55}, 'devPrms': ['protocol', 'spd', 'sat', 'hdop', 'odometer', 'di16', 'di15', 'di14', 'di13', 'di12', 'di11', 'di10', 'di9', 'di8', 'di7', 'di6', 'di5', 'di4', 'di3', 'di2', 'di1', 'ePwrV', 'ai4', 'iPwrV', 'ta', 'mcc1', 'mnc1', 'lac1', 'cid1', 'rssi1'], 'old_params': {'protocol': 'bce', 'spd': 0, 'sat': 5, 'hdop': 1, 'odometer': 1117507293, 'di16': 1, 'di15': 0, 'di14': 0, 'di13': 0, 'di12': 0, 'di11': 0, 'di10': 0, 'di9': 0, 'di8': 1, 'di7': 0, 'di6': 0, 'di5': 1, 'di4': 0, 'di3': 0, 'di2': 0, 'di1': 0, 'ePwrV': 12.076, 'ai4': 320, 'iPwrV': 4.109, 'ta': 0, 'mcc1': 420, 'mnc1': 4, 'lac1': 12101, 'cid1': 13093, 'rssi1': 55}, 'vLoc': 1, 'vCon': 1, 'ip': '51.39.144.157', 'rl': 0, 'trl': 9313.4673, 'mdu': 0, 'tmdu': 460294, 'eidl': 8, 'teidl': 156620, 'fc': 0, 'tfc': 3.34507, 'acc': 1, 'accOn': 802864, 'accOff': 8272880, 'sdu': 0, 'tsdu': 0, 'lat': 26.409231185913086, 'lng': 50.1376838684082}, 'counters': {'odometer_type': 'gps', 'odometer': 9331.47, 'engine_hours_type': 'acc', 'engine_hours': 802872, 'last_acc': None}, 'is_wasl_connected': 'Not Connected', 'iconUrl': 'https://api.afaqy.sa/images/units/icons/icon.png', 'hasCCTV': False}
[2024-05-13T11:41:03.101+0000] {warnings.py:110} WARNING - /home/***/.local/lib/python3.12/site-packages/elasticsearch/_sync/client/__init__.py:399: SecurityWarning: Connecting to 'https://dbelk2.afaqy.local:9200' using TLS with verify_certs=False is insecure
  _transport = transport_class(

[2024-05-13T11:41:03.277+0000] {warnings.py:110} WARNING - /home/***/.local/lib/python3.12/site-packages/elasticsearch/_sync/client/__init__.py:399: SecurityWarning: Connecting to 'https://dbelk1.afaqy.local:9200' using TLS with verify_certs=False is insecure
  _transport = transport_class(

[2024-05-13T11:41:03.532+0000] {warnings.py:110} WARNING - /home/***/.local/lib/python3.12/site-packages/elasticsearch/_sync/client/__init__.py:399: SecurityWarning: Connecting to 'https://dbelk3.afaqy.local:9200' using TLS with verify_certs=False is insecure
  _transport = transport_class(

[2024-05-13T11:41:03.583+0000] {warnings.py:110} WARNING - /home/***/.local/lib/python3.12/site-packages/urllib3/connectionpool.py:1103: InsecureRequestWarning: Unverified HTTPS request is being made to host 'dbelk2.afaqy.local'. Adding certificate verification is strongly advised. See: https://urllib3.readthedocs.io/en/latest/advanced-usage.html#tls-warnings
  warnings.warn(

[2024-05-13T11:41:03.677+0000] {_transport.py:349} INFO - GET https://dbelk2.afaqy.local:9200/_cluster/health [status:200 duration:0.131s]
[2024-05-13T11:41:19.221+0000] {warnings.py:110} WARNING - /home/***/.local/lib/python3.12/site-packages/urllib3/connectionpool.py:1103: InsecureRequestWarning: Unverified HTTPS request is being made to host 'dbelk1.afaqy.local'. Adding certificate verification is strongly advised. See: https://urllib3.readthedocs.io/en/latest/advanced-usage.html#tls-warnings
  warnings.warn(

[2024-05-13T11:41:20.736+0000] {_transport.py:349} INFO - PUT https://dbelk1.afaqy.local:9200/units_statistics_***/_bulk [status:200 duration:1.563s]
[2024-05-13T11:41:20.971+0000] {python.py:237} INFO - Done. Returned value was: None
[2024-05-13T11:41:20.972+0000] {taskinstance.py:441} INFO - ::group::Post task execution logs
[2024-05-13T11:41:20.990+0000] {taskinstance.py:1206} INFO - Marking task as SUCCESS. dag_id=Units_statistics_DAG, task_id=ETL_job, run_id=scheduled__2024-05-13T11:20:00+00:00, map_index=13, execution_date=20240513T112000, start_date=20240513T114022, end_date=20240513T114120
[2024-05-13T11:41:21.059+0000] {local_task_job_runner.py:240} INFO - Task exited with return code 0
[2024-05-13T11:41:21.087+0000] {taskinstance.py:3498} INFO - 0 downstream tasks scheduled from follow-on schedule check
[2024-05-13T11:41:21.089+0000] {local_task_job_runner.py:222} INFO - ::endgroup::
