[2024-05-05T13:40:50.873+0000] {taskinstance.py:1979} INFO - Dependencies all met for dep_context=non-requeueable deps ti=<TaskInstance: Units_statistics_DAG.ETL_job scheduled__2024-05-05T13:20:00+00:00 map_index=16 [queued]>
[2024-05-05T13:40:50.895+0000] {taskinstance.py:1979} INFO - Dependencies all met for dep_context=requeueable deps ti=<TaskInstance: Units_statistics_DAG.ETL_job scheduled__2024-05-05T13:20:00+00:00 map_index=16 [queued]>
[2024-05-05T13:40:50.895+0000] {taskinstance.py:2193} INFO - Starting attempt 1 of 4
[2024-05-05T13:40:50.938+0000] {taskinstance.py:2217} INFO - Executing <Mapped(_PythonDecoratedOperator): ETL_job> on 2024-05-05 13:20:00+00:00
[2024-05-05T13:40:50.960+0000] {standard_task_runner.py:60} INFO - Started process 783729 to run task
[2024-05-05T13:40:50.958+0000] {standard_task_runner.py:87} INFO - Running: ['***', 'tasks', 'run', 'Units_statistics_DAG', 'ETL_job', 'scheduled__2024-05-05T13:20:00+00:00', '--job-id', '33401', '--raw', '--subdir', 'DAGS_FOLDER/Units_dag.py', '--cfg-path', '/tmp/tmpdpeo_o5y', '--map-index', '16']
[2024-05-05T13:40:50.976+0000] {standard_task_runner.py:88} INFO - Job 33401: Subtask ETL_job
[2024-05-05T13:40:51.138+0000] {task_command.py:423} INFO - Running <TaskInstance: Units_statistics_DAG.ETL_job scheduled__2024-05-05T13:20:00+00:00 map_index=16 [running]> on host a09da322e808
[2024-05-05T13:40:51.400+0000] {taskinstance.py:2513} INFO - Exporting env vars: AIRFLOW_CTX_DAG_OWNER='abeer-araby' AIRFLOW_CTX_DAG_ID='Units_statistics_DAG' AIRFLOW_CTX_TASK_ID='ETL_job' AIRFLOW_CTX_EXECUTION_DATE='2024-05-05T13:20:00+00:00' AIRFLOW_CTX_TRY_NUMBER='1' AIRFLOW_CTX_DAG_RUN_ID='scheduled__2024-05-05T13:20:00+00:00'
[2024-05-05T13:40:51.402+0000] {Units_dag.py:99} INFO - i: 160000, chunk: 10000
[2024-05-05T13:40:51.402+0000] {Units_dag.py:100} INFO - child token is::: eyJ0eXAiOiJKV1QiLCJhbGciOiJIUzI1NiJ9.eyJpc3MiOiJodHRwczovL2FwaS5hZmFxeS5zYS9hdXRoL2xvZ2luX2FzIiwiaWF0IjoxNzE0OTE2NDAzLCJleHAiOjE3MTc1MDg0MDMsIm5iZiI6MTcxNDkxNjQwMywianRpIjoiTWlNUGpOZzU2ajZzVmVHeSIsInN1YiI6IjVkNjNlNTFlMDNlZDUyOTJhNDJjMjRlNiIsInBydiI6IjI3MGVjZmM3ZWEzZWQ5MzdlYTg0OTM2MmEzYTUwOTEwYzZkOGNlNGYiLCJsb2dpbl9hc19pZCI6IjY1N2YwYWQ3M2Y5NzcyOTVjZjA1NTc2YSJ9.PVXQQA0joF2kJ9VoehIMxuykToE1M5Zci5P90I3cTh0
[2024-05-05T13:41:08.123+0000] {Units_dag.py:104} INFO - {'_id': '65ed91653cda1658750a59b6', 'icon': 'icons/icon.png', 'driver_id': '', 'tailer_id': '', 'profile': {'vehicle_type': '', 'measurement_type': 'count', 'max_capacity': 0, 'vin': '', 'plate_number': '', 'start_operation': '', 'contract_milage': '', 'opening_milage': '', 'model': '', 'fuel_type': '91', 'year': 0, 'seats': 2}, 'shipment_info': {'product_category': None, 'truck_type': None, 'shipment_type': None, 'shipment_payment_type': None, 'transporter_type': None, 'operating_area': None, 'weight_kilograms_per_day': None, 'kms_per_day': None, 'shipment_trip_drive_hrs_day': None, 'allowable_delay_drive_hrs_day': None, 'expected_shipment_trip_day': None, 'car_pay_per_day': None, 'exceeding_temperature_limit_per_day': None, 'temperature_upper_limit': None, 'exceeding_humidity_limit_per_day': None, 'humidity_upper_limit': None}, 'device_password': '***', 'device_type': 'gps', 'gateway': False, 'business_types': {'waste': False, 'transportation': True, 'water': False, 'hajj': False}, 'name': '5262 B X B', 'operation_code': '', 'device_gateway': '', 'skip_sim_information': False, 'imei': '866069061928576', 'sim_number': '+966830021055714', 'sim_serial': '8996609821112128233', 'device_serial': '1135606527', 'device': 'teltonika', 'user_id': '65e9e39d018f121766081692', 'created_by': '5e6655bf03ed52e1ab79d301', 'updated_at': '2024-04-18 11:18:59', 'created_at': '2024-03-10 13:54:29', 'custom_fields': [], 'creator': 'amr.ahmed', 'company': '', 'owner': 'loga-admin', 'last_update': {'dtt': 1714916449000, 'dts': 1714916451097, 'spd': 23, 'ang': 183, 'alt': 2028, 'chPrams': {'Speed': {'v': 23, 'cdt': 1714916449000}, 'output1': {'v': False, 'cdt': 1714915424000}, 'motion': {'v': True, 'cdt': 1714915955000}, 'ePwrV': {'v': 14.153, 'cdt': 1714916449000}, 'parm24': {'v': 23, 'cdt': 1714916449000}, 'sat': {'v': 13, 'cdt': 1714916449000}, 'ai1': {'v': 0, 'cdt': 1714853317000}, 'priority': {'v': 0, 'cdt': 1714915955000}, 'type': {'v': 6, 'cdt': 1712660142000}, 'di1': {'v': 1, 'cdt': 1714915952000}, 'result': {'v': '5665723a30332e32382e30325f313937204750533a41584e5f352e312e392048773a464d43393230204d6f643a3120494d45493a38363630363930363139323835373620496e69743a323032342d332d31302031323a343920557074696d653a34383332313333204d41433a333838413231393135323233205350433a312830292041584c3a31204f42443a3020424c3a312e31302042543a34', 'cdt': 1714915725000}, 'parm247': {'v': 1, 'cdt': 1712703904091}, 'protocol': {'v': 'FMC920', 'cdt': 1714915424000}, 'iPwrV': {'v': 3.9530000000000003, 'cdt': 1714911353000}, 'event': {'v': 0, 'cdt': 1714915958000}}, 'prms': {'protocol': 'FMC920', 'priority': 0, 'sat': 13, 'event': 0, 'di1': 1, 'motion': 1, 'output1': 0, 'ePwrV': 14.153, 'Speed': 23, 'parm24': 23, 'iPwrV': 3.9530000000000003, 'ai1': 0}, 'devPrms': ['Speed', 'output1', 'motion', 'ePwrV', 'parm24', 'sat', 'ai1', 'priority', 'type', 'di1', 'result', 'protocol', 'iPwrV', 'event'], 'old_params': {'protocol': 'FMC920', 'priority': 0, 'sat': 14, 'event': 0, 'di1': 1, 'motion': 1, 'output1': 0, 'ePwrV': 14.169, 'Speed': 35, 'parm24': 35, 'iPwrV': 3.9530000000000003, 'ai1': 0}, 'vLoc': 1, 'vCon': 1, 'ip': '109.83.172.38', 'rl': 0.0462, 'trl': 11675.0062, 'mdu': 6, 'tmdu': 733716, 'eidl': 0, 'teidl': 379970, 'fc': 0.005544, 'tfc': 1.230324, 'acc': 1, 'accOn': 7696146, 'accOff': 634329227, 'sdu': 0, 'tsdu': 0, 'lat': 18.3078016, 'lng': 42.757475}, 'counters': {'engine_hours': 7696146, 'last_acc': 1, 'odometer': 135686.9589, 'engine_hours_type': '', 'odometer_type': 'gps'}, 'is_wasl_connected': 'Not Connected', 'iconUrl': 'https://api.afaqy.sa/images/units/icons/icon.png', 'hasCCTV': False}
[2024-05-05T13:41:08.634+0000] {warnings.py:109} WARNING - /home/***/.local/lib/python3.8/site-packages/elasticsearch/_sync/client/__init__.py:399: SecurityWarning: Connecting to 'https://dbelk1.afaqy.local:9200' using TLS with verify_certs=False is insecure
  _transport = transport_class(

[2024-05-05T13:41:08.677+0000] {warnings.py:109} WARNING - /home/***/.local/lib/python3.8/site-packages/elasticsearch/_sync/client/__init__.py:399: SecurityWarning: Connecting to 'https://dbelk2.afaqy.local:9200' using TLS with verify_certs=False is insecure
  _transport = transport_class(

[2024-05-05T13:41:08.720+0000] {warnings.py:109} WARNING - /home/***/.local/lib/python3.8/site-packages/elasticsearch/_sync/client/__init__.py:399: SecurityWarning: Connecting to 'https://dbelk3.afaqy.local:9200' using TLS with verify_certs=False is insecure
  _transport = transport_class(

[2024-05-05T13:41:08.750+0000] {warnings.py:109} WARNING - /home/***/.local/lib/python3.8/site-packages/urllib3/connectionpool.py:1061: InsecureRequestWarning: Unverified HTTPS request is being made to host 'dbelk1.afaqy.local'. Adding certificate verification is strongly advised. See: https://urllib3.readthedocs.io/en/1.26.x/advanced-usage.html#ssl-warnings
  warnings.warn(

[2024-05-05T13:41:08.822+0000] {_transport.py:335} INFO - GET https://dbelk1.afaqy.local:9200/_cluster/health [status:200 duration:0.101s]
[2024-05-05T13:41:09.190+0000] {warnings.py:109} WARNING - /home/***/.local/lib/python3.8/site-packages/urllib3/connectionpool.py:1061: InsecureRequestWarning: Unverified HTTPS request is being made to host 'dbelk2.afaqy.local'. Adding certificate verification is strongly advised. See: https://urllib3.readthedocs.io/en/1.26.x/advanced-usage.html#ssl-warnings
  warnings.warn(

[2024-05-05T13:41:12.094+0000] {_transport.py:335} INFO - PUT https://dbelk2.afaqy.local:9200/units_statistics_***/_bulk [status:200 duration:2.922s]
[2024-05-05T13:41:12.446+0000] {python.py:202} INFO - Done. Returned value was: None
[2024-05-05T13:41:12.465+0000] {taskinstance.py:1149} INFO - Marking task as SUCCESS. dag_id=Units_statistics_DAG, task_id=ETL_job, map_index=16, execution_date=20240505T132000, start_date=20240505T134050, end_date=20240505T134112
[2024-05-05T13:41:12.546+0000] {local_task_job_runner.py:234} INFO - Task exited with return code 0
[2024-05-05T13:41:12.577+0000] {taskinstance.py:3312} INFO - 0 downstream tasks scheduled from follow-on schedule check
