[2024-05-10T01:00:14.772+0000] {taskinstance.py:1979} INFO - Dependencies all met for dep_context=non-requeueable deps ti=<TaskInstance: Units_statistics_DAG.ETL_job scheduled__2024-05-10T00:40:00+00:00 map_index=14 [queued]>
[2024-05-10T01:00:14.887+0000] {taskinstance.py:1979} INFO - Dependencies all met for dep_context=requeueable deps ti=<TaskInstance: Units_statistics_DAG.ETL_job scheduled__2024-05-10T00:40:00+00:00 map_index=14 [queued]>
[2024-05-10T01:00:14.888+0000] {taskinstance.py:2193} INFO - Starting attempt 1 of 4
[2024-05-10T01:00:15.059+0000] {taskinstance.py:2217} INFO - Executing <Mapped(_PythonDecoratedOperator): ETL_job> on 2024-05-10 00:40:00+00:00
[2024-05-10T01:00:15.112+0000] {standard_task_runner.py:60} INFO - Started process 900728 to run task
[2024-05-10T01:00:15.200+0000] {standard_task_runner.py:87} INFO - Running: ['***', 'tasks', 'run', 'Units_statistics_DAG', 'ETL_job', 'scheduled__2024-05-10T00:40:00+00:00', '--job-id', '45974', '--raw', '--subdir', 'DAGS_FOLDER/Units_dag.py', '--cfg-path', '/tmp/tmpbv4vaz70', '--map-index', '14']
[2024-05-10T01:00:15.211+0000] {standard_task_runner.py:88} INFO - Job 45974: Subtask ETL_job
[2024-05-10T01:00:15.905+0000] {task_command.py:423} INFO - Running <TaskInstance: Units_statistics_DAG.ETL_job scheduled__2024-05-10T00:40:00+00:00 map_index=14 [running]> on host a09da322e808
[2024-05-10T01:00:16.488+0000] {taskinstance.py:2513} INFO - Exporting env vars: AIRFLOW_CTX_DAG_OWNER='abeer-araby' AIRFLOW_CTX_DAG_ID='Units_statistics_DAG' AIRFLOW_CTX_TASK_ID='ETL_job' AIRFLOW_CTX_EXECUTION_DATE='2024-05-10T00:40:00+00:00' AIRFLOW_CTX_TRY_NUMBER='1' AIRFLOW_CTX_DAG_RUN_ID='scheduled__2024-05-10T00:40:00+00:00'
[2024-05-10T01:00:16.490+0000] {Units_dag.py:98} INFO - i: 140000, chunk: 10000
[2024-05-10T01:00:16.490+0000] {Units_dag.py:99} INFO - child token is::: eyJ0eXAiOiJKV1QiLCJhbGciOiJIUzI1NiJ9.eyJpc3MiOiJodHRwczovL2FwaS5hZmFxeS5zYS9hdXRoL2xvZ2luX2FzIiwiaWF0IjoxNzE1MzAyODAzLCJleHAiOjE3MTc4OTQ4MDMsIm5iZiI6MTcxNTMwMjgwMywianRpIjoiQUxqN0JyY01CdUpHOHFRUyIsInN1YiI6IjVkNjNlNTFlMDNlZDUyOTJhNDJjMjRlNiIsInBydiI6IjI3MGVjZmM3ZWEzZWQ5MzdlYTg0OTM2MmEzYTUwOTEwYzZkOGNlNGYiLCJsb2dpbl9hc19pZCI6IjY1N2YwYWQ3M2Y5NzcyOTVjZjA1NTc2YSJ9.ZpRJT-sqGzGzftI4KbAIRsMHgOGB5lfsw8CDGPLjhVA
[2024-05-10T01:00:43.123+0000] {Units_dag.py:103} INFO - {'_id': '6550c63e0a37c10188088726', 'icon': 'icons/icon.png', 'driver_id': '', 'tailer_id': '', 'profile': {'measurement_type': 'count', 'fuel_type': '91', 'year': 0, 'seats': 2}, 'shipment_info': {'product_category': '', 'truck_type': '', 'shipment_type': '', 'shipment_payment_type': '', 'transporter_type': '', 'operating_area': '', 'weight_kilograms_per_day': '', 'kms_per_day': '', 'opening_milage': '', 'shipment_trip_drive_hrs_day': '', 'expected_shipment_trip_day': '', 'car_pay_per_day': '', 'exceeding_temperature_limit_per_day': '', 'temperature_upper_limit': '', 'exceeding_humidity_limit_per_day': '', 'humidity_upper_limit': '', 'allowable_delay_drive_hrs_day': ''}, 'device_password': '***', 'device_type': 'gps', 'gateway': False, 'business_types': {'waste': False, 'transportation': True, 'water': False}, 'name': '6368AUA', 'operation_code': None, 'device_gateway': None, 'skip_sim_information': False, 'imei': '863719060953834', 'sim_number': '+966830023515427', 'sim_serial': '8996609821112125527', 'device_serial': '1132774978', 'device': 'teltonika', 'user_id': '652e49a88762863226039b27', 'created_by': '5e6655bf03ed52e1ab79d301', 'updated_at': '2024-04-18 11:18:59', 'created_at': '2023-11-12 15:34:06', 'custom_fields': [], 'creator': 'amr.ahmed', 'company': '', 'owner': 'saveto-contracting-admin', 'last_update': {'dtt': 1703705285000, 'dts': 1703705288691, 'spd': 0, 'ang': 4, 'alt': 560, 'chPrams': {'Speed': {'v': 0, 'cdt': 1703571889000}, 'output1': {'v': False, 'cdt': 1703704985000}, 'output2': {'v': False, 'cdt': 1703704985000}, 'ePwrV': {'v': 8.975, 'cdt': 1703705285000}, 'parm24': {'v': 0, 'cdt': 1703571889000}, 'sat': {'v': 19, 'cdt': 1703704985000}, 'ai1': {'v': 218, 'cdt': 1701511800000}, 'priority': {'v': 0, 'cdt': 1701511800000}, 'di2': {'v': 0, 'cdt': 1701511800000}, 'type': {'v': 6, 'cdt': 1702456171000}, 'di1': {'v': 0, 'cdt': 1703571918000}, 'result': {'v': '5665723a30332e32372e31335f343433204750533a41584e5f352e312e392048773a464d43313330204d6f643a3420494d45493a38363337313930363039353338333420496e69743a323032332d31322d323620353a3920557074696d653a313337363435204d41433a323946344645413836323631205350433a312830292041584c3a32204f42443a3020424c3a312e31302042543a34', 'cdt': 1703704684000}, 'protocol': {'v': 'FMC130', 'cdt': 1703704985000}, 'parm6': {'v': 218, 'cdt': 1703567440000}, 'iPwrV': {'v': 3.35, 'cdt': 1703705285000}, 'event': {'v': 0, 'cdt': 1701511800000}}, 'prms': {'protocol': 'FMC130', 'priority': 0, 'sat': 19, 'event': 0, 'di1': 0, 'output1': 0, 'di2': 0, 'output2': 0, 'ePwrV': 8.975, 'Speed': 0, 'parm24': 0, 'iPwrV': 3.35, 'ai1': 218, 'parm6': 218}, 'devPrms': ['Speed', 'output1', 'output2', 'ePwrV', 'parm24', 'sat', 'ai1', 'priority', 'di2', 'type', 'di1', 'result', 'protocol', 'parm6', 'iPwrV', 'event'], 'old_params': {'protocol': 'FMC130', 'priority': 0, 'sat': 19, 'event': 0, 'di1': 0, 'output1': 0, 'di2': 0, 'output2': 0, 'ePwrV': 9.026, 'Speed': 0, 'parm24': 0, 'iPwrV': 3.3970000000000002, 'ai1': 218, 'parm6': 218}, 'vLoc': 1, 'vCon': 1, 'ip': '37.216.23.53', 'rl': 0, 'trl': 0.463, 'mdu': 0, 'tmdu': 82, 'eidl': 0, 'teidl': 6402, 'fc': 0, 'tfc': 0.03965, 'acc': 0, 'accOn': 711763, 'accOff': 4087263, 'sdu': 300, 'tsdu': 133367, 'lat': 24.51317, 'lng': 46.93396}, 'counters': {'engine_hours': 711763, 'last_acc': 0, 'odometer': 0.463}, 'is_wasl_connected': 'Not Connected', 'iconUrl': 'https://api.afaqy.sa/images/units/icons/icon.png', 'hasCCTV': False}
[2024-05-10T01:00:44.329+0000] {warnings.py:109} WARNING - /home/***/.local/lib/python3.8/site-packages/elasticsearch/_sync/client/__init__.py:399: SecurityWarning: Connecting to 'https://dbelk3.afaqy.local:9200' using TLS with verify_certs=False is insecure
  _transport = transport_class(

[2024-05-10T01:00:44.386+0000] {warnings.py:109} WARNING - /home/***/.local/lib/python3.8/site-packages/elasticsearch/_sync/client/__init__.py:399: SecurityWarning: Connecting to 'https://dbelk2.afaqy.local:9200' using TLS with verify_certs=False is insecure
  _transport = transport_class(

[2024-05-10T01:00:44.515+0000] {warnings.py:109} WARNING - /home/***/.local/lib/python3.8/site-packages/elasticsearch/_sync/client/__init__.py:399: SecurityWarning: Connecting to 'https://dbelk1.afaqy.local:9200' using TLS with verify_certs=False is insecure
  _transport = transport_class(

[2024-05-10T01:00:44.568+0000] {warnings.py:109} WARNING - /home/***/.local/lib/python3.8/site-packages/urllib3/connectionpool.py:1061: InsecureRequestWarning: Unverified HTTPS request is being made to host 'dbelk3.afaqy.local'. Adding certificate verification is strongly advised. See: https://urllib3.readthedocs.io/en/1.26.x/advanced-usage.html#ssl-warnings
  warnings.warn(

[2024-05-10T01:00:44.659+0000] {_transport.py:335} INFO - GET https://dbelk3.afaqy.local:9200/_cluster/health [status:200 duration:0.134s]
[2024-05-10T01:00:45.324+0000] {warnings.py:109} WARNING - /home/***/.local/lib/python3.8/site-packages/urllib3/connectionpool.py:1061: InsecureRequestWarning: Unverified HTTPS request is being made to host 'dbelk2.afaqy.local'. Adding certificate verification is strongly advised. See: https://urllib3.readthedocs.io/en/1.26.x/advanced-usage.html#ssl-warnings
  warnings.warn(

[2024-05-10T01:00:45.371+0000] {_transport.py:335} INFO - PUT https://dbelk2.afaqy.local:9200/units_statistics_***/_bulk [status:429 duration:0.071s]
[2024-05-10T01:00:45.371+0000] {_node_pool.py:249} WARNING - Node <Urllib3HttpNode(https://dbelk2.afaqy.local:9200)> has failed for 1 times in a row, putting on 1 second timeout
[2024-05-10T01:00:45.372+0000] {_transport.py:427} WARNING - Retrying request after non-successful status 429 (attempt 0 of 3)
[2024-05-10T01:00:45.372+0000] {warnings.py:109} WARNING - /home/***/.local/lib/python3.8/site-packages/urllib3/connectionpool.py:1061: InsecureRequestWarning: Unverified HTTPS request is being made to host 'dbelk3.afaqy.local'. Adding certificate verification is strongly advised. See: https://urllib3.readthedocs.io/en/1.26.x/advanced-usage.html#ssl-warnings
  warnings.warn(

[2024-05-10T01:00:45.522+0000] {_transport.py:335} INFO - PUT https://dbelk3.afaqy.local:9200/units_statistics_***/_bulk [status:200 duration:0.150s]
[2024-05-10T01:00:46.043+0000] {taskinstance.py:2731} ERROR - Task failed with exception
Traceback (most recent call last):
  File "/home/airflow/.local/lib/python3.8/site-packages/airflow/models/taskinstance.py", line 444, in _execute_task
    result = _execute_callable(context=context, **execute_callable_kwargs)
  File "/home/airflow/.local/lib/python3.8/site-packages/airflow/models/taskinstance.py", line 414, in _execute_callable
    return execute_callable(context=context, **execute_callable_kwargs)
  File "/home/airflow/.local/lib/python3.8/site-packages/airflow/decorators/base.py", line 241, in execute
    return_value = super().execute(context)
  File "/home/airflow/.local/lib/python3.8/site-packages/airflow/operators/python.py", line 200, in execute
    return_value = self.execute_callable()
  File "/home/airflow/.local/lib/python3.8/site-packages/airflow/operators/python.py", line 217, in execute_callable
    return self.python_callable(*self.op_args, **self.op_kwargs)
  File "/opt/airflow/dags/Units_dag.py", line 111, in ETL_job
    Elk_client.elk_pushData(Globals.index_name,units_list_update)
  File "/opt/airflow/dags/units_statistics/elk_manager.py", line 69, in elk_pushData
    helpers.bulk(self.elk_client, docs_list, index=index_name, chunk_size=batch)
  File "/home/airflow/.local/lib/python3.8/site-packages/elasticsearch/helpers/actions.py", line 521, in bulk
    for ok, item in streaming_bulk(
  File "/home/airflow/.local/lib/python3.8/site-packages/elasticsearch/helpers/actions.py", line 436, in streaming_bulk
    for data, (ok, info) in zip(
  File "/home/airflow/.local/lib/python3.8/site-packages/elasticsearch/helpers/actions.py", line 355, in _process_bulk_chunk
    yield from gen
  File "/home/airflow/.local/lib/python3.8/site-packages/elasticsearch/helpers/actions.py", line 274, in _process_bulk_chunk_success
    raise BulkIndexError(f"{len(errors)} document(s) failed to index.", errors)
elasticsearch.helpers.BulkIndexError: 10000 document(s) failed to index.
[2024-05-10T01:00:46.056+0000] {taskinstance.py:1149} INFO - Marking task as UP_FOR_RETRY. dag_id=Units_statistics_DAG, task_id=ETL_job, map_index=14, execution_date=20240510T004000, start_date=20240510T010014, end_date=20240510T010046
[2024-05-10T01:00:46.080+0000] {standard_task_runner.py:107} ERROR - Failed to execute job 45974 for task ETL_job (10000 document(s) failed to index.; 900728)
[2024-05-10T01:00:46.136+0000] {local_task_job_runner.py:234} INFO - Task exited with return code 1
[2024-05-10T01:00:46.181+0000] {taskinstance.py:3312} INFO - 0 downstream tasks scheduled from follow-on schedule check
