[2024-05-09T10:21:51.086+0000] {taskinstance.py:1979} INFO - Dependencies all met for dep_context=non-requeueable deps ti=<TaskInstance: Units_statistics_DAG.ETL_job scheduled__2024-05-09T10:00:00+00:00 map_index=11 [queued]>
[2024-05-09T10:21:51.104+0000] {taskinstance.py:1979} INFO - Dependencies all met for dep_context=requeueable deps ti=<TaskInstance: Units_statistics_DAG.ETL_job scheduled__2024-05-09T10:00:00+00:00 map_index=11 [queued]>
[2024-05-09T10:21:51.105+0000] {taskinstance.py:2193} INFO - Starting attempt 2 of 4
[2024-05-09T10:21:51.129+0000] {taskinstance.py:2217} INFO - Executing <Mapped(_PythonDecoratedOperator): ETL_job> on 2024-05-09 10:00:00+00:00
[2024-05-09T10:21:51.139+0000] {standard_task_runner.py:60} INFO - Started process 884415 to run task
[2024-05-09T10:21:51.152+0000] {standard_task_runner.py:87} INFO - Running: ['***', 'tasks', 'run', 'Units_statistics_DAG', 'ETL_job', 'scheduled__2024-05-09T10:00:00+00:00', '--job-id', '44056', '--raw', '--subdir', 'DAGS_FOLDER/Units_dag.py', '--cfg-path', '/tmp/tmp_czk0cs5', '--map-index', '11']
[2024-05-09T10:21:51.156+0000] {standard_task_runner.py:88} INFO - Job 44056: Subtask ETL_job
[2024-05-09T10:21:51.288+0000] {task_command.py:423} INFO - Running <TaskInstance: Units_statistics_DAG.ETL_job scheduled__2024-05-09T10:00:00+00:00 map_index=11 [running]> on host a09da322e808
[2024-05-09T10:21:51.472+0000] {taskinstance.py:2513} INFO - Exporting env vars: AIRFLOW_CTX_DAG_OWNER='abeer-araby' AIRFLOW_CTX_DAG_ID='Units_statistics_DAG' AIRFLOW_CTX_TASK_ID='ETL_job' AIRFLOW_CTX_EXECUTION_DATE='2024-05-09T10:00:00+00:00' AIRFLOW_CTX_TRY_NUMBER='2' AIRFLOW_CTX_DAG_RUN_ID='scheduled__2024-05-09T10:00:00+00:00'
[2024-05-09T10:21:51.474+0000] {Units_dag.py:98} INFO - i: 110000, chunk: 10000
[2024-05-09T10:21:51.475+0000] {Units_dag.py:99} INFO - child token is::: eyJ0eXAiOiJKV1QiLCJhbGciOiJIUzI1NiJ9.eyJpc3MiOiJodHRwczovL2FwaS5hZmFxeS5zYS9hdXRoL2xvZ2luX2FzIiwiaWF0IjoxNzE1MjUwMDAzLCJleHAiOjE3MTc4NDIwMDMsIm5iZiI6MTcxNTI1MDAwMywianRpIjoieGhRQWZTdzhyUmg5Sk1sTCIsInN1YiI6IjVkNjNlNTFlMDNlZDUyOTJhNDJjMjRlNiIsInBydiI6IjI3MGVjZmM3ZWEzZWQ5MzdlYTg0OTM2MmEzYTUwOTEwYzZkOGNlNGYiLCJsb2dpbl9hc19pZCI6IjY1N2YwYWQ3M2Y5NzcyOTVjZjA1NTc2YSJ9.JF3IMIr2C_W2fwfV0qKiSRZZQH8kUlUnGJoI4JoYHNA
[2024-05-09T10:22:10.946+0000] {Units_dag.py:103} INFO - {'_id': '6489c75acc3f8d0f137afcd1', 'icon': 'icons/icon.png', 'driver_id': '', 'tailer_id': '', 'profile': {'measurement_type': 'count', 'fuel_type': '91', 'year': 0, 'seats': 2}, 'device_password': '***', 'device_type': 'gps', 'gateway': False, 'business_types': {'waste': False, 'transportation': True, 'water': False}, 'name': '5676 K R D', 'operation_code': None, 'device_gateway': None, 'skip_sim_information': False, 'imei': '350544501078839', 'sim_number': '+966830031799297', 'sim_serial': '421296734718', 'device_serial': '1125804996', 'device': 'teltonika', 'user_id': '63f61e9243d583709905d032', 'created_by': '5e6655bf03ed52e1ab79d301', 'updated_at': '2024-04-18 11:18:59', 'created_at': '2023-06-14 16:57:46', 'custom_fields': [], 'creator': 'amr.ahmed', 'company': '', 'owner': 'tareq-al-awda-admin', 'last_update': {'dtt': 1715250109000, 'dts': 1715250109976, 'spd': 15, 'ang': 9, 'alt': 647, 'chPrams': {'Speed': {'v': 15, 'cdt': 1715250109000}, 'output1': {'v': False, 'cdt': 1714756723000}, 'output2': {'v': False, 'cdt': 1714756723000}, 'ePwrV': {'v': 13.32, 'cdt': 1715250109000}, 'parm24': {'v': 15, 'cdt': 1715250109000}, 'sat': {'v': 14, 'cdt': 1715250109000}, 'ai1': {'v': 260, 'cdt': 1715250023000}, 'priority': {'v': 0, 'cdt': 1712783205000}, 'type': {'v': 6, 'cdt': 1713152167000}, 'di2': {'v': 0, 'cdt': 1714468944000}, 'di1': {'v': 1, 'cdt': 1715232319000}, 'operator': {'v': 42004, 'cdt': 1714772475000}, 'result': {'v': '5665723a30332e32372e31335f3033204750533a41584e5f352e312e392048773a464d42313230204d6f643a333320494d45493a33353035343435303130373838333920496e69743a323032342d322d323620323a323420557074696d653a35393531303534204d41433a333838413231313735423432205350433a312830292041584c3a32204f42443a3020424c3a312e31302042543a34', 'cdt': 1714876043000}, 'protocol': {'v': 'FMB120', 'cdt': 1714876343000}, 'parm6': {'v': 260, 'cdt': 1714468944000}, 'iPwrV': {'v': 4.031, 'cdt': 1715250109000}, 'event': {'v': 0, 'cdt': 1712783205000}}, 'prms': {'protocol': 'FMB120', 'priority': 0, 'sat': 14, 'event': 0, 'di1': 1, 'output1': 0, 'di2': 0, 'output2': 0, 'ePwrV': 13.32, 'Speed': 15, 'parm24': 15, 'iPwrV': 4.031, 'ai1': 260, 'parm6': 260, 'operator': 42004}, 'devPrms': ['protocol', 'priority', 'sat', 'event', 'di1', 'output1', 'di2', 'output2', 'ePwrV', 'Speed', 'parm24', 'iPwrV', 'ai1', 'parm6', 'operator'], 'old_params': {'protocol': 'FMB120', 'priority': 0, 'sat': 16, 'event': 0, 'di1': 1, 'output1': 0, 'di2': 0, 'output2': 0, 'ePwrV': 13.284, 'Speed': 28, 'parm24': 28, 'iPwrV': 4.0280000000000005, 'ai1': 260, 'parm6': 260, 'operator': 42004}, 'vLoc': 1, 'vCon': 1, 'ip': '51.36.194.45', 'rl': 0.0314, 'trl': 116829.3438, 'mdu': 5, 'tmdu': 5440575, 'eidl': 0, 'teidl': 1516989, 'fc': 0.003768, 'tfc': 807.247896, 'acc': 1, 'accOn': 7078615, 'accOff': 635257657, 'sdu': 0, 'tsdu': 0, 'lat': 26.2005949, 'lng': 44.1290599}, 'counters': {'odometer_type': 'gps', 'odometer': 271859.9852, 'engine_hours_type': 'acc', 'engine_hours': 7078615, 'last_acc': 1}, 'is_wasl_connected': 'Not Connected', 'iconUrl': 'https://api.afaqy.sa/images/units/icons/icon.png', 'hasCCTV': False}
[2024-05-09T10:22:11.877+0000] {warnings.py:109} WARNING - /home/***/.local/lib/python3.8/site-packages/elasticsearch/_sync/client/__init__.py:399: SecurityWarning: Connecting to 'https://dbelk1.afaqy.local:9200' using TLS with verify_certs=False is insecure
  _transport = transport_class(

[2024-05-09T10:22:11.987+0000] {warnings.py:109} WARNING - /home/***/.local/lib/python3.8/site-packages/elasticsearch/_sync/client/__init__.py:399: SecurityWarning: Connecting to 'https://dbelk2.afaqy.local:9200' using TLS with verify_certs=False is insecure
  _transport = transport_class(

[2024-05-09T10:22:12.085+0000] {warnings.py:109} WARNING - /home/***/.local/lib/python3.8/site-packages/elasticsearch/_sync/client/__init__.py:399: SecurityWarning: Connecting to 'https://dbelk3.afaqy.local:9200' using TLS with verify_certs=False is insecure
  _transport = transport_class(

[2024-05-09T10:22:12.117+0000] {warnings.py:109} WARNING - /home/***/.local/lib/python3.8/site-packages/urllib3/connectionpool.py:1061: InsecureRequestWarning: Unverified HTTPS request is being made to host 'dbelk1.afaqy.local'. Adding certificate verification is strongly advised. See: https://urllib3.readthedocs.io/en/1.26.x/advanced-usage.html#ssl-warnings
  warnings.warn(

[2024-05-09T10:22:12.178+0000] {_transport.py:335} INFO - GET https://dbelk1.afaqy.local:9200/_cluster/health [status:200 duration:0.089s]
[2024-05-09T10:22:12.803+0000] {warnings.py:109} WARNING - /home/***/.local/lib/python3.8/site-packages/urllib3/connectionpool.py:1061: InsecureRequestWarning: Unverified HTTPS request is being made to host 'dbelk2.afaqy.local'. Adding certificate verification is strongly advised. See: https://urllib3.readthedocs.io/en/1.26.x/advanced-usage.html#ssl-warnings
  warnings.warn(

[2024-05-09T10:22:14.271+0000] {_transport.py:335} INFO - PUT https://dbelk2.afaqy.local:9200/units_statistics_***/_bulk [status:200 duration:1.487s]
[2024-05-09T10:22:14.453+0000] {python.py:202} INFO - Done. Returned value was: None
[2024-05-09T10:22:14.468+0000] {taskinstance.py:1149} INFO - Marking task as SUCCESS. dag_id=Units_statistics_DAG, task_id=ETL_job, map_index=11, execution_date=20240509T100000, start_date=20240509T102151, end_date=20240509T102214
[2024-05-09T10:22:14.525+0000] {local_task_job_runner.py:234} INFO - Task exited with return code 0
[2024-05-09T10:22:14.552+0000] {taskinstance.py:3312} INFO - 0 downstream tasks scheduled from follow-on schedule check
