[2024-05-07T11:22:06.189+0000] {taskinstance.py:1979} INFO - Dependencies all met for dep_context=non-requeueable deps ti=<TaskInstance: Units_statistics_DAG.ETL_job scheduled__2024-05-07T11:00:00+00:00 map_index=17 [queued]>
[2024-05-07T11:22:06.202+0000] {taskinstance.py:1979} INFO - Dependencies all met for dep_context=requeueable deps ti=<TaskInstance: Units_statistics_DAG.ETL_job scheduled__2024-05-07T11:00:00+00:00 map_index=17 [queued]>
[2024-05-07T11:22:06.202+0000] {taskinstance.py:2193} INFO - Starting attempt 2 of 4
[2024-05-07T11:22:06.223+0000] {taskinstance.py:2217} INFO - Executing <Mapped(_PythonDecoratedOperator): ETL_job> on 2024-05-07 11:00:00+00:00
[2024-05-07T11:22:06.229+0000] {standard_task_runner.py:60} INFO - Started process 832589 to run task
[2024-05-07T11:22:06.241+0000] {standard_task_runner.py:87} INFO - Running: ['***', 'tasks', 'run', 'Units_statistics_DAG', 'ETL_job', 'scheduled__2024-05-07T11:00:00+00:00', '--job-id', '38238', '--raw', '--subdir', 'DAGS_FOLDER/Units_dag.py', '--cfg-path', '/tmp/tmp7xao9h6b', '--map-index', '17']
[2024-05-07T11:22:06.243+0000] {standard_task_runner.py:88} INFO - Job 38238: Subtask ETL_job
[2024-05-07T11:22:06.331+0000] {task_command.py:423} INFO - Running <TaskInstance: Units_statistics_DAG.ETL_job scheduled__2024-05-07T11:00:00+00:00 map_index=17 [running]> on host a09da322e808
[2024-05-07T11:22:06.507+0000] {taskinstance.py:2513} INFO - Exporting env vars: AIRFLOW_CTX_DAG_OWNER='abeer-araby' AIRFLOW_CTX_DAG_ID='Units_statistics_DAG' AIRFLOW_CTX_TASK_ID='ETL_job' AIRFLOW_CTX_EXECUTION_DATE='2024-05-07T11:00:00+00:00' AIRFLOW_CTX_TRY_NUMBER='2' AIRFLOW_CTX_DAG_RUN_ID='scheduled__2024-05-07T11:00:00+00:00'
[2024-05-07T11:22:06.509+0000] {Units_dag.py:98} INFO - i: 170000, chunk: 767
[2024-05-07T11:22:06.510+0000] {Units_dag.py:99} INFO - child token is::: eyJ0eXAiOiJKV1QiLCJhbGciOiJIUzI1NiJ9.eyJpc3MiOiJodHRwczovL2FwaS5hZmFxeS5zYS9hdXRoL2xvZ2luX2FzIiwiaWF0IjoxNzE1MDgwODAzLCJleHAiOjE3MTc2NzI4MDMsIm5iZiI6MTcxNTA4MDgwMywianRpIjoiMTlCVWZyZThYQUNwN1RiMiIsInN1YiI6IjVkNjNlNTFlMDNlZDUyOTJhNDJjMjRlNiIsInBydiI6IjI3MGVjZmM3ZWEzZWQ5MzdlYTg0OTM2MmEzYTUwOTEwYzZkOGNlNGYiLCJsb2dpbl9hc19pZCI6IjY1N2YwYWQ3M2Y5NzcyOTVjZjA1NTc2YSJ9.zwTzRdWqK7ufXPVt-UUO0sS9cKF7Ss9lZNhTg_vPxp0
[2024-05-07T11:22:09.421+0000] {Units_dag.py:103} INFO - {'_id': '6637790ca3936e89b60ba0ff', 'icon': 'icons/icon.png', 'driver_id': '', 'tailer_id': '', 'profile': {'measurement_type': 'count', 'fuel_type': '91', 'year': 0, 'seats': 2}, 'shipment_info': {'product_category': '', 'truck_type': '', 'shipment_type': '', 'shipment_payment_type': '', 'transporter_type': '', 'operating_area': '', 'weight_kilograms_per_day': '', 'kms_per_day': '', 'opening_milage': '', 'shipment_trip_drive_hrs_day': '', 'expected_shipment_trip_day': '', 'car_pay_per_day': '', 'exceeding_temperature_limit_per_day': '', 'temperature_upper_limit': '', 'exceeding_humidity_limit_per_day': '', 'humidity_upper_limit': '', 'allowable_delay_drive_hrs_day': ''}, 'device_password': '***', 'device_type': 'gps', 'gateway': False, 'business_types': {'waste': False, 'transportation': True, 'water': False}, 'name': '867969066787571', 'operation_code': None, 'device_gateway': None, 'skip_sim_information': False, 'custom_fields': [], 'imei': '867969066787571', 'sim_number': '+966830031915329', 'sim_serial': '421296761473', 'device_serial': '867969066787571', 'device': 'bceIotm', 'user_id': '6256d942674c9170c17c2e2b', 'created_by': '5e6655bf03ed52e1ab79d301', 'updated_at': '2024-05-05 12:18:20', 'created_at': '2024-05-05 15:18:20', 'creator': 'amr.ahmed', 'company': 'شركة دله لنقل الحجاج', 'owner': 'dallah-hajj', 'last_update': {'dtt': 1715080900000, 'dts': 1715080905143, 'spd': 0, 'ang': 70, 'alt': 260, 'chPrams': {'acc': {'v': 1, 'cdt': 1715076423000}, 'sensor_8192': {'v': 0, 'cdt': 1714569407000}, 'sensor_16386': {'v': 351, 'cdt': 1715080840000}, 'sensor_170': {'v': 0, 'cdt': 1715076430000}, 'fw_name': {'v': 'QF0_01_128', 'cdt': 1715076427000}, 'sensor_16385': {'v': 313, 'cdt': 1715080810000}, 'ePwrV': {'v': 27376, 'cdt': 1715080900000}, 'sensor_8': {'v': 0, 'cdt': 1715076430000}, 'sensor_8199': {'v': 10, 'cdt': 1715080870000}, 'sensor_153': {'v': 0, 'cdt': 1714569407000}, 'sensor_16387': {'v': 88300, 'cdt': 1715080060000}, 'sensor_152': {'v': 0, 'cdt': 1715079820000}, 'war_id': {'v': 22, 'cdt': 1715076427000}, 'sensor_12289': {'v': 27373, 'cdt': 1715080900000}, 'sensor_12300': {'v': 6008, 'cdt': 1715080900000}, 'sensor_12322': {'v': 0, 'cdt': 1715076430000}, 'protocol': {'v': 'MQTT', 'cdt': 1714569407000}, 'sensor_10': {'v': 1, 'cdt': 1715078260000}, 'sensor_11': {'v': 1, 'cdt': 1715078260000}, 'sensor_2': {'v': 0, 'cdt': 1715079820000}, 'sensor_16': {'v': 0, 'cdt': 1715076430000}, 'sensor_17': {'v': 0, 'cdt': 1715076430000}, 'sensor_18': {'v': 0, 'cdt': 1715076430000}, 'sensor_12290': {'v': 56, 'cdt': 1715080900000}, 'sensor_45058': {'v': 0, 'cdt': 1714569407000}, 'sensor_12292': {'v': 3939, 'cdt': 1715080840000}, 'spd': {'v': 0, 'cdt': 1715076448000}, 'sensor_12291': {'v': 18, 'cdt': 1715080840000}, 'sat': {'v': 6, 'cdt': 1715080840000}, 'fun_id': {'v': 101, 'cdt': 1715076427000}, 'sensor_8200': {'v': 114, 'cdt': 1715080060000}, 'hdop': {'v': 20, 'cdt': 1715080900000}, 'sensor_12299': {'v': 99, 'cdt': 1715080690000}, 'sensor_49173': {'v': 'No DTCs found', 'cdt': 1715076430000}, 'sensor_21': {'v': 1, 'cdt': 1715076430000}, 'sensor_105': {'v': 0, 'cdt': 1714569407000}, 'sensor_148': {'v': 0, 'cdt': 1714569407000}}, 'prms': {'sensor_45058': 0, 'sensor_12299': 99, 'ePwrV': 27376, 'sensor_12292': 3939, 'sensor_12289': 27373, 'sensor_12290': 56, 'sensor_12291': 18, 'sensor_16387': 88300, 'sensor_16385': 313, 'sensor_16386': 351, 'sensor_49173': 'No DTCs found', 'sensor_12300': 6008, 'sensor_12322': 0, 'sensor_8192': 0, 'spd': 0, 'hdop': 20, 'sat': 6, 'acc': 1, 'sensor_2': 0, 'sensor_11': 1, 'sensor_8': 0, 'sensor_10': 1, 'sensor_16': 0, 'sensor_17': 0, 'sensor_18': 0, 'sensor_21': 1, 'sensor_153': 0, 'sensor_148': 0, 'sensor_170': 0, 'sensor_8199': 10, 'sensor_8200': 114, 'sensor_152': 0, 'protocol': 'MQTT'}, 'devPrms': ['sensor_45058', 'sensor_12299', 'ePwrV', 'sensor_12292', 'sensor_12290', 'sensor_8192', 'acc', 'sensor_2', 'sensor_105', 'sensor_153', 'sensor_152', 'sensor_148', 'protocol', 'fun_id', 'war_id', 'fw_name', 'sensor_12289', 'sensor_12291', 'sensor_16387', 'sensor_16385', 'sensor_16386', 'sensor_49173', 'sensor_12300', 'sensor_12322', 'sensor_11', 'sensor_8', 'sensor_10', 'sensor_16', 'sensor_17', 'sensor_18', 'sensor_21', 'sensor_170', 'sensor_8199', 'sensor_8200', 'spd', 'hdop', 'sat'], 'old_params': {'sensor_45058': 0, 'sensor_12299': 99, 'ePwrV': 27279, 'sensor_12292': 3939, 'sensor_12289': 27317, 'sensor_12290': 46, 'sensor_12291': 18, 'sensor_16387': 88300, 'sensor_16385': 313, 'sensor_16386': 351, 'sensor_49173': 'No DTCs found', 'sensor_12300': 6004, 'sensor_12322': 0, 'sensor_8192': 0, 'spd': 0, 'hdop': 19, 'sat': 6, 'acc': 1, 'sensor_2': 0, 'sensor_11': 1, 'sensor_8': 0, 'sensor_10': 1, 'sensor_16': 0, 'sensor_17': 0, 'sensor_18': 0, 'sensor_21': 1, 'sensor_153': 0, 'sensor_148': 0, 'sensor_170': 0, 'sensor_8199': 10, 'sensor_8200': 114, 'sensor_152': 0, 'protocol': 'MQTT'}, 'vLoc': 1, 'vCon': 1, 'ip': '51.36.55.139', 'rl': 0, 'trl': 0.7466, 'mdu': 0, 'tmdu': 0, 'eidl': 30, 'teidl': 4477, 'fc': 0, 'tfc': 0.089592, 'acc': 1, 'accOn': 511493, 'accOff': 0, 'sdu': 0, 'tsdu': 0, 'lat': 21.40359878540039, 'lng': 39.757572174072266}, 'counters': {'engine_hours': 511493, 'last_acc': 1, 'odometer': 0.7466}, 'is_wasl_connected': 'Not Connected', 'iconUrl': 'https://api.afaqy.sa/images/units/icons/icon.png', 'hasCCTV': False}
[2024-05-07T11:22:09.925+0000] {warnings.py:109} WARNING - /home/***/.local/lib/python3.8/site-packages/elasticsearch/_sync/client/__init__.py:399: SecurityWarning: Connecting to 'https://dbelk1.afaqy.local:9200' using TLS with verify_certs=False is insecure
  _transport = transport_class(

[2024-05-07T11:22:09.973+0000] {warnings.py:109} WARNING - /home/***/.local/lib/python3.8/site-packages/elasticsearch/_sync/client/__init__.py:399: SecurityWarning: Connecting to 'https://dbelk2.afaqy.local:9200' using TLS with verify_certs=False is insecure
  _transport = transport_class(

[2024-05-07T11:22:10.024+0000] {warnings.py:109} WARNING - /home/***/.local/lib/python3.8/site-packages/elasticsearch/_sync/client/__init__.py:399: SecurityWarning: Connecting to 'https://dbelk3.afaqy.local:9200' using TLS with verify_certs=False is insecure
  _transport = transport_class(

[2024-05-07T11:22:10.055+0000] {warnings.py:109} WARNING - /home/***/.local/lib/python3.8/site-packages/urllib3/connectionpool.py:1061: InsecureRequestWarning: Unverified HTTPS request is being made to host 'dbelk1.afaqy.local'. Adding certificate verification is strongly advised. See: https://urllib3.readthedocs.io/en/1.26.x/advanced-usage.html#ssl-warnings
  warnings.warn(

[2024-05-07T11:22:10.115+0000] {_transport.py:335} INFO - GET https://dbelk1.afaqy.local:9200/_cluster/health [status:200 duration:0.089s]
[2024-05-07T11:22:10.164+0000] {warnings.py:109} WARNING - /home/***/.local/lib/python3.8/site-packages/urllib3/connectionpool.py:1061: InsecureRequestWarning: Unverified HTTPS request is being made to host 'dbelk2.afaqy.local'. Adding certificate verification is strongly advised. See: https://urllib3.readthedocs.io/en/1.26.x/advanced-usage.html#ssl-warnings
  warnings.warn(

[2024-05-07T11:22:10.224+0000] {_transport.py:335} INFO - PUT https://dbelk2.afaqy.local:9200/units_statistics_***/_bulk [status:200 duration:0.079s]
[2024-05-07T11:22:10.232+0000] {taskinstance.py:2731} ERROR - Task failed with exception
Traceback (most recent call last):
  File "/home/airflow/.local/lib/python3.8/site-packages/airflow/models/taskinstance.py", line 444, in _execute_task
    result = _execute_callable(context=context, **execute_callable_kwargs)
  File "/home/airflow/.local/lib/python3.8/site-packages/airflow/models/taskinstance.py", line 414, in _execute_callable
    return execute_callable(context=context, **execute_callable_kwargs)
  File "/home/airflow/.local/lib/python3.8/site-packages/airflow/decorators/base.py", line 241, in execute
    return_value = super().execute(context)
  File "/home/airflow/.local/lib/python3.8/site-packages/airflow/operators/python.py", line 200, in execute
    return_value = self.execute_callable()
  File "/home/airflow/.local/lib/python3.8/site-packages/airflow/operators/python.py", line 217, in execute_callable
    return self.python_callable(*self.op_args, **self.op_kwargs)
  File "/opt/airflow/dags/Units_dag.py", line 111, in ETL_job
    Elk_client.elk_pushData(Globals.index_name,units_list_update)
  File "/opt/airflow/dags/units_statistics/elk_manager.py", line 69, in elk_pushData
    helpers.bulk(self.elk_client, docs_list, index=index_name, chunk_size=batch)
  File "/home/airflow/.local/lib/python3.8/site-packages/elasticsearch/helpers/actions.py", line 521, in bulk
    for ok, item in streaming_bulk(
  File "/home/airflow/.local/lib/python3.8/site-packages/elasticsearch/helpers/actions.py", line 436, in streaming_bulk
    for data, (ok, info) in zip(
  File "/home/airflow/.local/lib/python3.8/site-packages/elasticsearch/helpers/actions.py", line 355, in _process_bulk_chunk
    yield from gen
  File "/home/airflow/.local/lib/python3.8/site-packages/elasticsearch/helpers/actions.py", line 274, in _process_bulk_chunk_success
    raise BulkIndexError(f"{len(errors)} document(s) failed to index.", errors)
elasticsearch.helpers.BulkIndexError: 1 document(s) failed to index.
[2024-05-07T11:22:10.247+0000] {taskinstance.py:1149} INFO - Marking task as UP_FOR_RETRY. dag_id=Units_statistics_DAG, task_id=ETL_job, map_index=17, execution_date=20240507T110000, start_date=20240507T112206, end_date=20240507T112210
[2024-05-07T11:22:10.265+0000] {standard_task_runner.py:107} ERROR - Failed to execute job 38238 for task ETL_job (1 document(s) failed to index.; 832589)
[2024-05-07T11:22:10.317+0000] {local_task_job_runner.py:234} INFO - Task exited with return code 1
[2024-05-07T11:22:10.347+0000] {taskinstance.py:3312} INFO - 0 downstream tasks scheduled from follow-on schedule check
