[2024-05-07T08:40:15.394+0000] {taskinstance.py:1979} INFO - Dependencies all met for dep_context=non-requeueable deps ti=<TaskInstance: Units_statistics_DAG.ETL_job scheduled__2024-05-07T08:20:00+00:00 map_index=15 [queued]>
[2024-05-07T08:40:15.448+0000] {taskinstance.py:1979} INFO - Dependencies all met for dep_context=requeueable deps ti=<TaskInstance: Units_statistics_DAG.ETL_job scheduled__2024-05-07T08:20:00+00:00 map_index=15 [queued]>
[2024-05-07T08:40:15.448+0000] {taskinstance.py:2193} INFO - Starting attempt 1 of 4
[2024-05-07T08:40:15.591+0000] {taskinstance.py:2217} INFO - Executing <Mapped(_PythonDecoratedOperator): ETL_job> on 2024-05-07 08:20:00+00:00
[2024-05-07T08:40:15.615+0000] {standard_task_runner.py:60} INFO - Started process 829567 to run task
[2024-05-07T08:40:15.664+0000] {standard_task_runner.py:87} INFO - Running: ['***', 'tasks', 'run', 'Units_statistics_DAG', 'ETL_job', 'scheduled__2024-05-07T08:20:00+00:00', '--job-id', '37875', '--raw', '--subdir', 'DAGS_FOLDER/Units_dag.py', '--cfg-path', '/tmp/tmp8kdmlqhl', '--map-index', '15']
[2024-05-07T08:40:15.677+0000] {standard_task_runner.py:88} INFO - Job 37875: Subtask ETL_job
[2024-05-07T08:40:15.970+0000] {task_command.py:423} INFO - Running <TaskInstance: Units_statistics_DAG.ETL_job scheduled__2024-05-07T08:20:00+00:00 map_index=15 [running]> on host a09da322e808
[2024-05-07T08:40:16.633+0000] {taskinstance.py:2513} INFO - Exporting env vars: AIRFLOW_CTX_DAG_OWNER='abeer-araby' AIRFLOW_CTX_DAG_ID='Units_statistics_DAG' AIRFLOW_CTX_TASK_ID='ETL_job' AIRFLOW_CTX_EXECUTION_DATE='2024-05-07T08:20:00+00:00' AIRFLOW_CTX_TRY_NUMBER='1' AIRFLOW_CTX_DAG_RUN_ID='scheduled__2024-05-07T08:20:00+00:00'
[2024-05-07T08:40:16.635+0000] {Units_dag.py:98} INFO - i: 150000, chunk: 10000
[2024-05-07T08:40:16.635+0000] {Units_dag.py:99} INFO - child token is::: eyJ0eXAiOiJKV1QiLCJhbGciOiJIUzI1NiJ9.eyJpc3MiOiJodHRwczovL2FwaS5hZmFxeS5zYS9hdXRoL2xvZ2luX2FzIiwiaWF0IjoxNzE1MDcxMjA0LCJleHAiOjE3MTc2NjMyMDQsIm5iZiI6MTcxNTA3MTIwNCwianRpIjoiejc1OFBmRGJSTmc5SmhaNSIsInN1YiI6IjVkNjNlNTFlMDNlZDUyOTJhNDJjMjRlNiIsInBydiI6IjI3MGVjZmM3ZWEzZWQ5MzdlYTg0OTM2MmEzYTUwOTEwYzZkOGNlNGYiLCJsb2dpbl9hc19pZCI6IjY1N2YwYWQ3M2Y5NzcyOTVjZjA1NTc2YSJ9.7XWOAyjWcPuWMSxkRkMBbE7kV6tOu3pe_Ty8tAtvNbQ
[2024-05-07T08:40:48.062+0000] {Units_dag.py:103} INFO - {'_id': '659aab58d2c3deb57a03e241', 'icon': 'icons/icon.png', 'driver_id': '', 'tailer_id': '', 'profile': {'measurement_type': 'count', 'fuel_type': '91', 'year': 0, 'seats': 2}, 'shipment_info': {'product_category': '', 'truck_type': '', 'shipment_type': '', 'shipment_payment_type': '', 'transporter_type': '', 'operating_area': '', 'weight_kilograms_per_day': '', 'kms_per_day': '', 'opening_milage': '', 'shipment_trip_drive_hrs_day': '', 'expected_shipment_trip_day': '', 'car_pay_per_day': '', 'exceeding_temperature_limit_per_day': '', 'temperature_upper_limit': '', 'exceeding_humidity_limit_per_day': '', 'humidity_upper_limit': '', 'allowable_delay_drive_hrs_day': ''}, 'device_password': '***', 'device_type': 'gps', 'gateway': False, 'business_types': {'waste': False, 'transportation': True, 'water': False}, 'name': '3458 G T B', 'operation_code': None, 'device_gateway': None, 'skip_sim_information': False, 'imei': '866069061113781', 'sim_number': '+966830020337735', 'sim_serial': '8996609821112128726', 'device_serial': '1135688690', 'device': 'teltonika', 'user_id': '5dc6761a03ed52b44d770bf6', 'created_by': '5e6655bf03ed52e1ab79d301', 'updated_at': '2024-04-18 11:18:59', 'created_at': '2024-01-07 16:47:04', 'custom_fields': [], 'creator': 'amr.ahmed', 'company': '', 'owner': 'cigalah-admin', 'last_update': {'dtt': 1715071208000, 'dts': 1715071210077, 'spd': 14, 'ang': 163, 'alt': 19, 'chPrams': {'Speed': {'v': 14, 'cdt': 1715071208000}, 'output1': {'v': False, 'cdt': 1714651741000}, 'ePwrV': {'v': 14.122, 'cdt': 1715071208000}, 'parm24': {'v': 14, 'cdt': 1715071208000}, 'sat': {'v': 16, 'cdt': 1715071208000}, 'ai1': {'v': 131, 'cdt': 1714202139000}, 'type': {'v': 6, 'cdt': 1712537365000}, 'priority': {'v': 0, 'cdt': 1715068013000}, 'di1': {'v': 1, 'cdt': 1715069087000}, 'result': {'v': '5665723a30332e32382e30325f313937204750533a41584e5f352e312e392048773a464d43393230204d6f643a3120494d45493a38363630363930363131313337383120496e69743a323032342d342d313320353a353420557074696d653a31383038363535204d41433a333838413231393330413633205350433a312830292041584c3a31204f42443a3020424c3a312e31302042543a34', 'cdt': 1714799320000}, 'protocol': {'v': 'FMC920', 'cdt': 1714724589000}, 'iPwrV': {'v': 0, 'cdt': 1695808217000}, 'event': {'v': 0, 'cdt': 1715068013000}}, 'prms': {'protocol': 'FMC920', 'priority': 0, 'sat': 16, 'event': 0, 'di1': 1, 'output1': 0, 'ePwrV': 14.122, 'Speed': 14, 'parm24': 14, 'iPwrV': 0, 'ai1': 131}, 'devPrms': ['protocol', 'priority', 'sat', 'event', 'di1', 'output1', 'ePwrV', 'Speed', 'parm24', 'iPwrV', 'ai1'], 'old_params': {'protocol': 'FMC920', 'priority': 0, 'sat': 15, 'event': 0, 'di1': 1, 'output1': 0, 'ePwrV': 14.092, 'Speed': 0, 'parm24': 0, 'iPwrV': 0, 'ai1': 131}, 'vLoc': 1, 'vCon': 1, 'ip': '109.83.205.80', 'rl': 0.0337, 'trl': 9623.9516, 'mdu': 0, 'tmdu': 853918, 'eidl': 17, 'teidl': 746701, 'fc': 0.004044, 'tfc': 306.667524, 'acc': 1, 'accOn': 1704138, 'accOff': 17558835, 'sdu': 0, 'tsdu': 0, 'lat': 21.567755, 'lng': 39.1695283}, 'counters': {'engine_hours': 1704138, 'last_acc': 1, 'odometer': 9623.9516, 'engine_hours_type': 'acc', 'odometer_type': 'gps'}, 'is_wasl_connected': 'Not Connected', 'iconUrl': 'https://api.afaqy.sa/images/units/icons/icon.png', 'hasCCTV': False}
[2024-05-07T08:40:49.986+0000] {warnings.py:109} WARNING - /home/***/.local/lib/python3.8/site-packages/elasticsearch/_sync/client/__init__.py:399: SecurityWarning: Connecting to 'https://dbelk2.afaqy.local:9200' using TLS with verify_certs=False is insecure
  _transport = transport_class(

[2024-05-07T08:40:50.263+0000] {warnings.py:109} WARNING - /home/***/.local/lib/python3.8/site-packages/elasticsearch/_sync/client/__init__.py:399: SecurityWarning: Connecting to 'https://dbelk1.afaqy.local:9200' using TLS with verify_certs=False is insecure
  _transport = transport_class(

[2024-05-07T08:40:50.406+0000] {warnings.py:109} WARNING - /home/***/.local/lib/python3.8/site-packages/elasticsearch/_sync/client/__init__.py:399: SecurityWarning: Connecting to 'https://dbelk3.afaqy.local:9200' using TLS with verify_certs=False is insecure
  _transport = transport_class(

[2024-05-07T08:40:50.431+0000] {warnings.py:109} WARNING - /home/***/.local/lib/python3.8/site-packages/urllib3/connectionpool.py:1061: InsecureRequestWarning: Unverified HTTPS request is being made to host 'dbelk2.afaqy.local'. Adding certificate verification is strongly advised. See: https://urllib3.readthedocs.io/en/1.26.x/advanced-usage.html#ssl-warnings
  warnings.warn(

[2024-05-07T08:40:50.649+0000] {_transport.py:335} INFO - GET https://dbelk2.afaqy.local:9200/_cluster/health [status:200 duration:0.237s]
[2024-05-07T08:40:51.389+0000] {warnings.py:109} WARNING - /home/***/.local/lib/python3.8/site-packages/urllib3/connectionpool.py:1061: InsecureRequestWarning: Unverified HTTPS request is being made to host 'dbelk1.afaqy.local'. Adding certificate verification is strongly advised. See: https://urllib3.readthedocs.io/en/1.26.x/advanced-usage.html#ssl-warnings
  warnings.warn(

[2024-05-07T08:42:02.460+0000] {_transport.py:335} INFO - PUT https://dbelk1.afaqy.local:9200/units_statistics_***/_bulk [status:200 duration:71.111s]
[2024-05-07T08:42:02.653+0000] {python.py:202} INFO - Done. Returned value was: None
[2024-05-07T08:42:02.675+0000] {taskinstance.py:1149} INFO - Marking task as SUCCESS. dag_id=Units_statistics_DAG, task_id=ETL_job, map_index=15, execution_date=20240507T082000, start_date=20240507T084015, end_date=20240507T084202
[2024-05-07T08:42:02.765+0000] {local_task_job_runner.py:234} INFO - Task exited with return code 0
[2024-05-07T08:42:02.805+0000] {taskinstance.py:3312} INFO - 0 downstream tasks scheduled from follow-on schedule check
