[2024-04-29T14:00:17.284+0000] {taskinstance.py:1979} INFO - Dependencies all met for dep_context=non-requeueable deps ti=<TaskInstance: Units_statistics_DAG.ETL_job scheduled__2024-04-29T13:40:00+00:00 map_index=5 [queued]>
[2024-04-29T14:00:17.394+0000] {taskinstance.py:1979} INFO - Dependencies all met for dep_context=requeueable deps ti=<TaskInstance: Units_statistics_DAG.ETL_job scheduled__2024-04-29T13:40:00+00:00 map_index=5 [queued]>
[2024-04-29T14:00:17.394+0000] {taskinstance.py:2193} INFO - Starting attempt 1 of 4
[2024-04-29T14:00:17.486+0000] {taskinstance.py:2217} INFO - Executing <Mapped(_PythonDecoratedOperator): ETL_job> on 2024-04-29 13:40:00+00:00
[2024-04-29T14:00:17.505+0000] {standard_task_runner.py:60} INFO - Started process 639783 to run task
[2024-04-29T14:00:17.584+0000] {standard_task_runner.py:87} INFO - Running: ['***', 'tasks', 'run', 'Units_statistics_DAG', 'ETL_job', 'scheduled__2024-04-29T13:40:00+00:00', '--job-id', '23081', '--raw', '--subdir', 'DAGS_FOLDER/Units_dag.py', '--cfg-path', '/tmp/tmp2eydyi89', '--map-index', '5']
[2024-04-29T14:00:17.601+0000] {standard_task_runner.py:88} INFO - Job 23081: Subtask ETL_job
[2024-04-29T14:00:18.051+0000] {task_command.py:423} INFO - Running <TaskInstance: Units_statistics_DAG.ETL_job scheduled__2024-04-29T13:40:00+00:00 map_index=5 [running]> on host a09da322e808
[2024-04-29T14:00:18.795+0000] {taskinstance.py:2513} INFO - Exporting env vars: AIRFLOW_CTX_DAG_OWNER='abeer-araby' AIRFLOW_CTX_DAG_ID='Units_statistics_DAG' AIRFLOW_CTX_TASK_ID='ETL_job' AIRFLOW_CTX_EXECUTION_DATE='2024-04-29T13:40:00+00:00' AIRFLOW_CTX_TRY_NUMBER='1' AIRFLOW_CTX_DAG_RUN_ID='scheduled__2024-04-29T13:40:00+00:00'
[2024-04-29T14:00:18.797+0000] {Units_dag.py:99} INFO - i: 50000, chunk: 10000
[2024-04-29T14:00:18.798+0000] {Units_dag.py:100} INFO - child token is::: eyJ0eXAiOiJKV1QiLCJhbGciOiJIUzI1NiJ9.eyJpc3MiOiJodHRwczovL2FwaS5hZmFxeS5zYS9hdXRoL2xvZ2luX2FzIiwiaWF0IjoxNzE0Mzk5MjA0LCJleHAiOjE3MTY5OTEyMDQsIm5iZiI6MTcxNDM5OTIwNCwianRpIjoiV2JUNnU0UUZWWk50Z3Q5TiIsInN1YiI6IjVkNjNlNTFlMDNlZDUyOTJhNDJjMjRlNiIsInBydiI6IjI3MGVjZmM3ZWEzZWQ5MzdlYTg0OTM2MmEzYTUwOTEwYzZkOGNlNGYiLCJsb2dpbl9hc19pZCI6IjY1N2YwYWQ3M2Y5NzcyOTVjZjA1NTc2YSJ9.tVP0N8r6XYfHHbyxyguTZtK0S7EUhhtlsm4GjqIITis
[2024-04-29T14:00:41.806+0000] {Units_dag.py:104} INFO - {'_id': '62aedda112ae46735e410fad', 'icon': 'icons/G_13.png', 'driver_id': '', 'tailer_id': '', 'profile': {'vehicle_type': None, 'measurement_type': 'count', 'max_capacity': 0, 'vin': None, 'plate_number': None, 'start_operation': None, 'contract_milage': None, 'opening_milage': None, 'model': None, 'fuel_type': '91', 'year': 0, 'seats': 2}, 'device_password': '***', 'device_type': 'gps', 'gateway': False, 'name': '0152', 'operation_code': '152', 'device_gateway': '', 'business_types': {'waste': False, 'transportation': False, 'water': False, 'hajj': True}, 'imei': '358480085145995', 'sim_number': '+966830030799924', 'sim_serial': '421276213326', 'device_serial': '1102300864', 'device': 'teltonika', 'user_id': '62ae28f6e2df4352f3455062', 'created_by': '5d5d152003ed5207c22d6fb5', 'updated_at': '2024-04-18 11:18:59', 'created_at': '2022-06-19 11:26:09', 'custom_fields': [], 'creator': 'diaa.ahmed', 'company': 'مؤسسة بسمة اعمار لنقل الحجاج والمعتمرين', 'owner': 'basma-emaar-hajj', 'last_update': {'dtt': 1714398984710, 'dts': 1714399004651, 'spd': 0, 'ang': 0, 'alt': 0, 'chPrams': {'Speed': {'v': 0, 'cdt': 1714241216726}, 'output1': {'v': False, 'cdt': 1714398984710}, 'motion': {'v': False, 'cdt': 1714398984710}, 'ePwrV': {'v': 25.738, 'cdt': 1714398984710}, 'parm24': {'v': 0, 'cdt': 1714241216726}, 'sat': {'v': 0, 'cdt': 1714241216726}, 'priority': {'v': 0, 'cdt': 1714397784734}, 'type': {'v': 6, 'cdt': 1713766886945}, 'di2': {'v': 0, 'cdt': 1713838908496}, 'di1': {'v': 0, 'cdt': 1714397784734}, 'result': {'v': '5665723a30312e30302e303520494d45493a3335383438303038353134353939352049443a333320424c3a31362e3039204d6f64656d3a30312e30302e30312e30305f3030352048773a464d423634302048572e3320455854205350433a3128302920', 'cdt': 1713766886945}, 'protocol': {'v': 'FMB640', 'cdt': 1714398984710}, 'iPwrV': {'v': 0, 'cdt': 1714388502890}, 'event': {'v': 0, 'cdt': 1714397784734}}, 'prms': {'protocol': 'FMB640', 'priority': 0, 'sat': 0, 'event': 0, 'di1': 0, 'di2': 0, 'output1': 0, 'motion': 0, 'iPwrV': 0, 'ePwrV': 25.738, 'Speed': 0, 'parm24': 0}, 'devPrms': ['Speed', 'output1', 'motion', 'ePwrV', 'parm24', 'sat', 'priority', 'di2', 'type', 'di1', 'result', 'protocol', 'iPwrV', 'event'], 'old_params': {'Speed': 0, 'output1': 0, 'motion': 0, 'ePwrV': 25.813, 'parm24': 0, 'sat': 0, 'priority': 0, 'di2': 0, 'type': 6, 'di1': 0, 'result': '5665723a30312e30302e303520494d45493a3335383438303038353134353939352049443a333320424c3a31362e3039204d6f64656d3a30312e30302e30312e30305f3030352048773a464d423634302048572e3320455854205350433a3128302920', 'protocol': 'teltonika', 'iPwrV': 0, 'event': 0}, 'vLoc': 1, 'vCon': 0, 'ip': '51.39.21.122', 'rl': 0, 'trl': 1011753.6125, 'mdu': 0, 'tmdu': 30300858, 'eidl': 0, 'teidl': 20877371, 'fc': 0, 'tfc': 0, 'acc': 0, 'accOn': 2315702561, 'accOff': 3327310228, 'sdu': 299, 'tsdu': 1196, 'lat': 21.58087, 'lng': 39.7624583}, 'counters': {'odometer_type': 'gps', 'odometer': 1011753.6125, 'engine_hours_type': 'acc', 'engine_hours': 2315702561, 'last_acc': 0}, 'is_wasl_connected': 'Not Connected', 'iconUrl': 'https://api.afaqy.sa/images/units/icons/G_13.png', 'hasCCTV': False}
[2024-04-29T14:00:43.141+0000] {warnings.py:109} WARNING - /home/***/.local/lib/python3.8/site-packages/elasticsearch/_sync/client/__init__.py:399: SecurityWarning: Connecting to 'https://dbelk3.afaqy.local:9200' using TLS with verify_certs=False is insecure
  _transport = transport_class(

[2024-04-29T14:00:43.295+0000] {warnings.py:109} WARNING - /home/***/.local/lib/python3.8/site-packages/elasticsearch/_sync/client/__init__.py:399: SecurityWarning: Connecting to 'https://dbelk2.afaqy.local:9200' using TLS with verify_certs=False is insecure
  _transport = transport_class(

[2024-04-29T14:00:43.469+0000] {warnings.py:109} WARNING - /home/***/.local/lib/python3.8/site-packages/elasticsearch/_sync/client/__init__.py:399: SecurityWarning: Connecting to 'https://dbelk1.afaqy.local:9200' using TLS with verify_certs=False is insecure
  _transport = transport_class(

[2024-04-29T14:00:43.506+0000] {warnings.py:109} WARNING - /home/***/.local/lib/python3.8/site-packages/urllib3/connectionpool.py:1061: InsecureRequestWarning: Unverified HTTPS request is being made to host 'dbelk3.afaqy.local'. Adding certificate verification is strongly advised. See: https://urllib3.readthedocs.io/en/1.26.x/advanced-usage.html#ssl-warnings
  warnings.warn(

[2024-04-29T14:00:43.619+0000] {_transport.py:335} INFO - GET https://dbelk3.afaqy.local:9200/_cluster/health [status:200 duration:0.138s]
[2024-04-29T14:00:44.748+0000] {warnings.py:109} WARNING - /home/***/.local/lib/python3.8/site-packages/urllib3/connectionpool.py:1061: InsecureRequestWarning: Unverified HTTPS request is being made to host 'dbelk2.afaqy.local'. Adding certificate verification is strongly advised. See: https://urllib3.readthedocs.io/en/1.26.x/advanced-usage.html#ssl-warnings
  warnings.warn(

[2024-04-29T14:00:47.139+0000] {_transport.py:335} INFO - PUT https://dbelk2.afaqy.local:9200/units_statistics_***/_bulk [status:200 duration:2.414s]
[2024-04-29T14:00:48.445+0000] {taskinstance.py:2731} ERROR - Task failed with exception
Traceback (most recent call last):
  File "/home/airflow/.local/lib/python3.8/site-packages/airflow/models/taskinstance.py", line 444, in _execute_task
    result = _execute_callable(context=context, **execute_callable_kwargs)
  File "/home/airflow/.local/lib/python3.8/site-packages/airflow/models/taskinstance.py", line 414, in _execute_callable
    return execute_callable(context=context, **execute_callable_kwargs)
  File "/home/airflow/.local/lib/python3.8/site-packages/airflow/decorators/base.py", line 241, in execute
    return_value = super().execute(context)
  File "/home/airflow/.local/lib/python3.8/site-packages/airflow/operators/python.py", line 200, in execute
    return_value = self.execute_callable()
  File "/home/airflow/.local/lib/python3.8/site-packages/airflow/operators/python.py", line 217, in execute_callable
    return self.python_callable(*self.op_args, **self.op_kwargs)
  File "/opt/airflow/dags/Units_dag.py", line 112, in ETL_job
    Elk_client.elk_pushData(Globals.index_name,units_list_update)
  File "/opt/airflow/dags/elk_manager.py", line 69, in elk_pushData
    helpers.bulk(self.elk_client, docs_list, index=index_name, chunk_size=batch)
  File "/home/airflow/.local/lib/python3.8/site-packages/elasticsearch/helpers/actions.py", line 521, in bulk
    for ok, item in streaming_bulk(
  File "/home/airflow/.local/lib/python3.8/site-packages/elasticsearch/helpers/actions.py", line 436, in streaming_bulk
    for data, (ok, info) in zip(
  File "/home/airflow/.local/lib/python3.8/site-packages/elasticsearch/helpers/actions.py", line 355, in _process_bulk_chunk
    yield from gen
  File "/home/airflow/.local/lib/python3.8/site-packages/elasticsearch/helpers/actions.py", line 274, in _process_bulk_chunk_success
    raise BulkIndexError(f"{len(errors)} document(s) failed to index.", errors)
elasticsearch.helpers.BulkIndexError: 1571 document(s) failed to index.
[2024-04-29T14:00:48.473+0000] {taskinstance.py:1149} INFO - Marking task as UP_FOR_RETRY. dag_id=Units_statistics_DAG, task_id=ETL_job, map_index=5, execution_date=20240429T134000, start_date=20240429T140017, end_date=20240429T140048
[2024-04-29T14:00:48.559+0000] {standard_task_runner.py:107} ERROR - Failed to execute job 23081 for task ETL_job (1571 document(s) failed to index.; 639783)
[2024-04-29T14:00:48.780+0000] {local_task_job_runner.py:234} INFO - Task exited with return code 1
[2024-04-29T14:00:48.822+0000] {taskinstance.py:3312} INFO - 0 downstream tasks scheduled from follow-on schedule check
