[2024-05-12T19:00:19.317+0000] {local_task_job_runner.py:120} INFO - ::group::Pre task execution logs
[2024-05-12T19:00:19.580+0000] {taskinstance.py:2076} INFO - Dependencies all met for dep_context=non-requeueable deps ti=<TaskInstance: Units_statistics_DAG.ETL_job scheduled__2024-05-12T18:40:00+00:00 map_index=9 [queued]>
[2024-05-12T19:00:19.667+0000] {taskinstance.py:2076} INFO - Dependencies all met for dep_context=requeueable deps ti=<TaskInstance: Units_statistics_DAG.ETL_job scheduled__2024-05-12T18:40:00+00:00 map_index=9 [queued]>
[2024-05-12T19:00:19.667+0000] {taskinstance.py:2306} INFO - Starting attempt 1 of 4
[2024-05-12T19:00:19.781+0000] {taskinstance.py:2330} INFO - Executing <Mapped(_PythonDecoratedOperator): ETL_job> on 2024-05-12 18:40:00+00:00
[2024-05-12T19:00:19.802+0000] {warnings.py:110} WARNING - /home/***/.local/lib/python3.12/site-packages/***/task/task_runner/standard_task_runner.py:61: DeprecationWarning: This process (pid=3500) is multi-threaded, use of fork() may lead to deadlocks in the child.
  pid = os.fork()

[2024-05-12T19:00:19.848+0000] {standard_task_runner.py:63} INFO - Started process 3523 to run task
[2024-05-12T19:00:19.884+0000] {standard_task_runner.py:90} INFO - Running: ['***', 'tasks', 'run', 'Units_statistics_DAG', 'ETL_job', 'scheduled__2024-05-12T18:40:00+00:00', '--job-id', '54580', '--raw', '--subdir', 'DAGS_FOLDER/Units_dag.py', '--cfg-path', '/tmp/tmpbo0zqnry', '--map-index', '9']
[2024-05-12T19:00:19.897+0000] {standard_task_runner.py:91} INFO - Job 54580: Subtask ETL_job
[2024-05-12T19:00:20.247+0000] {task_command.py:426} INFO - Running <TaskInstance: Units_statistics_DAG.ETL_job scheduled__2024-05-12T18:40:00+00:00 map_index=9 [running]> on host 7138d7e072c5
[2024-05-12T19:00:20.820+0000] {taskinstance.py:2648} INFO - Exporting env vars: AIRFLOW_CTX_DAG_OWNER='abeer-araby' AIRFLOW_CTX_DAG_ID='Units_statistics_DAG' AIRFLOW_CTX_TASK_ID='ETL_job' AIRFLOW_CTX_EXECUTION_DATE='2024-05-12T18:40:00+00:00' AIRFLOW_CTX_TRY_NUMBER='1' AIRFLOW_CTX_DAG_RUN_ID='scheduled__2024-05-12T18:40:00+00:00'
[2024-05-12T19:00:20.822+0000] {taskinstance.py:430} INFO - ::endgroup::
[2024-05-12T19:00:20.823+0000] {Units_dag.py:98} INFO - i: 90000, chunk: 10000
[2024-05-12T19:00:20.823+0000] {Units_dag.py:99} INFO - child token is::: eyJ0eXAiOiJKV1QiLCJhbGciOiJIUzI1NiJ9.eyJpc3MiOiJodHRwczovL2FwaS5hZmFxeS5zYS9hdXRoL2xvZ2luX2FzIiwiaWF0IjoxNzE1NTQwNDA0LCJleHAiOjE3MTgxMzI0MDQsIm5iZiI6MTcxNTU0MDQwNCwianRpIjoid1d1N3hESnZQMlVVOHVRTiIsInN1YiI6IjVkNjNlNTFlMDNlZDUyOTJhNDJjMjRlNiIsInBydiI6IjI3MGVjZmM3ZWEzZWQ5MzdlYTg0OTM2MmEzYTUwOTEwYzZkOGNlNGYiLCJsb2dpbl9hc19pZCI6IjY1N2YwYWQ3M2Y5NzcyOTVjZjA1NTc2YSJ9.Rdca3r4h9N3VTnDj8IbZB6stocQDS_sK-5vObufBSn8
[2024-05-12T19:00:49.907+0000] {Units_dag.py:103} INFO - {'_id': '640f13efd776f26c0a2f8041', 'icon': 'icons/icon.png', 'driver_id': '', 'tailer_id': '', 'profile': {'measurement_type': 'count', 'fuel_type': '91', 'year': 0, 'seats': 2}, 'device_password': '***', 'device_type': 'gps', 'gateway': False, 'name': '5207 U X B', 'operation_code': None, 'device_gateway': None, 'business_types': {'waste': False, 'transportation': True, 'water': False}, 'imei': '350424066440411', 'sim_number': '+966830030954072', 'sim_serial': '21294048953', 'device_serial': '1125830868', 'device': 'teltonika', 'user_id': '6374f3b2471fe5122740db03', 'created_by': '5e6655bf03ed52e1ab79d301', 'updated_at': '2024-04-18 11:18:59', 'created_at': '2023-03-13 15:15:43', 'custom_fields': [], 'creator': 'amr.ahmed', 'company': '', 'owner': 'riyada-maintenance-and-cleaning-admin', 'last_update': {'dtt': 1715540411000, 'dts': 1715540418236, 'spd': 0, 'ang': 285, 'alt': 5, 'chPrams': {'Speed': {'v': 0, 'cdt': 1715540080000}, 'output1': {'v': False, 'cdt': 1714056205000}, 'output2': {'v': False, 'cdt': 1714056205000}, 'ePwrV': {'v': 14.145, 'cdt': 1715540411000}, 'parm24': {'v': 0, 'cdt': 1715540080000}, 'sat': {'v': 15, 'cdt': 1715540411000}, 'ai1': {'v': 87, 'cdt': 1715247169000}, 'priority': {'v': 0, 'cdt': 1713019393000}, 'di2': {'v': 0, 'cdt': 1713153319000}, 'type': {'v': 6, 'cdt': 1713707728000}, 'di1': {'v': 1, 'cdt': 1715534418000}, 'result': {'v': '5665723a30332e32372e31335f3033204750533a41584e5f352e312e392048773a464d42313230204d6f643a333320494d45493a33353034323430363634343034313120496e69743a323032342d312d31382032323a313920557074696d653a39303931383730204d41433a333838413231304130314339205350433a312830292041584c3a32204f42443a3020424c3a312e31302042543a34', 'cdt': 1714724540000}, 'protocol': {'v': 'FMB120', 'cdt': 1714724571000}, 'parm6': {'v': 87, 'cdt': 1713153319000}, 'iPwrV': {'v': 3.9490000000000003, 'cdt': 1715540051000}, 'event': {'v': 0, 'cdt': 1713019393000}}, 'prms': {'protocol': 'FMB120', 'priority': 0, 'sat': 15, 'event': 0, 'di1': 1, 'output1': 0, 'di2': 0, 'output2': 0, 'ePwrV': 14.145, 'Speed': 0, 'parm24': 0, 'iPwrV': 3.9490000000000003, 'ai1': 87, 'parm6': 87}, 'devPrms': ['protocol', 'priority', 'sat', 'event', 'di1', 'output1', 'di2', 'output2', 'ePwrV', 'Speed', 'parm24', 'iPwrV', 'ai1', 'parm6'], 'old_params': {'protocol': 'FMB120', 'priority': 0, 'sat': 16, 'event': 0, 'di1': 1, 'output1': 0, 'di2': 0, 'output2': 0, 'ePwrV': 14.137, 'Speed': 0, 'parm24': 0, 'iPwrV': 3.9490000000000003, 'ai1': 87, 'parm6': 87}, 'vLoc': 1, 'vCon': 1, 'ip': '51.39.52.105', 'rl': 0, 'trl': 19259.0609, 'mdu': 0, 'tmdu': 1671481, 'eidl': 29, 'teidl': 685560, 'fc': 0, 'tfc': 104.926836, 'acc': 1, 'accOn': 1843624244, 'accOff': 32678083, 'sdu': 0, 'tsdu': 0, 'lat': 26.1650583, 'lng': 50.1596366}, 'counters': {'odometer_type': 'gps', 'odometer': 19268.211, 'engine_hours_type': 'acc', 'engine_hours': 1843624244, 'last_acc': 1}, 'is_wasl_connected': 'Not Connected', 'iconUrl': 'https://api.afaqy.sa/images/units/icons/icon.png', 'hasCCTV': False}
[2024-05-12T19:00:52.188+0000] {warnings.py:110} WARNING - /home/***/.local/lib/python3.12/site-packages/elasticsearch/_sync/client/__init__.py:399: SecurityWarning: Connecting to 'https://dbelk3.afaqy.local:9200' using TLS with verify_certs=False is insecure
  _transport = transport_class(

[2024-05-12T19:00:52.442+0000] {warnings.py:110} WARNING - /home/***/.local/lib/python3.12/site-packages/elasticsearch/_sync/client/__init__.py:399: SecurityWarning: Connecting to 'https://dbelk2.afaqy.local:9200' using TLS with verify_certs=False is insecure
  _transport = transport_class(

[2024-05-12T19:01:08.946+0000] {warnings.py:110} WARNING - /home/***/.local/lib/python3.12/site-packages/elasticsearch/_sync/client/__init__.py:399: SecurityWarning: Connecting to 'https://dbelk1.afaqy.local:9200' using TLS with verify_certs=False is insecure
  _transport = transport_class(

[2024-05-12T19:01:09.044+0000] {warnings.py:110} WARNING - /home/***/.local/lib/python3.12/site-packages/urllib3/connectionpool.py:1103: InsecureRequestWarning: Unverified HTTPS request is being made to host 'dbelk3.afaqy.local'. Adding certificate verification is strongly advised. See: https://urllib3.readthedocs.io/en/latest/advanced-usage.html#tls-warnings
  warnings.warn(

[2024-05-12T19:01:09.115+0000] {_transport.py:349} INFO - GET https://dbelk3.afaqy.local:9200/_cluster/health [status:200 duration:0.119s]
[2024-05-12T19:01:10.281+0000] {warnings.py:110} WARNING - /home/***/.local/lib/python3.12/site-packages/urllib3/connectionpool.py:1103: InsecureRequestWarning: Unverified HTTPS request is being made to host 'dbelk2.afaqy.local'. Adding certificate verification is strongly advised. See: https://urllib3.readthedocs.io/en/latest/advanced-usage.html#tls-warnings
  warnings.warn(

[2024-05-12T19:01:11.676+0000] {_transport.py:349} INFO - PUT https://dbelk2.afaqy.local:9200/units_statistics_***/_bulk [status:200 duration:1.413s]
[2024-05-12T19:01:11.932+0000] {python.py:237} INFO - Done. Returned value was: None
[2024-05-12T19:01:11.932+0000] {taskinstance.py:441} INFO - ::group::Post task execution logs
[2024-05-12T19:01:11.947+0000] {taskinstance.py:1206} INFO - Marking task as SUCCESS. dag_id=Units_statistics_DAG, task_id=ETL_job, run_id=scheduled__2024-05-12T18:40:00+00:00, map_index=9, execution_date=20240512T184000, start_date=20240512T190019, end_date=20240512T190111
[2024-05-12T19:01:12.030+0000] {local_task_job_runner.py:240} INFO - Task exited with return code 0
[2024-05-12T19:01:12.054+0000] {taskinstance.py:3498} INFO - 0 downstream tasks scheduled from follow-on schedule check
[2024-05-12T19:01:12.059+0000] {local_task_job_runner.py:222} INFO - ::endgroup::
