[2024-05-06T04:40:15.115+0000] {taskinstance.py:1979} INFO - Dependencies all met for dep_context=non-requeueable deps ti=<TaskInstance: Units_statistics_DAG.ETL_job scheduled__2024-05-06T04:20:00+00:00 map_index=5 [queued]>
[2024-05-06T04:40:15.184+0000] {taskinstance.py:1979} INFO - Dependencies all met for dep_context=requeueable deps ti=<TaskInstance: Units_statistics_DAG.ETL_job scheduled__2024-05-06T04:20:00+00:00 map_index=5 [queued]>
[2024-05-06T04:40:15.185+0000] {taskinstance.py:2193} INFO - Starting attempt 1 of 4
[2024-05-06T04:40:15.337+0000] {taskinstance.py:2217} INFO - Executing <Mapped(_PythonDecoratedOperator): ETL_job> on 2024-05-06 04:20:00+00:00
[2024-05-06T04:40:15.369+0000] {standard_task_runner.py:60} INFO - Started process 799413 to run task
[2024-05-06T04:40:15.421+0000] {standard_task_runner.py:87} INFO - Running: ['***', 'tasks', 'run', 'Units_statistics_DAG', 'ETL_job', 'scheduled__2024-05-06T04:20:00+00:00', '--job-id', '34797', '--raw', '--subdir', 'DAGS_FOLDER/Units_dag.py', '--cfg-path', '/tmp/tmpplpuupna', '--map-index', '5']
[2024-05-06T04:40:15.443+0000] {standard_task_runner.py:88} INFO - Job 34797: Subtask ETL_job
[2024-05-06T04:40:15.812+0000] {task_command.py:423} INFO - Running <TaskInstance: Units_statistics_DAG.ETL_job scheduled__2024-05-06T04:20:00+00:00 map_index=5 [running]> on host a09da322e808
[2024-05-06T04:40:16.238+0000] {taskinstance.py:2513} INFO - Exporting env vars: AIRFLOW_CTX_DAG_OWNER='abeer-araby' AIRFLOW_CTX_DAG_ID='Units_statistics_DAG' AIRFLOW_CTX_TASK_ID='ETL_job' AIRFLOW_CTX_EXECUTION_DATE='2024-05-06T04:20:00+00:00' AIRFLOW_CTX_TRY_NUMBER='1' AIRFLOW_CTX_DAG_RUN_ID='scheduled__2024-05-06T04:20:00+00:00'
[2024-05-06T04:40:16.239+0000] {Units_dag.py:99} INFO - i: 50000, chunk: 10000
[2024-05-06T04:40:16.239+0000] {Units_dag.py:100} INFO - child token is::: eyJ0eXAiOiJKV1QiLCJhbGciOiJIUzI1NiJ9.eyJpc3MiOiJodHRwczovL2FwaS5hZmFxeS5zYS9hdXRoL2xvZ2luX2FzIiwiaWF0IjoxNzE0OTcwNDAzLCJleHAiOjE3MTc1NjI0MDMsIm5iZiI6MTcxNDk3MDQwMywianRpIjoiVlBZVUlsT3VYczBpZ3pOYiIsInN1YiI6IjVkNjNlNTFlMDNlZDUyOTJhNDJjMjRlNiIsInBydiI6IjI3MGVjZmM3ZWEzZWQ5MzdlYTg0OTM2MmEzYTUwOTEwYzZkOGNlNGYiLCJsb2dpbl9hc19pZCI6IjY1N2YwYWQ3M2Y5NzcyOTVjZjA1NTc2YSJ9.3AvOFfdb4DILURcDuU-BEBlxMaJpu0JGWFDzitVyDNw
[2024-05-06T04:40:36.461+0000] {Units_dag.py:104} INFO - {'_id': '62af3f20313bde5c03386a0a', 'icon': 'icons/icon.png', 'driver_id': '', 'tailer_id': '', 'profile': {'vehicle_type': '', 'measurement_type': 'count', 'max_capacity': 0, 'vin': '', 'plate_number': '', 'start_operation': '', 'contract_milage': '', 'opening_milage': '', 'model': '', 'fuel_type': '91', 'year': 0, 'seats': 2}, 'device_password': '***', 'device_type': 'gps', 'gateway': False, 'name': '3640 - ب ص س', 'operation_code': '', 'device_gateway': '', 'business_types': {'waste': False, 'transportation': True, 'water': False}, 'imei': '860665057455726', 'sim_number': '+966830028528087', 'sim_serial': '996609821110933154', 'device_serial': '860665057455726', 'device': 'bce', 'user_id': '5f8bf21303ed52b7fb1c11ba', 'created_by': '5e6655bf03ed52e1ab79d301', 'updated_at': '2024-04-18 11:18:59', 'created_at': '2022-06-19 18:22:08', 'custom_fields': [], 'creator': 'amr.ahmed', 'company': '', 'owner': 'alwefaq-rent', 'last_update': {'dtt': 1714970392000, 'dts': 1714970401697, 'spd': 53, 'ang': 286, 'alt': 51, 'chPrams': {'ePwrV': {'v': 14.18, 'cdt': 1714970392000}, 'di16': {'v': 1, 'cdt': 1712746176000}, 'rssi1': {'v': 75, 'cdt': 1714970366000}, 'di15': {'v': 0, 'cdt': 1713515072000}, 'di14': {'v': 0, 'cdt': 1714970316000}, 'di13': {'v': 0, 'cdt': 1712746176000}, 'di12': {'v': 0, 'cdt': 1712746176000}, 'di11': {'v': 0, 'cdt': 1712746176000}, 'di10': {'v': 0, 'cdt': 1712746176000}, 'di2': {'v': 0, 'cdt': 1712746176000}, 'di1': {'v': 1, 'cdt': 1714970064000}, 'ai4': {'v': 268, 'cdt': 1714970312000}, 'di4': {'v': 0, 'cdt': 1712746176000}, 'di3': {'v': 0, 'cdt': 1712746176000}, 'di6': {'v': 0, 'cdt': 1712746176000}, 'di5': {'v': 1, 'cdt': 1714970038000}, 'lac1': {'v': 2232, 'cdt': 1714965386000}, 'protocol': {'v': 'bce', 'cdt': 1712746176000}, 'di8': {'v': 1, 'cdt': 1712766422000}, 'di7': {'v': 1, 'cdt': 1714970064000}, 'di9': {'v': 0, 'cdt': 1712746176000}, 'iPwrV': {'v': 4.026, 'cdt': 1714969006000}, 'humidity': {'v': -1, 'cdt': 1712746176000}, 'cid1': {'v': 22943, 'cdt': 1714970312000}, 'temp': {'v': -273, 'cdt': 1712941110000}, 'odometer': {'v': 1130393756, 'cdt': 1714970392000}, 'spd': {'v': 53, 'cdt': 1714970392000}, 'sat': {'v': 12, 'cdt': 1714799794000}, 'ta': {'v': 0, 'cdt': 1712746176000}, 'hdop': {'v': 1, 'cdt': 1712912462000}, 'mcc1': {'v': 420, 'cdt': 1714456284000}, 'mnc1': {'v': 3, 'cdt': 1714456284000}}, 'prms': {'protocol': 'bce', 'spd': 53, 'sat': 12, 'hdop': 1, 'odometer': 1130393756, 'di16': 1, 'di15': 0, 'di14': 0, 'di13': 0, 'di12': 0, 'di11': 0, 'di10': 0, 'di9': 0, 'di8': 1, 'di7': 1, 'di6': 0, 'di5': 1, 'di4': 0, 'di3': 0, 'di2': 0, 'di1': 1, 'ePwrV': 14.18, 'ai4': 268, 'iPwrV': 4.026, 'ta': 0, 'mcc1': 420, 'mnc1': 3, 'lac1': 2232, 'cid1': 22943, 'rssi1': 75, 'temp': -273, 'humidity': -1}, 'devPrms': ['protocol', 'spd', 'sat', 'hdop', 'odometer', 'di16', 'di15', 'di14', 'di13', 'di12', 'di11', 'di10', 'di9', 'di8', 'di7', 'di6', 'di5', 'di4', 'di3', 'di2', 'di1', 'ePwrV', 'ai4', 'iPwrV', 'ta', 'mcc1', 'mnc1', 'lac1', 'cid1', 'rssi1', 'temp', 'humidity'], 'old_params': {'protocol': 'bce', 'spd': 48, 'sat': 12, 'hdop': 1, 'odometer': 1122603168, 'di16': 1, 'di15': 0, 'di14': 0, 'di13': 0, 'di12': 0, 'di11': 0, 'di10': 0, 'di9': 0, 'di8': 1, 'di7': 1, 'di6': 0, 'di5': 1, 'di4': 0, 'di3': 0, 'di2': 0, 'di1': 1, 'ePwrV': 14.163, 'ai4': 268, 'iPwrV': 4.026, 'ta': 0, 'mcc1': 420, 'mnc1': 3, 'lac1': 2232, 'cid1': 22943, 'rssi1': 75, 'temp': -273, 'humidity': -1}, 'vLoc': 1, 'vCon': 1, 'ip': '109.83.7.77', 'rl': 0.2248, 'trl': 121775.1175, 'mdu': 16, 'tmdu': 7371882, 'eidl': 0, 'teidl': 2474612, 'fc': 0.026976, 'tfc': 6.637344, 'acc': 1, 'accOn': 11199198, 'accOff': 49426500, 'sdu': 0, 'tsdu': 0, 'lat': 21.450578689575195, 'lng': 39.28598403930664}, 'counters': {'odometer_type': 'gps', 'odometer': 121785.1149, 'engine_hours_type': 'acc', 'engine_hours': 11199198, 'last_acc': 1}, 'is_wasl_connected': 'Not Connected', 'iconUrl': 'https://api.afaqy.sa/images/units/icons/icon.png', 'hasCCTV': False}
[2024-05-06T04:40:37.291+0000] {warnings.py:109} WARNING - /home/***/.local/lib/python3.8/site-packages/elasticsearch/_sync/client/__init__.py:399: SecurityWarning: Connecting to 'https://dbelk2.afaqy.local:9200' using TLS with verify_certs=False is insecure
  _transport = transport_class(

[2024-05-06T04:40:37.413+0000] {warnings.py:109} WARNING - /home/***/.local/lib/python3.8/site-packages/elasticsearch/_sync/client/__init__.py:399: SecurityWarning: Connecting to 'https://dbelk3.afaqy.local:9200' using TLS with verify_certs=False is insecure
  _transport = transport_class(

[2024-05-06T04:40:37.530+0000] {warnings.py:109} WARNING - /home/***/.local/lib/python3.8/site-packages/elasticsearch/_sync/client/__init__.py:399: SecurityWarning: Connecting to 'https://dbelk1.afaqy.local:9200' using TLS with verify_certs=False is insecure
  _transport = transport_class(

[2024-05-06T04:40:37.572+0000] {warnings.py:109} WARNING - /home/***/.local/lib/python3.8/site-packages/urllib3/connectionpool.py:1061: InsecureRequestWarning: Unverified HTTPS request is being made to host 'dbelk2.afaqy.local'. Adding certificate verification is strongly advised. See: https://urllib3.readthedocs.io/en/1.26.x/advanced-usage.html#ssl-warnings
  warnings.warn(

[2024-05-06T04:40:37.655+0000] {_transport.py:335} INFO - GET https://dbelk2.afaqy.local:9200/_cluster/health [status:200 duration:0.107s]
[2024-05-06T04:40:38.474+0000] {warnings.py:109} WARNING - /home/***/.local/lib/python3.8/site-packages/urllib3/connectionpool.py:1061: InsecureRequestWarning: Unverified HTTPS request is being made to host 'dbelk3.afaqy.local'. Adding certificate verification is strongly advised. See: https://urllib3.readthedocs.io/en/1.26.x/advanced-usage.html#ssl-warnings
  warnings.warn(

[2024-05-06T04:40:41.376+0000] {_transport.py:335} INFO - PUT https://dbelk3.afaqy.local:9200/units_statistics_***/_bulk [status:200 duration:2.918s]
[2024-05-06T04:40:41.906+0000] {taskinstance.py:2731} ERROR - Task failed with exception
Traceback (most recent call last):
  File "/home/airflow/.local/lib/python3.8/site-packages/airflow/models/taskinstance.py", line 444, in _execute_task
    result = _execute_callable(context=context, **execute_callable_kwargs)
  File "/home/airflow/.local/lib/python3.8/site-packages/airflow/models/taskinstance.py", line 414, in _execute_callable
    return execute_callable(context=context, **execute_callable_kwargs)
  File "/home/airflow/.local/lib/python3.8/site-packages/airflow/decorators/base.py", line 241, in execute
    return_value = super().execute(context)
  File "/home/airflow/.local/lib/python3.8/site-packages/airflow/operators/python.py", line 200, in execute
    return_value = self.execute_callable()
  File "/home/airflow/.local/lib/python3.8/site-packages/airflow/operators/python.py", line 217, in execute_callable
    return self.python_callable(*self.op_args, **self.op_kwargs)
  File "/opt/airflow/dags/Units_dag.py", line 112, in ETL_job
    Elk_client.elk_pushData(Globals.index_name,units_list_update)
  File "/opt/airflow/dags/elk_manager.py", line 69, in elk_pushData
    helpers.bulk(self.elk_client, docs_list, index=index_name, chunk_size=batch)
  File "/home/airflow/.local/lib/python3.8/site-packages/elasticsearch/helpers/actions.py", line 521, in bulk
    for ok, item in streaming_bulk(
  File "/home/airflow/.local/lib/python3.8/site-packages/elasticsearch/helpers/actions.py", line 436, in streaming_bulk
    for data, (ok, info) in zip(
  File "/home/airflow/.local/lib/python3.8/site-packages/elasticsearch/helpers/actions.py", line 355, in _process_bulk_chunk
    yield from gen
  File "/home/airflow/.local/lib/python3.8/site-packages/elasticsearch/helpers/actions.py", line 274, in _process_bulk_chunk_success
    raise BulkIndexError(f"{len(errors)} document(s) failed to index.", errors)
elasticsearch.helpers.BulkIndexError: 1 document(s) failed to index.
[2024-05-06T04:40:41.919+0000] {taskinstance.py:1149} INFO - Marking task as UP_FOR_RETRY. dag_id=Units_statistics_DAG, task_id=ETL_job, map_index=5, execution_date=20240506T042000, start_date=20240506T044015, end_date=20240506T044041
[2024-05-06T04:40:41.946+0000] {standard_task_runner.py:107} ERROR - Failed to execute job 34797 for task ETL_job (1 document(s) failed to index.; 799413)
[2024-05-06T04:40:42.015+0000] {local_task_job_runner.py:234} INFO - Task exited with return code 1
[2024-05-06T04:40:42.042+0000] {taskinstance.py:3312} INFO - 0 downstream tasks scheduled from follow-on schedule check
