[2024-05-11T20:24:16.706+0000] {taskinstance.py:1979} INFO - Dependencies all met for dep_context=non-requeueable deps ti=<TaskInstance: Units_statistics_DAG.ETL_job scheduled__2024-05-11T20:00:00+00:00 map_index=15 [queued]>
[2024-05-11T20:24:16.740+0000] {taskinstance.py:1979} INFO - Dependencies all met for dep_context=requeueable deps ti=<TaskInstance: Units_statistics_DAG.ETL_job scheduled__2024-05-11T20:00:00+00:00 map_index=15 [queued]>
[2024-05-11T20:24:16.749+0000] {taskinstance.py:2193} INFO - Starting attempt 3 of 4
[2024-05-11T20:24:16.783+0000] {taskinstance.py:2217} INFO - Executing <Mapped(_PythonDecoratedOperator): ETL_job> on 2024-05-11 20:00:00+00:00
[2024-05-11T20:24:16.801+0000] {standard_task_runner.py:60} INFO - Started process 949030 to run task
[2024-05-11T20:24:16.809+0000] {standard_task_runner.py:87} INFO - Running: ['***', 'tasks', 'run', 'Units_statistics_DAG', 'ETL_job', 'scheduled__2024-05-11T20:00:00+00:00', '--job-id', '51540', '--raw', '--subdir', 'DAGS_FOLDER/Units_dag.py', '--cfg-path', '/tmp/tmp15qtrsrp', '--map-index', '15']
[2024-05-11T20:24:16.814+0000] {standard_task_runner.py:88} INFO - Job 51540: Subtask ETL_job
[2024-05-11T20:24:16.964+0000] {task_command.py:423} INFO - Running <TaskInstance: Units_statistics_DAG.ETL_job scheduled__2024-05-11T20:00:00+00:00 map_index=15 [running]> on host a09da322e808
[2024-05-11T20:24:17.262+0000] {taskinstance.py:2513} INFO - Exporting env vars: AIRFLOW_CTX_DAG_OWNER='abeer-araby' AIRFLOW_CTX_DAG_ID='Units_statistics_DAG' AIRFLOW_CTX_TASK_ID='ETL_job' AIRFLOW_CTX_EXECUTION_DATE='2024-05-11T20:00:00+00:00' AIRFLOW_CTX_TRY_NUMBER='3' AIRFLOW_CTX_DAG_RUN_ID='scheduled__2024-05-11T20:00:00+00:00'
[2024-05-11T20:24:17.263+0000] {Units_dag.py:98} INFO - i: 150000, chunk: 10000
[2024-05-11T20:24:17.264+0000] {Units_dag.py:99} INFO - child token is::: eyJ0eXAiOiJKV1QiLCJhbGciOiJIUzI1NiJ9.eyJpc3MiOiJodHRwczovL2FwaS5hZmFxeS5zYS9hdXRoL2xvZ2luX2FzIiwiaWF0IjoxNzE1NDU4ODA0LCJleHAiOjE3MTgwNTA4MDQsIm5iZiI6MTcxNTQ1ODgwNCwianRpIjoiZjIzSVZtNEZCSFRJUG5DUSIsInN1YiI6IjVkNjNlNTFlMDNlZDUyOTJhNDJjMjRlNiIsInBydiI6IjI3MGVjZmM3ZWEzZWQ5MzdlYTg0OTM2MmEzYTUwOTEwYzZkOGNlNGYiLCJsb2dpbl9hc19pZCI6IjY1N2YwYWQ3M2Y5NzcyOTVjZjA1NTc2YSJ9.g075Lb043b_ota6SLLhvQTCEACXUlAI0Ywt6Pdh55Zg
[2024-05-11T20:24:36.987+0000] {Units_dag.py:103} INFO - {'_id': '659bfcd033f0dedf4b080c39', 'icon': 'icons/icon.png', 'driver_id': '61f9119e0945374ce5625e1c', 'tailer_id': '', 'profile': {'vehicle_type': 'SINOTRUCK', 'measurement_type': 'count', 'max_capacity': 600, 'vin': 'LZZPBLNF6PJ306714', 'plate_number': 'ZSA9767', 'start_operation': '', 'contract_milage': '', 'opening_milage': '', 'model': '122984020', 'fuel_type': 'diesel', 'year': 2023, 'seats': 1}, 'shipment_info': {'product_category': None, 'truck_type': None, 'shipment_type': None, 'shipment_payment_type': None, 'transporter_type': None, 'operating_area': None, 'weight_kilograms_per_day': None, 'kms_per_day': None, 'shipment_trip_drive_hrs_day': None, 'allowable_delay_drive_hrs_day': None, 'expected_shipment_trip_day': None, 'car_pay_per_day': None, 'exceeding_temperature_limit_per_day': None, 'temperature_upper_limit': None, 'exceeding_humidity_limit_per_day': None, 'humidity_upper_limit': None}, 'device_password': '***', 'device_type': 'gps', 'gateway': False, 'business_types': {'waste': False, 'transportation': True, 'water': False}, 'name': '2656-ZSA9767', 'operation_code': '', 'device_gateway': '', 'skip_sim_information': False, 'imei': '864376049476111', 'sim_number': '+966830020197064', 'sim_serial': '8996609821112134525', 'device_serial': '864376049476111', 'device': 'bce', 'user_id': '5e57ed5a03ed52ad545fafb7', 'created_by': '5e6655bf03ed52e1ab79d301', 'updated_at': '2024-05-01 16:51:08', 'created_at': '2024-01-08 16:46:56', 'custom_fields': [], 'creator': 'amr.ahmed', 'company': 'Al Khalidi Holding Co.', 'owner': 'al-khalidi', 'last_update': {'dtt': 1715458994000, 'dts': 1715459003077, 'spd': 67, 'ang': 64, 'alt': 1014, 'chPrams': {'ai1': {'v': 0, 'cdt': 1712930486000}, 'trailer1_status': {'v': 0, 'cdt': 1712930486000}, 'trailer2_status': {'v': 0, 'cdt': 1712930486000}, 'j1939_fuel_rate': {'v': 291, 'cdt': 1715458994000}, 'can_engine_hrs': {'v': 16479, 'cdt': 1715458982000}, 'trailer2_id': {'v': 0, 'cdt': 1712930486000}, 'ai4': {'v': 6289, 'cdt': 1715458994000}, 'j1939_air_temp': {'v': 13375, 'cdt': 1715444572000}, 'protocol': {'v': 'bce', 'cdt': 1712930486000}, 'iPwrV': {'v': 4.134, 'cdt': 1715458994000}, 'brk': {'v': '0.00', 'cdt': 1715456962000}, 'ID': {'v': '0', 'cdt': 1715456914000}, 'cid1': {'v': 4431, 'cdt': 1715457082000}, 'j1939_fl_con': {'v': 9308315, 'cdt': 1715458994000}, 'odometer': {'v': 1130212037, 'cdt': 1715458994000}, 'spd': {'v': 67, 'cdt': 1715458994000}, 'can_taho': {'v': '0', 'cdt': 1708170658000}, 'can_fls': {'v': 0, 'cdt': 1715457142000}, 'mnc1': {'v': 3, 'cdt': 1713930508000}, 'total_fuel': {'v': 18617, 'cdt': 1715458994000}, 'ePwrV': {'v': 28.023, 'cdt': 1715458994000}, 'di16': {'v': 1, 'cdt': 1712930486000}, 'di15': {'v': '0', 'cdt': 1708255528000}, 'rssi1': {'v': 63, 'cdt': 1715458982000}, 'di14': {'v': 0, 'cdt': 1715458982000}, 'di13': {'v': 0, 'cdt': 1712930486000}, 'di12': {'v': 1, 'cdt': 1715458884000}, 'di11': {'v': 0, 'cdt': 1715441002000}, 'can_mileage': {'v': 6795251, 'cdt': 1715458994000}, 'can_rpm': {'v': 8780, 'cdt': 1715458994000}, 'fuel_con_ins': {'v': 0.056027777493, 'cdt': 1715458994000}, 'di10': {'v': 0, 'cdt': 1712930486000}, 'di2': {'v': 1, 'cdt': 1715394104000}, 'di1': {'v': 1, 'cdt': 1715458994000}, 'di4': {'v': 1, 'cdt': 1715394104000}, 'di3': {'v': 1, 'cdt': 1715458842000}, 'di6': {'v': 1, 'cdt': 1715394104000}, 'di5': {'v': 1, 'cdt': 1715444540000}, 'lac1': {'v': 1086, 'cdt': 1715456240000}, 'j1939_flfmseco': {'v': 2401, 'cdt': 1715458994000}, 'di8': {'v': 1, 'cdt': 1715394104000}, 'di7': {'v': 1, 'cdt': 1715444572000}, 'engine_temp': {'v': 122, 'cdt': 1715458982000}, 'di9': {'v': 0, 'cdt': 1713644970000}, 'crn': {'v': '0.00', 'cdt': 1715458952000}, 'crashData3': {'v': 8, 'cdt': 1713233822000}, 'crashData1': {'v': 54, 'cdt': 1715066854000}, 'crashData2': {'v': 47, 'cdt': 1715066854000}, 'sat': {'v': 12, 'cdt': 1715433986000}, 'trailer1_id': {'v': 0, 'cdt': 1712930486000}, 'accel': {'v': '0.00', 'cdt': 1715458952000}, 'ta': {'v': 0, 'cdt': 1712930486000}, 'hdop': {'v': 1, 'cdt': 1715091662000}, 'mcc1': {'v': 420, 'cdt': 1713930508000}}, 'prms': {'protocol': 'bce', 'spd': 67, 'sat': 12, 'hdop': 1, 'odometer': 1130212037, 'di16': 1, 'di15': 0, 'di14': 0, 'di13': 0, 'di12': 1, 'di11': 0, 'di10': 0, 'di9': 0, 'di8': 1, 'di7': 1, 'di6': 1, 'di5': 1, 'di4': 1, 'di3': 1, 'di2': 1, 'di1': 1, 'ai1': 0, 'ePwrV': 28.023, 'ai4': 6289, 'iPwrV': 4.134, 'ta': 0, 'mcc1': 420, 'mnc1': 3, 'lac1': 1086, 'cid1': 4431, 'rssi1': 63, 'total_fuel': 18617, 'can_fls': 0, 'can_rpm': 8780, 'can_engine_hrs': 16479, 'can_mileage': 6795251, 'engine_temp': 122, 'j1939_air_temp': 13375, 'trailer1_id': 0, 'trailer1_status': 0, 'trailer2_id': 0, 'trailer2_status': 0, 'j1939_fuel_rate': 291, 'j1939_flfmseco': 2401, 'j1939_fl_con': 9308315, 'ID': '0', 'fuel_con_ins': 0.056027777493, 'accel': '0.00', 'brk': '0.00', 'crn': '0.00'}, 'devPrms': ['protocol', 'spd', 'sat', 'hdop', 'odometer', 'di16', 'di15', 'di14', 'di13', 'di12', 'di11', 'di10', 'di9', 'di8', 'di7', 'di6', 'di5', 'di4', 'di3', 'di2', 'di1', 'ai1', 'ePwrV', 'ai4', 'iPwrV', 'ta', 'mcc1', 'mnc1', 'lac1', 'cid1', 'rssi1', 'total_fuel', 'can_fls', 'can_rpm', 'can_engine_hrs', 'can_mileage', 'engine_temp', 'j1939_air_temp', 'trailer1_id', 'trailer1_status', 'trailer2_id', 'trailer2_status', 'j1939_fuel_rate', 'j1939_flfmseco', 'j1939_fl_con', 'ID', 'fuel_con_ins', 'accel', 'brk', 'crn'], 'old_params': {'protocol': 'bce', 'spd': 65, 'sat': 12, 'hdop': 1, 'odometer': 1141337016, 'di16': 1, 'di15': 0, 'di14': 0, 'di13': 0, 'di12': 1, 'di11': 0, 'di10': 0, 'di9': 0, 'di8': 1, 'di7': 1, 'di6': 1, 'di5': 1, 'di4': 1, 'di3': 1, 'di2': 1, 'di1': 0, 'ai1': 0, 'ePwrV': 27.961, 'ai4': 7538, 'iPwrV': 4.131, 'ta': 0, 'mcc1': 420, 'mnc1': 3, 'lac1': 1086, 'cid1': 4431, 'rssi1': 63, 'total_fuel': 18616, 'can_fls': 0, 'can_rpm': 8456, 'can_engine_hrs': 16479, 'can_mileage': 6795205, 'engine_temp': 122, 'j1939_air_temp': 13375, 'trailer1_id': 0, 'trailer1_status': 0, 'trailer2_id': 0, 'trailer2_status': 0, 'j1939_fuel_rate': 292, 'j1939_flfmseco': 2319, 'j1939_fl_con': 9308267, 'ID': '0', 'fuel_con_ins': 0.107111111283302, 'accel': '0.00', 'brk': '0.00', 'crn': '0.00'}, 'vLoc': 1, 'vCon': 1, 'ip': '37.216.7.102', 'rl': 0.2405, 'trl': 32464.3773, 'mdu': 12, 'tmdu': 1756828, 'eidl': 0, 'teidl': 1249702, 'fc': 0.02886, 'tfc': 32.950488, 'acc': 1, 'accOn': 3088812130, 'accOff': 3082102250, 'sdu': 0, 'tsdu': 0, 'lat': 23.072898864746094, 'lng': 42.89211654663086}, 'counters': {'engine_hours': 3088812130, 'last_acc': 1, 'odometer': 32463.1765, 'engine_hours_type': '', 'odometer_type': ''}, 'is_wasl_connected': 'Connected', 'iconUrl': 'https://api.afaqy.sa/images/units/icons/icon.png', 'hasCCTV': False}
[2024-05-11T20:24:37.568+0000] {warnings.py:109} WARNING - /home/***/.local/lib/python3.8/site-packages/elasticsearch/_sync/client/__init__.py:399: SecurityWarning: Connecting to 'https://dbelk3.afaqy.local:9200' using TLS with verify_certs=False is insecure
  _transport = transport_class(

[2024-05-11T20:24:37.622+0000] {warnings.py:109} WARNING - /home/***/.local/lib/python3.8/site-packages/elasticsearch/_sync/client/__init__.py:399: SecurityWarning: Connecting to 'https://dbelk1.afaqy.local:9200' using TLS with verify_certs=False is insecure
  _transport = transport_class(

[2024-05-11T20:24:37.672+0000] {warnings.py:109} WARNING - /home/***/.local/lib/python3.8/site-packages/elasticsearch/_sync/client/__init__.py:399: SecurityWarning: Connecting to 'https://dbelk2.afaqy.local:9200' using TLS with verify_certs=False is insecure
  _transport = transport_class(

[2024-05-11T20:24:38.381+0000] {warnings.py:109} WARNING - /home/***/.local/lib/python3.8/site-packages/urllib3/connectionpool.py:1061: InsecureRequestWarning: Unverified HTTPS request is being made to host 'dbelk3.afaqy.local'. Adding certificate verification is strongly advised. See: https://urllib3.readthedocs.io/en/1.26.x/advanced-usage.html#ssl-warnings
  warnings.warn(

[2024-05-11T20:24:38.492+0000] {_transport.py:335} INFO - GET https://dbelk3.afaqy.local:9200/_cluster/health [status:200 duration:0.817s]
[2024-05-11T20:24:38.903+0000] {warnings.py:109} WARNING - /home/***/.local/lib/python3.8/site-packages/urllib3/connectionpool.py:1061: InsecureRequestWarning: Unverified HTTPS request is being made to host 'dbelk1.afaqy.local'. Adding certificate verification is strongly advised. See: https://urllib3.readthedocs.io/en/1.26.x/advanced-usage.html#ssl-warnings
  warnings.warn(

[2024-05-11T20:24:41.683+0000] {_transport.py:335} INFO - PUT https://dbelk1.afaqy.local:9200/units_statistics_***/_bulk [status:200 duration:2.811s]
[2024-05-11T20:24:41.936+0000] {taskinstance.py:2731} ERROR - Task failed with exception
Traceback (most recent call last):
  File "/home/airflow/.local/lib/python3.8/site-packages/airflow/models/taskinstance.py", line 444, in _execute_task
    result = _execute_callable(context=context, **execute_callable_kwargs)
  File "/home/airflow/.local/lib/python3.8/site-packages/airflow/models/taskinstance.py", line 414, in _execute_callable
    return execute_callable(context=context, **execute_callable_kwargs)
  File "/home/airflow/.local/lib/python3.8/site-packages/airflow/decorators/base.py", line 241, in execute
    return_value = super().execute(context)
  File "/home/airflow/.local/lib/python3.8/site-packages/airflow/operators/python.py", line 200, in execute
    return_value = self.execute_callable()
  File "/home/airflow/.local/lib/python3.8/site-packages/airflow/operators/python.py", line 217, in execute_callable
    return self.python_callable(*self.op_args, **self.op_kwargs)
  File "/opt/airflow/dags/Units_dag.py", line 111, in ETL_job
    Elk_client.elk_pushData(Globals.index_name,units_list_update)
  File "/opt/airflow/dags/units_statistics/elk_manager.py", line 69, in elk_pushData
    helpers.bulk(self.elk_client, docs_list, index=index_name, chunk_size=batch)
  File "/home/airflow/.local/lib/python3.8/site-packages/elasticsearch/helpers/actions.py", line 521, in bulk
    for ok, item in streaming_bulk(
  File "/home/airflow/.local/lib/python3.8/site-packages/elasticsearch/helpers/actions.py", line 436, in streaming_bulk
    for data, (ok, info) in zip(
  File "/home/airflow/.local/lib/python3.8/site-packages/elasticsearch/helpers/actions.py", line 355, in _process_bulk_chunk
    yield from gen
  File "/home/airflow/.local/lib/python3.8/site-packages/elasticsearch/helpers/actions.py", line 274, in _process_bulk_chunk_success
    raise BulkIndexError(f"{len(errors)} document(s) failed to index.", errors)
elasticsearch.helpers.BulkIndexError: 668 document(s) failed to index.
[2024-05-11T20:24:41.952+0000] {taskinstance.py:1149} INFO - Marking task as UP_FOR_RETRY. dag_id=Units_statistics_DAG, task_id=ETL_job, map_index=15, execution_date=20240511T200000, start_date=20240511T202416, end_date=20240511T202441
[2024-05-11T20:24:41.970+0000] {standard_task_runner.py:107} ERROR - Failed to execute job 51540 for task ETL_job (668 document(s) failed to index.; 949030)
[2024-05-11T20:24:42.039+0000] {local_task_job_runner.py:234} INFO - Task exited with return code 1
[2024-05-11T20:24:42.075+0000] {taskinstance.py:3312} INFO - 0 downstream tasks scheduled from follow-on schedule check
