[2024-04-23T12:40:15.779+0000] {taskinstance.py:1979} INFO - Dependencies all met for dep_context=non-requeueable deps ti=<TaskInstance: Units_statistics_DAG.ETL_job scheduled__2024-04-23T12:20:00+00:00 map_index=8 [queued]>
[2024-04-23T12:40:15.865+0000] {taskinstance.py:1979} INFO - Dependencies all met for dep_context=requeueable deps ti=<TaskInstance: Units_statistics_DAG.ETL_job scheduled__2024-04-23T12:20:00+00:00 map_index=8 [queued]>
[2024-04-23T12:40:15.866+0000] {taskinstance.py:2193} INFO - Starting attempt 1 of 4
[2024-04-23T12:40:16.037+0000] {taskinstance.py:2217} INFO - Executing <Mapped(_PythonDecoratedOperator): ETL_job> on 2024-04-23 12:20:00+00:00
[2024-04-23T12:40:16.080+0000] {standard_task_runner.py:60} INFO - Started process 495286 to run task
[2024-04-23T12:40:16.173+0000] {standard_task_runner.py:87} INFO - Running: ['***', 'tasks', 'run', 'Units_statistics_DAG', 'ETL_job', 'scheduled__2024-04-23T12:20:00+00:00', '--job-id', '13041', '--raw', '--subdir', 'DAGS_FOLDER/Units_dag.py', '--cfg-path', '/tmp/tmpjrvse31v', '--map-index', '8']
[2024-04-23T12:40:16.196+0000] {standard_task_runner.py:88} INFO - Job 13041: Subtask ETL_job
[2024-04-23T12:40:16.532+0000] {task_command.py:423} INFO - Running <TaskInstance: Units_statistics_DAG.ETL_job scheduled__2024-04-23T12:20:00+00:00 map_index=8 [running]> on host a09da322e808
[2024-04-23T12:40:17.112+0000] {taskinstance.py:2513} INFO - Exporting env vars: AIRFLOW_CTX_DAG_OWNER='abeer-araby' AIRFLOW_CTX_DAG_ID='Units_statistics_DAG' AIRFLOW_CTX_TASK_ID='ETL_job' AIRFLOW_CTX_EXECUTION_DATE='2024-04-23T12:20:00+00:00' AIRFLOW_CTX_TRY_NUMBER='1' AIRFLOW_CTX_DAG_RUN_ID='scheduled__2024-04-23T12:20:00+00:00'
[2024-04-23T12:40:17.113+0000] {Units_dag.py:99} INFO - i: 80000, chunk: 10000
[2024-04-23T12:40:17.114+0000] {Units_dag.py:100} INFO - child token is::: eyJ0eXAiOiJKV1QiLCJhbGciOiJIUzI1NiJ9.eyJpc3MiOiJodHRwczovL2FwaS5hZmFxeS5zYS9hdXRoL2xvZ2luX2FzIiwiaWF0IjoxNzEzODc2MDAzLCJleHAiOjE3MTY0NjgwMDMsIm5iZiI6MTcxMzg3NjAwMywianRpIjoiSzRnM1pvVEF4RFNTY1ZDaiIsInN1YiI6IjVkNjNlNTFlMDNlZDUyOTJhNDJjMjRlNiIsInBydiI6IjI3MGVjZmM3ZWEzZWQ5MzdlYTg0OTM2MmEzYTUwOTEwYzZkOGNlNGYiLCJsb2dpbl9hc19pZCI6IjY1N2YwYWQ3M2Y5NzcyOTVjZjA1NTc2YSJ9.ThAawjs0rENu-qyvZ0iJvcL0aHkqvfIljQ8Mvjcf6-4
[2024-04-23T12:40:49.771+0000] {Units_dag.py:104} INFO - {'_id': '63d80c84d41a6019cc40544d', 'icon': 'icons/icon.png', 'driver_id': '', 'tailer_id': '', 'profile': {'measurement_type': 'count', 'fuel_type': '91', 'year': 0, 'seats': 2}, 'device_password': '***', 'device_type': 'gps', 'gateway': False, 'name': '4065 - D X B', 'operation_code': None, 'device_gateway': None, 'business_types': {'waste': False, 'transportation': True, 'water': False}, 'imei': '866854051800483', 'sim_number': '+966830028524623', 'sim_serial': '996609821110929690', 'device_serial': '866854051800483', 'device': 'bce', 'user_id': '63c3ef672cabbb6db33623df', 'created_by': '5e6655bf03ed52e1ab79d301', 'updated_at': '2024-04-18 11:18:59', 'created_at': '2023-01-30 21:29:24', 'custom_fields': [], 'creator': 'amr.ahmed', 'company': '', 'owner': 'al-nakhla-admin', 'last_update': {'dtt': 1713875770000, 'dts': 1713875791516, 'spd': 0, 'ang': 56, 'alt': 647, 'chPrams': {'ePwrV': {'v': 12.718, 'cdt': 1713875770000}, 'di16': {'v': 0, 'cdt': 1712394176000}, 'di15': {'v': 0, 'cdt': 1675105114000}, 'rssi1': {'v': 69, 'cdt': 1713875770000}, 'di14': {'v': 0, 'cdt': 1713862322000}, 'di13': {'v': 0, 'cdt': 1712394176000}, 'di12': {'v': 0, 'cdt': 1712394176000}, 'di11': {'v': 0, 'cdt': 1712394176000}, 'di10': {'v': 0, 'cdt': 1712394176000}, 'di2': {'v': 1, 'cdt': 1713508208000}, 'di1': {'v': 0, 'cdt': 1713862546000}, 'di4': {'v': 0, 'cdt': 1712394176000}, 'di3': {'v': 0, 'cdt': 1712394176000}, 'di6': {'v': 1, 'cdt': 1712394176000}, 'di5': {'v': 0, 'cdt': 1713862546000}, 'lac1': {'v': 1221, 'cdt': 1713861964000}, 'protocol': {'v': 'bce', 'cdt': 1712394176000}, 'di8': {'v': 1, 'cdt': 1712394176000}, 'di7': {'v': 0, 'cdt': 1713862546000}, 'di9': {'v': 0, 'cdt': 1712394176000}, 'iPwrV': {'v': 3.92, 'cdt': 1713875166000}, 'cid1': {'v': 13973, 'cdt': 1713873664000}, 'odometer': {'v': 0, 'cdt': 1713862508000}, 'spd': {'v': 0, 'cdt': 1713862516000}, 'sat': {'v': 14, 'cdt': 1713875770000}, 'hdop': {'v': 1, 'cdt': 1713857096000}, 'ta': {'v': 0, 'cdt': 1712394176000}, 'mcc1': {'v': 420, 'cdt': 1712394176000}, 'mnc1': {'v': 3, 'cdt': 1712394176000}}, 'prms': {'protocol': 'bce', 'spd': 0, 'sat': 14, 'hdop': 1, 'odometer': 0, 'di16': 0, 'di15': 0, 'di14': 0, 'di13': 0, 'di12': 0, 'di11': 0, 'di10': 0, 'di9': 0, 'di8': 1, 'di7': 0, 'di6': 1, 'di5': 0, 'di4': 0, 'di3': 0, 'di2': 1, 'di1': 0, 'ePwrV': 12.718, 'iPwrV': 3.92, 'ta': 0, 'mcc1': 420, 'mnc1': 3, 'lac1': 1221, 'cid1': 13973, 'rssi1': 69}, 'devPrms': ['protocol', 'spd', 'sat', 'hdop', 'odometer', 'di16', 'di15', 'di14', 'di13', 'di12', 'di11', 'di10', 'di9', 'di8', 'di7', 'di6', 'di5', 'di4', 'di3', 'di2', 'di1', 'ePwrV', 'iPwrV', 'ta', 'mcc1', 'mnc1', 'lac1', 'cid1', 'rssi1'], 'old_params': {'di16': 0, 'ePwrV': 12.683, 'di15': 0, 'rssi1': 70, 'di14': 0, 'di13': 0, 'di12': 0, 'di11': 0, 'di10': 0, 'di2': 1, 'di1': 0, 'di4': 0, 'di3': 0, 'di6': 1, 'di5': 0, 'lac1': 1221, 'protocol': 'bce', 'di8': 1, 'di7': 0, 'di9': 0, 'iPwrV': 3.92, 'cid1': 13973, 'odometer': 0, 'spd': 0, 'sat': 15, 'hdop': 1, 'ta': 0, 'mcc1': 420, 'mnc1': 3}, 'vLoc': 1, 'vCon': 1, 'ip': '37.216.37.184', 'rl': 0, 'trl': 12054.5798, 'mdu': 0, 'tmdu': 599232, 'eidl': 0, 'teidl': 211216, 'fc': 0, 'tfc': 3.749184, 'acc': 0, 'accOn': 12475760, 'accOff': 34718760, 'sdu': 302, 'tsdu': 13224, 'lat': 24.752031326293945, 'lng': 46.63637161254883}, 'counters': {'odometer_type': 'gps', 'odometer': 36673.9855, 'engine_hours_type': 'acc', 'engine_hours': 12475760, 'last_acc': 0}, 'is_wasl_connected': 'Not Connected', 'iconUrl': 'https://api.afaqy.sa/images/units/icons/icon.png', 'hasCCTV': False}
[2024-04-23T12:40:50.459+0000] {warnings.py:109} WARNING - /home/***/.local/lib/python3.8/site-packages/elasticsearch/_sync/client/__init__.py:399: SecurityWarning: Connecting to 'https://dbelk3.afaqy.local:9200' using TLS with verify_certs=False is insecure
  _transport = transport_class(

[2024-04-23T12:40:50.497+0000] {warnings.py:109} WARNING - /home/***/.local/lib/python3.8/site-packages/elasticsearch/_sync/client/__init__.py:399: SecurityWarning: Connecting to 'https://dbelk2.afaqy.local:9200' using TLS with verify_certs=False is insecure
  _transport = transport_class(

[2024-04-23T12:40:50.542+0000] {warnings.py:109} WARNING - /home/***/.local/lib/python3.8/site-packages/elasticsearch/_sync/client/__init__.py:399: SecurityWarning: Connecting to 'https://dbelk1.afaqy.local:9200' using TLS with verify_certs=False is insecure
  _transport = transport_class(

[2024-04-23T12:40:50.577+0000] {warnings.py:109} WARNING - /home/***/.local/lib/python3.8/site-packages/urllib3/connectionpool.py:1061: InsecureRequestWarning: Unverified HTTPS request is being made to host 'dbelk3.afaqy.local'. Adding certificate verification is strongly advised. See: https://urllib3.readthedocs.io/en/1.26.x/advanced-usage.html#ssl-warnings
  warnings.warn(

[2024-04-23T12:40:50.652+0000] {_transport.py:335} INFO - GET https://dbelk3.afaqy.local:9200/_cluster/health [status:200 duration:0.109s]
[2024-04-23T12:40:51.522+0000] {warnings.py:109} WARNING - /home/***/.local/lib/python3.8/site-packages/urllib3/connectionpool.py:1061: InsecureRequestWarning: Unverified HTTPS request is being made to host 'dbelk2.afaqy.local'. Adding certificate verification is strongly advised. See: https://urllib3.readthedocs.io/en/1.26.x/advanced-usage.html#ssl-warnings
  warnings.warn(

[2024-04-23T12:40:54.227+0000] {_transport.py:335} INFO - PUT https://dbelk2.afaqy.local:9200/units_statistics_***/_bulk [status:200 duration:2.743s]
[2024-04-23T12:40:54.700+0000] {python.py:202} INFO - Done. Returned value was: None
[2024-04-23T12:40:54.720+0000] {taskinstance.py:1149} INFO - Marking task as SUCCESS. dag_id=Units_statistics_DAG, task_id=ETL_job, map_index=8, execution_date=20240423T122000, start_date=20240423T124015, end_date=20240423T124054
[2024-04-23T12:40:54.778+0000] {local_task_job_runner.py:234} INFO - Task exited with return code 0
[2024-04-23T12:40:54.808+0000] {taskinstance.py:3312} INFO - 0 downstream tasks scheduled from follow-on schedule check
