[2024-05-11T10:40:15.601+0000] {taskinstance.py:1979} INFO - Dependencies all met for dep_context=non-requeueable deps ti=<TaskInstance: Units_statistics_DAG.ETL_job scheduled__2024-05-11T10:20:00+00:00 map_index=12 [queued]>
[2024-05-11T10:40:15.641+0000] {taskinstance.py:1979} INFO - Dependencies all met for dep_context=requeueable deps ti=<TaskInstance: Units_statistics_DAG.ETL_job scheduled__2024-05-11T10:20:00+00:00 map_index=12 [queued]>
[2024-05-11T10:40:15.642+0000] {taskinstance.py:2193} INFO - Starting attempt 1 of 4
[2024-05-11T10:40:15.698+0000] {taskinstance.py:2217} INFO - Executing <Mapped(_PythonDecoratedOperator): ETL_job> on 2024-05-11 10:20:00+00:00
[2024-05-11T10:40:15.705+0000] {standard_task_runner.py:60} INFO - Started process 938323 to run task
[2024-05-11T10:40:15.766+0000] {standard_task_runner.py:87} INFO - Running: ['***', 'tasks', 'run', 'Units_statistics_DAG', 'ETL_job', 'scheduled__2024-05-11T10:20:00+00:00', '--job-id', '50341', '--raw', '--subdir', 'DAGS_FOLDER/Units_dag.py', '--cfg-path', '/tmp/tmp8u8wxvri', '--map-index', '12']
[2024-05-11T10:40:15.793+0000] {standard_task_runner.py:88} INFO - Job 50341: Subtask ETL_job
[2024-05-11T10:40:16.187+0000] {task_command.py:423} INFO - Running <TaskInstance: Units_statistics_DAG.ETL_job scheduled__2024-05-11T10:20:00+00:00 map_index=12 [running]> on host a09da322e808
[2024-05-11T10:40:16.790+0000] {taskinstance.py:2513} INFO - Exporting env vars: AIRFLOW_CTX_DAG_OWNER='abeer-araby' AIRFLOW_CTX_DAG_ID='Units_statistics_DAG' AIRFLOW_CTX_TASK_ID='ETL_job' AIRFLOW_CTX_EXECUTION_DATE='2024-05-11T10:20:00+00:00' AIRFLOW_CTX_TRY_NUMBER='1' AIRFLOW_CTX_DAG_RUN_ID='scheduled__2024-05-11T10:20:00+00:00'
[2024-05-11T10:40:16.791+0000] {Units_dag.py:98} INFO - i: 120000, chunk: 10000
[2024-05-11T10:40:16.791+0000] {Units_dag.py:99} INFO - child token is::: eyJ0eXAiOiJKV1QiLCJhbGciOiJIUzI1NiJ9.eyJpc3MiOiJodHRwczovL2FwaS5hZmFxeS5zYS9hdXRoL2xvZ2luX2FzIiwiaWF0IjoxNzE1NDI0MDA0LCJleHAiOjE3MTgwMTYwMDQsIm5iZiI6MTcxNTQyNDAwNCwianRpIjoiYUM2S2R0TDhqem81RjBxbSIsInN1YiI6IjVkNjNlNTFlMDNlZDUyOTJhNDJjMjRlNiIsInBydiI6IjI3MGVjZmM3ZWEzZWQ5MzdlYTg0OTM2MmEzYTUwOTEwYzZkOGNlNGYiLCJsb2dpbl9hc19pZCI6IjY1N2YwYWQ3M2Y5NzcyOTVjZjA1NTc2YSJ9.qHrTGvnmMFEx2nPqie13IVzZCBKf6Ije9mMUuOmNTFk
[2024-05-11T10:40:47.854+0000] {Units_dag.py:103} INFO - {'_id': '64cf9bdffb262d2dd21e76c4', 'icon': 'icons/A_12.png', 'driver_id': '', 'tailer_id': '', 'profile': {'vehicle_type': '', 'measurement_type': 'count', 'max_capacity': 0, 'vin': '', 'plate_number': '', 'start_operation': '', 'contract_milage': '', 'opening_milage': '', 'model': '', 'fuel_type': '91', 'year': 0, 'seats': 2}, 'device_password': '***', 'device_type': 'gps', 'gateway': False, 'business_types': {'waste': False, 'transportation': True, 'water': False}, 'name': 'أ س ع 1339', 'operation_code': '', 'device_gateway': '', 'skip_sim_information': False, 'imei': '861937063458435', 'sim_number': '+966830032282816', 'sim_serial': '8996609821111916674', 'device_serial': '861937063458435', 'device': 'bce', 'user_id': '5ed3a92603ed527acb46a02c', 'created_by': '5e6655bf03ed52e1ab79d301', 'updated_at': '2024-04-18 11:18:59', 'created_at': '2023-08-06 16:10:55', 'shipment_info': {'product_category': None, 'truck_type': None, 'shipment_type': None, 'shipment_payment_type': None, 'transporter_type': None, 'operating_area': None, 'weight_kilograms_per_day': None, 'kms_per_day': None, 'shipment_trip_drive_hrs_day': None, 'allowable_delay_drive_hrs_day': None, 'expected_shipment_trip_day': None, 'car_pay_per_day': None, 'exceeding_temperature_limit_per_day': None, 'temperature_upper_limit': None, 'exceeding_humidity_limit_per_day': None, 'humidity_upper_limit': None}, 'custom_fields': [], 'creator': 'amr.ahmed', 'company': '', 'owner': 'al-musalam', 'last_update': {'dtt': 1715423728000, 'dts': 1715423733422, 'spd': 0, 'ang': 8, 'alt': 0, 'chPrams': {'ePwrV': {'v': 25.302, 'cdt': 1715423728000}, 'di16': {'v': 1, 'cdt': 1714888492000}, 'di15': {'v': 0, 'cdt': 1711525046000}, 'di14': {'v': 0, 'cdt': 1715423038000}, 'di13': {'v': 0, 'cdt': 1714910836000}, 'ai1': {'v': 0, 'cdt': 1714915076000}, 'di12': {'v': 0, 'cdt': 1714888492000}, 'ai3': {'v': 320, 'cdt': 1715422474000}, 'di11': {'v': 0, 'cdt': 1714888492000}, 'di10': {'v': 0, 'cdt': 1714888492000}, 'trailer1_status': {'v': 0, 'cdt': 1714915076000}, 'trailer2_status': {'v': 0, 'cdt': 1714915076000}, 'ai5': {'v': 278, 'cdt': 1715423728000}, 'di2': {'v': 0, 'cdt': 1714467286000}, 'trailer2_id': {'v': 0, 'cdt': 1714915076000}, 'di1': {'v': 0, 'cdt': 1715423106000}, 'ai4': {'v': 3842, 'cdt': 1715423728000}, 'di4': {'v': 0, 'cdt': 1714888492000}, 'ai7': {'v': 0, 'cdt': 1714915076000}, 'di3': {'v': 0, 'cdt': 1714888492000}, 'di6': {'v': 1, 'cdt': 1714915076000}, 'di5': {'v': 0, 'cdt': 1715423128000}, 'protocol': {'v': 'bce', 'cdt': 1714888492000}, 'di8': {'v': 1, 'cdt': 1714888492000}, 'di7': {'v': 0, 'cdt': 1715423428000}, 'di9': {'v': 0, 'cdt': 1714888492000}, 'iPwrV': {'v': 4.098, 'cdt': 1715423076000}, 'odometer': {'v': 0, 'cdt': 1715423062000}, 'spd': {'v': 0, 'cdt': 1715423076000}, 'sat': {'v': 12, 'cdt': 1715423728000}, 'trailer1_id': {'v': 0, 'cdt': 1714915076000}, 'hdop': {'v': 1, 'cdt': 1715416718000}}, 'prms': {'protocol': 'bce', 'spd': 0, 'sat': 12, 'hdop': 1, 'odometer': 0, 'di16': 1, 'di15': 0, 'di14': 0, 'di13': 0, 'di12': 0, 'di11': 0, 'di10': 0, 'di9': 0, 'di8': 1, 'di7': 0, 'di6': 1, 'di5': 0, 'di4': 0, 'di3': 0, 'di2': 0, 'di1': 0, 'ai1': 0, 'ePwrV': 25.302, 'ai3': 320, 'ai4': 3842, 'ai5': 278, 'iPwrV': 4.098, 'ai7': 0, 'trailer1_id': 0, 'trailer1_status': 0, 'trailer2_id': 0, 'trailer2_status': 0}, 'devPrms': ['protocol', 'spd', 'sat', 'hdop', 'odometer', 'di16', 'di15', 'di14', 'di13', 'di12', 'di11', 'di10', 'di9', 'di8', 'di7', 'di6', 'di5', 'di4', 'di3', 'di2', 'di1', 'ai1', 'ePwrV', 'ai3', 'ai4', 'ai5', 'iPwrV', 'ai7', 'trailer1_id', 'trailer1_status', 'trailer2_id', 'trailer2_status'], 'old_params': {'di16': 1, 'ePwrV': 25.382, 'di15': 0, 'di14': 0, 'di13': 0, 'ai1': 0, 'di12': 0, 'di11': 0, 'ai3': 320, 'di10': 0, 'trailer1_status': 0, 'trailer2_status': 0, 'di2': 0, 'ai5': 289, 'trailer2_id': 0, 'di1': 0, 'ai4': 3852, 'di4': 0, 'ai7': 0, 'di3': 0, 'di6': 1, 'di5': 0, 'protocol': 'bce', 'di8': 1, 'di7': 0, 'di9': 0, 'iPwrV': 4.098, 'odometer': 0, 'spd': 0, 'sat': 10, 'trailer1_id': 0, 'hdop': 1}, 'vLoc': 1, 'vCon': 1, 'ip': '109.83.94.202', 'rl': 0, 'trl': 41770.3066, 'mdu': 0, 'tmdu': 2470422, 'eidl': 0, 'teidl': 1960204, 'fc': 0, 'tfc': 165.955776, 'acc': 0, 'accOn': 14267950, 'accOff': 11101220, 'sdu': 300, 'tsdu': 600, 'lat': 26.50615692138672, 'lng': 50.20195007324219}, 'counters': {'odometer_type': 'gps', 'odometer': 41770.2415, 'engine_hours_type': 'acc', 'engine_hours': 14267950, 'last_acc': 0}, 'is_wasl_connected': 'Connected', 'iconUrl': 'https://api.afaqy.sa/images/units/icons/A_12.png', 'hasCCTV': False}
[2024-05-11T10:40:49.072+0000] {warnings.py:109} WARNING - /home/***/.local/lib/python3.8/site-packages/elasticsearch/_sync/client/__init__.py:399: SecurityWarning: Connecting to 'https://dbelk3.afaqy.local:9200' using TLS with verify_certs=False is insecure
  _transport = transport_class(

[2024-05-11T10:40:49.184+0000] {warnings.py:109} WARNING - /home/***/.local/lib/python3.8/site-packages/elasticsearch/_sync/client/__init__.py:399: SecurityWarning: Connecting to 'https://dbelk2.afaqy.local:9200' using TLS with verify_certs=False is insecure
  _transport = transport_class(

[2024-05-11T10:40:49.289+0000] {warnings.py:109} WARNING - /home/***/.local/lib/python3.8/site-packages/elasticsearch/_sync/client/__init__.py:399: SecurityWarning: Connecting to 'https://dbelk1.afaqy.local:9200' using TLS with verify_certs=False is insecure
  _transport = transport_class(

[2024-05-11T10:40:49.325+0000] {warnings.py:109} WARNING - /home/***/.local/lib/python3.8/site-packages/urllib3/connectionpool.py:1061: InsecureRequestWarning: Unverified HTTPS request is being made to host 'dbelk3.afaqy.local'. Adding certificate verification is strongly advised. See: https://urllib3.readthedocs.io/en/1.26.x/advanced-usage.html#ssl-warnings
  warnings.warn(

[2024-05-11T10:40:50.963+0000] {_transport.py:335} INFO - GET https://dbelk3.afaqy.local:9200/_cluster/health [status:200 duration:1.672s]
[2024-05-11T10:40:51.570+0000] {warnings.py:109} WARNING - /home/***/.local/lib/python3.8/site-packages/urllib3/connectionpool.py:1061: InsecureRequestWarning: Unverified HTTPS request is being made to host 'dbelk2.afaqy.local'. Adding certificate verification is strongly advised. See: https://urllib3.readthedocs.io/en/1.26.x/advanced-usage.html#ssl-warnings
  warnings.warn(

[2024-05-11T10:40:51.610+0000] {_transport.py:335} INFO - PUT https://dbelk2.afaqy.local:9200/units_statistics_***/_bulk [status:429 duration:0.214s]
[2024-05-11T10:40:51.621+0000] {_node_pool.py:249} WARNING - Node <Urllib3HttpNode(https://dbelk2.afaqy.local:9200)> has failed for 1 times in a row, putting on 1 second timeout
[2024-05-11T10:40:51.621+0000] {_transport.py:427} WARNING - Retrying request after non-successful status 429 (attempt 0 of 3)
[2024-05-11T10:40:51.625+0000] {warnings.py:109} WARNING - /home/***/.local/lib/python3.8/site-packages/urllib3/connectionpool.py:1061: InsecureRequestWarning: Unverified HTTPS request is being made to host 'dbelk3.afaqy.local'. Adding certificate verification is strongly advised. See: https://urllib3.readthedocs.io/en/1.26.x/advanced-usage.html#ssl-warnings
  warnings.warn(

[2024-05-11T10:40:51.659+0000] {_transport.py:335} INFO - PUT https://dbelk3.afaqy.local:9200/units_statistics_***/_bulk [status:429 duration:0.037s]
[2024-05-11T10:40:51.663+0000] {_node_pool.py:249} WARNING - Node <Urllib3HttpNode(https://dbelk3.afaqy.local:9200)> has failed for 1 times in a row, putting on 1 second timeout
[2024-05-11T10:40:51.664+0000] {_transport.py:427} WARNING - Retrying request after non-successful status 429 (attempt 1 of 3)
[2024-05-11T10:40:51.768+0000] {warnings.py:109} WARNING - /home/***/.local/lib/python3.8/site-packages/urllib3/connectionpool.py:1061: InsecureRequestWarning: Unverified HTTPS request is being made to host 'dbelk1.afaqy.local'. Adding certificate verification is strongly advised. See: https://urllib3.readthedocs.io/en/1.26.x/advanced-usage.html#ssl-warnings
  warnings.warn(

[2024-05-11T10:40:57.249+0000] {_transport.py:335} INFO - PUT https://dbelk1.afaqy.local:9200/units_statistics_***/_bulk [status:200 duration:5.585s]
[2024-05-11T10:40:57.630+0000] {python.py:202} INFO - Done. Returned value was: None
[2024-05-11T10:40:57.648+0000] {taskinstance.py:1149} INFO - Marking task as SUCCESS. dag_id=Units_statistics_DAG, task_id=ETL_job, map_index=12, execution_date=20240511T102000, start_date=20240511T104015, end_date=20240511T104057
[2024-05-11T10:40:57.706+0000] {local_task_job_runner.py:234} INFO - Task exited with return code 0
[2024-05-11T10:40:57.734+0000] {taskinstance.py:3312} INFO - 0 downstream tasks scheduled from follow-on schedule check
