[2024-05-04T14:00:13.889+0000] {taskinstance.py:1979} INFO - Dependencies all met for dep_context=non-requeueable deps ti=<TaskInstance: Units_statistics_DAG.ETL_job scheduled__2024-05-04T13:40:00+00:00 map_index=13 [queued]>
[2024-05-04T14:00:13.976+0000] {taskinstance.py:1979} INFO - Dependencies all met for dep_context=requeueable deps ti=<TaskInstance: Units_statistics_DAG.ETL_job scheduled__2024-05-04T13:40:00+00:00 map_index=13 [queued]>
[2024-05-04T14:00:13.977+0000] {taskinstance.py:2193} INFO - Starting attempt 1 of 4
[2024-05-04T14:00:14.129+0000] {taskinstance.py:2217} INFO - Executing <Mapped(_PythonDecoratedOperator): ETL_job> on 2024-05-04 13:40:00+00:00
[2024-05-04T14:00:14.177+0000] {standard_task_runner.py:60} INFO - Started process 759741 to run task
[2024-05-04T14:00:14.244+0000] {standard_task_runner.py:87} INFO - Running: ['***', 'tasks', 'run', 'Units_statistics_DAG', 'ETL_job', 'scheduled__2024-05-04T13:40:00+00:00', '--job-id', '31555', '--raw', '--subdir', 'DAGS_FOLDER/Units_dag.py', '--cfg-path', '/tmp/tmpa9e47gjf', '--map-index', '13']
[2024-05-04T14:00:14.247+0000] {standard_task_runner.py:88} INFO - Job 31555: Subtask ETL_job
[2024-05-04T14:00:14.607+0000] {task_command.py:423} INFO - Running <TaskInstance: Units_statistics_DAG.ETL_job scheduled__2024-05-04T13:40:00+00:00 map_index=13 [running]> on host a09da322e808
[2024-05-04T14:00:15.382+0000] {taskinstance.py:2513} INFO - Exporting env vars: AIRFLOW_CTX_DAG_OWNER='abeer-araby' AIRFLOW_CTX_DAG_ID='Units_statistics_DAG' AIRFLOW_CTX_TASK_ID='ETL_job' AIRFLOW_CTX_EXECUTION_DATE='2024-05-04T13:40:00+00:00' AIRFLOW_CTX_TRY_NUMBER='1' AIRFLOW_CTX_DAG_RUN_ID='scheduled__2024-05-04T13:40:00+00:00'
[2024-05-04T14:00:15.384+0000] {Units_dag.py:99} INFO - i: 130000, chunk: 10000
[2024-05-04T14:00:15.384+0000] {Units_dag.py:100} INFO - child token is::: eyJ0eXAiOiJKV1QiLCJhbGciOiJIUzI1NiJ9.eyJpc3MiOiJodHRwczovL2FwaS5hZmFxeS5zYS9hdXRoL2xvZ2luX2FzIiwiaWF0IjoxNzE0ODMxMjAzLCJleHAiOjE3MTc0MjMyMDMsIm5iZiI6MTcxNDgzMTIwMywianRpIjoiQU4zV3MwaUlEUVFicHJGRCIsInN1YiI6IjVkNjNlNTFlMDNlZDUyOTJhNDJjMjRlNiIsInBydiI6IjI3MGVjZmM3ZWEzZWQ5MzdlYTg0OTM2MmEzYTUwOTEwYzZkOGNlNGYiLCJsb2dpbl9hc19pZCI6IjY1N2YwYWQ3M2Y5NzcyOTVjZjA1NTc2YSJ9.ZSt6rQIRD6fD0nnyGCMSxdyp62G8D8ZVQ2ZQWnnQzOQ
[2024-05-04T14:00:41.077+0000] {Units_dag.py:104} INFO - {'_id': '650c355872f13f24e349a208', 'icon': 'icons/icon.png', 'driver_id': '', 'tailer_id': '', 'profile': {'vehicle_type': '', 'measurement_type': 'count', 'max_capacity': 0, 'vin': '', 'plate_number': '', 'start_operation': '', 'contract_milage': '', 'opening_milage': '', 'model': '', 'fuel_type': '91', 'year': 0, 'seats': 2}, 'shipment_info': {'product_category': None, 'truck_type': None, 'shipment_type': None, 'shipment_payment_type': None, 'transporter_type': None, 'operating_area': None, 'weight_kilograms_per_day': None, 'kms_per_day': None, 'shipment_trip_drive_hrs_day': None, 'allowable_delay_drive_hrs_day': None, 'expected_shipment_trip_day': None, 'car_pay_per_day': None, 'exceeding_temperature_limit_per_day': None, 'temperature_upper_limit': None, 'exceeding_humidity_limit_per_day': None, 'humidity_upper_limit': None}, 'device_password': '***', 'device_type': 'gps', 'gateway': False, 'business_types': {'waste': False, 'transportation': True, 'water': False}, 'name': '0034', 'operation_code': '', 'device_gateway': '', 'skip_sim_information': False, 'imei': '862427060149699', 'sim_number': '+966830031821286', 'sim_serial': '421296751173', 'device_serial': '862427060149699', 'device': 'bceIotm', 'cctv': {'dvr_id': None, 'channels': None}, 'user_id': '6256d949674c9170c17c2e93', 'created_by': '5e6655bf03ed52e1ab79d301', 'updated_at': '2024-04-18 11:18:59', 'created_at': '2023-09-21 15:21:44', 'custom_fields': [], 'creator': 'amr.ahmed', 'company': '', 'owner': 'masar-adv-admin', 'last_update': {'dtt': 1714831080000, 'dts': 1714831085596, 'spd': 0, 'ang': 4, 'alt': 306, 'chPrams': {'acc': {'v': 0, 'cdt': 1714620180000}, 'sensor_8192': {'v': 0, 'cdt': 1714620180000}, 'fw_name': {'v': 'QF0_01_125', 'cdt': 1714279024000}, 'ePwrV': {'v': 24757, 'cdt': 1714831080000}, 'sensor_8197': {'v': 48, 'cdt': 1714805580000}, 'sensor_153': {'v': 0, 'cdt': 1695801807000}, 'sensor_8193': {'v': 20, 'cdt': 1714620157000}, 'war_id': {'v': 1, 'cdt': 1714797286000}, 'sensor_12289': {'v': 37, 'cdt': 1714831080000}, 'protocol': {'v': 'MQTT', 'cdt': 1713040676000}, 'sensor_2': {'v': 0, 'cdt': 1714620180000}, 'sensor_16': {'v': 0, 'cdt': 1714137629000}, 'sensor_17': {'v': 0, 'cdt': 1714137629000}, 'sensor_18': {'v': 0, 'cdt': 1714137629000}, 'sensor_12290': {'v': 9, 'cdt': 1714831080000}, 'sensor_45058': {'v': 19821155.782147475, 'cdt': 1714620157000}, 'sensor_12292': {'v': 4001, 'cdt': 1714831080000}, 'spd': {'v': 0, 'cdt': 1714620180000}, 'sat': {'v': 14, 'cdt': 1714830180000}, 'sensor_12291': {'v': 0, 'cdt': 1714831080000}, 'fun_id': {'v': 240, 'cdt': 1714797286000}, 'hdop': {'v': 7, 'cdt': 1714829880000}, 'sensor_12299': {'v': 7, 'cdt': 1714821780000}, 'sensor_148': {'v': 0, 'cdt': 1713948166000}, 'sensor_49156': {'v': 'script1', 'cdt': 1713175389000}, 'sensor_40963': {'v': -200, 'cdt': 1714485270000}, 'sensor_40964': {'v': -200, 'cdt': 1714485270000}}, 'prms': {'sensor_45058': 19821155.782147475, 'sensor_12299': 7, 'ePwrV': 24757, 'sensor_12292': 4001, 'sensor_12289': 37, 'sensor_12290': 9, 'sensor_12291': 0, 'sensor_40963': -200, 'sensor_40964': -200, 'sensor_8192': 0, 'spd': 0, 'hdop': 7, 'sat': 14, 'acc': 0, 'sensor_8197': 48, 'sensor_2': 0, 'sensor_148': 0, 'sensor_153': 0, 'sensor_16': 0, 'sensor_17': 0, 'sensor_18': 0, 'protocol': 'MQTT'}, 'devPrms': ['sensor_45058', 'sensor_12299', 'ePwrV', 'sensor_12292', 'sensor_12289', 'sensor_12290', 'sensor_12291', 'sensor_40963', 'sensor_40964', 'sensor_8192', 'spd', 'hdop', 'sat', 'acc', 'sensor_8197', 'sensor_2', 'sensor_148', 'sensor_153', 'sensor_16', 'sensor_17', 'sensor_18', 'protocol'], 'old_params': {'sensor_12290': 18, 'acc': 0, 'sensor_45058': 19821155.782147475, 'sensor_8192': 0, 'ePwrV': 24773, 'sensor_12292': 3999, 'spd': 0, 'sensor_12291': 9, 'sat': 14, 'sensor_8197': 48, 'hdop': 7, 'sensor_153': 0, 'sensor_12289': 46, 'sensor_12299': 7, 'protocol': 'bceIotm', 'sensor_2': 0, 'sensor_148': 0, 'sensor_40963': -200, 'sensor_40964': -200, 'sensor_16': 0, 'sensor_17': 0, 'sensor_18': 0}, 'vLoc': 1, 'vCon': 1, 'ip': '51.39.4.153', 'rl': 0, 'trl': 0, 'mdu': 0, 'tmdu': 1350750, 'eidl': 0, 'teidl': 1715570, 'fc': 0, 'tfc': 0, 'acc': 0, 'accOn': 6981729, 'accOff': 14774710, 'sdu': 300, 'tsdu': 210935, 'lat': 21.391237258911133, 'lng': 39.74676513671875}, 'counters': {'odometer_type': 'canbus', 'odometer': 0, 'engine_hours_type': 'acc', 'engine_hours': 6981729, 'last_acc': 0}, 'is_wasl_connected': 'Connected', 'iconUrl': 'https://api.afaqy.sa/images/units/icons/icon.png', 'hasCCTV': False}
[2024-05-04T14:00:41.675+0000] {warnings.py:109} WARNING - /home/***/.local/lib/python3.8/site-packages/elasticsearch/_sync/client/__init__.py:399: SecurityWarning: Connecting to 'https://dbelk2.afaqy.local:9200' using TLS with verify_certs=False is insecure
  _transport = transport_class(

[2024-05-04T14:00:41.737+0000] {warnings.py:109} WARNING - /home/***/.local/lib/python3.8/site-packages/elasticsearch/_sync/client/__init__.py:399: SecurityWarning: Connecting to 'https://dbelk1.afaqy.local:9200' using TLS with verify_certs=False is insecure
  _transport = transport_class(

[2024-05-04T14:00:41.783+0000] {warnings.py:109} WARNING - /home/***/.local/lib/python3.8/site-packages/elasticsearch/_sync/client/__init__.py:399: SecurityWarning: Connecting to 'https://dbelk3.afaqy.local:9200' using TLS with verify_certs=False is insecure
  _transport = transport_class(

[2024-05-04T14:00:41.805+0000] {warnings.py:109} WARNING - /home/***/.local/lib/python3.8/site-packages/urllib3/connectionpool.py:1061: InsecureRequestWarning: Unverified HTTPS request is being made to host 'dbelk2.afaqy.local'. Adding certificate verification is strongly advised. See: https://urllib3.readthedocs.io/en/1.26.x/advanced-usage.html#ssl-warnings
  warnings.warn(

[2024-05-04T14:00:41.898+0000] {_transport.py:335} INFO - GET https://dbelk2.afaqy.local:9200/_cluster/health [status:200 duration:0.113s]
[2024-05-04T14:00:42.313+0000] {warnings.py:109} WARNING - /home/***/.local/lib/python3.8/site-packages/urllib3/connectionpool.py:1061: InsecureRequestWarning: Unverified HTTPS request is being made to host 'dbelk1.afaqy.local'. Adding certificate verification is strongly advised. See: https://urllib3.readthedocs.io/en/1.26.x/advanced-usage.html#ssl-warnings
  warnings.warn(

[2024-05-04T14:00:44.834+0000] {_transport.py:335} INFO - PUT https://dbelk1.afaqy.local:9200/units_statistics_***/_bulk [status:200 duration:2.549s]
[2024-05-04T14:00:44.928+0000] {taskinstance.py:2731} ERROR - Task failed with exception
Traceback (most recent call last):
  File "/home/airflow/.local/lib/python3.8/site-packages/airflow/models/taskinstance.py", line 444, in _execute_task
    result = _execute_callable(context=context, **execute_callable_kwargs)
  File "/home/airflow/.local/lib/python3.8/site-packages/airflow/models/taskinstance.py", line 414, in _execute_callable
    return execute_callable(context=context, **execute_callable_kwargs)
  File "/home/airflow/.local/lib/python3.8/site-packages/airflow/decorators/base.py", line 241, in execute
    return_value = super().execute(context)
  File "/home/airflow/.local/lib/python3.8/site-packages/airflow/operators/python.py", line 200, in execute
    return_value = self.execute_callable()
  File "/home/airflow/.local/lib/python3.8/site-packages/airflow/operators/python.py", line 217, in execute_callable
    return self.python_callable(*self.op_args, **self.op_kwargs)
  File "/opt/airflow/dags/Units_dag.py", line 112, in ETL_job
    Elk_client.elk_pushData(Globals.index_name,units_list_update)
  File "/opt/airflow/dags/elk_manager.py", line 69, in elk_pushData
    helpers.bulk(self.elk_client, docs_list, index=index_name, chunk_size=batch)
  File "/home/airflow/.local/lib/python3.8/site-packages/elasticsearch/helpers/actions.py", line 521, in bulk
    for ok, item in streaming_bulk(
  File "/home/airflow/.local/lib/python3.8/site-packages/elasticsearch/helpers/actions.py", line 436, in streaming_bulk
    for data, (ok, info) in zip(
  File "/home/airflow/.local/lib/python3.8/site-packages/elasticsearch/helpers/actions.py", line 355, in _process_bulk_chunk
    yield from gen
  File "/home/airflow/.local/lib/python3.8/site-packages/elasticsearch/helpers/actions.py", line 274, in _process_bulk_chunk_success
    raise BulkIndexError(f"{len(errors)} document(s) failed to index.", errors)
elasticsearch.helpers.BulkIndexError: 1 document(s) failed to index.
[2024-05-04T14:00:44.941+0000] {taskinstance.py:1149} INFO - Marking task as UP_FOR_RETRY. dag_id=Units_statistics_DAG, task_id=ETL_job, map_index=13, execution_date=20240504T134000, start_date=20240504T140013, end_date=20240504T140044
[2024-05-04T14:00:44.960+0000] {standard_task_runner.py:107} ERROR - Failed to execute job 31555 for task ETL_job (1 document(s) failed to index.; 759741)
[2024-05-04T14:00:45.007+0000] {local_task_job_runner.py:234} INFO - Task exited with return code 1
[2024-05-04T14:00:45.043+0000] {taskinstance.py:3312} INFO - 0 downstream tasks scheduled from follow-on schedule check
