[2024-05-09T08:43:34.816+0000] {taskinstance.py:1979} INFO - Dependencies all met for dep_context=non-requeueable deps ti=<TaskInstance: Units_statistics_DAG.ETL_job scheduled__2024-05-09T08:20:00+00:00 map_index=6 [queued]>
[2024-05-09T08:43:34.830+0000] {taskinstance.py:1979} INFO - Dependencies all met for dep_context=requeueable deps ti=<TaskInstance: Units_statistics_DAG.ETL_job scheduled__2024-05-09T08:20:00+00:00 map_index=6 [queued]>
[2024-05-09T08:43:34.831+0000] {taskinstance.py:2193} INFO - Starting attempt 3 of 4
[2024-05-09T08:43:34.851+0000] {taskinstance.py:2217} INFO - Executing <Mapped(_PythonDecoratedOperator): ETL_job> on 2024-05-09 08:20:00+00:00
[2024-05-09T08:43:34.861+0000] {standard_task_runner.py:60} INFO - Started process 882616 to run task
[2024-05-09T08:43:34.867+0000] {standard_task_runner.py:87} INFO - Running: ['***', 'tasks', 'run', 'Units_statistics_DAG', 'ETL_job', 'scheduled__2024-05-09T08:20:00+00:00', '--job-id', '43855', '--raw', '--subdir', 'DAGS_FOLDER/Units_dag.py', '--cfg-path', '/tmp/tmpeeabyp7r', '--map-index', '6']
[2024-05-09T08:43:34.869+0000] {standard_task_runner.py:88} INFO - Job 43855: Subtask ETL_job
[2024-05-09T08:43:34.963+0000] {task_command.py:423} INFO - Running <TaskInstance: Units_statistics_DAG.ETL_job scheduled__2024-05-09T08:20:00+00:00 map_index=6 [running]> on host a09da322e808
[2024-05-09T08:43:35.132+0000] {taskinstance.py:2513} INFO - Exporting env vars: AIRFLOW_CTX_DAG_OWNER='abeer-araby' AIRFLOW_CTX_DAG_ID='Units_statistics_DAG' AIRFLOW_CTX_TASK_ID='ETL_job' AIRFLOW_CTX_EXECUTION_DATE='2024-05-09T08:20:00+00:00' AIRFLOW_CTX_TRY_NUMBER='3' AIRFLOW_CTX_DAG_RUN_ID='scheduled__2024-05-09T08:20:00+00:00'
[2024-05-09T08:43:35.133+0000] {Units_dag.py:98} INFO - i: 60000, chunk: 10000
[2024-05-09T08:43:35.134+0000] {Units_dag.py:99} INFO - child token is::: eyJ0eXAiOiJKV1QiLCJhbGciOiJIUzI1NiJ9.eyJpc3MiOiJodHRwczovL2FwaS5hZmFxeS5zYS9hdXRoL2xvZ2luX2FzIiwiaWF0IjoxNzE1MjQ0MDA0LCJleHAiOjE3MTc4MzYwMDQsIm5iZiI6MTcxNTI0NDAwNCwianRpIjoiWXAzUHVRNVBCSFZWY0MzMCIsInN1YiI6IjVkNjNlNTFlMDNlZDUyOTJhNDJjMjRlNiIsInBydiI6IjI3MGVjZmM3ZWEzZWQ5MzdlYTg0OTM2MmEzYTUwOTEwYzZkOGNlNGYiLCJsb2dpbl9hc19pZCI6IjY1N2YwYWQ3M2Y5NzcyOTVjZjA1NTc2YSJ9.MeIq2w1V7rZYEMy-lDSYjyMuxdlH5JsZKamMHBpErwA
[2024-05-09T08:43:55.905+0000] {Units_dag.py:103} INFO - {'_id': '633064ffb5965f31a369b3b5', 'icon': 'icons/icon.png', 'driver_id': '', 'tailer_id': '', 'profile': {'measurement_type': 'count', 'fuel_type': '91', 'year': 0, 'seats': 2}, 'device_password': '***', 'device_type': 'gps', 'gateway': False, 'name': '1603VGD', 'operation_code': None, 'device_gateway': None, 'business_types': {'waste': False, 'transportation': True, 'water': False}, 'imei': '866854059865603', 'sim_number': '+966830020151529', 'sim_serial': '996641520415679603', 'device_serial': '866854059865603', 'device': 'bce', 'user_id': '631f42b9592ec620f242907f', 'created_by': '5e6655bf03ed52e1ab79d301', 'updated_at': '2024-04-18 11:18:59', 'created_at': '2022-09-25 17:26:07', 'custom_fields': [], 'creator': 'amr.ahmed', 'company': '', 'owner': 'mohamed-elsafi-group-admin', 'last_update': {'dtt': 1692888210000, 'dts': 1692888227965, 'spd': 0, 'ang': 0, 'alt': 10, 'chPrams': {'ePwrV': {'v': 12.581, 'cdt': 1692888210000}, 'di16': {'v': 1, 'cdt': 1690448540000}, 'rssi1': {'v': 56, 'cdt': 1692888150000}, 'di15': {'v': 0, 'cdt': 1692858670000}, 'di14': {'v': 0, 'cdt': 1690916420000}, 'di13': {'v': 0, 'cdt': 1692881898000}, 'di12': {'v': 0, 'cdt': 1690448540000}, 'di11': {'v': 0, 'cdt': 1690448540000}, 'di10': {'v': 0, 'cdt': 1661933800000}, 'di2': {'v': 0, 'cdt': 1690987800000}, 'ai4': {'v': 28148, 'cdt': 1692888150000}, 'di1': {'v': 0, 'cdt': 1690916420000}, 'di4': {'v': 0, 'cdt': 1690987800000}, 'di3': {'v': 0, 'cdt': 1690448540000}, 'di6': {'v': 0, 'cdt': 1692886788000}, 'di5': {'v': 0, 'cdt': 1692886788000}, 'lac1': {'v': 3719, 'cdt': 1692885132000}, 'protocol': {'v': 'bce', 'cdt': 1690448540000}, 'di8': {'v': 1, 'cdt': 1690448540000}, 'di7': {'v': 0, 'cdt': 1692886688000}, 'di9': {'v': 0, 'cdt': 1690448540000}, 'iPwrV': {'v': 3.937, 'cdt': 1692888210000}, 'cid1': {'v': 36812, 'cdt': 1692886788000}, 'odometer': {'v': 1107935067, 'cdt': 1692888210000}, 'spd': {'v': 0, 'cdt': 1690916420000}, 'sat': {'v': 13, 'cdt': 1692888210000}, 'hdop': {'v': 1, 'cdt': 1692735134000}, 'ta': {'v': 0, 'cdt': 1692881898000}, 'mcc1': {'v': 420, 'cdt': 1692580772000}, 'mnc1': {'v': 3, 'cdt': 1692580772000}}, 'prms': {'protocol': 'bce', 'spd': 0, 'sat': 13, 'hdop': 1, 'odometer': 1107935067, 'di16': 1, 'di15': 0, 'di14': 0, 'di13': 0, 'di12': 0, 'di11': 0, 'di10': 0, 'di9': 0, 'di8': 1, 'di7': 0, 'di6': 0, 'di5': 0, 'di4': 0, 'di3': 0, 'di2': 0, 'di1': 0, 'ePwrV': 12.581, 'ai4': 28148, 'iPwrV': 3.937, 'ta': 0, 'mcc1': 420, 'mnc1': 3, 'lac1': 3719, 'cid1': 36812, 'rssi1': 56}, 'devPrms': ['protocol', 'spd', 'sat', 'hdop', 'odometer', 'di16', 'di15', 'di14', 'di13', 'di12', 'di11', 'di10', 'di9', 'di8', 'di7', 'di6', 'di5', 'di4', 'di3', 'di2', 'di1', 'ePwrV', 'ai4', 'iPwrV', 'ta', 'mcc1', 'mnc1', 'lac1', 'cid1', 'rssi1'], 'old_params': {'protocol': 'bce', 'spd': 0, 'sat': 12, 'hdop': 1, 'odometer': 1093303976, 'di16': 1, 'di15': 0, 'di14': 0, 'di13': 0, 'di12': 0, 'di11': 0, 'di10': 0, 'di9': 0, 'di8': 1, 'di7': 0, 'di6': 0, 'di5': 0, 'di4': 0, 'di3': 0, 'di2': 0, 'di1': 0, 'ePwrV': 12.599, 'ai4': 28148, 'iPwrV': 3.934, 'ta': 0, 'mcc1': 420, 'mnc1': 3, 'lac1': 3719, 'cid1': 36812, 'rssi1': 56}, 'vLoc': 1, 'vCon': 1, 'ip': '109.83.202.24', 'rl': 0, 'trl': 45423.9312, 'mdu': 0, 'tmdu': 2805220, 'eidl': 0, 'teidl': 1879868, 'fc': 0, 'tfc': 0, 'acc': 0, 'accOn': 7716272, 'accOff': 24434130, 'sdu': 60, 'tsdu': 1422, 'lat': 27.00511932373047, 'lng': 49.65915298461914}, 'counters': {'odometer_type': 'gps', 'odometer': 45423.7346, 'engine_hours_type': 'acc', 'engine_hours': 7716272, 'last_acc': 0}, 'is_wasl_connected': 'Not Connected', 'iconUrl': 'https://api.afaqy.sa/images/units/icons/icon.png', 'hasCCTV': False}
[2024-05-09T08:43:56.528+0000] {warnings.py:109} WARNING - /home/***/.local/lib/python3.8/site-packages/elasticsearch/_sync/client/__init__.py:399: SecurityWarning: Connecting to 'https://dbelk3.afaqy.local:9200' using TLS with verify_certs=False is insecure
  _transport = transport_class(

[2024-05-09T08:43:56.576+0000] {warnings.py:109} WARNING - /home/***/.local/lib/python3.8/site-packages/elasticsearch/_sync/client/__init__.py:399: SecurityWarning: Connecting to 'https://dbelk2.afaqy.local:9200' using TLS with verify_certs=False is insecure
  _transport = transport_class(

[2024-05-09T08:43:56.623+0000] {warnings.py:109} WARNING - /home/***/.local/lib/python3.8/site-packages/elasticsearch/_sync/client/__init__.py:399: SecurityWarning: Connecting to 'https://dbelk1.afaqy.local:9200' using TLS with verify_certs=False is insecure
  _transport = transport_class(

[2024-05-09T08:43:56.642+0000] {warnings.py:109} WARNING - /home/***/.local/lib/python3.8/site-packages/urllib3/connectionpool.py:1061: InsecureRequestWarning: Unverified HTTPS request is being made to host 'dbelk3.afaqy.local'. Adding certificate verification is strongly advised. See: https://urllib3.readthedocs.io/en/1.26.x/advanced-usage.html#ssl-warnings
  warnings.warn(

[2024-05-09T08:43:56.725+0000] {_transport.py:335} INFO - GET https://dbelk3.afaqy.local:9200/_cluster/health [status:200 duration:0.100s]
[2024-05-09T08:43:57.051+0000] {warnings.py:109} WARNING - /home/***/.local/lib/python3.8/site-packages/urllib3/connectionpool.py:1061: InsecureRequestWarning: Unverified HTTPS request is being made to host 'dbelk2.afaqy.local'. Adding certificate verification is strongly advised. See: https://urllib3.readthedocs.io/en/1.26.x/advanced-usage.html#ssl-warnings
  warnings.warn(

[2024-05-09T08:43:57.142+0000] {_transport.py:335} INFO - PUT https://dbelk2.afaqy.local:9200/units_statistics_***/_bulk [status:429 duration:0.110s]
[2024-05-09T08:43:57.143+0000] {_node_pool.py:249} WARNING - Node <Urllib3HttpNode(https://dbelk2.afaqy.local:9200)> has failed for 1 times in a row, putting on 1 second timeout
[2024-05-09T08:43:57.143+0000] {_transport.py:427} WARNING - Retrying request after non-successful status 429 (attempt 0 of 3)
[2024-05-09T08:43:57.144+0000] {warnings.py:109} WARNING - /home/***/.local/lib/python3.8/site-packages/urllib3/connectionpool.py:1061: InsecureRequestWarning: Unverified HTTPS request is being made to host 'dbelk3.afaqy.local'. Adding certificate verification is strongly advised. See: https://urllib3.readthedocs.io/en/1.26.x/advanced-usage.html#ssl-warnings
  warnings.warn(

[2024-05-09T08:43:57.160+0000] {_transport.py:335} INFO - PUT https://dbelk3.afaqy.local:9200/units_statistics_***/_bulk [status:429 duration:0.017s]
[2024-05-09T08:43:57.161+0000] {_node_pool.py:249} WARNING - Node <Urllib3HttpNode(https://dbelk3.afaqy.local:9200)> has failed for 1 times in a row, putting on 1 second timeout
[2024-05-09T08:43:57.161+0000] {_transport.py:427} WARNING - Retrying request after non-successful status 429 (attempt 1 of 3)
[2024-05-09T08:43:57.188+0000] {warnings.py:109} WARNING - /home/***/.local/lib/python3.8/site-packages/urllib3/connectionpool.py:1061: InsecureRequestWarning: Unverified HTTPS request is being made to host 'dbelk1.afaqy.local'. Adding certificate verification is strongly advised. See: https://urllib3.readthedocs.io/en/1.26.x/advanced-usage.html#ssl-warnings
  warnings.warn(

[2024-05-09T08:43:57.337+0000] {_transport.py:335} INFO - PUT https://dbelk1.afaqy.local:9200/units_statistics_***/_bulk [status:200 duration:0.175s]
[2024-05-09T08:43:57.611+0000] {taskinstance.py:2731} ERROR - Task failed with exception
Traceback (most recent call last):
  File "/home/airflow/.local/lib/python3.8/site-packages/airflow/models/taskinstance.py", line 444, in _execute_task
    result = _execute_callable(context=context, **execute_callable_kwargs)
  File "/home/airflow/.local/lib/python3.8/site-packages/airflow/models/taskinstance.py", line 414, in _execute_callable
    return execute_callable(context=context, **execute_callable_kwargs)
  File "/home/airflow/.local/lib/python3.8/site-packages/airflow/decorators/base.py", line 241, in execute
    return_value = super().execute(context)
  File "/home/airflow/.local/lib/python3.8/site-packages/airflow/operators/python.py", line 200, in execute
    return_value = self.execute_callable()
  File "/home/airflow/.local/lib/python3.8/site-packages/airflow/operators/python.py", line 217, in execute_callable
    return self.python_callable(*self.op_args, **self.op_kwargs)
  File "/opt/airflow/dags/Units_dag.py", line 111, in ETL_job
    Elk_client.elk_pushData(Globals.index_name,units_list_update)
  File "/opt/airflow/dags/units_statistics/elk_manager.py", line 69, in elk_pushData
    helpers.bulk(self.elk_client, docs_list, index=index_name, chunk_size=batch)
  File "/home/airflow/.local/lib/python3.8/site-packages/elasticsearch/helpers/actions.py", line 521, in bulk
    for ok, item in streaming_bulk(
  File "/home/airflow/.local/lib/python3.8/site-packages/elasticsearch/helpers/actions.py", line 436, in streaming_bulk
    for data, (ok, info) in zip(
  File "/home/airflow/.local/lib/python3.8/site-packages/elasticsearch/helpers/actions.py", line 355, in _process_bulk_chunk
    yield from gen
  File "/home/airflow/.local/lib/python3.8/site-packages/elasticsearch/helpers/actions.py", line 274, in _process_bulk_chunk_success
    raise BulkIndexError(f"{len(errors)} document(s) failed to index.", errors)
elasticsearch.helpers.BulkIndexError: 10000 document(s) failed to index.
[2024-05-09T08:43:57.622+0000] {taskinstance.py:1149} INFO - Marking task as UP_FOR_RETRY. dag_id=Units_statistics_DAG, task_id=ETL_job, map_index=6, execution_date=20240509T082000, start_date=20240509T084334, end_date=20240509T084357
[2024-05-09T08:43:57.638+0000] {standard_task_runner.py:107} ERROR - Failed to execute job 43855 for task ETL_job (10000 document(s) failed to index.; 882616)
[2024-05-09T08:43:57.683+0000] {local_task_job_runner.py:234} INFO - Task exited with return code 1
[2024-05-09T08:43:57.711+0000] {taskinstance.py:3312} INFO - 0 downstream tasks scheduled from follow-on schedule check
