[2024-05-06T15:40:14.326+0000] {taskinstance.py:1979} INFO - Dependencies all met for dep_context=non-requeueable deps ti=<TaskInstance: Units_statistics_DAG.ETL_job scheduled__2024-05-06T15:20:00+00:00 map_index=7 [queued]>
[2024-05-06T15:40:14.376+0000] {taskinstance.py:1979} INFO - Dependencies all met for dep_context=requeueable deps ti=<TaskInstance: Units_statistics_DAG.ETL_job scheduled__2024-05-06T15:20:00+00:00 map_index=7 [queued]>
[2024-05-06T15:40:14.377+0000] {taskinstance.py:2193} INFO - Starting attempt 1 of 4
[2024-05-06T15:40:14.403+0000] {taskinstance.py:2217} INFO - Executing <Mapped(_PythonDecoratedOperator): ETL_job> on 2024-05-06 15:20:00+00:00
[2024-05-06T15:40:14.427+0000] {standard_task_runner.py:60} INFO - Started process 811041 to run task
[2024-05-06T15:40:14.448+0000] {standard_task_runner.py:87} INFO - Running: ['***', 'tasks', 'run', 'Units_statistics_DAG', 'ETL_job', 'scheduled__2024-05-06T15:20:00+00:00', '--job-id', '35894', '--raw', '--subdir', 'DAGS_FOLDER/Units_dag.py', '--cfg-path', '/tmp/tmpcqv0jw2_', '--map-index', '7']
[2024-05-06T15:40:14.468+0000] {standard_task_runner.py:88} INFO - Job 35894: Subtask ETL_job
[2024-05-06T15:40:14.751+0000] {task_command.py:423} INFO - Running <TaskInstance: Units_statistics_DAG.ETL_job scheduled__2024-05-06T15:20:00+00:00 map_index=7 [running]> on host a09da322e808
[2024-05-06T15:40:15.407+0000] {taskinstance.py:2513} INFO - Exporting env vars: AIRFLOW_CTX_DAG_OWNER='abeer-araby' AIRFLOW_CTX_DAG_ID='Units_statistics_DAG' AIRFLOW_CTX_TASK_ID='ETL_job' AIRFLOW_CTX_EXECUTION_DATE='2024-05-06T15:20:00+00:00' AIRFLOW_CTX_TRY_NUMBER='1' AIRFLOW_CTX_DAG_RUN_ID='scheduled__2024-05-06T15:20:00+00:00'
[2024-05-06T15:40:15.440+0000] {Units_dag.py:99} INFO - i: 70000, chunk: 10000
[2024-05-06T15:40:15.441+0000] {Units_dag.py:100} INFO - child token is::: eyJ0eXAiOiJKV1QiLCJhbGciOiJIUzI1NiJ9.eyJpc3MiOiJodHRwczovL2FwaS5hZmFxeS5zYS9hdXRoL2xvZ2luX2FzIiwiaWF0IjoxNzE1MDEwMDAzLCJleHAiOjE3MTc2MDIwMDMsIm5iZiI6MTcxNTAxMDAwMywianRpIjoiSjVPVmJwVFVEdzhVNUhNeSIsInN1YiI6IjVkNjNlNTFlMDNlZDUyOTJhNDJjMjRlNiIsInBydiI6IjI3MGVjZmM3ZWEzZWQ5MzdlYTg0OTM2MmEzYTUwOTEwYzZkOGNlNGYiLCJsb2dpbl9hc19pZCI6IjY1N2YwYWQ3M2Y5NzcyOTVjZjA1NTc2YSJ9.mpgdGCGe25QrhNdtXF_OQlB_bc05TRwDpHwSPBDi9DQ
[2024-05-06T15:40:44.801+0000] {Units_dag.py:104} INFO - {'_id': '63a30f6a9f567d446a061f45', 'icon': 'icons/icon.png', 'driver_id': '', 'tailer_id': '', 'profile': {'year': 0, 'seats': 2, 'fuel_type': 91}, 'device_password': '***', 'device_type': 'gps', 'gateway': False, 'name': '6023UUD', 'operation_code': '', 'device_gateway': '', 'business_types': {'waste': False, 'transportation': True, 'water': False}, 'imei': '868184060645929', 'sim_number': '+966830030947497', 'sim_serial': '21294043893', 'device_serial': '868184060645929', 'device': 'bce', 'user_id': '633c2965a960d512d967f983', 'created_by': '5e6655bf03ed52e1ab79d301', 'updated_at': '2024-04-18 11:18:59', 'created_at': '2022-12-21 16:51:38', 'custom_fields': [], 'creator': 'amr.ahmed', 'company': '', 'owner': 'jahez-admin', 'last_update': {'dtt': 1715009992000, 'dts': 1715010004870, 'spd': 0, 'ang': 326, 'alt': 30, 'chPrams': {'ePwrV': {'v': 13.681, 'cdt': 1715009992000}, 'di16': {'v': 1, 'cdt': 1713012606000}, 'rssi1': {'v': 62, 'cdt': 1715009992000}, 'di15': {'v': 0, 'cdt': 1713920884000}, 'di14': {'v': 0, 'cdt': 1715009704000}, 'di13': {'v': 0, 'cdt': 1713173100000}, 'di12': {'v': 0, 'cdt': 1713012606000}, 'di11': {'v': 0, 'cdt': 1713012606000}, 'di10': {'v': 0, 'cdt': 1671535246000}, 'di2': {'v': 0, 'cdt': 1712858066000}, 'di1': {'v': 0, 'cdt': 1715009902000}, 'di4': {'v': 0, 'cdt': 1713012606000}, 'di3': {'v': 0, 'cdt': 1713012606000}, 'di6': {'v': 1, 'cdt': 1715008526000}, 'di5': {'v': 1, 'cdt': 1715008526000}, 'lac1': {'v': 42014, 'cdt': 1715009784000}, 'protocol': {'v': 'bce', 'cdt': 1713012606000}, 'di8': {'v': 1, 'cdt': 1713012606000}, 'di7': {'v': 1, 'cdt': 1715008526000}, 'di9': {'v': 0, 'cdt': 1713012606000}, 'iPwrV': {'v': 3.911, 'cdt': 1715009704000}, 'cid1': {'v': 24243, 'cdt': 1715009784000}, 'odometer': {'v': 0, 'cdt': 1715009754000}, 'spd': {'v': 0, 'cdt': 1715009724000}, 'sat': {'v': 13, 'cdt': 1715009992000}, 'hdop': {'v': 1, 'cdt': 1715004108000}, 'ta': {'v': 0, 'cdt': 1713013202000}, 'mcc1': {'v': 420, 'cdt': 1714342378000}, 'mnc1': {'v': 4, 'cdt': 1714609368000}}, 'prms': {'protocol': 'bce', 'spd': 0, 'sat': 13, 'hdop': 1, 'odometer': 0, 'di16': 1, 'di15': 0, 'di14': 0, 'di13': 0, 'di12': 0, 'di11': 0, 'di10': 0, 'di9': 0, 'di8': 1, 'di7': 1, 'di6': 1, 'di5': 1, 'di4': 0, 'di3': 0, 'di2': 0, 'di1': 0, 'ePwrV': 13.681, 'iPwrV': 3.911, 'ta': 0, 'mcc1': 420, 'mnc1': 4, 'lac1': 42014, 'cid1': 24243, 'rssi1': 62}, 'devPrms': ['protocol', 'spd', 'sat', 'hdop', 'odometer', 'di16', 'di15', 'di14', 'di13', 'di12', 'di11', 'di10', 'di9', 'di8', 'di7', 'di6', 'di5', 'di4', 'di3', 'di2', 'di1', 'ePwrV', 'iPwrV', 'ta', 'mcc1', 'mnc1', 'lac1', 'cid1', 'rssi1'], 'old_params': {'protocol': 'bce', 'spd': 0, 'sat': 12, 'hdop': 1, 'odometer': 0, 'di16': 1, 'di15': 0, 'di14': 0, 'di13': 0, 'di12': 0, 'di11': 0, 'di10': 0, 'di9': 0, 'di8': 1, 'di7': 1, 'di6': 1, 'di5': 1, 'di4': 0, 'di3': 0, 'di2': 0, 'di1': 0, 'ePwrV': 13.663, 'iPwrV': 3.911, 'ta': 0, 'mcc1': 420, 'mnc1': 4, 'lac1': 42014, 'cid1': 24243, 'rssi1': 63}, 'vLoc': 1, 'vCon': 1, 'ip': '51.36.24.191', 'rl': 0, 'trl': 62049.0992, 'mdu': 0, 'tmdu': 5066342, 'eidl': 30, 'teidl': 3967262, 'fc': 0, 'tfc': 16.338492, 'acc': 1, 'accOn': 895357328, 'accOff': 2305493926, 'sdu': 0, 'tsdu': 0, 'lat': 21.62185287475586, 'lng': 39.20184326171875}, 'counters': {'odometer_type': 'gps', 'odometer': 62048.8239, 'engine_hours_type': 'acc', 'engine_hours': 895357328, 'last_acc': 1}, 'is_wasl_connected': 'Not Connected', 'iconUrl': 'https://api.afaqy.sa/images/units/icons/icon.png', 'hasCCTV': False}
[2024-05-06T15:40:50.919+0000] {warnings.py:109} WARNING - /home/***/.local/lib/python3.8/site-packages/elasticsearch/_sync/client/__init__.py:399: SecurityWarning: Connecting to 'https://dbelk2.afaqy.local:9200' using TLS with verify_certs=False is insecure
  _transport = transport_class(

[2024-05-06T15:40:51.030+0000] {warnings.py:109} WARNING - /home/***/.local/lib/python3.8/site-packages/elasticsearch/_sync/client/__init__.py:399: SecurityWarning: Connecting to 'https://dbelk3.afaqy.local:9200' using TLS with verify_certs=False is insecure
  _transport = transport_class(

[2024-05-06T15:40:51.119+0000] {warnings.py:109} WARNING - /home/***/.local/lib/python3.8/site-packages/elasticsearch/_sync/client/__init__.py:399: SecurityWarning: Connecting to 'https://dbelk1.afaqy.local:9200' using TLS with verify_certs=False is insecure
  _transport = transport_class(

[2024-05-06T15:40:51.158+0000] {warnings.py:109} WARNING - /home/***/.local/lib/python3.8/site-packages/urllib3/connectionpool.py:1061: InsecureRequestWarning: Unverified HTTPS request is being made to host 'dbelk2.afaqy.local'. Adding certificate verification is strongly advised. See: https://urllib3.readthedocs.io/en/1.26.x/advanced-usage.html#ssl-warnings
  warnings.warn(

[2024-05-06T15:40:51.260+0000] {_transport.py:335} INFO - GET https://dbelk2.afaqy.local:9200/_cluster/health [status:200 duration:0.136s]
[2024-05-06T15:40:51.977+0000] {warnings.py:109} WARNING - /home/***/.local/lib/python3.8/site-packages/urllib3/connectionpool.py:1061: InsecureRequestWarning: Unverified HTTPS request is being made to host 'dbelk3.afaqy.local'. Adding certificate verification is strongly advised. See: https://urllib3.readthedocs.io/en/1.26.x/advanced-usage.html#ssl-warnings
  warnings.warn(

[2024-05-06T15:40:53.202+0000] {_transport.py:335} INFO - PUT https://dbelk3.afaqy.local:9200/units_statistics_***/_bulk [status:200 duration:1.254s]
[2024-05-06T15:40:53.728+0000] {python.py:202} INFO - Done. Returned value was: None
[2024-05-06T15:40:53.767+0000] {taskinstance.py:1149} INFO - Marking task as SUCCESS. dag_id=Units_statistics_DAG, task_id=ETL_job, map_index=7, execution_date=20240506T152000, start_date=20240506T154014, end_date=20240506T154053
[2024-05-06T15:40:53.887+0000] {local_task_job_runner.py:234} INFO - Task exited with return code 0
[2024-05-06T15:40:53.910+0000] {taskinstance.py:3312} INFO - 0 downstream tasks scheduled from follow-on schedule check
