[2024-04-28T21:21:41.049+0000] {taskinstance.py:1979} INFO - Dependencies all met for dep_context=non-requeueable deps ti=<TaskInstance: Units_statistics_DAG.ETL_job scheduled__2024-04-28T21:00:00+00:00 map_index=5 [queued]>
[2024-04-28T21:21:41.070+0000] {taskinstance.py:1979} INFO - Dependencies all met for dep_context=requeueable deps ti=<TaskInstance: Units_statistics_DAG.ETL_job scheduled__2024-04-28T21:00:00+00:00 map_index=5 [queued]>
[2024-04-28T21:21:41.071+0000] {taskinstance.py:2193} INFO - Starting attempt 2 of 4
[2024-04-28T21:21:41.096+0000] {taskinstance.py:2217} INFO - Executing <Mapped(_PythonDecoratedOperator): ETL_job> on 2024-04-28 21:00:00+00:00
[2024-04-28T21:21:41.107+0000] {standard_task_runner.py:60} INFO - Started process 623239 to run task
[2024-04-28T21:21:41.117+0000] {standard_task_runner.py:87} INFO - Running: ['***', 'tasks', 'run', 'Units_statistics_DAG', 'ETL_job', 'scheduled__2024-04-28T21:00:00+00:00', '--job-id', '21898', '--raw', '--subdir', 'DAGS_FOLDER/Units_dag.py', '--cfg-path', '/tmp/tmpmc4fqlu8', '--map-index', '5']
[2024-04-28T21:21:41.120+0000] {standard_task_runner.py:88} INFO - Job 21898: Subtask ETL_job
[2024-04-28T21:21:41.215+0000] {task_command.py:423} INFO - Running <TaskInstance: Units_statistics_DAG.ETL_job scheduled__2024-04-28T21:00:00+00:00 map_index=5 [running]> on host a09da322e808
[2024-04-28T21:21:41.396+0000] {taskinstance.py:2513} INFO - Exporting env vars: AIRFLOW_CTX_DAG_OWNER='abeer-araby' AIRFLOW_CTX_DAG_ID='Units_statistics_DAG' AIRFLOW_CTX_TASK_ID='ETL_job' AIRFLOW_CTX_EXECUTION_DATE='2024-04-28T21:00:00+00:00' AIRFLOW_CTX_TRY_NUMBER='2' AIRFLOW_CTX_DAG_RUN_ID='scheduled__2024-04-28T21:00:00+00:00'
[2024-04-28T21:21:41.398+0000] {Units_dag.py:99} INFO - i: 50000, chunk: 10000
[2024-04-28T21:21:41.399+0000] {Units_dag.py:100} INFO - child token is::: eyJ0eXAiOiJKV1QiLCJhbGciOiJIUzI1NiJ9.eyJpc3MiOiJodHRwczovL2FwaS5hZmFxeS5zYS9hdXRoL2xvZ2luX2FzIiwiaWF0IjoxNzE0MzM5MjA0LCJleHAiOjE3MTY5MzEyMDQsIm5iZiI6MTcxNDMzOTIwNCwianRpIjoiRHRGQUFhSTJ2aUw0OGx4ayIsInN1YiI6IjVkNjNlNTFlMDNlZDUyOTJhNDJjMjRlNiIsInBydiI6IjI3MGVjZmM3ZWEzZWQ5MzdlYTg0OTM2MmEzYTUwOTEwYzZkOGNlNGYiLCJsb2dpbl9hc19pZCI6IjY1N2YwYWQ3M2Y5NzcyOTVjZjA1NTc2YSJ9.V5aKwolhcC9wgYAiwQ8B9-GUngai2jo15pTWmMOCR3w
[2024-04-28T21:21:57.681+0000] {Units_dag.py:104} INFO - {'_id': '62aedc4f69ba0965b501fb27', 'icon': 'icons/G_13.png', 'driver_id': '', 'tailer_id': '', 'profile': {'vehicle_type': None, 'measurement_type': 'count', 'max_capacity': 0, 'vin': None, 'plate_number': None, 'start_operation': None, 'contract_milage': None, 'opening_milage': None, 'model': None, 'fuel_type': '91', 'year': 0, 'seats': 2}, 'device_password': '***', 'device_type': 'gps', 'gateway': False, 'name': '0138', 'operation_code': '138', 'device_gateway': '', 'business_types': {'waste': False, 'transportation': False, 'water': False, 'hajj': True}, 'imei': '358480082920440', 'sim_number': '+966830030799946', 'sim_serial': '421276213348', 'device_serial': '1102108444', 'device': 'teltonika', 'user_id': '62ae28f6e2df4352f3455062', 'created_by': '5d5d152003ed5207c22d6fb5', 'updated_at': '2024-04-18 11:18:59', 'created_at': '2022-06-19 11:20:31', 'custom_fields': [], 'creator': 'diaa.ahmed', 'company': 'مؤسسة بسمة اعمار لنقل الحجاج والمعتمرين', 'owner': 'basma-emaar-hajj', 'last_update': {'dtt': 1714339082417, 'dts': 1714339084942, 'spd': 0, 'ang': 264, 'alt': 91, 'chPrams': {'Speed': {'v': 0, 'cdt': 1714337582445}, 'output1': {'v': False, 'cdt': 1714337582445}, 'motion': {'v': False, 'cdt': 1714337582445}, 'ePwrV': {'v': 25.545, 'cdt': 1714339082417}, 'parm24': {'v': 0, 'cdt': 1714337582445}, 'sat': {'v': 12, 'cdt': 1714339082417}, 'priority': {'v': 0, 'cdt': 1714337192453}, 'di2': {'v': 0, 'cdt': 2509090122285}, 'type': {'v': 6, 'cdt': 1713781855265}, 'di1': {'v': 0, 'cdt': 1714337192453}, 'result': {'v': '5665723a30312e30302e303520494d45493a3335383438303038323932303434302049443a333320424c3a31362e3041204d6f64656d3a30312e30302e30312e30305f3030352048773a464d423634302048572e3320455854205350433a3128302920', 'cdt': 1713781855265}, 'protocol': {'v': 'FMB640', 'cdt': 1714337582445}, 'iPwrV': {'v': 9.756, 'cdt': 1714339082417}, 'event': {'v': 0, 'cdt': 1714337192453}}, 'prms': {'protocol': 'FMB640', 'priority': 0, 'sat': 12, 'event': 0, 'di1': 0, 'di2': 0, 'output1': 0, 'motion': 0, 'iPwrV': 9.756, 'ePwrV': 25.545, 'Speed': 0, 'parm24': 0}, 'devPrms': ['protocol', 'priority', 'sat', 'event', 'di1', 'di2', 'output1', 'motion', 'iPwrV', 'ePwrV', 'Speed', 'parm24'], 'old_params': {'protocol': 'FMB640', 'priority': 0, 'sat': 13, 'event': 0, 'di1': 0, 'di2': 0, 'output1': 0, 'motion': 0, 'iPwrV': 9.771, 'ePwrV': 25.544, 'Speed': 0, 'parm24': 0}, 'vLoc': 1, 'vCon': 1, 'ip': '51.39.42.69', 'rl': 0, 'trl': 704072.3058, 'mdu': 0, 'tmdu': 26773839, 'eidl': 0, 'teidl': 16908517, 'fc': 0, 'tfc': 89.19738, 'acc': 0, 'accOn': 1176262006, 'accOff': 3487159651, 'sdu': 299, 'tsdu': 1824, 'lat': 21.4226516, 'lng': 39.5082266}, 'counters': {'odometer_type': 'gps', 'odometer': 704072.3058, 'engine_hours_type': 'acc', 'engine_hours': 1176262006, 'last_acc': 0}, 'is_wasl_connected': 'Not Connected', 'iconUrl': 'https://api.afaqy.sa/images/units/icons/G_13.png', 'hasCCTV': False}
[2024-04-28T21:21:58.205+0000] {warnings.py:109} WARNING - /home/***/.local/lib/python3.8/site-packages/elasticsearch/_sync/client/__init__.py:399: SecurityWarning: Connecting to 'https://dbelk3.afaqy.local:9200' using TLS with verify_certs=False is insecure
  _transport = transport_class(

[2024-04-28T21:21:58.248+0000] {warnings.py:109} WARNING - /home/***/.local/lib/python3.8/site-packages/elasticsearch/_sync/client/__init__.py:399: SecurityWarning: Connecting to 'https://dbelk1.afaqy.local:9200' using TLS with verify_certs=False is insecure
  _transport = transport_class(

[2024-04-28T21:21:58.290+0000] {warnings.py:109} WARNING - /home/***/.local/lib/python3.8/site-packages/elasticsearch/_sync/client/__init__.py:399: SecurityWarning: Connecting to 'https://dbelk2.afaqy.local:9200' using TLS with verify_certs=False is insecure
  _transport = transport_class(

[2024-04-28T21:21:58.309+0000] {warnings.py:109} WARNING - /home/***/.local/lib/python3.8/site-packages/urllib3/connectionpool.py:1061: InsecureRequestWarning: Unverified HTTPS request is being made to host 'dbelk3.afaqy.local'. Adding certificate verification is strongly advised. See: https://urllib3.readthedocs.io/en/1.26.x/advanced-usage.html#ssl-warnings
  warnings.warn(

[2024-04-28T21:21:58.385+0000] {_transport.py:335} INFO - GET https://dbelk3.afaqy.local:9200/_cluster/health [status:200 duration:0.094s]
[2024-04-28T21:21:58.766+0000] {warnings.py:109} WARNING - /home/***/.local/lib/python3.8/site-packages/urllib3/connectionpool.py:1061: InsecureRequestWarning: Unverified HTTPS request is being made to host 'dbelk1.afaqy.local'. Adding certificate verification is strongly advised. See: https://urllib3.readthedocs.io/en/1.26.x/advanced-usage.html#ssl-warnings
  warnings.warn(

[2024-04-28T21:21:59.990+0000] {_transport.py:335} INFO - PUT https://dbelk1.afaqy.local:9200/units_statistics_***/_bulk [status:200 duration:1.249s]
[2024-04-28T21:22:00.155+0000] {python.py:202} INFO - Done. Returned value was: None
[2024-04-28T21:22:00.173+0000] {taskinstance.py:1149} INFO - Marking task as SUCCESS. dag_id=Units_statistics_DAG, task_id=ETL_job, map_index=5, execution_date=20240428T210000, start_date=20240428T212141, end_date=20240428T212200
[2024-04-28T21:22:00.239+0000] {local_task_job_runner.py:234} INFO - Task exited with return code 0
[2024-04-28T21:22:00.269+0000] {taskinstance.py:3312} INFO - 0 downstream tasks scheduled from follow-on schedule check
