[2024-05-13T04:00:18.847+0000] {local_task_job_runner.py:120} INFO - ::group::Pre task execution logs
[2024-05-13T04:00:19.087+0000] {taskinstance.py:2076} INFO - Dependencies all met for dep_context=non-requeueable deps ti=<TaskInstance: Units_statistics_DAG.ETL_job scheduled__2024-05-13T03:40:00+00:00 map_index=8 [queued]>
[2024-05-13T04:00:19.145+0000] {taskinstance.py:2076} INFO - Dependencies all met for dep_context=requeueable deps ti=<TaskInstance: Units_statistics_DAG.ETL_job scheduled__2024-05-13T03:40:00+00:00 map_index=8 [queued]>
[2024-05-13T04:00:19.146+0000] {taskinstance.py:2306} INFO - Starting attempt 1 of 4
[2024-05-13T04:00:19.278+0000] {taskinstance.py:2330} INFO - Executing <Mapped(_PythonDecoratedOperator): ETL_job> on 2024-05-13 03:40:00+00:00
[2024-05-13T04:00:19.360+0000] {warnings.py:110} WARNING - /home/***/.local/lib/python3.12/site-packages/***/task/task_runner/standard_task_runner.py:61: DeprecationWarning: This process (pid=11325) is multi-threaded, use of fork() may lead to deadlocks in the child.
  pid = os.fork()

[2024-05-13T04:00:19.362+0000] {standard_task_runner.py:63} INFO - Started process 11340 to run task
[2024-05-13T04:00:19.357+0000] {standard_task_runner.py:90} INFO - Running: ['***', 'tasks', 'run', 'Units_statistics_DAG', 'ETL_job', 'scheduled__2024-05-13T03:40:00+00:00', '--job-id', '55221', '--raw', '--subdir', 'DAGS_FOLDER/Units_dag.py', '--cfg-path', '/tmp/tmpcv_tv_hv', '--map-index', '8']
[2024-05-13T04:00:19.365+0000] {standard_task_runner.py:91} INFO - Job 55221: Subtask ETL_job
[2024-05-13T04:00:19.729+0000] {task_command.py:426} INFO - Running <TaskInstance: Units_statistics_DAG.ETL_job scheduled__2024-05-13T03:40:00+00:00 map_index=8 [running]> on host 7138d7e072c5
[2024-05-13T04:00:20.475+0000] {taskinstance.py:2648} INFO - Exporting env vars: AIRFLOW_CTX_DAG_OWNER='abeer-araby' AIRFLOW_CTX_DAG_ID='Units_statistics_DAG' AIRFLOW_CTX_TASK_ID='ETL_job' AIRFLOW_CTX_EXECUTION_DATE='2024-05-13T03:40:00+00:00' AIRFLOW_CTX_TRY_NUMBER='1' AIRFLOW_CTX_DAG_RUN_ID='scheduled__2024-05-13T03:40:00+00:00'
[2024-05-13T04:00:20.479+0000] {taskinstance.py:430} INFO - ::endgroup::
[2024-05-13T04:00:20.480+0000] {Units_dag.py:98} INFO - i: 80000, chunk: 10000
[2024-05-13T04:00:20.480+0000] {Units_dag.py:99} INFO - child token is::: eyJ0eXAiOiJKV1QiLCJhbGciOiJIUzI1NiJ9.eyJpc3MiOiJodHRwczovL2FwaS5hZmFxeS5zYS9hdXRoL2xvZ2luX2FzIiwiaWF0IjoxNzE1NTcyODA0LCJleHAiOjE3MTgxNjQ4MDQsIm5iZiI6MTcxNTU3MjgwNCwianRpIjoibkhxQWFESlJOalhLNWZhYyIsInN1YiI6IjVkNjNlNTFlMDNlZDUyOTJhNDJjMjRlNiIsInBydiI6IjI3MGVjZmM3ZWEzZWQ5MzdlYTg0OTM2MmEzYTUwOTEwYzZkOGNlNGYiLCJsb2dpbl9hc19pZCI6IjY1N2YwYWQ3M2Y5NzcyOTVjZjA1NTc2YSJ9.QU0imC3pfRF4AwccsIKlHMCowXGLExYMlFlCy1_rA_A
[2024-05-13T04:00:53.660+0000] {Units_dag.py:103} INFO - {'_id': '63da0cd6197ab3484d3765d3', 'icon': 'icons/icon.png', 'driver_id': '', 'tailer_id': '', 'profile': {'vehicle_type': '', 'measurement_type': 'count', 'max_capacity': 0, 'vin': '', 'plate_number': '', 'start_operation': '', 'contract_milage': '', 'opening_milage': '', 'model': '', 'fuel_type': '91', 'year': 0, 'seats': 2}, 'device_password': '***', 'device_type': 'gps', 'gateway': False, 'name': '5699 D R A', 'operation_code': '', 'device_gateway': '', 'business_types': {'waste': False, 'transportation': False, 'water': False}, 'imei': '860665057549684', 'sim_number': '+966830028895723', 'sim_serial': '996609821111314010', 'device_serial': '860665057549684', 'device': 'bce', 'user_id': '63c3ef672cabbb6db33623df', 'created_by': '63566351d592444621078e69', 'updated_at': '2024-04-18 11:18:59', 'created_at': '2023-02-01 09:55:18', 'custom_fields': [], 'creator': 'm.gamal', 'company': '', 'owner': 'al-nakhla-admin', 'last_update': {'dtt': 1715572806000, 'dts': 1715572814171, 'spd': 16, 'ang': 44, 'alt': 589, 'chPrams': {'ePwrV': {'v': 28.068, 'cdt': 1715572806000}, 'di16': {'v': 1, 'cdt': 1715245296000}, 'di15': {'v': 0, 'cdt': 1714902026000}, 'rssi1': {'v': 70, 'cdt': 1715572806000}, 'di14': {'v': 1, 'cdt': 1715572802000}, 'di13': {'v': 0, 'cdt': 1715005742000}, 'di12': {'v': 0, 'cdt': 1715245296000}, 'di11': {'v': 0, 'cdt': 1715245296000}, 'di10': {'v': 0, 'cdt': 1715245296000}, 'di2': {'v': 0, 'cdt': 1715245296000}, 'di1': {'v': 1, 'cdt': 1715572564000}, 'ai4': {'v': 309, 'cdt': 1715572806000}, 'di4': {'v': 0, 'cdt': 1715245296000}, 'di3': {'v': 0, 'cdt': 1715245296000}, 'di6': {'v': 0, 'cdt': 1715245296000}, 'di5': {'v': 1, 'cdt': 1715571634000}, 'lac1': {'v': 3833, 'cdt': 1715487754000}, 'di8': {'v': 1, 'cdt': 1713213662000}, 'protocol': {'v': 'bce', 'cdt': 1715245296000}, 'di7': {'v': 1, 'cdt': 1715571634000}, 'di9': {'v': 0, 'cdt': 1715154686000}, 'iPwrV': {'v': 4.091, 'cdt': 1715572806000}, 'cid1': {'v': 33411, 'cdt': 1715523334000}, 'odometer': {'v': 1100025198, 'cdt': 1715572806000}, 'spd': {'v': 16, 'cdt': 1715572806000}, 'sat': {'v': 12, 'cdt': 1715522648000}, 'hdop': {'v': 1, 'cdt': 1713856808000}, 'ta': {'v': 0, 'cdt': 1715245296000}, 'mcc1': {'v': 420, 'cdt': 1713177956000}, 'mnc1': {'v': 3, 'cdt': 1713177956000}}, 'prms': {'protocol': 'bce', 'spd': 16, 'sat': 12, 'hdop': 1, 'odometer': 1100025198, 'di16': 1, 'di15': 0, 'di14': 1, 'di13': 0, 'di12': 0, 'di11': 0, 'di10': 0, 'di9': 0, 'di8': 1, 'di7': 1, 'di6': 0, 'di5': 1, 'di4': 0, 'di3': 0, 'di2': 0, 'di1': 1, 'ePwrV': 28.068, 'ai4': 309, 'iPwrV': 4.091, 'ta': 0, 'mcc1': 420, 'mnc1': 3, 'lac1': 3833, 'cid1': 33411, 'rssi1': 70}, 'devPrms': ['protocol', 'spd', 'sat', 'hdop', 'odometer', 'di16', 'di15', 'di14', 'di13', 'di12', 'di11', 'di10', 'di9', 'di8', 'di7', 'di6', 'di5', 'di4', 'di3', 'di2', 'di1', 'ePwrV', 'ai4', 'iPwrV', 'ta', 'mcc1', 'mnc1', 'lac1', 'cid1', 'rssi1'], 'old_params': {'protocol': 'bce', 'spd': 15, 'sat': 12, 'hdop': 1, 'odometer': 1097054130, 'di16': 1, 'di15': 0, 'di14': 1, 'di13': 0, 'di12': 0, 'di11': 0, 'di10': 0, 'di9': 0, 'di8': 1, 'di7': 1, 'di6': 0, 'di5': 1, 'di4': 0, 'di3': 0, 'di2': 0, 'di1': 1, 'ePwrV': 28.156, 'ai4': 320, 'iPwrV': 4.092, 'ta': 0, 'mcc1': 420, 'mnc1': 3, 'lac1': 3833, 'cid1': 33411, 'rssi1': 78}, 'vLoc': 1, 'vCon': 1, 'ip': '109.83.18.84', 'rl': 0.0173, 'trl': 43907.2631, 'mdu': 4, 'tmdu': 3234788, 'eidl': 0, 'teidl': 1927946, 'fc': 0.002076, 'tfc': 43.103916, 'acc': 1, 'accOn': 9155026, 'accOff': 32607226, 'sdu': 0, 'tsdu': 0, 'lat': 30.110471725463867, 'lng': 40.39023208618164}, 'counters': {'odometer_type': 'gps', 'odometer': 43907.2054, 'engine_hours_type': 'acc', 'engine_hours': 9155026, 'last_acc': 1}, 'is_wasl_connected': 'Connected', 'iconUrl': 'https://api.afaqy.sa/images/units/icons/icon.png', 'hasCCTV': False}
[2024-05-13T04:00:54.979+0000] {warnings.py:110} WARNING - /home/***/.local/lib/python3.12/site-packages/elasticsearch/_sync/client/__init__.py:399: SecurityWarning: Connecting to 'https://dbelk1.afaqy.local:9200' using TLS with verify_certs=False is insecure
  _transport = transport_class(

[2024-05-13T04:00:55.105+0000] {warnings.py:110} WARNING - /home/***/.local/lib/python3.12/site-packages/elasticsearch/_sync/client/__init__.py:399: SecurityWarning: Connecting to 'https://dbelk2.afaqy.local:9200' using TLS with verify_certs=False is insecure
  _transport = transport_class(

[2024-05-13T04:00:55.202+0000] {warnings.py:110} WARNING - /home/***/.local/lib/python3.12/site-packages/elasticsearch/_sync/client/__init__.py:399: SecurityWarning: Connecting to 'https://dbelk3.afaqy.local:9200' using TLS with verify_certs=False is insecure
  _transport = transport_class(

[2024-05-13T04:00:55.234+0000] {warnings.py:110} WARNING - /home/***/.local/lib/python3.12/site-packages/urllib3/connectionpool.py:1103: InsecureRequestWarning: Unverified HTTPS request is being made to host 'dbelk1.afaqy.local'. Adding certificate verification is strongly advised. See: https://urllib3.readthedocs.io/en/latest/advanced-usage.html#tls-warnings
  warnings.warn(

[2024-05-13T04:00:55.355+0000] {_transport.py:349} INFO - GET https://dbelk1.afaqy.local:9200/_cluster/health [status:200 duration:0.150s]
[2024-05-13T04:00:56.009+0000] {warnings.py:110} WARNING - /home/***/.local/lib/python3.12/site-packages/urllib3/connectionpool.py:1103: InsecureRequestWarning: Unverified HTTPS request is being made to host 'dbelk2.afaqy.local'. Adding certificate verification is strongly advised. See: https://urllib3.readthedocs.io/en/latest/advanced-usage.html#tls-warnings
  warnings.warn(

[2024-05-13T04:00:59.694+0000] {_transport.py:349} INFO - PUT https://dbelk2.afaqy.local:9200/units_statistics_***/_bulk [status:200 duration:3.712s]
[2024-05-13T04:00:59.967+0000] {python.py:237} INFO - Done. Returned value was: None
[2024-05-13T04:00:59.968+0000] {taskinstance.py:441} INFO - ::group::Post task execution logs
[2024-05-13T04:00:59.992+0000] {taskinstance.py:1206} INFO - Marking task as SUCCESS. dag_id=Units_statistics_DAG, task_id=ETL_job, run_id=scheduled__2024-05-13T03:40:00+00:00, map_index=8, execution_date=20240513T034000, start_date=20240513T040019, end_date=20240513T040059
[2024-05-13T04:01:00.074+0000] {local_task_job_runner.py:240} INFO - Task exited with return code 0
[2024-05-13T04:01:00.114+0000] {taskinstance.py:3498} INFO - 0 downstream tasks scheduled from follow-on schedule check
[2024-05-13T04:01:00.119+0000] {local_task_job_runner.py:222} INFO - ::endgroup::
