[2024-04-19T10:00:21.287+0000] {taskinstance.py:1979} INFO - Dependencies all met for dep_context=non-requeueable deps ti=<TaskInstance: Units_statistics_DAG.ETL_job scheduled__2024-04-19T09:00:00+00:00 map_index=6 [queued]>
[2024-04-19T10:00:21.359+0000] {taskinstance.py:1979} INFO - Dependencies all met for dep_context=requeueable deps ti=<TaskInstance: Units_statistics_DAG.ETL_job scheduled__2024-04-19T09:00:00+00:00 map_index=6 [queued]>
[2024-04-19T10:00:21.359+0000] {taskinstance.py:2193} INFO - Starting attempt 1 of 4
[2024-04-19T10:00:21.450+0000] {taskinstance.py:2217} INFO - Executing <Mapped(_PythonDecoratedOperator): ETL_job> on 2024-04-19 09:00:00+00:00
[2024-04-19T10:00:21.486+0000] {standard_task_runner.py:60} INFO - Started process 401473 to run task
[2024-04-19T10:00:21.517+0000] {standard_task_runner.py:87} INFO - Running: ['***', 'tasks', 'run', 'Units_statistics_DAG', 'ETL_job', 'scheduled__2024-04-19T09:00:00+00:00', '--job-id', '8677', '--raw', '--subdir', 'DAGS_FOLDER/Units_dag.py', '--cfg-path', '/tmp/tmpl50rl2oq', '--map-index', '6']
[2024-04-19T10:00:21.523+0000] {standard_task_runner.py:88} INFO - Job 8677: Subtask ETL_job
[2024-04-19T10:00:21.789+0000] {task_command.py:423} INFO - Running <TaskInstance: Units_statistics_DAG.ETL_job scheduled__2024-04-19T09:00:00+00:00 map_index=6 [running]> on host a09da322e808
[2024-04-19T10:00:22.303+0000] {taskinstance.py:2513} INFO - Exporting env vars: AIRFLOW_CTX_DAG_OWNER='abeer-araby' AIRFLOW_CTX_DAG_ID='Units_statistics_DAG' AIRFLOW_CTX_TASK_ID='ETL_job' AIRFLOW_CTX_EXECUTION_DATE='2024-04-19T09:00:00+00:00' AIRFLOW_CTX_TRY_NUMBER='1' AIRFLOW_CTX_DAG_RUN_ID='scheduled__2024-04-19T09:00:00+00:00'
[2024-04-19T10:00:22.304+0000] {Units_dag.py:99} INFO - i: 60000, chunk: 10000
[2024-04-19T10:00:22.304+0000] {Units_dag.py:100} INFO - child token is::: eyJ0eXAiOiJKV1QiLCJhbGciOiJIUzI1NiJ9.eyJpc3MiOiJodHRwczovL2FwaS5hZmFxeS5zYS9hdXRoL2xvZ2luX2FzIiwiaWF0IjoxNzEzNTIwODA5LCJleHAiOjE3MTYxMTI4MDksIm5iZiI6MTcxMzUyMDgwOSwianRpIjoieWVxTEZUajlwRHMzYzlVSiIsInN1YiI6IjVkNjNlNTFlMDNlZDUyOTJhNDJjMjRlNiIsInBydiI6IjI3MGVjZmM3ZWEzZWQ5MzdlYTg0OTM2MmEzYTUwOTEwYzZkOGNlNGYiLCJsb2dpbl9hc19pZCI6IjY1N2YwYWQ3M2Y5NzcyOTVjZjA1NTc2YSJ9.Y6a0eHuuFL-amBI6bBBZToquVPZOUaHLtNOZ8neoGtY
[2024-04-19T10:00:51.777+0000] {Units_dag.py:104} INFO - {'_id': '63271f714b20587ef75a1640', 'icon': 'icons/icon.png', 'driver_id': '', 'tailer_id': '', 'profile': {'vehicle_type': None, 'measurement_type': 'count', 'max_capacity': 0, 'vin': None, 'plate_number': '9269 - A D R', 'start_operation': None, 'contract_milage': None, 'opening_milage': None, 'model': None, 'fuel_type': '91', 'year': 0, 'seats': 2}, 'device_password': '***', 'device_type': 'gps', 'gateway': False, 'name': 'ADR9269', 'operation_code': '', 'device_gateway': '', 'business_types': {'waste': False, 'transportation': True, 'water': False}, 'imei': '357073298590940', 'sim_number': '+966830028783115', 'sim_serial': '996609821111333356', 'device_serial': '1125015014', 'device': 'teltonika', 'user_id': '5edc9ce503ed5252d3361fa8', 'created_by': '5e6655bf03ed52e1ab79d301', 'updated_at': '2024-04-18 11:18:59', 'created_at': '2022-09-18 16:38:57', 'custom_fields': [], 'creator': 'amr.ahmed', 'company': '', 'owner': 'hertz-admin', 'last_update': {'dtt': 1713520777000, 'dts': 1713520780008, 'spd': 71, 'ang': 155, 'alt': 602, 'chPrams': {'Speed': {'v': 71, 'cdt': 1713520777000}, 'output1': {'v': False, 'cdt': 1713436613000}, 'output2': {'v': False, 'cdt': 1713436613000}, 'ePwrV': {'v': 14.143, 'cdt': 1713520777000}, 'parm24': {'v': 71, 'cdt': 1713520777000}, 'sat': {'v': 9, 'cdt': 1713520777000}, 'ai1': {'v': 131, 'cdt': 1713194032000}, 'type': {'v': 6, 'cdt': 1711256577000}, 'di2': {'v': 0, 'cdt': 1711371079000}, 'priority': {'v': 0, 'cdt': 1712911994000}, 'di1': {'v': 1, 'cdt': 1713520141000}, 'result': {'v': '5665723a30332e32372e31335f3033204750533a41584e5f352e312e392048773a464d42313230204d6f643a333320494d45493a33353730373332393835393039343020496e69743a323032342d342d313720343a313820557074696d653a313039353238204d41433a303031453432374632453739205350433a312830292041584c3a32204f42443a3020424c3a312e31302042543a34', 'cdt': 1713436313000}, 'protocol': {'v': 'FMB120', 'cdt': 1713436613000}, 'parm6': {'v': 131, 'cdt': 1713125281000}, 'iPwrV': {'v': 4.049, 'cdt': 1713520777000}, 'event': {'v': 0, 'cdt': 1712911994000}}, 'prms': {'protocol': 'FMB120', 'priority': 0, 'sat': 9, 'event': 0, 'di1': 1, 'output1': 0, 'di2': 0, 'output2': 0, 'ePwrV': 14.143, 'Speed': 71, 'parm24': 71, 'iPwrV': 4.049, 'ai1': 131, 'parm6': 131}, 'devPrms': ['protocol', 'priority', 'sat', 'event', 'di1', 'output1', 'di2', 'output2', 'ePwrV', 'Speed', 'parm24', 'iPwrV', 'ai1', 'parm6'], 'old_params': {'protocol': 'FMB120', 'priority': 0, 'sat': 11, 'event': 0, 'di1': 1, 'output1': 0, 'di2': 0, 'output2': 0, 'ePwrV': 14.146, 'Speed': 58, 'parm24': 58, 'iPwrV': 4.054, 'ai1': 131, 'parm6': 131}, 'vLoc': 1, 'vCon': 1, 'ip': '109.83.14.84', 'rl': 0.0954, 'trl': 23709.8306, 'mdu': 5, 'tmdu': 1981387, 'eidl': 0, 'teidl': 510372, 'fc': 0.011448, 'tfc': 214.002218, 'acc': 1, 'accOn': 4875173, 'accOff': 46240128, 'sdu': 0, 'tsdu': 0, 'lat': 24.7457949, 'lng': 46.6427666}, 'counters': {'odometer_type': 'gps', 'odometer': 23724.8335, 'engine_hours_type': 'acc', 'engine_hours': 4875173, 'last_acc': 1}, 'is_wasl_connected': 'Not Connected', 'iconUrl': 'https://api.afaqy.sa/images/units/icons/icon.png', 'hasCCTV': False}
[2024-04-19T10:00:52.667+0000] {warnings.py:109} WARNING - /home/***/.local/lib/python3.8/site-packages/elasticsearch/_sync/client/__init__.py:399: SecurityWarning: Connecting to 'https://dbelk3.afaqy.local:9200' using TLS with verify_certs=False is insecure
  _transport = transport_class(

[2024-04-19T10:00:52.808+0000] {warnings.py:109} WARNING - /home/***/.local/lib/python3.8/site-packages/elasticsearch/_sync/client/__init__.py:399: SecurityWarning: Connecting to 'https://dbelk2.afaqy.local:9200' using TLS with verify_certs=False is insecure
  _transport = transport_class(

[2024-04-19T10:00:52.931+0000] {warnings.py:109} WARNING - /home/***/.local/lib/python3.8/site-packages/elasticsearch/_sync/client/__init__.py:399: SecurityWarning: Connecting to 'https://dbelk1.afaqy.local:9200' using TLS with verify_certs=False is insecure
  _transport = transport_class(

[2024-04-19T10:00:52.956+0000] {warnings.py:109} WARNING - /home/***/.local/lib/python3.8/site-packages/urllib3/connectionpool.py:1061: InsecureRequestWarning: Unverified HTTPS request is being made to host 'dbelk3.afaqy.local'. Adding certificate verification is strongly advised. See: https://urllib3.readthedocs.io/en/1.26.x/advanced-usage.html#ssl-warnings
  warnings.warn(

[2024-04-19T10:00:53.020+0000] {_transport.py:335} INFO - GET https://dbelk3.afaqy.local:9200/_cluster/health [status:200 duration:0.087s]
[2024-04-19T10:00:53.624+0000] {warnings.py:109} WARNING - /home/***/.local/lib/python3.8/site-packages/urllib3/connectionpool.py:1061: InsecureRequestWarning: Unverified HTTPS request is being made to host 'dbelk2.afaqy.local'. Adding certificate verification is strongly advised. See: https://urllib3.readthedocs.io/en/1.26.x/advanced-usage.html#ssl-warnings
  warnings.warn(

[2024-04-19T10:00:55.471+0000] {_transport.py:335} INFO - PUT https://dbelk2.afaqy.local:9200/units_statistics_***/_bulk [status:200 duration:1.878s]
[2024-04-19T10:00:55.790+0000] {python.py:202} INFO - Done. Returned value was: None
[2024-04-19T10:00:55.807+0000] {taskinstance.py:1149} INFO - Marking task as SUCCESS. dag_id=Units_statistics_DAG, task_id=ETL_job, map_index=6, execution_date=20240419T090000, start_date=20240419T100021, end_date=20240419T100055
[2024-04-19T10:00:55.844+0000] {local_task_job_runner.py:234} INFO - Task exited with return code 0
[2024-04-19T10:00:55.867+0000] {taskinstance.py:3312} INFO - 0 downstream tasks scheduled from follow-on schedule check
