[2024-04-28T15:20:16.053+0000] {taskinstance.py:1979} INFO - Dependencies all met for dep_context=non-requeueable deps ti=<TaskInstance: Units_statistics_DAG.ETL_job scheduled__2024-04-28T15:00:00+00:00 map_index=6 [queued]>
[2024-04-28T15:20:16.070+0000] {taskinstance.py:1979} INFO - Dependencies all met for dep_context=requeueable deps ti=<TaskInstance: Units_statistics_DAG.ETL_job scheduled__2024-04-28T15:00:00+00:00 map_index=6 [queued]>
[2024-04-28T15:20:16.072+0000] {taskinstance.py:2193} INFO - Starting attempt 1 of 4
[2024-04-28T15:20:16.103+0000] {taskinstance.py:2217} INFO - Executing <Mapped(_PythonDecoratedOperator): ETL_job> on 2024-04-28 15:00:00+00:00
[2024-04-28T15:20:16.113+0000] {standard_task_runner.py:60} INFO - Started process 617143 to run task
[2024-04-28T15:20:16.127+0000] {standard_task_runner.py:87} INFO - Running: ['***', 'tasks', 'run', 'Units_statistics_DAG', 'ETL_job', 'scheduled__2024-04-28T15:00:00+00:00', '--job-id', '21430', '--raw', '--subdir', 'DAGS_FOLDER/Units_dag.py', '--cfg-path', '/tmp/tmpcnn79bnr', '--map-index', '6']
[2024-04-28T15:20:16.129+0000] {standard_task_runner.py:88} INFO - Job 21430: Subtask ETL_job
[2024-04-28T15:20:16.238+0000] {task_command.py:423} INFO - Running <TaskInstance: Units_statistics_DAG.ETL_job scheduled__2024-04-28T15:00:00+00:00 map_index=6 [running]> on host a09da322e808
[2024-04-28T15:20:16.738+0000] {taskinstance.py:2513} INFO - Exporting env vars: AIRFLOW_CTX_DAG_OWNER='abeer-araby' AIRFLOW_CTX_DAG_ID='Units_statistics_DAG' AIRFLOW_CTX_TASK_ID='ETL_job' AIRFLOW_CTX_EXECUTION_DATE='2024-04-28T15:00:00+00:00' AIRFLOW_CTX_TRY_NUMBER='1' AIRFLOW_CTX_DAG_RUN_ID='scheduled__2024-04-28T15:00:00+00:00'
[2024-04-28T15:20:16.740+0000] {Units_dag.py:99} INFO - i: 60000, chunk: 10000
[2024-04-28T15:20:16.740+0000] {Units_dag.py:100} INFO - child token is::: eyJ0eXAiOiJKV1QiLCJhbGciOiJIUzI1NiJ9.eyJpc3MiOiJodHRwczovL2FwaS5hZmFxeS5zYS9hdXRoL2xvZ2luX2FzIiwiaWF0IjoxNzE0MzE3NjA0LCJleHAiOjE3MTY5MDk2MDQsIm5iZiI6MTcxNDMxNzYwNCwianRpIjoieGVEMjFqRTM1Tmg2ejlFVyIsInN1YiI6IjVkNjNlNTFlMDNlZDUyOTJhNDJjMjRlNiIsInBydiI6IjI3MGVjZmM3ZWEzZWQ5MzdlYTg0OTM2MmEzYTUwOTEwYzZkOGNlNGYiLCJsb2dpbl9hc19pZCI6IjY1N2YwYWQ3M2Y5NzcyOTVjZjA1NTc2YSJ9.TJYug5KeV13DFkdCpK5SC5OfiMIIZddaCmucPysWog4
[2024-04-28T15:20:51.607+0000] {Units_dag.py:104} INFO - {'_id': '632884b20aa8e6364e77a5fa', 'icon': 'icons/D_7.png', 'driver_id': '', 'tailer_id': '', 'profile': {'vehicle_type': None, 'measurement_type': 'count', 'max_capacity': 0, 'vin': None, 'plate_number': None, 'start_operation': None, 'contract_milage': None, 'opening_milage': None, 'model': None, 'fuel_type': '91', 'year': 0, 'seats': 2}, 'device_password': '***', 'device_type': 'gps', 'gateway': False, 'name': '6583 - R S A', 'operation_code': '', 'device_gateway': '', 'business_types': {'waste': False, 'transportation': True, 'water': False}, 'imei': '357073298711348', 'sim_number': '+966830028793588', 'sim_serial': '996609821111336394', 'device_serial': '1124887022', 'device': 'teltonika', 'user_id': '62b9a1516bfc54699f7b0c2b', 'created_by': '5e6655bf03ed52e1ab79d301', 'updated_at': '2024-04-18 11:18:59', 'created_at': '2022-09-19 18:03:14', 'skip_sim_information': '', 'shipment_info': None, 'custom_fields': [], 'creator': 'amr.ahmed', 'company': '', 'owner': 'saudi-hemaya-admin', 'last_update': {'dtt': 1714317593000, 'dts': 1714317595725, 'spd': 70, 'ang': 250, 'alt': 197, 'chPrams': {'Speed': {'v': 70, 'cdt': 1714317593000}, 'output1': {'v': False, 'cdt': 1713585467000}, 'output2': {'v': False, 'cdt': 1713585467000}, 'ePwrV': {'v': 28.771, 'cdt': 1714317593000}, 'parm24': {'v': 70, 'cdt': 1714317593000}, 'sat': {'v': 16, 'cdt': 1714317562000}, 'ai1': {'v': 14373, 'cdt': 1714317593000}, 'type': {'v': 6, 'cdt': 1712021671000}, 'priority': {'v': 0, 'cdt': 1713130912000}, 'di2': {'v': 0, 'cdt': 1713157387000}, 'di1': {'v': 1, 'cdt': 1714279084000}, 'result': {'v': '5665723a30332e32372e30375f3030204750533a41584e5f352e312e392048773a464d42313230204d6f643a333320494d45493a33353730373332393837313133343820496e69743a323032342d342d323820343a313720557074696d653a333033204d41433a303031453432374635373932205350433a312830292041584c3a32204f42443a3020424c3a312e31302042543a34', 'cdt': 1714278141000}, 'protocol': {'v': 'FMB120', 'cdt': 1714278441000}, 'parm6': {'v': 0, 'cdt': 1714162344000}, 'iPwrV': {'v': 4.0520000000000005, 'cdt': 1714316786000}, 'event': {'v': 0, 'cdt': 1713130912000}}, 'prms': {'protocol': 'FMB120', 'priority': 0, 'sat': 16, 'event': 0, 'di1': 1, 'output1': 0, 'di2': 0, 'output2': 0, 'ePwrV': 28.771, 'Speed': 70, 'parm24': 70, 'iPwrV': 4.0520000000000005, 'ai1': 14373, 'parm6': 0}, 'devPrms': ['protocol', 'priority', 'sat', 'event', 'di1', 'output1', 'di2', 'output2', 'ePwrV', 'Speed', 'parm24', 'iPwrV', 'ai1', 'parm6'], 'old_params': {'protocol': 'FMB120', 'priority': 0, 'sat': 16, 'event': 0, 'di1': 1, 'output1': 0, 'di2': 0, 'output2': 0, 'ePwrV': 28.788, 'Speed': 63, 'parm24': 63, 'iPwrV': 4.0520000000000005, 'ai1': 14436, 'parm6': 0}, 'vLoc': 1, 'vCon': 1, 'ip': '109.83.227.95', 'rl': 0.5827, 'trl': 113221.5825, 'mdu': 31, 'tmdu': 7249104, 'eidl': 0, 'teidl': 9330514, 'fc': 0.069924, 'tfc': 438.162732, 'acc': 1, 'accOn': 42390425, 'accOff': 1818463369, 'sdu': 0, 'tsdu': 0, 'lat': 26.0620183, 'lng': 49.2462083}, 'counters': {'odometer_type': 'gps', 'odometer': 113221.59, 'engine_hours_type': 'acc', 'engine_hours': 42390425, 'last_acc': 1}, 'is_wasl_connected': 'Connected', 'iconUrl': 'https://api.afaqy.sa/images/units/icons/D_7.png', 'hasCCTV': False}
[2024-04-28T15:20:53.578+0000] {warnings.py:109} WARNING - /home/***/.local/lib/python3.8/site-packages/elasticsearch/_sync/client/__init__.py:399: SecurityWarning: Connecting to 'https://dbelk2.afaqy.local:9200' using TLS with verify_certs=False is insecure
  _transport = transport_class(

[2024-04-28T15:20:53.756+0000] {warnings.py:109} WARNING - /home/***/.local/lib/python3.8/site-packages/elasticsearch/_sync/client/__init__.py:399: SecurityWarning: Connecting to 'https://dbelk3.afaqy.local:9200' using TLS with verify_certs=False is insecure
  _transport = transport_class(

[2024-04-28T15:20:53.903+0000] {warnings.py:109} WARNING - /home/***/.local/lib/python3.8/site-packages/elasticsearch/_sync/client/__init__.py:399: SecurityWarning: Connecting to 'https://dbelk1.afaqy.local:9200' using TLS with verify_certs=False is insecure
  _transport = transport_class(

[2024-04-28T15:20:53.935+0000] {warnings.py:109} WARNING - /home/***/.local/lib/python3.8/site-packages/urllib3/connectionpool.py:1061: InsecureRequestWarning: Unverified HTTPS request is being made to host 'dbelk2.afaqy.local'. Adding certificate verification is strongly advised. See: https://urllib3.readthedocs.io/en/1.26.x/advanced-usage.html#ssl-warnings
  warnings.warn(

[2024-04-28T15:20:54.017+0000] {_transport.py:335} INFO - GET https://dbelk2.afaqy.local:9200/_cluster/health [status:200 duration:0.113s]
[2024-04-28T15:20:55.206+0000] {warnings.py:109} WARNING - /home/***/.local/lib/python3.8/site-packages/urllib3/connectionpool.py:1061: InsecureRequestWarning: Unverified HTTPS request is being made to host 'dbelk3.afaqy.local'. Adding certificate verification is strongly advised. See: https://urllib3.readthedocs.io/en/1.26.x/advanced-usage.html#ssl-warnings
  warnings.warn(

[2024-04-28T15:20:57.873+0000] {_transport.py:335} INFO - PUT https://dbelk3.afaqy.local:9200/units_statistics_***/_bulk [status:200 duration:2.696s]
[2024-04-28T15:20:58.326+0000] {python.py:202} INFO - Done. Returned value was: None
[2024-04-28T15:20:58.344+0000] {taskinstance.py:1149} INFO - Marking task as SUCCESS. dag_id=Units_statistics_DAG, task_id=ETL_job, map_index=6, execution_date=20240428T150000, start_date=20240428T152016, end_date=20240428T152058
[2024-04-28T15:20:58.428+0000] {local_task_job_runner.py:234} INFO - Task exited with return code 0
[2024-04-28T15:20:58.462+0000] {taskinstance.py:3312} INFO - 0 downstream tasks scheduled from follow-on schedule check
