[2024-05-11T11:23:30.327+0000] {taskinstance.py:1979} INFO - Dependencies all met for dep_context=non-requeueable deps ti=<TaskInstance: Units_statistics_DAG.ETL_job scheduled__2024-05-11T11:00:00+00:00 map_index=10 [queued]>
[2024-05-11T11:23:30.357+0000] {taskinstance.py:1979} INFO - Dependencies all met for dep_context=requeueable deps ti=<TaskInstance: Units_statistics_DAG.ETL_job scheduled__2024-05-11T11:00:00+00:00 map_index=10 [queued]>
[2024-05-11T11:23:30.358+0000] {taskinstance.py:2193} INFO - Starting attempt 3 of 4
[2024-05-11T11:23:30.393+0000] {taskinstance.py:2217} INFO - Executing <Mapped(_PythonDecoratedOperator): ETL_job> on 2024-05-11 11:00:00+00:00
[2024-05-11T11:23:30.434+0000] {standard_task_runner.py:60} INFO - Started process 939103 to run task
[2024-05-11T11:23:30.475+0000] {standard_task_runner.py:87} INFO - Running: ['***', 'tasks', 'run', 'Units_statistics_DAG', 'ETL_job', 'scheduled__2024-05-11T11:00:00+00:00', '--job-id', '50426', '--raw', '--subdir', 'DAGS_FOLDER/Units_dag.py', '--cfg-path', '/tmp/tmpu5v7d01e', '--map-index', '10']
[2024-05-11T11:23:30.484+0000] {standard_task_runner.py:88} INFO - Job 50426: Subtask ETL_job
[2024-05-11T11:23:30.697+0000] {task_command.py:423} INFO - Running <TaskInstance: Units_statistics_DAG.ETL_job scheduled__2024-05-11T11:00:00+00:00 map_index=10 [running]> on host a09da322e808
[2024-05-11T11:23:31.057+0000] {taskinstance.py:2513} INFO - Exporting env vars: AIRFLOW_CTX_DAG_OWNER='abeer-araby' AIRFLOW_CTX_DAG_ID='Units_statistics_DAG' AIRFLOW_CTX_TASK_ID='ETL_job' AIRFLOW_CTX_EXECUTION_DATE='2024-05-11T11:00:00+00:00' AIRFLOW_CTX_TRY_NUMBER='3' AIRFLOW_CTX_DAG_RUN_ID='scheduled__2024-05-11T11:00:00+00:00'
[2024-05-11T11:23:31.058+0000] {Units_dag.py:98} INFO - i: 100000, chunk: 10000
[2024-05-11T11:23:31.059+0000] {Units_dag.py:99} INFO - child token is::: eyJ0eXAiOiJKV1QiLCJhbGciOiJIUzI1NiJ9.eyJpc3MiOiJodHRwczovL2FwaS5hZmFxeS5zYS9hdXRoL2xvZ2luX2FzIiwiaWF0IjoxNzE1NDI2NDA0LCJleHAiOjE3MTgwMTg0MDQsIm5iZiI6MTcxNTQyNjQwNCwianRpIjoiT1ZIWjBUb0E1eHFaSVZUeSIsInN1YiI6IjVkNjNlNTFlMDNlZDUyOTJhNDJjMjRlNiIsInBydiI6IjI3MGVjZmM3ZWEzZWQ5MzdlYTg0OTM2MmEzYTUwOTEwYzZkOGNlNGYiLCJsb2dpbl9hc19pZCI6IjY1N2YwYWQ3M2Y5NzcyOTVjZjA1NTc2YSJ9.NPoX5iGOYyWKmhtAUAoGHAsFBBguADAt_ZZjFA8xKl4
[2024-05-11T11:23:50.700+0000] {Units_dag.py:103} INFO - {'_id': '64579c5e3157cf153279fc74', 'icon': 'icons/icon.png', 'driver_id': '', 'tailer_id': '', 'profile': {'vehicle_type': '', 'measurement_type': 'count', 'max_capacity': 0, 'vin': '', 'plate_number': '', 'start_operation': '', 'contract_milage': '', 'opening_milage': '', 'model': '', 'fuel_type': '91', 'year': 0, 'seats': 2}, 'device_password': '***', 'device_type': 'gps', 'gateway': False, 'name': 'T0800600 ( 4552KDA )', 'operation_code': 'T0800600', 'device_gateway': '', 'business_types': {'waste': False, 'transportation': True, 'water': False}, 'imei': '357073298465127', 'sim_number': '+966830031794231', 'sim_serial': '421296730059', 'device_serial': '1125693887', 'device': 'teltonika', 'user_id': '62bb1bb23c00423a7b3af933', 'created_by': '5e6655bf03ed52e1ab79d301', 'updated_at': '2024-05-09 14:07:30', 'created_at': '2023-05-07 15:41:02', 'shipment_info': {'product_category': None, 'truck_type': None, 'shipment_type': None, 'shipment_payment_type': None, 'transporter_type': None, 'operating_area': None, 'weight_kilograms_per_day': None, 'kms_per_day': None, 'shipment_trip_drive_hrs_day': None, 'allowable_delay_drive_hrs_day': None, 'expected_shipment_trip_day': None, 'car_pay_per_day': None, 'exceeding_temperature_limit_per_day': None, 'temperature_upper_limit': None, 'exceeding_humidity_limit_per_day': None, 'humidity_upper_limit': None}, 'skip_sim_information': False, 'custom_fields': [], 'creator': 'amr.ahmed', 'company': '', 'owner': 'al-yamama-trading-admin', 'last_update': {'dtt': 1715426309000, 'dts': 1715426312906, 'spd': 0, 'ang': 309, 'alt': -9, 'chPrams': {'Speed': {'v': 0, 'cdt': 1715092864000}, 'output1': {'v': False, 'cdt': 1714989911000}, 'output2': {'v': False, 'cdt': 1714989911000}, 'ePwrV': {'v': 25.467000000000002, 'cdt': 1715426309000}, 'parm24': {'v': 0, 'cdt': 1715092864000}, 'sat': {'v': 16, 'cdt': 1715426009000}, 'ai1': {'v': 131, 'cdt': 1714587294000}, 'di2': {'v': 0, 'cdt': 1714534069000}, 'type': {'v': 6, 'cdt': 1712874171000}, 'priority': {'v': 0, 'cdt': 1714205517000}, 'di1': {'v': 0, 'cdt': 1715410682000}, 'result': {'v': '5665723a30332e32372e31335f3033204750533a41584e5f352e312e392048773a464d42313230204d6f643a333320494d45493a33353730373332393834363531323720496e69743a323032342d352d3720383a323420557074696d653a31323537204d41433a303031453432374530444134205350433a312830292041584c3a3131204f42443a3020424c3a312e31302042543a34', 'cdt': 1715071529000}, 'protocol': {'v': 'FMB120', 'cdt': 1715071829000}, 'parm6': {'v': 131, 'cdt': 1714590600000}, 'iPwrV': {'v': 3.982, 'cdt': 1715426009000}, 'event': {'v': 0, 'cdt': 1714205217000}}, 'prms': {'protocol': 'FMB120', 'priority': 0, 'sat': 16, 'event': 0, 'di1': 0, 'output1': 0, 'di2': 0, 'output2': 0, 'ePwrV': 25.467000000000002, 'Speed': 0, 'parm24': 0, 'iPwrV': 3.982, 'ai1': 131, 'parm6': 131}, 'devPrms': ['protocol', 'priority', 'sat', 'event', 'di1', 'output1', 'di2', 'output2', 'ePwrV', 'Speed', 'parm24', 'iPwrV', 'ai1', 'parm6'], 'old_params': {'Speed': 0, 'output1': 0, 'output2': 0, 'ePwrV': 25.472, 'parm24': 0, 'sat': 16, 'ai1': 131, 'priority': 0, 'di2': 0, 'di1': 0, 'protocol': 'teltonika', 'parm6': 131, 'iPwrV': 3.982, 'event': 0}, 'vLoc': 1, 'vCon': 1, 'ip': '51.39.4.132', 'rl': 0, 'trl': 4789.425, 'mdu': 0, 'tmdu': 1170397, 'eidl': 0, 'teidl': 883074, 'fc': 0, 'tfc': 0.137112, 'acc': 0, 'accOn': 612748496, 'accOff': 29773038, 'sdu': 300, 'tsdu': 15627, 'lat': 26.3190033, 'lng': 49.8492733}, 'counters': {'odometer_type': 'gps', 'odometer': 4789.3241, 'engine_hours_type': 'acc', 'engine_hours': 612748496, 'last_acc': 0}, 'is_wasl_connected': 'Connected', 'iconUrl': 'https://api.afaqy.sa/images/units/icons/icon.png', 'hasCCTV': False}
[2024-05-11T11:23:51.223+0000] {warnings.py:109} WARNING - /home/***/.local/lib/python3.8/site-packages/elasticsearch/_sync/client/__init__.py:399: SecurityWarning: Connecting to 'https://dbelk1.afaqy.local:9200' using TLS with verify_certs=False is insecure
  _transport = transport_class(

[2024-05-11T11:23:51.276+0000] {warnings.py:109} WARNING - /home/***/.local/lib/python3.8/site-packages/elasticsearch/_sync/client/__init__.py:399: SecurityWarning: Connecting to 'https://dbelk3.afaqy.local:9200' using TLS with verify_certs=False is insecure
  _transport = transport_class(

[2024-05-11T11:23:51.328+0000] {warnings.py:109} WARNING - /home/***/.local/lib/python3.8/site-packages/elasticsearch/_sync/client/__init__.py:399: SecurityWarning: Connecting to 'https://dbelk2.afaqy.local:9200' using TLS with verify_certs=False is insecure
  _transport = transport_class(

[2024-05-11T11:23:51.355+0000] {warnings.py:109} WARNING - /home/***/.local/lib/python3.8/site-packages/urllib3/connectionpool.py:1061: InsecureRequestWarning: Unverified HTTPS request is being made to host 'dbelk1.afaqy.local'. Adding certificate verification is strongly advised. See: https://urllib3.readthedocs.io/en/1.26.x/advanced-usage.html#ssl-warnings
  warnings.warn(

[2024-05-11T11:23:51.419+0000] {_transport.py:335} INFO - GET https://dbelk1.afaqy.local:9200/_cluster/health [status:200 duration:0.088s]
[2024-05-11T11:23:51.793+0000] {warnings.py:109} WARNING - /home/***/.local/lib/python3.8/site-packages/urllib3/connectionpool.py:1061: InsecureRequestWarning: Unverified HTTPS request is being made to host 'dbelk3.afaqy.local'. Adding certificate verification is strongly advised. See: https://urllib3.readthedocs.io/en/1.26.x/advanced-usage.html#ssl-warnings
  warnings.warn(

[2024-05-11T11:23:51.805+0000] {_transport.py:335} INFO - PUT https://dbelk3.afaqy.local:9200/units_statistics_***/_bulk [status:429 duration:0.029s]
[2024-05-11T11:23:51.805+0000] {_node_pool.py:249} WARNING - Node <Urllib3HttpNode(https://dbelk3.afaqy.local:9200)> has failed for 1 times in a row, putting on 1 second timeout
[2024-05-11T11:23:51.805+0000] {_transport.py:427} WARNING - Retrying request after non-successful status 429 (attempt 0 of 3)
[2024-05-11T11:23:51.806+0000] {warnings.py:109} WARNING - /home/***/.local/lib/python3.8/site-packages/urllib3/connectionpool.py:1061: InsecureRequestWarning: Unverified HTTPS request is being made to host 'dbelk1.afaqy.local'. Adding certificate verification is strongly advised. See: https://urllib3.readthedocs.io/en/1.26.x/advanced-usage.html#ssl-warnings
  warnings.warn(

[2024-05-11T11:23:54.275+0000] {_transport.py:335} INFO - PUT https://dbelk1.afaqy.local:9200/units_statistics_***/_bulk [status:200 duration:2.470s]
[2024-05-11T11:23:54.362+0000] {taskinstance.py:2731} ERROR - Task failed with exception
Traceback (most recent call last):
  File "/home/airflow/.local/lib/python3.8/site-packages/airflow/models/taskinstance.py", line 444, in _execute_task
    result = _execute_callable(context=context, **execute_callable_kwargs)
  File "/home/airflow/.local/lib/python3.8/site-packages/airflow/models/taskinstance.py", line 414, in _execute_callable
    return execute_callable(context=context, **execute_callable_kwargs)
  File "/home/airflow/.local/lib/python3.8/site-packages/airflow/decorators/base.py", line 241, in execute
    return_value = super().execute(context)
  File "/home/airflow/.local/lib/python3.8/site-packages/airflow/operators/python.py", line 200, in execute
    return_value = self.execute_callable()
  File "/home/airflow/.local/lib/python3.8/site-packages/airflow/operators/python.py", line 217, in execute_callable
    return self.python_callable(*self.op_args, **self.op_kwargs)
  File "/opt/airflow/dags/Units_dag.py", line 111, in ETL_job
    Elk_client.elk_pushData(Globals.index_name,units_list_update)
  File "/opt/airflow/dags/units_statistics/elk_manager.py", line 69, in elk_pushData
    helpers.bulk(self.elk_client, docs_list, index=index_name, chunk_size=batch)
  File "/home/airflow/.local/lib/python3.8/site-packages/elasticsearch/helpers/actions.py", line 521, in bulk
    for ok, item in streaming_bulk(
  File "/home/airflow/.local/lib/python3.8/site-packages/elasticsearch/helpers/actions.py", line 436, in streaming_bulk
    for data, (ok, info) in zip(
  File "/home/airflow/.local/lib/python3.8/site-packages/elasticsearch/helpers/actions.py", line 355, in _process_bulk_chunk
    yield from gen
  File "/home/airflow/.local/lib/python3.8/site-packages/elasticsearch/helpers/actions.py", line 274, in _process_bulk_chunk_success
    raise BulkIndexError(f"{len(errors)} document(s) failed to index.", errors)
elasticsearch.helpers.BulkIndexError: 2765 document(s) failed to index.
[2024-05-11T11:23:54.373+0000] {taskinstance.py:1149} INFO - Marking task as UP_FOR_RETRY. dag_id=Units_statistics_DAG, task_id=ETL_job, map_index=10, execution_date=20240511T110000, start_date=20240511T112330, end_date=20240511T112354
[2024-05-11T11:23:54.388+0000] {standard_task_runner.py:107} ERROR - Failed to execute job 50426 for task ETL_job (2765 document(s) failed to index.; 939103)
[2024-05-11T11:23:54.433+0000] {local_task_job_runner.py:234} INFO - Task exited with return code 1
[2024-05-11T11:23:54.464+0000] {taskinstance.py:3312} INFO - 0 downstream tasks scheduled from follow-on schedule check
