[2024-05-09T15:00:18.374+0000] {taskinstance.py:1979} INFO - Dependencies all met for dep_context=non-requeueable deps ti=<TaskInstance: Units_statistics_DAG.ETL_job scheduled__2024-05-09T14:40:00+00:00 map_index=15 [queued]>
[2024-05-09T15:00:18.469+0000] {taskinstance.py:1979} INFO - Dependencies all met for dep_context=requeueable deps ti=<TaskInstance: Units_statistics_DAG.ETL_job scheduled__2024-05-09T14:40:00+00:00 map_index=15 [queued]>
[2024-05-09T15:00:18.469+0000] {taskinstance.py:2193} INFO - Starting attempt 1 of 4
[2024-05-09T15:00:18.586+0000] {taskinstance.py:2217} INFO - Executing <Mapped(_PythonDecoratedOperator): ETL_job> on 2024-05-09 14:40:00+00:00
[2024-05-09T15:00:18.607+0000] {standard_task_runner.py:60} INFO - Started process 889507 to run task
[2024-05-09T15:00:18.640+0000] {standard_task_runner.py:87} INFO - Running: ['***', 'tasks', 'run', 'Units_statistics_DAG', 'ETL_job', 'scheduled__2024-05-09T14:40:00+00:00', '--job-id', '44623', '--raw', '--subdir', 'DAGS_FOLDER/Units_dag.py', '--cfg-path', '/tmp/tmpq2uu60js', '--map-index', '15']
[2024-05-09T15:00:18.644+0000] {standard_task_runner.py:88} INFO - Job 44623: Subtask ETL_job
[2024-05-09T15:00:18.905+0000] {task_command.py:423} INFO - Running <TaskInstance: Units_statistics_DAG.ETL_job scheduled__2024-05-09T14:40:00+00:00 map_index=15 [running]> on host a09da322e808
[2024-05-09T15:00:19.276+0000] {taskinstance.py:2513} INFO - Exporting env vars: AIRFLOW_CTX_DAG_OWNER='abeer-araby' AIRFLOW_CTX_DAG_ID='Units_statistics_DAG' AIRFLOW_CTX_TASK_ID='ETL_job' AIRFLOW_CTX_EXECUTION_DATE='2024-05-09T14:40:00+00:00' AIRFLOW_CTX_TRY_NUMBER='1' AIRFLOW_CTX_DAG_RUN_ID='scheduled__2024-05-09T14:40:00+00:00'
[2024-05-09T15:00:19.278+0000] {Units_dag.py:98} INFO - i: 150000, chunk: 10000
[2024-05-09T15:00:19.278+0000] {Units_dag.py:99} INFO - child token is::: eyJ0eXAiOiJKV1QiLCJhbGciOiJIUzI1NiJ9.eyJpc3MiOiJodHRwczovL2FwaS5hZmFxeS5zYS9hdXRoL2xvZ2luX2FzIiwiaWF0IjoxNzE1MjY2ODA0LCJleHAiOjE3MTc4NTg4MDQsIm5iZiI6MTcxNTI2NjgwNCwianRpIjoiNm1uVmpaenlaQ1FIT25WOCIsInN1YiI6IjVkNjNlNTFlMDNlZDUyOTJhNDJjMjRlNiIsInBydiI6IjI3MGVjZmM3ZWEzZWQ5MzdlYTg0OTM2MmEzYTUwOTEwYzZkOGNlNGYiLCJsb2dpbl9hc19pZCI6IjY1N2YwYWQ3M2Y5NzcyOTVjZjA1NTc2YSJ9.KlqtT3Wxp_7-P0v_KA_F4sWY-LXuPnjc-iFIrq_f1OE
[2024-05-09T15:00:40.806+0000] {Units_dag.py:103} INFO - {'_id': '659bf826d2c3deb57a05e571', 'icon': 'icons/icon.png', 'driver_id': '', 'tailer_id': '', 'profile': {'vehicle_type': '', 'measurement_type': 'count', 'max_capacity': 0, 'vin': '', 'plate_number': '', 'start_operation': '', 'contract_milage': '', 'opening_milage': '', 'model': '', 'fuel_type': '91', 'year': 0, 'seats': 2}, 'shipment_info': {'product_category': None, 'truck_type': None, 'shipment_type': None, 'shipment_payment_type': None, 'transporter_type': None, 'operating_area': None, 'weight_kilograms_per_day': None, 'kms_per_day': None, 'shipment_trip_drive_hrs_day': None, 'allowable_delay_drive_hrs_day': None, 'expected_shipment_trip_day': None, 'car_pay_per_day': None, 'exceeding_temperature_limit_per_day': None, 'temperature_upper_limit': None, 'exceeding_humidity_limit_per_day': None, 'humidity_upper_limit': None}, 'device_password': '***', 'device_type': 'gps', 'gateway': False, 'business_types': {'waste': False, 'transportation': True, 'water': False}, 'name': '5908BER', 'operation_code': '', 'device_gateway': '', 'skip_sim_information': False, 'imei': '866069060818109', 'sim_number': '+966830021043834', 'sim_serial': '8996609821112128737', 'device_serial': '1135686266', 'device': 'teltonika', 'user_id': '631866bf3cdfd0479c43062d', 'created_by': '5e6655bf03ed52e1ab79d301', 'updated_at': '2024-04-18 11:18:59', 'created_at': '2024-01-08 16:27:02', 'custom_fields': [], 'creator': 'amr.ahmed', 'company': '', 'owner': 'dar-almerkaba-admin', 'last_update': {'dtt': 1715266763000, 'dts': 1715266767439, 'spd': 0, 'ang': 122, 'alt': 664, 'chPrams': {'Speed': {'v': 0, 'cdt': 1715229948000}, 'output1': {'v': False, 'cdt': 1715264660000}, 'ePwrV': {'v': 12.857000000000001, 'cdt': 1715266462000}, 'parm24': {'v': 0, 'cdt': 1715229948000}, 'sat': {'v': 13, 'cdt': 1715266462000}, 'ai1': {'v': 0, 'cdt': 1714556562000}, 'type': {'v': 6, 'cdt': 1712734257000}, 'priority': {'v': 0, 'cdt': 1715162062000}, 'di1': {'v': 0, 'cdt': 1715230368000}, 'result': {'v': '5665723a30332e32382e30325f313937204750533a41584e5f352e312e392048773a464d43393230204d6f643a3120494d45493a38363630363930363038313831303920496e69743a323032342d312d31382032323a3720557074696d653a39363331383038204d41433a333838413231393243343245205350433a312830292041584c3a31204f42443a3020424c3a312e31302042543a34', 'cdt': 1715264359000}, 'protocol': {'v': 'FMC920', 'cdt': 1715264660000}, 'iPwrV': {'v': 4.01, 'cdt': 1715229892000}, 'event': {'v': 0, 'cdt': 1715162363000}}, 'prms': {'protocol': 'FMC920', 'priority': 0, 'sat': 13, 'event': 0, 'di1': 0, 'output1': 0, 'ePwrV': 12.857000000000001, 'Speed': 0, 'parm24': 0, 'iPwrV': 4.01, 'ai1': 0}, 'devPrms': ['protocol', 'priority', 'sat', 'event', 'di1', 'output1', 'ePwrV', 'Speed', 'parm24', 'iPwrV', 'ai1'], 'old_params': {'Speed': 0, 'protocol': 'teltonika', 'output1': 0, 'ePwrV': 12.857000000000001, 'parm24': 0, 'sat': 13, 'ai1': 0, 'iPwrV': 4.01, 'priority': 0, 'event': 0, 'di1': 0}, 'vLoc': 1, 'vCon': 1, 'ip': '109.83.31.169', 'rl': 0, 'trl': 7406.4952, 'mdu': 0, 'tmdu': 535676, 'eidl': 0, 'teidl': 265153, 'fc': 0, 'tfc': 103.272528, 'acc': 0, 'accOn': 1468741, 'accOff': 640883709, 'sdu': 301, 'tsdu': 36395, 'lat': 26.5439283, 'lng': 37.9629266}, 'counters': {'engine_hours': 1468741, 'last_acc': 0, 'odometer': 7406.4766, 'engine_hours_type': '', 'odometer_type': ''}, 'is_wasl_connected': 'Not Connected', 'iconUrl': 'https://api.afaqy.sa/images/units/icons/icon.png', 'hasCCTV': False}
[2024-05-09T15:00:41.407+0000] {warnings.py:109} WARNING - /home/***/.local/lib/python3.8/site-packages/elasticsearch/_sync/client/__init__.py:399: SecurityWarning: Connecting to 'https://dbelk1.afaqy.local:9200' using TLS with verify_certs=False is insecure
  _transport = transport_class(

[2024-05-09T15:00:41.451+0000] {warnings.py:109} WARNING - /home/***/.local/lib/python3.8/site-packages/elasticsearch/_sync/client/__init__.py:399: SecurityWarning: Connecting to 'https://dbelk3.afaqy.local:9200' using TLS with verify_certs=False is insecure
  _transport = transport_class(

[2024-05-09T15:00:41.496+0000] {warnings.py:109} WARNING - /home/***/.local/lib/python3.8/site-packages/elasticsearch/_sync/client/__init__.py:399: SecurityWarning: Connecting to 'https://dbelk2.afaqy.local:9200' using TLS with verify_certs=False is insecure
  _transport = transport_class(

[2024-05-09T15:00:41.585+0000] {warnings.py:109} WARNING - /home/***/.local/lib/python3.8/site-packages/urllib3/connectionpool.py:1061: InsecureRequestWarning: Unverified HTTPS request is being made to host 'dbelk1.afaqy.local'. Adding certificate verification is strongly advised. See: https://urllib3.readthedocs.io/en/1.26.x/advanced-usage.html#ssl-warnings
  warnings.warn(

[2024-05-09T15:00:41.656+0000] {_transport.py:335} INFO - GET https://dbelk1.afaqy.local:9200/_cluster/health [status:200 duration:0.157s]
[2024-05-09T15:00:42.121+0000] {warnings.py:109} WARNING - /home/***/.local/lib/python3.8/site-packages/urllib3/connectionpool.py:1061: InsecureRequestWarning: Unverified HTTPS request is being made to host 'dbelk3.afaqy.local'. Adding certificate verification is strongly advised. See: https://urllib3.readthedocs.io/en/1.26.x/advanced-usage.html#ssl-warnings
  warnings.warn(

[2024-05-09T15:00:42.137+0000] {_transport.py:335} INFO - PUT https://dbelk3.afaqy.local:9200/units_statistics_***/_bulk [status:429 duration:0.034s]
[2024-05-09T15:00:42.138+0000] {_node_pool.py:249} WARNING - Node <Urllib3HttpNode(https://dbelk3.afaqy.local:9200)> has failed for 1 times in a row, putting on 1 second timeout
[2024-05-09T15:00:42.138+0000] {_transport.py:427} WARNING - Retrying request after non-successful status 429 (attempt 0 of 3)
[2024-05-09T15:00:42.139+0000] {warnings.py:109} WARNING - /home/***/.local/lib/python3.8/site-packages/urllib3/connectionpool.py:1061: InsecureRequestWarning: Unverified HTTPS request is being made to host 'dbelk1.afaqy.local'. Adding certificate verification is strongly advised. See: https://urllib3.readthedocs.io/en/1.26.x/advanced-usage.html#ssl-warnings
  warnings.warn(

[2024-05-09T15:00:42.320+0000] {_transport.py:335} INFO - PUT https://dbelk1.afaqy.local:9200/units_statistics_***/_bulk [status:200 duration:0.182s]
[2024-05-09T15:00:42.593+0000] {taskinstance.py:2731} ERROR - Task failed with exception
Traceback (most recent call last):
  File "/home/airflow/.local/lib/python3.8/site-packages/airflow/models/taskinstance.py", line 444, in _execute_task
    result = _execute_callable(context=context, **execute_callable_kwargs)
  File "/home/airflow/.local/lib/python3.8/site-packages/airflow/models/taskinstance.py", line 414, in _execute_callable
    return execute_callable(context=context, **execute_callable_kwargs)
  File "/home/airflow/.local/lib/python3.8/site-packages/airflow/decorators/base.py", line 241, in execute
    return_value = super().execute(context)
  File "/home/airflow/.local/lib/python3.8/site-packages/airflow/operators/python.py", line 200, in execute
    return_value = self.execute_callable()
  File "/home/airflow/.local/lib/python3.8/site-packages/airflow/operators/python.py", line 217, in execute_callable
    return self.python_callable(*self.op_args, **self.op_kwargs)
  File "/opt/airflow/dags/Units_dag.py", line 111, in ETL_job
    Elk_client.elk_pushData(Globals.index_name,units_list_update)
  File "/opt/airflow/dags/units_statistics/elk_manager.py", line 69, in elk_pushData
    helpers.bulk(self.elk_client, docs_list, index=index_name, chunk_size=batch)
  File "/home/airflow/.local/lib/python3.8/site-packages/elasticsearch/helpers/actions.py", line 521, in bulk
    for ok, item in streaming_bulk(
  File "/home/airflow/.local/lib/python3.8/site-packages/elasticsearch/helpers/actions.py", line 436, in streaming_bulk
    for data, (ok, info) in zip(
  File "/home/airflow/.local/lib/python3.8/site-packages/elasticsearch/helpers/actions.py", line 355, in _process_bulk_chunk
    yield from gen
  File "/home/airflow/.local/lib/python3.8/site-packages/elasticsearch/helpers/actions.py", line 274, in _process_bulk_chunk_success
    raise BulkIndexError(f"{len(errors)} document(s) failed to index.", errors)
elasticsearch.helpers.BulkIndexError: 10000 document(s) failed to index.
[2024-05-09T15:00:42.610+0000] {taskinstance.py:1149} INFO - Marking task as UP_FOR_RETRY. dag_id=Units_statistics_DAG, task_id=ETL_job, map_index=15, execution_date=20240509T144000, start_date=20240509T150018, end_date=20240509T150042
[2024-05-09T15:00:42.646+0000] {standard_task_runner.py:107} ERROR - Failed to execute job 44623 for task ETL_job (10000 document(s) failed to index.; 889507)
[2024-05-09T15:00:42.708+0000] {local_task_job_runner.py:234} INFO - Task exited with return code 1
[2024-05-09T15:00:42.734+0000] {taskinstance.py:3312} INFO - 0 downstream tasks scheduled from follow-on schedule check
