[2024-05-01T17:00:16.351+0000] {taskinstance.py:1979} INFO - Dependencies all met for dep_context=non-requeueable deps ti=<TaskInstance: Units_statistics_DAG.ETL_job scheduled__2024-05-01T16:40:00+00:00 map_index=6 [queued]>
[2024-05-01T17:00:16.396+0000] {taskinstance.py:1979} INFO - Dependencies all met for dep_context=requeueable deps ti=<TaskInstance: Units_statistics_DAG.ETL_job scheduled__2024-05-01T16:40:00+00:00 map_index=6 [queued]>
[2024-05-01T17:00:16.397+0000] {taskinstance.py:2193} INFO - Starting attempt 1 of 4
[2024-05-01T17:00:16.451+0000] {taskinstance.py:2217} INFO - Executing <Mapped(_PythonDecoratedOperator): ETL_job> on 2024-05-01 16:40:00+00:00
[2024-05-01T17:00:16.459+0000] {standard_task_runner.py:60} INFO - Started process 690729 to run task
[2024-05-01T17:00:16.485+0000] {standard_task_runner.py:87} INFO - Running: ['***', 'tasks', 'run', 'Units_statistics_DAG', 'ETL_job', 'scheduled__2024-05-01T16:40:00+00:00', '--job-id', '26690', '--raw', '--subdir', 'DAGS_FOLDER/Units_dag.py', '--cfg-path', '/tmp/tmpgubnp3sq', '--map-index', '6']
[2024-05-01T17:00:16.501+0000] {standard_task_runner.py:88} INFO - Job 26690: Subtask ETL_job
[2024-05-01T17:00:16.777+0000] {task_command.py:423} INFO - Running <TaskInstance: Units_statistics_DAG.ETL_job scheduled__2024-05-01T16:40:00+00:00 map_index=6 [running]> on host a09da322e808
[2024-05-01T17:00:17.394+0000] {taskinstance.py:2513} INFO - Exporting env vars: AIRFLOW_CTX_DAG_OWNER='abeer-araby' AIRFLOW_CTX_DAG_ID='Units_statistics_DAG' AIRFLOW_CTX_TASK_ID='ETL_job' AIRFLOW_CTX_EXECUTION_DATE='2024-05-01T16:40:00+00:00' AIRFLOW_CTX_TRY_NUMBER='1' AIRFLOW_CTX_DAG_RUN_ID='scheduled__2024-05-01T16:40:00+00:00'
[2024-05-01T17:00:17.396+0000] {Units_dag.py:99} INFO - i: 60000, chunk: 10000
[2024-05-01T17:00:17.396+0000] {Units_dag.py:100} INFO - child token is::: eyJ0eXAiOiJKV1QiLCJhbGciOiJIUzI1NiJ9.eyJpc3MiOiJodHRwczovL2FwaS5hZmFxeS5zYS9hdXRoL2xvZ2luX2FzIiwiaWF0IjoxNzE0NTgyODA0LCJleHAiOjE3MTcxNzQ4MDQsIm5iZiI6MTcxNDU4MjgwNCwianRpIjoicmhaS2ltM3NMTzBJWk9heCIsInN1YiI6IjVkNjNlNTFlMDNlZDUyOTJhNDJjMjRlNiIsInBydiI6IjI3MGVjZmM3ZWEzZWQ5MzdlYTg0OTM2MmEzYTUwOTEwYzZkOGNlNGYiLCJsb2dpbl9hc19pZCI6IjY1N2YwYWQ3M2Y5NzcyOTVjZjA1NTc2YSJ9.ARzCSQcFqaTZ3q9EIohkRU3rRr78-5W4SJiW8Bc65KQ
[2024-05-01T17:00:54.066+0000] {Units_dag.py:104} INFO - {'_id': '6329e8d0a6f87f63407862f0', 'icon': 'icons/icon.png', 'driver_id': '', 'tailer_id': '', 'profile': {'vehicle_type': '', 'measurement_type': 'count', 'max_capacity': 0, 'vin': '', 'plate_number': '', 'start_operation': '', 'contract_milage': '', 'opening_milage': '', 'model': '', 'fuel_type': '91', 'year': 0, 'seats': 2}, 'device_password': '***', 'device_type': 'gps', 'gateway': False, 'name': 'أ د و 5695', 'operation_code': '', 'imei': '350424060024963', 'sim_number': '+966821111337236', 'sim_serial': '8996609821111337236', 'device_serial': '1125678260', 'device': 'teltonika', 'created_by': '5e539d8203ed52f71d634478', 'user_id': '5e539d8203ed52f71d634478', 'updated_at': '2024-04-18 11:18:59', 'created_at': '2022-09-20 19:22:40', 'business_types': {'waste': False, 'transportation': True, 'water': False, 'hajj': False}, 'device_gateway': '', 'custom_fields': [], 'creator': 'aemallamar', 'company': '', 'owner': 'aemallamar', 'last_update': {'dtt': 1714582807000, 'dts': 1714582810358, 'spd': 25, 'ang': 160, 'alt': 657, 'chPrams': {'parm76': {'v': 0, 'cdt': 1712999203000}, 'output1': {'v': False, 'cdt': 1714580660000}, 'output2': {'v': False, 'cdt': 1714580660000}, 'ePwrV': {'v': 24.195, 'cdt': 1714582807000}, 'sat': {'v': 18, 'cdt': 1714582774000}, 'ai1': {'v': 1367, 'cdt': 1714582807000}, 'priority': {'v': 0, 'cdt': 1714544725000}, 'di2': {'v': 0, 'cdt': 1712999203000}, 'type': {'v': 6, 'cdt': 1714255280000}, 'di1': {'v': 1, 'cdt': 1714568291000}, 'temp1': {'v': 0, 'cdt': 1712999203000}, 'result': {'v': '5665723a30332e32372e31335f3033204750533a41584e5f352e312e392048773a464d42313230204d6f643a333320494d45493a33353034323430363030323439363320496e69743a323032342d352d312031323a353720557074696d653a3134323833204d41433a333838413231303243354332205350433a312830292041584c3a32204f42443a3020424c3a312e31302042543a34', 'cdt': 1714580636000}, 'protocol': {'v': 'FMB120', 'cdt': 1714580660000}, 'temp5': {'v': 30, 'cdt': 1712999203000}, 'parm29': {'v': 0, 'cdt': 1712999203000}, 'iPwrV': {'v': 4.061, 'cdt': 1714582807000}, 'event': {'v': 0, 'cdt': 1714543822010}, 'humidity86': {'v': 300, 'cdt': 1712999203000}}, 'prms': {'protocol': 'FMB120', 'priority': 0, 'sat': 18, 'event': 0, 'di1': 1, 'output1': 0, 'di2': 0, 'output2': 0, 'parm29': 0, 'ePwrV': 24.195, 'iPwrV': 4.061, 'ai1': 1367, 'temp5': 30, 'humidity86': 300, 'temp1': 0, 'parm76': 0}, 'devPrms': ['parm76', 'output1', 'output2', 'ePwrV', 'sat', 'ai1', 'priority', 'di2', 'type', 'di1', 'temp1', 'result', 'protocol', 'temp5', 'parm29', 'iPwrV', 'event', 'humidity86'], 'old_params': {'protocol': 'FMB120', 'priority': 0, 'sat': 18, 'event': 0, 'di1': 1, 'output1': 0, 'di2': 0, 'output2': 0, 'parm29': 0, 'ePwrV': 24.264, 'iPwrV': 4.062, 'ai1': 1398, 'temp5': 30, 'humidity86': 300, 'temp1': 0, 'parm76': 0}, 'vLoc': 1, 'vCon': 1, 'ip': '37.216.119.175', 'rl': 0.0918, 'trl': 330671.5728, 'mdu': 6, 'tmdu': 14941175, 'eidl': 0, 'teidl': 6286827, 'fc': 0.011016, 'tfc': 33.447132, 'acc': 1, 'accOn': 5054325553, 'accOff': 8800118123, 'sdu': 0, 'tsdu': 0, 'lat': 26.3575199, 'lng': 44.0486366}, 'counters': {'odometer_type': 'gps', 'odometer': 330671.5757, 'engine_hours_type': 'acc', 'engine_hours': 5054325553, 'last_acc': 1}, 'is_wasl_connected': 'Connected', 'iconUrl': 'https://api.afaqy.sa/images/units/icons/icon.png', 'hasCCTV': False}
[2024-05-01T17:00:54.702+0000] {warnings.py:109} WARNING - /home/***/.local/lib/python3.8/site-packages/elasticsearch/_sync/client/__init__.py:399: SecurityWarning: Connecting to 'https://dbelk3.afaqy.local:9200' using TLS with verify_certs=False is insecure
  _transport = transport_class(

[2024-05-01T17:00:54.747+0000] {warnings.py:109} WARNING - /home/***/.local/lib/python3.8/site-packages/elasticsearch/_sync/client/__init__.py:399: SecurityWarning: Connecting to 'https://dbelk2.afaqy.local:9200' using TLS with verify_certs=False is insecure
  _transport = transport_class(

[2024-05-01T17:00:54.812+0000] {warnings.py:109} WARNING - /home/***/.local/lib/python3.8/site-packages/elasticsearch/_sync/client/__init__.py:399: SecurityWarning: Connecting to 'https://dbelk1.afaqy.local:9200' using TLS with verify_certs=False is insecure
  _transport = transport_class(

[2024-05-01T17:00:54.832+0000] {warnings.py:109} WARNING - /home/***/.local/lib/python3.8/site-packages/urllib3/connectionpool.py:1061: InsecureRequestWarning: Unverified HTTPS request is being made to host 'dbelk3.afaqy.local'. Adding certificate verification is strongly advised. See: https://urllib3.readthedocs.io/en/1.26.x/advanced-usage.html#ssl-warnings
  warnings.warn(

[2024-05-01T17:00:54.909+0000] {_transport.py:335} INFO - GET https://dbelk3.afaqy.local:9200/_cluster/health [status:200 duration:0.094s]
[2024-05-01T17:00:55.563+0000] {warnings.py:109} WARNING - /home/***/.local/lib/python3.8/site-packages/urllib3/connectionpool.py:1061: InsecureRequestWarning: Unverified HTTPS request is being made to host 'dbelk2.afaqy.local'. Adding certificate verification is strongly advised. See: https://urllib3.readthedocs.io/en/1.26.x/advanced-usage.html#ssl-warnings
  warnings.warn(

[2024-05-01T17:00:57.378+0000] {_transport.py:335} INFO - PUT https://dbelk2.afaqy.local:9200/units_statistics_***/_bulk [status:200 duration:1.837s]
[2024-05-01T17:00:57.775+0000] {python.py:202} INFO - Done. Returned value was: None
[2024-05-01T17:00:57.789+0000] {taskinstance.py:1149} INFO - Marking task as SUCCESS. dag_id=Units_statistics_DAG, task_id=ETL_job, map_index=6, execution_date=20240501T164000, start_date=20240501T170016, end_date=20240501T170057
[2024-05-01T17:00:57.857+0000] {local_task_job_runner.py:234} INFO - Task exited with return code 0
[2024-05-01T17:00:57.882+0000] {taskinstance.py:3312} INFO - 0 downstream tasks scheduled from follow-on schedule check
