[2024-05-08T04:44:39.347+0000] {taskinstance.py:1979} INFO - Dependencies all met for dep_context=non-requeueable deps ti=<TaskInstance: Units_statistics_DAG.ETL_job scheduled__2024-05-08T04:20:00+00:00 map_index=2 [queued]>
[2024-05-08T04:44:39.363+0000] {taskinstance.py:1979} INFO - Dependencies all met for dep_context=requeueable deps ti=<TaskInstance: Units_statistics_DAG.ETL_job scheduled__2024-05-08T04:20:00+00:00 map_index=2 [queued]>
[2024-05-08T04:44:39.364+0000] {taskinstance.py:2193} INFO - Starting attempt 4 of 4
[2024-05-08T04:44:39.385+0000] {taskinstance.py:2217} INFO - Executing <Mapped(_PythonDecoratedOperator): ETL_job> on 2024-05-08 04:20:00+00:00
[2024-05-08T04:44:39.393+0000] {standard_task_runner.py:60} INFO - Started process 852570 to run task
[2024-05-08T04:44:39.402+0000] {standard_task_runner.py:87} INFO - Running: ['***', 'tasks', 'run', 'Units_statistics_DAG', 'ETL_job', 'scheduled__2024-05-08T04:20:00+00:00', '--job-id', '40796', '--raw', '--subdir', 'DAGS_FOLDER/Units_dag.py', '--cfg-path', '/tmp/tmpwagzyix0', '--map-index', '2']
[2024-05-08T04:44:39.404+0000] {standard_task_runner.py:88} INFO - Job 40796: Subtask ETL_job
[2024-05-08T04:44:39.500+0000] {task_command.py:423} INFO - Running <TaskInstance: Units_statistics_DAG.ETL_job scheduled__2024-05-08T04:20:00+00:00 map_index=2 [running]> on host a09da322e808
[2024-05-08T04:44:39.707+0000] {taskinstance.py:2513} INFO - Exporting env vars: AIRFLOW_CTX_DAG_OWNER='abeer-araby' AIRFLOW_CTX_DAG_ID='Units_statistics_DAG' AIRFLOW_CTX_TASK_ID='ETL_job' AIRFLOW_CTX_EXECUTION_DATE='2024-05-08T04:20:00+00:00' AIRFLOW_CTX_TRY_NUMBER='4' AIRFLOW_CTX_DAG_RUN_ID='scheduled__2024-05-08T04:20:00+00:00'
[2024-05-08T04:44:39.708+0000] {Units_dag.py:98} INFO - i: 20000, chunk: 10000
[2024-05-08T04:44:39.709+0000] {Units_dag.py:99} INFO - child token is::: eyJ0eXAiOiJKV1QiLCJhbGciOiJIUzI1NiJ9.eyJpc3MiOiJodHRwczovL2FwaS5hZmFxeS5zYS9hdXRoL2xvZ2luX2FzIiwiaWF0IjoxNzE1MTQzMjA0LCJleHAiOjE3MTc3MzUyMDQsIm5iZiI6MTcxNTE0MzIwNCwianRpIjoidzEwanVEVU8xbnlwTFR2YSIsInN1YiI6IjVkNjNlNTFlMDNlZDUyOTJhNDJjMjRlNiIsInBydiI6IjI3MGVjZmM3ZWEzZWQ5MzdlYTg0OTM2MmEzYTUwOTEwYzZkOGNlNGYiLCJsb2dpbl9hc19pZCI6IjY1N2YwYWQ3M2Y5NzcyOTVjZjA1NTc2YSJ9.6atJZOILIxSBdRCIaxsmm0ejOPZcEVefGNWMt18J_GU
[2024-05-08T04:44:56.217+0000] {Units_dag.py:103} INFO - {'_id': '618a70e9fabb56337f79c30f', 'icon': 'icons/icon.png', 'driver_id': '', 'tailer_id': '', 'profile': {'vehicle_type': '', 'measurement_type': 'weight', 'max_capacity': 0, 'vin': '', 'plate_number': '', 'start_operation': '', 'contract_milage': '', 'opening_milage': '', 'model': '', 'fuel_type': '91', 'year': 0, 'seats': 2}, 'device_password': '***', 'device_type': 'gps', 'gateway': False, 'name': 'ب س م 7343', 'operation_code': '', 'device_gateway': '', 'business_types': {'waste': False, 'transportation': True, 'water': False}, 'imei': '862549044125154', 'sim_number': '+966862549084845', 'sim_serial': '862549044125154', 'device_serial': '862549044125154', 'device': 'ruptela', 'user_id': '5e539d8203ed52f71d634478', 'created_by': '5e6655bf03ed52e1ab79d301', 'updated_at': '2024-04-18 11:18:59', 'created_at': '2021-11-09 16:00:25', 'custom_fields': [], 'creator': 'amr.ahmed', 'company': '', 'owner': 'aemallamar', 'last_update': {'dtt': 1715143456000, 'dts': 1715143457670, 'spd': 21, 'ang': 329, 'alt': 605, 'chPrams': {'gsm': {'v': 23, 'cdt': 1715143445000}, 'io_1_176': {'v': 20, 'cdt': 1715143456000}, 'io_1_134': {'v': 0, 'cdt': 1715143447000}, 'io_1_136': {'v': 0, 'cdt': 1715086038000}, 'ai22': {'v': 2923, 'cdt': 1715143454000}, 'ePwrV': {'v': 28.425, 'cdt': 1715143456000}, 'io_1_135': {'v': 0, 'cdt': 1715143447000}, 'io_2_139': {'v': 2, 'cdt': 1715143454000}, 'di2': {'v': 0, 'cdt': 1636636963000}, 'operator': {'v': 42004, 'cdt': 1714544431000}, 'io_1_130': {'v': 21, 'cdt': 1715143456000}, 'di5': {'v': 1, 'cdt': 1715143255000}, 'io_2_131': {'v': 0, 'cdt': 1715001417000}, 'protocol': {'v': 'ruptela', 'cdt': 1714399624000}, 'io_2_137': {'v': 0, 'cdt': 1715143370000}, 'iPwrV': {'v': 4.083, 'cdt': 1715143454000}, 'event': {'v': 9, 'cdt': 1715143445000}, 'io_1_418': {'v': 1, 'cdt': 1714544431000}, 'move': {'v': 1, 'cdt': 1715143407000}, 'spd': {'v': 21, 'cdt': 1715143456000}, 'sat': {'v': 13, 'cdt': 1715143456000}, 'hdop': {'v': 0.8, 'cdt': 1715143456000}, 'io_2_560': {'v': 0, 'cdt': 1714472247000}, 'accTemp': {'v': 34, 'cdt': 1715143170000}, 'vOdometer': {'v': 188220406, 'cdt': 1715143456000}, 'io_1_405': {'v': 1, 'cdt': 1714399624000}}, 'prms': {'protocol': 'ruptela', 'sat': 13, 'spd': 21, 'hdop': 0.8, 'event': 9, 'io_1_130': 21, 'io_1_134': 0, 'io_1_135': 0, 'io_1_136': 0, 'di2': 0, 'di5': 1, 'accTemp': 34, 'io_1_405': 1, 'gsm': 23, 'move': 1, 'io_1_176': 20, 'io_1_418': 1, 'io_2_131': 0, 'io_2_137': 0, 'io_2_139': 2, 'ai22': 2923, 'io_2_560': 0, 'ePwrV': 28.425, 'iPwrV': 4.083, 'vOdometer': 188220406, 'operator': 42004}, 'devPrms': ['protocol', 'sat', 'spd', 'hdop', 'event', 'io_1_130', 'io_1_134', 'io_1_135', 'io_1_136', 'di2', 'di5', 'accTemp', 'io_1_405', 'gsm', 'move', 'io_1_176', 'io_1_418', 'io_2_131', 'io_2_137', 'io_2_139', 'ai22', 'io_2_560', 'ePwrV', 'iPwrV', 'vOdometer', 'operator'], 'old_params': {'protocol': 'ruptela', 'sat': 12, 'spd': 15, 'hdop': 0.9, 'event': 9, 'io_1_130': 15, 'io_1_134': 0, 'io_1_135': 0, 'io_1_136': 0, 'di2': 0, 'di5': 1, 'accTemp': 34, 'io_1_405': 1, 'gsm': 23, 'move': 1, 'io_1_176': 15, 'io_1_418': 1, 'io_2_131': 0, 'io_2_137': 0, 'io_2_139': 2, 'ai22': 2923, 'io_2_560': 0, 'ePwrV': 28.421, 'iPwrV': 4.083, 'vOdometer': 188220394, 'operator': 42004}, 'vLoc': 1, 'vCon': 1, 'ip': '51.39.13.86', 'rl': 0.0114, 'trl': 189705.0464, 'mdu': 2, 'tmdu': 10367083, 'eidl': 0, 'teidl': 6646543, 'fc': 0.001368, 'tfc': 679.114524, 'acc': 1, 'accOn': 143232223, 'accOff': 61790709, 'sdu': 0, 'tsdu': 0, 'lat': 26.332835, 'lng': 43.9810616}, 'counters': {'odometer_type': 'gps', 'odometer': 189705.0464, 'engine_hours_type': 'acc', 'engine_hours': 143232223, 'last_acc': 1}, 'is_wasl_connected': 'Connected', 'iconUrl': 'https://api.afaqy.sa/images/units/icons/icon.png', 'hasCCTV': False}
[2024-05-08T04:44:56.750+0000] {warnings.py:109} WARNING - /home/***/.local/lib/python3.8/site-packages/elasticsearch/_sync/client/__init__.py:399: SecurityWarning: Connecting to 'https://dbelk3.afaqy.local:9200' using TLS with verify_certs=False is insecure
  _transport = transport_class(

[2024-05-08T04:44:56.795+0000] {warnings.py:109} WARNING - /home/***/.local/lib/python3.8/site-packages/elasticsearch/_sync/client/__init__.py:399: SecurityWarning: Connecting to 'https://dbelk2.afaqy.local:9200' using TLS with verify_certs=False is insecure
  _transport = transport_class(

[2024-05-08T04:44:56.837+0000] {warnings.py:109} WARNING - /home/***/.local/lib/python3.8/site-packages/elasticsearch/_sync/client/__init__.py:399: SecurityWarning: Connecting to 'https://dbelk1.afaqy.local:9200' using TLS with verify_certs=False is insecure
  _transport = transport_class(

[2024-05-08T04:44:56.858+0000] {warnings.py:109} WARNING - /home/***/.local/lib/python3.8/site-packages/urllib3/connectionpool.py:1061: InsecureRequestWarning: Unverified HTTPS request is being made to host 'dbelk3.afaqy.local'. Adding certificate verification is strongly advised. See: https://urllib3.readthedocs.io/en/1.26.x/advanced-usage.html#ssl-warnings
  warnings.warn(

[2024-05-08T04:44:56.940+0000] {_transport.py:335} INFO - GET https://dbelk3.afaqy.local:9200/_cluster/health [status:200 duration:0.102s]
[2024-05-08T04:44:57.323+0000] {warnings.py:109} WARNING - /home/***/.local/lib/python3.8/site-packages/urllib3/connectionpool.py:1061: InsecureRequestWarning: Unverified HTTPS request is being made to host 'dbelk2.afaqy.local'. Adding certificate verification is strongly advised. See: https://urllib3.readthedocs.io/en/1.26.x/advanced-usage.html#ssl-warnings
  warnings.warn(

[2024-05-08T04:44:57.339+0000] {_transport.py:335} INFO - PUT https://dbelk2.afaqy.local:9200/units_statistics_***/_bulk [status:429 duration:0.036s]
[2024-05-08T04:44:57.340+0000] {_node_pool.py:249} WARNING - Node <Urllib3HttpNode(https://dbelk2.afaqy.local:9200)> has failed for 1 times in a row, putting on 1 second timeout
[2024-05-08T04:44:57.340+0000] {_transport.py:427} WARNING - Retrying request after non-successful status 429 (attempt 0 of 3)
[2024-05-08T04:44:57.341+0000] {warnings.py:109} WARNING - /home/***/.local/lib/python3.8/site-packages/urllib3/connectionpool.py:1061: InsecureRequestWarning: Unverified HTTPS request is being made to host 'dbelk3.afaqy.local'. Adding certificate verification is strongly advised. See: https://urllib3.readthedocs.io/en/1.26.x/advanced-usage.html#ssl-warnings
  warnings.warn(

[2024-05-08T04:44:57.352+0000] {_transport.py:335} INFO - PUT https://dbelk3.afaqy.local:9200/units_statistics_***/_bulk [status:429 duration:0.012s]
[2024-05-08T04:44:57.353+0000] {_node_pool.py:249} WARNING - Node <Urllib3HttpNode(https://dbelk3.afaqy.local:9200)> has failed for 1 times in a row, putting on 1 second timeout
[2024-05-08T04:44:57.354+0000] {_transport.py:427} WARNING - Retrying request after non-successful status 429 (attempt 1 of 3)
[2024-05-08T04:44:57.380+0000] {warnings.py:109} WARNING - /home/***/.local/lib/python3.8/site-packages/urllib3/connectionpool.py:1061: InsecureRequestWarning: Unverified HTTPS request is being made to host 'dbelk1.afaqy.local'. Adding certificate verification is strongly advised. See: https://urllib3.readthedocs.io/en/1.26.x/advanced-usage.html#ssl-warnings
  warnings.warn(

[2024-05-08T04:44:57.538+0000] {_transport.py:335} INFO - PUT https://dbelk1.afaqy.local:9200/units_statistics_***/_bulk [status:200 duration:0.184s]
[2024-05-08T04:44:57.801+0000] {taskinstance.py:2731} ERROR - Task failed with exception
Traceback (most recent call last):
  File "/home/airflow/.local/lib/python3.8/site-packages/airflow/models/taskinstance.py", line 444, in _execute_task
    result = _execute_callable(context=context, **execute_callable_kwargs)
  File "/home/airflow/.local/lib/python3.8/site-packages/airflow/models/taskinstance.py", line 414, in _execute_callable
    return execute_callable(context=context, **execute_callable_kwargs)
  File "/home/airflow/.local/lib/python3.8/site-packages/airflow/decorators/base.py", line 241, in execute
    return_value = super().execute(context)
  File "/home/airflow/.local/lib/python3.8/site-packages/airflow/operators/python.py", line 200, in execute
    return_value = self.execute_callable()
  File "/home/airflow/.local/lib/python3.8/site-packages/airflow/operators/python.py", line 217, in execute_callable
    return self.python_callable(*self.op_args, **self.op_kwargs)
  File "/opt/airflow/dags/Units_dag.py", line 111, in ETL_job
    Elk_client.elk_pushData(Globals.index_name,units_list_update)
  File "/opt/airflow/dags/units_statistics/elk_manager.py", line 69, in elk_pushData
    helpers.bulk(self.elk_client, docs_list, index=index_name, chunk_size=batch)
  File "/home/airflow/.local/lib/python3.8/site-packages/elasticsearch/helpers/actions.py", line 521, in bulk
    for ok, item in streaming_bulk(
  File "/home/airflow/.local/lib/python3.8/site-packages/elasticsearch/helpers/actions.py", line 436, in streaming_bulk
    for data, (ok, info) in zip(
  File "/home/airflow/.local/lib/python3.8/site-packages/elasticsearch/helpers/actions.py", line 355, in _process_bulk_chunk
    yield from gen
  File "/home/airflow/.local/lib/python3.8/site-packages/elasticsearch/helpers/actions.py", line 274, in _process_bulk_chunk_success
    raise BulkIndexError(f"{len(errors)} document(s) failed to index.", errors)
elasticsearch.helpers.BulkIndexError: 10000 document(s) failed to index.
[2024-05-08T04:44:57.820+0000] {taskinstance.py:1149} INFO - Marking task as FAILED. dag_id=Units_statistics_DAG, task_id=ETL_job, map_index=2, execution_date=20240508T042000, start_date=20240508T044439, end_date=20240508T044457
[2024-05-08T04:44:57.853+0000] {standard_task_runner.py:107} ERROR - Failed to execute job 40796 for task ETL_job (10000 document(s) failed to index.; 852570)
[2024-05-08T04:44:57.915+0000] {local_task_job_runner.py:234} INFO - Task exited with return code 1
[2024-05-08T04:44:57.940+0000] {taskinstance.py:3312} INFO - 0 downstream tasks scheduled from follow-on schedule check
