[2024-04-22T10:20:14.639+0000] {taskinstance.py:1979} INFO - Dependencies all met for dep_context=non-requeueable deps ti=<TaskInstance: Units_statistics_DAG.ETL_job scheduled__2024-04-22T10:00:00+00:00 map_index=14 [queued]>
[2024-04-22T10:20:14.708+0000] {taskinstance.py:1979} INFO - Dependencies all met for dep_context=requeueable deps ti=<TaskInstance: Units_statistics_DAG.ETL_job scheduled__2024-04-22T10:00:00+00:00 map_index=14 [queued]>
[2024-04-22T10:20:14.723+0000] {taskinstance.py:2193} INFO - Starting attempt 1 of 4
[2024-04-22T10:20:14.830+0000] {taskinstance.py:2217} INFO - Executing <Mapped(_PythonDecoratedOperator): ETL_job> on 2024-04-22 10:00:00+00:00
[2024-04-22T10:20:14.849+0000] {standard_task_runner.py:60} INFO - Started process 469012 to run task
[2024-04-22T10:20:14.897+0000] {standard_task_runner.py:87} INFO - Running: ['***', 'tasks', 'run', 'Units_statistics_DAG', 'ETL_job', 'scheduled__2024-04-22T10:00:00+00:00', '--job-id', '11216', '--raw', '--subdir', 'DAGS_FOLDER/Units_dag.py', '--cfg-path', '/tmp/tmpc4vwa4b0', '--map-index', '14']
[2024-04-22T10:20:14.915+0000] {standard_task_runner.py:88} INFO - Job 11216: Subtask ETL_job
[2024-04-22T10:20:15.279+0000] {task_command.py:423} INFO - Running <TaskInstance: Units_statistics_DAG.ETL_job scheduled__2024-04-22T10:00:00+00:00 map_index=14 [running]> on host a09da322e808
[2024-04-22T10:20:15.785+0000] {taskinstance.py:2513} INFO - Exporting env vars: AIRFLOW_CTX_DAG_OWNER='abeer-araby' AIRFLOW_CTX_DAG_ID='Units_statistics_DAG' AIRFLOW_CTX_TASK_ID='ETL_job' AIRFLOW_CTX_EXECUTION_DATE='2024-04-22T10:00:00+00:00' AIRFLOW_CTX_TRY_NUMBER='1' AIRFLOW_CTX_DAG_RUN_ID='scheduled__2024-04-22T10:00:00+00:00'
[2024-04-22T10:20:15.786+0000] {Units_dag.py:99} INFO - i: 140000, chunk: 10000
[2024-04-22T10:20:15.787+0000] {Units_dag.py:100} INFO - child token is::: eyJ0eXAiOiJKV1QiLCJhbGciOiJIUzI1NiJ9.eyJpc3MiOiJodHRwczovL2FwaS5hZmFxeS5zYS9hdXRoL2xvZ2luX2FzIiwiaWF0IjoxNzEzNzgxMjA0LCJleHAiOjE3MTYzNzMyMDQsIm5iZiI6MTcxMzc4MTIwNCwianRpIjoiUHdpMW1DRWhXUml6TlNsbSIsInN1YiI6IjVkNjNlNTFlMDNlZDUyOTJhNDJjMjRlNiIsInBydiI6IjI3MGVjZmM3ZWEzZWQ5MzdlYTg0OTM2MmEzYTUwOTEwYzZkOGNlNGYiLCJsb2dpbl9hc19pZCI6IjY1N2YwYWQ3M2Y5NzcyOTVjZjA1NTc2YSJ9.swv_ES_Aq25vuUd-bgdFumh_hOdpKzGJw2b0rlQ7E5Q
[2024-04-22T10:20:37.599+0000] {Units_dag.py:104} INFO - {'_id': '654955012c89906b3e06dcd0', 'icon': 'icons/icon.png', 'driver_id': '', 'tailer_id': '', 'profile': {'vehicle_type': '58', 'measurement_type': 'count', 'max_capacity': None, 'vin': '12', 'plate_number': '1234tuv', 'start_operation': '2020-05', 'contract_milage': 234, 'opening_milage': 2343, 'model': '12', 'fuel_type': '91', 'year': 0, 'current_owner': 'test000', 'Seats': 2, 'seats': 2}, 'shipment_info': {'product_category': '', 'truck_type': '', 'shipment_type': '', 'shipment_payment_type': '', 'transporter_type': '', 'operating_area': '', 'weight_kilograms_per_day': '', 'kms_per_day': '', 'opening_milage': '', 'shipment_trip_drive_hrs_day': '', 'expected_shipment_trip_day': '', 'car_pay_per_day': '', 'exceeding_temperature_limit_per_day': '', 'temperature_upper_limit': '', 'exceeding_humidity_limit_per_day': '', 'humidity_upper_limit': '', 'allowable_delay_drive_hrs_day': ''}, 'device_password': '***', 'device_type': 'gps', 'gateway': False, 'business_types': {'waste': False, 'transportation': True}, 'name': 'Angelina Tremblay', 'operation_code': 'ed1e3c27-1c4b-40b1-a9b2-5440334c2e44', 'device_gateway': None, 'skip_sim_information': False, 'imei': '37054412', 'sim_number': '+966672594364', 'sim_serial': '9012491880', 'device_serial': '1352933841', 'device': 'bceIotm', 'cctv': {'dvr_id': None, 'channels': 1}, 'user_id': '5b5475eeec689d30c527f124', 'created_by': '5f5e1a5c03ed52b74e484af2', 'updated_at': '2024-04-18 11:18:59', 'created_at': '2023-11-07 00:05:05', 'custom_fields': [], 'creator': 'betalarge', 'company': '', 'owner': 'afaqy', 'counters': None, 'is_wasl_connected': 'Not Connected', 'iconUrl': 'https://api.afaqy.sa/images/units/icons/icon.png', 'hasCCTV': False}
[2024-04-22T10:20:38.631+0000] {warnings.py:109} WARNING - /home/***/.local/lib/python3.8/site-packages/elasticsearch/_sync/client/__init__.py:399: SecurityWarning: Connecting to 'https://dbelk3.afaqy.local:9200' using TLS with verify_certs=False is insecure
  _transport = transport_class(

[2024-04-22T10:20:38.679+0000] {warnings.py:109} WARNING - /home/***/.local/lib/python3.8/site-packages/elasticsearch/_sync/client/__init__.py:399: SecurityWarning: Connecting to 'https://dbelk1.afaqy.local:9200' using TLS with verify_certs=False is insecure
  _transport = transport_class(

[2024-04-22T10:20:38.753+0000] {warnings.py:109} WARNING - /home/***/.local/lib/python3.8/site-packages/elasticsearch/_sync/client/__init__.py:399: SecurityWarning: Connecting to 'https://dbelk2.afaqy.local:9200' using TLS with verify_certs=False is insecure
  _transport = transport_class(

[2024-04-22T10:20:38.777+0000] {warnings.py:109} WARNING - /home/***/.local/lib/python3.8/site-packages/urllib3/connectionpool.py:1061: InsecureRequestWarning: Unverified HTTPS request is being made to host 'dbelk3.afaqy.local'. Adding certificate verification is strongly advised. See: https://urllib3.readthedocs.io/en/1.26.x/advanced-usage.html#ssl-warnings
  warnings.warn(

[2024-04-22T10:20:38.858+0000] {_transport.py:335} INFO - GET https://dbelk3.afaqy.local:9200/_cluster/health [status:200 duration:0.101s]
[2024-04-22T10:20:40.908+0000] {warnings.py:109} WARNING - /home/***/.local/lib/python3.8/site-packages/urllib3/connectionpool.py:1061: InsecureRequestWarning: Unverified HTTPS request is being made to host 'dbelk1.afaqy.local'. Adding certificate verification is strongly advised. See: https://urllib3.readthedocs.io/en/1.26.x/advanced-usage.html#ssl-warnings
  warnings.warn(

[2024-04-22T10:20:42.729+0000] {_transport.py:335} INFO - PUT https://dbelk1.afaqy.local:9200/units_statistics_***/_bulk [status:200 duration:1.974s]
[2024-04-22T10:20:43.597+0000] {python.py:202} INFO - Done. Returned value was: None
[2024-04-22T10:20:43.644+0000] {taskinstance.py:1149} INFO - Marking task as SUCCESS. dag_id=Units_statistics_DAG, task_id=ETL_job, map_index=14, execution_date=20240422T100000, start_date=20240422T102014, end_date=20240422T102043
[2024-04-22T10:20:44.109+0000] {local_task_job_runner.py:234} INFO - Task exited with return code 0
[2024-04-22T10:20:44.144+0000] {taskinstance.py:3312} INFO - 0 downstream tasks scheduled from follow-on schedule check
