[2024-05-08T10:00:12.901+0000] {taskinstance.py:1979} INFO - Dependencies all met for dep_context=non-requeueable deps ti=<TaskInstance: Units_statistics_DAG.ETL_job scheduled__2024-05-08T09:40:00+00:00 map_index=15 [queued]>
[2024-05-08T10:00:12.942+0000] {taskinstance.py:1979} INFO - Dependencies all met for dep_context=requeueable deps ti=<TaskInstance: Units_statistics_DAG.ETL_job scheduled__2024-05-08T09:40:00+00:00 map_index=15 [queued]>
[2024-05-08T10:00:12.942+0000] {taskinstance.py:2193} INFO - Starting attempt 1 of 4
[2024-05-08T10:00:12.993+0000] {taskinstance.py:2217} INFO - Executing <Mapped(_PythonDecoratedOperator): ETL_job> on 2024-05-08 09:40:00+00:00
[2024-05-08T10:00:13.015+0000] {standard_task_runner.py:60} INFO - Started process 858176 to run task
[2024-05-08T10:00:13.076+0000] {standard_task_runner.py:87} INFO - Running: ['***', 'tasks', 'run', 'Units_statistics_DAG', 'ETL_job', 'scheduled__2024-05-08T09:40:00+00:00', '--job-id', '41347', '--raw', '--subdir', 'DAGS_FOLDER/Units_dag.py', '--cfg-path', '/tmp/tmp02djnkff', '--map-index', '15']
[2024-05-08T10:00:13.078+0000] {standard_task_runner.py:88} INFO - Job 41347: Subtask ETL_job
[2024-05-08T10:00:13.388+0000] {task_command.py:423} INFO - Running <TaskInstance: Units_statistics_DAG.ETL_job scheduled__2024-05-08T09:40:00+00:00 map_index=15 [running]> on host a09da322e808
[2024-05-08T10:00:13.819+0000] {taskinstance.py:2513} INFO - Exporting env vars: AIRFLOW_CTX_DAG_OWNER='abeer-araby' AIRFLOW_CTX_DAG_ID='Units_statistics_DAG' AIRFLOW_CTX_TASK_ID='ETL_job' AIRFLOW_CTX_EXECUTION_DATE='2024-05-08T09:40:00+00:00' AIRFLOW_CTX_TRY_NUMBER='1' AIRFLOW_CTX_DAG_RUN_ID='scheduled__2024-05-08T09:40:00+00:00'
[2024-05-08T10:00:13.820+0000] {Units_dag.py:98} INFO - i: 150000, chunk: 10000
[2024-05-08T10:00:13.820+0000] {Units_dag.py:99} INFO - child token is::: eyJ0eXAiOiJKV1QiLCJhbGciOiJIUzI1NiJ9.eyJpc3MiOiJodHRwczovL2FwaS5hZmFxeS5zYS9hdXRoL2xvZ2luX2FzIiwiaWF0IjoxNzE1MTYyNDA0LCJleHAiOjE3MTc3NTQ0MDQsIm5iZiI6MTcxNTE2MjQwNCwianRpIjoiMGR6ZVRzNjR1Zk1VT1dCcyIsInN1YiI6IjVkNjNlNTFlMDNlZDUyOTJhNDJjMjRlNiIsInBydiI6IjI3MGVjZmM3ZWEzZWQ5MzdlYTg0OTM2MmEzYTUwOTEwYzZkOGNlNGYiLCJsb2dpbl9hc19pZCI6IjY1N2YwYWQ3M2Y5NzcyOTVjZjA1NTc2YSJ9.zAlCNedYcuchsVzdj1fvtJF31uHFK7r6EE--HZgB-p4
[2024-05-08T10:00:58.225+0000] {Units_dag.py:103} INFO - {'_id': '659bf11bab69b13f2712e6d4', 'icon': 'icons/A_11.png', 'driver_id': '', 'tailer_id': '', 'profile': {'vehicle_type': '', 'measurement_type': 'count', 'max_capacity': 0, 'vin': '', 'plate_number': '', 'start_operation': '', 'contract_milage': '', 'opening_milage': '', 'model': '', 'fuel_type': '91', 'year': 0, 'seats': 2}, 'shipment_info': {'product_category': None, 'truck_type': None, 'shipment_type': None, 'shipment_payment_type': None, 'transporter_type': None, 'operating_area': None, 'weight_kilograms_per_day': None, 'kms_per_day': None, 'shipment_trip_drive_hrs_day': None, 'allowable_delay_drive_hrs_day': None, 'expected_shipment_trip_day': None, 'car_pay_per_day': None, 'exceeding_temperature_limit_per_day': None, 'temperature_upper_limit': None, 'exceeding_humidity_limit_per_day': None, 'humidity_upper_limit': None}, 'device_password': '***', 'device_type': 'gps', 'gateway': False, 'business_types': {'waste': False, 'transportation': True, 'water': False}, 'name': '5339ZSA', 'operation_code': '', 'device_gateway': '', 'skip_sim_information': False, 'imei': '352016700428634', 'sim_number': '+966830020461033', 'sim_serial': '8996609821112133887', 'device_serial': '1133004534', 'device': 'teltonika', 'user_id': '5ed3a92603ed527acb46a02c', 'created_by': '5e6655bf03ed52e1ab79d301', 'updated_at': '2024-04-25 11:16:38', 'created_at': '2024-01-08 15:56:59', 'custom_fields': [], 'creator': 'amr.ahmed', 'company': '', 'owner': 'al-musalam', 'last_update': {'dtt': 1715162396000, 'dts': 1715162399440, 'spd': 0, 'ang': 213, 'alt': 37, 'chPrams': {'Speed': {'v': 0, 'cdt': 1715152212000}, 'output1': {'v': False, 'cdt': 1715063844000}, 'output2': {'v': False, 'cdt': 1715063844000}, 'ePwrV': {'v': 26.1, 'cdt': 1715162396000}, 'parm24': {'v': 0, 'cdt': 1715152212000}, 'sat': {'v': 15, 'cdt': 1715162396000}, 'ai1': {'v': 1738, 'cdt': 1715162396000}, 'priority': {'v': 0, 'cdt': 1713162331000}, 'di2': {'v': 0, 'cdt': 1713162331000}, 'type': {'v': 6, 'cdt': 1713162331000}, 'di1': {'v': 1, 'cdt': 1715161945000}, 'result': {'v': '5665723a30332e32372e31345f3030204750533a41584e5f352e312e392048773a464d42313230204d6f643a333320494d45493a33353230313637303034323836333420496e69743a323032342d342d323120373a333120557074696d653a31343433323130204d41433a333838413231334141353642205350433a312830292041584c3a32204f42443a3020424c3a312e31302042543a34', 'cdt': 1715130153000}, 'protocol': {'v': 'FMB120', 'cdt': 1715130453000}, 'parm6': {'v': 173, 'cdt': 1714925542000}, 'iPwrV': {'v': 3.938, 'cdt': 1715162305000}, 'event': {'v': 0, 'cdt': 1713162331000}}, 'prms': {'protocol': 'FMB120', 'priority': 0, 'sat': 15, 'event': 0, 'di1': 1, 'output1': 0, 'di2': 0, 'output2': 0, 'ePwrV': 26.1, 'Speed': 0, 'parm24': 0, 'iPwrV': 3.938, 'ai1': 1738, 'parm6': 173}, 'devPrms': ['protocol', 'priority', 'sat', 'event', 'di1', 'output1', 'di2', 'output2', 'ePwrV', 'Speed', 'parm24', 'iPwrV', 'ai1', 'parm6'], 'old_params': {'protocol': 'FMB120', 'priority': 0, 'sat': 14, 'event': 0, 'di1': 1, 'output1': 0, 'di2': 0, 'output2': 0, 'ePwrV': 26.09, 'Speed': 0, 'parm24': 0, 'iPwrV': 3.938, 'ai1': 1740, 'parm6': 173}, 'vLoc': 1, 'vCon': 1, 'ip': '109.83.50.10', 'rl': 0, 'trl': 5963.5281, 'mdu': 0, 'tmdu': 396980, 'eidl': 30, 'teidl': 513725, 'fc': 0, 'tfc': 262.667304, 'acc': 1, 'accOn': 7425800, 'accOff': 634824909, 'sdu': 0, 'tsdu': 0, 'lat': 21.4138133, 'lng': 39.2669199}, 'counters': {'engine_hours': 7425800, 'last_acc': 1, 'odometer': 5963.5227, 'engine_hours_type': 'acc', 'odometer_type': 'gps'}, 'is_wasl_connected': 'Connected', 'iconUrl': 'https://api.afaqy.sa/images/units/icons/A_11.png', 'hasCCTV': False}
[2024-05-08T10:01:01.748+0000] {warnings.py:109} WARNING - /home/***/.local/lib/python3.8/site-packages/elasticsearch/_sync/client/__init__.py:399: SecurityWarning: Connecting to 'https://dbelk1.afaqy.local:9200' using TLS with verify_certs=False is insecure
  _transport = transport_class(

[2024-05-08T10:01:02.008+0000] {warnings.py:109} WARNING - /home/***/.local/lib/python3.8/site-packages/elasticsearch/_sync/client/__init__.py:399: SecurityWarning: Connecting to 'https://dbelk3.afaqy.local:9200' using TLS with verify_certs=False is insecure
  _transport = transport_class(

[2024-05-08T10:01:02.289+0000] {warnings.py:109} WARNING - /home/***/.local/lib/python3.8/site-packages/elasticsearch/_sync/client/__init__.py:399: SecurityWarning: Connecting to 'https://dbelk2.afaqy.local:9200' using TLS with verify_certs=False is insecure
  _transport = transport_class(

[2024-05-08T10:01:02.343+0000] {warnings.py:109} WARNING - /home/***/.local/lib/python3.8/site-packages/urllib3/connectionpool.py:1061: InsecureRequestWarning: Unverified HTTPS request is being made to host 'dbelk1.afaqy.local'. Adding certificate verification is strongly advised. See: https://urllib3.readthedocs.io/en/1.26.x/advanced-usage.html#ssl-warnings
  warnings.warn(

[2024-05-08T10:01:02.421+0000] {_transport.py:335} INFO - GET https://dbelk1.afaqy.local:9200/_cluster/health [status:200 duration:0.108s]
[2024-05-08T10:01:03.289+0000] {warnings.py:109} WARNING - /home/***/.local/lib/python3.8/site-packages/urllib3/connectionpool.py:1061: InsecureRequestWarning: Unverified HTTPS request is being made to host 'dbelk3.afaqy.local'. Adding certificate verification is strongly advised. See: https://urllib3.readthedocs.io/en/1.26.x/advanced-usage.html#ssl-warnings
  warnings.warn(

[2024-05-08T10:01:03.307+0000] {_transport.py:335} INFO - PUT https://dbelk3.afaqy.local:9200/units_statistics_***/_bulk [status:429 duration:0.042s]
[2024-05-08T10:01:03.308+0000] {_node_pool.py:249} WARNING - Node <Urllib3HttpNode(https://dbelk3.afaqy.local:9200)> has failed for 1 times in a row, putting on 1 second timeout
[2024-05-08T10:01:03.308+0000] {_transport.py:427} WARNING - Retrying request after non-successful status 429 (attempt 0 of 3)
[2024-05-08T10:01:03.309+0000] {warnings.py:109} WARNING - /home/***/.local/lib/python3.8/site-packages/urllib3/connectionpool.py:1061: InsecureRequestWarning: Unverified HTTPS request is being made to host 'dbelk1.afaqy.local'. Adding certificate verification is strongly advised. See: https://urllib3.readthedocs.io/en/1.26.x/advanced-usage.html#ssl-warnings
  warnings.warn(

[2024-05-08T10:01:03.464+0000] {_transport.py:335} INFO - PUT https://dbelk1.afaqy.local:9200/units_statistics_***/_bulk [status:200 duration:0.156s]
[2024-05-08T10:01:04.043+0000] {taskinstance.py:2731} ERROR - Task failed with exception
Traceback (most recent call last):
  File "/home/airflow/.local/lib/python3.8/site-packages/airflow/models/taskinstance.py", line 444, in _execute_task
    result = _execute_callable(context=context, **execute_callable_kwargs)
  File "/home/airflow/.local/lib/python3.8/site-packages/airflow/models/taskinstance.py", line 414, in _execute_callable
    return execute_callable(context=context, **execute_callable_kwargs)
  File "/home/airflow/.local/lib/python3.8/site-packages/airflow/decorators/base.py", line 241, in execute
    return_value = super().execute(context)
  File "/home/airflow/.local/lib/python3.8/site-packages/airflow/operators/python.py", line 200, in execute
    return_value = self.execute_callable()
  File "/home/airflow/.local/lib/python3.8/site-packages/airflow/operators/python.py", line 217, in execute_callable
    return self.python_callable(*self.op_args, **self.op_kwargs)
  File "/opt/airflow/dags/Units_dag.py", line 111, in ETL_job
    Elk_client.elk_pushData(Globals.index_name,units_list_update)
  File "/opt/airflow/dags/units_statistics/elk_manager.py", line 69, in elk_pushData
    helpers.bulk(self.elk_client, docs_list, index=index_name, chunk_size=batch)
  File "/home/airflow/.local/lib/python3.8/site-packages/elasticsearch/helpers/actions.py", line 521, in bulk
    for ok, item in streaming_bulk(
  File "/home/airflow/.local/lib/python3.8/site-packages/elasticsearch/helpers/actions.py", line 436, in streaming_bulk
    for data, (ok, info) in zip(
  File "/home/airflow/.local/lib/python3.8/site-packages/elasticsearch/helpers/actions.py", line 355, in _process_bulk_chunk
    yield from gen
  File "/home/airflow/.local/lib/python3.8/site-packages/elasticsearch/helpers/actions.py", line 274, in _process_bulk_chunk_success
    raise BulkIndexError(f"{len(errors)} document(s) failed to index.", errors)
elasticsearch.helpers.BulkIndexError: 10000 document(s) failed to index.
[2024-05-08T10:01:04.055+0000] {taskinstance.py:1149} INFO - Marking task as UP_FOR_RETRY. dag_id=Units_statistics_DAG, task_id=ETL_job, map_index=15, execution_date=20240508T094000, start_date=20240508T100012, end_date=20240508T100104
[2024-05-08T10:01:04.071+0000] {standard_task_runner.py:107} ERROR - Failed to execute job 41347 for task ETL_job (10000 document(s) failed to index.; 858176)
[2024-05-08T10:01:04.117+0000] {local_task_job_runner.py:234} INFO - Task exited with return code 1
[2024-05-08T10:01:04.150+0000] {taskinstance.py:3312} INFO - 0 downstream tasks scheduled from follow-on schedule check
