[2024-05-06T05:00:17.179+0000] {taskinstance.py:1979} INFO - Dependencies all met for dep_context=non-requeueable deps ti=<TaskInstance: Units_statistics_DAG.ETL_job scheduled__2024-05-06T04:40:00+00:00 map_index=9 [queued]>
[2024-05-06T05:00:17.297+0000] {taskinstance.py:1979} INFO - Dependencies all met for dep_context=requeueable deps ti=<TaskInstance: Units_statistics_DAG.ETL_job scheduled__2024-05-06T04:40:00+00:00 map_index=9 [queued]>
[2024-05-06T05:00:17.298+0000] {taskinstance.py:2193} INFO - Starting attempt 1 of 4
[2024-05-06T05:00:17.450+0000] {taskinstance.py:2217} INFO - Executing <Mapped(_PythonDecoratedOperator): ETL_job> on 2024-05-06 04:40:00+00:00
[2024-05-06T05:00:17.473+0000] {standard_task_runner.py:60} INFO - Started process 799739 to run task
[2024-05-06T05:00:17.537+0000] {standard_task_runner.py:87} INFO - Running: ['***', 'tasks', 'run', 'Units_statistics_DAG', 'ETL_job', 'scheduled__2024-05-06T04:40:00+00:00', '--job-id', '34818', '--raw', '--subdir', 'DAGS_FOLDER/Units_dag.py', '--cfg-path', '/tmp/tmp6ezk0yvf', '--map-index', '9']
[2024-05-06T05:00:17.573+0000] {standard_task_runner.py:88} INFO - Job 34818: Subtask ETL_job
[2024-05-06T05:00:18.014+0000] {task_command.py:423} INFO - Running <TaskInstance: Units_statistics_DAG.ETL_job scheduled__2024-05-06T04:40:00+00:00 map_index=9 [running]> on host a09da322e808
[2024-05-06T05:00:18.555+0000] {taskinstance.py:2513} INFO - Exporting env vars: AIRFLOW_CTX_DAG_OWNER='abeer-araby' AIRFLOW_CTX_DAG_ID='Units_statistics_DAG' AIRFLOW_CTX_TASK_ID='ETL_job' AIRFLOW_CTX_EXECUTION_DATE='2024-05-06T04:40:00+00:00' AIRFLOW_CTX_TRY_NUMBER='1' AIRFLOW_CTX_DAG_RUN_ID='scheduled__2024-05-06T04:40:00+00:00'
[2024-05-06T05:00:18.558+0000] {Units_dag.py:99} INFO - i: 90000, chunk: 10000
[2024-05-06T05:00:18.558+0000] {Units_dag.py:100} INFO - child token is::: eyJ0eXAiOiJKV1QiLCJhbGciOiJIUzI1NiJ9.eyJpc3MiOiJodHRwczovL2FwaS5hZmFxeS5zYS9hdXRoL2xvZ2luX2FzIiwiaWF0IjoxNzE0OTcxNjAzLCJleHAiOjE3MTc1NjM2MDMsIm5iZiI6MTcxNDk3MTYwMywianRpIjoiak1BUTY0bmxQS1A0dXFjTSIsInN1YiI6IjVkNjNlNTFlMDNlZDUyOTJhNDJjMjRlNiIsInBydiI6IjI3MGVjZmM3ZWEzZWQ5MzdlYTg0OTM2MmEzYTUwOTEwYzZkOGNlNGYiLCJsb2dpbl9hc19pZCI6IjY1N2YwYWQ3M2Y5NzcyOTVjZjA1NTc2YSJ9.blt5ql7Oi7knxuzefWn2azE-Cuz2PcjHI2i3y2ZYzhE
[2024-05-06T05:00:53.377+0000] {Units_dag.py:104} INFO - {'_id': '640d93722c74674fc337aa5e', 'icon': 'icons/G_16.png', 'driver_id': '', 'tailer_id': '', 'profile': {'vehicle_type': None, 'measurement_type': 'count', 'max_capacity': 0, 'vin': None, 'plate_number': None, 'start_operation': None, 'contract_milage': None, 'opening_milage': None, 'model': None, 'fuel_type': '91', 'year': 0, 'seats': 2}, 'device_password': '***', 'device_type': 'gps', 'gateway': False, 'name': '3431', 'operation_code': '3431', 'device_gateway': '', 'business_types': {'waste': False, 'transportation': False, 'water': False, 'hajj': True}, 'imei': '860665057532326', 'sim_number': '+966830031789739', 'sim_serial': '21296720122', 'device_serial': '860665057532326', 'device': 'bce', 'user_id': '6256d942674c9170c17c2e2b', 'created_by': '62304746cad4421750192616', 'updated_at': '2024-04-18 11:18:59', 'created_at': '2023-03-12 11:55:14', 'custom_fields': [], 'creator': 'mahmoud.sayed', 'company': 'شركة دله لنقل الحجاج', 'owner': 'dallah-hajj', 'last_update': {'dtt': 1714971594000, 'dts': 1714971606073, 'spd': 0, 'ang': 112, 'alt': 247, 'chPrams': {'ePwrV': {'v': 28.059, 'cdt': 1714971594000}, 'di16': {'v': 1, 'cdt': 1714730370000}, 'rssi1': {'v': 61, 'cdt': 1714971590000}, 'di15': {'v': 0, 'cdt': 1688529310000}, 'di14': {'v': 0, 'cdt': 1714971396000}, 'di13': {'v': 0, 'cdt': 1714730370000}, 'di12': {'v': 1, 'cdt': 1714483476000}, 'di11': {'v': 0, 'cdt': 1714730370000}, 'di10': {'v': 0, 'cdt': 1714730370000}, 'di2': {'v': 0, 'cdt': 1714127698000}, 'ai4': {'v': 309, 'cdt': 1714971590000}, 'di1': {'v': 0, 'cdt': 1714971594000}, 'di4': {'v': 0, 'cdt': 1714730370000}, 'di3': {'v': 0, 'cdt': 1714730370000}, 'di6': {'v': 0, 'cdt': 1714730370000}, 'di5': {'v': 1, 'cdt': 1714968180000}, 'lac1': {'v': 52008, 'cdt': 1714900924000}, 'di8': {'v': 1, 'cdt': 1714445000000}, 'protocol': {'v': 'bce', 'cdt': 1714730370000}, 'di7': {'v': 1, 'cdt': 1714969966000}, 'di9': {'v': 0, 'cdt': 1714392080000}, 'iPwrV': {'v': 4.079, 'cdt': 1714971560000}, 'cid1': {'v': 16622, 'cdt': 1714949802000}, 'odometer': {'v': 0, 'cdt': 1714970274000}, 'spd': {'v': 0, 'cdt': 1714969990000}, 'sat': {'v': 11, 'cdt': 1714971522000}, 'hdop': {'v': 1, 'cdt': 1714963812000}, 'ta': {'v': 0, 'cdt': 1714730370000}, 'mcc1': {'v': 420, 'cdt': 1714730370000}, 'mnc1': {'v': 4, 'cdt': 1714730370000}}, 'prms': {'protocol': 'bce', 'spd': 0, 'sat': 11, 'hdop': 1, 'odometer': 0, 'di16': 1, 'di15': 0, 'di14': 0, 'di13': 0, 'di12': 1, 'di11': 0, 'di10': 0, 'di9': 0, 'di8': 1, 'di7': 1, 'di6': 0, 'di5': 1, 'di4': 0, 'di3': 0, 'di2': 0, 'di1': 0, 'ePwrV': 28.059, 'ai4': 309, 'iPwrV': 4.079, 'ta': 0, 'mcc1': 420, 'mnc1': 4, 'lac1': 52008, 'cid1': 16622, 'rssi1': 61}, 'devPrms': ['protocol', 'spd', 'sat', 'hdop', 'odometer', 'di16', 'di15', 'di14', 'di13', 'di12', 'di11', 'di10', 'di9', 'di8', 'di7', 'di6', 'di5', 'di4', 'di3', 'di2', 'di1', 'ePwrV', 'ai4', 'iPwrV', 'ta', 'mcc1', 'mnc1', 'lac1', 'cid1', 'rssi1'], 'old_params': {'protocol': 'bce', 'spd': 0, 'sat': 11, 'hdop': 1, 'odometer': 0, 'di16': 1, 'di15': 0, 'di14': 0, 'di13': 0, 'di12': 1, 'di11': 0, 'di10': 0, 'di9': 0, 'di8': 1, 'di7': 1, 'di6': 0, 'di5': 1, 'di4': 0, 'di3': 0, 'di2': 0, 'di1': 1, 'ePwrV': 28.165, 'ai4': 309, 'iPwrV': 4.079, 'ta': 0, 'mcc1': 420, 'mnc1': 4, 'lac1': 52008, 'cid1': 16622, 'rssi1': 61}, 'vLoc': 1, 'vCon': 1, 'ip': '51.39.192.208', 'rl': 0, 'trl': 17264.6741, 'mdu': 0, 'tmdu': 1285868, 'eidl': 4, 'teidl': 7238082, 'fc': 0, 'tfc': 12.760728, 'acc': 1, 'accOn': 14527236, 'accOff': 22058306, 'sdu': 0, 'tsdu': 0, 'lat': 21.401962280273438, 'lng': 39.760894775390625}, 'counters': {'odometer_type': 'gps', 'odometer': 17264.6741, 'engine_hours_type': 'acc', 'engine_hours': 14527236, 'last_acc': 1}, 'is_wasl_connected': 'Connected', 'iconUrl': 'https://api.afaqy.sa/images/units/icons/G_16.png', 'hasCCTV': False}
[2024-05-06T05:00:55.328+0000] {warnings.py:109} WARNING - /home/***/.local/lib/python3.8/site-packages/elasticsearch/_sync/client/__init__.py:399: SecurityWarning: Connecting to 'https://dbelk1.afaqy.local:9200' using TLS with verify_certs=False is insecure
  _transport = transport_class(

[2024-05-06T05:00:55.450+0000] {warnings.py:109} WARNING - /home/***/.local/lib/python3.8/site-packages/elasticsearch/_sync/client/__init__.py:399: SecurityWarning: Connecting to 'https://dbelk3.afaqy.local:9200' using TLS with verify_certs=False is insecure
  _transport = transport_class(

[2024-05-06T05:00:55.605+0000] {warnings.py:109} WARNING - /home/***/.local/lib/python3.8/site-packages/elasticsearch/_sync/client/__init__.py:399: SecurityWarning: Connecting to 'https://dbelk2.afaqy.local:9200' using TLS with verify_certs=False is insecure
  _transport = transport_class(

[2024-05-06T05:00:55.630+0000] {warnings.py:109} WARNING - /home/***/.local/lib/python3.8/site-packages/urllib3/connectionpool.py:1061: InsecureRequestWarning: Unverified HTTPS request is being made to host 'dbelk1.afaqy.local'. Adding certificate verification is strongly advised. See: https://urllib3.readthedocs.io/en/1.26.x/advanced-usage.html#ssl-warnings
  warnings.warn(

[2024-05-06T05:00:55.713+0000] {_transport.py:335} INFO - GET https://dbelk1.afaqy.local:9200/_cluster/health [status:200 duration:0.106s]
[2024-05-06T05:00:56.634+0000] {warnings.py:109} WARNING - /home/***/.local/lib/python3.8/site-packages/urllib3/connectionpool.py:1061: InsecureRequestWarning: Unverified HTTPS request is being made to host 'dbelk3.afaqy.local'. Adding certificate verification is strongly advised. See: https://urllib3.readthedocs.io/en/1.26.x/advanced-usage.html#ssl-warnings
  warnings.warn(

[2024-05-06T05:00:56.648+0000] {_transport.py:335} INFO - PUT https://dbelk3.afaqy.local:9200/units_statistics_***/_bulk [status:429 duration:0.034s]
[2024-05-06T05:00:56.649+0000] {_node_pool.py:249} WARNING - Node <Urllib3HttpNode(https://dbelk3.afaqy.local:9200)> has failed for 1 times in a row, putting on 1 second timeout
[2024-05-06T05:00:56.649+0000] {_transport.py:427} WARNING - Retrying request after non-successful status 429 (attempt 0 of 3)
[2024-05-06T05:00:56.651+0000] {warnings.py:109} WARNING - /home/***/.local/lib/python3.8/site-packages/urllib3/connectionpool.py:1061: InsecureRequestWarning: Unverified HTTPS request is being made to host 'dbelk1.afaqy.local'. Adding certificate verification is strongly advised. See: https://urllib3.readthedocs.io/en/1.26.x/advanced-usage.html#ssl-warnings
  warnings.warn(

[2024-05-06T05:01:01.887+0000] {_transport.py:335} INFO - PUT https://dbelk1.afaqy.local:9200/units_statistics_***/_bulk [status:200 duration:5.238s]
[2024-05-06T05:01:02.328+0000] {python.py:202} INFO - Done. Returned value was: None
[2024-05-06T05:01:02.366+0000] {taskinstance.py:1149} INFO - Marking task as SUCCESS. dag_id=Units_statistics_DAG, task_id=ETL_job, map_index=9, execution_date=20240506T044000, start_date=20240506T050017, end_date=20240506T050102
[2024-05-06T05:01:02.475+0000] {local_task_job_runner.py:234} INFO - Task exited with return code 0
[2024-05-06T05:01:02.510+0000] {taskinstance.py:3312} INFO - 0 downstream tasks scheduled from follow-on schedule check
