[2024-05-12T05:40:21.840+0000] {taskinstance.py:1979} INFO - Dependencies all met for dep_context=non-requeueable deps ti=<TaskInstance: Units_statistics_DAG.ETL_job scheduled__2024-05-12T05:20:00+00:00 map_index=5 [queued]>
[2024-05-12T05:40:21.929+0000] {taskinstance.py:1979} INFO - Dependencies all met for dep_context=requeueable deps ti=<TaskInstance: Units_statistics_DAG.ETL_job scheduled__2024-05-12T05:20:00+00:00 map_index=5 [queued]>
[2024-05-12T05:40:21.930+0000] {taskinstance.py:2193} INFO - Starting attempt 1 of 4
[2024-05-12T05:40:22.022+0000] {taskinstance.py:2217} INFO - Executing <Mapped(_PythonDecoratedOperator): ETL_job> on 2024-05-12 05:20:00+00:00
[2024-05-12T05:40:22.082+0000] {standard_task_runner.py:60} INFO - Started process 959881 to run task
[2024-05-12T05:40:22.167+0000] {standard_task_runner.py:87} INFO - Running: ['***', 'tasks', 'run', 'Units_statistics_DAG', 'ETL_job', 'scheduled__2024-05-12T05:20:00+00:00', '--job-id', '53018', '--raw', '--subdir', 'DAGS_FOLDER/Units_dag.py', '--cfg-path', '/tmp/tmpo2smk218', '--map-index', '5']
[2024-05-12T05:40:22.173+0000] {standard_task_runner.py:88} INFO - Job 53018: Subtask ETL_job
[2024-05-12T05:40:22.459+0000] {task_command.py:423} INFO - Running <TaskInstance: Units_statistics_DAG.ETL_job scheduled__2024-05-12T05:20:00+00:00 map_index=5 [running]> on host a09da322e808
[2024-05-12T05:40:22.794+0000] {taskinstance.py:2513} INFO - Exporting env vars: AIRFLOW_CTX_DAG_OWNER='abeer-araby' AIRFLOW_CTX_DAG_ID='Units_statistics_DAG' AIRFLOW_CTX_TASK_ID='ETL_job' AIRFLOW_CTX_EXECUTION_DATE='2024-05-12T05:20:00+00:00' AIRFLOW_CTX_TRY_NUMBER='1' AIRFLOW_CTX_DAG_RUN_ID='scheduled__2024-05-12T05:20:00+00:00'
[2024-05-12T05:40:22.796+0000] {Units_dag.py:98} INFO - i: 50000, chunk: 10000
[2024-05-12T05:40:22.796+0000] {Units_dag.py:99} INFO - child token is::: eyJ0eXAiOiJKV1QiLCJhbGciOiJIUzI1NiJ9.eyJpc3MiOiJodHRwczovL2FwaS5hZmFxeS5zYS9hdXRoL2xvZ2luX2FzIiwiaWF0IjoxNzE1NDkyNDA0LCJleHAiOjE3MTgwODQ0MDQsIm5iZiI6MTcxNTQ5MjQwNCwianRpIjoiU29PY0diOGg2UGFEbFI1ZSIsInN1YiI6IjVkNjNlNTFlMDNlZDUyOTJhNDJjMjRlNiIsInBydiI6IjI3MGVjZmM3ZWEzZWQ5MzdlYTg0OTM2MmEzYTUwOTEwYzZkOGNlNGYiLCJsb2dpbl9hc19pZCI6IjY1N2YwYWQ3M2Y5NzcyOTVjZjA1NTc2YSJ9.zsewfPvVi-pMKyh-yfrfOtgbsg0HSfPLWrCGrQ-Qx_0
[2024-05-12T05:40:45.474+0000] {Units_dag.py:103} INFO - {'_id': '62b07e655e94ae88895efafb', 'imei': '354017110488349', 'updated_at': '2024-04-18 11:18:59', 'custom_fields': [], 'creator': '', 'company': '', 'owner': '', 'last_update': {'dtt': 1655738155000, 'dts': 1655738157153, 'spd': 0, 'ang': 292, 'alt': 706, 'chPrams': {'output1': {'v': False, 'cdt': 1653715512000}, 'protocol': {'v': 'teltonika_FMB640', 'cdt': 1654238106000}, 'ePwrV': {'v': 28.497, 'cdt': 1655738155000}, 'sat': {'v': 14, 'cdt': 1655738155000}, 'ai1': {'v': 43, 'cdt': 1655737968000}, 'iPwrV': {'v': 4.0520000000000005, 'cdt': 1655738155000}, 'priority': {'v': 1, 'cdt': 1655738155000}, 'event': {'v': 1, 'cdt': 1655738155000}, 'di1': {'v': 0, 'cdt': 1655738155000}}, 'prms': {'protocol': 'teltonika_FMB640', 'priority': 1, 'sat': 14, 'event': 1, 'di1': 0, 'output1': 0, 'ePwrV': 28.497, 'iPwrV': 4.0520000000000005, 'ai1': 43}, 'devPrms': ['protocol', 'priority', 'sat', 'event', 'di1', 'output1', 'ePwrV', 'iPwrV', 'ai1'], 'old_params': {'protocol': 'teltonika_FMB640', 'priority': 0, 'sat': 13, 'event': 0, 'di1': 1, 'output1': 0, 'ePwrV': 28.48, 'iPwrV': 4.048, 'ai1': 43}, 'vLoc': 1, 'vCon': 1, 'ip': '51.39.41.45', 'rl': 0, 'trl': 105937.6383, 'mdu': 0, 'tmdu': 6094403, 'eidl': 11, 'teidl': 9042425, 'fc': 0, 'tfc': 1.040508, 'acc': 0, 'accOn': -4534253940, 'accOff': 6270984274, 'sdu': 0, 'tsdu': 0, 'lat': 25.1114516, 'lng': 46.381395}, 'counters': {'engine_hours': -4534253940, 'last_acc': 0, 'odometer': 896894.0236}, 'is_wasl_connected': 'Not Connected', 'iconUrl': '', 'hasCCTV': False}
[2024-05-12T05:40:46.005+0000] {warnings.py:109} WARNING - /home/***/.local/lib/python3.8/site-packages/elasticsearch/_sync/client/__init__.py:399: SecurityWarning: Connecting to 'https://dbelk1.afaqy.local:9200' using TLS with verify_certs=False is insecure
  _transport = transport_class(

[2024-05-12T05:40:46.053+0000] {warnings.py:109} WARNING - /home/***/.local/lib/python3.8/site-packages/elasticsearch/_sync/client/__init__.py:399: SecurityWarning: Connecting to 'https://dbelk2.afaqy.local:9200' using TLS with verify_certs=False is insecure
  _transport = transport_class(

[2024-05-12T05:40:46.096+0000] {warnings.py:109} WARNING - /home/***/.local/lib/python3.8/site-packages/elasticsearch/_sync/client/__init__.py:399: SecurityWarning: Connecting to 'https://dbelk3.afaqy.local:9200' using TLS with verify_certs=False is insecure
  _transport = transport_class(

[2024-05-12T05:40:46.126+0000] {warnings.py:109} WARNING - /home/***/.local/lib/python3.8/site-packages/urllib3/connectionpool.py:1061: InsecureRequestWarning: Unverified HTTPS request is being made to host 'dbelk1.afaqy.local'. Adding certificate verification is strongly advised. See: https://urllib3.readthedocs.io/en/1.26.x/advanced-usage.html#ssl-warnings
  warnings.warn(

[2024-05-12T05:40:46.187+0000] {_transport.py:335} INFO - GET https://dbelk1.afaqy.local:9200/_cluster/health [status:200 duration:0.088s]
[2024-05-12T05:40:46.764+0000] {warnings.py:109} WARNING - /home/***/.local/lib/python3.8/site-packages/urllib3/connectionpool.py:1061: InsecureRequestWarning: Unverified HTTPS request is being made to host 'dbelk2.afaqy.local'. Adding certificate verification is strongly advised. See: https://urllib3.readthedocs.io/en/1.26.x/advanced-usage.html#ssl-warnings
  warnings.warn(

[2024-05-12T05:40:49.890+0000] {_transport.py:335} INFO - PUT https://dbelk2.afaqy.local:9200/units_statistics_***/_bulk [status:200 duration:3.146s]
[2024-05-12T05:40:51.238+0000] {local_task_job_runner.py:234} INFO - Task exited with return code -9
[2024-05-12T05:40:52.712+0000] {taskinstance.py:3312} INFO - 0 downstream tasks scheduled from follow-on schedule check
