[2024-05-12T03:20:53.540+0000] {taskinstance.py:1979} INFO - Dependencies all met for dep_context=non-requeueable deps ti=<TaskInstance: Units_statistics_DAG.ETL_job scheduled__2024-05-12T03:00:00+00:00 map_index=17 [queued]>
[2024-05-12T03:20:53.586+0000] {taskinstance.py:1979} INFO - Dependencies all met for dep_context=requeueable deps ti=<TaskInstance: Units_statistics_DAG.ETL_job scheduled__2024-05-12T03:00:00+00:00 map_index=17 [queued]>
[2024-05-12T03:20:53.587+0000] {taskinstance.py:2193} INFO - Starting attempt 1 of 4
[2024-05-12T03:20:53.623+0000] {taskinstance.py:2217} INFO - Executing <Mapped(_PythonDecoratedOperator): ETL_job> on 2024-05-12 03:00:00+00:00
[2024-05-12T03:20:53.630+0000] {standard_task_runner.py:60} INFO - Started process 957177 to run task
[2024-05-12T03:20:53.642+0000] {standard_task_runner.py:87} INFO - Running: ['***', 'tasks', 'run', 'Units_statistics_DAG', 'ETL_job', 'scheduled__2024-05-12T03:00:00+00:00', '--job-id', '52660', '--raw', '--subdir', 'DAGS_FOLDER/Units_dag.py', '--cfg-path', '/tmp/tmpkjot1uov', '--map-index', '17']
[2024-05-12T03:20:53.645+0000] {standard_task_runner.py:88} INFO - Job 52660: Subtask ETL_job
[2024-05-12T03:20:53.821+0000] {task_command.py:423} INFO - Running <TaskInstance: Units_statistics_DAG.ETL_job scheduled__2024-05-12T03:00:00+00:00 map_index=17 [running]> on host a09da322e808
[2024-05-12T03:20:54.163+0000] {taskinstance.py:2513} INFO - Exporting env vars: AIRFLOW_CTX_DAG_OWNER='abeer-araby' AIRFLOW_CTX_DAG_ID='Units_statistics_DAG' AIRFLOW_CTX_TASK_ID='ETL_job' AIRFLOW_CTX_EXECUTION_DATE='2024-05-12T03:00:00+00:00' AIRFLOW_CTX_TRY_NUMBER='1' AIRFLOW_CTX_DAG_RUN_ID='scheduled__2024-05-12T03:00:00+00:00'
[2024-05-12T03:20:54.164+0000] {Units_dag.py:98} INFO - i: 170000, chunk: 1855
[2024-05-12T03:20:54.165+0000] {Units_dag.py:99} INFO - child token is::: eyJ0eXAiOiJKV1QiLCJhbGciOiJIUzI1NiJ9.eyJpc3MiOiJodHRwczovL2FwaS5hZmFxeS5zYS9hdXRoL2xvZ2luX2FzIiwiaWF0IjoxNzE1NDg0MDA0LCJleHAiOjE3MTgwNzYwMDQsIm5iZiI6MTcxNTQ4NDAwNCwianRpIjoiQm1RR1Q4S0xYZERoN3pobSIsInN1YiI6IjVkNjNlNTFlMDNlZDUyOTJhNDJjMjRlNiIsInBydiI6IjI3MGVjZmM3ZWEzZWQ5MzdlYTg0OTM2MmEzYTUwOTEwYzZkOGNlNGYiLCJsb2dpbl9hc19pZCI6IjY1N2YwYWQ3M2Y5NzcyOTVjZjA1NTc2YSJ9.kHwc5iLngMpaHxzDbm7vq8M2uQYPhfu9x20tT-FLq4k
[2024-05-12T03:20:58.135+0000] {Units_dag.py:103} INFO - {'_id': '66387a2d08770eb647007bc6', 'icon': 'icons/icon.png', 'driver_id': '', 'tailer_id': '', 'profile': {'vehicle_type': '', 'measurement_type': 'count', 'max_capacity': 0, 'vin': '', 'plate_number': '', 'start_operation': '', 'contract_milage': '', 'opening_milage': '', 'model': '', 'fuel_type': '91', 'year': 0, 'seats': 2}, 'shipment_info': {'product_category': None, 'truck_type': None, 'shipment_type': None, 'shipment_payment_type': None, 'transporter_type': None, 'operating_area': None, 'weight_kilograms_per_day': None, 'kms_per_day': None, 'shipment_trip_drive_hrs_day': None, 'allowable_delay_drive_hrs_day': None, 'expected_shipment_trip_day': None, 'car_pay_per_day': None, 'exceeding_temperature_limit_per_day': None, 'temperature_upper_limit': None, 'exceeding_humidity_limit_per_day': None, 'humidity_upper_limit': None}, 'device_password': '***', 'device_type': 'gps', 'gateway': False, 'business_types': {'waste': False, 'transportation': True, 'water': False, 'hajj': False}, 'name': 'ุฃ ุณ ุต 1922', 'operation_code': '', 'device_gateway': '', 'skip_sim_information': '', 'custom_fields': [], 'imei': '352592576319347', 'sim_number': '+96699011340827', 'sim_serial': '8996606099011340827', 'device_serial': '1138423236', 'device': 'teltonika', 'user_id': '5e539d8203ed52f71d634478', 'created_by': '5e539d8203ed52f71d634478', 'updated_at': '2024-05-09 05:26:51', 'created_at': '2024-05-06 09:35:25', 'creator': 'aemallamar', 'company': '', 'owner': 'aemallamar', 'last_update': {'dtt': 1715480952000, 'dts': 1715480961184, 'spd': 0, 'ang': 100, 'alt': 673, 'chPrams': {'pdop': {'v': 0, 'cdt': 1714976583000}, 'rssi': {'v': 3, 'cdt': 1714976583000}, 'output1': {'v': False, 'cdt': 1715315060000}, 'motion': {'v': False, 'cdt': 1715315060000}, 'odometer': {'v': 0, 'cdt': 1714976583000}, 'ePwrV': {'v': 25.499, 'cdt': 1715480952000}, 'parm68': {'v': 0, 'cdt': 1714976583000}, 'sat': {'v': 16, 'cdt': 1715480952000}, 'ai1': {'v': 5894, 'cdt': 1715480952000}, 'priority': {'v': 0, 'cdt': 1715264570000}, 'type': {'v': 6, 'cdt': 1714976583000}, 'di1': {'v': 0, 'cdt': 1715260362010}, 'hdop': {'v': 0, 'cdt': 1714976583000}, 'operator': {'v': 42003, 'cdt': 1714976583000}, 'result': {'v': '5665723a30332e32372e31345f3030204750533a41584e5f352e312e392048773a464d42393230204d6f643a313320494d45493a33353235393235373633313933343720496e69743a323032342d352d382031353a333220557074696d653a323938303839204d41433a333838413231353138353337205350433a312830292041584c3a32204f42443a3020424c3a312e31302042543a34', 'cdt': 1715480952000}, 'protocol': {'v': 'teltonika', 'cdt': 1715343910000}, 'temp5': {'v': 30, 'cdt': 1714976663000}, 'gpsStatus': {'v': 2, 'cdt': 1714976583000}, 'iPwrV': {'v': 4.039, 'cdt': 1715477346000}, 'parm252': {'v': 0, 'cdt': 1715182406000}, 'event': {'v': 0, 'cdt': 1715260432000}, 'humidity86': {'v': 300, 'cdt': 1714976663000}, 'parm200': {'v': 0, 'cdt': 1714976583000}}, 'prms': {'protocol': 'teltonika', 'priority': 0, 'sat': 16, 'event': 0, 'di1': 0, 'motion': 0, 'output1': 0, 'parm252': 0, 'ePwrV': 25.499, 'iPwrV': 4.039, 'ai1': 5894, 'temp5': 30, 'humidity86': 300, 'type': 6, 'result': '5665723a30332e32372e31345f3030204750533a41584e5f352e312e392048773a464d42393230204d6f643a313320494d45493a33353235393235373633313933343720496e69743a323032342d352d382031353a333220557074696d653a323938303839204d41433a333838413231353138353337205350433a312830292041584c3a32204f42443a3020424c3a312e31302042543a34'}, 'devPrms': ['protocol', 'priority', 'sat', 'event', 'di1', 'motion', 'output1', 'parm252', 'ePwrV', 'iPwrV', 'ai1', 'temp5', 'humidity86', 'type', 'result'], 'old_params': {'protocol': 'teltonika', 'priority': 0, 'sat': 16, 'event': 0, 'di1': 0, 'motion': 0, 'output1': 0, 'parm252': 0, 'ePwrV': 25.499, 'iPwrV': 4.039, 'ai1': 5894, 'temp5': 30, 'humidity86': 300}, 'vLoc': 1, 'vCon': 1, 'ip': '185.133.181.62', 'rl': 0, 'trl': 19.5978, 'mdu': 0, 'tmdu': 2017, 'eidl': 0, 'teidl': 5148, 'fc': 0, 'tfc': 0, 'acc': 0, 'accOn': 211340, 'accOff': 291399, 'sdu': 0, 'tsdu': 220590, 'lat': 24.3557766, 'lng': 39.5414533}, 'counters': {'engine_hours': 211340, 'last_acc': 0, 'odometer': 19.5983, 'engine_hours_type': '', 'odometer_type': ''}, 'is_wasl_connected': 'Connected', 'iconUrl': 'https://api.afaqy.sa/images/units/icons/icon.png', 'hasCCTV': False}
[2024-05-12T03:20:58.657+0000] {warnings.py:109} WARNING - /home/***/.local/lib/python3.8/site-packages/elasticsearch/_sync/client/__init__.py:399: SecurityWarning: Connecting to 'https://dbelk1.afaqy.local:9200' using TLS with verify_certs=False is insecure
  _transport = transport_class(

[2024-05-12T03:20:58.701+0000] {warnings.py:109} WARNING - /home/***/.local/lib/python3.8/site-packages/elasticsearch/_sync/client/__init__.py:399: SecurityWarning: Connecting to 'https://dbelk2.afaqy.local:9200' using TLS with verify_certs=False is insecure
  _transport = transport_class(

[2024-05-12T03:20:58.756+0000] {warnings.py:109} WARNING - /home/***/.local/lib/python3.8/site-packages/elasticsearch/_sync/client/__init__.py:399: SecurityWarning: Connecting to 'https://dbelk3.afaqy.local:9200' using TLS with verify_certs=False is insecure
  _transport = transport_class(

[2024-05-12T03:20:58.797+0000] {warnings.py:109} WARNING - /home/***/.local/lib/python3.8/site-packages/urllib3/connectionpool.py:1061: InsecureRequestWarning: Unverified HTTPS request is being made to host 'dbelk1.afaqy.local'. Adding certificate verification is strongly advised. See: https://urllib3.readthedocs.io/en/1.26.x/advanced-usage.html#ssl-warnings
  warnings.warn(

[2024-05-12T03:20:58.854+0000] {_transport.py:335} INFO - GET https://dbelk1.afaqy.local:9200/_cluster/health [status:200 duration:0.095s]
[2024-05-12T03:20:58.957+0000] {warnings.py:109} WARNING - /home/***/.local/lib/python3.8/site-packages/urllib3/connectionpool.py:1061: InsecureRequestWarning: Unverified HTTPS request is being made to host 'dbelk2.afaqy.local'. Adding certificate verification is strongly advised. See: https://urllib3.readthedocs.io/en/1.26.x/advanced-usage.html#ssl-warnings
  warnings.warn(

[2024-05-12T03:20:58.962+0000] {_transport.py:335} INFO - PUT https://dbelk2.afaqy.local:9200/units_statistics_***/_bulk [status:429 duration:0.025s]
[2024-05-12T03:20:58.963+0000] {_node_pool.py:249} WARNING - Node <Urllib3HttpNode(https://dbelk2.afaqy.local:9200)> has failed for 1 times in a row, putting on 1 second timeout
[2024-05-12T03:20:58.963+0000] {_transport.py:427} WARNING - Retrying request after non-successful status 429 (attempt 0 of 3)
[2024-05-12T03:20:58.964+0000] {warnings.py:109} WARNING - /home/***/.local/lib/python3.8/site-packages/urllib3/connectionpool.py:1061: InsecureRequestWarning: Unverified HTTPS request is being made to host 'dbelk1.afaqy.local'. Adding certificate verification is strongly advised. See: https://urllib3.readthedocs.io/en/1.26.x/advanced-usage.html#ssl-warnings
  warnings.warn(

[2024-05-12T03:21:01.134+0000] {_transport.py:335} INFO - PUT https://dbelk1.afaqy.local:9200/units_statistics_***/_bulk [status:200 duration:2.170s]
[2024-05-12T03:21:01.451+0000] {python.py:202} INFO - Done. Returned value was: None
[2024-05-12T03:21:01.469+0000] {taskinstance.py:1149} INFO - Marking task as SUCCESS. dag_id=Units_statistics_DAG, task_id=ETL_job, map_index=17, execution_date=20240512T030000, start_date=20240512T032053, end_date=20240512T032101
[2024-05-12T03:21:01.532+0000] {local_task_job_runner.py:234} INFO - Task exited with return code 0
[2024-05-12T03:21:01.571+0000] {taskinstance.py:3312} INFO - 0 downstream tasks scheduled from follow-on schedule check
