[2024-05-06T08:00:40.969+0000] {taskinstance.py:1979} INFO - Dependencies all met for dep_context=non-requeueable deps ti=<TaskInstance: Units_statistics_DAG.ETL_job scheduled__2024-05-06T07:40:00+00:00 map_index=16 [queued]>
[2024-05-06T08:00:40.982+0000] {taskinstance.py:1979} INFO - Dependencies all met for dep_context=requeueable deps ti=<TaskInstance: Units_statistics_DAG.ETL_job scheduled__2024-05-06T07:40:00+00:00 map_index=16 [queued]>
[2024-05-06T08:00:40.983+0000] {taskinstance.py:2193} INFO - Starting attempt 1 of 4
[2024-05-06T08:00:41.011+0000] {taskinstance.py:2217} INFO - Executing <Mapped(_PythonDecoratedOperator): ETL_job> on 2024-05-06 07:40:00+00:00
[2024-05-06T08:00:41.018+0000] {standard_task_runner.py:60} INFO - Started process 803011 to run task
[2024-05-06T08:00:41.030+0000] {standard_task_runner.py:87} INFO - Running: ['***', 'tasks', 'run', 'Units_statistics_DAG', 'ETL_job', 'scheduled__2024-05-06T07:40:00+00:00', '--job-id', '35171', '--raw', '--subdir', 'DAGS_FOLDER/Units_dag.py', '--cfg-path', '/tmp/tmpcenmhou8', '--map-index', '16']
[2024-05-06T08:00:41.032+0000] {standard_task_runner.py:88} INFO - Job 35171: Subtask ETL_job
[2024-05-06T08:00:41.144+0000] {task_command.py:423} INFO - Running <TaskInstance: Units_statistics_DAG.ETL_job scheduled__2024-05-06T07:40:00+00:00 map_index=16 [running]> on host a09da322e808
[2024-05-06T08:00:41.468+0000] {taskinstance.py:2513} INFO - Exporting env vars: AIRFLOW_CTX_DAG_OWNER='abeer-araby' AIRFLOW_CTX_DAG_ID='Units_statistics_DAG' AIRFLOW_CTX_TASK_ID='ETL_job' AIRFLOW_CTX_EXECUTION_DATE='2024-05-06T07:40:00+00:00' AIRFLOW_CTX_TRY_NUMBER='1' AIRFLOW_CTX_DAG_RUN_ID='scheduled__2024-05-06T07:40:00+00:00'
[2024-05-06T08:00:41.469+0000] {Units_dag.py:99} INFO - i: 160000, chunk: 10000
[2024-05-06T08:00:41.469+0000] {Units_dag.py:100} INFO - child token is::: eyJ0eXAiOiJKV1QiLCJhbGciOiJIUzI1NiJ9.eyJpc3MiOiJodHRwczovL2FwaS5hZmFxeS5zYS9hdXRoL2xvZ2luX2FzIiwiaWF0IjoxNzE0OTgyNDA0LCJleHAiOjE3MTc1NzQ0MDQsIm5iZiI6MTcxNDk4MjQwNCwianRpIjoiYWxrNlEzUkR5Zk9aQ1ZIYyIsInN1YiI6IjVkNjNlNTFlMDNlZDUyOTJhNDJjMjRlNiIsInBydiI6IjI3MGVjZmM3ZWEzZWQ5MzdlYTg0OTM2MmEzYTUwOTEwYzZkOGNlNGYiLCJsb2dpbl9hc19pZCI6IjY1N2YwYWQ3M2Y5NzcyOTVjZjA1NTc2YSJ9.v5mtJ2J25cv99FjMRpK6MGSkhxCNJU87Wzy9WAHl0es
[2024-05-06T08:01:05.029+0000] {Units_dag.py:104} INFO - {'_id': '65ed9498a654f41cd00ff135', 'icon': 'icons/icon.png', 'driver_id': '', 'tailer_id': '', 'profile': {'vehicle_type': '', 'measurement_type': 'count', 'max_capacity': 0, 'vin': '', 'plate_number': '', 'start_operation': '', 'contract_milage': '', 'opening_milage': '', 'model': '', 'fuel_type': '91', 'year': 0, 'seats': 2}, 'shipment_info': {'product_category': None, 'truck_type': None, 'shipment_type': None, 'shipment_payment_type': None, 'transporter_type': None, 'operating_area': None, 'weight_kilograms_per_day': None, 'kms_per_day': None, 'shipment_trip_drive_hrs_day': None, 'allowable_delay_drive_hrs_day': None, 'expected_shipment_trip_day': None, 'car_pay_per_day': None, 'exceeding_temperature_limit_per_day': None, 'temperature_upper_limit': None, 'exceeding_humidity_limit_per_day': None, 'humidity_upper_limit': None}, 'device_password': '***', 'device_type': 'gps', 'gateway': False, 'business_types': {'waste': False, 'transportation': True, 'water': False, 'hajj': False}, 'name': 'MR2BE9B33R0068532', 'operation_code': '', 'device_gateway': '', 'skip_sim_information': False, 'imei': '352016706439635', 'sim_number': '+966830020621559', 'sim_serial': '8996609821112198817', 'device_serial': '1134742358', 'device': 'teltonika', 'user_id': '61c43b241b5e6d541b2b65ce', 'created_by': '5e6655bf03ed52e1ab79d301', 'updated_at': '2024-04-18 11:18:59', 'created_at': '2024-03-10 14:08:08', 'custom_fields': [], 'creator': 'amr.ahmed', 'company': '', 'owner': 'al-jabr-renta-admin', 'last_update': {'dtt': 1714982390000, 'dts': 1714982393981, 'spd': 0, 'ang': 351, 'alt': 654, 'chPrams': {'Speed': {'v': 0, 'cdt': 1714758193000}, 'output1': {'v': False, 'cdt': 1712547480000}, 'output2': {'v': False, 'cdt': 1712547480000}, 'ePwrV': {'v': 11.771, 'cdt': 1714982089000}, 'parm24': {'v': 0, 'cdt': 1714758193000}, 'sat': {'v': 13, 'cdt': 1714982089000}, 'ai1': {'v': 43, 'cdt': 1712661982000}, 'priority': {'v': 0, 'cdt': 1712661982000}, 'di2': {'v': 0, 'cdt': 1712661982000}, 'type': {'v': 6, 'cdt': 1712742826000}, 'di1': {'v': 0, 'cdt': 1712165775000}, 'result': {'v': '5665723a30332e32372e31345f3030204750533a41584e5f352e312e392048773a464d42313230204d6f643a333320494d45493a33353230313637303634333936333520496e69743a323032342d342d3220373a313320557074696d653a32393239343433204d41433a333838413231343238334142205350433a312830292041584c3a32204f42443a3020424c3a312e31302042543a34', 'cdt': 1714976379000}, 'protocol': {'v': 'FMB120', 'cdt': 1714976679000}, 'parm6': {'v': 43, 'cdt': 1712661982000}, 'iPwrV': {'v': 3.962, 'cdt': 1714980286000}, 'event': {'v': 0, 'cdt': 1712661982000}}, 'prms': {'protocol': 'FMB120', 'priority': 0, 'sat': 13, 'event': 0, 'di1': 0, 'output1': 0, 'di2': 0, 'output2': 0, 'ePwrV': 11.771, 'Speed': 0, 'parm24': 0, 'iPwrV': 3.962, 'ai1': 43, 'parm6': 43}, 'devPrms': ['protocol', 'priority', 'sat', 'event', 'di1', 'output1', 'di2', 'output2', 'ePwrV', 'Speed', 'parm24', 'iPwrV', 'ai1', 'parm6'], 'old_params': {'Speed': 0, 'output1': 0, 'output2': 0, 'ePwrV': 11.771, 'parm24': 0, 'sat': 13, 'ai1': 43, 'priority': 0, 'di2': 0, 'di1': 0, 'protocol': 'teltonika', 'parm6': 43, 'iPwrV': 3.962, 'event': 0}, 'vLoc': 1, 'vCon': 1, 'ip': '109.83.170.20', 'rl': 0, 'trl': 0.3588, 'mdu': 0, 'tmdu': 211, 'eidl': 0, 'teidl': 2804, 'fc': 0, 'tfc': 0.036444, 'acc': 0, 'accOn': 646467080, 'accOff': 2944815, 'sdu': 301, 'tsdu': 2816615, 'lat': 24.8101916, 'lng': 46.6199316}, 'counters': {'engine_hours': 646467080, 'last_acc': 0, 'odometer': 0.3341, 'engine_hours_type': 'acc', 'odometer_type': 'gps'}, 'is_wasl_connected': 'Not Connected', 'iconUrl': 'https://api.afaqy.sa/images/units/icons/icon.png', 'hasCCTV': False}
[2024-05-06T08:01:05.551+0000] {warnings.py:109} WARNING - /home/***/.local/lib/python3.8/site-packages/elasticsearch/_sync/client/__init__.py:399: SecurityWarning: Connecting to 'https://dbelk3.afaqy.local:9200' using TLS with verify_certs=False is insecure
  _transport = transport_class(

[2024-05-06T08:01:05.593+0000] {warnings.py:109} WARNING - /home/***/.local/lib/python3.8/site-packages/elasticsearch/_sync/client/__init__.py:399: SecurityWarning: Connecting to 'https://dbelk1.afaqy.local:9200' using TLS with verify_certs=False is insecure
  _transport = transport_class(

[2024-05-06T08:01:05.637+0000] {warnings.py:109} WARNING - /home/***/.local/lib/python3.8/site-packages/elasticsearch/_sync/client/__init__.py:399: SecurityWarning: Connecting to 'https://dbelk2.afaqy.local:9200' using TLS with verify_certs=False is insecure
  _transport = transport_class(

[2024-05-06T08:01:05.667+0000] {warnings.py:109} WARNING - /home/***/.local/lib/python3.8/site-packages/urllib3/connectionpool.py:1061: InsecureRequestWarning: Unverified HTTPS request is being made to host 'dbelk3.afaqy.local'. Adding certificate verification is strongly advised. See: https://urllib3.readthedocs.io/en/1.26.x/advanced-usage.html#ssl-warnings
  warnings.warn(

[2024-05-06T08:01:05.769+0000] {_transport.py:335} INFO - GET https://dbelk3.afaqy.local:9200/_cluster/health [status:200 duration:0.131s]
[2024-05-06T08:01:06.159+0000] {warnings.py:109} WARNING - /home/***/.local/lib/python3.8/site-packages/urllib3/connectionpool.py:1061: InsecureRequestWarning: Unverified HTTPS request is being made to host 'dbelk1.afaqy.local'. Adding certificate verification is strongly advised. See: https://urllib3.readthedocs.io/en/1.26.x/advanced-usage.html#ssl-warnings
  warnings.warn(

[2024-05-06T08:01:06.409+0000] {_transport.py:335} INFO - PUT https://dbelk1.afaqy.local:9200/units_statistics_***/_bulk [status:200 duration:0.272s]
[2024-05-06T08:01:06.672+0000] {taskinstance.py:2731} ERROR - Task failed with exception
Traceback (most recent call last):
  File "/home/airflow/.local/lib/python3.8/site-packages/airflow/models/taskinstance.py", line 444, in _execute_task
    result = _execute_callable(context=context, **execute_callable_kwargs)
  File "/home/airflow/.local/lib/python3.8/site-packages/airflow/models/taskinstance.py", line 414, in _execute_callable
    return execute_callable(context=context, **execute_callable_kwargs)
  File "/home/airflow/.local/lib/python3.8/site-packages/airflow/decorators/base.py", line 241, in execute
    return_value = super().execute(context)
  File "/home/airflow/.local/lib/python3.8/site-packages/airflow/operators/python.py", line 200, in execute
    return_value = self.execute_callable()
  File "/home/airflow/.local/lib/python3.8/site-packages/airflow/operators/python.py", line 217, in execute_callable
    return self.python_callable(*self.op_args, **self.op_kwargs)
  File "/opt/airflow/dags/Units_dag.py", line 112, in ETL_job
    Elk_client.elk_pushData(Globals.index_name,units_list_update)
  File "/opt/airflow/dags/elk_manager.py", line 69, in elk_pushData
    helpers.bulk(self.elk_client, docs_list, index=index_name, chunk_size=batch)
  File "/home/airflow/.local/lib/python3.8/site-packages/elasticsearch/helpers/actions.py", line 521, in bulk
    for ok, item in streaming_bulk(
  File "/home/airflow/.local/lib/python3.8/site-packages/elasticsearch/helpers/actions.py", line 436, in streaming_bulk
    for data, (ok, info) in zip(
  File "/home/airflow/.local/lib/python3.8/site-packages/elasticsearch/helpers/actions.py", line 355, in _process_bulk_chunk
    yield from gen
  File "/home/airflow/.local/lib/python3.8/site-packages/elasticsearch/helpers/actions.py", line 274, in _process_bulk_chunk_success
    raise BulkIndexError(f"{len(errors)} document(s) failed to index.", errors)
elasticsearch.helpers.BulkIndexError: 10000 document(s) failed to index.
[2024-05-06T08:01:06.687+0000] {taskinstance.py:1149} INFO - Marking task as UP_FOR_RETRY. dag_id=Units_statistics_DAG, task_id=ETL_job, map_index=16, execution_date=20240506T074000, start_date=20240506T080040, end_date=20240506T080106
[2024-05-06T08:01:06.707+0000] {standard_task_runner.py:107} ERROR - Failed to execute job 35171 for task ETL_job (10000 document(s) failed to index.; 803011)
[2024-05-06T08:01:06.772+0000] {local_task_job_runner.py:234} INFO - Task exited with return code 1
[2024-05-06T08:01:06.804+0000] {taskinstance.py:3312} INFO - 0 downstream tasks scheduled from follow-on schedule check
