[2024-05-13T14:40:20.729+0000] {local_task_job_runner.py:120} INFO - ::group::Pre task execution logs
[2024-05-13T14:40:20.982+0000] {taskinstance.py:2076} INFO - Dependencies all met for dep_context=non-requeueable deps ti=<TaskInstance: Units_statistics_DAG.ETL_job scheduled__2024-05-13T14:20:00+00:00 map_index=7 [queued]>
[2024-05-13T14:40:21.053+0000] {taskinstance.py:2076} INFO - Dependencies all met for dep_context=requeueable deps ti=<TaskInstance: Units_statistics_DAG.ETL_job scheduled__2024-05-13T14:20:00+00:00 map_index=7 [queued]>
[2024-05-13T14:40:21.062+0000] {taskinstance.py:2306} INFO - Starting attempt 1 of 4
[2024-05-13T14:40:21.190+0000] {taskinstance.py:2330} INFO - Executing <Mapped(_PythonDecoratedOperator): ETL_job> on 2024-05-13 14:20:00+00:00
[2024-05-13T14:40:21.265+0000] {standard_task_runner.py:90} INFO - Running: ['***', 'tasks', 'run', 'Units_statistics_DAG', 'ETL_job', 'scheduled__2024-05-13T14:20:00+00:00', '--job-id', '55998', '--raw', '--subdir', 'DAGS_FOLDER/Units_dag.py', '--cfg-path', '/tmp/tmpfty85fj4', '--map-index', '7']
[2024-05-13T14:40:21.274+0000] {standard_task_runner.py:91} INFO - Job 55998: Subtask ETL_job
[2024-05-13T14:40:21.235+0000] {warnings.py:110} WARNING - /home/***/.local/lib/python3.12/site-packages/***/task/task_runner/standard_task_runner.py:61: DeprecationWarning: This process (pid=20650) is multi-threaded, use of fork() may lead to deadlocks in the child.
  pid = os.fork()

[2024-05-13T14:40:21.276+0000] {standard_task_runner.py:63} INFO - Started process 20670 to run task
[2024-05-13T14:40:21.602+0000] {task_command.py:426} INFO - Running <TaskInstance: Units_statistics_DAG.ETL_job scheduled__2024-05-13T14:20:00+00:00 map_index=7 [running]> on host 7138d7e072c5
[2024-05-13T14:40:22.299+0000] {taskinstance.py:2648} INFO - Exporting env vars: AIRFLOW_CTX_DAG_OWNER='abeer-araby' AIRFLOW_CTX_DAG_ID='Units_statistics_DAG' AIRFLOW_CTX_TASK_ID='ETL_job' AIRFLOW_CTX_EXECUTION_DATE='2024-05-13T14:20:00+00:00' AIRFLOW_CTX_TRY_NUMBER='1' AIRFLOW_CTX_DAG_RUN_ID='scheduled__2024-05-13T14:20:00+00:00'
[2024-05-13T14:40:22.303+0000] {taskinstance.py:430} INFO - ::endgroup::
[2024-05-13T14:40:22.303+0000] {Units_dag.py:98} INFO - i: 70000, chunk: 10000
[2024-05-13T14:40:22.304+0000] {Units_dag.py:99} INFO - child token is::: eyJ0eXAiOiJKV1QiLCJhbGciOiJIUzI1NiJ9.eyJpc3MiOiJodHRwczovL2FwaS5hZmFxeS5zYS9hdXRoL2xvZ2luX2FzIiwiaWF0IjoxNzE1NjExMjA1LCJleHAiOjE3MTgyMDMyMDUsIm5iZiI6MTcxNTYxMTIwNSwianRpIjoic1lQUUo0cmpJdzdqZE5aYSIsInN1YiI6IjVkNjNlNTFlMDNlZDUyOTJhNDJjMjRlNiIsInBydiI6IjI3MGVjZmM3ZWEzZWQ5MzdlYTg0OTM2MmEzYTUwOTEwYzZkOGNlNGYiLCJsb2dpbl9hc19pZCI6IjY1N2YwYWQ3M2Y5NzcyOTVjZjA1NTc2YSJ9.B5t4vdFLvsZaOlJvlTgfxuw1JrNBJSfS81esquelmOE
[2024-05-13T14:40:55.371+0000] {Units_dag.py:103} INFO - {'_id': '63a7f8da120ecf17f46498c6', 'icon': 'icons/icon.png', 'driver_id': '', 'tailer_id': '', 'profile': {'vehicle_type': None, 'measurement_type': 'count', 'max_capacity': 0, 'vin': None, 'plate_number': '1792 - V D R', 'start_operation': None, 'contract_milage': None, 'opening_milage': None, 'model': None, 'fuel_type': '91', 'year': 0, 'seats': 2}, 'device_password': '***', 'device_type': 'gps', 'gateway': False, 'name': 'VDR1792', 'operation_code': '', 'device_gateway': '', 'business_types': {'waste': False, 'transportation': True, 'water': False}, 'imei': '866907057694498', 'sim_number': '+966830030948658', 'sim_serial': '21294045054', 'device_serial': '1125889393', 'device': 'teltonika', 'user_id': '5edc9ce503ed5252d3361fa8', 'created_by': '5e6655bf03ed52e1ab79d301', 'updated_at': '2024-04-18 11:18:59', 'created_at': '2022-12-25 10:16:42', 'custom_fields': [], 'creator': 'amr.ahmed', 'company': '', 'owner': 'hertz-admin', 'last_update': {'dtt': 1715610968000, 'dts': 1715610972168, 'spd': 0, 'ang': 115, 'alt': 41, 'chPrams': {'output1': {'v': False, 'cdt': 1715540737000}, 'output2': {'v': False, 'cdt': 1715540737000}, 'ePwrV': {'v': 13.222, 'cdt': 1715610668000}, 'sat': {'v': 14, 'cdt': 1715610668000}, 'ai1': {'v': 43, 'cdt': 1714892101000}, 'priority': {'v': 0, 'cdt': 1715609876000}, 'di2': {'v': 0, 'cdt': 1714892101000}, 'type': {'v': 6, 'cdt': 1715221277000}, 'di1': {'v': 0, 'cdt': 1715609576000}, 'result': {'v': '5665723a30332e32372e31335f3534204750533a41584e5f352e312e392048773a464d43313330204d6f643a3420494d45493a38363639303730353736393434393820496e69743a323032342d352d313320333a353720557074696d653a3333353434204d41433a303031453432353541344539205350433a312830292041584c3a32204f42443a3020424c3a312e31302042543a34', 'cdt': 1715606207000}, 'protocol': {'v': 'FMC130', 'cdt': 1715540737000}, 'parm6': {'v': 43, 'cdt': 1715610367000}, 'iPwrV': {'v': 4.086, 'cdt': 1715610668000}, 'event': {'v': 0, 'cdt': 1715610668000}}, 'prms': {'protocol': 'FMC130', 'priority': 0, 'sat': 14, 'event': 0, 'di1': 0, 'output1': 0, 'di2': 0, 'output2': 0, 'ePwrV': 13.222, 'iPwrV': 4.086, 'ai1': 43, 'parm6': 43}, 'devPrms': ['protocol', 'priority', 'sat', 'event', 'di1', 'output1', 'di2', 'output2', 'ePwrV', 'iPwrV', 'ai1', 'parm6'], 'old_params': {'protocol': 'teltonika', 'output1': 0, 'parm6': 43, 'output2': 0, 'ePwrV': 13.222, 'sat': 14, 'ai1': 43, 'iPwrV': 4.086, 'priority': 0, 'event': 0, 'di2': 0, 'di1': 0}, 'vLoc': 1, 'vCon': 1, 'ip': '51.39.192.204', 'rl': 0, 'trl': 15080.6208, 'mdu': 0, 'tmdu': 955936, 'eidl': 0, 'teidl': 661935, 'fc': 0, 'tfc': 1.460904, 'acc': 0, 'accOn': 16315189, 'accOff': 40443950, 'sdu': 300, 'tsdu': 1392, 'lat': 21.5000416, 'lng': 39.1942316}, 'counters': {'odometer_type': 'gps', 'odometer': 15080.6208, 'engine_hours_type': 'acc', 'engine_hours': 16315189, 'last_acc': 0}, 'is_wasl_connected': 'Not Connected', 'iconUrl': 'https://api.afaqy.sa/images/units/icons/icon.png', 'hasCCTV': False}
[2024-05-13T14:41:02.261+0000] {warnings.py:110} WARNING - /home/***/.local/lib/python3.12/site-packages/elasticsearch/_sync/client/__init__.py:399: SecurityWarning: Connecting to 'https://dbelk2.afaqy.local:9200' using TLS with verify_certs=False is insecure
  _transport = transport_class(

[2024-05-13T14:41:02.451+0000] {warnings.py:110} WARNING - /home/***/.local/lib/python3.12/site-packages/elasticsearch/_sync/client/__init__.py:399: SecurityWarning: Connecting to 'https://dbelk3.afaqy.local:9200' using TLS with verify_certs=False is insecure
  _transport = transport_class(

[2024-05-13T14:41:02.630+0000] {warnings.py:110} WARNING - /home/***/.local/lib/python3.12/site-packages/elasticsearch/_sync/client/__init__.py:399: SecurityWarning: Connecting to 'https://dbelk1.afaqy.local:9200' using TLS with verify_certs=False is insecure
  _transport = transport_class(

[2024-05-13T14:41:02.676+0000] {warnings.py:110} WARNING - /home/***/.local/lib/python3.12/site-packages/urllib3/connectionpool.py:1103: InsecureRequestWarning: Unverified HTTPS request is being made to host 'dbelk2.afaqy.local'. Adding certificate verification is strongly advised. See: https://urllib3.readthedocs.io/en/latest/advanced-usage.html#tls-warnings
  warnings.warn(

[2024-05-13T14:41:02.752+0000] {_transport.py:349} INFO - GET https://dbelk2.afaqy.local:9200/_cluster/health [status:200 duration:0.120s]
[2024-05-13T14:41:04.372+0000] {warnings.py:110} WARNING - /home/***/.local/lib/python3.12/site-packages/urllib3/connectionpool.py:1103: InsecureRequestWarning: Unverified HTTPS request is being made to host 'dbelk3.afaqy.local'. Adding certificate verification is strongly advised. See: https://urllib3.readthedocs.io/en/latest/advanced-usage.html#tls-warnings
  warnings.warn(

[2024-05-13T14:41:06.327+0000] {_transport.py:349} INFO - PUT https://dbelk3.afaqy.local:9200/units_statistics_***/_bulk [status:200 duration:1.971s]
[2024-05-13T14:41:06.565+0000] {python.py:237} INFO - Done. Returned value was: None
[2024-05-13T14:41:06.565+0000] {taskinstance.py:441} INFO - ::group::Post task execution logs
[2024-05-13T14:41:06.579+0000] {taskinstance.py:1206} INFO - Marking task as SUCCESS. dag_id=Units_statistics_DAG, task_id=ETL_job, run_id=scheduled__2024-05-13T14:20:00+00:00, map_index=7, execution_date=20240513T142000, start_date=20240513T144020, end_date=20240513T144106
[2024-05-13T14:41:06.650+0000] {local_task_job_runner.py:240} INFO - Task exited with return code 0
[2024-05-13T14:41:06.684+0000] {local_task_job_runner.py:222} INFO - ::endgroup::
