[2024-05-12T10:00:19.897+0000] {taskinstance.py:1979} INFO - Dependencies all met for dep_context=non-requeueable deps ti=<TaskInstance: Units_statistics_DAG.ETL_job scheduled__2024-05-12T09:40:00+00:00 map_index=11 [queued]>
[2024-05-12T10:00:19.998+0000] {taskinstance.py:1979} INFO - Dependencies all met for dep_context=requeueable deps ti=<TaskInstance: Units_statistics_DAG.ETL_job scheduled__2024-05-12T09:40:00+00:00 map_index=11 [queued]>
[2024-05-12T10:00:20.005+0000] {taskinstance.py:2193} INFO - Starting attempt 1 of 4
[2024-05-12T10:00:20.113+0000] {taskinstance.py:2217} INFO - Executing <Mapped(_PythonDecoratedOperator): ETL_job> on 2024-05-12 09:40:00+00:00
[2024-05-12T10:00:20.185+0000] {standard_task_runner.py:87} INFO - Running: ['***', 'tasks', 'run', 'Units_statistics_DAG', 'ETL_job', 'scheduled__2024-05-12T09:40:00+00:00', '--job-id', '53768', '--raw', '--subdir', 'DAGS_FOLDER/Units_dag.py', '--cfg-path', '/tmp/tmp2fctv6kg', '--map-index', '11']
[2024-05-12T10:00:20.189+0000] {standard_task_runner.py:88} INFO - Job 53768: Subtask ETL_job
[2024-05-12T10:00:20.169+0000] {standard_task_runner.py:60} INFO - Started process 291 to run task
[2024-05-12T10:00:20.429+0000] {task_command.py:423} INFO - Running <TaskInstance: Units_statistics_DAG.ETL_job scheduled__2024-05-12T09:40:00+00:00 map_index=11 [running]> on host 3abf70bf7e68
[2024-05-12T10:00:21.095+0000] {taskinstance.py:2513} INFO - Exporting env vars: AIRFLOW_CTX_DAG_OWNER='abeer-araby' AIRFLOW_CTX_DAG_ID='Units_statistics_DAG' AIRFLOW_CTX_TASK_ID='ETL_job' AIRFLOW_CTX_EXECUTION_DATE='2024-05-12T09:40:00+00:00' AIRFLOW_CTX_TRY_NUMBER='1' AIRFLOW_CTX_DAG_RUN_ID='scheduled__2024-05-12T09:40:00+00:00'
[2024-05-12T10:00:21.097+0000] {Units_dag.py:98} INFO - i: 110000, chunk: 10000
[2024-05-12T10:00:21.097+0000] {Units_dag.py:99} INFO - child token is::: eyJ0eXAiOiJKV1QiLCJhbGciOiJIUzI1NiJ9.eyJpc3MiOiJodHRwczovL2FwaS5hZmFxeS5zYS9hdXRoL2xvZ2luX2FzIiwiaWF0IjoxNzE1NTA4MDA0LCJleHAiOjE3MTgxMDAwMDQsIm5iZiI6MTcxNTUwODAwNCwianRpIjoiam5vbTBBR0NKckt0elNlbCIsInN1YiI6IjVkNjNlNTFlMDNlZDUyOTJhNDJjMjRlNiIsInBydiI6IjI3MGVjZmM3ZWEzZWQ5MzdlYTg0OTM2MmEzYTUwOTEwYzZkOGNlNGYiLCJsb2dpbl9hc19pZCI6IjY1N2YwYWQ3M2Y5NzcyOTVjZjA1NTc2YSJ9.u4xFUUfhxr3mGca9ZT7W5NXCvsbJYX5Yg7AzJmkPBck
[2024-05-12T10:00:42.130+0000] {Units_dag.py:103} INFO - {'_id': '648ad303ff096519e74038f8', 'icon': 'icons/icon.png', 'driver_id': '', 'tailer_id': '', 'profile': {'vehicle_type': '', 'measurement_type': 'count', 'max_capacity': 0, 'vin': '', 'plate_number': '', 'start_operation': '', 'contract_milage': '', 'opening_milage': '', 'model': '', 'fuel_type': '91', 'year': 0, 'seats': 2}, 'device_password': '***', 'device_type': 'gps', 'gateway': False, 'business_types': {'waste': False, 'transportation': False, 'water': False}, 'name': '6225 U K D (2)', 'operation_code': '', 'imei': '350544501952355', 'sim_number': '+966830031898838', 'sim_serial': '8996604212967444094', 'device_serial': '1125790919', 'device': 'teltonika', 'skip_sim_information': False, 'created_by': '647ef1d4754a00771c1f850f', 'user_id': '647ef1d4754a00771c1f850f', 'updated_at': '2024-04-18 11:18:59', 'created_at': '2023-06-15 11:59:47', 'device_gateway': '', 'custom_fields': [], 'creator': 'saleh-fahd-aleairy-admin', 'company': '', 'owner': 'saleh-fahd-aleairy-admin', 'last_update': {'dtt': 1715507874000, 'dts': 1715507878556, 'spd': 0, 'ang': 0, 'alt': 0, 'chPrams': {'Speed': {'v': 0, 'cdt': 1715449840000}, 'output1': {'v': True, 'cdt': 1715334942000}, 'output2': {'v': True, 'cdt': 1715334942000}, 'ePwrV': {'v': 12.517, 'cdt': 1715507874000}, 'parm24': {'v': 0, 'cdt': 1715449840000}, 'sat': {'v': 0, 'cdt': 1715449840000}, 'ai1': {'v': 260, 'cdt': 1715088928000}, 'priority': {'v': 0, 'cdt': 1713132676000}, 'di2': {'v': 0, 'cdt': 1713160528000}, 'type': {'v': 6, 'cdt': 1713446975000}, 'di1': {'v': 0, 'cdt': 1715450171000}, 'result': {'v': '5665723a30332e32372e31335f3033204750533a41584e5f352e312e392048773a464d42313230204d6f643a333320494d45493a33353035343435303139353233353520496e69743a323032342d332d32392031383a323920557074696d653a33353931383633204d41433a333838413231313143454546205350433a312830292041584c3a32204f42443a3020424c3a312e31302042543a34', 'cdt': 1715334642000}, 'protocol': {'v': 'FMB120', 'cdt': 1715334942000}, 'parm6': {'v': 260, 'cdt': 1715363790000}, 'iPwrV': {'v': 4.09, 'cdt': 1715507874000}, 'event': {'v': 0, 'cdt': 1713132676000}}, 'prms': {'protocol': 'FMB120', 'priority': 0, 'sat': 0, 'event': 0, 'di1': 0, 'output1': 1, 'di2': 0, 'output2': 1, 'ePwrV': 12.517, 'Speed': 0, 'parm24': 0, 'iPwrV': 4.09, 'ai1': 260, 'parm6': 260}, 'devPrms': ['protocol', 'priority', 'sat', 'event', 'di1', 'output1', 'di2', 'output2', 'ePwrV', 'Speed', 'parm24', 'iPwrV', 'ai1', 'parm6'], 'old_params': {'Speed': 0, 'output1': 1, 'output2': 1, 'ePwrV': 12.51, 'parm24': 0, 'sat': 0, 'ai1': 260, 'priority': 0, 'di2': 0, 'di1': 0, 'protocol': 'teltonika', 'parm6': 260, 'iPwrV': 4.089, 'event': 0}, 'vLoc': 1, 'vCon': 0, 'ip': '51.39.21.67', 'rl': 0, 'trl': 14829.6821, 'mdu': 0, 'tmdu': 1311288, 'eidl': 0, 'teidl': 450243, 'fc': 0, 'tfc': 812.80703, 'acc': 0, 'accOn': 615771827, 'accOff': 27234752, 'sdu': 301, 'tsdu': 57703, 'lat': 26.4425416, 'lng': 50.1072583}, 'counters': {'odometer_type': 'gps', 'odometer': 14829.6859, 'engine_hours_type': 'acc', 'engine_hours': 615771827, 'last_acc': 0}, 'is_wasl_connected': 'Not Connected', 'iconUrl': 'https://api.afaqy.sa/images/units/icons/icon.png', 'hasCCTV': False}
[2024-05-12T10:00:42.688+0000] {warnings.py:109} WARNING - /home/***/.local/lib/python3.8/site-packages/elasticsearch/_sync/client/__init__.py:399: SecurityWarning: Connecting to 'https://dbelk1.afaqy.local:9200' using TLS with verify_certs=False is insecure
  _transport = transport_class(

[2024-05-12T10:00:42.738+0000] {warnings.py:109} WARNING - /home/***/.local/lib/python3.8/site-packages/elasticsearch/_sync/client/__init__.py:399: SecurityWarning: Connecting to 'https://dbelk2.afaqy.local:9200' using TLS with verify_certs=False is insecure
  _transport = transport_class(

[2024-05-12T10:00:42.791+0000] {warnings.py:109} WARNING - /home/***/.local/lib/python3.8/site-packages/elasticsearch/_sync/client/__init__.py:399: SecurityWarning: Connecting to 'https://dbelk3.afaqy.local:9200' using TLS with verify_certs=False is insecure
  _transport = transport_class(

[2024-05-12T10:00:42.835+0000] {warnings.py:109} WARNING - /home/***/.local/lib/python3.8/site-packages/urllib3/connectionpool.py:1061: InsecureRequestWarning: Unverified HTTPS request is being made to host 'dbelk1.afaqy.local'. Adding certificate verification is strongly advised. See: https://urllib3.readthedocs.io/en/1.26.x/advanced-usage.html#ssl-warnings
  warnings.warn(

[2024-05-12T10:00:42.911+0000] {_transport.py:335} INFO - GET https://dbelk1.afaqy.local:9200/_cluster/health [status:200 duration:0.117s]
[2024-05-12T10:00:43.327+0000] {warnings.py:109} WARNING - /home/***/.local/lib/python3.8/site-packages/urllib3/connectionpool.py:1061: InsecureRequestWarning: Unverified HTTPS request is being made to host 'dbelk2.afaqy.local'. Adding certificate verification is strongly advised. See: https://urllib3.readthedocs.io/en/1.26.x/advanced-usage.html#ssl-warnings
  warnings.warn(

[2024-05-12T10:00:52.033+0000] {_transport.py:335} INFO - PUT https://dbelk2.afaqy.local:9200/units_statistics_***/_bulk [status:200 duration:8.743s]
[2024-05-12T10:00:52.238+0000] {python.py:202} INFO - Done. Returned value was: None
[2024-05-12T10:00:52.252+0000] {taskinstance.py:1149} INFO - Marking task as SUCCESS. dag_id=Units_statistics_DAG, task_id=ETL_job, map_index=11, execution_date=20240512T094000, start_date=20240512T100019, end_date=20240512T100052
[2024-05-12T10:00:52.322+0000] {local_task_job_runner.py:234} INFO - Task exited with return code 0
[2024-05-12T10:00:52.349+0000] {taskinstance.py:3312} INFO - 0 downstream tasks scheduled from follow-on schedule check
