[2024-05-06T07:42:00.571+0000] {taskinstance.py:1979} INFO - Dependencies all met for dep_context=non-requeueable deps ti=<TaskInstance: Units_statistics_DAG.ETL_job scheduled__2024-05-06T07:20:00+00:00 map_index=6 [queued]>
[2024-05-06T07:42:00.598+0000] {taskinstance.py:1979} INFO - Dependencies all met for dep_context=requeueable deps ti=<TaskInstance: Units_statistics_DAG.ETL_job scheduled__2024-05-06T07:20:00+00:00 map_index=6 [queued]>
[2024-05-06T07:42:00.599+0000] {taskinstance.py:2193} INFO - Starting attempt 2 of 4
[2024-05-06T07:42:00.622+0000] {taskinstance.py:2217} INFO - Executing <Mapped(_PythonDecoratedOperator): ETL_job> on 2024-05-06 07:20:00+00:00
[2024-05-06T07:42:00.629+0000] {standard_task_runner.py:60} INFO - Started process 802661 to run task
[2024-05-06T07:42:00.641+0000] {standard_task_runner.py:87} INFO - Running: ['***', 'tasks', 'run', 'Units_statistics_DAG', 'ETL_job', 'scheduled__2024-05-06T07:20:00+00:00', '--job-id', '35129', '--raw', '--subdir', 'DAGS_FOLDER/Units_dag.py', '--cfg-path', '/tmp/tmpj3jdkws8', '--map-index', '6']
[2024-05-06T07:42:00.643+0000] {standard_task_runner.py:88} INFO - Job 35129: Subtask ETL_job
[2024-05-06T07:42:00.805+0000] {task_command.py:423} INFO - Running <TaskInstance: Units_statistics_DAG.ETL_job scheduled__2024-05-06T07:20:00+00:00 map_index=6 [running]> on host a09da322e808
[2024-05-06T07:42:00.983+0000] {taskinstance.py:2513} INFO - Exporting env vars: AIRFLOW_CTX_DAG_OWNER='abeer-araby' AIRFLOW_CTX_DAG_ID='Units_statistics_DAG' AIRFLOW_CTX_TASK_ID='ETL_job' AIRFLOW_CTX_EXECUTION_DATE='2024-05-06T07:20:00+00:00' AIRFLOW_CTX_TRY_NUMBER='2' AIRFLOW_CTX_DAG_RUN_ID='scheduled__2024-05-06T07:20:00+00:00'
[2024-05-06T07:42:00.984+0000] {Units_dag.py:99} INFO - i: 60000, chunk: 10000
[2024-05-06T07:42:00.985+0000] {Units_dag.py:100} INFO - child token is::: eyJ0eXAiOiJKV1QiLCJhbGciOiJIUzI1NiJ9.eyJpc3MiOiJodHRwczovL2FwaS5hZmFxeS5zYS9hdXRoL2xvZ2luX2FzIiwiaWF0IjoxNzE0OTgxMjAzLCJleHAiOjE3MTc1NzMyMDMsIm5iZiI6MTcxNDk4MTIwMywianRpIjoiZFQ0aEdpMFJNaG03aEFNciIsInN1YiI6IjVkNjNlNTFlMDNlZDUyOTJhNDJjMjRlNiIsInBydiI6IjI3MGVjZmM3ZWEzZWQ5MzdlYTg0OTM2MmEzYTUwOTEwYzZkOGNlNGYiLCJsb2dpbl9hc19pZCI6IjY1N2YwYWQ3M2Y5NzcyOTVjZjA1NTc2YSJ9.oxTZb6gkWfNhd2PEegIF6HVfYEmNFgNwMY4OkqOOLYk
[2024-05-06T07:42:20.346+0000] {Units_dag.py:104} INFO - {'_id': '6329e8d1a6f87f6340786335', 'icon': 'icons/icon.png', 'driver_id': '', 'tailer_id': '', 'profile': {'vehicle_type': '', 'measurement_type': 'count', 'max_capacity': 0, 'vin': '', 'plate_number': '', 'start_operation': '', 'contract_milage': '', 'opening_milage': '', 'model': '', 'fuel_type': '91', 'year': 0, 'seats': 2}, 'device_password': '***', 'device_type': 'gps', 'gateway': False, 'name': 'أ ب أ 8399', 'operation_code': '', 'imei': '357073298260981', 'sim_number': '+966821111337215', 'sim_serial': '8996609821111337215', 'device_serial': '1125805523', 'device': 'teltonika', 'created_by': '5e539d8203ed52f71d634478', 'user_id': '5e539d8203ed52f71d634478', 'updated_at': '2024-04-18 11:18:59', 'created_at': '2022-09-20 19:22:41', 'business_types': {'waste': False, 'transportation': True, 'water': False, 'hajj': False}, 'device_gateway': '', 'custom_fields': [], 'creator': 'aemallamar', 'company': '', 'owner': 'aemallamar', 'last_update': {'dtt': 1714981129000, 'dts': 1714981133447, 'spd': 0, 'ang': 141, 'alt': 210, 'chPrams': {'parm76': {'v': 0, 'cdt': 1713165918000}, 'output1': {'v': False, 'cdt': 1714905095000}, 'output2': {'v': False, 'cdt': 1714905095000}, 'ePwrV': {'v': 25.443, 'cdt': 1714981129000}, 'sat': {'v': 15, 'cdt': 1714980228000}, 'ai1': {'v': 6653, 'cdt': 1714981129000}, 'priority': {'v': 0, 'cdt': 1714560980000}, 'type': {'v': 6, 'cdt': 1712564774000}, 'di2': {'v': 0, 'cdt': 1713165918000}, 'di1': {'v': 0, 'cdt': 1714560205000}, 'temp1': {'v': 0, 'cdt': 1713165918000}, 'result': {'v': '5665723a30332e32372e31335f3033204750533a41584e5f352e312e392048773a464d42313230204d6f643a333320494d45493a33353730373332393832363039383120496e69743a323032342d342d31332031303a353420557074696d653a31393539303136204d41433a303031453432374445443032205350433a312830292041584c3a32204f42443a3020424c3a312e31302042543a34', 'cdt': 1714968207000}, 'protocol': {'v': 'FMB120', 'cdt': 1714968507000}, 'temp5': {'v': 30, 'cdt': 1713165918000}, 'parm29': {'v': 0, 'cdt': 1713165918000}, 'iPwrV': {'v': 3.934, 'cdt': 1714981129000}, 'event': {'v': 0, 'cdt': 1714560208000}, 'humidity86': {'v': 300, 'cdt': 1713165918000}}, 'prms': {'protocol': 'FMB120', 'priority': 0, 'sat': 15, 'event': 0, 'di1': 0, 'output1': 0, 'di2': 0, 'output2': 0, 'parm29': 0, 'ePwrV': 25.443, 'iPwrV': 3.934, 'ai1': 6653, 'temp5': 30, 'humidity86': 300, 'temp1': 0, 'parm76': 0}, 'devPrms': ['protocol', 'priority', 'sat', 'event', 'di1', 'output1', 'di2', 'output2', 'parm29', 'ePwrV', 'iPwrV', 'ai1', 'temp5', 'humidity86', 'temp1', 'parm76'], 'old_params': {'protocol': 'FMB120', 'priority': 0, 'sat': 15, 'event': 0, 'di1': 0, 'output1': 0, 'di2': 0, 'output2': 0, 'parm29': 0, 'ePwrV': 25.437, 'iPwrV': 3.9330000000000003, 'ai1': 6648, 'temp5': 30, 'humidity86': 300, 'temp1': 0, 'parm76': 0}, 'vLoc': 1, 'vCon': 1, 'ip': '109.83.46.234', 'rl': 0, 'trl': 22243.783, 'mdu': 0, 'tmdu': 1461577, 'eidl': 0, 'teidl': 1296090, 'fc': 0, 'tfc': 0, 'acc': 0, 'accOn': 9287291, 'accOff': 1297039715, 'sdu': 300, 'tsdu': 116006, 'lat': 25.51132, 'lng': 49.292875}, 'counters': {'odometer_type': 'gps', 'odometer': 22243.783, 'engine_hours_type': 'acc', 'engine_hours': 9287291, 'last_acc': 0}, 'is_wasl_connected': 'Connected', 'iconUrl': 'https://api.afaqy.sa/images/units/icons/icon.png', 'hasCCTV': False}
[2024-05-06T07:42:20.913+0000] {warnings.py:109} WARNING - /home/***/.local/lib/python3.8/site-packages/elasticsearch/_sync/client/__init__.py:399: SecurityWarning: Connecting to 'https://dbelk2.afaqy.local:9200' using TLS with verify_certs=False is insecure
  _transport = transport_class(

[2024-05-06T07:42:20.955+0000] {warnings.py:109} WARNING - /home/***/.local/lib/python3.8/site-packages/elasticsearch/_sync/client/__init__.py:399: SecurityWarning: Connecting to 'https://dbelk1.afaqy.local:9200' using TLS with verify_certs=False is insecure
  _transport = transport_class(

[2024-05-06T07:42:20.999+0000] {warnings.py:109} WARNING - /home/***/.local/lib/python3.8/site-packages/elasticsearch/_sync/client/__init__.py:399: SecurityWarning: Connecting to 'https://dbelk3.afaqy.local:9200' using TLS with verify_certs=False is insecure
  _transport = transport_class(

[2024-05-06T07:42:21.020+0000] {warnings.py:109} WARNING - /home/***/.local/lib/python3.8/site-packages/urllib3/connectionpool.py:1061: InsecureRequestWarning: Unverified HTTPS request is being made to host 'dbelk2.afaqy.local'. Adding certificate verification is strongly advised. See: https://urllib3.readthedocs.io/en/1.26.x/advanced-usage.html#ssl-warnings
  warnings.warn(

[2024-05-06T07:42:21.128+0000] {_transport.py:335} INFO - GET https://dbelk2.afaqy.local:9200/_cluster/health [status:200 duration:0.127s]
[2024-05-06T07:42:21.530+0000] {warnings.py:109} WARNING - /home/***/.local/lib/python3.8/site-packages/urllib3/connectionpool.py:1061: InsecureRequestWarning: Unverified HTTPS request is being made to host 'dbelk1.afaqy.local'. Adding certificate verification is strongly advised. See: https://urllib3.readthedocs.io/en/1.26.x/advanced-usage.html#ssl-warnings
  warnings.warn(

[2024-05-06T07:42:21.678+0000] {_transport.py:335} INFO - PUT https://dbelk1.afaqy.local:9200/units_statistics_***/_bulk [status:200 duration:0.168s]
[2024-05-06T07:42:21.945+0000] {taskinstance.py:2731} ERROR - Task failed with exception
Traceback (most recent call last):
  File "/home/airflow/.local/lib/python3.8/site-packages/airflow/models/taskinstance.py", line 444, in _execute_task
    result = _execute_callable(context=context, **execute_callable_kwargs)
  File "/home/airflow/.local/lib/python3.8/site-packages/airflow/models/taskinstance.py", line 414, in _execute_callable
    return execute_callable(context=context, **execute_callable_kwargs)
  File "/home/airflow/.local/lib/python3.8/site-packages/airflow/decorators/base.py", line 241, in execute
    return_value = super().execute(context)
  File "/home/airflow/.local/lib/python3.8/site-packages/airflow/operators/python.py", line 200, in execute
    return_value = self.execute_callable()
  File "/home/airflow/.local/lib/python3.8/site-packages/airflow/operators/python.py", line 217, in execute_callable
    return self.python_callable(*self.op_args, **self.op_kwargs)
  File "/opt/airflow/dags/Units_dag.py", line 112, in ETL_job
    Elk_client.elk_pushData(Globals.index_name,units_list_update)
  File "/opt/airflow/dags/elk_manager.py", line 69, in elk_pushData
    helpers.bulk(self.elk_client, docs_list, index=index_name, chunk_size=batch)
  File "/home/airflow/.local/lib/python3.8/site-packages/elasticsearch/helpers/actions.py", line 521, in bulk
    for ok, item in streaming_bulk(
  File "/home/airflow/.local/lib/python3.8/site-packages/elasticsearch/helpers/actions.py", line 436, in streaming_bulk
    for data, (ok, info) in zip(
  File "/home/airflow/.local/lib/python3.8/site-packages/elasticsearch/helpers/actions.py", line 355, in _process_bulk_chunk
    yield from gen
  File "/home/airflow/.local/lib/python3.8/site-packages/elasticsearch/helpers/actions.py", line 274, in _process_bulk_chunk_success
    raise BulkIndexError(f"{len(errors)} document(s) failed to index.", errors)
elasticsearch.helpers.BulkIndexError: 10000 document(s) failed to index.
[2024-05-06T07:42:21.962+0000] {taskinstance.py:1149} INFO - Marking task as UP_FOR_RETRY. dag_id=Units_statistics_DAG, task_id=ETL_job, map_index=6, execution_date=20240506T072000, start_date=20240506T074200, end_date=20240506T074221
[2024-05-06T07:42:21.987+0000] {standard_task_runner.py:107} ERROR - Failed to execute job 35129 for task ETL_job (10000 document(s) failed to index.; 802661)
[2024-05-06T07:42:22.062+0000] {local_task_job_runner.py:234} INFO - Task exited with return code 1
[2024-05-06T07:42:22.088+0000] {taskinstance.py:3312} INFO - 0 downstream tasks scheduled from follow-on schedule check
