[2024-05-11T17:01:48.246+0000] {taskinstance.py:1979} INFO - Dependencies all met for dep_context=non-requeueable deps ti=<TaskInstance: Units_statistics_DAG.ETL_job scheduled__2024-05-11T16:40:00+00:00 map_index=10 [queued]>
[2024-05-11T17:01:48.260+0000] {taskinstance.py:1979} INFO - Dependencies all met for dep_context=requeueable deps ti=<TaskInstance: Units_statistics_DAG.ETL_job scheduled__2024-05-11T16:40:00+00:00 map_index=10 [queued]>
[2024-05-11T17:01:48.261+0000] {taskinstance.py:2193} INFO - Starting attempt 2 of 4
[2024-05-11T17:01:48.285+0000] {taskinstance.py:2217} INFO - Executing <Mapped(_PythonDecoratedOperator): ETL_job> on 2024-05-11 16:40:00+00:00
[2024-05-11T17:01:48.296+0000] {standard_task_runner.py:60} INFO - Started process 945278 to run task
[2024-05-11T17:01:48.303+0000] {standard_task_runner.py:87} INFO - Running: ['***', 'tasks', 'run', 'Units_statistics_DAG', 'ETL_job', 'scheduled__2024-05-11T16:40:00+00:00', '--job-id', '51103', '--raw', '--subdir', 'DAGS_FOLDER/Units_dag.py', '--cfg-path', '/tmp/tmp0l_msyz3', '--map-index', '10']
[2024-05-11T17:01:48.306+0000] {standard_task_runner.py:88} INFO - Job 51103: Subtask ETL_job
[2024-05-11T17:01:48.402+0000] {task_command.py:423} INFO - Running <TaskInstance: Units_statistics_DAG.ETL_job scheduled__2024-05-11T16:40:00+00:00 map_index=10 [running]> on host a09da322e808
[2024-05-11T17:01:48.592+0000] {taskinstance.py:2513} INFO - Exporting env vars: AIRFLOW_CTX_DAG_OWNER='abeer-araby' AIRFLOW_CTX_DAG_ID='Units_statistics_DAG' AIRFLOW_CTX_TASK_ID='ETL_job' AIRFLOW_CTX_EXECUTION_DATE='2024-05-11T16:40:00+00:00' AIRFLOW_CTX_TRY_NUMBER='2' AIRFLOW_CTX_DAG_RUN_ID='scheduled__2024-05-11T16:40:00+00:00'
[2024-05-11T17:01:48.593+0000] {Units_dag.py:98} INFO - i: 100000, chunk: 10000
[2024-05-11T17:01:48.594+0000] {Units_dag.py:99} INFO - child token is::: eyJ0eXAiOiJKV1QiLCJhbGciOiJIUzI1NiJ9.eyJpc3MiOiJodHRwczovL2FwaS5hZmFxeS5zYS9hdXRoL2xvZ2luX2FzIiwiaWF0IjoxNzE1NDQ2ODAzLCJleHAiOjE3MTgwMzg4MDMsIm5iZiI6MTcxNTQ0NjgwMywianRpIjoiRDBrWXhZT3o4dDJUcEJFOCIsInN1YiI6IjVkNjNlNTFlMDNlZDUyOTJhNDJjMjRlNiIsInBydiI6IjI3MGVjZmM3ZWEzZWQ5MzdlYTg0OTM2MmEzYTUwOTEwYzZkOGNlNGYiLCJsb2dpbl9hc19pZCI6IjY1N2YwYWQ3M2Y5NzcyOTVjZjA1NTc2YSJ9.zP0mLMd2KVTECfbCBQds8IYNujKWZDeAeLsaWU08X68
[2024-05-11T17:02:06.714+0000] {Units_dag.py:103} INFO - {'_id': '64579c6039e420514a36b6f4', 'icon': 'icons/icon.png', 'driver_id': '', 'tailer_id': '', 'profile': {'vehicle_type': '', 'measurement_type': 'count', 'max_capacity': 0, 'vin': '', 'plate_number': '', 'start_operation': '', 'contract_milage': '', 'opening_milage': '', 'model': '', 'fuel_type': '91', 'year': 0, 'seats': 2}, 'device_password': '***', 'device_type': 'gps', 'gateway': False, 'name': 'H0200097 (7072 K A A)', 'operation_code': 'H0200097', 'device_gateway': '', 'business_types': {'waste': False, 'transportation': True, 'water': False}, 'imei': '350544507878471', 'sim_number': '+966830031794199', 'sim_serial': '421296730027', 'device_serial': '1125711183', 'device': 'teltonika', 'user_id': '62bb1bb23c00423a7b3af933', 'created_by': '5e6655bf03ed52e1ab79d301', 'updated_at': '2024-04-18 11:18:59', 'created_at': '2023-05-07 15:41:04', 'shipment_info': {'product_category': None, 'truck_type': None, 'shipment_type': None, 'shipment_payment_type': None, 'transporter_type': None, 'operating_area': None, 'weight_kilograms_per_day': None, 'kms_per_day': None, 'shipment_trip_drive_hrs_day': None, 'allowable_delay_drive_hrs_day': None, 'expected_shipment_trip_day': None, 'car_pay_per_day': None, 'exceeding_temperature_limit_per_day': None, 'temperature_upper_limit': None, 'exceeding_humidity_limit_per_day': None, 'humidity_upper_limit': None}, 'skip_sim_information': False, 'custom_fields': [], 'creator': 'amr.ahmed', 'company': '', 'owner': 'al-yamama-trading-admin', 'last_update': {'dtt': 1715446845000, 'dts': 1715446850864, 'spd': 0, 'ang': 234, 'alt': 11, 'chPrams': {'Speed': {'v': 0, 'cdt': 1715435334000}, 'output1': {'v': False, 'cdt': 1715330381000}, 'output2': {'v': False, 'cdt': 1715330381000}, 'ePwrV': {'v': 25.653000000000002, 'cdt': 1715446845000}, 'parm24': {'v': 0, 'cdt': 1715435334000}, 'sat': {'v': 19, 'cdt': 1715446845000}, 'ai1': {'v': 43, 'cdt': 1715426794000}, 'priority': {'v': 0, 'cdt': 1714447822000}, 'di2': {'v': 0, 'cdt': 1714716221000}, 'type': {'v': 6, 'cdt': 1714994201000}, 'di1': {'v': 0, 'cdt': 1715435394000}, 'result': {'v': '5665723a30332e32372e31335f3033204750533a41584e5f352e312e392048773a464d42313230204d6f643a333320494d45493a33353035343435303738373834373120496e69743a323032342d342d32342031383a3120557074696d653a31343532393736204d41433a333838413231313638354631205350433a312830292041584c3a32204f42443a3020424c3a312e31302042543a34', 'cdt': 1715437227000}, 'protocol': {'v': 'FMB120', 'cdt': 1715437528000}, 'parm6': {'v': 43, 'cdt': 1715426794000}, 'iPwrV': {'v': 4.024, 'cdt': 1715437528000}, 'event': {'v': 0, 'cdt': 1714447822000}}, 'prms': {'protocol': 'FMB120', 'priority': 0, 'sat': 19, 'event': 0, 'di1': 0, 'output1': 0, 'di2': 0, 'output2': 0, 'ePwrV': 25.653000000000002, 'Speed': 0, 'parm24': 0, 'iPwrV': 4.024, 'ai1': 43, 'parm6': 43}, 'devPrms': ['protocol', 'priority', 'sat', 'event', 'di1', 'output1', 'di2', 'output2', 'ePwrV', 'Speed', 'parm24', 'iPwrV', 'ai1', 'parm6'], 'old_params': {'Speed': 0, 'output1': 0, 'output2': 0, 'ePwrV': 25.662, 'parm24': 0, 'sat': 18, 'ai1': 43, 'priority': 0, 'di2': 0, 'di1': 0, 'protocol': 'teltonika', 'parm6': 43, 'iPwrV': 4.024, 'event': 0}, 'vLoc': 1, 'vCon': 1, 'ip': '51.36.192.64', 'rl': 0, 'trl': 6342.8061, 'mdu': 0, 'tmdu': 580239, 'eidl': 0, 'teidl': 10463960, 'fc': 0, 'tfc': 21.451764, 'acc': 0, 'accOn': 621743121, 'accOff': 20810634, 'sdu': 301, 'tsdu': 11451, 'lat': 27.8977083, 'lng': 48.6874149}, 'counters': {'odometer_type': 'gps', 'odometer': 6342.8056, 'engine_hours_type': 'acc', 'engine_hours': 621743121, 'last_acc': 0}, 'is_wasl_connected': 'Not Connected', 'iconUrl': 'https://api.afaqy.sa/images/units/icons/icon.png', 'hasCCTV': False}
[2024-05-11T17:02:07.281+0000] {warnings.py:109} WARNING - /home/***/.local/lib/python3.8/site-packages/elasticsearch/_sync/client/__init__.py:399: SecurityWarning: Connecting to 'https://dbelk2.afaqy.local:9200' using TLS with verify_certs=False is insecure
  _transport = transport_class(

[2024-05-11T17:02:07.313+0000] {warnings.py:109} WARNING - /home/***/.local/lib/python3.8/site-packages/elasticsearch/_sync/client/__init__.py:399: SecurityWarning: Connecting to 'https://dbelk1.afaqy.local:9200' using TLS with verify_certs=False is insecure
  _transport = transport_class(

[2024-05-11T17:02:07.345+0000] {warnings.py:109} WARNING - /home/***/.local/lib/python3.8/site-packages/elasticsearch/_sync/client/__init__.py:399: SecurityWarning: Connecting to 'https://dbelk3.afaqy.local:9200' using TLS with verify_certs=False is insecure
  _transport = transport_class(

[2024-05-11T17:02:07.365+0000] {warnings.py:109} WARNING - /home/***/.local/lib/python3.8/site-packages/urllib3/connectionpool.py:1061: InsecureRequestWarning: Unverified HTTPS request is being made to host 'dbelk2.afaqy.local'. Adding certificate verification is strongly advised. See: https://urllib3.readthedocs.io/en/1.26.x/advanced-usage.html#ssl-warnings
  warnings.warn(

[2024-05-11T17:02:07.454+0000] {_transport.py:335} INFO - GET https://dbelk2.afaqy.local:9200/_cluster/health [status:200 duration:0.108s]
[2024-05-11T17:02:08.033+0000] {warnings.py:109} WARNING - /home/***/.local/lib/python3.8/site-packages/urllib3/connectionpool.py:1061: InsecureRequestWarning: Unverified HTTPS request is being made to host 'dbelk1.afaqy.local'. Adding certificate verification is strongly advised. See: https://urllib3.readthedocs.io/en/1.26.x/advanced-usage.html#ssl-warnings
  warnings.warn(

[2024-05-11T17:02:08.175+0000] {_transport.py:335} INFO - PUT https://dbelk1.afaqy.local:9200/units_statistics_***/_bulk [status:200 duration:0.178s]
[2024-05-11T17:02:08.524+0000] {taskinstance.py:2731} ERROR - Task failed with exception
Traceback (most recent call last):
  File "/home/airflow/.local/lib/python3.8/site-packages/airflow/models/taskinstance.py", line 444, in _execute_task
    result = _execute_callable(context=context, **execute_callable_kwargs)
  File "/home/airflow/.local/lib/python3.8/site-packages/airflow/models/taskinstance.py", line 414, in _execute_callable
    return execute_callable(context=context, **execute_callable_kwargs)
  File "/home/airflow/.local/lib/python3.8/site-packages/airflow/decorators/base.py", line 241, in execute
    return_value = super().execute(context)
  File "/home/airflow/.local/lib/python3.8/site-packages/airflow/operators/python.py", line 200, in execute
    return_value = self.execute_callable()
  File "/home/airflow/.local/lib/python3.8/site-packages/airflow/operators/python.py", line 217, in execute_callable
    return self.python_callable(*self.op_args, **self.op_kwargs)
  File "/opt/airflow/dags/Units_dag.py", line 111, in ETL_job
    Elk_client.elk_pushData(Globals.index_name,units_list_update)
  File "/opt/airflow/dags/units_statistics/elk_manager.py", line 69, in elk_pushData
    helpers.bulk(self.elk_client, docs_list, index=index_name, chunk_size=batch)
  File "/home/airflow/.local/lib/python3.8/site-packages/elasticsearch/helpers/actions.py", line 521, in bulk
    for ok, item in streaming_bulk(
  File "/home/airflow/.local/lib/python3.8/site-packages/elasticsearch/helpers/actions.py", line 436, in streaming_bulk
    for data, (ok, info) in zip(
  File "/home/airflow/.local/lib/python3.8/site-packages/elasticsearch/helpers/actions.py", line 355, in _process_bulk_chunk
    yield from gen
  File "/home/airflow/.local/lib/python3.8/site-packages/elasticsearch/helpers/actions.py", line 274, in _process_bulk_chunk_success
    raise BulkIndexError(f"{len(errors)} document(s) failed to index.", errors)
elasticsearch.helpers.BulkIndexError: 10000 document(s) failed to index.
[2024-05-11T17:02:08.539+0000] {taskinstance.py:1149} INFO - Marking task as UP_FOR_RETRY. dag_id=Units_statistics_DAG, task_id=ETL_job, map_index=10, execution_date=20240511T164000, start_date=20240511T170148, end_date=20240511T170208
[2024-05-11T17:02:08.555+0000] {standard_task_runner.py:107} ERROR - Failed to execute job 51103 for task ETL_job (10000 document(s) failed to index.; 945278)
[2024-05-11T17:02:08.603+0000] {local_task_job_runner.py:234} INFO - Task exited with return code 1
[2024-05-11T17:02:08.624+0000] {taskinstance.py:3312} INFO - 0 downstream tasks scheduled from follow-on schedule check
