[2024-04-23T14:01:15.652+0000] {taskinstance.py:1979} INFO - Dependencies all met for dep_context=non-requeueable deps ti=<TaskInstance: Units_statistics_DAG.ETL_job scheduled__2024-04-23T13:40:00+00:00 map_index=9 [queued]>
[2024-04-23T14:01:15.714+0000] {taskinstance.py:1979} INFO - Dependencies all met for dep_context=requeueable deps ti=<TaskInstance: Units_statistics_DAG.ETL_job scheduled__2024-04-23T13:40:00+00:00 map_index=9 [queued]>
[2024-04-23T14:01:15.715+0000] {taskinstance.py:2193} INFO - Starting attempt 1 of 4
[2024-04-23T14:01:15.781+0000] {taskinstance.py:2217} INFO - Executing <Mapped(_PythonDecoratedOperator): ETL_job> on 2024-04-23 13:40:00+00:00
[2024-04-23T14:01:15.808+0000] {standard_task_runner.py:60} INFO - Started process 496634 to run task
[2024-04-23T14:01:15.878+0000] {standard_task_runner.py:87} INFO - Running: ['***', 'tasks', 'run', 'Units_statistics_DAG', 'ETL_job', 'scheduled__2024-04-23T13:40:00+00:00', '--job-id', '13136', '--raw', '--subdir', 'DAGS_FOLDER/Units_dag.py', '--cfg-path', '/tmp/tmpa2b04mlp', '--map-index', '9']
[2024-04-23T14:01:15.894+0000] {standard_task_runner.py:88} INFO - Job 13136: Subtask ETL_job
[2024-04-23T14:01:16.204+0000] {task_command.py:423} INFO - Running <TaskInstance: Units_statistics_DAG.ETL_job scheduled__2024-04-23T13:40:00+00:00 map_index=9 [running]> on host a09da322e808
[2024-04-23T14:01:16.853+0000] {taskinstance.py:2513} INFO - Exporting env vars: AIRFLOW_CTX_DAG_OWNER='abeer-araby' AIRFLOW_CTX_DAG_ID='Units_statistics_DAG' AIRFLOW_CTX_TASK_ID='ETL_job' AIRFLOW_CTX_EXECUTION_DATE='2024-04-23T13:40:00+00:00' AIRFLOW_CTX_TRY_NUMBER='1' AIRFLOW_CTX_DAG_RUN_ID='scheduled__2024-04-23T13:40:00+00:00'
[2024-04-23T14:01:16.854+0000] {Units_dag.py:99} INFO - i: 90000, chunk: 10000
[2024-04-23T14:01:16.855+0000] {Units_dag.py:100} INFO - child token is::: eyJ0eXAiOiJKV1QiLCJhbGciOiJIUzI1NiJ9.eyJpc3MiOiJodHRwczovL2FwaS5hZmFxeS5zYS9hdXRoL2xvZ2luX2FzIiwiaWF0IjoxNzEzODgwODM0LCJleHAiOjE3MTY0NzI4MzQsIm5iZiI6MTcxMzg4MDgzNCwianRpIjoiRW1kaVd5a0VNMEdDVTVPTyIsInN1YiI6IjVkNjNlNTFlMDNlZDUyOTJhNDJjMjRlNiIsInBydiI6IjI3MGVjZmM3ZWEzZWQ5MzdlYTg0OTM2MmEzYTUwOTEwYzZkOGNlNGYiLCJsb2dpbl9hc19pZCI6IjY1N2YwYWQ3M2Y5NzcyOTVjZjA1NTc2YSJ9.o5SkOCFpj8Vi3cLQgPh_O1PL76ZvRrzB-oydC5ciNOM
[2024-04-23T14:01:49.709+0000] {Units_dag.py:104} INFO - {'_id': '640bfa164cd7b91fb31796fe', 'icon': 'icons/icon.png', 'driver_id': '', 'tailer_id': '', 'profile': {'vehicle_type': '', 'measurement_type': 'count', 'max_capacity': 0, 'vin': '', 'plate_number': '', 'start_operation': '', 'contract_milage': '', 'opening_milage': '', 'model': '', 'fuel_type': '91', 'year': 0, 'seats': 2}, 'device_password': '***', 'device_type': 'gps', 'gateway': False, 'name': 'أ د ك 8070 جديد', 'operation_code': '', 'imei': '863540061893898', 'sim_number': '+966212967268584', 'sim_serial': '8996604212967268584', 'device_serial': '1130036028', 'device': 'teltonika', 'created_by': '5e539d8203ed52f71d634478', 'user_id': '5e539d8203ed52f71d634478', 'updated_at': '2024-04-18 11:18:59', 'created_at': '2023-03-11 06:48:38', 'business_types': {'waste': False, 'transportation': True, 'water': False, 'hajj': False}, 'device_gateway': '', 'custom_fields': [], 'creator': 'aemallamar', 'company': '', 'owner': 'aemallamar', 'last_update': {'dtt': 1713880817000, 'dts': 1713880874070, 'spd': 4, 'ang': 124, 'alt': 6, 'chPrams': {'parm76': {'v': 0, 'cdt': 1712901201000}, 'output1': {'v': False, 'cdt': 1713875922000}, 'output2': {'v': False, 'cdt': 1713875922000}, 'motion': {'v': True, 'cdt': 1713880052000}, 'ePwrV': {'v': 28.697, 'cdt': 1713880817000}, 'sat': {'v': 15, 'cdt': 1713880806000}, 'ai1': {'v': 87, 'cdt': 1713858757000}, 'priority': {'v': 0, 'cdt': 1713880758000}, 'di2': {'v': 0, 'cdt': 1712901201000}, 'type': {'v': 6, 'cdt': 1712929509000}, 'di1': {'v': 1, 'cdt': 1713880052000}, 'temp1': {'v': 0, 'cdt': 1712901201000}, 'result': {'v': '5665723a30332e32372e31335f3534204750533a41584e5f352e312e392048773a464d43313330204d6f643a3420494d45493a38363335343030363138393338393820496e69743a323032342d342d342031383a3720557074696d653a31353437323439204d41433a353342453943303936323631205350433a312830292041584c3a32204f42443a3020424c3a312e31302042543a34', 'cdt': 1713875622000}, 'protocol': {'v': 'FMC130', 'cdt': 1713875922000}, 'parm6': {'v': 87, 'cdt': 1712901201000}, 'temp5': {'v': 30, 'cdt': 1712901201000}, 'iPwrV': {'v': 3.854, 'cdt': 1713867497000}, 'event': {'v': 0, 'cdt': 1713880056000}, 'humidity86': {'v': 300, 'cdt': 1712901201000}}, 'prms': {'protocol': 'FMC130', 'priority': 0, 'sat': 15, 'event': 0, 'di1': 1, 'motion': 1, 'output1': 0, 'di2': 0, 'output2': 0, 'ePwrV': 28.697, 'iPwrV': 3.854, 'ai1': 87, 'parm6': 87, 'temp5': 30, 'humidity86': 300, 'temp1': 0, 'parm76': 0}, 'devPrms': ['protocol', 'priority', 'sat', 'event', 'di1', 'motion', 'output1', 'di2', 'output2', 'ePwrV', 'iPwrV', 'ai1', 'parm6', 'temp5', 'humidity86', 'temp1', 'parm76'], 'old_params': {'protocol': 'FMC130', 'priority': 0, 'sat': 15, 'event': 0, 'di1': 1, 'motion': 1, 'output1': 0, 'di2': 0, 'output2': 0, 'ePwrV': 28.681, 'iPwrV': 3.854, 'ai1': 87, 'parm6': 87, 'temp5': 30, 'humidity86': 300, 'temp1': 0, 'parm76': 0}, 'vLoc': 1, 'vCon': 1, 'ip': '51.36.54.85', 'rl': 0.0086, 'trl': 34624.1228, 'mdu': 0, 'tmdu': 2079709, 'eidl': 3, 'teidl': 3261522, 'fc': 0.001032, 'tfc': 0.005064, 'acc': 1, 'accOn': 4565268314, 'accOff': 97120886, 'sdu': 0, 'tsdu': 0, 'lat': 26.1956133, 'lng': 49.997355}, 'counters': {'odometer_type': 'gps', 'odometer': 34624.1266, 'engine_hours_type': 'acc', 'engine_hours': 4565268314, 'last_acc': 1}, 'is_wasl_connected': 'Connected', 'iconUrl': 'https://api.afaqy.sa/images/units/icons/icon.png', 'hasCCTV': False}
[2024-04-23T14:01:51.259+0000] {warnings.py:109} WARNING - /home/***/.local/lib/python3.8/site-packages/elasticsearch/_sync/client/__init__.py:399: SecurityWarning: Connecting to 'https://dbelk1.afaqy.local:9200' using TLS with verify_certs=False is insecure
  _transport = transport_class(

[2024-04-23T14:01:51.364+0000] {warnings.py:109} WARNING - /home/***/.local/lib/python3.8/site-packages/elasticsearch/_sync/client/__init__.py:399: SecurityWarning: Connecting to 'https://dbelk3.afaqy.local:9200' using TLS with verify_certs=False is insecure
  _transport = transport_class(

[2024-04-23T14:01:51.491+0000] {warnings.py:109} WARNING - /home/***/.local/lib/python3.8/site-packages/elasticsearch/_sync/client/__init__.py:399: SecurityWarning: Connecting to 'https://dbelk2.afaqy.local:9200' using TLS with verify_certs=False is insecure
  _transport = transport_class(

[2024-04-23T14:01:51.526+0000] {warnings.py:109} WARNING - /home/***/.local/lib/python3.8/site-packages/urllib3/connectionpool.py:1061: InsecureRequestWarning: Unverified HTTPS request is being made to host 'dbelk1.afaqy.local'. Adding certificate verification is strongly advised. See: https://urllib3.readthedocs.io/en/1.26.x/advanced-usage.html#ssl-warnings
  warnings.warn(

[2024-04-23T14:01:51.594+0000] {_transport.py:335} INFO - GET https://dbelk1.afaqy.local:9200/_cluster/health [status:200 duration:0.088s]
[2024-04-23T14:01:52.442+0000] {warnings.py:109} WARNING - /home/***/.local/lib/python3.8/site-packages/urllib3/connectionpool.py:1061: InsecureRequestWarning: Unverified HTTPS request is being made to host 'dbelk3.afaqy.local'. Adding certificate verification is strongly advised. See: https://urllib3.readthedocs.io/en/1.26.x/advanced-usage.html#ssl-warnings
  warnings.warn(

[2024-04-23T14:01:54.178+0000] {_transport.py:335} INFO - PUT https://dbelk3.afaqy.local:9200/units_statistics_***/_bulk [status:200 duration:1.752s]
[2024-04-23T14:01:54.358+0000] {python.py:202} INFO - Done. Returned value was: None
[2024-04-23T14:01:54.378+0000] {taskinstance.py:1149} INFO - Marking task as SUCCESS. dag_id=Units_statistics_DAG, task_id=ETL_job, map_index=9, execution_date=20240423T134000, start_date=20240423T140115, end_date=20240423T140154
[2024-04-23T14:01:54.597+0000] {local_task_job_runner.py:234} INFO - Task exited with return code 0
[2024-04-23T14:01:54.623+0000] {taskinstance.py:3312} INFO - 0 downstream tasks scheduled from follow-on schedule check
