[2024-05-08T02:00:17.381+0000] {taskinstance.py:1979} INFO - Dependencies all met for dep_context=non-requeueable deps ti=<TaskInstance: Units_statistics_DAG.ETL_job scheduled__2024-05-08T01:40:00+00:00 map_index=5 [queued]>
[2024-05-08T02:00:17.467+0000] {taskinstance.py:1979} INFO - Dependencies all met for dep_context=requeueable deps ti=<TaskInstance: Units_statistics_DAG.ETL_job scheduled__2024-05-08T01:40:00+00:00 map_index=5 [queued]>
[2024-05-08T02:00:17.468+0000] {taskinstance.py:2193} INFO - Starting attempt 1 of 4
[2024-05-08T02:00:17.572+0000] {taskinstance.py:2217} INFO - Executing <Mapped(_PythonDecoratedOperator): ETL_job> on 2024-05-08 01:40:00+00:00
[2024-05-08T02:00:17.643+0000] {standard_task_runner.py:60} INFO - Started process 849680 to run task
[2024-05-08T02:00:17.711+0000] {standard_task_runner.py:87} INFO - Running: ['***', 'tasks', 'run', 'Units_statistics_DAG', 'ETL_job', 'scheduled__2024-05-08T01:40:00+00:00', '--job-id', '40519', '--raw', '--subdir', 'DAGS_FOLDER/Units_dag.py', '--cfg-path', '/tmp/tmp2_6249wk', '--map-index', '5']
[2024-05-08T02:00:17.713+0000] {standard_task_runner.py:88} INFO - Job 40519: Subtask ETL_job
[2024-05-08T02:00:18.186+0000] {task_command.py:423} INFO - Running <TaskInstance: Units_statistics_DAG.ETL_job scheduled__2024-05-08T01:40:00+00:00 map_index=5 [running]> on host a09da322e808
[2024-05-08T02:00:18.650+0000] {taskinstance.py:2513} INFO - Exporting env vars: AIRFLOW_CTX_DAG_OWNER='abeer-araby' AIRFLOW_CTX_DAG_ID='Units_statistics_DAG' AIRFLOW_CTX_TASK_ID='ETL_job' AIRFLOW_CTX_EXECUTION_DATE='2024-05-08T01:40:00+00:00' AIRFLOW_CTX_TRY_NUMBER='1' AIRFLOW_CTX_DAG_RUN_ID='scheduled__2024-05-08T01:40:00+00:00'
[2024-05-08T02:00:18.651+0000] {Units_dag.py:98} INFO - i: 50000, chunk: 10000
[2024-05-08T02:00:18.651+0000] {Units_dag.py:99} INFO - child token is::: eyJ0eXAiOiJKV1QiLCJhbGciOiJIUzI1NiJ9.eyJpc3MiOiJodHRwczovL2FwaS5hZmFxeS5zYS9hdXRoL2xvZ2luX2FzIiwiaWF0IjoxNzE1MTMzNjAzLCJleHAiOjE3MTc3MjU2MDMsIm5iZiI6MTcxNTEzMzYwMywianRpIjoiQVVURERaRnN6dzN5eVJ4VSIsInN1YiI6IjVkNjNlNTFlMDNlZDUyOTJhNDJjMjRlNiIsInBydiI6IjI3MGVjZmM3ZWEzZWQ5MzdlYTg0OTM2MmEzYTUwOTEwYzZkOGNlNGYiLCJsb2dpbl9hc19pZCI6IjY1N2YwYWQ3M2Y5NzcyOTVjZjA1NTc2YSJ9.i0EHzYZX3-MOP0oNX65rmC0kk4TSABq9f7P5dOxZ-U8
[2024-05-08T02:00:49.381+0000] {Units_dag.py:103} INFO - {'_id': '62b073905e94ae888915bf44', 'imei': '359633108232070', 'updated_at': '2024-04-18 11:18:59', 'custom_fields': [], 'creator': '', 'company': '', 'owner': '', 'last_update': {'dtt': 1655813931000, 'dts': 1655813933660, 'spd': 0, 'ang': 48, 'alt': 647, 'chPrams': {'output1': {'v': False, 'cdt': 1653545738000}, 'protocol': {'v': 'teltonika_FMB640', 'cdt': 1654086629000}, 'ePwrV': {'v': 28.452, 'cdt': 1655813931000}, 'sat': {'v': 15, 'cdt': 1655813931000}, 'ai1': {'v': 87, 'cdt': 1655811671000}, 'iPwrV': {'v': 4.043, 'cdt': 1655812011000}, 'priority': {'v': 0, 'cdt': 1655503622000}, 'event': {'v': 0, 'cdt': 1655503622000}, 'di1': {'v': 1, 'cdt': 1655503562000}}, 'prms': {'protocol': 'teltonika_FMB640', 'priority': 0, 'sat': 15, 'event': 0, 'di1': 1, 'output1': 0, 'ePwrV': 28.452, 'iPwrV': 4.043, 'ai1': 87}, 'devPrms': ['protocol', 'priority', 'sat', 'event', 'di1', 'output1', 'ePwrV', 'iPwrV', 'ai1'], 'old_params': {'protocol': 'teltonika_FMB640', 'priority': 0, 'sat': 14, 'event': 0, 'di1': 1, 'output1': 0, 'ePwrV': 28.44, 'iPwrV': 4.043, 'ai1': 87}, 'vLoc': 1, 'vCon': 1, 'ip': '37.121.100.198', 'rl': 0, 'trl': 34632.0668, 'mdu': 0, 'tmdu': 2819321, 'eidl': 60, 'teidl': 31633242, 'fc': 0, 'tfc': 15.968664, 'acc': 1, 'accOn': 34457358, 'accOff': 4024051, 'sdu': 0, 'tsdu': 0, 'lat': 24.7760099, 'lng': 46.6648283}, 'counters': {'engine_hours': 34457358, 'last_acc': 1, 'odometer': 34632.0627}, 'is_wasl_connected': 'Not Connected', 'iconUrl': '', 'hasCCTV': False}
[2024-05-08T02:00:50.284+0000] {warnings.py:109} WARNING - /home/***/.local/lib/python3.8/site-packages/elasticsearch/_sync/client/__init__.py:399: SecurityWarning: Connecting to 'https://dbelk3.afaqy.local:9200' using TLS with verify_certs=False is insecure
  _transport = transport_class(

[2024-05-08T02:00:50.318+0000] {warnings.py:109} WARNING - /home/***/.local/lib/python3.8/site-packages/elasticsearch/_sync/client/__init__.py:399: SecurityWarning: Connecting to 'https://dbelk1.afaqy.local:9200' using TLS with verify_certs=False is insecure
  _transport = transport_class(

[2024-05-08T02:00:50.398+0000] {warnings.py:109} WARNING - /home/***/.local/lib/python3.8/site-packages/elasticsearch/_sync/client/__init__.py:399: SecurityWarning: Connecting to 'https://dbelk2.afaqy.local:9200' using TLS with verify_certs=False is insecure
  _transport = transport_class(

[2024-05-08T02:00:50.427+0000] {warnings.py:109} WARNING - /home/***/.local/lib/python3.8/site-packages/urllib3/connectionpool.py:1061: InsecureRequestWarning: Unverified HTTPS request is being made to host 'dbelk3.afaqy.local'. Adding certificate verification is strongly advised. See: https://urllib3.readthedocs.io/en/1.26.x/advanced-usage.html#ssl-warnings
  warnings.warn(

[2024-05-08T02:00:50.494+0000] {_transport.py:335} INFO - GET https://dbelk3.afaqy.local:9200/_cluster/health [status:200 duration:0.094s]
[2024-05-08T02:00:50.989+0000] {warnings.py:109} WARNING - /home/***/.local/lib/python3.8/site-packages/urllib3/connectionpool.py:1061: InsecureRequestWarning: Unverified HTTPS request is being made to host 'dbelk1.afaqy.local'. Adding certificate verification is strongly advised. See: https://urllib3.readthedocs.io/en/1.26.x/advanced-usage.html#ssl-warnings
  warnings.warn(

[2024-05-08T02:00:53.716+0000] {_transport.py:335} INFO - PUT https://dbelk1.afaqy.local:9200/units_statistics_***/_bulk [status:200 duration:2.750s]
[2024-05-08T02:00:54.043+0000] {python.py:202} INFO - Done. Returned value was: None
[2024-05-08T02:00:54.061+0000] {taskinstance.py:1149} INFO - Marking task as SUCCESS. dag_id=Units_statistics_DAG, task_id=ETL_job, map_index=5, execution_date=20240508T014000, start_date=20240508T020017, end_date=20240508T020054
[2024-05-08T02:00:54.103+0000] {local_task_job_runner.py:234} INFO - Task exited with return code 0
[2024-05-08T02:00:54.137+0000] {taskinstance.py:3312} INFO - 0 downstream tasks scheduled from follow-on schedule check
