[2024-05-06T07:20:17.326+0000] {taskinstance.py:1979} INFO - Dependencies all met for dep_context=non-requeueable deps ti=<TaskInstance: Units_statistics_DAG.ETL_job scheduled__2024-05-06T07:00:00+00:00 map_index=9 [queued]>
[2024-05-06T07:20:17.414+0000] {taskinstance.py:1979} INFO - Dependencies all met for dep_context=requeueable deps ti=<TaskInstance: Units_statistics_DAG.ETL_job scheduled__2024-05-06T07:00:00+00:00 map_index=9 [queued]>
[2024-05-06T07:20:17.418+0000] {taskinstance.py:2193} INFO - Starting attempt 1 of 4
[2024-05-06T07:20:17.544+0000] {taskinstance.py:2217} INFO - Executing <Mapped(_PythonDecoratedOperator): ETL_job> on 2024-05-06 07:00:00+00:00
[2024-05-06T07:20:17.579+0000] {standard_task_runner.py:60} INFO - Started process 802215 to run task
[2024-05-06T07:20:17.597+0000] {standard_task_runner.py:87} INFO - Running: ['***', 'tasks', 'run', 'Units_statistics_DAG', 'ETL_job', 'scheduled__2024-05-06T07:00:00+00:00', '--job-id', '35058', '--raw', '--subdir', 'DAGS_FOLDER/Units_dag.py', '--cfg-path', '/tmp/tmpdihn72j_', '--map-index', '9']
[2024-05-06T07:20:17.631+0000] {standard_task_runner.py:88} INFO - Job 35058: Subtask ETL_job
[2024-05-06T07:20:17.987+0000] {task_command.py:423} INFO - Running <TaskInstance: Units_statistics_DAG.ETL_job scheduled__2024-05-06T07:00:00+00:00 map_index=9 [running]> on host a09da322e808
[2024-05-06T07:20:18.643+0000] {taskinstance.py:2513} INFO - Exporting env vars: AIRFLOW_CTX_DAG_OWNER='abeer-araby' AIRFLOW_CTX_DAG_ID='Units_statistics_DAG' AIRFLOW_CTX_TASK_ID='ETL_job' AIRFLOW_CTX_EXECUTION_DATE='2024-05-06T07:00:00+00:00' AIRFLOW_CTX_TRY_NUMBER='1' AIRFLOW_CTX_DAG_RUN_ID='scheduled__2024-05-06T07:00:00+00:00'
[2024-05-06T07:20:18.644+0000] {Units_dag.py:99} INFO - i: 90000, chunk: 10000
[2024-05-06T07:20:18.645+0000] {Units_dag.py:100} INFO - child token is::: eyJ0eXAiOiJKV1QiLCJhbGciOiJIUzI1NiJ9.eyJpc3MiOiJodHRwczovL2FwaS5hZmFxeS5zYS9hdXRoL2xvZ2luX2FzIiwiaWF0IjoxNzE0OTgwMDA0LCJleHAiOjE3MTc1NzIwMDQsIm5iZiI6MTcxNDk4MDAwNCwianRpIjoidGozamN5N0g3dnk5d1ZuWSIsInN1YiI6IjVkNjNlNTFlMDNlZDUyOTJhNDJjMjRlNiIsInBydiI6IjI3MGVjZmM3ZWEzZWQ5MzdlYTg0OTM2MmEzYTUwOTEwYzZkOGNlNGYiLCJsb2dpbl9hc19pZCI6IjY1N2YwYWQ3M2Y5NzcyOTVjZjA1NTc2YSJ9.oxqVX2Gfq_jmgG5D2ak7An3RVLZ1NoPvE6aWejAttkQ
[2024-05-06T07:20:51.112+0000] {Units_dag.py:104} INFO - {'_id': '640d98642dd69a53ea211c95', 'icon': 'icons/G_16.png', 'driver_id': '', 'tailer_id': '', 'profile': {'vehicle_type': '', 'measurement_type': 'count', 'max_capacity': 0, 'vin': '', 'plate_number': '', 'start_operation': '', 'contract_milage': '', 'opening_milage': '', 'model': '', 'fuel_type': '91', 'year': 0, 'seats': 2}, 'device_password': '***', 'device_type': 'gps', 'gateway': False, 'name': '3437', 'operation_code': '3437', 'imei': '860665057539974', 'sim_number': '+966830031790409', 'sim_serial': '21296720792', 'device_serial': '860665057539974', 'device': 'bce', 'created_by': '6256d942674c9170c17c2e2b', 'user_id': '6256d942674c9170c17c2e2b', 'updated_at': '2024-04-18 11:18:59', 'created_at': '2023-03-12 12:16:20', 'business_types': {'waste': False, 'transportation': False, 'water': False, 'hajj': True}, 'device_gateway': '', 'shipment_info': {'product_category': None, 'truck_type': None, 'shipment_type': None, 'shipment_payment_type': None, 'transporter_type': None, 'operating_area': None, 'weight_kilograms_per_day': None, 'kms_per_day': None, 'shipment_trip_drive_hrs_day': None, 'allowable_delay_drive_hrs_day': None, 'expected_shipment_trip_day': None, 'car_pay_per_day': None, 'exceeding_temperature_limit_per_day': None, 'temperature_upper_limit': None, 'exceeding_humidity_limit_per_day': None, 'humidity_upper_limit': None}, 'skip_sim_information': '', 'custom_fields': [], 'creator': 'dallah-hajj', 'company': 'شركة دله لنقل الحجاج', 'owner': 'dallah-hajj', 'last_update': {'dtt': 1712458742000, 'dts': 1712458916156, 'spd': 0, 'ang': 256, 'alt': 282, 'chPrams': {'ePwrV': {'v': 0, 'cdt': 1712441642000}, 'di16': {'v': 1, 'cdt': 1710054026000}, 'di15': {'v': 0, 'cdt': 1683797234000}, 'rssi1': {'v': 62, 'cdt': 1712458742000}, 'di14': {'v': 0, 'cdt': 1712441232000}, 'di13': {'v': 0, 'cdt': 1710055246000}, 'di12': {'v': 1, 'cdt': 1710054826000}, 'di11': {'v': 0, 'cdt': 1710054026000}, 'can_rpm': {'v': 0, 'cdt': 1712441312000}, 'can_mileage': {'v': 0, 'cdt': 1710054826000}, 'di10': {'v': 0, 'cdt': 1710054026000}, 'j1939_fuel_rate': {'v': 0, 'cdt': 1712441312000}, 'fuel_con_ins': {'v': 0, 'cdt': 1712441342000}, 'di2': {'v': 0, 'cdt': 1710054026000}, 'can_engine_hrs': {'v': 0, 'cdt': 1710054826000}, 'di1': {'v': 0, 'cdt': 1712441342000}, 'ai4': {'v': 268, 'cdt': 1710054028000}, 'di4': {'v': 0, 'cdt': 1710054026000}, 'di3': {'v': 0, 'cdt': 1710054026000}, 'di6': {'v': 0, 'cdt': 1710054026000}, 'di5': {'v': 0, 'cdt': 1712441342000}, 'lac1': {'v': 52008, 'cdt': 1711054400000}, 'protocol': {'v': 'bce', 'cdt': 1710054026000}, 'di8': {'v': 0, 'cdt': 1712441642000}, 'di7': {'v': 0, 'cdt': 1712441342000}, 'engine_temp': {'v': 84, 'cdt': 1712441312000}, 'di9': {'v': 0, 'cdt': 1710054026000}, 'iPwrV': {'v': 3.573, 'cdt': 1712458742000}, 'brk': {'v': '0.00', 'cdt': 1712441242000}, 'cid1': {'v': 16622, 'cdt': 1712344056000}, 'crn': {'v': '0.00', 'cdt': 1712441248000}, 'wheel_speed': {'v': 0, 'cdt': 1712441312000}, 'odometer': {'v': 0, 'cdt': 1712441242000}, 'spd': {'v': 0, 'cdt': 1712441282000}, 'sat': {'v': 12, 'cdt': 1712441312000}, 'hdop': {'v': 1, 'cdt': 1710882360000}, 'ta': {'v': 0, 'cdt': 1710054026000}, 'accel': {'v': '0.00', 'cdt': 1712441232000}, 'j1939_fuel_lvl2': {'v': 0, 'cdt': 1710054826000}, 'mcc1': {'v': 420, 'cdt': 1710054026000}, 'can_fls': {'v': 0, 'cdt': 1710054826000}, 'mnc1': {'v': 4, 'cdt': 1710054026000}, 'acc_pedal': {'v': 0, 'cdt': 1712441248000}, 'total_fuel': {'v': 35, 'cdt': 1711054652000}}, 'prms': {'protocol': 'bce', 'spd': 0, 'sat': 12, 'hdop': 1, 'odometer': 0, 'di16': 1, 'di15': 0, 'di14': 0, 'di13': 0, 'di12': 1, 'di11': 0, 'di10': 0, 'di9': 0, 'di8': 0, 'di7': 0, 'di6': 0, 'di5': 0, 'di4': 0, 'di3': 0, 'di2': 0, 'di1': 0, 'ePwrV': 0, 'iPwrV': 3.573, 'ta': 0, 'mcc1': 420, 'mnc1': 4, 'lac1': 52008, 'cid1': 16622, 'rssi1': 62, 'wheel_speed': 0, 'acc_pedal': 0, 'total_fuel': 35, 'can_fls': 0, 'can_rpm': 0, 'can_engine_hrs': 0, 'can_mileage': 0, 'engine_temp': 84, 'j1939_fuel_lvl2': 0, 'j1939_fuel_rate': 0, 'fuel_con_ins': 0, 'accel': '0.00', 'brk': '0.00', 'crn': '0.00'}, 'devPrms': ['protocol', 'spd', 'sat', 'hdop', 'odometer', 'di16', 'di15', 'di14', 'di13', 'di12', 'di11', 'di10', 'di9', 'di8', 'di7', 'di6', 'di5', 'di4', 'di3', 'di2', 'di1', 'ePwrV', 'iPwrV', 'ta', 'mcc1', 'mnc1', 'lac1', 'cid1', 'rssi1', 'wheel_speed', 'acc_pedal', 'total_fuel', 'can_fls', 'can_rpm', 'can_engine_hrs', 'can_mileage', 'engine_temp', 'j1939_fuel_lvl2', 'j1939_fuel_rate', 'fuel_con_ins', 'accel', 'brk', 'crn'], 'old_params': {'protocol': 'bce', 'spd': 0, 'sat': 12, 'hdop': 1, 'odometer': 0, 'di16': 1, 'di15': 0, 'di14': 0, 'di13': 0, 'di12': 1, 'di11': 0, 'di10': 0, 'di9': 0, 'di8': 0, 'di7': 0, 'di6': 0, 'di5': 0, 'di4': 0, 'di3': 0, 'di2': 0, 'di1': 0, 'ePwrV': 0, 'iPwrV': 3.572, 'ta': 0, 'mcc1': 420, 'mnc1': 4, 'lac1': 52008, 'cid1': 16622, 'rssi1': 63, 'wheel_speed': 0, 'acc_pedal': 0, 'total_fuel': 35, 'can_fls': 0, 'can_rpm': 0, 'can_engine_hrs': 0, 'can_mileage': 0, 'engine_temp': 84, 'j1939_fuel_lvl2': 0, 'j1939_fuel_rate': 0, 'fuel_con_ins': 0, 'accel': '0.00', 'brk': '0.00', 'crn': '0.00'}, 'vLoc': 1, 'vCon': 1, 'ip': '51.36.14.184', 'rl': 0, 'trl': 34.2386, 'mdu': 0, 'tmdu': 667510, 'eidl': 0, 'teidl': 3910250, 'fc': 0, 'tfc': 0.041676, 'acc': 0, 'accOn': 25004854, 'accOff': 10659498, 'sdu': 300, 'tsdu': 17400, 'lat': 21.402908325195312, 'lng': 39.76012420654297}, 'counters': {'odometer_type': 'gps', 'engine_hours_type': 'acc', 'engine_hours': 25004854, 'odometer': 34.2386, 'last_acc': 0}, 'is_wasl_connected': 'Connected', 'iconUrl': 'https://api.afaqy.sa/images/units/icons/G_16.png', 'hasCCTV': False}
[2024-05-06T07:20:53.074+0000] {warnings.py:109} WARNING - /home/***/.local/lib/python3.8/site-packages/elasticsearch/_sync/client/__init__.py:399: SecurityWarning: Connecting to 'https://dbelk3.afaqy.local:9200' using TLS with verify_certs=False is insecure
  _transport = transport_class(

[2024-05-06T07:20:53.346+0000] {warnings.py:109} WARNING - /home/***/.local/lib/python3.8/site-packages/elasticsearch/_sync/client/__init__.py:399: SecurityWarning: Connecting to 'https://dbelk1.afaqy.local:9200' using TLS with verify_certs=False is insecure
  _transport = transport_class(

[2024-05-06T07:20:53.570+0000] {warnings.py:109} WARNING - /home/***/.local/lib/python3.8/site-packages/elasticsearch/_sync/client/__init__.py:399: SecurityWarning: Connecting to 'https://dbelk2.afaqy.local:9200' using TLS with verify_certs=False is insecure
  _transport = transport_class(

[2024-05-06T07:20:53.602+0000] {warnings.py:109} WARNING - /home/***/.local/lib/python3.8/site-packages/urllib3/connectionpool.py:1061: InsecureRequestWarning: Unverified HTTPS request is being made to host 'dbelk3.afaqy.local'. Adding certificate verification is strongly advised. See: https://urllib3.readthedocs.io/en/1.26.x/advanced-usage.html#ssl-warnings
  warnings.warn(

[2024-05-06T07:20:53.679+0000] {_transport.py:335} INFO - GET https://dbelk3.afaqy.local:9200/_cluster/health [status:200 duration:0.100s]
[2024-05-06T07:20:55.019+0000] {warnings.py:109} WARNING - /home/***/.local/lib/python3.8/site-packages/urllib3/connectionpool.py:1061: InsecureRequestWarning: Unverified HTTPS request is being made to host 'dbelk1.afaqy.local'. Adding certificate verification is strongly advised. See: https://urllib3.readthedocs.io/en/1.26.x/advanced-usage.html#ssl-warnings
  warnings.warn(

[2024-05-06T07:20:55.185+0000] {_transport.py:335} INFO - PUT https://dbelk1.afaqy.local:9200/units_statistics_***/_bulk [status:200 duration:0.196s]
[2024-05-06T07:20:55.834+0000] {taskinstance.py:2731} ERROR - Task failed with exception
Traceback (most recent call last):
  File "/home/airflow/.local/lib/python3.8/site-packages/airflow/models/taskinstance.py", line 444, in _execute_task
    result = _execute_callable(context=context, **execute_callable_kwargs)
  File "/home/airflow/.local/lib/python3.8/site-packages/airflow/models/taskinstance.py", line 414, in _execute_callable
    return execute_callable(context=context, **execute_callable_kwargs)
  File "/home/airflow/.local/lib/python3.8/site-packages/airflow/decorators/base.py", line 241, in execute
    return_value = super().execute(context)
  File "/home/airflow/.local/lib/python3.8/site-packages/airflow/operators/python.py", line 200, in execute
    return_value = self.execute_callable()
  File "/home/airflow/.local/lib/python3.8/site-packages/airflow/operators/python.py", line 217, in execute_callable
    return self.python_callable(*self.op_args, **self.op_kwargs)
  File "/opt/airflow/dags/Units_dag.py", line 112, in ETL_job
    Elk_client.elk_pushData(Globals.index_name,units_list_update)
  File "/opt/airflow/dags/elk_manager.py", line 69, in elk_pushData
    helpers.bulk(self.elk_client, docs_list, index=index_name, chunk_size=batch)
  File "/home/airflow/.local/lib/python3.8/site-packages/elasticsearch/helpers/actions.py", line 521, in bulk
    for ok, item in streaming_bulk(
  File "/home/airflow/.local/lib/python3.8/site-packages/elasticsearch/helpers/actions.py", line 436, in streaming_bulk
    for data, (ok, info) in zip(
  File "/home/airflow/.local/lib/python3.8/site-packages/elasticsearch/helpers/actions.py", line 355, in _process_bulk_chunk
    yield from gen
  File "/home/airflow/.local/lib/python3.8/site-packages/elasticsearch/helpers/actions.py", line 274, in _process_bulk_chunk_success
    raise BulkIndexError(f"{len(errors)} document(s) failed to index.", errors)
elasticsearch.helpers.BulkIndexError: 10000 document(s) failed to index.
[2024-05-06T07:20:55.846+0000] {taskinstance.py:1149} INFO - Marking task as UP_FOR_RETRY. dag_id=Units_statistics_DAG, task_id=ETL_job, map_index=9, execution_date=20240506T070000, start_date=20240506T072017, end_date=20240506T072055
[2024-05-06T07:20:55.870+0000] {standard_task_runner.py:107} ERROR - Failed to execute job 35058 for task ETL_job (10000 document(s) failed to index.; 802215)
[2024-05-06T07:20:55.966+0000] {local_task_job_runner.py:234} INFO - Task exited with return code 1
[2024-05-06T07:20:55.995+0000] {taskinstance.py:3312} INFO - 0 downstream tasks scheduled from follow-on schedule check
