[2024-05-05T10:40:53.839+0000] {taskinstance.py:1979} INFO - Dependencies all met for dep_context=non-requeueable deps ti=<TaskInstance: Units_statistics_DAG.ETL_job scheduled__2024-05-05T10:20:00+00:00 map_index=17 [queued]>
[2024-05-05T10:40:53.852+0000] {taskinstance.py:1979} INFO - Dependencies all met for dep_context=requeueable deps ti=<TaskInstance: Units_statistics_DAG.ETL_job scheduled__2024-05-05T10:20:00+00:00 map_index=17 [queued]>
[2024-05-05T10:40:53.852+0000] {taskinstance.py:2193} INFO - Starting attempt 1 of 4
[2024-05-05T10:40:53.879+0000] {taskinstance.py:2217} INFO - Executing <Mapped(_PythonDecoratedOperator): ETL_job> on 2024-05-05 10:20:00+00:00
[2024-05-05T10:40:53.890+0000] {standard_task_runner.py:60} INFO - Started process 780671 to run task
[2024-05-05T10:40:53.896+0000] {standard_task_runner.py:87} INFO - Running: ['***', 'tasks', 'run', 'Units_statistics_DAG', 'ETL_job', 'scheduled__2024-05-05T10:20:00+00:00', '--job-id', '33142', '--raw', '--subdir', 'DAGS_FOLDER/Units_dag.py', '--cfg-path', '/tmp/tmpqtutvr3i', '--map-index', '17']
[2024-05-05T10:40:53.898+0000] {standard_task_runner.py:88} INFO - Job 33142: Subtask ETL_job
[2024-05-05T10:40:54.006+0000] {task_command.py:423} INFO - Running <TaskInstance: Units_statistics_DAG.ETL_job scheduled__2024-05-05T10:20:00+00:00 map_index=17 [running]> on host a09da322e808
[2024-05-05T10:40:54.222+0000] {taskinstance.py:2513} INFO - Exporting env vars: AIRFLOW_CTX_DAG_OWNER='abeer-araby' AIRFLOW_CTX_DAG_ID='Units_statistics_DAG' AIRFLOW_CTX_TASK_ID='ETL_job' AIRFLOW_CTX_EXECUTION_DATE='2024-05-05T10:20:00+00:00' AIRFLOW_CTX_TRY_NUMBER='1' AIRFLOW_CTX_DAG_RUN_ID='scheduled__2024-05-05T10:20:00+00:00'
[2024-05-05T10:40:54.223+0000] {Units_dag.py:99} INFO - i: 170000, chunk: 307
[2024-05-05T10:40:54.224+0000] {Units_dag.py:100} INFO - child token is::: eyJ0eXAiOiJKV1QiLCJhbGciOiJIUzI1NiJ9.eyJpc3MiOiJodHRwczovL2FwaS5hZmFxeS5zYS9hdXRoL2xvZ2luX2FzIiwiaWF0IjoxNzE0OTA1NjAzLCJleHAiOjE3MTc0OTc2MDMsIm5iZiI6MTcxNDkwNTYwMywianRpIjoiYnhOODlWN0NZVE1LUG5qbiIsInN1YiI6IjVkNjNlNTFlMDNlZDUyOTJhNDJjMjRlNiIsInBydiI6IjI3MGVjZmM3ZWEzZWQ5MzdlYTg0OTM2MmEzYTUwOTEwYzZkOGNlNGYiLCJsb2dpbl9hc19pZCI6IjY1N2YwYWQ3M2Y5NzcyOTVjZjA1NTc2YSJ9.kbVfZYQi25DqK3uk9dbaAjaG6cMriuNxrVnj726NWf8
[2024-05-05T10:40:56.583+0000] {Units_dag.py:104} INFO - {'_id': '663540ef0cf328b88a0f95c4', 'icon': 'icons/icon.png', 'driver_id': '', 'tailer_id': '', 'profile': {'vehicle_type': '', 'measurement_type': 'count', 'max_capacity': 0, 'vin': '', 'plate_number': '', 'start_operation': '', 'contract_milage': '', 'opening_milage': '', 'model': '', 'fuel_type': 91, 'year': 0, 'seats': 2}, 'shipment_info': {'product_category': None, 'truck_type': None, 'shipment_type': None, 'shipment_payment_type': None, 'transporter_type': None, 'operating_area': None, 'weight_kilograms_per_day': None, 'kms_per_day': None, 'shipment_trip_drive_hrs_day': None, 'allowable_delay_drive_hrs_day': None, 'expected_shipment_trip_day': None, 'car_pay_per_day': None, 'exceeding_temperature_limit_per_day': None, 'temperature_upper_limit': None, 'exceeding_humidity_limit_per_day': None, 'humidity_upper_limit': None}, 'device_password': '***', 'device_type': 'gps', 'gateway': False, 'business_types': {'waste': False, 'transportation': True, 'water': False, 'hajj': False}, 'name': '352592575763834', 'operation_code': '', 'device_gateway': None, 'skip_sim_information': '', 'custom_fields': [], 'imei': '352592575763834', 'sim_number': '+96699011340784', 'sim_serial': '8996606099011340784', 'device_serial': '1138283153', 'device': 'teltonika', 'user_id': '5e539d8203ed52f71d634478', 'created_by': '5e539d8203ed52f71d634478', 'updated_at': '2024-05-03 19:54:23', 'created_at': '2024-05-03 22:54:23', 'creator': 'aemallamar', 'company': '', 'owner': 'aemallamar', 'last_update': {'dtt': 1714774508000, 'dts': 1714774543377, 'spd': 0, 'ang': 0, 'alt': 663, 'chPrams': {'pdop': {'v': 0, 'cdt': 1714765044000}, 'rssi': {'v': 2, 'cdt': 1714765007000}, 'output1': {'v': False, 'cdt': 1714765119000}, 'motion': {'v': False, 'cdt': 1714767294000}, 'odometer': {'v': 0, 'cdt': 1714765044000}, 'ePwrV': {'v': 0, 'cdt': 1714767171000}, 'parm68': {'v': 102, 'cdt': 1714765026000}, 'sat': {'v': 6, 'cdt': 1714774508000}, 'ai1': {'v': 43, 'cdt': 1714765119000}, 'priority': {'v': 0, 'cdt': 1714767171000}, 'type': {'v': 6, 'cdt': 1714765044000}, 'di1': {'v': 0, 'cdt': 1714765044000}, 'hdop': {'v': 0, 'cdt': 1714765044000}, 'operator': {'v': 42003, 'cdt': 1714765044000}, 'result': {'v': '5665723a30332e32372e31345f3030204750533a41584e5f352e312e392048773a464d42393230204d6f643a313320494d45493a33353235393235373537363338333420496e69743a323032342d352d332031393a333420557074696d653a39363638204d41433a333838413231353239434639205350433a312830292041584c3a32204f42443a3020424c3a312e31302042543a34', 'cdt': 1714774508000}, 'protocol': {'v': 'teltonika', 'cdt': 1714770902000}, 'temp5': {'v': 30, 'cdt': 1714765119000}, 'gpsStatus': {'v': 2, 'cdt': 1714765044000}, 'iPwrV': {'v': 3.416, 'cdt': 1714774508000}, 'parm252': {'v': 1, 'cdt': 1714767149000}, 'event': {'v': 0, 'cdt': 1714770902000}, 'humidity86': {'v': 300, 'cdt': 1714765044000}, 'parm200': {'v': 0, 'cdt': 1714765044000}}, 'prms': {'protocol': 'teltonika', 'priority': 0, 'sat': 6, 'event': 0, 'di1': 0, 'motion': 0, 'output1': 0, 'parm252': 1, 'ePwrV': 0, 'iPwrV': 3.416, 'ai1': 43, 'temp5': 30, 'humidity86': 300, 'type': 6, 'result': '5665723a30332e32372e31345f3030204750533a41584e5f352e312e392048773a464d42393230204d6f643a313320494d45493a33353235393235373537363338333420496e69743a323032342d352d332031393a333420557074696d653a39363638204d41433a333838413231353239434639205350433a312830292041584c3a32204f42443a3020424c3a312e31302042543a34'}, 'devPrms': ['protocol', 'priority', 'sat', 'event', 'di1', 'motion', 'output1', 'parm252', 'ePwrV', 'iPwrV', 'ai1', 'temp5', 'humidity86', 'type', 'result'], 'old_params': {'protocol': 'teltonika', 'priority': 0, 'sat': 6, 'event': 0, 'di1': 0, 'motion': 0, 'output1': 0, 'parm252': 1, 'ePwrV': 0, 'iPwrV': 3.416, 'ai1': 43, 'temp5': 30, 'humidity86': 300}, 'vLoc': 1, 'vCon': 1, 'ip': '185.133.181.25', 'rl': 0, 'trl': 0, 'mdu': 0, 'tmdu': 0, 'eidl': 0, 'teidl': 0, 'fc': 0, 'tfc': 0, 'acc': 0, 'accOn': 0, 'accOff': 9501, 'sdu': 0, 'tsdu': 9501, 'lat': 24.5988183, 'lng': 46.677025}, 'counters': {'engine_hours': 0, 'last_acc': 0, 'odometer': 0}, 'is_wasl_connected': 'Not Connected', 'iconUrl': 'https://api.afaqy.sa/images/units/icons/icon.png', 'hasCCTV': False}
[2024-05-05T10:40:57.058+0000] {warnings.py:109} WARNING - /home/***/.local/lib/python3.8/site-packages/elasticsearch/_sync/client/__init__.py:399: SecurityWarning: Connecting to 'https://dbelk3.afaqy.local:9200' using TLS with verify_certs=False is insecure
  _transport = transport_class(

[2024-05-05T10:40:57.103+0000] {warnings.py:109} WARNING - /home/***/.local/lib/python3.8/site-packages/elasticsearch/_sync/client/__init__.py:399: SecurityWarning: Connecting to 'https://dbelk2.afaqy.local:9200' using TLS with verify_certs=False is insecure
  _transport = transport_class(

[2024-05-05T10:40:57.147+0000] {warnings.py:109} WARNING - /home/***/.local/lib/python3.8/site-packages/elasticsearch/_sync/client/__init__.py:399: SecurityWarning: Connecting to 'https://dbelk1.afaqy.local:9200' using TLS with verify_certs=False is insecure
  _transport = transport_class(

[2024-05-05T10:40:57.931+0000] {warnings.py:109} WARNING - /home/***/.local/lib/python3.8/site-packages/urllib3/connectionpool.py:1061: InsecureRequestWarning: Unverified HTTPS request is being made to host 'dbelk3.afaqy.local'. Adding certificate verification is strongly advised. See: https://urllib3.readthedocs.io/en/1.26.x/advanced-usage.html#ssl-warnings
  warnings.warn(

[2024-05-05T10:40:58.011+0000] {_transport.py:335} INFO - GET https://dbelk3.afaqy.local:9200/_cluster/health [status:200 duration:0.862s]
[2024-05-05T10:40:58.058+0000] {warnings.py:109} WARNING - /home/***/.local/lib/python3.8/site-packages/urllib3/connectionpool.py:1061: InsecureRequestWarning: Unverified HTTPS request is being made to host 'dbelk2.afaqy.local'. Adding certificate verification is strongly advised. See: https://urllib3.readthedocs.io/en/1.26.x/advanced-usage.html#ssl-warnings
  warnings.warn(

[2024-05-05T10:40:58.063+0000] {_transport.py:335} INFO - PUT https://dbelk2.afaqy.local:9200/units_statistics_***/_bulk [status:429 duration:0.036s]
[2024-05-05T10:40:58.064+0000] {_node_pool.py:249} WARNING - Node <Urllib3HttpNode(https://dbelk2.afaqy.local:9200)> has failed for 1 times in a row, putting on 1 second timeout
[2024-05-05T10:40:58.064+0000] {_transport.py:427} WARNING - Retrying request after non-successful status 429 (attempt 0 of 3)
[2024-05-05T10:40:58.065+0000] {warnings.py:109} WARNING - /home/***/.local/lib/python3.8/site-packages/urllib3/connectionpool.py:1061: InsecureRequestWarning: Unverified HTTPS request is being made to host 'dbelk3.afaqy.local'. Adding certificate verification is strongly advised. See: https://urllib3.readthedocs.io/en/1.26.x/advanced-usage.html#ssl-warnings
  warnings.warn(

[2024-05-05T10:40:58.434+0000] {_transport.py:335} INFO - PUT https://dbelk3.afaqy.local:9200/units_statistics_***/_bulk [status:200 duration:0.370s]
[2024-05-05T10:40:58.443+0000] {python.py:202} INFO - Done. Returned value was: None
[2024-05-05T10:40:58.461+0000] {taskinstance.py:1149} INFO - Marking task as SUCCESS. dag_id=Units_statistics_DAG, task_id=ETL_job, map_index=17, execution_date=20240505T102000, start_date=20240505T104053, end_date=20240505T104058
[2024-05-05T10:40:58.500+0000] {local_task_job_runner.py:234} INFO - Task exited with return code 0
[2024-05-05T10:40:58.537+0000] {taskinstance.py:3312} INFO - 0 downstream tasks scheduled from follow-on schedule check
