[2024-04-15T05:00:16.957+0000] {taskinstance.py:1979} INFO - Dependencies all met for dep_context=non-requeueable deps ti=<TaskInstance: Units_statistics_DAG.ETL_job scheduled__2024-04-15T04:00:00+00:00 map_index=8 [queued]>
[2024-04-15T05:00:17.049+0000] {taskinstance.py:1979} INFO - Dependencies all met for dep_context=requeueable deps ti=<TaskInstance: Units_statistics_DAG.ETL_job scheduled__2024-04-15T04:00:00+00:00 map_index=8 [queued]>
[2024-04-15T05:00:17.051+0000] {taskinstance.py:2193} INFO - Starting attempt 1 of 4
[2024-04-15T05:00:17.145+0000] {taskinstance.py:2217} INFO - Executing <Mapped(_PythonDecoratedOperator): ETL_job> on 2024-04-15 04:00:00+00:00
[2024-04-15T05:00:17.178+0000] {standard_task_runner.py:60} INFO - Started process 301214 to run task
[2024-04-15T05:00:17.192+0000] {standard_task_runner.py:87} INFO - Running: ['***', 'tasks', 'run', 'Units_statistics_DAG', 'ETL_job', 'scheduled__2024-04-15T04:00:00+00:00', '--job-id', '2289', '--raw', '--subdir', 'DAGS_FOLDER/Units_dag.py', '--cfg-path', '/tmp/tmpreenupsz', '--map-index', '8']
[2024-04-15T05:00:17.204+0000] {standard_task_runner.py:88} INFO - Job 2289: Subtask ETL_job
[2024-04-15T05:00:17.378+0000] {task_command.py:423} INFO - Running <TaskInstance: Units_statistics_DAG.ETL_job scheduled__2024-04-15T04:00:00+00:00 map_index=8 [running]> on host a09da322e808
[2024-04-15T05:00:17.758+0000] {taskinstance.py:2513} INFO - Exporting env vars: AIRFLOW_CTX_DAG_OWNER='abeer-araby' AIRFLOW_CTX_DAG_ID='Units_statistics_DAG' AIRFLOW_CTX_TASK_ID='ETL_job' AIRFLOW_CTX_EXECUTION_DATE='2024-04-15T04:00:00+00:00' AIRFLOW_CTX_TRY_NUMBER='1' AIRFLOW_CTX_DAG_RUN_ID='scheduled__2024-04-15T04:00:00+00:00'
[2024-04-15T05:00:17.759+0000] {Units_dag.py:89} INFO - i: 80000, chunk: 10000
[2024-04-15T05:00:17.759+0000] {Units_dag.py:90} INFO - child token is::: eyJ0eXAiOiJKV1QiLCJhbGciOiJIUzI1NiJ9.eyJpc3MiOiJodHRwczovL2FwaS5hZmFxeS5zYS9hdXRoL2xvZ2luX2FzIiwiaWF0IjoxNzEzMTU3MjA0LCJleHAiOjE3MTU3NDkyMDQsIm5iZiI6MTcxMzE1NzIwNCwianRpIjoidEVZbmlNb3FwZ2NnN1RXSyIsInN1YiI6IjVkNjNlNTFlMDNlZDUyOTJhNDJjMjRlNiIsInBydiI6IjI3MGVjZmM3ZWEzZWQ5MzdlYTg0OTM2MmEzYTUwOTEwYzZkOGNlNGYiLCJsb2dpbl9hc19pZCI6IjY1N2YwYWQ3M2Y5NzcyOTVjZjA1NTc2YSJ9.-DDpbWwtYgYuotkJX5PEjuhGsu4k1odF375ceEMao-U
[2024-04-15T05:00:43.725+0000] {Units_dag.py:94} INFO - {'_id': '63d7cb656e9f0911ad3a0dfe', 'icon': 'icons/icon.png', 'driver_id': '', 'tailer_id': '', 'profile': {'measurement_type': 'count', 'fuel_type': '91', 'year': 0, 'seats': 2}, 'device_password': '***', 'device_type': 'gps', 'gateway': False, 'name': '9848 -  ر ب ح', 'operation_code': None, 'device_gateway': None, 'business_types': {'waste': False, 'transportation': True, 'water': False}, 'imei': '357454071956351', 'sim_number': '+966830030052312', 'sim_serial': '21168758117', 'device_serial': '07484951', 'device': 'teltonika', 'user_id': '63c3ef672cabbb6db33623df', 'created_by': '5e6655bf03ed52e1ab79d301', 'updated_at': '2023-12-31 10:34:02', 'created_at': '2023-01-30 16:51:33', 'creator': 'amr.ahmed', 'company': '', 'owner': 'al-nakhla-admin', 'last_update': {'dtt': 1713157216000, 'dts': 1713157220429, 'spd': 0, 'ang': 0, 'alt': 657, 'chPrams': {'rssi': {'v': 4, 'cdt': 1713156016000}, 'output1': {'v': False, 'cdt': 1710935050000}, 'output2': {'v': False, 'cdt': 1710935050000}, 'odometer': {'v': 85108370, 'cdt': 1711310148000}, 'ePwrV': {'v': 13.651, 'cdt': 1713157216000}, 'sat': {'v': 14, 'cdt': 1713157036000}, 'type': {'v': 6, 'cdt': 1710606141000}, 'priority': {'v': 0, 'cdt': 1711472173000}, 'di2': {'v': 0, 'cdt': 1711472293000}, 'di1': {'v': 1, 'cdt': 1713156016000}, 'operator': {'v': 42004, 'cdt': 1713156016000}, 'result': {'v': '436f6465205665723a30312e32382e3037205265763a302044657669636520494d45493a333537343534303731393536333531204465766963652049443a30303030303620426f6f746c6f61646572205665723a30312e3130204d6f64656d20415050205665723a312e30372e3030', 'cdt': 1710606141000}, 'protocol': {'v': 'teltonika', 'cdt': 1711472173000}, 'parm205': {'v': 21991, 'cdt': 1713156016000}, 'tripOdometer': {'v': 0, 'cdt': 1710591981000}, 'iPwrV': {'v': 1.052, 'cdt': 1713157216000}, 'event': {'v': 0, 'cdt': 1710591561000}}, 'prms': {'protocol': 'teltonika', 'priority': 0, 'sat': 14, 'event': 0, 'di1': 1, 'di2': 0, 'output1': 0, 'output2': 0, 'rssi': 4, 'ePwrV': 13.651, 'parm205': 21991, 'iPwrV': 1.052, 'tripOdometer': 0, 'operator': 42004, 'odometer': 85108370}, 'devPrms': ['protocol', 'priority', 'sat', 'event', 'di1', 'di2', 'output1', 'output2', 'rssi', 'ePwrV', 'parm205', 'iPwrV', 'tripOdometer', 'operator', 'odometer', 'type', 'result'], 'old_params': {'protocol': 'teltonika', 'priority': 0, 'sat': 14, 'event': 0, 'di1': 1, 'di2': 0, 'output1': 0, 'output2': 0, 'rssi': 4, 'ePwrV': 13.698, 'parm205': 21991, 'iPwrV': 0.004, 'tripOdometer': 0, 'operator': 42004, 'odometer': 85108370}, 'vLoc': 1, 'vCon': 1, 'ip': '51.36.53.119', 'rl': 0, 'trl': 4674.8114, 'mdu': 0, 'tmdu': 64, 'eidl': 30, 'teidl': 413215, 'fc': 0, 'tfc': 4.106934, 'acc': 1, 'accOn': 2544913, 'accOff': 162397647, 'sdu': 0, 'tsdu': 0, 'lat': 24.7031683, 'lng': 46.741375}, 'counters': {'odometer_type': 'gps', 'odometer': 7530.5771, 'engine_hours_type': 'acc', 'engine_hours': 2544913, 'last_acc': 1}, 'is_wasl_connected': 'Not Connected', 'iconUrl': 'https://api.afaqy.sa/images/units/icons/icon.png', 'hasCCTV': False}
[2024-04-15T05:00:46.601+0000] {warnings.py:109} WARNING - /home/***/.local/lib/python3.8/site-packages/elasticsearch/_sync/client/__init__.py:399: SecurityWarning: Connecting to 'https://dbelk2.afaqy.local:9200' using TLS with verify_certs=False is insecure
  _transport = transport_class(

[2024-04-15T05:00:46.689+0000] {warnings.py:109} WARNING - /home/***/.local/lib/python3.8/site-packages/elasticsearch/_sync/client/__init__.py:399: SecurityWarning: Connecting to 'https://dbelk3.afaqy.local:9200' using TLS with verify_certs=False is insecure
  _transport = transport_class(

[2024-04-15T05:00:46.796+0000] {warnings.py:109} WARNING - /home/***/.local/lib/python3.8/site-packages/elasticsearch/_sync/client/__init__.py:399: SecurityWarning: Connecting to 'https://dbelk1.afaqy.local:9200' using TLS with verify_certs=False is insecure
  _transport = transport_class(

[2024-04-15T05:00:46.830+0000] {warnings.py:109} WARNING - /home/***/.local/lib/python3.8/site-packages/urllib3/connectionpool.py:1061: InsecureRequestWarning: Unverified HTTPS request is being made to host 'dbelk2.afaqy.local'. Adding certificate verification is strongly advised. See: https://urllib3.readthedocs.io/en/1.26.x/advanced-usage.html#ssl-warnings
  warnings.warn(

[2024-04-15T05:00:46.921+0000] {_transport.py:335} INFO - GET https://dbelk2.afaqy.local:9200/_cluster/health [status:200 duration:0.124s]
[2024-04-15T05:00:48.017+0000] {warnings.py:109} WARNING - /home/***/.local/lib/python3.8/site-packages/urllib3/connectionpool.py:1061: InsecureRequestWarning: Unverified HTTPS request is being made to host 'dbelk3.afaqy.local'. Adding certificate verification is strongly advised. See: https://urllib3.readthedocs.io/en/1.26.x/advanced-usage.html#ssl-warnings
  warnings.warn(

[2024-04-15T05:00:49.598+0000] {_transport.py:335} INFO - PUT https://dbelk3.afaqy.local:9200/units_statistics_***/_bulk [status:200 duration:1.609s]
[2024-04-15T05:00:50.014+0000] {python.py:202} INFO - Done. Returned value was: None
[2024-04-15T05:00:50.042+0000] {taskinstance.py:1149} INFO - Marking task as SUCCESS. dag_id=Units_statistics_DAG, task_id=ETL_job, map_index=8, execution_date=20240415T040000, start_date=20240415T050016, end_date=20240415T050050
[2024-04-15T05:00:50.115+0000] {local_task_job_runner.py:234} INFO - Task exited with return code 0
[2024-04-15T05:00:50.138+0000] {taskinstance.py:3312} INFO - 0 downstream tasks scheduled from follow-on schedule check
