[2024-04-23T23:20:16.539+0000] {taskinstance.py:1979} INFO - Dependencies all met for dep_context=non-requeueable deps ti=<TaskInstance: Units_statistics_DAG.ETL_job scheduled__2024-04-23T23:00:00+00:00 map_index=7 [queued]>
[2024-04-23T23:20:16.582+0000] {taskinstance.py:1979} INFO - Dependencies all met for dep_context=requeueable deps ti=<TaskInstance: Units_statistics_DAG.ETL_job scheduled__2024-04-23T23:00:00+00:00 map_index=7 [queued]>
[2024-04-23T23:20:16.594+0000] {taskinstance.py:2193} INFO - Starting attempt 1 of 4
[2024-04-23T23:20:16.643+0000] {taskinstance.py:2217} INFO - Executing <Mapped(_PythonDecoratedOperator): ETL_job> on 2024-04-23 23:00:00+00:00
[2024-04-23T23:20:16.664+0000] {standard_task_runner.py:60} INFO - Started process 505878 to run task
[2024-04-23T23:20:16.702+0000] {standard_task_runner.py:87} INFO - Running: ['***', 'tasks', 'run', 'Units_statistics_DAG', 'ETL_job', 'scheduled__2024-04-23T23:00:00+00:00', '--job-id', '13770', '--raw', '--subdir', 'DAGS_FOLDER/Units_dag.py', '--cfg-path', '/tmp/tmp42l3wyoh', '--map-index', '7']
[2024-04-23T23:20:16.704+0000] {standard_task_runner.py:88} INFO - Job 13770: Subtask ETL_job
[2024-04-23T23:20:16.938+0000] {task_command.py:423} INFO - Running <TaskInstance: Units_statistics_DAG.ETL_job scheduled__2024-04-23T23:00:00+00:00 map_index=7 [running]> on host a09da322e808
[2024-04-23T23:20:17.342+0000] {taskinstance.py:2513} INFO - Exporting env vars: AIRFLOW_CTX_DAG_OWNER='abeer-araby' AIRFLOW_CTX_DAG_ID='Units_statistics_DAG' AIRFLOW_CTX_TASK_ID='ETL_job' AIRFLOW_CTX_EXECUTION_DATE='2024-04-23T23:00:00+00:00' AIRFLOW_CTX_TRY_NUMBER='1' AIRFLOW_CTX_DAG_RUN_ID='scheduled__2024-04-23T23:00:00+00:00'
[2024-04-23T23:20:17.343+0000] {Units_dag.py:99} INFO - i: 70000, chunk: 10000
[2024-04-23T23:20:17.343+0000] {Units_dag.py:100} INFO - child token is::: eyJ0eXAiOiJKV1QiLCJhbGciOiJIUzI1NiJ9.eyJpc3MiOiJodHRwczovL2FwaS5hZmFxeS5zYS9hdXRoL2xvZ2luX2FzIiwiaWF0IjoxNzEzOTE0NDAzLCJleHAiOjE3MTY1MDY0MDMsIm5iZiI6MTcxMzkxNDQwMywianRpIjoiQ1h2NHltRmR3WmlvVnVOdiIsInN1YiI6IjVkNjNlNTFlMDNlZDUyOTJhNDJjMjRlNiIsInBydiI6IjI3MGVjZmM3ZWEzZWQ5MzdlYTg0OTM2MmEzYTUwOTEwYzZkOGNlNGYiLCJsb2dpbl9hc19pZCI6IjY1N2YwYWQ3M2Y5NzcyOTVjZjA1NTc2YSJ9.QeCFBcHujGIfjnLe6tTa9NwNZzS0XJH2eRx4nlXQTGI
[2024-04-23T23:20:43.149+0000] {Units_dag.py:104} INFO - {'_id': '639f29dd44053669e97fa292', 'icon': 'icons/icon.png', 'driver_id': '', 'tailer_id': '', 'profile': {'vehicle_type': '', 'measurement_type': 'count', 'max_capacity': 0, 'vin': '', 'plate_number': '', 'start_operation': '', 'contract_milage': '', 'opening_milage': '', 'model': '', 'fuel_type': '91', 'year': 0, 'seats': 2}, 'device_password': '***', 'device_type': 'gps', 'gateway': False, 'name': 'أ س ح 1444', 'operation_code': '', 'imei': '866907058390385', 'sim_number': '+966821111009874', 'sim_serial': '8996609821111009874', 'device_serial': '1126469475', 'device': 'teltonika', 'created_by': '5e539d8203ed52f71d634478', 'user_id': '5e539d8203ed52f71d634478', 'updated_at': '2024-04-18 11:18:59', 'created_at': '2022-12-18 17:55:25', 'business_types': {'waste': False, 'transportation': True, 'water': False, 'hajj': False}, 'device_gateway': '', 'custom_fields': [], 'creator': 'aemallamar', 'company': '', 'owner': 'aemallamar', 'last_update': {'dtt': 1713914214000, 'dts': 1713914219302, 'spd': 0, 'ang': 214, 'alt': 742, 'chPrams': {'parm76': {'v': 0, 'cdt': 1712854289000}, 'output2': {'v': False, 'cdt': 1713912712000}, 'motion': {'v': False, 'cdt': 1713912712000}, 'odometer': {'v': 25676536, 'cdt': 1713853506000}, 'ePwrV': {'v': 25.472, 'cdt': 1713913313000}, 'sat': {'v': 17, 'cdt': 1713913313000}, 'ai1': {'v': 7119, 'cdt': 1713914214000}, 'priority': {'v': 0, 'cdt': 1713853507000}, 'di2': {'v': 1, 'cdt': 1712653567000}, 'type': {'v': 6, 'cdt': 1713453553000}, 'di1': {'v': 0, 'cdt': 1713853506000}, 'temp1': {'v': 0, 'cdt': 1712941743000}, 'result': {'v': '5665723a30332e32372e31335f3534204750533a41584e5f352e312e392048773a464d43313330204d6f643a3420494d45493a38363639303730353833393033383520496e69743a323032342d312d31382032303a353220557074696d653a38323837313335204d41433a303031453432353244363138205350433a312830292041584c3a32204f42443a3020424c3a312e31302042543a34', 'cdt': 1713912412000}, 'protocol': {'v': 'FMC130', 'cdt': 1713912712000}, 'temp5': {'v': 30, 'cdt': 1712941743000}, 'parm29': {'v': 0, 'cdt': 1712854289000}, 'iPwrV': {'v': 4, 'cdt': 1713913313000}, 'event': {'v': 0, 'cdt': 1713853807000}, 'humidity86': {'v': 300, 'cdt': 1712941743000}}, 'prms': {'protocol': 'FMC130', 'priority': 0, 'sat': 17, 'event': 0, 'di1': 0, 'motion': 0, 'di2': 1, 'output2': 0, 'parm29': 0, 'ePwrV': 25.472, 'iPwrV': 4, 'ai1': 7119, 'temp5': 30, 'humidity86': 300, 'odometer': 25676536, 'temp1': 0, 'parm76': 0}, 'devPrms': ['protocol', 'priority', 'sat', 'event', 'di1', 'motion', 'di2', 'output2', 'parm29', 'ePwrV', 'iPwrV', 'ai1', 'temp5', 'humidity86', 'odometer', 'temp1', 'parm76'], 'old_params': {'parm76': 0, 'output2': 0, 'motion': 0, 'odometer': 25676536, 'ePwrV': 25.472, 'sat': 17, 'ai1': 7121, 'priority': 0, 'di2': 1, 'di1': 0, 'temp1': 0, 'protocol': 'teltonika', 'temp5': 30, 'parm29': 0, 'iPwrV': 4, 'event': 0, 'humidity86': 300}, 'vLoc': 1, 'vCon': 1, 'ip': '109.83.145.67', 'rl': 0, 'trl': 25572.6378, 'mdu': 0, 'tmdu': 1284770, 'eidl': 0, 'teidl': 1124874, 'fc': 0, 'tfc': 0.208128, 'acc': 0, 'accOn': 2715801, 'accOff': 39940320, 'sdu': 300, 'tsdu': 60708, 'lat': 25.5957483, 'lng': 45.612875}, 'counters': {'odometer_type': 'gps', 'odometer': 25572.639, 'engine_hours_type': 'acc', 'engine_hours': 2715801, 'last_acc': 0}, 'is_wasl_connected': 'Connected', 'iconUrl': 'https://api.afaqy.sa/images/units/icons/icon.png', 'hasCCTV': False}
[2024-04-23T23:20:43.846+0000] {warnings.py:109} WARNING - /home/***/.local/lib/python3.8/site-packages/elasticsearch/_sync/client/__init__.py:399: SecurityWarning: Connecting to 'https://dbelk2.afaqy.local:9200' using TLS with verify_certs=False is insecure
  _transport = transport_class(

[2024-04-23T23:20:43.883+0000] {warnings.py:109} WARNING - /home/***/.local/lib/python3.8/site-packages/elasticsearch/_sync/client/__init__.py:399: SecurityWarning: Connecting to 'https://dbelk1.afaqy.local:9200' using TLS with verify_certs=False is insecure
  _transport = transport_class(

[2024-04-23T23:20:43.925+0000] {warnings.py:109} WARNING - /home/***/.local/lib/python3.8/site-packages/elasticsearch/_sync/client/__init__.py:399: SecurityWarning: Connecting to 'https://dbelk3.afaqy.local:9200' using TLS with verify_certs=False is insecure
  _transport = transport_class(

[2024-04-23T23:20:43.954+0000] {warnings.py:109} WARNING - /home/***/.local/lib/python3.8/site-packages/urllib3/connectionpool.py:1061: InsecureRequestWarning: Unverified HTTPS request is being made to host 'dbelk2.afaqy.local'. Adding certificate verification is strongly advised. See: https://urllib3.readthedocs.io/en/1.26.x/advanced-usage.html#ssl-warnings
  warnings.warn(

[2024-04-23T23:20:44.035+0000] {_transport.py:335} INFO - GET https://dbelk2.afaqy.local:9200/_cluster/health [status:200 duration:0.108s]
[2024-04-23T23:20:44.710+0000] {warnings.py:109} WARNING - /home/***/.local/lib/python3.8/site-packages/urllib3/connectionpool.py:1061: InsecureRequestWarning: Unverified HTTPS request is being made to host 'dbelk1.afaqy.local'. Adding certificate verification is strongly advised. See: https://urllib3.readthedocs.io/en/1.26.x/advanced-usage.html#ssl-warnings
  warnings.warn(

[2024-04-23T23:20:47.745+0000] {_transport.py:335} INFO - PUT https://dbelk1.afaqy.local:9200/units_statistics_***/_bulk [status:200 duration:3.078s]
[2024-04-23T23:20:48.100+0000] {python.py:202} INFO - Done. Returned value was: None
[2024-04-23T23:20:48.118+0000] {taskinstance.py:1149} INFO - Marking task as SUCCESS. dag_id=Units_statistics_DAG, task_id=ETL_job, map_index=7, execution_date=20240423T230000, start_date=20240423T232016, end_date=20240423T232048
[2024-04-23T23:20:48.187+0000] {local_task_job_runner.py:234} INFO - Task exited with return code 0
[2024-04-23T23:20:48.216+0000] {taskinstance.py:3312} INFO - 0 downstream tasks scheduled from follow-on schedule check
