[2024-04-15T11:00:16.243+0000] {taskinstance.py:1979} INFO - Dependencies all met for dep_context=non-requeueable deps ti=<TaskInstance: Units_statistics_DAG.ETL_job scheduled__2024-04-15T10:00:00+00:00 map_index=15 [queued]>
[2024-04-15T11:00:16.343+0000] {taskinstance.py:1979} INFO - Dependencies all met for dep_context=requeueable deps ti=<TaskInstance: Units_statistics_DAG.ETL_job scheduled__2024-04-15T10:00:00+00:00 map_index=15 [queued]>
[2024-04-15T11:00:16.344+0000] {taskinstance.py:2193} INFO - Starting attempt 1 of 4
[2024-04-15T11:00:16.474+0000] {taskinstance.py:2217} INFO - Executing <Mapped(_PythonDecoratedOperator): ETL_job> on 2024-04-15 10:00:00+00:00
[2024-04-15T11:00:16.505+0000] {standard_task_runner.py:60} INFO - Started process 306699 to run task
[2024-04-15T11:00:16.552+0000] {standard_task_runner.py:87} INFO - Running: ['***', 'tasks', 'run', 'Units_statistics_DAG', 'ETL_job', 'scheduled__2024-04-15T10:00:00+00:00', '--job-id', '2442', '--raw', '--subdir', 'DAGS_FOLDER/Units_dag.py', '--cfg-path', '/tmp/tmpfsn6bdp_', '--map-index', '15']
[2024-04-15T11:00:16.554+0000] {standard_task_runner.py:88} INFO - Job 2442: Subtask ETL_job
[2024-04-15T11:00:16.722+0000] {task_command.py:423} INFO - Running <TaskInstance: Units_statistics_DAG.ETL_job scheduled__2024-04-15T10:00:00+00:00 map_index=15 [running]> on host a09da322e808
[2024-04-15T11:00:17.158+0000] {taskinstance.py:2513} INFO - Exporting env vars: AIRFLOW_CTX_DAG_OWNER='abeer-araby' AIRFLOW_CTX_DAG_ID='Units_statistics_DAG' AIRFLOW_CTX_TASK_ID='ETL_job' AIRFLOW_CTX_EXECUTION_DATE='2024-04-15T10:00:00+00:00' AIRFLOW_CTX_TRY_NUMBER='1' AIRFLOW_CTX_DAG_RUN_ID='scheduled__2024-04-15T10:00:00+00:00'
[2024-04-15T11:00:17.160+0000] {Units_dag.py:89} INFO - i: 150000, chunk: 10000
[2024-04-15T11:00:17.160+0000] {Units_dag.py:90} INFO - child token is::: eyJ0eXAiOiJKV1QiLCJhbGciOiJIUzI1NiJ9.eyJpc3MiOiJodHRwczovL2FwaS5hZmFxeS5zYS9hdXRoL2xvZ2luX2FzIiwiaWF0IjoxNzEzMTc4ODA0LCJleHAiOjE3MTU3NzA4MDQsIm5iZiI6MTcxMzE3ODgwNCwianRpIjoiU2xWOWJ2QUxWdVh6RGdDbCIsInN1YiI6IjVkNjNlNTFlMDNlZDUyOTJhNDJjMjRlNiIsInBydiI6IjI3MGVjZmM3ZWEzZWQ5MzdlYTg0OTM2MmEzYTUwOTEwYzZkOGNlNGYiLCJsb2dpbl9hc19pZCI6IjY1N2YwYWQ3M2Y5NzcyOTVjZjA1NTc2YSJ9.rqlkAHLGWoS8aRpVdq5jC9scuQmx4rBQonZY6C6gtbg
[2024-04-15T11:00:38.536+0000] {Units_dag.py:94} INFO - {'_id': '658fc6e5592c7adf65035558', 'icon': 'icons/icon.png', 'driver_id': '', 'tailer_id': '', 'profile': {'measurement_type': 'count', 'fuel_type': '91', 'year': 0, 'seats': 2}, 'shipment_info': {'product_category': '', 'truck_type': '', 'shipment_type': '', 'shipment_payment_type': '', 'transporter_type': '', 'operating_area': '', 'weight_kilograms_per_day': '', 'kms_per_day': '', 'opening_milage': '', 'shipment_trip_drive_hrs_day': '', 'expected_shipment_trip_day': '', 'car_pay_per_day': '', 'exceeding_temperature_limit_per_day': '', 'temperature_upper_limit': '', 'exceeding_humidity_limit_per_day': '', 'humidity_upper_limit': '', 'allowable_delay_drive_hrs_day': ''}, 'device_password': '***', 'device_type': 'gps', 'gateway': False, 'business_types': {'waste': False, 'transportation': True, 'water': False, 'hajj': False}, 'name': '3194-ZXB', 'operation_code': None, 'device_gateway': None, 'skip_sim_information': False, 'imei': '866344052367427', 'sim_number': '+966830020703562', 'sim_serial': '8996609821112133486', 'device_serial': '866344052367427', 'device': 'teltonika', 'user_id': '6570364a73524fbd0807e5f3', 'created_by': '5e6655bf03ed52e1ab79d301', 'updated_at': '2023-12-31 10:42:55', 'created_at': '2023-12-30 10:29:41', 'creator': 'amr.ahmed', 'company': '', 'owner': 'monasib-contacting-admin', 'last_update': {'dtt': 1713178809000, 'dts': 1713178812185, 'spd': 0, 'ang': 252, 'alt': 686, 'chPrams': {'Speed': {'v': 0, 'cdt': 1713178148000}, 'output1': {'v': False, 'cdt': 1713177593000}, 'ePwrV': {'v': 13.088000000000001, 'cdt': 1713178809000}, 'parm24': {'v': 0, 'cdt': 1713178148000}, 'sat': {'v': 19, 'cdt': 1713178809000}, 'ai1': {'v': 174, 'cdt': 1711854797000}, 'priority': {'v': 0, 'cdt': 1711698182000}, 'type': {'v': 6, 'cdt': 1711707015000}, 'di1': {'v': 0, 'cdt': 1713178148000}, 'result': {'v': '5665723a30332e32382e30325f3837204750533a41584e5f352e312e392048773a464d43393230204d6f643a3120494d45493a38363633343430353233363734323720496e69743a323032342d342d31332032333a313420557074696d653a313237363636204d41433a323041313836353436323631205350433a312830292041584c3a31204f42443a3020424c3a312e31302042543a34', 'cdt': 1713177586000}, 'protocol': {'v': 'FMC920', 'cdt': 1713177593000}, 'iPwrV': {'v': 4.123, 'cdt': 1713140721000}, 'event': {'v': 0, 'cdt': 1711698182000}}, 'prms': {'protocol': 'FMC920', 'priority': 0, 'sat': 19, 'event': 0, 'di1': 0, 'output1': 0, 'ePwrV': 13.088000000000001, 'Speed': 0, 'parm24': 0, 'iPwrV': 4.123, 'ai1': 174}, 'devPrms': ['protocol', 'priority', 'sat', 'event', 'di1', 'output1', 'ePwrV', 'Speed', 'parm24', 'iPwrV', 'ai1'], 'old_params': {'Speed': 0, 'protocol': 'teltonika', 'output1': 0, 'ePwrV': 13.148, 'parm24': 0, 'sat': 17, 'ai1': 174, 'iPwrV': 4.123, 'priority': 0, 'event': 0, 'di1': 0}, 'vLoc': 1, 'vCon': 1, 'ip': '109.83.177.228', 'rl': 0, 'trl': 7189.8772, 'mdu': 0, 'tmdu': 665794, 'eidl': 0, 'teidl': 1153038, 'fc': 0, 'tfc': 11.601588, 'acc': 0, 'accOn': 21938635, 'accOff': 1229155337, 'sdu': 300, 'tsdu': 661, 'lat': 24.501255, 'lng': 46.6870549}, 'counters': {'engine_hours': 21938635, 'last_acc': 0, 'odometer': 7189.8772}, 'is_wasl_connected': 'Not Connected', 'iconUrl': 'https://api.afaqy.sa/images/units/icons/icon.png', 'hasCCTV': False}
[2024-04-15T11:00:39.198+0000] {warnings.py:109} WARNING - /home/***/.local/lib/python3.8/site-packages/elasticsearch/_sync/client/__init__.py:399: SecurityWarning: Connecting to 'https://dbelk3.afaqy.local:9200' using TLS with verify_certs=False is insecure
  _transport = transport_class(

[2024-04-15T11:00:39.326+0000] {warnings.py:109} WARNING - /home/***/.local/lib/python3.8/site-packages/elasticsearch/_sync/client/__init__.py:399: SecurityWarning: Connecting to 'https://dbelk2.afaqy.local:9200' using TLS with verify_certs=False is insecure
  _transport = transport_class(

[2024-04-15T11:00:39.423+0000] {warnings.py:109} WARNING - /home/***/.local/lib/python3.8/site-packages/elasticsearch/_sync/client/__init__.py:399: SecurityWarning: Connecting to 'https://dbelk1.afaqy.local:9200' using TLS with verify_certs=False is insecure
  _transport = transport_class(

[2024-04-15T11:00:39.450+0000] {warnings.py:109} WARNING - /home/***/.local/lib/python3.8/site-packages/urllib3/connectionpool.py:1061: InsecureRequestWarning: Unverified HTTPS request is being made to host 'dbelk3.afaqy.local'. Adding certificate verification is strongly advised. See: https://urllib3.readthedocs.io/en/1.26.x/advanced-usage.html#ssl-warnings
  warnings.warn(

[2024-04-15T11:00:39.513+0000] {_transport.py:335} INFO - GET https://dbelk3.afaqy.local:9200/_cluster/health [status:200 duration:0.088s]
[2024-04-15T11:00:40.211+0000] {warnings.py:109} WARNING - /home/***/.local/lib/python3.8/site-packages/urllib3/connectionpool.py:1061: InsecureRequestWarning: Unverified HTTPS request is being made to host 'dbelk2.afaqy.local'. Adding certificate verification is strongly advised. See: https://urllib3.readthedocs.io/en/1.26.x/advanced-usage.html#ssl-warnings
  warnings.warn(

[2024-04-15T11:00:43.541+0000] {_transport.py:335} INFO - PUT https://dbelk2.afaqy.local:9200/units_statistics_***/_bulk [status:200 duration:3.357s]
[2024-04-15T11:00:44.200+0000] {python.py:202} INFO - Done. Returned value was: None
[2024-04-15T11:00:44.258+0000] {taskinstance.py:1149} INFO - Marking task as SUCCESS. dag_id=Units_statistics_DAG, task_id=ETL_job, map_index=15, execution_date=20240415T100000, start_date=20240415T110016, end_date=20240415T110044
[2024-04-15T11:00:44.449+0000] {local_task_job_runner.py:234} INFO - Task exited with return code 0
[2024-04-15T11:00:44.509+0000] {taskinstance.py:3312} INFO - 0 downstream tasks scheduled from follow-on schedule check
