[2024-05-07T12:21:52.502+0000] {taskinstance.py:1979} INFO - Dependencies all met for dep_context=non-requeueable deps ti=<TaskInstance: Units_statistics_DAG.ETL_job scheduled__2024-05-07T12:00:00+00:00 map_index=12 [queued]>
[2024-05-07T12:21:52.522+0000] {taskinstance.py:1979} INFO - Dependencies all met for dep_context=requeueable deps ti=<TaskInstance: Units_statistics_DAG.ETL_job scheduled__2024-05-07T12:00:00+00:00 map_index=12 [queued]>
[2024-05-07T12:21:52.522+0000] {taskinstance.py:2193} INFO - Starting attempt 2 of 4
[2024-05-07T12:21:52.555+0000] {taskinstance.py:2217} INFO - Executing <Mapped(_PythonDecoratedOperator): ETL_job> on 2024-05-07 12:00:00+00:00
[2024-05-07T12:21:52.566+0000] {standard_task_runner.py:60} INFO - Started process 833822 to run task
[2024-05-07T12:21:52.583+0000] {standard_task_runner.py:87} INFO - Running: ['***', 'tasks', 'run', 'Units_statistics_DAG', 'ETL_job', 'scheduled__2024-05-07T12:00:00+00:00', '--job-id', '38423', '--raw', '--subdir', 'DAGS_FOLDER/Units_dag.py', '--cfg-path', '/tmp/tmpvmexizz6', '--map-index', '12']
[2024-05-07T12:21:52.587+0000] {standard_task_runner.py:88} INFO - Job 38423: Subtask ETL_job
[2024-05-07T12:21:52.710+0000] {task_command.py:423} INFO - Running <TaskInstance: Units_statistics_DAG.ETL_job scheduled__2024-05-07T12:00:00+00:00 map_index=12 [running]> on host a09da322e808
[2024-05-07T12:21:53.110+0000] {taskinstance.py:2513} INFO - Exporting env vars: AIRFLOW_CTX_DAG_OWNER='abeer-araby' AIRFLOW_CTX_DAG_ID='Units_statistics_DAG' AIRFLOW_CTX_TASK_ID='ETL_job' AIRFLOW_CTX_EXECUTION_DATE='2024-05-07T12:00:00+00:00' AIRFLOW_CTX_TRY_NUMBER='2' AIRFLOW_CTX_DAG_RUN_ID='scheduled__2024-05-07T12:00:00+00:00'
[2024-05-07T12:21:53.111+0000] {Units_dag.py:98} INFO - i: 120000, chunk: 10000
[2024-05-07T12:21:53.111+0000] {Units_dag.py:99} INFO - child token is::: eyJ0eXAiOiJKV1QiLCJhbGciOiJIUzI1NiJ9.eyJpc3MiOiJodHRwczovL2FwaS5hZmFxeS5zYS9hdXRoL2xvZ2luX2FzIiwiaWF0IjoxNzE1MDg0NDAzLCJleHAiOjE3MTc2NzY0MDMsIm5iZiI6MTcxNTA4NDQwMywianRpIjoidjNvYlZ4MEhSeGpMd1JGTSIsInN1YiI6IjVkNjNlNTFlMDNlZDUyOTJhNDJjMjRlNiIsInBydiI6IjI3MGVjZmM3ZWEzZWQ5MzdlYTg0OTM2MmEzYTUwOTEwYzZkOGNlNGYiLCJsb2dpbl9hc19pZCI6IjY1N2YwYWQ3M2Y5NzcyOTVjZjA1NTc2YSJ9.wDaQmovkhBOVB2XCIqQgZrc_C45ykimtNnhsN60FLGM
[2024-05-07T12:22:15.550+0000] {Units_dag.py:103} INFO - {'_id': '64cbc382a9e8232f555ebd78', 'icon': 'icons/icon.png', 'driver_id': '', 'tailer_id': '', 'profile': {'vehicle_type': '', 'measurement_type': 'count', 'max_capacity': 0, 'vin': '', 'plate_number': '', 'start_operation': '', 'contract_milage': '', 'opening_milage': '', 'model': '', 'fuel_type': '91', 'year': 0, 'seats': 2}, 'device_password': '***', 'device_type': 'gps', 'gateway': False, 'business_types': {'waste': False, 'transportation': True, 'water': False}, 'name': '6225 أ ر و', 'operation_code': '', 'device_gateway': '', 'skip_sim_information': False, 'imei': '860665057529389', 'sim_number': '+966830028893212', 'sim_serial': '8996609821111313734', 'device_serial': '860665057529389', 'device': 'bce', 'user_id': '61dea43b3174a46e9b2704ef', 'created_by': '5e6655bf03ed52e1ab79d301', 'updated_at': '2024-04-18 11:18:59', 'created_at': '2023-08-03 18:10:58', 'shipment_info': {'product_category': None, 'truck_type': None, 'shipment_type': None, 'shipment_payment_type': None, 'transporter_type': None, 'operating_area': None, 'weight_kilograms_per_day': None, 'kms_per_day': None, 'shipment_trip_drive_hrs_day': None, 'allowable_delay_drive_hrs_day': None, 'expected_shipment_trip_day': None, 'car_pay_per_day': None, 'exceeding_temperature_limit_per_day': None, 'temperature_upper_limit': None, 'exceeding_humidity_limit_per_day': None, 'humidity_upper_limit': None}, 'custom_fields': [], 'creator': 'amr.ahmed', 'company': '', 'owner': 'waad-almutatwira-admin', 'last_update': {'dtt': 1715084432000, 'dts': 1715084447239, 'spd': 0, 'ang': 216, 'alt': 578, 'chPrams': {'ePwrV': {'v': 26.127, 'cdt': 1715084432000}, 'di16': {'v': 1, 'cdt': 1713978046000}, 'rssi1': {'v': 52, 'cdt': 1715084432000}, 'di15': {'v': 0, 'cdt': 1695832938000}, 'di14': {'v': 0, 'cdt': 1715083534000}, 'di13': {'v': 0, 'cdt': 1713978046000}, 'di12': {'v': 0, 'cdt': 1713978046000}, 'di11': {'v': 0, 'cdt': 1713978046000}, 'di10': {'v': 0, 'cdt': 1714621662000}, 'di2': {'v': 1, 'cdt': 1713895502000}, 'ai4': {'v': 12196, 'cdt': 1715084432000}, 'di1': {'v': 0, 'cdt': 1715083498000}, 'di4': {'v': 0, 'cdt': 1713978046000}, 'di3': {'v': 0, 'cdt': 1713978046000}, 'di6': {'v': 0, 'cdt': 1713978046000}, 'di5': {'v': 0, 'cdt': 1715083532000}, 'lac1': {'v': 1252, 'cdt': 1714998354000}, 'di8': {'v': 1, 'cdt': 1713895502000}, 'protocol': {'v': 'bce', 'cdt': 1713978046000}, 'di7': {'v': 0, 'cdt': 1715083834000}, 'di9': {'v': 0, 'cdt': 1713891842000}, 'iPwrV': {'v': 4.183, 'cdt': 1715083468000}, 'cid1': {'v': 14231, 'cdt': 1715083834000}, 'odometer': {'v': 0, 'cdt': 1715069732000}, 'spd': {'v': 0, 'cdt': 1715069744000}, 'sat': {'v': 12, 'cdt': 1715083834000}, 'hdop': {'v': 1, 'cdt': 1715083018000}, 'ta': {'v': 0, 'cdt': 1713978046000}, 'mcc1': {'v': 420, 'cdt': 1714515470000}, 'mnc1': {'v': 3, 'cdt': 1714515470000}}, 'prms': {'protocol': 'bce', 'spd': 0, 'sat': 12, 'hdop': 1, 'odometer': 0, 'di16': 1, 'di15': 0, 'di14': 0, 'di13': 0, 'di12': 0, 'di11': 0, 'di10': 0, 'di9': 0, 'di8': 1, 'di7': 0, 'di6': 0, 'di5': 0, 'di4': 0, 'di3': 0, 'di2': 1, 'di1': 0, 'ePwrV': 26.127, 'ai4': 12196, 'iPwrV': 4.183, 'ta': 0, 'mcc1': 420, 'mnc1': 3, 'lac1': 1252, 'cid1': 14231, 'rssi1': 52}, 'devPrms': ['protocol', 'spd', 'sat', 'hdop', 'odometer', 'di16', 'di15', 'di14', 'di13', 'di12', 'di11', 'di10', 'di9', 'di8', 'di7', 'di6', 'di5', 'di4', 'di3', 'di2', 'di1', 'ePwrV', 'ai4', 'iPwrV', 'ta', 'mcc1', 'mnc1', 'lac1', 'cid1', 'rssi1'], 'old_params': {'di16': 1, 'ePwrV': 26.242, 'di15': 0, 'rssi1': 61, 'di14': 0, 'di13': 0, 'di12': 0, 'di11': 0, 'di10': 0, 'di2': 1, 'di1': 0, 'ai4': 12227, 'di4': 0, 'di3': 0, 'di6': 0, 'di5': 0, 'lac1': 1252, 'protocol': 'bce', 'di8': 1, 'di7': 0, 'di9': 0, 'iPwrV': 4.183, 'cid1': 14231, 'odometer': 0, 'spd': 0, 'sat': 12, 'hdop': 1, 'ta': 0, 'mcc1': 420, 'mnc1': 3}, 'vLoc': 1, 'vCon': 1, 'ip': '109.83.18.231', 'rl': 0, 'trl': 38007.4567, 'mdu': 0, 'tmdu': 2003810, 'eidl': 0, 'teidl': 10540528, 'fc': 0, 'tfc': 1.11726, 'acc': 0, 'accOn': 29209966, 'accOff': 12131642, 'sdu': 298, 'tsdu': 900, 'lat': 24.581195831298828, 'lng': 46.74130630493164}, 'counters': {'odometer_type': 'gps', 'odometer': 307958.7079, 'engine_hours_type': 'acc', 'engine_hours': 29209966, 'last_acc': 0}, 'is_wasl_connected': 'Connected', 'iconUrl': 'https://api.afaqy.sa/images/units/icons/icon.png', 'hasCCTV': False}
[2024-05-07T12:22:16.253+0000] {warnings.py:109} WARNING - /home/***/.local/lib/python3.8/site-packages/elasticsearch/_sync/client/__init__.py:399: SecurityWarning: Connecting to 'https://dbelk2.afaqy.local:9200' using TLS with verify_certs=False is insecure
  _transport = transport_class(

[2024-05-07T12:22:16.298+0000] {warnings.py:109} WARNING - /home/***/.local/lib/python3.8/site-packages/elasticsearch/_sync/client/__init__.py:399: SecurityWarning: Connecting to 'https://dbelk1.afaqy.local:9200' using TLS with verify_certs=False is insecure
  _transport = transport_class(

[2024-05-07T12:22:16.340+0000] {warnings.py:109} WARNING - /home/***/.local/lib/python3.8/site-packages/elasticsearch/_sync/client/__init__.py:399: SecurityWarning: Connecting to 'https://dbelk3.afaqy.local:9200' using TLS with verify_certs=False is insecure
  _transport = transport_class(

[2024-05-07T12:22:16.359+0000] {warnings.py:109} WARNING - /home/***/.local/lib/python3.8/site-packages/urllib3/connectionpool.py:1061: InsecureRequestWarning: Unverified HTTPS request is being made to host 'dbelk2.afaqy.local'. Adding certificate verification is strongly advised. See: https://urllib3.readthedocs.io/en/1.26.x/advanced-usage.html#ssl-warnings
  warnings.warn(

[2024-05-07T12:22:16.455+0000] {_transport.py:335} INFO - GET https://dbelk2.afaqy.local:9200/_cluster/health [status:200 duration:0.114s]
[2024-05-07T12:22:16.858+0000] {warnings.py:109} WARNING - /home/***/.local/lib/python3.8/site-packages/urllib3/connectionpool.py:1061: InsecureRequestWarning: Unverified HTTPS request is being made to host 'dbelk1.afaqy.local'. Adding certificate verification is strongly advised. See: https://urllib3.readthedocs.io/en/1.26.x/advanced-usage.html#ssl-warnings
  warnings.warn(

[2024-05-07T12:22:17.008+0000] {_transport.py:335} INFO - PUT https://dbelk1.afaqy.local:9200/units_statistics_***/_bulk [status:200 duration:0.170s]
[2024-05-07T12:22:17.319+0000] {taskinstance.py:2731} ERROR - Task failed with exception
Traceback (most recent call last):
  File "/home/airflow/.local/lib/python3.8/site-packages/airflow/models/taskinstance.py", line 444, in _execute_task
    result = _execute_callable(context=context, **execute_callable_kwargs)
  File "/home/airflow/.local/lib/python3.8/site-packages/airflow/models/taskinstance.py", line 414, in _execute_callable
    return execute_callable(context=context, **execute_callable_kwargs)
  File "/home/airflow/.local/lib/python3.8/site-packages/airflow/decorators/base.py", line 241, in execute
    return_value = super().execute(context)
  File "/home/airflow/.local/lib/python3.8/site-packages/airflow/operators/python.py", line 200, in execute
    return_value = self.execute_callable()
  File "/home/airflow/.local/lib/python3.8/site-packages/airflow/operators/python.py", line 217, in execute_callable
    return self.python_callable(*self.op_args, **self.op_kwargs)
  File "/opt/airflow/dags/Units_dag.py", line 111, in ETL_job
    Elk_client.elk_pushData(Globals.index_name,units_list_update)
  File "/opt/airflow/dags/units_statistics/elk_manager.py", line 69, in elk_pushData
    helpers.bulk(self.elk_client, docs_list, index=index_name, chunk_size=batch)
  File "/home/airflow/.local/lib/python3.8/site-packages/elasticsearch/helpers/actions.py", line 521, in bulk
    for ok, item in streaming_bulk(
  File "/home/airflow/.local/lib/python3.8/site-packages/elasticsearch/helpers/actions.py", line 436, in streaming_bulk
    for data, (ok, info) in zip(
  File "/home/airflow/.local/lib/python3.8/site-packages/elasticsearch/helpers/actions.py", line 355, in _process_bulk_chunk
    yield from gen
  File "/home/airflow/.local/lib/python3.8/site-packages/elasticsearch/helpers/actions.py", line 274, in _process_bulk_chunk_success
    raise BulkIndexError(f"{len(errors)} document(s) failed to index.", errors)
elasticsearch.helpers.BulkIndexError: 10000 document(s) failed to index.
[2024-05-07T12:22:17.330+0000] {taskinstance.py:1149} INFO - Marking task as UP_FOR_RETRY. dag_id=Units_statistics_DAG, task_id=ETL_job, map_index=12, execution_date=20240507T120000, start_date=20240507T122152, end_date=20240507T122217
[2024-05-07T12:22:17.345+0000] {standard_task_runner.py:107} ERROR - Failed to execute job 38423 for task ETL_job (10000 document(s) failed to index.; 833822)
[2024-05-07T12:22:17.421+0000] {local_task_job_runner.py:234} INFO - Task exited with return code 1
[2024-05-07T12:22:17.448+0000] {taskinstance.py:3312} INFO - 0 downstream tasks scheduled from follow-on schedule check
