[2024-04-16T11:24:05.605+0000] {taskinstance.py:1979} INFO - Dependencies all met for dep_context=non-requeueable deps ti=<TaskInstance: Units_statistics_DAG.ETL_job manual__2024-04-16T11:23:51.587148+00:00 map_index=0 [queued]>
[2024-04-16T11:24:05.618+0000] {taskinstance.py:1979} INFO - Dependencies all met for dep_context=requeueable deps ti=<TaskInstance: Units_statistics_DAG.ETL_job manual__2024-04-16T11:23:51.587148+00:00 map_index=0 [queued]>
[2024-04-16T11:24:05.618+0000] {taskinstance.py:2193} INFO - Starting attempt 1 of 4
[2024-04-16T11:24:05.639+0000] {taskinstance.py:2217} INFO - Executing <Mapped(_PythonDecoratedOperator): ETL_job> on 2024-04-16 11:23:51.587148+00:00
[2024-04-16T11:24:05.646+0000] {standard_task_runner.py:60} INFO - Started process 330982 to run task
[2024-04-16T11:24:05.655+0000] {standard_task_runner.py:87} INFO - Running: ['***', 'tasks', 'run', 'Units_statistics_DAG', 'ETL_job', 'manual__2024-04-16T11:23:51.587148+00:00', '--job-id', '4067', '--raw', '--subdir', 'DAGS_FOLDER/Units_dag.py', '--cfg-path', '/tmp/tmpm_zie4ev', '--map-index', '0']
[2024-04-16T11:24:05.658+0000] {standard_task_runner.py:88} INFO - Job 4067: Subtask ETL_job
[2024-04-16T11:24:05.737+0000] {task_command.py:423} INFO - Running <TaskInstance: Units_statistics_DAG.ETL_job manual__2024-04-16T11:23:51.587148+00:00 map_index=0 [running]> on host a09da322e808
[2024-04-16T11:24:05.908+0000] {taskinstance.py:2513} INFO - Exporting env vars: AIRFLOW_CTX_DAG_OWNER='abeer-araby' AIRFLOW_CTX_DAG_ID='Units_statistics_DAG' AIRFLOW_CTX_TASK_ID='ETL_job' AIRFLOW_CTX_EXECUTION_DATE='2024-04-16T11:23:51.587148+00:00' AIRFLOW_CTX_TRY_NUMBER='1' AIRFLOW_CTX_DAG_RUN_ID='manual__2024-04-16T11:23:51.587148+00:00'
[2024-04-16T11:24:05.909+0000] {Units_dag.py:90} INFO - i: 0, chunk: 1000
[2024-04-16T11:24:05.909+0000] {Units_dag.py:91} INFO - child token is::: eyJ0eXAiOiJKV1QiLCJhbGciOiJIUzI1NiJ9.eyJpc3MiOiJodHRwczovL2FwaS5hZmFxeS5zYS9hdXRoL2xvZ2luX2FzIiwiaWF0IjoxNzEzMjY2NjM2LCJleHAiOjE3MTU4NTg2MzYsIm5iZiI6MTcxMzI2NjYzNiwianRpIjoiRW1ObnZkamZUQkk1VVlaQSIsInN1YiI6IjVkNjNlNTFlMDNlZDUyOTJhNDJjMjRlNiIsInBydiI6IjI3MGVjZmM3ZWEzZWQ5MzdlYTg0OTM2MmEzYTUwOTEwYzZkOGNlNGYiLCJsb2dpbl9hc19pZCI6IjY1N2YwYWQ3M2Y5NzcyOTVjZjA1NTc2YSJ9.uFnEds5lHPKlZYOz_tMcUHY4Tu7E2eXsQcDZ75iyoHQ
[2024-04-16T11:24:08.734+0000] {Units_dag.py:95} INFO - {'_id': '5c3b1d7303ed52664c40f2c5', 'icon': 'icons/icon.png', 'driver_id': '5c3f263603ed521645362495', 'tailer_id': '', 'profile': {'vehicle_type': '', 'measurement_type': 'count', 'max_capacity': 0, 'vin': 'ddffffff', 'plate_number': '8222222f', 'start_operation': '', 'contract_milage': '', 'opening_milage': '', 'model': '', 'fuel_type': '91', 'year': 0, 'seats': 2}, 'device_password': '***', 'name': 'yasser nabeh', 'imei': '867459040839029', 'sim_number': '+966830030204787', 'sim_serial': '212515969044', 'device_serial': '867459040839029', 'device': 'bceIotm', 'created_by': '5b5475eeec689d30c527f124', 'user_id': '5b5475eeec689d30c527f124', 'operation_code': '5142005', 'updated_at': '2024-04-16 10:23:59', 'device_type': 'gps', 'business_types': {'waste': False, 'transportation': False, 'water': False, 'hajj': False}, 'device_gateway': '', 'gateway': False, 'deleted_at': '', 'skip_sim_information': '', 'cctv': {'dvr_id': '', 'channels': 1}, 'shipment_info': {'product_category': 'frozen_meat', 'truck_type': 'bulker_40_footer', 'shipment_type': 'long_haul', 'shipment_payment_type': 'trip_paid', 'transporter_type': 't typw', 'operating_area': 'oparea', 'weight_kilograms_per_day': 1, 'kms_per_day': 2, 'shipment_trip_drive_hrs_day': 1, 'allowable_delay_drive_hrs_day': 1, 'expected_shipment_trip_day': 1, 'car_pay_per_day': 1, 'exceeding_temperature_limit_per_day': 1, 'temperature_upper_limit': 1, 'exceeding_humidity_limit_per_day': 1, 'humidity_upper_limit': 1}, 'creator': 'afaqy', 'company': '', 'owner': 'afaqy', 'last_update': {'dtt': 1713265086000, 'dts': 1713265085551, 'spd': 100, 'ang': 0, 'alt': 28, 'chPrams': {'acc': {'v': '1', 'cdt': 1702840104000}, 'di5': {'v': 'JEWISH5', 'cdt': 1713265086000}, 'ePwrV': {'v': '0', 'cdt': 1698259614000}, 'sat': {'v': '12', 'cdt': 1713265080000}}, 'prms': {'di5': 'JEWISH5', 'sat': '12'}, 'devPrms': ['sat', 'di5'], 'old_params': {'sat': '12'}, 'vLoc': 1, 'vCon': 1, 'ip': '197.36.181.166', 'rl': 0, 'trl': 0, 'mdu': 0, 'tmdu': 0, 'eidl': 0, 'teidl': 0, 'fc': 0, 'tfc': 0, 'acc': 0, 'accOn': 0, 'accOff': 7675525, 'sdu': 0, 'tsdu': 0, 'lat': 27.57588400142508, 'lng': 41.617981955800936}, 'counters': {'odometer_type': 'gps', 'odometer': 0, 'engine_hours_type': 'acc', 'engine_hours': 0, 'last_acc': 0}, 'is_wasl_connected': 'Not Connected', 'iconUrl': 'https://api.afaqy.sa/images/units/icons/icon.png', 'hasCCTV': False}
[2024-04-16T11:24:09.220+0000] {warnings.py:109} WARNING - /home/***/.local/lib/python3.8/site-packages/elasticsearch/_sync/client/__init__.py:399: SecurityWarning: Connecting to 'https://dbelk2.afaqy.local:9200' using TLS with verify_certs=False is insecure
  _transport = transport_class(

[2024-04-16T11:24:09.262+0000] {warnings.py:109} WARNING - /home/***/.local/lib/python3.8/site-packages/elasticsearch/_sync/client/__init__.py:399: SecurityWarning: Connecting to 'https://dbelk1.afaqy.local:9200' using TLS with verify_certs=False is insecure
  _transport = transport_class(

[2024-04-16T11:24:09.303+0000] {warnings.py:109} WARNING - /home/***/.local/lib/python3.8/site-packages/elasticsearch/_sync/client/__init__.py:399: SecurityWarning: Connecting to 'https://dbelk3.afaqy.local:9200' using TLS with verify_certs=False is insecure
  _transport = transport_class(

[2024-04-16T11:24:10.665+0000] {warnings.py:109} WARNING - /home/***/.local/lib/python3.8/site-packages/urllib3/connectionpool.py:1061: InsecureRequestWarning: Unverified HTTPS request is being made to host 'dbelk2.afaqy.local'. Adding certificate verification is strongly advised. See: https://urllib3.readthedocs.io/en/1.26.x/advanced-usage.html#ssl-warnings
  warnings.warn(

[2024-04-16T11:24:10.802+0000] {_transport.py:335} INFO - GET https://dbelk2.afaqy.local:9200/_cluster/health [status:200 duration:1.497s]
[2024-04-16T11:24:10.867+0000] {warnings.py:109} WARNING - /home/***/.local/lib/python3.8/site-packages/urllib3/connectionpool.py:1061: InsecureRequestWarning: Unverified HTTPS request is being made to host 'dbelk1.afaqy.local'. Adding certificate verification is strongly advised. See: https://urllib3.readthedocs.io/en/1.26.x/advanced-usage.html#ssl-warnings
  warnings.warn(

[2024-04-16T11:24:10.873+0000] {_transport.py:335} INFO - PUT https://dbelk1.afaqy.local:9200/units_statistics_***/_bulk [status:429 duration:0.032s]
[2024-04-16T11:24:10.874+0000] {_node_pool.py:249} WARNING - Node <Urllib3HttpNode(https://dbelk1.afaqy.local:9200)> has failed for 1 times in a row, putting on 1 second timeout
[2024-04-16T11:24:10.875+0000] {_transport.py:427} WARNING - Retrying request after non-successful status 429 (attempt 0 of 3)
[2024-04-16T11:24:10.876+0000] {warnings.py:109} WARNING - /home/***/.local/lib/python3.8/site-packages/urllib3/connectionpool.py:1061: InsecureRequestWarning: Unverified HTTPS request is being made to host 'dbelk2.afaqy.local'. Adding certificate verification is strongly advised. See: https://urllib3.readthedocs.io/en/1.26.x/advanced-usage.html#ssl-warnings
  warnings.warn(

[2024-04-16T11:24:10.880+0000] {_transport.py:335} INFO - PUT https://dbelk2.afaqy.local:9200/units_statistics_***/_bulk [status:429 duration:0.005s]
[2024-04-16T11:24:10.881+0000] {_node_pool.py:249} WARNING - Node <Urllib3HttpNode(https://dbelk2.afaqy.local:9200)> has failed for 1 times in a row, putting on 1 second timeout
[2024-04-16T11:24:10.882+0000] {_transport.py:427} WARNING - Retrying request after non-successful status 429 (attempt 1 of 3)
[2024-04-16T11:24:10.885+0000] {_transport.py:358} INFO - PUT https://dbelk3.afaqy.local:9200/units_statistics_***/_bulk [status:N/A duration:0.003s]
[2024-04-16T11:24:10.885+0000] {_node_pool.py:249} WARNING - Node <Urllib3HttpNode(https://dbelk3.afaqy.local:9200)> has failed for 1 times in a row, putting on 1 second timeout
[2024-04-16T11:24:10.886+0000] {_transport.py:395} WARNING - Retrying request after failure (attempt 2 of 3)
Traceback (most recent call last):
  File "/home/airflow/.local/lib/python3.8/site-packages/elastic_transport/_transport.py", line 328, in perform_request
    meta, raw_data = node.perform_request(
  File "/home/airflow/.local/lib/python3.8/site-packages/elastic_transport/_node/_http_urllib3.py", line 202, in perform_request
    raise err from None
elastic_transport.ConnectionError: Connection error caused by: NewConnectionError(<urllib3.connection.HTTPSConnection object at 0x7faa17efad00>: Failed to establish a new connection: [Errno 111] Connection refused)
[2024-04-16T11:24:10.887+0000] {_node_pool.py:312} INFO - Resurrected node <Urllib3HttpNode(https://dbelk1.afaqy.local:9200)> (force=True)
[2024-04-16T11:24:10.888+0000] {warnings.py:109} WARNING - /home/***/.local/lib/python3.8/site-packages/urllib3/connectionpool.py:1061: InsecureRequestWarning: Unverified HTTPS request is being made to host 'dbelk1.afaqy.local'. Adding certificate verification is strongly advised. See: https://urllib3.readthedocs.io/en/1.26.x/advanced-usage.html#ssl-warnings
  warnings.warn(

[2024-04-16T11:24:10.891+0000] {_transport.py:335} INFO - PUT https://dbelk1.afaqy.local:9200/units_statistics_***/_bulk [status:429 duration:0.003s]
[2024-04-16T11:24:10.891+0000] {_node_pool.py:249} WARNING - Node <Urllib3HttpNode(https://dbelk1.afaqy.local:9200)> has failed for 2 times in a row, putting on 2 second timeout
[2024-04-16T11:24:10.891+0000] {taskinstance.py:2731} ERROR - Task failed with exception
Traceback (most recent call last):
  File "/home/airflow/.local/lib/python3.8/site-packages/airflow/models/taskinstance.py", line 444, in _execute_task
    result = _execute_callable(context=context, **execute_callable_kwargs)
  File "/home/airflow/.local/lib/python3.8/site-packages/airflow/models/taskinstance.py", line 414, in _execute_callable
    return execute_callable(context=context, **execute_callable_kwargs)
  File "/home/airflow/.local/lib/python3.8/site-packages/airflow/decorators/base.py", line 241, in execute
    return_value = super().execute(context)
  File "/home/airflow/.local/lib/python3.8/site-packages/airflow/operators/python.py", line 200, in execute
    return_value = self.execute_callable()
  File "/home/airflow/.local/lib/python3.8/site-packages/airflow/operators/python.py", line 217, in execute_callable
    return self.python_callable(*self.op_args, **self.op_kwargs)
  File "/opt/airflow/dags/Units_dag.py", line 103, in ETL_job
    Elk_client.elk_pushData(Globals.index_name,units_list_update)
  File "/opt/airflow/dags/elk_manager.py", line 69, in elk_pushData
    helpers.bulk(self.elk_client, docs_list, index=index_name, chunk_size=batch)
  File "/home/airflow/.local/lib/python3.8/site-packages/elasticsearch/helpers/actions.py", line 521, in bulk
    for ok, item in streaming_bulk(
  File "/home/airflow/.local/lib/python3.8/site-packages/elasticsearch/helpers/actions.py", line 436, in streaming_bulk
    for data, (ok, info) in zip(
  File "/home/airflow/.local/lib/python3.8/site-packages/elasticsearch/helpers/actions.py", line 355, in _process_bulk_chunk
    yield from gen
  File "/home/airflow/.local/lib/python3.8/site-packages/elasticsearch/helpers/actions.py", line 291, in _process_bulk_chunk_error
    raise error
  File "/home/airflow/.local/lib/python3.8/site-packages/elasticsearch/helpers/actions.py", line 339, in _process_bulk_chunk
    resp = client.bulk(*args, operations=bulk_actions, **kwargs)  # type: ignore[arg-type]
  File "/home/airflow/.local/lib/python3.8/site-packages/elasticsearch/_sync/client/utils.py", line 446, in wrapped
    return api(*args, **kwargs)
  File "/home/airflow/.local/lib/python3.8/site-packages/elasticsearch/_sync/client/__init__.py", line 711, in bulk
    return self.perform_request(  # type: ignore[return-value]
  File "/home/airflow/.local/lib/python3.8/site-packages/elasticsearch/_sync/client/_base.py", line 320, in perform_request
    raise HTTP_EXCEPTIONS.get(meta.status, ApiError)(
elasticsearch.ApiError: ApiError(429, 'circuit_breaking_exception', '[parent] Data too large, data for [<http_request>] would be [12446180112/11.5gb], which is larger than the limit of [12240656793/11.3gb], real usage: [12445415720/11.5gb], new bytes reserved: [764392/746.4kb], usages [model_inference=0/0b, inflight_requests=764392/746.4kb, request=0/0b, fielddata=3493/3.4kb, eql_sequence=0/0b]')
[2024-04-16T11:24:10.908+0000] {taskinstance.py:1149} INFO - Marking task as UP_FOR_RETRY. dag_id=Units_statistics_DAG, task_id=ETL_job, map_index=0, execution_date=20240416T112351, start_date=20240416T112405, end_date=20240416T112410
[2024-04-16T11:24:10.929+0000] {standard_task_runner.py:107} ERROR - Failed to execute job 4067 for task ETL_job (ApiError(429, 'circuit_breaking_exception', '[parent] Data too large, data for [<http_request>] would be [12446180112/11.5gb], which is larger than the limit of [12240656793/11.3gb], real usage: [12445415720/11.5gb], new bytes reserved: [764392/746.4kb], usages [model_inference=0/0b, inflight_requests=764392/746.4kb, request=0/0b, fielddata=3493/3.4kb, eql_sequence=0/0b]'); 330982)
[2024-04-16T11:24:10.956+0000] {local_task_job_runner.py:234} INFO - Task exited with return code 1
[2024-04-16T11:24:10.983+0000] {taskinstance.py:3312} INFO - 0 downstream tasks scheduled from follow-on schedule check
