[2024-04-20T19:01:58.409+0000] {taskinstance.py:1979} INFO - Dependencies all met for dep_context=non-requeueable deps ti=<TaskInstance: Units_statistics_DAG.ETL_job scheduled__2024-04-20T18:00:00+00:00 map_index=8 [queued]>
[2024-04-20T19:01:58.423+0000] {taskinstance.py:1979} INFO - Dependencies all met for dep_context=requeueable deps ti=<TaskInstance: Units_statistics_DAG.ETL_job scheduled__2024-04-20T18:00:00+00:00 map_index=8 [queued]>
[2024-04-20T19:01:58.423+0000] {taskinstance.py:2193} INFO - Starting attempt 2 of 4
[2024-04-20T19:01:58.442+0000] {taskinstance.py:2217} INFO - Executing <Mapped(_PythonDecoratedOperator): ETL_job> on 2024-04-20 18:00:00+00:00
[2024-04-20T19:01:58.451+0000] {standard_task_runner.py:60} INFO - Started process 431609 to run task
[2024-04-20T19:01:58.463+0000] {standard_task_runner.py:87} INFO - Running: ['***', 'tasks', 'run', 'Units_statistics_DAG', 'ETL_job', 'scheduled__2024-04-20T18:00:00+00:00', '--job-id', '9433', '--raw', '--subdir', 'DAGS_FOLDER/Units_dag.py', '--cfg-path', '/tmp/tmpniyk23dy', '--map-index', '8']
[2024-04-20T19:01:58.465+0000] {standard_task_runner.py:88} INFO - Job 9433: Subtask ETL_job
[2024-04-20T19:01:58.550+0000] {task_command.py:423} INFO - Running <TaskInstance: Units_statistics_DAG.ETL_job scheduled__2024-04-20T18:00:00+00:00 map_index=8 [running]> on host a09da322e808
[2024-04-20T19:01:58.717+0000] {taskinstance.py:2513} INFO - Exporting env vars: AIRFLOW_CTX_DAG_OWNER='abeer-araby' AIRFLOW_CTX_DAG_ID='Units_statistics_DAG' AIRFLOW_CTX_TASK_ID='ETL_job' AIRFLOW_CTX_EXECUTION_DATE='2024-04-20T18:00:00+00:00' AIRFLOW_CTX_TRY_NUMBER='2' AIRFLOW_CTX_DAG_RUN_ID='scheduled__2024-04-20T18:00:00+00:00'
[2024-04-20T19:01:58.718+0000] {Units_dag.py:99} INFO - i: 80000, chunk: 10000
[2024-04-20T19:01:58.718+0000] {Units_dag.py:100} INFO - child token is::: eyJ0eXAiOiJKV1QiLCJhbGciOiJIUzI1NiJ9.eyJpc3MiOiJodHRwczovL2FwaS5hZmFxeS5zYS9hdXRoL2xvZ2luX2FzIiwiaWF0IjoxNzEzNjM5NjEwLCJleHAiOjE3MTYyMzE2MTAsIm5iZiI6MTcxMzYzOTYxMCwianRpIjoiS3pWaFZWRFQyVFpTOGNlZiIsInN1YiI6IjVkNjNlNTFlMDNlZDUyOTJhNDJjMjRlNiIsInBydiI6IjI3MGVjZmM3ZWEzZWQ5MzdlYTg0OTM2MmEzYTUwOTEwYzZkOGNlNGYiLCJsb2dpbl9hc19pZCI6IjY1N2YwYWQ3M2Y5NzcyOTVjZjA1NTc2YSJ9.ut6Wd1gaKC6Dy5nWM35NLmOd59oDE-RjLdfmAzdtWZY
[2024-04-20T19:02:17.981+0000] {Units_dag.py:104} INFO - {'_id': '63d7da674cb4377dc150c821', 'icon': 'icons/icon.png', 'driver_id': '', 'tailer_id': '', 'profile': {'measurement_type': 'count', 'fuel_type': '91', 'year': 0, 'seats': 2}, 'device_password': '***', 'device_type': 'gps', 'gateway': False, 'name': '9713 - J B R', 'operation_code': None, 'device_gateway': None, 'business_types': {'waste': False, 'transportation': True, 'water': False}, 'imei': '866854051722927', 'sim_number': '+966830020289945', 'sim_serial': '996609821110851567', 'device_serial': '866854051722927', 'device': 'bce', 'user_id': '63c3ef672cabbb6db33623df', 'created_by': '5e6655bf03ed52e1ab79d301', 'updated_at': '2024-04-18 11:18:59', 'created_at': '2023-01-30 17:55:35', 'custom_fields': [], 'creator': 'amr.ahmed', 'company': '', 'owner': 'al-nakhla-admin', 'last_update': {'dtt': 1713639112000, 'dts': 1713639122315, 'spd': 0, 'ang': 258, 'alt': 15, 'chPrams': {'ePwrV': {'v': 12.612, 'cdt': 1713639112000}, 'di16': {'v': 0, 'cdt': 1711167950000}, 'di15': {'v': 0, 'cdt': 1675103462000}, 'rssi1': {'v': 99, 'cdt': 1713639112000}, 'di14': {'v': 0, 'cdt': 1713634268000}, 'di13': {'v': 0, 'cdt': 1711426072000}, 'di12': {'v': 0, 'cdt': 1711426072000}, 'di11': {'v': 0, 'cdt': 1711426072000}, 'di10': {'v': 0, 'cdt': 1711426072000}, 'di2': {'v': 1, 'cdt': 1712571038000}, 'di1': {'v': 0, 'cdt': 1713634268000}, 'di4': {'v': 0, 'cdt': 1711426072000}, 'di3': {'v': 0, 'cdt': 1711426072000}, 'di6': {'v': 1, 'cdt': 1711426072000}, 'di5': {'v': 0, 'cdt': 1713634868000}, 'lac1': {'v': 7353, 'cdt': 1713575510000}, 'protocol': {'v': 'bce', 'cdt': 1711426072000}, 'di8': {'v': 1, 'cdt': 1711426072000}, 'di7': {'v': 0, 'cdt': 1713629980000}, 'di9': {'v': 1, 'cdt': 1713625222000}, 'iPwrV': {'v': 3.967, 'cdt': 1713637958000}, 'cid1': {'v': 60842, 'cdt': 1713634868000}, 'odometer': {'v': 0, 'cdt': 1713634508000}, 'spd': {'v': 0, 'cdt': 1713634508000}, 'sat': {'v': 9, 'cdt': 1713637958000}, 'hdop': {'v': 1, 'cdt': 1713637066000}, 'ta': {'v': 0, 'cdt': 1711426072000}, 'mcc1': {'v': 420, 'cdt': 1711713414000}, 'mnc1': {'v': 3, 'cdt': 1711713414000}}, 'prms': {'protocol': 'bce', 'spd': 0, 'sat': 9, 'hdop': 1, 'odometer': 0, 'di16': 0, 'di15': 0, 'di14': 0, 'di13': 0, 'di12': 0, 'di11': 0, 'di10': 0, 'di9': 1, 'di8': 1, 'di7': 0, 'di6': 1, 'di5': 0, 'di4': 0, 'di3': 0, 'di2': 1, 'di1': 0, 'ePwrV': 12.612, 'iPwrV': 3.967, 'ta': 0, 'mcc1': 420, 'mnc1': 3, 'lac1': 7353, 'cid1': 60842, 'rssi1': 99}, 'devPrms': ['protocol', 'spd', 'sat', 'hdop', 'odometer', 'di16', 'di15', 'di14', 'di13', 'di12', 'di11', 'di10', 'di9', 'di8', 'di7', 'di6', 'di5', 'di4', 'di3', 'di2', 'di1', 'ePwrV', 'iPwrV', 'ta', 'mcc1', 'mnc1', 'lac1', 'cid1', 'rssi1'], 'old_params': {'protocol': 'bce', 'spd': 0, 'sat': 9, 'hdop': 1, 'odometer': 0, 'di16': 0, 'di15': 0, 'di14': 0, 'di13': 0, 'di12': 0, 'di11': 0, 'di10': 0, 'di9': 1, 'di8': 1, 'di7': 0, 'di6': 1, 'di5': 0, 'di4': 0, 'di3': 0, 'di2': 1, 'di1': 0, 'ePwrV': 12.683, 'iPwrV': 3.967, 'ta': 0, 'rssi1': 0}, 'vLoc': 1, 'vCon': 1, 'ip': '109.83.13.251', 'rl': 0, 'trl': 60860.4764, 'mdu': 0, 'tmdu': 9150164, 'eidl': 0, 'teidl': 8729650, 'fc': 0, 'tfc': 1.518324, 'acc': 0, 'accOn': 342173878, 'accOff': 13682898, 'sdu': 1154, 'tsdu': 4244, 'lat': 16.64512062072754, 'lng': 42.144744873046875}, 'counters': {'odometer_type': 'gps', 'odometer': 105882.4211, 'engine_hours_type': 'acc', 'engine_hours': 342173878, 'last_acc': 0}, 'is_wasl_connected': 'Not Connected', 'iconUrl': 'https://api.afaqy.sa/images/units/icons/icon.png', 'hasCCTV': False}
[2024-04-20T19:02:18.479+0000] {warnings.py:109} WARNING - /home/***/.local/lib/python3.8/site-packages/elasticsearch/_sync/client/__init__.py:399: SecurityWarning: Connecting to 'https://dbelk3.afaqy.local:9200' using TLS with verify_certs=False is insecure
  _transport = transport_class(

[2024-04-20T19:02:18.523+0000] {warnings.py:109} WARNING - /home/***/.local/lib/python3.8/site-packages/elasticsearch/_sync/client/__init__.py:399: SecurityWarning: Connecting to 'https://dbelk2.afaqy.local:9200' using TLS with verify_certs=False is insecure
  _transport = transport_class(

[2024-04-20T19:02:18.564+0000] {warnings.py:109} WARNING - /home/***/.local/lib/python3.8/site-packages/elasticsearch/_sync/client/__init__.py:399: SecurityWarning: Connecting to 'https://dbelk1.afaqy.local:9200' using TLS with verify_certs=False is insecure
  _transport = transport_class(

[2024-04-20T19:02:18.584+0000] {warnings.py:109} WARNING - /home/***/.local/lib/python3.8/site-packages/urllib3/connectionpool.py:1061: InsecureRequestWarning: Unverified HTTPS request is being made to host 'dbelk3.afaqy.local'. Adding certificate verification is strongly advised. See: https://urllib3.readthedocs.io/en/1.26.x/advanced-usage.html#ssl-warnings
  warnings.warn(

[2024-04-20T19:02:18.640+0000] {_transport.py:335} INFO - GET https://dbelk3.afaqy.local:9200/_cluster/health [status:200 duration:0.073s]
[2024-04-20T19:02:19.008+0000] {warnings.py:109} WARNING - /home/***/.local/lib/python3.8/site-packages/urllib3/connectionpool.py:1061: InsecureRequestWarning: Unverified HTTPS request is being made to host 'dbelk2.afaqy.local'. Adding certificate verification is strongly advised. See: https://urllib3.readthedocs.io/en/1.26.x/advanced-usage.html#ssl-warnings
  warnings.warn(

[2024-04-20T19:02:20.477+0000] {_transport.py:335} INFO - PUT https://dbelk2.afaqy.local:9200/units_statistics_***/_bulk [status:200 duration:1.488s]
[2024-04-20T19:02:20.956+0000] {python.py:202} INFO - Done. Returned value was: None
[2024-04-20T19:02:20.977+0000] {taskinstance.py:1149} INFO - Marking task as SUCCESS. dag_id=Units_statistics_DAG, task_id=ETL_job, map_index=8, execution_date=20240420T180000, start_date=20240420T190158, end_date=20240420T190220
[2024-04-20T19:02:21.041+0000] {local_task_job_runner.py:234} INFO - Task exited with return code 0
[2024-04-20T19:02:21.078+0000] {taskinstance.py:3312} INFO - 0 downstream tasks scheduled from follow-on schedule check
