[2024-05-07T11:01:44.849+0000] {taskinstance.py:1979} INFO - Dependencies all met for dep_context=non-requeueable deps ti=<TaskInstance: Units_statistics_DAG.ETL_job scheduled__2024-05-07T10:40:00+00:00 map_index=15 [queued]>
[2024-05-07T11:01:44.906+0000] {taskinstance.py:1979} INFO - Dependencies all met for dep_context=requeueable deps ti=<TaskInstance: Units_statistics_DAG.ETL_job scheduled__2024-05-07T10:40:00+00:00 map_index=15 [queued]>
[2024-05-07T11:01:44.907+0000] {taskinstance.py:2193} INFO - Starting attempt 2 of 4
[2024-05-07T11:01:44.938+0000] {taskinstance.py:2217} INFO - Executing <Mapped(_PythonDecoratedOperator): ETL_job> on 2024-05-07 10:40:00+00:00
[2024-05-07T11:01:44.950+0000] {standard_task_runner.py:60} INFO - Started process 832181 to run task
[2024-05-07T11:01:44.962+0000] {standard_task_runner.py:87} INFO - Running: ['***', 'tasks', 'run', 'Units_statistics_DAG', 'ETL_job', 'scheduled__2024-05-07T10:40:00+00:00', '--job-id', '38176', '--raw', '--subdir', 'DAGS_FOLDER/Units_dag.py', '--cfg-path', '/tmp/tmpajo6045x', '--map-index', '15']
[2024-05-07T11:01:44.969+0000] {standard_task_runner.py:88} INFO - Job 38176: Subtask ETL_job
[2024-05-07T11:01:45.123+0000] {task_command.py:423} INFO - Running <TaskInstance: Units_statistics_DAG.ETL_job scheduled__2024-05-07T10:40:00+00:00 map_index=15 [running]> on host a09da322e808
[2024-05-07T11:01:45.391+0000] {taskinstance.py:2513} INFO - Exporting env vars: AIRFLOW_CTX_DAG_OWNER='abeer-araby' AIRFLOW_CTX_DAG_ID='Units_statistics_DAG' AIRFLOW_CTX_TASK_ID='ETL_job' AIRFLOW_CTX_EXECUTION_DATE='2024-05-07T10:40:00+00:00' AIRFLOW_CTX_TRY_NUMBER='2' AIRFLOW_CTX_DAG_RUN_ID='scheduled__2024-05-07T10:40:00+00:00'
[2024-05-07T11:01:45.393+0000] {Units_dag.py:98} INFO - i: 150000, chunk: 10000
[2024-05-07T11:01:45.393+0000] {Units_dag.py:99} INFO - child token is::: eyJ0eXAiOiJKV1QiLCJhbGciOiJIUzI1NiJ9.eyJpc3MiOiJodHRwczovL2FwaS5hZmFxeS5zYS9hdXRoL2xvZ2luX2FzIiwiaWF0IjoxNzE1MDc5NjA0LCJleHAiOjE3MTc2NzE2MDQsIm5iZiI6MTcxNTA3OTYwNCwianRpIjoiS3pvcTlMZjBMV3JKcVlkbiIsInN1YiI6IjVkNjNlNTFlMDNlZDUyOTJhNDJjMjRlNiIsInBydiI6IjI3MGVjZmM3ZWEzZWQ5MzdlYTg0OTM2MmEzYTUwOTEwYzZkOGNlNGYiLCJsb2dpbl9hc19pZCI6IjY1N2YwYWQ3M2Y5NzcyOTVjZjA1NTc2YSJ9.sw2PpV4HcA8b-q3ezY2CYVUvRxRa-h930NbGqnJ9r90
[2024-05-07T11:02:06.771+0000] {Units_dag.py:103} INFO - {'_id': '659b92e0cc6f8b098511480d', 'icon': 'icons/icon.png', 'driver_id': '', 'tailer_id': '', 'profile': {'vehicle_type': '', 'measurement_type': 'count', 'max_capacity': 0, 'vin': '', 'plate_number': '', 'start_operation': '', 'contract_milage': '', 'opening_milage': '', 'model': '', 'fuel_type': '91', 'year': 0, 'seats': 2}, 'shipment_info': {'product_category': None, 'truck_type': None, 'shipment_type': None, 'shipment_payment_type': None, 'transporter_type': None, 'operating_area': None, 'weight_kilograms_per_day': None, 'kms_per_day': None, 'shipment_trip_drive_hrs_day': None, 'allowable_delay_drive_hrs_day': None, 'expected_shipment_trip_day': None, 'car_pay_per_day': None, 'exceeding_temperature_limit_per_day': None, 'temperature_upper_limit': None, 'exceeding_humidity_limit_per_day': None, 'humidity_upper_limit': None}, 'device_password': '***', 'device_type': 'gps', 'gateway': False, 'business_types': {'waste': False, 'transportation': True, 'water': False, 'hajj': False}, 'name': '8854 D S B', 'operation_code': '', 'device_gateway': '', 'skip_sim_information': False, 'imei': '352016704068451', 'sim_number': '+966830023484335', 'sim_serial': '8996609821112132759', 'device_serial': '1134121952', 'device': 'teltonika', 'user_id': '62aeeb6846223a0735299feb', 'created_by': '5e6655bf03ed52e1ab79d301', 'updated_at': '2024-04-18 11:18:59', 'created_at': '2024-01-08 09:14:56', 'custom_fields': [], 'creator': 'amr.ahmed', 'company': '', 'owner': 'otaishan-admin', 'last_update': {'dtt': 1715079625000, 'dts': 1715079629682, 'spd': 0, 'ang': 65, 'alt': 26, 'chPrams': {'Speed': {'v': 0, 'cdt': 1715078543000}, 'output1': {'v': False, 'cdt': 1713224660000}, 'output2': {'v': False, 'cdt': 1713224660000}, 'ePwrV': {'v': 13.31, 'cdt': 1715079625000}, 'parm24': {'v': 0, 'cdt': 1715078543000}, 'sat': {'v': 15, 'cdt': 1715079625000}, 'ai1': {'v': 87, 'cdt': 1712767251000}, 'type': {'v': 6, 'cdt': 1712670179000}, 'priority': {'v': 0, 'cdt': 1713172067000}, 'di2': {'v': 0, 'cdt': 1713172067000}, 'di1': {'v': 0, 'cdt': 1715078994000}, 'result': {'v': '5665723a30332e32372e31345f3030204750533a41584e5f352e312e392048773a464d42313230204d6f643a333320494d45493a33353230313637303430363834353120496e69743a323032342d312d31382032323a3620557074696d653a39333636393235204d41433a333838413231334632324243205350433a312830292041584c3a32204f42443a3020424c3a312e31302042543a34', 'cdt': 1714999218000}, 'protocol': {'v': 'FMB120', 'cdt': 1714999232000}, 'parm6': {'v': 87, 'cdt': 1713172067000}, 'iPwrV': {'v': 4.0520000000000005, 'cdt': 1715078543000}, 'event': {'v': 0, 'cdt': 1713172067000}}, 'prms': {'protocol': 'FMB120', 'priority': 0, 'sat': 15, 'event': 0, 'di1': 0, 'output1': 0, 'di2': 0, 'output2': 0, 'ePwrV': 13.31, 'Speed': 0, 'parm24': 0, 'iPwrV': 4.0520000000000005, 'ai1': 87, 'parm6': 87}, 'devPrms': ['protocol', 'priority', 'sat', 'event', 'di1', 'output1', 'di2', 'output2', 'ePwrV', 'Speed', 'parm24', 'iPwrV', 'ai1', 'parm6'], 'old_params': {'Speed': 0, 'output1': 0, 'output2': 0, 'ePwrV': 13.354000000000001, 'parm24': 0, 'sat': 16, 'ai1': 87, 'priority': 0, 'di2': 0, 'di1': 0, 'protocol': 'teltonika', 'parm6': 87, 'iPwrV': 4.0520000000000005, 'event': 0}, 'vLoc': 1, 'vCon': 1, 'ip': '37.216.67.153', 'rl': 0, 'trl': 14425.8657, 'mdu': 0, 'tmdu': 1162879, 'eidl': 0, 'teidl': 679184, 'fc': 0, 'tfc': 129.643188, 'acc': 0, 'accOn': 3823452, 'accOff': 8449749, 'sdu': 300, 'tsdu': 631, 'lat': 26.4186083, 'lng': 50.0762383}, 'counters': {'engine_hours': 3823452, 'last_acc': 0, 'odometer': 14425.3269, 'engine_hours_type': 'acc', 'odometer_type': 'gps'}, 'is_wasl_connected': 'Not Connected', 'iconUrl': 'https://api.afaqy.sa/images/units/icons/icon.png', 'hasCCTV': False}
[2024-05-07T11:02:07.268+0000] {warnings.py:109} WARNING - /home/***/.local/lib/python3.8/site-packages/elasticsearch/_sync/client/__init__.py:399: SecurityWarning: Connecting to 'https://dbelk2.afaqy.local:9200' using TLS with verify_certs=False is insecure
  _transport = transport_class(

[2024-05-07T11:02:07.312+0000] {warnings.py:109} WARNING - /home/***/.local/lib/python3.8/site-packages/elasticsearch/_sync/client/__init__.py:399: SecurityWarning: Connecting to 'https://dbelk3.afaqy.local:9200' using TLS with verify_certs=False is insecure
  _transport = transport_class(

[2024-05-07T11:02:07.361+0000] {warnings.py:109} WARNING - /home/***/.local/lib/python3.8/site-packages/elasticsearch/_sync/client/__init__.py:399: SecurityWarning: Connecting to 'https://dbelk1.afaqy.local:9200' using TLS with verify_certs=False is insecure
  _transport = transport_class(

[2024-05-07T11:02:08.346+0000] {warnings.py:109} WARNING - /home/***/.local/lib/python3.8/site-packages/urllib3/connectionpool.py:1061: InsecureRequestWarning: Unverified HTTPS request is being made to host 'dbelk2.afaqy.local'. Adding certificate verification is strongly advised. See: https://urllib3.readthedocs.io/en/1.26.x/advanced-usage.html#ssl-warnings
  warnings.warn(

[2024-05-07T11:02:08.440+0000] {_transport.py:335} INFO - GET https://dbelk2.afaqy.local:9200/_cluster/health [status:200 duration:1.076s]
[2024-05-07T11:02:08.804+0000] {warnings.py:109} WARNING - /home/***/.local/lib/python3.8/site-packages/urllib3/connectionpool.py:1061: InsecureRequestWarning: Unverified HTTPS request is being made to host 'dbelk3.afaqy.local'. Adding certificate verification is strongly advised. See: https://urllib3.readthedocs.io/en/1.26.x/advanced-usage.html#ssl-warnings
  warnings.warn(

[2024-05-07T11:02:08.817+0000] {_transport.py:335} INFO - PUT https://dbelk3.afaqy.local:9200/units_statistics_***/_bulk [status:429 duration:0.032s]
[2024-05-07T11:02:08.817+0000] {_node_pool.py:249} WARNING - Node <Urllib3HttpNode(https://dbelk3.afaqy.local:9200)> has failed for 1 times in a row, putting on 1 second timeout
[2024-05-07T11:02:08.817+0000] {_transport.py:427} WARNING - Retrying request after non-successful status 429 (attempt 0 of 3)
[2024-05-07T11:02:08.818+0000] {warnings.py:109} WARNING - /home/***/.local/lib/python3.8/site-packages/urllib3/connectionpool.py:1061: InsecureRequestWarning: Unverified HTTPS request is being made to host 'dbelk2.afaqy.local'. Adding certificate verification is strongly advised. See: https://urllib3.readthedocs.io/en/1.26.x/advanced-usage.html#ssl-warnings
  warnings.warn(

[2024-05-07T11:02:09.611+0000] {_transport.py:335} INFO - PUT https://dbelk2.afaqy.local:9200/units_statistics_***/_bulk [status:200 duration:0.794s]
[2024-05-07T11:02:09.947+0000] {python.py:202} INFO - Done. Returned value was: None
[2024-05-07T11:02:09.963+0000] {taskinstance.py:1149} INFO - Marking task as SUCCESS. dag_id=Units_statistics_DAG, task_id=ETL_job, map_index=15, execution_date=20240507T104000, start_date=20240507T110144, end_date=20240507T110209
[2024-05-07T11:02:10.036+0000] {local_task_job_runner.py:234} INFO - Task exited with return code 0
[2024-05-07T11:02:10.063+0000] {taskinstance.py:3312} INFO - 0 downstream tasks scheduled from follow-on schedule check
