[2024-05-07T09:22:44.761+0000] {taskinstance.py:1979} INFO - Dependencies all met for dep_context=non-requeueable deps ti=<TaskInstance: Units_statistics_DAG.ETL_job scheduled__2024-05-07T09:00:00+00:00 map_index=14 [queued]>
[2024-05-07T09:22:44.782+0000] {taskinstance.py:1979} INFO - Dependencies all met for dep_context=requeueable deps ti=<TaskInstance: Units_statistics_DAG.ETL_job scheduled__2024-05-07T09:00:00+00:00 map_index=14 [queued]>
[2024-05-07T09:22:44.783+0000] {taskinstance.py:2193} INFO - Starting attempt 2 of 4
[2024-05-07T09:22:44.799+0000] {taskinstance.py:2217} INFO - Executing <Mapped(_PythonDecoratedOperator): ETL_job> on 2024-05-07 09:00:00+00:00
[2024-05-07T09:22:44.806+0000] {standard_task_runner.py:60} INFO - Started process 830367 to run task
[2024-05-07T09:22:44.819+0000] {standard_task_runner.py:87} INFO - Running: ['***', 'tasks', 'run', 'Units_statistics_DAG', 'ETL_job', 'scheduled__2024-05-07T09:00:00+00:00', '--job-id', '37974', '--raw', '--subdir', 'DAGS_FOLDER/Units_dag.py', '--cfg-path', '/tmp/tmp8hch6tpm', '--map-index', '14']
[2024-05-07T09:22:44.821+0000] {standard_task_runner.py:88} INFO - Job 37974: Subtask ETL_job
[2024-05-07T09:22:44.932+0000] {task_command.py:423} INFO - Running <TaskInstance: Units_statistics_DAG.ETL_job scheduled__2024-05-07T09:00:00+00:00 map_index=14 [running]> on host a09da322e808
[2024-05-07T09:22:45.148+0000] {taskinstance.py:2513} INFO - Exporting env vars: AIRFLOW_CTX_DAG_OWNER='abeer-araby' AIRFLOW_CTX_DAG_ID='Units_statistics_DAG' AIRFLOW_CTX_TASK_ID='ETL_job' AIRFLOW_CTX_EXECUTION_DATE='2024-05-07T09:00:00+00:00' AIRFLOW_CTX_TRY_NUMBER='2' AIRFLOW_CTX_DAG_RUN_ID='scheduled__2024-05-07T09:00:00+00:00'
[2024-05-07T09:22:45.150+0000] {Units_dag.py:98} INFO - i: 140000, chunk: 10000
[2024-05-07T09:22:45.150+0000] {Units_dag.py:99} INFO - child token is::: eyJ0eXAiOiJKV1QiLCJhbGciOiJIUzI1NiJ9.eyJpc3MiOiJodHRwczovL2FwaS5hZmFxeS5zYS9hdXRoL2xvZ2luX2FzIiwiaWF0IjoxNzE1MDczNjA0LCJleHAiOjE3MTc2NjU2MDQsIm5iZiI6MTcxNTA3MzYwNCwianRpIjoiemx2WGZTNktKWEdMcEg4QiIsInN1YiI6IjVkNjNlNTFlMDNlZDUyOTJhNDJjMjRlNiIsInBydiI6IjI3MGVjZmM3ZWEzZWQ5MzdlYTg0OTM2MmEzYTUwOTEwYzZkOGNlNGYiLCJsb2dpbl9hc19pZCI6IjY1N2YwYWQ3M2Y5NzcyOTVjZjA1NTc2YSJ9.n_BPA9-X92q7TWAPN0RIK7TUi6ihlR82rb8rSBM5qwE
[2024-05-07T09:23:01.869+0000] {Units_dag.py:103} INFO - {'_id': '654cedd0cbacb574ac079629', 'icon': 'icons/icon.png', 'driver_id': '', 'tailer_id': '', 'profile': {'measurement_type': 'count', 'fuel_type': '91', 'year': 0, 'seats': 2}, 'shipment_info': {'product_category': '', 'truck_type': '', 'shipment_type': '', 'shipment_payment_type': '', 'transporter_type': '', 'operating_area': '', 'weight_kilograms_per_day': '', 'kms_per_day': '', 'opening_milage': '', 'shipment_trip_drive_hrs_day': '', 'expected_shipment_trip_day': '', 'car_pay_per_day': '', 'exceeding_temperature_limit_per_day': '', 'temperature_upper_limit': '', 'exceeding_humidity_limit_per_day': '', 'humidity_upper_limit': '', 'allowable_delay_drive_hrs_day': ''}, 'device_password': '***', 'device_type': 'gps', 'gateway': False, 'business_types': {'waste': False, 'transportation': True, 'water': False}, 'name': '516/29', 'operation_code': None, 'device_gateway': None, 'skip_sim_information': False, 'imei': '867994060748890', 'sim_number': '+966830032465742', 'sim_serial': '8996609821111923673', 'device_serial': '867994060748890', 'device': 'bce', 'user_id': '64f73773e778317e9c5e3b5a', 'created_by': '5e6655bf03ed52e1ab79d301', 'updated_at': '2024-04-18 11:18:59', 'created_at': '2023-11-09 17:33:52', 'custom_fields': [], 'creator': 'amr.ahmed', 'company': '', 'owner': 'elaf-aseer-admin', 'last_update': {'dtt': 1715073630000, 'dts': 1715073661585, 'spd': 0, 'ang': 292, 'alt': 1136, 'chPrams': {'ePwrV': {'v': 25.399, 'cdt': 1715073630000}, 'di16': {'v': 1, 'cdt': 1712740902000}, 'di15': {'v': 0, 'cdt': 1699535610000}, 'rssi1': {'v': 79, 'cdt': 1715073630000}, 'di14': {'v': 0, 'cdt': 1715065166000}, 'di13': {'v': 0, 'cdt': 1712740902000}, 'di12': {'v': 0, 'cdt': 1712740902000}, 'di11': {'v': 0, 'cdt': 1712740902000}, 'di10': {'v': 0, 'cdt': 1712740902000}, 'di2': {'v': 1, 'cdt': 1712728902000}, 'di1': {'v': 0, 'cdt': 1715065200000}, 'ai4': {'v': 14575, 'cdt': 1715073630000}, 'di4': {'v': 0, 'cdt': 1712740902000}, 'di3': {'v': 0, 'cdt': 1712740902000}, 'di6': {'v': 0, 'cdt': 1712740902000}, 'di5': {'v': 0, 'cdt': 1715065200000}, 'lac1': {'v': 7741, 'cdt': 1715063732000}, 'di8': {'v': 1, 'cdt': 1712728902000}, 'protocol': {'v': 'bce', 'cdt': 1712740902000}, 'di7': {'v': 0, 'cdt': 1715065230000}, 'di9': {'v': 0, 'cdt': 1712740902000}, 'iPwrV': {'v': 4.163, 'cdt': 1715073630000}, 'cid1': {'v': 32121, 'cdt': 1715064314000}, 'odometer': {'v': 0, 'cdt': 1714206464000}, 'spd': {'v': 0, 'cdt': 1715065170000}, 'sat': {'v': 12, 'cdt': 1714805612000}, 'ta': {'v': 0, 'cdt': 1712740902000}, 'hdop': {'v': 1, 'cdt': 1712741202000}, 'mcc1': {'v': 420, 'cdt': 1713100326000}, 'mnc1': {'v': 3, 'cdt': 1713766750000}}, 'prms': {'protocol': 'bce', 'spd': 0, 'sat': 12, 'hdop': 1, 'odometer': 0, 'di16': 1, 'di15': 0, 'di14': 0, 'di13': 0, 'di12': 0, 'di11': 0, 'di10': 0, 'di9': 0, 'di8': 1, 'di7': 0, 'di6': 0, 'di5': 0, 'di4': 0, 'di3': 0, 'di2': 1, 'di1': 0, 'ePwrV': 25.399, 'ai4': 14575, 'iPwrV': 4.163, 'ta': 0, 'mcc1': 420, 'mnc1': 3, 'lac1': 7741, 'cid1': 32121, 'rssi1': 79}, 'devPrms': ['protocol', 'spd', 'sat', 'hdop', 'odometer', 'di16', 'di15', 'di14', 'di13', 'di12', 'di11', 'di10', 'di9', 'di8', 'di7', 'di6', 'di5', 'di4', 'di3', 'di2', 'di1', 'ePwrV', 'ai4', 'iPwrV', 'ta', 'mcc1', 'mnc1', 'lac1', 'cid1', 'rssi1'], 'old_params': {'protocol': 'bce', 'spd': 0, 'sat': 12, 'hdop': 1, 'odometer': 0, 'di16': 1, 'di15': 0, 'di14': 0, 'di13': 0, 'di12': 0, 'di11': 0, 'di10': 0, 'di9': 0, 'di8': 1, 'di7': 0, 'di6': 0, 'di5': 0, 'di4': 0, 'di3': 0, 'di2': 1, 'di1': 0, 'ePwrV': 24.903, 'ai4': 14161, 'iPwrV': 4.159, 'ta': 0, 'mcc1': 420, 'mnc1': 3, 'lac1': 7741, 'cid1': 32121, 'rssi1': 80}, 'vLoc': 1, 'vCon': 1, 'ip': '109.83.113.109', 'rl': 0, 'trl': 18943.3384, 'mdu': 0, 'tmdu': 1860558, 'eidl': 0, 'teidl': 1348602, 'fc': 0, 'tfc': 0.185904, 'acc': 0, 'accOn': 6270760, 'accOff': 9336576, 'sdu': 300, 'tsdu': 8430, 'lat': 20.108348846435547, 'lng': 42.67252731323242}, 'counters': {'engine_hours': 6270760, 'last_acc': 0, 'odometer': 18942.6867, 'engine_hours_type': 'acc', 'odometer_type': 'gps'}, 'is_wasl_connected': 'Not Connected', 'iconUrl': 'https://api.afaqy.sa/images/units/icons/icon.png', 'hasCCTV': False}
[2024-05-07T09:23:02.407+0000] {warnings.py:109} WARNING - /home/***/.local/lib/python3.8/site-packages/elasticsearch/_sync/client/__init__.py:399: SecurityWarning: Connecting to 'https://dbelk2.afaqy.local:9200' using TLS with verify_certs=False is insecure
  _transport = transport_class(

[2024-05-07T09:23:02.468+0000] {warnings.py:109} WARNING - /home/***/.local/lib/python3.8/site-packages/elasticsearch/_sync/client/__init__.py:399: SecurityWarning: Connecting to 'https://dbelk1.afaqy.local:9200' using TLS with verify_certs=False is insecure
  _transport = transport_class(

[2024-05-07T09:23:02.514+0000] {warnings.py:109} WARNING - /home/***/.local/lib/python3.8/site-packages/elasticsearch/_sync/client/__init__.py:399: SecurityWarning: Connecting to 'https://dbelk3.afaqy.local:9200' using TLS with verify_certs=False is insecure
  _transport = transport_class(

[2024-05-07T09:23:02.536+0000] {warnings.py:109} WARNING - /home/***/.local/lib/python3.8/site-packages/urllib3/connectionpool.py:1061: InsecureRequestWarning: Unverified HTTPS request is being made to host 'dbelk2.afaqy.local'. Adding certificate verification is strongly advised. See: https://urllib3.readthedocs.io/en/1.26.x/advanced-usage.html#ssl-warnings
  warnings.warn(

[2024-05-07T09:23:02.667+0000] {_transport.py:335} INFO - GET https://dbelk2.afaqy.local:9200/_cluster/health [status:200 duration:0.151s]
[2024-05-07T09:23:03.091+0000] {warnings.py:109} WARNING - /home/***/.local/lib/python3.8/site-packages/urllib3/connectionpool.py:1061: InsecureRequestWarning: Unverified HTTPS request is being made to host 'dbelk1.afaqy.local'. Adding certificate verification is strongly advised. See: https://urllib3.readthedocs.io/en/1.26.x/advanced-usage.html#ssl-warnings
  warnings.warn(

[2024-05-07T09:23:03.248+0000] {_transport.py:335} INFO - PUT https://dbelk1.afaqy.local:9200/units_statistics_***/_bulk [status:200 duration:0.183s]
[2024-05-07T09:23:03.510+0000] {taskinstance.py:2731} ERROR - Task failed with exception
Traceback (most recent call last):
  File "/home/airflow/.local/lib/python3.8/site-packages/airflow/models/taskinstance.py", line 444, in _execute_task
    result = _execute_callable(context=context, **execute_callable_kwargs)
  File "/home/airflow/.local/lib/python3.8/site-packages/airflow/models/taskinstance.py", line 414, in _execute_callable
    return execute_callable(context=context, **execute_callable_kwargs)
  File "/home/airflow/.local/lib/python3.8/site-packages/airflow/decorators/base.py", line 241, in execute
    return_value = super().execute(context)
  File "/home/airflow/.local/lib/python3.8/site-packages/airflow/operators/python.py", line 200, in execute
    return_value = self.execute_callable()
  File "/home/airflow/.local/lib/python3.8/site-packages/airflow/operators/python.py", line 217, in execute_callable
    return self.python_callable(*self.op_args, **self.op_kwargs)
  File "/opt/airflow/dags/Units_dag.py", line 111, in ETL_job
    Elk_client.elk_pushData(Globals.index_name,units_list_update)
  File "/opt/airflow/dags/units_statistics/elk_manager.py", line 69, in elk_pushData
    helpers.bulk(self.elk_client, docs_list, index=index_name, chunk_size=batch)
  File "/home/airflow/.local/lib/python3.8/site-packages/elasticsearch/helpers/actions.py", line 521, in bulk
    for ok, item in streaming_bulk(
  File "/home/airflow/.local/lib/python3.8/site-packages/elasticsearch/helpers/actions.py", line 436, in streaming_bulk
    for data, (ok, info) in zip(
  File "/home/airflow/.local/lib/python3.8/site-packages/elasticsearch/helpers/actions.py", line 355, in _process_bulk_chunk
    yield from gen
  File "/home/airflow/.local/lib/python3.8/site-packages/elasticsearch/helpers/actions.py", line 274, in _process_bulk_chunk_success
    raise BulkIndexError(f"{len(errors)} document(s) failed to index.", errors)
elasticsearch.helpers.BulkIndexError: 10000 document(s) failed to index.
[2024-05-07T09:23:03.528+0000] {taskinstance.py:1149} INFO - Marking task as UP_FOR_RETRY. dag_id=Units_statistics_DAG, task_id=ETL_job, map_index=14, execution_date=20240507T090000, start_date=20240507T092244, end_date=20240507T092303
[2024-05-07T09:23:03.545+0000] {standard_task_runner.py:107} ERROR - Failed to execute job 37974 for task ETL_job (10000 document(s) failed to index.; 830367)
[2024-05-07T09:23:03.619+0000] {local_task_job_runner.py:234} INFO - Task exited with return code 1
[2024-05-07T09:23:03.660+0000] {taskinstance.py:3312} INFO - 0 downstream tasks scheduled from follow-on schedule check
