[2024-04-28T10:00:13.856+0000] {taskinstance.py:1979} INFO - Dependencies all met for dep_context=non-requeueable deps ti=<TaskInstance: Units_statistics_DAG.ETL_job scheduled__2024-04-28T09:40:00+00:00 map_index=3 [queued]>
[2024-04-28T10:00:13.915+0000] {taskinstance.py:1979} INFO - Dependencies all met for dep_context=requeueable deps ti=<TaskInstance: Units_statistics_DAG.ETL_job scheduled__2024-04-28T09:40:00+00:00 map_index=3 [queued]>
[2024-04-28T10:00:13.916+0000] {taskinstance.py:2193} INFO - Starting attempt 1 of 4
[2024-04-28T10:00:14.067+0000] {taskinstance.py:2217} INFO - Executing <Mapped(_PythonDecoratedOperator): ETL_job> on 2024-04-28 09:40:00+00:00
[2024-04-28T10:00:14.115+0000] {standard_task_runner.py:60} INFO - Started process 611891 to run task
[2024-04-28T10:00:14.169+0000] {standard_task_runner.py:87} INFO - Running: ['***', 'tasks', 'run', 'Units_statistics_DAG', 'ETL_job', 'scheduled__2024-04-28T09:40:00+00:00', '--job-id', '21077', '--raw', '--subdir', 'DAGS_FOLDER/Units_dag.py', '--cfg-path', '/tmp/tmpt_44z9zr', '--map-index', '3']
[2024-04-28T10:00:14.184+0000] {standard_task_runner.py:88} INFO - Job 21077: Subtask ETL_job
[2024-04-28T10:00:14.699+0000] {task_command.py:423} INFO - Running <TaskInstance: Units_statistics_DAG.ETL_job scheduled__2024-04-28T09:40:00+00:00 map_index=3 [running]> on host a09da322e808
[2024-04-28T10:00:15.526+0000] {taskinstance.py:2513} INFO - Exporting env vars: AIRFLOW_CTX_DAG_OWNER='abeer-araby' AIRFLOW_CTX_DAG_ID='Units_statistics_DAG' AIRFLOW_CTX_TASK_ID='ETL_job' AIRFLOW_CTX_EXECUTION_DATE='2024-04-28T09:40:00+00:00' AIRFLOW_CTX_TRY_NUMBER='1' AIRFLOW_CTX_DAG_RUN_ID='scheduled__2024-04-28T09:40:00+00:00'
[2024-04-28T10:00:15.527+0000] {Units_dag.py:99} INFO - i: 30000, chunk: 10000
[2024-04-28T10:00:15.528+0000] {Units_dag.py:100} INFO - child token is::: eyJ0eXAiOiJKV1QiLCJhbGciOiJIUzI1NiJ9.eyJpc3MiOiJodHRwczovL2FwaS5hZmFxeS5zYS9hdXRoL2xvZ2luX2FzIiwiaWF0IjoxNzE0Mjk4NDA1LCJleHAiOjE3MTY4OTA0MDUsIm5iZiI6MTcxNDI5ODQwNSwianRpIjoiRkh4VWlRVE5xMjRMZk5FNCIsInN1YiI6IjVkNjNlNTFlMDNlZDUyOTJhNDJjMjRlNiIsInBydiI6IjI3MGVjZmM3ZWEzZWQ5MzdlYTg0OTM2MmEzYTUwOTEwYzZkOGNlNGYiLCJsb2dpbl9hc19pZCI6IjY1N2YwYWQ3M2Y5NzcyOTVjZjA1NTc2YSJ9.u_g4AJEXHLaiXcCuJqqBeXSMoTkiw7g4kajKDhaboQw
[2024-04-28T10:00:48.248+0000] {Units_dag.py:104} INFO - {'_id': '62164f35067dce381c0d5fe8', 'icon': 'icons/icon.png', 'driver_id': '', 'tailer_id': '', 'profile': {'vehicle_type': 'BUS', 'vin': '', 'plate_number': '', 'model': '', 'year': 0, 'seats': 2, 'fuel_type': '91', 'start_operation': '', 'contract_milage': '', 'opening_milage': '', 'measurement_type': '', 'max_capacity': ''}, 'device_password': '***', 'device_type': 'gps', 'gateway': False, 'name': 'HB-314-31193', 'operation_code': '', 'imei': '356307049987869', 'sim_number': '+97431479354', 'sim_serial': '8942702111206225592', 'device_serial': '4850597', 'device': 'teltonika', 'created_by': '62136ed2b78f04217042a1e9', 'user_id': '62136ed2b78f04217042a1e9', 'updated_at': '2024-04-18 11:18:59', 'created_at': '2022-02-23 18:13:57', 'custom_fields': [], 'creator': 'elegancia-admin', 'company': '', 'owner': 'elegancia-admin', 'last_update': {'dtt': 1661708991000, 'dts': 1661708998030, 'spd': 1, 'ang': 262, 'alt': 33, 'chPrams': {'protocol': {'v': 'teltonika_FMB640', 'cdt': 1661684726000}, 'motion': {'v': True, 'cdt': 1661708984000}, 'ePwrV': {'v': 23.193, 'cdt': 1661708991000}, 'parm24': {'v': 2, 'cdt': 1661708991000}, 'sat': {'v': 16, 'cdt': 1661708988000}, 'parm250': {'v': 0, 'cdt': 1661698619000}, 'priority': {'v': 1, 'cdt': 1661708991000}, 'event': {'v': 24, 'cdt': 1661708991000}, 'di1': {'v': 0, 'cdt': 1661698619000}}, 'prms': {'protocol': 'teltonika_FMB640', 'priority': 1, 'sat': 16, 'event': 24, 'di1': 0, 'motion': 1, 'ePwrV': 23.193, 'parm24': 2}, 'devPrms': ['protocol', 'priority', 'sat', 'event', 'di1', 'motion', 'ePwrV', 'parm24', 'parm250'], 'old_params': {'protocol': 'teltonika_FMB640', 'priority': 0, 'sat': 16, 'event': 0, 'di1': 0, 'motion': 1, 'ePwrV': 23.184, 'parm24': 17}, 'vLoc': 1, 'vCon': 1, 'ip': '37.186.42.62', 'rl': 0, 'trl': 26644.0251, 'mdu': 0, 'tmdu': 1551913, 'eidl': 0, 'teidl': 991024, 'fc': 0, 'tfc': 0.000264, 'acc': 0, 'accOn': 7219733063, 'accOff': 5092003423, 'sdu': 0, 'tsdu': 0, 'lat': 25.3592883, 'lng': 51.2377526}, 'counters': {'odometer_type': 'gps', 'engine_hours_type': 'acc', 'engine_hours': 7219733063, 'odometer': 26644.0251, 'last_acc': 0}, 'is_wasl_connected': 'Not Connected', 'iconUrl': 'https://api.afaqy.sa/images/units/icons/icon.png', 'hasCCTV': False}
[2024-04-28T10:00:49.560+0000] {warnings.py:109} WARNING - /home/***/.local/lib/python3.8/site-packages/elasticsearch/_sync/client/__init__.py:399: SecurityWarning: Connecting to 'https://dbelk1.afaqy.local:9200' using TLS with verify_certs=False is insecure
  _transport = transport_class(

[2024-04-28T10:00:49.667+0000] {warnings.py:109} WARNING - /home/***/.local/lib/python3.8/site-packages/elasticsearch/_sync/client/__init__.py:399: SecurityWarning: Connecting to 'https://dbelk3.afaqy.local:9200' using TLS with verify_certs=False is insecure
  _transport = transport_class(

[2024-04-28T10:00:49.770+0000] {warnings.py:109} WARNING - /home/***/.local/lib/python3.8/site-packages/elasticsearch/_sync/client/__init__.py:399: SecurityWarning: Connecting to 'https://dbelk2.afaqy.local:9200' using TLS with verify_certs=False is insecure
  _transport = transport_class(

[2024-04-28T10:00:49.797+0000] {warnings.py:109} WARNING - /home/***/.local/lib/python3.8/site-packages/urllib3/connectionpool.py:1061: InsecureRequestWarning: Unverified HTTPS request is being made to host 'dbelk1.afaqy.local'. Adding certificate verification is strongly advised. See: https://urllib3.readthedocs.io/en/1.26.x/advanced-usage.html#ssl-warnings
  warnings.warn(

[2024-04-28T10:00:49.851+0000] {_transport.py:335} INFO - GET https://dbelk1.afaqy.local:9200/_cluster/health [status:200 duration:0.078s]
[2024-04-28T10:00:50.459+0000] {warnings.py:109} WARNING - /home/***/.local/lib/python3.8/site-packages/urllib3/connectionpool.py:1061: InsecureRequestWarning: Unverified HTTPS request is being made to host 'dbelk3.afaqy.local'. Adding certificate verification is strongly advised. See: https://urllib3.readthedocs.io/en/1.26.x/advanced-usage.html#ssl-warnings
  warnings.warn(

[2024-04-28T10:00:52.800+0000] {_transport.py:335} INFO - PUT https://dbelk3.afaqy.local:9200/units_statistics_***/_bulk [status:200 duration:2.358s]
[2024-04-28T10:00:53.261+0000] {python.py:202} INFO - Done. Returned value was: None
[2024-04-28T10:00:53.279+0000] {taskinstance.py:1149} INFO - Marking task as SUCCESS. dag_id=Units_statistics_DAG, task_id=ETL_job, map_index=3, execution_date=20240428T094000, start_date=20240428T100013, end_date=20240428T100053
[2024-04-28T10:00:53.323+0000] {local_task_job_runner.py:234} INFO - Task exited with return code 0
[2024-04-28T10:00:53.350+0000] {taskinstance.py:3312} INFO - 0 downstream tasks scheduled from follow-on schedule check
