[2024-05-10T17:20:11.486+0000] {taskinstance.py:1979} INFO - Dependencies all met for dep_context=non-requeueable deps ti=<TaskInstance: Units_statistics_DAG.split_data_into_chunks scheduled__2024-05-10T17:00:00+00:00 [queued]>
[2024-05-10T17:20:11.504+0000] {taskinstance.py:1979} INFO - Dependencies all met for dep_context=requeueable deps ti=<TaskInstance: Units_statistics_DAG.split_data_into_chunks scheduled__2024-05-10T17:00:00+00:00 [queued]>
[2024-05-10T17:20:11.504+0000] {taskinstance.py:2193} INFO - Starting attempt 1 of 4
[2024-05-10T17:20:11.525+0000] {taskinstance.py:2217} INFO - Executing <Task(_PythonDecoratedOperator): split_data_into_chunks> on 2024-05-10 17:00:00+00:00
[2024-05-10T17:20:11.532+0000] {standard_task_runner.py:60} INFO - Started process 919270 to run task
[2024-05-10T17:20:11.540+0000] {standard_task_runner.py:87} INFO - Running: ['***', 'tasks', 'run', 'Units_statistics_DAG', 'split_data_into_chunks', 'scheduled__2024-05-10T17:00:00+00:00', '--job-id', '48250', '--raw', '--subdir', 'DAGS_FOLDER/Units_dag.py', '--cfg-path', '/tmp/tmp8gyav022']
[2024-05-10T17:20:11.542+0000] {standard_task_runner.py:88} INFO - Job 48250: Subtask split_data_into_chunks
[2024-05-10T17:20:11.632+0000] {task_command.py:423} INFO - Running <TaskInstance: Units_statistics_DAG.split_data_into_chunks scheduled__2024-05-10T17:00:00+00:00 [running]> on host a09da322e808
[2024-05-10T17:20:11.788+0000] {taskinstance.py:2513} INFO - Exporting env vars: AIRFLOW_CTX_DAG_OWNER='abeer-araby' AIRFLOW_CTX_DAG_ID='Units_statistics_DAG' AIRFLOW_CTX_TASK_ID='split_data_into_chunks' AIRFLOW_CTX_EXECUTION_DATE='2024-05-10T17:00:00+00:00' AIRFLOW_CTX_TRY_NUMBER='1' AIRFLOW_CTX_DAG_RUN_ID='scheduled__2024-05-10T17:00:00+00:00'
[2024-05-10T17:20:11.813+0000] {Units_dag.py:77} INFO - type of length is :<class 'int'>
[2024-05-10T17:20:12.335+0000] {warnings.py:109} WARNING - /home/***/.local/lib/python3.8/site-packages/elasticsearch/_sync/client/__init__.py:399: SecurityWarning: Connecting to 'https://dbelk3.afaqy.local:9200' using TLS with verify_certs=False is insecure
  _transport = transport_class(

[2024-05-10T17:20:12.380+0000] {warnings.py:109} WARNING - /home/***/.local/lib/python3.8/site-packages/elasticsearch/_sync/client/__init__.py:399: SecurityWarning: Connecting to 'https://dbelk2.afaqy.local:9200' using TLS with verify_certs=False is insecure
  _transport = transport_class(

[2024-05-10T17:20:12.431+0000] {warnings.py:109} WARNING - /home/***/.local/lib/python3.8/site-packages/elasticsearch/_sync/client/__init__.py:399: SecurityWarning: Connecting to 'https://dbelk1.afaqy.local:9200' using TLS with verify_certs=False is insecure
  _transport = transport_class(

[2024-05-10T17:20:12.459+0000] {warnings.py:109} WARNING - /home/***/.local/lib/python3.8/site-packages/urllib3/connectionpool.py:1061: InsecureRequestWarning: Unverified HTTPS request is being made to host 'dbelk3.afaqy.local'. Adding certificate verification is strongly advised. See: https://urllib3.readthedocs.io/en/1.26.x/advanced-usage.html#ssl-warnings
  warnings.warn(

[2024-05-10T17:20:12.537+0000] {_transport.py:335} INFO - GET https://dbelk3.afaqy.local:9200/_cluster/health [status:200 duration:0.103s]
[2024-05-10T17:20:12.561+0000] {warnings.py:109} WARNING - /home/***/.local/lib/python3.8/site-packages/urllib3/connectionpool.py:1061: InsecureRequestWarning: Unverified HTTPS request is being made to host 'dbelk2.afaqy.local'. Adding certificate verification is strongly advised. See: https://urllib3.readthedocs.io/en/1.26.x/advanced-usage.html#ssl-warnings
  warnings.warn(

[2024-05-10T17:20:12.564+0000] {_transport.py:335} INFO - HEAD https://dbelk2.afaqy.local:9200/units_statistics_*** [status:429 duration:0.026s]
[2024-05-10T17:20:12.565+0000] {_node_pool.py:249} WARNING - Node <Urllib3HttpNode(https://dbelk2.afaqy.local:9200)> has failed for 1 times in a row, putting on 1 second timeout
[2024-05-10T17:20:12.566+0000] {_transport.py:427} WARNING - Retrying request after non-successful status 429 (attempt 0 of 3)
[2024-05-10T17:20:12.567+0000] {warnings.py:109} WARNING - /home/***/.local/lib/python3.8/site-packages/urllib3/connectionpool.py:1061: InsecureRequestWarning: Unverified HTTPS request is being made to host 'dbelk3.afaqy.local'. Adding certificate verification is strongly advised. See: https://urllib3.readthedocs.io/en/1.26.x/advanced-usage.html#ssl-warnings
  warnings.warn(

[2024-05-10T17:20:12.569+0000] {_transport.py:335} INFO - HEAD https://dbelk3.afaqy.local:9200/units_statistics_*** [status:429 duration:0.003s]
[2024-05-10T17:20:12.570+0000] {_node_pool.py:249} WARNING - Node <Urllib3HttpNode(https://dbelk3.afaqy.local:9200)> has failed for 1 times in a row, putting on 1 second timeout
[2024-05-10T17:20:12.570+0000] {_transport.py:427} WARNING - Retrying request after non-successful status 429 (attempt 1 of 3)
[2024-05-10T17:20:12.603+0000] {warnings.py:109} WARNING - /home/***/.local/lib/python3.8/site-packages/urllib3/connectionpool.py:1061: InsecureRequestWarning: Unverified HTTPS request is being made to host 'dbelk1.afaqy.local'. Adding certificate verification is strongly advised. See: https://urllib3.readthedocs.io/en/1.26.x/advanced-usage.html#ssl-warnings
  warnings.warn(

[2024-05-10T17:20:12.607+0000] {_transport.py:335} INFO - HEAD https://dbelk1.afaqy.local:9200/units_statistics_*** [status:200 duration:0.036s]
[2024-05-10T17:20:12.608+0000] {warnings.py:109} WARNING - /home/***/.local/lib/python3.8/site-packages/urllib3/connectionpool.py:1061: InsecureRequestWarning: Unverified HTTPS request is being made to host 'dbelk1.afaqy.local'. Adding certificate verification is strongly advised. See: https://urllib3.readthedocs.io/en/1.26.x/advanced-usage.html#ssl-warnings
  warnings.warn(

[2024-05-10T17:20:14.845+0000] {_transport.py:335} INFO - DELETE https://dbelk1.afaqy.local:9200/units_statistics_*** [status:200 duration:2.237s]
[2024-05-10T17:20:14.848+0000] {Units_dag.py:90} INFO - i = 0, chunk = 10000
[2024-05-10T17:20:14.849+0000] {Units_dag.py:90} INFO - i = 10000, chunk = 10000
[2024-05-10T17:20:14.850+0000] {Units_dag.py:90} INFO - i = 20000, chunk = 10000
[2024-05-10T17:20:14.850+0000] {Units_dag.py:90} INFO - i = 30000, chunk = 10000
[2024-05-10T17:20:14.851+0000] {Units_dag.py:90} INFO - i = 40000, chunk = 10000
[2024-05-10T17:20:14.851+0000] {Units_dag.py:90} INFO - i = 50000, chunk = 10000
[2024-05-10T17:20:14.851+0000] {Units_dag.py:90} INFO - i = 60000, chunk = 10000
[2024-05-10T17:20:14.852+0000] {Units_dag.py:90} INFO - i = 70000, chunk = 10000
[2024-05-10T17:20:14.852+0000] {Units_dag.py:90} INFO - i = 80000, chunk = 10000
[2024-05-10T17:20:14.852+0000] {Units_dag.py:90} INFO - i = 90000, chunk = 10000
[2024-05-10T17:20:14.853+0000] {Units_dag.py:90} INFO - i = 100000, chunk = 10000
[2024-05-10T17:20:14.853+0000] {Units_dag.py:90} INFO - i = 110000, chunk = 10000
[2024-05-10T17:20:14.854+0000] {Units_dag.py:90} INFO - i = 120000, chunk = 10000
[2024-05-10T17:20:14.854+0000] {Units_dag.py:90} INFO - i = 130000, chunk = 10000
[2024-05-10T17:20:14.854+0000] {Units_dag.py:90} INFO - i = 140000, chunk = 10000
[2024-05-10T17:20:14.855+0000] {Units_dag.py:90} INFO - i = 150000, chunk = 10000
[2024-05-10T17:20:14.855+0000] {Units_dag.py:90} INFO - i = 160000, chunk = 10000
[2024-05-10T17:20:14.855+0000] {Units_dag.py:90} INFO - i = 170000, chunk = 1682
[2024-05-10T17:20:14.889+0000] {python.py:202} INFO - Done. Returned value was: [[0, 10000], [10000, 10000], [20000, 10000], [30000, 10000], [40000, 10000], [50000, 10000], [60000, 10000], [70000, 10000], [80000, 10000], [90000, 10000], [100000, 10000], [110000, 10000], [120000, 10000], [130000, 10000], [140000, 10000], [150000, 10000], [160000, 10000], [170000, 1682]]
[2024-05-10T17:20:14.947+0000] {taskinstance.py:1149} INFO - Marking task as SUCCESS. dag_id=Units_statistics_DAG, task_id=split_data_into_chunks, execution_date=20240510T170000, start_date=20240510T172011, end_date=20240510T172014
[2024-05-10T17:20:15.015+0000] {local_task_job_runner.py:234} INFO - Task exited with return code 0
[2024-05-10T17:20:15.260+0000] {taskinstance.py:3312} INFO - 18 downstream tasks scheduled from follow-on schedule check
