[2024-05-13T05:00:18.891+0000] {local_task_job_runner.py:120} INFO - ::group::Pre task execution logs
[2024-05-13T05:00:19.043+0000] {taskinstance.py:2076} INFO - Dependencies all met for dep_context=non-requeueable deps ti=<TaskInstance: Units_statistics_DAG.ETL_job scheduled__2024-05-13T04:40:00+00:00 map_index=11 [queued]>
[2024-05-13T05:00:19.149+0000] {taskinstance.py:2076} INFO - Dependencies all met for dep_context=requeueable deps ti=<TaskInstance: Units_statistics_DAG.ETL_job scheduled__2024-05-13T04:40:00+00:00 map_index=11 [queued]>
[2024-05-13T05:00:19.149+0000] {taskinstance.py:2306} INFO - Starting attempt 1 of 4
[2024-05-13T05:00:19.296+0000] {taskinstance.py:2330} INFO - Executing <Mapped(_PythonDecoratedOperator): ETL_job> on 2024-05-13 04:40:00+00:00
[2024-05-13T05:00:19.363+0000] {warnings.py:110} WARNING - /home/***/.local/lib/python3.12/site-packages/***/task/task_runner/standard_task_runner.py:61: DeprecationWarning: This process (pid=12196) is multi-threaded, use of fork() may lead to deadlocks in the child.
  pid = os.fork()

[2024-05-13T05:00:19.390+0000] {standard_task_runner.py:63} INFO - Started process 12212 to run task
[2024-05-13T05:00:19.413+0000] {standard_task_runner.py:90} INFO - Running: ['***', 'tasks', 'run', 'Units_statistics_DAG', 'ETL_job', 'scheduled__2024-05-13T04:40:00+00:00', '--job-id', '55297', '--raw', '--subdir', 'DAGS_FOLDER/Units_dag.py', '--cfg-path', '/tmp/tmpmheez280', '--map-index', '11']
[2024-05-13T05:00:19.416+0000] {standard_task_runner.py:91} INFO - Job 55297: Subtask ETL_job
[2024-05-13T05:00:19.760+0000] {task_command.py:426} INFO - Running <TaskInstance: Units_statistics_DAG.ETL_job scheduled__2024-05-13T04:40:00+00:00 map_index=11 [running]> on host 7138d7e072c5
[2024-05-13T05:00:20.135+0000] {taskinstance.py:2648} INFO - Exporting env vars: AIRFLOW_CTX_DAG_OWNER='abeer-araby' AIRFLOW_CTX_DAG_ID='Units_statistics_DAG' AIRFLOW_CTX_TASK_ID='ETL_job' AIRFLOW_CTX_EXECUTION_DATE='2024-05-13T04:40:00+00:00' AIRFLOW_CTX_TRY_NUMBER='1' AIRFLOW_CTX_DAG_RUN_ID='scheduled__2024-05-13T04:40:00+00:00'
[2024-05-13T05:00:20.136+0000] {taskinstance.py:430} INFO - ::endgroup::
[2024-05-13T05:00:20.137+0000] {Units_dag.py:98} INFO - i: 110000, chunk: 10000
[2024-05-13T05:00:20.137+0000] {Units_dag.py:99} INFO - child token is::: eyJ0eXAiOiJKV1QiLCJhbGciOiJIUzI1NiJ9.eyJpc3MiOiJodHRwczovL2FwaS5hZmFxeS5zYS9hdXRoL2xvZ2luX2FzIiwiaWF0IjoxNzE1NTc2NDA0LCJleHAiOjE3MTgxNjg0MDQsIm5iZiI6MTcxNTU3NjQwNCwianRpIjoiSWhFZ291c1VDOFJUYjBmYyIsInN1YiI6IjVkNjNlNTFlMDNlZDUyOTJhNDJjMjRlNiIsInBydiI6IjI3MGVjZmM3ZWEzZWQ5MzdlYTg0OTM2MmEzYTUwOTEwYzZkOGNlNGYiLCJsb2dpbl9hc19pZCI6IjY1N2YwYWQ3M2Y5NzcyOTVjZjA1NTc2YSJ9.DwAbJp5acQSaiE5Hr9pi1CB6VGvugcc_EEvwNCqq6lg
[2024-05-13T05:00:51.836+0000] {Units_dag.py:103} INFO - {'_id': '648afb3dede8ad0f4c06248f', 'icon': 'icons/icon.png', 'driver_id': '', 'tailer_id': '', 'profile': {'vehicle_type': '', 'measurement_type': 'count', 'max_capacity': 0, 'vin': '', 'plate_number': '', 'start_operation': '', 'contract_milage': '', 'opening_milage': '', 'model': '', 'fuel_type': '91', 'year': 0, 'seats': 2}, 'device_password': '***', 'device_type': 'gps', 'gateway': False, 'business_types': {'waste': False, 'transportation': False, 'water': False}, 'name': '7691 - X B D - Jeddah warehouse', 'operation_code': '', 'imei': '861230044981489', 'sim_number': '+966830030000590', 'sim_serial': '421267418529', 'device_serial': '861230044981489', 'device': 'bce', 'skip_sim_information': False, 'created_by': '63ff606788feaa51797ff0d3', 'user_id': '63ff606788feaa51797ff0d3', 'updated_at': '2024-04-18 11:18:59', 'created_at': '2023-06-15 14:51:25', 'device_gateway': '', 'custom_fields': [], 'creator': 'rawabi-integrated-admin', 'company': '', 'owner': 'rawabi-integrated-admin', 'last_update': {'dtt': 1715576394000, 'dts': 1715576419700, 'spd': 84, 'ang': 6, 'alt': 5, 'chPrams': {'ePwrV': {'v': 13.773, 'cdt': 1715576394000}, 'di16': {'v': 1, 'cdt': 1715346988000}, 'rssi1': {'v': 88, 'cdt': 1715576394000}, 'di15': {'v': 0, 'cdt': 1715346988000}, 'di14': {'v': 0, 'cdt': 1715576274000}, 'di13': {'v': 0, 'cdt': 1715346988000}, 'di12': {'v': 0, 'cdt': 1715346988000}, 'di11': {'v': 0, 'cdt': 1715346988000}, 'di10': {'v': 0, 'cdt': 1715346988000}, 'di2': {'v': 0, 'cdt': 1715346988000}, 'di1': {'v': 1, 'cdt': 1715576338000}, 'ai4': {'v': 289, 'cdt': 1715576316000}, 'di4': {'v': 0, 'cdt': 1715346988000}, 'di3': {'v': 0, 'cdt': 1715346988000}, 'di6': {'v': 0, 'cdt': 1715346988000}, 'di5': {'v': 1, 'cdt': 1715574848000}, 'lac1': {'v': 42031, 'cdt': 1715575420000}, 'protocol': {'v': 'bce', 'cdt': 1715346988000}, 'di8': {'v': 1, 'cdt': 1715346988000}, 'di7': {'v': 1, 'cdt': 1715574878000}, 'di9': {'v': 0, 'cdt': 1715346988000}, 'iPwrV': {'v': 0.003, 'cdt': 1715576394000}, 'cid1': {'v': 19183, 'cdt': 1715576274000}, 'odometer': {'v': 1141735384, 'cdt': 1715576394000}, 'spd': {'v': 84, 'cdt': 1715576370000}, 'sat': {'v': 12, 'cdt': 1715576112000}, 'hdop': {'v': 1, 'cdt': 1715569866000}, 'ta': {'v': 0, 'cdt': 1715346988000}, 'mcc1': {'v': 420, 'cdt': 1715067816000}, 'mnc1': {'v': 4, 'cdt': 1713677378000}}, 'prms': {'protocol': 'bce', 'spd': 84, 'sat': 12, 'hdop': 1, 'odometer': 1141735384, 'di16': 1, 'di15': 0, 'di14': 0, 'di13': 0, 'di12': 0, 'di11': 0, 'di10': 0, 'di9': 0, 'di8': 1, 'di7': 1, 'di6': 0, 'di5': 1, 'di4': 0, 'di3': 0, 'di2': 0, 'di1': 1, 'ePwrV': 13.773, 'ai4': 289, 'iPwrV': 0.003, 'ta': 0, 'mcc1': 420, 'mnc1': 4, 'lac1': 42031, 'cid1': 19183, 'rssi1': 88}, 'devPrms': ['protocol', 'spd', 'sat', 'hdop', 'odometer', 'di16', 'di15', 'di14', 'di13', 'di12', 'di11', 'di10', 'di9', 'di8', 'di7', 'di6', 'di5', 'di4', 'di3', 'di2', 'di1', 'ePwrV', 'ai4', 'iPwrV', 'ta', 'mcc1', 'mnc1', 'lac1', 'cid1', 'rssi1'], 'old_params': {'protocol': 'bce', 'spd': 84, 'sat': 12, 'hdop': 1, 'odometer': 1141565301, 'di16': 1, 'di15': 0, 'di14': 0, 'di13': 0, 'di12': 0, 'di11': 0, 'di10': 0, 'di9': 0, 'di8': 1, 'di7': 1, 'di6': 0, 'di5': 1, 'di4': 0, 'di3': 0, 'di2': 0, 'di1': 1, 'ePwrV': 13.879, 'ai4': 289, 'iPwrV': 0.248, 'ta': 0, 'mcc1': 420, 'mnc1': 4, 'lac1': 42031, 'cid1': 19183, 'rssi1': 81}, 'vLoc': 1, 'vCon': 1, 'ip': '51.36.195.61', 'rl': 0.5673, 'trl': 37513.2947, 'mdu': 24, 'tmdu': 2328414, 'eidl': 0, 'teidl': 1004586, 'fc': 0.068076, 'tfc': 6.688428, 'acc': 1, 'accOn': 14207388, 'accOff': 25784972, 'sdu': 0, 'tsdu': 0, 'lat': 21.342628479003906, 'lng': 39.19310760498047}, 'counters': {'odometer_type': 'gps', 'odometer': 116996.2947, 'engine_hours_type': 'acc', 'engine_hours': 14207388, 'last_acc': 1}, 'is_wasl_connected': 'Not Connected', 'iconUrl': 'https://api.afaqy.sa/images/units/icons/icon.png', 'hasCCTV': False}
[2024-05-13T05:00:52.946+0000] {warnings.py:110} WARNING - /home/***/.local/lib/python3.12/site-packages/elasticsearch/_sync/client/__init__.py:399: SecurityWarning: Connecting to 'https://dbelk2.afaqy.local:9200' using TLS with verify_certs=False is insecure
  _transport = transport_class(

[2024-05-13T05:00:53.026+0000] {warnings.py:110} WARNING - /home/***/.local/lib/python3.12/site-packages/elasticsearch/_sync/client/__init__.py:399: SecurityWarning: Connecting to 'https://dbelk3.afaqy.local:9200' using TLS with verify_certs=False is insecure
  _transport = transport_class(

[2024-05-13T05:00:53.816+0000] {warnings.py:110} WARNING - /home/***/.local/lib/python3.12/site-packages/elasticsearch/_sync/client/__init__.py:399: SecurityWarning: Connecting to 'https://dbelk1.afaqy.local:9200' using TLS with verify_certs=False is insecure
  _transport = transport_class(

[2024-05-13T05:00:53.836+0000] {warnings.py:110} WARNING - /home/***/.local/lib/python3.12/site-packages/urllib3/connectionpool.py:1103: InsecureRequestWarning: Unverified HTTPS request is being made to host 'dbelk2.afaqy.local'. Adding certificate verification is strongly advised. See: https://urllib3.readthedocs.io/en/latest/advanced-usage.html#tls-warnings
  warnings.warn(

[2024-05-13T05:00:53.924+0000] {_transport.py:349} INFO - GET https://dbelk2.afaqy.local:9200/_cluster/health [status:200 duration:0.106s]
[2024-05-13T05:00:54.528+0000] {warnings.py:110} WARNING - /home/***/.local/lib/python3.12/site-packages/urllib3/connectionpool.py:1103: InsecureRequestWarning: Unverified HTTPS request is being made to host 'dbelk3.afaqy.local'. Adding certificate verification is strongly advised. See: https://urllib3.readthedocs.io/en/latest/advanced-usage.html#tls-warnings
  warnings.warn(

[2024-05-13T05:00:56.686+0000] {_transport.py:349} INFO - PUT https://dbelk3.afaqy.local:9200/units_statistics_***/_bulk [status:200 duration:2.205s]
[2024-05-13T05:00:56.902+0000] {python.py:237} INFO - Done. Returned value was: None
[2024-05-13T05:00:56.903+0000] {taskinstance.py:441} INFO - ::group::Post task execution logs
[2024-05-13T05:00:56.922+0000] {taskinstance.py:1206} INFO - Marking task as SUCCESS. dag_id=Units_statistics_DAG, task_id=ETL_job, run_id=scheduled__2024-05-13T04:40:00+00:00, map_index=11, execution_date=20240513T044000, start_date=20240513T050019, end_date=20240513T050056
[2024-05-13T05:00:57.004+0000] {local_task_job_runner.py:240} INFO - Task exited with return code 0
[2024-05-13T05:00:57.026+0000] {local_task_job_runner.py:222} INFO - ::endgroup::
