[2024-04-24T17:20:19.797+0000] {taskinstance.py:1979} INFO - Dependencies all met for dep_context=non-requeueable deps ti=<TaskInstance: Units_statistics_DAG.ETL_job scheduled__2024-04-24T17:00:00+00:00 map_index=1 [queued]>
[2024-04-24T17:20:19.872+0000] {taskinstance.py:1979} INFO - Dependencies all met for dep_context=requeueable deps ti=<TaskInstance: Units_statistics_DAG.ETL_job scheduled__2024-04-24T17:00:00+00:00 map_index=1 [queued]>
[2024-04-24T17:20:19.873+0000] {taskinstance.py:2193} INFO - Starting attempt 1 of 4
[2024-04-24T17:20:20.007+0000] {taskinstance.py:2217} INFO - Executing <Mapped(_PythonDecoratedOperator): ETL_job> on 2024-04-24 17:00:00+00:00
[2024-04-24T17:20:20.067+0000] {standard_task_runner.py:60} INFO - Started process 523809 to run task
[2024-04-24T17:20:20.099+0000] {standard_task_runner.py:87} INFO - Running: ['***', 'tasks', 'run', 'Units_statistics_DAG', 'ETL_job', 'scheduled__2024-04-24T17:00:00+00:00', '--job-id', '15022', '--raw', '--subdir', 'DAGS_FOLDER/Units_dag.py', '--cfg-path', '/tmp/tmpxdztm44h', '--map-index', '1']
[2024-04-24T17:20:20.114+0000] {standard_task_runner.py:88} INFO - Job 15022: Subtask ETL_job
[2024-04-24T17:20:20.421+0000] {task_command.py:423} INFO - Running <TaskInstance: Units_statistics_DAG.ETL_job scheduled__2024-04-24T17:00:00+00:00 map_index=1 [running]> on host a09da322e808
[2024-04-24T17:20:21.019+0000] {taskinstance.py:2513} INFO - Exporting env vars: AIRFLOW_CTX_DAG_OWNER='abeer-araby' AIRFLOW_CTX_DAG_ID='Units_statistics_DAG' AIRFLOW_CTX_TASK_ID='ETL_job' AIRFLOW_CTX_EXECUTION_DATE='2024-04-24T17:00:00+00:00' AIRFLOW_CTX_TRY_NUMBER='1' AIRFLOW_CTX_DAG_RUN_ID='scheduled__2024-04-24T17:00:00+00:00'
[2024-04-24T17:20:21.022+0000] {Units_dag.py:99} INFO - i: 10000, chunk: 10000
[2024-04-24T17:20:21.022+0000] {Units_dag.py:100} INFO - child token is::: eyJ0eXAiOiJKV1QiLCJhbGciOiJIUzI1NiJ9.eyJpc3MiOiJodHRwczovL2FwaS5hZmFxeS5zYS9hdXRoL2xvZ2luX2FzIiwiaWF0IjoxNzEzOTc5MjAzLCJleHAiOjE3MTY1NzEyMDMsIm5iZiI6MTcxMzk3OTIwMywianRpIjoicm9xc1VRcmVHNUFEMnlSciIsInN1YiI6IjVkNjNlNTFlMDNlZDUyOTJhNDJjMjRlNiIsInBydiI6IjI3MGVjZmM3ZWEzZWQ5MzdlYTg0OTM2MmEzYTUwOTEwYzZkOGNlNGYiLCJsb2dpbl9hc19pZCI6IjY1N2YwYWQ3M2Y5NzcyOTVjZjA1NTc2YSJ9.ai4uTeLhdIhJmaaxtknkwfSQg8PGBleoohUkPQ8rJj8
[2024-04-24T17:20:43.540+0000] {Units_dag.py:104} INFO - {'_id': '6061905e8f7fa574094853e4', 'icon': 'icons/icon.png', 'driver_id': '', 'tailer_id': '', 'profile': {'vehicle_type': 'Accent', 'measurement_type': 'count', 'max_capacity': 0, 'vin': '', 'plate_number': '', 'start_operation': '', 'contract_milage': '', 'opening_milage': '', 'model': '', 'fuel_type': '91', 'year': 0, 'seats': 2}, 'device_password': '***', 'name': '6029THD', 'operation_code': '', 'imei': '861230049849822', 'sim_number': '+966830021028810', 'sim_serial': '8996641520112656770', 'device_serial': '861230049849822', 'device': 'bceIotm', 'user_id': '5e68ea7a03ed528a611e0f38', 'created_by': '5e6655bf03ed52e1ab79d301', 'updated_at': '2024-04-18 11:18:59', 'created_at': '2021-03-29 11:31:26', 'device_type': 'gps', 'business_types': {'waste': False, 'transportation': True, 'water': False}, 'device_gateway': '', 'gateway': '', 'skip_sim_information': '', 'shipment_info': {'product_category': None, 'truck_type': None, 'shipment_type': None, 'shipment_payment_type': None, 'transporter_type': None, 'operating_area': None, 'weight_kilograms_per_day': None, 'kms_per_day': None, 'shipment_trip_drive_hrs_day': None, 'allowable_delay_drive_hrs_day': None, 'expected_shipment_trip_day': None, 'car_pay_per_day': None, 'exceeding_temperature_limit_per_day': None, 'temperature_upper_limit': None, 'exceeding_humidity_limit_per_day': None, 'humidity_upper_limit': None}, 'cctv': {'dvr_id': '', 'channels': 1}, 'custom_fields': [], 'creator': 'amr.ahmed', 'company': '', 'owner': 'shift_co', 'last_update': {'dtt': 1713979143000, 'dts': 1713979148355, 'spd': 0, 'ang': 0, 'alt': 43, 'chPrams': {'acc': {'v': 0, 'cdt': 1713979096000}, 'sensor_8192': {'v': 0, 'cdt': 1713978419000}, 'sensor_16386': {'v': 0, 'cdt': 1712922192000}, 'sensor_16385': {'v': 65323, 'cdt': 1713978415000}, 'fw_name': {'v': 'FF0_01_122', 'cdt': 1711809311000}, 'ePwrV': {'v': 12738, 'cdt': 1713979143000}, 'sensor_8199': {'v': 49, 'cdt': 1713978541000}, 'sensor_16387': {'v': 31804400, 'cdt': 1713978361000}, 'sensor_153': {'v': 0, 'cdt': 1712585034000}, 'sensor_12300': {'v': 0, 'cdt': 1713978541000}, 'war_id': {'v': 0, 'cdt': 1713979097000}, 'protocol': {'v': 'MQTT', 'cdt': 1713564297000}, 'sensor_97': {'v': 0, 'cdt': 1712922192000}, 'sensor_98': {'v': 0, 'cdt': 1713979104000}, 'sensor_99': {'v': 0, 'cdt': 1713977158000}, 'spd': {'v': 0, 'cdt': 1713976942000}, 'sensor_12292': {'v': 3843, 'cdt': 1713979143000}, 'sat': {'v': 12, 'cdt': 1713971315000}, 'sensor_103': {'v': 0, 'cdt': 1712922192000}, 'fun_id': {'v': 182, 'cdt': 1713979097000}, 'sensor_102': {'v': 0, 'cdt': 1712922192000}, 'sensor_8200': {'v': 141, 'cdt': 1713978541000}, 'sensor_101': {'v': 0, 'cdt': 1713970098000}, 'sensor_100': {'v': 0, 'cdt': 1713978261000}, 'hdop': {'v': 7, 'cdt': 1713978541000}, 'sensor_12299': {'v': 0, 'cdt': 1713978419000}, 'sensor_40962': {'v': 0, 'cdt': 1713978415000}, 'sensor_49156': {'v': 'SMS accent lock/unlo', 'cdt': 1713785237000}, 'sensor_40961': {'v': 0, 'cdt': 1713978417000}}, 'prms': {'sensor_40962': 0, 'sensor_40961': 0, 'sensor_16386': 0, 'sensor_16387': 31804400, 'sensor_16385': 65323, 'sensor_12300': 0, 'ePwrV': 12738, 'sensor_12299': 0, 'sensor_12292': 3843, 'sensor_153': 0, 'sensor_8192': 0, 'sensor_99': 0, 'sensor_97': 0, 'sensor_8200': 141, 'sensor_103': 0, 'sensor_98': 0, 'sensor_102': 0, 'sensor_101': 0, 'acc': 0, 'spd': 0, 'hdop': 7, 'sat': 12, 'sensor_8199': 49, 'sensor_100': 0, 'protocol': 'MQTT'}, 'devPrms': ['sensor_40962', 'sensor_40961', 'sensor_16386', 'sensor_16387', 'sensor_16385', 'sensor_12300', 'ePwrV', 'sensor_12299', 'sensor_12292', 'sensor_153', 'sensor_8192', 'sensor_99', 'sensor_97', 'sensor_8200', 'sensor_103', 'sensor_98', 'sensor_102', 'sensor_101', 'acc', 'spd', 'hdop', 'sat', 'sensor_8199', 'sensor_100', 'protocol', 'fun_id', 'war_id', 'fw_name'], 'old_params': {'sensor_98': 0, 'protocol': 'MQTT'}, 'vLoc': 1, 'vCon': 1, 'ip': '37.216.101.76', 'rl': 0, 'trl': 159022, 'mdu': 0, 'tmdu': 10328905, 'eidl': 0, 'teidl': 9592450, 'fc': 0, 'tfc': 0.12, 'acc': 0, 'accOn': 6149552, 'accOff': 17413018, 'sdu': 39, 'tsdu': 47, 'lat': 21.572439193725586, 'lng': 39.21076202392578}, 'counters': {'odometer_type': 'canbus', 'odometer': 159022, 'engine_hours_type': 'acc', 'engine_hours': 6149552, 'last_acc': 0}, 'is_wasl_connected': 'Not Connected', 'iconUrl': 'https://api.afaqy.sa/images/units/icons/icon.png', 'hasCCTV': False}
[2024-04-24T17:20:44.122+0000] {warnings.py:109} WARNING - /home/***/.local/lib/python3.8/site-packages/elasticsearch/_sync/client/__init__.py:399: SecurityWarning: Connecting to 'https://dbelk2.afaqy.local:9200' using TLS with verify_certs=False is insecure
  _transport = transport_class(

[2024-04-24T17:20:44.170+0000] {warnings.py:109} WARNING - /home/***/.local/lib/python3.8/site-packages/elasticsearch/_sync/client/__init__.py:399: SecurityWarning: Connecting to 'https://dbelk1.afaqy.local:9200' using TLS with verify_certs=False is insecure
  _transport = transport_class(

[2024-04-24T17:20:44.217+0000] {warnings.py:109} WARNING - /home/***/.local/lib/python3.8/site-packages/elasticsearch/_sync/client/__init__.py:399: SecurityWarning: Connecting to 'https://dbelk3.afaqy.local:9200' using TLS with verify_certs=False is insecure
  _transport = transport_class(

[2024-04-24T17:20:44.251+0000] {warnings.py:109} WARNING - /home/***/.local/lib/python3.8/site-packages/urllib3/connectionpool.py:1061: InsecureRequestWarning: Unverified HTTPS request is being made to host 'dbelk2.afaqy.local'. Adding certificate verification is strongly advised. See: https://urllib3.readthedocs.io/en/1.26.x/advanced-usage.html#ssl-warnings
  warnings.warn(

[2024-04-24T17:20:44.326+0000] {_transport.py:335} INFO - GET https://dbelk2.afaqy.local:9200/_cluster/health [status:200 duration:0.106s]
[2024-04-24T17:20:44.791+0000] {warnings.py:109} WARNING - /home/***/.local/lib/python3.8/site-packages/urllib3/connectionpool.py:1061: InsecureRequestWarning: Unverified HTTPS request is being made to host 'dbelk1.afaqy.local'. Adding certificate verification is strongly advised. See: https://urllib3.readthedocs.io/en/1.26.x/advanced-usage.html#ssl-warnings
  warnings.warn(

[2024-04-24T17:20:47.620+0000] {_transport.py:335} INFO - PUT https://dbelk1.afaqy.local:9200/units_statistics_***/_bulk [status:200 duration:2.872s]
[2024-04-24T17:20:47.911+0000] {taskinstance.py:2731} ERROR - Task failed with exception
Traceback (most recent call last):
  File "/home/airflow/.local/lib/python3.8/site-packages/airflow/models/taskinstance.py", line 444, in _execute_task
    result = _execute_callable(context=context, **execute_callable_kwargs)
  File "/home/airflow/.local/lib/python3.8/site-packages/airflow/models/taskinstance.py", line 414, in _execute_callable
    return execute_callable(context=context, **execute_callable_kwargs)
  File "/home/airflow/.local/lib/python3.8/site-packages/airflow/decorators/base.py", line 241, in execute
    return_value = super().execute(context)
  File "/home/airflow/.local/lib/python3.8/site-packages/airflow/operators/python.py", line 200, in execute
    return_value = self.execute_callable()
  File "/home/airflow/.local/lib/python3.8/site-packages/airflow/operators/python.py", line 217, in execute_callable
    return self.python_callable(*self.op_args, **self.op_kwargs)
  File "/opt/airflow/dags/Units_dag.py", line 112, in ETL_job
    Elk_client.elk_pushData(Globals.index_name,units_list_update)
  File "/opt/airflow/dags/elk_manager.py", line 69, in elk_pushData
    helpers.bulk(self.elk_client, docs_list, index=index_name, chunk_size=batch)
  File "/home/airflow/.local/lib/python3.8/site-packages/elasticsearch/helpers/actions.py", line 521, in bulk
    for ok, item in streaming_bulk(
  File "/home/airflow/.local/lib/python3.8/site-packages/elasticsearch/helpers/actions.py", line 436, in streaming_bulk
    for data, (ok, info) in zip(
  File "/home/airflow/.local/lib/python3.8/site-packages/elasticsearch/helpers/actions.py", line 355, in _process_bulk_chunk
    yield from gen
  File "/home/airflow/.local/lib/python3.8/site-packages/elasticsearch/helpers/actions.py", line 274, in _process_bulk_chunk_success
    raise BulkIndexError(f"{len(errors)} document(s) failed to index.", errors)
elasticsearch.helpers.BulkIndexError: 1 document(s) failed to index.
[2024-04-24T17:20:47.938+0000] {taskinstance.py:1149} INFO - Marking task as UP_FOR_RETRY. dag_id=Units_statistics_DAG, task_id=ETL_job, map_index=1, execution_date=20240424T170000, start_date=20240424T172019, end_date=20240424T172047
[2024-04-24T17:20:48.402+0000] {standard_task_runner.py:107} ERROR - Failed to execute job 15022 for task ETL_job (1 document(s) failed to index.; 523809)
[2024-04-24T17:20:48.570+0000] {local_task_job_runner.py:234} INFO - Task exited with return code 1
[2024-04-24T17:20:48.648+0000] {taskinstance.py:3312} INFO - 0 downstream tasks scheduled from follow-on schedule check
