[2024-04-21T16:20:18.062+0000] {taskinstance.py:1979} INFO - Dependencies all met for dep_context=non-requeueable deps ti=<TaskInstance: Units_statistics_DAG.ETL_job scheduled__2024-04-21T16:00:00+00:00 map_index=3 [queued]>
[2024-04-21T16:20:18.189+0000] {taskinstance.py:1979} INFO - Dependencies all met for dep_context=requeueable deps ti=<TaskInstance: Units_statistics_DAG.ETL_job scheduled__2024-04-21T16:00:00+00:00 map_index=3 [queued]>
[2024-04-21T16:20:18.190+0000] {taskinstance.py:2193} INFO - Starting attempt 1 of 4
[2024-04-21T16:20:18.360+0000] {taskinstance.py:2217} INFO - Executing <Mapped(_PythonDecoratedOperator): ETL_job> on 2024-04-21 16:00:00+00:00
[2024-04-21T16:20:18.389+0000] {standard_task_runner.py:60} INFO - Started process 451163 to run task
[2024-04-21T16:20:18.433+0000] {standard_task_runner.py:87} INFO - Running: ['***', 'tasks', 'run', 'Units_statistics_DAG', 'ETL_job', 'scheduled__2024-04-21T16:00:00+00:00', '--job-id', '9970', '--raw', '--subdir', 'DAGS_FOLDER/Units_dag.py', '--cfg-path', '/tmp/tmp7wixvilu', '--map-index', '3']
[2024-04-21T16:20:18.435+0000] {standard_task_runner.py:88} INFO - Job 9970: Subtask ETL_job
[2024-04-21T16:20:18.775+0000] {task_command.py:423} INFO - Running <TaskInstance: Units_statistics_DAG.ETL_job scheduled__2024-04-21T16:00:00+00:00 map_index=3 [running]> on host a09da322e808
[2024-04-21T16:20:19.457+0000] {taskinstance.py:2513} INFO - Exporting env vars: AIRFLOW_CTX_DAG_OWNER='abeer-araby' AIRFLOW_CTX_DAG_ID='Units_statistics_DAG' AIRFLOW_CTX_TASK_ID='ETL_job' AIRFLOW_CTX_EXECUTION_DATE='2024-04-21T16:00:00+00:00' AIRFLOW_CTX_TRY_NUMBER='1' AIRFLOW_CTX_DAG_RUN_ID='scheduled__2024-04-21T16:00:00+00:00'
[2024-04-21T16:20:19.463+0000] {Units_dag.py:99} INFO - i: 30000, chunk: 10000
[2024-04-21T16:20:19.463+0000] {Units_dag.py:100} INFO - child token is::: eyJ0eXAiOiJKV1QiLCJhbGciOiJIUzI1NiJ9.eyJpc3MiOiJodHRwczovL2FwaS5hZmFxeS5zYS9hdXRoL2xvZ2luX2FzIiwiaWF0IjoxNzEzNzE2NDA0LCJleHAiOjE3MTYzMDg0MDQsIm5iZiI6MTcxMzcxNjQwNCwianRpIjoieGJUWTdHWGVnVWJaSkNCMCIsInN1YiI6IjVkNjNlNTFlMDNlZDUyOTJhNDJjMjRlNiIsInBydiI6IjI3MGVjZmM3ZWEzZWQ5MzdlYTg0OTM2MmEzYTUwOTEwYzZkOGNlNGYiLCJsb2dpbl9hc19pZCI6IjY1N2YwYWQ3M2Y5NzcyOTVjZjA1NTc2YSJ9.K7ikrHfU6xjCWN3CMsl7c66CoGCxfMcr0QK4Se4YhgY
[2024-04-21T16:20:54.994+0000] {Units_dag.py:104} INFO - {'_id': '62164f33067dce381c0d5e7c', 'icon': 'icons/icon.png', 'driver_id': '', 'tailer_id': '', 'profile': {'vehicle_type': 'VAN', 'vin': '', 'plate_number': '', 'model': '', 'year': 0, 'seats': 2, 'fuel_type': '91', 'start_operation': '', 'contract_milage': '', 'opening_milage': '', 'measurement_type': '', 'max_capacity': ''}, 'device_password': '***', 'device_type': 'gps', 'gateway': False, 'name': 'MV-13-48731', 'operation_code': '', 'imei': '356307049506594', 'sim_number': '+97470979404', 'sim_serial': '8942702111236272432', 'device_serial': '4629916', 'device': 'teltonika', 'created_by': '62136ed2b78f04217042a1e9', 'user_id': '62136ed2b78f04217042a1e9', 'updated_at': '2024-04-18 11:18:59', 'created_at': '2022-02-23 18:13:55', 'custom_fields': [], 'creator': 'elegancia-admin', 'company': '', 'owner': 'elegancia-admin', 'last_update': {'dtt': 1662704241000, 'dts': 1662704244251, 'spd': 0, 'ang': 0, 'alt': 43, 'chPrams': {'output1': {'v': False, 'cdt': 1661685457000}, 'output2': {'v': False, 'cdt': 1661685457000}, 'motion': {'v': True, 'cdt': 1662704241000}, 'sat': {'v': 13, 'cdt': 1662704241000}, 'priority': {'v': 0, 'cdt': 1662697064000}, 'di2': {'v': 0, 'cdt': 1661685457000}, 'di1': {'v': 1, 'cdt': 1662704151000}, 'temp1': {'v': 300, 'cdt': 1660554960000}, 'di3': {'v': 0, 'cdt': 1661685457000}, 'protocol': {'v': 'teltonika_FMB640', 'cdt': 1661685457000}, 'tripOdometer': {'v': 0, 'cdt': 1662695744000}, 'parm250': {'v': 0, 'cdt': 1662695684000}, 'event': {'v': 0, 'cdt': 1662697064000}}, 'prms': {'protocol': 'teltonika_FMB640', 'priority': 0, 'sat': 13, 'event': 0, 'di1': 1, 'di2': 0, 'di3': 0, 'output1': 0, 'output2': 0, 'motion': 1, 'tripOdometer': 0, 'temp1': 300}, 'devPrms': ['protocol', 'priority', 'sat', 'event', 'di1', 'di2', 'di3', 'output1', 'output2', 'motion', 'tripOdometer', 'temp1', 'parm250'], 'old_params': {'protocol': 'teltonika_FMB640', 'priority': 0, 'sat': 16, 'event': 0, 'di1': 1, 'di2': 0, 'di3': 0, 'output1': 0, 'output2': 0, 'motion': 0, 'tripOdometer': 0, 'temp1': 300}, 'vLoc': 1, 'vCon': 1, 'ip': '212.70.113.252', 'rl': 0, 'trl': 39812.8258, 'mdu': 0, 'tmdu': 2043555, 'eidl': 30, 'teidl': 1755887, 'fc': 0, 'tfc': 0, 'acc': 1, 'accOn': 4054605, 'accOff': 12539420, 'sdu': 0, 'tsdu': 0, 'lat': 25.359635, 'lng': 51.2384733}, 'counters': {'odometer_type': 'gps', 'engine_hours_type': 'acc', 'engine_hours': 4054605, 'odometer': 39812.8258, 'last_acc': 1}, 'is_wasl_connected': 'Not Connected', 'iconUrl': 'https://api.afaqy.sa/images/units/icons/icon.png', 'hasCCTV': False}
[2024-04-21T16:20:56.914+0000] {warnings.py:109} WARNING - /home/***/.local/lib/python3.8/site-packages/elasticsearch/_sync/client/__init__.py:399: SecurityWarning: Connecting to 'https://dbelk1.afaqy.local:9200' using TLS with verify_certs=False is insecure
  _transport = transport_class(

[2024-04-21T16:20:59.053+0000] {warnings.py:109} WARNING - /home/***/.local/lib/python3.8/site-packages/elasticsearch/_sync/client/__init__.py:399: SecurityWarning: Connecting to 'https://dbelk3.afaqy.local:9200' using TLS with verify_certs=False is insecure
  _transport = transport_class(

[2024-04-21T16:20:59.209+0000] {warnings.py:109} WARNING - /home/***/.local/lib/python3.8/site-packages/elasticsearch/_sync/client/__init__.py:399: SecurityWarning: Connecting to 'https://dbelk2.afaqy.local:9200' using TLS with verify_certs=False is insecure
  _transport = transport_class(

[2024-04-21T16:20:59.261+0000] {warnings.py:109} WARNING - /home/***/.local/lib/python3.8/site-packages/urllib3/connectionpool.py:1061: InsecureRequestWarning: Unverified HTTPS request is being made to host 'dbelk1.afaqy.local'. Adding certificate verification is strongly advised. See: https://urllib3.readthedocs.io/en/1.26.x/advanced-usage.html#ssl-warnings
  warnings.warn(

[2024-04-21T16:20:59.316+0000] {_transport.py:335} INFO - GET https://dbelk1.afaqy.local:9200/_cluster/health [status:200 duration:0.102s]
[2024-04-21T16:20:59.775+0000] {warnings.py:109} WARNING - /home/***/.local/lib/python3.8/site-packages/urllib3/connectionpool.py:1061: InsecureRequestWarning: Unverified HTTPS request is being made to host 'dbelk3.afaqy.local'. Adding certificate verification is strongly advised. See: https://urllib3.readthedocs.io/en/1.26.x/advanced-usage.html#ssl-warnings
  warnings.warn(

[2024-04-21T16:21:03.020+0000] {_transport.py:335} INFO - PUT https://dbelk3.afaqy.local:9200/units_statistics_***/_bulk [status:200 duration:3.286s]
[2024-04-21T16:21:03.207+0000] {python.py:202} INFO - Done. Returned value was: None
[2024-04-21T16:21:03.225+0000] {taskinstance.py:1149} INFO - Marking task as SUCCESS. dag_id=Units_statistics_DAG, task_id=ETL_job, map_index=3, execution_date=20240421T160000, start_date=20240421T162018, end_date=20240421T162103
[2024-04-21T16:21:03.299+0000] {local_task_job_runner.py:234} INFO - Task exited with return code 0
[2024-04-21T16:21:03.336+0000] {taskinstance.py:3312} INFO - 0 downstream tasks scheduled from follow-on schedule check
