[2024-05-13T15:17:47.846+0000] {local_task_job_runner.py:120} INFO - ::group::Pre task execution logs
[2024-05-13T15:17:47.880+0000] {taskinstance.py:2076} INFO - Dependencies all met for dep_context=non-requeueable deps ti=<TaskInstance: AVL_DAG.MongoDb.connect_to_mongo_server scheduled__2024-05-12T00:00:00+00:00 [queued]>
[2024-05-13T15:17:47.894+0000] {taskinstance.py:2076} INFO - Dependencies all met for dep_context=requeueable deps ti=<TaskInstance: AVL_DAG.MongoDb.connect_to_mongo_server scheduled__2024-05-12T00:00:00+00:00 [queued]>
[2024-05-13T15:17:47.895+0000] {taskinstance.py:2306} INFO - Starting attempt 1 of 2
[2024-05-13T15:17:47.913+0000] {taskinstance.py:2330} INFO - Executing <Task(PythonOperator): MongoDb.connect_to_mongo_server> on 2024-05-12 00:00:00+00:00
[2024-05-13T15:17:47.925+0000] {warnings.py:110} WARNING - /home/***/.local/lib/python3.12/site-packages/***/task/task_runner/standard_task_runner.py:61: DeprecationWarning: This process (pid=21192) is multi-threaded, use of fork() may lead to deadlocks in the child.
  pid = os.fork()

[2024-05-13T15:17:47.928+0000] {standard_task_runner.py:63} INFO - Started process 21197 to run task
[2024-05-13T15:17:47.935+0000] {standard_task_runner.py:90} INFO - Running: ['***', 'tasks', 'run', 'AVL_DAG', 'MongoDb.connect_to_mongo_server', 'scheduled__2024-05-12T00:00:00+00:00', '--job-id', '56035', '--raw', '--subdir', 'DAGS_FOLDER/Avl_dag.py', '--cfg-path', '/tmp/tmppk9qrflz']
[2024-05-13T15:17:47.937+0000] {standard_task_runner.py:91} INFO - Job 56035: Subtask MongoDb.connect_to_mongo_server
[2024-05-13T15:17:48.038+0000] {task_command.py:426} INFO - Running <TaskInstance: AVL_DAG.MongoDb.connect_to_mongo_server scheduled__2024-05-12T00:00:00+00:00 [running]> on host 7138d7e072c5
[2024-05-13T15:17:48.200+0000] {taskinstance.py:2648} INFO - Exporting env vars: AIRFLOW_CTX_DAG_OWNER='abeer-araby' AIRFLOW_CTX_DAG_ID='AVL_DAG' AIRFLOW_CTX_TASK_ID='MongoDb.connect_to_mongo_server' AIRFLOW_CTX_EXECUTION_DATE='2024-05-12T00:00:00+00:00' AIRFLOW_CTX_TRY_NUMBER='1' AIRFLOW_CTX_DAG_RUN_ID='scheduled__2024-05-12T00:00:00+00:00'
[2024-05-13T15:17:48.201+0000] {taskinstance.py:430} INFO - ::endgroup::
[2024-05-13T15:17:48.229+0000] {taskinstance.py:441} INFO - ::group::Post task execution logs
[2024-05-13T15:17:48.230+0000] {taskinstance.py:2905} ERROR - Task failed with exception
Traceback (most recent call last):
  File "/home/airflow/.local/lib/python3.12/site-packages/airflow/models/taskinstance.py", line 465, in _execute_task
    result = _execute_callable(context=context, **execute_callable_kwargs)
             ^^^^^^^^^^^^^^^^^^^^^^^^^^^^^^^^^^^^^^^^^^^^^^^^^^^^^^^^^^^^^
  File "/home/airflow/.local/lib/python3.12/site-packages/airflow/models/taskinstance.py", line 432, in _execute_callable
    return execute_callable(context=context, **execute_callable_kwargs)
           ^^^^^^^^^^^^^^^^^^^^^^^^^^^^^^^^^^^^^^^^^^^^^^^^^^^^^^^^^^^^
  File "/home/airflow/.local/lib/python3.12/site-packages/airflow/models/baseoperator.py", line 400, in wrapper
    return func(self, *args, **kwargs)
           ^^^^^^^^^^^^^^^^^^^^^^^^^^^
  File "/home/airflow/.local/lib/python3.12/site-packages/airflow/operators/python.py", line 235, in execute
    return_value = self.execute_callable()
                   ^^^^^^^^^^^^^^^^^^^^^^^
  File "/home/airflow/.local/lib/python3.12/site-packages/airflow/operators/python.py", line 252, in execute_callable
    return self.python_callable(*self.op_args, **self.op_kwargs)
           ^^^^^^^^^^^^^^^^^^^^^^^^^^^^^^^^^^^^^^^^^^^^^^^^^^^^^
  File "/opt/airflow/dags/avl_pipeline/groups/mongo_group.py", line 13, in client1
    client = MongoClient(f'mongodb://{uri}/{db_name}?replicaSet={replicaSetName}',
             ^^^^^^^^^^^
NameError: name 'MongoClient' is not defined
[2024-05-13T15:17:48.249+0000] {taskinstance.py:1206} INFO - Marking task as UP_FOR_RETRY. dag_id=AVL_DAG, task_id=MongoDb.connect_to_mongo_server, run_id=scheduled__2024-05-12T00:00:00+00:00, execution_date=20240512T000000, start_date=20240513T151747, end_date=20240513T151748
[2024-05-13T15:17:48.273+0000] {standard_task_runner.py:110} ERROR - Failed to execute job 56035 for task MongoDb.connect_to_mongo_server (name 'MongoClient' is not defined; 21197)
[2024-05-13T15:17:48.311+0000] {local_task_job_runner.py:240} INFO - Task exited with return code 1
[2024-05-13T15:17:48.338+0000] {taskinstance.py:3498} INFO - 0 downstream tasks scheduled from follow-on schedule check
[2024-05-13T15:17:48.344+0000] {local_task_job_runner.py:222} INFO - ::endgroup::
