[2024-05-10T16:00:19.049+0000] {taskinstance.py:1979} INFO - Dependencies all met for dep_context=non-requeueable deps ti=<TaskInstance: Units_statistics_DAG.ETL_job scheduled__2024-05-10T15:40:00+00:00 map_index=15 [queued]>
[2024-05-10T16:00:19.142+0000] {taskinstance.py:1979} INFO - Dependencies all met for dep_context=requeueable deps ti=<TaskInstance: Units_statistics_DAG.ETL_job scheduled__2024-05-10T15:40:00+00:00 map_index=15 [queued]>
[2024-05-10T16:00:19.143+0000] {taskinstance.py:2193} INFO - Starting attempt 1 of 4
[2024-05-10T16:00:19.244+0000] {taskinstance.py:2217} INFO - Executing <Mapped(_PythonDecoratedOperator): ETL_job> on 2024-05-10 15:40:00+00:00
[2024-05-10T16:00:19.274+0000] {standard_task_runner.py:60} INFO - Started process 917930 to run task
[2024-05-10T16:00:19.314+0000] {standard_task_runner.py:87} INFO - Running: ['***', 'tasks', 'run', 'Units_statistics_DAG', 'ETL_job', 'scheduled__2024-05-10T15:40:00+00:00', '--job-id', '48143', '--raw', '--subdir', 'DAGS_FOLDER/Units_dag.py', '--cfg-path', '/tmp/tmpgq3as8jd', '--map-index', '15']
[2024-05-10T16:00:19.332+0000] {standard_task_runner.py:88} INFO - Job 48143: Subtask ETL_job
[2024-05-10T16:00:19.593+0000] {task_command.py:423} INFO - Running <TaskInstance: Units_statistics_DAG.ETL_job scheduled__2024-05-10T15:40:00+00:00 map_index=15 [running]> on host a09da322e808
[2024-05-10T16:00:20.043+0000] {taskinstance.py:2513} INFO - Exporting env vars: AIRFLOW_CTX_DAG_OWNER='abeer-araby' AIRFLOW_CTX_DAG_ID='Units_statistics_DAG' AIRFLOW_CTX_TASK_ID='ETL_job' AIRFLOW_CTX_EXECUTION_DATE='2024-05-10T15:40:00+00:00' AIRFLOW_CTX_TRY_NUMBER='1' AIRFLOW_CTX_DAG_RUN_ID='scheduled__2024-05-10T15:40:00+00:00'
[2024-05-10T16:00:20.044+0000] {Units_dag.py:98} INFO - i: 150000, chunk: 10000
[2024-05-10T16:00:20.044+0000] {Units_dag.py:99} INFO - child token is::: eyJ0eXAiOiJKV1QiLCJhbGciOiJIUzI1NiJ9.eyJpc3MiOiJodHRwczovL2FwaS5hZmFxeS5zYS9hdXRoL2xvZ2luX2FzIiwiaWF0IjoxNzE1MzU2ODA0LCJleHAiOjE3MTc5NDg4MDQsIm5iZiI6MTcxNTM1NjgwNCwianRpIjoiOWNsckNEeUpHRXBBTEM3ViIsInN1YiI6IjVkNjNlNTFlMDNlZDUyOTJhNDJjMjRlNiIsInBydiI6IjI3MGVjZmM3ZWEzZWQ5MzdlYTg0OTM2MmEzYTUwOTEwYzZkOGNlNGYiLCJsb2dpbl9hc19pZCI6IjY1N2YwYWQ3M2Y5NzcyOTVjZjA1NTc2YSJ9.NXDahFVve8ecz3gj39DIKgbHM4VcNelOoovBV7vQRDc
[2024-05-10T16:00:50.904+0000] {Units_dag.py:103} INFO - {'_id': '659bf82743ca0211150f8273', 'icon': 'icons/icon.png', 'driver_id': '', 'tailer_id': '', 'profile': {'vehicle_type': '', 'measurement_type': 'count', 'max_capacity': 0, 'vin': '', 'plate_number': '', 'start_operation': '', 'contract_milage': '', 'opening_milage': '', 'model': '', 'fuel_type': '91', 'year': 0, 'seats': 2}, 'shipment_info': {'product_category': None, 'truck_type': None, 'shipment_type': None, 'shipment_payment_type': None, 'transporter_type': None, 'operating_area': None, 'weight_kilograms_per_day': None, 'kms_per_day': None, 'shipment_trip_drive_hrs_day': None, 'allowable_delay_drive_hrs_day': None, 'expected_shipment_trip_day': None, 'car_pay_per_day': None, 'exceeding_temperature_limit_per_day': None, 'temperature_upper_limit': None, 'exceeding_humidity_limit_per_day': None, 'humidity_upper_limit': None}, 'device_password': '***', 'device_type': 'gps', 'gateway': False, 'business_types': {'waste': False, 'transportation': True, 'water': False}, 'name': '5922BER', 'operation_code': '', 'device_gateway': '', 'skip_sim_information': False, 'imei': '866069060821301', 'sim_number': '+966830020337741', 'sim_serial': '8996609821112128732', 'device_serial': '1135686265', 'device': 'teltonika', 'user_id': '631866bf3cdfd0479c43062d', 'created_by': '5e6655bf03ed52e1ab79d301', 'updated_at': '2024-04-18 11:18:59', 'created_at': '2024-01-08 16:27:03', 'custom_fields': [], 'creator': 'amr.ahmed', 'company': '', 'owner': 'dar-almerkaba-admin', 'last_update': {'dtt': 1715356756000, 'dts': 1715356759963, 'spd': 0, 'ang': 0, 'alt': 0, 'chPrams': {'Speed': {'v': 0, 'cdt': 1715352356000}, 'output1': {'v': False, 'cdt': 1715329009000}, 'ePwrV': {'v': 12.948, 'cdt': 1715356756000}, 'parm24': {'v': 0, 'cdt': 1715352356000}, 'sat': {'v': 0, 'cdt': 1715355554000}, 'ai1': {'v': 217, 'cdt': 1713359386000}, 'priority': {'v': 0, 'cdt': 1715164123000}, 'type': {'v': 6, 'cdt': 1715353751000}, 'di1': {'v': 0, 'cdt': 1715352820000}, 'result': {'v': '5665723a30332e32382e30325f313937204750533a41584e5f352e312e392048773a464d43393230204d6f643a3120494d45493a38363630363930363038323133303120496e69743a323032342d352d372031353a313020557074696d653a323538363438204d41433a333838413231393233424334205350433a312830292041584c3a31204f42443a3020424c3a312e31302042543a34', 'cdt': 1715353751000}, 'protocol': {'v': 'FMC920', 'cdt': 1715354052000}, 'iPwrV': {'v': 0, 'cdt': 1704793996000}, 'event': {'v': 0, 'cdt': 1715164425000}}, 'prms': {'protocol': 'FMC920', 'priority': 0, 'sat': 0, 'event': 0, 'di1': 0, 'output1': 0, 'ePwrV': 12.948, 'Speed': 0, 'parm24': 0, 'iPwrV': 0, 'ai1': 217}, 'devPrms': ['protocol', 'priority', 'sat', 'event', 'di1', 'output1', 'ePwrV', 'Speed', 'parm24', 'iPwrV', 'ai1'], 'old_params': {'Speed': 0, 'protocol': 'teltonika', 'output1': 0, 'ePwrV': 12.977, 'parm24': 0, 'sat': 0, 'ai1': 217, 'iPwrV': 0, 'priority': 0, 'event': 0, 'di1': 0}, 'vLoc': 1, 'vCon': 0, 'ip': '37.216.47.43', 'rl': 0, 'trl': 14464.7454, 'mdu': 0, 'tmdu': 1245336, 'eidl': 0, 'teidl': 299133, 'fc': 0, 'tfc': 9.550044, 'acc': 0, 'accOn': 2247328, 'accOff': 8995775, 'sdu': 301, 'tsdu': 3936, 'lat': 24.5664816, 'lng': 46.8517416}, 'counters': {'engine_hours': 2247328, 'last_acc': 0, 'odometer': 14464.613, 'engine_hours_type': '', 'odometer_type': ''}, 'is_wasl_connected': 'Not Connected', 'iconUrl': 'https://api.afaqy.sa/images/units/icons/icon.png', 'hasCCTV': False}
[2024-05-10T16:00:52.947+0000] {warnings.py:109} WARNING - /home/***/.local/lib/python3.8/site-packages/elasticsearch/_sync/client/__init__.py:399: SecurityWarning: Connecting to 'https://dbelk1.afaqy.local:9200' using TLS with verify_certs=False is insecure
  _transport = transport_class(

[2024-05-10T16:00:53.193+0000] {warnings.py:109} WARNING - /home/***/.local/lib/python3.8/site-packages/elasticsearch/_sync/client/__init__.py:399: SecurityWarning: Connecting to 'https://dbelk2.afaqy.local:9200' using TLS with verify_certs=False is insecure
  _transport = transport_class(

[2024-05-10T16:00:53.506+0000] {warnings.py:109} WARNING - /home/***/.local/lib/python3.8/site-packages/elasticsearch/_sync/client/__init__.py:399: SecurityWarning: Connecting to 'https://dbelk3.afaqy.local:9200' using TLS with verify_certs=False is insecure
  _transport = transport_class(

[2024-05-10T16:00:53.577+0000] {warnings.py:109} WARNING - /home/***/.local/lib/python3.8/site-packages/urllib3/connectionpool.py:1061: InsecureRequestWarning: Unverified HTTPS request is being made to host 'dbelk1.afaqy.local'. Adding certificate verification is strongly advised. See: https://urllib3.readthedocs.io/en/1.26.x/advanced-usage.html#ssl-warnings
  warnings.warn(

[2024-05-10T16:00:53.635+0000] {_transport.py:335} INFO - GET https://dbelk1.afaqy.local:9200/_cluster/health [status:200 duration:0.114s]
[2024-05-10T16:00:54.661+0000] {warnings.py:109} WARNING - /home/***/.local/lib/python3.8/site-packages/urllib3/connectionpool.py:1061: InsecureRequestWarning: Unverified HTTPS request is being made to host 'dbelk2.afaqy.local'. Adding certificate verification is strongly advised. See: https://urllib3.readthedocs.io/en/1.26.x/advanced-usage.html#ssl-warnings
  warnings.warn(

[2024-05-10T16:00:56.120+0000] {_transport.py:335} INFO - PUT https://dbelk2.afaqy.local:9200/units_statistics_***/_bulk [status:200 duration:1.498s]
[2024-05-10T16:00:56.299+0000] {python.py:202} INFO - Done. Returned value was: None
[2024-05-10T16:00:56.312+0000] {taskinstance.py:1149} INFO - Marking task as SUCCESS. dag_id=Units_statistics_DAG, task_id=ETL_job, map_index=15, execution_date=20240510T154000, start_date=20240510T160019, end_date=20240510T160056
[2024-05-10T16:00:56.387+0000] {local_task_job_runner.py:234} INFO - Task exited with return code 0
[2024-05-10T16:00:56.411+0000] {taskinstance.py:3312} INFO - 0 downstream tasks scheduled from follow-on schedule check
