[2024-05-05T10:20:13.605+0000] {taskinstance.py:1979} INFO - Dependencies all met for dep_context=non-requeueable deps ti=<TaskInstance: Units_statistics_DAG.ETL_job scheduled__2024-05-05T10:00:00+00:00 map_index=9 [queued]>
[2024-05-05T10:20:13.669+0000] {taskinstance.py:1979} INFO - Dependencies all met for dep_context=requeueable deps ti=<TaskInstance: Units_statistics_DAG.ETL_job scheduled__2024-05-05T10:00:00+00:00 map_index=9 [queued]>
[2024-05-05T10:20:13.669+0000] {taskinstance.py:2193} INFO - Starting attempt 1 of 4
[2024-05-05T10:20:13.797+0000] {taskinstance.py:2217} INFO - Executing <Mapped(_PythonDecoratedOperator): ETL_job> on 2024-05-05 10:00:00+00:00
[2024-05-05T10:20:13.847+0000] {standard_task_runner.py:60} INFO - Started process 780270 to run task
[2024-05-05T10:20:13.908+0000] {standard_task_runner.py:87} INFO - Running: ['***', 'tasks', 'run', 'Units_statistics_DAG', 'ETL_job', 'scheduled__2024-05-05T10:00:00+00:00', '--job-id', '33083', '--raw', '--subdir', 'DAGS_FOLDER/Units_dag.py', '--cfg-path', '/tmp/tmpdwffcabb', '--map-index', '9']
[2024-05-05T10:20:13.923+0000] {standard_task_runner.py:88} INFO - Job 33083: Subtask ETL_job
[2024-05-05T10:20:14.333+0000] {task_command.py:423} INFO - Running <TaskInstance: Units_statistics_DAG.ETL_job scheduled__2024-05-05T10:00:00+00:00 map_index=9 [running]> on host a09da322e808
[2024-05-05T10:20:14.922+0000] {taskinstance.py:2513} INFO - Exporting env vars: AIRFLOW_CTX_DAG_OWNER='abeer-araby' AIRFLOW_CTX_DAG_ID='Units_statistics_DAG' AIRFLOW_CTX_TASK_ID='ETL_job' AIRFLOW_CTX_EXECUTION_DATE='2024-05-05T10:00:00+00:00' AIRFLOW_CTX_TRY_NUMBER='1' AIRFLOW_CTX_DAG_RUN_ID='scheduled__2024-05-05T10:00:00+00:00'
[2024-05-05T10:20:14.930+0000] {Units_dag.py:99} INFO - i: 90000, chunk: 10000
[2024-05-05T10:20:14.931+0000] {Units_dag.py:100} INFO - child token is::: eyJ0eXAiOiJKV1QiLCJhbGciOiJIUzI1NiJ9.eyJpc3MiOiJodHRwczovL2FwaS5hZmFxeS5zYS9hdXRoL2xvZ2luX2FzIiwiaWF0IjoxNzE0OTA0NDA0LCJleHAiOjE3MTc0OTY0MDQsIm5iZiI6MTcxNDkwNDQwNCwianRpIjoiOUZpTHh5aHdpQWFMVG1kYiIsInN1YiI6IjVkNjNlNTFlMDNlZDUyOTJhNDJjMjRlNiIsInBydiI6IjI3MGVjZmM3ZWEzZWQ5MzdlYTg0OTM2MmEzYTUwOTEwYzZkOGNlNGYiLCJsb2dpbl9hc19pZCI6IjY1N2YwYWQ3M2Y5NzcyOTVjZjA1NTc2YSJ9.ywEvIYkluJCVKLe2zqMMJQIysv6XzJ6PuJ7f3OM7K-w
[2024-05-05T10:20:40.868+0000] {Units_dag.py:104} INFO - {'_id': '640d921287b0fa7e690c3914', 'icon': 'icons/icon.png', 'driver_id': '', 'tailer_id': '', 'profile': {'vehicle_type': '', 'measurement_type': 'count', 'max_capacity': 0, 'vin': '', 'plate_number': '', 'start_operation': '', 'contract_milage': '', 'opening_milage': '', 'model': '', 'fuel_type': '91', 'year': 0, 'seats': 2}, 'device_password': '***', 'device_type': 'gps', 'gateway': False, 'name': 'ب ص ص 1797', 'operation_code': '', 'device_gateway': '', 'business_types': {'waste': False, 'transportation': True, 'water': False}, 'imei': '861937063008701', 'sim_number': '+966830031778764', 'sim_serial': '21296774019', 'device_serial': '861937063008701', 'device': 'bce', 'user_id': '5f8bf21303ed52b7fb1c11ba', 'created_by': '5e6655bf03ed52e1ab79d301', 'updated_at': '2024-04-18 11:18:59', 'created_at': '2023-03-12 11:49:22', 'custom_fields': [], 'creator': 'amr.ahmed', 'company': '', 'owner': 'alwefaq-rent', 'last_update': {'dtt': 1714904356000, 'dts': 1714904410171, 'spd': 0, 'ang': 308, 'alt': 653, 'chPrams': {'ePwrV': {'v': 13.787, 'cdt': 1714904356000}, 'di16': {'v': 1, 'cdt': 1712941052000}, 'rssi1': {'v': 67, 'cdt': 1714904356000}, 'di15': {'v': 0, 'cdt': 1712312962000}, 'di14': {'v': 0, 'cdt': 1714904212000}, 'di13': {'v': 0, 'cdt': 1712941052000}, 'di12': {'v': 0, 'cdt': 1712941052000}, 'di11': {'v': 0, 'cdt': 1712941052000}, 'di10': {'v': 0, 'cdt': 1712941052000}, 'di2': {'v': 0, 'cdt': 1712941052000}, 'di1': {'v': 0, 'cdt': 1714904296000}, 'ai4': {'v': 196, 'cdt': 1714904236000}, 'di4': {'v': 0, 'cdt': 1712941052000}, 'di3': {'v': 0, 'cdt': 1712941052000}, 'di6': {'v': 0, 'cdt': 1712941052000}, 'di5': {'v': 1, 'cdt': 1714889354000}, 'lac1': {'v': 22109, 'cdt': 1714898066000}, 'protocol': {'v': 'bce', 'cdt': 1712941052000}, 'di8': {'v': 1, 'cdt': 1712941052000}, 'di7': {'v': 1, 'cdt': 1714889214000}, 'di9': {'v': 0, 'cdt': 1712941052000}, 'iPwrV': {'v': 4.001, 'cdt': 1714904356000}, 'humidity': {'v': -1, 'cdt': 1712941052000}, 'ID': {'v': '0', 'cdt': 1712941052000}, 'cid1': {'v': 24643, 'cdt': 1714903978000}, 'temp': {'v': -273, 'cdt': 1712941052000}, 'odometer': {'v': 0, 'cdt': 1714904212000}, 'spd': {'v': 0, 'cdt': 1714904236000}, 'sat': {'v': 12, 'cdt': 1714891922000}, 'hdop': {'v': 1, 'cdt': 1714742352000}, 'ta': {'v': 0, 'cdt': 1712941052000}, 'mcc1': {'v': 420, 'cdt': 1713773834000}, 'mnc1': {'v': 4, 'cdt': 1713773834000}}, 'prms': {'protocol': 'bce', 'spd': 0, 'sat': 12, 'hdop': 1, 'odometer': 0, 'di16': 1, 'di15': 0, 'di14': 0, 'di13': 0, 'di12': 0, 'di11': 0, 'di10': 0, 'di9': 0, 'di8': 1, 'di7': 1, 'di6': 0, 'di5': 1, 'di4': 0, 'di3': 0, 'di2': 0, 'di1': 0, 'ePwrV': 13.787, 'ai4': 196, 'iPwrV': 4.001, 'ta': 0, 'mcc1': 420, 'mnc1': 4, 'lac1': 22109, 'cid1': 24643, 'rssi1': 67, 'ID': '0', 'temp': -273, 'humidity': -1}, 'devPrms': ['protocol', 'spd', 'sat', 'hdop', 'odometer', 'di16', 'di15', 'di14', 'di13', 'di12', 'di11', 'di10', 'di9', 'di8', 'di7', 'di6', 'di5', 'di4', 'di3', 'di2', 'di1', 'ePwrV', 'ai4', 'iPwrV', 'ta', 'mcc1', 'mnc1', 'lac1', 'cid1', 'rssi1', 'ID', 'temp', 'humidity'], 'old_params': {'protocol': 'bce', 'spd': 0, 'sat': 12, 'hdop': 1, 'odometer': 0, 'di16': 1, 'di15': 0, 'di14': 0, 'di13': 0, 'di12': 0, 'di11': 0, 'di10': 0, 'di9': 0, 'di8': 1, 'di7': 1, 'di6': 0, 'di5': 1, 'di4': 0, 'di3': 0, 'di2': 0, 'di1': 0, 'ePwrV': 13.822, 'ai4': 196, 'iPwrV': 4.005, 'ta': 0, 'mcc1': 420, 'mnc1': 4, 'lac1': 22109, 'cid1': 24643, 'rssi1': 65, 'ID': '0', 'temp': -273, 'humidity': -1}, 'vLoc': 1, 'vCon': 1, 'ip': '51.39.192.234', 'rl': 0, 'trl': 34476.3767, 'mdu': 0, 'tmdu': 2941212, 'eidl': 60, 'teidl': 2408154, 'fc': 0, 'tfc': 30.607512, 'acc': 1, 'accOn': 10973824, 'accOff': 12279838, 'sdu': 0, 'tsdu': 0, 'lat': 24.4748592376709, 'lng': 46.30134963989258}, 'counters': {'odometer_type': 'gps', 'odometer': 70112.3046, 'engine_hours_type': 'acc', 'engine_hours': 10973824, 'last_acc': 1}, 'is_wasl_connected': 'Not Connected', 'iconUrl': 'https://api.afaqy.sa/images/units/icons/icon.png', 'hasCCTV': False}
[2024-05-05T10:20:42.237+0000] {warnings.py:109} WARNING - /home/***/.local/lib/python3.8/site-packages/elasticsearch/_sync/client/__init__.py:399: SecurityWarning: Connecting to 'https://dbelk1.afaqy.local:9200' using TLS with verify_certs=False is insecure
  _transport = transport_class(

[2024-05-05T10:20:42.400+0000] {warnings.py:109} WARNING - /home/***/.local/lib/python3.8/site-packages/elasticsearch/_sync/client/__init__.py:399: SecurityWarning: Connecting to 'https://dbelk2.afaqy.local:9200' using TLS with verify_certs=False is insecure
  _transport = transport_class(

[2024-05-05T10:20:42.517+0000] {warnings.py:109} WARNING - /home/***/.local/lib/python3.8/site-packages/elasticsearch/_sync/client/__init__.py:399: SecurityWarning: Connecting to 'https://dbelk3.afaqy.local:9200' using TLS with verify_certs=False is insecure
  _transport = transport_class(

[2024-05-05T10:20:42.549+0000] {warnings.py:109} WARNING - /home/***/.local/lib/python3.8/site-packages/urllib3/connectionpool.py:1061: InsecureRequestWarning: Unverified HTTPS request is being made to host 'dbelk1.afaqy.local'. Adding certificate verification is strongly advised. See: https://urllib3.readthedocs.io/en/1.26.x/advanced-usage.html#ssl-warnings
  warnings.warn(

[2024-05-05T10:20:42.714+0000] {_transport.py:335} INFO - GET https://dbelk1.afaqy.local:9200/_cluster/health [status:200 duration:0.195s]
[2024-05-05T10:20:44.141+0000] {warnings.py:109} WARNING - /home/***/.local/lib/python3.8/site-packages/urllib3/connectionpool.py:1061: InsecureRequestWarning: Unverified HTTPS request is being made to host 'dbelk2.afaqy.local'. Adding certificate verification is strongly advised. See: https://urllib3.readthedocs.io/en/1.26.x/advanced-usage.html#ssl-warnings
  warnings.warn(

[2024-05-05T10:20:44.424+0000] {_transport.py:335} INFO - PUT https://dbelk2.afaqy.local:9200/units_statistics_***/_bulk [status:200 duration:0.339s]
[2024-05-05T10:20:45.523+0000] {taskinstance.py:2731} ERROR - Task failed with exception
Traceback (most recent call last):
  File "/home/airflow/.local/lib/python3.8/site-packages/airflow/models/taskinstance.py", line 444, in _execute_task
    result = _execute_callable(context=context, **execute_callable_kwargs)
  File "/home/airflow/.local/lib/python3.8/site-packages/airflow/models/taskinstance.py", line 414, in _execute_callable
    return execute_callable(context=context, **execute_callable_kwargs)
  File "/home/airflow/.local/lib/python3.8/site-packages/airflow/decorators/base.py", line 241, in execute
    return_value = super().execute(context)
  File "/home/airflow/.local/lib/python3.8/site-packages/airflow/operators/python.py", line 200, in execute
    return_value = self.execute_callable()
  File "/home/airflow/.local/lib/python3.8/site-packages/airflow/operators/python.py", line 217, in execute_callable
    return self.python_callable(*self.op_args, **self.op_kwargs)
  File "/opt/airflow/dags/Units_dag.py", line 112, in ETL_job
    Elk_client.elk_pushData(Globals.index_name,units_list_update)
  File "/opt/airflow/dags/elk_manager.py", line 69, in elk_pushData
    helpers.bulk(self.elk_client, docs_list, index=index_name, chunk_size=batch)
  File "/home/airflow/.local/lib/python3.8/site-packages/elasticsearch/helpers/actions.py", line 521, in bulk
    for ok, item in streaming_bulk(
  File "/home/airflow/.local/lib/python3.8/site-packages/elasticsearch/helpers/actions.py", line 436, in streaming_bulk
    for data, (ok, info) in zip(
  File "/home/airflow/.local/lib/python3.8/site-packages/elasticsearch/helpers/actions.py", line 355, in _process_bulk_chunk
    yield from gen
  File "/home/airflow/.local/lib/python3.8/site-packages/elasticsearch/helpers/actions.py", line 274, in _process_bulk_chunk_success
    raise BulkIndexError(f"{len(errors)} document(s) failed to index.", errors)
elasticsearch.helpers.BulkIndexError: 10000 document(s) failed to index.
[2024-05-05T10:20:45.566+0000] {taskinstance.py:1149} INFO - Marking task as UP_FOR_RETRY. dag_id=Units_statistics_DAG, task_id=ETL_job, map_index=9, execution_date=20240505T100000, start_date=20240505T102013, end_date=20240505T102045
[2024-05-05T10:20:45.595+0000] {standard_task_runner.py:107} ERROR - Failed to execute job 33083 for task ETL_job (10000 document(s) failed to index.; 780270)
[2024-05-05T10:20:45.733+0000] {local_task_job_runner.py:234} INFO - Task exited with return code 1
[2024-05-05T10:20:45.771+0000] {taskinstance.py:3312} INFO - 0 downstream tasks scheduled from follow-on schedule check
