[2024-05-08T08:40:51.615+0000] {taskinstance.py:1979} INFO - Dependencies all met for dep_context=non-requeueable deps ti=<TaskInstance: Units_statistics_DAG.ETL_job scheduled__2024-05-08T08:20:00+00:00 map_index=16 [queued]>
[2024-05-08T08:40:51.730+0000] {taskinstance.py:1979} INFO - Dependencies all met for dep_context=requeueable deps ti=<TaskInstance: Units_statistics_DAG.ETL_job scheduled__2024-05-08T08:20:00+00:00 map_index=16 [queued]>
[2024-05-08T08:40:51.731+0000] {taskinstance.py:2193} INFO - Starting attempt 1 of 4
[2024-05-08T08:40:51.917+0000] {taskinstance.py:2217} INFO - Executing <Mapped(_PythonDecoratedOperator): ETL_job> on 2024-05-08 08:20:00+00:00
[2024-05-08T08:40:51.979+0000] {standard_task_runner.py:60} INFO - Started process 856809 to run task
[2024-05-08T08:40:54.161+0000] {standard_task_runner.py:87} INFO - Running: ['***', 'tasks', 'run', 'Units_statistics_DAG', 'ETL_job', 'scheduled__2024-05-08T08:20:00+00:00', '--job-id', '41229', '--raw', '--subdir', 'DAGS_FOLDER/Units_dag.py', '--cfg-path', '/tmp/tmp1whx0j78', '--map-index', '16']
[2024-05-08T08:40:54.211+0000] {standard_task_runner.py:88} INFO - Job 41229: Subtask ETL_job
[2024-05-08T08:40:58.194+0000] {task_command.py:423} INFO - Running <TaskInstance: Units_statistics_DAG.ETL_job scheduled__2024-05-08T08:20:00+00:00 map_index=16 [running]> on host a09da322e808
[2024-05-08T08:40:58.799+0000] {taskinstance.py:2513} INFO - Exporting env vars: AIRFLOW_CTX_DAG_OWNER='abeer-araby' AIRFLOW_CTX_DAG_ID='Units_statistics_DAG' AIRFLOW_CTX_TASK_ID='ETL_job' AIRFLOW_CTX_EXECUTION_DATE='2024-05-08T08:20:00+00:00' AIRFLOW_CTX_TRY_NUMBER='1' AIRFLOW_CTX_DAG_RUN_ID='scheduled__2024-05-08T08:20:00+00:00'
[2024-05-08T08:40:58.801+0000] {Units_dag.py:98} INFO - i: 160000, chunk: 10000
[2024-05-08T08:40:58.801+0000] {Units_dag.py:99} INFO - child token is::: eyJ0eXAiOiJKV1QiLCJhbGciOiJIUzI1NiJ9.eyJpc3MiOiJodHRwczovL2FwaS5hZmFxeS5zYS9hdXRoL2xvZ2luX2FzIiwiaWF0IjoxNzE1MTU3NjA0LCJleHAiOjE3MTc3NDk2MDQsIm5iZiI6MTcxNTE1NzYwNCwianRpIjoiYmNObnBlYXhnVW5YTmR5UyIsInN1YiI6IjVkNjNlNTFlMDNlZDUyOTJhNDJjMjRlNiIsInBydiI6IjI3MGVjZmM3ZWEzZWQ5MzdlYTg0OTM2MmEzYTUwOTEwYzZkOGNlNGYiLCJsb2dpbl9hc19pZCI6IjY1N2YwYWQ3M2Y5NzcyOTVjZjA1NTc2YSJ9.zqBI6sSFphTGhbPTNqkEImB1S7fQ04iVX8Ts57hvOiM
[2024-05-08T08:41:16.759+0000] {Units_dag.py:103} INFO - {'_id': '65f03d12522d60c93709b444', 'icon': 'icons/icon.png', 'driver_id': '', 'tailer_id': '', 'profile': {'measurement_type': 'count', 'fuel_type': '91', 'year': 0, 'seats': 2}, 'shipment_info': {'product_category': '', 'truck_type': '', 'shipment_type': '', 'shipment_payment_type': '', 'transporter_type': '', 'operating_area': '', 'weight_kilograms_per_day': '', 'kms_per_day': '', 'opening_milage': '', 'shipment_trip_drive_hrs_day': '', 'expected_shipment_trip_day': '', 'car_pay_per_day': '', 'exceeding_temperature_limit_per_day': '', 'temperature_upper_limit': '', 'exceeding_humidity_limit_per_day': '', 'humidity_upper_limit': '', 'allowable_delay_drive_hrs_day': ''}, 'device_password': '***', 'device_type': 'gps', 'gateway': False, 'business_types': {'waste': False, 'transportation': True, 'water': False}, 'name': '3293NTB', 'operation_code': None, 'device_gateway': None, 'skip_sim_information': False, 'imei': '866069061938716', 'sim_number': '+966830020541785', 'sim_serial': '8996609821112200487', 'device_serial': '1135691284', 'device': 'teltonika', 'user_id': '64a521fa2b89b242d0656ad2', 'created_by': '5e6655bf03ed52e1ab79d301', 'updated_at': '2024-04-18 11:18:59', 'created_at': '2024-03-12 14:31:30', 'custom_fields': [], 'creator': 'amr.ahmed', 'company': '', 'owner': 'chery-trading-admin', 'last_update': {'dtt': 1715157517000, 'dts': 1715157520156, 'spd': 0, 'ang': 277, 'alt': 24, 'chPrams': {'Speed': {'v': 0, 'cdt': 1713872415000}, 'output1': {'v': False, 'cdt': 1715134375000}, 'ePwrV': {'v': 11.966000000000001, 'cdt': 1715157517000}, 'parm24': {'v': 0, 'cdt': 1713872415000}, 'sat': {'v': 17, 'cdt': 1715157517000}, 'ai1': {'v': 259, 'cdt': 1712913466000}, 'priority': {'v': 0, 'cdt': 1712735548000}, 'type': {'v': 6, 'cdt': 1712930296000}, 'di1': {'v': 0, 'cdt': 1714374617000}, 'result': {'v': '5665723a30332e32382e30325f313937204750533a41584e5f352e312e392048773a464d43393230204d6f643a3120494d45493a38363630363930363139333837313620496e69743a323032342d332d313320393a3820557074696d653a34383035313530204d41433a333838413231393141323639205350433a312830292041584c3a31204f42443a3020424c3a312e31302042543a34', 'cdt': 1715134075000}, 'protocol': {'v': 'FMC920', 'cdt': 1715134375000}, 'iPwrV': {'v': 3.944, 'cdt': 1715136179000}, 'event': {'v': 0, 'cdt': 1712913466000}}, 'prms': {'protocol': 'FMC920', 'priority': 0, 'sat': 17, 'event': 0, 'di1': 0, 'output1': 0, 'ePwrV': 11.966000000000001, 'Speed': 0, 'parm24': 0, 'iPwrV': 3.944, 'ai1': 259}, 'devPrms': ['protocol', 'priority', 'sat', 'event', 'di1', 'output1', 'ePwrV', 'Speed', 'parm24', 'iPwrV', 'ai1'], 'old_params': {'protocol': 'FMC920', 'priority': 0, 'sat': 18, 'event': 0, 'di1': 0, 'output1': 0, 'ePwrV': 11.969, 'Speed': 0, 'parm24': 0, 'iPwrV': 3.944, 'ai1': 259}, 'vLoc': 1, 'vCon': 1, 'ip': '109.83.197.52', 'rl': 0, 'trl': 0.0838, 'mdu': 0, 'tmdu': 123, 'eidl': 0, 'teidl': 1255, 'fc': 0, 'tfc': 0.010056, 'acc': 0, 'accOn': 1263, 'accOff': 642240530, 'sdu': 300, 'tsdu': 782900, 'lat': 21.5690466, 'lng': 39.1918666}, 'counters': {'engine_hours': 1263, 'last_acc': 0, 'odometer': 0.0764, 'engine_hours_type': 'acc', 'odometer_type': 'gps'}, 'is_wasl_connected': 'Not Connected', 'iconUrl': 'https://api.afaqy.sa/images/units/icons/icon.png', 'hasCCTV': False}
[2024-05-08T08:41:17.368+0000] {warnings.py:109} WARNING - /home/***/.local/lib/python3.8/site-packages/elasticsearch/_sync/client/__init__.py:399: SecurityWarning: Connecting to 'https://dbelk2.afaqy.local:9200' using TLS with verify_certs=False is insecure
  _transport = transport_class(

[2024-05-08T08:41:17.444+0000] {warnings.py:109} WARNING - /home/***/.local/lib/python3.8/site-packages/elasticsearch/_sync/client/__init__.py:399: SecurityWarning: Connecting to 'https://dbelk1.afaqy.local:9200' using TLS with verify_certs=False is insecure
  _transport = transport_class(

[2024-05-08T08:41:17.518+0000] {warnings.py:109} WARNING - /home/***/.local/lib/python3.8/site-packages/elasticsearch/_sync/client/__init__.py:399: SecurityWarning: Connecting to 'https://dbelk3.afaqy.local:9200' using TLS with verify_certs=False is insecure
  _transport = transport_class(

[2024-05-08T08:41:18.549+0000] {warnings.py:109} WARNING - /home/***/.local/lib/python3.8/site-packages/urllib3/connectionpool.py:1061: InsecureRequestWarning: Unverified HTTPS request is being made to host 'dbelk2.afaqy.local'. Adding certificate verification is strongly advised. See: https://urllib3.readthedocs.io/en/1.26.x/advanced-usage.html#ssl-warnings
  warnings.warn(

[2024-05-08T08:41:18.769+0000] {_transport.py:335} INFO - GET https://dbelk2.afaqy.local:9200/_cluster/health [status:200 duration:1.249s]
[2024-05-08T08:41:19.197+0000] {warnings.py:109} WARNING - /home/***/.local/lib/python3.8/site-packages/urllib3/connectionpool.py:1061: InsecureRequestWarning: Unverified HTTPS request is being made to host 'dbelk1.afaqy.local'. Adding certificate verification is strongly advised. See: https://urllib3.readthedocs.io/en/1.26.x/advanced-usage.html#ssl-warnings
  warnings.warn(

[2024-05-08T08:41:20.552+0000] {_transport.py:335} INFO - PUT https://dbelk1.afaqy.local:9200/units_statistics_***/_bulk [status:200 duration:1.374s]
[2024-05-08T08:41:20.723+0000] {python.py:202} INFO - Done. Returned value was: None
[2024-05-08T08:41:20.741+0000] {taskinstance.py:1149} INFO - Marking task as SUCCESS. dag_id=Units_statistics_DAG, task_id=ETL_job, map_index=16, execution_date=20240508T082000, start_date=20240508T084051, end_date=20240508T084120
[2024-05-08T08:41:20.793+0000] {local_task_job_runner.py:234} INFO - Task exited with return code 0
[2024-05-08T08:41:20.824+0000] {taskinstance.py:3312} INFO - 0 downstream tasks scheduled from follow-on schedule check
