[2024-04-29T14:20:09.675+0000] {taskinstance.py:1979} INFO - Dependencies all met for dep_context=non-requeueable deps ti=<TaskInstance: Units_statistics_DAG.split_data_into_chunks scheduled__2024-04-29T14:00:00+00:00 [queued]>
[2024-04-29T14:20:09.691+0000] {taskinstance.py:1979} INFO - Dependencies all met for dep_context=requeueable deps ti=<TaskInstance: Units_statistics_DAG.split_data_into_chunks scheduled__2024-04-29T14:00:00+00:00 [queued]>
[2024-04-29T14:20:09.691+0000] {taskinstance.py:2193} INFO - Starting attempt 1 of 4
[2024-04-29T14:20:09.711+0000] {taskinstance.py:2217} INFO - Executing <Task(_PythonDecoratedOperator): split_data_into_chunks> on 2024-04-29 14:00:00+00:00
[2024-04-29T14:20:09.718+0000] {standard_task_runner.py:60} INFO - Started process 640176 to run task
[2024-04-29T14:20:09.729+0000] {standard_task_runner.py:87} INFO - Running: ['***', 'tasks', 'run', 'Units_statistics_DAG', 'split_data_into_chunks', 'scheduled__2024-04-29T14:00:00+00:00', '--job-id', '23138', '--raw', '--subdir', 'DAGS_FOLDER/Units_dag.py', '--cfg-path', '/tmp/tmpp374gbb3']
[2024-04-29T14:20:09.732+0000] {standard_task_runner.py:88} INFO - Job 23138: Subtask split_data_into_chunks
[2024-04-29T14:20:09.825+0000] {task_command.py:423} INFO - Running <TaskInstance: Units_statistics_DAG.split_data_into_chunks scheduled__2024-04-29T14:00:00+00:00 [running]> on host a09da322e808
[2024-04-29T14:20:09.991+0000] {taskinstance.py:2513} INFO - Exporting env vars: AIRFLOW_CTX_DAG_OWNER='abeer-araby' AIRFLOW_CTX_DAG_ID='Units_statistics_DAG' AIRFLOW_CTX_TASK_ID='split_data_into_chunks' AIRFLOW_CTX_EXECUTION_DATE='2024-04-29T14:00:00+00:00' AIRFLOW_CTX_TRY_NUMBER='1' AIRFLOW_CTX_DAG_RUN_ID='scheduled__2024-04-29T14:00:00+00:00'
[2024-04-29T14:20:10.021+0000] {Units_dag.py:78} INFO - type of length is :<class 'int'>
[2024-04-29T14:20:10.520+0000] {warnings.py:109} WARNING - /home/***/.local/lib/python3.8/site-packages/elasticsearch/_sync/client/__init__.py:399: SecurityWarning: Connecting to 'https://dbelk3.afaqy.local:9200' using TLS with verify_certs=False is insecure
  _transport = transport_class(

[2024-04-29T14:20:10.571+0000] {warnings.py:109} WARNING - /home/***/.local/lib/python3.8/site-packages/elasticsearch/_sync/client/__init__.py:399: SecurityWarning: Connecting to 'https://dbelk1.afaqy.local:9200' using TLS with verify_certs=False is insecure
  _transport = transport_class(

[2024-04-29T14:20:10.622+0000] {warnings.py:109} WARNING - /home/***/.local/lib/python3.8/site-packages/elasticsearch/_sync/client/__init__.py:399: SecurityWarning: Connecting to 'https://dbelk2.afaqy.local:9200' using TLS with verify_certs=False is insecure
  _transport = transport_class(

[2024-04-29T14:20:10.643+0000] {warnings.py:109} WARNING - /home/***/.local/lib/python3.8/site-packages/urllib3/connectionpool.py:1061: InsecureRequestWarning: Unverified HTTPS request is being made to host 'dbelk3.afaqy.local'. Adding certificate verification is strongly advised. See: https://urllib3.readthedocs.io/en/1.26.x/advanced-usage.html#ssl-warnings
  warnings.warn(

[2024-04-29T14:20:10.712+0000] {_transport.py:335} INFO - GET https://dbelk3.afaqy.local:9200/_cluster/health [status:200 duration:0.088s]
[2024-04-29T14:20:10.736+0000] {warnings.py:109} WARNING - /home/***/.local/lib/python3.8/site-packages/urllib3/connectionpool.py:1061: InsecureRequestWarning: Unverified HTTPS request is being made to host 'dbelk1.afaqy.local'. Adding certificate verification is strongly advised. See: https://urllib3.readthedocs.io/en/1.26.x/advanced-usage.html#ssl-warnings
  warnings.warn(

[2024-04-29T14:20:10.740+0000] {_transport.py:335} INFO - HEAD https://dbelk1.afaqy.local:9200/units_statistics_*** [status:200 duration:0.027s]
[2024-04-29T14:20:10.765+0000] {warnings.py:109} WARNING - /home/***/.local/lib/python3.8/site-packages/urllib3/connectionpool.py:1061: InsecureRequestWarning: Unverified HTTPS request is being made to host 'dbelk2.afaqy.local'. Adding certificate verification is strongly advised. See: https://urllib3.readthedocs.io/en/1.26.x/advanced-usage.html#ssl-warnings
  warnings.warn(

[2024-04-29T14:20:11.237+0000] {_transport.py:335} INFO - DELETE https://dbelk2.afaqy.local:9200/units_statistics_*** [status:200 duration:0.495s]
[2024-04-29T14:20:11.238+0000] {Units_dag.py:91} INFO - i = 0, chunk = 10000
[2024-04-29T14:20:11.239+0000] {Units_dag.py:91} INFO - i = 10000, chunk = 10000
[2024-04-29T14:20:11.239+0000] {Units_dag.py:91} INFO - i = 20000, chunk = 10000
[2024-04-29T14:20:11.239+0000] {Units_dag.py:91} INFO - i = 30000, chunk = 10000
[2024-04-29T14:20:11.240+0000] {Units_dag.py:91} INFO - i = 40000, chunk = 10000
[2024-04-29T14:20:11.240+0000] {Units_dag.py:91} INFO - i = 50000, chunk = 10000
[2024-04-29T14:20:11.240+0000] {Units_dag.py:91} INFO - i = 60000, chunk = 10000
[2024-04-29T14:20:11.240+0000] {Units_dag.py:91} INFO - i = 70000, chunk = 10000
[2024-04-29T14:20:11.240+0000] {Units_dag.py:91} INFO - i = 80000, chunk = 10000
[2024-04-29T14:20:11.241+0000] {Units_dag.py:91} INFO - i = 90000, chunk = 10000
[2024-04-29T14:20:11.241+0000] {Units_dag.py:91} INFO - i = 100000, chunk = 10000
[2024-04-29T14:20:11.241+0000] {Units_dag.py:91} INFO - i = 110000, chunk = 10000
[2024-04-29T14:20:11.241+0000] {Units_dag.py:91} INFO - i = 120000, chunk = 10000
[2024-04-29T14:20:11.241+0000] {Units_dag.py:91} INFO - i = 130000, chunk = 10000
[2024-04-29T14:20:11.241+0000] {Units_dag.py:91} INFO - i = 140000, chunk = 10000
[2024-04-29T14:20:11.242+0000] {Units_dag.py:91} INFO - i = 150000, chunk = 10000
[2024-04-29T14:20:11.242+0000] {Units_dag.py:91} INFO - i = 160000, chunk = 8743
[2024-04-29T14:20:11.267+0000] {python.py:202} INFO - Done. Returned value was: [[0, 10000], [10000, 10000], [20000, 10000], [30000, 10000], [40000, 10000], [50000, 10000], [60000, 10000], [70000, 10000], [80000, 10000], [90000, 10000], [100000, 10000], [110000, 10000], [120000, 10000], [130000, 10000], [140000, 10000], [150000, 10000], [160000, 8743]]
[2024-04-29T14:20:11.317+0000] {taskinstance.py:1149} INFO - Marking task as SUCCESS. dag_id=Units_statistics_DAG, task_id=split_data_into_chunks, execution_date=20240429T140000, start_date=20240429T142009, end_date=20240429T142011
[2024-04-29T14:20:11.348+0000] {local_task_job_runner.py:234} INFO - Task exited with return code 0
[2024-04-29T14:20:11.575+0000] {taskinstance.py:3312} INFO - 17 downstream tasks scheduled from follow-on schedule check
