[2024-05-08T20:01:54.453+0000] {taskinstance.py:1979} INFO - Dependencies all met for dep_context=non-requeueable deps ti=<TaskInstance: Units_statistics_DAG.ETL_job scheduled__2024-05-08T19:40:00+00:00 map_index=14 [queued]>
[2024-05-08T20:01:54.472+0000] {taskinstance.py:1979} INFO - Dependencies all met for dep_context=requeueable deps ti=<TaskInstance: Units_statistics_DAG.ETL_job scheduled__2024-05-08T19:40:00+00:00 map_index=14 [queued]>
[2024-05-08T20:01:54.473+0000] {taskinstance.py:2193} INFO - Starting attempt 2 of 4
[2024-05-08T20:01:54.499+0000] {taskinstance.py:2217} INFO - Executing <Mapped(_PythonDecoratedOperator): ETL_job> on 2024-05-08 19:40:00+00:00
[2024-05-08T20:01:54.512+0000] {standard_task_runner.py:60} INFO - Started process 869122 to run task
[2024-05-08T20:01:54.520+0000] {standard_task_runner.py:87} INFO - Running: ['***', 'tasks', 'run', 'Units_statistics_DAG', 'ETL_job', 'scheduled__2024-05-08T19:40:00+00:00', '--job-id', '42535', '--raw', '--subdir', 'DAGS_FOLDER/Units_dag.py', '--cfg-path', '/tmp/tmp983bmgxb', '--map-index', '14']
[2024-05-08T20:01:54.524+0000] {standard_task_runner.py:88} INFO - Job 42535: Subtask ETL_job
[2024-05-08T20:01:54.655+0000] {task_command.py:423} INFO - Running <TaskInstance: Units_statistics_DAG.ETL_job scheduled__2024-05-08T19:40:00+00:00 map_index=14 [running]> on host a09da322e808
[2024-05-08T20:01:54.899+0000] {taskinstance.py:2513} INFO - Exporting env vars: AIRFLOW_CTX_DAG_OWNER='abeer-araby' AIRFLOW_CTX_DAG_ID='Units_statistics_DAG' AIRFLOW_CTX_TASK_ID='ETL_job' AIRFLOW_CTX_EXECUTION_DATE='2024-05-08T19:40:00+00:00' AIRFLOW_CTX_TRY_NUMBER='2' AIRFLOW_CTX_DAG_RUN_ID='scheduled__2024-05-08T19:40:00+00:00'
[2024-05-08T20:01:54.902+0000] {Units_dag.py:98} INFO - i: 140000, chunk: 10000
[2024-05-08T20:01:54.902+0000] {Units_dag.py:99} INFO - child token is::: eyJ0eXAiOiJKV1QiLCJhbGciOiJIUzI1NiJ9.eyJpc3MiOiJodHRwczovL2FwaS5hZmFxeS5zYS9hdXRoL2xvZ2luX2FzIiwiaWF0IjoxNzE1MTk4NDA0LCJleHAiOjE3MTc3OTA0MDQsIm5iZiI6MTcxNTE5ODQwNCwianRpIjoiRWZqVlpua1QybHBmSXA2RiIsInN1YiI6IjVkNjNlNTFlMDNlZDUyOTJhNDJjMjRlNiIsInBydiI6IjI3MGVjZmM3ZWEzZWQ5MzdlYTg0OTM2MmEzYTUwOTEwYzZkOGNlNGYiLCJsb2dpbl9hc19pZCI6IjY1N2YwYWQ3M2Y5NzcyOTVjZjA1NTc2YSJ9.IVN6YNMQc8NRouGbLSggv6oNiVHXpxraZXp9PCdvDSs
[2024-05-08T20:02:12.773+0000] {Units_dag.py:103} INFO - {'_id': '6550ba779984fdae540f6e66', 'icon': 'icons/31.png', 'driver_id': '65a3d09611fc9781d6062aa2', 'tailer_id': '', 'profile': {'vehicle_type': 'MERCEDES', 'measurement_type': 'weight', 'max_capacity': 0, 'vin': '', 'plate_number': '9340 LRA', 'start_operation': '', 'contract_milage': '', 'opening_milage': '', 'model': '2042', 'fuel_type': 'diesel', 'year': 2021, 'seats': 2}, 'shipment_info': {'product_category': None, 'truck_type': None, 'shipment_type': None, 'shipment_payment_type': None, 'transporter_type': None, 'operating_area': None, 'weight_kilograms_per_day': None, 'kms_per_day': None, 'shipment_trip_drive_hrs_day': None, 'allowable_delay_drive_hrs_day': None, 'expected_shipment_trip_day': None, 'car_pay_per_day': None, 'exceeding_temperature_limit_per_day': None, 'temperature_upper_limit': None, 'exceeding_humidity_limit_per_day': None, 'humidity_upper_limit': None}, 'device_password': '***', 'device_type': 'gps', 'gateway': False, 'business_types': {'waste': False, 'transportation': True, 'water': False}, 'name': '9340 LRA', 'operation_code': '', 'device_gateway': '', 'skip_sim_information': False, 'imei': '867994060774219', 'sim_number': '+966830032259170', 'sim_serial': '8996609821111922646', 'device_serial': '867994060774219', 'device': 'bce', 'user_id': '64e75ca2dde49d0ef1747850', 'created_by': '5e6655bf03ed52e1ab79d301', 'updated_at': '2024-04-18 11:18:59', 'created_at': '2023-11-12 14:43:51', 'custom_fields': [], 'creator': 'amr.ahmed', 'company': '', 'owner': 'amsteel-admin', 'last_update': {'dtt': 1715198500000, 'dts': 1715198509744, 'spd': 82, 'ang': 178, 'alt': 7, 'chPrams': {'ePwrV': {'v': 28.165, 'cdt': 1715198500000}, 'di16': {'v': 1, 'cdt': 1715085984000}, 'di15': {'v': 0, 'cdt': 1699532934000}, 'rssi1': {'v': 57, 'cdt': 1715198500000}, 'di14': {'v': 1, 'cdt': 1715198360000}, 'di13': {'v': 0, 'cdt': 1713095796000}, 'di12': {'v': 0, 'cdt': 1715085984000}, 'di11': {'v': 0, 'cdt': 1715085984000}, 'di10': {'v': 0, 'cdt': 1715085984000}, 'di2': {'v': 0, 'cdt': 1715085984000}, 'di1': {'v': 1, 'cdt': 1715196298000}, 'ai4': {'v': 4121, 'cdt': 1715198500000}, 'di4': {'v': 0, 'cdt': 1715085984000}, 'di3': {'v': 0, 'cdt': 1715085984000}, 'di6': {'v': 0, 'cdt': 1715085984000}, 'di5': {'v': 1, 'cdt': 1714980766000}, 'lac1': {'v': 2244, 'cdt': 1715197466000}, 'protocol': {'v': 'bce', 'cdt': 1715085984000}, 'di8': {'v': 1, 'cdt': 1715085984000}, 'di7': {'v': 1, 'cdt': 1714980766000}, 'di9': {'v': 0, 'cdt': 1715085984000}, 'iPwrV': {'v': 4.043, 'cdt': 1715198466000}, 'cid1': {'v': 27323, 'cdt': 1715198224000}, 'odometer': {'v': 1119398127, 'cdt': 1715198500000}, 'spd': {'v': 82, 'cdt': 1715198428000}, 'sat': {'v': 12, 'cdt': 1715111882000}, 'hdop': {'v': 1, 'cdt': 1715027616000}, 'ta': {'v': 0, 'cdt': 1715086602000}, 'mcc1': {'v': 420, 'cdt': 1713784628000}, 'mnc1': {'v': 3, 'cdt': 1714120062000}}, 'prms': {'protocol': 'bce', 'spd': 82, 'sat': 12, 'hdop': 1, 'odometer': 1119398127, 'di16': 1, 'di15': 0, 'di14': 1, 'di13': 0, 'di12': 0, 'di11': 0, 'di10': 0, 'di9': 0, 'di8': 1, 'di7': 1, 'di6': 0, 'di5': 1, 'di4': 0, 'di3': 0, 'di2': 0, 'di1': 1, 'ePwrV': 28.165, 'ai4': 4121, 'iPwrV': 4.043, 'ta': 0, 'mcc1': 420, 'mnc1': 3, 'lac1': 2244, 'cid1': 27323, 'rssi1': 57}, 'devPrms': ['protocol', 'spd', 'sat', 'hdop', 'odometer', 'di16', 'di15', 'di14', 'di13', 'di12', 'di11', 'di10', 'di9', 'di8', 'di7', 'di6', 'di5', 'di4', 'di3', 'di2', 'di1', 'ePwrV', 'ai4', 'iPwrV', 'ta', 'mcc1', 'mnc1', 'lac1', 'cid1', 'rssi1'], 'old_params': {'protocol': 'bce', 'spd': 82, 'sat': 12, 'hdop': 1, 'odometer': 1143814050, 'di16': 1, 'di15': 0, 'di14': 1, 'di13': 0, 'di12': 0, 'di11': 0, 'di10': 0, 'di9': 0, 'di8': 1, 'di7': 1, 'di6': 0, 'di5': 1, 'di4': 0, 'di3': 0, 'di2': 0, 'di1': 1, 'ePwrV': 28.183, 'ai4': 3976, 'iPwrV': 4.043, 'ta': 0, 'mcc1': 420, 'mnc1': 3, 'lac1': 2244, 'cid1': 27323, 'rssi1': 62}, 'vLoc': 1, 'vCon': 1, 'ip': '109.83.113.50', 'rl': 0.0926, 'trl': 13750.344, 'mdu': 4, 'tmdu': 2340362, 'eidl': 0, 'teidl': 6045590, 'fc': 0.011112, 'tfc': 13.484184, 'acc': 1, 'accOn': 9039314, 'accOff': 6801080, 'sdu': 0, 'tsdu': 0, 'lat': 22.07960319519043, 'lng': 39.11683654785156}, 'counters': {'engine_hours': 9039314, 'last_acc': 1, 'odometer': 13750.2799, 'engine_hours_type': '', 'odometer_type': ''}, 'is_wasl_connected': 'Connected', 'iconUrl': 'https://api.afaqy.sa/images/units/icons/31.png', 'hasCCTV': False}
[2024-05-08T20:02:13.354+0000] {warnings.py:109} WARNING - /home/***/.local/lib/python3.8/site-packages/elasticsearch/_sync/client/__init__.py:399: SecurityWarning: Connecting to 'https://dbelk2.afaqy.local:9200' using TLS with verify_certs=False is insecure
  _transport = transport_class(

[2024-05-08T20:02:13.404+0000] {warnings.py:109} WARNING - /home/***/.local/lib/python3.8/site-packages/elasticsearch/_sync/client/__init__.py:399: SecurityWarning: Connecting to 'https://dbelk3.afaqy.local:9200' using TLS with verify_certs=False is insecure
  _transport = transport_class(

[2024-05-08T20:02:13.461+0000] {warnings.py:109} WARNING - /home/***/.local/lib/python3.8/site-packages/elasticsearch/_sync/client/__init__.py:399: SecurityWarning: Connecting to 'https://dbelk1.afaqy.local:9200' using TLS with verify_certs=False is insecure
  _transport = transport_class(

[2024-05-08T20:02:13.493+0000] {warnings.py:109} WARNING - /home/***/.local/lib/python3.8/site-packages/urllib3/connectionpool.py:1061: InsecureRequestWarning: Unverified HTTPS request is being made to host 'dbelk2.afaqy.local'. Adding certificate verification is strongly advised. See: https://urllib3.readthedocs.io/en/1.26.x/advanced-usage.html#ssl-warnings
  warnings.warn(

[2024-05-08T20:02:13.589+0000] {_transport.py:335} INFO - GET https://dbelk2.afaqy.local:9200/_cluster/health [status:200 duration:0.126s]
[2024-05-08T20:02:13.991+0000] {warnings.py:109} WARNING - /home/***/.local/lib/python3.8/site-packages/urllib3/connectionpool.py:1061: InsecureRequestWarning: Unverified HTTPS request is being made to host 'dbelk3.afaqy.local'. Adding certificate verification is strongly advised. See: https://urllib3.readthedocs.io/en/1.26.x/advanced-usage.html#ssl-warnings
  warnings.warn(

[2024-05-08T20:02:14.007+0000] {_transport.py:335} INFO - PUT https://dbelk3.afaqy.local:9200/units_statistics_***/_bulk [status:429 duration:0.038s]
[2024-05-08T20:02:14.009+0000] {_node_pool.py:249} WARNING - Node <Urllib3HttpNode(https://dbelk3.afaqy.local:9200)> has failed for 1 times in a row, putting on 1 second timeout
[2024-05-08T20:02:14.010+0000] {_transport.py:427} WARNING - Retrying request after non-successful status 429 (attempt 0 of 3)
[2024-05-08T20:02:14.010+0000] {warnings.py:109} WARNING - /home/***/.local/lib/python3.8/site-packages/urllib3/connectionpool.py:1061: InsecureRequestWarning: Unverified HTTPS request is being made to host 'dbelk2.afaqy.local'. Adding certificate verification is strongly advised. See: https://urllib3.readthedocs.io/en/1.26.x/advanced-usage.html#ssl-warnings
  warnings.warn(

[2024-05-08T20:02:14.025+0000] {_transport.py:335} INFO - PUT https://dbelk2.afaqy.local:9200/units_statistics_***/_bulk [status:429 duration:0.015s]
[2024-05-08T20:02:14.025+0000] {_node_pool.py:249} WARNING - Node <Urllib3HttpNode(https://dbelk2.afaqy.local:9200)> has failed for 1 times in a row, putting on 1 second timeout
[2024-05-08T20:02:14.026+0000] {_transport.py:427} WARNING - Retrying request after non-successful status 429 (attempt 1 of 3)
[2024-05-08T20:02:14.050+0000] {warnings.py:109} WARNING - /home/***/.local/lib/python3.8/site-packages/urllib3/connectionpool.py:1061: InsecureRequestWarning: Unverified HTTPS request is being made to host 'dbelk1.afaqy.local'. Adding certificate verification is strongly advised. See: https://urllib3.readthedocs.io/en/1.26.x/advanced-usage.html#ssl-warnings
  warnings.warn(

[2024-05-08T20:02:14.189+0000] {_transport.py:335} INFO - PUT https://dbelk1.afaqy.local:9200/units_statistics_***/_bulk [status:200 duration:0.163s]
[2024-05-08T20:02:14.465+0000] {taskinstance.py:2731} ERROR - Task failed with exception
Traceback (most recent call last):
  File "/home/airflow/.local/lib/python3.8/site-packages/airflow/models/taskinstance.py", line 444, in _execute_task
    result = _execute_callable(context=context, **execute_callable_kwargs)
  File "/home/airflow/.local/lib/python3.8/site-packages/airflow/models/taskinstance.py", line 414, in _execute_callable
    return execute_callable(context=context, **execute_callable_kwargs)
  File "/home/airflow/.local/lib/python3.8/site-packages/airflow/decorators/base.py", line 241, in execute
    return_value = super().execute(context)
  File "/home/airflow/.local/lib/python3.8/site-packages/airflow/operators/python.py", line 200, in execute
    return_value = self.execute_callable()
  File "/home/airflow/.local/lib/python3.8/site-packages/airflow/operators/python.py", line 217, in execute_callable
    return self.python_callable(*self.op_args, **self.op_kwargs)
  File "/opt/airflow/dags/Units_dag.py", line 111, in ETL_job
    Elk_client.elk_pushData(Globals.index_name,units_list_update)
  File "/opt/airflow/dags/units_statistics/elk_manager.py", line 69, in elk_pushData
    helpers.bulk(self.elk_client, docs_list, index=index_name, chunk_size=batch)
  File "/home/airflow/.local/lib/python3.8/site-packages/elasticsearch/helpers/actions.py", line 521, in bulk
    for ok, item in streaming_bulk(
  File "/home/airflow/.local/lib/python3.8/site-packages/elasticsearch/helpers/actions.py", line 436, in streaming_bulk
    for data, (ok, info) in zip(
  File "/home/airflow/.local/lib/python3.8/site-packages/elasticsearch/helpers/actions.py", line 355, in _process_bulk_chunk
    yield from gen
  File "/home/airflow/.local/lib/python3.8/site-packages/elasticsearch/helpers/actions.py", line 274, in _process_bulk_chunk_success
    raise BulkIndexError(f"{len(errors)} document(s) failed to index.", errors)
elasticsearch.helpers.BulkIndexError: 10000 document(s) failed to index.
[2024-05-08T20:02:14.481+0000] {taskinstance.py:1149} INFO - Marking task as UP_FOR_RETRY. dag_id=Units_statistics_DAG, task_id=ETL_job, map_index=14, execution_date=20240508T194000, start_date=20240508T200154, end_date=20240508T200214
[2024-05-08T20:02:14.499+0000] {standard_task_runner.py:107} ERROR - Failed to execute job 42535 for task ETL_job (10000 document(s) failed to index.; 869122)
[2024-05-08T20:02:14.566+0000] {local_task_job_runner.py:234} INFO - Task exited with return code 1
[2024-05-08T20:02:14.607+0000] {taskinstance.py:3312} INFO - 0 downstream tasks scheduled from follow-on schedule check
