[2024-04-29T17:00:17.902+0000] {taskinstance.py:1979} INFO - Dependencies all met for dep_context=non-requeueable deps ti=<TaskInstance: Units_statistics_DAG.ETL_job scheduled__2024-04-29T16:40:00+00:00 map_index=5 [queued]>
[2024-04-29T17:00:17.973+0000] {taskinstance.py:1979} INFO - Dependencies all met for dep_context=requeueable deps ti=<TaskInstance: Units_statistics_DAG.ETL_job scheduled__2024-04-29T16:40:00+00:00 map_index=5 [queued]>
[2024-04-29T17:00:17.973+0000] {taskinstance.py:2193} INFO - Starting attempt 1 of 4
[2024-04-29T17:00:18.105+0000] {taskinstance.py:2217} INFO - Executing <Mapped(_PythonDecoratedOperator): ETL_job> on 2024-04-29 16:40:00+00:00
[2024-04-29T17:00:18.148+0000] {standard_task_runner.py:60} INFO - Started process 642847 to run task
[2024-04-29T17:00:18.209+0000] {standard_task_runner.py:87} INFO - Running: ['***', 'tasks', 'run', 'Units_statistics_DAG', 'ETL_job', 'scheduled__2024-04-29T16:40:00+00:00', '--job-id', '23322', '--raw', '--subdir', 'DAGS_FOLDER/Units_dag.py', '--cfg-path', '/tmp/tmp6ufm8qv3', '--map-index', '5']
[2024-04-29T17:00:18.236+0000] {standard_task_runner.py:88} INFO - Job 23322: Subtask ETL_job
[2024-04-29T17:00:18.608+0000] {task_command.py:423} INFO - Running <TaskInstance: Units_statistics_DAG.ETL_job scheduled__2024-04-29T16:40:00+00:00 map_index=5 [running]> on host a09da322e808
[2024-04-29T17:00:19.288+0000] {taskinstance.py:2513} INFO - Exporting env vars: AIRFLOW_CTX_DAG_OWNER='abeer-araby' AIRFLOW_CTX_DAG_ID='Units_statistics_DAG' AIRFLOW_CTX_TASK_ID='ETL_job' AIRFLOW_CTX_EXECUTION_DATE='2024-04-29T16:40:00+00:00' AIRFLOW_CTX_TRY_NUMBER='1' AIRFLOW_CTX_DAG_RUN_ID='scheduled__2024-04-29T16:40:00+00:00'
[2024-04-29T17:00:19.290+0000] {Units_dag.py:99} INFO - i: 50000, chunk: 10000
[2024-04-29T17:00:19.290+0000] {Units_dag.py:100} INFO - child token is::: eyJ0eXAiOiJKV1QiLCJhbGciOiJIUzI1NiJ9.eyJpc3MiOiJodHRwczovL2FwaS5hZmFxeS5zYS9hdXRoL2xvZ2luX2FzIiwiaWF0IjoxNzE0NDEwMDA0LCJleHAiOjE3MTcwMDIwMDQsIm5iZiI6MTcxNDQxMDAwNCwianRpIjoia0VWYUJqRVhmd29MQk02ZSIsInN1YiI6IjVkNjNlNTFlMDNlZDUyOTJhNDJjMjRlNiIsInBydiI6IjI3MGVjZmM3ZWEzZWQ5MzdlYTg0OTM2MmEzYTUwOTEwYzZkOGNlNGYiLCJsb2dpbl9hc19pZCI6IjY1N2YwYWQ3M2Y5NzcyOTVjZjA1NTc2YSJ9.litxf4BRCmgzr3lnK_zLo2zB3gNwgNbsJtuIhkptpAk
[2024-04-29T17:00:44.949+0000] {Units_dag.py:104} INFO - {'_id': '62aedda112ae46735e410fad', 'icon': 'icons/G_13.png', 'driver_id': '', 'tailer_id': '', 'profile': {'vehicle_type': None, 'measurement_type': 'count', 'max_capacity': 0, 'vin': None, 'plate_number': None, 'start_operation': None, 'contract_milage': None, 'opening_milage': None, 'model': None, 'fuel_type': '91', 'year': 0, 'seats': 2}, 'device_password': '***', 'device_type': 'gps', 'gateway': False, 'name': '0152', 'operation_code': '152', 'device_gateway': '', 'business_types': {'waste': False, 'transportation': False, 'water': False, 'hajj': True}, 'imei': '358480085145995', 'sim_number': '+966830030799924', 'sim_serial': '421276213326', 'device_serial': '1102300864', 'device': 'teltonika', 'user_id': '62ae28f6e2df4352f3455062', 'created_by': '5d5d152003ed5207c22d6fb5', 'updated_at': '2024-04-18 11:18:59', 'created_at': '2022-06-19 11:26:09', 'custom_fields': [], 'creator': 'diaa.ahmed', 'company': 'مؤسسة بسمة اعمار لنقل الحجاج والمعتمرين', 'owner': 'basma-emaar-hajj', 'last_update': {'dtt': 1714409661941, 'dts': 1714409692984, 'spd': 0, 'ang': 0, 'alt': 0, 'chPrams': {'Speed': {'v': 0, 'cdt': 1714241216726}, 'output1': {'v': False, 'cdt': 1714409361375}, 'motion': {'v': False, 'cdt': 1714409361375}, 'ePwrV': {'v': 25.161, 'cdt': 1714409661941}, 'parm24': {'v': 0, 'cdt': 1714241216726}, 'sat': {'v': 0, 'cdt': 1714241216726}, 'priority': {'v': 0, 'cdt': 1714397784734}, 'type': {'v': 6, 'cdt': 1713766886945}, 'di2': {'v': 0, 'cdt': 1713838908496}, 'di1': {'v': 0, 'cdt': 1714397784734}, 'result': {'v': '5665723a30312e30302e303520494d45493a3335383438303038353134353939352049443a333320424c3a31362e3039204d6f64656d3a30312e30302e30312e30305f3030352048773a464d423634302048572e3320455854205350433a3128302920', 'cdt': 1713766886945}, 'protocol': {'v': 'FMB640', 'cdt': 1714409361375}, 'iPwrV': {'v': 0, 'cdt': 1714388502890}, 'event': {'v': 0, 'cdt': 1714397784734}}, 'prms': {'protocol': 'FMB640', 'priority': 0, 'sat': 0, 'event': 0, 'di1': 0, 'di2': 0, 'output1': 0, 'motion': 0, 'iPwrV': 0, 'ePwrV': 25.161, 'Speed': 0, 'parm24': 0}, 'devPrms': ['Speed', 'output1', 'motion', 'ePwrV', 'parm24', 'sat', 'priority', 'di2', 'type', 'di1', 'result', 'protocol', 'iPwrV', 'event'], 'old_params': {'protocol': 'FMB640', 'priority': 0, 'sat': 0, 'event': 0, 'di1': 0, 'di2': 0, 'output1': 0, 'motion': 0, 'iPwrV': 0, 'ePwrV': 25.171, 'Speed': 0, 'parm24': 0}, 'vLoc': 1, 'vCon': 0, 'ip': '51.39.21.122', 'rl': 0, 'trl': 1011753.6125, 'mdu': 0, 'tmdu': 30300858, 'eidl': 0, 'teidl': 20877371, 'fc': 0, 'tfc': 0, 'acc': 0, 'accOn': 2315702561, 'accOff': 3327320889, 'sdu': 300, 'tsdu': 11857, 'lat': 21.58087, 'lng': 39.7624583}, 'counters': {'odometer_type': 'gps', 'odometer': 1011753.6125, 'engine_hours_type': 'acc', 'engine_hours': 2315702561, 'last_acc': 0}, 'is_wasl_connected': 'Not Connected', 'iconUrl': 'https://api.afaqy.sa/images/units/icons/G_13.png', 'hasCCTV': False}
[2024-04-29T17:00:48.980+0000] {warnings.py:109} WARNING - /home/***/.local/lib/python3.8/site-packages/elasticsearch/_sync/client/__init__.py:399: SecurityWarning: Connecting to 'https://dbelk1.afaqy.local:9200' using TLS with verify_certs=False is insecure
  _transport = transport_class(

[2024-04-29T17:00:49.171+0000] {warnings.py:109} WARNING - /home/***/.local/lib/python3.8/site-packages/elasticsearch/_sync/client/__init__.py:399: SecurityWarning: Connecting to 'https://dbelk3.afaqy.local:9200' using TLS with verify_certs=False is insecure
  _transport = transport_class(

[2024-04-29T17:00:49.371+0000] {warnings.py:109} WARNING - /home/***/.local/lib/python3.8/site-packages/elasticsearch/_sync/client/__init__.py:399: SecurityWarning: Connecting to 'https://dbelk2.afaqy.local:9200' using TLS with verify_certs=False is insecure
  _transport = transport_class(

[2024-04-29T17:00:49.430+0000] {warnings.py:109} WARNING - /home/***/.local/lib/python3.8/site-packages/urllib3/connectionpool.py:1061: InsecureRequestWarning: Unverified HTTPS request is being made to host 'dbelk1.afaqy.local'. Adding certificate verification is strongly advised. See: https://urllib3.readthedocs.io/en/1.26.x/advanced-usage.html#ssl-warnings
  warnings.warn(

[2024-04-29T17:00:49.495+0000] {_transport.py:335} INFO - GET https://dbelk1.afaqy.local:9200/_cluster/health [status:200 duration:0.122s]
[2024-04-29T17:00:50.713+0000] {warnings.py:109} WARNING - /home/***/.local/lib/python3.8/site-packages/urllib3/connectionpool.py:1061: InsecureRequestWarning: Unverified HTTPS request is being made to host 'dbelk3.afaqy.local'. Adding certificate verification is strongly advised. See: https://urllib3.readthedocs.io/en/1.26.x/advanced-usage.html#ssl-warnings
  warnings.warn(

[2024-04-29T17:00:52.651+0000] {_transport.py:335} INFO - PUT https://dbelk3.afaqy.local:9200/units_statistics_***/_bulk [status:200 duration:1.991s]
[2024-04-29T17:00:53.299+0000] {python.py:202} INFO - Done. Returned value was: None
[2024-04-29T17:00:53.314+0000] {taskinstance.py:1149} INFO - Marking task as SUCCESS. dag_id=Units_statistics_DAG, task_id=ETL_job, map_index=5, execution_date=20240429T164000, start_date=20240429T170017, end_date=20240429T170053
[2024-04-29T17:00:53.412+0000] {local_task_job_runner.py:234} INFO - Task exited with return code 0
[2024-04-29T17:00:53.448+0000] {taskinstance.py:3312} INFO - 0 downstream tasks scheduled from follow-on schedule check
