[2024-05-02T22:21:46.921+0000] {taskinstance.py:1979} INFO - Dependencies all met for dep_context=non-requeueable deps ti=<TaskInstance: Units_statistics_DAG.ETL_job scheduled__2024-05-02T22:00:00+00:00 map_index=12 [queued]>
[2024-05-02T22:21:46.944+0000] {taskinstance.py:1979} INFO - Dependencies all met for dep_context=requeueable deps ti=<TaskInstance: Units_statistics_DAG.ETL_job scheduled__2024-05-02T22:00:00+00:00 map_index=12 [queued]>
[2024-05-02T22:21:46.945+0000] {taskinstance.py:2193} INFO - Starting attempt 2 of 4
[2024-05-02T22:21:46.983+0000] {taskinstance.py:2217} INFO - Executing <Mapped(_PythonDecoratedOperator): ETL_job> on 2024-05-02 22:00:00+00:00
[2024-05-02T22:21:47.007+0000] {standard_task_runner.py:60} INFO - Started process 720053 to run task
[2024-05-02T22:21:47.022+0000] {standard_task_runner.py:87} INFO - Running: ['***', 'tasks', 'run', 'Units_statistics_DAG', 'ETL_job', 'scheduled__2024-05-02T22:00:00+00:00', '--job-id', '28774', '--raw', '--subdir', 'DAGS_FOLDER/Units_dag.py', '--cfg-path', '/tmp/tmpc6qutx7f', '--map-index', '12']
[2024-05-02T22:21:47.026+0000] {standard_task_runner.py:88} INFO - Job 28774: Subtask ETL_job
[2024-05-02T22:21:47.158+0000] {task_command.py:423} INFO - Running <TaskInstance: Units_statistics_DAG.ETL_job scheduled__2024-05-02T22:00:00+00:00 map_index=12 [running]> on host a09da322e808
[2024-05-02T22:21:47.389+0000] {taskinstance.py:2513} INFO - Exporting env vars: AIRFLOW_CTX_DAG_OWNER='abeer-araby' AIRFLOW_CTX_DAG_ID='Units_statistics_DAG' AIRFLOW_CTX_TASK_ID='ETL_job' AIRFLOW_CTX_EXECUTION_DATE='2024-05-02T22:00:00+00:00' AIRFLOW_CTX_TRY_NUMBER='2' AIRFLOW_CTX_DAG_RUN_ID='scheduled__2024-05-02T22:00:00+00:00'
[2024-05-02T22:21:47.391+0000] {Units_dag.py:99} INFO - i: 120000, chunk: 10000
[2024-05-02T22:21:47.391+0000] {Units_dag.py:100} INFO - child token is::: eyJ0eXAiOiJKV1QiLCJhbGciOiJIUzI1NiJ9.eyJpc3MiOiJodHRwczovL2FwaS5hZmFxeS5zYS9hdXRoL2xvZ2luX2FzIiwiaWF0IjoxNzE0Njg4NDAzLCJleHAiOjE3MTcyODA0MDMsIm5iZiI6MTcxNDY4ODQwMywianRpIjoiWTNHV2lLYUc5bFN3Q3NoSSIsInN1YiI6IjVkNjNlNTFlMDNlZDUyOTJhNDJjMjRlNiIsInBydiI6IjI3MGVjZmM3ZWEzZWQ5MzdlYTg0OTM2MmEzYTUwOTEwYzZkOGNlNGYiLCJsb2dpbl9hc19pZCI6IjY1N2YwYWQ3M2Y5NzcyOTVjZjA1NTc2YSJ9.EGSA-tlyt_0Tbnq6PD4S_4Sf7zwYN12P3ppczpk6hK0
[2024-05-02T22:22:06.298+0000] {Units_dag.py:104} INFO - {'_id': '64c8efb98585cd5e6a18543e', 'icon': 'icons/icon.png', 'driver_id': '', 'tailer_id': '', 'profile': {'vehicle_type': '', 'measurement_type': 'count', 'max_capacity': 0, 'vin': '', 'plate_number': '', 'start_operation': '', 'contract_milage': '', 'opening_milage': '', 'model': '', 'fuel_type': '91', 'year': 0, 'seats': 2}, 'device_password': '***', 'device_type': 'gps', 'gateway': False, 'business_types': {'waste': False, 'transportation': True, 'water': False}, 'name': '5231 T R B', 'operation_code': '', 'device_gateway': '', 'skip_sim_information': False, 'imei': '350612071686230', 'sim_number': '+966830031931871', 'sim_serial': '421296757044', 'device_serial': '1131065603', 'device': 'teltonika', 'user_id': '625801e286ca354d027abda3', 'created_by': '5e6655bf03ed52e1ab79d301', 'updated_at': '2024-04-18 11:18:59', 'created_at': '2023-08-01 14:42:49', 'deleted_at': '', 'custom_fields': [], 'creator': 'amr.ahmed', 'company': 'toptech', 'owner': 'top-tech-admin', 'last_update': {'dtt': 1702067408000, 'dts': 1702067411631, 'spd': 0, 'ang': 177, 'alt': 642, 'chPrams': {'Speed': {'v': 0, 'cdt': 1702060615000}, 'output1': {'v': False, 'cdt': 1702066806000}, 'output2': {'v': False, 'cdt': 1702066806000}, 'ePwrV': {'v': 0, 'cdt': 1702064102000}, 'parm24': {'v': 0, 'cdt': 1702060615000}, 'sat': {'v': 16, 'cdt': 1702067107000}, 'ai1': {'v': 347, 'cdt': 1702059559000}, 'priority': {'v': 0, 'cdt': 1699783823000}, 'di2': {'v': 0, 'cdt': 1699783823000}, 'type': {'v': 6, 'cdt': 1701346339000}, 'di1': {'v': 0, 'cdt': 1702061066000}, 'result': {'v': '5665723a30332e32372e31345f3030204750533a41584e5f352e312e392048773a464d42313230204d6f643a333320494d45493a33353036313230373136383632333020496e69743a323032332d31322d382031343a333520557074696d653a3231323432204d41433a333838413231324541394646205350433a312830292041584c3a32204f42443a3020424c3a312e31302042543a34', 'cdt': 1702066506000}, 'parm6': {'v': 347, 'cdt': 1702051972000}, 'protocol': {'v': 'FMB120', 'cdt': 1702066806000}, 'iPwrV': {'v': 3.674, 'cdt': 1702067408000}, 'event': {'v': 0, 'cdt': 1699783823000}}, 'prms': {'protocol': 'FMB120', 'priority': 0, 'sat': 16, 'event': 0, 'di1': 0, 'output1': 0, 'di2': 0, 'output2': 0, 'ePwrV': 0, 'Speed': 0, 'parm24': 0, 'iPwrV': 3.674, 'ai1': 347, 'parm6': 347}, 'devPrms': ['Speed', 'output1', 'output2', 'ePwrV', 'parm24', 'sat', 'ai1', 'priority', 'di2', 'type', 'di1', 'result', 'protocol', 'parm6', 'iPwrV', 'event'], 'old_params': {'protocol': 'FMB120', 'priority': 0, 'sat': 16, 'event': 0, 'di1': 0, 'output1': 0, 'di2': 0, 'output2': 0, 'ePwrV': 0, 'Speed': 0, 'parm24': 0, 'iPwrV': 3.705, 'ai1': 347, 'parm6': 347}, 'vLoc': 1, 'vCon': 1, 'ip': '51.39.48.155', 'rl': 0, 'trl': 593.2858, 'mdu': 0, 'tmdu': 59840, 'eidl': 0, 'teidl': 34589, 'fc': 0, 'tfc': 11.77718, 'acc': 0, 'accOn': 5659973770, 'accOff': 1869872559, 'sdu': 301, 'tsdu': 6342, 'lat': 24.5019066, 'lng': 46.368795}, 'counters': {'odometer_type': 'gps', 'odometer': 592.791, 'engine_hours_type': 'acc', 'engine_hours': 5659973770, 'last_acc': 0}, 'is_wasl_connected': 'Not Connected', 'iconUrl': 'https://api.afaqy.sa/images/units/icons/icon.png', 'hasCCTV': False}
[2024-05-02T22:22:06.826+0000] {warnings.py:109} WARNING - /home/***/.local/lib/python3.8/site-packages/elasticsearch/_sync/client/__init__.py:399: SecurityWarning: Connecting to 'https://dbelk3.afaqy.local:9200' using TLS with verify_certs=False is insecure
  _transport = transport_class(

[2024-05-02T22:22:06.871+0000] {warnings.py:109} WARNING - /home/***/.local/lib/python3.8/site-packages/elasticsearch/_sync/client/__init__.py:399: SecurityWarning: Connecting to 'https://dbelk1.afaqy.local:9200' using TLS with verify_certs=False is insecure
  _transport = transport_class(

[2024-05-02T22:22:06.915+0000] {warnings.py:109} WARNING - /home/***/.local/lib/python3.8/site-packages/elasticsearch/_sync/client/__init__.py:399: SecurityWarning: Connecting to 'https://dbelk2.afaqy.local:9200' using TLS with verify_certs=False is insecure
  _transport = transport_class(

[2024-05-02T22:22:06.936+0000] {warnings.py:109} WARNING - /home/***/.local/lib/python3.8/site-packages/urllib3/connectionpool.py:1061: InsecureRequestWarning: Unverified HTTPS request is being made to host 'dbelk3.afaqy.local'. Adding certificate verification is strongly advised. See: https://urllib3.readthedocs.io/en/1.26.x/advanced-usage.html#ssl-warnings
  warnings.warn(

[2024-05-02T22:22:07.017+0000] {_transport.py:335} INFO - GET https://dbelk3.afaqy.local:9200/_cluster/health [status:200 duration:0.100s]
[2024-05-02T22:22:07.425+0000] {warnings.py:109} WARNING - /home/***/.local/lib/python3.8/site-packages/urllib3/connectionpool.py:1061: InsecureRequestWarning: Unverified HTTPS request is being made to host 'dbelk1.afaqy.local'. Adding certificate verification is strongly advised. See: https://urllib3.readthedocs.io/en/1.26.x/advanced-usage.html#ssl-warnings
  warnings.warn(

[2024-05-02T22:22:09.130+0000] {_transport.py:335} INFO - PUT https://dbelk1.afaqy.local:9200/units_statistics_***/_bulk [status:200 duration:1.728s]
[2024-05-02T22:22:09.296+0000] {python.py:202} INFO - Done. Returned value was: None
[2024-05-02T22:22:09.317+0000] {taskinstance.py:1149} INFO - Marking task as SUCCESS. dag_id=Units_statistics_DAG, task_id=ETL_job, map_index=12, execution_date=20240502T220000, start_date=20240502T222146, end_date=20240502T222209
[2024-05-02T22:22:09.380+0000] {local_task_job_runner.py:234} INFO - Task exited with return code 0
[2024-05-02T22:22:09.418+0000] {taskinstance.py:3312} INFO - 0 downstream tasks scheduled from follow-on schedule check
