[2024-05-10T13:41:47.621+0000] {taskinstance.py:1979} INFO - Dependencies all met for dep_context=non-requeueable deps ti=<TaskInstance: Units_statistics_DAG.ETL_job scheduled__2024-05-10T13:20:00+00:00 map_index=12 [queued]>
[2024-05-10T13:41:47.635+0000] {taskinstance.py:1979} INFO - Dependencies all met for dep_context=requeueable deps ti=<TaskInstance: Units_statistics_DAG.ETL_job scheduled__2024-05-10T13:20:00+00:00 map_index=12 [queued]>
[2024-05-10T13:41:47.635+0000] {taskinstance.py:2193} INFO - Starting attempt 2 of 4
[2024-05-10T13:41:47.656+0000] {taskinstance.py:2217} INFO - Executing <Mapped(_PythonDecoratedOperator): ETL_job> on 2024-05-10 13:20:00+00:00
[2024-05-10T13:41:47.668+0000] {standard_task_runner.py:60} INFO - Started process 915357 to run task
[2024-05-10T13:41:47.674+0000] {standard_task_runner.py:87} INFO - Running: ['***', 'tasks', 'run', 'Units_statistics_DAG', 'ETL_job', 'scheduled__2024-05-10T13:20:00+00:00', '--job-id', '47843', '--raw', '--subdir', 'DAGS_FOLDER/Units_dag.py', '--cfg-path', '/tmp/tmpfauti4ta', '--map-index', '12']
[2024-05-10T13:41:47.676+0000] {standard_task_runner.py:88} INFO - Job 47843: Subtask ETL_job
[2024-05-10T13:41:47.768+0000] {task_command.py:423} INFO - Running <TaskInstance: Units_statistics_DAG.ETL_job scheduled__2024-05-10T13:20:00+00:00 map_index=12 [running]> on host a09da322e808
[2024-05-10T13:41:47.934+0000] {taskinstance.py:2513} INFO - Exporting env vars: AIRFLOW_CTX_DAG_OWNER='abeer-araby' AIRFLOW_CTX_DAG_ID='Units_statistics_DAG' AIRFLOW_CTX_TASK_ID='ETL_job' AIRFLOW_CTX_EXECUTION_DATE='2024-05-10T13:20:00+00:00' AIRFLOW_CTX_TRY_NUMBER='2' AIRFLOW_CTX_DAG_RUN_ID='scheduled__2024-05-10T13:20:00+00:00'
[2024-05-10T13:41:47.936+0000] {Units_dag.py:98} INFO - i: 120000, chunk: 10000
[2024-05-10T13:41:47.936+0000] {Units_dag.py:99} INFO - child token is::: eyJ0eXAiOiJKV1QiLCJhbGciOiJIUzI1NiJ9.eyJpc3MiOiJodHRwczovL2FwaS5hZmFxeS5zYS9hdXRoL2xvZ2luX2FzIiwiaWF0IjoxNzE1MzQ4NDAzLCJleHAiOjE3MTc5NDA0MDMsIm5iZiI6MTcxNTM0ODQwMywianRpIjoiY1oyRVc2WUMyUFJjODlUWCIsInN1YiI6IjVkNjNlNTFlMDNlZDUyOTJhNDJjMjRlNiIsInBydiI6IjI3MGVjZmM3ZWEzZWQ5MzdlYTg0OTM2MmEzYTUwOTEwYzZkOGNlNGYiLCJsb2dpbl9hc19pZCI6IjY1N2YwYWQ3M2Y5NzcyOTVjZjA1NTc2YSJ9.XKq_pah2Rx8W3Ab38kWenQteMcIKxPZkliAVPrqzUDI
[2024-05-10T13:42:04.748+0000] {Units_dag.py:103} INFO - {'_id': '64cf9bdefb262d2dd21e76b8', 'icon': 'icons/A_10.png', 'driver_id': '', 'tailer_id': '', 'profile': {'vehicle_type': '', 'measurement_type': 'count', 'max_capacity': 0, 'vin': '', 'plate_number': '', 'start_operation': '', 'contract_milage': '', 'opening_milage': '', 'model': '', 'fuel_type': '91', 'year': 0, 'seats': 2}, 'device_password': '***', 'device_type': 'gps', 'gateway': False, 'business_types': {'waste': False, 'transportation': True, 'water': False}, 'name': 'أ س ط 8615', 'operation_code': '', 'device_gateway': '', 'skip_sim_information': False, 'imei': '861937063452966', 'sim_number': '+966830032388427', 'sim_serial': '8996609821111913634', 'device_serial': '861937063452966', 'device': 'bce', 'user_id': '5ed3a92603ed527acb46a02c', 'created_by': '5e6655bf03ed52e1ab79d301', 'updated_at': '2024-04-18 11:18:59', 'created_at': '2023-08-06 16:10:54', 'shipment_info': {'product_category': None, 'truck_type': None, 'shipment_type': None, 'shipment_payment_type': None, 'transporter_type': None, 'operating_area': None, 'weight_kilograms_per_day': None, 'kms_per_day': None, 'shipment_trip_drive_hrs_day': None, 'allowable_delay_drive_hrs_day': None, 'expected_shipment_trip_day': None, 'car_pay_per_day': None, 'exceeding_temperature_limit_per_day': None, 'temperature_upper_limit': None, 'exceeding_humidity_limit_per_day': None, 'humidity_upper_limit': None}, 'custom_fields': [], 'creator': 'amr.ahmed', 'company': '', 'owner': 'al-musalam', 'last_update': {'dtt': 1715348492000, 'dts': 1715348500238, 'spd': 0, 'ang': 268, 'alt': 65529, 'chPrams': {'ePwrV': {'v': 27.766, 'cdt': 1715348492000}, 'di16': {'v': 1, 'cdt': 1715083976000}, 'di15': {'v': 0, 'cdt': 1699097118000}, 'di14': {'v': 0, 'cdt': 1715090476000}, 'di13': {'v': 0, 'cdt': 1714650454000}, 'ai1': {'v': 0, 'cdt': 1715083976000}, 'di12': {'v': 0, 'cdt': 1715083976000}, 'ai3': {'v': 320, 'cdt': 1715348462000}, 'di11': {'v': 0, 'cdt': 1715083976000}, 'di10': {'v': 0, 'cdt': 1715083976000}, 'trailer1_status': {'v': 0, 'cdt': 1715083976000}, 'trailer2_status': {'v': 0, 'cdt': 1715083976000}, 'ai5': {'v': 27859, 'cdt': 1715348462000}, 'di2': {'v': 0, 'cdt': 1715083976000}, 'trailer2_id': {'v': 0, 'cdt': 1715083976000}, 'di1': {'v': 0, 'cdt': 1715348432000}, 'ai4': {'v': 1725, 'cdt': 1715347952000}, 'di4': {'v': 0, 'cdt': 1715083976000}, 'ai7': {'v': 0, 'cdt': 1715083976000}, 'di3': {'v': 0, 'cdt': 1715083976000}, 'di6': {'v': 1, 'cdt': 1715083976000}, 'di5': {'v': 1, 'cdt': 1715334994000}, 'protocol': {'v': 'bce', 'cdt': 1715083976000}, 'di8': {'v': 1, 'cdt': 1715083976000}, 'di7': {'v': 1, 'cdt': 1715335024000}, 'di9': {'v': 0, 'cdt': 1715083976000}, 'iPwrV': {'v': 4.161, 'cdt': 1715348492000}, 'odometer': {'v': 0, 'cdt': 1715321642000}, 'spd': {'v': 0, 'cdt': 1715090658000}, 'sat': {'v': 10, 'cdt': 1715348492000}, 'trailer1_id': {'v': 0, 'cdt': 1715083976000}, 'hdop': {'v': 1, 'cdt': 1715347862000}}, 'prms': {'protocol': 'bce', 'spd': 0, 'sat': 10, 'hdop': 1, 'odometer': 0, 'di16': 1, 'di15': 0, 'di14': 0, 'di13': 0, 'di12': 0, 'di11': 0, 'di10': 0, 'di9': 0, 'di8': 1, 'di7': 1, 'di6': 1, 'di5': 1, 'di4': 0, 'di3': 0, 'di2': 0, 'di1': 0, 'ai1': 0, 'ePwrV': 27.766, 'ai3': 320, 'ai4': 1725, 'ai5': 27859, 'iPwrV': 4.161, 'ai7': 0, 'trailer1_id': 0, 'trailer1_status': 0, 'trailer2_id': 0, 'trailer2_status': 0}, 'devPrms': ['protocol', 'spd', 'sat', 'hdop', 'odometer', 'di16', 'di15', 'di14', 'di13', 'di12', 'di11', 'di10', 'di9', 'di8', 'di7', 'di6', 'di5', 'di4', 'di3', 'di2', 'di1', 'ai1', 'ePwrV', 'ai3', 'ai4', 'ai5', 'iPwrV', 'ai7', 'trailer1_id', 'trailer1_status', 'trailer2_id', 'trailer2_status'], 'old_params': {'protocol': 'bce', 'spd': 0, 'sat': 11, 'hdop': 1, 'odometer': 0, 'di16': 1, 'di15': 0, 'di14': 0, 'di13': 0, 'di12': 0, 'di11': 0, 'di10': 0, 'di9': 0, 'di8': 1, 'di7': 1, 'di6': 1, 'di5': 1, 'di4': 0, 'di3': 0, 'di2': 0, 'di1': 0, 'ai1': 0, 'ePwrV': 27.926, 'ai3': 320, 'ai4': 1725, 'ai5': 27859, 'iPwrV': 4.159, 'ai7': 0, 'trailer1_id': 0, 'trailer1_status': 0, 'trailer2_id': 0, 'trailer2_status': 0}, 'vLoc': 1, 'vCon': 1, 'ip': '109.83.175.23', 'rl': 0, 'trl': 76294.3402, 'mdu': 0, 'tmdu': 4488872, 'eidl': 30, 'teidl': 3291854, 'fc': 0, 'tfc': 0, 'acc': 1, 'accOn': 12488154, 'accOff': 13187948, 'sdu': 0, 'tsdu': 0, 'lat': 23.893749237060547, 'lng': 38.38783264160156}, 'counters': {'odometer_type': 'gps', 'odometer': 76294.3397, 'engine_hours_type': 'acc', 'engine_hours': 12488154, 'last_acc': 1}, 'is_wasl_connected': 'Connected', 'iconUrl': 'https://api.afaqy.sa/images/units/icons/A_10.png', 'hasCCTV': False}
[2024-05-10T13:42:05.302+0000] {warnings.py:109} WARNING - /home/***/.local/lib/python3.8/site-packages/elasticsearch/_sync/client/__init__.py:399: SecurityWarning: Connecting to 'https://dbelk3.afaqy.local:9200' using TLS with verify_certs=False is insecure
  _transport = transport_class(

[2024-05-10T13:42:05.354+0000] {warnings.py:109} WARNING - /home/***/.local/lib/python3.8/site-packages/elasticsearch/_sync/client/__init__.py:399: SecurityWarning: Connecting to 'https://dbelk2.afaqy.local:9200' using TLS with verify_certs=False is insecure
  _transport = transport_class(

[2024-05-10T13:42:05.397+0000] {warnings.py:109} WARNING - /home/***/.local/lib/python3.8/site-packages/elasticsearch/_sync/client/__init__.py:399: SecurityWarning: Connecting to 'https://dbelk1.afaqy.local:9200' using TLS with verify_certs=False is insecure
  _transport = transport_class(

[2024-05-10T13:42:05.416+0000] {warnings.py:109} WARNING - /home/***/.local/lib/python3.8/site-packages/urllib3/connectionpool.py:1061: InsecureRequestWarning: Unverified HTTPS request is being made to host 'dbelk3.afaqy.local'. Adding certificate verification is strongly advised. See: https://urllib3.readthedocs.io/en/1.26.x/advanced-usage.html#ssl-warnings
  warnings.warn(

[2024-05-10T13:42:05.500+0000] {_transport.py:335} INFO - GET https://dbelk3.afaqy.local:9200/_cluster/health [status:200 duration:0.101s]
[2024-05-10T13:42:05.893+0000] {warnings.py:109} WARNING - /home/***/.local/lib/python3.8/site-packages/urllib3/connectionpool.py:1061: InsecureRequestWarning: Unverified HTTPS request is being made to host 'dbelk2.afaqy.local'. Adding certificate verification is strongly advised. See: https://urllib3.readthedocs.io/en/1.26.x/advanced-usage.html#ssl-warnings
  warnings.warn(

[2024-05-10T13:42:05.908+0000] {_transport.py:335} INFO - PUT https://dbelk2.afaqy.local:9200/units_statistics_***/_bulk [status:429 duration:0.034s]
[2024-05-10T13:42:05.909+0000] {_node_pool.py:249} WARNING - Node <Urllib3HttpNode(https://dbelk2.afaqy.local:9200)> has failed for 1 times in a row, putting on 1 second timeout
[2024-05-10T13:42:05.909+0000] {_transport.py:427} WARNING - Retrying request after non-successful status 429 (attempt 0 of 3)
[2024-05-10T13:42:05.911+0000] {warnings.py:109} WARNING - /home/***/.local/lib/python3.8/site-packages/urllib3/connectionpool.py:1061: InsecureRequestWarning: Unverified HTTPS request is being made to host 'dbelk3.afaqy.local'. Adding certificate verification is strongly advised. See: https://urllib3.readthedocs.io/en/1.26.x/advanced-usage.html#ssl-warnings
  warnings.warn(

[2024-05-10T13:42:07.523+0000] {_transport.py:335} INFO - PUT https://dbelk3.afaqy.local:9200/units_statistics_***/_bulk [status:200 duration:1.613s]
[2024-05-10T13:42:07.902+0000] {taskinstance.py:2731} ERROR - Task failed with exception
Traceback (most recent call last):
  File "/home/airflow/.local/lib/python3.8/site-packages/airflow/models/taskinstance.py", line 444, in _execute_task
    result = _execute_callable(context=context, **execute_callable_kwargs)
  File "/home/airflow/.local/lib/python3.8/site-packages/airflow/models/taskinstance.py", line 414, in _execute_callable
    return execute_callable(context=context, **execute_callable_kwargs)
  File "/home/airflow/.local/lib/python3.8/site-packages/airflow/decorators/base.py", line 241, in execute
    return_value = super().execute(context)
  File "/home/airflow/.local/lib/python3.8/site-packages/airflow/operators/python.py", line 200, in execute
    return_value = self.execute_callable()
  File "/home/airflow/.local/lib/python3.8/site-packages/airflow/operators/python.py", line 217, in execute_callable
    return self.python_callable(*self.op_args, **self.op_kwargs)
  File "/opt/airflow/dags/Units_dag.py", line 111, in ETL_job
    Elk_client.elk_pushData(Globals.index_name,units_list_update)
  File "/opt/airflow/dags/units_statistics/elk_manager.py", line 69, in elk_pushData
    helpers.bulk(self.elk_client, docs_list, index=index_name, chunk_size=batch)
  File "/home/airflow/.local/lib/python3.8/site-packages/elasticsearch/helpers/actions.py", line 521, in bulk
    for ok, item in streaming_bulk(
  File "/home/airflow/.local/lib/python3.8/site-packages/elasticsearch/helpers/actions.py", line 436, in streaming_bulk
    for data, (ok, info) in zip(
  File "/home/airflow/.local/lib/python3.8/site-packages/elasticsearch/helpers/actions.py", line 355, in _process_bulk_chunk
    yield from gen
  File "/home/airflow/.local/lib/python3.8/site-packages/elasticsearch/helpers/actions.py", line 274, in _process_bulk_chunk_success
    raise BulkIndexError(f"{len(errors)} document(s) failed to index.", errors)
elasticsearch.helpers.BulkIndexError: 10000 document(s) failed to index.
[2024-05-10T13:42:07.923+0000] {taskinstance.py:1149} INFO - Marking task as UP_FOR_RETRY. dag_id=Units_statistics_DAG, task_id=ETL_job, map_index=12, execution_date=20240510T132000, start_date=20240510T134147, end_date=20240510T134207
[2024-05-10T13:42:07.942+0000] {standard_task_runner.py:107} ERROR - Failed to execute job 47843 for task ETL_job (10000 document(s) failed to index.; 915357)
[2024-05-10T13:42:08.030+0000] {local_task_job_runner.py:234} INFO - Task exited with return code 1
[2024-05-10T13:42:08.065+0000] {taskinstance.py:3312} INFO - 0 downstream tasks scheduled from follow-on schedule check
