[2024-05-07T02:40:19.118+0000] {taskinstance.py:1979} INFO - Dependencies all met for dep_context=non-requeueable deps ti=<TaskInstance: Units_statistics_DAG.ETL_job scheduled__2024-05-07T02:20:00+00:00 map_index=10 [queued]>
[2024-05-07T02:40:19.223+0000] {taskinstance.py:1979} INFO - Dependencies all met for dep_context=requeueable deps ti=<TaskInstance: Units_statistics_DAG.ETL_job scheduled__2024-05-07T02:20:00+00:00 map_index=10 [queued]>
[2024-05-07T02:40:19.223+0000] {taskinstance.py:2193} INFO - Starting attempt 1 of 4
[2024-05-07T02:40:19.424+0000] {taskinstance.py:2217} INFO - Executing <Mapped(_PythonDecoratedOperator): ETL_job> on 2024-05-07 02:20:00+00:00
[2024-05-07T02:40:19.435+0000] {standard_task_runner.py:60} INFO - Started process 822950 to run task
[2024-05-07T02:40:19.469+0000] {standard_task_runner.py:87} INFO - Running: ['***', 'tasks', 'run', 'Units_statistics_DAG', 'ETL_job', 'scheduled__2024-05-07T02:20:00+00:00', '--job-id', '37146', '--raw', '--subdir', 'DAGS_FOLDER/Units_dag.py', '--cfg-path', '/tmp/tmpexqlfuu7', '--map-index', '10']
[2024-05-07T02:40:19.483+0000] {standard_task_runner.py:88} INFO - Job 37146: Subtask ETL_job
[2024-05-07T02:40:19.742+0000] {task_command.py:423} INFO - Running <TaskInstance: Units_statistics_DAG.ETL_job scheduled__2024-05-07T02:20:00+00:00 map_index=10 [running]> on host a09da322e808
[2024-05-07T02:40:20.151+0000] {taskinstance.py:2513} INFO - Exporting env vars: AIRFLOW_CTX_DAG_OWNER='abeer-araby' AIRFLOW_CTX_DAG_ID='Units_statistics_DAG' AIRFLOW_CTX_TASK_ID='ETL_job' AIRFLOW_CTX_EXECUTION_DATE='2024-05-07T02:20:00+00:00' AIRFLOW_CTX_TRY_NUMBER='1' AIRFLOW_CTX_DAG_RUN_ID='scheduled__2024-05-07T02:20:00+00:00'
[2024-05-07T02:40:20.153+0000] {Units_dag.py:98} INFO - i: 100000, chunk: 10000
[2024-05-07T02:40:20.153+0000] {Units_dag.py:99} INFO - child token is::: eyJ0eXAiOiJKV1QiLCJhbGciOiJIUzI1NiJ9.eyJpc3MiOiJodHRwczovL2FwaS5hZmFxeS5zYS9hdXRoL2xvZ2luX2FzIiwiaWF0IjoxNzE1MDQ5NjA0LCJleHAiOjE3MTc2NDE2MDQsIm5iZiI6MTcxNTA0OTYwNCwianRpIjoiR0x6VDYxT3NxcFZiTXMzcSIsInN1YiI6IjVkNjNlNTFlMDNlZDUyOTJhNDJjMjRlNiIsInBydiI6IjI3MGVjZmM3ZWEzZWQ5MzdlYTg0OTM2MmEzYTUwOTEwYzZkOGNlNGYiLCJsb2dpbl9hc19pZCI6IjY1N2YwYWQ3M2Y5NzcyOTVjZjA1NTc2YSJ9.OkpFFj7pEEAaffpJcNSFWfMTdWXZKXaF2GVc-brQV7M
[2024-05-07T02:40:54.544+0000] {Units_dag.py:103} INFO - {'_id': '645623212da1f34a1968f1cd', 'icon': 'icons/icon.png', 'driver_id': '', 'tailer_id': '', 'profile': {'vehicle_type': 'ZHONGTONG 2018', 'measurement_type': 'count', 'max_capacity': 0, 'vin': '993621610', 'plate_number': 'أ د ي 4363', 'start_operation': None, 'contract_milage': None, 'opening_milage': None, 'model': '2018', 'fuel_type': '91', 'year': 2018, 'seats': 2}, 'device_password': '***', 'device_type': 'gps', 'gateway': False, 'name': '5102', 'operation_code': '5102', 'device_gateway': '', 'business_types': {'waste': False, 'transportation': False, 'water': False, 'hajj': True}, 'imei': '867459045578747', 'sim_number': '+966830031792871', 'sim_serial': '421296721483', 'device_serial': '867459045578747', 'device': 'bce', 'user_id': '6256d942674c9170c17c2e25', 'created_by': '5e6655bf03ed52e1ab79d301', 'updated_at': '2024-05-05 14:44:08', 'created_at': '2023-05-06 12:51:29', 'skip_sim_information': False, 'custom_fields': [], 'shipment_info': None, 'creator': 'amr.ahmed', 'company': 'شركة القائد السعودية للمقاولات والتجارة والنقل', 'owner': 'qaid-hajj', 'last_update': {'dtt': 1714991164000, 'dts': 1714991193360, 'spd': 0, 'ang': 0, 'alt': 0, 'lastloc': {'lat': 21.194976806640625, 'lng': 39.717586517333984}, 'chPrams': {'ePwrV': {'v': 24.496, 'cdt': 1714991164000}, 'di15': {'v': 0, 'cdt': 1683368080000}, 'rssi1': {'v': 90, 'cdt': 1714991164000}, 'di14': {'v': 0, 'cdt': 1713852710000}, 'di12': {'v': 0, 'cdt': 1714562444000}, 'can_mileage': {'v': 0, 'cdt': 1714046742000}, 'j1939_fuel_rate': {'v': 0, 'cdt': 1714046742000}, 'fuel_con_ins': {'v': 0, 'cdt': 1714046742000}, 'di1': {'v': 0, 'cdt': 1714046730000}, 'di5': {'v': 0, 'cdt': 1714562444000}, 'lac1': {'v': 52013, 'cdt': 1713622904000}, 'di7': {'v': 0, 'cdt': 1714562542000}, 'iPwrV': {'v': 4.295, 'cdt': 1714991164000}, 'cid1': {'v': 58011, 'cdt': 1714561710000}, 'odometer': {'v': 0, 'cdt': 1714552212000}, 'spd': {'v': 0, 'cdt': 1713874778000}, 'sat': {'v': 8, 'cdt': 1714561710000}, 'hdop': {'v': 1, 'cdt': 1714556412000}, 'can_fls': {'v': 0, 'cdt': 1714046742000}, 'mcc1': {'v': 420, 'cdt': 1714127132000}, 'mnc1': {'v': 4, 'cdt': 1714127132000}, 'total_fuel': {'v': 0, 'cdt': 1714046742000}}, 'prms': {'protocol': 'bce', 'di16': 1, 'di15': 0, 'di14': 0, 'di13': 0, 'di12': 0, 'di11': 0, 'di10': 0, 'di9': 0, 'di8': 1, 'di7': 0, 'di6': 0, 'di5': 0, 'di4': 0, 'di3': 0, 'di2': 0, 'di1': 0, 'ePwrV': 24.496, 'iPwrV': 4.295, 'ta': 0, 'mcc1': 420, 'mnc1': 4, 'lac1': 52013, 'cid1': 58011, 'rssi1': 90, 'total_fuel': 0, 'can_fls': 0, 'can_mileage': 0, 'engine_temp': 0, 'j1939_fuel_rate': 0, 'fuel_con_ins': 0}, 'devPrms': ['protocol', 'di16', 'di15', 'di14', 'di13', 'di12', 'di11', 'di10', 'di9', 'di8', 'di7', 'di6', 'di5', 'di4', 'di3', 'di2', 'di1', 'ePwrV', 'iPwrV', 'ta', 'mcc1', 'mnc1', 'lac1', 'cid1', 'rssi1', 'total_fuel', 'can_fls', 'can_mileage', 'engine_temp', 'j1939_fuel_rate', 'fuel_con_ins'], 'old_params': {'di16': 1, 'ePwrV': 23.504, 'di15': 0, 'rssi1': 91, 'di14': 0, 'di13': 0, 'di12': 0, 'di11': 0, 'can_mileage': 0, 'di10': 0, 'j1939_fuel_rate': 0, 'fuel_con_ins': 0, 'di2': 0, 'di1': 0, 'di4': 0, 'di3': 0, 'di6': 0, 'di5': 0, 'lac1': 52013, 'protocol': 'bce', 'di8': 1, 'di7': 0, 'engine_temp': 0, 'di9': 0, 'iPwrV': 3.378, 'cid1': 58011, 'ta': 0, 'mcc1': 420, 'can_fls': 0, 'mnc1': 4, 'total_fuel': 0}, 'vLoc': 0, 'vCon': 0, 'ip': '51.36.6.9', 'rl': 0, 'trl': 30051.7386, 'mdu': 0, 'tmdu': 2457674, 'eidl': 0, 'teidl': 5619836, 'fc': 0, 'tfc': 1.414572, 'acc': 0, 'accOn': 15573816, 'accOff': 21195628, 'sdu': 428622, 'tsdu': 428720, 'lat': 0, 'lng': 0}, 'counters': {'odometer_type': 'canbus', 'odometer': 30050.9306, 'engine_hours_type': 'acc', 'engine_hours': 15573816, 'last_acc': 0}, 'is_wasl_connected': 'Connected', 'iconUrl': 'https://api.afaqy.sa/images/units/icons/icon.png', 'hasCCTV': False}
[2024-05-07T02:40:56.606+0000] {warnings.py:109} WARNING - /home/***/.local/lib/python3.8/site-packages/elasticsearch/_sync/client/__init__.py:399: SecurityWarning: Connecting to 'https://dbelk2.afaqy.local:9200' using TLS with verify_certs=False is insecure
  _transport = transport_class(

[2024-05-07T02:40:56.796+0000] {warnings.py:109} WARNING - /home/***/.local/lib/python3.8/site-packages/elasticsearch/_sync/client/__init__.py:399: SecurityWarning: Connecting to 'https://dbelk3.afaqy.local:9200' using TLS with verify_certs=False is insecure
  _transport = transport_class(

[2024-05-07T02:40:56.906+0000] {warnings.py:109} WARNING - /home/***/.local/lib/python3.8/site-packages/elasticsearch/_sync/client/__init__.py:399: SecurityWarning: Connecting to 'https://dbelk1.afaqy.local:9200' using TLS with verify_certs=False is insecure
  _transport = transport_class(

[2024-05-07T02:40:56.940+0000] {warnings.py:109} WARNING - /home/***/.local/lib/python3.8/site-packages/urllib3/connectionpool.py:1061: InsecureRequestWarning: Unverified HTTPS request is being made to host 'dbelk2.afaqy.local'. Adding certificate verification is strongly advised. See: https://urllib3.readthedocs.io/en/1.26.x/advanced-usage.html#ssl-warnings
  warnings.warn(

[2024-05-07T02:40:57.025+0000] {_transport.py:335} INFO - GET https://dbelk2.afaqy.local:9200/_cluster/health [status:200 duration:0.117s]
[2024-05-07T02:40:58.855+0000] {warnings.py:109} WARNING - /home/***/.local/lib/python3.8/site-packages/urllib3/connectionpool.py:1061: InsecureRequestWarning: Unverified HTTPS request is being made to host 'dbelk3.afaqy.local'. Adding certificate verification is strongly advised. See: https://urllib3.readthedocs.io/en/1.26.x/advanced-usage.html#ssl-warnings
  warnings.warn(

[2024-05-07T02:40:59.123+0000] {_transport.py:335} INFO - PUT https://dbelk3.afaqy.local:9200/units_statistics_***/_bulk [status:200 duration:1.130s]
[2024-05-07T02:41:00.252+0000] {taskinstance.py:2731} ERROR - Task failed with exception
Traceback (most recent call last):
  File "/home/airflow/.local/lib/python3.8/site-packages/airflow/models/taskinstance.py", line 444, in _execute_task
    result = _execute_callable(context=context, **execute_callable_kwargs)
  File "/home/airflow/.local/lib/python3.8/site-packages/airflow/models/taskinstance.py", line 414, in _execute_callable
    return execute_callable(context=context, **execute_callable_kwargs)
  File "/home/airflow/.local/lib/python3.8/site-packages/airflow/decorators/base.py", line 241, in execute
    return_value = super().execute(context)
  File "/home/airflow/.local/lib/python3.8/site-packages/airflow/operators/python.py", line 200, in execute
    return_value = self.execute_callable()
  File "/home/airflow/.local/lib/python3.8/site-packages/airflow/operators/python.py", line 217, in execute_callable
    return self.python_callable(*self.op_args, **self.op_kwargs)
  File "/opt/airflow/dags/Units_dag.py", line 111, in ETL_job
    Elk_client.elk_pushData(Globals.index_name,units_list_update)
  File "/opt/airflow/dags/units_statistics/elk_manager.py", line 69, in elk_pushData
    helpers.bulk(self.elk_client, docs_list, index=index_name, chunk_size=batch)
  File "/home/airflow/.local/lib/python3.8/site-packages/elasticsearch/helpers/actions.py", line 521, in bulk
    for ok, item in streaming_bulk(
  File "/home/airflow/.local/lib/python3.8/site-packages/elasticsearch/helpers/actions.py", line 436, in streaming_bulk
    for data, (ok, info) in zip(
  File "/home/airflow/.local/lib/python3.8/site-packages/elasticsearch/helpers/actions.py", line 355, in _process_bulk_chunk
    yield from gen
  File "/home/airflow/.local/lib/python3.8/site-packages/elasticsearch/helpers/actions.py", line 274, in _process_bulk_chunk_success
    raise BulkIndexError(f"{len(errors)} document(s) failed to index.", errors)
elasticsearch.helpers.BulkIndexError: 10000 document(s) failed to index.
[2024-05-07T02:41:00.285+0000] {taskinstance.py:1149} INFO - Marking task as UP_FOR_RETRY. dag_id=Units_statistics_DAG, task_id=ETL_job, map_index=10, execution_date=20240507T022000, start_date=20240507T024019, end_date=20240507T024100
[2024-05-07T02:41:00.318+0000] {standard_task_runner.py:107} ERROR - Failed to execute job 37146 for task ETL_job (10000 document(s) failed to index.; 822950)
[2024-05-07T02:41:00.549+0000] {local_task_job_runner.py:234} INFO - Task exited with return code 1
[2024-05-07T02:41:00.600+0000] {taskinstance.py:3312} INFO - 0 downstream tasks scheduled from follow-on schedule check
