[2024-05-10T13:41:52.045+0000] {taskinstance.py:1979} INFO - Dependencies all met for dep_context=non-requeueable deps ti=<TaskInstance: Units_statistics_DAG.ETL_job scheduled__2024-05-10T13:20:00+00:00 map_index=6 [queued]>
[2024-05-10T13:41:52.076+0000] {taskinstance.py:1979} INFO - Dependencies all met for dep_context=requeueable deps ti=<TaskInstance: Units_statistics_DAG.ETL_job scheduled__2024-05-10T13:20:00+00:00 map_index=6 [queued]>
[2024-05-10T13:41:52.077+0000] {taskinstance.py:2193} INFO - Starting attempt 2 of 4
[2024-05-10T13:41:52.103+0000] {taskinstance.py:2217} INFO - Executing <Mapped(_PythonDecoratedOperator): ETL_job> on 2024-05-10 13:20:00+00:00
[2024-05-10T13:41:52.110+0000] {standard_task_runner.py:60} INFO - Started process 915378 to run task
[2024-05-10T13:41:52.123+0000] {standard_task_runner.py:87} INFO - Running: ['***', 'tasks', 'run', 'Units_statistics_DAG', 'ETL_job', 'scheduled__2024-05-10T13:20:00+00:00', '--job-id', '47854', '--raw', '--subdir', 'DAGS_FOLDER/Units_dag.py', '--cfg-path', '/tmp/tmp1th0w3ad', '--map-index', '6']
[2024-05-10T13:41:52.125+0000] {standard_task_runner.py:88} INFO - Job 47854: Subtask ETL_job
[2024-05-10T13:41:52.228+0000] {task_command.py:423} INFO - Running <TaskInstance: Units_statistics_DAG.ETL_job scheduled__2024-05-10T13:20:00+00:00 map_index=6 [running]> on host a09da322e808
[2024-05-10T13:41:52.396+0000] {taskinstance.py:2513} INFO - Exporting env vars: AIRFLOW_CTX_DAG_OWNER='abeer-araby' AIRFLOW_CTX_DAG_ID='Units_statistics_DAG' AIRFLOW_CTX_TASK_ID='ETL_job' AIRFLOW_CTX_EXECUTION_DATE='2024-05-10T13:20:00+00:00' AIRFLOW_CTX_TRY_NUMBER='2' AIRFLOW_CTX_DAG_RUN_ID='scheduled__2024-05-10T13:20:00+00:00'
[2024-05-10T13:41:52.397+0000] {Units_dag.py:98} INFO - i: 60000, chunk: 10000
[2024-05-10T13:41:52.397+0000] {Units_dag.py:99} INFO - child token is::: eyJ0eXAiOiJKV1QiLCJhbGciOiJIUzI1NiJ9.eyJpc3MiOiJodHRwczovL2FwaS5hZmFxeS5zYS9hdXRoL2xvZ2luX2FzIiwiaWF0IjoxNzE1MzQ4NDAzLCJleHAiOjE3MTc5NDA0MDMsIm5iZiI6MTcxNTM0ODQwMywianRpIjoiY1oyRVc2WUMyUFJjODlUWCIsInN1YiI6IjVkNjNlNTFlMDNlZDUyOTJhNDJjMjRlNiIsInBydiI6IjI3MGVjZmM3ZWEzZWQ5MzdlYTg0OTM2MmEzYTUwOTEwYzZkOGNlNGYiLCJsb2dpbl9hc19pZCI6IjY1N2YwYWQ3M2Y5NzcyOTVjZjA1NTc2YSJ9.XKq_pah2Rx8W3Ab38kWenQteMcIKxPZkliAVPrqzUDI
[2024-05-10T13:42:12.775+0000] {Units_dag.py:103} INFO - {'_id': '6330653326077657f723d5cd', 'icon': 'icons/A_10.png', 'driver_id': '', 'tailer_id': '', 'profile': {'vehicle_type': '', 'measurement_type': 'count', 'max_capacity': 0, 'vin': '', 'plate_number': '', 'start_operation': '', 'contract_milage': '', 'opening_milage': '', 'model': '', 'fuel_type': '91', 'year': 0, 'seats': 2}, 'device_password': '***', 'device_type': 'gps', 'gateway': False, 'name': '7741 - BSA', 'operation_code': '', 'device_gateway': '', 'business_types': {'waste': False, 'transportation': True, 'water': False}, 'imei': '869688059373276', 'sim_number': '+966830028895625', 'sim_serial': '996609821111331186', 'device_serial': '869688059373276', 'device': 'bce', 'user_id': '5ed3a92603ed527acb46a02c', 'created_by': '5e6655bf03ed52e1ab79d301', 'updated_at': '2024-04-18 11:18:59', 'created_at': '2022-09-25 17:26:59', 'custom_fields': [], 'creator': 'amr.ahmed', 'company': '', 'owner': 'al-musalam', 'last_update': {'dtt': 1715348474000, 'dts': 1715348504014, 'spd': 0, 'ang': 348, 'alt': 65533, 'chPrams': {'ePwrV': {'v': 27.757, 'cdt': 1715348474000}, 'di16': {'v': 1, 'cdt': 1713437822000}, 'di15': {'v': 0, 'cdt': 1664186992000}, 'rssi1': {'v': 67, 'cdt': 1715348474000}, 'di14': {'v': 0, 'cdt': 1715344792000}, 'di13': {'v': 0, 'cdt': 1714646348000}, 'di12': {'v': 0, 'cdt': 1713437822000}, 'di11': {'v': 0, 'cdt': 1713437822000}, 'di10': {'v': 0, 'cdt': 1713437822000}, 'di2': {'v': 1, 'cdt': 1715265552000}, 'di1': {'v': 0, 'cdt': 1715345026000}, 'ai4': {'v': 12405, 'cdt': 1715348444000}, 'di4': {'v': 0, 'cdt': 1714212852000}, 'di3': {'v': 0, 'cdt': 1713437822000}, 'di6': {'v': 0, 'cdt': 1714205352000}, 'di5': {'v': 1, 'cdt': 1715336224000}, 'lac1': {'v': 2231, 'cdt': 1715341788000}, 'protocol': {'v': 'bce', 'cdt': 1713437822000}, 'di8': {'v': 1, 'cdt': 1714754728000}, 'di7': {'v': 1, 'cdt': 1715336224000}, 'di9': {'v': 0, 'cdt': 1713437822000}, 'iPwrV': {'v': 4.156, 'cdt': 1715348414000}, 'cid1': {'v': 45592, 'cdt': 1715344708000}, 'odometer': {'v': 0, 'cdt': 1715344876000}, 'spd': {'v': 0, 'cdt': 1715344876000}, 'sat': {'v': 10, 'cdt': 1715348474000}, 'hdop': {'v': 1, 'cdt': 1715264052000}, 'ta': {'v': 0, 'cdt': 1714205442000}, 'mcc1': {'v': 420, 'cdt': 1715152676000}, 'mnc1': {'v': 3, 'cdt': 1713254616000}}, 'prms': {'protocol': 'bce', 'spd': 0, 'sat': 10, 'hdop': 1, 'odometer': 0, 'di16': 1, 'di15': 0, 'di14': 0, 'di13': 0, 'di12': 0, 'di11': 0, 'di10': 0, 'di9': 0, 'di8': 1, 'di7': 1, 'di6': 0, 'di5': 1, 'di4': 0, 'di3': 0, 'di2': 1, 'di1': 0, 'ePwrV': 27.757, 'ai4': 12405, 'iPwrV': 4.156, 'ta': 0, 'mcc1': 420, 'mnc1': 3, 'lac1': 2231, 'cid1': 45592, 'rssi1': 67}, 'devPrms': ['protocol', 'spd', 'sat', 'hdop', 'odometer', 'di16', 'di15', 'di14', 'di13', 'di12', 'di11', 'di10', 'di9', 'di8', 'di7', 'di6', 'di5', 'di4', 'di3', 'di2', 'di1', 'ePwrV', 'ai4', 'iPwrV', 'ta', 'mcc1', 'mnc1', 'lac1', 'cid1', 'rssi1'], 'old_params': {'protocol': 'bce', 'spd': 0, 'sat': 11, 'hdop': 1, 'odometer': 0, 'di16': 1, 'di15': 0, 'di14': 0, 'di13': 0, 'di12': 0, 'di11': 0, 'di10': 0, 'di9': 0, 'di8': 1, 'di7': 1, 'di6': 0, 'di5': 1, 'di4': 0, 'di3': 0, 'di2': 1, 'di1': 0, 'ePwrV': 27.704, 'ai4': 12405, 'iPwrV': 4.156, 'ta': 0, 'mcc1': 420, 'mnc1': 3, 'lac1': 2231, 'cid1': 45592, 'rssi1': 66}, 'vLoc': 1, 'vCon': 1, 'ip': '109.83.2.199', 'rl': 0, 'trl': 175308.5585, 'mdu': 0, 'tmdu': 10289532, 'eidl': 30, 'teidl': 12812736, 'fc': 0, 'tfc': 5.755992, 'acc': 1, 'accOn': 24930642, 'accOff': 27253582, 'sdu': 0, 'tsdu': 0, 'lat': 21.461944580078125, 'lng': 39.17549133300781}, 'counters': {'odometer_type': 'gps', 'odometer': 175308.5583, 'engine_hours_type': 'acc', 'engine_hours': 24930642, 'last_acc': 1}, 'is_wasl_connected': 'Connected', 'iconUrl': 'https://api.afaqy.sa/images/units/icons/A_10.png', 'hasCCTV': False}
[2024-05-10T13:42:13.404+0000] {warnings.py:109} WARNING - /home/***/.local/lib/python3.8/site-packages/elasticsearch/_sync/client/__init__.py:399: SecurityWarning: Connecting to 'https://dbelk1.afaqy.local:9200' using TLS with verify_certs=False is insecure
  _transport = transport_class(

[2024-05-10T13:42:13.454+0000] {warnings.py:109} WARNING - /home/***/.local/lib/python3.8/site-packages/elasticsearch/_sync/client/__init__.py:399: SecurityWarning: Connecting to 'https://dbelk2.afaqy.local:9200' using TLS with verify_certs=False is insecure
  _transport = transport_class(

[2024-05-10T13:42:13.499+0000] {warnings.py:109} WARNING - /home/***/.local/lib/python3.8/site-packages/elasticsearch/_sync/client/__init__.py:399: SecurityWarning: Connecting to 'https://dbelk3.afaqy.local:9200' using TLS with verify_certs=False is insecure
  _transport = transport_class(

[2024-05-10T13:42:13.526+0000] {warnings.py:109} WARNING - /home/***/.local/lib/python3.8/site-packages/urllib3/connectionpool.py:1061: InsecureRequestWarning: Unverified HTTPS request is being made to host 'dbelk1.afaqy.local'. Adding certificate verification is strongly advised. See: https://urllib3.readthedocs.io/en/1.26.x/advanced-usage.html#ssl-warnings
  warnings.warn(

[2024-05-10T13:42:13.590+0000] {_transport.py:335} INFO - GET https://dbelk1.afaqy.local:9200/_cluster/health [status:200 duration:0.089s]
[2024-05-10T13:42:14.030+0000] {warnings.py:109} WARNING - /home/***/.local/lib/python3.8/site-packages/urllib3/connectionpool.py:1061: InsecureRequestWarning: Unverified HTTPS request is being made to host 'dbelk2.afaqy.local'. Adding certificate verification is strongly advised. See: https://urllib3.readthedocs.io/en/1.26.x/advanced-usage.html#ssl-warnings
  warnings.warn(

[2024-05-10T13:42:14.042+0000] {_transport.py:335} INFO - PUT https://dbelk2.afaqy.local:9200/units_statistics_***/_bulk [status:429 duration:0.036s]
[2024-05-10T13:42:14.043+0000] {_node_pool.py:249} WARNING - Node <Urllib3HttpNode(https://dbelk2.afaqy.local:9200)> has failed for 1 times in a row, putting on 1 second timeout
[2024-05-10T13:42:14.043+0000] {_transport.py:427} WARNING - Retrying request after non-successful status 429 (attempt 0 of 3)
[2024-05-10T13:42:14.044+0000] {warnings.py:109} WARNING - /home/***/.local/lib/python3.8/site-packages/urllib3/connectionpool.py:1061: InsecureRequestWarning: Unverified HTTPS request is being made to host 'dbelk1.afaqy.local'. Adding certificate verification is strongly advised. See: https://urllib3.readthedocs.io/en/1.26.x/advanced-usage.html#ssl-warnings
  warnings.warn(

[2024-05-10T13:42:14.193+0000] {_transport.py:335} INFO - PUT https://dbelk1.afaqy.local:9200/units_statistics_***/_bulk [status:200 duration:0.150s]
[2024-05-10T13:42:14.630+0000] {taskinstance.py:2731} ERROR - Task failed with exception
Traceback (most recent call last):
  File "/home/airflow/.local/lib/python3.8/site-packages/airflow/models/taskinstance.py", line 444, in _execute_task
    result = _execute_callable(context=context, **execute_callable_kwargs)
  File "/home/airflow/.local/lib/python3.8/site-packages/airflow/models/taskinstance.py", line 414, in _execute_callable
    return execute_callable(context=context, **execute_callable_kwargs)
  File "/home/airflow/.local/lib/python3.8/site-packages/airflow/decorators/base.py", line 241, in execute
    return_value = super().execute(context)
  File "/home/airflow/.local/lib/python3.8/site-packages/airflow/operators/python.py", line 200, in execute
    return_value = self.execute_callable()
  File "/home/airflow/.local/lib/python3.8/site-packages/airflow/operators/python.py", line 217, in execute_callable
    return self.python_callable(*self.op_args, **self.op_kwargs)
  File "/opt/airflow/dags/Units_dag.py", line 111, in ETL_job
    Elk_client.elk_pushData(Globals.index_name,units_list_update)
  File "/opt/airflow/dags/units_statistics/elk_manager.py", line 69, in elk_pushData
    helpers.bulk(self.elk_client, docs_list, index=index_name, chunk_size=batch)
  File "/home/airflow/.local/lib/python3.8/site-packages/elasticsearch/helpers/actions.py", line 521, in bulk
    for ok, item in streaming_bulk(
  File "/home/airflow/.local/lib/python3.8/site-packages/elasticsearch/helpers/actions.py", line 436, in streaming_bulk
    for data, (ok, info) in zip(
  File "/home/airflow/.local/lib/python3.8/site-packages/elasticsearch/helpers/actions.py", line 355, in _process_bulk_chunk
    yield from gen
  File "/home/airflow/.local/lib/python3.8/site-packages/elasticsearch/helpers/actions.py", line 274, in _process_bulk_chunk_success
    raise BulkIndexError(f"{len(errors)} document(s) failed to index.", errors)
elasticsearch.helpers.BulkIndexError: 10000 document(s) failed to index.
[2024-05-10T13:42:14.649+0000] {taskinstance.py:1149} INFO - Marking task as UP_FOR_RETRY. dag_id=Units_statistics_DAG, task_id=ETL_job, map_index=6, execution_date=20240510T132000, start_date=20240510T134152, end_date=20240510T134214
[2024-05-10T13:42:14.675+0000] {standard_task_runner.py:107} ERROR - Failed to execute job 47854 for task ETL_job (10000 document(s) failed to index.; 915378)
[2024-05-10T13:42:14.754+0000] {local_task_job_runner.py:234} INFO - Task exited with return code 1
[2024-05-10T13:42:14.781+0000] {taskinstance.py:3312} INFO - 0 downstream tasks scheduled from follow-on schedule check
