[2024-05-11T09:40:17.570+0000] {taskinstance.py:1979} INFO - Dependencies all met for dep_context=non-requeueable deps ti=<TaskInstance: Units_statistics_DAG.ETL_job scheduled__2024-05-11T09:20:00+00:00 map_index=2 [queued]>
[2024-05-11T09:40:17.692+0000] {taskinstance.py:1979} INFO - Dependencies all met for dep_context=requeueable deps ti=<TaskInstance: Units_statistics_DAG.ETL_job scheduled__2024-05-11T09:20:00+00:00 map_index=2 [queued]>
[2024-05-11T09:40:17.693+0000] {taskinstance.py:2193} INFO - Starting attempt 1 of 4
[2024-05-11T09:40:17.803+0000] {taskinstance.py:2217} INFO - Executing <Mapped(_PythonDecoratedOperator): ETL_job> on 2024-05-11 09:20:00+00:00
[2024-05-11T09:40:17.841+0000] {standard_task_runner.py:60} INFO - Started process 937294 to run task
[2024-05-11T09:40:17.917+0000] {standard_task_runner.py:87} INFO - Running: ['***', 'tasks', 'run', 'Units_statistics_DAG', 'ETL_job', 'scheduled__2024-05-11T09:20:00+00:00', '--job-id', '50259', '--raw', '--subdir', 'DAGS_FOLDER/Units_dag.py', '--cfg-path', '/tmp/tmp588n3sg3', '--map-index', '2']
[2024-05-11T09:40:17.919+0000] {standard_task_runner.py:88} INFO - Job 50259: Subtask ETL_job
[2024-05-11T09:40:18.215+0000] {task_command.py:423} INFO - Running <TaskInstance: Units_statistics_DAG.ETL_job scheduled__2024-05-11T09:20:00+00:00 map_index=2 [running]> on host a09da322e808
[2024-05-11T09:40:18.720+0000] {taskinstance.py:2513} INFO - Exporting env vars: AIRFLOW_CTX_DAG_OWNER='abeer-araby' AIRFLOW_CTX_DAG_ID='Units_statistics_DAG' AIRFLOW_CTX_TASK_ID='ETL_job' AIRFLOW_CTX_EXECUTION_DATE='2024-05-11T09:20:00+00:00' AIRFLOW_CTX_TRY_NUMBER='1' AIRFLOW_CTX_DAG_RUN_ID='scheduled__2024-05-11T09:20:00+00:00'
[2024-05-11T09:40:18.722+0000] {Units_dag.py:98} INFO - i: 20000, chunk: 10000
[2024-05-11T09:40:18.722+0000] {Units_dag.py:99} INFO - child token is::: eyJ0eXAiOiJKV1QiLCJhbGciOiJIUzI1NiJ9.eyJpc3MiOiJodHRwczovL2FwaS5hZmFxeS5zYS9hdXRoL2xvZ2luX2FzIiwiaWF0IjoxNzE1NDIwNDAzLCJleHAiOjE3MTgwMTI0MDMsIm5iZiI6MTcxNTQyMDQwMywianRpIjoieEttdlFKUmE0anhGT05NYiIsInN1YiI6IjVkNjNlNTFlMDNlZDUyOTJhNDJjMjRlNiIsInBydiI6IjI3MGVjZmM3ZWEzZWQ5MzdlYTg0OTM2MmEzYTUwOTEwYzZkOGNlNGYiLCJsb2dpbl9hc19pZCI6IjY1N2YwYWQ3M2Y5NzcyOTVjZjA1NTc2YSJ9.jX_wF68iBjLS5LCF6MNhilehmocv2kzRy9PdwJOuzhg
[2024-05-11T09:40:48.312+0000] {Units_dag.py:103} INFO - {'_id': '618a70eace9cc97ea73bbaf8', 'icon': 'icons/icon.png', 'driver_id': '', 'tailer_id': '', 'profile': {'vehicle_type': '', 'measurement_type': 'weight', 'max_capacity': 0, 'vin': '', 'plate_number': '', 'start_operation': '', 'contract_milage': '', 'opening_milage': '', 'model': '', 'fuel_type': '91', 'year': 0, 'seats': 2}, 'device_password': '***', 'device_type': 'gps', 'gateway': False, 'name': 'أ وص 2579', 'operation_code': '', 'device_gateway': '', 'business_types': {'waste': False, 'transportation': True, 'water': False}, 'imei': '862549044109364', 'sim_number': '+966862549844652', 'sim_serial': '862549044109364', 'device_serial': '862549044109364', 'device': 'ruptela', 'user_id': '5e539d8203ed52f71d634478', 'created_by': '5e6655bf03ed52e1ab79d301', 'updated_at': '2024-04-18 11:18:59', 'created_at': '2021-11-09 16:00:26', 'custom_fields': [], 'creator': 'amr.ahmed', 'company': '', 'owner': 'aemallamar', 'last_update': {'dtt': 1715420372000, 'dts': 1715420374052, 'spd': 0, 'ang': 134, 'alt': 25, 'chPrams': {'io_1_176': {'v': 0, 'cdt': 1715408326000}, 'gsm': {'v': 19, 'cdt': 1715420252000}, 'io_1_134': {'v': 0, 'cdt': 1715408370000}, 'io_1_136': {'v': 0, 'cdt': 1715404527000}, 'io_1_135': {'v': 0, 'cdt': 1715408370000}, 'ai22': {'v': 3173, 'cdt': 1715420372000}, 'ePwrV': {'v': 25.3, 'cdt': 1715420372000}, 'io_2_139': {'v': 60, 'cdt': 1715408432000}, 'di2': {'v': 0, 'cdt': 1636634522000}, 'io_1_130': {'v': 0, 'cdt': 1715408370000}, 'operator': {'v': 42004, 'cdt': 1715095028000}, 'di5': {'v': 0, 'cdt': 1715408326000}, 'io_2_131': {'v': 0, 'cdt': 1713626334000}, 'protocol': {'v': 'ruptela', 'cdt': 1715001651000}, 'io_2_137': {'v': 60, 'cdt': 1715408792000}, 'iPwrV': {'v': 4.055, 'cdt': 1715420372000}, 'event': {'v': 7, 'cdt': 1715408372000}, 'io_1_418': {'v': 1, 'cdt': 1715095028000}, 'move': {'v': 0, 'cdt': 1715408370000}, 'spd': {'v': 0, 'cdt': 1715408326000}, 'sat': {'v': 19, 'cdt': 1715420372000}, 'hdop': {'v': 0.5, 'cdt': 1715419352000}, 'io_2_560': {'v': 0, 'cdt': 1712935186000}, 'accTemp': {'v': 55, 'cdt': 1715418572000}, 'vOdometer': {'v': 131373024, 'cdt': 1715408326000}, 'io_1_405': {'v': 1, 'cdt': 1715001651000}}, 'prms': {'protocol': 'ruptela', 'sat': 19, 'spd': 0, 'hdop': 0.5, 'event': 7, 'io_1_130': 0, 'io_1_134': 0, 'io_1_135': 0, 'io_1_136': 0, 'di2': 0, 'di5': 0, 'accTemp': 55, 'io_1_405': 1, 'gsm': 19, 'move': 0, 'io_1_176': 0, 'io_1_418': 1, 'io_2_131': 0, 'io_2_137': 60, 'io_2_139': 60, 'ai22': 3173, 'io_2_560': 0, 'ePwrV': 25.3, 'iPwrV': 4.055, 'vOdometer': 131373024, 'operator': 42004}, 'devPrms': ['protocol', 'sat', 'spd', 'hdop', 'event', 'io_1_130', 'io_1_134', 'io_1_135', 'io_1_136', 'di2', 'di5', 'accTemp', 'io_1_405', 'gsm', 'move', 'io_1_176', 'io_1_418', 'io_2_131', 'io_2_137', 'io_2_139', 'ai22', 'io_2_560', 'ePwrV', 'iPwrV', 'vOdometer', 'operator'], 'old_params': {'protocol': 'ruptela', 'sat': 17, 'spd': 0, 'hdop': 0.5, 'event': 7, 'io_1_130': 0, 'io_1_134': 0, 'io_1_135': 0, 'io_1_136': 0, 'di2': 0, 'di5': 0, 'accTemp': 55, 'io_1_405': 1, 'gsm': 19, 'move': 0, 'io_1_176': 0, 'io_1_418': 1, 'io_2_131': 0, 'io_2_137': 60, 'io_2_139': 60, 'ai22': 3175, 'io_2_560': 0, 'ePwrV': 25.298, 'iPwrV': 4.058, 'vOdometer': 131373024, 'operator': 42004}, 'vLoc': 1, 'vCon': 1, 'ip': '51.39.24.75', 'rl': 0, 'trl': 132528.7314, 'mdu': 0, 'tmdu': 9824804, 'eidl': 0, 'teidl': 3514332, 'fc': 0, 'tfc': 540.543504, 'acc': 0, 'accOn': 15086095, 'accOff': 192165698, 'sdu': 60, 'tsdu': 12046, 'lat': 26.2384766, 'lng': 49.96742}, 'counters': {'odometer_type': 'gps', 'odometer': 132528.7297, 'engine_hours_type': 'acc', 'engine_hours': 15086095, 'last_acc': 0}, 'is_wasl_connected': 'Connected', 'iconUrl': 'https://api.afaqy.sa/images/units/icons/icon.png', 'hasCCTV': False}
[2024-05-11T09:40:50.744+0000] {warnings.py:109} WARNING - /home/***/.local/lib/python3.8/site-packages/elasticsearch/_sync/client/__init__.py:399: SecurityWarning: Connecting to 'https://dbelk2.afaqy.local:9200' using TLS with verify_certs=False is insecure
  _transport = transport_class(

[2024-05-11T09:40:50.797+0000] {warnings.py:109} WARNING - /home/***/.local/lib/python3.8/site-packages/elasticsearch/_sync/client/__init__.py:399: SecurityWarning: Connecting to 'https://dbelk3.afaqy.local:9200' using TLS with verify_certs=False is insecure
  _transport = transport_class(

[2024-05-11T09:40:50.970+0000] {warnings.py:109} WARNING - /home/***/.local/lib/python3.8/site-packages/elasticsearch/_sync/client/__init__.py:399: SecurityWarning: Connecting to 'https://dbelk1.afaqy.local:9200' using TLS with verify_certs=False is insecure
  _transport = transport_class(

[2024-05-11T09:40:51.002+0000] {warnings.py:109} WARNING - /home/***/.local/lib/python3.8/site-packages/urllib3/connectionpool.py:1061: InsecureRequestWarning: Unverified HTTPS request is being made to host 'dbelk2.afaqy.local'. Adding certificate verification is strongly advised. See: https://urllib3.readthedocs.io/en/1.26.x/advanced-usage.html#ssl-warnings
  warnings.warn(

[2024-05-11T09:40:51.202+0000] {_transport.py:335} INFO - GET https://dbelk2.afaqy.local:9200/_cluster/health [status:200 duration:0.222s]
[2024-05-11T09:40:52.216+0000] {warnings.py:109} WARNING - /home/***/.local/lib/python3.8/site-packages/urllib3/connectionpool.py:1061: InsecureRequestWarning: Unverified HTTPS request is being made to host 'dbelk3.afaqy.local'. Adding certificate verification is strongly advised. See: https://urllib3.readthedocs.io/en/1.26.x/advanced-usage.html#ssl-warnings
  warnings.warn(

[2024-05-11T09:40:52.275+0000] {_transport.py:335} INFO - PUT https://dbelk3.afaqy.local:9200/units_statistics_***/_bulk [status:429 duration:0.079s]
[2024-05-11T09:40:52.276+0000] {_node_pool.py:249} WARNING - Node <Urllib3HttpNode(https://dbelk3.afaqy.local:9200)> has failed for 1 times in a row, putting on 1 second timeout
[2024-05-11T09:40:52.276+0000] {_transport.py:427} WARNING - Retrying request after non-successful status 429 (attempt 0 of 3)
[2024-05-11T09:40:52.277+0000] {warnings.py:109} WARNING - /home/***/.local/lib/python3.8/site-packages/urllib3/connectionpool.py:1061: InsecureRequestWarning: Unverified HTTPS request is being made to host 'dbelk2.afaqy.local'. Adding certificate verification is strongly advised. See: https://urllib3.readthedocs.io/en/1.26.x/advanced-usage.html#ssl-warnings
  warnings.warn(

[2024-05-11T09:41:13.268+0000] {_transport.py:335} INFO - PUT https://dbelk2.afaqy.local:9200/units_statistics_***/_bulk [status:200 duration:20.992s]
[2024-05-11T09:41:13.452+0000] {python.py:202} INFO - Done. Returned value was: None
[2024-05-11T09:41:13.470+0000] {taskinstance.py:1149} INFO - Marking task as SUCCESS. dag_id=Units_statistics_DAG, task_id=ETL_job, map_index=2, execution_date=20240511T092000, start_date=20240511T094017, end_date=20240511T094113
[2024-05-11T09:41:13.525+0000] {local_task_job_runner.py:234} INFO - Task exited with return code 0
[2024-05-11T09:41:13.569+0000] {taskinstance.py:3312} INFO - 0 downstream tasks scheduled from follow-on schedule check
