[2024-05-13T06:40:22.333+0000] {local_task_job_runner.py:120} INFO - ::group::Pre task execution logs
[2024-05-13T06:40:22.559+0000] {taskinstance.py:2076} INFO - Dependencies all met for dep_context=non-requeueable deps ti=<TaskInstance: Units_statistics_DAG.ETL_job scheduled__2024-05-13T06:20:00+00:00 map_index=11 [queued]>
[2024-05-13T06:40:22.636+0000] {taskinstance.py:2076} INFO - Dependencies all met for dep_context=requeueable deps ti=<TaskInstance: Units_statistics_DAG.ETL_job scheduled__2024-05-13T06:20:00+00:00 map_index=11 [queued]>
[2024-05-13T06:40:22.637+0000] {taskinstance.py:2306} INFO - Starting attempt 1 of 4
[2024-05-13T06:40:22.722+0000] {taskinstance.py:2330} INFO - Executing <Mapped(_PythonDecoratedOperator): ETL_job> on 2024-05-13 06:20:00+00:00
[2024-05-13T06:40:22.772+0000] {warnings.py:110} WARNING - /home/***/.local/lib/python3.12/site-packages/***/task/task_runner/standard_task_runner.py:61: DeprecationWarning: This process (pid=13628) is multi-threaded, use of fork() may lead to deadlocks in the child.
  pid = os.fork()

[2024-05-13T06:40:22.785+0000] {standard_task_runner.py:63} INFO - Started process 13653 to run task
[2024-05-13T06:40:22.804+0000] {standard_task_runner.py:90} INFO - Running: ['***', 'tasks', 'run', 'Units_statistics_DAG', 'ETL_job', 'scheduled__2024-05-13T06:20:00+00:00', '--job-id', '55413', '--raw', '--subdir', 'DAGS_FOLDER/Units_dag.py', '--cfg-path', '/tmp/tmpaw65dwt9', '--map-index', '11']
[2024-05-13T06:40:22.818+0000] {standard_task_runner.py:91} INFO - Job 55413: Subtask ETL_job
[2024-05-13T06:40:23.142+0000] {task_command.py:426} INFO - Running <TaskInstance: Units_statistics_DAG.ETL_job scheduled__2024-05-13T06:20:00+00:00 map_index=11 [running]> on host 7138d7e072c5
[2024-05-13T06:40:23.895+0000] {taskinstance.py:2648} INFO - Exporting env vars: AIRFLOW_CTX_DAG_OWNER='abeer-araby' AIRFLOW_CTX_DAG_ID='Units_statistics_DAG' AIRFLOW_CTX_TASK_ID='ETL_job' AIRFLOW_CTX_EXECUTION_DATE='2024-05-13T06:20:00+00:00' AIRFLOW_CTX_TRY_NUMBER='1' AIRFLOW_CTX_DAG_RUN_ID='scheduled__2024-05-13T06:20:00+00:00'
[2024-05-13T06:40:23.896+0000] {taskinstance.py:430} INFO - ::endgroup::
[2024-05-13T06:40:23.897+0000] {Units_dag.py:98} INFO - i: 110000, chunk: 10000
[2024-05-13T06:40:23.898+0000] {Units_dag.py:99} INFO - child token is::: eyJ0eXAiOiJKV1QiLCJhbGciOiJIUzI1NiJ9.eyJpc3MiOiJodHRwczovL2FwaS5hZmFxeS5zYS9hdXRoL2xvZ2luX2FzIiwiaWF0IjoxNzE1NTgyNDA0LCJleHAiOjE3MTgxNzQ0MDQsIm5iZiI6MTcxNTU4MjQwNCwianRpIjoiTzZ0OGNVZ1daTWtodER0YyIsInN1YiI6IjVkNjNlNTFlMDNlZDUyOTJhNDJjMjRlNiIsInBydiI6IjI3MGVjZmM3ZWEzZWQ5MzdlYTg0OTM2MmEzYTUwOTEwYzZkOGNlNGYiLCJsb2dpbl9hc19pZCI6IjY1N2YwYWQ3M2Y5NzcyOTVjZjA1NTc2YSJ9.Q93LEfbjfDpOekN2UwZWp8p8li0RKEtQGLTqcocBK98
[2024-05-13T06:40:43.629+0000] {Units_dag.py:103} INFO - {'_id': '648afb3dede8ad0f4c06248f', 'icon': 'icons/icon.png', 'driver_id': '', 'tailer_id': '', 'profile': {'vehicle_type': '', 'measurement_type': 'count', 'max_capacity': 0, 'vin': '', 'plate_number': '', 'start_operation': '', 'contract_milage': '', 'opening_milage': '', 'model': '', 'fuel_type': '91', 'year': 0, 'seats': 2}, 'device_password': '***', 'device_type': 'gps', 'gateway': False, 'business_types': {'waste': False, 'transportation': False, 'water': False}, 'name': '7691 - X B D - Jeddah warehouse', 'operation_code': '', 'imei': '861230044981489', 'sim_number': '+966830030000590', 'sim_serial': '421267418529', 'device_serial': '861230044981489', 'device': 'bce', 'skip_sim_information': False, 'created_by': '63ff606788feaa51797ff0d3', 'user_id': '63ff606788feaa51797ff0d3', 'updated_at': '2024-04-18 11:18:59', 'created_at': '2023-06-15 14:51:25', 'device_gateway': '', 'custom_fields': [], 'creator': 'rawabi-integrated-admin', 'company': '', 'owner': 'rawabi-integrated-admin', 'last_update': {'dtt': 1715581464000, 'dts': 1715581477811, 'spd': 0, 'ang': 264, 'alt': 3, 'chPrams': {'ePwrV': {'v': 12.975, 'cdt': 1715581464000}, 'di16': {'v': 1, 'cdt': 1715346988000}, 'rssi1': {'v': 72, 'cdt': 1715580864000}, 'di15': {'v': 0, 'cdt': 1715346988000}, 'di14': {'v': 0, 'cdt': 1715580436000}, 'di13': {'v': 0, 'cdt': 1715346988000}, 'di12': {'v': 0, 'cdt': 1715346988000}, 'di11': {'v': 0, 'cdt': 1715346988000}, 'di10': {'v': 0, 'cdt': 1715346988000}, 'di2': {'v': 0, 'cdt': 1715346988000}, 'di1': {'v': 0, 'cdt': 1715580468000}, 'ai4': {'v': 278, 'cdt': 1715580864000}, 'di4': {'v': 0, 'cdt': 1715346988000}, 'di3': {'v': 0, 'cdt': 1715346988000}, 'di6': {'v': 0, 'cdt': 1715346988000}, 'di5': {'v': 0, 'cdt': 1715580564000}, 'lac1': {'v': 42031, 'cdt': 1715579122000}, 'protocol': {'v': 'bce', 'cdt': 1715346988000}, 'di8': {'v': 1, 'cdt': 1715346988000}, 'di7': {'v': 0, 'cdt': 1715580864000}, 'di9': {'v': 0, 'cdt': 1715346988000}, 'iPwrV': {'v': 0.293, 'cdt': 1715581464000}, 'cid1': {'v': 12302, 'cdt': 1715580498000}, 'odometer': {'v': 0, 'cdt': 1715580438000}, 'spd': {'v': 0, 'cdt': 1715580438000}, 'sat': {'v': 11, 'cdt': 1715580468000}, 'hdop': {'v': 1, 'cdt': 1715578130000}, 'ta': {'v': 0, 'cdt': 1715346988000}, 'mcc1': {'v': 420, 'cdt': 1715067816000}, 'mnc1': {'v': 4, 'cdt': 1713677378000}}, 'prms': {'protocol': 'bce', 'spd': 0, 'sat': 11, 'hdop': 1, 'odometer': 0, 'di16': 1, 'di15': 0, 'di14': 0, 'di13': 0, 'di12': 0, 'di11': 0, 'di10': 0, 'di9': 0, 'di8': 1, 'di7': 0, 'di6': 0, 'di5': 0, 'di4': 0, 'di3': 0, 'di2': 0, 'di1': 0, 'ePwrV': 12.975, 'ai4': 278, 'iPwrV': 0.293, 'ta': 0, 'mcc1': 420, 'mnc1': 4, 'lac1': 42031, 'cid1': 12302, 'rssi1': 72}, 'devPrms': ['protocol', 'spd', 'sat', 'hdop', 'odometer', 'di16', 'di15', 'di14', 'di13', 'di12', 'di11', 'di10', 'di9', 'di8', 'di7', 'di6', 'di5', 'di4', 'di3', 'di2', 'di1', 'ePwrV', 'ai4', 'iPwrV', 'ta', 'mcc1', 'mnc1', 'lac1', 'cid1', 'rssi1'], 'old_params': {'protocol': 'bce', 'spd': 0, 'sat': 11, 'hdop': 1, 'odometer': 0, 'di16': 1, 'di15': 0, 'di14': 0, 'di13': 0, 'di12': 0, 'di11': 0, 'di10': 0, 'di9': 0, 'di8': 1, 'di7': 0, 'di6': 0, 'di5': 0, 'di4': 0, 'di3': 0, 'di2': 0, 'di1': 0, 'ePwrV': 12.957, 'ai4': 278, 'iPwrV': 0.003, 'ta': 0, 'mcc1': 420, 'mnc1': 4, 'lac1': 42031, 'cid1': 12302, 'rssi1': 72}, 'vLoc': 1, 'vCon': 1, 'ip': '51.36.195.61', 'rl': 0, 'trl': 37579.56, 'mdu': 0, 'tmdu': 2331800, 'eidl': 0, 'teidl': 1005402, 'fc': 0, 'tfc': 2.26644, 'acc': 0, 'accOn': 14211584, 'accOff': 25785872, 'sdu': 300, 'tsdu': 900, 'lat': 21.32032012939453, 'lng': 39.204559326171875}, 'counters': {'odometer_type': 'gps', 'odometer': 117062.56, 'engine_hours_type': 'acc', 'engine_hours': 14211584, 'last_acc': 0}, 'is_wasl_connected': 'Not Connected', 'iconUrl': 'https://api.afaqy.sa/images/units/icons/icon.png', 'hasCCTV': False}
[2024-05-13T06:40:45.243+0000] {warnings.py:110} WARNING - /home/***/.local/lib/python3.12/site-packages/elasticsearch/_sync/client/__init__.py:399: SecurityWarning: Connecting to 'https://dbelk1.afaqy.local:9200' using TLS with verify_certs=False is insecure
  _transport = transport_class(

[2024-05-13T06:40:45.388+0000] {warnings.py:110} WARNING - /home/***/.local/lib/python3.12/site-packages/elasticsearch/_sync/client/__init__.py:399: SecurityWarning: Connecting to 'https://dbelk2.afaqy.local:9200' using TLS with verify_certs=False is insecure
  _transport = transport_class(

[2024-05-13T06:40:46.301+0000] {warnings.py:110} WARNING - /home/***/.local/lib/python3.12/site-packages/elasticsearch/_sync/client/__init__.py:399: SecurityWarning: Connecting to 'https://dbelk3.afaqy.local:9200' using TLS with verify_certs=False is insecure
  _transport = transport_class(

[2024-05-13T06:40:46.352+0000] {warnings.py:110} WARNING - /home/***/.local/lib/python3.12/site-packages/urllib3/connectionpool.py:1103: InsecureRequestWarning: Unverified HTTPS request is being made to host 'dbelk1.afaqy.local'. Adding certificate verification is strongly advised. See: https://urllib3.readthedocs.io/en/latest/advanced-usage.html#tls-warnings
  warnings.warn(

[2024-05-13T06:40:46.447+0000] {_transport.py:349} INFO - GET https://dbelk1.afaqy.local:9200/_cluster/health [status:200 duration:0.145s]
[2024-05-13T06:40:47.160+0000] {warnings.py:110} WARNING - /home/***/.local/lib/python3.12/site-packages/urllib3/connectionpool.py:1103: InsecureRequestWarning: Unverified HTTPS request is being made to host 'dbelk2.afaqy.local'. Adding certificate verification is strongly advised. See: https://urllib3.readthedocs.io/en/latest/advanced-usage.html#tls-warnings
  warnings.warn(

[2024-05-13T06:40:49.334+0000] {_transport.py:349} INFO - PUT https://dbelk2.afaqy.local:9200/units_statistics_***/_bulk [status:200 duration:2.219s]
[2024-05-13T06:40:49.878+0000] {python.py:237} INFO - Done. Returned value was: None
[2024-05-13T06:40:49.879+0000] {taskinstance.py:441} INFO - ::group::Post task execution logs
[2024-05-13T06:40:49.893+0000] {taskinstance.py:1206} INFO - Marking task as SUCCESS. dag_id=Units_statistics_DAG, task_id=ETL_job, run_id=scheduled__2024-05-13T06:20:00+00:00, map_index=11, execution_date=20240513T062000, start_date=20240513T064022, end_date=20240513T064049
[2024-05-13T06:40:49.975+0000] {local_task_job_runner.py:240} INFO - Task exited with return code 0
[2024-05-13T06:40:50.053+0000] {taskinstance.py:3498} INFO - 0 downstream tasks scheduled from follow-on schedule check
[2024-05-13T06:40:50.064+0000] {local_task_job_runner.py:222} INFO - ::endgroup::
