[2024-05-13T12:20:20.073+0000] {local_task_job_runner.py:120} INFO - ::group::Pre task execution logs
[2024-05-13T12:20:20.194+0000] {taskinstance.py:2076} INFO - Dependencies all met for dep_context=non-requeueable deps ti=<TaskInstance: Units_statistics_DAG.ETL_job scheduled__2024-05-13T12:00:00+00:00 map_index=4 [queued]>
[2024-05-13T12:20:20.219+0000] {taskinstance.py:2076} INFO - Dependencies all met for dep_context=requeueable deps ti=<TaskInstance: Units_statistics_DAG.ETL_job scheduled__2024-05-13T12:00:00+00:00 map_index=4 [queued]>
[2024-05-13T12:20:20.220+0000] {taskinstance.py:2306} INFO - Starting attempt 1 of 4
[2024-05-13T12:20:20.306+0000] {taskinstance.py:2330} INFO - Executing <Mapped(_PythonDecoratedOperator): ETL_job> on 2024-05-13 12:00:00+00:00
[2024-05-13T12:20:20.351+0000] {warnings.py:110} WARNING - /home/***/.local/lib/python3.12/site-packages/***/task/task_runner/standard_task_runner.py:61: DeprecationWarning: This process (pid=18629) is multi-threaded, use of fork() may lead to deadlocks in the child.
  pid = os.fork()

[2024-05-13T12:20:20.356+0000] {standard_task_runner.py:63} INFO - Started process 18649 to run task
[2024-05-13T12:20:20.373+0000] {standard_task_runner.py:90} INFO - Running: ['***', 'tasks', 'run', 'Units_statistics_DAG', 'ETL_job', 'scheduled__2024-05-13T12:00:00+00:00', '--job-id', '55838', '--raw', '--subdir', 'DAGS_FOLDER/Units_dag.py', '--cfg-path', '/tmp/tmp92koew6r', '--map-index', '4']
[2024-05-13T12:20:20.374+0000] {standard_task_runner.py:91} INFO - Job 55838: Subtask ETL_job
[2024-05-13T12:20:20.552+0000] {task_command.py:426} INFO - Running <TaskInstance: Units_statistics_DAG.ETL_job scheduled__2024-05-13T12:00:00+00:00 map_index=4 [running]> on host 7138d7e072c5
[2024-05-13T12:20:20.999+0000] {taskinstance.py:2648} INFO - Exporting env vars: AIRFLOW_CTX_DAG_OWNER='abeer-araby' AIRFLOW_CTX_DAG_ID='Units_statistics_DAG' AIRFLOW_CTX_TASK_ID='ETL_job' AIRFLOW_CTX_EXECUTION_DATE='2024-05-13T12:00:00+00:00' AIRFLOW_CTX_TRY_NUMBER='1' AIRFLOW_CTX_DAG_RUN_ID='scheduled__2024-05-13T12:00:00+00:00'
[2024-05-13T12:20:21.001+0000] {taskinstance.py:430} INFO - ::endgroup::
[2024-05-13T12:20:21.003+0000] {Units_dag.py:98} INFO - i: 40000, chunk: 10000
[2024-05-13T12:20:21.003+0000] {Units_dag.py:99} INFO - child token is::: eyJ0eXAiOiJKV1QiLCJhbGciOiJIUzI1NiJ9.eyJpc3MiOiJodHRwczovL2FwaS5hZmFxeS5zYS9hdXRoL2xvZ2luX2FzIiwiaWF0IjoxNzE1NjAyODA0LCJleHAiOjE3MTgxOTQ4MDQsIm5iZiI6MTcxNTYwMjgwNCwianRpIjoiU29zMG5HS1FxV0JiSlo1SCIsInN1YiI6IjVkNjNlNTFlMDNlZDUyOTJhNDJjMjRlNiIsInBydiI6IjI3MGVjZmM3ZWEzZWQ5MzdlYTg0OTM2MmEzYTUwOTEwYzZkOGNlNGYiLCJsb2dpbl9hc19pZCI6IjY1N2YwYWQ3M2Y5NzcyOTVjZjA1NTc2YSJ9.dg0hxQsO3N3qzTMmFdtSzswo0_RWG95z7_bfvr6SKUc
[2024-05-13T12:20:43.095+0000] {Units_dag.py:103} INFO - {'_id': '626800f83c701758356f416b', 'icon': 'icons/icon.png', 'driver_id': '', 'tailer_id': '', 'profile': {'measurement_type': 'count', 'fuel_type': '91', 'year': 0, 'seats': 2}, 'device_password': '***', 'device_type': 'gps', 'gateway': False, 'name': '1968 - R B R', 'operation_code': None, 'device_gateway': None, 'business_types': {'waste': False, 'transportation': True, 'water': False}, 'imei': '866854051791153', 'sim_number': '+966830028522306', 'sim_serial': '996609821110927373', 'device_serial': '866854051791153', 'device': 'bce', 'user_id': '6203ca86d5264a332265ce5d', 'created_by': '5e6655bf03ed52e1ab79d301', 'updated_at': '2024-04-18 11:18:59', 'created_at': '2022-04-26 17:26:00', 'custom_fields': [], 'creator': 'amr.ahmed', 'company': '', 'owner': 'i_drive_co_admin', 'last_update': {'dtt': 1715602732000, 'dts': 1715602780112, 'spd': 0, 'ang': 282, 'alt': 651, 'chPrams': {'ePwrV': {'v': 12, 'cdt': 1715602732000}, 'di16': {'v': 0, 'cdt': 1714301328000}, 'rssi1': {'v': 40, 'cdt': 1715602432000}, 'di15': {'v': 0, 'cdt': 1714119182000}, 'di14': {'v': 0, 'cdt': 1714304430000}, 'di13': {'v': 0, 'cdt': 1714119182000}, 'di12': {'v': 0, 'cdt': 1714119182000}, 'di11': {'v': 0, 'cdt': 1714119182000}, 'di10': {'v': 0, 'cdt': 1714119182000}, 'di2': {'v': 1, 'cdt': 1713618528000}, 'di1': {'v': 0, 'cdt': 1714305160000}, 'di4': {'v': 0, 'cdt': 1714119182000}, 'di3': {'v': 0, 'cdt': 1714119182000}, 'di6': {'v': 1, 'cdt': 1714119182000}, 'di5': {'v': 0, 'cdt': 1714647816000}, 'lac1': {'v': 1241, 'cdt': 1714437002000}, 'protocol': {'v': 'bce', 'cdt': 1714119182000}, 'di8': {'v': 1, 'cdt': 1714119182000}, 'di7': {'v': 0, 'cdt': 1714647816000}, 'di9': {'v': 0, 'cdt': 1714119182000}, 'iPwrV': {'v': 3.926, 'cdt': 1715598826000}, 'cid1': {'v': 11143, 'cdt': 1714437002000}, 'odometer': {'v': 0, 'cdt': 1715598526000}, 'spd': {'v': 0, 'cdt': 1714305130000}, 'sat': {'v': 15, 'cdt': 1715583818000}, 'hdop': {'v': 1, 'cdt': 1714285272000}, 'ta': {'v': 0, 'cdt': 1714119182000}, 'mcc1': {'v': 420, 'cdt': 1714119182000}, 'mnc1': {'v': 3, 'cdt': 1714437002000}}, 'prms': {'protocol': 'bce', 'spd': 0, 'sat': 15, 'hdop': 1, 'odometer': 0, 'di16': 0, 'di15': 0, 'di14': 0, 'di13': 0, 'di12': 0, 'di11': 0, 'di10': 0, 'di9': 0, 'di8': 1, 'di7': 0, 'di6': 1, 'di5': 0, 'di4': 0, 'di3': 0, 'di2': 1, 'di1': 0, 'ePwrV': 12, 'iPwrV': 3.926, 'ta': 0, 'mcc1': 420, 'mnc1': 3, 'lac1': 1241, 'cid1': 11143, 'rssi1': 40}, 'devPrms': ['protocol', 'spd', 'sat', 'hdop', 'odometer', 'di16', 'di15', 'di14', 'di13', 'di12', 'di11', 'di10', 'di9', 'di8', 'di7', 'di6', 'di5', 'di4', 'di3', 'di2', 'di1', 'ePwrV', 'iPwrV', 'ta', 'mcc1', 'mnc1', 'lac1', 'cid1', 'rssi1'], 'old_params': {'di16': 0, 'ePwrV': 12.009, 'di15': 0, 'rssi1': 40, 'di14': 0, 'di13': 0, 'di12': 0, 'di11': 0, 'di10': 0, 'di2': 1, 'di1': 0, 'di4': 0, 'di3': 0, 'di6': 1, 'di5': 0, 'lac1': 1241, 'protocol': 'bce', 'di8': 1, 'di7': 0, 'di9': 0, 'iPwrV': 3.926, 'cid1': 11143, 'odometer': 0, 'spd': 0, 'sat': 15, 'hdop': 1, 'ta': 0, 'mcc1': 420, 'mnc1': 3}, 'vLoc': 1, 'vCon': 1, 'ip': '109.83.205.254', 'rl': 0, 'trl': 33047.7902, 'mdu': 0, 'tmdu': 2600520, 'eidl': 0, 'teidl': 1854190, 'fc': 0, 'tfc': 7.129694, 'acc': 0, 'accOn': 10383693, 'accOff': 57710382, 'sdu': 300, 'tsdu': 954916, 'lat': 24.691408157348633, 'lng': 46.671165466308594}, 'counters': {'odometer_type': 'gps', 'odometer': 33047.7902, 'engine_hours_type': 'acc', 'engine_hours': 10383693, 'last_acc': 0}, 'is_wasl_connected': 'Not Connected', 'iconUrl': 'https://api.afaqy.sa/images/units/icons/icon.png', 'hasCCTV': False}
[2024-05-13T12:20:44.737+0000] {warnings.py:110} WARNING - /home/***/.local/lib/python3.12/site-packages/elasticsearch/_sync/client/__init__.py:399: SecurityWarning: Connecting to 'https://dbelk1.afaqy.local:9200' using TLS with verify_certs=False is insecure
  _transport = transport_class(

[2024-05-13T12:20:44.813+0000] {warnings.py:110} WARNING - /home/***/.local/lib/python3.12/site-packages/elasticsearch/_sync/client/__init__.py:399: SecurityWarning: Connecting to 'https://dbelk3.afaqy.local:9200' using TLS with verify_certs=False is insecure
  _transport = transport_class(

[2024-05-13T12:20:45.527+0000] {warnings.py:110} WARNING - /home/***/.local/lib/python3.12/site-packages/elasticsearch/_sync/client/__init__.py:399: SecurityWarning: Connecting to 'https://dbelk2.afaqy.local:9200' using TLS with verify_certs=False is insecure
  _transport = transport_class(

[2024-05-13T12:20:45.585+0000] {warnings.py:110} WARNING - /home/***/.local/lib/python3.12/site-packages/urllib3/connectionpool.py:1103: InsecureRequestWarning: Unverified HTTPS request is being made to host 'dbelk1.afaqy.local'. Adding certificate verification is strongly advised. See: https://urllib3.readthedocs.io/en/latest/advanced-usage.html#tls-warnings
  warnings.warn(

[2024-05-13T12:20:45.653+0000] {_transport.py:349} INFO - GET https://dbelk1.afaqy.local:9200/_cluster/health [status:200 duration:0.124s]
[2024-05-13T12:20:46.233+0000] {warnings.py:110} WARNING - /home/***/.local/lib/python3.12/site-packages/urllib3/connectionpool.py:1103: InsecureRequestWarning: Unverified HTTPS request is being made to host 'dbelk3.afaqy.local'. Adding certificate verification is strongly advised. See: https://urllib3.readthedocs.io/en/latest/advanced-usage.html#tls-warnings
  warnings.warn(

[2024-05-13T12:20:47.569+0000] {_transport.py:349} INFO - PUT https://dbelk3.afaqy.local:9200/units_statistics_***/_bulk [status:200 duration:1.362s]
[2024-05-13T12:20:48.047+0000] {python.py:237} INFO - Done. Returned value was: None
[2024-05-13T12:20:48.062+0000] {taskinstance.py:441} INFO - ::group::Post task execution logs
[2024-05-13T12:20:48.082+0000] {taskinstance.py:1206} INFO - Marking task as SUCCESS. dag_id=Units_statistics_DAG, task_id=ETL_job, run_id=scheduled__2024-05-13T12:00:00+00:00, map_index=4, execution_date=20240513T120000, start_date=20240513T122020, end_date=20240513T122048
[2024-05-13T12:20:48.222+0000] {local_task_job_runner.py:240} INFO - Task exited with return code 0
[2024-05-13T12:20:48.243+0000] {taskinstance.py:3498} INFO - 0 downstream tasks scheduled from follow-on schedule check
[2024-05-13T12:20:48.250+0000] {local_task_job_runner.py:222} INFO - ::endgroup::
