[2024-04-16T07:11:12.677+0000] {taskinstance.py:1979} INFO - Dependencies all met for dep_context=non-requeueable deps ti=<TaskInstance: Units_statistics_DAG.ETL_job scheduled__2024-04-16T06:00:00+00:00 map_index=7 [queued]>
[2024-04-16T07:11:12.689+0000] {taskinstance.py:1979} INFO - Dependencies all met for dep_context=requeueable deps ti=<TaskInstance: Units_statistics_DAG.ETL_job scheduled__2024-04-16T06:00:00+00:00 map_index=7 [queued]>
[2024-04-16T07:11:12.690+0000] {taskinstance.py:2193} INFO - Starting attempt 3 of 4
[2024-04-16T07:11:12.706+0000] {taskinstance.py:2217} INFO - Executing <Mapped(_PythonDecoratedOperator): ETL_job> on 2024-04-16 06:00:00+00:00
[2024-04-16T07:11:12.713+0000] {standard_task_runner.py:60} INFO - Started process 326846 to run task
[2024-04-16T07:11:12.720+0000] {standard_task_runner.py:87} INFO - Running: ['***', 'tasks', 'run', 'Units_statistics_DAG', 'ETL_job', 'scheduled__2024-04-16T06:00:00+00:00', '--job-id', '3827', '--raw', '--subdir', 'DAGS_FOLDER/Units_dag.py', '--cfg-path', '/tmp/tmpgposi2s9', '--map-index', '7']
[2024-04-16T07:11:12.722+0000] {standard_task_runner.py:88} INFO - Job 3827: Subtask ETL_job
[2024-04-16T07:11:12.807+0000] {task_command.py:423} INFO - Running <TaskInstance: Units_statistics_DAG.ETL_job scheduled__2024-04-16T06:00:00+00:00 map_index=7 [running]> on host a09da322e808
[2024-04-16T07:11:12.977+0000] {taskinstance.py:2513} INFO - Exporting env vars: AIRFLOW_CTX_DAG_OWNER='abeer-araby' AIRFLOW_CTX_DAG_ID='Units_statistics_DAG' AIRFLOW_CTX_TASK_ID='ETL_job' AIRFLOW_CTX_EXECUTION_DATE='2024-04-16T06:00:00+00:00' AIRFLOW_CTX_TRY_NUMBER='3' AIRFLOW_CTX_DAG_RUN_ID='scheduled__2024-04-16T06:00:00+00:00'
[2024-04-16T07:11:12.978+0000] {Units_dag.py:90} INFO - i: 70000, chunk: 10000
[2024-04-16T07:11:12.979+0000] {Units_dag.py:91} INFO - child token is::: eyJ0eXAiOiJKV1QiLCJhbGciOiJIUzI1NiJ9.eyJpc3MiOiJodHRwczovL2FwaS5hZmFxeS5zYS9hdXRoL2xvZ2luX2FzIiwiaWF0IjoxNzEzMjUwODA0LCJleHAiOjE3MTU4NDI4MDQsIm5iZiI6MTcxMzI1MDgwNCwianRpIjoieTE3aXZmQUFyR3JQU0pqcSIsInN1YiI6IjVkNjNlNTFlMDNlZDUyOTJhNDJjMjRlNiIsInBydiI6IjI3MGVjZmM3ZWEzZWQ5MzdlYTg0OTM2MmEzYTUwOTEwYzZkOGNlNGYiLCJsb2dpbl9hc19pZCI6IjY1N2YwYWQ3M2Y5NzcyOTVjZjA1NTc2YSJ9.gsyLu_Gx11ieWmkPFJYogPd_Xw96CzvfJa5zCnVkARE
[2024-04-16T07:11:33.982+0000] {Units_dag.py:95} INFO - {'_id': '639b0fd05956dc63f946ff81', 'icon': 'icons/icon.png', 'driver_id': '', 'tailer_id': '', 'profile': {'measurement_type': 'count', 'fuel_type': '91', 'year': 0, 'seats': 2}, 'device_password': '***', 'device_type': 'gps', 'gateway': False, 'name': '7492RUBبدر', 'operation_code': None, 'device_gateway': None, 'business_types': {'waste': False, 'transportation': True, 'water': False}, 'imei': '866854057270665', 'sim_number': '+966830028751108', 'sim_serial': '96609821111332931', 'device_serial': '866854057270665', 'device': 'bce', 'user_id': '637373379fd3b622627d003c', 'created_by': '5e6655bf03ed52e1ab79d301', 'updated_at': '2022-12-31 22:18:06', 'created_at': '2022-12-15 15:15:12', 'creator': 'amr.ahmed', 'company': '', 'owner': 'badr-alsahly-admin', 'last_update': {'dtt': 1671107360000, 'dts': 1671107349869, 'spd': 51, 'ang': 64, 'alt': 663, 'chPrams': {'di16': {'v': 1, 'cdt': 1671106502000}, 'ePwrV': {'v': 13.784, 'cdt': 1671107354000}, 'di15': {'v': 0, 'cdt': 1671106502000}, 'rssi1': {'v': 78, 'cdt': 1671107348000}, 'di14': {'v': 0, 'cdt': 1671107360000}, 'di13': {'v': 0, 'cdt': 1671106502000}, 'di12': {'v': 0, 'cdt': 1671106502000}, 'di11': {'v': 0, 'cdt': 1671106502000}, 'di10': {'v': 0, 'cdt': 1671106502000}, 'di2': {'v': 0, 'cdt': 1671106502000}, 'di1': {'v': 1, 'cdt': 1671107178000}, 'ai4': {'v': 28768, 'cdt': 1671107344000}, 'di4': {'v': 0, 'cdt': 1671106502000}, 'di3': {'v': 0, 'cdt': 1671106502000}, 'di6': {'v': 1, 'cdt': 1671107148000}, 'di5': {'v': 1, 'cdt': 1671107148000}, 'lac1': {'v': 1211, 'cdt': 1671106502000}, 'protocol': {'v': 'bce', 'cdt': 1671106502000}, 'di8': {'v': 1, 'cdt': 1671106502000}, 'di7': {'v': 1, 'cdt': 1671107178000}, 'di9': {'v': 0, 'cdt': 1671106502000}, 'iPwrV': {'v': 4.066, 'cdt': 1671107360000}, 'humidity': {'v': -1, 'cdt': 1671107342000}, 'cid1': {'v': 14783, 'cdt': 1671107314000}, 'temp': {'v': -273, 'cdt': 1671107342000}, 'odometer': {'v': 1117345652, 'cdt': 1671107360000}, 'spd': {'v': 51, 'cdt': 1671107360000}, 'sat': {'v': 15, 'cdt': 1671107338000}, 'hdop': {'v': 1, 'cdt': 1671106502000}, 'ta': {'v': 0, 'cdt': 1671106502000}, 'mcc1': {'v': 420, 'cdt': 1671106502000}, 'mnc1': {'v': 3, 'cdt': 1671106502000}}, 'prms': {'protocol': 'bce', 'spd': 51, 'sat': 15, 'hdop': 1, 'odometer': 1117345652, 'di16': 1, 'di15': 0, 'di14': 0, 'di13': 0, 'di12': 0, 'di11': 0, 'di10': 0, 'di9': 0, 'di8': 1, 'di7': 1, 'di6': 1, 'di5': 1, 'di4': 0, 'di3': 0, 'di2': 0, 'di1': 1, 'ePwrV': 13.784, 'ai4': 28768, 'iPwrV': 4.066, 'ta': 0, 'mcc1': 420, 'mnc1': 3, 'lac1': 1211, 'cid1': 14783, 'rssi1': 78, 'temp': -273, 'humidity': -1}, 'devPrms': ['protocol', 'spd', 'sat', 'hdop', 'odometer', 'di16', 'di15', 'di14', 'di13', 'di12', 'di11', 'di10', 'di9', 'di8', 'di7', 'di6', 'di5', 'di4', 'di3', 'di2', 'di1', 'ePwrV', 'iPwrV', 'ta', 'mcc1', 'mnc1', 'lac1', 'cid1', 'rssi1', 'ai4', 'temp', 'humidity'], 'old_params': {'protocol': 'bce', 'spd': 34, 'sat': 15, 'hdop': 1, 'odometer': 1109201692, 'di16': 1, 'di15': 0, 'di14': 1, 'di13': 0, 'di12': 0, 'di11': 0, 'di10': 0, 'di9': 0, 'di8': 1, 'di7': 1, 'di6': 1, 'di5': 1, 'di4': 0, 'di3': 0, 'di2': 0, 'di1': 1, 'ePwrV': 13.784, 'ai4': 28768, 'iPwrV': 4.069, 'ta': 0, 'mcc1': 420, 'mnc1': 3, 'lac1': 1211, 'cid1': 14783, 'rssi1': 78, 'temp': -273, 'humidity': -1}, 'vLoc': 1, 'vCon': 1, 'ip': '146.251.73.175', 'rl': 0.0767, 'trl': 1.3185, 'mdu': 6, 'tmdu': 178, 'eidl': 0, 'teidl': 34, 'fc': 0.00767, 'tfc': 0.13185, 'acc': 1, 'accOn': 2465652, 'accOff': 598, 'sdu': 0, 'tsdu': 0, 'lat': 24.781944274902344, 'lng': 46.69788360595703}, 'counters': {'odometer_type': 'gps', 'odometer': 21513.3663, 'engine_hours_type': 'acc', 'engine_hours': 2465652, 'last_acc': 1}, 'is_wasl_connected': 'Not Connected', 'iconUrl': 'https://api.afaqy.sa/images/units/icons/icon.png', 'hasCCTV': False}
[2024-04-16T07:11:34.596+0000] {warnings.py:109} WARNING - /home/***/.local/lib/python3.8/site-packages/elasticsearch/_sync/client/__init__.py:399: SecurityWarning: Connecting to 'https://dbelk1.afaqy.local:9200' using TLS with verify_certs=False is insecure
  _transport = transport_class(

[2024-04-16T07:11:34.693+0000] {warnings.py:109} WARNING - /home/***/.local/lib/python3.8/site-packages/elasticsearch/_sync/client/__init__.py:399: SecurityWarning: Connecting to 'https://dbelk2.afaqy.local:9200' using TLS with verify_certs=False is insecure
  _transport = transport_class(

[2024-04-16T07:11:34.778+0000] {warnings.py:109} WARNING - /home/***/.local/lib/python3.8/site-packages/elasticsearch/_sync/client/__init__.py:399: SecurityWarning: Connecting to 'https://dbelk3.afaqy.local:9200' using TLS with verify_certs=False is insecure
  _transport = transport_class(

[2024-04-16T07:11:34.812+0000] {warnings.py:109} WARNING - /home/***/.local/lib/python3.8/site-packages/urllib3/connectionpool.py:1061: InsecureRequestWarning: Unverified HTTPS request is being made to host 'dbelk1.afaqy.local'. Adding certificate verification is strongly advised. See: https://urllib3.readthedocs.io/en/1.26.x/advanced-usage.html#ssl-warnings
  warnings.warn(

[2024-04-16T07:11:34.863+0000] {_transport.py:335} INFO - GET https://dbelk1.afaqy.local:9200/_cluster/health [status:200 duration:0.083s]
[2024-04-16T07:11:35.391+0000] {warnings.py:109} WARNING - /home/***/.local/lib/python3.8/site-packages/urllib3/connectionpool.py:1061: InsecureRequestWarning: Unverified HTTPS request is being made to host 'dbelk2.afaqy.local'. Adding certificate verification is strongly advised. See: https://urllib3.readthedocs.io/en/1.26.x/advanced-usage.html#ssl-warnings
  warnings.warn(

[2024-04-16T07:11:35.403+0000] {_transport.py:335} INFO - PUT https://dbelk2.afaqy.local:9200/units_statistics_***/_bulk [status:429 duration:0.035s]
[2024-04-16T07:11:35.404+0000] {_node_pool.py:249} WARNING - Node <Urllib3HttpNode(https://dbelk2.afaqy.local:9200)> has failed for 1 times in a row, putting on 1 second timeout
[2024-04-16T07:11:35.404+0000] {_transport.py:427} WARNING - Retrying request after non-successful status 429 (attempt 0 of 3)
[2024-04-16T07:11:35.405+0000] {warnings.py:109} WARNING - /home/***/.local/lib/python3.8/site-packages/urllib3/connectionpool.py:1061: InsecureRequestWarning: Unverified HTTPS request is being made to host 'dbelk1.afaqy.local'. Adding certificate verification is strongly advised. See: https://urllib3.readthedocs.io/en/1.26.x/advanced-usage.html#ssl-warnings
  warnings.warn(

[2024-04-16T07:11:35.644+0000] {_transport.py:335} INFO - PUT https://dbelk1.afaqy.local:9200/units_statistics_***/_bulk [status:200 duration:0.240s]
[2024-04-16T07:11:35.730+0000] {taskinstance.py:2731} ERROR - Task failed with exception
Traceback (most recent call last):
  File "/home/airflow/.local/lib/python3.8/site-packages/airflow/models/taskinstance.py", line 444, in _execute_task
    result = _execute_callable(context=context, **execute_callable_kwargs)
  File "/home/airflow/.local/lib/python3.8/site-packages/airflow/models/taskinstance.py", line 414, in _execute_callable
    return execute_callable(context=context, **execute_callable_kwargs)
  File "/home/airflow/.local/lib/python3.8/site-packages/airflow/decorators/base.py", line 241, in execute
    return_value = super().execute(context)
  File "/home/airflow/.local/lib/python3.8/site-packages/airflow/operators/python.py", line 200, in execute
    return_value = self.execute_callable()
  File "/home/airflow/.local/lib/python3.8/site-packages/airflow/operators/python.py", line 217, in execute_callable
    return self.python_callable(*self.op_args, **self.op_kwargs)
  File "/opt/airflow/dags/Units_dag.py", line 103, in ETL_job
    Elk_client.elk_pushData(Globals.index_name,units_list_update)
  File "/opt/airflow/dags/elk_manager.py", line 69, in elk_pushData
    helpers.bulk(self.elk_client, docs_list, index=index_name, chunk_size=batch)
  File "/home/airflow/.local/lib/python3.8/site-packages/elasticsearch/helpers/actions.py", line 521, in bulk
    for ok, item in streaming_bulk(
  File "/home/airflow/.local/lib/python3.8/site-packages/elasticsearch/helpers/actions.py", line 436, in streaming_bulk
    for data, (ok, info) in zip(
  File "/home/airflow/.local/lib/python3.8/site-packages/elasticsearch/helpers/actions.py", line 355, in _process_bulk_chunk
    yield from gen
  File "/home/airflow/.local/lib/python3.8/site-packages/elasticsearch/helpers/actions.py", line 274, in _process_bulk_chunk_success
    raise BulkIndexError(f"{len(errors)} document(s) failed to index.", errors)
elasticsearch.helpers.BulkIndexError: 10000 document(s) failed to index.
[2024-04-16T07:11:36.146+0000] {taskinstance.py:1149} INFO - Marking task as UP_FOR_RETRY. dag_id=Units_statistics_DAG, task_id=ETL_job, map_index=7, execution_date=20240416T060000, start_date=20240416T071112, end_date=20240416T071136
[2024-04-16T07:11:36.170+0000] {standard_task_runner.py:107} ERROR - Failed to execute job 3827 for task ETL_job (10000 document(s) failed to index.; 326846)
[2024-04-16T07:11:36.253+0000] {local_task_job_runner.py:234} INFO - Task exited with return code 1
[2024-04-16T07:11:36.283+0000] {taskinstance.py:3312} INFO - 0 downstream tasks scheduled from follow-on schedule check
