[2024-05-04T21:00:23.237+0000] {taskinstance.py:1979} INFO - Dependencies all met for dep_context=non-requeueable deps ti=<TaskInstance: Units_statistics_DAG.ETL_job scheduled__2024-05-04T20:40:00+00:00 map_index=5 [queued]>
[2024-05-04T21:00:23.315+0000] {taskinstance.py:1979} INFO - Dependencies all met for dep_context=requeueable deps ti=<TaskInstance: Units_statistics_DAG.ETL_job scheduled__2024-05-04T20:40:00+00:00 map_index=5 [queued]>
[2024-05-04T21:00:23.316+0000] {taskinstance.py:2193} INFO - Starting attempt 1 of 4
[2024-05-04T21:00:23.433+0000] {taskinstance.py:2217} INFO - Executing <Mapped(_PythonDecoratedOperator): ETL_job> on 2024-05-04 20:40:00+00:00
[2024-05-04T21:00:23.466+0000] {standard_task_runner.py:60} INFO - Started process 766895 to run task
[2024-05-04T21:00:23.497+0000] {standard_task_runner.py:87} INFO - Running: ['***', 'tasks', 'run', 'Units_statistics_DAG', 'ETL_job', 'scheduled__2024-05-04T20:40:00+00:00', '--job-id', '32128', '--raw', '--subdir', 'DAGS_FOLDER/Units_dag.py', '--cfg-path', '/tmp/tmp8kaq2ugg', '--map-index', '5']
[2024-05-04T21:00:23.499+0000] {standard_task_runner.py:88} INFO - Job 32128: Subtask ETL_job
[2024-05-04T21:00:23.772+0000] {task_command.py:423} INFO - Running <TaskInstance: Units_statistics_DAG.ETL_job scheduled__2024-05-04T20:40:00+00:00 map_index=5 [running]> on host a09da322e808
[2024-05-04T21:00:24.292+0000] {taskinstance.py:2513} INFO - Exporting env vars: AIRFLOW_CTX_DAG_OWNER='abeer-araby' AIRFLOW_CTX_DAG_ID='Units_statistics_DAG' AIRFLOW_CTX_TASK_ID='ETL_job' AIRFLOW_CTX_EXECUTION_DATE='2024-05-04T20:40:00+00:00' AIRFLOW_CTX_TRY_NUMBER='1' AIRFLOW_CTX_DAG_RUN_ID='scheduled__2024-05-04T20:40:00+00:00'
[2024-05-04T21:00:24.302+0000] {Units_dag.py:99} INFO - i: 50000, chunk: 10000
[2024-05-04T21:00:24.303+0000] {Units_dag.py:100} INFO - child token is::: eyJ0eXAiOiJKV1QiLCJhbGciOiJIUzI1NiJ9.eyJpc3MiOiJodHRwczovL2FwaS5hZmFxeS5zYS9hdXRoL2xvZ2luX2FzIiwiaWF0IjoxNzE0ODU2NDA1LCJleHAiOjE3MTc0NDg0MDUsIm5iZiI6MTcxNDg1NjQwNSwianRpIjoiRk9NdGFQVWM1VGI5VzY1YiIsInN1YiI6IjVkNjNlNTFlMDNlZDUyOTJhNDJjMjRlNiIsInBydiI6IjI3MGVjZmM3ZWEzZWQ5MzdlYTg0OTM2MmEzYTUwOTEwYzZkOGNlNGYiLCJsb2dpbl9hc19pZCI6IjY1N2YwYWQ3M2Y5NzcyOTVjZjA1NTc2YSJ9.r2EDx3i4xNzO9s8C6BNWJV7XRtVXbkcIgFTmetNQoek
[2024-05-04T21:00:51.637+0000] {Units_dag.py:104} INFO - {'_id': '62af3f1fb0ea3b1d1501d5b9', 'icon': 'icons/icon.png', 'driver_id': '', 'tailer_id': '', 'profile': {'vehicle_type': '', 'measurement_type': 'count', 'max_capacity': 0, 'vin': '', 'plate_number': '', 'start_operation': '', 'contract_milage': '', 'opening_milage': '', 'model': '', 'fuel_type': '91', 'year': 0, 'seats': 2}, 'device_password': '***', 'device_type': 'gps', 'gateway': False, 'name': '3616 - ب ص س', 'operation_code': '', 'device_gateway': '', 'business_types': {'waste': False, 'transportation': True, 'water': False}, 'imei': '860665057526153', 'sim_number': '+966830028527986', 'sim_serial': '996609821110933053', 'device_serial': '860665057526153', 'device': 'bce', 'user_id': '5f8bf21303ed52b7fb1c11ba', 'created_by': '5e6655bf03ed52e1ab79d301', 'updated_at': '2024-04-18 11:18:59', 'created_at': '2022-06-19 18:22:07', 'custom_fields': [], 'creator': 'amr.ahmed', 'company': '', 'owner': 'alwefaq-rent', 'last_update': {'dtt': 1714856246000, 'dts': 1714856257822, 'spd': 0, 'ang': 284, 'alt': 6, 'chPrams': {'ePwrV': {'v': 12.878, 'cdt': 1714856246000}, 'di16': {'v': 1, 'cdt': 1712742098000}, 'rssi1': {'v': 62, 'cdt': 1714855946000}, 'di15': {'v': 0, 'cdt': 1712742098000}, 'di14': {'v': 0, 'cdt': 1714855494000}, 'di13': {'v': 0, 'cdt': 1712742098000}, 'di12': {'v': 0, 'cdt': 1712742098000}, 'di11': {'v': 0, 'cdt': 1712742098000}, 'di10': {'v': 0, 'cdt': 1712742098000}, 'di2': {'v': 0, 'cdt': 1712742098000}, 'ai4': {'v': 268, 'cdt': 1714855504000}, 'di1': {'v': 0, 'cdt': 1714855644000}, 'di4': {'v': 0, 'cdt': 1712742098000}, 'di3': {'v': 0, 'cdt': 1712742098000}, 'di6': {'v': 0, 'cdt': 1712742098000}, 'di5': {'v': 0, 'cdt': 1714855644000}, 'lac1': {'v': 3602, 'cdt': 1714855270000}, 'protocol': {'v': 'bce', 'cdt': 1712742098000}, 'di8': {'v': 1, 'cdt': 1714198300000}, 'di7': {'v': 0, 'cdt': 1714855946000}, 'di9': {'v': 0, 'cdt': 1714588466000}, 'iPwrV': {'v': 4.031, 'cdt': 1714856246000}, 'humidity': {'v': -1, 'cdt': 1712742098000}, 'cid1': {'v': 51971, 'cdt': 1714855554000}, 'temp': {'v': -273, 'cdt': 1712941152000}, 'odometer': {'v': 0, 'cdt': 1714855590000}, 'spd': {'v': 0, 'cdt': 1714855590000}, 'sat': {'v': 12, 'cdt': 1714854590000}, 'hdop': {'v': 1, 'cdt': 1714626668000}, 'ta': {'v': 0, 'cdt': 1712742098000}, 'mcc1': {'v': 420, 'cdt': 1713607922000}, 'mnc1': {'v': 3, 'cdt': 1713607922000}}, 'prms': {'protocol': 'bce', 'spd': 0, 'sat': 12, 'hdop': 1, 'odometer': 0, 'di16': 1, 'di15': 0, 'di14': 0, 'di13': 0, 'di12': 0, 'di11': 0, 'di10': 0, 'di9': 0, 'di8': 1, 'di7': 0, 'di6': 0, 'di5': 0, 'di4': 0, 'di3': 0, 'di2': 0, 'di1': 0, 'ePwrV': 12.878, 'ai4': 268, 'iPwrV': 4.031, 'ta': 0, 'mcc1': 420, 'mnc1': 3, 'lac1': 3602, 'cid1': 51971, 'rssi1': 62, 'temp': -273, 'humidity': -1}, 'devPrms': ['protocol', 'spd', 'sat', 'hdop', 'odometer', 'di16', 'di15', 'di14', 'di13', 'di12', 'di11', 'di10', 'di9', 'di8', 'di7', 'di6', 'di5', 'di4', 'di3', 'di2', 'di1', 'ePwrV', 'ai4', 'iPwrV', 'ta', 'mcc1', 'mnc1', 'lac1', 'cid1', 'rssi1', 'temp', 'humidity'], 'old_params': {'di16': 1, 'ePwrV': 12.922, 'di15': 0, 'rssi1': 62, 'di14': 0, 'di13': 0, 'di12': 0, 'di11': 0, 'di10': 0, 'di2': 0, 'di1': 0, 'ai4': 268, 'di4': 0, 'di3': 0, 'di6': 0, 'di5': 0, 'lac1': 3602, 'protocol': 'bce', 'di8': 1, 'di7': 0, 'di9': 0, 'iPwrV': 4.033, 'humidity': -1, 'cid1': 51971, 'temp': -273, 'odometer': 0, 'spd': 0, 'sat': 12, 'hdop': 1, 'ta': 0, 'mcc1': 420, 'mnc1': 3}, 'vLoc': 1, 'vCon': 1, 'ip': '37.216.47.203', 'rl': 0, 'trl': 83285.8242, 'mdu': 0, 'tmdu': 6561940, 'eidl': 0, 'teidl': 4392176, 'fc': 0, 'tfc': 18.065328, 'acc': 0, 'accOn': 13151796, 'accOff': 47544720, 'sdu': 300, 'tsdu': 602, 'lat': 26.416744232177734, 'lng': 50.173927307128906}, 'counters': {'odometer_type': 'gps', 'odometer': 83294.8242, 'engine_hours_type': 'acc', 'engine_hours': 13151796, 'last_acc': 0}, 'is_wasl_connected': 'Not Connected', 'iconUrl': 'https://api.afaqy.sa/images/units/icons/icon.png', 'hasCCTV': False}
[2024-05-04T21:00:52.649+0000] {warnings.py:109} WARNING - /home/***/.local/lib/python3.8/site-packages/elasticsearch/_sync/client/__init__.py:399: SecurityWarning: Connecting to 'https://dbelk1.afaqy.local:9200' using TLS with verify_certs=False is insecure
  _transport = transport_class(

[2024-05-04T21:00:52.700+0000] {warnings.py:109} WARNING - /home/***/.local/lib/python3.8/site-packages/elasticsearch/_sync/client/__init__.py:399: SecurityWarning: Connecting to 'https://dbelk2.afaqy.local:9200' using TLS with verify_certs=False is insecure
  _transport = transport_class(

[2024-05-04T21:00:52.734+0000] {warnings.py:109} WARNING - /home/***/.local/lib/python3.8/site-packages/elasticsearch/_sync/client/__init__.py:399: SecurityWarning: Connecting to 'https://dbelk3.afaqy.local:9200' using TLS with verify_certs=False is insecure
  _transport = transport_class(

[2024-05-04T21:00:52.755+0000] {warnings.py:109} WARNING - /home/***/.local/lib/python3.8/site-packages/urllib3/connectionpool.py:1061: InsecureRequestWarning: Unverified HTTPS request is being made to host 'dbelk1.afaqy.local'. Adding certificate verification is strongly advised. See: https://urllib3.readthedocs.io/en/1.26.x/advanced-usage.html#ssl-warnings
  warnings.warn(

[2024-05-04T21:00:52.812+0000] {_transport.py:335} INFO - GET https://dbelk1.afaqy.local:9200/_cluster/health [status:200 duration:0.076s]
[2024-05-04T21:00:53.576+0000] {warnings.py:109} WARNING - /home/***/.local/lib/python3.8/site-packages/urllib3/connectionpool.py:1061: InsecureRequestWarning: Unverified HTTPS request is being made to host 'dbelk2.afaqy.local'. Adding certificate verification is strongly advised. See: https://urllib3.readthedocs.io/en/1.26.x/advanced-usage.html#ssl-warnings
  warnings.warn(

[2024-05-04T21:00:53.597+0000] {_transport.py:335} INFO - PUT https://dbelk2.afaqy.local:9200/units_statistics_***/_bulk [status:429 duration:0.060s]
[2024-05-04T21:00:53.598+0000] {_node_pool.py:249} WARNING - Node <Urllib3HttpNode(https://dbelk2.afaqy.local:9200)> has failed for 1 times in a row, putting on 1 second timeout
[2024-05-04T21:00:53.598+0000] {_transport.py:427} WARNING - Retrying request after non-successful status 429 (attempt 0 of 3)
[2024-05-04T21:00:53.599+0000] {warnings.py:109} WARNING - /home/***/.local/lib/python3.8/site-packages/urllib3/connectionpool.py:1061: InsecureRequestWarning: Unverified HTTPS request is being made to host 'dbelk1.afaqy.local'. Adding certificate verification is strongly advised. See: https://urllib3.readthedocs.io/en/1.26.x/advanced-usage.html#ssl-warnings
  warnings.warn(

[2024-05-04T21:00:57.441+0000] {_transport.py:335} INFO - PUT https://dbelk1.afaqy.local:9200/units_statistics_***/_bulk [status:200 duration:3.843s]
[2024-05-04T21:00:57.856+0000] {python.py:202} INFO - Done. Returned value was: None
[2024-05-04T21:00:57.880+0000] {taskinstance.py:1149} INFO - Marking task as SUCCESS. dag_id=Units_statistics_DAG, task_id=ETL_job, map_index=5, execution_date=20240504T204000, start_date=20240504T210023, end_date=20240504T210057
[2024-05-04T21:00:57.933+0000] {local_task_job_runner.py:234} INFO - Task exited with return code 0
[2024-05-04T21:00:57.974+0000] {taskinstance.py:3312} INFO - 0 downstream tasks scheduled from follow-on schedule check
