[2024-05-09T08:23:19.924+0000] {taskinstance.py:1979} INFO - Dependencies all met for dep_context=non-requeueable deps ti=<TaskInstance: Units_statistics_DAG.ETL_job scheduled__2024-05-09T08:00:00+00:00 map_index=12 [queued]>
[2024-05-09T08:23:19.945+0000] {taskinstance.py:1979} INFO - Dependencies all met for dep_context=requeueable deps ti=<TaskInstance: Units_statistics_DAG.ETL_job scheduled__2024-05-09T08:00:00+00:00 map_index=12 [queued]>
[2024-05-09T08:23:19.946+0000] {taskinstance.py:2193} INFO - Starting attempt 3 of 4
[2024-05-09T08:23:19.964+0000] {taskinstance.py:2217} INFO - Executing <Mapped(_PythonDecoratedOperator): ETL_job> on 2024-05-09 08:00:00+00:00
[2024-05-09T08:23:19.971+0000] {standard_task_runner.py:60} INFO - Started process 882232 to run task
[2024-05-09T08:23:19.980+0000] {standard_task_runner.py:87} INFO - Running: ['***', 'tasks', 'run', 'Units_statistics_DAG', 'ETL_job', 'scheduled__2024-05-09T08:00:00+00:00', '--job-id', '43808', '--raw', '--subdir', 'DAGS_FOLDER/Units_dag.py', '--cfg-path', '/tmp/tmpi82ktnby', '--map-index', '12']
[2024-05-09T08:23:19.983+0000] {standard_task_runner.py:88} INFO - Job 43808: Subtask ETL_job
[2024-05-09T08:23:20.084+0000] {task_command.py:423} INFO - Running <TaskInstance: Units_statistics_DAG.ETL_job scheduled__2024-05-09T08:00:00+00:00 map_index=12 [running]> on host a09da322e808
[2024-05-09T08:23:20.288+0000] {taskinstance.py:2513} INFO - Exporting env vars: AIRFLOW_CTX_DAG_OWNER='abeer-araby' AIRFLOW_CTX_DAG_ID='Units_statistics_DAG' AIRFLOW_CTX_TASK_ID='ETL_job' AIRFLOW_CTX_EXECUTION_DATE='2024-05-09T08:00:00+00:00' AIRFLOW_CTX_TRY_NUMBER='3' AIRFLOW_CTX_DAG_RUN_ID='scheduled__2024-05-09T08:00:00+00:00'
[2024-05-09T08:23:20.290+0000] {Units_dag.py:98} INFO - i: 120000, chunk: 10000
[2024-05-09T08:23:20.290+0000] {Units_dag.py:99} INFO - child token is::: eyJ0eXAiOiJKV1QiLCJhbGciOiJIUzI1NiJ9.eyJpc3MiOiJodHRwczovL2FwaS5hZmFxeS5zYS9hdXRoL2xvZ2luX2FzIiwiaWF0IjoxNzE1MjQyODA0LCJleHAiOjE3MTc4MzQ4MDQsIm5iZiI6MTcxNTI0MjgwNCwianRpIjoidWRZdEtncVpaQ0F6OUxXOCIsInN1YiI6IjVkNjNlNTFlMDNlZDUyOTJhNDJjMjRlNiIsInBydiI6IjI3MGVjZmM3ZWEzZWQ5MzdlYTg0OTM2MmEzYTUwOTEwYzZkOGNlNGYiLCJsb2dpbl9hc19pZCI6IjY1N2YwYWQ3M2Y5NzcyOTVjZjA1NTc2YSJ9.d4Cl7wKGKhb5tjbtDIs61zYUYp90KLPZ77Xw6aqPT8k
[2024-05-09T08:23:43.191+0000] {Units_dag.py:103} INFO - {'_id': '64cf7fc386a90a75687114f6', 'icon': 'icons/icon.png', 'driver_id': '', 'tailer_id': '', 'profile': {'vehicle_type': '', 'measurement_type': 'count', 'max_capacity': 0, 'vin': '', 'plate_number': '', 'start_operation': '', 'contract_milage': '', 'opening_milage': '', 'model': '', 'fuel_type': '91', 'year': 0, 'seats': 2}, 'device_password': '***', 'device_type': 'gps', 'gateway': False, 'business_types': {'waste': False, 'transportation': True, 'water': False}, 'name': '3669 Z D R', 'operation_code': '', 'device_gateway': '', 'skip_sim_information': False, 'imei': '868184060655340', 'sim_number': '+966830032473505', 'sim_serial': '8996609821111916276', 'device_serial': '868184060655340', 'device': 'bce', 'user_id': '64be7330981a405af846c73d', 'created_by': '5e6655bf03ed52e1ab79d301', 'updated_at': '2024-04-18 11:18:59', 'created_at': '2023-08-06 14:10:59', 'custom_fields': [], 'creator': 'amr.ahmed', 'company': '', 'owner': 'into-for-rental-cars-co-admin', 'last_update': {'dtt': 1704368802000, 'dts': 1704368808569, 'spd': 33, 'ang': 58, 'alt': 594, 'chPrams': {'ePwrV': {'v': 12.878, 'cdt': 1704368802000}, 'di16': {'v': 0, 'cdt': 1704356196000}, 'di15': {'v': 0, 'cdt': 1690722624000}, 'rssi1': {'v': 72, 'cdt': 1704368802000}, 'di14': {'v': 0, 'cdt': 1704368444000}, 'di13': {'v': 0, 'cdt': 1704355594000}, 'di12': {'v': 0, 'cdt': 1703683662000}, 'di11': {'v': 0, 'cdt': 1703683662000}, 'di10': {'v': 1, 'cdt': 1691393810000}, 'di2': {'v': 1, 'cdt': 1703683662000}, 'di1': {'v': 1, 'cdt': 1704367820000}, 'di4': {'v': 0, 'cdt': 1703683662000}, 'di3': {'v': 0, 'cdt': 1703683662000}, 'di6': {'v': 1, 'cdt': 1703683662000}, 'di5': {'v': 1, 'cdt': 1704364094000}, 'lac1': {'v': 1252, 'cdt': 1704368358000}, 'protocol': {'v': 'bce', 'cdt': 1703683662000}, 'di8': {'v': 1, 'cdt': 1703683662000}, 'di7': {'v': 1, 'cdt': 1704368722000}, 'di9': {'v': 0, 'cdt': 1703683662000}, 'iPwrV': {'v': 3.963, 'cdt': 1704368802000}, 'cid1': {'v': 15172, 'cdt': 1704368744000}, 'odometer': {'v': 1129390807, 'cdt': 1704368802000}, 'spd': {'v': 33, 'cdt': 1704368802000}, 'sat': {'v': 15, 'cdt': 1704367722000}, 'hdop': {'v': 1, 'cdt': 1704366858000}, 'ta': {'v': 0, 'cdt': 1703683964000}, 'mcc1': {'v': 420, 'cdt': 1701820940000}, 'mnc1': {'v': 3, 'cdt': 1701820940000}}, 'prms': {'protocol': 'bce', 'spd': 33, 'sat': 15, 'hdop': 1, 'odometer': 1129390807, 'di16': 0, 'di15': 0, 'di14': 0, 'di13': 0, 'di12': 0, 'di11': 0, 'di10': 1, 'di9': 0, 'di8': 1, 'di7': 1, 'di6': 1, 'di5': 1, 'di4': 0, 'di3': 0, 'di2': 1, 'di1': 1, 'ePwrV': 12.878, 'iPwrV': 3.963, 'ta': 0, 'mcc1': 420, 'mnc1': 3, 'lac1': 1252, 'cid1': 15172, 'rssi1': 72}, 'devPrms': ['protocol', 'spd', 'sat', 'hdop', 'odometer', 'di16', 'di15', 'di14', 'di13', 'di12', 'di11', 'di10', 'di9', 'di8', 'di7', 'di6', 'di5', 'di4', 'di3', 'di2', 'di1', 'ePwrV', 'iPwrV', 'ta', 'mcc1', 'mnc1', 'lac1', 'cid1', 'rssi1'], 'old_params': {'protocol': 'bce', 'spd': 39, 'sat': 15, 'hdop': 1, 'odometer': 1116518349, 'di16': 0, 'di15': 0, 'di14': 0, 'di13': 0, 'di12': 0, 'di11': 0, 'di10': 1, 'di9': 0, 'di8': 1, 'di7': 1, 'di6': 1, 'di5': 1, 'di4': 0, 'di3': 0, 'di2': 1, 'di1': 1, 'ePwrV': 13.347, 'iPwrV': 3.962, 'ta': 0, 'mcc1': 420, 'mnc1': 3, 'lac1': 1252, 'cid1': 15172, 'rssi1': 71}, 'vLoc': 1, 'vCon': 1, 'ip': '109.83.199.239', 'rl': 0.2092, 'trl': 21494.5828, 'mdu': 22, 'tmdu': 1379058, 'eidl': 0, 'teidl': 935598, 'fc': 0.02092, 'tfc': 21.85183, 'acc': 1, 'accOn': 3249826, 'accOff': 10760522, 'sdu': 0, 'tsdu': 0, 'lat': 24.59176254272461, 'lng': 46.733062744140625}, 'counters': {'odometer_type': 'gps', 'odometer': 21493.7327, 'engine_hours_type': 'acc', 'engine_hours': 3249826, 'last_acc': 1}, 'is_wasl_connected': 'Not Connected', 'iconUrl': 'https://api.afaqy.sa/images/units/icons/icon.png', 'hasCCTV': False}
[2024-05-09T08:23:43.712+0000] {warnings.py:109} WARNING - /home/***/.local/lib/python3.8/site-packages/elasticsearch/_sync/client/__init__.py:399: SecurityWarning: Connecting to 'https://dbelk3.afaqy.local:9200' using TLS with verify_certs=False is insecure
  _transport = transport_class(

[2024-05-09T08:23:43.755+0000] {warnings.py:109} WARNING - /home/***/.local/lib/python3.8/site-packages/elasticsearch/_sync/client/__init__.py:399: SecurityWarning: Connecting to 'https://dbelk1.afaqy.local:9200' using TLS with verify_certs=False is insecure
  _transport = transport_class(

[2024-05-09T08:23:43.797+0000] {warnings.py:109} WARNING - /home/***/.local/lib/python3.8/site-packages/elasticsearch/_sync/client/__init__.py:399: SecurityWarning: Connecting to 'https://dbelk2.afaqy.local:9200' using TLS with verify_certs=False is insecure
  _transport = transport_class(

[2024-05-09T08:23:43.819+0000] {warnings.py:109} WARNING - /home/***/.local/lib/python3.8/site-packages/urllib3/connectionpool.py:1061: InsecureRequestWarning: Unverified HTTPS request is being made to host 'dbelk3.afaqy.local'. Adding certificate verification is strongly advised. See: https://urllib3.readthedocs.io/en/1.26.x/advanced-usage.html#ssl-warnings
  warnings.warn(

[2024-05-09T08:23:43.909+0000] {_transport.py:335} INFO - GET https://dbelk3.afaqy.local:9200/_cluster/health [status:200 duration:0.110s]
[2024-05-09T08:23:44.288+0000] {warnings.py:109} WARNING - /home/***/.local/lib/python3.8/site-packages/urllib3/connectionpool.py:1061: InsecureRequestWarning: Unverified HTTPS request is being made to host 'dbelk1.afaqy.local'. Adding certificate verification is strongly advised. See: https://urllib3.readthedocs.io/en/1.26.x/advanced-usage.html#ssl-warnings
  warnings.warn(

[2024-05-09T08:23:44.444+0000] {_transport.py:335} INFO - PUT https://dbelk1.afaqy.local:9200/units_statistics_***/_bulk [status:200 duration:0.175s]
[2024-05-09T08:23:44.709+0000] {taskinstance.py:2731} ERROR - Task failed with exception
Traceback (most recent call last):
  File "/home/airflow/.local/lib/python3.8/site-packages/airflow/models/taskinstance.py", line 444, in _execute_task
    result = _execute_callable(context=context, **execute_callable_kwargs)
  File "/home/airflow/.local/lib/python3.8/site-packages/airflow/models/taskinstance.py", line 414, in _execute_callable
    return execute_callable(context=context, **execute_callable_kwargs)
  File "/home/airflow/.local/lib/python3.8/site-packages/airflow/decorators/base.py", line 241, in execute
    return_value = super().execute(context)
  File "/home/airflow/.local/lib/python3.8/site-packages/airflow/operators/python.py", line 200, in execute
    return_value = self.execute_callable()
  File "/home/airflow/.local/lib/python3.8/site-packages/airflow/operators/python.py", line 217, in execute_callable
    return self.python_callable(*self.op_args, **self.op_kwargs)
  File "/opt/airflow/dags/Units_dag.py", line 111, in ETL_job
    Elk_client.elk_pushData(Globals.index_name,units_list_update)
  File "/opt/airflow/dags/units_statistics/elk_manager.py", line 69, in elk_pushData
    helpers.bulk(self.elk_client, docs_list, index=index_name, chunk_size=batch)
  File "/home/airflow/.local/lib/python3.8/site-packages/elasticsearch/helpers/actions.py", line 521, in bulk
    for ok, item in streaming_bulk(
  File "/home/airflow/.local/lib/python3.8/site-packages/elasticsearch/helpers/actions.py", line 436, in streaming_bulk
    for data, (ok, info) in zip(
  File "/home/airflow/.local/lib/python3.8/site-packages/elasticsearch/helpers/actions.py", line 355, in _process_bulk_chunk
    yield from gen
  File "/home/airflow/.local/lib/python3.8/site-packages/elasticsearch/helpers/actions.py", line 274, in _process_bulk_chunk_success
    raise BulkIndexError(f"{len(errors)} document(s) failed to index.", errors)
elasticsearch.helpers.BulkIndexError: 10000 document(s) failed to index.
[2024-05-09T08:23:44.721+0000] {taskinstance.py:1149} INFO - Marking task as UP_FOR_RETRY. dag_id=Units_statistics_DAG, task_id=ETL_job, map_index=12, execution_date=20240509T080000, start_date=20240509T082319, end_date=20240509T082344
[2024-05-09T08:23:44.741+0000] {standard_task_runner.py:107} ERROR - Failed to execute job 43808 for task ETL_job (10000 document(s) failed to index.; 882232)
[2024-05-09T08:23:44.819+0000] {local_task_job_runner.py:234} INFO - Task exited with return code 1
[2024-05-09T08:23:44.851+0000] {taskinstance.py:3312} INFO - 0 downstream tasks scheduled from follow-on schedule check
