[2024-05-11T08:23:17.269+0000] {taskinstance.py:1979} INFO - Dependencies all met for dep_context=non-requeueable deps ti=<TaskInstance: Units_statistics_DAG.ETL_job scheduled__2024-05-11T08:00:00+00:00 map_index=8 [queued]>
[2024-05-11T08:23:17.282+0000] {taskinstance.py:1979} INFO - Dependencies all met for dep_context=requeueable deps ti=<TaskInstance: Units_statistics_DAG.ETL_job scheduled__2024-05-11T08:00:00+00:00 map_index=8 [queued]>
[2024-05-11T08:23:17.282+0000] {taskinstance.py:2193} INFO - Starting attempt 3 of 4
[2024-05-11T08:23:17.301+0000] {taskinstance.py:2217} INFO - Executing <Mapped(_PythonDecoratedOperator): ETL_job> on 2024-05-11 08:00:00+00:00
[2024-05-11T08:23:17.308+0000] {standard_task_runner.py:60} INFO - Started process 935850 to run task
[2024-05-11T08:23:17.314+0000] {standard_task_runner.py:87} INFO - Running: ['***', 'tasks', 'run', 'Units_statistics_DAG', 'ETL_job', 'scheduled__2024-05-11T08:00:00+00:00', '--job-id', '50093', '--raw', '--subdir', 'DAGS_FOLDER/Units_dag.py', '--cfg-path', '/tmp/tmpadzgfj0g', '--map-index', '8']
[2024-05-11T08:23:17.317+0000] {standard_task_runner.py:88} INFO - Job 50093: Subtask ETL_job
[2024-05-11T08:23:17.394+0000] {task_command.py:423} INFO - Running <TaskInstance: Units_statistics_DAG.ETL_job scheduled__2024-05-11T08:00:00+00:00 map_index=8 [running]> on host a09da322e808
[2024-05-11T08:23:17.531+0000] {taskinstance.py:2513} INFO - Exporting env vars: AIRFLOW_CTX_DAG_OWNER='abeer-araby' AIRFLOW_CTX_DAG_ID='Units_statistics_DAG' AIRFLOW_CTX_TASK_ID='ETL_job' AIRFLOW_CTX_EXECUTION_DATE='2024-05-11T08:00:00+00:00' AIRFLOW_CTX_TRY_NUMBER='3' AIRFLOW_CTX_DAG_RUN_ID='scheduled__2024-05-11T08:00:00+00:00'
[2024-05-11T08:23:17.532+0000] {Units_dag.py:98} INFO - i: 80000, chunk: 10000
[2024-05-11T08:23:17.533+0000] {Units_dag.py:99} INFO - child token is::: eyJ0eXAiOiJKV1QiLCJhbGciOiJIUzI1NiJ9.eyJpc3MiOiJodHRwczovL2FwaS5hZmFxeS5zYS9hdXRoL2xvZ2luX2FzIiwiaWF0IjoxNzE1NDE1NjAzLCJleHAiOjE3MTgwMDc2MDMsIm5iZiI6MTcxNTQxNTYwMywianRpIjoiUUtFZjhpUDltWTFmWTdQZiIsInN1YiI6IjVkNjNlNTFlMDNlZDUyOTJhNDJjMjRlNiIsInBydiI6IjI3MGVjZmM3ZWEzZWQ5MzdlYTg0OTM2MmEzYTUwOTEwYzZkOGNlNGYiLCJsb2dpbl9hc19pZCI6IjY1N2YwYWQ3M2Y5NzcyOTVjZjA1NTc2YSJ9.0nrLdiktEXQejOobyupCSLC3yMU_e2MSY6ZZuV_Fl50
[2024-05-11T08:23:35.248+0000] {Units_dag.py:103} INFO - {'_id': '63d91f67be916c2e7d3c2303', 'icon': 'icons/icon.png', 'driver_id': '', 'tailer_id': '', 'profile': {'vehicle_type': '', 'measurement_type': 'count', 'max_capacity': 0, 'vin': '', 'plate_number': '', 'start_operation': '', 'contract_milage': '', 'opening_milage': '', 'model': '', 'fuel_type': '91', 'year': 0, 'seats': 2}, 'device_password': '***', 'device_type': 'gps', 'gateway': False, 'name': '2809 ر ر ص', 'operation_code': '0c60701e-f204-4454-95e2-df40eeff8bbb', 'device_gateway': '', 'business_types': {'waste': False, 'transportation': True, 'water': False}, 'imei': '869688059420150', 'sim_number': '+966830032188757', 'sim_serial': '996609821111960949', 'device_serial': '869688059420150', 'device': 'bce', 'user_id': '5f0d614303ed52b67f28d078', 'created_by': '5e6655bf03ed52e1ab79d301', 'updated_at': '2024-04-18 11:18:59', 'created_at': '2023-01-31 17:02:15', 'custom_fields': [], 'creator': 'amr.ahmed', 'company': '', 'owner': 'alwefaq-idrive', 'last_update': {'dtt': 1676472698000, 'dts': 1676472956774, 'spd': 0, 'ang': 246, 'alt': 18, 'chPrams': {'di16': {'v': 1, 'cdt': 1674894634000}, 'ePwrV': {'v': 13.095, 'cdt': 1676472698000}, 'di15': {'v': 0, 'cdt': 1674894634000}, 'rssi1': {'v': 49, 'cdt': 1676472698000}, 'di14': {'v': 0, 'cdt': 1676472374000}, 'di13': {'v': 0, 'cdt': 1674894634000}, 'di12': {'v': 0, 'cdt': 1674894634000}, 'di11': {'v': 0, 'cdt': 1674894634000}, 'di10': {'v': 0, 'cdt': 1674894634000}, 'di2': {'v': 0, 'cdt': 1674894634000}, 'di1': {'v': 1, 'cdt': 1676472698000}, 'ai4': {'v': 196, 'cdt': 1676472698000}, 'di4': {'v': 0, 'cdt': 1674894634000}, 'di3': {'v': 0, 'cdt': 1674894634000}, 'di6': {'v': 0, 'cdt': 1674894634000}, 'di5': {'v': 0, 'cdt': 1676472698000}, 'lac1': {'v': 2222, 'cdt': 1676437274000}, 'protocol': {'v': 'bce', 'cdt': 1674894634000}, 'di8': {'v': 1, 'cdt': 1674894634000}, 'di7': {'v': 1, 'cdt': 1676472586000}, 'di9': {'v': 0, 'cdt': 1674894634000}, 'iPwrV': {'v': 4.082, 'cdt': 1676472698000}, 'cid1': {'v': 23262, 'cdt': 1676472464000}, 'odometer': {'v': 0, 'cdt': 1676472452000}, 'spd': {'v': 0, 'cdt': 1676472458000}, 'sat': {'v': 12, 'cdt': 1676472422000}, 'hdop': {'v': 1, 'cdt': 1676314214000}, 'ta': {'v': 0, 'cdt': 1675328620000}, 'mcc1': {'v': 420, 'cdt': 1676304564000}, 'mnc1': {'v': 3, 'cdt': 1675930422000}}, 'prms': {'protocol': 'bce', 'spd': 0, 'sat': 12, 'hdop': 1, 'odometer': 0, 'di16': 1, 'di15': 0, 'di14': 0, 'di13': 0, 'di12': 0, 'di11': 0, 'di10': 0, 'di9': 0, 'di8': 1, 'di7': 1, 'di6': 0, 'di5': 0, 'di4': 0, 'di3': 0, 'di2': 0, 'di1': 1, 'ePwrV': 13.095, 'ai4': 196, 'iPwrV': 4.082, 'ta': 0, 'mcc1': 420, 'mnc1': 3, 'lac1': 2222, 'cid1': 23262, 'rssi1': 49}, 'devPrms': ['protocol', 'spd', 'sat', 'hdop', 'odometer', 'di16', 'di15', 'di14', 'di13', 'di12', 'di11', 'di10', 'di9', 'di8', 'di7', 'di6', 'di5', 'di4', 'di3', 'di2', 'di1', 'ePwrV', 'ai4', 'iPwrV', 'ta', 'mcc1', 'mnc1', 'lac1', 'cid1', 'rssi1'], 'old_params': {'protocol': 'bce', 'spd': 0, 'sat': 12, 'hdop': 1, 'odometer': 0, 'di16': 1, 'di15': 0, 'di14': 0, 'di13': 0, 'di12': 0, 'di11': 0, 'di10': 0, 'di9': 0, 'di8': 1, 'di7': 1, 'di6': 0, 'di5': 1, 'di4': 0, 'di3': 0, 'di2': 0, 'di1': 0, 'ePwrV': 14.159, 'ai4': 216, 'iPwrV': 4.079, 'ta': 0, 'mcc1': 420, 'mnc1': 3, 'lac1': 2222, 'cid1': 23262, 'rssi1': 51}, 'vLoc': 1, 'vCon': 1, 'ip': '146.251.23.126', 'rl': 0, 'trl': 1422.7619, 'mdu': 0, 'tmdu': 77744, 'eidl': 22, 'teidl': 36902, 'fc': 0, 'tfc': 0.1834, 'acc': 0, 'accOn': 547444, 'accOff': 1031886, 'sdu': 0, 'tsdu': 0, 'lat': 21.62749481201172, 'lng': 39.173858642578125}, 'counters': {'odometer_type': 'gps', 'odometer': 1433.3837, 'engine_hours_type': 'acc', 'engine_hours': 547444, 'last_acc': 0}, 'is_wasl_connected': 'Not Connected', 'iconUrl': 'https://api.afaqy.sa/images/units/icons/icon.png', 'hasCCTV': False}
[2024-05-11T08:23:35.771+0000] {warnings.py:109} WARNING - /home/***/.local/lib/python3.8/site-packages/elasticsearch/_sync/client/__init__.py:399: SecurityWarning: Connecting to 'https://dbelk2.afaqy.local:9200' using TLS with verify_certs=False is insecure
  _transport = transport_class(

[2024-05-11T08:23:35.812+0000] {warnings.py:109} WARNING - /home/***/.local/lib/python3.8/site-packages/elasticsearch/_sync/client/__init__.py:399: SecurityWarning: Connecting to 'https://dbelk1.afaqy.local:9200' using TLS with verify_certs=False is insecure
  _transport = transport_class(

[2024-05-11T08:23:35.854+0000] {warnings.py:109} WARNING - /home/***/.local/lib/python3.8/site-packages/elasticsearch/_sync/client/__init__.py:399: SecurityWarning: Connecting to 'https://dbelk3.afaqy.local:9200' using TLS with verify_certs=False is insecure
  _transport = transport_class(

[2024-05-11T08:23:35.883+0000] {warnings.py:109} WARNING - /home/***/.local/lib/python3.8/site-packages/urllib3/connectionpool.py:1061: InsecureRequestWarning: Unverified HTTPS request is being made to host 'dbelk2.afaqy.local'. Adding certificate verification is strongly advised. See: https://urllib3.readthedocs.io/en/1.26.x/advanced-usage.html#ssl-warnings
  warnings.warn(

[2024-05-11T08:23:35.990+0000] {_transport.py:335} INFO - GET https://dbelk2.afaqy.local:9200/_cluster/health [status:200 duration:0.134s]
[2024-05-11T08:23:36.359+0000] {warnings.py:109} WARNING - /home/***/.local/lib/python3.8/site-packages/urllib3/connectionpool.py:1061: InsecureRequestWarning: Unverified HTTPS request is being made to host 'dbelk1.afaqy.local'. Adding certificate verification is strongly advised. See: https://urllib3.readthedocs.io/en/1.26.x/advanced-usage.html#ssl-warnings
  warnings.warn(

[2024-05-11T08:23:36.535+0000] {_transport.py:335} INFO - PUT https://dbelk1.afaqy.local:9200/units_statistics_***/_bulk [status:200 duration:0.198s]
[2024-05-11T08:23:36.790+0000] {taskinstance.py:2731} ERROR - Task failed with exception
Traceback (most recent call last):
  File "/home/airflow/.local/lib/python3.8/site-packages/airflow/models/taskinstance.py", line 444, in _execute_task
    result = _execute_callable(context=context, **execute_callable_kwargs)
  File "/home/airflow/.local/lib/python3.8/site-packages/airflow/models/taskinstance.py", line 414, in _execute_callable
    return execute_callable(context=context, **execute_callable_kwargs)
  File "/home/airflow/.local/lib/python3.8/site-packages/airflow/decorators/base.py", line 241, in execute
    return_value = super().execute(context)
  File "/home/airflow/.local/lib/python3.8/site-packages/airflow/operators/python.py", line 200, in execute
    return_value = self.execute_callable()
  File "/home/airflow/.local/lib/python3.8/site-packages/airflow/operators/python.py", line 217, in execute_callable
    return self.python_callable(*self.op_args, **self.op_kwargs)
  File "/opt/airflow/dags/Units_dag.py", line 111, in ETL_job
    Elk_client.elk_pushData(Globals.index_name,units_list_update)
  File "/opt/airflow/dags/units_statistics/elk_manager.py", line 69, in elk_pushData
    helpers.bulk(self.elk_client, docs_list, index=index_name, chunk_size=batch)
  File "/home/airflow/.local/lib/python3.8/site-packages/elasticsearch/helpers/actions.py", line 521, in bulk
    for ok, item in streaming_bulk(
  File "/home/airflow/.local/lib/python3.8/site-packages/elasticsearch/helpers/actions.py", line 436, in streaming_bulk
    for data, (ok, info) in zip(
  File "/home/airflow/.local/lib/python3.8/site-packages/elasticsearch/helpers/actions.py", line 355, in _process_bulk_chunk
    yield from gen
  File "/home/airflow/.local/lib/python3.8/site-packages/elasticsearch/helpers/actions.py", line 274, in _process_bulk_chunk_success
    raise BulkIndexError(f"{len(errors)} document(s) failed to index.", errors)
elasticsearch.helpers.BulkIndexError: 10000 document(s) failed to index.
[2024-05-11T08:23:36.809+0000] {taskinstance.py:1149} INFO - Marking task as UP_FOR_RETRY. dag_id=Units_statistics_DAG, task_id=ETL_job, map_index=8, execution_date=20240511T080000, start_date=20240511T082317, end_date=20240511T082336
[2024-05-11T08:23:36.841+0000] {standard_task_runner.py:107} ERROR - Failed to execute job 50093 for task ETL_job (10000 document(s) failed to index.; 935850)
[2024-05-11T08:23:36.892+0000] {local_task_job_runner.py:234} INFO - Task exited with return code 1
[2024-05-11T08:23:36.916+0000] {taskinstance.py:3312} INFO - 0 downstream tasks scheduled from follow-on schedule check
