[2024-05-09T20:03:13.513+0000] {taskinstance.py:1979} INFO - Dependencies all met for dep_context=non-requeueable deps ti=<TaskInstance: Units_statistics_DAG.ETL_job scheduled__2024-05-09T19:40:00+00:00 map_index=11 [queued]>
[2024-05-09T20:03:13.526+0000] {taskinstance.py:1979} INFO - Dependencies all met for dep_context=requeueable deps ti=<TaskInstance: Units_statistics_DAG.ETL_job scheduled__2024-05-09T19:40:00+00:00 map_index=11 [queued]>
[2024-05-09T20:03:13.527+0000] {taskinstance.py:2193} INFO - Starting attempt 3 of 4
[2024-05-09T20:03:13.548+0000] {taskinstance.py:2217} INFO - Executing <Mapped(_PythonDecoratedOperator): ETL_job> on 2024-05-09 19:40:00+00:00
[2024-05-09T20:03:13.559+0000] {standard_task_runner.py:60} INFO - Started process 895141 to run task
[2024-05-09T20:03:13.565+0000] {standard_task_runner.py:87} INFO - Running: ['***', 'tasks', 'run', 'Units_statistics_DAG', 'ETL_job', 'scheduled__2024-05-09T19:40:00+00:00', '--job-id', '45299', '--raw', '--subdir', 'DAGS_FOLDER/Units_dag.py', '--cfg-path', '/tmp/tmpyblc80np', '--map-index', '11']
[2024-05-09T20:03:13.569+0000] {standard_task_runner.py:88} INFO - Job 45299: Subtask ETL_job
[2024-05-09T20:03:13.666+0000] {task_command.py:423} INFO - Running <TaskInstance: Units_statistics_DAG.ETL_job scheduled__2024-05-09T19:40:00+00:00 map_index=11 [running]> on host a09da322e808
[2024-05-09T20:03:13.865+0000] {taskinstance.py:2513} INFO - Exporting env vars: AIRFLOW_CTX_DAG_OWNER='abeer-araby' AIRFLOW_CTX_DAG_ID='Units_statistics_DAG' AIRFLOW_CTX_TASK_ID='ETL_job' AIRFLOW_CTX_EXECUTION_DATE='2024-05-09T19:40:00+00:00' AIRFLOW_CTX_TRY_NUMBER='3' AIRFLOW_CTX_DAG_RUN_ID='scheduled__2024-05-09T19:40:00+00:00'
[2024-05-09T20:03:13.867+0000] {Units_dag.py:98} INFO - i: 110000, chunk: 10000
[2024-05-09T20:03:13.867+0000] {Units_dag.py:99} INFO - child token is::: eyJ0eXAiOiJKV1QiLCJhbGciOiJIUzI1NiJ9.eyJpc3MiOiJodHRwczovL2FwaS5hZmFxeS5zYS9hdXRoL2xvZ2luX2FzIiwiaWF0IjoxNzE1Mjg0ODA0LCJleHAiOjE3MTc4NzY4MDQsIm5iZiI6MTcxNTI4NDgwNCwianRpIjoiSGRkY0V3VmNFWE9OVXkwcyIsInN1YiI6IjVkNjNlNTFlMDNlZDUyOTJhNDJjMjRlNiIsInBydiI6IjI3MGVjZmM3ZWEzZWQ5MzdlYTg0OTM2MmEzYTUwOTEwYzZkOGNlNGYiLCJsb2dpbl9hc19pZCI6IjY1N2YwYWQ3M2Y5NzcyOTVjZjA1NTc2YSJ9.GpxW9Q82Y2VEPlc6rMpmlEBg3UFXSAG6oUD8QvSNGkE
[2024-05-09T20:03:31.633+0000] {Units_dag.py:103} INFO - {'_id': '6489cdd7d20d0345cd1fe8bb', 'icon': 'icons/29.png', 'driver_id': '', 'tailer_id': '', 'profile': {'vehicle_type': None, 'measurement_type': 'count', 'max_capacity': 0, 'vin': None, 'plate_number': 'أ س س 8734', 'start_operation': None, 'contract_milage': None, 'opening_milage': None, 'model': None, 'fuel_type': '91', 'year': 0, 'seats': 2}, 'device_password': '***', 'device_type': 'gps', 'gateway': False, 'business_types': {'waste': False, 'transportation': False, 'water': False, 'hajj': True}, 'name': '0071', 'operation_code': '71', 'device_gateway': '', 'skip_sim_information': False, 'imei': '862315065350679', 'sim_number': '+966830031821237', 'sim_serial': '421296748810', 'device_serial': '862315065350679', 'device': 'bceIotm', 'user_id': '6256d944674c9170c17c2e47', 'created_by': '5e6655bf03ed52e1ab79d301', 'updated_at': '2024-04-18 11:18:59', 'created_at': '2023-06-14 17:25:27', 'custom_fields': [], 'creator': 'amr.ahmed', 'company': 'شركة الدار البيضاء للخدمات الفندقية والسياحة المحدودة', 'owner': 'aldaar-albayda-hajj', 'last_update': {'dtt': 1715284769000, 'dts': 1715284774319, 'spd': 0, 'ang': 115, 'alt': 141, 'chPrams': {'acc': {'v': 0, 'cdt': 1715156680000}, 'sensor_16386': {'v': 17921, 'cdt': 1715155585000}, 'sensor_8192': {'v': 0, 'cdt': 1715002093000}, 'sensor_170': {'v': 0, 'cdt': 1713986938000}, 'sensor_16385': {'v': 8205, 'cdt': 1715151717000}, 'fw_name': {'v': 'QF0_0B_130_3104_5', 'cdt': 1714232797000}, 'ePwrV': {'v': 25418, 'cdt': 1715284765000}, 'sensor_8': {'v': 0, 'cdt': 1715178865000}, 'sensor_8199': {'v': 0, 'cdt': 1713436032000}, 'sensor_153': {'v': 0, 'cdt': 1686992060000}, 'sensor_16387': {'v': 0, 'cdt': 1715156185000}, 'sensor_12289': {'v': 37, 'cdt': 1715284465000}, 'sensor_152': {'v': 0, 'cdt': 1715002048000}, 'sensor_12300': {'v': 0, 'cdt': 1715151717000}, 'sensor_12322': {'v': 0, 'cdt': 1715155615000}, 'war_id': {'v': 22, 'cdt': 1714232797000}, 'protocol': {'v': 'MQTT', 'cdt': 1714232797000}, 'sensor_10': {'v': 1, 'cdt': 1715094158000}, 'sensor_11': {'v': 1, 'cdt': 1715094158000}, 'sensor_2': {'v': 0, 'cdt': 1715002123000}, 'sensor_16': {'v': 0, 'cdt': 1715155615000}, 'sensor_17': {'v': 0, 'cdt': 1714378025000}, 'sensor_18': {'v': 0, 'cdt': 1713431227000}, 'sensor_12290': {'v': 9, 'cdt': 1715284765000}, 'sensor_45058': {'v': 25624348, 'cdt': 1715056475000}, 'sensor_12292': {'v': 4054, 'cdt': 1715284765000}, 'spd': {'v': 0, 'cdt': 1715002093000}, 'sensor_12291': {'v': 9, 'cdt': 1715284765000}, 'sat': {'v': 15, 'cdt': 1715284765000}, 'fun_id': {'v': 101, 'cdt': 1714232797000}, 'sensor_8200': {'v': 71, 'cdt': 1715155705000}, 'hdop': {'v': 6, 'cdt': 1715284165000}, 'sensor_12299': {'v': 162, 'cdt': 1715277565000}, 'sensor_49173': {'v': 'No DTCs found', 'cdt': 1714366435000}, 'sensor_21': {'v': 1, 'cdt': 1713985151000}, 'sensor_148': {'v': 0, 'cdt': 1713986938000}}, 'prms': {'sensor_45058': 25624348, 'sensor_12299': 162, 'spd': 0, 'hdop': 6, 'sat': 15, 'sensor_8192': 0, 'acc': 0, 'protocol': 'MQTT', 'sensor_16387': 0}, 'devPrms': ['sensor_45058', 'sensor_12299', 'ePwrV', 'sensor_12292', 'sensor_12289', 'sensor_12290', 'sensor_12291', 'spd', 'hdop', 'sat', 'sensor_8192', 'acc', 'sensor_2', 'sensor_11', 'sensor_8', 'sensor_10', 'sensor_16', 'sensor_17', 'sensor_18', 'sensor_21', 'sensor_153', 'protocol', 'sensor_16387'], 'old_params': {'sensor_45058': 25624348, 'sensor_12299': 162, 'ePwrV': 25418, 'sensor_12292': 4054, 'sensor_12289': 37, 'sensor_12290': 9, 'sensor_12291': 9, 'spd': 0, 'hdop': 6, 'sat': 15, 'sensor_8192': 0, 'acc': 0, 'sensor_2': 0, 'sensor_11': 1, 'sensor_8': 0, 'sensor_10': 1, 'sensor_16': 0, 'sensor_17': 0, 'sensor_18': 0, 'sensor_21': 1, 'sensor_153': 0, 'protocol': 'MQTT', 'sensor_16387': 0}, 'vLoc': 1, 'vCon': 1, 'ip': '51.39.22.174', 'rl': 0, 'trl': 27803.75, 'mdu': 0, 'tmdu': 1436917, 'eidl': 0, 'teidl': 1718979, 'fc': 0, 'tfc': 0.0096, 'acc': 0, 'accOn': 13293229, 'accOff': 18109568, 'sdu': 4, 'tsdu': 128089, 'lat': 21.448650360107422, 'lng': 39.51747512817383}, 'counters': {'odometer_type': 'canbus', 'odometer': 27803.75, 'engine_hours_type': 'acc', 'engine_hours': 13293229, 'last_acc': 0}, 'is_wasl_connected': 'Connected', 'iconUrl': 'https://api.afaqy.sa/images/units/icons/29.png', 'hasCCTV': False}
[2024-05-09T20:03:32.345+0000] {warnings.py:109} WARNING - /home/***/.local/lib/python3.8/site-packages/elasticsearch/_sync/client/__init__.py:399: SecurityWarning: Connecting to 'https://dbelk2.afaqy.local:9200' using TLS with verify_certs=False is insecure
  _transport = transport_class(

[2024-05-09T20:03:32.394+0000] {warnings.py:109} WARNING - /home/***/.local/lib/python3.8/site-packages/elasticsearch/_sync/client/__init__.py:399: SecurityWarning: Connecting to 'https://dbelk3.afaqy.local:9200' using TLS with verify_certs=False is insecure
  _transport = transport_class(

[2024-05-09T20:03:32.443+0000] {warnings.py:109} WARNING - /home/***/.local/lib/python3.8/site-packages/elasticsearch/_sync/client/__init__.py:399: SecurityWarning: Connecting to 'https://dbelk1.afaqy.local:9200' using TLS with verify_certs=False is insecure
  _transport = transport_class(

[2024-05-09T20:03:32.481+0000] {warnings.py:109} WARNING - /home/***/.local/lib/python3.8/site-packages/urllib3/connectionpool.py:1061: InsecureRequestWarning: Unverified HTTPS request is being made to host 'dbelk2.afaqy.local'. Adding certificate verification is strongly advised. See: https://urllib3.readthedocs.io/en/1.26.x/advanced-usage.html#ssl-warnings
  warnings.warn(

[2024-05-09T20:03:32.564+0000] {_transport.py:335} INFO - GET https://dbelk2.afaqy.local:9200/_cluster/health [status:200 duration:0.118s]
[2024-05-09T20:03:32.990+0000] {warnings.py:109} WARNING - /home/***/.local/lib/python3.8/site-packages/urllib3/connectionpool.py:1061: InsecureRequestWarning: Unverified HTTPS request is being made to host 'dbelk3.afaqy.local'. Adding certificate verification is strongly advised. See: https://urllib3.readthedocs.io/en/1.26.x/advanced-usage.html#ssl-warnings
  warnings.warn(

[2024-05-09T20:03:33.011+0000] {_transport.py:335} INFO - PUT https://dbelk3.afaqy.local:9200/units_statistics_***/_bulk [status:429 duration:0.041s]
[2024-05-09T20:03:33.012+0000] {_node_pool.py:249} WARNING - Node <Urllib3HttpNode(https://dbelk3.afaqy.local:9200)> has failed for 1 times in a row, putting on 1 second timeout
[2024-05-09T20:03:33.012+0000] {_transport.py:427} WARNING - Retrying request after non-successful status 429 (attempt 0 of 3)
[2024-05-09T20:03:33.013+0000] {warnings.py:109} WARNING - /home/***/.local/lib/python3.8/site-packages/urllib3/connectionpool.py:1061: InsecureRequestWarning: Unverified HTTPS request is being made to host 'dbelk2.afaqy.local'. Adding certificate verification is strongly advised. See: https://urllib3.readthedocs.io/en/1.26.x/advanced-usage.html#ssl-warnings
  warnings.warn(

[2024-05-09T20:03:33.026+0000] {_transport.py:335} INFO - PUT https://dbelk2.afaqy.local:9200/units_statistics_***/_bulk [status:429 duration:0.014s]
[2024-05-09T20:03:33.027+0000] {_node_pool.py:249} WARNING - Node <Urllib3HttpNode(https://dbelk2.afaqy.local:9200)> has failed for 1 times in a row, putting on 1 second timeout
[2024-05-09T20:03:33.028+0000] {_transport.py:427} WARNING - Retrying request after non-successful status 429 (attempt 1 of 3)
[2024-05-09T20:03:33.059+0000] {warnings.py:109} WARNING - /home/***/.local/lib/python3.8/site-packages/urllib3/connectionpool.py:1061: InsecureRequestWarning: Unverified HTTPS request is being made to host 'dbelk1.afaqy.local'. Adding certificate verification is strongly advised. See: https://urllib3.readthedocs.io/en/1.26.x/advanced-usage.html#ssl-warnings
  warnings.warn(

[2024-05-09T20:03:33.215+0000] {_transport.py:335} INFO - PUT https://dbelk1.afaqy.local:9200/units_statistics_***/_bulk [status:200 duration:0.187s]
[2024-05-09T20:03:33.712+0000] {taskinstance.py:2731} ERROR - Task failed with exception
Traceback (most recent call last):
  File "/home/airflow/.local/lib/python3.8/site-packages/airflow/models/taskinstance.py", line 444, in _execute_task
    result = _execute_callable(context=context, **execute_callable_kwargs)
  File "/home/airflow/.local/lib/python3.8/site-packages/airflow/models/taskinstance.py", line 414, in _execute_callable
    return execute_callable(context=context, **execute_callable_kwargs)
  File "/home/airflow/.local/lib/python3.8/site-packages/airflow/decorators/base.py", line 241, in execute
    return_value = super().execute(context)
  File "/home/airflow/.local/lib/python3.8/site-packages/airflow/operators/python.py", line 200, in execute
    return_value = self.execute_callable()
  File "/home/airflow/.local/lib/python3.8/site-packages/airflow/operators/python.py", line 217, in execute_callable
    return self.python_callable(*self.op_args, **self.op_kwargs)
  File "/opt/airflow/dags/Units_dag.py", line 111, in ETL_job
    Elk_client.elk_pushData(Globals.index_name,units_list_update)
  File "/opt/airflow/dags/units_statistics/elk_manager.py", line 69, in elk_pushData
    helpers.bulk(self.elk_client, docs_list, index=index_name, chunk_size=batch)
  File "/home/airflow/.local/lib/python3.8/site-packages/elasticsearch/helpers/actions.py", line 521, in bulk
    for ok, item in streaming_bulk(
  File "/home/airflow/.local/lib/python3.8/site-packages/elasticsearch/helpers/actions.py", line 436, in streaming_bulk
    for data, (ok, info) in zip(
  File "/home/airflow/.local/lib/python3.8/site-packages/elasticsearch/helpers/actions.py", line 355, in _process_bulk_chunk
    yield from gen
  File "/home/airflow/.local/lib/python3.8/site-packages/elasticsearch/helpers/actions.py", line 274, in _process_bulk_chunk_success
    raise BulkIndexError(f"{len(errors)} document(s) failed to index.", errors)
elasticsearch.helpers.BulkIndexError: 10000 document(s) failed to index.
[2024-05-09T20:03:33.748+0000] {taskinstance.py:1149} INFO - Marking task as UP_FOR_RETRY. dag_id=Units_statistics_DAG, task_id=ETL_job, map_index=11, execution_date=20240509T194000, start_date=20240509T200313, end_date=20240509T200333
[2024-05-09T20:03:33.777+0000] {standard_task_runner.py:107} ERROR - Failed to execute job 45299 for task ETL_job (10000 document(s) failed to index.; 895141)
[2024-05-09T20:03:33.854+0000] {local_task_job_runner.py:234} INFO - Task exited with return code 1
[2024-05-09T20:03:33.896+0000] {taskinstance.py:3312} INFO - 0 downstream tasks scheduled from follow-on schedule check
