[2024-04-18T00:07:00.747+0000] {taskinstance.py:1979} INFO - Dependencies all met for dep_context=non-requeueable deps ti=<TaskInstance: Units_statistics_DAG.ETL_job manual__2024-04-15T21:37:28.556433+00:00 map_index=5 [queued]>
[2024-04-18T00:07:00.808+0000] {taskinstance.py:1979} INFO - Dependencies all met for dep_context=requeueable deps ti=<TaskInstance: Units_statistics_DAG.ETL_job manual__2024-04-15T21:37:28.556433+00:00 map_index=5 [queued]>
[2024-04-18T00:07:00.808+0000] {taskinstance.py:2193} INFO - Starting attempt 4 of 6
[2024-04-18T00:07:00.885+0000] {taskinstance.py:2217} INFO - Executing <Mapped(_PythonDecoratedOperator): ETL_job> on 2024-04-15 21:37:28.556433+00:00
[2024-04-18T00:07:00.905+0000] {standard_task_runner.py:60} INFO - Started process 366185 to run task
[2024-04-18T00:07:00.960+0000] {standard_task_runner.py:87} INFO - Running: ['***', 'tasks', 'run', 'Units_statistics_DAG', 'ETL_job', 'manual__2024-04-15T21:37:28.556433+00:00', '--job-id', '5757', '--raw', '--subdir', 'DAGS_FOLDER/Units_dag.py', '--cfg-path', '/tmp/tmpcst65m9j', '--map-index', '5']
[2024-04-18T00:07:00.961+0000] {standard_task_runner.py:88} INFO - Job 5757: Subtask ETL_job
[2024-04-18T00:07:01.110+0000] {task_command.py:423} INFO - Running <TaskInstance: Units_statistics_DAG.ETL_job manual__2024-04-15T21:37:28.556433+00:00 map_index=5 [running]> on host a09da322e808
[2024-04-18T00:07:01.764+0000] {taskinstance.py:2513} INFO - Exporting env vars: AIRFLOW_CTX_DAG_OWNER='abeer-araby' AIRFLOW_CTX_DAG_ID='Units_statistics_DAG' AIRFLOW_CTX_TASK_ID='ETL_job' AIRFLOW_CTX_EXECUTION_DATE='2024-04-15T21:37:28.556433+00:00' AIRFLOW_CTX_TRY_NUMBER='4' AIRFLOW_CTX_DAG_RUN_ID='manual__2024-04-15T21:37:28.556433+00:00'
[2024-04-18T00:07:01.768+0000] {Units_dag.py:99} INFO - i: 50000, chunk: 10000
[2024-04-18T00:07:01.780+0000] {Units_dag.py:100} INFO - child token is::: None
[2024-04-18T00:07:01.783+0000] {taskinstance.py:2731} ERROR - Task failed with exception
Traceback (most recent call last):
  File "/home/airflow/.local/lib/python3.8/site-packages/airflow/models/taskinstance.py", line 444, in _execute_task
    result = _execute_callable(context=context, **execute_callable_kwargs)
  File "/home/airflow/.local/lib/python3.8/site-packages/airflow/models/taskinstance.py", line 414, in _execute_callable
    return execute_callable(context=context, **execute_callable_kwargs)
  File "/home/airflow/.local/lib/python3.8/site-packages/airflow/decorators/base.py", line 241, in execute
    return_value = super().execute(context)
  File "/home/airflow/.local/lib/python3.8/site-packages/airflow/operators/python.py", line 200, in execute
    return_value = self.execute_callable()
  File "/home/airflow/.local/lib/python3.8/site-packages/airflow/operators/python.py", line 217, in execute_callable
    return self.python_callable(*self.op_args, **self.op_kwargs)
  File "/opt/airflow/dags/Units_dag.py", line 103, in ETL_job
    units_list = Utils.get_all_units_api(args[0], args[1],child_token)
  File "/opt/airflow/dags/utilities.py", line 15, in get_all_units_api
    response = _ApiCaller.post(Globals.api_endpoint+"units/lists?token="+child_token, data_payload)
TypeError: can only concatenate str (not "NoneType") to str
[2024-04-18T00:07:01.859+0000] {taskinstance.py:1149} INFO - Marking task as UP_FOR_RETRY. dag_id=Units_statistics_DAG, task_id=ETL_job, map_index=5, execution_date=20240415T213728, start_date=20240418T000700, end_date=20240418T000701
[2024-04-18T00:07:01.969+0000] {standard_task_runner.py:107} ERROR - Failed to execute job 5757 for task ETL_job (can only concatenate str (not "NoneType") to str; 366185)
[2024-04-18T00:07:02.033+0000] {local_task_job_runner.py:234} INFO - Task exited with return code 1
[2024-04-18T00:07:02.250+0000] {taskinstance.py:3312} INFO - 0 downstream tasks scheduled from follow-on schedule check
