[2024-05-06T16:42:04.852+0000] {taskinstance.py:1979} INFO - Dependencies all met for dep_context=non-requeueable deps ti=<TaskInstance: Units_statistics_DAG.ETL_job scheduled__2024-05-06T16:20:00+00:00 map_index=7 [queued]>
[2024-05-06T16:42:04.895+0000] {taskinstance.py:1979} INFO - Dependencies all met for dep_context=requeueable deps ti=<TaskInstance: Units_statistics_DAG.ETL_job scheduled__2024-05-06T16:20:00+00:00 map_index=7 [queued]>
[2024-05-06T16:42:04.896+0000] {taskinstance.py:2193} INFO - Starting attempt 2 of 4
[2024-05-06T16:42:04.943+0000] {taskinstance.py:2217} INFO - Executing <Mapped(_PythonDecoratedOperator): ETL_job> on 2024-05-06 16:20:00+00:00
[2024-05-06T16:42:04.973+0000] {standard_task_runner.py:60} INFO - Started process 812128 to run task
[2024-05-06T16:42:04.995+0000] {standard_task_runner.py:87} INFO - Running: ['***', 'tasks', 'run', 'Units_statistics_DAG', 'ETL_job', 'scheduled__2024-05-06T16:20:00+00:00', '--job-id', '36002', '--raw', '--subdir', 'DAGS_FOLDER/Units_dag.py', '--cfg-path', '/tmp/tmp8d7uu0u8', '--map-index', '7']
[2024-05-06T16:42:05.009+0000] {standard_task_runner.py:88} INFO - Job 36002: Subtask ETL_job
[2024-05-06T16:42:05.147+0000] {task_command.py:423} INFO - Running <TaskInstance: Units_statistics_DAG.ETL_job scheduled__2024-05-06T16:20:00+00:00 map_index=7 [running]> on host a09da322e808
[2024-05-06T16:42:05.368+0000] {taskinstance.py:2513} INFO - Exporting env vars: AIRFLOW_CTX_DAG_OWNER='abeer-araby' AIRFLOW_CTX_DAG_ID='Units_statistics_DAG' AIRFLOW_CTX_TASK_ID='ETL_job' AIRFLOW_CTX_EXECUTION_DATE='2024-05-06T16:20:00+00:00' AIRFLOW_CTX_TRY_NUMBER='2' AIRFLOW_CTX_DAG_RUN_ID='scheduled__2024-05-06T16:20:00+00:00'
[2024-05-06T16:42:05.369+0000] {Units_dag.py:99} INFO - i: 70000, chunk: 10000
[2024-05-06T16:42:05.370+0000] {Units_dag.py:100} INFO - child token is::: eyJ0eXAiOiJKV1QiLCJhbGciOiJIUzI1NiJ9.eyJpc3MiOiJodHRwczovL2FwaS5hZmFxeS5zYS9hdXRoL2xvZ2luX2FzIiwiaWF0IjoxNzE1MDEzNjAzLCJleHAiOjE3MTc2MDU2MDMsIm5iZiI6MTcxNTAxMzYwMywianRpIjoiYVpZMG5tNFpncmNKaTdaTCIsInN1YiI6IjVkNjNlNTFlMDNlZDUyOTJhNDJjMjRlNiIsInBydiI6IjI3MGVjZmM3ZWEzZWQ5MzdlYTg0OTM2MmEzYTUwOTEwYzZkOGNlNGYiLCJsb2dpbl9hc19pZCI6IjY1N2YwYWQ3M2Y5NzcyOTVjZjA1NTc2YSJ9.pPWzO_uo27D_C4_L4aVvIMpiuMzuCnF6SvVxVsAoWu4
[2024-05-06T16:42:21.929+0000] {Units_dag.py:104} INFO - {'_id': '63a30f6a9f567d446a061f45', 'icon': 'icons/icon.png', 'driver_id': '', 'tailer_id': '', 'profile': {'year': 0, 'seats': 2, 'fuel_type': 91}, 'device_password': '***', 'device_type': 'gps', 'gateway': False, 'name': '6023UUD', 'operation_code': '', 'device_gateway': '', 'business_types': {'waste': False, 'transportation': True, 'water': False}, 'imei': '868184060645929', 'sim_number': '+966830030947497', 'sim_serial': '21294043893', 'device_serial': '868184060645929', 'device': 'bce', 'user_id': '633c2965a960d512d967f983', 'created_by': '5e6655bf03ed52e1ab79d301', 'updated_at': '2024-04-18 11:18:59', 'created_at': '2022-12-21 16:51:38', 'custom_fields': [], 'creator': 'amr.ahmed', 'company': '', 'owner': 'jahez-admin', 'last_update': {'dtt': 1715013678000, 'dts': 1715013711687, 'spd': 0, 'ang': 258, 'alt': 32, 'chPrams': {'ePwrV': {'v': 13.503, 'cdt': 1715013678000}, 'di16': {'v': 1, 'cdt': 1713012606000}, 'rssi1': {'v': 63, 'cdt': 1715013648000}, 'di15': {'v': 0, 'cdt': 1713920884000}, 'di14': {'v': 0, 'cdt': 1715013016000}, 'di13': {'v': 0, 'cdt': 1713173100000}, 'di12': {'v': 0, 'cdt': 1713012606000}, 'di11': {'v': 0, 'cdt': 1713012606000}, 'di10': {'v': 0, 'cdt': 1671535246000}, 'di2': {'v': 0, 'cdt': 1712858066000}, 'di1': {'v': 1, 'cdt': 1715013678000}, 'di4': {'v': 0, 'cdt': 1713012606000}, 'di3': {'v': 0, 'cdt': 1713012606000}, 'di6': {'v': 1, 'cdt': 1715012496000}, 'di5': {'v': 1, 'cdt': 1715012496000}, 'lac1': {'v': 42014, 'cdt': 1715013134000}, 'protocol': {'v': 'bce', 'cdt': 1713012606000}, 'di8': {'v': 1, 'cdt': 1713012606000}, 'di7': {'v': 1, 'cdt': 1715012520000}, 'di9': {'v': 0, 'cdt': 1713012606000}, 'iPwrV': {'v': 3.911, 'cdt': 1715013618000}, 'cid1': {'v': 24243, 'cdt': 1715013134000}, 'odometer': {'v': 0, 'cdt': 1715013124000}, 'spd': {'v': 0, 'cdt': 1715013144000}, 'sat': {'v': 15, 'cdt': 1715012848000}, 'hdop': {'v': 1, 'cdt': 1715004108000}, 'ta': {'v': 0, 'cdt': 1713013202000}, 'mcc1': {'v': 420, 'cdt': 1714342378000}, 'mnc1': {'v': 4, 'cdt': 1715010546000}}, 'prms': {'protocol': 'bce', 'spd': 0, 'sat': 15, 'hdop': 1, 'odometer': 0, 'di16': 1, 'di15': 0, 'di14': 0, 'di13': 0, 'di12': 0, 'di11': 0, 'di10': 0, 'di9': 0, 'di8': 1, 'di7': 1, 'di6': 1, 'di5': 1, 'di4': 0, 'di3': 0, 'di2': 0, 'di1': 1, 'ePwrV': 13.503, 'iPwrV': 3.911, 'ta': 0, 'mcc1': 420, 'mnc1': 4, 'lac1': 42014, 'cid1': 24243, 'rssi1': 63}, 'devPrms': ['protocol', 'spd', 'sat', 'hdop', 'odometer', 'di16', 'di15', 'di14', 'di13', 'di12', 'di11', 'di10', 'di9', 'di8', 'di7', 'di6', 'di5', 'di4', 'di3', 'di2', 'di1', 'ePwrV', 'iPwrV', 'ta', 'mcc1', 'mnc1', 'lac1', 'cid1', 'rssi1'], 'old_params': {'protocol': 'bce', 'spd': 0, 'sat': 15, 'hdop': 1, 'odometer': 0, 'di16': 1, 'di15': 0, 'di14': 0, 'di13': 0, 'di12': 0, 'di11': 0, 'di10': 0, 'di9': 0, 'di8': 1, 'di7': 1, 'di6': 1, 'di5': 1, 'di4': 0, 'di3': 0, 'di2': 0, 'di1': 0, 'ePwrV': 13.521, 'iPwrV': 3.911, 'ta': 0, 'mcc1': 420, 'mnc1': 4, 'lac1': 42014, 'cid1': 24243, 'rssi1': 63}, 'vLoc': 1, 'vCon': 1, 'ip': '51.36.24.191', 'rl': 0, 'trl': 62064.7272, 'mdu': 0, 'tmdu': 5068040, 'eidl': 30, 'teidl': 3968860, 'fc': 0, 'tfc': 0.02364, 'acc': 1, 'accOn': 895360934, 'accOff': 2305494016, 'sdu': 0, 'tsdu': 0, 'lat': 21.62211036682129, 'lng': 39.20134735107422}, 'counters': {'odometer_type': 'gps', 'odometer': 62064.4519, 'engine_hours_type': 'acc', 'engine_hours': 895360934, 'last_acc': 1}, 'is_wasl_connected': 'Not Connected', 'iconUrl': 'https://api.afaqy.sa/images/units/icons/icon.png', 'hasCCTV': False}
[2024-05-06T16:42:22.475+0000] {warnings.py:109} WARNING - /home/***/.local/lib/python3.8/site-packages/elasticsearch/_sync/client/__init__.py:399: SecurityWarning: Connecting to 'https://dbelk1.afaqy.local:9200' using TLS with verify_certs=False is insecure
  _transport = transport_class(

[2024-05-06T16:42:22.519+0000] {warnings.py:109} WARNING - /home/***/.local/lib/python3.8/site-packages/elasticsearch/_sync/client/__init__.py:399: SecurityWarning: Connecting to 'https://dbelk3.afaqy.local:9200' using TLS with verify_certs=False is insecure
  _transport = transport_class(

[2024-05-06T16:42:22.569+0000] {warnings.py:109} WARNING - /home/***/.local/lib/python3.8/site-packages/elasticsearch/_sync/client/__init__.py:399: SecurityWarning: Connecting to 'https://dbelk2.afaqy.local:9200' using TLS with verify_certs=False is insecure
  _transport = transport_class(

[2024-05-06T16:42:22.598+0000] {warnings.py:109} WARNING - /home/***/.local/lib/python3.8/site-packages/urllib3/connectionpool.py:1061: InsecureRequestWarning: Unverified HTTPS request is being made to host 'dbelk1.afaqy.local'. Adding certificate verification is strongly advised. See: https://urllib3.readthedocs.io/en/1.26.x/advanced-usage.html#ssl-warnings
  warnings.warn(

[2024-05-06T16:42:22.667+0000] {_transport.py:335} INFO - GET https://dbelk1.afaqy.local:9200/_cluster/health [status:200 duration:0.096s]
[2024-05-06T16:42:23.073+0000] {warnings.py:109} WARNING - /home/***/.local/lib/python3.8/site-packages/urllib3/connectionpool.py:1061: InsecureRequestWarning: Unverified HTTPS request is being made to host 'dbelk3.afaqy.local'. Adding certificate verification is strongly advised. See: https://urllib3.readthedocs.io/en/1.26.x/advanced-usage.html#ssl-warnings
  warnings.warn(

[2024-05-06T16:42:24.414+0000] {_transport.py:335} INFO - PUT https://dbelk3.afaqy.local:9200/units_statistics_***/_bulk [status:200 duration:1.358s]
[2024-05-06T16:42:24.585+0000] {python.py:202} INFO - Done. Returned value was: None
[2024-05-06T16:42:24.604+0000] {taskinstance.py:1149} INFO - Marking task as SUCCESS. dag_id=Units_statistics_DAG, task_id=ETL_job, map_index=7, execution_date=20240506T162000, start_date=20240506T164204, end_date=20240506T164224
[2024-05-06T16:42:24.649+0000] {local_task_job_runner.py:234} INFO - Task exited with return code 0
[2024-05-06T16:42:24.679+0000] {taskinstance.py:3312} INFO - 0 downstream tasks scheduled from follow-on schedule check
