[2024-05-12T14:20:25.111+0000] {taskinstance.py:1979} INFO - Dependencies all met for dep_context=non-requeueable deps ti=<TaskInstance: Units_statistics_DAG.ETL_job scheduled__2024-05-12T14:00:00+00:00 map_index=4 [queued]>
[2024-05-12T14:20:25.175+0000] {taskinstance.py:1979} INFO - Dependencies all met for dep_context=requeueable deps ti=<TaskInstance: Units_statistics_DAG.ETL_job scheduled__2024-05-12T14:00:00+00:00 map_index=4 [queued]>
[2024-05-12T14:20:25.176+0000] {taskinstance.py:2193} INFO - Starting attempt 1 of 4
[2024-05-12T14:20:25.251+0000] {taskinstance.py:2217} INFO - Executing <Mapped(_PythonDecoratedOperator): ETL_job> on 2024-05-12 14:00:00+00:00
[2024-05-12T14:20:25.298+0000] {standard_task_runner.py:60} INFO - Started process 234 to run task
[2024-05-12T14:20:25.416+0000] {standard_task_runner.py:87} INFO - Running: ['***', 'tasks', 'run', 'Units_statistics_DAG', 'ETL_job', 'scheduled__2024-05-12T14:00:00+00:00', '--job-id', '54210', '--raw', '--subdir', 'DAGS_FOLDER/Units_dag.py', '--cfg-path', '/tmp/tmp8hx_jld8', '--map-index', '4']
[2024-05-12T14:20:25.486+0000] {standard_task_runner.py:88} INFO - Job 54210: Subtask ETL_job
[2024-05-12T14:20:26.125+0000] {task_command.py:423} INFO - Running <TaskInstance: Units_statistics_DAG.ETL_job scheduled__2024-05-12T14:00:00+00:00 map_index=4 [running]> on host 62bf2f0e1690
[2024-05-12T14:20:26.891+0000] {taskinstance.py:2513} INFO - Exporting env vars: AIRFLOW_CTX_DAG_OWNER='abeer-araby' AIRFLOW_CTX_DAG_ID='Units_statistics_DAG' AIRFLOW_CTX_TASK_ID='ETL_job' AIRFLOW_CTX_EXECUTION_DATE='2024-05-12T14:00:00+00:00' AIRFLOW_CTX_TRY_NUMBER='1' AIRFLOW_CTX_DAG_RUN_ID='scheduled__2024-05-12T14:00:00+00:00'
[2024-05-12T14:20:26.894+0000] {Units_dag.py:98} INFO - i: 40000, chunk: 10000
[2024-05-12T14:20:26.894+0000] {Units_dag.py:99} INFO - child token is::: eyJ0eXAiOiJKV1QiLCJhbGciOiJIUzI1NiJ9.eyJpc3MiOiJodHRwczovL2FwaS5hZmFxeS5zYS9hdXRoL2xvZ2luX2FzIiwiaWF0IjoxNzE1NTIzNjA2LCJleHAiOjE3MTgxMTU2MDYsIm5iZiI6MTcxNTUyMzYwNiwianRpIjoiWXpCNGNmQlJzSmRHUEgxaSIsInN1YiI6IjVkNjNlNTFlMDNlZDUyOTJhNDJjMjRlNiIsInBydiI6IjI3MGVjZmM3ZWEzZWQ5MzdlYTg0OTM2MmEzYTUwOTEwYzZkOGNlNGYiLCJsb2dpbl9hc19pZCI6IjY1N2YwYWQ3M2Y5NzcyOTVjZjA1NTc2YSJ9.QZsfuL8ccZmD4iCvUr7vu2aLPJ9D3YQRAUDWV8aPCYM
[2024-05-12T14:20:56.251+0000] {Units_dag.py:103} INFO - {'_id': '626800f5177e1808f24f08ea', 'icon': 'icons/icon.png', 'driver_id': '', 'tailer_id': '', 'profile': {'measurement_type': 'count', 'fuel_type': '91', 'year': 0, 'seats': 2}, 'device_password': '***', 'device_type': 'gps', 'gateway': False, 'name': '7580 - L B R', 'operation_code': None, 'device_gateway': None, 'business_types': {'waste': False, 'transportation': True, 'water': False}, 'imei': '866854051700485', 'sim_number': '+966830028522245', 'sim_serial': '996609821110927312', 'device_serial': '866854051700485', 'device': 'bce', 'user_id': '6203ca86d5264a332265ce5d', 'created_by': '5e6655bf03ed52e1ab79d301', 'updated_at': '2024-04-18 11:18:59', 'created_at': '2022-04-26 17:25:57', 'custom_fields': [], 'creator': 'amr.ahmed', 'company': '', 'owner': 'i_drive_co_admin', 'last_update': {'dtt': 1715523174000, 'dts': 1715523357617, 'spd': 0, 'ang': 0, 'alt': 616, 'chPrams': {'ePwrV': {'v': 12.213, 'cdt': 1715523174000}, 'di16': {'v': 0, 'cdt': 1714979674000}, 'rssi1': {'v': 62, 'cdt': 1715523174000}, 'di15': {'v': 0, 'cdt': 1714979674000}, 'di14': {'v': 0, 'cdt': 1713095352000}, 'di13': {'v': 0, 'cdt': 1714979674000}, 'di12': {'v': 0, 'cdt': 1714979674000}, 'di11': {'v': 0, 'cdt': 1714979674000}, 'di10': {'v': 0, 'cdt': 1714979674000}, 'di2': {'v': 1, 'cdt': 1714979674000}, 'di1': {'v': 0, 'cdt': 1714979734000}, 'di4': {'v': 0, 'cdt': 1714979674000}, 'di3': {'v': 0, 'cdt': 1714979674000}, 'di6': {'v': 1, 'cdt': 1714979674000}, 'di5': {'v': 0, 'cdt': 1714979824000}, 'lac1': {'v': 1252, 'cdt': 1713095256000}, 'protocol': {'v': 'bce', 'cdt': 1714979674000}, 'di8': {'v': 1, 'cdt': 1714979674000}, 'di7': {'v': 0, 'cdt': 1714979824000}, 'di9': {'v': 0, 'cdt': 1714979674000}, 'iPwrV': {'v': 3.884, 'cdt': 1715522270000}, 'cid1': {'v': 12793, 'cdt': 1713296820000}, 'odometer': {'v': 0, 'cdt': 1713095436000}, 'spd': {'v': 0, 'cdt': 1713095440000}, 'sat': {'v': 15, 'cdt': 1715521970000}, 'hdop': {'v': 1, 'cdt': 1713095106000}, 'ta': {'v': 0, 'cdt': 1714979674000}, 'mcc1': {'v': 420, 'cdt': 1714979674000}, 'mnc1': {'v': 3, 'cdt': 1714979674000}}, 'prms': {'protocol': 'bce', 'spd': 0, 'sat': 15, 'hdop': 1, 'odometer': 0, 'di16': 0, 'di15': 0, 'di14': 0, 'di13': 0, 'di12': 0, 'di11': 0, 'di10': 0, 'di9': 0, 'di8': 1, 'di7': 0, 'di6': 1, 'di5': 0, 'di4': 0, 'di3': 0, 'di2': 1, 'di1': 0, 'ePwrV': 12.213, 'iPwrV': 3.884, 'ta': 0, 'mcc1': 420, 'mnc1': 3, 'lac1': 1252, 'cid1': 12793, 'rssi1': 62}, 'devPrms': ['protocol', 'spd', 'sat', 'hdop', 'odometer', 'di16', 'di15', 'di14', 'di13', 'di12', 'di11', 'di10', 'di9', 'di8', 'di7', 'di6', 'di5', 'di4', 'di3', 'di2', 'di1', 'ePwrV', 'iPwrV', 'ta', 'mcc1', 'mnc1', 'lac1', 'cid1', 'rssi1'], 'old_params': {'di16': 0, 'ePwrV': 12.178, 'di15': 0, 'rssi1': 59, 'di14': 0, 'di13': 0, 'di12': 0, 'di11': 0, 'di10': 0, 'di2': 1, 'di1': 0, 'di4': 0, 'di3': 0, 'di6': 1, 'di5': 0, 'lac1': 1252, 'protocol': 'bce', 'di8': 1, 'di7': 0, 'di9': 0, 'iPwrV': 3.884, 'cid1': 12793, 'odometer': 0, 'spd': 0, 'sat': 15, 'hdop': 1, 'ta': 0, 'mcc1': 420, 'mnc1': 3}, 'vLoc': 1, 'vCon': 1, 'ip': '37.216.44.217', 'rl': 0, 'trl': 1025.7788, 'mdu': 0, 'tmdu': 74148, 'eidl': 0, 'teidl': 104628, 'fc': 0, 'tfc': 0.69492, 'acc': 0, 'accOn': 10610090, 'accOff': 14981206, 'sdu': 302, 'tsdu': 543350, 'lat': 24.603906631469727, 'lng': 46.70531463623047}, 'counters': {'odometer_type': 'gps', 'odometer': 46095.2092, 'engine_hours_type': 'acc', 'engine_hours': 10610090, 'last_acc': 0}, 'is_wasl_connected': 'Not Connected', 'iconUrl': 'https://api.afaqy.sa/images/units/icons/icon.png', 'hasCCTV': False}
[2024-05-12T14:21:03.447+0000] {warnings.py:109} WARNING - /home/***/.local/lib/python3.8/site-packages/elasticsearch/_sync/client/__init__.py:399: SecurityWarning: Connecting to 'https://dbelk1.afaqy.local:9200' using TLS with verify_certs=False is insecure
  _transport = transport_class(

[2024-05-12T14:21:03.682+0000] {warnings.py:109} WARNING - /home/***/.local/lib/python3.8/site-packages/elasticsearch/_sync/client/__init__.py:399: SecurityWarning: Connecting to 'https://dbelk3.afaqy.local:9200' using TLS with verify_certs=False is insecure
  _transport = transport_class(

[2024-05-12T14:21:03.771+0000] {warnings.py:109} WARNING - /home/***/.local/lib/python3.8/site-packages/elasticsearch/_sync/client/__init__.py:399: SecurityWarning: Connecting to 'https://dbelk2.afaqy.local:9200' using TLS with verify_certs=False is insecure
  _transport = transport_class(

[2024-05-12T14:21:03.828+0000] {warnings.py:109} WARNING - /home/***/.local/lib/python3.8/site-packages/urllib3/connectionpool.py:1061: InsecureRequestWarning: Unverified HTTPS request is being made to host 'dbelk1.afaqy.local'. Adding certificate verification is strongly advised. See: https://urllib3.readthedocs.io/en/1.26.x/advanced-usage.html#ssl-warnings
  warnings.warn(

[2024-05-12T14:21:03.957+0000] {_transport.py:335} INFO - GET https://dbelk1.afaqy.local:9200/_cluster/health [status:200 duration:0.185s]
[2024-05-12T14:21:10.065+0000] {warnings.py:109} WARNING - /home/***/.local/lib/python3.8/site-packages/urllib3/connectionpool.py:1061: InsecureRequestWarning: Unverified HTTPS request is being made to host 'dbelk3.afaqy.local'. Adding certificate verification is strongly advised. See: https://urllib3.readthedocs.io/en/1.26.x/advanced-usage.html#ssl-warnings
  warnings.warn(

[2024-05-12T14:21:11.656+0000] {_transport.py:335} INFO - PUT https://dbelk3.afaqy.local:9200/units_statistics_***/_bulk [status:200 duration:1.635s]
[2024-05-12T14:21:12.215+0000] {python.py:202} INFO - Done. Returned value was: None
[2024-05-12T14:21:12.229+0000] {taskinstance.py:1149} INFO - Marking task as SUCCESS. dag_id=Units_statistics_DAG, task_id=ETL_job, map_index=4, execution_date=20240512T140000, start_date=20240512T142025, end_date=20240512T142112
[2024-05-12T14:21:12.343+0000] {local_task_job_runner.py:234} INFO - Task exited with return code 0
[2024-05-12T14:21:12.386+0000] {taskinstance.py:3312} INFO - 0 downstream tasks scheduled from follow-on schedule check
