[2024-05-12T12:00:23.529+0000] {taskinstance.py:1979} INFO - Dependencies all met for dep_context=non-requeueable deps ti=<TaskInstance: Units_statistics_DAG.ETL_job scheduled__2024-05-12T11:40:00+00:00 map_index=5 [queued]>
[2024-05-12T12:00:23.675+0000] {taskinstance.py:1979} INFO - Dependencies all met for dep_context=requeueable deps ti=<TaskInstance: Units_statistics_DAG.ETL_job scheduled__2024-05-12T11:40:00+00:00 map_index=5 [queued]>
[2024-05-12T12:00:23.676+0000] {taskinstance.py:2193} INFO - Starting attempt 1 of 4
[2024-05-12T12:00:23.835+0000] {taskinstance.py:2217} INFO - Executing <Mapped(_PythonDecoratedOperator): ETL_job> on 2024-05-12 11:40:00+00:00
[2024-05-12T12:00:23.895+0000] {standard_task_runner.py:60} INFO - Started process 2488 to run task
[2024-05-12T12:00:23.967+0000] {standard_task_runner.py:87} INFO - Running: ['***', 'tasks', 'run', 'Units_statistics_DAG', 'ETL_job', 'scheduled__2024-05-12T11:40:00+00:00', '--job-id', '54019', '--raw', '--subdir', 'DAGS_FOLDER/Units_dag.py', '--cfg-path', '/tmp/tmpaeg12wip', '--map-index', '5']
[2024-05-12T12:00:23.969+0000] {standard_task_runner.py:88} INFO - Job 54019: Subtask ETL_job
[2024-05-12T12:00:24.447+0000] {task_command.py:423} INFO - Running <TaskInstance: Units_statistics_DAG.ETL_job scheduled__2024-05-12T11:40:00+00:00 map_index=5 [running]> on host 3abf70bf7e68
[2024-05-12T12:00:25.007+0000] {taskinstance.py:2513} INFO - Exporting env vars: AIRFLOW_CTX_DAG_OWNER='abeer-araby' AIRFLOW_CTX_DAG_ID='Units_statistics_DAG' AIRFLOW_CTX_TASK_ID='ETL_job' AIRFLOW_CTX_EXECUTION_DATE='2024-05-12T11:40:00+00:00' AIRFLOW_CTX_TRY_NUMBER='1' AIRFLOW_CTX_DAG_RUN_ID='scheduled__2024-05-12T11:40:00+00:00'
[2024-05-12T12:00:25.009+0000] {Units_dag.py:98} INFO - i: 50000, chunk: 10000
[2024-05-12T12:00:25.009+0000] {Units_dag.py:99} INFO - child token is::: eyJ0eXAiOiJKV1QiLCJhbGciOiJIUzI1NiJ9.eyJpc3MiOiJodHRwczovL2FwaS5hZmFxeS5zYS9hdXRoL2xvZ2luX2FzIiwiaWF0IjoxNzE1NTE1MjA0LCJleHAiOjE3MTgxMDcyMDQsIm5iZiI6MTcxNTUxNTIwNCwianRpIjoiVTY5UnJxTWl5V1RCR1dCdCIsInN1YiI6IjVkNjNlNTFlMDNlZDUyOTJhNDJjMjRlNiIsInBydiI6IjI3MGVjZmM3ZWEzZWQ5MzdlYTg0OTM2MmEzYTUwOTEwYzZkOGNlNGYiLCJsb2dpbl9hc19pZCI6IjY1N2YwYWQ3M2Y5NzcyOTVjZjA1NTc2YSJ9.aLTzEsJUL2n_NH10dqhaYQToGE-265HK_HJvEtYtK3o
[2024-05-12T12:00:59.037+0000] {Units_dag.py:103} INFO - {'_id': '62b080465e94ae888969af37', 'imei': '354018112166073', 'updated_at': '2024-04-18 11:18:59', 'custom_fields': [], 'creator': '', 'company': '', 'owner': '', 'last_update': {'dtt': 1655814825000, 'dts': 1655814829284, 'spd': 0, 'ang': 209, 'alt': 42, 'chPrams': {'protocol': {'v': 'teltonika_FMB640', 'cdt': 1654086175000}, 'output1': {'v': False, 'cdt': 1655562773000}, 'ePwrV': {'v': 28.367, 'cdt': 1655814825000}, 'sat': {'v': 13, 'cdt': 1655814825000}, 'ai1': {'v': 131, 'cdt': 1653885133000}, 'iPwrV': {'v': 3.993, 'cdt': 1655814825000}, 'priority': {'v': 0, 'cdt': 1655648987000}, 'event': {'v': 0, 'cdt': 1655648987000}, 'di1': {'v': 1, 'cdt': 1655656222000}}, 'prms': {'protocol': 'teltonika_FMB640', 'priority': 0, 'sat': 13, 'event': 0, 'di1': 1, 'output1': 0, 'ePwrV': 28.367, 'iPwrV': 3.993, 'ai1': 131}, 'devPrms': ['protocol', 'priority', 'sat', 'event', 'di1', 'output1', 'ePwrV', 'iPwrV', 'ai1'], 'old_params': {'protocol': 'teltonika_FMB640', 'priority': 0, 'sat': 14, 'event': 0, 'di1': 1, 'output1': 0, 'ePwrV': 28.465, 'iPwrV': 3.996, 'ai1': 131}, 'vLoc': 1, 'vCon': 1, 'ip': '109.82.115.218', 'rl': 0, 'trl': 82267.7455, 'mdu': 0, 'tmdu': 5926362, 'eidl': 0, 'teidl': 17591459, 'fc': 0, 'tfc': 0, 'acc': 0, 'accOn': 24441898, 'accOff': 1773609, 'sdu': 3, 'tsdu': 57, 'lat': 21.7211283, 'lng': 39.2127149}, 'counters': {'engine_hours': 24441898, 'last_acc': 0, 'odometer': 82663.7479}, 'is_wasl_connected': 'Not Connected', 'iconUrl': '', 'hasCCTV': False}
[2024-05-12T12:01:00.319+0000] {warnings.py:109} WARNING - /home/***/.local/lib/python3.8/site-packages/elasticsearch/_sync/client/__init__.py:399: SecurityWarning: Connecting to 'https://dbelk3.afaqy.local:9200' using TLS with verify_certs=False is insecure
  _transport = transport_class(

[2024-05-12T12:01:00.369+0000] {warnings.py:109} WARNING - /home/***/.local/lib/python3.8/site-packages/elasticsearch/_sync/client/__init__.py:399: SecurityWarning: Connecting to 'https://dbelk1.afaqy.local:9200' using TLS with verify_certs=False is insecure
  _transport = transport_class(

[2024-05-12T12:01:00.471+0000] {warnings.py:109} WARNING - /home/***/.local/lib/python3.8/site-packages/elasticsearch/_sync/client/__init__.py:399: SecurityWarning: Connecting to 'https://dbelk2.afaqy.local:9200' using TLS with verify_certs=False is insecure
  _transport = transport_class(

[2024-05-12T12:01:00.513+0000] {warnings.py:109} WARNING - /home/***/.local/lib/python3.8/site-packages/urllib3/connectionpool.py:1061: InsecureRequestWarning: Unverified HTTPS request is being made to host 'dbelk3.afaqy.local'. Adding certificate verification is strongly advised. See: https://urllib3.readthedocs.io/en/1.26.x/advanced-usage.html#ssl-warnings
  warnings.warn(

[2024-05-12T12:01:00.600+0000] {_transport.py:335} INFO - GET https://dbelk3.afaqy.local:9200/_cluster/health [status:200 duration:0.112s]
[2024-05-12T12:01:01.503+0000] {warnings.py:109} WARNING - /home/***/.local/lib/python3.8/site-packages/urllib3/connectionpool.py:1061: InsecureRequestWarning: Unverified HTTPS request is being made to host 'dbelk1.afaqy.local'. Adding certificate verification is strongly advised. See: https://urllib3.readthedocs.io/en/1.26.x/advanced-usage.html#ssl-warnings
  warnings.warn(

[2024-05-12T12:01:03.480+0000] {_transport.py:335} INFO - PUT https://dbelk1.afaqy.local:9200/units_statistics_***/_bulk [status:200 duration:2.011s]
[2024-05-12T12:01:03.861+0000] {python.py:202} INFO - Done. Returned value was: None
[2024-05-12T12:01:03.887+0000] {taskinstance.py:1149} INFO - Marking task as SUCCESS. dag_id=Units_statistics_DAG, task_id=ETL_job, map_index=5, execution_date=20240512T114000, start_date=20240512T120023, end_date=20240512T120103
[2024-05-12T12:01:03.961+0000] {local_task_job_runner.py:234} INFO - Task exited with return code 0
[2024-05-12T12:01:03.998+0000] {taskinstance.py:3312} INFO - 0 downstream tasks scheduled from follow-on schedule check
