[2024-04-17T09:00:14.253+0000] {taskinstance.py:1979} INFO - Dependencies all met for dep_context=non-requeueable deps ti=<TaskInstance: Units_statistics_DAG.ETL_job scheduled__2024-04-17T08:00:00+00:00 map_index=7 [queued]>
[2024-04-17T09:00:14.285+0000] {taskinstance.py:1979} INFO - Dependencies all met for dep_context=requeueable deps ti=<TaskInstance: Units_statistics_DAG.ETL_job scheduled__2024-04-17T08:00:00+00:00 map_index=7 [queued]>
[2024-04-17T09:00:14.286+0000] {taskinstance.py:2193} INFO - Starting attempt 1 of 4
[2024-04-17T09:00:14.365+0000] {taskinstance.py:2217} INFO - Executing <Mapped(_PythonDecoratedOperator): ETL_job> on 2024-04-17 08:00:00+00:00
[2024-04-17T09:00:14.387+0000] {standard_task_runner.py:60} INFO - Started process 350734 to run task
[2024-04-17T09:00:14.428+0000] {standard_task_runner.py:87} INFO - Running: ['***', 'tasks', 'run', 'Units_statistics_DAG', 'ETL_job', 'scheduled__2024-04-17T08:00:00+00:00', '--job-id', '4571', '--raw', '--subdir', 'DAGS_FOLDER/Units_dag.py', '--cfg-path', '/tmp/tmp6kt_r1_p', '--map-index', '7']
[2024-04-17T09:00:14.431+0000] {standard_task_runner.py:88} INFO - Job 4571: Subtask ETL_job
[2024-04-17T09:00:14.700+0000] {task_command.py:423} INFO - Running <TaskInstance: Units_statistics_DAG.ETL_job scheduled__2024-04-17T08:00:00+00:00 map_index=7 [running]> on host a09da322e808
[2024-04-17T09:00:15.295+0000] {taskinstance.py:2513} INFO - Exporting env vars: AIRFLOW_CTX_DAG_OWNER='abeer-araby' AIRFLOW_CTX_DAG_ID='Units_statistics_DAG' AIRFLOW_CTX_TASK_ID='ETL_job' AIRFLOW_CTX_EXECUTION_DATE='2024-04-17T08:00:00+00:00' AIRFLOW_CTX_TRY_NUMBER='1' AIRFLOW_CTX_DAG_RUN_ID='scheduled__2024-04-17T08:00:00+00:00'
[2024-04-17T09:00:15.300+0000] {Units_dag.py:90} INFO - i: 70000, chunk: 10000
[2024-04-17T09:00:15.301+0000] {Units_dag.py:91} INFO - child token is::: eyJ0eXAiOiJKV1QiLCJhbGciOiJIUzI1NiJ9.eyJpc3MiOiJodHRwczovL2FwaS5hZmFxeS5zYS9hdXRoL2xvZ2luX2FzIiwiaWF0IjoxNzEzMzQ0NDAzLCJleHAiOjE3MTU5MzY0MDMsIm5iZiI6MTcxMzM0NDQwMywianRpIjoiS3l4TGV6OGRHTFZBQXFoNSIsInN1YiI6IjVkNjNlNTFlMDNlZDUyOTJhNDJjMjRlNiIsInBydiI6IjI3MGVjZmM3ZWEzZWQ5MzdlYTg0OTM2MmEzYTUwOTEwYzZkOGNlNGYiLCJsb2dpbl9hc19pZCI6IjY1N2YwYWQ3M2Y5NzcyOTVjZjA1NTc2YSJ9.tC36G7XpOqU0dgl9gd8-XeF81XvG3DgesUYmUA6BzLQ
[2024-04-17T09:00:45.804+0000] {Units_dag.py:95} INFO - {'_id': '639b24504b1ced568c6c2ccb', 'icon': 'icons/icon.png', 'driver_id': '', 'tailer_id': '', 'profile': {'vehicle_type': '', 'measurement_type': 'count', 'max_capacity': 0, 'vin': '', 'plate_number': '', 'start_operation': '', 'contract_milage': '', 'opening_milage': '', 'model': '', 'fuel_type': '91', 'year': 0, 'seats': 2}, 'device_password': '***', 'device_type': 'gps', 'gateway': False, 'name': '9693-RZA', 'operation_code': '', 'device_gateway': '', 'business_types': {'waste': False, 'transportation': True, 'water': False}, 'imei': '357073293959512', 'sim_number': '+966830028522410', 'sim_serial': '996609821110927477', 'device_serial': '1119711842', 'device': 'teltonika', 'user_id': '6367dda9205f811652187bf4', 'created_by': '5e6655bf03ed52e1ab79d301', 'updated_at': '2023-09-14 04:02:20', 'created_at': '2022-12-15 16:42:40', 'creator': 'amr.ahmed', 'company': '', 'owner': 'massa-environment-admin', 'last_update': {'dtt': 1694664137000, 'dts': 1694664140402, 'spd': 0, 'ang': 243, 'alt': -4, 'chPrams': {'Speed': {'v': 0, 'cdt': 1694664137000}, 'output1': {'v': False, 'cdt': 1694258159000}, 'output2': {'v': False, 'cdt': 1694258159000}, 'ePwrV': {'v': 0, 'cdt': 1694664064000}, 'parm24': {'v': 0, 'cdt': 1694664137000}, 'sat': {'v': 15, 'cdt': 1694664076000}, 'ai1': {'v': 130, 'cdt': 1694658074000}, 'priority': {'v': 0, 'cdt': 1693103798000}, 'type': {'v': 6, 'cdt': 1692254291000}, 'di2': {'v': 0, 'cdt': 1693908356000}, 'di1': {'v': 0, 'cdt': 1694638902000}, 'result': {'v': '5665723a30332e32372e30375f3030204750533a41584e5f352e312e392048773a464d42313230204d6f643a333320494d45493a33353730373332393339353935313220496e69743a323032332d392d31332031313a3420557074696d653a333033204d41433a303031453432373841333037205350433a312830292041584c3a32204f42443a3020424c3a312e31302042543a34', 'cdt': 1694603374000}, 'protocol': {'v': 'FMB120', 'cdt': 1694603675000}, 'parm6': {'v': 130, 'cdt': 1693908356000}, 'iPwrV': {'v': 3.275, 'cdt': 1694664137000}, 'event': {'v': 0, 'cdt': 1693103172000}}, 'prms': {'protocol': 'FMB120', 'priority': 0, 'sat': 15, 'event': 0, 'di1': 0, 'output1': 0, 'di2': 0, 'output2': 0, 'ePwrV': 0, 'Speed': 0, 'parm24': 0, 'iPwrV': 3.275, 'ai1': 130, 'parm6': 130}, 'devPrms': ['protocol', 'priority', 'sat', 'event', 'di1', 'output1', 'di2', 'output2', 'ePwrV', 'Speed', 'parm24', 'iPwrV', 'ai1', 'parm6'], 'old_params': {'protocol': 'FMB120', 'priority': 0, 'sat': 15, 'event': 0, 'di1': 0, 'output1': 0, 'di2': 0, 'output2': 0, 'ePwrV': 0, 'Speed': 9, 'parm24': 9, 'iPwrV': 3.291, 'ai1': 130, 'parm6': 130}, 'vLoc': 1, 'vCon': 1, 'ip': '37.216.25.131', 'rl': 0, 'trl': 3068.0507, 'mdu': 0, 'tmdu': 376320, 'eidl': 0, 'teidl': 644406, 'fc': 0, 'tfc': 28.981056, 'acc': 0, 'accOn': -619596634, 'accOff': 663452589, 'sdu': 0, 'tsdu': 0, 'lat': 26.4724516, 'lng': 50.0403516}, 'counters': {'odometer_type': 'gps', 'odometer': 450581.4261, 'engine_hours_type': 'acc', 'engine_hours': -619596634, 'last_acc': 0}, 'is_wasl_connected': 'Connected', 'iconUrl': 'https://api.afaqy.sa/images/units/icons/icon.png', 'hasCCTV': False}
[2024-04-17T09:00:47.076+0000] {warnings.py:109} WARNING - /home/***/.local/lib/python3.8/site-packages/elasticsearch/_sync/client/__init__.py:399: SecurityWarning: Connecting to 'https://dbelk1.afaqy.local:9200' using TLS with verify_certs=False is insecure
  _transport = transport_class(

[2024-04-17T09:00:47.198+0000] {warnings.py:109} WARNING - /home/***/.local/lib/python3.8/site-packages/elasticsearch/_sync/client/__init__.py:399: SecurityWarning: Connecting to 'https://dbelk2.afaqy.local:9200' using TLS with verify_certs=False is insecure
  _transport = transport_class(

[2024-04-17T09:00:47.285+0000] {warnings.py:109} WARNING - /home/***/.local/lib/python3.8/site-packages/elasticsearch/_sync/client/__init__.py:399: SecurityWarning: Connecting to 'https://dbelk3.afaqy.local:9200' using TLS with verify_certs=False is insecure
  _transport = transport_class(

[2024-04-17T09:00:47.306+0000] {warnings.py:109} WARNING - /home/***/.local/lib/python3.8/site-packages/urllib3/connectionpool.py:1061: InsecureRequestWarning: Unverified HTTPS request is being made to host 'dbelk1.afaqy.local'. Adding certificate verification is strongly advised. See: https://urllib3.readthedocs.io/en/1.26.x/advanced-usage.html#ssl-warnings
  warnings.warn(

[2024-04-17T09:00:47.352+0000] {_transport.py:335} INFO - GET https://dbelk1.afaqy.local:9200/_cluster/health [status:200 duration:0.066s]
[2024-04-17T09:00:47.756+0000] {warnings.py:109} WARNING - /home/***/.local/lib/python3.8/site-packages/urllib3/connectionpool.py:1061: InsecureRequestWarning: Unverified HTTPS request is being made to host 'dbelk2.afaqy.local'. Adding certificate verification is strongly advised. See: https://urllib3.readthedocs.io/en/1.26.x/advanced-usage.html#ssl-warnings
  warnings.warn(

[2024-04-17T09:00:50.862+0000] {_transport.py:335} INFO - PUT https://dbelk2.afaqy.local:9200/units_statistics_***/_bulk [status:200 duration:3.143s]
[2024-04-17T09:00:51.045+0000] {python.py:202} INFO - Done. Returned value was: None
[2024-04-17T09:00:51.059+0000] {taskinstance.py:1149} INFO - Marking task as SUCCESS. dag_id=Units_statistics_DAG, task_id=ETL_job, map_index=7, execution_date=20240417T080000, start_date=20240417T090014, end_date=20240417T090051
[2024-04-17T09:00:51.098+0000] {local_task_job_runner.py:234} INFO - Task exited with return code 0
[2024-04-17T09:00:51.120+0000] {taskinstance.py:3312} INFO - 0 downstream tasks scheduled from follow-on schedule check
