[2024-05-07T12:42:35.734+0000] {taskinstance.py:1979} INFO - Dependencies all met for dep_context=non-requeueable deps ti=<TaskInstance: Units_statistics_DAG.ETL_job scheduled__2024-05-07T12:20:00+00:00 map_index=14 [queued]>
[2024-05-07T12:42:35.767+0000] {taskinstance.py:1979} INFO - Dependencies all met for dep_context=requeueable deps ti=<TaskInstance: Units_statistics_DAG.ETL_job scheduled__2024-05-07T12:20:00+00:00 map_index=14 [queued]>
[2024-05-07T12:42:35.767+0000] {taskinstance.py:2193} INFO - Starting attempt 2 of 4
[2024-05-07T12:42:35.806+0000] {taskinstance.py:2217} INFO - Executing <Mapped(_PythonDecoratedOperator): ETL_job> on 2024-05-07 12:20:00+00:00
[2024-05-07T12:42:35.818+0000] {standard_task_runner.py:60} INFO - Started process 834248 to run task
[2024-05-07T12:42:35.836+0000] {standard_task_runner.py:87} INFO - Running: ['***', 'tasks', 'run', 'Units_statistics_DAG', 'ETL_job', 'scheduled__2024-05-07T12:20:00+00:00', '--job-id', '38489', '--raw', '--subdir', 'DAGS_FOLDER/Units_dag.py', '--cfg-path', '/tmp/tmpiw7v7e9e', '--map-index', '14']
[2024-05-07T12:42:35.838+0000] {standard_task_runner.py:88} INFO - Job 38489: Subtask ETL_job
[2024-05-07T12:42:35.986+0000] {task_command.py:423} INFO - Running <TaskInstance: Units_statistics_DAG.ETL_job scheduled__2024-05-07T12:20:00+00:00 map_index=14 [running]> on host a09da322e808
[2024-05-07T12:42:36.194+0000] {taskinstance.py:2513} INFO - Exporting env vars: AIRFLOW_CTX_DAG_OWNER='abeer-araby' AIRFLOW_CTX_DAG_ID='Units_statistics_DAG' AIRFLOW_CTX_TASK_ID='ETL_job' AIRFLOW_CTX_EXECUTION_DATE='2024-05-07T12:20:00+00:00' AIRFLOW_CTX_TRY_NUMBER='2' AIRFLOW_CTX_DAG_RUN_ID='scheduled__2024-05-07T12:20:00+00:00'
[2024-05-07T12:42:36.195+0000] {Units_dag.py:98} INFO - i: 140000, chunk: 10000
[2024-05-07T12:42:36.195+0000] {Units_dag.py:99} INFO - child token is::: eyJ0eXAiOiJKV1QiLCJhbGciOiJIUzI1NiJ9.eyJpc3MiOiJodHRwczovL2FwaS5hZmFxeS5zYS9hdXRoL2xvZ2luX2FzIiwiaWF0IjoxNzE1MDg1NjAyLCJleHAiOjE3MTc2Nzc2MDIsIm5iZiI6MTcxNTA4NTYwMiwianRpIjoiTG5PSnZ2eWxVRzhEdjFsUSIsInN1YiI6IjVkNjNlNTFlMDNlZDUyOTJhNDJjMjRlNiIsInBydiI6IjI3MGVjZmM3ZWEzZWQ5MzdlYTg0OTM2MmEzYTUwOTEwYzZkOGNlNGYiLCJsb2dpbl9hc19pZCI6IjY1N2YwYWQ3M2Y5NzcyOTVjZjA1NTc2YSJ9.8jkf6V2Ect8pkbvZrJPY-a09s6SpFqiPJdGwapAkH7E
[2024-05-07T12:42:53.306+0000] {Units_dag.py:103} INFO - {'_id': '6550b82ad0c879194602770f', 'icon': 'icons/icon.png', 'driver_id': '', 'tailer_id': '', 'profile': {'vehicle_type': '', 'measurement_type': 'count', 'max_capacity': 0, 'vin': '', 'plate_number': '', 'start_operation': '', 'contract_milage': '', 'opening_milage': '', 'model': '', 'fuel_type': '91', 'year': 0, 'seats': 2}, 'shipment_info': {'product_category': None, 'truck_type': None, 'shipment_type': None, 'shipment_payment_type': None, 'transporter_type': None, 'operating_area': None, 'weight_kilograms_per_day': None, 'kms_per_day': None, 'shipment_trip_drive_hrs_day': None, 'allowable_delay_drive_hrs_day': None, 'expected_shipment_trip_day': None, 'car_pay_per_day': None, 'exceeding_temperature_limit_per_day': None, 'temperature_upper_limit': None, 'exceeding_humidity_limit_per_day': None, 'humidity_upper_limit': None}, 'device_password': '***', 'device_type': 'gps', 'gateway': False, 'business_types': {'waste': False, 'transportation': True, 'water': False}, 'name': '3749 E Z J  Relay', 'operation_code': '', 'device_gateway': '', 'skip_sim_information': False, 'imei': '350612075225217', 'sim_number': '+966830032355565', 'sim_serial': '8996609821111930932', 'device_serial': '1131495769', 'device': 'teltonika', 'user_id': '62693bbb07a96a0b2714bff8', 'created_by': '5e6655bf03ed52e1ab79d301', 'updated_at': '2024-04-18 11:18:59', 'created_at': '2023-11-12 14:34:02', 'custom_fields': [], 'creator': 'amr.ahmed', 'company': '', 'owner': 'hawadij-rental-admin', 'last_update': {'dtt': 1715085491000, 'dts': 1715085493730, 'spd': 0, 'ang': 48, 'alt': 17, 'chPrams': {'Speed': {'v': 0, 'cdt': 1715085190000}, 'output1': {'v': False, 'cdt': 1714921067000}, 'output2': {'v': False, 'cdt': 1714921067000}, 'ePwrV': {'v': 12.969, 'cdt': 1715085491000}, 'parm24': {'v': 0, 'cdt': 1715085190000}, 'sat': {'v': 14, 'cdt': 1715085190000}, 'ai1': {'v': 216, 'cdt': 1712829599000}, 'priority': {'v': 0, 'cdt': 1712829299000}, 'di2': {'v': 0, 'cdt': 1712829599000}, 'type': {'v': 6, 'cdt': 1712957325000}, 'di1': {'v': 0, 'cdt': 1715085491000}, 'result': {'v': '5665723a30332e32372e31345f3030204750533a41584e5f352e312e392048773a464d42313230204d6f643a333320494d45493a33353036313230373532323532313720496e69743a323032342d312d31382032323a313320557074696d653a39323930373834204d41433a333838413231333242373839205350433a312830292041584c3a32204f42443a3020424c3a312e31302042543a34', 'cdt': 1714921064000}, 'protocol': {'v': 'FMB120', 'cdt': 1714921067000}, 'parm6': {'v': 216, 'cdt': 1712829599000}, 'iPwrV': {'v': 4.019, 'cdt': 1715085190000}, 'event': {'v': 0, 'cdt': 1712829299000}}, 'prms': {'protocol': 'FMB120', 'priority': 0, 'sat': 14, 'event': 0, 'di1': 0, 'output1': 0, 'di2': 0, 'output2': 0, 'ePwrV': 12.969, 'Speed': 0, 'parm24': 0, 'iPwrV': 4.019, 'ai1': 216, 'parm6': 216}, 'devPrms': ['protocol', 'priority', 'sat', 'event', 'di1', 'output1', 'di2', 'output2', 'ePwrV', 'Speed', 'parm24', 'iPwrV', 'ai1', 'parm6'], 'old_params': {'Speed': 0, 'output1': 0, 'output2': 0, 'ePwrV': 13.649000000000001, 'parm24': 0, 'sat': 14, 'ai1': 216, 'priority': 0, 'di2': 0, 'di1': 1, 'protocol': 'teltonika', 'parm6': 216, 'iPwrV': 4.019, 'event': 0}, 'vLoc': 1, 'vCon': 1, 'ip': '109.83.139.84', 'rl': 0, 'trl': 30566.276, 'mdu': 0, 'tmdu': 3196335, 'eidl': 301, 'teidl': 1738069, 'fc': 0, 'tfc': 376.8264, 'acc': 0, 'accOn': 631917264, 'accOff': 10252958, 'sdu': 0, 'tsdu': 0, 'lat': 26.5699383, 'lng': 50.06454}, 'counters': {'engine_hours': 631917264, 'last_acc': 0, 'odometer': 365487.1025, 'engine_hours_type': 'acc', 'odometer_type': 'gps'}, 'is_wasl_connected': 'Not Connected', 'iconUrl': 'https://api.afaqy.sa/images/units/icons/icon.png', 'hasCCTV': False}
[2024-05-07T12:42:53.938+0000] {warnings.py:109} WARNING - /home/***/.local/lib/python3.8/site-packages/elasticsearch/_sync/client/__init__.py:399: SecurityWarning: Connecting to 'https://dbelk2.afaqy.local:9200' using TLS with verify_certs=False is insecure
  _transport = transport_class(

[2024-05-07T12:42:54.005+0000] {warnings.py:109} WARNING - /home/***/.local/lib/python3.8/site-packages/elasticsearch/_sync/client/__init__.py:399: SecurityWarning: Connecting to 'https://dbelk1.afaqy.local:9200' using TLS with verify_certs=False is insecure
  _transport = transport_class(

[2024-05-07T12:42:54.059+0000] {warnings.py:109} WARNING - /home/***/.local/lib/python3.8/site-packages/elasticsearch/_sync/client/__init__.py:399: SecurityWarning: Connecting to 'https://dbelk3.afaqy.local:9200' using TLS with verify_certs=False is insecure
  _transport = transport_class(

[2024-05-07T12:42:54.082+0000] {warnings.py:109} WARNING - /home/***/.local/lib/python3.8/site-packages/urllib3/connectionpool.py:1061: InsecureRequestWarning: Unverified HTTPS request is being made to host 'dbelk2.afaqy.local'. Adding certificate verification is strongly advised. See: https://urllib3.readthedocs.io/en/1.26.x/advanced-usage.html#ssl-warnings
  warnings.warn(

[2024-05-07T12:42:54.173+0000] {_transport.py:335} INFO - GET https://dbelk2.afaqy.local:9200/_cluster/health [status:200 duration:0.112s]
[2024-05-07T12:42:54.529+0000] {warnings.py:109} WARNING - /home/***/.local/lib/python3.8/site-packages/urllib3/connectionpool.py:1061: InsecureRequestWarning: Unverified HTTPS request is being made to host 'dbelk1.afaqy.local'. Adding certificate verification is strongly advised. See: https://urllib3.readthedocs.io/en/1.26.x/advanced-usage.html#ssl-warnings
  warnings.warn(

[2024-05-07T12:42:54.694+0000] {_transport.py:335} INFO - PUT https://dbelk1.afaqy.local:9200/units_statistics_***/_bulk [status:200 duration:0.188s]
[2024-05-07T12:42:54.942+0000] {taskinstance.py:2731} ERROR - Task failed with exception
Traceback (most recent call last):
  File "/home/airflow/.local/lib/python3.8/site-packages/airflow/models/taskinstance.py", line 444, in _execute_task
    result = _execute_callable(context=context, **execute_callable_kwargs)
  File "/home/airflow/.local/lib/python3.8/site-packages/airflow/models/taskinstance.py", line 414, in _execute_callable
    return execute_callable(context=context, **execute_callable_kwargs)
  File "/home/airflow/.local/lib/python3.8/site-packages/airflow/decorators/base.py", line 241, in execute
    return_value = super().execute(context)
  File "/home/airflow/.local/lib/python3.8/site-packages/airflow/operators/python.py", line 200, in execute
    return_value = self.execute_callable()
  File "/home/airflow/.local/lib/python3.8/site-packages/airflow/operators/python.py", line 217, in execute_callable
    return self.python_callable(*self.op_args, **self.op_kwargs)
  File "/opt/airflow/dags/Units_dag.py", line 111, in ETL_job
    Elk_client.elk_pushData(Globals.index_name,units_list_update)
  File "/opt/airflow/dags/units_statistics/elk_manager.py", line 69, in elk_pushData
    helpers.bulk(self.elk_client, docs_list, index=index_name, chunk_size=batch)
  File "/home/airflow/.local/lib/python3.8/site-packages/elasticsearch/helpers/actions.py", line 521, in bulk
    for ok, item in streaming_bulk(
  File "/home/airflow/.local/lib/python3.8/site-packages/elasticsearch/helpers/actions.py", line 436, in streaming_bulk
    for data, (ok, info) in zip(
  File "/home/airflow/.local/lib/python3.8/site-packages/elasticsearch/helpers/actions.py", line 355, in _process_bulk_chunk
    yield from gen
  File "/home/airflow/.local/lib/python3.8/site-packages/elasticsearch/helpers/actions.py", line 274, in _process_bulk_chunk_success
    raise BulkIndexError(f"{len(errors)} document(s) failed to index.", errors)
elasticsearch.helpers.BulkIndexError: 10000 document(s) failed to index.
[2024-05-07T12:42:54.954+0000] {taskinstance.py:1149} INFO - Marking task as UP_FOR_RETRY. dag_id=Units_statistics_DAG, task_id=ETL_job, map_index=14, execution_date=20240507T122000, start_date=20240507T124235, end_date=20240507T124254
[2024-05-07T12:42:54.971+0000] {standard_task_runner.py:107} ERROR - Failed to execute job 38489 for task ETL_job (10000 document(s) failed to index.; 834248)
[2024-05-07T12:42:55.041+0000] {local_task_job_runner.py:234} INFO - Task exited with return code 1
[2024-05-07T12:42:55.072+0000] {taskinstance.py:3312} INFO - 0 downstream tasks scheduled from follow-on schedule check
