[2024-05-01T14:20:18.460+0000] {taskinstance.py:1979} INFO - Dependencies all met for dep_context=non-requeueable deps ti=<TaskInstance: Units_statistics_DAG.ETL_job scheduled__2024-05-01T14:00:00+00:00 map_index=12 [queued]>
[2024-05-01T14:20:18.537+0000] {taskinstance.py:1979} INFO - Dependencies all met for dep_context=requeueable deps ti=<TaskInstance: Units_statistics_DAG.ETL_job scheduled__2024-05-01T14:00:00+00:00 map_index=12 [queued]>
[2024-05-01T14:20:18.538+0000] {taskinstance.py:2193} INFO - Starting attempt 1 of 4
[2024-05-01T14:20:18.689+0000] {taskinstance.py:2217} INFO - Executing <Mapped(_PythonDecoratedOperator): ETL_job> on 2024-05-01 14:00:00+00:00
[2024-05-01T14:20:18.733+0000] {standard_task_runner.py:60} INFO - Started process 688068 to run task
[2024-05-01T14:20:18.794+0000] {standard_task_runner.py:87} INFO - Running: ['***', 'tasks', 'run', 'Units_statistics_DAG', 'ETL_job', 'scheduled__2024-05-01T14:00:00+00:00', '--job-id', '26499', '--raw', '--subdir', 'DAGS_FOLDER/Units_dag.py', '--cfg-path', '/tmp/tmp2ex0k5g3', '--map-index', '12']
[2024-05-01T14:20:18.817+0000] {standard_task_runner.py:88} INFO - Job 26499: Subtask ETL_job
[2024-05-01T14:20:19.257+0000] {task_command.py:423} INFO - Running <TaskInstance: Units_statistics_DAG.ETL_job scheduled__2024-05-01T14:00:00+00:00 map_index=12 [running]> on host a09da322e808
[2024-05-01T14:20:19.925+0000] {taskinstance.py:2513} INFO - Exporting env vars: AIRFLOW_CTX_DAG_OWNER='abeer-araby' AIRFLOW_CTX_DAG_ID='Units_statistics_DAG' AIRFLOW_CTX_TASK_ID='ETL_job' AIRFLOW_CTX_EXECUTION_DATE='2024-05-01T14:00:00+00:00' AIRFLOW_CTX_TRY_NUMBER='1' AIRFLOW_CTX_DAG_RUN_ID='scheduled__2024-05-01T14:00:00+00:00'
[2024-05-01T14:20:19.926+0000] {Units_dag.py:99} INFO - i: 120000, chunk: 10000
[2024-05-01T14:20:19.927+0000] {Units_dag.py:100} INFO - child token is::: eyJ0eXAiOiJKV1QiLCJhbGciOiJIUzI1NiJ9.eyJpc3MiOiJodHRwczovL2FwaS5hZmFxeS5zYS9hdXRoL2xvZ2luX2FzIiwiaWF0IjoxNzE0NTczMjA1LCJleHAiOjE3MTcxNjUyMDUsIm5iZiI6MTcxNDU3MzIwNSwianRpIjoibWp4U0djSVFramFxOTRGdyIsInN1YiI6IjVkNjNlNTFlMDNlZDUyOTJhNDJjMjRlNiIsInBydiI6IjI3MGVjZmM3ZWEzZWQ5MzdlYTg0OTM2MmEzYTUwOTEwYzZkOGNlNGYiLCJsb2dpbl9hc19pZCI6IjY1N2YwYWQ3M2Y5NzcyOTVjZjA1NTc2YSJ9.E8g27VqgbUB6PCfQLioimzkn6h7bIoxD6adYHbHK6mY
[2024-05-01T14:20:49.094+0000] {Units_dag.py:104} INFO - {'_id': '64c8eb12168d5c21023d4840', 'icon': 'icons/icon.png', 'driver_id': '', 'tailer_id': '', 'profile': {'measurement_type': 'count', 'fuel_type': '91', 'year': 0, 'seats': 2}, 'device_password': '***', 'device_type': 'gps', 'gateway': False, 'business_types': {'waste': False, 'transportation': True, 'water': False}, 'name': '865282040236281', 'operation_code': None, 'device_gateway': None, 'skip_sim_information': False, 'imei': '865282040236281', 'sim_number': '+966830031934896', 'sim_serial': '421296757250', 'device_serial': '865282040236281', 'device': 'jmll01', 'user_id': '646f1fea65737804947f378a', 'created_by': '5e6655bf03ed52e1ab79d301', 'updated_at': '2024-04-18 11:18:59', 'created_at': '2023-08-01 14:22:58', 'custom_fields': [], 'creator': 'amr.ahmed', 'company': '', 'owner': 'jadeer-logistics-services-admin', 'last_update': {'dtt': 1714510870000, 'dts': 1714510974087, 'spd': 0, 'ang': 344, 'alt': 9, 'chPrams': {'rssi': {'v': 1, 'cdt': 1714424470000}, 'protocol': {'v': 'jmll01', 'cdt': 1712610075000}, 'iccid': {'v': '89966042129675725066', 'cdt': 1712610075000}, 'charge': {'v': False, 'cdt': 1713301267000}, 'sat': {'v': 4, 'cdt': 1714510870000}, 'GPS_status': {'v': 0, 'cdt': 1713560455000}, 'armed': {'v': False, 'cdt': 1712610075000}, 'battery': {'v': 3.95, 'cdt': 1714510870000}, 'di1': {'v': False, 'cdt': 1712610075000}}, 'prms': {'protocol': 'jmll01', 'GPS_status': 0, 'sat': 4, 'iccid': '89966042129675725066', 'battery': 3.95, 'armed': 0, 'di1': 0, 'charge': 0, 'rssi': 1}, 'devPrms': ['protocol', 'GPS_status', 'sat', 'iccid', 'battery', 'armed', 'di1', 'charge', 'rssi'], 'old_params': {'protocol': 'jmll01', 'GPS_status': 0, 'sat': 4, 'iccid': '89966042129675725066', 'battery': 3.96}, 'vLoc': 1, 'vCon': 1, 'ip': '51.39.7.150', 'rl': 0, 'trl': 0, 'mdu': 0, 'tmdu': 0, 'eidl': 0, 'teidl': 0, 'fc': 0, 'tfc': 0, 'acc': 0, 'accOn': 0, 'accOff': 24884116, 'sdu': 0, 'tsdu': 2160023, 'lat': 21.3007, 'lng': 39.16173777777777}, 'counters': {'odometer_type': 'gps', 'odometer': 0, 'engine_hours_type': 'acc', 'engine_hours': 0, 'last_acc': 0}, 'is_wasl_connected': 'Not Connected', 'iconUrl': 'https://api.afaqy.sa/images/units/icons/icon.png', 'hasCCTV': False}
[2024-05-01T14:20:51.021+0000] {warnings.py:109} WARNING - /home/***/.local/lib/python3.8/site-packages/elasticsearch/_sync/client/__init__.py:399: SecurityWarning: Connecting to 'https://dbelk3.afaqy.local:9200' using TLS with verify_certs=False is insecure
  _transport = transport_class(

[2024-05-01T14:20:51.120+0000] {warnings.py:109} WARNING - /home/***/.local/lib/python3.8/site-packages/elasticsearch/_sync/client/__init__.py:399: SecurityWarning: Connecting to 'https://dbelk2.afaqy.local:9200' using TLS with verify_certs=False is insecure
  _transport = transport_class(

[2024-05-01T14:20:51.271+0000] {warnings.py:109} WARNING - /home/***/.local/lib/python3.8/site-packages/elasticsearch/_sync/client/__init__.py:399: SecurityWarning: Connecting to 'https://dbelk1.afaqy.local:9200' using TLS with verify_certs=False is insecure
  _transport = transport_class(

[2024-05-01T14:20:51.314+0000] {warnings.py:109} WARNING - /home/***/.local/lib/python3.8/site-packages/urllib3/connectionpool.py:1061: InsecureRequestWarning: Unverified HTTPS request is being made to host 'dbelk3.afaqy.local'. Adding certificate verification is strongly advised. See: https://urllib3.readthedocs.io/en/1.26.x/advanced-usage.html#ssl-warnings
  warnings.warn(

[2024-05-01T14:20:51.433+0000] {_transport.py:335} INFO - GET https://dbelk3.afaqy.local:9200/_cluster/health [status:200 duration:0.160s]
[2024-05-01T14:20:52.333+0000] {warnings.py:109} WARNING - /home/***/.local/lib/python3.8/site-packages/urllib3/connectionpool.py:1061: InsecureRequestWarning: Unverified HTTPS request is being made to host 'dbelk2.afaqy.local'. Adding certificate verification is strongly advised. See: https://urllib3.readthedocs.io/en/1.26.x/advanced-usage.html#ssl-warnings
  warnings.warn(

[2024-05-01T14:20:54.853+0000] {_transport.py:335} INFO - PUT https://dbelk2.afaqy.local:9200/units_statistics_***/_bulk [status:200 duration:2.538s]
[2024-05-01T14:20:55.036+0000] {python.py:202} INFO - Done. Returned value was: None
[2024-05-01T14:20:55.054+0000] {taskinstance.py:1149} INFO - Marking task as SUCCESS. dag_id=Units_statistics_DAG, task_id=ETL_job, map_index=12, execution_date=20240501T140000, start_date=20240501T142018, end_date=20240501T142055
[2024-05-01T14:20:55.119+0000] {local_task_job_runner.py:234} INFO - Task exited with return code 0
[2024-05-01T14:20:55.161+0000] {taskinstance.py:3312} INFO - 0 downstream tasks scheduled from follow-on schedule check
