[2024-05-09T12:20:21.995+0000] {taskinstance.py:1979} INFO - Dependencies all met for dep_context=non-requeueable deps ti=<TaskInstance: Units_statistics_DAG.ETL_job scheduled__2024-05-09T12:00:00+00:00 map_index=15 [queued]>
[2024-05-09T12:20:22.026+0000] {taskinstance.py:1979} INFO - Dependencies all met for dep_context=requeueable deps ti=<TaskInstance: Units_statistics_DAG.ETL_job scheduled__2024-05-09T12:00:00+00:00 map_index=15 [queued]>
[2024-05-09T12:20:22.029+0000] {taskinstance.py:2193} INFO - Starting attempt 1 of 4
[2024-05-09T12:20:22.061+0000] {taskinstance.py:2217} INFO - Executing <Mapped(_PythonDecoratedOperator): ETL_job> on 2024-05-09 12:00:00+00:00
[2024-05-09T12:20:22.082+0000] {standard_task_runner.py:60} INFO - Started process 886563 to run task
[2024-05-09T12:20:22.106+0000] {standard_task_runner.py:87} INFO - Running: ['***', 'tasks', 'run', 'Units_statistics_DAG', 'ETL_job', 'scheduled__2024-05-09T12:00:00+00:00', '--job-id', '44277', '--raw', '--subdir', 'DAGS_FOLDER/Units_dag.py', '--cfg-path', '/tmp/tmps0z5r6j9', '--map-index', '15']
[2024-05-09T12:20:22.117+0000] {standard_task_runner.py:88} INFO - Job 44277: Subtask ETL_job
[2024-05-09T12:20:22.559+0000] {task_command.py:423} INFO - Running <TaskInstance: Units_statistics_DAG.ETL_job scheduled__2024-05-09T12:00:00+00:00 map_index=15 [running]> on host a09da322e808
[2024-05-09T12:20:23.259+0000] {taskinstance.py:2513} INFO - Exporting env vars: AIRFLOW_CTX_DAG_OWNER='abeer-araby' AIRFLOW_CTX_DAG_ID='Units_statistics_DAG' AIRFLOW_CTX_TASK_ID='ETL_job' AIRFLOW_CTX_EXECUTION_DATE='2024-05-09T12:00:00+00:00' AIRFLOW_CTX_TRY_NUMBER='1' AIRFLOW_CTX_DAG_RUN_ID='scheduled__2024-05-09T12:00:00+00:00'
[2024-05-09T12:20:23.261+0000] {Units_dag.py:98} INFO - i: 150000, chunk: 10000
[2024-05-09T12:20:23.261+0000] {Units_dag.py:99} INFO - child token is::: eyJ0eXAiOiJKV1QiLCJhbGciOiJIUzI1NiJ9.eyJpc3MiOiJodHRwczovL2FwaS5hZmFxeS5zYS9hdXRoL2xvZ2luX2FzIiwiaWF0IjoxNzE1MjU3MjA2LCJleHAiOjE3MTc4NDkyMDYsIm5iZiI6MTcxNTI1NzIwNiwianRpIjoibWJ5cVkzY0tzaG1FMEtOYSIsInN1YiI6IjVkNjNlNTFlMDNlZDUyOTJhNDJjMjRlNiIsInBydiI6IjI3MGVjZmM3ZWEzZWQ5MzdlYTg0OTM2MmEzYTUwOTEwYzZkOGNlNGYiLCJsb2dpbl9hc19pZCI6IjY1N2YwYWQ3M2Y5NzcyOTVjZjA1NTc2YSJ9.6dOLQv-f6rIwqufVkl2YacLmsew7owesK_Bfy32S6Hs
[2024-05-09T12:20:50.918+0000] {Units_dag.py:103} INFO - {'_id': '659bf821ab69b13f2712ed3c', 'icon': 'icons/icon.png', 'driver_id': '', 'tailer_id': '', 'profile': {'measurement_type': 'count', 'fuel_type': '91', 'year': 0, 'seats': 2}, 'shipment_info': {'product_category': '', 'truck_type': '', 'shipment_type': '', 'shipment_payment_type': '', 'transporter_type': '', 'operating_area': '', 'weight_kilograms_per_day': '', 'kms_per_day': '', 'opening_milage': '', 'shipment_trip_drive_hrs_day': '', 'expected_shipment_trip_day': '', 'car_pay_per_day': '', 'exceeding_temperature_limit_per_day': '', 'temperature_upper_limit': '', 'exceeding_humidity_limit_per_day': '', 'humidity_upper_limit': '', 'allowable_delay_drive_hrs_day': ''}, 'device_password': '***', 'device_type': 'gps', 'gateway': False, 'business_types': {'waste': False, 'transportation': True, 'water': False}, 'name': '7851-KTR', 'operation_code': None, 'device_gateway': None, 'skip_sim_information': False, 'imei': '866069061005177', 'sim_number': '+966830020785753', 'sim_serial': '8996609821112134920', 'device_serial': '1135883322', 'device': 'teltonika', 'user_id': '61adecadb70c9664dd5bc901', 'created_by': '5e6655bf03ed52e1ab79d301', 'updated_at': '2024-04-18 11:18:59', 'created_at': '2024-01-08 16:26:57', 'custom_fields': [], 'creator': 'amr.ahmed', 'company': '', 'owner': 'shift-inc-co', 'last_update': {'dtt': 1715256957000, 'dts': 1715256960241, 'spd': 0, 'ang': 308, 'alt': 14, 'chPrams': {'Speed': {'v': 0, 'cdt': 1715181193000}, 'output1': {'v': False, 'cdt': 1715140020000}, 'ePwrV': {'v': 12.663, 'cdt': 1715256356000}, 'parm24': {'v': 0, 'cdt': 1715181193000}, 'sat': {'v': 14, 'cdt': 1715256957000}, 'ai1': {'v': 131, 'cdt': 1713952644000}, 'type': {'v': 6, 'cdt': 1712873506000}, 'priority': {'v': 0, 'cdt': 1713952644000}, 'di1': {'v': 0, 'cdt': 1715181193000}, 'result': {'v': '5665723a30332e32382e30325f313937204750533a41584e5f352e312e392048773a464d43393230204d6f643a3120494d45493a38363630363930363130303531373720496e69743a323032342d322d31352031343a353020557074696d653a37313535373836204d41433a333838413231393237393437205350433a312830292041584c3a31204f42443a3020424c3a312e31302042543a34', 'cdt': 1715177112000}, 'protocol': {'v': 'FMC920', 'cdt': 1715173497000}, 'iPwrV': {'v': 4.029, 'cdt': 1715256657000}, 'event': {'v': 0, 'cdt': 1713952644000}}, 'prms': {'protocol': 'FMC920', 'priority': 0, 'sat': 14, 'event': 0, 'di1': 0, 'output1': 0, 'ePwrV': 12.663, 'Speed': 0, 'parm24': 0, 'iPwrV': 4.029, 'ai1': 131}, 'devPrms': ['protocol', 'priority', 'sat', 'event', 'di1', 'output1', 'ePwrV', 'Speed', 'parm24', 'iPwrV', 'ai1'], 'old_params': {'protocol': 'FMC920', 'priority': 0, 'sat': 15, 'event': 0, 'di1': 0, 'output1': 0, 'ePwrV': 12.663, 'Speed': 0, 'parm24': 0, 'iPwrV': 4.029, 'ai1': 131}, 'vLoc': 1, 'vCon': 1, 'ip': '37.216.109.13', 'rl': 0, 'trl': 15223.0093, 'mdu': 0, 'tmdu': 673826, 'eidl': 0, 'teidl': 403408, 'fc': 0, 'tfc': 494.105244, 'acc': 0, 'accOn': 1320226, 'accOff': 10350592, 'sdu': 300, 'tsdu': 75764, 'lat': 27.3203016, 'lng': 35.75507}, 'counters': {'engine_hours': 1320226, 'last_acc': 0, 'odometer': 15222.968, 'engine_hours_type': 'acc', 'odometer_type': 'gps'}, 'is_wasl_connected': 'Not Connected', 'iconUrl': 'https://api.afaqy.sa/images/units/icons/icon.png', 'hasCCTV': False}
[2024-05-09T12:20:54.885+0000] {warnings.py:109} WARNING - /home/***/.local/lib/python3.8/site-packages/elasticsearch/_sync/client/__init__.py:399: SecurityWarning: Connecting to 'https://dbelk3.afaqy.local:9200' using TLS with verify_certs=False is insecure
  _transport = transport_class(

[2024-05-09T12:20:55.010+0000] {warnings.py:109} WARNING - /home/***/.local/lib/python3.8/site-packages/elasticsearch/_sync/client/__init__.py:399: SecurityWarning: Connecting to 'https://dbelk1.afaqy.local:9200' using TLS with verify_certs=False is insecure
  _transport = transport_class(

[2024-05-09T12:20:55.055+0000] {warnings.py:109} WARNING - /home/***/.local/lib/python3.8/site-packages/elasticsearch/_sync/client/__init__.py:399: SecurityWarning: Connecting to 'https://dbelk2.afaqy.local:9200' using TLS with verify_certs=False is insecure
  _transport = transport_class(

[2024-05-09T12:20:55.095+0000] {warnings.py:109} WARNING - /home/***/.local/lib/python3.8/site-packages/urllib3/connectionpool.py:1061: InsecureRequestWarning: Unverified HTTPS request is being made to host 'dbelk3.afaqy.local'. Adding certificate verification is strongly advised. See: https://urllib3.readthedocs.io/en/1.26.x/advanced-usage.html#ssl-warnings
  warnings.warn(

[2024-05-09T12:20:55.179+0000] {_transport.py:335} INFO - GET https://dbelk3.afaqy.local:9200/_cluster/health [status:200 duration:0.122s]
[2024-05-09T12:20:55.940+0000] {warnings.py:109} WARNING - /home/***/.local/lib/python3.8/site-packages/urllib3/connectionpool.py:1061: InsecureRequestWarning: Unverified HTTPS request is being made to host 'dbelk1.afaqy.local'. Adding certificate verification is strongly advised. See: https://urllib3.readthedocs.io/en/1.26.x/advanced-usage.html#ssl-warnings
  warnings.warn(

[2024-05-09T12:22:09.985+0000] {_transport.py:335} INFO - PUT https://dbelk1.afaqy.local:9200/units_statistics_***/_bulk [status:200 duration:74.068s]
[2024-05-09T12:22:10.517+0000] {python.py:202} INFO - Done. Returned value was: None
[2024-05-09T12:22:10.536+0000] {taskinstance.py:1149} INFO - Marking task as SUCCESS. dag_id=Units_statistics_DAG, task_id=ETL_job, map_index=15, execution_date=20240509T120000, start_date=20240509T122022, end_date=20240509T122210
[2024-05-09T12:22:10.577+0000] {local_task_job_runner.py:234} INFO - Task exited with return code 0
[2024-05-09T12:22:10.610+0000] {taskinstance.py:3312} INFO - 0 downstream tasks scheduled from follow-on schedule check
