[2024-04-22T01:20:19.819+0000] {taskinstance.py:1979} INFO - Dependencies all met for dep_context=non-requeueable deps ti=<TaskInstance: Units_statistics_DAG.ETL_job scheduled__2024-04-22T01:00:00+00:00 map_index=14 [queued]>
[2024-04-22T01:20:19.911+0000] {taskinstance.py:1979} INFO - Dependencies all met for dep_context=requeueable deps ti=<TaskInstance: Units_statistics_DAG.ETL_job scheduled__2024-04-22T01:00:00+00:00 map_index=14 [queued]>
[2024-04-22T01:20:19.939+0000] {taskinstance.py:2193} INFO - Starting attempt 1 of 4
[2024-04-22T01:20:20.066+0000] {taskinstance.py:2217} INFO - Executing <Mapped(_PythonDecoratedOperator): ETL_job> on 2024-04-22 01:00:00+00:00
[2024-04-22T01:20:20.108+0000] {standard_task_runner.py:60} INFO - Started process 460101 to run task
[2024-04-22T01:20:20.155+0000] {standard_task_runner.py:87} INFO - Running: ['***', 'tasks', 'run', 'Units_statistics_DAG', 'ETL_job', 'scheduled__2024-04-22T01:00:00+00:00', '--job-id', '10597', '--raw', '--subdir', 'DAGS_FOLDER/Units_dag.py', '--cfg-path', '/tmp/tmpivnhgasl', '--map-index', '14']
[2024-04-22T01:20:20.157+0000] {standard_task_runner.py:88} INFO - Job 10597: Subtask ETL_job
[2024-04-22T01:20:20.404+0000] {task_command.py:423} INFO - Running <TaskInstance: Units_statistics_DAG.ETL_job scheduled__2024-04-22T01:00:00+00:00 map_index=14 [running]> on host a09da322e808
[2024-04-22T01:20:20.983+0000] {taskinstance.py:2513} INFO - Exporting env vars: AIRFLOW_CTX_DAG_OWNER='abeer-araby' AIRFLOW_CTX_DAG_ID='Units_statistics_DAG' AIRFLOW_CTX_TASK_ID='ETL_job' AIRFLOW_CTX_EXECUTION_DATE='2024-04-22T01:00:00+00:00' AIRFLOW_CTX_TRY_NUMBER='1' AIRFLOW_CTX_DAG_RUN_ID='scheduled__2024-04-22T01:00:00+00:00'
[2024-04-22T01:20:20.985+0000] {Units_dag.py:99} INFO - i: 140000, chunk: 10000
[2024-04-22T01:20:20.985+0000] {Units_dag.py:100} INFO - child token is::: eyJ0eXAiOiJKV1QiLCJhbGciOiJIUzI1NiJ9.eyJpc3MiOiJodHRwczovL2FwaS5hZmFxeS5zYS9hdXRoL2xvZ2luX2FzIiwiaWF0IjoxNzEzNzQ4ODA0LCJleHAiOjE3MTYzNDA4MDQsIm5iZiI6MTcxMzc0ODgwNCwianRpIjoiOUVWV0c3RzFHdHNkSVc0eiIsInN1YiI6IjVkNjNlNTFlMDNlZDUyOTJhNDJjMjRlNiIsInBydiI6IjI3MGVjZmM3ZWEzZWQ5MzdlYTg0OTM2MmEzYTUwOTEwYzZkOGNlNGYiLCJsb2dpbl9hc19pZCI6IjY1N2YwYWQ3M2Y5NzcyOTVjZjA1NTc2YSJ9.sK6sXFro7qMmTz7UntbcH5QrGszjMGH4eQOx7qL-GjM
[2024-04-22T01:20:49.913+0000] {Units_dag.py:104} INFO - {'_id': '6548f97128ae1c111c0c4aa5', 'icon': 'icons/icon.png', 'driver_id': '', 'tailer_id': '', 'profile': {'vehicle_type': '58', 'measurement_type': 'count', 'max_capacity': None, 'vin': '12', 'plate_number': '1234tuv', 'start_operation': '2020-05', 'contract_milage': 234, 'opening_milage': 2343, 'model': '12', 'fuel_type': '91', 'year': 0, 'current_owner': 'test000', 'Seats': 2, 'seats': 2}, 'shipment_info': {'product_category': '', 'truck_type': '', 'shipment_type': '', 'shipment_payment_type': '', 'transporter_type': '', 'operating_area': '', 'weight_kilograms_per_day': '', 'kms_per_day': '', 'opening_milage': '', 'shipment_trip_drive_hrs_day': '', 'expected_shipment_trip_day': '', 'car_pay_per_day': '', 'exceeding_temperature_limit_per_day': '', 'temperature_upper_limit': '', 'exceeding_humidity_limit_per_day': '', 'humidity_upper_limit': '', 'allowable_delay_drive_hrs_day': ''}, 'device_password': '***', 'device_type': 'gps', 'gateway': False, 'business_types': {'waste': False, 'transportation': True}, 'name': 'Kim Howell', 'operation_code': 'ed1e3c27-1c4b-40b1-a9b2-5440334c2e44', 'device_gateway': None, 'skip_sim_information': False, 'imei': '61044111', 'sim_number': '+966937439432', 'sim_serial': '8701231156', 'device_serial': '4468540953', 'device': 'bceIotm', 'cctv': {'dvr_id': None, 'channels': 1}, 'user_id': '5b5475eeec689d30c527f124', 'created_by': '5f5e1a5c03ed52b74e484af2', 'updated_at': '2024-04-18 11:18:59', 'created_at': '2023-11-06 17:34:25', 'custom_fields': [], 'creator': 'betalarge', 'company': '', 'owner': 'afaqy', 'counters': None, 'is_wasl_connected': 'Not Connected', 'iconUrl': 'https://api.afaqy.sa/images/units/icons/icon.png', 'hasCCTV': False}
[2024-04-22T01:20:52.173+0000] {warnings.py:109} WARNING - /home/***/.local/lib/python3.8/site-packages/elasticsearch/_sync/client/__init__.py:399: SecurityWarning: Connecting to 'https://dbelk3.afaqy.local:9200' using TLS with verify_certs=False is insecure
  _transport = transport_class(

[2024-04-22T01:20:52.562+0000] {warnings.py:109} WARNING - /home/***/.local/lib/python3.8/site-packages/elasticsearch/_sync/client/__init__.py:399: SecurityWarning: Connecting to 'https://dbelk2.afaqy.local:9200' using TLS with verify_certs=False is insecure
  _transport = transport_class(

[2024-04-22T01:20:52.725+0000] {warnings.py:109} WARNING - /home/***/.local/lib/python3.8/site-packages/elasticsearch/_sync/client/__init__.py:399: SecurityWarning: Connecting to 'https://dbelk1.afaqy.local:9200' using TLS with verify_certs=False is insecure
  _transport = transport_class(

[2024-04-22T01:20:52.796+0000] {warnings.py:109} WARNING - /home/***/.local/lib/python3.8/site-packages/urllib3/connectionpool.py:1061: InsecureRequestWarning: Unverified HTTPS request is being made to host 'dbelk3.afaqy.local'. Adding certificate verification is strongly advised. See: https://urllib3.readthedocs.io/en/1.26.x/advanced-usage.html#ssl-warnings
  warnings.warn(

[2024-04-22T01:20:52.870+0000] {_transport.py:335} INFO - GET https://dbelk3.afaqy.local:9200/_cluster/health [status:200 duration:0.111s]
[2024-04-22T01:20:54.323+0000] {warnings.py:109} WARNING - /home/***/.local/lib/python3.8/site-packages/urllib3/connectionpool.py:1061: InsecureRequestWarning: Unverified HTTPS request is being made to host 'dbelk2.afaqy.local'. Adding certificate verification is strongly advised. See: https://urllib3.readthedocs.io/en/1.26.x/advanced-usage.html#ssl-warnings
  warnings.warn(

[2024-04-22T01:20:56.423+0000] {_transport.py:335} INFO - PUT https://dbelk2.afaqy.local:9200/units_statistics_***/_bulk [status:200 duration:2.129s]
[2024-04-22T01:20:56.574+0000] {python.py:202} INFO - Done. Returned value was: None
[2024-04-22T01:20:56.591+0000] {taskinstance.py:1149} INFO - Marking task as SUCCESS. dag_id=Units_statistics_DAG, task_id=ETL_job, map_index=14, execution_date=20240422T010000, start_date=20240422T012019, end_date=20240422T012056
[2024-04-22T01:20:56.655+0000] {local_task_job_runner.py:234} INFO - Task exited with return code 0
[2024-04-22T01:20:56.681+0000] {taskinstance.py:3312} INFO - 0 downstream tasks scheduled from follow-on schedule check
