[2024-04-26T14:20:15.994+0000] {taskinstance.py:1979} INFO - Dependencies all met for dep_context=non-requeueable deps ti=<TaskInstance: Units_statistics_DAG.ETL_job scheduled__2024-04-26T14:00:00+00:00 map_index=6 [queued]>
[2024-04-26T14:20:16.090+0000] {taskinstance.py:1979} INFO - Dependencies all met for dep_context=requeueable deps ti=<TaskInstance: Units_statistics_DAG.ETL_job scheduled__2024-04-26T14:00:00+00:00 map_index=6 [queued]>
[2024-04-26T14:20:16.091+0000] {taskinstance.py:2193} INFO - Starting attempt 1 of 4
[2024-04-26T14:20:16.252+0000] {taskinstance.py:2217} INFO - Executing <Mapped(_PythonDecoratedOperator): ETL_job> on 2024-04-26 14:00:00+00:00
[2024-04-26T14:20:16.302+0000] {standard_task_runner.py:60} INFO - Started process 568512 to run task
[2024-04-26T14:20:16.380+0000] {standard_task_runner.py:87} INFO - Running: ['***', 'tasks', 'run', 'Units_statistics_DAG', 'ETL_job', 'scheduled__2024-04-26T14:00:00+00:00', '--job-id', '18101', '--raw', '--subdir', 'DAGS_FOLDER/Units_dag.py', '--cfg-path', '/tmp/tmp285xkzow', '--map-index', '6']
[2024-04-26T14:20:16.467+0000] {standard_task_runner.py:88} INFO - Job 18101: Subtask ETL_job
[2024-04-26T14:20:16.864+0000] {task_command.py:423} INFO - Running <TaskInstance: Units_statistics_DAG.ETL_job scheduled__2024-04-26T14:00:00+00:00 map_index=6 [running]> on host a09da322e808
[2024-04-26T14:20:17.717+0000] {taskinstance.py:2513} INFO - Exporting env vars: AIRFLOW_CTX_DAG_OWNER='abeer-araby' AIRFLOW_CTX_DAG_ID='Units_statistics_DAG' AIRFLOW_CTX_TASK_ID='ETL_job' AIRFLOW_CTX_EXECUTION_DATE='2024-04-26T14:00:00+00:00' AIRFLOW_CTX_TRY_NUMBER='1' AIRFLOW_CTX_DAG_RUN_ID='scheduled__2024-04-26T14:00:00+00:00'
[2024-04-26T14:20:17.718+0000] {Units_dag.py:99} INFO - i: 60000, chunk: 10000
[2024-04-26T14:20:17.718+0000] {Units_dag.py:100} INFO - child token is::: eyJ0eXAiOiJKV1QiLCJhbGciOiJIUzI1NiJ9.eyJpc3MiOiJodHRwczovL2FwaS5hZmFxeS5zYS9hdXRoL2xvZ2luX2FzIiwiaWF0IjoxNzE0MTQxMjAzLCJleHAiOjE3MTY3MzMyMDMsIm5iZiI6MTcxNDE0MTIwMywianRpIjoiNEhFeGJUZndYREpDamdXWCIsInN1YiI6IjVkNjNlNTFlMDNlZDUyOTJhNDJjMjRlNiIsInBydiI6IjI3MGVjZmM3ZWEzZWQ5MzdlYTg0OTM2MmEzYTUwOTEwYzZkOGNlNGYiLCJsb2dpbl9hc19pZCI6IjY1N2YwYWQ3M2Y5NzcyOTVjZjA1NTc2YSJ9.C56vOQi2jcTRK1wZCg18syRGv7KvdJB58xD7wZ9Br3c
[2024-04-26T14:20:40.367+0000] {Units_dag.py:104} INFO - {'_id': '632884ab9db0e62dc147ab6f', 'icon': 'icons/D_7.png', 'driver_id': '', 'tailer_id': '', 'profile': {'vehicle_type': None, 'measurement_type': 'count', 'max_capacity': 0, 'vin': None, 'plate_number': None, 'start_operation': None, 'contract_milage': None, 'opening_milage': None, 'model': None, 'fuel_type': '91', 'year': 0, 'seats': 2}, 'device_password': '***', 'device_type': 'gps', 'gateway': False, 'name': '1990 A S A', 'operation_code': '', 'device_gateway': '', 'business_types': {'waste': False, 'transportation': True, 'water': False}, 'imei': '357073292778608', 'sim_number': '+966830031790988', 'sim_serial': '21296726661', 'device_serial': '1118904949', 'device': 'teltonika', 'user_id': '62b9a1516bfc54699f7b0c2b', 'created_by': '5e6655bf03ed52e1ab79d301', 'updated_at': '2024-04-18 11:18:59', 'created_at': '2022-09-19 18:03:07', 'shipment_info': None, 'skip_sim_information': False, 'custom_fields': [], 'creator': 'amr.ahmed', 'company': '', 'owner': 'saudi-hemaya-admin', 'last_update': {'dtt': 1714141210000, 'dts': 1714141212168, 'spd': 0, 'ang': 150, 'alt': 16, 'chPrams': {'Speed': {'v': 0, 'cdt': 1714116565000}, 'output1': {'v': False, 'cdt': 1714139196000}, 'output2': {'v': False, 'cdt': 1714139196000}, 'ePwrV': {'v': 28.751, 'cdt': 1714141149000}, 'parm24': {'v': 0, 'cdt': 1714116565000}, 'sat': {'v': 15, 'cdt': 1714141210000}, 'ai1': {'v': 9637, 'cdt': 1714141210000}, 'priority': {'v': 0, 'cdt': 1713687445000}, 'di2': {'v': 0, 'cdt': 1713687746000}, 'type': {'v': 6, 'cdt': 1714010071000}, 'di1': {'v': 1, 'cdt': 1714139827000}, 'result': {'v': '5665723a30332e32372e31335f3033204750533a41584e5f352e312e392048773a464d42313230204d6f643a333320494d45493a33353730373332393237373836303820496e69743a323032342d342d323620313a333520557074696d653a3434373132204d41433a303031453432373443414630205350433a312830292041584c3a32204f42443a3020424c3a312e31302042543a34', 'cdt': 1714140098000}, 'parm6': {'v': 217, 'cdt': 1713687746000}, 'protocol': {'v': 'FMB120', 'cdt': 1714140127000}, 'iPwrV': {'v': 4.01, 'cdt': 1714137393000}, 'event': {'v': 0, 'cdt': 1713687445000}}, 'prms': {'protocol': 'FMB120', 'priority': 0, 'sat': 15, 'event': 0, 'di1': 1, 'output1': 0, 'di2': 0, 'output2': 0, 'ePwrV': 28.751, 'Speed': 0, 'parm24': 0, 'iPwrV': 4.01, 'ai1': 9637, 'parm6': 217}, 'devPrms': ['protocol', 'priority', 'sat', 'event', 'di1', 'output1', 'di2', 'output2', 'ePwrV', 'Speed', 'parm24', 'iPwrV', 'ai1', 'parm6', 'type', 'result'], 'old_params': {'protocol': 'FMB120', 'priority': 0, 'sat': 14, 'event': 0, 'di1': 1, 'output1': 0, 'di2': 0, 'output2': 0, 'ePwrV': 28.751, 'Speed': 0, 'parm24': 0, 'iPwrV': 4.01, 'ai1': 9632, 'parm6': 217}, 'vLoc': 1, 'vCon': 1, 'ip': '51.39.21.191', 'rl': 0, 'trl': 242077.7588, 'mdu': 0, 'tmdu': 13518178, 'eidl': 31, 'teidl': 14272983, 'fc': 0, 'tfc': 43.406868, 'acc': 1, 'accOn': 48849583171, 'accOff': 44837006033, 'sdu': 0, 'tsdu': 0, 'lat': 24.106765, 'lng': 38.092535}, 'counters': {'odometer_type': 'gps', 'odometer': 242077.2259, 'engine_hours_type': 'acc', 'engine_hours': 48849583171, 'last_acc': 1}, 'is_wasl_connected': 'Connected', 'iconUrl': 'https://api.afaqy.sa/images/units/icons/D_7.png', 'hasCCTV': False}
[2024-04-26T14:20:42.525+0000] {warnings.py:109} WARNING - /home/***/.local/lib/python3.8/site-packages/elasticsearch/_sync/client/__init__.py:399: SecurityWarning: Connecting to 'https://dbelk3.afaqy.local:9200' using TLS with verify_certs=False is insecure
  _transport = transport_class(

[2024-04-26T14:20:42.769+0000] {warnings.py:109} WARNING - /home/***/.local/lib/python3.8/site-packages/elasticsearch/_sync/client/__init__.py:399: SecurityWarning: Connecting to 'https://dbelk1.afaqy.local:9200' using TLS with verify_certs=False is insecure
  _transport = transport_class(

[2024-04-26T14:20:42.968+0000] {warnings.py:109} WARNING - /home/***/.local/lib/python3.8/site-packages/elasticsearch/_sync/client/__init__.py:399: SecurityWarning: Connecting to 'https://dbelk2.afaqy.local:9200' using TLS with verify_certs=False is insecure
  _transport = transport_class(

[2024-04-26T14:20:42.993+0000] {warnings.py:109} WARNING - /home/***/.local/lib/python3.8/site-packages/urllib3/connectionpool.py:1061: InsecureRequestWarning: Unverified HTTPS request is being made to host 'dbelk3.afaqy.local'. Adding certificate verification is strongly advised. See: https://urllib3.readthedocs.io/en/1.26.x/advanced-usage.html#ssl-warnings
  warnings.warn(

[2024-04-26T14:20:43.061+0000] {_transport.py:335} INFO - GET https://dbelk3.afaqy.local:9200/_cluster/health [status:200 duration:0.090s]
[2024-04-26T14:20:44.117+0000] {warnings.py:109} WARNING - /home/***/.local/lib/python3.8/site-packages/urllib3/connectionpool.py:1061: InsecureRequestWarning: Unverified HTTPS request is being made to host 'dbelk1.afaqy.local'. Adding certificate verification is strongly advised. See: https://urllib3.readthedocs.io/en/1.26.x/advanced-usage.html#ssl-warnings
  warnings.warn(

[2024-04-26T14:20:46.361+0000] {_transport.py:335} INFO - PUT https://dbelk1.afaqy.local:9200/units_statistics_***/_bulk [status:200 duration:2.269s]
[2024-04-26T14:20:47.093+0000] {python.py:202} INFO - Done. Returned value was: None
[2024-04-26T14:20:47.111+0000] {taskinstance.py:1149} INFO - Marking task as SUCCESS. dag_id=Units_statistics_DAG, task_id=ETL_job, map_index=6, execution_date=20240426T140000, start_date=20240426T142015, end_date=20240426T142047
[2024-04-26T14:20:47.210+0000] {local_task_job_runner.py:234} INFO - Task exited with return code 0
[2024-04-26T14:20:47.231+0000] {taskinstance.py:3312} INFO - 0 downstream tasks scheduled from follow-on schedule check
