[2024-05-09T06:20:20.776+0000] {taskinstance.py:1979} INFO - Dependencies all met for dep_context=non-requeueable deps ti=<TaskInstance: Units_statistics_DAG.ETL_job scheduled__2024-05-09T06:00:00+00:00 map_index=12 [queued]>
[2024-05-09T06:20:20.837+0000] {taskinstance.py:1979} INFO - Dependencies all met for dep_context=requeueable deps ti=<TaskInstance: Units_statistics_DAG.ETL_job scheduled__2024-05-09T06:00:00+00:00 map_index=12 [queued]>
[2024-05-09T06:20:20.837+0000] {taskinstance.py:2193} INFO - Starting attempt 1 of 4
[2024-05-09T06:20:20.943+0000] {taskinstance.py:2217} INFO - Executing <Mapped(_PythonDecoratedOperator): ETL_job> on 2024-05-09 06:00:00+00:00
[2024-05-09T06:20:20.958+0000] {standard_task_runner.py:60} INFO - Started process 880142 to run task
[2024-05-09T06:20:21.008+0000] {standard_task_runner.py:87} INFO - Running: ['***', 'tasks', 'run', 'Units_statistics_DAG', 'ETL_job', 'scheduled__2024-05-09T06:00:00+00:00', '--job-id', '43641', '--raw', '--subdir', 'DAGS_FOLDER/Units_dag.py', '--cfg-path', '/tmp/tmpg4e8gxki', '--map-index', '12']
[2024-05-09T06:20:21.011+0000] {standard_task_runner.py:88} INFO - Job 43641: Subtask ETL_job
[2024-05-09T06:20:21.351+0000] {task_command.py:423} INFO - Running <TaskInstance: Units_statistics_DAG.ETL_job scheduled__2024-05-09T06:00:00+00:00 map_index=12 [running]> on host a09da322e808
[2024-05-09T06:20:21.753+0000] {taskinstance.py:2513} INFO - Exporting env vars: AIRFLOW_CTX_DAG_OWNER='abeer-araby' AIRFLOW_CTX_DAG_ID='Units_statistics_DAG' AIRFLOW_CTX_TASK_ID='ETL_job' AIRFLOW_CTX_EXECUTION_DATE='2024-05-09T06:00:00+00:00' AIRFLOW_CTX_TRY_NUMBER='1' AIRFLOW_CTX_DAG_RUN_ID='scheduled__2024-05-09T06:00:00+00:00'
[2024-05-09T06:20:21.755+0000] {Units_dag.py:98} INFO - i: 120000, chunk: 10000
[2024-05-09T06:20:21.756+0000] {Units_dag.py:99} INFO - child token is::: eyJ0eXAiOiJKV1QiLCJhbGciOiJIUzI1NiJ9.eyJpc3MiOiJodHRwczovL2FwaS5hZmFxeS5zYS9hdXRoL2xvZ2luX2FzIiwiaWF0IjoxNzE1MjM1NjAzLCJleHAiOjE3MTc4Mjc2MDMsIm5iZiI6MTcxNTIzNTYwMywianRpIjoiWVhPTWlzNjhzaUEwSHlDUSIsInN1YiI6IjVkNjNlNTFlMDNlZDUyOTJhNDJjMjRlNiIsInBydiI6IjI3MGVjZmM3ZWEzZWQ5MzdlYTg0OTM2MmEzYTUwOTEwYzZkOGNlNGYiLCJsb2dpbl9hc19pZCI6IjY1N2YwYWQ3M2Y5NzcyOTVjZjA1NTc2YSJ9.ucfQn9r0hMmbye3l7pIh4aslcK-t3FJf3mbda0s_Tq0
[2024-05-09T06:20:48.876+0000] {Units_dag.py:103} INFO - {'_id': '64cf7b24ffd8a50e487b4705', 'icon': 'icons/icon.png', 'driver_id': '', 'tailer_id': '', 'profile': {'vehicle_type': None, 'measurement_type': 'count', 'max_capacity': 0, 'vin': 'MR2BE9B35P0041023', 'plate_number': 'ر ص ي 8605', 'start_operation': None, 'contract_milage': None, 'opening_milage': None, 'model': None, 'fuel_type': '91', 'year': 0, 'seats': 2}, 'device_password': '***', 'device_type': 'gps', 'gateway': False, 'business_types': {'waste': False, 'transportation': True, 'water': False}, 'name': 'MR2BE9B35P0041023', 'operation_code': '', 'device_gateway': '', 'skip_sim_information': False, 'imei': '863051060690640', 'sim_number': '+966830032246246', 'sim_serial': '8996609821111916292', 'device_serial': '863051060690640', 'device': 'bce', 'user_id': '61c43b241b5e6d541b2b65ce', 'created_by': '5e6655bf03ed52e1ab79d301', 'updated_at': '2024-04-18 11:18:59', 'created_at': '2023-08-06 13:51:16', 'shipment_info': None, 'custom_fields': [], 'creator': 'amr.ahmed', 'company': '', 'owner': 'al-jabr-renta-admin', 'last_update': {'dtt': 1715235314000, 'dts': 1715235340451, 'spd': 0, 'ang': 332, 'alt': 810, 'chPrams': {'ePwrV': {'v': 12.824, 'cdt': 1715235314000}, 'di16': {'v': 1, 'cdt': 1712941242000}, 'di15': {'v': 0, 'cdt': 1697387320000}, 'rssi1': {'v': 60, 'cdt': 1715234712000}, 'di14': {'v': 0, 'cdt': 1715218098000}, 'di13': {'v': 0, 'cdt': 1712941242000}, 'di12': {'v': 0, 'cdt': 1712941242000}, 'di11': {'v': 0, 'cdt': 1712941242000}, 'di10': {'v': 0, 'cdt': 1697387320000}, 'di2': {'v': 1, 'cdt': 1712941242000}, 'di1': {'v': 0, 'cdt': 1715218138000}, 'di4': {'v': 0, 'cdt': 1712941242000}, 'di3': {'v': 0, 'cdt': 1712941242000}, 'di6': {'v': 1, 'cdt': 1712941242000}, 'di5': {'v': 0, 'cdt': 1715218138000}, 'lac1': {'v': 1241, 'cdt': 1715193524000}, 'protocol': {'v': 'bce', 'cdt': 1712941242000}, 'di8': {'v': 1, 'cdt': 1712941242000}, 'di7': {'v': 0, 'cdt': 1715218198000}, 'di9': {'v': 0, 'cdt': 1712941242000}, 'iPwrV': {'v': 3.983, 'cdt': 1715235314000}, 'cid1': {'v': 46502, 'cdt': 1715218108000}, 'odometer': {'v': 0, 'cdt': 1715218108000}, 'spd': {'v': 0, 'cdt': 1715218108000}, 'sat': {'v': 13, 'cdt': 1715235314000}, 'hdop': {'v': 1, 'cdt': 1715191668000}, 'ta': {'v': 0, 'cdt': 1712941242000}, 'mcc1': {'v': 420, 'cdt': 1714637902000}, 'mnc1': {'v': 3, 'cdt': 1714637902000}}, 'prms': {'protocol': 'bce', 'spd': 0, 'sat': 13, 'hdop': 1, 'odometer': 0, 'di16': 1, 'di15': 0, 'di14': 0, 'di13': 0, 'di12': 0, 'di11': 0, 'di10': 0, 'di9': 0, 'di8': 1, 'di7': 0, 'di6': 1, 'di5': 0, 'di4': 0, 'di3': 0, 'di2': 1, 'di1': 0, 'ePwrV': 12.824, 'iPwrV': 3.983, 'ta': 0, 'mcc1': 420, 'mnc1': 3, 'lac1': 1241, 'cid1': 46502, 'rssi1': 60}, 'devPrms': ['protocol', 'spd', 'sat', 'hdop', 'odometer', 'di16', 'di15', 'di14', 'di13', 'di12', 'di11', 'di10', 'di9', 'di8', 'di7', 'di6', 'di5', 'di4', 'di3', 'di2', 'di1', 'ePwrV', 'iPwrV', 'ta', 'mcc1', 'mnc1', 'lac1', 'cid1', 'rssi1'], 'old_params': {'protocol': 'bce', 'spd': 0, 'sat': 15, 'hdop': 1, 'odometer': 0, 'di16': 1, 'di15': 0, 'di14': 0, 'di13': 0, 'di12': 0, 'di11': 0, 'di10': 0, 'di9': 0, 'di8': 1, 'di7': 0, 'di6': 1, 'di5': 0, 'di4': 0, 'di3': 0, 'di2': 1, 'di1': 0, 'ePwrV': 12.869, 'iPwrV': 3.981, 'ta': 0, 'mcc1': 420, 'mnc1': 3, 'lac1': 1241, 'cid1': 46502, 'rssi1': 60}, 'vLoc': 1, 'vCon': 1, 'ip': '109.83.220.234', 'rl': 0, 'trl': 30429.2884, 'mdu': 0, 'tmdu': 2025912, 'eidl': 0, 'teidl': 1021586, 'fc': 0, 'tfc': 35.808012, 'acc': 0, 'accOn': 4319802, 'accOff': 14821090, 'sdu': 300, 'tsdu': 17176, 'lat': 24.650964736938477, 'lng': 46.506412506103516}, 'counters': {'odometer_type': 'gps', 'odometer': 38609.5008, 'engine_hours_type': 'acc', 'engine_hours': 4319802, 'last_acc': 0}, 'is_wasl_connected': 'Not Connected', 'iconUrl': 'https://api.afaqy.sa/images/units/icons/icon.png', 'hasCCTV': False}
[2024-05-09T06:20:51.498+0000] {warnings.py:109} WARNING - /home/***/.local/lib/python3.8/site-packages/elasticsearch/_sync/client/__init__.py:399: SecurityWarning: Connecting to 'https://dbelk1.afaqy.local:9200' using TLS with verify_certs=False is insecure
  _transport = transport_class(

[2024-05-09T06:20:51.715+0000] {warnings.py:109} WARNING - /home/***/.local/lib/python3.8/site-packages/elasticsearch/_sync/client/__init__.py:399: SecurityWarning: Connecting to 'https://dbelk2.afaqy.local:9200' using TLS with verify_certs=False is insecure
  _transport = transport_class(

[2024-05-09T06:20:51.954+0000] {warnings.py:109} WARNING - /home/***/.local/lib/python3.8/site-packages/elasticsearch/_sync/client/__init__.py:399: SecurityWarning: Connecting to 'https://dbelk3.afaqy.local:9200' using TLS with verify_certs=False is insecure
  _transport = transport_class(

[2024-05-09T06:20:52.004+0000] {warnings.py:109} WARNING - /home/***/.local/lib/python3.8/site-packages/urllib3/connectionpool.py:1061: InsecureRequestWarning: Unverified HTTPS request is being made to host 'dbelk1.afaqy.local'. Adding certificate verification is strongly advised. See: https://urllib3.readthedocs.io/en/1.26.x/advanced-usage.html#ssl-warnings
  warnings.warn(

[2024-05-09T06:20:52.081+0000] {_transport.py:335} INFO - GET https://dbelk1.afaqy.local:9200/_cluster/health [status:200 duration:0.126s]
[2024-05-09T06:20:53.369+0000] {warnings.py:109} WARNING - /home/***/.local/lib/python3.8/site-packages/urllib3/connectionpool.py:1061: InsecureRequestWarning: Unverified HTTPS request is being made to host 'dbelk2.afaqy.local'. Adding certificate verification is strongly advised. See: https://urllib3.readthedocs.io/en/1.26.x/advanced-usage.html#ssl-warnings
  warnings.warn(

[2024-05-09T06:20:53.383+0000] {_transport.py:335} INFO - PUT https://dbelk2.afaqy.local:9200/units_statistics_***/_bulk [status:429 duration:0.048s]
[2024-05-09T06:20:53.383+0000] {_node_pool.py:249} WARNING - Node <Urllib3HttpNode(https://dbelk2.afaqy.local:9200)> has failed for 1 times in a row, putting on 1 second timeout
[2024-05-09T06:20:53.384+0000] {_transport.py:427} WARNING - Retrying request after non-successful status 429 (attempt 0 of 3)
[2024-05-09T06:20:53.384+0000] {warnings.py:109} WARNING - /home/***/.local/lib/python3.8/site-packages/urllib3/connectionpool.py:1061: InsecureRequestWarning: Unverified HTTPS request is being made to host 'dbelk1.afaqy.local'. Adding certificate verification is strongly advised. See: https://urllib3.readthedocs.io/en/1.26.x/advanced-usage.html#ssl-warnings
  warnings.warn(

[2024-05-09T06:20:54.304+0000] {_transport.py:335} INFO - PUT https://dbelk1.afaqy.local:9200/units_statistics_***/_bulk [status:200 duration:0.920s]
[2024-05-09T06:20:54.787+0000] {python.py:202} INFO - Done. Returned value was: None
[2024-05-09T06:20:55.153+0000] {taskinstance.py:1149} INFO - Marking task as SUCCESS. dag_id=Units_statistics_DAG, task_id=ETL_job, map_index=12, execution_date=20240509T060000, start_date=20240509T062020, end_date=20240509T062055
[2024-05-09T06:20:55.256+0000] {local_task_job_runner.py:234} INFO - Task exited with return code 0
[2024-05-09T06:20:55.301+0000] {taskinstance.py:3312} INFO - 0 downstream tasks scheduled from follow-on schedule check
