[2024-05-06T19:02:11.868+0000] {taskinstance.py:1979} INFO - Dependencies all met for dep_context=non-requeueable deps ti=<TaskInstance: Units_statistics_DAG.ETL_job scheduled__2024-05-06T18:40:00+00:00 map_index=12 [queued]>
[2024-05-06T19:02:11.881+0000] {taskinstance.py:1979} INFO - Dependencies all met for dep_context=requeueable deps ti=<TaskInstance: Units_statistics_DAG.ETL_job scheduled__2024-05-06T18:40:00+00:00 map_index=12 [queued]>
[2024-05-06T19:02:11.881+0000] {taskinstance.py:2193} INFO - Starting attempt 2 of 4
[2024-05-06T19:02:11.903+0000] {taskinstance.py:2217} INFO - Executing <Mapped(_PythonDecoratedOperator): ETL_job> on 2024-05-06 18:40:00+00:00
[2024-05-06T19:02:11.910+0000] {standard_task_runner.py:60} INFO - Started process 814656 to run task
[2024-05-06T19:02:11.922+0000] {standard_task_runner.py:87} INFO - Running: ['***', 'tasks', 'run', 'Units_statistics_DAG', 'ETL_job', 'scheduled__2024-05-06T18:40:00+00:00', '--job-id', '36264', '--raw', '--subdir', 'DAGS_FOLDER/Units_dag.py', '--cfg-path', '/tmp/tmpj84f5n4s', '--map-index', '12']
[2024-05-06T19:02:11.925+0000] {standard_task_runner.py:88} INFO - Job 36264: Subtask ETL_job
[2024-05-06T19:02:12.044+0000] {task_command.py:423} INFO - Running <TaskInstance: Units_statistics_DAG.ETL_job scheduled__2024-05-06T18:40:00+00:00 map_index=12 [running]> on host a09da322e808
[2024-05-06T19:02:12.228+0000] {taskinstance.py:2513} INFO - Exporting env vars: AIRFLOW_CTX_DAG_OWNER='abeer-araby' AIRFLOW_CTX_DAG_ID='Units_statistics_DAG' AIRFLOW_CTX_TASK_ID='ETL_job' AIRFLOW_CTX_EXECUTION_DATE='2024-05-06T18:40:00+00:00' AIRFLOW_CTX_TRY_NUMBER='2' AIRFLOW_CTX_DAG_RUN_ID='scheduled__2024-05-06T18:40:00+00:00'
[2024-05-06T19:02:12.229+0000] {Units_dag.py:99} INFO - i: 120000, chunk: 10000
[2024-05-06T19:02:12.230+0000] {Units_dag.py:100} INFO - child token is::: eyJ0eXAiOiJKV1QiLCJhbGciOiJIUzI1NiJ9.eyJpc3MiOiJodHRwczovL2FwaS5hZmFxeS5zYS9hdXRoL2xvZ2luX2FzIiwiaWF0IjoxNzE1MDIyMDAzLCJleHAiOjE3MTc2MTQwMDMsIm5iZiI6MTcxNTAyMjAwMywianRpIjoiT3lGUUlKSXNxeWQ4RlJIcSIsInN1YiI6IjVkNjNlNTFlMDNlZDUyOTJhNDJjMjRlNiIsInBydiI6IjI3MGVjZmM3ZWEzZWQ5MzdlYTg0OTM2MmEzYTUwOTEwYzZkOGNlNGYiLCJsb2dpbl9hc19pZCI6IjY1N2YwYWQ3M2Y5NzcyOTVjZjA1NTc2YSJ9.1tIich_Jo3Lx_iSkVW3DrRbZKX76bDDH4eRPNUjg7wU
[2024-05-06T19:02:29.868+0000] {Units_dag.py:104} INFO - {'_id': '64ca6682ee93cb6213056113', 'icon': 'icons/icon.png', 'driver_id': '', 'tailer_id': '', 'profile': {'measurement_type': 'count', 'fuel_type': '91', 'year': 0, 'seats': 2}, 'device_password': '***', 'device_type': 'gps', 'gateway': False, 'business_types': {'waste': False, 'transportation': True, 'water': False}, 'name': '6535 Z J R', 'operation_code': None, 'device_gateway': None, 'skip_sim_information': False, 'imei': '863940058719496', 'sim_number': '+966830028755511', 'sim_serial': '8996609821111311988', 'device_serial': '863940058719496', 'device': 'ruptela', 'user_id': '64c7bac2f1af17551b44b759', 'created_by': '5e6655bf03ed52e1ab79d301', 'updated_at': '2024-04-18 11:18:59', 'created_at': '2023-08-02 17:21:54', 'custom_fields': [], 'creator': 'amr.ahmed', 'company': '', 'owner': 'bander-trading-admin', 'last_update': {'dtt': 1715021990000, 'dts': 1715021992290, 'spd': 6, 'ang': 162, 'alt': 32, 'chPrams': {'gsm': {'v': 20, 'cdt': 1714577568000}, 'io_2_817': {'v': 2000, 'cdt': 1714993392000}, 'io_2_818': {'v': 2000, 'cdt': 1714993392000}, 'ai23': {'v': 211, 'cdt': 1715021990000}, 'ePwrV': {'v': 13.55, 'cdt': 1715021990000}, 'ai22': {'v': 237, 'cdt': 1715021990000}, 'di2': {'v': 0, 'cdt': 1714440822000}, 'operator': {'v': 42003, 'cdt': 1714572682000}, 'di4': {'v': 0, 'cdt': 1714440822000}, 'di3': {'v': 0, 'cdt': 1714440822000}, 'di5': {'v': 1, 'cdt': 1715020814000}, 'protocol': {'v': 'ruptela', 'cdt': 1714393826000}, 'io_8_70': {'v': 0, 'cdt': 1714440822000}, 'io_8_71': {'v': 0, 'cdt': 1714440822000}, 'iPwrV': {'v': 4.113, 'cdt': 1715021990000}, 'event': {'v': 9, 'cdt': 1715021990000}, 'io_1_418': {'v': 1, 'cdt': 1714610560000}, 'move': {'v': 1, 'cdt': 1715020814000}, 'io_2_79': {'v': 2000, 'cdt': 1714993392000}, 'spd': {'v': 6, 'cdt': 1715021990000}, 'sat': {'v': 18, 'cdt': 1715021990000}, 'io_2_78': {'v': 2000, 'cdt': 1714993392000}, 'hdop': {'v': 0.7, 'cdt': 1715021990000}, 'accTemp': {'v': 40, 'cdt': 1715019274000}, 'io_1_406': {'v': 1, 'cdt': 1714440822000}, 'io_1_405': {'v': 1, 'cdt': 1691110623000}}, 'prms': {'protocol': 'ruptela', 'sat': 18, 'spd': 6, 'hdop': 0.7, 'event': 9, 'gsm': 20, 'io_1_418': 1, 'accTemp': 40, 'move': 1, 'di2': 0, 'di3': 0, 'di4': 0, 'di5': 1, 'io_1_405': 1, 'io_1_406': 1, 'ePwrV': 13.55, 'iPwrV': 4.113, 'ai22': 237, 'ai23': 211, 'io_2_78': 2000, 'io_2_79': 2000, 'io_2_817': 2000, 'io_2_818': 2000, 'operator': 42003, 'io_8_70': 0, 'io_8_71': 0}, 'devPrms': ['protocol', 'sat', 'spd', 'hdop', 'event', 'gsm', 'io_1_418', 'accTemp', 'move', 'di2', 'di3', 'di4', 'di5', 'io_1_405', 'io_1_406', 'ePwrV', 'iPwrV', 'ai22', 'ai23', 'io_2_78', 'io_2_79', 'io_2_817', 'io_2_818', 'operator', 'io_8_70', 'io_8_71'], 'old_params': {'protocol': 'ruptela', 'sat': 17, 'spd': 0, 'hdop': 0.6, 'event': 7, 'gsm': 20, 'io_1_418': 1, 'accTemp': 40, 'move': 1, 'di2': 0, 'di3': 0, 'di4': 0, 'di5': 1, 'io_1_405': 1, 'io_1_406': 1, 'ePwrV': 13.521, 'iPwrV': 4.114, 'ai22': 239, 'ai23': 213, 'io_2_78': 2000, 'io_2_79': 2000, 'io_2_817': 2000, 'io_2_818': 2000, 'operator': 42003, 'io_8_70': 0, 'io_8_71': 0}, 'vLoc': 1, 'vCon': 1, 'ip': '37.216.77.64', 'rl': 0.0065, 'trl': 64625.3879, 'mdu': 0, 'tmdu': 5746527, 'eidl': 17, 'teidl': 4835605, 'fc': 0.00078, 'tfc': 476.93592, 'acc': 1, 'accOn': 9527970, 'accOff': 14712559, 'sdu': 0, 'tsdu': 0, 'lat': 21.5799216, 'lng': 39.195955}, 'counters': {'odometer_type': 'gps', 'odometer': 64625.3879, 'engine_hours_type': 'acc', 'engine_hours': 9527970, 'last_acc': 1}, 'is_wasl_connected': 'Not Connected', 'iconUrl': 'https://api.afaqy.sa/images/units/icons/icon.png', 'hasCCTV': False}
[2024-05-06T19:02:30.390+0000] {warnings.py:109} WARNING - /home/***/.local/lib/python3.8/site-packages/elasticsearch/_sync/client/__init__.py:399: SecurityWarning: Connecting to 'https://dbelk1.afaqy.local:9200' using TLS with verify_certs=False is insecure
  _transport = transport_class(

[2024-05-06T19:02:30.431+0000] {warnings.py:109} WARNING - /home/***/.local/lib/python3.8/site-packages/elasticsearch/_sync/client/__init__.py:399: SecurityWarning: Connecting to 'https://dbelk2.afaqy.local:9200' using TLS with verify_certs=False is insecure
  _transport = transport_class(

[2024-05-06T19:02:30.472+0000] {warnings.py:109} WARNING - /home/***/.local/lib/python3.8/site-packages/elasticsearch/_sync/client/__init__.py:399: SecurityWarning: Connecting to 'https://dbelk3.afaqy.local:9200' using TLS with verify_certs=False is insecure
  _transport = transport_class(

[2024-05-06T19:02:30.492+0000] {warnings.py:109} WARNING - /home/***/.local/lib/python3.8/site-packages/urllib3/connectionpool.py:1061: InsecureRequestWarning: Unverified HTTPS request is being made to host 'dbelk1.afaqy.local'. Adding certificate verification is strongly advised. See: https://urllib3.readthedocs.io/en/1.26.x/advanced-usage.html#ssl-warnings
  warnings.warn(

[2024-05-06T19:02:30.553+0000] {_transport.py:335} INFO - GET https://dbelk1.afaqy.local:9200/_cluster/health [status:200 duration:0.079s]
[2024-05-06T19:02:30.926+0000] {warnings.py:109} WARNING - /home/***/.local/lib/python3.8/site-packages/urllib3/connectionpool.py:1061: InsecureRequestWarning: Unverified HTTPS request is being made to host 'dbelk2.afaqy.local'. Adding certificate verification is strongly advised. See: https://urllib3.readthedocs.io/en/1.26.x/advanced-usage.html#ssl-warnings
  warnings.warn(

[2024-05-06T19:03:11.631+0000] {_transport.py:335} INFO - PUT https://dbelk2.afaqy.local:9200/units_statistics_***/_bulk [status:200 duration:40.725s]
[2024-05-06T19:03:11.818+0000] {python.py:202} INFO - Done. Returned value was: None
[2024-05-06T19:03:11.836+0000] {taskinstance.py:1149} INFO - Marking task as SUCCESS. dag_id=Units_statistics_DAG, task_id=ETL_job, map_index=12, execution_date=20240506T184000, start_date=20240506T190211, end_date=20240506T190311
[2024-05-06T19:03:11.910+0000] {local_task_job_runner.py:234} INFO - Task exited with return code 0
[2024-05-06T19:03:11.948+0000] {taskinstance.py:3312} INFO - 0 downstream tasks scheduled from follow-on schedule check
