[2024-05-12T08:21:56.807+0000] {taskinstance.py:1979} INFO - Dependencies all met for dep_context=non-requeueable deps ti=<TaskInstance: Units_statistics_DAG.ETL_job scheduled__2024-05-12T08:00:00+00:00 map_index=7 [queued]>
[2024-05-12T08:21:56.827+0000] {taskinstance.py:1979} INFO - Dependencies all met for dep_context=requeueable deps ti=<TaskInstance: Units_statistics_DAG.ETL_job scheduled__2024-05-12T08:00:00+00:00 map_index=7 [queued]>
[2024-05-12T08:21:56.827+0000] {taskinstance.py:2193} INFO - Starting attempt 2 of 4
[2024-05-12T08:21:56.898+0000] {taskinstance.py:2217} INFO - Executing <Mapped(_PythonDecoratedOperator): ETL_job> on 2024-05-12 08:00:00+00:00
[2024-05-12T08:21:56.909+0000] {standard_task_runner.py:60} INFO - Started process 963328 to run task
[2024-05-12T08:21:56.917+0000] {standard_task_runner.py:87} INFO - Running: ['***', 'tasks', 'run', 'Units_statistics_DAG', 'ETL_job', 'scheduled__2024-05-12T08:00:00+00:00', '--job-id', '53588', '--raw', '--subdir', 'DAGS_FOLDER/Units_dag.py', '--cfg-path', '/tmp/tmprscuwcab', '--map-index', '7']
[2024-05-12T08:21:56.929+0000] {standard_task_runner.py:88} INFO - Job 53588: Subtask ETL_job
[2024-05-12T08:21:57.032+0000] {task_command.py:423} INFO - Running <TaskInstance: Units_statistics_DAG.ETL_job scheduled__2024-05-12T08:00:00+00:00 map_index=7 [running]> on host a09da322e808
[2024-05-12T08:21:57.196+0000] {taskinstance.py:2513} INFO - Exporting env vars: AIRFLOW_CTX_DAG_OWNER='abeer-araby' AIRFLOW_CTX_DAG_ID='Units_statistics_DAG' AIRFLOW_CTX_TASK_ID='ETL_job' AIRFLOW_CTX_EXECUTION_DATE='2024-05-12T08:00:00+00:00' AIRFLOW_CTX_TRY_NUMBER='2' AIRFLOW_CTX_DAG_RUN_ID='scheduled__2024-05-12T08:00:00+00:00'
[2024-05-12T08:21:57.197+0000] {Units_dag.py:98} INFO - i: 70000, chunk: 10000
[2024-05-12T08:21:57.197+0000] {Units_dag.py:99} INFO - child token is::: eyJ0eXAiOiJKV1QiLCJhbGciOiJIUzI1NiJ9.eyJpc3MiOiJodHRwczovL2FwaS5hZmFxeS5zYS9hdXRoL2xvZ2luX2FzIiwiaWF0IjoxNzE1NTAyMDA0LCJleHAiOjE3MTgwOTQwMDQsIm5iZiI6MTcxNTUwMjAwNCwianRpIjoiOFZoMzhjZ2RHaHp5aUp5ViIsInN1YiI6IjVkNjNlNTFlMDNlZDUyOTJhNDJjMjRlNiIsInBydiI6IjI3MGVjZmM3ZWEzZWQ5MzdlYTg0OTM2MmEzYTUwOTEwYzZkOGNlNGYiLCJsb2dpbl9hc19pZCI6IjY1N2YwYWQ3M2Y5NzcyOTVjZjA1NTc2YSJ9.z-RD405Hb0ycQM874sWCeHPljUtTx9M4pn1Rj7-hhGM
[2024-05-12T08:22:34.700+0000] {Units_dag.py:103} INFO - {'_id': '63a7f8d5bda2da62ca35cb0b', 'icon': 'icons/icon.png', 'driver_id': '', 'tailer_id': '', 'profile': {'vehicle_type': None, 'measurement_type': 'count', 'max_capacity': 0, 'vin': None, 'plate_number': '1794 - V D R', 'start_operation': None, 'contract_milage': None, 'opening_milage': None, 'model': None, 'fuel_type': '91', 'year': 0, 'seats': 2}, 'device_password': '***', 'device_type': 'gps', 'gateway': False, 'name': 'VDR1794', 'operation_code': '', 'device_gateway': '', 'business_types': {'waste': False, 'transportation': True, 'water': False}, 'imei': '866907058932509', 'sim_number': '+966830030948667', 'sim_serial': '21294045063', 'device_serial': '1125899241', 'device': 'teltonika', 'user_id': '5edc9ce503ed5252d3361fa8', 'created_by': '5e6655bf03ed52e1ab79d301', 'updated_at': '2024-04-18 11:18:59', 'created_at': '2022-12-25 10:16:37', 'custom_fields': [], 'creator': 'amr.ahmed', 'company': '', 'owner': 'hertz-admin', 'last_update': {'dtt': 1715502009000, 'dts': 1715502014137, 'spd': 0, 'ang': 98, 'alt': 623, 'chPrams': {'output1': {'v': False, 'cdt': 1715394549000}, 'output2': {'v': False, 'cdt': 1715394549000}, 'ePwrV': {'v': 12.545, 'cdt': 1715502009000}, 'sat': {'v': 18, 'cdt': 1715501407000}, 'ai1': {'v': 0, 'cdt': 1713559113000}, 'priority': {'v': 0, 'cdt': 1715427175000}, 'di2': {'v': 0, 'cdt': 1713559113000}, 'type': {'v': 6, 'cdt': 1714001351000}, 'di1': {'v': 0, 'cdt': 1715426874000}, 'result': {'v': '5665723a30332e32372e31335f3534204750533a41584e5f352e312e392048773a464d43313330204d6f643a3420494d45493a38363639303730353839333235303920496e69743a323032342d342d32332031313a3820557074696d653a31353938383738204d41433a303031453432354341324338205350433a312830292041584c3a32204f42443a3020424c3a312e31302042543a34', 'cdt': 1715486380000}, 'protocol': {'v': 'FMC130', 'cdt': 1715394549000}, 'parm6': {'v': 0, 'cdt': 1713123340000}, 'iPwrV': {'v': 3.908, 'cdt': 1715502009000}, 'event': {'v': 0, 'cdt': 1715427175000}}, 'prms': {'protocol': 'FMC130', 'priority': 0, 'sat': 18, 'event': 0, 'di1': 0, 'output1': 0, 'di2': 0, 'output2': 0, 'ePwrV': 12.545, 'iPwrV': 3.908, 'ai1': 0, 'parm6': 0}, 'devPrms': ['protocol', 'priority', 'sat', 'event', 'di1', 'output1', 'di2', 'output2', 'ePwrV', 'iPwrV', 'ai1', 'parm6'], 'old_params': {'protocol': 'teltonika', 'output1': 0, 'parm6': 0, 'output2': 0, 'ePwrV': 12.544, 'sat': 18, 'ai1': 0, 'iPwrV': 3.907, 'priority': 0, 'event': 0, 'di2': 0, 'di1': 0}, 'vLoc': 1, 'vCon': 1, 'ip': '51.39.54.244', 'rl': 0, 'trl': 10637.7837, 'mdu': 0, 'tmdu': 694990, 'eidl': 0, 'teidl': 499809, 'fc': 0, 'tfc': 0.070848, 'acc': 0, 'accOn': 14256048, 'accOff': 42305944, 'sdu': 301, 'tsdu': 75135, 'lat': 24.6998733, 'lng': 46.7372066}, 'counters': {'odometer_type': 'gps', 'odometer': 10637.7442, 'engine_hours_type': 'acc', 'engine_hours': 14256048, 'last_acc': 0}, 'is_wasl_connected': 'Not Connected', 'iconUrl': 'https://api.afaqy.sa/images/units/icons/icon.png', 'hasCCTV': False}
[2024-05-12T08:22:35.868+0000] {warnings.py:109} WARNING - /home/***/.local/lib/python3.8/site-packages/elasticsearch/_sync/client/__init__.py:399: SecurityWarning: Connecting to 'https://dbelk3.afaqy.local:9200' using TLS with verify_certs=False is insecure
  _transport = transport_class(

[2024-05-12T08:22:35.911+0000] {warnings.py:109} WARNING - /home/***/.local/lib/python3.8/site-packages/elasticsearch/_sync/client/__init__.py:399: SecurityWarning: Connecting to 'https://dbelk2.afaqy.local:9200' using TLS with verify_certs=False is insecure
  _transport = transport_class(

[2024-05-12T08:22:35.969+0000] {warnings.py:109} WARNING - /home/***/.local/lib/python3.8/site-packages/elasticsearch/_sync/client/__init__.py:399: SecurityWarning: Connecting to 'https://dbelk1.afaqy.local:9200' using TLS with verify_certs=False is insecure
  _transport = transport_class(

[2024-05-12T08:22:35.989+0000] {warnings.py:109} WARNING - /home/***/.local/lib/python3.8/site-packages/urllib3/connectionpool.py:1061: InsecureRequestWarning: Unverified HTTPS request is being made to host 'dbelk3.afaqy.local'. Adding certificate verification is strongly advised. See: https://urllib3.readthedocs.io/en/1.26.x/advanced-usage.html#ssl-warnings
  warnings.warn(

[2024-05-12T08:22:36.097+0000] {_transport.py:335} INFO - GET https://dbelk3.afaqy.local:9200/_cluster/health [status:200 duration:0.126s]
[2024-05-12T08:22:37.314+0000] {warnings.py:109} WARNING - /home/***/.local/lib/python3.8/site-packages/urllib3/connectionpool.py:1061: InsecureRequestWarning: Unverified HTTPS request is being made to host 'dbelk2.afaqy.local'. Adding certificate verification is strongly advised. See: https://urllib3.readthedocs.io/en/1.26.x/advanced-usage.html#ssl-warnings
  warnings.warn(

[2024-05-12T08:22:38.932+0000] {_transport.py:335} INFO - PUT https://dbelk2.afaqy.local:9200/units_statistics_***/_bulk [status:200 duration:1.639s]
[2024-05-12T08:22:39.204+0000] {python.py:202} INFO - Done. Returned value was: None
[2024-05-12T08:22:39.244+0000] {taskinstance.py:1149} INFO - Marking task as SUCCESS. dag_id=Units_statistics_DAG, task_id=ETL_job, map_index=7, execution_date=20240512T080000, start_date=20240512T082156, end_date=20240512T082239
[2024-05-12T08:22:39.307+0000] {local_task_job_runner.py:234} INFO - Task exited with return code 0
[2024-05-12T08:22:39.344+0000] {taskinstance.py:3312} INFO - 0 downstream tasks scheduled from follow-on schedule check
