[2024-05-13T17:20:01.304+0000] {local_task_job_runner.py:120} INFO - ::group::Pre task execution logs
[2024-05-13T17:20:01.347+0000] {taskinstance.py:2076} INFO - Dependencies all met for dep_context=non-requeueable deps ti=<TaskInstance: Units_statistics_DAG.login_parent scheduled__2024-05-13T17:00:00+00:00 [queued]>
[2024-05-13T17:20:01.364+0000] {taskinstance.py:2076} INFO - Dependencies all met for dep_context=requeueable deps ti=<TaskInstance: Units_statistics_DAG.login_parent scheduled__2024-05-13T17:00:00+00:00 [queued]>
[2024-05-13T17:20:01.364+0000] {taskinstance.py:2306} INFO - Starting attempt 1 of 4
[2024-05-13T17:20:01.392+0000] {taskinstance.py:2330} INFO - Executing <Task(_PythonDecoratedOperator): login_parent> on 2024-05-13 17:00:00+00:00
[2024-05-13T17:20:01.404+0000] {warnings.py:110} WARNING - /home/***/.local/lib/python3.12/site-packages/***/task/task_runner/standard_task_runner.py:61: DeprecationWarning: This process (pid=23192) is multi-threaded, use of fork() may lead to deadlocks in the child.
  pid = os.fork()

[2024-05-13T17:20:01.407+0000] {standard_task_runner.py:63} INFO - Started process 23193 to run task
[2024-05-13T17:20:01.410+0000] {standard_task_runner.py:90} INFO - Running: ['***', 'tasks', 'run', 'Units_statistics_DAG', 'login_parent', 'scheduled__2024-05-13T17:00:00+00:00', '--job-id', '56257', '--raw', '--subdir', 'DAGS_FOLDER/Units_dag.py', '--cfg-path', '/tmp/tmp3i53hh23']
[2024-05-13T17:20:01.412+0000] {standard_task_runner.py:91} INFO - Job 56257: Subtask login_parent
[2024-05-13T17:20:01.517+0000] {task_command.py:426} INFO - Running <TaskInstance: Units_statistics_DAG.login_parent scheduled__2024-05-13T17:00:00+00:00 [running]> on host 7138d7e072c5
[2024-05-13T17:20:01.730+0000] {taskinstance.py:2648} INFO - Exporting env vars: AIRFLOW_CTX_DAG_OWNER='abeer-araby' AIRFLOW_CTX_DAG_ID='Units_statistics_DAG' AIRFLOW_CTX_TASK_ID='login_parent' AIRFLOW_CTX_EXECUTION_DATE='2024-05-13T17:00:00+00:00' AIRFLOW_CTX_TRY_NUMBER='1' AIRFLOW_CTX_DAG_RUN_ID='scheduled__2024-05-13T17:00:00+00:00'
[2024-05-13T17:20:01.732+0000] {taskinstance.py:430} INFO - ::endgroup::
[2024-05-13T17:20:02.573+0000] {Units_dag.py:45} INFO - ti context info :eyJ0eXAiOiJKV1QiLCJhbGciOiJIUzI1NiJ9.eyJpc3MiOiJodHRwczovL2FwaS5hZmFxeS5zYS9hdXRoL2xvZ2luIiwiaWF0IjoxNzE1NjIwODAyLCJleHAiOjE3MTgyMTI4MDIsIm5iZiI6MTcxNTYyMDgwMiwianRpIjoiemJtNEY1d0htZjBrUzNtcSIsInN1YiI6IjY1N2YwYWQ3M2Y5NzcyOTVjZjA1NTc2YSIsInBydiI6IjI3MGVjZmM3ZWEzZWQ5MzdlYTg0OTM2MmEzYTUwOTEwYzZkOGNlNGYifQ.IXLdK7HkZSrrK6AJ1RkNG8L9y_s4DSDsyP27qcN8Em8
[2024-05-13T17:20:02.577+0000] {python.py:237} INFO - Done. Returned value was: None
[2024-05-13T17:20:02.579+0000] {taskinstance.py:441} INFO - ::group::Post task execution logs
[2024-05-13T17:20:02.605+0000] {taskinstance.py:1206} INFO - Marking task as SUCCESS. dag_id=Units_statistics_DAG, task_id=login_parent, run_id=scheduled__2024-05-13T17:00:00+00:00, execution_date=20240513T170000, start_date=20240513T172001, end_date=20240513T172002
[2024-05-13T17:20:02.671+0000] {local_task_job_runner.py:240} INFO - Task exited with return code 0
[2024-05-13T17:20:02.745+0000] {taskinstance.py:3498} INFO - 1 downstream tasks scheduled from follow-on schedule check
[2024-05-13T17:20:02.748+0000] {local_task_job_runner.py:222} INFO - ::endgroup::
