[2024-05-08T23:00:15.852+0000] {taskinstance.py:1979} INFO - Dependencies all met for dep_context=non-requeueable deps ti=<TaskInstance: Units_statistics_DAG.ETL_job scheduled__2024-05-08T22:40:00+00:00 map_index=15 [queued]>
[2024-05-08T23:00:15.937+0000] {taskinstance.py:1979} INFO - Dependencies all met for dep_context=requeueable deps ti=<TaskInstance: Units_statistics_DAG.ETL_job scheduled__2024-05-08T22:40:00+00:00 map_index=15 [queued]>
[2024-05-08T23:00:15.938+0000] {taskinstance.py:2193} INFO - Starting attempt 1 of 4
[2024-05-08T23:00:16.042+0000] {taskinstance.py:2217} INFO - Executing <Mapped(_PythonDecoratedOperator): ETL_job> on 2024-05-08 22:40:00+00:00
[2024-05-08T23:00:16.097+0000] {standard_task_runner.py:60} INFO - Started process 872482 to run task
[2024-05-08T23:00:16.172+0000] {standard_task_runner.py:87} INFO - Running: ['***', 'tasks', 'run', 'Units_statistics_DAG', 'ETL_job', 'scheduled__2024-05-08T22:40:00+00:00', '--job-id', '42945', '--raw', '--subdir', 'DAGS_FOLDER/Units_dag.py', '--cfg-path', '/tmp/tmpv1jg0f6x', '--map-index', '15']
[2024-05-08T23:00:16.174+0000] {standard_task_runner.py:88} INFO - Job 42945: Subtask ETL_job
[2024-05-08T23:00:16.622+0000] {task_command.py:423} INFO - Running <TaskInstance: Units_statistics_DAG.ETL_job scheduled__2024-05-08T22:40:00+00:00 map_index=15 [running]> on host a09da322e808
[2024-05-08T23:00:17.184+0000] {taskinstance.py:2513} INFO - Exporting env vars: AIRFLOW_CTX_DAG_OWNER='abeer-araby' AIRFLOW_CTX_DAG_ID='Units_statistics_DAG' AIRFLOW_CTX_TASK_ID='ETL_job' AIRFLOW_CTX_EXECUTION_DATE='2024-05-08T22:40:00+00:00' AIRFLOW_CTX_TRY_NUMBER='1' AIRFLOW_CTX_DAG_RUN_ID='scheduled__2024-05-08T22:40:00+00:00'
[2024-05-08T23:00:17.185+0000] {Units_dag.py:98} INFO - i: 150000, chunk: 10000
[2024-05-08T23:00:17.185+0000] {Units_dag.py:99} INFO - child token is::: eyJ0eXAiOiJKV1QiLCJhbGciOiJIUzI1NiJ9.eyJpc3MiOiJodHRwczovL2FwaS5hZmFxeS5zYS9hdXRoL2xvZ2luX2FzIiwiaWF0IjoxNzE1MjA5MjA0LCJleHAiOjE3MTc4MDEyMDQsIm5iZiI6MTcxNTIwOTIwNCwianRpIjoiQmdaa0FPaW53eDJwb1MwNyIsInN1YiI6IjVkNjNlNTFlMDNlZDUyOTJhNDJjMjRlNiIsInBydiI6IjI3MGVjZmM3ZWEzZWQ5MzdlYTg0OTM2MmEzYTUwOTEwYzZkOGNlNGYiLCJsb2dpbl9hc19pZCI6IjY1N2YwYWQ3M2Y5NzcyOTVjZjA1NTc2YSJ9.Or-nAp2bMtPtrIEKpRGza2al7kxOHHdCUXONwJneb-w
[2024-05-08T23:00:52.951+0000] {Units_dag.py:103} INFO - {'_id': '659bf44a7d6e9dddff03b301', 'icon': 'icons/icon.png', 'driver_id': '', 'tailer_id': '', 'profile': {'plate_number': '7539 SSA', 'vin': '', 'model': '', 'year': 0, 'measurement_type': 'count', 'max_capacity': None, 'vehicle_type': '', 'seats': 2, 'fuel_type': '91'}, 'shipment_info': {'product_category': '', 'truck_type': '', 'shipment_type': '', 'shipment_payment_type': '', 'transporter_type': '', 'operating_area': '', 'weight_kilograms_per_day': '', 'kms_per_day': '', 'opening_milage': '', 'shipment_trip_drive_hrs_day': '', 'expected_shipment_trip_day': '', 'car_pay_per_day': '', 'exceeding_temperature_limit_per_day': '', 'temperature_upper_limit': '', 'exceeding_humidity_limit_per_day': '', 'humidity_upper_limit': '', 'allowable_delay_drive_hrs_day': ''}, 'device_password': '***', 'device_type': 'gps', 'gateway': False, 'business_types': {'waste': False, 'transportation': False, 'water': False}, 'name': '0499', 'operation_code': '499', 'imei': '862315065363904', 'sim_number': '+966830031813539', 'sim_serial': '421296740009', 'device_serial': '862315065363904', 'device': 'bceIotm', 'created_by': '6256d946674c9170c17c2e63', 'user_id': '6256d946674c9170c17c2e63', 'updated_at': '2024-04-18 11:18:59', 'created_at': '2024-01-08 16:10:34', 'custom_fields': [], 'creator': 'albaraka-hajj', 'company': 'شركة البركة الدولية المحدودة', 'owner': 'albaraka-hajj', 'last_update': {'dtt': 1715069384000, 'dts': 1715069394112, 'spd': 0, 'ang': 82, 'alt': 115, 'chPrams': {'acc': {'v': 0, 'cdt': 1714992229000}, 'sensor_8192': {'v': 0, 'cdt': 1714987476000}, 'sensor_16386': {'v': 12166, 'cdt': 1714992163000}, 'sensor_170': {'v': 0, 'cdt': 1713283342000}, 'sensor_16385': {'v': 12236, 'cdt': 1714985723000}, 'fw_name': {'v': 'QF0_0B_130_3104_5', 'cdt': 1713167699000}, 'ePwrV': {'v': 24064, 'cdt': 1715069323000}, 'sensor_8197': {'v': 85, 'cdt': 1713167694000}, 'sensor_8': {'v': 0, 'cdt': 1715065727000}, 'sensor_8199': {'v': 0, 'cdt': 1702884789000}, 'sensor_16387': {'v': 3939575, 'cdt': 1714992193000}, 'sensor_153': {'v': 0, 'cdt': 1713283342000}, 'war_id': {'v': 22, 'cdt': 1713167699000}, 'sensor_12289': {'v': 37, 'cdt': 1715069323000}, 'sensor_12300': {'v': 5604, 'cdt': 1714992223000}, 'sensor_12322': {'v': 0, 'cdt': 1713283342000}, 'sensor_152': {'v': 0, 'cdt': 1714987170000}, 'protocol': {'v': 'MQTT', 'cdt': 1713120383000}, 'sensor_10': {'v': 0, 'cdt': 1715069323000}, 'sensor_11': {'v': 0, 'cdt': 1715069323000}, 'sensor_2': {'v': 0, 'cdt': 1714992523000}, 'sensor_16': {'v': 0, 'cdt': 1687912614000}, 'sensor_17': {'v': 1, 'cdt': 1714992523000}, 'sensor_18': {'v': 0, 'cdt': 1713784560000}, 'sensor_12290': {'v': 18, 'cdt': 1715068427000}, 'sensor_45058': {'v': 19130218, 'cdt': 1715042027000}, 'sensor_12292': {'v': 0, 'cdt': 1715069323000}, 'spd': {'v': 0, 'cdt': 1714987186000}, 'sat': {'v': 13, 'cdt': 1715069384000}, 'sensor_12291': {'v': 0, 'cdt': 1715069323000}, 'fun_id': {'v': 101, 'cdt': 1713167699000}, 'sensor_8200': {'v': 89, 'cdt': 1714992223000}, 'hdop': {'v': 7, 'cdt': 1715069384000}, 'sensor_12299': {'v': 116, 'cdt': 1715069323000}, 'sensor_49173': {'v': 'No DTCs found', 'cdt': 1714985274000}, 'sensor_21': {'v': 1, 'cdt': 1714985274000}, 'sensor_148': {'v': 0, 'cdt': 1714028801000}}, 'prms': {'sensor_45058': 19130218, 'sensor_12299': 116, 'spd': 0, 'hdop': 7, 'sat': 13, 'sensor_8192': 0, 'acc': 0, 'protocol': 'MQTT'}, 'devPrms': ['sensor_45058', 'sensor_12299', 'ePwrV', 'sensor_12292', 'sensor_12289', 'sensor_12290', 'sensor_12291', 'spd', 'hdop', 'sat', 'sensor_8192', 'acc', 'sensor_2', 'sensor_11', 'sensor_8', 'sensor_10', 'sensor_16', 'sensor_17', 'sensor_18', 'sensor_21', 'sensor_153', 'protocol'], 'old_params': {'sensor_45058': 19130218, 'sensor_12299': 116, 'ePwrV': 24064, 'sensor_12292': 0, 'sensor_12289': 37, 'sensor_12290': 18, 'sensor_12291': 0, 'spd': 0, 'hdop': 6, 'sat': 16, 'sensor_8192': 0, 'acc': 0, 'sensor_2': 0, 'sensor_11': 0, 'sensor_8': 0, 'sensor_10': 0, 'sensor_16': 0, 'sensor_17': 1, 'sensor_18': 0, 'sensor_21': 1, 'sensor_153': 0, 'protocol': 'MQTT'}, 'vLoc': 1, 'vCon': 1, 'ip': '51.36.194.106', 'rl': 0, 'trl': 19455.979, 'mdu': 0, 'tmdu': 936509, 'eidl': 0, 'teidl': 1384321, 'fc': 0, 'tfc': 0.032424, 'acc': 0, 'accOn': 6349997, 'accOff': 5089824873, 'sdu': 61, 'tsdu': 77208, 'lat': 21.447431564331055, 'lng': 39.517845153808594}, 'counters': {'odometer_type': 'canbus', 'odometer': 19455.979, 'engine_hours_type': 'acc', 'engine_hours': 6349997, 'last_acc': 0}, 'is_wasl_connected': 'Connected', 'iconUrl': 'https://api.afaqy.sa/images/units/icons/icon.png', 'hasCCTV': False}
[2024-05-08T23:00:53.852+0000] {warnings.py:109} WARNING - /home/***/.local/lib/python3.8/site-packages/elasticsearch/_sync/client/__init__.py:399: SecurityWarning: Connecting to 'https://dbelk3.afaqy.local:9200' using TLS with verify_certs=False is insecure
  _transport = transport_class(

[2024-05-08T23:00:53.898+0000] {warnings.py:109} WARNING - /home/***/.local/lib/python3.8/site-packages/elasticsearch/_sync/client/__init__.py:399: SecurityWarning: Connecting to 'https://dbelk2.afaqy.local:9200' using TLS with verify_certs=False is insecure
  _transport = transport_class(

[2024-05-08T23:00:53.966+0000] {warnings.py:109} WARNING - /home/***/.local/lib/python3.8/site-packages/elasticsearch/_sync/client/__init__.py:399: SecurityWarning: Connecting to 'https://dbelk1.afaqy.local:9200' using TLS with verify_certs=False is insecure
  _transport = transport_class(

[2024-05-08T23:00:54.115+0000] {warnings.py:109} WARNING - /home/***/.local/lib/python3.8/site-packages/urllib3/connectionpool.py:1061: InsecureRequestWarning: Unverified HTTPS request is being made to host 'dbelk3.afaqy.local'. Adding certificate verification is strongly advised. See: https://urllib3.readthedocs.io/en/1.26.x/advanced-usage.html#ssl-warnings
  warnings.warn(

[2024-05-08T23:00:54.186+0000] {_transport.py:335} INFO - GET https://dbelk3.afaqy.local:9200/_cluster/health [status:200 duration:0.218s]
[2024-05-08T23:00:54.938+0000] {warnings.py:109} WARNING - /home/***/.local/lib/python3.8/site-packages/urllib3/connectionpool.py:1061: InsecureRequestWarning: Unverified HTTPS request is being made to host 'dbelk2.afaqy.local'. Adding certificate verification is strongly advised. See: https://urllib3.readthedocs.io/en/1.26.x/advanced-usage.html#ssl-warnings
  warnings.warn(

[2024-05-08T23:00:54.952+0000] {_transport.py:335} INFO - PUT https://dbelk2.afaqy.local:9200/units_statistics_***/_bulk [status:429 duration:0.045s]
[2024-05-08T23:00:54.953+0000] {_node_pool.py:249} WARNING - Node <Urllib3HttpNode(https://dbelk2.afaqy.local:9200)> has failed for 1 times in a row, putting on 1 second timeout
[2024-05-08T23:00:54.953+0000] {_transport.py:427} WARNING - Retrying request after non-successful status 429 (attempt 0 of 3)
[2024-05-08T23:00:54.953+0000] {warnings.py:109} WARNING - /home/***/.local/lib/python3.8/site-packages/urllib3/connectionpool.py:1061: InsecureRequestWarning: Unverified HTTPS request is being made to host 'dbelk3.afaqy.local'. Adding certificate verification is strongly advised. See: https://urllib3.readthedocs.io/en/1.26.x/advanced-usage.html#ssl-warnings
  warnings.warn(

[2024-05-08T23:00:55.079+0000] {_transport.py:335} INFO - PUT https://dbelk3.afaqy.local:9200/units_statistics_***/_bulk [status:200 duration:0.126s]
[2024-05-08T23:00:55.759+0000] {taskinstance.py:2731} ERROR - Task failed with exception
Traceback (most recent call last):
  File "/home/airflow/.local/lib/python3.8/site-packages/airflow/models/taskinstance.py", line 444, in _execute_task
    result = _execute_callable(context=context, **execute_callable_kwargs)
  File "/home/airflow/.local/lib/python3.8/site-packages/airflow/models/taskinstance.py", line 414, in _execute_callable
    return execute_callable(context=context, **execute_callable_kwargs)
  File "/home/airflow/.local/lib/python3.8/site-packages/airflow/decorators/base.py", line 241, in execute
    return_value = super().execute(context)
  File "/home/airflow/.local/lib/python3.8/site-packages/airflow/operators/python.py", line 200, in execute
    return_value = self.execute_callable()
  File "/home/airflow/.local/lib/python3.8/site-packages/airflow/operators/python.py", line 217, in execute_callable
    return self.python_callable(*self.op_args, **self.op_kwargs)
  File "/opt/airflow/dags/Units_dag.py", line 111, in ETL_job
    Elk_client.elk_pushData(Globals.index_name,units_list_update)
  File "/opt/airflow/dags/units_statistics/elk_manager.py", line 69, in elk_pushData
    helpers.bulk(self.elk_client, docs_list, index=index_name, chunk_size=batch)
  File "/home/airflow/.local/lib/python3.8/site-packages/elasticsearch/helpers/actions.py", line 521, in bulk
    for ok, item in streaming_bulk(
  File "/home/airflow/.local/lib/python3.8/site-packages/elasticsearch/helpers/actions.py", line 436, in streaming_bulk
    for data, (ok, info) in zip(
  File "/home/airflow/.local/lib/python3.8/site-packages/elasticsearch/helpers/actions.py", line 355, in _process_bulk_chunk
    yield from gen
  File "/home/airflow/.local/lib/python3.8/site-packages/elasticsearch/helpers/actions.py", line 274, in _process_bulk_chunk_success
    raise BulkIndexError(f"{len(errors)} document(s) failed to index.", errors)
elasticsearch.helpers.BulkIndexError: 10000 document(s) failed to index.
[2024-05-08T23:00:55.771+0000] {taskinstance.py:1149} INFO - Marking task as UP_FOR_RETRY. dag_id=Units_statistics_DAG, task_id=ETL_job, map_index=15, execution_date=20240508T224000, start_date=20240508T230015, end_date=20240508T230055
[2024-05-08T23:00:55.792+0000] {standard_task_runner.py:107} ERROR - Failed to execute job 42945 for task ETL_job (10000 document(s) failed to index.; 872482)
[2024-05-08T23:00:55.873+0000] {local_task_job_runner.py:234} INFO - Task exited with return code 1
[2024-05-08T23:00:55.900+0000] {taskinstance.py:3312} INFO - 0 downstream tasks scheduled from follow-on schedule check
