[2024-05-04T00:41:54.216+0000] {taskinstance.py:1979} INFO - Dependencies all met for dep_context=non-requeueable deps ti=<TaskInstance: Units_statistics_DAG.ETL_job scheduled__2024-05-04T00:20:00+00:00 map_index=8 [queued]>
[2024-05-04T00:41:54.232+0000] {taskinstance.py:1979} INFO - Dependencies all met for dep_context=requeueable deps ti=<TaskInstance: Units_statistics_DAG.ETL_job scheduled__2024-05-04T00:20:00+00:00 map_index=8 [queued]>
[2024-05-04T00:41:54.233+0000] {taskinstance.py:2193} INFO - Starting attempt 2 of 4
[2024-05-04T00:41:54.259+0000] {taskinstance.py:2217} INFO - Executing <Mapped(_PythonDecoratedOperator): ETL_job> on 2024-05-04 00:20:00+00:00
[2024-05-04T00:41:54.268+0000] {standard_task_runner.py:60} INFO - Started process 746451 to run task
[2024-05-04T00:41:54.275+0000] {standard_task_runner.py:87} INFO - Running: ['***', 'tasks', 'run', 'Units_statistics_DAG', 'ETL_job', 'scheduled__2024-05-04T00:20:00+00:00', '--job-id', '30627', '--raw', '--subdir', 'DAGS_FOLDER/Units_dag.py', '--cfg-path', '/tmp/tmpncgjvc7g', '--map-index', '8']
[2024-05-04T00:41:54.278+0000] {standard_task_runner.py:88} INFO - Job 30627: Subtask ETL_job
[2024-05-04T00:41:54.366+0000] {task_command.py:423} INFO - Running <TaskInstance: Units_statistics_DAG.ETL_job scheduled__2024-05-04T00:20:00+00:00 map_index=8 [running]> on host a09da322e808
[2024-05-04T00:41:54.536+0000] {taskinstance.py:2513} INFO - Exporting env vars: AIRFLOW_CTX_DAG_OWNER='abeer-araby' AIRFLOW_CTX_DAG_ID='Units_statistics_DAG' AIRFLOW_CTX_TASK_ID='ETL_job' AIRFLOW_CTX_EXECUTION_DATE='2024-05-04T00:20:00+00:00' AIRFLOW_CTX_TRY_NUMBER='2' AIRFLOW_CTX_DAG_RUN_ID='scheduled__2024-05-04T00:20:00+00:00'
[2024-05-04T00:41:54.538+0000] {Units_dag.py:99} INFO - i: 80000, chunk: 10000
[2024-05-04T00:41:54.538+0000] {Units_dag.py:100} INFO - child token is::: eyJ0eXAiOiJKV1QiLCJhbGciOiJIUzI1NiJ9.eyJpc3MiOiJodHRwczovL2FwaS5hZmFxeS5zYS9hdXRoL2xvZ2luX2FzIiwiaWF0IjoxNzE0NzgzMjAzLCJleHAiOjE3MTczNzUyMDMsIm5iZiI6MTcxNDc4MzIwMywianRpIjoibnZUS0ZSaFlpTHBsaHdkTSIsInN1YiI6IjVkNjNlNTFlMDNlZDUyOTJhNDJjMjRlNiIsInBydiI6IjI3MGVjZmM3ZWEzZWQ5MzdlYTg0OTM2MmEzYTUwOTEwYzZkOGNlNGYiLCJsb2dpbl9hc19pZCI6IjY1N2YwYWQ3M2Y5NzcyOTVjZjA1NTc2YSJ9.U8LdYDKxoz_Jcr6ocJUtfl5baAwCat8o37-0mT-VMSI
[2024-05-04T00:42:11.854+0000] {Units_dag.py:104} INFO - {'_id': '63d8e8cc178d4f784e5f7d21', 'icon': 'icons/icon.png', 'driver_id': '', 'tailer_id': '', 'profile': {'vehicle_type': '', 'vin': '', 'plate_number': '', 'model': '', 'year': 0, 'seats': 2, 'fuel_type': '91', 'start_operation': '', 'contract_milage': '', 'opening_milage': '', 'measurement_type': '', 'max_capacity': None, 'current_owner': ''}, 'device_password': '***', 'device_type': 'gps', 'gateway': False, 'name': '36501883', 'operation_code': None, 'device_gateway': None, 'business_types': None, 'imei': '35772688', 'sim_number': '+966442179001', 'sim_serial': '3768141799', 'device_serial': '8065856283', 'device': 'bceIotm', 'user_id': '5b5475eeec689d30c527f124', 'created_by': '5f5e1a5c03ed52b74e484af2', 'updated_at': '2024-04-18 11:18:59', 'created_at': '2023-01-31 13:09:16', 'custom_fields': [], 'creator': 'betalarge', 'company': '', 'owner': 'afaqy', 'counters': {'odometer_type': 'gps', 'engine_hours_type': 'acc', 'engine_hours': 0, 'odometer': 0}, 'is_wasl_connected': 'Not Connected', 'iconUrl': 'https://api.afaqy.sa/images/units/icons/icon.png', 'hasCCTV': False}
[2024-05-04T00:42:12.336+0000] {warnings.py:109} WARNING - /home/***/.local/lib/python3.8/site-packages/elasticsearch/_sync/client/__init__.py:399: SecurityWarning: Connecting to 'https://dbelk1.afaqy.local:9200' using TLS with verify_certs=False is insecure
  _transport = transport_class(

[2024-05-04T00:42:12.377+0000] {warnings.py:109} WARNING - /home/***/.local/lib/python3.8/site-packages/elasticsearch/_sync/client/__init__.py:399: SecurityWarning: Connecting to 'https://dbelk2.afaqy.local:9200' using TLS with verify_certs=False is insecure
  _transport = transport_class(

[2024-05-04T00:42:12.418+0000] {warnings.py:109} WARNING - /home/***/.local/lib/python3.8/site-packages/elasticsearch/_sync/client/__init__.py:399: SecurityWarning: Connecting to 'https://dbelk3.afaqy.local:9200' using TLS with verify_certs=False is insecure
  _transport = transport_class(

[2024-05-04T00:42:12.448+0000] {warnings.py:109} WARNING - /home/***/.local/lib/python3.8/site-packages/urllib3/connectionpool.py:1061: InsecureRequestWarning: Unverified HTTPS request is being made to host 'dbelk1.afaqy.local'. Adding certificate verification is strongly advised. See: https://urllib3.readthedocs.io/en/1.26.x/advanced-usage.html#ssl-warnings
  warnings.warn(

[2024-05-04T00:42:12.508+0000] {_transport.py:335} INFO - GET https://dbelk1.afaqy.local:9200/_cluster/health [status:200 duration:0.089s]
[2024-05-04T00:42:12.884+0000] {warnings.py:109} WARNING - /home/***/.local/lib/python3.8/site-packages/urllib3/connectionpool.py:1061: InsecureRequestWarning: Unverified HTTPS request is being made to host 'dbelk2.afaqy.local'. Adding certificate verification is strongly advised. See: https://urllib3.readthedocs.io/en/1.26.x/advanced-usage.html#ssl-warnings
  warnings.warn(

[2024-05-04T00:42:14.144+0000] {_transport.py:335} INFO - PUT https://dbelk2.afaqy.local:9200/units_statistics_***/_bulk [status:200 duration:1.278s]
[2024-05-04T00:42:14.314+0000] {python.py:202} INFO - Done. Returned value was: None
[2024-05-04T00:42:14.329+0000] {taskinstance.py:1149} INFO - Marking task as SUCCESS. dag_id=Units_statistics_DAG, task_id=ETL_job, map_index=8, execution_date=20240504T002000, start_date=20240504T004154, end_date=20240504T004214
[2024-05-04T00:42:14.384+0000] {local_task_job_runner.py:234} INFO - Task exited with return code 0
[2024-05-04T00:42:14.410+0000] {taskinstance.py:3312} INFO - 0 downstream tasks scheduled from follow-on schedule check
