[2024-05-11T22:40:16.258+0000] {taskinstance.py:1979} INFO - Dependencies all met for dep_context=non-requeueable deps ti=<TaskInstance: Units_statistics_DAG.ETL_job scheduled__2024-05-11T22:20:00+00:00 map_index=10 [queued]>
[2024-05-11T22:40:16.400+0000] {taskinstance.py:1979} INFO - Dependencies all met for dep_context=requeueable deps ti=<TaskInstance: Units_statistics_DAG.ETL_job scheduled__2024-05-11T22:20:00+00:00 map_index=10 [queued]>
[2024-05-11T22:40:16.400+0000] {taskinstance.py:2193} INFO - Starting attempt 1 of 4
[2024-05-11T22:40:16.521+0000] {taskinstance.py:2217} INFO - Executing <Mapped(_PythonDecoratedOperator): ETL_job> on 2024-05-11 22:20:00+00:00
[2024-05-11T22:40:16.556+0000] {standard_task_runner.py:60} INFO - Started process 951591 to run task
[2024-05-11T22:40:16.605+0000] {standard_task_runner.py:87} INFO - Running: ['***', 'tasks', 'run', 'Units_statistics_DAG', 'ETL_job', 'scheduled__2024-05-11T22:20:00+00:00', '--job-id', '51852', '--raw', '--subdir', 'DAGS_FOLDER/Units_dag.py', '--cfg-path', '/tmp/tmpqo_t8gbo', '--map-index', '10']
[2024-05-11T22:40:16.616+0000] {standard_task_runner.py:88} INFO - Job 51852: Subtask ETL_job
[2024-05-11T22:40:16.824+0000] {task_command.py:423} INFO - Running <TaskInstance: Units_statistics_DAG.ETL_job scheduled__2024-05-11T22:20:00+00:00 map_index=10 [running]> on host a09da322e808
[2024-05-11T22:40:17.378+0000] {taskinstance.py:2513} INFO - Exporting env vars: AIRFLOW_CTX_DAG_OWNER='abeer-araby' AIRFLOW_CTX_DAG_ID='Units_statistics_DAG' AIRFLOW_CTX_TASK_ID='ETL_job' AIRFLOW_CTX_EXECUTION_DATE='2024-05-11T22:20:00+00:00' AIRFLOW_CTX_TRY_NUMBER='1' AIRFLOW_CTX_DAG_RUN_ID='scheduled__2024-05-11T22:20:00+00:00'
[2024-05-11T22:40:17.379+0000] {Units_dag.py:98} INFO - i: 100000, chunk: 10000
[2024-05-11T22:40:17.379+0000] {Units_dag.py:99} INFO - child token is::: eyJ0eXAiOiJKV1QiLCJhbGciOiJIUzI1NiJ9.eyJpc3MiOiJodHRwczovL2FwaS5hZmFxeS5zYS9hdXRoL2xvZ2luX2FzIiwiaWF0IjoxNzE1NDY3MjAzLCJleHAiOjE3MTgwNTkyMDMsIm5iZiI6MTcxNTQ2NzIwMywianRpIjoiVHdXdFhNeUxjcGExa1habSIsInN1YiI6IjVkNjNlNTFlMDNlZDUyOTJhNDJjMjRlNiIsInBydiI6IjI3MGVjZmM3ZWEzZWQ5MzdlYTg0OTM2MmEzYTUwOTEwYzZkOGNlNGYiLCJsb2dpbl9hc19pZCI6IjY1N2YwYWQ3M2Y5NzcyOTVjZjA1NTc2YSJ9.MSIWgMjGtSdxbc3X6hHW4eKQQYdoqL9JF57WjZiwYZQ
[2024-05-11T22:40:48.654+0000] {Units_dag.py:103} INFO - {'_id': '64579c6039e420514a36b6f4', 'icon': 'icons/icon.png', 'driver_id': '', 'tailer_id': '', 'profile': {'vehicle_type': '', 'measurement_type': 'count', 'max_capacity': 0, 'vin': '', 'plate_number': '', 'start_operation': '', 'contract_milage': '', 'opening_milage': '', 'model': '', 'fuel_type': '91', 'year': 0, 'seats': 2}, 'device_password': '***', 'device_type': 'gps', 'gateway': False, 'name': 'H0200097 (7072 K A A)', 'operation_code': 'H0200097', 'device_gateway': '', 'business_types': {'waste': False, 'transportation': True, 'water': False}, 'imei': '350544507878471', 'sim_number': '+966830031794199', 'sim_serial': '421296730027', 'device_serial': '1125711183', 'device': 'teltonika', 'user_id': '62bb1bb23c00423a7b3af933', 'created_by': '5e6655bf03ed52e1ab79d301', 'updated_at': '2024-04-18 11:18:59', 'created_at': '2023-05-07 15:41:04', 'shipment_info': {'product_category': None, 'truck_type': None, 'shipment_type': None, 'shipment_payment_type': None, 'transporter_type': None, 'operating_area': None, 'weight_kilograms_per_day': None, 'kms_per_day': None, 'shipment_trip_drive_hrs_day': None, 'allowable_delay_drive_hrs_day': None, 'expected_shipment_trip_day': None, 'car_pay_per_day': None, 'exceeding_temperature_limit_per_day': None, 'temperature_upper_limit': None, 'exceeding_humidity_limit_per_day': None, 'humidity_upper_limit': None}, 'skip_sim_information': False, 'custom_fields': [], 'creator': 'amr.ahmed', 'company': '', 'owner': 'al-yamama-trading-admin', 'last_update': {'dtt': 1715466980000, 'dts': 1715466986189, 'spd': 0, 'ang': 234, 'alt': 11, 'chPrams': {'Speed': {'v': 0, 'cdt': 1715435334000}, 'output1': {'v': False, 'cdt': 1715330381000}, 'output2': {'v': False, 'cdt': 1715330381000}, 'ePwrV': {'v': 25.577, 'cdt': 1715466680000}, 'parm24': {'v': 0, 'cdt': 1715435334000}, 'sat': {'v': 16, 'cdt': 1715466680000}, 'ai1': {'v': 43, 'cdt': 1715426794000}, 'priority': {'v': 0, 'cdt': 1714447822000}, 'di2': {'v': 0, 'cdt': 1714716221000}, 'type': {'v': 6, 'cdt': 1714994201000}, 'di1': {'v': 0, 'cdt': 1715435394000}, 'result': {'v': '5665723a30332e32372e31335f3033204750533a41584e5f352e312e392048773a464d42313230204d6f643a333320494d45493a33353035343435303738373834373120496e69743a323032342d342d32342031383a3120557074696d653a31343532393736204d41433a333838413231313638354631205350433a312830292041584c3a32204f42443a3020424c3a312e31302042543a34', 'cdt': 1715437227000}, 'protocol': {'v': 'FMB120', 'cdt': 1715437528000}, 'parm6': {'v': 43, 'cdt': 1715426794000}, 'iPwrV': {'v': 4.024, 'cdt': 1715437528000}, 'event': {'v': 0, 'cdt': 1714447822000}}, 'prms': {'protocol': 'FMB120', 'priority': 0, 'sat': 16, 'event': 0, 'di1': 0, 'output1': 0, 'di2': 0, 'output2': 0, 'ePwrV': 25.577, 'Speed': 0, 'parm24': 0, 'iPwrV': 4.024, 'ai1': 43, 'parm6': 43}, 'devPrms': ['protocol', 'priority', 'sat', 'event', 'di1', 'output1', 'di2', 'output2', 'ePwrV', 'Speed', 'parm24', 'iPwrV', 'ai1', 'parm6'], 'old_params': {'protocol': 'FMB120', 'priority': 0, 'sat': 16, 'event': 0, 'di1': 0, 'output1': 0, 'di2': 0, 'output2': 0, 'ePwrV': 25.577, 'Speed': 0, 'parm24': 0, 'iPwrV': 4.024, 'ai1': 43, 'parm6': 43}, 'vLoc': 1, 'vCon': 1, 'ip': '51.36.192.64', 'rl': 0, 'trl': 6342.8061, 'mdu': 0, 'tmdu': 580239, 'eidl': 0, 'teidl': 10463960, 'fc': 0, 'tfc': 21.451764, 'acc': 0, 'accOn': 621743121, 'accOff': 20830769, 'sdu': 300, 'tsdu': 31586, 'lat': 27.8977083, 'lng': 48.6874149}, 'counters': {'odometer_type': 'gps', 'odometer': 6342.8056, 'engine_hours_type': 'acc', 'engine_hours': 621743121, 'last_acc': 0}, 'is_wasl_connected': 'Not Connected', 'iconUrl': 'https://api.afaqy.sa/images/units/icons/icon.png', 'hasCCTV': False}
[2024-05-11T22:40:50.097+0000] {warnings.py:109} WARNING - /home/***/.local/lib/python3.8/site-packages/elasticsearch/_sync/client/__init__.py:399: SecurityWarning: Connecting to 'https://dbelk1.afaqy.local:9200' using TLS with verify_certs=False is insecure
  _transport = transport_class(

[2024-05-11T22:40:50.241+0000] {warnings.py:109} WARNING - /home/***/.local/lib/python3.8/site-packages/elasticsearch/_sync/client/__init__.py:399: SecurityWarning: Connecting to 'https://dbelk3.afaqy.local:9200' using TLS with verify_certs=False is insecure
  _transport = transport_class(

[2024-05-11T22:40:50.345+0000] {warnings.py:109} WARNING - /home/***/.local/lib/python3.8/site-packages/elasticsearch/_sync/client/__init__.py:399: SecurityWarning: Connecting to 'https://dbelk2.afaqy.local:9200' using TLS with verify_certs=False is insecure
  _transport = transport_class(

[2024-05-11T22:40:50.378+0000] {warnings.py:109} WARNING - /home/***/.local/lib/python3.8/site-packages/urllib3/connectionpool.py:1061: InsecureRequestWarning: Unverified HTTPS request is being made to host 'dbelk1.afaqy.local'. Adding certificate verification is strongly advised. See: https://urllib3.readthedocs.io/en/1.26.x/advanced-usage.html#ssl-warnings
  warnings.warn(

[2024-05-11T22:40:50.440+0000] {_transport.py:335} INFO - GET https://dbelk1.afaqy.local:9200/_cluster/health [status:200 duration:0.090s]
[2024-05-11T22:40:50.769+0000] {warnings.py:109} WARNING - /home/***/.local/lib/python3.8/site-packages/urllib3/connectionpool.py:1061: InsecureRequestWarning: Unverified HTTPS request is being made to host 'dbelk3.afaqy.local'. Adding certificate verification is strongly advised. See: https://urllib3.readthedocs.io/en/1.26.x/advanced-usage.html#ssl-warnings
  warnings.warn(

[2024-05-11T22:40:50.836+0000] {_transport.py:335} INFO - PUT https://dbelk3.afaqy.local:9200/units_statistics_***/_bulk [status:429 duration:0.083s]
[2024-05-11T22:40:50.837+0000] {_node_pool.py:249} WARNING - Node <Urllib3HttpNode(https://dbelk3.afaqy.local:9200)> has failed for 1 times in a row, putting on 1 second timeout
[2024-05-11T22:40:50.837+0000] {_transport.py:427} WARNING - Retrying request after non-successful status 429 (attempt 0 of 3)
[2024-05-11T22:40:50.837+0000] {warnings.py:109} WARNING - /home/***/.local/lib/python3.8/site-packages/urllib3/connectionpool.py:1061: InsecureRequestWarning: Unverified HTTPS request is being made to host 'dbelk1.afaqy.local'. Adding certificate verification is strongly advised. See: https://urllib3.readthedocs.io/en/1.26.x/advanced-usage.html#ssl-warnings
  warnings.warn(

[2024-05-11T22:40:58.002+0000] {_transport.py:335} INFO - PUT https://dbelk1.afaqy.local:9200/units_statistics_***/_bulk [status:200 duration:7.165s]
[2024-05-11T22:40:58.205+0000] {python.py:202} INFO - Done. Returned value was: None
[2024-05-11T22:40:58.218+0000] {taskinstance.py:1149} INFO - Marking task as SUCCESS. dag_id=Units_statistics_DAG, task_id=ETL_job, map_index=10, execution_date=20240511T222000, start_date=20240511T224016, end_date=20240511T224058
[2024-05-11T22:40:58.260+0000] {local_task_job_runner.py:234} INFO - Task exited with return code 0
[2024-05-11T22:40:58.286+0000] {taskinstance.py:3312} INFO - 0 downstream tasks scheduled from follow-on schedule check
