[2024-04-24T15:00:16.073+0000] {taskinstance.py:1979} INFO - Dependencies all met for dep_context=non-requeueable deps ti=<TaskInstance: Units_statistics_DAG.ETL_job scheduled__2024-04-24T14:40:00+00:00 map_index=3 [queued]>
[2024-04-24T15:00:16.162+0000] {taskinstance.py:1979} INFO - Dependencies all met for dep_context=requeueable deps ti=<TaskInstance: Units_statistics_DAG.ETL_job scheduled__2024-04-24T14:40:00+00:00 map_index=3 [queued]>
[2024-04-24T15:00:16.163+0000] {taskinstance.py:2193} INFO - Starting attempt 1 of 4
[2024-04-24T15:00:16.285+0000] {taskinstance.py:2217} INFO - Executing <Mapped(_PythonDecoratedOperator): ETL_job> on 2024-04-24 14:40:00+00:00
[2024-04-24T15:00:16.319+0000] {standard_task_runner.py:60} INFO - Started process 521475 to run task
[2024-04-24T15:00:16.359+0000] {standard_task_runner.py:87} INFO - Running: ['***', 'tasks', 'run', 'Units_statistics_DAG', 'ETL_job', 'scheduled__2024-04-24T14:40:00+00:00', '--job-id', '14851', '--raw', '--subdir', 'DAGS_FOLDER/Units_dag.py', '--cfg-path', '/tmp/tmpnfrza2nv', '--map-index', '3']
[2024-04-24T15:00:16.393+0000] {standard_task_runner.py:88} INFO - Job 14851: Subtask ETL_job
[2024-04-24T15:00:16.764+0000] {task_command.py:423} INFO - Running <TaskInstance: Units_statistics_DAG.ETL_job scheduled__2024-04-24T14:40:00+00:00 map_index=3 [running]> on host a09da322e808
[2024-04-24T15:00:17.491+0000] {taskinstance.py:2513} INFO - Exporting env vars: AIRFLOW_CTX_DAG_OWNER='abeer-araby' AIRFLOW_CTX_DAG_ID='Units_statistics_DAG' AIRFLOW_CTX_TASK_ID='ETL_job' AIRFLOW_CTX_EXECUTION_DATE='2024-04-24T14:40:00+00:00' AIRFLOW_CTX_TRY_NUMBER='1' AIRFLOW_CTX_DAG_RUN_ID='scheduled__2024-04-24T14:40:00+00:00'
[2024-04-24T15:00:17.493+0000] {Units_dag.py:99} INFO - i: 30000, chunk: 10000
[2024-04-24T15:00:17.493+0000] {Units_dag.py:100} INFO - child token is::: eyJ0eXAiOiJKV1QiLCJhbGciOiJIUzI1NiJ9.eyJpc3MiOiJodHRwczovL2FwaS5hZmFxeS5zYS9hdXRoL2xvZ2luX2FzIiwiaWF0IjoxNzEzOTcwODA0LCJleHAiOjE3MTY1NjI4MDQsIm5iZiI6MTcxMzk3MDgwNCwianRpIjoiZGxTaHQ5OGVnVHJYUzgzNiIsInN1YiI6IjVkNjNlNTFlMDNlZDUyOTJhNDJjMjRlNiIsInBydiI6IjI3MGVjZmM3ZWEzZWQ5MzdlYTg0OTM2MmEzYTUwOTEwYzZkOGNlNGYiLCJsb2dpbl9hc19pZCI6IjY1N2YwYWQ3M2Y5NzcyOTVjZjA1NTc2YSJ9.YjCn72VnbUOjnWSopd8kdNy_8k207uFVQxnP-GbciGc
[2024-04-24T15:00:49.809+0000] {Units_dag.py:104} INFO - {'_id': '62164f34067dce381c0d5f88', 'icon': 'icons/icon.png', 'driver_id': '', 'tailer_id': '', 'profile': {'vehicle_type': 'BUS', 'vin': '', 'plate_number': '', 'model': '', 'year': 0, 'seats': 2, 'fuel_type': '91', 'start_operation': '', 'contract_milage': '', 'opening_milage': '', 'measurement_type': '', 'max_capacity': ''}, 'device_password': '***', 'device_type': 'gps', 'gateway': False, 'name': 'HB-291-23817', 'operation_code': '', 'imei': '356307049918799', 'sim_number': '+97431195159', 'sim_serial': '8942702111317145465', 'device_serial': '4856437', 'device': 'teltonika', 'created_by': '62136ed2b78f04217042a1e9', 'user_id': '62136ed2b78f04217042a1e9', 'updated_at': '2024-04-18 11:18:59', 'created_at': '2022-02-23 18:13:56', 'custom_fields': [], 'creator': 'elegancia-admin', 'company': '', 'owner': 'elegancia-admin', 'last_update': {'dtt': 1661416057000, 'dts': 1661416061291, 'spd': 2, 'ang': 196, 'alt': 27, 'chPrams': {'output1': {'v': False, 'cdt': 1659086842000}, 'output2': {'v': False, 'cdt': 1659086842000}, 'motion': {'v': True, 'cdt': 1661411042000}, 'sat': {'v': 10, 'cdt': 1661416057000}, 'priority': {'v': 0, 'cdt': 1661401108000}, 'di2': {'v': 0, 'cdt': 1659086842000}, 'di1': {'v': 1, 'cdt': 1661411042000}, 'di3': {'v': 0, 'cdt': 1659086842000}, 'temp1': {'v': 300, 'cdt': 1659086842000}, 'protocol': {'v': 'teltonika_FMB640', 'cdt': 1659086842000}, 'tripOdometer': {'v': 59975, 'cdt': 1661416057000}, 'parm250': {'v': 1, 'cdt': 1661411093000}, 'event': {'v': 0, 'cdt': 1661411100000}}, 'prms': {'protocol': 'teltonika_FMB640', 'priority': 0, 'sat': 10, 'event': 0, 'di1': 1, 'di2': 0, 'di3': 0, 'output1': 0, 'output2': 0, 'motion': 1, 'tripOdometer': 59975, 'temp1': 300}, 'devPrms': ['protocol', 'priority', 'sat', 'event', 'di1', 'di2', 'di3', 'output1', 'output2', 'motion', 'tripOdometer', 'temp1', 'parm250'], 'old_params': {'protocol': 'teltonika_FMB640', 'priority': 0, 'sat': 13, 'event': 0, 'di1': 1, 'di2': 0, 'di3': 0, 'output1': 0, 'output2': 0, 'motion': 1, 'tripOdometer': 59966, 'temp1': 300}, 'vLoc': 1, 'vCon': 1, 'ip': '37.186.38.178', 'rl': 0.0067, 'trl': 20106.5142, 'mdu': 0, 'tmdu': 1063698, 'eidl': 30, 'teidl': 1117354, 'fc': 0.000804, 'tfc': 9.784968, 'acc': 1, 'accOn': 2138701, 'accOff': 13173733, 'sdu': 0, 'tsdu': 0, 'lat': 25.3563626, 'lng': 51.238573}, 'counters': {'odometer_type': 'gps', 'engine_hours_type': 'acc', 'engine_hours': 2138701, 'odometer': 20106.5142, 'last_acc': 1}, 'is_wasl_connected': 'Not Connected', 'iconUrl': 'https://api.afaqy.sa/images/units/icons/icon.png', 'hasCCTV': False}
[2024-04-24T15:00:50.804+0000] {warnings.py:109} WARNING - /home/***/.local/lib/python3.8/site-packages/elasticsearch/_sync/client/__init__.py:399: SecurityWarning: Connecting to 'https://dbelk3.afaqy.local:9200' using TLS with verify_certs=False is insecure
  _transport = transport_class(

[2024-04-24T15:00:50.943+0000] {warnings.py:109} WARNING - /home/***/.local/lib/python3.8/site-packages/elasticsearch/_sync/client/__init__.py:399: SecurityWarning: Connecting to 'https://dbelk1.afaqy.local:9200' using TLS with verify_certs=False is insecure
  _transport = transport_class(

[2024-04-24T15:00:51.015+0000] {warnings.py:109} WARNING - /home/***/.local/lib/python3.8/site-packages/elasticsearch/_sync/client/__init__.py:399: SecurityWarning: Connecting to 'https://dbelk2.afaqy.local:9200' using TLS with verify_certs=False is insecure
  _transport = transport_class(

[2024-04-24T15:00:51.048+0000] {warnings.py:109} WARNING - /home/***/.local/lib/python3.8/site-packages/urllib3/connectionpool.py:1061: InsecureRequestWarning: Unverified HTTPS request is being made to host 'dbelk3.afaqy.local'. Adding certificate verification is strongly advised. See: https://urllib3.readthedocs.io/en/1.26.x/advanced-usage.html#ssl-warnings
  warnings.warn(

[2024-04-24T15:00:51.122+0000] {_transport.py:335} INFO - GET https://dbelk3.afaqy.local:9200/_cluster/health [status:200 duration:0.094s]
[2024-04-24T15:00:51.536+0000] {warnings.py:109} WARNING - /home/***/.local/lib/python3.8/site-packages/urllib3/connectionpool.py:1061: InsecureRequestWarning: Unverified HTTPS request is being made to host 'dbelk1.afaqy.local'. Adding certificate verification is strongly advised. See: https://urllib3.readthedocs.io/en/1.26.x/advanced-usage.html#ssl-warnings
  warnings.warn(

[2024-04-24T15:00:54.574+0000] {_transport.py:335} INFO - PUT https://dbelk1.afaqy.local:9200/units_statistics_***/_bulk [status:200 duration:3.057s]
[2024-04-24T15:00:54.995+0000] {python.py:202} INFO - Done. Returned value was: None
[2024-04-24T15:00:55.011+0000] {taskinstance.py:1149} INFO - Marking task as SUCCESS. dag_id=Units_statistics_DAG, task_id=ETL_job, map_index=3, execution_date=20240424T144000, start_date=20240424T150016, end_date=20240424T150055
[2024-04-24T15:00:55.115+0000] {local_task_job_runner.py:234} INFO - Task exited with return code 0
[2024-04-24T15:00:55.159+0000] {taskinstance.py:3312} INFO - 0 downstream tasks scheduled from follow-on schedule check
