[2024-05-13T18:00:18.137+0000] {local_task_job_runner.py:120} INFO - ::group::Pre task execution logs
[2024-05-13T18:00:18.391+0000] {taskinstance.py:2076} INFO - Dependencies all met for dep_context=non-requeueable deps ti=<TaskInstance: Units_statistics_DAG.ETL_job scheduled__2024-05-13T17:40:00+00:00 map_index=12 [queued]>
[2024-05-13T18:00:18.463+0000] {taskinstance.py:2076} INFO - Dependencies all met for dep_context=requeueable deps ti=<TaskInstance: Units_statistics_DAG.ETL_job scheduled__2024-05-13T17:40:00+00:00 map_index=12 [queued]>
[2024-05-13T18:00:18.463+0000] {taskinstance.py:2306} INFO - Starting attempt 1 of 4
[2024-05-13T18:00:18.586+0000] {taskinstance.py:2330} INFO - Executing <Mapped(_PythonDecoratedOperator): ETL_job> on 2024-05-13 17:40:00+00:00
[2024-05-13T18:00:18.626+0000] {warnings.py:110} WARNING - /home/***/.local/lib/python3.12/site-packages/***/task/task_runner/standard_task_runner.py:61: DeprecationWarning: This process (pid=357) is multi-threaded, use of fork() may lead to deadlocks in the child.
  pid = os.fork()

[2024-05-13T18:00:18.651+0000] {standard_task_runner.py:63} INFO - Started process 378 to run task
[2024-05-13T18:00:18.668+0000] {standard_task_runner.py:90} INFO - Running: ['***', 'tasks', 'run', 'Units_statistics_DAG', 'ETL_job', 'scheduled__2024-05-13T17:40:00+00:00', '--job-id', '56324', '--raw', '--subdir', 'DAGS_FOLDER/Units_dag.py', '--cfg-path', '/tmp/tmp5faa7dt5', '--map-index', '12']
[2024-05-13T18:00:18.670+0000] {standard_task_runner.py:91} INFO - Job 56324: Subtask ETL_job
[2024-05-13T18:00:19.039+0000] {task_command.py:426} INFO - Running <TaskInstance: Units_statistics_DAG.ETL_job scheduled__2024-05-13T17:40:00+00:00 map_index=12 [running]> on host 117fd00757b6
[2024-05-13T18:00:20.012+0000] {taskinstance.py:2648} INFO - Exporting env vars: AIRFLOW_CTX_DAG_OWNER='abeer-araby' AIRFLOW_CTX_DAG_ID='Units_statistics_DAG' AIRFLOW_CTX_TASK_ID='ETL_job' AIRFLOW_CTX_EXECUTION_DATE='2024-05-13T17:40:00+00:00' AIRFLOW_CTX_TRY_NUMBER='1' AIRFLOW_CTX_DAG_RUN_ID='scheduled__2024-05-13T17:40:00+00:00'
[2024-05-13T18:00:20.013+0000] {taskinstance.py:430} INFO - ::endgroup::
[2024-05-13T18:00:20.020+0000] {Units_dag.py:98} INFO - i: 120000, chunk: 10000
[2024-05-13T18:00:20.021+0000] {Units_dag.py:99} INFO - child token is::: eyJ0eXAiOiJKV1QiLCJhbGciOiJIUzI1NiJ9.eyJpc3MiOiJodHRwczovL2FwaS5hZmFxeS5zYS9hdXRoL2xvZ2luX2FzIiwiaWF0IjoxNzE1NjIzMjA1LCJleHAiOjE3MTgyMTUyMDUsIm5iZiI6MTcxNTYyMzIwNSwianRpIjoiMXdWWG9uMVZ2d1h6dnphZiIsInN1YiI6IjVkNjNlNTFlMDNlZDUyOTJhNDJjMjRlNiIsInBydiI6IjI3MGVjZmM3ZWEzZWQ5MzdlYTg0OTM2MmEzYTUwOTEwYzZkOGNlNGYiLCJsb2dpbl9hc19pZCI6IjY1N2YwYWQ3M2Y5NzcyOTVjZjA1NTc2YSJ9.u2FLLTIdLVUI4iKjA44aSW5dMoAsfDSMU88btY3G8_s
[2024-05-13T18:00:41.572+0000] {Units_dag.py:103} INFO - {'_id': '64d0e8ec2dc4dc40496c059c', 'icon': 'icons/icon.png', 'driver_id': '', 'tailer_id': '', 'profile': {'measurement_type': 'count', 'fuel_type': '91', 'year': 0, 'seats': 2, 'max_capacity': None, 'model': None, 'plate_number': None, 'vehicle_type': None, 'vin': None}, 'device_password': '***', 'device_type': 'gps', 'gateway': False, 'business_types': {'waste': False, 'transportation': True, 'water': False}, 'name': 'V0003027 ( 3350NSB )', 'operation_code': 'V0003027', 'device_gateway': None, 'skip_sim_information': False, 'imei': '350612071687725', 'sim_number': '+966830029628522', 'sim_serial': '8996609821111913840', 'device_serial': '1131065348', 'device': 'teltonika', 'user_id': '62bb1bb23c00423a7b3af933', 'created_by': '5e6655bf03ed52e1ab79d301', 'updated_at': '2024-04-18 11:18:59', 'created_at': '2023-08-07 15:51:56', 'shipment_info': None, 'custom_fields': [], 'creator': 'amr.ahmed', 'company': '', 'owner': 'al-yamama-trading-admin', 'last_update': {'dtt': 1715623150000, 'dts': 1715623154362, 'spd': 0, 'ang': 99, 'alt': 167, 'chPrams': {'Speed': {'v': 0, 'cdt': 1715613171000}, 'output1': {'v': False, 'cdt': 1715576072000}, 'output2': {'v': False, 'cdt': 1715576072000}, 'ePwrV': {'v': 12.965, 'cdt': 1715623150000}, 'parm24': {'v': 0, 'cdt': 1715613171000}, 'sat': {'v': 14, 'cdt': 1715623150000}, 'ai1': {'v': 129, 'cdt': 1714538424000}, 'priority': {'v': 0, 'cdt': 1714446052000}, 'type': {'v': 6, 'cdt': 1715142169000}, 'di2': {'v': 0, 'cdt': 1715434020000}, 'di1': {'v': 0, 'cdt': 1715613202000}, 'result': {'v': '5665723a30332e32372e31345f3030204750533a41584e5f352e312e392048773a464d42313230204d6f643a333320494d45493a33353036313230373136383737323520496e69743a323032342d352d3720383a333320557074696d653a353337353938204d41433a333838413231324541393246205350433a312830292041584c3a32204f42443a3020424c3a312e31302042543a34', 'cdt': 1715576050000}, 'protocol': {'v': 'FMB120', 'cdt': 1715576072000}, 'parm6': {'v': 129, 'cdt': 1715221179000}, 'iPwrV': {'v': 4.023, 'cdt': 1715613202000}, 'event': {'v': 0, 'cdt': 1714445452000}}, 'prms': {'protocol': 'FMB120', 'priority': 0, 'sat': 14, 'event': 0, 'di1': 0, 'output1': 0, 'di2': 0, 'output2': 0, 'ePwrV': 12.965, 'Speed': 0, 'parm24': 0, 'iPwrV': 4.023, 'ai1': 129, 'parm6': 129}, 'devPrms': ['protocol', 'priority', 'sat', 'event', 'di1', 'output1', 'di2', 'output2', 'ePwrV', 'Speed', 'parm24', 'iPwrV', 'ai1', 'parm6'], 'old_params': {'Speed': 0, 'output1': 0, 'output2': 0, 'ePwrV': 12.967, 'parm24': 0, 'sat': 15, 'ai1': 129, 'priority': 0, 'di2': 0, 'di1': 0, 'protocol': 'teltonika', 'parm6': 129, 'iPwrV': 4.023, 'event': 0}, 'vLoc': 1, 'vCon': 1, 'ip': '109.83.162.122', 'rl': 0, 'trl': 70413.1134, 'mdu': 0, 'tmdu': 3608351, 'eidl': 0, 'teidl': 2802296, 'fc': 0, 'tfc': 513.696804, 'acc': 0, 'accOn': 6594946, 'accOff': 636128877, 'sdu': 301, 'tsdu': 9948, 'lat': 25.3317166, 'lng': 49.5758183}, 'counters': {'odometer_type': 'gps', 'odometer': 239700.7975, 'engine_hours_type': 'acc', 'engine_hours': 6594946, 'last_acc': 0}, 'is_wasl_connected': 'Not Connected', 'iconUrl': 'https://api.afaqy.sa/images/units/icons/icon.png', 'hasCCTV': False}
[2024-05-13T18:00:42.954+0000] {warnings.py:110} WARNING - /home/***/.local/lib/python3.12/site-packages/elasticsearch/_sync/client/__init__.py:399: SecurityWarning: Connecting to 'https://dbelk2.afaqy.local:9200' using TLS with verify_certs=False is insecure
  _transport = transport_class(

[2024-05-13T18:00:43.150+0000] {warnings.py:110} WARNING - /home/***/.local/lib/python3.12/site-packages/elasticsearch/_sync/client/__init__.py:399: SecurityWarning: Connecting to 'https://dbelk1.afaqy.local:9200' using TLS with verify_certs=False is insecure
  _transport = transport_class(

[2024-05-13T18:00:43.321+0000] {warnings.py:110} WARNING - /home/***/.local/lib/python3.12/site-packages/elasticsearch/_sync/client/__init__.py:399: SecurityWarning: Connecting to 'https://dbelk3.afaqy.local:9200' using TLS with verify_certs=False is insecure
  _transport = transport_class(

[2024-05-13T18:00:43.408+0000] {warnings.py:110} WARNING - /home/***/.local/lib/python3.12/site-packages/urllib3/connectionpool.py:1103: InsecureRequestWarning: Unverified HTTPS request is being made to host 'dbelk2.afaqy.local'. Adding certificate verification is strongly advised. See: https://urllib3.readthedocs.io/en/latest/advanced-usage.html#tls-warnings
  warnings.warn(

[2024-05-13T18:00:43.479+0000] {_transport.py:349} INFO - GET https://dbelk2.afaqy.local:9200/_cluster/health [status:200 duration:0.148s]
[2024-05-13T18:01:06.729+0000] {warnings.py:110} WARNING - /home/***/.local/lib/python3.12/site-packages/urllib3/connectionpool.py:1103: InsecureRequestWarning: Unverified HTTPS request is being made to host 'dbelk1.afaqy.local'. Adding certificate verification is strongly advised. See: https://urllib3.readthedocs.io/en/latest/advanced-usage.html#tls-warnings
  warnings.warn(

[2024-05-13T18:01:06.749+0000] {_transport.py:372} INFO - PUT https://dbelk1.afaqy.local:9200/units_statistics_***/_bulk [status:N/A duration:19.058s]
[2024-05-13T18:01:06.758+0000] {_node_pool.py:249} WARNING - Node <Urllib3HttpNode(https://dbelk1.afaqy.local:9200)> has failed for 1 times in a row, putting on 1 second timeout
[2024-05-13T18:01:06.758+0000] {_transport.py:415} WARNING - Retrying request after failure (attempt 0 of 3)
Traceback (most recent call last):
  File "/home/airflow/.local/lib/python3.12/site-packages/elastic_transport/_transport.py", line 342, in perform_request
    resp = node.perform_request(
           ^^^^^^^^^^^^^^^^^^^^^
  File "/home/airflow/.local/lib/python3.12/site-packages/elastic_transport/_node/_http_urllib3.py", line 202, in perform_request
    raise err from None
elastic_transport.TlsError: TLS error caused by: SSLError(EOF occurred in violation of protocol (_ssl.c:2406))
[2024-05-13T18:01:06.872+0000] {warnings.py:110} WARNING - /home/***/.local/lib/python3.12/site-packages/urllib3/connectionpool.py:1103: InsecureRequestWarning: Unverified HTTPS request is being made to host 'dbelk2.afaqy.local'. Adding certificate verification is strongly advised. See: https://urllib3.readthedocs.io/en/latest/advanced-usage.html#tls-warnings
  warnings.warn(

[2024-05-13T18:01:08.552+0000] {_transport.py:349} INFO - PUT https://dbelk2.afaqy.local:9200/units_statistics_***/_bulk [status:200 duration:1.710s]
[2024-05-13T18:01:08.984+0000] {python.py:237} INFO - Done. Returned value was: None
[2024-05-13T18:01:08.985+0000] {taskinstance.py:441} INFO - ::group::Post task execution logs
[2024-05-13T18:01:09.006+0000] {taskinstance.py:1206} INFO - Marking task as SUCCESS. dag_id=Units_statistics_DAG, task_id=ETL_job, run_id=scheduled__2024-05-13T17:40:00+00:00, map_index=12, execution_date=20240513T174000, start_date=20240513T180018, end_date=20240513T180109
[2024-05-13T18:01:09.179+0000] {local_task_job_runner.py:240} INFO - Task exited with return code 0
[2024-05-13T18:01:09.230+0000] {taskinstance.py:3498} INFO - 0 downstream tasks scheduled from follow-on schedule check
[2024-05-13T18:01:09.233+0000] {local_task_job_runner.py:222} INFO - ::endgroup::
