[2024-05-10T11:00:15.483+0000] {taskinstance.py:1979} INFO - Dependencies all met for dep_context=non-requeueable deps ti=<TaskInstance: Units_statistics_DAG.ETL_job scheduled__2024-05-10T10:40:00+00:00 map_index=4 [queued]>
[2024-05-10T11:00:15.554+0000] {taskinstance.py:1979} INFO - Dependencies all met for dep_context=requeueable deps ti=<TaskInstance: Units_statistics_DAG.ETL_job scheduled__2024-05-10T10:40:00+00:00 map_index=4 [queued]>
[2024-05-10T11:00:15.559+0000] {taskinstance.py:2193} INFO - Starting attempt 1 of 4
[2024-05-10T11:00:15.629+0000] {taskinstance.py:2217} INFO - Executing <Mapped(_PythonDecoratedOperator): ETL_job> on 2024-05-10 10:40:00+00:00
[2024-05-10T11:00:15.664+0000] {standard_task_runner.py:60} INFO - Started process 912412 to run task
[2024-05-10T11:00:15.704+0000] {standard_task_runner.py:87} INFO - Running: ['***', 'tasks', 'run', 'Units_statistics_DAG', 'ETL_job', 'scheduled__2024-05-10T10:40:00+00:00', '--job-id', '47521', '--raw', '--subdir', 'DAGS_FOLDER/Units_dag.py', '--cfg-path', '/tmp/tmp35va1epq', '--map-index', '4']
[2024-05-10T11:00:15.706+0000] {standard_task_runner.py:88} INFO - Job 47521: Subtask ETL_job
[2024-05-10T11:00:15.961+0000] {task_command.py:423} INFO - Running <TaskInstance: Units_statistics_DAG.ETL_job scheduled__2024-05-10T10:40:00+00:00 map_index=4 [running]> on host a09da322e808
[2024-05-10T11:00:16.449+0000] {taskinstance.py:2513} INFO - Exporting env vars: AIRFLOW_CTX_DAG_OWNER='abeer-araby' AIRFLOW_CTX_DAG_ID='Units_statistics_DAG' AIRFLOW_CTX_TASK_ID='ETL_job' AIRFLOW_CTX_EXECUTION_DATE='2024-05-10T10:40:00+00:00' AIRFLOW_CTX_TRY_NUMBER='1' AIRFLOW_CTX_DAG_RUN_ID='scheduled__2024-05-10T10:40:00+00:00'
[2024-05-10T11:00:16.450+0000] {Units_dag.py:98} INFO - i: 40000, chunk: 10000
[2024-05-10T11:00:16.450+0000] {Units_dag.py:99} INFO - child token is::: eyJ0eXAiOiJKV1QiLCJhbGciOiJIUzI1NiJ9.eyJpc3MiOiJodHRwczovL2FwaS5hZmFxeS5zYS9hdXRoL2xvZ2luX2FzIiwiaWF0IjoxNzE1MzM4ODA1LCJleHAiOjE3MTc5MzA4MDUsIm5iZiI6MTcxNTMzODgwNSwianRpIjoibEJxTmVQWURxWk1KVmt1ayIsInN1YiI6IjVkNjNlNTFlMDNlZDUyOTJhNDJjMjRlNiIsInBydiI6IjI3MGVjZmM3ZWEzZWQ5MzdlYTg0OTM2MmEzYTUwOTEwYzZkOGNlNGYiLCJsb2dpbl9hc19pZCI6IjY1N2YwYWQ3M2Y5NzcyOTVjZjA1NTc2YSJ9.-tAnRc6O9wwcqDrhYSXpzuwYlVUecH40AokwlJ3dp7A
[2024-05-10T11:00:50.265+0000] {Units_dag.py:103} INFO - {'_id': '6267e59fbf878d4b7341742e', 'icon': 'icons/icon.png', 'driver_id': '', 'tailer_id': '', 'profile': {'vehicle_type': '', 'measurement_type': 'count', 'max_capacity': 0, 'vin': '', 'plate_number': '', 'start_operation': '', 'contract_milage': '', 'opening_milage': '', 'model': '', 'fuel_type': '91', 'year': 0, 'seats': 2}, 'device_password': '***', 'device_type': 'gps', 'gateway': False, 'name': '1945LBR', 'operation_code': '', 'device_gateway': '', 'business_types': {'waste': False, 'transportation': False, 'water': False}, 'imei': '860665057505892', 'sim_number': '+966830028521009', 'sim_serial': '8996609821110926076', 'device_serial': '860665057505892', 'device': 'bce', 'user_id': '605b2ce24dfbf765482210f2', 'created_by': '62271a5cd4ce5c43410dd468', 'updated_at': '2024-04-18 11:18:59', 'created_at': '2022-04-26 15:29:19', 'custom_fields': [], 'creator': '', 'company': '', 'owner': 'theeb-admin', 'last_update': {'dtt': 1715338554000, 'dts': 1715338574354, 'spd': 71, 'ang': 236, 'alt': 936, 'chPrams': {'ePwrV': {'v': 12.231, 'cdt': 1715338554000}, 'di16': {'v': 1, 'cdt': 1713280500000}, 'rssi1': {'v': 81, 'cdt': 1715338554000}, 'di15': {'v': 0, 'cdt': 1713280500000}, 'di14': {'v': 0, 'cdt': 1715338384000}, 'di13': {'v': 0, 'cdt': 1713280500000}, 'di12': {'v': 0, 'cdt': 1713280500000}, 'di11': {'v': 0, 'cdt': 1713280500000}, 'di10': {'v': 0, 'cdt': 1713280500000}, 'di2': {'v': 0, 'cdt': 1713280500000}, 'ai4': {'v': 258, 'cdt': 1715338384000}, 'di1': {'v': 1, 'cdt': 1715337828000}, 'di4': {'v': 0, 'cdt': 1713280500000}, 'di3': {'v': 0, 'cdt': 1713280500000}, 'di6': {'v': 0, 'cdt': 1713280500000}, 'di5': {'v': 0, 'cdt': 1715292842000}, 'lac1': {'v': 1910, 'cdt': 1715338118000}, 'di8': {'v': 1, 'cdt': 1713100512000}, 'protocol': {'v': 'bce', 'cdt': 1713280500000}, 'di7': {'v': 0, 'cdt': 1715293142000}, 'di9': {'v': 0, 'cdt': 1713905192000}, 'iPwrV': {'v': 4.075, 'cdt': 1715338412000}, 'humidity': {'v': -1, 'cdt': 1713280500000}, 'cid1': {'v': 45552, 'cdt': 1715338468000}, 'temp': {'v': -273, 'cdt': 1713280500000}, 'odometer': {'v': 1141560895, 'cdt': 1715338554000}, 'spd': {'v': 71, 'cdt': 1715338440000}, 'sat': {'v': 12, 'cdt': 1715322148000}, 'hdop': {'v': 1, 'cdt': 1715297684000}, 'ta': {'v': 0, 'cdt': 1713280500000}, 'mcc1': {'v': 420, 'cdt': 1714312884000}, 'mnc1': {'v': 3, 'cdt': 1714312884000}}, 'prms': {'protocol': 'bce', 'spd': 71, 'sat': 12, 'hdop': 1, 'odometer': 1141560895, 'di16': 1, 'di15': 0, 'di14': 0, 'di13': 0, 'di12': 0, 'di11': 0, 'di10': 0, 'di9': 0, 'di8': 1, 'di7': 0, 'di6': 0, 'di5': 0, 'di4': 0, 'di3': 0, 'di2': 0, 'di1': 1, 'ePwrV': 12.231, 'ai4': 258, 'iPwrV': 4.075, 'ta': 0, 'mcc1': 420, 'mnc1': 3, 'lac1': 1910, 'cid1': 45552, 'rssi1': 81, 'temp': -273, 'humidity': -1}, 'devPrms': ['protocol', 'spd', 'sat', 'hdop', 'odometer', 'di16', 'di15', 'di14', 'di13', 'di12', 'di11', 'di10', 'di9', 'di8', 'di7', 'di6', 'di5', 'di4', 'di3', 'di2', 'di1', 'ePwrV', 'ai4', 'iPwrV', 'ta', 'mcc1', 'mnc1', 'lac1', 'cid1', 'rssi1', 'temp', 'humidity'], 'old_params': {'protocol': 'bce', 'spd': 71, 'sat': 12, 'hdop': 1, 'odometer': 1141563993, 'di16': 1, 'di15': 0, 'di14': 0, 'di13': 0, 'di12': 0, 'di11': 0, 'di10': 0, 'di9': 0, 'di8': 1, 'di7': 0, 'di6': 0, 'di5': 0, 'di4': 0, 'di3': 0, 'di2': 0, 'di1': 1, 'ePwrV': 12.24, 'ai4': 258, 'iPwrV': 4.075, 'ta': 0, 'mcc1': 420, 'mnc1': 3, 'lac1': 1910, 'cid1': 45552, 'rssi1': 70, 'temp': -273, 'humidity': -1}, 'vLoc': 1, 'vCon': 1, 'ip': '109.83.190.52', 'rl': 0, 'trl': 51526.9971, 'mdu': 0, 'tmdu': 2203292, 'eidl': 0, 'teidl': 5693276, 'fc': 0, 'tfc': 1.092264, 'acc': 0, 'accOn': 8896578, 'accOff': 59716282, 'sdu': 0, 'tsdu': 0, 'lat': 23.51165199279785, 'lng': 44.42121124267578}, 'counters': {'odometer_type': 'gps', 'odometer': 51526.9971, 'engine_hours_type': 'acc', 'engine_hours': 8896578, 'last_acc': 0}, 'is_wasl_connected': 'Not Connected', 'iconUrl': 'https://api.afaqy.sa/images/units/icons/icon.png', 'hasCCTV': False}
[2024-05-10T11:00:51.033+0000] {warnings.py:109} WARNING - /home/***/.local/lib/python3.8/site-packages/elasticsearch/_sync/client/__init__.py:399: SecurityWarning: Connecting to 'https://dbelk1.afaqy.local:9200' using TLS with verify_certs=False is insecure
  _transport = transport_class(

[2024-05-10T11:00:51.068+0000] {warnings.py:109} WARNING - /home/***/.local/lib/python3.8/site-packages/elasticsearch/_sync/client/__init__.py:399: SecurityWarning: Connecting to 'https://dbelk3.afaqy.local:9200' using TLS with verify_certs=False is insecure
  _transport = transport_class(

[2024-05-10T11:00:51.100+0000] {warnings.py:109} WARNING - /home/***/.local/lib/python3.8/site-packages/elasticsearch/_sync/client/__init__.py:399: SecurityWarning: Connecting to 'https://dbelk2.afaqy.local:9200' using TLS with verify_certs=False is insecure
  _transport = transport_class(

[2024-05-10T11:00:51.118+0000] {warnings.py:109} WARNING - /home/***/.local/lib/python3.8/site-packages/urllib3/connectionpool.py:1061: InsecureRequestWarning: Unverified HTTPS request is being made to host 'dbelk1.afaqy.local'. Adding certificate verification is strongly advised. See: https://urllib3.readthedocs.io/en/1.26.x/advanced-usage.html#ssl-warnings
  warnings.warn(

[2024-05-10T11:00:51.170+0000] {_transport.py:335} INFO - GET https://dbelk1.afaqy.local:9200/_cluster/health [status:200 duration:0.069s]
[2024-05-10T11:00:51.662+0000] {warnings.py:109} WARNING - /home/***/.local/lib/python3.8/site-packages/urllib3/connectionpool.py:1061: InsecureRequestWarning: Unverified HTTPS request is being made to host 'dbelk3.afaqy.local'. Adding certificate verification is strongly advised. See: https://urllib3.readthedocs.io/en/1.26.x/advanced-usage.html#ssl-warnings
  warnings.warn(

[2024-05-10T11:00:51.722+0000] {_transport.py:335} INFO - PUT https://dbelk3.afaqy.local:9200/units_statistics_***/_bulk [status:429 duration:0.077s]
[2024-05-10T11:00:51.723+0000] {_node_pool.py:249} WARNING - Node <Urllib3HttpNode(https://dbelk3.afaqy.local:9200)> has failed for 1 times in a row, putting on 1 second timeout
[2024-05-10T11:00:51.724+0000] {_transport.py:427} WARNING - Retrying request after non-successful status 429 (attempt 0 of 3)
[2024-05-10T11:00:51.725+0000] {warnings.py:109} WARNING - /home/***/.local/lib/python3.8/site-packages/urllib3/connectionpool.py:1061: InsecureRequestWarning: Unverified HTTPS request is being made to host 'dbelk1.afaqy.local'. Adding certificate verification is strongly advised. See: https://urllib3.readthedocs.io/en/1.26.x/advanced-usage.html#ssl-warnings
  warnings.warn(

[2024-05-10T11:01:06.026+0000] {_transport.py:335} INFO - PUT https://dbelk1.afaqy.local:9200/units_statistics_***/_bulk [status:200 duration:14.301s]
[2024-05-10T11:01:06.231+0000] {python.py:202} INFO - Done. Returned value was: None
[2024-05-10T11:01:06.251+0000] {taskinstance.py:1149} INFO - Marking task as SUCCESS. dag_id=Units_statistics_DAG, task_id=ETL_job, map_index=4, execution_date=20240510T104000, start_date=20240510T110015, end_date=20240510T110106
[2024-05-10T11:01:06.302+0000] {local_task_job_runner.py:234} INFO - Task exited with return code 0
[2024-05-10T11:01:06.329+0000] {taskinstance.py:3312} INFO - 0 downstream tasks scheduled from follow-on schedule check
