[2024-04-29T01:00:17.429+0000] {taskinstance.py:1979} INFO - Dependencies all met for dep_context=non-requeueable deps ti=<TaskInstance: Units_statistics_DAG.ETL_job scheduled__2024-04-29T00:40:00+00:00 map_index=5 [queued]>
[2024-04-29T01:00:17.510+0000] {taskinstance.py:1979} INFO - Dependencies all met for dep_context=requeueable deps ti=<TaskInstance: Units_statistics_DAG.ETL_job scheduled__2024-04-29T00:40:00+00:00 map_index=5 [queued]>
[2024-04-29T01:00:17.511+0000] {taskinstance.py:2193} INFO - Starting attempt 1 of 4
[2024-04-29T01:00:17.667+0000] {taskinstance.py:2217} INFO - Executing <Mapped(_PythonDecoratedOperator): ETL_job> on 2024-04-29 00:40:00+00:00
[2024-04-29T01:00:17.752+0000] {standard_task_runner.py:60} INFO - Started process 626838 to run task
[2024-04-29T01:00:17.821+0000] {standard_task_runner.py:87} INFO - Running: ['***', 'tasks', 'run', 'Units_statistics_DAG', 'ETL_job', 'scheduled__2024-04-29T00:40:00+00:00', '--job-id', '22133', '--raw', '--subdir', 'DAGS_FOLDER/Units_dag.py', '--cfg-path', '/tmp/tmp4dr3p0l4', '--map-index', '5']
[2024-04-29T01:00:17.846+0000] {standard_task_runner.py:88} INFO - Job 22133: Subtask ETL_job
[2024-04-29T01:00:18.384+0000] {task_command.py:423} INFO - Running <TaskInstance: Units_statistics_DAG.ETL_job scheduled__2024-04-29T00:40:00+00:00 map_index=5 [running]> on host a09da322e808
[2024-04-29T01:00:18.887+0000] {taskinstance.py:2513} INFO - Exporting env vars: AIRFLOW_CTX_DAG_OWNER='abeer-araby' AIRFLOW_CTX_DAG_ID='Units_statistics_DAG' AIRFLOW_CTX_TASK_ID='ETL_job' AIRFLOW_CTX_EXECUTION_DATE='2024-04-29T00:40:00+00:00' AIRFLOW_CTX_TRY_NUMBER='1' AIRFLOW_CTX_DAG_RUN_ID='scheduled__2024-04-29T00:40:00+00:00'
[2024-04-29T01:00:18.888+0000] {Units_dag.py:99} INFO - i: 50000, chunk: 10000
[2024-04-29T01:00:18.888+0000] {Units_dag.py:100} INFO - child token is::: eyJ0eXAiOiJKV1QiLCJhbGciOiJIUzI1NiJ9.eyJpc3MiOiJodHRwczovL2FwaS5hZmFxeS5zYS9hdXRoL2xvZ2luX2FzIiwiaWF0IjoxNzE0MzUyNDA0LCJleHAiOjE3MTY5NDQ0MDQsIm5iZiI6MTcxNDM1MjQwNCwianRpIjoicjM2NWZoSXltdktyT0ZnYiIsInN1YiI6IjVkNjNlNTFlMDNlZDUyOTJhNDJjMjRlNiIsInBydiI6IjI3MGVjZmM3ZWEzZWQ5MzdlYTg0OTM2MmEzYTUwOTEwYzZkOGNlNGYiLCJsb2dpbl9hc19pZCI6IjY1N2YwYWQ3M2Y5NzcyOTVjZjA1NTc2YSJ9.fwTln1p7orpLifg45oQ2tA5vGiqSXovHz7AG05bMbUI
[2024-04-29T01:00:44.549+0000] {Units_dag.py:104} INFO - {'_id': '62aedc4f69ba0965b501fb27', 'icon': 'icons/G_13.png', 'driver_id': '', 'tailer_id': '', 'profile': {'vehicle_type': None, 'measurement_type': 'count', 'max_capacity': 0, 'vin': None, 'plate_number': None, 'start_operation': None, 'contract_milage': None, 'opening_milage': None, 'model': None, 'fuel_type': '91', 'year': 0, 'seats': 2}, 'device_password': '***', 'device_type': 'gps', 'gateway': False, 'name': '0138', 'operation_code': '138', 'device_gateway': '', 'business_types': {'waste': False, 'transportation': False, 'water': False, 'hajj': True}, 'imei': '358480082920440', 'sim_number': '+966830030799946', 'sim_serial': '421276213348', 'device_serial': '1102108444', 'device': 'teltonika', 'user_id': '62ae28f6e2df4352f3455062', 'created_by': '5d5d152003ed5207c22d6fb5', 'updated_at': '2024-04-18 11:18:59', 'created_at': '2022-06-19 11:20:31', 'custom_fields': [], 'creator': 'diaa.ahmed', 'company': 'مؤسسة بسمة اعمار لنقل الحجاج والمعتمرين', 'owner': 'basma-emaar-hajj', 'last_update': {'dtt': 1714352272714, 'dts': 1714352275892, 'spd': 0, 'ang': 324, 'alt': 180, 'chPrams': {'Speed': {'v': 0, 'cdt': 1714351642726}, 'output1': {'v': False, 'cdt': 1714349215777}, 'motion': {'v': False, 'cdt': 1714351972722}, 'ePwrV': {'v': 25.534, 'cdt': 1714352272714}, 'parm24': {'v': 0, 'cdt': 1714351642726}, 'sat': {'v': 9, 'cdt': 1714352272714}, 'priority': {'v': 0, 'cdt': 1714349660769}, 'di2': {'v': 0, 'cdt': 2509090122285}, 'type': {'v': 6, 'cdt': 1713781855265}, 'di1': {'v': 0, 'cdt': 1714349660769}, 'result': {'v': '5665723a30312e30302e303520494d45493a3335383438303038323932303434302049443a333320424c3a31362e3041204d6f64656d3a30312e30302e30312e30305f3030352048773a464d423634302048572e3320455854205350433a3128302920', 'cdt': 1713781855265}, 'protocol': {'v': 'FMB640', 'cdt': 1714349215777}, 'iPwrV': {'v': 10.593, 'cdt': 1714352272714}, 'event': {'v': 0, 'cdt': 1714349660769}}, 'prms': {'protocol': 'FMB640', 'priority': 0, 'sat': 9, 'event': 0, 'di1': 0, 'di2': 0, 'output1': 0, 'motion': 0, 'iPwrV': 10.593, 'ePwrV': 25.534, 'Speed': 0, 'parm24': 0}, 'devPrms': ['Speed', 'output1', 'motion', 'ePwrV', 'parm24', 'sat', 'priority', 'di2', 'type', 'di1', 'result', 'protocol', 'iPwrV', 'event'], 'old_params': {'protocol': 'FMB640', 'priority': 0, 'sat': 7, 'event': 0, 'di1': 0, 'di2': 0, 'output1': 0, 'motion': 0, 'iPwrV': 9.719, 'ePwrV': 25.567, 'Speed': 0, 'parm24': 0}, 'vLoc': 1, 'vCon': 1, 'ip': '51.39.42.69', 'rl': 0, 'trl': 704072.5812, 'mdu': 0, 'tmdu': 26773883, 'eidl': 0, 'teidl': 16908856, 'fc': 0, 'tfc': 0.033048, 'acc': 0, 'accOn': 1176262448, 'accOff': 3487172840, 'sdu': 299, 'tsdu': 628, 'lat': 21.4228266, 'lng': 39.5082533}, 'counters': {'odometer_type': 'gps', 'odometer': 704072.5812, 'engine_hours_type': 'acc', 'engine_hours': 1176262448, 'last_acc': 0}, 'is_wasl_connected': 'Not Connected', 'iconUrl': 'https://api.afaqy.sa/images/units/icons/G_13.png', 'hasCCTV': False}
[2024-04-29T01:00:45.984+0000] {warnings.py:109} WARNING - /home/***/.local/lib/python3.8/site-packages/elasticsearch/_sync/client/__init__.py:399: SecurityWarning: Connecting to 'https://dbelk2.afaqy.local:9200' using TLS with verify_certs=False is insecure
  _transport = transport_class(

[2024-04-29T01:00:46.102+0000] {warnings.py:109} WARNING - /home/***/.local/lib/python3.8/site-packages/elasticsearch/_sync/client/__init__.py:399: SecurityWarning: Connecting to 'https://dbelk3.afaqy.local:9200' using TLS with verify_certs=False is insecure
  _transport = transport_class(

[2024-04-29T01:00:46.285+0000] {warnings.py:109} WARNING - /home/***/.local/lib/python3.8/site-packages/elasticsearch/_sync/client/__init__.py:399: SecurityWarning: Connecting to 'https://dbelk1.afaqy.local:9200' using TLS with verify_certs=False is insecure
  _transport = transport_class(

[2024-04-29T01:00:47.434+0000] {warnings.py:109} WARNING - /home/***/.local/lib/python3.8/site-packages/urllib3/connectionpool.py:1061: InsecureRequestWarning: Unverified HTTPS request is being made to host 'dbelk2.afaqy.local'. Adding certificate verification is strongly advised. See: https://urllib3.readthedocs.io/en/1.26.x/advanced-usage.html#ssl-warnings
  warnings.warn(

[2024-04-29T01:00:47.523+0000] {_transport.py:335} INFO - GET https://dbelk2.afaqy.local:9200/_cluster/health [status:200 duration:1.234s]
[2024-04-29T01:00:48.775+0000] {warnings.py:109} WARNING - /home/***/.local/lib/python3.8/site-packages/urllib3/connectionpool.py:1061: InsecureRequestWarning: Unverified HTTPS request is being made to host 'dbelk3.afaqy.local'. Adding certificate verification is strongly advised. See: https://urllib3.readthedocs.io/en/1.26.x/advanced-usage.html#ssl-warnings
  warnings.warn(

[2024-04-29T01:00:50.911+0000] {_transport.py:335} INFO - PUT https://dbelk3.afaqy.local:9200/units_statistics_***/_bulk [status:200 duration:2.158s]
[2024-04-29T01:00:51.273+0000] {python.py:202} INFO - Done. Returned value was: None
[2024-04-29T01:00:51.291+0000] {taskinstance.py:1149} INFO - Marking task as SUCCESS. dag_id=Units_statistics_DAG, task_id=ETL_job, map_index=5, execution_date=20240429T004000, start_date=20240429T010017, end_date=20240429T010051
[2024-04-29T01:00:51.333+0000] {local_task_job_runner.py:234} INFO - Task exited with return code 0
[2024-04-29T01:00:51.366+0000] {taskinstance.py:3312} INFO - 0 downstream tasks scheduled from follow-on schedule check
