[2024-04-23T00:00:15.667+0000] {taskinstance.py:1979} INFO - Dependencies all met for dep_context=non-requeueable deps ti=<TaskInstance: Units_statistics_DAG.ETL_job scheduled__2024-04-22T23:40:00+00:00 map_index=2 [queued]>
[2024-04-23T00:00:15.742+0000] {taskinstance.py:1979} INFO - Dependencies all met for dep_context=requeueable deps ti=<TaskInstance: Units_statistics_DAG.ETL_job scheduled__2024-04-22T23:40:00+00:00 map_index=2 [queued]>
[2024-04-23T00:00:15.747+0000] {taskinstance.py:2193} INFO - Starting attempt 1 of 4
[2024-04-23T00:00:15.839+0000] {taskinstance.py:2217} INFO - Executing <Mapped(_PythonDecoratedOperator): ETL_job> on 2024-04-22 23:40:00+00:00
[2024-04-23T00:00:15.892+0000] {standard_task_runner.py:60} INFO - Started process 482671 to run task
[2024-04-23T00:00:15.937+0000] {standard_task_runner.py:87} INFO - Running: ['***', 'tasks', 'run', 'Units_statistics_DAG', 'ETL_job', 'scheduled__2024-04-22T23:40:00+00:00', '--job-id', '12174', '--raw', '--subdir', 'DAGS_FOLDER/Units_dag.py', '--cfg-path', '/tmp/tmpb82le8g5', '--map-index', '2']
[2024-04-23T00:00:15.951+0000] {standard_task_runner.py:88} INFO - Job 12174: Subtask ETL_job
[2024-04-23T00:00:16.189+0000] {task_command.py:423} INFO - Running <TaskInstance: Units_statistics_DAG.ETL_job scheduled__2024-04-22T23:40:00+00:00 map_index=2 [running]> on host a09da322e808
[2024-04-23T00:00:16.667+0000] {taskinstance.py:2513} INFO - Exporting env vars: AIRFLOW_CTX_DAG_OWNER='abeer-araby' AIRFLOW_CTX_DAG_ID='Units_statistics_DAG' AIRFLOW_CTX_TASK_ID='ETL_job' AIRFLOW_CTX_EXECUTION_DATE='2024-04-22T23:40:00+00:00' AIRFLOW_CTX_TRY_NUMBER='1' AIRFLOW_CTX_DAG_RUN_ID='scheduled__2024-04-22T23:40:00+00:00'
[2024-04-23T00:00:16.669+0000] {Units_dag.py:99} INFO - i: 20000, chunk: 10000
[2024-04-23T00:00:16.669+0000] {Units_dag.py:100} INFO - child token is::: eyJ0eXAiOiJKV1QiLCJhbGciOiJIUzI1NiJ9.eyJpc3MiOiJodHRwczovL2FwaS5hZmFxeS5zYS9hdXRoL2xvZ2luX2FzIiwiaWF0IjoxNzEzODMwNDA0LCJleHAiOjE3MTY0MjI0MDQsIm5iZiI6MTcxMzgzMDQwNCwianRpIjoiRlVLQWF2a1NmeTlObG9STCIsInN1YiI6IjVkNjNlNTFlMDNlZDUyOTJhNDJjMjRlNiIsInBydiI6IjI3MGVjZmM3ZWEzZWQ5MzdlYTg0OTM2MmEzYTUwOTEwYzZkOGNlNGYiLCJsb2dpbl9hc19pZCI6IjY1N2YwYWQ3M2Y5NzcyOTVjZjA1NTc2YSJ9.ZrNsNfoL3GLV33DnCqXuEaxkSmgE-vsbAn4xOqmq3lA
[2024-04-23T00:00:36.211+0000] {Units_dag.py:104} INFO - {'_id': '6183b7bb811325531561b5e9', 'icon': 'icons/icon.png', 'driver_id': '', 'tailer_id': '', 'profile': {'vehicle_type': '', 'measurement_type': 'count', 'max_capacity': 0, 'vin': '', 'plate_number': '', 'start_operation': '', 'contract_milage': '', 'opening_milage': '', 'model': '', 'fuel_type': '91', 'year': 0, 'seats': 2}, 'device_password': '***', 'device_type': 'gps', 'gateway': False, 'name': '1737  A A R', 'operation_code': 'fa80c3ea-ce97-4028-a150-217c7298172c', 'device_gateway': '', 'business_types': {'waste': False, 'transportation': True, 'water': False}, 'imei': '867556044758293', 'sim_number': '+966830020124758', 'sim_serial': '996641520415761388', 'device_serial': '867556044758293', 'device': 'bce', 'user_id': '5f0d614303ed52b67f28d078', 'created_by': '5e6655bf03ed52e1ab79d301', 'updated_at': '2024-04-18 11:18:59', 'created_at': '2021-11-04 13:36:43', 'custom_fields': [], 'creator': 'amr.ahmed', 'company': '', 'owner': 'alwefaq-idrive', 'last_update': {'dtt': 1644639806000, 'dts': 1644639817950, 'spd': 0, 'ang': 0, 'alt': 0, 'chPrams': {'ePwrV': {'v': 0, 'cdt': 1644639776000}, 'di16': {'v': 1, 'cdt': 1643535596000}, 'rssi1': {'v': 93, 'cdt': 1644639806000}, 'di15': {'v': 0, 'cdt': 1644358748000}, 'di14': {'v': 0, 'cdt': 1644639064000}, 'di13': {'v': 0, 'cdt': 1643535596000}, 'di12': {'v': 0, 'cdt': 1643535596000}, 'di11': {'v': 0, 'cdt': 1643535596000}, 'di10': {'v': 0, 'cdt': 1643535596000}, 'di2': {'v': 0, 'cdt': 1643535596000}, 'ai4': {'v': 206, 'cdt': 1644639776000}, 'di1': {'v': 0, 'cdt': 1644639146000}, 'di4': {'v': 0, 'cdt': 1643535596000}, 'di3': {'v': 0, 'cdt': 1643535596000}, 'di6': {'v': 0, 'cdt': 1643535596000}, 'di5': {'v': 1, 'cdt': 1644614454000}, 'lac1': {'v': 1706, 'cdt': 1644633026000}, 'protocol': {'v': 'bce', 'cdt': 1643535596000}, 'di8': {'v': 0, 'cdt': 1644639776000}, 'di7': {'v': 0, 'cdt': 1644639806000}, 'di9': {'v': 0, 'cdt': 1643535596000}, 'iPwrV': {'v': 4.034, 'cdt': 1644639806000}, 'cid1': {'v': 17383, 'cdt': 1644639026000}, 'odometer': {'v': 0, 'cdt': 1644639128000}, 'spd': {'v': 0, 'cdt': 1644639146000}, 'sat': {'v': 9, 'cdt': 1644639714000}, 'hdop': {'v': 1, 'cdt': 1644639072000}, 'ta': {'v': 0, 'cdt': 1643804612000}, 'mcc1': {'v': 420, 'cdt': 1643804612000}, 'mnc1': {'v': 3, 'cdt': 1643804612000}}, 'prms': {'protocol': 'bce', 'di16': 1, 'di15': 0, 'di14': 0, 'di13': 0, 'di12': 0, 'di11': 0, 'di10': 0, 'di9': 0, 'di8': 0, 'di7': 0, 'di6': 0, 'di5': 1, 'di4': 0, 'di3': 0, 'di2': 0, 'di1': 0, 'ePwrV': 0, 'ai4': 206, 'iPwrV': 4.034, 'ta': 0, 'mcc1': 420, 'mnc1': 3, 'lac1': 1706, 'cid1': 17383, 'rssi1': 93}, 'devPrms': ['protocol', 'spd', 'sat', 'hdop', 'odometer', 'di16', 'di15', 'di14', 'di13', 'di12', 'di11', 'di10', 'di9', 'di8', 'di7', 'di6', 'di5', 'di4', 'di3', 'di2', 'di1', 'ePwrV', 'ai4', 'iPwrV', 'ta', 'mcc1', 'mnc1', 'lac1', 'cid1', 'rssi1'], 'vLoc': 0, 'vCon': 0, 'ip': '37.121.123.82', 'rl': 0, 'trl': 10055.6781, 'mdu': 0, 'tmdu': 657124, 'eidl': 30, 'teidl': 1131726, 'fc': 0, 'tfc': 49.0301, 'acc': 1, 'accOn': 1569344, 'accOff': 7455002, 'sdu': 0, 'tsdu': 0, 'lat': 0, 'lng': 0}, 'counters': {'odometer_type': 'gps', 'odometer': 10075.67, 'engine_hours_type': 'acc', 'engine_hours': 1569348}, 'is_wasl_connected': 'Not Connected', 'iconUrl': 'https://api.afaqy.sa/images/units/icons/icon.png', 'hasCCTV': False}
[2024-04-23T00:00:36.751+0000] {warnings.py:109} WARNING - /home/***/.local/lib/python3.8/site-packages/elasticsearch/_sync/client/__init__.py:399: SecurityWarning: Connecting to 'https://dbelk3.afaqy.local:9200' using TLS with verify_certs=False is insecure
  _transport = transport_class(

[2024-04-23T00:00:36.794+0000] {warnings.py:109} WARNING - /home/***/.local/lib/python3.8/site-packages/elasticsearch/_sync/client/__init__.py:399: SecurityWarning: Connecting to 'https://dbelk2.afaqy.local:9200' using TLS with verify_certs=False is insecure
  _transport = transport_class(

[2024-04-23T00:00:36.838+0000] {warnings.py:109} WARNING - /home/***/.local/lib/python3.8/site-packages/elasticsearch/_sync/client/__init__.py:399: SecurityWarning: Connecting to 'https://dbelk1.afaqy.local:9200' using TLS with verify_certs=False is insecure
  _transport = transport_class(

[2024-04-23T00:00:36.859+0000] {warnings.py:109} WARNING - /home/***/.local/lib/python3.8/site-packages/urllib3/connectionpool.py:1061: InsecureRequestWarning: Unverified HTTPS request is being made to host 'dbelk3.afaqy.local'. Adding certificate verification is strongly advised. See: https://urllib3.readthedocs.io/en/1.26.x/advanced-usage.html#ssl-warnings
  warnings.warn(

[2024-04-23T00:00:37.014+0000] {_transport.py:335} INFO - GET https://dbelk3.afaqy.local:9200/_cluster/health [status:200 duration:0.175s]
[2024-04-23T00:00:37.403+0000] {warnings.py:109} WARNING - /home/***/.local/lib/python3.8/site-packages/urllib3/connectionpool.py:1061: InsecureRequestWarning: Unverified HTTPS request is being made to host 'dbelk2.afaqy.local'. Adding certificate verification is strongly advised. See: https://urllib3.readthedocs.io/en/1.26.x/advanced-usage.html#ssl-warnings
  warnings.warn(

[2024-04-23T00:00:40.158+0000] {_transport.py:335} INFO - PUT https://dbelk2.afaqy.local:9200/units_statistics_***/_bulk [status:200 duration:2.788s]
[2024-04-23T00:00:40.262+0000] {taskinstance.py:2731} ERROR - Task failed with exception
Traceback (most recent call last):
  File "/home/airflow/.local/lib/python3.8/site-packages/airflow/models/taskinstance.py", line 444, in _execute_task
    result = _execute_callable(context=context, **execute_callable_kwargs)
  File "/home/airflow/.local/lib/python3.8/site-packages/airflow/models/taskinstance.py", line 414, in _execute_callable
    return execute_callable(context=context, **execute_callable_kwargs)
  File "/home/airflow/.local/lib/python3.8/site-packages/airflow/decorators/base.py", line 241, in execute
    return_value = super().execute(context)
  File "/home/airflow/.local/lib/python3.8/site-packages/airflow/operators/python.py", line 200, in execute
    return_value = self.execute_callable()
  File "/home/airflow/.local/lib/python3.8/site-packages/airflow/operators/python.py", line 217, in execute_callable
    return self.python_callable(*self.op_args, **self.op_kwargs)
  File "/opt/airflow/dags/Units_dag.py", line 112, in ETL_job
    Elk_client.elk_pushData(Globals.index_name,units_list_update)
  File "/opt/airflow/dags/elk_manager.py", line 69, in elk_pushData
    helpers.bulk(self.elk_client, docs_list, index=index_name, chunk_size=batch)
  File "/home/airflow/.local/lib/python3.8/site-packages/elasticsearch/helpers/actions.py", line 521, in bulk
    for ok, item in streaming_bulk(
  File "/home/airflow/.local/lib/python3.8/site-packages/elasticsearch/helpers/actions.py", line 436, in streaming_bulk
    for data, (ok, info) in zip(
  File "/home/airflow/.local/lib/python3.8/site-packages/elasticsearch/helpers/actions.py", line 355, in _process_bulk_chunk
    yield from gen
  File "/home/airflow/.local/lib/python3.8/site-packages/elasticsearch/helpers/actions.py", line 274, in _process_bulk_chunk_success
    raise BulkIndexError(f"{len(errors)} document(s) failed to index.", errors)
elasticsearch.helpers.BulkIndexError: 1 document(s) failed to index.
[2024-04-23T00:00:40.302+0000] {taskinstance.py:1149} INFO - Marking task as UP_FOR_RETRY. dag_id=Units_statistics_DAG, task_id=ETL_job, map_index=2, execution_date=20240422T234000, start_date=20240423T000015, end_date=20240423T000040
[2024-04-23T00:00:40.321+0000] {standard_task_runner.py:107} ERROR - Failed to execute job 12174 for task ETL_job (1 document(s) failed to index.; 482671)
[2024-04-23T00:00:40.397+0000] {local_task_job_runner.py:234} INFO - Task exited with return code 1
[2024-04-23T00:00:40.467+0000] {taskinstance.py:3312} INFO - 0 downstream tasks scheduled from follow-on schedule check
