[2024-05-02T14:40:14.141+0000] {taskinstance.py:1979} INFO - Dependencies all met for dep_context=non-requeueable deps ti=<TaskInstance: Units_statistics_DAG.ETL_job scheduled__2024-05-02T14:20:00+00:00 map_index=15 [queued]>
[2024-05-02T14:40:14.248+0000] {taskinstance.py:1979} INFO - Dependencies all met for dep_context=requeueable deps ti=<TaskInstance: Units_statistics_DAG.ETL_job scheduled__2024-05-02T14:20:00+00:00 map_index=15 [queued]>
[2024-05-02T14:40:14.249+0000] {taskinstance.py:2193} INFO - Starting attempt 1 of 4
[2024-05-02T14:40:14.378+0000] {taskinstance.py:2217} INFO - Executing <Mapped(_PythonDecoratedOperator): ETL_job> on 2024-05-02 14:20:00+00:00
[2024-05-02T14:40:14.410+0000] {standard_task_runner.py:60} INFO - Started process 712338 to run task
[2024-05-02T14:40:14.447+0000] {standard_task_runner.py:87} INFO - Running: ['***', 'tasks', 'run', 'Units_statistics_DAG', 'ETL_job', 'scheduled__2024-05-02T14:20:00+00:00', '--job-id', '28203', '--raw', '--subdir', 'DAGS_FOLDER/Units_dag.py', '--cfg-path', '/tmp/tmp7u4_wtyt', '--map-index', '15']
[2024-05-02T14:40:14.450+0000] {standard_task_runner.py:88} INFO - Job 28203: Subtask ETL_job
[2024-05-02T14:40:14.793+0000] {task_command.py:423} INFO - Running <TaskInstance: Units_statistics_DAG.ETL_job scheduled__2024-05-02T14:20:00+00:00 map_index=15 [running]> on host a09da322e808
[2024-05-02T14:40:15.641+0000] {taskinstance.py:2513} INFO - Exporting env vars: AIRFLOW_CTX_DAG_OWNER='abeer-araby' AIRFLOW_CTX_DAG_ID='Units_statistics_DAG' AIRFLOW_CTX_TASK_ID='ETL_job' AIRFLOW_CTX_EXECUTION_DATE='2024-05-02T14:20:00+00:00' AIRFLOW_CTX_TRY_NUMBER='1' AIRFLOW_CTX_DAG_RUN_ID='scheduled__2024-05-02T14:20:00+00:00'
[2024-05-02T14:40:15.642+0000] {Units_dag.py:99} INFO - i: 150000, chunk: 10000
[2024-05-02T14:40:15.643+0000] {Units_dag.py:100} INFO - child token is::: eyJ0eXAiOiJKV1QiLCJhbGciOiJIUzI1NiJ9.eyJpc3MiOiJodHRwczovL2FwaS5hZmFxeS5zYS9hdXRoL2xvZ2luX2FzIiwiaWF0IjoxNzE0NjYwODAzLCJleHAiOjE3MTcyNTI4MDMsIm5iZiI6MTcxNDY2MDgwMywianRpIjoic0xqcUs5MlZhU3VlVEhPYSIsInN1YiI6IjVkNjNlNTFlMDNlZDUyOTJhNDJjMjRlNiIsInBydiI6IjI3MGVjZmM3ZWEzZWQ5MzdlYTg0OTM2MmEzYTUwOTEwYzZkOGNlNGYiLCJsb2dpbl9hc19pZCI6IjY1N2YwYWQ3M2Y5NzcyOTVjZjA1NTc2YSJ9.b1qNP3Qa2DYpNWuHhQBCIIGedXGdS7PM-VRcMircFzM
[2024-05-02T14:40:45.732+0000] {Units_dag.py:104} INFO - {'_id': '6596ce429c2ee3ab6b091c4b', 'icon': 'icons/icon.png', 'driver_id': '', 'tailer_id': '', 'profile': {'measurement_type': 'count', 'fuel_type': '91', 'year': 0, 'seats': 2}, 'shipment_info': {'product_category': '', 'truck_type': '', 'shipment_type': '', 'shipment_payment_type': '', 'transporter_type': '', 'operating_area': '', 'weight_kilograms_per_day': '', 'kms_per_day': '', 'opening_milage': '', 'shipment_trip_drive_hrs_day': '', 'expected_shipment_trip_day': '', 'car_pay_per_day': '', 'exceeding_temperature_limit_per_day': '', 'temperature_upper_limit': '', 'exceeding_humidity_limit_per_day': '', 'humidity_upper_limit': '', 'allowable_delay_drive_hrs_day': ''}, 'device_password': '***', 'device_type': 'gps', 'gateway': False, 'business_types': {'waste': False, 'transportation': True, 'water': False}, 'name': '4386 E E R', 'operation_code': None, 'device_gateway': None, 'skip_sim_information': False, 'imei': '866344058648770', 'sim_number': '+966830020338137', 'sim_serial': '8996609821112132507', 'device_serial': '1135384373', 'device': 'teltonika', 'user_id': '61adecadb70c9664dd5bc901', 'created_by': '5e6655bf03ed52e1ab79d301', 'updated_at': '2024-04-18 11:18:59', 'created_at': '2024-01-04 18:26:58', 'custom_fields': [], 'creator': 'amr.ahmed', 'company': '', 'owner': 'shift-inc-co', 'last_update': {'dtt': 1714660592000, 'dts': 1714660594695, 'spd': 0, 'ang': 0, 'alt': 0, 'chPrams': {'Speed': {'v': 0, 'cdt': 1714610601000}, 'output1': {'v': False, 'cdt': 1714601811000}, 'ePwrV': {'v': 12.635, 'cdt': 1714654280000}, 'parm24': {'v': 0, 'cdt': 1714610601000}, 'sat': {'v': 0, 'cdt': 1714613408000}, 'ai1': {'v': 0, 'cdt': 1714578671000}, 'priority': {'v': 0, 'cdt': 1712483329000}, 'type': {'v': 6, 'cdt': 1712488438000}, 'di1': {'v': 0, 'cdt': 1714611304000}, 'result': {'v': '5665723a30332e32382e30325f313937204750533a41584e5f352e312e392048773a464d43393230204d6f643a3120494d45493a38363633343430353836343837373020496e69743a323032342d342d3320343a313220557074696d653a32343830313538204d41433a333838413231393034303345205350433a312830292041584c3a31204f42443a3020424c3a312e31302042543a34', 'cdt': 1714601511000}, 'protocol': {'v': 'FMC920', 'cdt': 1714601811000}, 'iPwrV': {'v': 3.548, 'cdt': 1714660592000}, 'event': {'v': 0, 'cdt': 1712483329000}}, 'prms': {'protocol': 'FMC920', 'priority': 0, 'sat': 0, 'event': 0, 'di1': 0, 'output1': 0, 'ePwrV': 12.635, 'Speed': 0, 'parm24': 0, 'iPwrV': 3.548, 'ai1': 0}, 'devPrms': ['protocol', 'priority', 'sat', 'event', 'di1', 'output1', 'ePwrV', 'Speed', 'parm24', 'iPwrV', 'ai1'], 'old_params': {'Speed': 0, 'protocol': 'teltonika', 'output1': 0, 'ePwrV': 12.635, 'parm24': 0, 'sat': 0, 'ai1': 0, 'iPwrV': 3.5500000000000003, 'priority': 0, 'event': 0, 'di1': 0}, 'vLoc': 1, 'vCon': 0, 'ip': '37.216.122.170', 'rl': 0, 'trl': 3546.736, 'mdu': 0, 'tmdu': 194341, 'eidl': 0, 'teidl': 253448, 'fc': 0, 'tfc': 400.936944, 'acc': 0, 'accOn': 445799, 'accOff': 641299519, 'sdu': 301, 'tsdu': 49288, 'lat': 26.4684683, 'lng': 49.7982366}, 'counters': {'engine_hours': 445799, 'last_acc': 0, 'odometer': 3546.734, 'engine_hours_type': 'acc', 'odometer_type': 'gps'}, 'is_wasl_connected': 'Not Connected', 'iconUrl': 'https://api.afaqy.sa/images/units/icons/icon.png', 'hasCCTV': False}
[2024-05-02T14:40:47.636+0000] {warnings.py:109} WARNING - /home/***/.local/lib/python3.8/site-packages/elasticsearch/_sync/client/__init__.py:399: SecurityWarning: Connecting to 'https://dbelk3.afaqy.local:9200' using TLS with verify_certs=False is insecure
  _transport = transport_class(

[2024-05-02T14:40:47.722+0000] {warnings.py:109} WARNING - /home/***/.local/lib/python3.8/site-packages/elasticsearch/_sync/client/__init__.py:399: SecurityWarning: Connecting to 'https://dbelk2.afaqy.local:9200' using TLS with verify_certs=False is insecure
  _transport = transport_class(

[2024-05-02T14:40:47.791+0000] {warnings.py:109} WARNING - /home/***/.local/lib/python3.8/site-packages/elasticsearch/_sync/client/__init__.py:399: SecurityWarning: Connecting to 'https://dbelk1.afaqy.local:9200' using TLS with verify_certs=False is insecure
  _transport = transport_class(

[2024-05-02T14:40:47.817+0000] {warnings.py:109} WARNING - /home/***/.local/lib/python3.8/site-packages/urllib3/connectionpool.py:1061: InsecureRequestWarning: Unverified HTTPS request is being made to host 'dbelk3.afaqy.local'. Adding certificate verification is strongly advised. See: https://urllib3.readthedocs.io/en/1.26.x/advanced-usage.html#ssl-warnings
  warnings.warn(

[2024-05-02T14:40:47.926+0000] {_transport.py:335} INFO - GET https://dbelk3.afaqy.local:9200/_cluster/health [status:200 duration:0.133s]
[2024-05-02T14:40:48.658+0000] {warnings.py:109} WARNING - /home/***/.local/lib/python3.8/site-packages/urllib3/connectionpool.py:1061: InsecureRequestWarning: Unverified HTTPS request is being made to host 'dbelk2.afaqy.local'. Adding certificate verification is strongly advised. See: https://urllib3.readthedocs.io/en/1.26.x/advanced-usage.html#ssl-warnings
  warnings.warn(

[2024-05-02T14:40:50.488+0000] {_transport.py:335} INFO - PUT https://dbelk2.afaqy.local:9200/units_statistics_***/_bulk [status:200 duration:1.849s]
[2024-05-02T14:40:50.651+0000] {python.py:202} INFO - Done. Returned value was: None
[2024-05-02T14:40:50.674+0000] {taskinstance.py:1149} INFO - Marking task as SUCCESS. dag_id=Units_statistics_DAG, task_id=ETL_job, map_index=15, execution_date=20240502T142000, start_date=20240502T144014, end_date=20240502T144050
[2024-05-02T14:40:50.749+0000] {local_task_job_runner.py:234} INFO - Task exited with return code 0
[2024-05-02T14:40:50.779+0000] {taskinstance.py:3312} INFO - 0 downstream tasks scheduled from follow-on schedule check
