[2024-05-06T12:00:15.657+0000] {taskinstance.py:1979} INFO - Dependencies all met for dep_context=non-requeueable deps ti=<TaskInstance: Units_statistics_DAG.ETL_job scheduled__2024-05-06T11:40:00+00:00 map_index=8 [queued]>
[2024-05-06T12:00:15.734+0000] {taskinstance.py:1979} INFO - Dependencies all met for dep_context=requeueable deps ti=<TaskInstance: Units_statistics_DAG.ETL_job scheduled__2024-05-06T11:40:00+00:00 map_index=8 [queued]>
[2024-05-06T12:00:15.734+0000] {taskinstance.py:2193} INFO - Starting attempt 1 of 4
[2024-05-06T12:00:15.842+0000] {taskinstance.py:2217} INFO - Executing <Mapped(_PythonDecoratedOperator): ETL_job> on 2024-05-06 11:40:00+00:00
[2024-05-06T12:00:15.862+0000] {standard_task_runner.py:60} INFO - Started process 807222 to run task
[2024-05-06T12:00:15.946+0000] {standard_task_runner.py:87} INFO - Running: ['***', 'tasks', 'run', 'Units_statistics_DAG', 'ETL_job', 'scheduled__2024-05-06T11:40:00+00:00', '--job-id', '35557', '--raw', '--subdir', 'DAGS_FOLDER/Units_dag.py', '--cfg-path', '/tmp/tmp7d2p5xq1', '--map-index', '8']
[2024-05-06T12:00:15.948+0000] {standard_task_runner.py:88} INFO - Job 35557: Subtask ETL_job
[2024-05-06T12:00:16.464+0000] {task_command.py:423} INFO - Running <TaskInstance: Units_statistics_DAG.ETL_job scheduled__2024-05-06T11:40:00+00:00 map_index=8 [running]> on host a09da322e808
[2024-05-06T12:00:17.474+0000] {taskinstance.py:2513} INFO - Exporting env vars: AIRFLOW_CTX_DAG_OWNER='abeer-araby' AIRFLOW_CTX_DAG_ID='Units_statistics_DAG' AIRFLOW_CTX_TASK_ID='ETL_job' AIRFLOW_CTX_EXECUTION_DATE='2024-05-06T11:40:00+00:00' AIRFLOW_CTX_TRY_NUMBER='1' AIRFLOW_CTX_DAG_RUN_ID='scheduled__2024-05-06T11:40:00+00:00'
[2024-05-06T12:00:17.475+0000] {Units_dag.py:99} INFO - i: 80000, chunk: 10000
[2024-05-06T12:00:17.476+0000] {Units_dag.py:100} INFO - child token is::: eyJ0eXAiOiJKV1QiLCJhbGciOiJIUzI1NiJ9.eyJpc3MiOiJodHRwczovL2FwaS5hZmFxeS5zYS9hdXRoL2xvZ2luX2FzIiwiaWF0IjoxNzE0OTk2ODAzLCJleHAiOjE3MTc1ODg4MDMsIm5iZiI6MTcxNDk5NjgwMywianRpIjoibG56NDlhRG1xeGlJZE1HYSIsInN1YiI6IjVkNjNlNTFlMDNlZDUyOTJhNDJjMjRlNiIsInBydiI6IjI3MGVjZmM3ZWEzZWQ5MzdlYTg0OTM2MmEzYTUwOTEwYzZkOGNlNGYiLCJsb2dpbl9hc19pZCI6IjY1N2YwYWQ3M2Y5NzcyOTVjZjA1NTc2YSJ9.6OOEEORe8xLqKsMYfDiof-qDCbN75H173r_3gLa3R_0
[2024-05-06T12:00:38.898+0000] {Units_dag.py:104} INFO - {'_id': '63d8f59d0016760c4e0e5e15', 'icon': 'icons/icon.png', 'driver_id': '', 'tailer_id': '', 'profile': {'vehicle_type': '', 'measurement_type': 'count', 'max_capacity': 0, 'vin': '', 'plate_number': '', 'start_operation': '', 'contract_milage': '', 'opening_milage': '', 'model': '', 'fuel_type': '91', 'year': 0, 'seats': 2}, 'device_password': '***', 'device_type': 'gps', 'gateway': False, 'name': '8077 E R A', 'operation_code': '', 'device_gateway': '', 'business_types': {'waste': False, 'transportation': True, 'water': False}, 'imei': '861937063039896', 'sim_number': '+966830032494701', 'sim_serial': '996609821111963104', 'device_serial': '861937063039896', 'device': 'bce', 'user_id': '63c3ef672cabbb6db33623df', 'created_by': '5e6655bf03ed52e1ab79d301', 'updated_at': '2024-04-18 11:18:59', 'created_at': '2023-01-31 14:03:57', 'cctv': {'dvr_id': '', 'channels': 1}, 'shipment_info': {'product_category': None, 'truck_type': None, 'shipment_type': None, 'shipment_payment_type': None, 'transporter_type': None, 'operating_area': None, 'weight_kilograms_per_day': None, 'kms_per_day': None, 'shipment_trip_drive_hrs_day': None, 'allowable_delay_drive_hrs_day': None, 'expected_shipment_trip_day': None, 'car_pay_per_day': None, 'exceeding_temperature_limit_per_day': None, 'temperature_upper_limit': None, 'exceeding_humidity_limit_per_day': None, 'humidity_upper_limit': None}, 'skip_sim_information': '', 'custom_fields': [], 'creator': 'amr.ahmed', 'company': '', 'owner': 'al-nakhla-admin', 'last_update': {'dtt': 1714996400000, 'dts': 1714996609144, 'spd': 0, 'ang': 302, 'alt': 116, 'chPrams': {'ePwrV': {'v': 12.049, 'cdt': 1714991600000}, 'di16': {'v': 1, 'cdt': 1712946486000}, 'di15': {'v': 0, 'cdt': 1710404752000}, 'rssi1': {'v': 57, 'cdt': 1714996100000}, 'di14': {'v': 0, 'cdt': 1714480230000}, 'di13': {'v': 0, 'cdt': 1712946486000}, 'di12': {'v': 0, 'cdt': 1712946486000}, 'di11': {'v': 0, 'cdt': 1712946486000}, 'di10': {'v': 0, 'cdt': 1712946486000}, 'di2': {'v': 0, 'cdt': 1712946486000}, 'di1': {'v': 0, 'cdt': 1714817066000}, 'ai4': {'v': 196, 'cdt': 1714996400000}, 'di4': {'v': 0, 'cdt': 1712946486000}, 'di3': {'v': 0, 'cdt': 1712946486000}, 'di6': {'v': 0, 'cdt': 1712946486000}, 'di5': {'v': 0, 'cdt': 1714552146000}, 'lac1': {'v': 2233, 'cdt': 1714480110000}, 'protocol': {'v': 'bce', 'cdt': 1712946486000}, 'di8': {'v': 1, 'cdt': 1712946486000}, 'di7': {'v': 0, 'cdt': 1714887804000}, 'di9': {'v': 0, 'cdt': 1712946486000}, 'iPwrV': {'v': 4.066, 'cdt': 1714995500000}, 'cid1': {'v': 62002, 'cdt': 1714913902000}, 'odometer': {'v': 0, 'cdt': 1713266512000}, 'spd': {'v': 0, 'cdt': 1714481110000}, 'sat': {'v': 12, 'cdt': 1714980200000}, 'ta': {'v': 0, 'cdt': 1712946486000}, 'hdop': {'v': 1, 'cdt': 1714482010000}, 'mcc1': {'v': 420, 'cdt': 1713693112000}, 'mnc1': {'v': 3, 'cdt': 1713693112000}}, 'prms': {'protocol': 'bce', 'spd': 0, 'sat': 12, 'hdop': 1, 'odometer': 0, 'di16': 1, 'di15': 0, 'di14': 0, 'di13': 0, 'di12': 0, 'di11': 0, 'di10': 0, 'di9': 0, 'di8': 1, 'di7': 0, 'di6': 0, 'di5': 0, 'di4': 0, 'di3': 0, 'di2': 0, 'di1': 0, 'ePwrV': 12.049, 'ai4': 196, 'iPwrV': 4.066, 'ta': 0, 'mcc1': 420, 'mnc1': 3, 'lac1': 2233, 'cid1': 62002, 'rssi1': 57}, 'devPrms': ['protocol', 'spd', 'sat', 'hdop', 'odometer', 'di16', 'di15', 'di14', 'di13', 'di12', 'di11', 'di10', 'di9', 'di8', 'di7', 'di6', 'di5', 'di4', 'di3', 'di2', 'di1', 'ePwrV', 'ai4', 'iPwrV', 'ta', 'mcc1', 'mnc1', 'lac1', 'cid1', 'rssi1'], 'old_params': {'di16': 1, 'ePwrV': 12.049, 'di15': 0, 'rssi1': 57, 'di14': 0, 'di13': 0, 'di12': 0, 'di11': 0, 'di10': 0, 'di2': 0, 'di1': 0, 'ai4': 175, 'di4': 0, 'di3': 0, 'di6': 0, 'di5': 0, 'lac1': 2233, 'protocol': 'bce', 'di8': 1, 'di7': 0, 'di9': 0, 'iPwrV': 4.066, 'cid1': 62002, 'odometer': 0, 'spd': 0, 'sat': 12, 'hdop': 1, 'ta': 0, 'mcc1': 420, 'mnc1': 3}, 'vLoc': 1, 'vCon': 1, 'ip': '109.83.70.2', 'rl': 0, 'trl': 44887.7405, 'mdu': 0, 'tmdu': 2119026, 'eidl': 0, 'teidl': 1077736, 'fc': 0, 'tfc': 0.009588, 'acc': 0, 'accOn': 3863072, 'accOff': 14430806, 'sdu': 300, 'tsdu': 444254, 'lat': 21.412015914916992, 'lng': 39.4237174987793}, 'counters': {'odometer_type': 'gps', 'odometer': 45261.3215, 'engine_hours_type': 'acc', 'engine_hours': 3863072, 'last_acc': 0}, 'is_wasl_connected': 'Connected', 'iconUrl': 'https://api.afaqy.sa/images/units/icons/icon.png', 'hasCCTV': False}
[2024-05-06T12:00:39.699+0000] {warnings.py:109} WARNING - /home/***/.local/lib/python3.8/site-packages/elasticsearch/_sync/client/__init__.py:399: SecurityWarning: Connecting to 'https://dbelk1.afaqy.local:9200' using TLS with verify_certs=False is insecure
  _transport = transport_class(

[2024-05-06T12:00:39.805+0000] {warnings.py:109} WARNING - /home/***/.local/lib/python3.8/site-packages/elasticsearch/_sync/client/__init__.py:399: SecurityWarning: Connecting to 'https://dbelk3.afaqy.local:9200' using TLS with verify_certs=False is insecure
  _transport = transport_class(

[2024-05-06T12:00:39.917+0000] {warnings.py:109} WARNING - /home/***/.local/lib/python3.8/site-packages/elasticsearch/_sync/client/__init__.py:399: SecurityWarning: Connecting to 'https://dbelk2.afaqy.local:9200' using TLS with verify_certs=False is insecure
  _transport = transport_class(

[2024-05-06T12:00:39.958+0000] {warnings.py:109} WARNING - /home/***/.local/lib/python3.8/site-packages/urllib3/connectionpool.py:1061: InsecureRequestWarning: Unverified HTTPS request is being made to host 'dbelk1.afaqy.local'. Adding certificate verification is strongly advised. See: https://urllib3.readthedocs.io/en/1.26.x/advanced-usage.html#ssl-warnings
  warnings.warn(

[2024-05-06T12:00:40.031+0000] {_transport.py:335} INFO - GET https://dbelk1.afaqy.local:9200/_cluster/health [status:200 duration:0.112s]
[2024-05-06T12:00:40.817+0000] {warnings.py:109} WARNING - /home/***/.local/lib/python3.8/site-packages/urllib3/connectionpool.py:1061: InsecureRequestWarning: Unverified HTTPS request is being made to host 'dbelk3.afaqy.local'. Adding certificate verification is strongly advised. See: https://urllib3.readthedocs.io/en/1.26.x/advanced-usage.html#ssl-warnings
  warnings.warn(

[2024-05-06T12:00:40.941+0000] {_transport.py:335} INFO - PUT https://dbelk3.afaqy.local:9200/units_statistics_***/_bulk [status:200 duration:0.140s]
[2024-05-06T12:00:41.810+0000] {taskinstance.py:2731} ERROR - Task failed with exception
Traceback (most recent call last):
  File "/home/airflow/.local/lib/python3.8/site-packages/airflow/models/taskinstance.py", line 444, in _execute_task
    result = _execute_callable(context=context, **execute_callable_kwargs)
  File "/home/airflow/.local/lib/python3.8/site-packages/airflow/models/taskinstance.py", line 414, in _execute_callable
    return execute_callable(context=context, **execute_callable_kwargs)
  File "/home/airflow/.local/lib/python3.8/site-packages/airflow/decorators/base.py", line 241, in execute
    return_value = super().execute(context)
  File "/home/airflow/.local/lib/python3.8/site-packages/airflow/operators/python.py", line 200, in execute
    return_value = self.execute_callable()
  File "/home/airflow/.local/lib/python3.8/site-packages/airflow/operators/python.py", line 217, in execute_callable
    return self.python_callable(*self.op_args, **self.op_kwargs)
  File "/opt/airflow/dags/Units_dag.py", line 112, in ETL_job
    Elk_client.elk_pushData(Globals.index_name,units_list_update)
  File "/opt/airflow/dags/elk_manager.py", line 69, in elk_pushData
    helpers.bulk(self.elk_client, docs_list, index=index_name, chunk_size=batch)
  File "/home/airflow/.local/lib/python3.8/site-packages/elasticsearch/helpers/actions.py", line 521, in bulk
    for ok, item in streaming_bulk(
  File "/home/airflow/.local/lib/python3.8/site-packages/elasticsearch/helpers/actions.py", line 436, in streaming_bulk
    for data, (ok, info) in zip(
  File "/home/airflow/.local/lib/python3.8/site-packages/elasticsearch/helpers/actions.py", line 355, in _process_bulk_chunk
    yield from gen
  File "/home/airflow/.local/lib/python3.8/site-packages/elasticsearch/helpers/actions.py", line 274, in _process_bulk_chunk_success
    raise BulkIndexError(f"{len(errors)} document(s) failed to index.", errors)
elasticsearch.helpers.BulkIndexError: 10000 document(s) failed to index.
[2024-05-06T12:00:41.860+0000] {taskinstance.py:1149} INFO - Marking task as UP_FOR_RETRY. dag_id=Units_statistics_DAG, task_id=ETL_job, map_index=8, execution_date=20240506T114000, start_date=20240506T120015, end_date=20240506T120041
[2024-05-06T12:00:41.922+0000] {standard_task_runner.py:107} ERROR - Failed to execute job 35557 for task ETL_job (10000 document(s) failed to index.; 807222)
[2024-05-06T12:00:42.047+0000] {local_task_job_runner.py:234} INFO - Task exited with return code 1
[2024-05-06T12:00:42.097+0000] {taskinstance.py:3312} INFO - 0 downstream tasks scheduled from follow-on schedule check
