[2024-05-07T18:04:50.095+0000] {taskinstance.py:1979} INFO - Dependencies all met for dep_context=non-requeueable deps ti=<TaskInstance: Units_statistics_DAG.ETL_job scheduled__2024-05-07T17:40:00+00:00 map_index=6 [queued]>
[2024-05-07T18:04:50.109+0000] {taskinstance.py:1979} INFO - Dependencies all met for dep_context=requeueable deps ti=<TaskInstance: Units_statistics_DAG.ETL_job scheduled__2024-05-07T17:40:00+00:00 map_index=6 [queued]>
[2024-05-07T18:04:50.110+0000] {taskinstance.py:2193} INFO - Starting attempt 4 of 4
[2024-05-07T18:04:50.142+0000] {taskinstance.py:2217} INFO - Executing <Mapped(_PythonDecoratedOperator): ETL_job> on 2024-05-07 17:40:00+00:00
[2024-05-07T18:04:50.148+0000] {standard_task_runner.py:60} INFO - Started process 840769 to run task
[2024-05-07T18:04:50.155+0000] {standard_task_runner.py:87} INFO - Running: ['***', 'tasks', 'run', 'Units_statistics_DAG', 'ETL_job', 'scheduled__2024-05-07T17:40:00+00:00', '--job-id', '39454', '--raw', '--subdir', 'DAGS_FOLDER/Units_dag.py', '--cfg-path', '/tmp/tmpslit4uur', '--map-index', '6']
[2024-05-07T18:04:50.157+0000] {standard_task_runner.py:88} INFO - Job 39454: Subtask ETL_job
[2024-05-07T18:04:50.252+0000] {task_command.py:423} INFO - Running <TaskInstance: Units_statistics_DAG.ETL_job scheduled__2024-05-07T17:40:00+00:00 map_index=6 [running]> on host a09da322e808
[2024-05-07T18:04:50.442+0000] {taskinstance.py:2513} INFO - Exporting env vars: AIRFLOW_CTX_DAG_OWNER='abeer-araby' AIRFLOW_CTX_DAG_ID='Units_statistics_DAG' AIRFLOW_CTX_TASK_ID='ETL_job' AIRFLOW_CTX_EXECUTION_DATE='2024-05-07T17:40:00+00:00' AIRFLOW_CTX_TRY_NUMBER='4' AIRFLOW_CTX_DAG_RUN_ID='scheduled__2024-05-07T17:40:00+00:00'
[2024-05-07T18:04:50.446+0000] {Units_dag.py:98} INFO - i: 60000, chunk: 10000
[2024-05-07T18:04:50.447+0000] {Units_dag.py:99} INFO - child token is::: eyJ0eXAiOiJKV1QiLCJhbGciOiJIUzI1NiJ9.eyJpc3MiOiJodHRwczovL2FwaS5hZmFxeS5zYS9hdXRoL2xvZ2luX2FzIiwiaWF0IjoxNzE1MTA0ODA0LCJleHAiOjE3MTc2OTY4MDQsIm5iZiI6MTcxNTEwNDgwNCwianRpIjoiYTJUVGo0cncwbjQ1RUpLMyIsInN1YiI6IjVkNjNlNTFlMDNlZDUyOTJhNDJjMjRlNiIsInBydiI6IjI3MGVjZmM3ZWEzZWQ5MzdlYTg0OTM2MmEzYTUwOTEwYzZkOGNlNGYiLCJsb2dpbl9hc19pZCI6IjY1N2YwYWQ3M2Y5NzcyOTVjZjA1NTc2YSJ9.G2JSttoEMVNOm5HGES6lGRWHCPxb4l2jpvc9-YzKcjg
[2024-05-07T18:05:12.091+0000] {Units_dag.py:103} INFO - {'_id': '63300f43389e52091b059f28', 'icon': 'icons/icon.png', 'driver_id': '', 'tailer_id': '', 'profile': {'vehicle_type': '', 'measurement_type': 'count', 'max_capacity': 0, 'vin': '', 'plate_number': '', 'start_operation': '', 'contract_milage': '', 'opening_milage': '', 'model': '', 'fuel_type': '91', 'year': 0, 'seats': 2}, 'device_password': '***', 'device_type': 'gps', 'gateway': False, 'name': '8347HUD', 'operation_code': '', 'device_gateway': '', 'business_types': {'waste': False, 'transportation': True, 'water': False}, 'imei': '866854059852171', 'sim_number': '+966830020187981', 'sim_serial': '996641520415680044', 'device_serial': '866854059852171', 'device': 'bce', 'user_id': '631f42b9592ec620f242907f', 'created_by': '5e6655bf03ed52e1ab79d301', 'updated_at': '2024-04-18 11:18:59', 'created_at': '2022-09-25 11:20:19', 'custom_fields': [], 'creator': 'amr.ahmed', 'company': '', 'owner': 'mohamed-elsafi-group-admin', 'last_update': {'dtt': 1715105046000, 'dts': 1715105071625, 'spd': 22, 'ang': 262, 'alt': 9, 'chPrams': {'ePwrV': {'v': 13.468, 'cdt': 1715105046000}, 'di16': {'v': 1, 'cdt': 1714820778000}, 'rssi1': {'v': 69, 'cdt': 1715105032000}, 'di15': {'v': 0, 'cdt': 1714820778000}, 'di14': {'v': 0, 'cdt': 1715104952000}, 'di13': {'v': 0, 'cdt': 1714820778000}, 'di12': {'v': 0, 'cdt': 1714820778000}, 'di11': {'v': 0, 'cdt': 1714820778000}, 'di10': {'v': 0, 'cdt': 1664104870000}, 'di2': {'v': 0, 'cdt': 1714728546000}, 'di1': {'v': 1, 'cdt': 1715104602000}, 'ai4': {'v': 28540, 'cdt': 1715105042000}, 'di4': {'v': 0, 'cdt': 1714728546000}, 'di3': {'v': 0, 'cdt': 1714820778000}, 'di6': {'v': 1, 'cdt': 1715104602000}, 'di5': {'v': 1, 'cdt': 1715104602000}, 'lac1': {'v': 3719, 'cdt': 1715095180000}, 'protocol': {'v': 'bce', 'cdt': 1714820778000}, 'di8': {'v': 1, 'cdt': 1714820778000}, 'di7': {'v': 1, 'cdt': 1715104602000}, 'di9': {'v': 0, 'cdt': 1714820778000}, 'iPwrV': {'v': 4.108, 'cdt': 1715104790000}, 'cid1': {'v': 53262, 'cdt': 1715105024000}, 'odometer': {'v': 1104647986, 'cdt': 1715105046000}, 'spd': {'v': 22, 'cdt': 1715105046000}, 'sat': {'v': 15, 'cdt': 1715103144000}, 'hdop': {'v': 1, 'cdt': 1714357190000}, 'ta': {'v': 0, 'cdt': 1714820778000}, 'mcc1': {'v': 420, 'cdt': 1715095180000}, 'mnc1': {'v': 3, 'cdt': 1715095180000}}, 'prms': {'protocol': 'bce', 'spd': 22, 'sat': 15, 'hdop': 1, 'odometer': 1104647986, 'di16': 1, 'di15': 0, 'di14': 0, 'di13': 0, 'di12': 0, 'di11': 0, 'di10': 0, 'di9': 0, 'di8': 1, 'di7': 1, 'di6': 1, 'di5': 1, 'di4': 0, 'di3': 0, 'di2': 0, 'di1': 1, 'ePwrV': 13.468, 'ai4': 28540, 'iPwrV': 4.108, 'ta': 0, 'mcc1': 420, 'mnc1': 3, 'lac1': 3719, 'cid1': 53262, 'rssi1': 69}, 'devPrms': ['protocol', 'spd', 'sat', 'hdop', 'odometer', 'di16', 'di15', 'di14', 'di13', 'di12', 'di11', 'di10', 'di9', 'di8', 'di7', 'di6', 'di5', 'di4', 'di3', 'di2', 'di1', 'ePwrV', 'ai4', 'iPwrV', 'ta', 'mcc1', 'mnc1', 'lac1', 'cid1', 'rssi1'], 'old_params': {'protocol': 'bce', 'spd': 15, 'sat': 15, 'hdop': 1, 'odometer': 1084184416, 'di16': 1, 'di15': 0, 'di14': 0, 'di13': 0, 'di12': 0, 'di11': 0, 'di10': 0, 'di9': 0, 'di8': 1, 'di7': 1, 'di6': 1, 'di5': 1, 'di4': 0, 'di3': 0, 'di2': 0, 'di1': 1, 'ePwrV': 13.486, 'ai4': 28540, 'iPwrV': 4.108, 'ta': 0, 'mcc1': 420, 'mnc1': 3, 'lac1': 3719, 'cid1': 53262, 'rssi1': 69}, 'vLoc': 1, 'vCon': 1, 'ip': '109.83.81.61', 'rl': 0.0266, 'trl': 8547.3541, 'mdu': 4, 'tmdu': 728096, 'eidl': 0, 'teidl': 440552, 'fc': 0.003192, 'tfc': 20.504064, 'acc': 1, 'accOn': 792707408, 'accOff': 4812938250, 'sdu': 0, 'tsdu': 0, 'lat': 26.97259521484375, 'lng': 49.652626037597656}, 'counters': {'odometer_type': 'gps', 'odometer': 8547.3541, 'engine_hours_type': 'acc', 'engine_hours': 792707408, 'last_acc': 1}, 'is_wasl_connected': 'Not Connected', 'iconUrl': 'https://api.afaqy.sa/images/units/icons/icon.png', 'hasCCTV': False}
[2024-05-07T18:05:12.643+0000] {warnings.py:109} WARNING - /home/***/.local/lib/python3.8/site-packages/elasticsearch/_sync/client/__init__.py:399: SecurityWarning: Connecting to 'https://dbelk2.afaqy.local:9200' using TLS with verify_certs=False is insecure
  _transport = transport_class(

[2024-05-07T18:05:12.691+0000] {warnings.py:109} WARNING - /home/***/.local/lib/python3.8/site-packages/elasticsearch/_sync/client/__init__.py:399: SecurityWarning: Connecting to 'https://dbelk1.afaqy.local:9200' using TLS with verify_certs=False is insecure
  _transport = transport_class(

[2024-05-07T18:05:12.738+0000] {warnings.py:109} WARNING - /home/***/.local/lib/python3.8/site-packages/elasticsearch/_sync/client/__init__.py:399: SecurityWarning: Connecting to 'https://dbelk3.afaqy.local:9200' using TLS with verify_certs=False is insecure
  _transport = transport_class(

[2024-05-07T18:05:12.759+0000] {warnings.py:109} WARNING - /home/***/.local/lib/python3.8/site-packages/urllib3/connectionpool.py:1061: InsecureRequestWarning: Unverified HTTPS request is being made to host 'dbelk2.afaqy.local'. Adding certificate verification is strongly advised. See: https://urllib3.readthedocs.io/en/1.26.x/advanced-usage.html#ssl-warnings
  warnings.warn(

[2024-05-07T18:05:12.841+0000] {_transport.py:335} INFO - GET https://dbelk2.afaqy.local:9200/_cluster/health [status:200 duration:0.101s]
[2024-05-07T18:05:13.265+0000] {warnings.py:109} WARNING - /home/***/.local/lib/python3.8/site-packages/urllib3/connectionpool.py:1061: InsecureRequestWarning: Unverified HTTPS request is being made to host 'dbelk1.afaqy.local'. Adding certificate verification is strongly advised. See: https://urllib3.readthedocs.io/en/1.26.x/advanced-usage.html#ssl-warnings
  warnings.warn(

[2024-05-07T18:05:13.429+0000] {_transport.py:335} INFO - PUT https://dbelk1.afaqy.local:9200/units_statistics_***/_bulk [status:200 duration:0.192s]
[2024-05-07T18:05:13.702+0000] {taskinstance.py:2731} ERROR - Task failed with exception
Traceback (most recent call last):
  File "/home/airflow/.local/lib/python3.8/site-packages/airflow/models/taskinstance.py", line 444, in _execute_task
    result = _execute_callable(context=context, **execute_callable_kwargs)
  File "/home/airflow/.local/lib/python3.8/site-packages/airflow/models/taskinstance.py", line 414, in _execute_callable
    return execute_callable(context=context, **execute_callable_kwargs)
  File "/home/airflow/.local/lib/python3.8/site-packages/airflow/decorators/base.py", line 241, in execute
    return_value = super().execute(context)
  File "/home/airflow/.local/lib/python3.8/site-packages/airflow/operators/python.py", line 200, in execute
    return_value = self.execute_callable()
  File "/home/airflow/.local/lib/python3.8/site-packages/airflow/operators/python.py", line 217, in execute_callable
    return self.python_callable(*self.op_args, **self.op_kwargs)
  File "/opt/airflow/dags/Units_dag.py", line 111, in ETL_job
    Elk_client.elk_pushData(Globals.index_name,units_list_update)
  File "/opt/airflow/dags/units_statistics/elk_manager.py", line 69, in elk_pushData
    helpers.bulk(self.elk_client, docs_list, index=index_name, chunk_size=batch)
  File "/home/airflow/.local/lib/python3.8/site-packages/elasticsearch/helpers/actions.py", line 521, in bulk
    for ok, item in streaming_bulk(
  File "/home/airflow/.local/lib/python3.8/site-packages/elasticsearch/helpers/actions.py", line 436, in streaming_bulk
    for data, (ok, info) in zip(
  File "/home/airflow/.local/lib/python3.8/site-packages/elasticsearch/helpers/actions.py", line 355, in _process_bulk_chunk
    yield from gen
  File "/home/airflow/.local/lib/python3.8/site-packages/elasticsearch/helpers/actions.py", line 274, in _process_bulk_chunk_success
    raise BulkIndexError(f"{len(errors)} document(s) failed to index.", errors)
elasticsearch.helpers.BulkIndexError: 10000 document(s) failed to index.
[2024-05-07T18:05:13.717+0000] {taskinstance.py:1149} INFO - Marking task as FAILED. dag_id=Units_statistics_DAG, task_id=ETL_job, map_index=6, execution_date=20240507T174000, start_date=20240507T180450, end_date=20240507T180513
[2024-05-07T18:05:13.736+0000] {standard_task_runner.py:107} ERROR - Failed to execute job 39454 for task ETL_job (10000 document(s) failed to index.; 840769)
[2024-05-07T18:05:13.781+0000] {local_task_job_runner.py:234} INFO - Task exited with return code 1
[2024-05-07T18:05:13.812+0000] {taskinstance.py:3312} INFO - 0 downstream tasks scheduled from follow-on schedule check
