[2024-04-29T19:00:18.386+0000] {taskinstance.py:1979} INFO - Dependencies all met for dep_context=non-requeueable deps ti=<TaskInstance: Units_statistics_DAG.ETL_job scheduled__2024-04-29T18:40:00+00:00 map_index=6 [queued]>
[2024-04-29T19:00:18.461+0000] {taskinstance.py:1979} INFO - Dependencies all met for dep_context=requeueable deps ti=<TaskInstance: Units_statistics_DAG.ETL_job scheduled__2024-04-29T18:40:00+00:00 map_index=6 [queued]>
[2024-04-29T19:00:18.462+0000] {taskinstance.py:2193} INFO - Starting attempt 1 of 4
[2024-04-29T19:00:18.585+0000] {taskinstance.py:2217} INFO - Executing <Mapped(_PythonDecoratedOperator): ETL_job> on 2024-04-29 18:40:00+00:00
[2024-04-29T19:00:18.636+0000] {standard_task_runner.py:60} INFO - Started process 644851 to run task
[2024-04-29T19:00:18.671+0000] {standard_task_runner.py:87} INFO - Running: ['***', 'tasks', 'run', 'Units_statistics_DAG', 'ETL_job', 'scheduled__2024-04-29T18:40:00+00:00', '--job-id', '23469', '--raw', '--subdir', 'DAGS_FOLDER/Units_dag.py', '--cfg-path', '/tmp/tmpi459jh59', '--map-index', '6']
[2024-04-29T19:00:18.674+0000] {standard_task_runner.py:88} INFO - Job 23469: Subtask ETL_job
[2024-04-29T19:00:18.993+0000] {task_command.py:423} INFO - Running <TaskInstance: Units_statistics_DAG.ETL_job scheduled__2024-04-29T18:40:00+00:00 map_index=6 [running]> on host a09da322e808
[2024-04-29T19:00:19.403+0000] {taskinstance.py:2513} INFO - Exporting env vars: AIRFLOW_CTX_DAG_OWNER='abeer-araby' AIRFLOW_CTX_DAG_ID='Units_statistics_DAG' AIRFLOW_CTX_TASK_ID='ETL_job' AIRFLOW_CTX_EXECUTION_DATE='2024-04-29T18:40:00+00:00' AIRFLOW_CTX_TRY_NUMBER='1' AIRFLOW_CTX_DAG_RUN_ID='scheduled__2024-04-29T18:40:00+00:00'
[2024-04-29T19:00:19.404+0000] {Units_dag.py:99} INFO - i: 60000, chunk: 10000
[2024-04-29T19:00:19.404+0000] {Units_dag.py:100} INFO - child token is::: eyJ0eXAiOiJKV1QiLCJhbGciOiJIUzI1NiJ9.eyJpc3MiOiJodHRwczovL2FwaS5hZmFxeS5zYS9hdXRoL2xvZ2luX2FzIiwiaWF0IjoxNzE0NDE3MjAzLCJleHAiOjE3MTcwMDkyMDMsIm5iZiI6MTcxNDQxNzIwMywianRpIjoiZTZrRkVWRjd4ZGpDNGxjSSIsInN1YiI6IjVkNjNlNTFlMDNlZDUyOTJhNDJjMjRlNiIsInBydiI6IjI3MGVjZmM3ZWEzZWQ5MzdlYTg0OTM2MmEzYTUwOTEwYzZkOGNlNGYiLCJsb2dpbl9hc19pZCI6IjY1N2YwYWQ3M2Y5NzcyOTVjZjA1NTc2YSJ9.gMeZS3k2BQt2wDGet5YhTkAsEFZKRXSq7kBe3d6PMIQ
[2024-04-29T19:00:41.632+0000] {Units_dag.py:104} INFO - {'_id': '6329976329c0c702f777e472', 'icon': 'icons/icon.png', 'driver_id': '', 'tailer_id': '', 'profile': {'vehicle_type': '', 'measurement_type': 'count', 'max_capacity': 0, 'vin': '', 'plate_number': '', 'start_operation': '', 'contract_milage': '', 'opening_milage': '', 'model': '', 'fuel_type': '91', 'year': 0, 'seats': 2}, 'device_password': '***', 'device_type': 'gps', 'gateway': False, 'name': '3522VJR', 'operation_code': '', 'device_gateway': '', 'business_types': {'waste': False, 'transportation': True, 'water': False}, 'imei': '862549043197584', 'sim_number': '+966830030080069', 'sim_serial': '21276222766', 'device_serial': '862549043197584', 'device': 'ruptela', 'user_id': '605b2ce24dfbf765482210f2', 'created_by': '5e6655bf03ed52e1ab79d301', 'updated_at': '2024-04-18 11:18:59', 'created_at': '2022-09-20 13:35:15', 'custom_fields': [], 'creator': 'amr.ahmed', 'company': '', 'owner': 'theeb-admin', 'last_update': {'dtt': 1714416957000, 'dts': 1714416960799, 'spd': 0, 'ang': 270, 'alt': 9, 'chPrams': {'gsm': {'v': 16, 'cdt': 1714416957000}, 'io_1_143': {'v': 0, 'cdt': 1714415130000}, 'move': {'v': 0, 'cdt': 1714415457000}, 'io_1_134': {'v': 0, 'cdt': 1714415130000}, 'io_1_136': {'v': 0, 'cdt': 1714415110000}, 'io_1_135': {'v': 0, 'cdt': 1714415110000}, 'ePwrV': {'v': 12.519, 'cdt': 1714416957000}, 'spd': {'v': 0, 'cdt': 1714415457000}, 'sat': {'v': 14, 'cdt': 1714416957000}, 'profile': {'v': 1, 'cdt': 1712928371000}, 'io_2_139': {'v': 0, 'cdt': 1714415130000}, 'hdop': {'v': 0.7, 'cdt': 1714416657000}, 'io_1_130': {'v': 0, 'cdt': 1714415130000}, 'operator': {'v': 42004, 'cdt': 1712234191000}, 'di5': {'v': 0, 'cdt': 1714415127000}, 'io_2_131': {'v': 0, 'cdt': 1714001715000}, 'accTemp': {'v': 36, 'cdt': 1714415757000}, 'protocol': {'v': 'ruptela', 'cdt': 1712928371000}, 'vOdometer': {'v': 28877341, 'cdt': 1714415127000}, 'io_2_137': {'v': 0, 'cdt': 1714052283000}, 'iPwrV': {'v': 4.078, 'cdt': 1714416657000}, 'event': {'v': 7, 'cdt': 1714415457000}}, 'prms': {'protocol': 'ruptela', 'sat': 14, 'spd': 0, 'hdop': 0.7, 'event': 7, 'di5': 0, 'gsm': 16, 'profile': 1, 'accTemp': 36, 'move': 0, 'io_1_130': 0, 'io_1_134': 0, 'io_1_135': 0, 'io_1_136': 0, 'io_1_143': 0, 'ePwrV': 12.519, 'iPwrV': 4.078, 'io_2_131': 0, 'io_2_137': 0, 'io_2_139': 0, 'vOdometer': 28877341, 'operator': 42004}, 'devPrms': ['protocol', 'sat', 'spd', 'hdop', 'event', 'di5', 'gsm', 'profile', 'accTemp', 'move', 'io_1_130', 'io_1_134', 'io_1_135', 'io_1_136', 'io_1_143', 'ePwrV', 'iPwrV', 'io_2_131', 'io_2_137', 'io_2_139', 'vOdometer', 'operator'], 'old_params': {'gsm': 15, 'io_1_143': 0, 'move': 0, 'io_1_134': 0, 'io_1_136': 0, 'io_1_135': 0, 'ePwrV': 12.527, 'spd': 0, 'sat': 13, 'profile': 1, 'io_2_139': 0, 'hdop': 0.7, 'io_1_130': 0, 'operator': 42004, 'di5': 0, 'io_2_131': 0, 'protocol': 'ruptela', 'accTemp': 36, 'vOdometer': 28877341, 'io_2_137': 0, 'iPwrV': 4.078, 'event': 7}, 'vLoc': 1, 'vCon': 1, 'ip': '51.36.12.75', 'rl': 0, 'trl': 28886.8965, 'mdu': 0, 'tmdu': 2865105, 'eidl': 0, 'teidl': 1558964, 'fc': 0, 'tfc': 40.349748, 'acc': 0, 'accOn': 5033623, 'accOff': 46611999, 'sdu': 300, 'tsdu': 1500, 'lat': 21.6131116, 'lng': 39.120755}, 'counters': {'odometer_type': 'gps', 'odometer': 28898.8965, 'engine_hours_type': 'acc', 'engine_hours': 5033623, 'last_acc': 0}, 'is_wasl_connected': 'Not Connected', 'iconUrl': 'https://api.afaqy.sa/images/units/icons/icon.png', 'hasCCTV': False}
[2024-04-29T19:00:42.625+0000] {warnings.py:109} WARNING - /home/***/.local/lib/python3.8/site-packages/elasticsearch/_sync/client/__init__.py:399: SecurityWarning: Connecting to 'https://dbelk3.afaqy.local:9200' using TLS with verify_certs=False is insecure
  _transport = transport_class(

[2024-04-29T19:00:42.694+0000] {warnings.py:109} WARNING - /home/***/.local/lib/python3.8/site-packages/elasticsearch/_sync/client/__init__.py:399: SecurityWarning: Connecting to 'https://dbelk1.afaqy.local:9200' using TLS with verify_certs=False is insecure
  _transport = transport_class(

[2024-04-29T19:00:42.824+0000] {warnings.py:109} WARNING - /home/***/.local/lib/python3.8/site-packages/elasticsearch/_sync/client/__init__.py:399: SecurityWarning: Connecting to 'https://dbelk2.afaqy.local:9200' using TLS with verify_certs=False is insecure
  _transport = transport_class(

[2024-04-29T19:00:42.862+0000] {warnings.py:109} WARNING - /home/***/.local/lib/python3.8/site-packages/urllib3/connectionpool.py:1061: InsecureRequestWarning: Unverified HTTPS request is being made to host 'dbelk3.afaqy.local'. Adding certificate verification is strongly advised. See: https://urllib3.readthedocs.io/en/1.26.x/advanced-usage.html#ssl-warnings
  warnings.warn(

[2024-04-29T19:00:43.019+0000] {_transport.py:335} INFO - GET https://dbelk3.afaqy.local:9200/_cluster/health [status:200 duration:0.193s]
[2024-04-29T19:00:44.606+0000] {warnings.py:109} WARNING - /home/***/.local/lib/python3.8/site-packages/urllib3/connectionpool.py:1061: InsecureRequestWarning: Unverified HTTPS request is being made to host 'dbelk1.afaqy.local'. Adding certificate verification is strongly advised. See: https://urllib3.readthedocs.io/en/1.26.x/advanced-usage.html#ssl-warnings
  warnings.warn(

[2024-04-29T19:00:46.019+0000] {_transport.py:335} INFO - PUT https://dbelk1.afaqy.local:9200/units_statistics_***/_bulk [status:200 duration:1.438s]
[2024-04-29T19:00:46.564+0000] {python.py:202} INFO - Done. Returned value was: None
[2024-04-29T19:00:46.584+0000] {taskinstance.py:1149} INFO - Marking task as SUCCESS. dag_id=Units_statistics_DAG, task_id=ETL_job, map_index=6, execution_date=20240429T184000, start_date=20240429T190018, end_date=20240429T190046
[2024-04-29T19:00:46.709+0000] {local_task_job_runner.py:234} INFO - Task exited with return code 0
[2024-04-29T19:00:46.740+0000] {taskinstance.py:3312} INFO - 0 downstream tasks scheduled from follow-on schedule check
