[2024-04-26T12:00:15.803+0000] {taskinstance.py:1979} INFO - Dependencies all met for dep_context=non-requeueable deps ti=<TaskInstance: Units_statistics_DAG.ETL_job scheduled__2024-04-26T11:40:00+00:00 map_index=14 [queued]>
[2024-04-26T12:00:15.888+0000] {taskinstance.py:1979} INFO - Dependencies all met for dep_context=requeueable deps ti=<TaskInstance: Units_statistics_DAG.ETL_job scheduled__2024-04-26T11:40:00+00:00 map_index=14 [queued]>
[2024-04-26T12:00:15.889+0000] {taskinstance.py:2193} INFO - Starting attempt 1 of 4
[2024-04-26T12:00:15.997+0000] {taskinstance.py:2217} INFO - Executing <Mapped(_PythonDecoratedOperator): ETL_job> on 2024-04-26 11:40:00+00:00
[2024-04-26T12:00:16.034+0000] {standard_task_runner.py:60} INFO - Started process 566193 to run task
[2024-04-26T12:00:16.049+0000] {standard_task_runner.py:87} INFO - Running: ['***', 'tasks', 'run', 'Units_statistics_DAG', 'ETL_job', 'scheduled__2024-04-26T11:40:00+00:00', '--job-id', '17943', '--raw', '--subdir', 'DAGS_FOLDER/Units_dag.py', '--cfg-path', '/tmp/tmphmbb426j', '--map-index', '14']
[2024-04-26T12:00:16.056+0000] {standard_task_runner.py:88} INFO - Job 17943: Subtask ETL_job
[2024-04-26T12:00:16.398+0000] {task_command.py:423} INFO - Running <TaskInstance: Units_statistics_DAG.ETL_job scheduled__2024-04-26T11:40:00+00:00 map_index=14 [running]> on host a09da322e808
[2024-04-26T12:00:17.103+0000] {taskinstance.py:2513} INFO - Exporting env vars: AIRFLOW_CTX_DAG_OWNER='abeer-araby' AIRFLOW_CTX_DAG_ID='Units_statistics_DAG' AIRFLOW_CTX_TASK_ID='ETL_job' AIRFLOW_CTX_EXECUTION_DATE='2024-04-26T11:40:00+00:00' AIRFLOW_CTX_TRY_NUMBER='1' AIRFLOW_CTX_DAG_RUN_ID='scheduled__2024-04-26T11:40:00+00:00'
[2024-04-26T12:00:17.105+0000] {Units_dag.py:99} INFO - i: 140000, chunk: 10000
[2024-04-26T12:00:17.105+0000] {Units_dag.py:100} INFO - child token is::: eyJ0eXAiOiJKV1QiLCJhbGciOiJIUzI1NiJ9.eyJpc3MiOiJodHRwczovL2FwaS5hZmFxeS5zYS9hdXRoL2xvZ2luX2FzIiwiaWF0IjoxNzE0MTMyODA0LCJleHAiOjE3MTY3MjQ4MDQsIm5iZiI6MTcxNDEzMjgwNCwianRpIjoiREJVUmJTdWJxUGxBckQ3dyIsInN1YiI6IjVkNjNlNTFlMDNlZDUyOTJhNDJjMjRlNiIsInBydiI6IjI3MGVjZmM3ZWEzZWQ5MzdlYTg0OTM2MmEzYTUwOTEwYzZkOGNlNGYiLCJsb2dpbl9hc19pZCI6IjY1N2YwYWQ3M2Y5NzcyOTVjZjA1NTc2YSJ9.S6OVN2Rt3yRJI1F7kdBZ_thIUei1t3yEudc4uy_Lmc8
[2024-04-26T12:00:36.845+0000] {Units_dag.py:104} INFO - {'_id': '654b7b5918103a54920d9534', 'icon': 'icons/icon.png', 'driver_id': '', 'tailer_id': '', 'profile': {'plate_number': '', 'vin': '', 'model': '', 'year': 0, 'measurement_type': 'count', 'max_capacity': None, 'vehicle_type': '', 'seats': 2, 'fuel_type': '91'}, 'shipment_info': {'product_category': '', 'truck_type': '', 'shipment_type': '', 'shipment_payment_type': '', 'transporter_type': '', 'operating_area': '', 'weight_kilograms_per_day': '', 'kms_per_day': '', 'opening_milage': '', 'shipment_trip_drive_hrs_day': '', 'expected_shipment_trip_day': '', 'car_pay_per_day': '', 'exceeding_temperature_limit_per_day': '', 'temperature_upper_limit': '', 'exceeding_humidity_limit_per_day': '', 'humidity_upper_limit': '', 'allowable_delay_drive_hrs_day': ''}, 'device_password': '***', 'device_type': 'gps', 'gateway': False, 'business_types': {'waste': False, 'transportation': False, 'water': False}, 'name': '7194', 'operation_code': '', 'imei': '861937063353628', 'sim_number': '+9742900024446', 'sim_serial': '8942702111627925267', 'device_serial': '861937063353628', 'device': 'bce', 'created_by': '652137028bb4ae1b134ee52b', 'user_id': '652137028bb4ae1b134ee52b', 'updated_at': '2024-04-18 11:18:59', 'created_at': '2023-11-08 15:13:13', 'custom_fields': [], 'creator': 'fox-transport-admin', 'company': '', 'owner': 'fox-transport-admin', 'last_update': {'dtt': 1714132796000, 'dts': 1714132806792, 'spd': 16, 'ang': 308, 'alt': 24, 'chPrams': {'ePwrV': {'v': 14.251, 'cdt': 1714132796000}, 'di16': {'v': 1, 'cdt': 1711729950000}, 'rssi1': {'v': 56, 'cdt': 1714132788000}, 'di15': {'v': 0, 'cdt': 1711729950000}, 'di14': {'v': 0, 'cdt': 1714132788000}, 'di13': {'v': 0, 'cdt': 1711729950000}, 'di12': {'v': 0, 'cdt': 1711729950000}, 'di11': {'v': 0, 'cdt': 1711729950000}, 'di10': {'v': 0, 'cdt': 1711880560000}, 'di2': {'v': 0, 'cdt': 1711729950000}, 'di1': {'v': 1, 'cdt': 1714132718000}, 'ai4': {'v': 278, 'cdt': 1714132750000}, 'di4': {'v': 0, 'cdt': 1711729950000}, 'di3': {'v': 1, 'cdt': 1711880560000}, 'di6': {'v': 0, 'cdt': 1711729950000}, 'di5': {'v': 1, 'cdt': 1714132592000}, 'lac1': {'v': 120, 'cdt': 1714131146000}, 'protocol': {'v': 'bce', 'cdt': 1711729950000}, 'di8': {'v': 1, 'cdt': 1712061348000}, 'di7': {'v': 1, 'cdt': 1714132592000}, 'di9': {'v': 0, 'cdt': 1712400624000}, 'iPwrV': {'v': 4.147, 'cdt': 1714132718000}, 'cid1': {'v': 10632, 'cdt': 1714132788000}, 'odometer': {'v': 1093246836, 'cdt': 1714132796000}, 'spd': {'v': 16, 'cdt': 1714132796000}, 'sat': {'v': 12, 'cdt': 1714131756000}, 'hdop': {'v': 1, 'cdt': 1714122020000}, 'ta': {'v': 0, 'cdt': 1712400624000}, 'mcc1': {'v': 427, 'cdt': 1714071904000}, 'mnc1': {'v': 2, 'cdt': 1714071904000}}, 'prms': {'protocol': 'bce', 'spd': 16, 'sat': 12, 'hdop': 1, 'odometer': 1093246836, 'di16': 1, 'di15': 0, 'di14': 0, 'di13': 0, 'di12': 0, 'di11': 0, 'di10': 0, 'di9': 0, 'di8': 1, 'di7': 1, 'di6': 0, 'di5': 1, 'di4': 0, 'di3': 1, 'di2': 0, 'di1': 1, 'ePwrV': 14.251, 'ai4': 278, 'iPwrV': 4.147, 'ta': 0, 'mcc1': 427, 'mnc1': 2, 'lac1': 120, 'cid1': 10632, 'rssi1': 56}, 'devPrms': ['protocol', 'spd', 'sat', 'hdop', 'odometer', 'di16', 'di15', 'di14', 'di13', 'di12', 'di11', 'di10', 'di9', 'di8', 'di7', 'di6', 'di5', 'di4', 'di3', 'di2', 'di1', 'ePwrV', 'ai4', 'iPwrV', 'ta', 'mcc1', 'mnc1', 'lac1', 'cid1', 'rssi1'], 'old_params': {'protocol': 'bce', 'spd': 20, 'sat': 12, 'hdop': 1, 'odometer': 1108546988, 'di16': 1, 'di15': 0, 'di14': 0, 'di13': 0, 'di12': 0, 'di11': 0, 'di10': 0, 'di9': 0, 'di8': 1, 'di7': 1, 'di6': 0, 'di5': 1, 'di4': 0, 'di3': 1, 'di2': 0, 'di1': 1, 'ePwrV': 14.287, 'ai4': 278, 'iPwrV': 4.147, 'ta': 0, 'mcc1': 427, 'mnc1': 2, 'lac1': 120, 'cid1': 10632, 'rssi1': 56}, 'vLoc': 1, 'vCon': 1, 'ip': '212.70.114.243', 'rl': 0.0107, 'trl': 20516.1496, 'mdu': 2, 'tmdu': 1657356, 'eidl': 0, 'teidl': 1122480, 'fc': 0.001284, 'tfc': 0.280956, 'acc': 1, 'accOn': 3142956, 'accOff': 12617060, 'sdu': 0, 'tsdu': 0, 'lat': 25.326936721801758, 'lng': 51.53369140625}, 'counters': {'engine_hours': 3142956, 'last_acc': 1, 'odometer': 20516.1496}, 'is_wasl_connected': 'Not Connected', 'iconUrl': 'https://api.afaqy.sa/images/units/icons/icon.png', 'hasCCTV': False}
[2024-04-26T12:00:37.299+0000] {warnings.py:109} WARNING - /home/***/.local/lib/python3.8/site-packages/elasticsearch/_sync/client/__init__.py:399: SecurityWarning: Connecting to 'https://dbelk1.afaqy.local:9200' using TLS with verify_certs=False is insecure
  _transport = transport_class(

[2024-04-26T12:00:37.367+0000] {warnings.py:109} WARNING - /home/***/.local/lib/python3.8/site-packages/elasticsearch/_sync/client/__init__.py:399: SecurityWarning: Connecting to 'https://dbelk2.afaqy.local:9200' using TLS with verify_certs=False is insecure
  _transport = transport_class(

[2024-04-26T12:00:37.411+0000] {warnings.py:109} WARNING - /home/***/.local/lib/python3.8/site-packages/elasticsearch/_sync/client/__init__.py:399: SecurityWarning: Connecting to 'https://dbelk3.afaqy.local:9200' using TLS with verify_certs=False is insecure
  _transport = transport_class(

[2024-04-26T12:00:37.443+0000] {warnings.py:109} WARNING - /home/***/.local/lib/python3.8/site-packages/urllib3/connectionpool.py:1061: InsecureRequestWarning: Unverified HTTPS request is being made to host 'dbelk1.afaqy.local'. Adding certificate verification is strongly advised. See: https://urllib3.readthedocs.io/en/1.26.x/advanced-usage.html#ssl-warnings
  warnings.warn(

[2024-04-26T12:00:37.500+0000] {_transport.py:335} INFO - GET https://dbelk1.afaqy.local:9200/_cluster/health [status:200 duration:0.087s]
[2024-04-26T12:00:37.934+0000] {warnings.py:109} WARNING - /home/***/.local/lib/python3.8/site-packages/urllib3/connectionpool.py:1061: InsecureRequestWarning: Unverified HTTPS request is being made to host 'dbelk2.afaqy.local'. Adding certificate verification is strongly advised. See: https://urllib3.readthedocs.io/en/1.26.x/advanced-usage.html#ssl-warnings
  warnings.warn(

[2024-04-26T12:00:42.451+0000] {_transport.py:335} INFO - PUT https://dbelk2.afaqy.local:9200/units_statistics_***/_bulk [status:200 duration:4.549s]
[2024-04-26T12:00:42.610+0000] {taskinstance.py:2731} ERROR - Task failed with exception
Traceback (most recent call last):
  File "/home/airflow/.local/lib/python3.8/site-packages/airflow/models/taskinstance.py", line 444, in _execute_task
    result = _execute_callable(context=context, **execute_callable_kwargs)
  File "/home/airflow/.local/lib/python3.8/site-packages/airflow/models/taskinstance.py", line 414, in _execute_callable
    return execute_callable(context=context, **execute_callable_kwargs)
  File "/home/airflow/.local/lib/python3.8/site-packages/airflow/decorators/base.py", line 241, in execute
    return_value = super().execute(context)
  File "/home/airflow/.local/lib/python3.8/site-packages/airflow/operators/python.py", line 200, in execute
    return_value = self.execute_callable()
  File "/home/airflow/.local/lib/python3.8/site-packages/airflow/operators/python.py", line 217, in execute_callable
    return self.python_callable(*self.op_args, **self.op_kwargs)
  File "/opt/airflow/dags/Units_dag.py", line 112, in ETL_job
    Elk_client.elk_pushData(Globals.index_name,units_list_update)
  File "/opt/airflow/dags/elk_manager.py", line 69, in elk_pushData
    helpers.bulk(self.elk_client, docs_list, index=index_name, chunk_size=batch)
  File "/home/airflow/.local/lib/python3.8/site-packages/elasticsearch/helpers/actions.py", line 521, in bulk
    for ok, item in streaming_bulk(
  File "/home/airflow/.local/lib/python3.8/site-packages/elasticsearch/helpers/actions.py", line 436, in streaming_bulk
    for data, (ok, info) in zip(
  File "/home/airflow/.local/lib/python3.8/site-packages/elasticsearch/helpers/actions.py", line 355, in _process_bulk_chunk
    yield from gen
  File "/home/airflow/.local/lib/python3.8/site-packages/elasticsearch/helpers/actions.py", line 274, in _process_bulk_chunk_success
    raise BulkIndexError(f"{len(errors)} document(s) failed to index.", errors)
elasticsearch.helpers.BulkIndexError: 1 document(s) failed to index.
[2024-04-26T12:00:42.636+0000] {taskinstance.py:1149} INFO - Marking task as UP_FOR_RETRY. dag_id=Units_statistics_DAG, task_id=ETL_job, map_index=14, execution_date=20240426T114000, start_date=20240426T120015, end_date=20240426T120042
[2024-04-26T12:00:42.942+0000] {standard_task_runner.py:107} ERROR - Failed to execute job 17943 for task ETL_job (1 document(s) failed to index.; 566193)
[2024-04-26T12:00:42.987+0000] {local_task_job_runner.py:234} INFO - Task exited with return code 1
[2024-04-26T12:00:43.072+0000] {taskinstance.py:3312} INFO - 0 downstream tasks scheduled from follow-on schedule check
