[2024-05-10T15:21:50.154+0000] {taskinstance.py:1979} INFO - Dependencies all met for dep_context=non-requeueable deps ti=<TaskInstance: Units_statistics_DAG.ETL_job scheduled__2024-05-10T15:00:00+00:00 map_index=14 [queued]>
[2024-05-10T15:21:50.172+0000] {taskinstance.py:1979} INFO - Dependencies all met for dep_context=requeueable deps ti=<TaskInstance: Units_statistics_DAG.ETL_job scheduled__2024-05-10T15:00:00+00:00 map_index=14 [queued]>
[2024-05-10T15:21:50.172+0000] {taskinstance.py:2193} INFO - Starting attempt 2 of 4
[2024-05-10T15:21:50.198+0000] {taskinstance.py:2217} INFO - Executing <Mapped(_PythonDecoratedOperator): ETL_job> on 2024-05-10 15:00:00+00:00
[2024-05-10T15:21:50.205+0000] {standard_task_runner.py:60} INFO - Started process 917198 to run task
[2024-05-10T15:21:50.213+0000] {standard_task_runner.py:87} INFO - Running: ['***', 'tasks', 'run', 'Units_statistics_DAG', 'ETL_job', 'scheduled__2024-05-10T15:00:00+00:00', '--job-id', '48053', '--raw', '--subdir', 'DAGS_FOLDER/Units_dag.py', '--cfg-path', '/tmp/tmp26wbo0xs', '--map-index', '14']
[2024-05-10T15:21:50.215+0000] {standard_task_runner.py:88} INFO - Job 48053: Subtask ETL_job
[2024-05-10T15:21:50.305+0000] {task_command.py:423} INFO - Running <TaskInstance: Units_statistics_DAG.ETL_job scheduled__2024-05-10T15:00:00+00:00 map_index=14 [running]> on host a09da322e808
[2024-05-10T15:21:50.482+0000] {taskinstance.py:2513} INFO - Exporting env vars: AIRFLOW_CTX_DAG_OWNER='abeer-araby' AIRFLOW_CTX_DAG_ID='Units_statistics_DAG' AIRFLOW_CTX_TASK_ID='ETL_job' AIRFLOW_CTX_EXECUTION_DATE='2024-05-10T15:00:00+00:00' AIRFLOW_CTX_TRY_NUMBER='2' AIRFLOW_CTX_DAG_RUN_ID='scheduled__2024-05-10T15:00:00+00:00'
[2024-05-10T15:21:50.483+0000] {Units_dag.py:98} INFO - i: 140000, chunk: 10000
[2024-05-10T15:21:50.484+0000] {Units_dag.py:99} INFO - child token is::: eyJ0eXAiOiJKV1QiLCJhbGciOiJIUzI1NiJ9.eyJpc3MiOiJodHRwczovL2FwaS5hZmFxeS5zYS9hdXRoL2xvZ2luX2FzIiwiaWF0IjoxNzE1MzU0NDA0LCJleHAiOjE3MTc5NDY0MDQsIm5iZiI6MTcxNTM1NDQwNCwianRpIjoiZzhEd2JYRGkwbDh1YklXTyIsInN1YiI6IjVkNjNlNTFlMDNlZDUyOTJhNDJjMjRlNiIsInBydiI6IjI3MGVjZmM3ZWEzZWQ5MzdlYTg0OTM2MmEzYTUwOTEwYzZkOGNlNGYiLCJsb2dpbl9hc19pZCI6IjY1N2YwYWQ3M2Y5NzcyOTVjZjA1NTc2YSJ9.0H0voX59G9SbjOUVAsIJ_pOp1h4VMNda_DOQId4mAkk
[2024-05-10T15:22:07.659+0000] {Units_dag.py:103} INFO - {'_id': '6550c7d1bd27761adc0b8068', 'icon': 'icons/icon.png', 'driver_id': '', 'tailer_id': '', 'profile': {'measurement_type': 'count', 'fuel_type': '91', 'year': 0, 'seats': 2}, 'shipment_info': {'product_category': '', 'truck_type': '', 'shipment_type': '', 'shipment_payment_type': '', 'transporter_type': '', 'operating_area': '', 'weight_kilograms_per_day': '', 'kms_per_day': '', 'opening_milage': '', 'shipment_trip_drive_hrs_day': '', 'expected_shipment_trip_day': '', 'car_pay_per_day': '', 'exceeding_temperature_limit_per_day': '', 'temperature_upper_limit': '', 'exceeding_humidity_limit_per_day': '', 'humidity_upper_limit': '', 'allowable_delay_drive_hrs_day': ''}, 'device_password': '***', 'device_type': 'gps', 'gateway': False, 'business_types': {'waste': False, 'transportation': True, 'water': False}, 'name': '4140 X R A', 'operation_code': None, 'device_gateway': None, 'skip_sim_information': False, 'imei': '864626044893508', 'sim_number': '+966830031832285', 'sim_serial': '421296757550', 'device_serial': '864626044893508', 'device': 'bce', 'user_id': '625803f9eab5ed53380a3db4', 'created_by': '5e6655bf03ed52e1ab79d301', 'updated_at': '2024-04-18 11:18:59', 'created_at': '2023-11-12 15:40:49', 'custom_fields': [], 'creator': 'amr.ahmed', 'company': '', 'owner': 'sultan-trans-admin', 'last_update': {'dtt': 1715354478000, 'dts': 1715354492459, 'spd': 58, 'ang': 68, 'alt': 24, 'chPrams': {'ePwrV': {'v': 28.732, 'cdt': 1715354478000}, 'di16': {'v': 1, 'cdt': 1715339188000}, 'rssi1': {'v': 63, 'cdt': 1715354478000}, 'di15': {'v': 0, 'cdt': 1699786254000}, 'di14': {'v': 0, 'cdt': 1715354458000}, 'di13': {'v': 0, 'cdt': 1715341874000}, 'di12': {'v': 0, 'cdt': 1715339188000}, 'di11': {'v': 0, 'cdt': 1715339188000}, 'di10': {'v': 0, 'cdt': 1715339188000}, 'di2': {'v': 0, 'cdt': 1715320730000}, 'ai4': {'v': 2311, 'cdt': 1715354478000}, 'di1': {'v': 1, 'cdt': 1715353658000}, 'di4': {'v': 0, 'cdt': 1715339188000}, 'di3': {'v': 0, 'cdt': 1715339188000}, 'di6': {'v': 0, 'cdt': 1715339188000}, 'di5': {'v': 1, 'cdt': 1715337384000}, 'lac1': {'v': 12109, 'cdt': 1715352742000}, 'di8': {'v': 1, 'cdt': 1714628110000}, 'protocol': {'v': 'bce', 'cdt': 1715339188000}, 'di7': {'v': 1, 'cdt': 1715337384000}, 'di9': {'v': 0, 'cdt': 1715346708000}, 'iPwrV': {'v': 4.152, 'cdt': 1715354458000}, 'brk': {'v': '0.02', 'cdt': 1715354428000}, 'cid1': {'v': 20142, 'cdt': 1715354076000}, 'crn': {'v': '0.04', 'cdt': 1715354428000}, 'odometer': {'v': 1134886630, 'cdt': 1715354478000}, 'spd': {'v': 58, 'cdt': 1715354478000}, 'sat': {'v': 8, 'cdt': 1715354478000}, 'hdop': {'v': 1, 'cdt': 1715348524000}, 'accel': {'v': '0.02', 'cdt': 1715354428000}, 'ta': {'v': 0, 'cdt': 1715339188000}, 'mcc1': {'v': 420, 'cdt': 1714709294000}, 'mnc1': {'v': 4, 'cdt': 1714685356000}}, 'prms': {'protocol': 'bce', 'spd': 58, 'sat': 8, 'hdop': 1, 'odometer': 1134886630, 'di16': 1, 'di15': 0, 'di14': 0, 'di13': 0, 'di12': 0, 'di11': 0, 'di10': 0, 'di9': 0, 'di8': 1, 'di7': 1, 'di6': 0, 'di5': 1, 'di4': 0, 'di3': 0, 'di2': 0, 'di1': 1, 'ePwrV': 28.732, 'ai4': 2311, 'iPwrV': 4.152, 'ta': 0, 'mcc1': 420, 'mnc1': 4, 'lac1': 12109, 'cid1': 20142, 'rssi1': 63, 'accel': '0.02', 'brk': '0.02', 'crn': '0.04'}, 'devPrms': ['protocol', 'spd', 'sat', 'hdop', 'odometer', 'di16', 'di15', 'di14', 'di13', 'di12', 'di11', 'di10', 'di9', 'di8', 'di7', 'di6', 'di5', 'di4', 'di3', 'di2', 'di1', 'ePwrV', 'ai4', 'iPwrV', 'ta', 'mcc1', 'mnc1', 'lac1', 'cid1', 'rssi1', 'accel', 'brk', 'crn'], 'old_params': {'protocol': 'bce', 'spd': 53, 'sat': 9, 'hdop': 1, 'odometer': 1138878776, 'di16': 1, 'di15': 0, 'di14': 0, 'di13': 0, 'di12': 0, 'di11': 0, 'di10': 0, 'di9': 0, 'di8': 1, 'di7': 1, 'di6': 0, 'di5': 1, 'di4': 0, 'di3': 0, 'di2': 0, 'di1': 1, 'ePwrV': 28.785, 'ai4': 2365, 'iPwrV': 4.152, 'ta': 0, 'mcc1': 420, 'mnc1': 4, 'lac1': 12109, 'cid1': 20142, 'rssi1': 61, 'accel': '0.02', 'brk': '0.02', 'crn': '0.04'}, 'vLoc': 1, 'vCon': 1, 'ip': '51.36.7.94', 'rl': 0.3305, 'trl': 72342.9902, 'mdu': 20, 'tmdu': 4294304, 'eidl': 0, 'teidl': 2620950, 'fc': 0.03966, 'tfc': 44.319348, 'acc': 1, 'accOn': 20280848, 'accOff': 9358412, 'sdu': 0, 'tsdu': 0, 'lat': 26.329275131225586, 'lng': 49.92753982543945}, 'counters': {'engine_hours': 20280848, 'last_acc': 1, 'odometer': 72342.9902}, 'is_wasl_connected': 'Not Connected', 'iconUrl': 'https://api.afaqy.sa/images/units/icons/icon.png', 'hasCCTV': False}
[2024-05-10T15:22:08.227+0000] {warnings.py:109} WARNING - /home/***/.local/lib/python3.8/site-packages/elasticsearch/_sync/client/__init__.py:399: SecurityWarning: Connecting to 'https://dbelk2.afaqy.local:9200' using TLS with verify_certs=False is insecure
  _transport = transport_class(

[2024-05-10T15:22:08.269+0000] {warnings.py:109} WARNING - /home/***/.local/lib/python3.8/site-packages/elasticsearch/_sync/client/__init__.py:399: SecurityWarning: Connecting to 'https://dbelk3.afaqy.local:9200' using TLS with verify_certs=False is insecure
  _transport = transport_class(

[2024-05-10T15:22:08.314+0000] {warnings.py:109} WARNING - /home/***/.local/lib/python3.8/site-packages/elasticsearch/_sync/client/__init__.py:399: SecurityWarning: Connecting to 'https://dbelk1.afaqy.local:9200' using TLS with verify_certs=False is insecure
  _transport = transport_class(

[2024-05-10T15:22:08.333+0000] {warnings.py:109} WARNING - /home/***/.local/lib/python3.8/site-packages/urllib3/connectionpool.py:1061: InsecureRequestWarning: Unverified HTTPS request is being made to host 'dbelk2.afaqy.local'. Adding certificate verification is strongly advised. See: https://urllib3.readthedocs.io/en/1.26.x/advanced-usage.html#ssl-warnings
  warnings.warn(

[2024-05-10T15:22:08.416+0000] {_transport.py:335} INFO - GET https://dbelk2.afaqy.local:9200/_cluster/health [status:200 duration:0.101s]
[2024-05-10T15:22:08.843+0000] {warnings.py:109} WARNING - /home/***/.local/lib/python3.8/site-packages/urllib3/connectionpool.py:1061: InsecureRequestWarning: Unverified HTTPS request is being made to host 'dbelk3.afaqy.local'. Adding certificate verification is strongly advised. See: https://urllib3.readthedocs.io/en/1.26.x/advanced-usage.html#ssl-warnings
  warnings.warn(

[2024-05-10T15:22:08.855+0000] {_transport.py:335} INFO - PUT https://dbelk3.afaqy.local:9200/units_statistics_***/_bulk [status:429 duration:0.028s]
[2024-05-10T15:22:08.856+0000] {_node_pool.py:249} WARNING - Node <Urllib3HttpNode(https://dbelk3.afaqy.local:9200)> has failed for 1 times in a row, putting on 1 second timeout
[2024-05-10T15:22:08.856+0000] {_transport.py:427} WARNING - Retrying request after non-successful status 429 (attempt 0 of 3)
[2024-05-10T15:22:08.858+0000] {warnings.py:109} WARNING - /home/***/.local/lib/python3.8/site-packages/urllib3/connectionpool.py:1061: InsecureRequestWarning: Unverified HTTPS request is being made to host 'dbelk2.afaqy.local'. Adding certificate verification is strongly advised. See: https://urllib3.readthedocs.io/en/1.26.x/advanced-usage.html#ssl-warnings
  warnings.warn(

[2024-05-10T15:22:08.871+0000] {_transport.py:335} INFO - PUT https://dbelk2.afaqy.local:9200/units_statistics_***/_bulk [status:429 duration:0.014s]
[2024-05-10T15:22:08.871+0000] {_node_pool.py:249} WARNING - Node <Urllib3HttpNode(https://dbelk2.afaqy.local:9200)> has failed for 1 times in a row, putting on 1 second timeout
[2024-05-10T15:22:08.872+0000] {_transport.py:427} WARNING - Retrying request after non-successful status 429 (attempt 1 of 3)
[2024-05-10T15:22:08.892+0000] {warnings.py:109} WARNING - /home/***/.local/lib/python3.8/site-packages/urllib3/connectionpool.py:1061: InsecureRequestWarning: Unverified HTTPS request is being made to host 'dbelk1.afaqy.local'. Adding certificate verification is strongly advised. See: https://urllib3.readthedocs.io/en/1.26.x/advanced-usage.html#ssl-warnings
  warnings.warn(

[2024-05-10T15:22:09.033+0000] {_transport.py:335} INFO - PUT https://dbelk1.afaqy.local:9200/units_statistics_***/_bulk [status:200 duration:0.161s]
[2024-05-10T15:22:09.286+0000] {taskinstance.py:2731} ERROR - Task failed with exception
Traceback (most recent call last):
  File "/home/airflow/.local/lib/python3.8/site-packages/airflow/models/taskinstance.py", line 444, in _execute_task
    result = _execute_callable(context=context, **execute_callable_kwargs)
  File "/home/airflow/.local/lib/python3.8/site-packages/airflow/models/taskinstance.py", line 414, in _execute_callable
    return execute_callable(context=context, **execute_callable_kwargs)
  File "/home/airflow/.local/lib/python3.8/site-packages/airflow/decorators/base.py", line 241, in execute
    return_value = super().execute(context)
  File "/home/airflow/.local/lib/python3.8/site-packages/airflow/operators/python.py", line 200, in execute
    return_value = self.execute_callable()
  File "/home/airflow/.local/lib/python3.8/site-packages/airflow/operators/python.py", line 217, in execute_callable
    return self.python_callable(*self.op_args, **self.op_kwargs)
  File "/opt/airflow/dags/Units_dag.py", line 111, in ETL_job
    Elk_client.elk_pushData(Globals.index_name,units_list_update)
  File "/opt/airflow/dags/units_statistics/elk_manager.py", line 69, in elk_pushData
    helpers.bulk(self.elk_client, docs_list, index=index_name, chunk_size=batch)
  File "/home/airflow/.local/lib/python3.8/site-packages/elasticsearch/helpers/actions.py", line 521, in bulk
    for ok, item in streaming_bulk(
  File "/home/airflow/.local/lib/python3.8/site-packages/elasticsearch/helpers/actions.py", line 436, in streaming_bulk
    for data, (ok, info) in zip(
  File "/home/airflow/.local/lib/python3.8/site-packages/elasticsearch/helpers/actions.py", line 355, in _process_bulk_chunk
    yield from gen
  File "/home/airflow/.local/lib/python3.8/site-packages/elasticsearch/helpers/actions.py", line 274, in _process_bulk_chunk_success
    raise BulkIndexError(f"{len(errors)} document(s) failed to index.", errors)
elasticsearch.helpers.BulkIndexError: 10000 document(s) failed to index.
[2024-05-10T15:22:09.298+0000] {taskinstance.py:1149} INFO - Marking task as UP_FOR_RETRY. dag_id=Units_statistics_DAG, task_id=ETL_job, map_index=14, execution_date=20240510T150000, start_date=20240510T152150, end_date=20240510T152209
[2024-05-10T15:22:09.317+0000] {standard_task_runner.py:107} ERROR - Failed to execute job 48053 for task ETL_job (10000 document(s) failed to index.; 917198)
[2024-05-10T15:22:09.365+0000] {local_task_job_runner.py:234} INFO - Task exited with return code 1
[2024-05-10T15:22:09.391+0000] {taskinstance.py:3312} INFO - 0 downstream tasks scheduled from follow-on schedule check
