[2024-04-29T08:00:20.943+0000] {taskinstance.py:1979} INFO - Dependencies all met for dep_context=non-requeueable deps ti=<TaskInstance: Units_statistics_DAG.ETL_job scheduled__2024-04-29T07:40:00+00:00 map_index=11 [queued]>
[2024-04-29T08:00:21.047+0000] {taskinstance.py:1979} INFO - Dependencies all met for dep_context=requeueable deps ti=<TaskInstance: Units_statistics_DAG.ETL_job scheduled__2024-04-29T07:40:00+00:00 map_index=11 [queued]>
[2024-04-29T08:00:21.047+0000] {taskinstance.py:2193} INFO - Starting attempt 1 of 4
[2024-04-29T08:00:21.161+0000] {taskinstance.py:2217} INFO - Executing <Mapped(_PythonDecoratedOperator): ETL_job> on 2024-04-29 07:40:00+00:00
[2024-04-29T08:00:21.179+0000] {standard_task_runner.py:60} INFO - Started process 633844 to run task
[2024-04-29T08:00:21.223+0000] {standard_task_runner.py:87} INFO - Running: ['***', 'tasks', 'run', 'Units_statistics_DAG', 'ETL_job', 'scheduled__2024-04-29T07:40:00+00:00', '--job-id', '22661', '--raw', '--subdir', 'DAGS_FOLDER/Units_dag.py', '--cfg-path', '/tmp/tmpgc8up_hd', '--map-index', '11']
[2024-04-29T08:00:21.232+0000] {standard_task_runner.py:88} INFO - Job 22661: Subtask ETL_job
[2024-04-29T08:00:21.503+0000] {task_command.py:423} INFO - Running <TaskInstance: Units_statistics_DAG.ETL_job scheduled__2024-04-29T07:40:00+00:00 map_index=11 [running]> on host a09da322e808
[2024-04-29T08:00:21.843+0000] {taskinstance.py:2513} INFO - Exporting env vars: AIRFLOW_CTX_DAG_OWNER='abeer-araby' AIRFLOW_CTX_DAG_ID='Units_statistics_DAG' AIRFLOW_CTX_TASK_ID='ETL_job' AIRFLOW_CTX_EXECUTION_DATE='2024-04-29T07:40:00+00:00' AIRFLOW_CTX_TRY_NUMBER='1' AIRFLOW_CTX_DAG_RUN_ID='scheduled__2024-04-29T07:40:00+00:00'
[2024-04-29T08:00:21.844+0000] {Units_dag.py:99} INFO - i: 110000, chunk: 10000
[2024-04-29T08:00:21.845+0000] {Units_dag.py:100} INFO - child token is::: eyJ0eXAiOiJKV1QiLCJhbGciOiJIUzI1NiJ9.eyJpc3MiOiJodHRwczovL2FwaS5hZmFxeS5zYS9hdXRoL2xvZ2luX2FzIiwiaWF0IjoxNzE0Mzc3NjA0LCJleHAiOjE3MTY5Njk2MDQsIm5iZiI6MTcxNDM3NzYwNCwianRpIjoiQVRxeGNBOTgyMjNoTHlJbiIsInN1YiI6IjVkNjNlNTFlMDNlZDUyOTJhNDJjMjRlNiIsInBydiI6IjI3MGVjZmM3ZWEzZWQ5MzdlYTg0OTM2MmEzYTUwOTEwYzZkOGNlNGYiLCJsb2dpbl9hc19pZCI6IjY1N2YwYWQ3M2Y5NzcyOTVjZjA1NTc2YSJ9.DSwQ1WexC2-RzWwSCdco3DzpJo4b_qNLgzz7q30VDWY
[2024-04-29T08:00:42.780+0000] {Units_dag.py:104} INFO - {'_id': '648872f819255e18c5047c98', 'icon': 'icons/icon.png', 'driver_id': '', 'tailer_id': '', 'profile': {'measurement_type': 'count', 'fuel_type': '91', 'year': 0, 'seats': 2}, 'device_password': '***', 'device_type': 'gps', 'gateway': False, 'business_types': {'waste': False, 'transportation': True, 'water': False}, 'name': '7043ZRA', 'operation_code': None, 'device_gateway': None, 'skip_sim_information': False, 'imei': '350424067525665', 'sim_number': '+966830031857546', 'sim_serial': '421296748656', 'device_serial': '1125829299', 'device': 'teltonika', 'user_id': '647dd6be9e656924c70d73f6', 'created_by': '5e6655bf03ed52e1ab79d301', 'updated_at': '2024-04-18 11:18:59', 'created_at': '2023-06-13 16:45:28', 'custom_fields': [], 'creator': 'amr.ahmed', 'company': '', 'owner': 'alfaisal-admin', 'last_update': {'dtt': 1714377595000, 'dts': 1714377598789, 'spd': 88, 'ang': 340, 'alt': 16, 'chPrams': {'Speed': {'v': 88, 'cdt': 1714377595000}, 'output1': {'v': False, 'cdt': 1711598373000}, 'output2': {'v': False, 'cdt': 1714190848000}, 'ePwrV': {'v': 14.39, 'cdt': 1714377595000}, 'parm24': {'v': 88, 'cdt': 1714377595000}, 'sat': {'v': 12, 'cdt': 1714377595000}, 'ai1': {'v': 86, 'cdt': 1714376871000}, 'priority': {'v': 0, 'cdt': 1712783876000}, 'di2': {'v': 0, 'cdt': 1712791991000}, 'type': {'v': 6, 'cdt': 1713707718000}, 'di1': {'v': 1, 'cdt': 1714375187000}, 'result': {'v': '5665723a30332e32372e31335f3033204750533a41584e5f352e312e392048773a464d42313230204d6f643a333320494d45493a33353034323430363735323536363520496e69743a323032342d312d31382032323a3920557074696d653a38333536393530204d41433a333838413231303934334431205350433a312830292041584c3a32204f42443a3020424c3a312e31302042543a34', 'cdt': 1713987427000}, 'protocol': {'v': 'FMB120', 'cdt': 1713987728000}, 'parm6': {'v': 86, 'cdt': 1712791991000}, 'iPwrV': {'v': 4.005, 'cdt': 1714377504000}, 'event': {'v': 0, 'cdt': 1712783876000}}, 'prms': {'protocol': 'FMB120', 'priority': 0, 'sat': 12, 'event': 0, 'di1': 1, 'output1': 0, 'di2': 0, 'output2': 0, 'ePwrV': 14.39, 'Speed': 88, 'parm24': 88, 'iPwrV': 4.005, 'ai1': 86, 'parm6': 86}, 'devPrms': ['protocol', 'priority', 'sat', 'event', 'di1', 'output1', 'di2', 'output2', 'ePwrV', 'Speed', 'parm24', 'iPwrV', 'ai1', 'parm6'], 'old_params': {'protocol': 'FMB120', 'priority': 0, 'sat': 13, 'event': 0, 'di1': 1, 'output1': 0, 'di2': 0, 'output2': 0, 'ePwrV': 14.411, 'Speed': 89, 'parm24': 89, 'iPwrV': 4.005, 'ai1': 86, 'parm6': 86}, 'vLoc': 1, 'vCon': 1, 'ip': '51.36.52.4', 'rl': 0.7279, 'trl': 41058.2672, 'mdu': 30, 'tmdu': 2729310, 'eidl': 0, 'teidl': 1511173, 'fc': 0.087348, 'tfc': 1691.381322, 'acc': 1, 'accOn': 4303716, 'accOff': 637184725, 'sdu': 0, 'tsdu': 0, 'lat': 21.7368383, 'lng': 39.18904}, 'counters': {'odometer_type': 'gps', 'odometer': 41058.2672, 'engine_hours_type': 'acc', 'engine_hours': 4303716, 'last_acc': 1}, 'is_wasl_connected': 'Not Connected', 'iconUrl': 'https://api.afaqy.sa/images/units/icons/icon.png', 'hasCCTV': False}
[2024-04-29T08:00:43.428+0000] {warnings.py:109} WARNING - /home/***/.local/lib/python3.8/site-packages/elasticsearch/_sync/client/__init__.py:399: SecurityWarning: Connecting to 'https://dbelk1.afaqy.local:9200' using TLS with verify_certs=False is insecure
  _transport = transport_class(

[2024-04-29T08:00:43.473+0000] {warnings.py:109} WARNING - /home/***/.local/lib/python3.8/site-packages/elasticsearch/_sync/client/__init__.py:399: SecurityWarning: Connecting to 'https://dbelk3.afaqy.local:9200' using TLS with verify_certs=False is insecure
  _transport = transport_class(

[2024-04-29T08:00:43.522+0000] {warnings.py:109} WARNING - /home/***/.local/lib/python3.8/site-packages/elasticsearch/_sync/client/__init__.py:399: SecurityWarning: Connecting to 'https://dbelk2.afaqy.local:9200' using TLS with verify_certs=False is insecure
  _transport = transport_class(

[2024-04-29T08:00:43.548+0000] {warnings.py:109} WARNING - /home/***/.local/lib/python3.8/site-packages/urllib3/connectionpool.py:1061: InsecureRequestWarning: Unverified HTTPS request is being made to host 'dbelk1.afaqy.local'. Adding certificate verification is strongly advised. See: https://urllib3.readthedocs.io/en/1.26.x/advanced-usage.html#ssl-warnings
  warnings.warn(

[2024-04-29T08:00:43.623+0000] {_transport.py:335} INFO - GET https://dbelk1.afaqy.local:9200/_cluster/health [status:200 duration:0.099s]
[2024-04-29T08:00:44.083+0000] {warnings.py:109} WARNING - /home/***/.local/lib/python3.8/site-packages/urllib3/connectionpool.py:1061: InsecureRequestWarning: Unverified HTTPS request is being made to host 'dbelk3.afaqy.local'. Adding certificate verification is strongly advised. See: https://urllib3.readthedocs.io/en/1.26.x/advanced-usage.html#ssl-warnings
  warnings.warn(

[2024-04-29T08:00:47.891+0000] {_transport.py:335} INFO - PUT https://dbelk3.afaqy.local:9200/units_statistics_***/_bulk [status:200 duration:3.826s]
[2024-04-29T08:00:48.271+0000] {python.py:202} INFO - Done. Returned value was: None
[2024-04-29T08:00:48.286+0000] {taskinstance.py:1149} INFO - Marking task as SUCCESS. dag_id=Units_statistics_DAG, task_id=ETL_job, map_index=11, execution_date=20240429T074000, start_date=20240429T080020, end_date=20240429T080048
[2024-04-29T08:00:48.361+0000] {local_task_job_runner.py:234} INFO - Task exited with return code 0
[2024-04-29T08:00:48.386+0000] {taskinstance.py:3312} INFO - 0 downstream tasks scheduled from follow-on schedule check
