[2024-05-08T09:20:17.725+0000] {taskinstance.py:1979} INFO - Dependencies all met for dep_context=non-requeueable deps ti=<TaskInstance: Units_statistics_DAG.ETL_job scheduled__2024-05-08T09:00:00+00:00 map_index=13 [queued]>
[2024-05-08T09:20:17.813+0000] {taskinstance.py:1979} INFO - Dependencies all met for dep_context=requeueable deps ti=<TaskInstance: Units_statistics_DAG.ETL_job scheduled__2024-05-08T09:00:00+00:00 map_index=13 [queued]>
[2024-05-08T09:20:17.814+0000] {taskinstance.py:2193} INFO - Starting attempt 1 of 4
[2024-05-08T09:20:17.933+0000] {taskinstance.py:2217} INFO - Executing <Mapped(_PythonDecoratedOperator): ETL_job> on 2024-05-08 09:00:00+00:00
[2024-05-08T09:20:17.964+0000] {standard_task_runner.py:60} INFO - Started process 857521 to run task
[2024-05-08T09:20:18.022+0000] {standard_task_runner.py:87} INFO - Running: ['***', 'tasks', 'run', 'Units_statistics_DAG', 'ETL_job', 'scheduled__2024-05-08T09:00:00+00:00', '--job-id', '41307', '--raw', '--subdir', 'DAGS_FOLDER/Units_dag.py', '--cfg-path', '/tmp/tmp3uyj7eaz', '--map-index', '13']
[2024-05-08T09:20:18.025+0000] {standard_task_runner.py:88} INFO - Job 41307: Subtask ETL_job
[2024-05-08T09:20:18.380+0000] {task_command.py:423} INFO - Running <TaskInstance: Units_statistics_DAG.ETL_job scheduled__2024-05-08T09:00:00+00:00 map_index=13 [running]> on host a09da322e808
[2024-05-08T09:20:18.736+0000] {taskinstance.py:2513} INFO - Exporting env vars: AIRFLOW_CTX_DAG_OWNER='abeer-araby' AIRFLOW_CTX_DAG_ID='Units_statistics_DAG' AIRFLOW_CTX_TASK_ID='ETL_job' AIRFLOW_CTX_EXECUTION_DATE='2024-05-08T09:00:00+00:00' AIRFLOW_CTX_TRY_NUMBER='1' AIRFLOW_CTX_DAG_RUN_ID='scheduled__2024-05-08T09:00:00+00:00'
[2024-05-08T09:20:18.738+0000] {Units_dag.py:98} INFO - i: 130000, chunk: 10000
[2024-05-08T09:20:18.743+0000] {Units_dag.py:99} INFO - child token is::: eyJ0eXAiOiJKV1QiLCJhbGciOiJIUzI1NiJ9.eyJpc3MiOiJodHRwczovL2FwaS5hZmFxeS5zYS9hdXRoL2xvZ2luX2FzIiwiaWF0IjoxNzE1MTYwMDAzLCJleHAiOjE3MTc3NTIwMDMsIm5iZiI6MTcxNTE2MDAwMywianRpIjoic2cxQlNHUEoydDJ1OERqTCIsInN1YiI6IjVkNjNlNTFlMDNlZDUyOTJhNDJjMjRlNiIsInBydiI6IjI3MGVjZmM3ZWEzZWQ5MzdlYTg0OTM2MmEzYTUwOTEwYzZkOGNlNGYiLCJsb2dpbl9hc19pZCI6IjY1N2YwYWQ3M2Y5NzcyOTVjZjA1NTc2YSJ9.BvdzqmOjLQSU9FTWyyBYu7Exvl-Veu9U94L50_12zGI
[2024-05-08T09:20:47.804+0000] {Units_dag.py:103} INFO - {'_id': '65114e9bee24a819d1479cbd', 'icon': 'icons/icon.png', 'driver_id': '', 'tailer_id': '', 'profile': {'vehicle_type': '', 'measurement_type': 'count', 'max_capacity': 0, 'vin': '', 'plate_number': '', 'start_operation': '', 'contract_milage': '', 'opening_milage': '', 'model': '', 'fuel_type': '91', 'year': 0, 'seats': 2}, 'shipment_info': {'product_category': None, 'truck_type': None, 'shipment_type': None, 'shipment_payment_type': None, 'transporter_type': None, 'operating_area': None, 'weight_kilograms_per_day': None, 'kms_per_day': None, 'shipment_trip_drive_hrs_day': None, 'allowable_delay_drive_hrs_day': None, 'expected_shipment_trip_day': None, 'car_pay_per_day': None, 'exceeding_temperature_limit_per_day': None, 'temperature_upper_limit': None, 'exceeding_humidity_limit_per_day': None, 'humidity_upper_limit': None}, 'device_password': '***', 'device_type': 'gps', 'gateway': False, 'business_types': {'waste': False, 'transportation': False, 'water': False}, 'name': '11235/781574 KIA/CERATO 2019', 'operation_code': '', 'device_gateway': '', 'skip_sim_information': '', 'imei': '352094087455488', 'sim_number': '+9742800023100', 'sim_serial': '8997401002165887530', 'device_serial': '1000376390', 'device': 'teltonika', 'user_id': '62a1c6f5301ea544ba34ac0a', 'created_by': '62a1c6f5301ea544ba34ac0a', 'updated_at': '2024-04-18 11:18:59', 'created_at': '2023-09-25 12:10:51', 'custom_fields': [], 'creator': 'global-limousine-admin', 'company': '', 'owner': 'global-limousine-admin', 'last_update': {'dtt': 1715160013000, 'dts': 1715160016791, 'spd': 40, 'ang': 327, 'alt': 12, 'chPrams': {'output1': {'v': False, 'cdt': 1711117665000}, 'output2': {'v': False, 'cdt': 1713709748000}, 'ePwrV': {'v': 14.369, 'cdt': 1715160013000}, 'parm24': {'v': 40, 'cdt': 1715160013000}, 'ai1': {'v': 36, 'cdt': 1715159996000}, 'di2': {'v': 0, 'cdt': 1713745776000}, 'type': {'v': 6, 'cdt': 1715076346000}, 'di1': {'v': 1, 'cdt': 1715158849000}, 'temp1': {'v': 300, 'cdt': 1712939389000}, 'di3': {'v': 0, 'cdt': 1713745776000}, 'result': {'v': '436f6465205665723a30312e32372e3038205265763a302044657669636520494d45493a333532303934303837343535343838204465766963652049443a30303030303620426f6f746c6f61646572205665723a30312e3139204d6f64656d20415050205665723a544d3235515f525f30312e30302e30312e30305f3030332c20323031372f30392f32352031303a3434', 'cdt': 1715076346000}, 'protocol': {'v': 'teltonika', 'cdt': 1713745356000}, 'driverUniqueId': {'v': '0000000000000000', 'cdt': 1713745776000}, 'alarm': {'v': 'hardCornering', 'cdt': 1714624982000}, 'parm250': {'v': 1, 'cdt': 1715158861000}, 'event': {'v': 0, 'cdt': 1715159938000}, 'parm253': {'v': 3, 'cdt': 1714624982000}, 'parm254': {'v': 152, 'cdt': 1715159931000}, 'Speed': {'v': 40, 'cdt': 1715160013000}, 'rssi': {'v': 3, 'cdt': 1715159977000}, 'sat': {'v': 18, 'cdt': 1715160013000}, 'driverUniqueId_Reversed': {'v': '0', 'cdt': 1713745776000}, 'priority': {'v': 0, 'cdt': 1713745356000}, 'tripOdometer': {'v': 4622, 'cdt': 1715160013000}}, 'prms': {'protocol': 'teltonika', 'priority': 0, 'sat': 18, 'event': 0, 'di1': 1, 'di2': 0, 'di3': 0, 'output1': 0, 'output2': 0, 'rssi': 3, 'ai1': 36, 'ePwrV': 14.369, 'Speed': 40, 'parm24': 40, 'tripOdometer': 4622, 'temp1': 300, 'driverUniqueId': '0000000000000000', 'driverUniqueId_Reversed': '0', 'parm253': 3}, 'devPrms': ['protocol', 'priority', 'sat', 'event', 'di1', 'di2', 'di3', 'output1', 'output2', 'rssi', 'ai1', 'ePwrV', 'Speed', 'parm24', 'tripOdometer', 'temp1', 'driverUniqueId', 'driverUniqueId_Reversed', 'parm253', 'type', 'result', 'alarm', 'parm254', 'parm250'], 'old_params': {'protocol': 'teltonika', 'priority': 0, 'sat': 19, 'event': 0, 'di1': 1, 'di2': 0, 'di3': 0, 'output1': 0, 'output2': 0, 'rssi': 3, 'ai1': 36, 'ePwrV': 14.362, 'Speed': 35, 'parm24': 35, 'tripOdometer': 4581, 'temp1': 300, 'driverUniqueId': '0000000000000000', 'driverUniqueId_Reversed': '0', 'parm253': 3}, 'vLoc': 1, 'vCon': 1, 'ip': '78.101.12.200', 'rl': 0, 'trl': 0, 'mdu': 0, 'tmdu': 0, 'eidl': 0, 'teidl': 0, 'fc': 0, 'tfc': 0, 'acc': 0, 'accOn': 0, 'accOff': 14857273, 'sdu': 0, 'tsdu': 0, 'lat': 25.21978, 'lng': 51.4362916}, 'counters': {'odometer_type': 'gps', 'odometer': 0, 'engine_hours_type': 'acc', 'engine_hours': 0, 'last_acc': 0}, 'is_wasl_connected': 'Not Connected', 'iconUrl': 'https://api.afaqy.sa/images/units/icons/icon.png', 'hasCCTV': False}
[2024-05-08T09:21:09.564+0000] {job.py:213} ERROR - Job heartbeat got an exception
Traceback (most recent call last):
  File "/home/airflow/.local/lib/python3.8/site-packages/sqlalchemy/engine/base.py", line 3371, in _wrap_pool_connect
    return fn()
  File "/home/airflow/.local/lib/python3.8/site-packages/sqlalchemy/pool/base.py", line 327, in connect
    return _ConnectionFairy._checkout(self)
  File "/home/airflow/.local/lib/python3.8/site-packages/sqlalchemy/pool/base.py", line 894, in _checkout
    fairy = _ConnectionRecord.checkout(pool)
  File "/home/airflow/.local/lib/python3.8/site-packages/sqlalchemy/pool/base.py", line 493, in checkout
    rec = pool._do_get()
  File "/home/airflow/.local/lib/python3.8/site-packages/sqlalchemy/pool/impl.py", line 256, in _do_get
    return self._create_connection()
  File "/home/airflow/.local/lib/python3.8/site-packages/sqlalchemy/pool/base.py", line 273, in _create_connection
    return _ConnectionRecord(self)
  File "/home/airflow/.local/lib/python3.8/site-packages/sqlalchemy/pool/base.py", line 388, in __init__
    self.__connect()
  File "/home/airflow/.local/lib/python3.8/site-packages/sqlalchemy/pool/base.py", line 691, in __connect
    pool.logger.debug("Error on connect(): %s", e)
  File "/home/airflow/.local/lib/python3.8/site-packages/sqlalchemy/util/langhelpers.py", line 70, in __exit__
    compat.raise_(
  File "/home/airflow/.local/lib/python3.8/site-packages/sqlalchemy/util/compat.py", line 211, in raise_
    raise exception
  File "/home/airflow/.local/lib/python3.8/site-packages/sqlalchemy/pool/base.py", line 686, in __connect
    self.dbapi_connection = connection = pool._invoke_creator(self)
  File "/home/airflow/.local/lib/python3.8/site-packages/sqlalchemy/engine/create.py", line 574, in connect
    return dialect.connect(*cargs, **cparams)
  File "/home/airflow/.local/lib/python3.8/site-packages/sqlalchemy/engine/default.py", line 598, in connect
    return self.dbapi.connect(*cargs, **cparams)
  File "/home/airflow/.local/lib/python3.8/site-packages/psycopg2/__init__.py", line 122, in connect
    conn = _connect(dsn, connection_factory=connection_factory, **kwasync)
psycopg2.OperationalError: could not translate host name "postgres" to address: Temporary failure in name resolution


The above exception was the direct cause of the following exception:

Traceback (most recent call last):
  File "/home/airflow/.local/lib/python3.8/site-packages/airflow/jobs/job.py", line 187, in heartbeat
    self._merge_from(Job._fetch_from_db(self, session))
  File "/home/airflow/.local/lib/python3.8/site-packages/airflow/api_internal/internal_api_call.py", line 114, in wrapper
    return func(*args, **kwargs)
  File "/home/airflow/.local/lib/python3.8/site-packages/airflow/utils/session.py", line 76, in wrapper
    return func(*args, **kwargs)
  File "/home/airflow/.local/lib/python3.8/site-packages/airflow/jobs/job.py", line 308, in _fetch_from_db
    session.merge(job)
  File "/home/airflow/.local/lib/python3.8/site-packages/sqlalchemy/orm/session.py", line 3056, in merge
    return self._merge(
  File "/home/airflow/.local/lib/python3.8/site-packages/sqlalchemy/orm/session.py", line 3136, in _merge
    merged = self.get(
  File "/home/airflow/.local/lib/python3.8/site-packages/sqlalchemy/orm/session.py", line 2853, in get
    return self._get_impl(
  File "/home/airflow/.local/lib/python3.8/site-packages/sqlalchemy/orm/session.py", line 2975, in _get_impl
    return db_load_fn(
  File "/home/airflow/.local/lib/python3.8/site-packages/sqlalchemy/orm/loading.py", line 530, in load_on_pk_identity
    session.execute(
  File "/home/airflow/.local/lib/python3.8/site-packages/sqlalchemy/orm/session.py", line 1716, in execute
    conn = self._connection_for_bind(bind)
  File "/home/airflow/.local/lib/python3.8/site-packages/sqlalchemy/orm/session.py", line 1555, in _connection_for_bind
    return self._transaction._connection_for_bind(
  File "/home/airflow/.local/lib/python3.8/site-packages/sqlalchemy/orm/session.py", line 750, in _connection_for_bind
    conn = bind.connect()
  File "/home/airflow/.local/lib/python3.8/site-packages/sqlalchemy/future/engine.py", line 412, in connect
    return super(Engine, self).connect()
  File "/home/airflow/.local/lib/python3.8/site-packages/sqlalchemy/engine/base.py", line 3325, in connect
    return self._connection_cls(self, close_with_result=close_with_result)
  File "/home/airflow/.local/lib/python3.8/site-packages/sqlalchemy/engine/base.py", line 96, in __init__
    else engine.raw_connection()
  File "/home/airflow/.local/lib/python3.8/site-packages/sqlalchemy/engine/base.py", line 3404, in raw_connection
    return self._wrap_pool_connect(self.pool.connect, _connection)
  File "/home/airflow/.local/lib/python3.8/site-packages/sqlalchemy/engine/base.py", line 3374, in _wrap_pool_connect
    Connection._handle_dbapi_exception_noconnection(
  File "/home/airflow/.local/lib/python3.8/site-packages/sqlalchemy/engine/base.py", line 2208, in _handle_dbapi_exception_noconnection
    util.raise_(
  File "/home/airflow/.local/lib/python3.8/site-packages/sqlalchemy/util/compat.py", line 211, in raise_
    raise exception
  File "/home/airflow/.local/lib/python3.8/site-packages/sqlalchemy/engine/base.py", line 3371, in _wrap_pool_connect
    return fn()
  File "/home/airflow/.local/lib/python3.8/site-packages/sqlalchemy/pool/base.py", line 327, in connect
    return _ConnectionFairy._checkout(self)
  File "/home/airflow/.local/lib/python3.8/site-packages/sqlalchemy/pool/base.py", line 894, in _checkout
    fairy = _ConnectionRecord.checkout(pool)
  File "/home/airflow/.local/lib/python3.8/site-packages/sqlalchemy/pool/base.py", line 493, in checkout
    rec = pool._do_get()
  File "/home/airflow/.local/lib/python3.8/site-packages/sqlalchemy/pool/impl.py", line 256, in _do_get
    return self._create_connection()
  File "/home/airflow/.local/lib/python3.8/site-packages/sqlalchemy/pool/base.py", line 273, in _create_connection
    return _ConnectionRecord(self)
  File "/home/airflow/.local/lib/python3.8/site-packages/sqlalchemy/pool/base.py", line 388, in __init__
    self.__connect()
  File "/home/airflow/.local/lib/python3.8/site-packages/sqlalchemy/pool/base.py", line 691, in __connect
    pool.logger.debug("Error on connect(): %s", e)
  File "/home/airflow/.local/lib/python3.8/site-packages/sqlalchemy/util/langhelpers.py", line 70, in __exit__
    compat.raise_(
  File "/home/airflow/.local/lib/python3.8/site-packages/sqlalchemy/util/compat.py", line 211, in raise_
    raise exception
  File "/home/airflow/.local/lib/python3.8/site-packages/sqlalchemy/pool/base.py", line 686, in __connect
    self.dbapi_connection = connection = pool._invoke_creator(self)
  File "/home/airflow/.local/lib/python3.8/site-packages/sqlalchemy/engine/create.py", line 574, in connect
    return dialect.connect(*cargs, **cparams)
  File "/home/airflow/.local/lib/python3.8/site-packages/sqlalchemy/engine/default.py", line 598, in connect
    return self.dbapi.connect(*cargs, **cparams)
  File "/home/airflow/.local/lib/python3.8/site-packages/psycopg2/__init__.py", line 122, in connect
    conn = _connect(dsn, connection_factory=connection_factory, **kwasync)
sqlalchemy.exc.OperationalError: (psycopg2.OperationalError) could not translate host name "postgres" to address: Temporary failure in name resolution

(Background on this error at: https://sqlalche.me/e/14/e3q8)
[2024-05-08T09:21:10.365+0000] {job.py:221} ERROR - Job heartbeat failed with error. Scheduler is in unhealthy state
[2024-05-08T09:21:14.280+0000] {warnings.py:109} WARNING - /home/***/.local/lib/python3.8/site-packages/elasticsearch/_sync/client/__init__.py:399: SecurityWarning: Connecting to 'https://dbelk3.afaqy.local:9200' using TLS with verify_certs=False is insecure
  _transport = transport_class(

[2024-05-08T09:21:14.511+0000] {warnings.py:109} WARNING - /home/***/.local/lib/python3.8/site-packages/elasticsearch/_sync/client/__init__.py:399: SecurityWarning: Connecting to 'https://dbelk1.afaqy.local:9200' using TLS with verify_certs=False is insecure
  _transport = transport_class(

[2024-05-08T09:21:14.720+0000] {warnings.py:109} WARNING - /home/***/.local/lib/python3.8/site-packages/elasticsearch/_sync/client/__init__.py:399: SecurityWarning: Connecting to 'https://dbelk2.afaqy.local:9200' using TLS with verify_certs=False is insecure
  _transport = transport_class(

[2024-05-08T09:21:14.808+0000] {warnings.py:109} WARNING - /home/***/.local/lib/python3.8/site-packages/urllib3/connectionpool.py:1061: InsecureRequestWarning: Unverified HTTPS request is being made to host 'dbelk3.afaqy.local'. Adding certificate verification is strongly advised. See: https://urllib3.readthedocs.io/en/1.26.x/advanced-usage.html#ssl-warnings
  warnings.warn(

[2024-05-08T09:21:14.923+0000] {_transport.py:335} INFO - GET https://dbelk3.afaqy.local:9200/_cluster/health [status:200 duration:0.193s]
[2024-05-08T09:21:16.069+0000] {warnings.py:109} WARNING - /home/***/.local/lib/python3.8/site-packages/urllib3/connectionpool.py:1061: InsecureRequestWarning: Unverified HTTPS request is being made to host 'dbelk1.afaqy.local'. Adding certificate verification is strongly advised. See: https://urllib3.readthedocs.io/en/1.26.x/advanced-usage.html#ssl-warnings
  warnings.warn(

[2024-05-08T09:21:23.749+0000] {_transport.py:335} INFO - PUT https://dbelk1.afaqy.local:9200/units_statistics_***/_bulk [status:200 duration:7.704s]
[2024-05-08T09:21:24.089+0000] {python.py:202} INFO - Done. Returned value was: None
[2024-05-08T09:21:24.103+0000] {taskinstance.py:1149} INFO - Marking task as SUCCESS. dag_id=Units_statistics_DAG, task_id=ETL_job, map_index=13, execution_date=20240508T090000, start_date=20240508T092017, end_date=20240508T092124
[2024-05-08T09:21:24.170+0000] {local_task_job_runner.py:234} INFO - Task exited with return code 0
[2024-05-08T09:21:24.208+0000] {taskinstance.py:3312} INFO - 0 downstream tasks scheduled from follow-on schedule check
