[2024-04-24T07:20:18.241+0000] {taskinstance.py:1979} INFO - Dependencies all met for dep_context=non-requeueable deps ti=<TaskInstance: Units_statistics_DAG.ETL_job scheduled__2024-04-24T07:00:00+00:00 map_index=11 [queued]>
[2024-04-24T07:20:18.343+0000] {taskinstance.py:1979} INFO - Dependencies all met for dep_context=requeueable deps ti=<TaskInstance: Units_statistics_DAG.ETL_job scheduled__2024-04-24T07:00:00+00:00 map_index=11 [queued]>
[2024-04-24T07:20:18.361+0000] {taskinstance.py:2193} INFO - Starting attempt 1 of 4
[2024-04-24T07:20:18.507+0000] {taskinstance.py:2217} INFO - Executing <Mapped(_PythonDecoratedOperator): ETL_job> on 2024-04-24 07:00:00+00:00
[2024-04-24T07:20:18.560+0000] {standard_task_runner.py:60} INFO - Started process 513852 to run task
[2024-04-24T07:20:18.627+0000] {standard_task_runner.py:87} INFO - Running: ['***', 'tasks', 'run', 'Units_statistics_DAG', 'ETL_job', 'scheduled__2024-04-24T07:00:00+00:00', '--job-id', '14306', '--raw', '--subdir', 'DAGS_FOLDER/Units_dag.py', '--cfg-path', '/tmp/tmpntq8v7iu', '--map-index', '11']
[2024-04-24T07:20:18.649+0000] {standard_task_runner.py:88} INFO - Job 14306: Subtask ETL_job
[2024-04-24T07:20:19.084+0000] {task_command.py:423} INFO - Running <TaskInstance: Units_statistics_DAG.ETL_job scheduled__2024-04-24T07:00:00+00:00 map_index=11 [running]> on host a09da322e808
[2024-04-24T07:20:19.750+0000] {taskinstance.py:2513} INFO - Exporting env vars: AIRFLOW_CTX_DAG_OWNER='abeer-araby' AIRFLOW_CTX_DAG_ID='Units_statistics_DAG' AIRFLOW_CTX_TASK_ID='ETL_job' AIRFLOW_CTX_EXECUTION_DATE='2024-04-24T07:00:00+00:00' AIRFLOW_CTX_TRY_NUMBER='1' AIRFLOW_CTX_DAG_RUN_ID='scheduled__2024-04-24T07:00:00+00:00'
[2024-04-24T07:20:19.752+0000] {Units_dag.py:99} INFO - i: 110000, chunk: 10000
[2024-04-24T07:20:19.752+0000] {Units_dag.py:100} INFO - child token is::: eyJ0eXAiOiJKV1QiLCJhbGciOiJIUzI1NiJ9.eyJpc3MiOiJodHRwczovL2FwaS5hZmFxeS5zYS9hdXRoL2xvZ2luX2FzIiwiaWF0IjoxNzEzOTQzMjA0LCJleHAiOjE3MTY1MzUyMDQsIm5iZiI6MTcxMzk0MzIwNCwianRpIjoiS2t3VFRjOG0yOTY1RG9ncyIsInN1YiI6IjVkNjNlNTFlMDNlZDUyOTJhNDJjMjRlNiIsInBydiI6IjI3MGVjZmM3ZWEzZWQ5MzdlYTg0OTM2MmEzYTUwOTEwYzZkOGNlNGYiLCJsb2dpbl9hc19pZCI6IjY1N2YwYWQ3M2Y5NzcyOTVjZjA1NTc2YSJ9.97lTXrrWrS4uVzsmPKWSAqEXgXQ534eCZJQRw6bhusA
[2024-04-24T07:20:47.996+0000] {Units_dag.py:104} INFO - {'_id': '64880e2b6dcb36032b598c17', 'icon': 'icons/icon.png', 'driver_id': '', 'tailer_id': '', 'profile': {'vehicle_type': '', 'measurement_type': 'count', 'max_capacity': 0, 'vin': '', 'plate_number': '', 'start_operation': '', 'contract_milage': '', 'opening_milage': '', 'model': '', 'fuel_type': '91', 'year': 0, 'seats': 2}, 'device_password': '***', 'device_type': 'gps', 'gateway': False, 'business_types': {'waste': False, 'transportation': True, 'water': False}, 'name': '2773 V K J', 'operation_code': '', 'device_gateway': '', 'skip_sim_information': False, 'imei': '350317179928654', 'sim_number': '+966830031796594', 'sim_serial': '421296734433', 'device_serial': '1130145437', 'device': 'teltonika', 'user_id': '646f44de0fcb4d6f2d4ba440', 'created_by': '5e6655bf03ed52e1ab79d301', 'updated_at': '2024-04-18 11:18:59', 'created_at': '2023-06-13 09:35:23', 'deleted_at': '', 'custom_fields': [], 'creator': 'amr.ahmed', 'company': '', 'owner': 'samaa-technologies-admin', 'last_update': {'dtt': 1713943095000, 'dts': 1713943098576, 'spd': 0, 'ang': 214, 'alt': 13, 'chPrams': {'Speed': {'v': 0, 'cdt': 1713936371000}, 'output1': {'v': False, 'cdt': 1713934388000}, 'ePwrV': {'v': 13.093, 'cdt': 1713943095000}, 'parm24': {'v': 0, 'cdt': 1713936371000}, 'sat': {'v': 15, 'cdt': 1713942193000}, 'driverUniqueId_Reversed': {'v': '0', 'cdt': 1713936762000}, 'ai1': {'v': 43, 'cdt': 1713779017000}, 'di2': {'v': 0, 'cdt': 1713936371000}, 'priority': {'v': 0, 'cdt': 1713937084000}, 'type': {'v': 6, 'cdt': 1713584244000}, 'di1': {'v': 0, 'cdt': 1713936732000}, 'di3': {'v': 0, 'cdt': 1713438461000}, 'result': {'v': '5665723a30332e32372e31345f3030204750533a41584e5f352e312e392048773a464d42313230204d6f643a333320494d45493a33353033313731373939323836353420496e69743a323032342d342d323220363a343120557074696d653a313731303932204d41433a333838413231324232383838205350433a312830292041584c3a32204f42443a3020424c3a312e31302042543a34', 'cdt': 1713939187000}, 'parm248': {'v': 0, 'cdt': 1713936783000}, 'protocol': {'v': 'FMB120', 'cdt': 1713939489000}, 'driverUniqueId': {'v': '0000000000000000', 'cdt': 1713936762000}, 'iPwrV': {'v': 4.035, 'cdt': 1713943095000}, 'event': {'v': 0, 'cdt': 1713937084000}}, 'prms': {'protocol': 'FMB120', 'priority': 0, 'sat': 15, 'event': 0, 'di1': 0, 'output1': 0, 'di2': 0, 'di3': 0, 'parm248': 0, 'ePwrV': 13.093, 'Speed': 0, 'parm24': 0, 'iPwrV': 4.035, 'ai1': 43, 'driverUniqueId': '0000000000000000', 'driverUniqueId_Reversed': '0'}, 'devPrms': ['protocol', 'priority', 'sat', 'event', 'di1', 'output1', 'di2', 'di3', 'parm248', 'ePwrV', 'Speed', 'parm24', 'iPwrV', 'ai1', 'driverUniqueId', 'driverUniqueId_Reversed'], 'old_params': {'protocol': 'FMB120', 'priority': 0, 'sat': 15, 'event': 0, 'di1': 0, 'output1': 0, 'di2': 0, 'di3': 0, 'parm248': 0, 'ePwrV': 13.089, 'Speed': 0, 'parm24': 0, 'iPwrV': 4.033, 'ai1': 43, 'driverUniqueId': '0000000000000000', 'driverUniqueId_Reversed': '0'}, 'vLoc': 1, 'vCon': 1, 'ip': '51.36.23.224', 'rl': 0, 'trl': 1258.5457, 'mdu': 0, 'tmdu': 102388, 'eidl': 0, 'teidl': 58556, 'fc': 0, 'tfc': 8.443764, 'acc': 0, 'accOn': 1895938789, 'accOff': 650999651, 'sdu': 301, 'tsdu': 6363, 'lat': 26.4006066, 'lng': 50.1540066}, 'counters': {'odometer_type': 'gps', 'odometer': 333856.7702, 'engine_hours_type': 'acc', 'engine_hours': 1895938789, 'last_acc': 0}, 'is_wasl_connected': 'Not Connected', 'iconUrl': 'https://api.afaqy.sa/images/units/icons/icon.png', 'hasCCTV': False}
[2024-04-24T07:20:49.289+0000] {warnings.py:109} WARNING - /home/***/.local/lib/python3.8/site-packages/elasticsearch/_sync/client/__init__.py:399: SecurityWarning: Connecting to 'https://dbelk3.afaqy.local:9200' using TLS with verify_certs=False is insecure
  _transport = transport_class(

[2024-04-24T07:20:49.341+0000] {warnings.py:109} WARNING - /home/***/.local/lib/python3.8/site-packages/elasticsearch/_sync/client/__init__.py:399: SecurityWarning: Connecting to 'https://dbelk1.afaqy.local:9200' using TLS with verify_certs=False is insecure
  _transport = transport_class(

[2024-04-24T07:20:49.385+0000] {warnings.py:109} WARNING - /home/***/.local/lib/python3.8/site-packages/elasticsearch/_sync/client/__init__.py:399: SecurityWarning: Connecting to 'https://dbelk2.afaqy.local:9200' using TLS with verify_certs=False is insecure
  _transport = transport_class(

[2024-04-24T07:20:49.404+0000] {warnings.py:109} WARNING - /home/***/.local/lib/python3.8/site-packages/urllib3/connectionpool.py:1061: InsecureRequestWarning: Unverified HTTPS request is being made to host 'dbelk3.afaqy.local'. Adding certificate verification is strongly advised. See: https://urllib3.readthedocs.io/en/1.26.x/advanced-usage.html#ssl-warnings
  warnings.warn(

[2024-04-24T07:20:49.475+0000] {_transport.py:335} INFO - GET https://dbelk3.afaqy.local:9200/_cluster/health [status:200 duration:0.088s]
[2024-04-24T07:20:50.242+0000] {warnings.py:109} WARNING - /home/***/.local/lib/python3.8/site-packages/urllib3/connectionpool.py:1061: InsecureRequestWarning: Unverified HTTPS request is being made to host 'dbelk1.afaqy.local'. Adding certificate verification is strongly advised. See: https://urllib3.readthedocs.io/en/1.26.x/advanced-usage.html#ssl-warnings
  warnings.warn(

[2024-04-24T07:20:52.071+0000] {_transport.py:335} INFO - PUT https://dbelk1.afaqy.local:9200/units_statistics_***/_bulk [status:200 duration:1.861s]
[2024-04-24T07:20:52.286+0000] {python.py:202} INFO - Done. Returned value was: None
[2024-04-24T07:20:52.305+0000] {taskinstance.py:1149} INFO - Marking task as SUCCESS. dag_id=Units_statistics_DAG, task_id=ETL_job, map_index=11, execution_date=20240424T070000, start_date=20240424T072018, end_date=20240424T072052
[2024-04-24T07:20:52.356+0000] {local_task_job_runner.py:234} INFO - Task exited with return code 0
[2024-04-24T07:20:52.388+0000] {taskinstance.py:3312} INFO - 0 downstream tasks scheduled from follow-on schedule check
