[2024-04-22T11:00:13.434+0000] {taskinstance.py:1979} INFO - Dependencies all met for dep_context=non-requeueable deps ti=<TaskInstance: Units_statistics_DAG.ETL_job scheduled__2024-04-22T10:40:00+00:00 map_index=3 [queued]>
[2024-04-22T11:00:13.544+0000] {taskinstance.py:1979} INFO - Dependencies all met for dep_context=requeueable deps ti=<TaskInstance: Units_statistics_DAG.ETL_job scheduled__2024-04-22T10:40:00+00:00 map_index=3 [queued]>
[2024-04-22T11:00:13.544+0000] {taskinstance.py:2193} INFO - Starting attempt 1 of 4
[2024-04-22T11:00:13.641+0000] {taskinstance.py:2217} INFO - Executing <Mapped(_PythonDecoratedOperator): ETL_job> on 2024-04-22 10:40:00+00:00
[2024-04-22T11:00:13.663+0000] {standard_task_runner.py:60} INFO - Started process 469686 to run task
[2024-04-22T11:00:13.712+0000] {standard_task_runner.py:87} INFO - Running: ['***', 'tasks', 'run', 'Units_statistics_DAG', 'ETL_job', 'scheduled__2024-04-22T10:40:00+00:00', '--job-id', '11258', '--raw', '--subdir', 'DAGS_FOLDER/Units_dag.py', '--cfg-path', '/tmp/tmpeqyhsy3b', '--map-index', '3']
[2024-04-22T11:00:13.730+0000] {standard_task_runner.py:88} INFO - Job 11258: Subtask ETL_job
[2024-04-22T11:00:13.952+0000] {task_command.py:423} INFO - Running <TaskInstance: Units_statistics_DAG.ETL_job scheduled__2024-04-22T10:40:00+00:00 map_index=3 [running]> on host a09da322e808
[2024-04-22T11:00:14.467+0000] {taskinstance.py:2513} INFO - Exporting env vars: AIRFLOW_CTX_DAG_OWNER='abeer-araby' AIRFLOW_CTX_DAG_ID='Units_statistics_DAG' AIRFLOW_CTX_TASK_ID='ETL_job' AIRFLOW_CTX_EXECUTION_DATE='2024-04-22T10:40:00+00:00' AIRFLOW_CTX_TRY_NUMBER='1' AIRFLOW_CTX_DAG_RUN_ID='scheduled__2024-04-22T10:40:00+00:00'
[2024-04-22T11:00:14.468+0000] {Units_dag.py:99} INFO - i: 30000, chunk: 10000
[2024-04-22T11:00:14.468+0000] {Units_dag.py:100} INFO - child token is::: eyJ0eXAiOiJKV1QiLCJhbGciOiJIUzI1NiJ9.eyJpc3MiOiJodHRwczovL2FwaS5hZmFxeS5zYS9hdXRoL2xvZ2luX2FzIiwiaWF0IjoxNzEzNzgzNjAzLCJleHAiOjE3MTYzNzU2MDMsIm5iZiI6MTcxMzc4MzYwMywianRpIjoiZ3Q1QWk1TXlWS0YxZm91QSIsInN1YiI6IjVkNjNlNTFlMDNlZDUyOTJhNDJjMjRlNiIsInBydiI6IjI3MGVjZmM3ZWEzZWQ5MzdlYTg0OTM2MmEzYTUwOTEwYzZkOGNlNGYiLCJsb2dpbl9hc19pZCI6IjY1N2YwYWQ3M2Y5NzcyOTVjZjA1NTc2YSJ9.hGJMKKS_hYJtyG-djiHSbCEJyV5MgF2kLihU2l2J0RY
[2024-04-22T11:00:43.992+0000] {Units_dag.py:104} INFO - {'_id': '62164f33067dce381c0d5ea8', 'icon': 'icons/icon.png', 'driver_id': '', 'tailer_id': '', 'profile': {'vehicle_type': 'BUS', 'vin': '', 'plate_number': '', 'model': '', 'year': 0, 'seats': 2, 'fuel_type': '91', 'start_operation': '', 'contract_milage': '', 'opening_milage': '', 'measurement_type': '', 'max_capacity': ''}, 'device_password': '***', 'device_type': 'gps', 'gateway': False, 'name': 'HB-248-279348', 'operation_code': '', 'imei': '356307049529851', 'sim_number': '+97430981749', 'sim_serial': '8942702111317119205', 'device_serial': '4629908', 'device': 'teltonika', 'created_by': '62136ed2b78f04217042a1e9', 'user_id': '62136ed2b78f04217042a1e9', 'updated_at': '2024-04-18 11:18:59', 'created_at': '2022-02-23 18:13:55', 'custom_fields': [], 'creator': 'elegancia-admin', 'company': '', 'owner': 'elegancia-admin', 'last_update': {'dtt': 1661320177000, 'dts': 1661320180291, 'spd': 2, 'ang': 153, 'alt': 40, 'chPrams': {'output1': {'v': False, 'cdt': 1659085770000}, 'output2': {'v': False, 'cdt': 1659085770000}, 'motion': {'v': False, 'cdt': 1661306990000}, 'sat': {'v': 17, 'cdt': 1661320147000}, 'priority': {'v': 0, 'cdt': 1661302876000}, 'di2': {'v': 0, 'cdt': 1659085770000}, 'di1': {'v': 1, 'cdt': 1661319875000}, 'temp1': {'v': 300, 'cdt': 1660780855000}, 'di3': {'v': 0, 'cdt': 1659085770000}, 'protocol': {'v': 'teltonika_FMB640', 'cdt': 1659085770000}, 'tripOdometer': {'v': 5, 'cdt': 1661320177000}, 'parm250': {'v': 0, 'cdt': 1661306999000}, 'event': {'v': 0, 'cdt': 1661307059000}}, 'prms': {'protocol': 'teltonika_FMB640', 'priority': 0, 'sat': 17, 'event': 0, 'di1': 1, 'di2': 0, 'di3': 0, 'output1': 0, 'output2': 0, 'motion': 0, 'tripOdometer': 5, 'temp1': 300}, 'devPrms': ['protocol', 'priority', 'sat', 'event', 'di1', 'di2', 'di3', 'output1', 'output2', 'motion', 'tripOdometer', 'temp1'], 'old_params': {'protocol': 'teltonika_FMB640', 'priority': 0, 'sat': 17, 'event': 0, 'di1': 1, 'di2': 0, 'di3': 0, 'output1': 0, 'output2': 0, 'motion': 0, 'tripOdometer': 1, 'temp1': 300}, 'vLoc': 1, 'vCon': 1, 'ip': '212.70.116.130', 'rl': 0.001, 'trl': 14590.21, 'mdu': 0, 'tmdu': 620875, 'eidl': 30, 'teidl': 985750, 'fc': 0.00012, 'tfc': 4.28118, 'acc': 1, 'accOn': 1695902, 'accOff': 13533909, 'sdu': 0, 'tsdu': 0, 'lat': 25.3590518, 'lng': 51.2380025}, 'counters': {'odometer_type': 'gps', 'engine_hours_type': 'acc', 'engine_hours': 1695902, 'odometer': 14590.21, 'last_acc': 1}, 'is_wasl_connected': 'Not Connected', 'iconUrl': 'https://api.afaqy.sa/images/units/icons/icon.png', 'hasCCTV': False}
[2024-04-22T11:00:44.650+0000] {warnings.py:109} WARNING - /home/***/.local/lib/python3.8/site-packages/elasticsearch/_sync/client/__init__.py:399: SecurityWarning: Connecting to 'https://dbelk1.afaqy.local:9200' using TLS with verify_certs=False is insecure
  _transport = transport_class(

[2024-04-22T11:00:44.717+0000] {warnings.py:109} WARNING - /home/***/.local/lib/python3.8/site-packages/elasticsearch/_sync/client/__init__.py:399: SecurityWarning: Connecting to 'https://dbelk3.afaqy.local:9200' using TLS with verify_certs=False is insecure
  _transport = transport_class(

[2024-04-22T11:00:44.792+0000] {warnings.py:109} WARNING - /home/***/.local/lib/python3.8/site-packages/elasticsearch/_sync/client/__init__.py:399: SecurityWarning: Connecting to 'https://dbelk2.afaqy.local:9200' using TLS with verify_certs=False is insecure
  _transport = transport_class(

[2024-04-22T11:00:44.820+0000] {warnings.py:109} WARNING - /home/***/.local/lib/python3.8/site-packages/urllib3/connectionpool.py:1061: InsecureRequestWarning: Unverified HTTPS request is being made to host 'dbelk1.afaqy.local'. Adding certificate verification is strongly advised. See: https://urllib3.readthedocs.io/en/1.26.x/advanced-usage.html#ssl-warnings
  warnings.warn(

[2024-04-22T11:00:44.900+0000] {_transport.py:335} INFO - GET https://dbelk1.afaqy.local:9200/_cluster/health [status:200 duration:0.106s]
[2024-04-22T11:00:45.576+0000] {warnings.py:109} WARNING - /home/***/.local/lib/python3.8/site-packages/urllib3/connectionpool.py:1061: InsecureRequestWarning: Unverified HTTPS request is being made to host 'dbelk3.afaqy.local'. Adding certificate verification is strongly advised. See: https://urllib3.readthedocs.io/en/1.26.x/advanced-usage.html#ssl-warnings
  warnings.warn(

[2024-04-22T11:00:48.287+0000] {_transport.py:335} INFO - PUT https://dbelk3.afaqy.local:9200/units_statistics_***/_bulk [status:200 duration:2.727s]
[2024-04-22T11:00:48.466+0000] {python.py:202} INFO - Done. Returned value was: None
[2024-04-22T11:00:48.480+0000] {taskinstance.py:1149} INFO - Marking task as SUCCESS. dag_id=Units_statistics_DAG, task_id=ETL_job, map_index=3, execution_date=20240422T104000, start_date=20240422T110013, end_date=20240422T110048
[2024-04-22T11:00:48.663+0000] {local_task_job_runner.py:234} INFO - Task exited with return code 0
[2024-04-22T11:00:48.684+0000] {taskinstance.py:3312} INFO - 0 downstream tasks scheduled from follow-on schedule check
