[2024-05-05T18:20:17.185+0000] {taskinstance.py:1979} INFO - Dependencies all met for dep_context=non-requeueable deps ti=<TaskInstance: Units_statistics_DAG.ETL_job scheduled__2024-05-05T18:00:00+00:00 map_index=13 [queued]>
[2024-05-05T18:20:17.249+0000] {taskinstance.py:1979} INFO - Dependencies all met for dep_context=requeueable deps ti=<TaskInstance: Units_statistics_DAG.ETL_job scheduled__2024-05-05T18:00:00+00:00 map_index=13 [queued]>
[2024-05-05T18:20:17.258+0000] {taskinstance.py:2193} INFO - Starting attempt 1 of 4
[2024-05-05T18:20:17.321+0000] {taskinstance.py:2217} INFO - Executing <Mapped(_PythonDecoratedOperator): ETL_job> on 2024-05-05 18:00:00+00:00
[2024-05-05T18:20:17.348+0000] {standard_task_runner.py:60} INFO - Started process 788501 to run task
[2024-05-05T18:20:17.386+0000] {standard_task_runner.py:87} INFO - Running: ['***', 'tasks', 'run', 'Units_statistics_DAG', 'ETL_job', 'scheduled__2024-05-05T18:00:00+00:00', '--job-id', '33785', '--raw', '--subdir', 'DAGS_FOLDER/Units_dag.py', '--cfg-path', '/tmp/tmppg46dsqu', '--map-index', '13']
[2024-05-05T18:20:17.389+0000] {standard_task_runner.py:88} INFO - Job 33785: Subtask ETL_job
[2024-05-05T18:20:17.583+0000] {task_command.py:423} INFO - Running <TaskInstance: Units_statistics_DAG.ETL_job scheduled__2024-05-05T18:00:00+00:00 map_index=13 [running]> on host a09da322e808
[2024-05-05T18:20:18.060+0000] {taskinstance.py:2513} INFO - Exporting env vars: AIRFLOW_CTX_DAG_OWNER='abeer-araby' AIRFLOW_CTX_DAG_ID='Units_statistics_DAG' AIRFLOW_CTX_TASK_ID='ETL_job' AIRFLOW_CTX_EXECUTION_DATE='2024-05-05T18:00:00+00:00' AIRFLOW_CTX_TRY_NUMBER='1' AIRFLOW_CTX_DAG_RUN_ID='scheduled__2024-05-05T18:00:00+00:00'
[2024-05-05T18:20:18.062+0000] {Units_dag.py:99} INFO - i: 130000, chunk: 10000
[2024-05-05T18:20:18.062+0000] {Units_dag.py:100} INFO - child token is::: eyJ0eXAiOiJKV1QiLCJhbGciOiJIUzI1NiJ9.eyJpc3MiOiJodHRwczovL2FwaS5hZmFxeS5zYS9hdXRoL2xvZ2luX2FzIiwiaWF0IjoxNzE0OTMzMjAzLCJleHAiOjE3MTc1MjUyMDMsIm5iZiI6MTcxNDkzMzIwMywianRpIjoieUhuZWZVakhzRmRUQnBpSCIsInN1YiI6IjVkNjNlNTFlMDNlZDUyOTJhNDJjMjRlNiIsInBydiI6IjI3MGVjZmM3ZWEzZWQ5MzdlYTg0OTM2MmEzYTUwOTEwYzZkOGNlNGYiLCJsb2dpbl9hc19pZCI6IjY1N2YwYWQ3M2Y5NzcyOTVjZjA1NTc2YSJ9.DilIb1MA9fOrQEp8JtLmQCPjIFRqSq0JecjzBq8zxYU
[2024-05-05T18:20:39.570+0000] {Units_dag.py:104} INFO - {'_id': '650c355c72f13f24e349a215', 'icon': 'icons/icon.png', 'driver_id': '', 'tailer_id': '', 'profile': {'vehicle_type': '', 'measurement_type': 'count', 'max_capacity': 0, 'vin': '', 'plate_number': '', 'start_operation': '', 'contract_milage': '', 'opening_milage': '', 'model': '', 'fuel_type': '91', 'year': 0, 'seats': 2}, 'shipment_info': {'product_category': None, 'truck_type': None, 'shipment_type': None, 'shipment_payment_type': None, 'transporter_type': None, 'operating_area': None, 'weight_kilograms_per_day': None, 'kms_per_day': None, 'shipment_trip_drive_hrs_day': None, 'allowable_delay_drive_hrs_day': None, 'expected_shipment_trip_day': None, 'car_pay_per_day': None, 'exceeding_temperature_limit_per_day': None, 'temperature_upper_limit': None, 'exceeding_humidity_limit_per_day': None, 'humidity_upper_limit': None}, 'device_password': '***', 'device_type': 'gps', 'gateway': False, 'business_types': {'waste': False, 'transportation': True, 'water': False}, 'name': '0038', 'operation_code': '', 'device_gateway': '', 'skip_sim_information': False, 'imei': '862427060149996', 'sim_number': '+966830031821293', 'sim_serial': '421296751180', 'device_serial': '862427060149996', 'device': 'bceIotm', 'cctv': {'dvr_id': None, 'channels': None}, 'user_id': '6256d949674c9170c17c2e93', 'created_by': '5e6655bf03ed52e1ab79d301', 'updated_at': '2024-04-18 11:18:59', 'created_at': '2023-09-21 15:21:48', 'custom_fields': [], 'creator': 'amr.ahmed', 'company': '', 'owner': 'masar-adv-admin', 'last_update': {'dtt': 1714933170000, 'dts': 1714933175139, 'spd': 0, 'ang': 167, 'alt': 296, 'chPrams': {'acc': {'v': 0, 'cdt': 1714931070000}, 'sensor_8192': {'v': 0, 'cdt': 1714931070000}, 'fw_name': {'v': 'QF0_01_122', 'cdt': 3471726221000}, 'ePwrV': {'v': 26077, 'cdt': 1714933170000}, 'sensor_8197': {'v': 48, 'cdt': 1714931005000}, 'sensor_153': {'v': 0, 'cdt': 3471726202000}, 'sensor_8193': {'v': 15, 'cdt': 1714931008000}, 'war_id': {'v': 1, 'cdt': 1714929612000}, 'sensor_12289': {'v': 37, 'cdt': 1714933170000}, 'protocol': {'v': 'MQTT', 'cdt': 1714660776000}, 'sensor_2': {'v': 0, 'cdt': 1714931370000}, 'sensor_16': {'v': 0, 'cdt': 1714136811000}, 'sensor_17': {'v': 0, 'cdt': 1714136811000}, 'sensor_18': {'v': 0, 'cdt': 1714136811000}, 'sensor_12290': {'v': 18, 'cdt': 1714932870000}, 'sensor_45058': {'v': 23717770.642058156, 'cdt': 1714930963000}, 'sensor_12292': {'v': 3987, 'cdt': 1714933170000}, 'spd': {'v': 0, 'cdt': 1714931070000}, 'sat': {'v': 16, 'cdt': 1714933170000}, 'sensor_12291': {'v': 18, 'cdt': 1714933170000}, 'fun_id': {'v': 240, 'cdt': 1714929612000}, 'hdop': {'v': 6, 'cdt': 1714932870000}, 'sensor_12299': {'v': 236, 'cdt': 1714931070000}, 'sensor_105': {'v': 0, 'cdt': 3471726202000}, 'sensor_148': {'v': 0, 'cdt': 3471726202000}, 'sensor_49156': {'v': 'script1', 'cdt': 1713175291000}, 'sensor_40963': {'v': -200, 'cdt': 1714484909000}, 'sensor_40964': {'v': -200, 'cdt': 1714484909000}}, 'prms': {'sensor_45058': 23717770.642058156, 'sensor_12299': 236, 'ePwrV': 26077, 'sensor_12292': 3987, 'sensor_12289': 37, 'sensor_12290': 18, 'sensor_12291': 18, 'sensor_40963': -200, 'sensor_40964': -200, 'sensor_8192': 0, 'spd': 0, 'hdop': 6, 'sat': 16, 'acc': 0, 'sensor_8197': 48, 'sensor_2': 0, 'sensor_148': 0, 'sensor_153': 0, 'sensor_16': 0, 'sensor_17': 0, 'sensor_18': 0, 'protocol': 'MQTT'}, 'devPrms': ['sensor_45058', 'sensor_12299', 'ePwrV', 'sensor_12292', 'sensor_12289', 'sensor_12290', 'sensor_12291', 'sensor_40963', 'sensor_40964', 'sensor_8192', 'spd', 'hdop', 'sat', 'acc', 'sensor_8197', 'sensor_2', 'sensor_148', 'sensor_153', 'sensor_16', 'sensor_17', 'sensor_18', 'protocol'], 'old_params': {'sensor_12290': 18, 'acc': 0, 'sensor_45058': 23717770.642058156, 'sensor_8192': 0, 'ePwrV': 26094, 'sensor_12292': 3984, 'spd': 0, 'sensor_12291': 9, 'sat': 15, 'sensor_8197': 48, 'hdop': 6, 'sensor_153': 0, 'sensor_12289': 47, 'sensor_12299': 236, 'protocol': 'bceIotm', 'sensor_2': 0, 'sensor_148': 0, 'sensor_40963': -200, 'sensor_40964': -200, 'sensor_16': 0, 'sensor_17': 0, 'sensor_18': 0}, 'vLoc': 1, 'vCon': 1, 'ip': '51.36.52.149', 'rl': 0, 'trl': 0, 'mdu': 0, 'tmdu': 1820787, 'eidl': 0, 'teidl': 1979924, 'fc': 0, 'tfc': 0, 'acc': 0, 'accOn': 207789179202, 'accOff': 255747845502, 'sdu': 300, 'tsdu': 2100, 'lat': 21.39104652404785, 'lng': 39.74759292602539}, 'counters': {'odometer_type': 'canbus', 'odometer': 0, 'engine_hours_type': 'acc', 'engine_hours': 207789179202, 'last_acc': 0}, 'is_wasl_connected': 'Connected', 'iconUrl': 'https://api.afaqy.sa/images/units/icons/icon.png', 'hasCCTV': False}
[2024-05-05T18:20:40.229+0000] {warnings.py:109} WARNING - /home/***/.local/lib/python3.8/site-packages/elasticsearch/_sync/client/__init__.py:399: SecurityWarning: Connecting to 'https://dbelk3.afaqy.local:9200' using TLS with verify_certs=False is insecure
  _transport = transport_class(

[2024-05-05T18:20:40.316+0000] {warnings.py:109} WARNING - /home/***/.local/lib/python3.8/site-packages/elasticsearch/_sync/client/__init__.py:399: SecurityWarning: Connecting to 'https://dbelk2.afaqy.local:9200' using TLS with verify_certs=False is insecure
  _transport = transport_class(

[2024-05-05T18:20:40.406+0000] {warnings.py:109} WARNING - /home/***/.local/lib/python3.8/site-packages/elasticsearch/_sync/client/__init__.py:399: SecurityWarning: Connecting to 'https://dbelk1.afaqy.local:9200' using TLS with verify_certs=False is insecure
  _transport = transport_class(

[2024-05-05T18:20:40.430+0000] {warnings.py:109} WARNING - /home/***/.local/lib/python3.8/site-packages/urllib3/connectionpool.py:1061: InsecureRequestWarning: Unverified HTTPS request is being made to host 'dbelk3.afaqy.local'. Adding certificate verification is strongly advised. See: https://urllib3.readthedocs.io/en/1.26.x/advanced-usage.html#ssl-warnings
  warnings.warn(

[2024-05-05T18:20:40.502+0000] {_transport.py:335} INFO - GET https://dbelk3.afaqy.local:9200/_cluster/health [status:200 duration:0.095s]
[2024-05-05T18:20:41.361+0000] {warnings.py:109} WARNING - /home/***/.local/lib/python3.8/site-packages/urllib3/connectionpool.py:1061: InsecureRequestWarning: Unverified HTTPS request is being made to host 'dbelk2.afaqy.local'. Adding certificate verification is strongly advised. See: https://urllib3.readthedocs.io/en/1.26.x/advanced-usage.html#ssl-warnings
  warnings.warn(

[2024-05-05T18:20:41.383+0000] {_transport.py:335} INFO - PUT https://dbelk2.afaqy.local:9200/units_statistics_***/_bulk [status:429 duration:0.109s]
[2024-05-05T18:20:41.384+0000] {_node_pool.py:249} WARNING - Node <Urllib3HttpNode(https://dbelk2.afaqy.local:9200)> has failed for 1 times in a row, putting on 1 second timeout
[2024-05-05T18:20:41.384+0000] {_transport.py:427} WARNING - Retrying request after non-successful status 429 (attempt 0 of 3)
[2024-05-05T18:20:41.385+0000] {warnings.py:109} WARNING - /home/***/.local/lib/python3.8/site-packages/urllib3/connectionpool.py:1061: InsecureRequestWarning: Unverified HTTPS request is being made to host 'dbelk3.afaqy.local'. Adding certificate verification is strongly advised. See: https://urllib3.readthedocs.io/en/1.26.x/advanced-usage.html#ssl-warnings
  warnings.warn(

[2024-05-05T18:20:41.530+0000] {_transport.py:335} INFO - PUT https://dbelk3.afaqy.local:9200/units_statistics_***/_bulk [status:200 duration:0.146s]
[2024-05-05T18:20:46.566+0000] {taskinstance.py:2731} ERROR - Task failed with exception
Traceback (most recent call last):
  File "/home/airflow/.local/lib/python3.8/site-packages/airflow/models/taskinstance.py", line 444, in _execute_task
    result = _execute_callable(context=context, **execute_callable_kwargs)
  File "/home/airflow/.local/lib/python3.8/site-packages/airflow/models/taskinstance.py", line 414, in _execute_callable
    return execute_callable(context=context, **execute_callable_kwargs)
  File "/home/airflow/.local/lib/python3.8/site-packages/airflow/decorators/base.py", line 241, in execute
    return_value = super().execute(context)
  File "/home/airflow/.local/lib/python3.8/site-packages/airflow/operators/python.py", line 200, in execute
    return_value = self.execute_callable()
  File "/home/airflow/.local/lib/python3.8/site-packages/airflow/operators/python.py", line 217, in execute_callable
    return self.python_callable(*self.op_args, **self.op_kwargs)
  File "/opt/airflow/dags/Units_dag.py", line 112, in ETL_job
    Elk_client.elk_pushData(Globals.index_name,units_list_update)
  File "/opt/airflow/dags/elk_manager.py", line 69, in elk_pushData
    helpers.bulk(self.elk_client, docs_list, index=index_name, chunk_size=batch)
  File "/home/airflow/.local/lib/python3.8/site-packages/elasticsearch/helpers/actions.py", line 521, in bulk
    for ok, item in streaming_bulk(
  File "/home/airflow/.local/lib/python3.8/site-packages/elasticsearch/helpers/actions.py", line 436, in streaming_bulk
    for data, (ok, info) in zip(
  File "/home/airflow/.local/lib/python3.8/site-packages/elasticsearch/helpers/actions.py", line 355, in _process_bulk_chunk
    yield from gen
  File "/home/airflow/.local/lib/python3.8/site-packages/elasticsearch/helpers/actions.py", line 274, in _process_bulk_chunk_success
    raise BulkIndexError(f"{len(errors)} document(s) failed to index.", errors)
elasticsearch.helpers.BulkIndexError: 10000 document(s) failed to index.
[2024-05-05T18:20:46.829+0000] {taskinstance.py:1149} INFO - Marking task as UP_FOR_RETRY. dag_id=Units_statistics_DAG, task_id=ETL_job, map_index=13, execution_date=20240505T180000, start_date=20240505T182017, end_date=20240505T182046
[2024-05-05T18:20:46.969+0000] {standard_task_runner.py:107} ERROR - Failed to execute job 33785 for task ETL_job (10000 document(s) failed to index.; 788501)
[2024-05-05T18:20:47.162+0000] {local_task_job_runner.py:234} INFO - Task exited with return code 1
[2024-05-05T18:20:47.458+0000] {taskinstance.py:3312} INFO - 0 downstream tasks scheduled from follow-on schedule check
