[2024-05-04T18:20:18.910+0000] {taskinstance.py:1979} INFO - Dependencies all met for dep_context=non-requeueable deps ti=<TaskInstance: Units_statistics_DAG.ETL_job scheduled__2024-05-04T18:00:00+00:00 map_index=4 [queued]>
[2024-05-04T18:20:18.987+0000] {taskinstance.py:1979} INFO - Dependencies all met for dep_context=requeueable deps ti=<TaskInstance: Units_statistics_DAG.ETL_job scheduled__2024-05-04T18:00:00+00:00 map_index=4 [queued]>
[2024-05-04T18:20:18.988+0000] {taskinstance.py:2193} INFO - Starting attempt 1 of 4
[2024-05-04T18:20:19.110+0000] {taskinstance.py:2217} INFO - Executing <Mapped(_PythonDecoratedOperator): ETL_job> on 2024-05-04 18:00:00+00:00
[2024-05-04T18:20:19.147+0000] {standard_task_runner.py:60} INFO - Started process 764118 to run task
[2024-05-04T18:20:19.197+0000] {standard_task_runner.py:87} INFO - Running: ['***', 'tasks', 'run', 'Units_statistics_DAG', 'ETL_job', 'scheduled__2024-05-04T18:00:00+00:00', '--job-id', '31885', '--raw', '--subdir', 'DAGS_FOLDER/Units_dag.py', '--cfg-path', '/tmp/tmphkwa_fnf', '--map-index', '4']
[2024-05-04T18:20:19.214+0000] {standard_task_runner.py:88} INFO - Job 31885: Subtask ETL_job
[2024-05-04T18:20:19.616+0000] {task_command.py:423} INFO - Running <TaskInstance: Units_statistics_DAG.ETL_job scheduled__2024-05-04T18:00:00+00:00 map_index=4 [running]> on host a09da322e808
[2024-05-04T18:20:20.315+0000] {taskinstance.py:2513} INFO - Exporting env vars: AIRFLOW_CTX_DAG_OWNER='abeer-araby' AIRFLOW_CTX_DAG_ID='Units_statistics_DAG' AIRFLOW_CTX_TASK_ID='ETL_job' AIRFLOW_CTX_EXECUTION_DATE='2024-05-04T18:00:00+00:00' AIRFLOW_CTX_TRY_NUMBER='1' AIRFLOW_CTX_DAG_RUN_ID='scheduled__2024-05-04T18:00:00+00:00'
[2024-05-04T18:20:20.323+0000] {Units_dag.py:99} INFO - i: 40000, chunk: 10000
[2024-05-04T18:20:20.324+0000] {Units_dag.py:100} INFO - child token is::: eyJ0eXAiOiJKV1QiLCJhbGciOiJIUzI1NiJ9.eyJpc3MiOiJodHRwczovL2FwaS5hZmFxeS5zYS9hdXRoL2xvZ2luX2FzIiwiaWF0IjoxNzE0ODQ2ODA0LCJleHAiOjE3MTc0Mzg4MDQsIm5iZiI6MTcxNDg0NjgwNCwianRpIjoidUh1SmhSMWxoWTN5U2NIciIsInN1YiI6IjVkNjNlNTFlMDNlZDUyOTJhNDJjMjRlNiIsInBydiI6IjI3MGVjZmM3ZWEzZWQ5MzdlYTg0OTM2MmEzYTUwOTEwYzZkOGNlNGYiLCJsb2dpbl9hc19pZCI6IjY1N2YwYWQ3M2Y5NzcyOTVjZjA1NTc2YSJ9.8PlqqdZ9yDZFYNQA_CZYzH4pnaJZXDxpn7EZH0JBtTk
[2024-05-04T18:20:45.438+0000] {Units_dag.py:104} INFO - {'_id': '62669b99aa8a58397e0d51d0', 'icon': 'icons/icon.png', 'driver_id': '', 'tailer_id': '', 'profile': {'vehicle_type': '', 'measurement_type': 'count', 'max_capacity': 0, 'vin': '', 'plate_number': '', 'start_operation': '', 'contract_milage': '', 'opening_milage': '', 'model': '', 'fuel_type': '91', 'year': 0, 'seats': 2}, 'device_password': '***', 'device_type': 'gps', 'gateway': False, 'name': '5610LBR', 'operation_code': '', 'device_gateway': '', 'business_types': {'waste': False, 'transportation': True, 'water': False}, 'imei': '862095054344566', 'sim_number': '+966830020160999', 'sim_serial': '996641520415665554', 'device_serial': '862095054344566', 'device': 'bce', 'user_id': '605b2ce24dfbf765482210f2', 'created_by': '5e6655bf03ed52e1ab79d301', 'updated_at': '2024-04-18 11:18:59', 'created_at': '2022-04-25 16:01:13', 'custom_fields': [], 'creator': 'amr.ahmed', 'company': '', 'owner': 'theeb-admin', 'last_update': {'dtt': 1714846556000, 'dts': 1714846563665, 'spd': 0, 'ang': 0, 'alt': 0, 'lastloc': {'lat': 28.436330795288086, 'lng': 36.5488166809082}, 'chPrams': {'ePwrV': {'v': 12.222, 'cdt': 1714846556000}, 'di16': {'v': 1, 'cdt': 1713179600000}, 'rssi1': {'v': 70, 'cdt': 1714846556000}, 'di15': {'v': 0, 'cdt': 1713179600000}, 'di14': {'v': 0, 'cdt': 1714844272000}, 'di13': {'v': 0, 'cdt': 1713179600000}, 'di12': {'v': 0, 'cdt': 1713179600000}, 'di11': {'v': 0, 'cdt': 1713179600000}, 'di10': {'v': 0, 'cdt': 1713179600000}, 'di2': {'v': 0, 'cdt': 1713179600000}, 'di1': {'v': 0, 'cdt': 1714844458000}, 'ai4': {'v': 268, 'cdt': 1714846544000}, 'di4': {'v': 0, 'cdt': 1713179600000}, 'di3': {'v': 0, 'cdt': 1713179600000}, 'di6': {'v': 0, 'cdt': 1713179600000}, 'di5': {'v': 0, 'cdt': 1714846556000}, 'lac1': {'v': 4524, 'cdt': 1714721334000}, 'protocol': {'v': 'bce', 'cdt': 1713179600000}, 'di8': {'v': 1, 'cdt': 1713911652000}, 'di7': {'v': 0, 'cdt': 1714846454000}, 'di9': {'v': 0, 'cdt': 1714717854000}, 'iPwrV': {'v': 4.126, 'cdt': 1714846514000}, 'humidity': {'v': -1, 'cdt': 1713186930000}, 'cid1': {'v': 56321, 'cdt': 1714844706000}, 'temp': {'v': -273, 'cdt': 1712941996000}, 'odometer': {'v': 0, 'cdt': 1714845428000}, 'spd': {'v': 0, 'cdt': 1714844828000}, 'sat': {'v': 8, 'cdt': 1714846364000}, 'hdop': {'v': 1, 'cdt': 1714844826000}, 'ta': {'v': 0, 'cdt': 1713186930000}, 'mcc1': {'v': 420, 'cdt': 1713094152000}, 'mnc1': {'v': 3, 'cdt': 1713094152000}}, 'prms': {'protocol': 'bce', 'di16': 1, 'di15': 0, 'di14': 0, 'di13': 0, 'di12': 0, 'di11': 0, 'di10': 0, 'di9': 0, 'di8': 1, 'di7': 0, 'di6': 0, 'di5': 0, 'di4': 0, 'di3': 0, 'di2': 0, 'di1': 0, 'ePwrV': 12.222, 'ai4': 268, 'iPwrV': 4.126, 'ta': 0, 'mcc1': 420, 'mnc1': 3, 'lac1': 4524, 'cid1': 56321, 'rssi1': 70, 'temp': -273, 'humidity': -1}, 'devPrms': ['protocol', 'spd', 'sat', 'hdop', 'odometer', 'di16', 'di15', 'di14', 'di13', 'di12', 'di11', 'di10', 'di9', 'di8', 'di7', 'di6', 'di5', 'di4', 'di3', 'di2', 'di1', 'ePwrV', 'ai4', 'iPwrV', 'ta', 'mcc1', 'mnc1', 'lac1', 'cid1', 'rssi1', 'temp', 'humidity'], 'old_params': {'protocol': 'bce', 'di16': 1, 'di15': 0, 'di14': 0, 'di13': 0, 'di12': 0, 'di11': 0, 'di10': 0, 'di9': 0, 'di8': 1, 'di7': 0, 'di6': 0, 'di5': 1, 'di4': 0, 'di3': 0, 'di2': 0, 'di1': 0, 'ePwrV': 12.328, 'ai4': 268, 'iPwrV': 4.126, 'ta': 0, 'mcc1': 420, 'mnc1': 3, 'lac1': 4524, 'cid1': 56321, 'rssi1': 65, 'temp': -273, 'humidity': -1}, 'vLoc': 0, 'vCon': 0, 'ip': '109.83.135.176', 'rl': 0, 'trl': 60183.4656, 'mdu': 0, 'tmdu': 3361226, 'eidl': 12, 'teidl': 5921068, 'fc': 0, 'tfc': 2.236308, 'acc': 0, 'accOn': 9169048, 'accOff': 58979508, 'sdu': 0, 'tsdu': 0, 'lat': 0, 'lng': 0}, 'counters': {'odometer_type': 'gps', 'odometer': 60259.4656, 'engine_hours_type': 'acc', 'engine_hours': 9169048, 'last_acc': 0}, 'is_wasl_connected': 'Not Connected', 'iconUrl': 'https://api.afaqy.sa/images/units/icons/icon.png', 'hasCCTV': False}
[2024-05-04T18:20:46.200+0000] {warnings.py:109} WARNING - /home/***/.local/lib/python3.8/site-packages/elasticsearch/_sync/client/__init__.py:399: SecurityWarning: Connecting to 'https://dbelk1.afaqy.local:9200' using TLS with verify_certs=False is insecure
  _transport = transport_class(

[2024-05-04T18:20:46.244+0000] {warnings.py:109} WARNING - /home/***/.local/lib/python3.8/site-packages/elasticsearch/_sync/client/__init__.py:399: SecurityWarning: Connecting to 'https://dbelk2.afaqy.local:9200' using TLS with verify_certs=False is insecure
  _transport = transport_class(

[2024-05-04T18:20:46.287+0000] {warnings.py:109} WARNING - /home/***/.local/lib/python3.8/site-packages/elasticsearch/_sync/client/__init__.py:399: SecurityWarning: Connecting to 'https://dbelk3.afaqy.local:9200' using TLS with verify_certs=False is insecure
  _transport = transport_class(

[2024-05-04T18:20:46.315+0000] {warnings.py:109} WARNING - /home/***/.local/lib/python3.8/site-packages/urllib3/connectionpool.py:1061: InsecureRequestWarning: Unverified HTTPS request is being made to host 'dbelk1.afaqy.local'. Adding certificate verification is strongly advised. See: https://urllib3.readthedocs.io/en/1.26.x/advanced-usage.html#ssl-warnings
  warnings.warn(

[2024-05-04T18:20:46.459+0000] {_transport.py:335} INFO - GET https://dbelk1.afaqy.local:9200/_cluster/health [status:200 duration:0.170s]
[2024-05-04T18:20:47.094+0000] {warnings.py:109} WARNING - /home/***/.local/lib/python3.8/site-packages/urllib3/connectionpool.py:1061: InsecureRequestWarning: Unverified HTTPS request is being made to host 'dbelk2.afaqy.local'. Adding certificate verification is strongly advised. See: https://urllib3.readthedocs.io/en/1.26.x/advanced-usage.html#ssl-warnings
  warnings.warn(

[2024-05-04T18:20:47.122+0000] {_transport.py:335} INFO - PUT https://dbelk2.afaqy.local:9200/units_statistics_***/_bulk [status:429 duration:0.058s]
[2024-05-04T18:20:47.122+0000] {_node_pool.py:249} WARNING - Node <Urllib3HttpNode(https://dbelk2.afaqy.local:9200)> has failed for 1 times in a row, putting on 1 second timeout
[2024-05-04T18:20:47.123+0000] {_transport.py:427} WARNING - Retrying request after non-successful status 429 (attempt 0 of 3)
[2024-05-04T18:20:47.123+0000] {warnings.py:109} WARNING - /home/***/.local/lib/python3.8/site-packages/urllib3/connectionpool.py:1061: InsecureRequestWarning: Unverified HTTPS request is being made to host 'dbelk1.afaqy.local'. Adding certificate verification is strongly advised. See: https://urllib3.readthedocs.io/en/1.26.x/advanced-usage.html#ssl-warnings
  warnings.warn(

[2024-05-04T18:20:47.281+0000] {_transport.py:335} INFO - PUT https://dbelk1.afaqy.local:9200/units_statistics_***/_bulk [status:200 duration:0.158s]
[2024-05-04T18:20:47.591+0000] {taskinstance.py:2731} ERROR - Task failed with exception
Traceback (most recent call last):
  File "/home/airflow/.local/lib/python3.8/site-packages/airflow/models/taskinstance.py", line 444, in _execute_task
    result = _execute_callable(context=context, **execute_callable_kwargs)
  File "/home/airflow/.local/lib/python3.8/site-packages/airflow/models/taskinstance.py", line 414, in _execute_callable
    return execute_callable(context=context, **execute_callable_kwargs)
  File "/home/airflow/.local/lib/python3.8/site-packages/airflow/decorators/base.py", line 241, in execute
    return_value = super().execute(context)
  File "/home/airflow/.local/lib/python3.8/site-packages/airflow/operators/python.py", line 200, in execute
    return_value = self.execute_callable()
  File "/home/airflow/.local/lib/python3.8/site-packages/airflow/operators/python.py", line 217, in execute_callable
    return self.python_callable(*self.op_args, **self.op_kwargs)
  File "/opt/airflow/dags/Units_dag.py", line 112, in ETL_job
    Elk_client.elk_pushData(Globals.index_name,units_list_update)
  File "/opt/airflow/dags/elk_manager.py", line 69, in elk_pushData
    helpers.bulk(self.elk_client, docs_list, index=index_name, chunk_size=batch)
  File "/home/airflow/.local/lib/python3.8/site-packages/elasticsearch/helpers/actions.py", line 521, in bulk
    for ok, item in streaming_bulk(
  File "/home/airflow/.local/lib/python3.8/site-packages/elasticsearch/helpers/actions.py", line 436, in streaming_bulk
    for data, (ok, info) in zip(
  File "/home/airflow/.local/lib/python3.8/site-packages/elasticsearch/helpers/actions.py", line 355, in _process_bulk_chunk
    yield from gen
  File "/home/airflow/.local/lib/python3.8/site-packages/elasticsearch/helpers/actions.py", line 274, in _process_bulk_chunk_success
    raise BulkIndexError(f"{len(errors)} document(s) failed to index.", errors)
elasticsearch.helpers.BulkIndexError: 10000 document(s) failed to index.
[2024-05-04T18:20:47.609+0000] {taskinstance.py:1149} INFO - Marking task as UP_FOR_RETRY. dag_id=Units_statistics_DAG, task_id=ETL_job, map_index=4, execution_date=20240504T180000, start_date=20240504T182018, end_date=20240504T182047
[2024-05-04T18:20:47.630+0000] {standard_task_runner.py:107} ERROR - Failed to execute job 31885 for task ETL_job (10000 document(s) failed to index.; 764118)
[2024-05-04T18:20:47.683+0000] {local_task_job_runner.py:234} INFO - Task exited with return code 1
[2024-05-04T18:20:47.715+0000] {taskinstance.py:3312} INFO - 0 downstream tasks scheduled from follow-on schedule check
