[2024-05-11T04:20:22.571+0000] {taskinstance.py:1979} INFO - Dependencies all met for dep_context=non-requeueable deps ti=<TaskInstance: Units_statistics_DAG.ETL_job scheduled__2024-05-11T04:00:00+00:00 map_index=15 [queued]>
[2024-05-11T04:20:22.609+0000] {taskinstance.py:1979} INFO - Dependencies all met for dep_context=requeueable deps ti=<TaskInstance: Units_statistics_DAG.ETL_job scheduled__2024-05-11T04:00:00+00:00 map_index=15 [queued]>
[2024-05-11T04:20:22.609+0000] {taskinstance.py:2193} INFO - Starting attempt 1 of 4
[2024-05-11T04:20:22.709+0000] {taskinstance.py:2217} INFO - Executing <Mapped(_PythonDecoratedOperator): ETL_job> on 2024-05-11 04:00:00+00:00
[2024-05-11T04:20:22.745+0000] {standard_task_runner.py:60} INFO - Started process 931494 to run task
[2024-05-11T04:20:22.789+0000] {standard_task_runner.py:87} INFO - Running: ['***', 'tasks', 'run', 'Units_statistics_DAG', 'ETL_job', 'scheduled__2024-05-11T04:00:00+00:00', '--job-id', '49650', '--raw', '--subdir', 'DAGS_FOLDER/Units_dag.py', '--cfg-path', '/tmp/tmpbz0246bo', '--map-index', '15']
[2024-05-11T04:20:22.792+0000] {standard_task_runner.py:88} INFO - Job 49650: Subtask ETL_job
[2024-05-11T04:20:23.044+0000] {task_command.py:423} INFO - Running <TaskInstance: Units_statistics_DAG.ETL_job scheduled__2024-05-11T04:00:00+00:00 map_index=15 [running]> on host a09da322e808
[2024-05-11T04:20:23.633+0000] {taskinstance.py:2513} INFO - Exporting env vars: AIRFLOW_CTX_DAG_OWNER='abeer-araby' AIRFLOW_CTX_DAG_ID='Units_statistics_DAG' AIRFLOW_CTX_TASK_ID='ETL_job' AIRFLOW_CTX_EXECUTION_DATE='2024-05-11T04:00:00+00:00' AIRFLOW_CTX_TRY_NUMBER='1' AIRFLOW_CTX_DAG_RUN_ID='scheduled__2024-05-11T04:00:00+00:00'
[2024-05-11T04:20:23.634+0000] {Units_dag.py:98} INFO - i: 150000, chunk: 10000
[2024-05-11T04:20:23.634+0000] {Units_dag.py:99} INFO - child token is::: eyJ0eXAiOiJKV1QiLCJhbGciOiJIUzI1NiJ9.eyJpc3MiOiJodHRwczovL2FwaS5hZmFxeS5zYS9hdXRoL2xvZ2luX2FzIiwiaWF0IjoxNzE1NDAxMjA0LCJleHAiOjE3MTc5OTMyMDQsIm5iZiI6MTcxNTQwMTIwNCwianRpIjoiMGpBSmJKTmNWVVdKdE01ZiIsInN1YiI6IjVkNjNlNTFlMDNlZDUyOTJhNDJjMjRlNiIsInBydiI6IjI3MGVjZmM3ZWEzZWQ5MzdlYTg0OTM2MmEzYTUwOTEwYzZkOGNlNGYiLCJsb2dpbl9hc19pZCI6IjY1N2YwYWQ3M2Y5NzcyOTVjZjA1NTc2YSJ9.hNMzd77bbFFx2QEKRjIYlR8nLIX9WfFs5SuMc38l1qo
[2024-05-11T04:20:58.480+0000] {Units_dag.py:103} INFO - {'_id': '659bf82743ca0211150f8273', 'icon': 'icons/icon.png', 'driver_id': '', 'tailer_id': '', 'profile': {'vehicle_type': '', 'measurement_type': 'count', 'max_capacity': 0, 'vin': '', 'plate_number': '', 'start_operation': '', 'contract_milage': '', 'opening_milage': '', 'model': '', 'fuel_type': '91', 'year': 0, 'seats': 2}, 'shipment_info': {'product_category': None, 'truck_type': None, 'shipment_type': None, 'shipment_payment_type': None, 'transporter_type': None, 'operating_area': None, 'weight_kilograms_per_day': None, 'kms_per_day': None, 'shipment_trip_drive_hrs_day': None, 'allowable_delay_drive_hrs_day': None, 'expected_shipment_trip_day': None, 'car_pay_per_day': None, 'exceeding_temperature_limit_per_day': None, 'temperature_upper_limit': None, 'exceeding_humidity_limit_per_day': None, 'humidity_upper_limit': None}, 'device_password': '***', 'device_type': 'gps', 'gateway': False, 'business_types': {'waste': False, 'transportation': True, 'water': False}, 'name': '5922BER', 'operation_code': '', 'device_gateway': '', 'skip_sim_information': False, 'imei': '866069060821301', 'sim_number': '+966830020337741', 'sim_serial': '8996609821112128732', 'device_serial': '1135686265', 'device': 'teltonika', 'user_id': '631866bf3cdfd0479c43062d', 'created_by': '5e6655bf03ed52e1ab79d301', 'updated_at': '2024-04-18 11:18:59', 'created_at': '2024-01-08 16:27:03', 'custom_fields': [], 'creator': 'amr.ahmed', 'company': '', 'owner': 'dar-almerkaba-admin', 'last_update': {'dtt': 1715368908000, 'dts': 1715368911141, 'spd': 15, 'ang': 316, 'alt': 568, 'chPrams': {'Speed': {'v': 15, 'cdt': 1715368908000}, 'output1': {'v': False, 'cdt': 1715363068000}, 'ePwrV': {'v': 13.753, 'cdt': 1715368908000}, 'parm24': {'v': 15, 'cdt': 1715368908000}, 'sat': {'v': 14, 'cdt': 1715368908000}, 'ai1': {'v': 217, 'cdt': 1713359386000}, 'priority': {'v': 0, 'cdt': 1715164123000}, 'type': {'v': 6, 'cdt': 1715353751000}, 'di1': {'v': 1, 'cdt': 1715367526000}, 'result': {'v': '5665723a30332e32382e30325f313937204750533a41584e5f352e312e392048773a464d43393230204d6f643a3120494d45493a38363630363930363038323133303120496e69743a323032342d352d372031353a313020557074696d653a323731323830204d41433a333838413231393233424334205350433a312830292041584c3a31204f42443a3020424c3a312e31302042543a34', 'cdt': 1715362767000}, 'protocol': {'v': 'FMC920', 'cdt': 1715363068000}, 'iPwrV': {'v': 0, 'cdt': 1704793996000}, 'event': {'v': 0, 'cdt': 1715164425000}}, 'prms': {'protocol': 'FMC920', 'priority': 0, 'sat': 14, 'event': 0, 'di1': 1, 'output1': 0, 'ePwrV': 13.753, 'Speed': 15, 'parm24': 15, 'iPwrV': 0, 'ai1': 217}, 'devPrms': ['protocol', 'priority', 'sat', 'event', 'di1', 'output1', 'ePwrV', 'Speed', 'parm24', 'iPwrV', 'ai1'], 'old_params': {'protocol': 'FMC920', 'priority': 0, 'sat': 15, 'event': 0, 'di1': 1, 'output1': 0, 'ePwrV': 13.724, 'Speed': 13, 'parm24': 13, 'iPwrV': 0, 'ai1': 217}, 'vLoc': 1, 'vCon': 1, 'ip': '37.216.47.43', 'rl': 0.008, 'trl': 14472.1075, 'mdu': 2, 'tmdu': 1246493, 'eidl': 0, 'teidl': 299889, 'fc': 0.00096, 'tfc': 10.433496, 'acc': 1, 'accOn': 2249503, 'accOff': 9005752, 'sdu': 0, 'tsdu': 0, 'lat': 24.566345, 'lng': 46.8518283}, 'counters': {'engine_hours': 2249503, 'last_acc': 1, 'odometer': 14471.9751, 'engine_hours_type': '', 'odometer_type': ''}, 'is_wasl_connected': 'Not Connected', 'iconUrl': 'https://api.afaqy.sa/images/units/icons/icon.png', 'hasCCTV': False}
[2024-05-11T04:20:59.625+0000] {warnings.py:109} WARNING - /home/***/.local/lib/python3.8/site-packages/elasticsearch/_sync/client/__init__.py:399: SecurityWarning: Connecting to 'https://dbelk2.afaqy.local:9200' using TLS with verify_certs=False is insecure
  _transport = transport_class(

[2024-05-11T04:20:59.771+0000] {warnings.py:109} WARNING - /home/***/.local/lib/python3.8/site-packages/elasticsearch/_sync/client/__init__.py:399: SecurityWarning: Connecting to 'https://dbelk1.afaqy.local:9200' using TLS with verify_certs=False is insecure
  _transport = transport_class(

[2024-05-11T04:20:59.863+0000] {warnings.py:109} WARNING - /home/***/.local/lib/python3.8/site-packages/elasticsearch/_sync/client/__init__.py:399: SecurityWarning: Connecting to 'https://dbelk3.afaqy.local:9200' using TLS with verify_certs=False is insecure
  _transport = transport_class(

[2024-05-11T04:20:59.912+0000] {warnings.py:109} WARNING - /home/***/.local/lib/python3.8/site-packages/urllib3/connectionpool.py:1061: InsecureRequestWarning: Unverified HTTPS request is being made to host 'dbelk2.afaqy.local'. Adding certificate verification is strongly advised. See: https://urllib3.readthedocs.io/en/1.26.x/advanced-usage.html#ssl-warnings
  warnings.warn(

[2024-05-11T04:20:59.997+0000] {_transport.py:335} INFO - GET https://dbelk2.afaqy.local:9200/_cluster/health [status:200 duration:0.133s]
[2024-05-11T04:21:00.459+0000] {warnings.py:109} WARNING - /home/***/.local/lib/python3.8/site-packages/urllib3/connectionpool.py:1061: InsecureRequestWarning: Unverified HTTPS request is being made to host 'dbelk1.afaqy.local'. Adding certificate verification is strongly advised. See: https://urllib3.readthedocs.io/en/1.26.x/advanced-usage.html#ssl-warnings
  warnings.warn(

[2024-05-11T04:21:02.475+0000] {_transport.py:335} INFO - PUT https://dbelk1.afaqy.local:9200/units_statistics_***/_bulk [status:200 duration:2.038s]
[2024-05-11T04:21:02.655+0000] {python.py:202} INFO - Done. Returned value was: None
[2024-05-11T04:21:02.671+0000] {taskinstance.py:1149} INFO - Marking task as SUCCESS. dag_id=Units_statistics_DAG, task_id=ETL_job, map_index=15, execution_date=20240511T040000, start_date=20240511T042022, end_date=20240511T042102
[2024-05-11T04:21:02.731+0000] {local_task_job_runner.py:234} INFO - Task exited with return code 0
[2024-05-11T04:21:02.756+0000] {taskinstance.py:3312} INFO - 0 downstream tasks scheduled from follow-on schedule check
