[2024-04-21T11:00:21.934+0000] {taskinstance.py:1979} INFO - Dependencies all met for dep_context=non-requeueable deps ti=<TaskInstance: Units_statistics_DAG.ETL_job scheduled__2024-04-21T10:00:00+00:00 map_index=7 [queued]>
[2024-04-21T11:00:22.052+0000] {taskinstance.py:1979} INFO - Dependencies all met for dep_context=requeueable deps ti=<TaskInstance: Units_statistics_DAG.ETL_job scheduled__2024-04-21T10:00:00+00:00 map_index=7 [queued]>
[2024-04-21T11:00:22.056+0000] {taskinstance.py:2193} INFO - Starting attempt 1 of 4
[2024-04-21T11:00:22.181+0000] {taskinstance.py:2217} INFO - Executing <Mapped(_PythonDecoratedOperator): ETL_job> on 2024-04-21 10:00:00+00:00
[2024-04-21T11:00:22.203+0000] {standard_task_runner.py:60} INFO - Started process 446179 to run task
[2024-04-21T11:00:22.244+0000] {standard_task_runner.py:87} INFO - Running: ['***', 'tasks', 'run', 'Units_statistics_DAG', 'ETL_job', 'scheduled__2024-04-21T10:00:00+00:00', '--job-id', '9781', '--raw', '--subdir', 'DAGS_FOLDER/Units_dag.py', '--cfg-path', '/tmp/tmps2vu96ly', '--map-index', '7']
[2024-04-21T11:00:22.257+0000] {standard_task_runner.py:88} INFO - Job 9781: Subtask ETL_job
[2024-04-21T11:00:22.430+0000] {task_command.py:423} INFO - Running <TaskInstance: Units_statistics_DAG.ETL_job scheduled__2024-04-21T10:00:00+00:00 map_index=7 [running]> on host a09da322e808
[2024-04-21T11:00:22.911+0000] {taskinstance.py:2513} INFO - Exporting env vars: AIRFLOW_CTX_DAG_OWNER='abeer-araby' AIRFLOW_CTX_DAG_ID='Units_statistics_DAG' AIRFLOW_CTX_TASK_ID='ETL_job' AIRFLOW_CTX_EXECUTION_DATE='2024-04-21T10:00:00+00:00' AIRFLOW_CTX_TRY_NUMBER='1' AIRFLOW_CTX_DAG_RUN_ID='scheduled__2024-04-21T10:00:00+00:00'
[2024-04-21T11:00:22.913+0000] {Units_dag.py:99} INFO - i: 70000, chunk: 10000
[2024-04-21T11:00:22.913+0000] {Units_dag.py:100} INFO - child token is::: eyJ0eXAiOiJKV1QiLCJhbGciOiJIUzI1NiJ9.eyJpc3MiOiJodHRwczovL2FwaS5hZmFxeS5zYS9hdXRoL2xvZ2luX2FzIiwiaWF0IjoxNzEzNjk3MjA0LCJleHAiOjE3MTYyODkyMDQsIm5iZiI6MTcxMzY5NzIwNCwianRpIjoiZUFENlNqWWtHVjRERjEwRSIsInN1YiI6IjVkNjNlNTFlMDNlZDUyOTJhNDJjMjRlNiIsInBydiI6IjI3MGVjZmM3ZWEzZWQ5MzdlYTg0OTM2MmEzYTUwOTEwYzZkOGNlNGYiLCJsb2dpbl9hc19pZCI6IjY1N2YwYWQ3M2Y5NzcyOTVjZjA1NTc2YSJ9.WsDnGefmhVk0EoAAlZm1wKgjqHxzxoOPocrOEOzPcXo
[2024-04-21T11:00:51.339+0000] {Units_dag.py:104} INFO - {'_id': '639f1f2adce6aa07614e2e85', 'icon': 'icons/icon.png', 'driver_id': '', 'tailer_id': '', 'profile': {'year': 0, 'seats': 2, 'fuel_type': 91}, 'device_password': '***', 'device_type': 'gps', 'gateway': False, 'name': '9859HUD', 'operation_code': None, 'device_gateway': None, 'business_types': {'waste': False, 'transportation': True, 'water': False}, 'imei': '866854057292842', 'sim_number': '+966830030951793', 'sim_serial': '21294043462', 'device_serial': '866854057292842', 'device': 'bce', 'user_id': '633c2965a960d512d967f983', 'created_by': '5e6655bf03ed52e1ab79d301', 'updated_at': '2024-04-18 11:18:59', 'created_at': '2022-12-18 17:09:46', 'custom_fields': [], 'creator': 'amr.ahmed', 'company': '', 'owner': 'jahez-admin', 'last_update': {'dtt': 1713696984000, 'dts': 1713697187314, 'spd': 0, 'ang': 200, 'alt': 57, 'chPrams': {'ePwrV': {'v': 12.776, 'cdt': 1713696686000}, 'di16': {'v': 1, 'cdt': 1712234044000}, 'rssi1': {'v': 58, 'cdt': 1713696984000}, 'di15': {'v': 0, 'cdt': 1712614500000}, 'di14': {'v': 0, 'cdt': 1713659978000}, 'di13': {'v': 0, 'cdt': 1712234044000}, 'di12': {'v': 0, 'cdt': 1712234044000}, 'di11': {'v': 0, 'cdt': 1712234044000}, 'di10': {'v': 0, 'cdt': 1670757524000}, 'di2': {'v': 0, 'cdt': 1713558600000}, 'di1': {'v': 0, 'cdt': 1713660008000}, 'di4': {'v': 0, 'cdt': 1712234044000}, 'di3': {'v': 0, 'cdt': 1712234044000}, 'di6': {'v': 0, 'cdt': 1713660036000}, 'di5': {'v': 0, 'cdt': 1713660036000}, 'lac1': {'v': 42005, 'cdt': 1713658152000}, 'protocol': {'v': 'bce', 'cdt': 1712234044000}, 'di8': {'v': 1, 'cdt': 1712234044000}, 'di7': {'v': 0, 'cdt': 1713660066000}, 'di9': {'v': 0, 'cdt': 1712234044000}, 'iPwrV': {'v': 4.014, 'cdt': 1713696092000}, 'cid1': {'v': 19331, 'cdt': 1713678240000}, 'odometer': {'v': 0, 'cdt': 1713694010000}, 'spd': {'v': 0, 'cdt': 1713659978000}, 'sat': {'v': 15, 'cdt': 1713695200000}, 'hdop': {'v': 1, 'cdt': 1713651112000}, 'ta': {'v': 0, 'cdt': 1712235446000}, 'mcc1': {'v': 420, 'cdt': 1712864544000}, 'mnc1': {'v': 4, 'cdt': 1711242796000}}, 'prms': {'protocol': 'bce', 'spd': 0, 'sat': 15, 'hdop': 1, 'odometer': 0, 'di16': 1, 'di15': 0, 'di14': 0, 'di13': 0, 'di12': 0, 'di11': 0, 'di10': 0, 'di9': 0, 'di8': 1, 'di7': 0, 'di6': 0, 'di5': 0, 'di4': 0, 'di3': 0, 'di2': 0, 'di1': 0, 'ePwrV': 12.776, 'iPwrV': 4.014, 'ta': 0, 'mcc1': 420, 'mnc1': 4, 'lac1': 42005, 'cid1': 19331, 'rssi1': 58}, 'devPrms': ['protocol', 'spd', 'sat', 'hdop', 'odometer', 'di16', 'di15', 'di14', 'di13', 'di12', 'di11', 'di10', 'di9', 'di8', 'di7', 'di6', 'di5', 'di4', 'di3', 'di2', 'di1', 'ePwrV', 'iPwrV', 'ta', 'mcc1', 'mnc1', 'lac1', 'cid1', 'rssi1'], 'old_params': {'di16': 1, 'ePwrV': 12.776, 'di15': 0, 'rssi1': 59, 'di14': 0, 'di13': 0, 'di12': 0, 'di11': 0, 'di10': 0, 'di2': 0, 'di1': 0, 'di4': 0, 'di3': 0, 'di6': 0, 'di5': 0, 'lac1': 42005, 'protocol': 'bce', 'di8': 1, 'di7': 0, 'di9': 0, 'iPwrV': 4.014, 'cid1': 19331, 'odometer': 0, 'spd': 0, 'sat': 15, 'hdop': 1, 'ta': 0, 'mcc1': 420, 'mnc1': 4}, 'vLoc': 1, 'vCon': 1, 'ip': '51.39.204.215', 'rl': 0, 'trl': 88503.4806, 'mdu': 0, 'tmdu': 7322932, 'eidl': 0, 'teidl': 5043236, 'fc': 0, 'tfc': 21.348396, 'acc': 0, 'accOn': 5063297729, 'accOff': 6719131358, 'sdu': 298, 'tsdu': 36948, 'lat': 21.82196807861328, 'lng': 39.21757125854492}, 'counters': {'odometer_type': 'gps', 'odometer': 88502.9607, 'engine_hours_type': 'acc', 'engine_hours': 5063297729, 'last_acc': 0}, 'is_wasl_connected': 'Not Connected', 'iconUrl': 'https://api.afaqy.sa/images/units/icons/icon.png', 'hasCCTV': False}
[2024-04-21T11:00:52.928+0000] {warnings.py:109} WARNING - /home/***/.local/lib/python3.8/site-packages/elasticsearch/_sync/client/__init__.py:399: SecurityWarning: Connecting to 'https://dbelk2.afaqy.local:9200' using TLS with verify_certs=False is insecure
  _transport = transport_class(

[2024-04-21T11:00:53.005+0000] {warnings.py:109} WARNING - /home/***/.local/lib/python3.8/site-packages/elasticsearch/_sync/client/__init__.py:399: SecurityWarning: Connecting to 'https://dbelk1.afaqy.local:9200' using TLS with verify_certs=False is insecure
  _transport = transport_class(

[2024-04-21T11:00:53.103+0000] {warnings.py:109} WARNING - /home/***/.local/lib/python3.8/site-packages/elasticsearch/_sync/client/__init__.py:399: SecurityWarning: Connecting to 'https://dbelk3.afaqy.local:9200' using TLS with verify_certs=False is insecure
  _transport = transport_class(

[2024-04-21T11:00:53.131+0000] {warnings.py:109} WARNING - /home/***/.local/lib/python3.8/site-packages/urllib3/connectionpool.py:1061: InsecureRequestWarning: Unverified HTTPS request is being made to host 'dbelk2.afaqy.local'. Adding certificate verification is strongly advised. See: https://urllib3.readthedocs.io/en/1.26.x/advanced-usage.html#ssl-warnings
  warnings.warn(

[2024-04-21T11:00:53.200+0000] {_transport.py:335} INFO - GET https://dbelk2.afaqy.local:9200/_cluster/health [status:200 duration:0.095s]
[2024-04-21T11:00:53.736+0000] {warnings.py:109} WARNING - /home/***/.local/lib/python3.8/site-packages/urllib3/connectionpool.py:1061: InsecureRequestWarning: Unverified HTTPS request is being made to host 'dbelk1.afaqy.local'. Adding certificate verification is strongly advised. See: https://urllib3.readthedocs.io/en/1.26.x/advanced-usage.html#ssl-warnings
  warnings.warn(

[2024-04-21T11:00:55.484+0000] {_transport.py:335} INFO - PUT https://dbelk1.afaqy.local:9200/units_statistics_***/_bulk [status:200 duration:1.776s]
[2024-04-21T11:00:55.825+0000] {python.py:202} INFO - Done. Returned value was: None
[2024-04-21T11:00:55.842+0000] {taskinstance.py:1149} INFO - Marking task as SUCCESS. dag_id=Units_statistics_DAG, task_id=ETL_job, map_index=7, execution_date=20240421T100000, start_date=20240421T110021, end_date=20240421T110055
[2024-04-21T11:00:55.911+0000] {local_task_job_runner.py:234} INFO - Task exited with return code 0
[2024-04-21T11:00:55.940+0000] {taskinstance.py:3312} INFO - 0 downstream tasks scheduled from follow-on schedule check
