[2024-05-05T08:20:48.165+0000] {taskinstance.py:1979} INFO - Dependencies all met for dep_context=non-requeueable deps ti=<TaskInstance: Units_statistics_DAG.ETL_job scheduled__2024-05-05T08:00:00+00:00 map_index=17 [queued]>
[2024-05-05T08:20:48.188+0000] {taskinstance.py:1979} INFO - Dependencies all met for dep_context=requeueable deps ti=<TaskInstance: Units_statistics_DAG.ETL_job scheduled__2024-05-05T08:00:00+00:00 map_index=17 [queued]>
[2024-05-05T08:20:48.189+0000] {taskinstance.py:2193} INFO - Starting attempt 1 of 4
[2024-05-05T08:20:48.214+0000] {taskinstance.py:2217} INFO - Executing <Mapped(_PythonDecoratedOperator): ETL_job> on 2024-05-05 08:00:00+00:00
[2024-05-05T08:20:48.221+0000] {standard_task_runner.py:60} INFO - Started process 778295 to run task
[2024-05-05T08:20:48.239+0000] {standard_task_runner.py:87} INFO - Running: ['***', 'tasks', 'run', 'Units_statistics_DAG', 'ETL_job', 'scheduled__2024-05-05T08:00:00+00:00', '--job-id', '32955', '--raw', '--subdir', 'DAGS_FOLDER/Units_dag.py', '--cfg-path', '/tmp/tmp8anvci09', '--map-index', '17']
[2024-05-05T08:20:48.241+0000] {standard_task_runner.py:88} INFO - Job 32955: Subtask ETL_job
[2024-05-05T08:20:48.391+0000] {task_command.py:423} INFO - Running <TaskInstance: Units_statistics_DAG.ETL_job scheduled__2024-05-05T08:00:00+00:00 map_index=17 [running]> on host a09da322e808
[2024-05-05T08:20:48.611+0000] {taskinstance.py:2513} INFO - Exporting env vars: AIRFLOW_CTX_DAG_OWNER='abeer-araby' AIRFLOW_CTX_DAG_ID='Units_statistics_DAG' AIRFLOW_CTX_TASK_ID='ETL_job' AIRFLOW_CTX_EXECUTION_DATE='2024-05-05T08:00:00+00:00' AIRFLOW_CTX_TRY_NUMBER='1' AIRFLOW_CTX_DAG_RUN_ID='scheduled__2024-05-05T08:00:00+00:00'
[2024-05-05T08:20:48.613+0000] {Units_dag.py:99} INFO - i: 170000, chunk: 277
[2024-05-05T08:20:48.614+0000] {Units_dag.py:100} INFO - child token is::: eyJ0eXAiOiJKV1QiLCJhbGciOiJIUzI1NiJ9.eyJpc3MiOiJodHRwczovL2FwaS5hZmFxeS5zYS9hdXRoL2xvZ2luX2FzIiwiaWF0IjoxNzE0ODk3MjA0LCJleHAiOjE3MTc0ODkyMDQsIm5iZiI6MTcxNDg5NzIwNCwianRpIjoiSGZzU2hrUlNsVVdEVmRpNyIsInN1YiI6IjVkNjNlNTFlMDNlZDUyOTJhNDJjMjRlNiIsInBydiI6IjI3MGVjZmM3ZWEzZWQ5MzdlYTg0OTM2MmEzYTUwOTEwYzZkOGNlNGYiLCJsb2dpbl9hc19pZCI6IjY1N2YwYWQ3M2Y5NzcyOTVjZjA1NTc2YSJ9.W9MfDtPCfvph2njnlgCeQKkgMzmnHn6eWKl92xUpUSw
[2024-05-05T08:20:50.584+0000] {Units_dag.py:104} INFO - {'_id': '6635134d8371ee230e005f52', 'icon': 'icons/icon.png', 'driver_id': '', 'tailer_id': '', 'profile': {'measurement_type': 'count', 'fuel_type': '91', 'year': 0, 'seats': 2}, 'shipment_info': {'product_category': '', 'truck_type': '', 'shipment_type': '', 'shipment_payment_type': '', 'transporter_type': '', 'operating_area': '', 'weight_kilograms_per_day': '', 'kms_per_day': '', 'opening_milage': '', 'shipment_trip_drive_hrs_day': '', 'expected_shipment_trip_day': '', 'car_pay_per_day': '', 'exceeding_temperature_limit_per_day': '', 'temperature_upper_limit': '', 'exceeding_humidity_limit_per_day': '', 'humidity_upper_limit': '', 'allowable_delay_drive_hrs_day': ''}, 'device_password': '***', 'device_type': 'gps', 'gateway': False, 'business_types': {'waste': False, 'transportation': True, 'water': False}, 'name': '866069065086017', 'operation_code': None, 'device_gateway': None, 'skip_sim_information': False, 'custom_fields': [], 'imei': '866069065086017', 'sim_number': '+966830020655210', 'sim_serial': '8996609821112218672', 'device_serial': '1138517877', 'device': 'teltonika', 'cctv': {'dvr_id': None, 'channels': None}, 'user_id': '611b92eaaf5e583b85498e13', 'created_by': '5e6655bf03ed52e1ab79d301', 'updated_at': '2024-05-03 16:39:41', 'created_at': '2024-05-03 19:39:41', 'creator': 'amr.ahmed', 'company': 'jeddah municipality', 'owner': 'jeddah-confinement-admin', 'counters': None, 'is_wasl_connected': 'Not Connected', 'iconUrl': 'https://api.afaqy.sa/images/units/icons/icon.png', 'hasCCTV': False}
[2024-05-05T08:20:51.184+0000] {warnings.py:109} WARNING - /home/***/.local/lib/python3.8/site-packages/elasticsearch/_sync/client/__init__.py:399: SecurityWarning: Connecting to 'https://dbelk2.afaqy.local:9200' using TLS with verify_certs=False is insecure
  _transport = transport_class(

[2024-05-05T08:20:51.249+0000] {warnings.py:109} WARNING - /home/***/.local/lib/python3.8/site-packages/elasticsearch/_sync/client/__init__.py:399: SecurityWarning: Connecting to 'https://dbelk1.afaqy.local:9200' using TLS with verify_certs=False is insecure
  _transport = transport_class(

[2024-05-05T08:20:51.312+0000] {warnings.py:109} WARNING - /home/***/.local/lib/python3.8/site-packages/elasticsearch/_sync/client/__init__.py:399: SecurityWarning: Connecting to 'https://dbelk3.afaqy.local:9200' using TLS with verify_certs=False is insecure
  _transport = transport_class(

[2024-05-05T08:20:51.335+0000] {warnings.py:109} WARNING - /home/***/.local/lib/python3.8/site-packages/urllib3/connectionpool.py:1061: InsecureRequestWarning: Unverified HTTPS request is being made to host 'dbelk2.afaqy.local'. Adding certificate verification is strongly advised. See: https://urllib3.readthedocs.io/en/1.26.x/advanced-usage.html#ssl-warnings
  warnings.warn(

[2024-05-05T08:20:51.412+0000] {_transport.py:335} INFO - GET https://dbelk2.afaqy.local:9200/_cluster/health [status:200 duration:0.097s]
[2024-05-05T08:20:51.458+0000] {warnings.py:109} WARNING - /home/***/.local/lib/python3.8/site-packages/urllib3/connectionpool.py:1061: InsecureRequestWarning: Unverified HTTPS request is being made to host 'dbelk1.afaqy.local'. Adding certificate verification is strongly advised. See: https://urllib3.readthedocs.io/en/1.26.x/advanced-usage.html#ssl-warnings
  warnings.warn(

[2024-05-05T08:20:51.508+0000] {_transport.py:335} INFO - PUT https://dbelk1.afaqy.local:9200/units_statistics_***/_bulk [status:200 duration:0.082s]
[2024-05-05T08:20:51.513+0000] {python.py:202} INFO - Done. Returned value was: None
[2024-05-05T08:20:51.532+0000] {taskinstance.py:1149} INFO - Marking task as SUCCESS. dag_id=Units_statistics_DAG, task_id=ETL_job, map_index=17, execution_date=20240505T080000, start_date=20240505T082048, end_date=20240505T082051
[2024-05-05T08:20:51.604+0000] {local_task_job_runner.py:234} INFO - Task exited with return code 0
[2024-05-05T08:20:51.640+0000] {taskinstance.py:3312} INFO - 0 downstream tasks scheduled from follow-on schedule check
