[2024-04-23T06:40:21.513+0000] {taskinstance.py:1979} INFO - Dependencies all met for dep_context=non-requeueable deps ti=<TaskInstance: Units_statistics_DAG.ETL_job scheduled__2024-04-23T06:20:00+00:00 map_index=9 [queued]>
[2024-04-23T06:40:21.613+0000] {taskinstance.py:1979} INFO - Dependencies all met for dep_context=requeueable deps ti=<TaskInstance: Units_statistics_DAG.ETL_job scheduled__2024-04-23T06:20:00+00:00 map_index=9 [queued]>
[2024-04-23T06:40:21.613+0000] {taskinstance.py:2193} INFO - Starting attempt 1 of 4
[2024-04-23T06:40:21.799+0000] {taskinstance.py:2217} INFO - Executing <Mapped(_PythonDecoratedOperator): ETL_job> on 2024-04-23 06:20:00+00:00
[2024-04-23T06:40:21.856+0000] {standard_task_runner.py:60} INFO - Started process 489337 to run task
[2024-04-23T06:40:21.905+0000] {standard_task_runner.py:87} INFO - Running: ['***', 'tasks', 'run', 'Units_statistics_DAG', 'ETL_job', 'scheduled__2024-04-23T06:20:00+00:00', '--job-id', '12637', '--raw', '--subdir', 'DAGS_FOLDER/Units_dag.py', '--cfg-path', '/tmp/tmpalm9nkr5', '--map-index', '9']
[2024-04-23T06:40:21.919+0000] {standard_task_runner.py:88} INFO - Job 12637: Subtask ETL_job
[2024-04-23T06:40:22.158+0000] {task_command.py:423} INFO - Running <TaskInstance: Units_statistics_DAG.ETL_job scheduled__2024-04-23T06:20:00+00:00 map_index=9 [running]> on host a09da322e808
[2024-04-23T06:40:22.433+0000] {taskinstance.py:2513} INFO - Exporting env vars: AIRFLOW_CTX_DAG_OWNER='abeer-araby' AIRFLOW_CTX_DAG_ID='Units_statistics_DAG' AIRFLOW_CTX_TASK_ID='ETL_job' AIRFLOW_CTX_EXECUTION_DATE='2024-04-23T06:20:00+00:00' AIRFLOW_CTX_TRY_NUMBER='1' AIRFLOW_CTX_DAG_RUN_ID='scheduled__2024-04-23T06:20:00+00:00'
[2024-04-23T06:40:22.435+0000] {Units_dag.py:99} INFO - i: 90000, chunk: 10000
[2024-04-23T06:40:22.435+0000] {Units_dag.py:100} INFO - child token is::: eyJ0eXAiOiJKV1QiLCJhbGciOiJIUzI1NiJ9.eyJpc3MiOiJodHRwczovL2FwaS5hZmFxeS5zYS9hdXRoL2xvZ2luX2FzIiwiaWF0IjoxNzEzODU0NDAzLCJleHAiOjE3MTY0NDY0MDMsIm5iZiI6MTcxMzg1NDQwMywianRpIjoiSEVRZDVJck44OGhVeW1uYiIsInN1YiI6IjVkNjNlNTFlMDNlZDUyOTJhNDJjMjRlNiIsInBydiI6IjI3MGVjZmM3ZWEzZWQ5MzdlYTg0OTM2MmEzYTUwOTEwYzZkOGNlNGYiLCJsb2dpbl9hc19pZCI6IjY1N2YwYWQ3M2Y5NzcyOTVjZjA1NTc2YSJ9.ePZifuYTX5wIICwjWKrKgAszcHiIAkUgJUkQmHeP6yU
[2024-04-23T06:40:53.590+0000] {Units_dag.py:104} INFO - {'_id': '640bfa164cd7b91fb31796ee', 'icon': 'icons/icon.png', 'driver_id': '', 'tailer_id': '', 'profile': {'vehicle_type': '', 'measurement_type': 'count', 'max_capacity': 0, 'vin': '', 'plate_number': '', 'start_operation': '', 'contract_milage': '', 'opening_milage': '', 'model': '', 'fuel_type': '91', 'year': 0, 'seats': 2}, 'device_password': '***', 'device_type': 'gps', 'gateway': False, 'name': 'أ ر و 1877', 'operation_code': '', 'imei': '863540062021291', 'sim_number': '+966212967268543', 'sim_serial': '8996604212967268543', 'device_serial': '1130023435', 'device': 'teltonika', 'created_by': '5e539d8203ed52f71d634478', 'user_id': '5e539d8203ed52f71d634478', 'updated_at': '2024-04-18 11:18:59', 'created_at': '2023-03-11 06:48:38', 'business_types': {'waste': False, 'transportation': True, 'water': False, 'hajj': False}, 'device_gateway': '', 'custom_fields': [], 'creator': 'aemallamar', 'company': '', 'owner': 'aemallamar', 'last_update': {'dtt': 1713854411000, 'dts': 1713854415225, 'spd': 0, 'ang': 203, 'alt': 160, 'chPrams': {'parm76': {'v': 0, 'cdt': 1712209914000}, 'output1': {'v': False, 'cdt': 1713853131000}, 'output2': {'v': False, 'cdt': 1713853131000}, 'motion': {'v': False, 'cdt': 1713854325000}, 'ePwrV': {'v': 10.501, 'cdt': 1713854411000}, 'sat': {'v': 19, 'cdt': 1713854391000}, 'ai1': {'v': 5996, 'cdt': 1713854411000}, 'priority': {'v': 1, 'cdt': 1713854330000}, 'di2': {'v': 1, 'cdt': 1713854320000}, 'type': {'v': 6, 'cdt': 1712262079000}, 'di1': {'v': 0, 'cdt': 1713854321000}, 'temp1': {'v': 0, 'cdt': 1712948230000}, 'result': {'v': '5665723a30332e32372e31335f3534204750533a41584e5f352e312e392048773a464d43313330204d6f643a3420494d45493a38363335343030363230323132393120496e69743a323032342d312d3620363a333620557074696d653a39333035343732204d41433a323634303843394536323631205350433a312830292041584c3a32204f42443a3020424c3a312e31302042543a34', 'cdt': 1713852831000}, 'protocol': {'v': 'FMC130', 'cdt': 1713853131000}, 'parm6': {'v': 217, 'cdt': 1712209914000}, 'temp5': {'v': 30, 'cdt': 1712948230000}, 'iPwrV': {'v': 3.996, 'cdt': 1713854391000}, 'event': {'v': 0, 'cdt': 1713854330000}, 'humidity86': {'v': 300, 'cdt': 1712948230000}}, 'prms': {'protocol': 'FMC130', 'priority': 1, 'sat': 19, 'event': 0, 'di1': 0, 'motion': 0, 'output1': 0, 'di2': 1, 'output2': 0, 'ePwrV': 10.501, 'iPwrV': 3.996, 'ai1': 5996, 'parm6': 217, 'temp5': 30, 'humidity86': 300, 'temp1': 0, 'parm76': 0}, 'devPrms': ['parm76', 'output1', 'output2', 'motion', 'ePwrV', 'sat', 'ai1', 'priority', 'di2', 'type', 'di1', 'temp1', 'result', 'protocol', 'parm6', 'temp5', 'iPwrV', 'event', 'humidity86'], 'old_params': {'protocol': 'FMC130', 'priority': 1, 'sat': 19, 'event': 0, 'di1': 0, 'motion': 0, 'output1': 0, 'di2': 1, 'output2': 0, 'ePwrV': 10.505, 'iPwrV': 3.996, 'ai1': 5995, 'parm6': 217, 'temp5': 30, 'humidity86': 300, 'temp1': 0, 'parm76': 0}, 'vLoc': 1, 'vCon': 1, 'ip': '51.36.7.183', 'rl': 0, 'trl': 8341.164, 'mdu': 0, 'tmdu': 685188, 'eidl': 0, 'teidl': 474399, 'fc': 0, 'tfc': 0, 'acc': 0, 'accOn': 6022399, 'accOff': 37059523, 'sdu': 10, 'tsdu': 90, 'lat': 25.4158533, 'lng': 49.5591533}, 'counters': {'odometer_type': 'gps', 'odometer': 8341.1669, 'engine_hours_type': 'acc', 'engine_hours': 6022399, 'last_acc': 0}, 'is_wasl_connected': 'Connected', 'iconUrl': 'https://api.afaqy.sa/images/units/icons/icon.png', 'hasCCTV': False}
[2024-04-23T06:40:54.550+0000] {warnings.py:109} WARNING - /home/***/.local/lib/python3.8/site-packages/elasticsearch/_sync/client/__init__.py:399: SecurityWarning: Connecting to 'https://dbelk2.afaqy.local:9200' using TLS with verify_certs=False is insecure
  _transport = transport_class(

[2024-04-23T06:40:54.602+0000] {warnings.py:109} WARNING - /home/***/.local/lib/python3.8/site-packages/elasticsearch/_sync/client/__init__.py:399: SecurityWarning: Connecting to 'https://dbelk3.afaqy.local:9200' using TLS with verify_certs=False is insecure
  _transport = transport_class(

[2024-04-23T06:40:54.672+0000] {warnings.py:109} WARNING - /home/***/.local/lib/python3.8/site-packages/elasticsearch/_sync/client/__init__.py:399: SecurityWarning: Connecting to 'https://dbelk1.afaqy.local:9200' using TLS with verify_certs=False is insecure
  _transport = transport_class(

[2024-04-23T06:40:54.702+0000] {warnings.py:109} WARNING - /home/***/.local/lib/python3.8/site-packages/urllib3/connectionpool.py:1061: InsecureRequestWarning: Unverified HTTPS request is being made to host 'dbelk2.afaqy.local'. Adding certificate verification is strongly advised. See: https://urllib3.readthedocs.io/en/1.26.x/advanced-usage.html#ssl-warnings
  warnings.warn(

[2024-04-23T06:40:54.781+0000] {_transport.py:335} INFO - GET https://dbelk2.afaqy.local:9200/_cluster/health [status:200 duration:0.106s]
[2024-04-23T06:40:55.419+0000] {warnings.py:109} WARNING - /home/***/.local/lib/python3.8/site-packages/urllib3/connectionpool.py:1061: InsecureRequestWarning: Unverified HTTPS request is being made to host 'dbelk3.afaqy.local'. Adding certificate verification is strongly advised. See: https://urllib3.readthedocs.io/en/1.26.x/advanced-usage.html#ssl-warnings
  warnings.warn(

[2024-04-23T06:40:57.483+0000] {_transport.py:335} INFO - PUT https://dbelk3.afaqy.local:9200/units_statistics_***/_bulk [status:200 duration:2.082s]
[2024-04-23T06:40:57.674+0000] {python.py:202} INFO - Done. Returned value was: None
[2024-04-23T06:40:57.695+0000] {taskinstance.py:1149} INFO - Marking task as SUCCESS. dag_id=Units_statistics_DAG, task_id=ETL_job, map_index=9, execution_date=20240423T062000, start_date=20240423T064021, end_date=20240423T064057
[2024-04-23T06:40:57.775+0000] {local_task_job_runner.py:234} INFO - Task exited with return code 0
[2024-04-23T06:40:57.807+0000] {taskinstance.py:3312} INFO - 0 downstream tasks scheduled from follow-on schedule check
