[2024-05-13T09:20:21.799+0000] {local_task_job_runner.py:120} INFO - ::group::Pre task execution logs
[2024-05-13T09:20:22.009+0000] {taskinstance.py:2076} INFO - Dependencies all met for dep_context=non-requeueable deps ti=<TaskInstance: Units_statistics_DAG.ETL_job scheduled__2024-05-13T09:00:00+00:00 map_index=14 [queued]>
[2024-05-13T09:20:22.139+0000] {taskinstance.py:2076} INFO - Dependencies all met for dep_context=requeueable deps ti=<TaskInstance: Units_statistics_DAG.ETL_job scheduled__2024-05-13T09:00:00+00:00 map_index=14 [queued]>
[2024-05-13T09:20:22.139+0000] {taskinstance.py:2306} INFO - Starting attempt 1 of 4
[2024-05-13T09:20:22.259+0000] {taskinstance.py:2330} INFO - Executing <Mapped(_PythonDecoratedOperator): ETL_job> on 2024-05-13 09:00:00+00:00
[2024-05-13T09:20:22.304+0000] {warnings.py:110} WARNING - /home/***/.local/lib/python3.12/site-packages/***/task/task_runner/standard_task_runner.py:61: DeprecationWarning: This process (pid=16033) is multi-threaded, use of fork() may lead to deadlocks in the child.
  pid = os.fork()

[2024-05-13T09:20:22.308+0000] {standard_task_runner.py:63} INFO - Started process 16048 to run task
[2024-05-13T09:20:22.341+0000] {standard_task_runner.py:90} INFO - Running: ['***', 'tasks', 'run', 'Units_statistics_DAG', 'ETL_job', 'scheduled__2024-05-13T09:00:00+00:00', '--job-id', '55631', '--raw', '--subdir', 'DAGS_FOLDER/Units_dag.py', '--cfg-path', '/tmp/tmpueab0yc0', '--map-index', '14']
[2024-05-13T09:20:22.361+0000] {standard_task_runner.py:91} INFO - Job 55631: Subtask ETL_job
[2024-05-13T09:20:22.643+0000] {task_command.py:426} INFO - Running <TaskInstance: Units_statistics_DAG.ETL_job scheduled__2024-05-13T09:00:00+00:00 map_index=14 [running]> on host 7138d7e072c5
[2024-05-13T09:20:23.415+0000] {taskinstance.py:2648} INFO - Exporting env vars: AIRFLOW_CTX_DAG_OWNER='abeer-araby' AIRFLOW_CTX_DAG_ID='Units_statistics_DAG' AIRFLOW_CTX_TASK_ID='ETL_job' AIRFLOW_CTX_EXECUTION_DATE='2024-05-13T09:00:00+00:00' AIRFLOW_CTX_TRY_NUMBER='1' AIRFLOW_CTX_DAG_RUN_ID='scheduled__2024-05-13T09:00:00+00:00'
[2024-05-13T09:20:23.417+0000] {taskinstance.py:430} INFO - ::endgroup::
[2024-05-13T09:20:23.417+0000] {Units_dag.py:98} INFO - i: 140000, chunk: 10000
[2024-05-13T09:20:23.417+0000] {Units_dag.py:99} INFO - child token is::: eyJ0eXAiOiJKV1QiLCJhbGciOiJIUzI1NiJ9.eyJpc3MiOiJodHRwczovL2FwaS5hZmFxeS5zYS9hdXRoL2xvZ2luX2FzIiwiaWF0IjoxNzE1NTkyMDA1LCJleHAiOjE3MTgxODQwMDUsIm5iZiI6MTcxNTU5MjAwNSwianRpIjoia2NWZkhNVmJXVkM4Ym1nYyIsInN1YiI6IjVkNjNlNTFlMDNlZDUyOTJhNDJjMjRlNiIsInBydiI6IjI3MGVjZmM3ZWEzZWQ5MzdlYTg0OTM2MmEzYTUwOTEwYzZkOGNlNGYiLCJsb2dpbl9hc19pZCI6IjY1N2YwYWQ3M2Y5NzcyOTVjZjA1NTc2YSJ9.XN76fHJ1-NWLsbiGpkYAlCez2FwNzZrqEsIDsrr7ZJc
[2024-05-13T09:20:42.881+0000] {Units_dag.py:103} INFO - {'_id': '655216a1864f463bb810aa0b', 'icon': 'icons/icon.png', 'driver_id': '', 'tailer_id': '', 'profile': {'vehicle_type': '', 'measurement_type': 'count', 'max_capacity': 0, 'vin': '', 'plate_number': '', 'start_operation': '', 'contract_milage': '', 'opening_milage': '', 'model': '', 'fuel_type': 91, 'year': 0, 'seats': 2}, 'shipment_info': {'product_category': None, 'truck_type': None, 'shipment_type': None, 'shipment_payment_type': None, 'transporter_type': None, 'operating_area': None, 'weight_kilograms_per_day': None, 'kms_per_day': None, 'shipment_trip_drive_hrs_day': None, 'allowable_delay_drive_hrs_day': None, 'expected_shipment_trip_day': None, 'car_pay_per_day': None, 'exceeding_temperature_limit_per_day': None, 'temperature_upper_limit': None, 'exceeding_humidity_limit_per_day': None, 'humidity_upper_limit': None}, 'device_password': '***', 'device_type': 'gps', 'gateway': False, 'business_types': {'waste': False, 'transportation': False, 'water': False}, 'name': '9482 ا ر ع', 'operation_code': '', 'device_gateway': None, 'skip_sim_information': '', 'imei': '359632109189032', 'sim_number': '+966830031740207', 'sim_serial': '359632109189032', 'device_serial': '359632109189032', 'device': 'teltonika', 'user_id': '606c2ad096a45d6bf772ec29', 'created_by': '6409b4ac4e44254fa87e4923', 'updated_at': '2024-04-18 11:18:59', 'created_at': '2023-11-13 15:29:21', 'custom_fields': [], 'creator': 'khalid-tubeileh', 'company': '', 'owner': 'tanmiah-co-demo-admin', 'counters': None, 'is_wasl_connected': 'Not Connected', 'iconUrl': 'https://api.afaqy.sa/images/units/icons/icon.png', 'hasCCTV': False}
[2024-05-13T09:20:43.539+0000] {warnings.py:110} WARNING - /home/***/.local/lib/python3.12/site-packages/elasticsearch/_sync/client/__init__.py:399: SecurityWarning: Connecting to 'https://dbelk1.afaqy.local:9200' using TLS with verify_certs=False is insecure
  _transport = transport_class(

[2024-05-13T09:20:43.610+0000] {warnings.py:110} WARNING - /home/***/.local/lib/python3.12/site-packages/elasticsearch/_sync/client/__init__.py:399: SecurityWarning: Connecting to 'https://dbelk2.afaqy.local:9200' using TLS with verify_certs=False is insecure
  _transport = transport_class(

[2024-05-13T09:20:44.082+0000] {warnings.py:110} WARNING - /home/***/.local/lib/python3.12/site-packages/elasticsearch/_sync/client/__init__.py:399: SecurityWarning: Connecting to 'https://dbelk3.afaqy.local:9200' using TLS with verify_certs=False is insecure
  _transport = transport_class(

[2024-05-13T09:20:44.111+0000] {warnings.py:110} WARNING - /home/***/.local/lib/python3.12/site-packages/urllib3/connectionpool.py:1103: InsecureRequestWarning: Unverified HTTPS request is being made to host 'dbelk1.afaqy.local'. Adding certificate verification is strongly advised. See: https://urllib3.readthedocs.io/en/latest/advanced-usage.html#tls-warnings
  warnings.warn(

[2024-05-13T09:20:44.233+0000] {_transport.py:349} INFO - GET https://dbelk1.afaqy.local:9200/_cluster/health [status:200 duration:0.148s]
[2024-05-13T09:20:44.929+0000] {warnings.py:110} WARNING - /home/***/.local/lib/python3.12/site-packages/urllib3/connectionpool.py:1103: InsecureRequestWarning: Unverified HTTPS request is being made to host 'dbelk2.afaqy.local'. Adding certificate verification is strongly advised. See: https://urllib3.readthedocs.io/en/latest/advanced-usage.html#tls-warnings
  warnings.warn(

[2024-05-13T09:20:48.392+0000] {_transport.py:349} INFO - PUT https://dbelk2.afaqy.local:9200/units_statistics_***/_bulk [status:200 duration:3.496s]
[2024-05-13T09:20:49.050+0000] {python.py:237} INFO - Done. Returned value was: None
[2024-05-13T09:20:49.071+0000] {taskinstance.py:441} INFO - ::group::Post task execution logs
[2024-05-13T09:20:49.117+0000] {taskinstance.py:1206} INFO - Marking task as SUCCESS. dag_id=Units_statistics_DAG, task_id=ETL_job, run_id=scheduled__2024-05-13T09:00:00+00:00, map_index=14, execution_date=20240513T090000, start_date=20240513T092022, end_date=20240513T092049
[2024-05-13T09:20:49.244+0000] {local_task_job_runner.py:240} INFO - Task exited with return code 0
[2024-05-13T09:20:49.275+0000] {taskinstance.py:3498} INFO - 0 downstream tasks scheduled from follow-on schedule check
[2024-05-13T09:20:49.277+0000] {local_task_job_runner.py:222} INFO - ::endgroup::
