[2024-05-06T18:40:20.812+0000] {taskinstance.py:1979} INFO - Dependencies all met for dep_context=non-requeueable deps ti=<TaskInstance: Units_statistics_DAG.ETL_job scheduled__2024-05-06T18:20:00+00:00 map_index=5 [queued]>
[2024-05-06T18:40:20.835+0000] {taskinstance.py:1979} INFO - Dependencies all met for dep_context=requeueable deps ti=<TaskInstance: Units_statistics_DAG.ETL_job scheduled__2024-05-06T18:20:00+00:00 map_index=5 [queued]>
[2024-05-06T18:40:20.835+0000] {taskinstance.py:2193} INFO - Starting attempt 1 of 4
[2024-05-06T18:40:20.909+0000] {taskinstance.py:2217} INFO - Executing <Mapped(_PythonDecoratedOperator): ETL_job> on 2024-05-06 18:20:00+00:00
[2024-05-06T18:40:20.929+0000] {standard_task_runner.py:60} INFO - Started process 814254 to run task
[2024-05-06T18:40:20.956+0000] {standard_task_runner.py:87} INFO - Running: ['***', 'tasks', 'run', 'Units_statistics_DAG', 'ETL_job', 'scheduled__2024-05-06T18:20:00+00:00', '--job-id', '36214', '--raw', '--subdir', 'DAGS_FOLDER/Units_dag.py', '--cfg-path', '/tmp/tmp9fx7e1xs', '--map-index', '5']
[2024-05-06T18:40:20.971+0000] {standard_task_runner.py:88} INFO - Job 36214: Subtask ETL_job
[2024-05-06T18:40:21.267+0000] {task_command.py:423} INFO - Running <TaskInstance: Units_statistics_DAG.ETL_job scheduled__2024-05-06T18:20:00+00:00 map_index=5 [running]> on host a09da322e808
[2024-05-06T18:40:21.847+0000] {taskinstance.py:2513} INFO - Exporting env vars: AIRFLOW_CTX_DAG_OWNER='abeer-araby' AIRFLOW_CTX_DAG_ID='Units_statistics_DAG' AIRFLOW_CTX_TASK_ID='ETL_job' AIRFLOW_CTX_EXECUTION_DATE='2024-05-06T18:20:00+00:00' AIRFLOW_CTX_TRY_NUMBER='1' AIRFLOW_CTX_DAG_RUN_ID='scheduled__2024-05-06T18:20:00+00:00'
[2024-05-06T18:40:21.849+0000] {Units_dag.py:99} INFO - i: 50000, chunk: 10000
[2024-05-06T18:40:21.849+0000] {Units_dag.py:100} INFO - child token is::: eyJ0eXAiOiJKV1QiLCJhbGciOiJIUzI1NiJ9.eyJpc3MiOiJodHRwczovL2FwaS5hZmFxeS5zYS9hdXRoL2xvZ2luX2FzIiwiaWF0IjoxNzE1MDIwODAzLCJleHAiOjE3MTc2MTI4MDMsIm5iZiI6MTcxNTAyMDgwMywianRpIjoiWFhKT09lc2taa21LTXhzYSIsInN1YiI6IjVkNjNlNTFlMDNlZDUyOTJhNDJjMjRlNiIsInBydiI6IjI3MGVjZmM3ZWEzZWQ5MzdlYTg0OTM2MmEzYTUwOTEwYzZkOGNlNGYiLCJsb2dpbl9hc19pZCI6IjY1N2YwYWQ3M2Y5NzcyOTVjZjA1NTc2YSJ9.KJtsIoYXigUTEGyT4Vg5rfpv8N-yHhd64ax3H8iZ_-4
[2024-05-06T18:40:46.440+0000] {Units_dag.py:104} INFO - {'_id': '62b054a622a4f81846551e2a', 'icon': 'icons/icon.png', 'driver_id': '64a3f4d17183b3751c4823ad', 'tailer_id': '', 'profile': {'vehicle_type': '', 'measurement_type': 'count', 'max_capacity': 0, 'vin': '', 'plate_number': '', 'start_operation': '', 'contract_milage': '', 'opening_milage': '', 'model': '', 'fuel_type': '91', 'year': 0, 'seats': 2}, 'device_password': '***', 'device_type': 'gps', 'gateway': False, 'name': '2793 - ا ر ه', 'operation_code': '', 'device_gateway': '', 'business_types': {'waste': False, 'transportation': False, 'water': False}, 'imei': '860665057512955', 'sim_number': '+966830028522784', 'sim_serial': '8996609821110927851', 'device_serial': '860665057512955', 'device': 'bce', 'user_id': '5f8bf21303ed52b7fb1c11ba', 'created_by': '6062f4057f236761b5255ef4', 'updated_at': '2024-04-18 11:18:59', 'created_at': '2022-06-20 14:06:14', 'custom_fields': [], 'creator': 'hassan.salem', 'company': '', 'owner': 'alwefaq-rent', 'last_update': {'dtt': 1715020800000, 'dts': 1715020818329, 'spd': 46, 'ang': 220, 'alt': 616, 'chPrams': {'ePwrV': {'v': 27.828, 'cdt': 1715020800000}, 'di16': {'v': 1, 'cdt': 1712752316000}, 'di15': {'v': 0, 'cdt': 1709662950000}, 'rssi1': {'v': 72, 'cdt': 1715020776000}, 'di14': {'v': 1, 'cdt': 1715020790000}, 'di13': {'v': 0, 'cdt': 1712752316000}, 'di12': {'v': 0, 'cdt': 1712752316000}, 'di11': {'v': 0, 'cdt': 1712752316000}, 'di10': {'v': 0, 'cdt': 1712752316000}, 'di2': {'v': 1, 'cdt': 1712490288000}, 'ai4': {'v': 18165, 'cdt': 1715020800000}, 'di1': {'v': 1, 'cdt': 1715020328000}, 'di4': {'v': 0, 'cdt': 1712752316000}, 'di3': {'v': 0, 'cdt': 1712752316000}, 'di6': {'v': 0, 'cdt': 1712752316000}, 'di5': {'v': 1, 'cdt': 1715010534000}, 'lac1': {'v': 4431, 'cdt': 1715019076000}, 'protocol': {'v': 'bce', 'cdt': 1712752316000}, 'di8': {'v': 1, 'cdt': 1712752316000}, 'di7': {'v': 1, 'cdt': 1715010552000}, 'di9': {'v': 0, 'cdt': 1712752316000}, 'iPwrV': {'v': 3.952, 'cdt': 1715020712000}, 'humidity': {'v': -1, 'cdt': 1712753516000}, 'cid1': {'v': 45842, 'cdt': 1715020776000}, 'temp': {'v': -273, 'cdt': 1712940706000}, 'odometer': {'v': 1121721440, 'cdt': 1715020800000}, 'spd': {'v': 46, 'cdt': 1715020800000}, 'sat': {'v': 12, 'cdt': 1715009540000}, 'hdop': {'v': 1, 'cdt': 1714923334000}, 'ta': {'v': 0, 'cdt': 1712752316000}, 'mcc1': {'v': 420, 'cdt': 1713192290000}, 'mnc1': {'v': 3, 'cdt': 1713192290000}}, 'prms': {'protocol': 'bce', 'spd': 46, 'sat': 12, 'hdop': 1, 'odometer': 1121721440, 'di16': 1, 'di15': 0, 'di14': 1, 'di13': 0, 'di12': 0, 'di11': 0, 'di10': 0, 'di9': 0, 'di8': 1, 'di7': 1, 'di6': 0, 'di5': 1, 'di4': 0, 'di3': 0, 'di2': 1, 'di1': 1, 'ePwrV': 27.828, 'ai4': 18165, 'iPwrV': 3.952, 'ta': 0, 'mcc1': 420, 'mnc1': 3, 'lac1': 4431, 'cid1': 45842, 'rssi1': 72, 'temp': -273, 'humidity': -1}, 'devPrms': ['protocol', 'spd', 'sat', 'hdop', 'odometer', 'di16', 'di15', 'di14', 'di13', 'di12', 'di11', 'di10', 'di9', 'di8', 'di7', 'di6', 'di5', 'di4', 'di3', 'di2', 'di1', 'ePwrV', 'ai4', 'iPwrV', 'ta', 'mcc1', 'mnc1', 'lac1', 'cid1', 'rssi1', 'temp', 'humidity'], 'old_params': {'protocol': 'bce', 'spd': 30, 'sat': 12, 'hdop': 1, 'odometer': 1106953070, 'di16': 1, 'di15': 0, 'di14': 1, 'di13': 0, 'di12': 0, 'di11': 0, 'di10': 0, 'di9': 0, 'di8': 1, 'di7': 1, 'di6': 0, 'di5': 1, 'di4': 0, 'di3': 0, 'di2': 1, 'di1': 1, 'ePwrV': 27.811, 'ai4': 17318, 'iPwrV': 3.952, 'ta': 0, 'mcc1': 420, 'mnc1': 3, 'lac1': 4431, 'cid1': 45842, 'rssi1': 72, 'temp': -273, 'humidity': -1}, 'vLoc': 1, 'vCon': 1, 'ip': '109.83.51.47', 'rl': 0.1103, 'trl': 58631.5249, 'mdu': 10, 'tmdu': 3491386, 'eidl': 0, 'teidl': 13806088, 'fc': 0.013236, 'tfc': 16.735164, 'acc': 1, 'accOn': 17632238, 'accOff': 42982190, 'sdu': 0, 'tsdu': 0, 'lat': 26.35710334777832, 'lng': 43.96602249145508}, 'counters': {'odometer_type': 'gps', 'odometer': 58800.5249, 'engine_hours_type': 'acc', 'engine_hours': 17632238, 'last_acc': 1}, 'is_wasl_connected': 'Connected', 'iconUrl': 'https://api.afaqy.sa/images/units/icons/icon.png', 'hasCCTV': False}
[2024-05-06T18:40:47.271+0000] {warnings.py:109} WARNING - /home/***/.local/lib/python3.8/site-packages/elasticsearch/_sync/client/__init__.py:399: SecurityWarning: Connecting to 'https://dbelk1.afaqy.local:9200' using TLS with verify_certs=False is insecure
  _transport = transport_class(

[2024-05-06T18:40:47.319+0000] {warnings.py:109} WARNING - /home/***/.local/lib/python3.8/site-packages/elasticsearch/_sync/client/__init__.py:399: SecurityWarning: Connecting to 'https://dbelk3.afaqy.local:9200' using TLS with verify_certs=False is insecure
  _transport = transport_class(

[2024-05-06T18:40:47.367+0000] {warnings.py:109} WARNING - /home/***/.local/lib/python3.8/site-packages/elasticsearch/_sync/client/__init__.py:399: SecurityWarning: Connecting to 'https://dbelk2.afaqy.local:9200' using TLS with verify_certs=False is insecure
  _transport = transport_class(

[2024-05-06T18:40:47.404+0000] {warnings.py:109} WARNING - /home/***/.local/lib/python3.8/site-packages/urllib3/connectionpool.py:1061: InsecureRequestWarning: Unverified HTTPS request is being made to host 'dbelk1.afaqy.local'. Adding certificate verification is strongly advised. See: https://urllib3.readthedocs.io/en/1.26.x/advanced-usage.html#ssl-warnings
  warnings.warn(

[2024-05-06T18:40:47.532+0000] {_transport.py:335} INFO - GET https://dbelk1.afaqy.local:9200/_cluster/health [status:200 duration:0.162s]
[2024-05-06T18:40:47.961+0000] {warnings.py:109} WARNING - /home/***/.local/lib/python3.8/site-packages/urllib3/connectionpool.py:1061: InsecureRequestWarning: Unverified HTTPS request is being made to host 'dbelk3.afaqy.local'. Adding certificate verification is strongly advised. See: https://urllib3.readthedocs.io/en/1.26.x/advanced-usage.html#ssl-warnings
  warnings.warn(

[2024-05-06T18:40:47.973+0000] {_transport.py:335} INFO - PUT https://dbelk3.afaqy.local:9200/units_statistics_***/_bulk [status:429 duration:0.029s]
[2024-05-06T18:40:47.974+0000] {_node_pool.py:249} WARNING - Node <Urllib3HttpNode(https://dbelk3.afaqy.local:9200)> has failed for 1 times in a row, putting on 1 second timeout
[2024-05-06T18:40:47.975+0000] {_transport.py:427} WARNING - Retrying request after non-successful status 429 (attempt 0 of 3)
[2024-05-06T18:40:47.976+0000] {warnings.py:109} WARNING - /home/***/.local/lib/python3.8/site-packages/urllib3/connectionpool.py:1061: InsecureRequestWarning: Unverified HTTPS request is being made to host 'dbelk1.afaqy.local'. Adding certificate verification is strongly advised. See: https://urllib3.readthedocs.io/en/1.26.x/advanced-usage.html#ssl-warnings
  warnings.warn(

[2024-05-06T18:40:48.686+0000] {_transport.py:335} INFO - PUT https://dbelk1.afaqy.local:9200/units_statistics_***/_bulk [status:200 duration:0.710s]
[2024-05-06T18:40:48.836+0000] {python.py:202} INFO - Done. Returned value was: None
[2024-05-06T18:40:48.852+0000] {taskinstance.py:1149} INFO - Marking task as SUCCESS. dag_id=Units_statistics_DAG, task_id=ETL_job, map_index=5, execution_date=20240506T182000, start_date=20240506T184020, end_date=20240506T184048
[2024-05-06T18:40:49.031+0000] {local_task_job_runner.py:234} INFO - Task exited with return code 0
[2024-05-06T18:40:49.053+0000] {taskinstance.py:3312} INFO - 0 downstream tasks scheduled from follow-on schedule check
