[2024-05-07T09:20:14.433+0000] {taskinstance.py:1979} INFO - Dependencies all met for dep_context=non-requeueable deps ti=<TaskInstance: Units_statistics_DAG.ETL_job scheduled__2024-05-07T09:00:00+00:00 map_index=9 [queued]>
[2024-05-07T09:20:14.533+0000] {taskinstance.py:1979} INFO - Dependencies all met for dep_context=requeueable deps ti=<TaskInstance: Units_statistics_DAG.ETL_job scheduled__2024-05-07T09:00:00+00:00 map_index=9 [queued]>
[2024-05-07T09:20:14.534+0000] {taskinstance.py:2193} INFO - Starting attempt 1 of 4
[2024-05-07T09:20:14.658+0000] {taskinstance.py:2217} INFO - Executing <Mapped(_PythonDecoratedOperator): ETL_job> on 2024-05-07 09:00:00+00:00
[2024-05-07T09:20:14.689+0000] {standard_task_runner.py:60} INFO - Started process 830300 to run task
[2024-05-07T09:20:14.740+0000] {standard_task_runner.py:87} INFO - Running: ['***', 'tasks', 'run', 'Units_statistics_DAG', 'ETL_job', 'scheduled__2024-05-07T09:00:00+00:00', '--job-id', '37952', '--raw', '--subdir', 'DAGS_FOLDER/Units_dag.py', '--cfg-path', '/tmp/tmp1sbt0z_a', '--map-index', '9']
[2024-05-07T09:20:14.742+0000] {standard_task_runner.py:88} INFO - Job 37952: Subtask ETL_job
[2024-05-07T09:20:15.147+0000] {task_command.py:423} INFO - Running <TaskInstance: Units_statistics_DAG.ETL_job scheduled__2024-05-07T09:00:00+00:00 map_index=9 [running]> on host a09da322e808
[2024-05-07T09:20:15.696+0000] {taskinstance.py:2513} INFO - Exporting env vars: AIRFLOW_CTX_DAG_OWNER='abeer-araby' AIRFLOW_CTX_DAG_ID='Units_statistics_DAG' AIRFLOW_CTX_TASK_ID='ETL_job' AIRFLOW_CTX_EXECUTION_DATE='2024-05-07T09:00:00+00:00' AIRFLOW_CTX_TRY_NUMBER='1' AIRFLOW_CTX_DAG_RUN_ID='scheduled__2024-05-07T09:00:00+00:00'
[2024-05-07T09:20:15.698+0000] {Units_dag.py:98} INFO - i: 90000, chunk: 10000
[2024-05-07T09:20:15.699+0000] {Units_dag.py:99} INFO - child token is::: eyJ0eXAiOiJKV1QiLCJhbGciOiJIUzI1NiJ9.eyJpc3MiOiJodHRwczovL2FwaS5hZmFxeS5zYS9hdXRoL2xvZ2luX2FzIiwiaWF0IjoxNzE1MDczNjA0LCJleHAiOjE3MTc2NjU2MDQsIm5iZiI6MTcxNTA3MzYwNCwianRpIjoiemx2WGZTNktKWEdMcEg4QiIsInN1YiI6IjVkNjNlNTFlMDNlZDUyOTJhNDJjMjRlNiIsInBydiI6IjI3MGVjZmM3ZWEzZWQ5MzdlYTg0OTM2MmEzYTUwOTEwYzZkOGNlNGYiLCJsb2dpbl9hc19pZCI6IjY1N2YwYWQ3M2Y5NzcyOTVjZjA1NTc2YSJ9.n_BPA9-X92q7TWAPN0RIK7TUi6ihlR82rb8rSBM5qwE
[2024-05-07T09:20:51.901+0000] {Units_dag.py:103} INFO - {'_id': '640ee742eec72b647b25faea', 'icon': 'icons/D_7.png', 'driver_id': '', 'tailer_id': '', 'profile': {'vehicle_type': None, 'measurement_type': 'count', 'max_capacity': 0, 'vin': None, 'plate_number': None, 'start_operation': None, 'contract_milage': None, 'opening_milage': None, 'model': None, 'fuel_type': '91', 'year': 0, 'seats': 2}, 'device_password': '***', 'device_type': 'gps', 'gateway': False, 'name': '8675-TDA', 'operation_code': '', 'device_gateway': '', 'business_types': {'waste': False, 'transportation': False, 'water': False}, 'imei': '358480089710968', 'sim_number': '+966830032604673', 'sim_serial': '8996609821111957868', 'device_serial': '358480089710968', 'device': 'teltonika', 'user_id': '62b9a1516bfc54699f7b0c2b', 'created_by': '5d5d152003ed5207c22d6fb5', 'updated_at': '2024-04-18 11:18:59', 'created_at': '2023-03-13 12:05:06', 'shipment_info': None, 'skip_sim_information': False, 'custom_fields': [], 'creator': 'diaa.ahmed', 'company': '', 'owner': 'saudi-hemaya-admin', 'last_update': {'dtt': 1715073512000, 'dts': 1715073518598, 'spd': 0, 'ang': 128, 'alt': 591, 'chPrams': {'parm20': {'v': 0, 'cdt': 1712853972000}, 'output1': {'v': False, 'cdt': 1714952444000}, 'output2': {'v': False, 'cdt': 1714952444000}, 'ePwrV': {'v': 19.369, 'cdt': 1715073512000}, 'parm24': {'v': 0, 'cdt': 1715066951000}, 'di2': {'v': 0, 'cdt': 1712853972000}, 'humidity104': {'v': 0, 'cdt': 1712990425000}, 'type': {'v': 6, 'cdt': 1712992494000}, 'di1': {'v': 0, 'cdt': 1715073511000}, 'di3': {'v': 0, 'cdt': 1712853972000}, 'result': {'v': '5665723a30332e32352e30355f3030204750533a41584e5f352e31305f333333332048773a464d42313230204d6f643a333320494d45493a33353834383030383937313039363820496e69743a323032342d342d32392032303a333220557074696d653a353636373135204d41433a303031453432414434314142205350433a312830292041584c3a32204f42443a3020424c3a312e372042543a34', 'cdt': 1714990802000}, 'protocol': {'v': 'FMB120', 'cdt': 1714990742000}, 'parm6': {'v': 0, 'cdt': 1714635307000}, 'gpsStatus': {'v': 1, 'cdt': 1714722095000}, 'iPwrV': {'v': 3.95, 'cdt': 1715073512000}, 'event': {'v': 239, 'cdt': 1715073512000}, 'pdop': {'v': 0.5, 'cdt': 1715073511000}, 'Speed': {'v': 0, 'cdt': 1715066951000}, 'rssi': {'v': 4, 'cdt': 1715072031000}, 'motion': {'v': False, 'cdt': 1715073324000}, 'parm12': {'v': 2259267, 'cdt': 1715073511000}, 'sat': {'v': 18, 'cdt': 1715073512000}, 'priority': {'v': 1, 'cdt': 1715073511000}, 'hdop': {'v': 0.2, 'cdt': 1715072931000}, 'temp6': {'v': 0, 'cdt': 1712990425000}, 'temp5': {'v': 0, 'cdt': 1712990425000}, 'humidity86': {'v': 0, 'cdt': 1712990425000}, 'parm200': {'v': 0, 'cdt': 1712853972000}}, 'prms': {'protocol': 'FMB120', 'priority': 1, 'sat': 18, 'event': 239, 'di1': 0, 'motion': 0, 'rssi': 4, 'parm200': 0, 'gpsStatus': 1, 'output1': 0, 'di2': 0, 'di3': 0, 'output2': 0, 'parm20': 0, 'pdop': 0.5, 'hdop': 0.2, 'ePwrV': 19.369, 'Speed': 0, 'parm24': 0, 'iPwrV': 3.95, 'parm6': 0, 'temp5': 0, 'temp6': 0, 'humidity86': 0, 'humidity104': 0, 'parm12': 2259267}, 'devPrms': ['protocol', 'priority', 'sat', 'event', 'di1', 'motion', 'rssi', 'parm200', 'gpsStatus', 'output1', 'di2', 'di3', 'output2', 'parm20', 'pdop', 'hdop', 'ePwrV', 'Speed', 'parm24', 'iPwrV', 'parm6', 'temp5', 'temp6', 'humidity86', 'humidity104', 'parm12'], 'old_params': {'protocol': 'FMB120', 'priority': 1, 'sat': 19, 'event': 1, 'di1': 0, 'motion': 0, 'rssi': 4, 'parm200': 0, 'gpsStatus': 1, 'output1': 0, 'di2': 0, 'di3': 0, 'output2': 0, 'parm20': 0, 'pdop': 0.5, 'hdop': 0.2, 'ePwrV': 24.558, 'Speed': 0, 'parm24': 0, 'iPwrV': 3.9530000000000003, 'parm6': 0, 'temp5': 0, 'temp6': 0, 'humidity86': 0, 'humidity104': 0, 'parm12': 2259267}, 'vLoc': 1, 'vCon': 1, 'ip': '109.83.133.164', 'rl': 0, 'trl': 559431.7573, 'mdu': 0, 'tmdu': 10289490, 'eidl': 0, 'teidl': 10445639, 'fc': 0, 'tfc': 0, 'acc': 0, 'accOn': 19013116, 'accOff': 1288712811, 'sdu': 1, 'tsdu': 1, 'lat': 24.8061766, 'lng': 46.85376}, 'counters': {'odometer_type': 'gps', 'odometer': 559431.759, 'engine_hours_type': 'acc', 'engine_hours': 19013116, 'last_acc': 0}, 'is_wasl_connected': 'Not Connected', 'iconUrl': 'https://api.afaqy.sa/images/units/icons/D_7.png', 'hasCCTV': False}
[2024-05-07T09:20:53.179+0000] {warnings.py:109} WARNING - /home/***/.local/lib/python3.8/site-packages/elasticsearch/_sync/client/__init__.py:399: SecurityWarning: Connecting to 'https://dbelk2.afaqy.local:9200' using TLS with verify_certs=False is insecure
  _transport = transport_class(

[2024-05-07T09:20:53.325+0000] {warnings.py:109} WARNING - /home/***/.local/lib/python3.8/site-packages/elasticsearch/_sync/client/__init__.py:399: SecurityWarning: Connecting to 'https://dbelk3.afaqy.local:9200' using TLS with verify_certs=False is insecure
  _transport = transport_class(

[2024-05-07T09:20:53.407+0000] {warnings.py:109} WARNING - /home/***/.local/lib/python3.8/site-packages/elasticsearch/_sync/client/__init__.py:399: SecurityWarning: Connecting to 'https://dbelk1.afaqy.local:9200' using TLS with verify_certs=False is insecure
  _transport = transport_class(

[2024-05-07T09:20:53.427+0000] {warnings.py:109} WARNING - /home/***/.local/lib/python3.8/site-packages/urllib3/connectionpool.py:1061: InsecureRequestWarning: Unverified HTTPS request is being made to host 'dbelk2.afaqy.local'. Adding certificate verification is strongly advised. See: https://urllib3.readthedocs.io/en/1.26.x/advanced-usage.html#ssl-warnings
  warnings.warn(

[2024-05-07T09:20:53.499+0000] {_transport.py:335} INFO - GET https://dbelk2.afaqy.local:9200/_cluster/health [status:200 duration:0.091s]
[2024-05-07T09:21:04.665+0000] {_transport.py:358} INFO - PUT https://dbelk3.afaqy.local:9200/units_statistics_***/_bulk [status:N/A duration:10.114s]
[2024-05-07T09:21:05.402+0000] {_node_pool.py:249} WARNING - Node <Urllib3HttpNode(https://dbelk3.afaqy.local:9200)> has failed for 1 times in a row, putting on 1 second timeout
[2024-05-07T09:21:08.935+0000] {_transport.py:395} WARNING - Retrying request after failure (attempt 0 of 3)
Traceback (most recent call last):
  File "/home/airflow/.local/lib/python3.8/site-packages/elastic_transport/_transport.py", line 328, in perform_request
    meta, raw_data = node.perform_request(
  File "/home/airflow/.local/lib/python3.8/site-packages/elastic_transport/_node/_http_urllib3.py", line 202, in perform_request
    raise err from None
elastic_transport.ConnectionError: Connection error caused by: NewConnectionError(<urllib3.connection.HTTPSConnection object at 0x7faa1782ad30>: Failed to establish a new connection: [Errno -3] Temporary failure in name resolution)
[2024-05-07T09:21:21.925+0000] {_node_pool.py:312} INFO - Resurrected node <Urllib3HttpNode(https://dbelk3.afaqy.local:9200)> (force=False)
[2024-05-07T09:21:09.118+0000] {job.py:213} ERROR - Job heartbeat got an exception
Traceback (most recent call last):
  File "/home/airflow/.local/lib/python3.8/site-packages/sqlalchemy/engine/base.py", line 3371, in _wrap_pool_connect
    return fn()
  File "/home/airflow/.local/lib/python3.8/site-packages/sqlalchemy/pool/base.py", line 327, in connect
    return _ConnectionFairy._checkout(self)
  File "/home/airflow/.local/lib/python3.8/site-packages/sqlalchemy/pool/base.py", line 894, in _checkout
    fairy = _ConnectionRecord.checkout(pool)
  File "/home/airflow/.local/lib/python3.8/site-packages/sqlalchemy/pool/base.py", line 493, in checkout
    rec = pool._do_get()
  File "/home/airflow/.local/lib/python3.8/site-packages/sqlalchemy/pool/impl.py", line 256, in _do_get
    return self._create_connection()
  File "/home/airflow/.local/lib/python3.8/site-packages/sqlalchemy/pool/base.py", line 273, in _create_connection
    return _ConnectionRecord(self)
  File "/home/airflow/.local/lib/python3.8/site-packages/sqlalchemy/pool/base.py", line 388, in __init__
    self.__connect()
  File "/home/airflow/.local/lib/python3.8/site-packages/sqlalchemy/pool/base.py", line 691, in __connect
    pool.logger.debug("Error on connect(): %s", e)
  File "/home/airflow/.local/lib/python3.8/site-packages/sqlalchemy/util/langhelpers.py", line 70, in __exit__
    compat.raise_(
  File "/home/airflow/.local/lib/python3.8/site-packages/sqlalchemy/util/compat.py", line 211, in raise_
    raise exception
  File "/home/airflow/.local/lib/python3.8/site-packages/sqlalchemy/pool/base.py", line 686, in __connect
    self.dbapi_connection = connection = pool._invoke_creator(self)
  File "/home/airflow/.local/lib/python3.8/site-packages/sqlalchemy/engine/create.py", line 574, in connect
    return dialect.connect(*cargs, **cparams)
  File "/home/airflow/.local/lib/python3.8/site-packages/sqlalchemy/engine/default.py", line 598, in connect
    return self.dbapi.connect(*cargs, **cparams)
  File "/home/airflow/.local/lib/python3.8/site-packages/psycopg2/__init__.py", line 122, in connect
    conn = _connect(dsn, connection_factory=connection_factory, **kwasync)
psycopg2.OperationalError: could not translate host name "postgres" to address: Temporary failure in name resolution


The above exception was the direct cause of the following exception:

Traceback (most recent call last):
  File "/home/airflow/.local/lib/python3.8/site-packages/airflow/jobs/job.py", line 187, in heartbeat
    self._merge_from(Job._fetch_from_db(self, session))
  File "/home/airflow/.local/lib/python3.8/site-packages/airflow/api_internal/internal_api_call.py", line 114, in wrapper
    return func(*args, **kwargs)
  File "/home/airflow/.local/lib/python3.8/site-packages/airflow/utils/session.py", line 76, in wrapper
    return func(*args, **kwargs)
  File "/home/airflow/.local/lib/python3.8/site-packages/airflow/jobs/job.py", line 308, in _fetch_from_db
    session.merge(job)
  File "/home/airflow/.local/lib/python3.8/site-packages/sqlalchemy/orm/session.py", line 3056, in merge
    return self._merge(
  File "/home/airflow/.local/lib/python3.8/site-packages/sqlalchemy/orm/session.py", line 3136, in _merge
    merged = self.get(
  File "/home/airflow/.local/lib/python3.8/site-packages/sqlalchemy/orm/session.py", line 2853, in get
    return self._get_impl(
  File "/home/airflow/.local/lib/python3.8/site-packages/sqlalchemy/orm/session.py", line 2975, in _get_impl
    return db_load_fn(
  File "/home/airflow/.local/lib/python3.8/site-packages/sqlalchemy/orm/loading.py", line 530, in load_on_pk_identity
    session.execute(
  File "/home/airflow/.local/lib/python3.8/site-packages/sqlalchemy/orm/session.py", line 1716, in execute
    conn = self._connection_for_bind(bind)
  File "/home/airflow/.local/lib/python3.8/site-packages/sqlalchemy/orm/session.py", line 1555, in _connection_for_bind
    return self._transaction._connection_for_bind(
  File "/home/airflow/.local/lib/python3.8/site-packages/sqlalchemy/orm/session.py", line 750, in _connection_for_bind
    conn = bind.connect()
  File "/home/airflow/.local/lib/python3.8/site-packages/sqlalchemy/future/engine.py", line 412, in connect
    return super(Engine, self).connect()
  File "/home/airflow/.local/lib/python3.8/site-packages/sqlalchemy/engine/base.py", line 3325, in connect
    return self._connection_cls(self, close_with_result=close_with_result)
  File "/home/airflow/.local/lib/python3.8/site-packages/sqlalchemy/engine/base.py", line 96, in __init__
    else engine.raw_connection()
  File "/home/airflow/.local/lib/python3.8/site-packages/sqlalchemy/engine/base.py", line 3404, in raw_connection
    return self._wrap_pool_connect(self.pool.connect, _connection)
  File "/home/airflow/.local/lib/python3.8/site-packages/sqlalchemy/engine/base.py", line 3374, in _wrap_pool_connect
    Connection._handle_dbapi_exception_noconnection(
  File "/home/airflow/.local/lib/python3.8/site-packages/sqlalchemy/engine/base.py", line 2208, in _handle_dbapi_exception_noconnection
    util.raise_(
  File "/home/airflow/.local/lib/python3.8/site-packages/sqlalchemy/util/compat.py", line 211, in raise_
    raise exception
  File "/home/airflow/.local/lib/python3.8/site-packages/sqlalchemy/engine/base.py", line 3371, in _wrap_pool_connect
    return fn()
  File "/home/airflow/.local/lib/python3.8/site-packages/sqlalchemy/pool/base.py", line 327, in connect
    return _ConnectionFairy._checkout(self)
  File "/home/airflow/.local/lib/python3.8/site-packages/sqlalchemy/pool/base.py", line 894, in _checkout
    fairy = _ConnectionRecord.checkout(pool)
  File "/home/airflow/.local/lib/python3.8/site-packages/sqlalchemy/pool/base.py", line 493, in checkout
    rec = pool._do_get()
  File "/home/airflow/.local/lib/python3.8/site-packages/sqlalchemy/pool/impl.py", line 256, in _do_get
    return self._create_connection()
  File "/home/airflow/.local/lib/python3.8/site-packages/sqlalchemy/pool/base.py", line 273, in _create_connection
    return _ConnectionRecord(self)
  File "/home/airflow/.local/lib/python3.8/site-packages/sqlalchemy/pool/base.py", line 388, in __init__
    self.__connect()
  File "/home/airflow/.local/lib/python3.8/site-packages/sqlalchemy/pool/base.py", line 691, in __connect
    pool.logger.debug("Error on connect(): %s", e)
  File "/home/airflow/.local/lib/python3.8/site-packages/sqlalchemy/util/langhelpers.py", line 70, in __exit__
    compat.raise_(
  File "/home/airflow/.local/lib/python3.8/site-packages/sqlalchemy/util/compat.py", line 211, in raise_
    raise exception
  File "/home/airflow/.local/lib/python3.8/site-packages/sqlalchemy/pool/base.py", line 686, in __connect
    self.dbapi_connection = connection = pool._invoke_creator(self)
  File "/home/airflow/.local/lib/python3.8/site-packages/sqlalchemy/engine/create.py", line 574, in connect
    return dialect.connect(*cargs, **cparams)
  File "/home/airflow/.local/lib/python3.8/site-packages/sqlalchemy/engine/default.py", line 598, in connect
    return self.dbapi.connect(*cargs, **cparams)
  File "/home/airflow/.local/lib/python3.8/site-packages/psycopg2/__init__.py", line 122, in connect
    conn = _connect(dsn, connection_factory=connection_factory, **kwasync)
sqlalchemy.exc.OperationalError: (psycopg2.OperationalError) could not translate host name "postgres" to address: Temporary failure in name resolution

(Background on this error at: https://sqlalche.me/e/14/e3q8)
[2024-05-07T09:21:22.080+0000] {job.py:221} ERROR - Job heartbeat failed with error. Scheduler is in unhealthy state
[2024-05-07T09:21:22.539+0000] {warnings.py:109} WARNING - /home/***/.local/lib/python3.8/site-packages/urllib3/connectionpool.py:1061: InsecureRequestWarning: Unverified HTTPS request is being made to host 'dbelk3.afaqy.local'. Adding certificate verification is strongly advised. See: https://urllib3.readthedocs.io/en/1.26.x/advanced-usage.html#ssl-warnings
  warnings.warn(

[2024-05-07T09:21:22.584+0000] {_transport.py:335} INFO - PUT https://dbelk3.afaqy.local:9200/units_statistics_***/_bulk [status:429 duration:0.659s]
[2024-05-07T09:21:22.585+0000] {_node_pool.py:249} WARNING - Node <Urllib3HttpNode(https://dbelk3.afaqy.local:9200)> has failed for 2 times in a row, putting on 2 second timeout
[2024-05-07T09:21:22.588+0000] {_transport.py:427} WARNING - Retrying request after non-successful status 429 (attempt 1 of 3)
[2024-05-07T09:21:22.613+0000] {warnings.py:109} WARNING - /home/***/.local/lib/python3.8/site-packages/urllib3/connectionpool.py:1061: InsecureRequestWarning: Unverified HTTPS request is being made to host 'dbelk1.afaqy.local'. Adding certificate verification is strongly advised. See: https://urllib3.readthedocs.io/en/1.26.x/advanced-usage.html#ssl-warnings
  warnings.warn(

[2024-05-07T09:21:29.576+0000] {_transport.py:335} INFO - PUT https://dbelk1.afaqy.local:9200/units_statistics_***/_bulk [status:200 duration:6.988s]
[2024-05-07T09:21:29.983+0000] {python.py:202} INFO - Done. Returned value was: None
[2024-05-07T09:21:30.003+0000] {taskinstance.py:1149} INFO - Marking task as SUCCESS. dag_id=Units_statistics_DAG, task_id=ETL_job, map_index=9, execution_date=20240507T090000, start_date=20240507T092014, end_date=20240507T092130
[2024-05-07T09:21:30.085+0000] {local_task_job_runner.py:234} INFO - Task exited with return code 0
[2024-05-07T09:21:30.126+0000] {taskinstance.py:3312} INFO - 0 downstream tasks scheduled from follow-on schedule check
