[2024-04-30T06:00:14.852+0000] {taskinstance.py:1979} INFO - Dependencies all met for dep_context=non-requeueable deps ti=<TaskInstance: Units_statistics_DAG.ETL_job scheduled__2024-04-30T05:40:00+00:00 map_index=6 [queued]>
[2024-04-30T06:00:14.987+0000] {taskinstance.py:1979} INFO - Dependencies all met for dep_context=requeueable deps ti=<TaskInstance: Units_statistics_DAG.ETL_job scheduled__2024-04-30T05:40:00+00:00 map_index=6 [queued]>
[2024-04-30T06:00:14.988+0000] {taskinstance.py:2193} INFO - Starting attempt 1 of 4
[2024-04-30T06:00:15.120+0000] {taskinstance.py:2217} INFO - Executing <Mapped(_PythonDecoratedOperator): ETL_job> on 2024-04-30 05:40:00+00:00
[2024-04-30T06:00:15.169+0000] {standard_task_runner.py:60} INFO - Started process 655811 to run task
[2024-04-30T06:00:15.217+0000] {standard_task_runner.py:87} INFO - Running: ['***', 'tasks', 'run', 'Units_statistics_DAG', 'ETL_job', 'scheduled__2024-04-30T05:40:00+00:00', '--job-id', '24204', '--raw', '--subdir', 'DAGS_FOLDER/Units_dag.py', '--cfg-path', '/tmp/tmpmqhzhsqo', '--map-index', '6']
[2024-04-30T06:00:15.237+0000] {standard_task_runner.py:88} INFO - Job 24204: Subtask ETL_job
[2024-04-30T06:00:15.590+0000] {task_command.py:423} INFO - Running <TaskInstance: Units_statistics_DAG.ETL_job scheduled__2024-04-30T05:40:00+00:00 map_index=6 [running]> on host a09da322e808
[2024-04-30T06:00:16.207+0000] {taskinstance.py:2513} INFO - Exporting env vars: AIRFLOW_CTX_DAG_OWNER='abeer-araby' AIRFLOW_CTX_DAG_ID='Units_statistics_DAG' AIRFLOW_CTX_TASK_ID='ETL_job' AIRFLOW_CTX_EXECUTION_DATE='2024-04-30T05:40:00+00:00' AIRFLOW_CTX_TRY_NUMBER='1' AIRFLOW_CTX_DAG_RUN_ID='scheduled__2024-04-30T05:40:00+00:00'
[2024-04-30T06:00:16.211+0000] {Units_dag.py:99} INFO - i: 60000, chunk: 10000
[2024-04-30T06:00:16.211+0000] {Units_dag.py:100} INFO - child token is::: eyJ0eXAiOiJKV1QiLCJhbGciOiJIUzI1NiJ9.eyJpc3MiOiJodHRwczovL2FwaS5hZmFxeS5zYS9hdXRoL2xvZ2luX2FzIiwiaWF0IjoxNzE0NDU2ODA0LCJleHAiOjE3MTcwNDg4MDQsIm5iZiI6MTcxNDQ1NjgwNCwianRpIjoibTVyZ01XV0VUSjRvRWZXdSIsInN1YiI6IjVkNjNlNTFlMDNlZDUyOTJhNDJjMjRlNiIsInBydiI6IjI3MGVjZmM3ZWEzZWQ5MzdlYTg0OTM2MmEzYTUwOTEwYzZkOGNlNGYiLCJsb2dpbl9hc19pZCI6IjY1N2YwYWQ3M2Y5NzcyOTVjZjA1NTc2YSJ9.xQd5Urni2TIFQEIwXbX4q8e52mGYkMgwUPHFpeFIEnc
[2024-04-30T06:00:37.323+0000] {Units_dag.py:104} INFO - {'_id': '6329976329c0c702f777e472', 'icon': 'icons/icon.png', 'driver_id': '', 'tailer_id': '', 'profile': {'vehicle_type': '', 'measurement_type': 'count', 'max_capacity': 0, 'vin': '', 'plate_number': '', 'start_operation': '', 'contract_milage': '', 'opening_milage': '', 'model': '', 'fuel_type': '91', 'year': 0, 'seats': 2}, 'device_password': '***', 'device_type': 'gps', 'gateway': False, 'name': '3522VJR', 'operation_code': '', 'device_gateway': '', 'business_types': {'waste': False, 'transportation': True, 'water': False}, 'imei': '862549043197584', 'sim_number': '+966830030080069', 'sim_serial': '21276222766', 'device_serial': '862549043197584', 'device': 'ruptela', 'user_id': '605b2ce24dfbf765482210f2', 'created_by': '5e6655bf03ed52e1ab79d301', 'updated_at': '2024-04-18 11:18:59', 'created_at': '2022-09-20 13:35:15', 'custom_fields': [], 'creator': 'amr.ahmed', 'company': '', 'owner': 'theeb-admin', 'last_update': {'dtt': 1714456587000, 'dts': 1714456588379, 'spd': 0, 'ang': 111, 'alt': 61, 'chPrams': {'gsm': {'v': 15, 'cdt': 1714455387000}, 'io_1_143': {'v': 0, 'cdt': 1714452981000}, 'move': {'v': 0, 'cdt': 1714452978000}, 'io_1_134': {'v': 0, 'cdt': 1714452981000}, 'io_1_136': {'v': 0, 'cdt': 1714450333000}, 'io_1_135': {'v': 0, 'cdt': 1714450440000}, 'ePwrV': {'v': 12.485, 'cdt': 1714456587000}, 'spd': {'v': 0, 'cdt': 1714453287000}, 'sat': {'v': 15, 'cdt': 1714456587000}, 'profile': {'v': 1, 'cdt': 1712928371000}, 'io_2_139': {'v': 0, 'cdt': 1714452987000}, 'hdop': {'v': 0.6, 'cdt': 1714455387000}, 'io_1_130': {'v': 0, 'cdt': 1714452987000}, 'operator': {'v': 42004, 'cdt': 1712234191000}, 'di5': {'v': 0, 'cdt': 1714452981000}, 'io_2_131': {'v': 0, 'cdt': 1714001715000}, 'accTemp': {'v': 41, 'cdt': 1714456587000}, 'protocol': {'v': 'ruptela', 'cdt': 1712928371000}, 'vOdometer': {'v': 28889222, 'cdt': 1714452981000}, 'io_2_137': {'v': 0, 'cdt': 1714052283000}, 'iPwrV': {'v': 4.069, 'cdt': 1714456587000}, 'event': {'v': 7, 'cdt': 1714453287000}}, 'prms': {'protocol': 'ruptela', 'sat': 15, 'spd': 0, 'hdop': 0.6, 'event': 7, 'di5': 0, 'gsm': 15, 'profile': 1, 'accTemp': 41, 'move': 0, 'io_1_130': 0, 'io_1_134': 0, 'io_1_135': 0, 'io_1_136': 0, 'io_1_143': 0, 'ePwrV': 12.485, 'iPwrV': 4.069, 'io_2_131': 0, 'io_2_137': 0, 'io_2_139': 0, 'vOdometer': 28889222, 'operator': 42004}, 'devPrms': ['protocol', 'sat', 'spd', 'hdop', 'event', 'di5', 'gsm', 'profile', 'accTemp', 'move', 'io_1_130', 'io_1_134', 'io_1_135', 'io_1_136', 'io_1_143', 'ePwrV', 'iPwrV', 'io_2_131', 'io_2_137', 'io_2_139', 'vOdometer', 'operator'], 'old_params': {'protocol': 'ruptela', 'sat': 16, 'spd': 0, 'hdop': 0.6, 'event': 7, 'di5': 0, 'gsm': 15, 'profile': 1, 'accTemp': 40, 'move': 0, 'io_1_130': 0, 'io_1_134': 0, 'io_1_135': 0, 'io_1_136': 0, 'io_1_143': 0, 'ePwrV': 12.484, 'iPwrV': 4.07, 'io_2_131': 0, 'io_2_137': 0, 'io_2_139': 0, 'vOdometer': 28889222, 'operator': 42004}, 'vLoc': 1, 'vCon': 1, 'ip': '51.36.12.75', 'rl': 0, 'trl': 28898.7831, 'mdu': 0, 'tmdu': 2866853, 'eidl': 0, 'teidl': 1560127, 'fc': 0, 'tfc': 41.77614, 'acc': 0, 'accOn': 5036466, 'accOff': 46648741, 'sdu': 300, 'tsdu': 3300, 'lat': 21.612865, 'lng': 39.1224133}, 'counters': {'odometer_type': 'gps', 'odometer': 28910.7831, 'engine_hours_type': 'acc', 'engine_hours': 5036466, 'last_acc': 0}, 'is_wasl_connected': 'Not Connected', 'iconUrl': 'https://api.afaqy.sa/images/units/icons/icon.png', 'hasCCTV': False}
[2024-04-30T06:00:38.523+0000] {warnings.py:109} WARNING - /home/***/.local/lib/python3.8/site-packages/elasticsearch/_sync/client/__init__.py:399: SecurityWarning: Connecting to 'https://dbelk1.afaqy.local:9200' using TLS with verify_certs=False is insecure
  _transport = transport_class(

[2024-04-30T06:00:38.717+0000] {warnings.py:109} WARNING - /home/***/.local/lib/python3.8/site-packages/elasticsearch/_sync/client/__init__.py:399: SecurityWarning: Connecting to 'https://dbelk2.afaqy.local:9200' using TLS with verify_certs=False is insecure
  _transport = transport_class(

[2024-04-30T06:00:38.899+0000] {warnings.py:109} WARNING - /home/***/.local/lib/python3.8/site-packages/elasticsearch/_sync/client/__init__.py:399: SecurityWarning: Connecting to 'https://dbelk3.afaqy.local:9200' using TLS with verify_certs=False is insecure
  _transport = transport_class(

[2024-04-30T06:00:38.945+0000] {warnings.py:109} WARNING - /home/***/.local/lib/python3.8/site-packages/urllib3/connectionpool.py:1061: InsecureRequestWarning: Unverified HTTPS request is being made to host 'dbelk1.afaqy.local'. Adding certificate verification is strongly advised. See: https://urllib3.readthedocs.io/en/1.26.x/advanced-usage.html#ssl-warnings
  warnings.warn(

[2024-04-30T06:00:39.010+0000] {_transport.py:335} INFO - GET https://dbelk1.afaqy.local:9200/_cluster/health [status:200 duration:0.109s]
[2024-04-30T06:00:42.212+0000] {warnings.py:109} WARNING - /home/***/.local/lib/python3.8/site-packages/urllib3/connectionpool.py:1061: InsecureRequestWarning: Unverified HTTPS request is being made to host 'dbelk2.afaqy.local'. Adding certificate verification is strongly advised. See: https://urllib3.readthedocs.io/en/1.26.x/advanced-usage.html#ssl-warnings
  warnings.warn(

[2024-04-30T06:00:44.221+0000] {_transport.py:335} INFO - PUT https://dbelk2.afaqy.local:9200/units_statistics_***/_bulk [status:200 duration:2.075s]
[2024-04-30T06:00:45.997+0000] {python.py:202} INFO - Done. Returned value was: None
[2024-04-30T06:00:46.046+0000] {taskinstance.py:1149} INFO - Marking task as SUCCESS. dag_id=Units_statistics_DAG, task_id=ETL_job, map_index=6, execution_date=20240430T054000, start_date=20240430T060014, end_date=20240430T060046
[2024-04-30T06:00:46.265+0000] {local_task_job_runner.py:234} INFO - Task exited with return code 0
[2024-04-30T06:00:46.348+0000] {taskinstance.py:3312} INFO - 0 downstream tasks scheduled from follow-on schedule check
