[2024-05-08T12:24:36.511+0000] {taskinstance.py:1979} INFO - Dependencies all met for dep_context=non-requeueable deps ti=<TaskInstance: Units_statistics_DAG.ETL_job scheduled__2024-05-08T12:00:00+00:00 map_index=17 [queued]>
[2024-05-08T12:24:36.525+0000] {taskinstance.py:1979} INFO - Dependencies all met for dep_context=requeueable deps ti=<TaskInstance: Units_statistics_DAG.ETL_job scheduled__2024-05-08T12:00:00+00:00 map_index=17 [queued]>
[2024-05-08T12:24:36.526+0000] {taskinstance.py:2193} INFO - Starting attempt 4 of 4
[2024-05-08T12:24:36.551+0000] {taskinstance.py:2217} INFO - Executing <Mapped(_PythonDecoratedOperator): ETL_job> on 2024-05-08 12:00:00+00:00
[2024-05-08T12:24:36.560+0000] {standard_task_runner.py:60} INFO - Started process 860868 to run task
[2024-05-08T12:24:36.568+0000] {standard_task_runner.py:87} INFO - Running: ['***', 'tasks', 'run', 'Units_statistics_DAG', 'ETL_job', 'scheduled__2024-05-08T12:00:00+00:00', '--job-id', '41671', '--raw', '--subdir', 'DAGS_FOLDER/Units_dag.py', '--cfg-path', '/tmp/tmpc_lvzmq_', '--map-index', '17']
[2024-05-08T12:24:36.571+0000] {standard_task_runner.py:88} INFO - Job 41671: Subtask ETL_job
[2024-05-08T12:24:36.669+0000] {task_command.py:423} INFO - Running <TaskInstance: Units_statistics_DAG.ETL_job scheduled__2024-05-08T12:00:00+00:00 map_index=17 [running]> on host a09da322e808
[2024-05-08T12:24:36.829+0000] {taskinstance.py:2513} INFO - Exporting env vars: AIRFLOW_CTX_DAG_OWNER='abeer-araby' AIRFLOW_CTX_DAG_ID='Units_statistics_DAG' AIRFLOW_CTX_TASK_ID='ETL_job' AIRFLOW_CTX_EXECUTION_DATE='2024-05-08T12:00:00+00:00' AIRFLOW_CTX_TRY_NUMBER='4' AIRFLOW_CTX_DAG_RUN_ID='scheduled__2024-05-08T12:00:00+00:00'
[2024-05-08T12:24:36.831+0000] {Units_dag.py:98} INFO - i: 170000, chunk: 1015
[2024-05-08T12:24:36.831+0000] {Units_dag.py:99} INFO - child token is::: eyJ0eXAiOiJKV1QiLCJhbGciOiJIUzI1NiJ9.eyJpc3MiOiJodHRwczovL2FwaS5hZmFxeS5zYS9hdXRoL2xvZ2luX2FzIiwiaWF0IjoxNzE1MTcwODA0LCJleHAiOjE3MTc3NjI4MDQsIm5iZiI6MTcxNTE3MDgwNCwianRpIjoiYVJHUHRnenhpN1QxSUVkeCIsInN1YiI6IjVkNjNlNTFlMDNlZDUyOTJhNDJjMjRlNiIsInBydiI6IjI3MGVjZmM3ZWEzZWQ5MzdlYTg0OTM2MmEzYTUwOTEwYzZkOGNlNGYiLCJsb2dpbl9hc19pZCI6IjY1N2YwYWQ3M2Y5NzcyOTVjZjA1NTc2YSJ9.dpY4mxlksSSejE9n3HUeVa2cZu3JAlzgSi-4g02gT5I
[2024-05-08T12:24:40.610+0000] {Units_dag.py:103} INFO - {'_id': '6637a8997909c238d409a354', 'icon': 'icons/icon.png', 'driver_id': '', 'tailer_id': '', 'profile': {'measurement_type': 'count', 'fuel_type': '91', 'year': 0, 'seats': 2}, 'shipment_info': {'product_category': '', 'truck_type': '', 'shipment_type': '', 'shipment_payment_type': '', 'transporter_type': '', 'operating_area': '', 'weight_kilograms_per_day': '', 'kms_per_day': '', 'opening_milage': '', 'shipment_trip_drive_hrs_day': '', 'expected_shipment_trip_day': '', 'car_pay_per_day': '', 'exceeding_temperature_limit_per_day': '', 'temperature_upper_limit': '', 'exceeding_humidity_limit_per_day': '', 'humidity_upper_limit': '', 'allowable_delay_drive_hrs_day': ''}, 'device_password': '***', 'device_type': 'gps', 'gateway': False, 'business_types': {'waste': False, 'transportation': True, 'water': False}, 'name': '12-302 / وانيت ميتسوبيشي / سيد عدنان', 'operation_code': None, 'device_gateway': None, 'skip_sim_information': False, 'custom_fields': [], 'imei': '866795034420263', 'sim_number': '+966830030003667', 'sim_serial': '8996604212674175064', 'device_serial': '866795034420263', 'device': 'bce', 'user_id': '6570364a73524fbd0807e5f3', 'created_by': '5e6655bf03ed52e1ab79d301', 'updated_at': '2024-05-05 15:41:13', 'created_at': '2024-05-05 18:41:13', 'creator': 'amr.ahmed', 'company': '', 'owner': 'monasib-contacting-admin', 'last_update': {'dtt': 1715170754000, 'dts': 1715171059613, 'spd': 0, 'ang': 296, 'alt': 608, 'chPrams': {'di16': {'v': 0, 'cdt': 1714926126000}, 'ePwrV': {'v': 13.117, 'cdt': 1715170154000}, 'di15': {'v': 0, 'cdt': 1714926126000}, 'rssi1': {'v': 55, 'cdt': 1715170754000}, 'di14': {'v': 0, 'cdt': 1715166586000}, 'di13': {'v': 0, 'cdt': 1714926126000}, 'di12': {'v': 0, 'cdt': 1714926126000}, 'di11': {'v': 0, 'cdt': 1714926126000}, 'di10': {'v': 0, 'cdt': 1714926126000}, 'di2': {'v': 1, 'cdt': 1714926126000}, 'di1': {'v': 0, 'cdt': 1715169252000}, 'di4': {'v': 0, 'cdt': 1714926126000}, 'di3': {'v': 0, 'cdt': 1714926126000}, 'di6': {'v': 1, 'cdt': 1714926126000}, 'di5': {'v': 0, 'cdt': 1715169252000}, 'lac1': {'v': 22119, 'cdt': 1715169146000}, 'protocol': {'v': 'bce', 'cdt': 1714926126000}, 'di8': {'v': 1, 'cdt': 1714926126000}, 'di7': {'v': 0, 'cdt': 1715169854000}, 'di9': {'v': 0, 'cdt': 1714926126000}, 'iPwrV': {'v': 3.979, 'cdt': 1715170754000}, 'cid1': {'v': 28301, 'cdt': 1715170754000}, 'odometer': {'v': 0, 'cdt': 1715169230000}, 'spd': {'v': 0, 'cdt': 1715169230000}, 'sat': {'v': 15, 'cdt': 1715169002000}, 'hdop': {'v': 1, 'cdt': 1715153626000}, 'ta': {'v': 0, 'cdt': 1714926126000}, 'mcc1': {'v': 420, 'cdt': 1714926126000}, 'mnc1': {'v': 4, 'cdt': 1714926126000}}, 'prms': {'protocol': 'bce', 'spd': 0, 'sat': 15, 'hdop': 1, 'odometer': 0, 'di16': 0, 'di15': 0, 'di14': 0, 'di13': 0, 'di12': 0, 'di11': 0, 'di10': 0, 'di9': 0, 'di8': 1, 'di7': 0, 'di6': 1, 'di5': 0, 'di4': 0, 'di3': 0, 'di2': 1, 'di1': 0, 'ePwrV': 13.117, 'iPwrV': 3.979, 'ta': 0, 'mcc1': 420, 'mnc1': 4, 'lac1': 22119, 'cid1': 28301, 'rssi1': 55}, 'devPrms': ['protocol', 'spd', 'sat', 'hdop', 'odometer', 'di16', 'di15', 'di14', 'di13', 'di12', 'di11', 'di10', 'di9', 'di8', 'di7', 'di6', 'di5', 'di4', 'di3', 'di2', 'di1', 'ePwrV', 'iPwrV', 'ta', 'mcc1', 'mnc1', 'lac1', 'cid1', 'rssi1'], 'old_params': {'di16': 0, 'ePwrV': 13.117, 'di15': 0, 'rssi1': 52, 'di14': 0, 'di13': 0, 'di12': 0, 'di11': 0, 'di10': 0, 'di2': 1, 'di1': 0, 'di4': 0, 'di3': 0, 'di6': 1, 'di5': 0, 'lac1': 22119, 'protocol': 'bce', 'di8': 1, 'di7': 0, 'di9': 0, 'iPwrV': 3.981, 'cid1': 28302, 'odometer': 0, 'spd': 0, 'sat': 15, 'hdop': 1, 'ta': 0, 'mcc1': 420, 'mnc1': 4}, 'vLoc': 1, 'vCon': 1, 'ip': '51.36.195.63', 'rl': 0, 'trl': 594.639, 'mdu': 0, 'tmdu': 34964, 'eidl': 0, 'teidl': 17642, 'fc': 0, 'tfc': 15.063348, 'acc': 0, 'accOn': 21487906, 'accOff': 188588, 'sdu': 300, 'tsdu': 1502, 'lat': 24.599201202392578, 'lng': 46.74745178222656}, 'counters': {'engine_hours': 21487906, 'last_acc': 0, 'odometer': 74243.9578}, 'is_wasl_connected': 'Not Connected', 'iconUrl': 'https://api.afaqy.sa/images/units/icons/icon.png', 'hasCCTV': False}
[2024-05-08T12:24:41.116+0000] {warnings.py:109} WARNING - /home/***/.local/lib/python3.8/site-packages/elasticsearch/_sync/client/__init__.py:399: SecurityWarning: Connecting to 'https://dbelk3.afaqy.local:9200' using TLS with verify_certs=False is insecure
  _transport = transport_class(

[2024-05-08T12:24:41.163+0000] {warnings.py:109} WARNING - /home/***/.local/lib/python3.8/site-packages/elasticsearch/_sync/client/__init__.py:399: SecurityWarning: Connecting to 'https://dbelk1.afaqy.local:9200' using TLS with verify_certs=False is insecure
  _transport = transport_class(

[2024-05-08T12:24:41.211+0000] {warnings.py:109} WARNING - /home/***/.local/lib/python3.8/site-packages/elasticsearch/_sync/client/__init__.py:399: SecurityWarning: Connecting to 'https://dbelk2.afaqy.local:9200' using TLS with verify_certs=False is insecure
  _transport = transport_class(

[2024-05-08T12:24:41.249+0000] {warnings.py:109} WARNING - /home/***/.local/lib/python3.8/site-packages/urllib3/connectionpool.py:1061: InsecureRequestWarning: Unverified HTTPS request is being made to host 'dbelk3.afaqy.local'. Adding certificate verification is strongly advised. See: https://urllib3.readthedocs.io/en/1.26.x/advanced-usage.html#ssl-warnings
  warnings.warn(

[2024-05-08T12:24:41.326+0000] {_transport.py:335} INFO - GET https://dbelk3.afaqy.local:9200/_cluster/health [status:200 duration:0.113s]
[2024-05-08T12:24:41.401+0000] {warnings.py:109} WARNING - /home/***/.local/lib/python3.8/site-packages/urllib3/connectionpool.py:1061: InsecureRequestWarning: Unverified HTTPS request is being made to host 'dbelk1.afaqy.local'. Adding certificate verification is strongly advised. See: https://urllib3.readthedocs.io/en/1.26.x/advanced-usage.html#ssl-warnings
  warnings.warn(

[2024-05-08T12:24:46.508+0000] {_transport.py:335} INFO - PUT https://dbelk1.afaqy.local:9200/units_statistics_***/_bulk [status:200 duration:5.138s]
[2024-05-08T12:24:46.519+0000] {taskinstance.py:2731} ERROR - Task failed with exception
Traceback (most recent call last):
  File "/home/airflow/.local/lib/python3.8/site-packages/airflow/models/taskinstance.py", line 444, in _execute_task
    result = _execute_callable(context=context, **execute_callable_kwargs)
  File "/home/airflow/.local/lib/python3.8/site-packages/airflow/models/taskinstance.py", line 414, in _execute_callable
    return execute_callable(context=context, **execute_callable_kwargs)
  File "/home/airflow/.local/lib/python3.8/site-packages/airflow/decorators/base.py", line 241, in execute
    return_value = super().execute(context)
  File "/home/airflow/.local/lib/python3.8/site-packages/airflow/operators/python.py", line 200, in execute
    return_value = self.execute_callable()
  File "/home/airflow/.local/lib/python3.8/site-packages/airflow/operators/python.py", line 217, in execute_callable
    return self.python_callable(*self.op_args, **self.op_kwargs)
  File "/opt/airflow/dags/Units_dag.py", line 111, in ETL_job
    Elk_client.elk_pushData(Globals.index_name,units_list_update)
  File "/opt/airflow/dags/units_statistics/elk_manager.py", line 69, in elk_pushData
    helpers.bulk(self.elk_client, docs_list, index=index_name, chunk_size=batch)
  File "/home/airflow/.local/lib/python3.8/site-packages/elasticsearch/helpers/actions.py", line 521, in bulk
    for ok, item in streaming_bulk(
  File "/home/airflow/.local/lib/python3.8/site-packages/elasticsearch/helpers/actions.py", line 436, in streaming_bulk
    for data, (ok, info) in zip(
  File "/home/airflow/.local/lib/python3.8/site-packages/elasticsearch/helpers/actions.py", line 355, in _process_bulk_chunk
    yield from gen
  File "/home/airflow/.local/lib/python3.8/site-packages/elasticsearch/helpers/actions.py", line 274, in _process_bulk_chunk_success
    raise BulkIndexError(f"{len(errors)} document(s) failed to index.", errors)
elasticsearch.helpers.BulkIndexError: 15 document(s) failed to index.
[2024-05-08T12:24:46.533+0000] {taskinstance.py:1149} INFO - Marking task as FAILED. dag_id=Units_statistics_DAG, task_id=ETL_job, map_index=17, execution_date=20240508T120000, start_date=20240508T122436, end_date=20240508T122446
[2024-05-08T12:24:46.553+0000] {standard_task_runner.py:107} ERROR - Failed to execute job 41671 for task ETL_job (15 document(s) failed to index.; 860868)
[2024-05-08T12:24:46.585+0000] {local_task_job_runner.py:234} INFO - Task exited with return code 1
[2024-05-08T12:24:46.614+0000] {taskinstance.py:3312} INFO - 0 downstream tasks scheduled from follow-on schedule check
