[2024-05-06T09:00:16.121+0000] {taskinstance.py:1979} INFO - Dependencies all met for dep_context=non-requeueable deps ti=<TaskInstance: Units_statistics_DAG.ETL_job scheduled__2024-05-06T08:40:00+00:00 map_index=14 [queued]>
[2024-05-06T09:00:16.207+0000] {taskinstance.py:1979} INFO - Dependencies all met for dep_context=requeueable deps ti=<TaskInstance: Units_statistics_DAG.ETL_job scheduled__2024-05-06T08:40:00+00:00 map_index=14 [queued]>
[2024-05-06T09:00:16.208+0000] {taskinstance.py:2193} INFO - Starting attempt 1 of 4
[2024-05-06T09:00:16.318+0000] {taskinstance.py:2217} INFO - Executing <Mapped(_PythonDecoratedOperator): ETL_job> on 2024-05-06 08:40:00+00:00
[2024-05-06T09:00:16.368+0000] {standard_task_runner.py:60} INFO - Started process 804026 to run task
[2024-05-06T09:00:16.416+0000] {standard_task_runner.py:87} INFO - Running: ['***', 'tasks', 'run', 'Units_statistics_DAG', 'ETL_job', 'scheduled__2024-05-06T08:40:00+00:00', '--job-id', '35249', '--raw', '--subdir', 'DAGS_FOLDER/Units_dag.py', '--cfg-path', '/tmp/tmpnbdibb8p', '--map-index', '14']
[2024-05-06T09:00:16.424+0000] {standard_task_runner.py:88} INFO - Job 35249: Subtask ETL_job
[2024-05-06T09:00:16.834+0000] {task_command.py:423} INFO - Running <TaskInstance: Units_statistics_DAG.ETL_job scheduled__2024-05-06T08:40:00+00:00 map_index=14 [running]> on host a09da322e808
[2024-05-06T09:00:17.411+0000] {taskinstance.py:2513} INFO - Exporting env vars: AIRFLOW_CTX_DAG_OWNER='abeer-araby' AIRFLOW_CTX_DAG_ID='Units_statistics_DAG' AIRFLOW_CTX_TASK_ID='ETL_job' AIRFLOW_CTX_EXECUTION_DATE='2024-05-06T08:40:00+00:00' AIRFLOW_CTX_TRY_NUMBER='1' AIRFLOW_CTX_DAG_RUN_ID='scheduled__2024-05-06T08:40:00+00:00'
[2024-05-06T09:00:17.414+0000] {Units_dag.py:99} INFO - i: 140000, chunk: 10000
[2024-05-06T09:00:17.414+0000] {Units_dag.py:100} INFO - child token is::: eyJ0eXAiOiJKV1QiLCJhbGciOiJIUzI1NiJ9.eyJpc3MiOiJodHRwczovL2FwaS5hZmFxeS5zYS9hdXRoL2xvZ2luX2FzIiwiaWF0IjoxNzE0OTg2MDA0LCJleHAiOjE3MTc1NzgwMDQsIm5iZiI6MTcxNDk4NjAwNCwianRpIjoia1lUckNyRUk0cDVaaG9pZyIsInN1YiI6IjVkNjNlNTFlMDNlZDUyOTJhNDJjMjRlNiIsInBydiI6IjI3MGVjZmM3ZWEzZWQ5MzdlYTg0OTM2MmEzYTUwOTEwYzZkOGNlNGYiLCJsb2dpbl9hc19pZCI6IjY1N2YwYWQ3M2Y5NzcyOTVjZjA1NTc2YSJ9.tIagBtnSqdoY_D_vRaL1EL3Bq1Pbwi5KmzOzHnEkJ8A
[2024-05-06T09:00:37.369+0000] {Units_dag.py:104} INFO - {'_id': '654cd2d2c9345926ae0ee755', 'icon': 'icons/icon.png', 'driver_id': '', 'tailer_id': '', 'profile': {'vehicle_type': '', 'measurement_type': 'count', 'max_capacity': 0, 'vin': '', 'plate_number': '', 'start_operation': '', 'contract_milage': '', 'opening_milage': '', 'model': '', 'fuel_type': '91', 'year': 0, 'seats': 2}, 'shipment_info': {'product_category': None, 'truck_type': None, 'shipment_type': None, 'shipment_payment_type': None, 'transporter_type': None, 'operating_area': None, 'weight_kilograms_per_day': None, 'kms_per_day': None, 'shipment_trip_drive_hrs_day': None, 'allowable_delay_drive_hrs_day': None, 'expected_shipment_trip_day': None, 'car_pay_per_day': None, 'exceeding_temperature_limit_per_day': None, 'temperature_upper_limit': None, 'exceeding_humidity_limit_per_day': None, 'humidity_upper_limit': None}, 'device_password': '***', 'device_type': 'gps', 'gateway': False, 'business_types': {'waste': False, 'transportation': True, 'water': False}, 'name': '434/28', 'operation_code': '', 'device_gateway': '', 'skip_sim_information': False, 'imei': '867994060772445', 'sim_number': '+966830029629139', 'sim_serial': '8996609821111922076', 'device_serial': '867994060772445', 'device': 'bce', 'user_id': '64f73773e778317e9c5e3b5a', 'created_by': '5e6655bf03ed52e1ab79d301', 'updated_at': '2024-04-18 11:18:59', 'created_at': '2023-11-09 15:38:42', 'custom_fields': [], 'creator': 'amr.ahmed', 'company': '', 'owner': 'elaf-aseer-admin', 'last_update': {'dtt': 1714985746000, 'dts': 1714985762028, 'spd': 0, 'ang': 196, 'alt': 1178, 'chPrams': {'ePwrV': {'v': 26.197, 'cdt': 1714985746000}, 'di16': {'v': 1, 'cdt': 1712659924000}, 'di15': {'v': 0, 'cdt': 1714891218000}, 'rssi1': {'v': 64, 'cdt': 1714985746000}, 'di14': {'v': 0, 'cdt': 1714984150000}, 'di13': {'v': 0, 'cdt': 1712661998000}, 'di12': {'v': 0, 'cdt': 1712659924000}, 'di11': {'v': 0, 'cdt': 1712659924000}, 'di10': {'v': 0, 'cdt': 1712659924000}, 'di2': {'v': 1, 'cdt': 1714482126000}, 'di1': {'v': 0, 'cdt': 1714984186000}, 'ai4': {'v': 14161, 'cdt': 1714985746000}, 'di4': {'v': 0, 'cdt': 1712659924000}, 'di3': {'v': 0, 'cdt': 1712659924000}, 'di6': {'v': 0, 'cdt': 1712659924000}, 'di5': {'v': 0, 'cdt': 1714984306000}, 'lac1': {'v': 7742, 'cdt': 1714982988000}, 'protocol': {'v': 'bce', 'cdt': 1712659924000}, 'di8': {'v': 1, 'cdt': 1712659924000}, 'di7': {'v': 0, 'cdt': 1714984546000}, 'di9': {'v': 0, 'cdt': 1712659924000}, 'iPwrV': {'v': 4.066, 'cdt': 1714985746000}, 'cid1': {'v': 48523, 'cdt': 1714984092000}, 'odometer': {'v': 0, 'cdt': 1714208552000}, 'spd': {'v': 0, 'cdt': 1714984156000}, 'sat': {'v': 12, 'cdt': 1714976830000}, 'ta': {'v': 0, 'cdt': 1712659924000}, 'hdop': {'v': 1, 'cdt': 1714501274000}, 'mcc1': {'v': 420, 'cdt': 1714034050000}, 'mnc1': {'v': 3, 'cdt': 1713150780000}}, 'prms': {'protocol': 'bce', 'spd': 0, 'sat': 12, 'hdop': 1, 'odometer': 0, 'di16': 1, 'di15': 0, 'di14': 0, 'di13': 0, 'di12': 0, 'di11': 0, 'di10': 0, 'di9': 0, 'di8': 1, 'di7': 0, 'di6': 0, 'di5': 0, 'di4': 0, 'di3': 0, 'di2': 1, 'di1': 0, 'ePwrV': 26.197, 'ai4': 14161, 'iPwrV': 4.066, 'ta': 0, 'mcc1': 420, 'mnc1': 3, 'lac1': 7742, 'cid1': 48523, 'rssi1': 64}, 'devPrms': ['protocol', 'spd', 'sat', 'hdop', 'odometer', 'di16', 'di15', 'di14', 'di13', 'di12', 'di11', 'di10', 'di9', 'di8', 'di7', 'di6', 'di5', 'di4', 'di3', 'di2', 'di1', 'ePwrV', 'ai4', 'iPwrV', 'ta', 'mcc1', 'mnc1', 'lac1', 'cid1', 'rssi1'], 'old_params': {'protocol': 'bce', 'spd': 0, 'sat': 12, 'hdop': 1, 'odometer': 0, 'di16': 1, 'di15': 0, 'di14': 0, 'di13': 0, 'di12': 0, 'di11': 0, 'di10': 0, 'di9': 0, 'di8': 1, 'di7': 0, 'di6': 0, 'di5': 0, 'di4': 0, 'di3': 0, 'di2': 1, 'di1': 0, 'ePwrV': 26.304, 'ai4': 14389, 'iPwrV': 4.069, 'ta': 0, 'mcc1': 420, 'mnc1': 3, 'lac1': 7742, 'cid1': 48523, 'rssi1': 66}, 'vLoc': 1, 'vCon': 1, 'ip': '109.83.236.198', 'rl': 0, 'trl': 16254.7904, 'mdu': 0, 'tmdu': 1937532, 'eidl': 0, 'teidl': 1154182, 'fc': 0, 'tfc': 65.287416, 'acc': 0, 'accOn': 7417152, 'accOff': 9360002, 'sdu': 300, 'tsdu': 1440, 'lat': 20.003828048706055, 'lng': 42.61587142944336}, 'counters': {'engine_hours': 7417152, 'last_acc': 0, 'odometer': 16254.0374, 'engine_hours_type': 'acc', 'odometer_type': ''}, 'is_wasl_connected': 'Not Connected', 'iconUrl': 'https://api.afaqy.sa/images/units/icons/icon.png', 'hasCCTV': False}
[2024-05-06T09:00:37.909+0000] {warnings.py:109} WARNING - /home/***/.local/lib/python3.8/site-packages/elasticsearch/_sync/client/__init__.py:399: SecurityWarning: Connecting to 'https://dbelk3.afaqy.local:9200' using TLS with verify_certs=False is insecure
  _transport = transport_class(

[2024-05-06T09:00:37.954+0000] {warnings.py:109} WARNING - /home/***/.local/lib/python3.8/site-packages/elasticsearch/_sync/client/__init__.py:399: SecurityWarning: Connecting to 'https://dbelk2.afaqy.local:9200' using TLS with verify_certs=False is insecure
  _transport = transport_class(

[2024-05-06T09:00:37.999+0000] {warnings.py:109} WARNING - /home/***/.local/lib/python3.8/site-packages/elasticsearch/_sync/client/__init__.py:399: SecurityWarning: Connecting to 'https://dbelk1.afaqy.local:9200' using TLS with verify_certs=False is insecure
  _transport = transport_class(

[2024-05-06T09:00:38.018+0000] {warnings.py:109} WARNING - /home/***/.local/lib/python3.8/site-packages/urllib3/connectionpool.py:1061: InsecureRequestWarning: Unverified HTTPS request is being made to host 'dbelk3.afaqy.local'. Adding certificate verification is strongly advised. See: https://urllib3.readthedocs.io/en/1.26.x/advanced-usage.html#ssl-warnings
  warnings.warn(

[2024-05-06T09:00:38.098+0000] {_transport.py:335} INFO - GET https://dbelk3.afaqy.local:9200/_cluster/health [status:200 duration:0.098s]
[2024-05-06T09:00:38.510+0000] {warnings.py:109} WARNING - /home/***/.local/lib/python3.8/site-packages/urllib3/connectionpool.py:1061: InsecureRequestWarning: Unverified HTTPS request is being made to host 'dbelk2.afaqy.local'. Adding certificate verification is strongly advised. See: https://urllib3.readthedocs.io/en/1.26.x/advanced-usage.html#ssl-warnings
  warnings.warn(

[2024-05-06T09:00:38.526+0000] {_transport.py:335} INFO - PUT https://dbelk2.afaqy.local:9200/units_statistics_***/_bulk [status:429 duration:0.035s]
[2024-05-06T09:00:38.527+0000] {_node_pool.py:249} WARNING - Node <Urllib3HttpNode(https://dbelk2.afaqy.local:9200)> has failed for 1 times in a row, putting on 1 second timeout
[2024-05-06T09:00:38.527+0000] {_transport.py:427} WARNING - Retrying request after non-successful status 429 (attempt 0 of 3)
[2024-05-06T09:00:38.527+0000] {warnings.py:109} WARNING - /home/***/.local/lib/python3.8/site-packages/urllib3/connectionpool.py:1061: InsecureRequestWarning: Unverified HTTPS request is being made to host 'dbelk3.afaqy.local'. Adding certificate verification is strongly advised. See: https://urllib3.readthedocs.io/en/1.26.x/advanced-usage.html#ssl-warnings
  warnings.warn(

[2024-05-06T09:00:38.557+0000] {_transport.py:335} INFO - PUT https://dbelk3.afaqy.local:9200/units_statistics_***/_bulk [status:429 duration:0.030s]
[2024-05-06T09:00:38.558+0000] {_node_pool.py:249} WARNING - Node <Urllib3HttpNode(https://dbelk3.afaqy.local:9200)> has failed for 1 times in a row, putting on 1 second timeout
[2024-05-06T09:00:38.559+0000] {_transport.py:427} WARNING - Retrying request after non-successful status 429 (attempt 1 of 3)
[2024-05-06T09:00:38.582+0000] {warnings.py:109} WARNING - /home/***/.local/lib/python3.8/site-packages/urllib3/connectionpool.py:1061: InsecureRequestWarning: Unverified HTTPS request is being made to host 'dbelk1.afaqy.local'. Adding certificate verification is strongly advised. See: https://urllib3.readthedocs.io/en/1.26.x/advanced-usage.html#ssl-warnings
  warnings.warn(

[2024-05-06T09:00:39.678+0000] {_transport.py:335} INFO - PUT https://dbelk1.afaqy.local:9200/units_statistics_***/_bulk [status:200 duration:1.119s]
[2024-05-06T09:00:40.017+0000] {python.py:202} INFO - Done. Returned value was: None
[2024-05-06T09:00:40.046+0000] {taskinstance.py:1149} INFO - Marking task as SUCCESS. dag_id=Units_statistics_DAG, task_id=ETL_job, map_index=14, execution_date=20240506T084000, start_date=20240506T090016, end_date=20240506T090040
[2024-05-06T09:00:40.138+0000] {local_task_job_runner.py:234} INFO - Task exited with return code 0
[2024-05-06T09:00:40.177+0000] {taskinstance.py:3312} INFO - 0 downstream tasks scheduled from follow-on schedule check
