[2024-05-06T21:23:10.917+0000] {taskinstance.py:1979} INFO - Dependencies all met for dep_context=non-requeueable deps ti=<TaskInstance: Units_statistics_DAG.ETL_job scheduled__2024-05-06T21:00:00+00:00 map_index=6 [queued]>
[2024-05-06T21:23:10.938+0000] {taskinstance.py:1979} INFO - Dependencies all met for dep_context=requeueable deps ti=<TaskInstance: Units_statistics_DAG.ETL_job scheduled__2024-05-06T21:00:00+00:00 map_index=6 [queued]>
[2024-05-06T21:23:10.939+0000] {taskinstance.py:2193} INFO - Starting attempt 3 of 4
[2024-05-06T21:23:10.959+0000] {taskinstance.py:2217} INFO - Executing <Mapped(_PythonDecoratedOperator): ETL_job> on 2024-05-06 21:00:00+00:00
[2024-05-06T21:23:10.967+0000] {standard_task_runner.py:60} INFO - Started process 817249 to run task
[2024-05-06T21:23:10.978+0000] {standard_task_runner.py:87} INFO - Running: ['***', 'tasks', 'run', 'Units_statistics_DAG', 'ETL_job', 'scheduled__2024-05-06T21:00:00+00:00', '--job-id', '36550', '--raw', '--subdir', 'DAGS_FOLDER/Units_dag.py', '--cfg-path', '/tmp/tmpzdbbpegv', '--map-index', '6']
[2024-05-06T21:23:10.981+0000] {standard_task_runner.py:88} INFO - Job 36550: Subtask ETL_job
[2024-05-06T21:23:11.098+0000] {task_command.py:423} INFO - Running <TaskInstance: Units_statistics_DAG.ETL_job scheduled__2024-05-06T21:00:00+00:00 map_index=6 [running]> on host a09da322e808
[2024-05-06T21:23:11.348+0000] {taskinstance.py:2513} INFO - Exporting env vars: AIRFLOW_CTX_DAG_OWNER='abeer-araby' AIRFLOW_CTX_DAG_ID='Units_statistics_DAG' AIRFLOW_CTX_TASK_ID='ETL_job' AIRFLOW_CTX_EXECUTION_DATE='2024-05-06T21:00:00+00:00' AIRFLOW_CTX_TRY_NUMBER='3' AIRFLOW_CTX_DAG_RUN_ID='scheduled__2024-05-06T21:00:00+00:00'
[2024-05-06T21:23:11.350+0000] {Units_dag.py:99} INFO - i: 60000, chunk: 10000
[2024-05-06T21:23:11.351+0000] {Units_dag.py:100} INFO - child token is::: eyJ0eXAiOiJKV1QiLCJhbGciOiJIUzI1NiJ9.eyJpc3MiOiJodHRwczovL2FwaS5hZmFxeS5zYS9hdXRoL2xvZ2luX2FzIiwiaWF0IjoxNzE1MDMwNDAzLCJleHAiOjE3MTc2MjI0MDMsIm5iZiI6MTcxNTAzMDQwMywianRpIjoiSklNQzdWN1NNZ0dhSmxFRiIsInN1YiI6IjVkNjNlNTFlMDNlZDUyOTJhNDJjMjRlNiIsInBydiI6IjI3MGVjZmM3ZWEzZWQ5MzdlYTg0OTM2MmEzYTUwOTEwYzZkOGNlNGYiLCJsb2dpbl9hc19pZCI6IjY1N2YwYWQ3M2Y5NzcyOTVjZjA1NTc2YSJ9.RGBT2yi1uObbsCCiLlXaq4om4Fbgkl1CmivuOwETLp0
[2024-05-06T21:23:30.353+0000] {Units_dag.py:104} INFO - {'_id': '632ac9aa7198814110713416', 'icon': 'icons/icon.png', 'driver_id': '', 'tailer_id': '', 'profile': {'measurement_type': 'count', 'fuel_type': '91', 'year': 0, 'seats': 2}, 'device_password': '***', 'device_type': 'gps', 'gateway': False, 'name': 'ADR9307', 'operation_code': None, 'device_gateway': None, 'business_types': {'waste': False, 'transportation': True, 'water': False}, 'imei': '357073292786601', 'sim_number': '+966830030721481', 'sim_serial': '21276297399', 'device_serial': '1118905054', 'device': 'teltonika', 'user_id': '5edc9ce503ed5252d3361fa8', 'created_by': '5e6655bf03ed52e1ab79d301', 'updated_at': '2024-04-18 11:18:59', 'created_at': '2022-09-21 11:22:02', 'custom_fields': [], 'creator': 'amr.ahmed', 'company': '', 'owner': 'hertz-admin', 'last_update': {'dtt': 1715030583000, 'dts': 1715030587057, 'spd': 0, 'ang': 24, 'alt': 42, 'chPrams': {'output1': {'v': True, 'cdt': 1714725129000}, 'output2': {'v': True, 'cdt': 1714725129000}, 'ePwrV': {'v': 12.579, 'cdt': 1715030583000}, 'sat': {'v': 17, 'cdt': 1715030583000}, 'ai1': {'v': 43, 'cdt': 1713883163000}, 'priority': {'v': 0, 'cdt': 1715003836000}, 'type': {'v': 6, 'cdt': 1712499119000}, 'di2': {'v': 0, 'cdt': 1713128922000}, 'di1': {'v': 0, 'cdt': 1715003535000}, 'result': {'v': '5665723a30332e32372e30375f3030204750533a41584e5f352e312e392048773a464d42313230204d6f643a333320494d45493a33353730373332393237383636303120496e69743a323032342d312d31382032323a3620557074696d653a39303933333935204d41433a303031453432373443423046205350433a312830292041584c3a32204f42443a3020424c3a312e31302042543a34', 'cdt': 1714724828000}, 'protocol': {'v': 'FMB120', 'cdt': 1714725129000}, 'parm6': {'v': 43, 'cdt': 1713128922000}, 'iPwrV': {'v': 3.911, 'cdt': 1715020665000}, 'event': {'v': 0, 'cdt': 1715003836000}}, 'prms': {'protocol': 'FMB120', 'priority': 0, 'sat': 17, 'event': 0, 'di1': 0, 'output1': 1, 'di2': 0, 'output2': 1, 'ePwrV': 12.579, 'iPwrV': 3.911, 'ai1': 43, 'parm6': 43}, 'devPrms': ['protocol', 'priority', 'sat', 'event', 'di1', 'output1', 'di2', 'output2', 'ePwrV', 'iPwrV', 'ai1', 'parm6'], 'old_params': {'protocol': 'teltonika', 'output1': 1, 'parm6': 43, 'output2': 1, 'ePwrV': 12.573, 'sat': 13, 'ai1': 43, 'iPwrV': 3.911, 'priority': 0, 'event': 0, 'di2': 0, 'di1': 0}, 'vLoc': 1, 'vCon': 1, 'ip': '51.39.42.77', 'rl': 0, 'trl': 33731.5077, 'mdu': 0, 'tmdu': 2506863, 'eidl': 0, 'teidl': 1271098, 'fc': 0, 'tfc': 6.433272, 'acc': 0, 'accOn': 4599154, 'accOff': 638802647, 'sdu': 301, 'tsdu': 27048, 'lat': 21.4885566, 'lng': 39.2260833}, 'counters': {'odometer_type': 'gps', 'odometer': 33777.5077, 'engine_hours_type': 'acc', 'engine_hours': 4599154, 'last_acc': 0}, 'is_wasl_connected': 'Not Connected', 'iconUrl': 'https://api.afaqy.sa/images/units/icons/icon.png', 'hasCCTV': False}
[2024-05-06T21:23:30.887+0000] {warnings.py:109} WARNING - /home/***/.local/lib/python3.8/site-packages/elasticsearch/_sync/client/__init__.py:399: SecurityWarning: Connecting to 'https://dbelk2.afaqy.local:9200' using TLS with verify_certs=False is insecure
  _transport = transport_class(

[2024-05-06T21:23:30.935+0000] {warnings.py:109} WARNING - /home/***/.local/lib/python3.8/site-packages/elasticsearch/_sync/client/__init__.py:399: SecurityWarning: Connecting to 'https://dbelk1.afaqy.local:9200' using TLS with verify_certs=False is insecure
  _transport = transport_class(

[2024-05-06T21:23:30.979+0000] {warnings.py:109} WARNING - /home/***/.local/lib/python3.8/site-packages/elasticsearch/_sync/client/__init__.py:399: SecurityWarning: Connecting to 'https://dbelk3.afaqy.local:9200' using TLS with verify_certs=False is insecure
  _transport = transport_class(

[2024-05-06T21:23:31.003+0000] {warnings.py:109} WARNING - /home/***/.local/lib/python3.8/site-packages/urllib3/connectionpool.py:1061: InsecureRequestWarning: Unverified HTTPS request is being made to host 'dbelk2.afaqy.local'. Adding certificate verification is strongly advised. See: https://urllib3.readthedocs.io/en/1.26.x/advanced-usage.html#ssl-warnings
  warnings.warn(

[2024-05-06T21:23:31.082+0000] {_transport.py:335} INFO - GET https://dbelk2.afaqy.local:9200/_cluster/health [status:200 duration:0.101s]
[2024-05-06T21:23:31.479+0000] {warnings.py:109} WARNING - /home/***/.local/lib/python3.8/site-packages/urllib3/connectionpool.py:1061: InsecureRequestWarning: Unverified HTTPS request is being made to host 'dbelk1.afaqy.local'. Adding certificate verification is strongly advised. See: https://urllib3.readthedocs.io/en/1.26.x/advanced-usage.html#ssl-warnings
  warnings.warn(

[2024-05-06T21:23:32.714+0000] {_transport.py:335} INFO - PUT https://dbelk1.afaqy.local:9200/units_statistics_***/_bulk [status:200 duration:1.259s]
[2024-05-06T21:23:33.205+0000] {python.py:202} INFO - Done. Returned value was: None
[2024-05-06T21:23:33.229+0000] {taskinstance.py:1149} INFO - Marking task as SUCCESS. dag_id=Units_statistics_DAG, task_id=ETL_job, map_index=6, execution_date=20240506T210000, start_date=20240506T212310, end_date=20240506T212333
[2024-05-06T21:23:33.298+0000] {local_task_job_runner.py:234} INFO - Task exited with return code 0
[2024-05-06T21:23:33.333+0000] {taskinstance.py:3312} INFO - 0 downstream tasks scheduled from follow-on schedule check
