[2024-05-05T11:40:17.519+0000] {taskinstance.py:1979} INFO - Dependencies all met for dep_context=non-requeueable deps ti=<TaskInstance: Units_statistics_DAG.ETL_job scheduled__2024-05-05T11:20:00+00:00 map_index=6 [queued]>
[2024-05-05T11:40:17.579+0000] {taskinstance.py:1979} INFO - Dependencies all met for dep_context=requeueable deps ti=<TaskInstance: Units_statistics_DAG.ETL_job scheduled__2024-05-05T11:20:00+00:00 map_index=6 [queued]>
[2024-05-05T11:40:17.579+0000] {taskinstance.py:2193} INFO - Starting attempt 1 of 4
[2024-05-05T11:40:17.691+0000] {taskinstance.py:2217} INFO - Executing <Mapped(_PythonDecoratedOperator): ETL_job> on 2024-05-05 11:20:00+00:00
[2024-05-05T11:40:17.698+0000] {standard_task_runner.py:60} INFO - Started process 781655 to run task
[2024-05-05T11:40:17.751+0000] {standard_task_runner.py:87} INFO - Running: ['***', 'tasks', 'run', 'Units_statistics_DAG', 'ETL_job', 'scheduled__2024-05-05T11:20:00+00:00', '--job-id', '33209', '--raw', '--subdir', 'DAGS_FOLDER/Units_dag.py', '--cfg-path', '/tmp/tmpdljzstbe', '--map-index', '6']
[2024-05-05T11:40:17.753+0000] {standard_task_runner.py:88} INFO - Job 33209: Subtask ETL_job
[2024-05-05T11:40:18.057+0000] {task_command.py:423} INFO - Running <TaskInstance: Units_statistics_DAG.ETL_job scheduled__2024-05-05T11:20:00+00:00 map_index=6 [running]> on host a09da322e808
[2024-05-05T11:40:18.603+0000] {taskinstance.py:2513} INFO - Exporting env vars: AIRFLOW_CTX_DAG_OWNER='abeer-araby' AIRFLOW_CTX_DAG_ID='Units_statistics_DAG' AIRFLOW_CTX_TASK_ID='ETL_job' AIRFLOW_CTX_EXECUTION_DATE='2024-05-05T11:20:00+00:00' AIRFLOW_CTX_TRY_NUMBER='1' AIRFLOW_CTX_DAG_RUN_ID='scheduled__2024-05-05T11:20:00+00:00'
[2024-05-05T11:40:18.604+0000] {Units_dag.py:99} INFO - i: 60000, chunk: 10000
[2024-05-05T11:40:18.604+0000] {Units_dag.py:100} INFO - child token is::: eyJ0eXAiOiJKV1QiLCJhbGciOiJIUzI1NiJ9.eyJpc3MiOiJodHRwczovL2FwaS5hZmFxeS5zYS9hdXRoL2xvZ2luX2FzIiwiaWF0IjoxNzE0OTA5MjAzLCJleHAiOjE3MTc1MDEyMDMsIm5iZiI6MTcxNDkwOTIwMywianRpIjoiZjhpRU5xNTUxN2cyeU5DTCIsInN1YiI6IjVkNjNlNTFlMDNlZDUyOTJhNDJjMjRlNiIsInBydiI6IjI3MGVjZmM3ZWEzZWQ5MzdlYTg0OTM2MmEzYTUwOTEwYzZkOGNlNGYiLCJsb2dpbl9hc19pZCI6IjY1N2YwYWQ3M2Y5NzcyOTVjZjA1NTc2YSJ9.Jfh1ul1iTqm85ezc7Dw7yTcvQg_zM-A1-obzp8ZUrIY
[2024-05-05T11:40:40.341+0000] {Units_dag.py:104} INFO - {'_id': '6329e8d1a6f87f6340786323', 'icon': 'icons/icon.png', 'driver_id': '', 'tailer_id': '', 'profile': {'vehicle_type': '', 'measurement_type': 'count', 'max_capacity': 0, 'vin': '', 'plate_number': '', 'start_operation': '', 'contract_milage': '', 'opening_milage': '', 'model': '', 'fuel_type': '91', 'year': 0, 'seats': 2}, 'device_password': '***', 'device_type': 'gps', 'gateway': False, 'name': 'ب ص س 2577', 'operation_code': '', 'imei': '357073298397130', 'sim_number': '+966821111337221', 'sim_serial': '8996609821111337221', 'device_serial': '1125805307', 'device': 'teltonika', 'created_by': '5e539d8203ed52f71d634478', 'user_id': '5e539d8203ed52f71d634478', 'updated_at': '2024-04-18 11:18:59', 'created_at': '2022-09-20 19:22:41', 'business_types': {'waste': False, 'transportation': True, 'water': False, 'hajj': False}, 'device_gateway': '', 'custom_fields': [], 'creator': 'aemallamar', 'company': '', 'owner': 'aemallamar', 'last_update': {'dtt': 1714909202000, 'dts': 1714909205132, 'spd': 54, 'ang': 343, 'alt': 421, 'chPrams': {'parm76': {'v': 0, 'cdt': 1712760019000}, 'output1': {'v': False, 'cdt': 1714801960000}, 'output2': {'v': False, 'cdt': 1714801960000}, 'ePwrV': {'v': 28.236, 'cdt': 1714909202000}, 'sat': {'v': 20, 'cdt': 1714909202000}, 'ai1': {'v': 43, 'cdt': 1714899937000}, 'priority': {'v': 0, 'cdt': 1714904547000}, 'di2': {'v': 0, 'cdt': 1712760019000}, 'type': {'v': 6, 'cdt': 1714103440000}, 'di1': {'v': 1, 'cdt': 1714903938000}, 'temp1': {'v': 0, 'cdt': 1712945663000}, 'result': {'v': '5665723a30332e32372e31335f3033204750533a41584e5f352e312e392048773a464d42313230204d6f643a333320494d45493a33353730373332393833393731333020496e69743a323032342d312d31382032323a313020557074696d653a39323636373135204d41433a303031453432374446303346205350433a312830292041584c3a32204f42443a3020424c3a312e31302042543a34', 'cdt': 1714899128000}, 'protocol': {'v': 'FMB120', 'cdt': 1714899150000}, 'temp5': {'v': 30, 'cdt': 1712945663000}, 'parm29': {'v': 0, 'cdt': 1712760019000}, 'iPwrV': {'v': 3.958, 'cdt': 1714909202000}, 'event': {'v': 0, 'cdt': 1714903939000}, 'humidity86': {'v': 300, 'cdt': 1712945663000}}, 'prms': {'protocol': 'FMB120', 'priority': 0, 'sat': 20, 'event': 0, 'di1': 1, 'output1': 0, 'di2': 0, 'output2': 0, 'parm29': 0, 'ePwrV': 28.236, 'iPwrV': 3.958, 'ai1': 43, 'temp5': 30, 'humidity86': 300, 'temp1': 0, 'parm76': 0}, 'devPrms': ['protocol', 'priority', 'sat', 'event', 'di1', 'output1', 'di2', 'output2', 'parm29', 'ePwrV', 'iPwrV', 'ai1', 'temp5', 'humidity86', 'temp1', 'parm76'], 'old_params': {'protocol': 'FMB120', 'priority': 0, 'sat': 22, 'event': 0, 'di1': 1, 'output1': 0, 'di2': 0, 'output2': 0, 'parm29': 0, 'ePwrV': 28.237000000000002, 'iPwrV': 3.9570000000000003, 'ai1': 43, 'temp5': 30, 'humidity86': 300, 'temp1': 0, 'parm76': 0}, 'vLoc': 1, 'vCon': 1, 'ip': '109.83.203.171', 'rl': 0.525, 'trl': 227551.5044, 'mdu': 20, 'tmdu': 10739309, 'eidl': 0, 'teidl': 6778618, 'fc': 0.063, 'tfc': 79.100136, 'acc': 1, 'accOn': 18908008, 'accOff': 32730133, 'sdu': 0, 'tsdu': 0, 'lat': 26.66, 'lng': 47.1364616}, 'counters': {'odometer_type': 'gps', 'odometer': 227551.501, 'engine_hours_type': 'acc', 'engine_hours': 18908008, 'last_acc': 1}, 'is_wasl_connected': 'Connected', 'iconUrl': 'https://api.afaqy.sa/images/units/icons/icon.png', 'hasCCTV': False}
[2024-05-05T11:40:41.692+0000] {warnings.py:109} WARNING - /home/***/.local/lib/python3.8/site-packages/elasticsearch/_sync/client/__init__.py:399: SecurityWarning: Connecting to 'https://dbelk2.afaqy.local:9200' using TLS with verify_certs=False is insecure
  _transport = transport_class(

[2024-05-05T11:40:41.862+0000] {warnings.py:109} WARNING - /home/***/.local/lib/python3.8/site-packages/elasticsearch/_sync/client/__init__.py:399: SecurityWarning: Connecting to 'https://dbelk1.afaqy.local:9200' using TLS with verify_certs=False is insecure
  _transport = transport_class(

[2024-05-05T11:40:42.014+0000] {warnings.py:109} WARNING - /home/***/.local/lib/python3.8/site-packages/elasticsearch/_sync/client/__init__.py:399: SecurityWarning: Connecting to 'https://dbelk3.afaqy.local:9200' using TLS with verify_certs=False is insecure
  _transport = transport_class(

[2024-05-05T11:40:42.051+0000] {warnings.py:109} WARNING - /home/***/.local/lib/python3.8/site-packages/urllib3/connectionpool.py:1061: InsecureRequestWarning: Unverified HTTPS request is being made to host 'dbelk2.afaqy.local'. Adding certificate verification is strongly advised. See: https://urllib3.readthedocs.io/en/1.26.x/advanced-usage.html#ssl-warnings
  warnings.warn(

[2024-05-05T11:40:42.128+0000] {_transport.py:335} INFO - GET https://dbelk2.afaqy.local:9200/_cluster/health [status:200 duration:0.112s]
[2024-05-05T11:40:43.097+0000] {warnings.py:109} WARNING - /home/***/.local/lib/python3.8/site-packages/urllib3/connectionpool.py:1061: InsecureRequestWarning: Unverified HTTPS request is being made to host 'dbelk1.afaqy.local'. Adding certificate verification is strongly advised. See: https://urllib3.readthedocs.io/en/1.26.x/advanced-usage.html#ssl-warnings
  warnings.warn(

[2024-05-05T11:40:43.280+0000] {_transport.py:335} INFO - PUT https://dbelk1.afaqy.local:9200/units_statistics_***/_bulk [status:200 duration:0.217s]
[2024-05-05T11:40:44.349+0000] {taskinstance.py:2731} ERROR - Task failed with exception
Traceback (most recent call last):
  File "/home/airflow/.local/lib/python3.8/site-packages/airflow/models/taskinstance.py", line 444, in _execute_task
    result = _execute_callable(context=context, **execute_callable_kwargs)
  File "/home/airflow/.local/lib/python3.8/site-packages/airflow/models/taskinstance.py", line 414, in _execute_callable
    return execute_callable(context=context, **execute_callable_kwargs)
  File "/home/airflow/.local/lib/python3.8/site-packages/airflow/decorators/base.py", line 241, in execute
    return_value = super().execute(context)
  File "/home/airflow/.local/lib/python3.8/site-packages/airflow/operators/python.py", line 200, in execute
    return_value = self.execute_callable()
  File "/home/airflow/.local/lib/python3.8/site-packages/airflow/operators/python.py", line 217, in execute_callable
    return self.python_callable(*self.op_args, **self.op_kwargs)
  File "/opt/airflow/dags/Units_dag.py", line 112, in ETL_job
    Elk_client.elk_pushData(Globals.index_name,units_list_update)
  File "/opt/airflow/dags/elk_manager.py", line 69, in elk_pushData
    helpers.bulk(self.elk_client, docs_list, index=index_name, chunk_size=batch)
  File "/home/airflow/.local/lib/python3.8/site-packages/elasticsearch/helpers/actions.py", line 521, in bulk
    for ok, item in streaming_bulk(
  File "/home/airflow/.local/lib/python3.8/site-packages/elasticsearch/helpers/actions.py", line 436, in streaming_bulk
    for data, (ok, info) in zip(
  File "/home/airflow/.local/lib/python3.8/site-packages/elasticsearch/helpers/actions.py", line 355, in _process_bulk_chunk
    yield from gen
  File "/home/airflow/.local/lib/python3.8/site-packages/elasticsearch/helpers/actions.py", line 274, in _process_bulk_chunk_success
    raise BulkIndexError(f"{len(errors)} document(s) failed to index.", errors)
elasticsearch.helpers.BulkIndexError: 10000 document(s) failed to index.
[2024-05-05T11:40:44.464+0000] {taskinstance.py:1149} INFO - Marking task as UP_FOR_RETRY. dag_id=Units_statistics_DAG, task_id=ETL_job, map_index=6, execution_date=20240505T112000, start_date=20240505T114017, end_date=20240505T114044
[2024-05-05T11:40:44.543+0000] {standard_task_runner.py:107} ERROR - Failed to execute job 33209 for task ETL_job (10000 document(s) failed to index.; 781655)
[2024-05-05T11:40:44.639+0000] {local_task_job_runner.py:234} INFO - Task exited with return code 1
[2024-05-05T11:40:44.695+0000] {taskinstance.py:3312} INFO - 0 downstream tasks scheduled from follow-on schedule check
