[2024-05-05T11:41:46.788+0000] {taskinstance.py:1979} INFO - Dependencies all met for dep_context=non-requeueable deps ti=<TaskInstance: Units_statistics_DAG.ETL_job scheduled__2024-05-05T11:20:00+00:00 map_index=6 [queued]>
[2024-05-05T11:41:46.805+0000] {taskinstance.py:1979} INFO - Dependencies all met for dep_context=requeueable deps ti=<TaskInstance: Units_statistics_DAG.ETL_job scheduled__2024-05-05T11:20:00+00:00 map_index=6 [queued]>
[2024-05-05T11:41:46.805+0000] {taskinstance.py:2193} INFO - Starting attempt 2 of 4
[2024-05-05T11:41:46.826+0000] {taskinstance.py:2217} INFO - Executing <Mapped(_PythonDecoratedOperator): ETL_job> on 2024-05-05 11:20:00+00:00
[2024-05-05T11:41:46.836+0000] {standard_task_runner.py:60} INFO - Started process 781684 to run task
[2024-05-05T11:41:46.843+0000] {standard_task_runner.py:87} INFO - Running: ['***', 'tasks', 'run', 'Units_statistics_DAG', 'ETL_job', 'scheduled__2024-05-05T11:20:00+00:00', '--job-id', '33220', '--raw', '--subdir', 'DAGS_FOLDER/Units_dag.py', '--cfg-path', '/tmp/tmp_dj223p1', '--map-index', '6']
[2024-05-05T11:41:46.845+0000] {standard_task_runner.py:88} INFO - Job 33220: Subtask ETL_job
[2024-05-05T11:41:46.941+0000] {task_command.py:423} INFO - Running <TaskInstance: Units_statistics_DAG.ETL_job scheduled__2024-05-05T11:20:00+00:00 map_index=6 [running]> on host a09da322e808
[2024-05-05T11:41:47.133+0000] {taskinstance.py:2513} INFO - Exporting env vars: AIRFLOW_CTX_DAG_OWNER='abeer-araby' AIRFLOW_CTX_DAG_ID='Units_statistics_DAG' AIRFLOW_CTX_TASK_ID='ETL_job' AIRFLOW_CTX_EXECUTION_DATE='2024-05-05T11:20:00+00:00' AIRFLOW_CTX_TRY_NUMBER='2' AIRFLOW_CTX_DAG_RUN_ID='scheduled__2024-05-05T11:20:00+00:00'
[2024-05-05T11:41:47.134+0000] {Units_dag.py:99} INFO - i: 60000, chunk: 10000
[2024-05-05T11:41:47.135+0000] {Units_dag.py:100} INFO - child token is::: eyJ0eXAiOiJKV1QiLCJhbGciOiJIUzI1NiJ9.eyJpc3MiOiJodHRwczovL2FwaS5hZmFxeS5zYS9hdXRoL2xvZ2luX2FzIiwiaWF0IjoxNzE0OTA5MjAzLCJleHAiOjE3MTc1MDEyMDMsIm5iZiI6MTcxNDkwOTIwMywianRpIjoiZjhpRU5xNTUxN2cyeU5DTCIsInN1YiI6IjVkNjNlNTFlMDNlZDUyOTJhNDJjMjRlNiIsInBydiI6IjI3MGVjZmM3ZWEzZWQ5MzdlYTg0OTM2MmEzYTUwOTEwYzZkOGNlNGYiLCJsb2dpbl9hc19pZCI6IjY1N2YwYWQ3M2Y5NzcyOTVjZjA1NTc2YSJ9.Jfh1ul1iTqm85ezc7Dw7yTcvQg_zM-A1-obzp8ZUrIY
[2024-05-05T11:42:08.142+0000] {Units_dag.py:104} INFO - {'_id': '6329e8d1a6f87f6340786323', 'icon': 'icons/icon.png', 'driver_id': '', 'tailer_id': '', 'profile': {'vehicle_type': '', 'measurement_type': 'count', 'max_capacity': 0, 'vin': '', 'plate_number': '', 'start_operation': '', 'contract_milage': '', 'opening_milage': '', 'model': '', 'fuel_type': '91', 'year': 0, 'seats': 2}, 'device_password': '***', 'device_type': 'gps', 'gateway': False, 'name': 'ب ص س 2577', 'operation_code': '', 'imei': '357073298397130', 'sim_number': '+966821111337221', 'sim_serial': '8996609821111337221', 'device_serial': '1125805307', 'device': 'teltonika', 'created_by': '5e539d8203ed52f71d634478', 'user_id': '5e539d8203ed52f71d634478', 'updated_at': '2024-04-18 11:18:59', 'created_at': '2022-09-20 19:22:41', 'business_types': {'waste': False, 'transportation': True, 'water': False, 'hajj': False}, 'device_gateway': '', 'custom_fields': [], 'creator': 'aemallamar', 'company': '', 'owner': 'aemallamar', 'last_update': {'dtt': 1714909298000, 'dts': 1714909301691, 'spd': 51, 'ang': 343, 'alt': 412, 'chPrams': {'parm76': {'v': 0, 'cdt': 1712760019000}, 'output1': {'v': False, 'cdt': 1714801960000}, 'output2': {'v': False, 'cdt': 1714801960000}, 'ePwrV': {'v': 28.166, 'cdt': 1714909298000}, 'sat': {'v': 22, 'cdt': 1714909259000}, 'ai1': {'v': 43, 'cdt': 1714899937000}, 'priority': {'v': 0, 'cdt': 1714904547000}, 'di2': {'v': 0, 'cdt': 1712760019000}, 'type': {'v': 6, 'cdt': 1714103440000}, 'di1': {'v': 1, 'cdt': 1714903938000}, 'temp1': {'v': 0, 'cdt': 1712945663000}, 'result': {'v': '5665723a30332e32372e31335f3033204750533a41584e5f352e312e392048773a464d42313230204d6f643a333320494d45493a33353730373332393833393731333020496e69743a323032342d312d31382032323a313020557074696d653a39323636373135204d41433a303031453432374446303346205350433a312830292041584c3a32204f42443a3020424c3a312e31302042543a34', 'cdt': 1714899128000}, 'protocol': {'v': 'FMB120', 'cdt': 1714899150000}, 'temp5': {'v': 30, 'cdt': 1712945663000}, 'parm29': {'v': 0, 'cdt': 1712760019000}, 'iPwrV': {'v': 3.9570000000000003, 'cdt': 1714909220000}, 'event': {'v': 0, 'cdt': 1714903939000}, 'humidity86': {'v': 300, 'cdt': 1712945663000}}, 'prms': {'protocol': 'FMB120', 'priority': 0, 'sat': 22, 'event': 0, 'di1': 1, 'output1': 0, 'di2': 0, 'output2': 0, 'parm29': 0, 'ePwrV': 28.166, 'iPwrV': 3.9570000000000003, 'ai1': 43, 'temp5': 30, 'humidity86': 300, 'temp1': 0, 'parm76': 0}, 'devPrms': ['protocol', 'priority', 'sat', 'event', 'di1', 'output1', 'di2', 'output2', 'parm29', 'ePwrV', 'iPwrV', 'ai1', 'temp5', 'humidity86', 'temp1', 'parm76'], 'old_params': {'protocol': 'FMB120', 'priority': 0, 'sat': 22, 'event': 0, 'di1': 1, 'output1': 0, 'di2': 0, 'output2': 0, 'parm29': 0, 'ePwrV': 28.272000000000002, 'iPwrV': 3.9570000000000003, 'ai1': 43, 'temp5': 30, 'humidity86': 300, 'temp1': 0, 'parm76': 0}, 'vLoc': 1, 'vCon': 1, 'ip': '109.83.203.171', 'rl': 0.5115, 'trl': 227554.0622, 'mdu': 19, 'tmdu': 10739405, 'eidl': 0, 'teidl': 6778618, 'fc': 0.06138, 'tfc': 79.407072, 'acc': 1, 'accOn': 18908104, 'accOff': 32730133, 'sdu': 0, 'tsdu': 0, 'lat': 26.6820433, 'lng': 47.1292033}, 'counters': {'odometer_type': 'gps', 'odometer': 227554.0588, 'engine_hours_type': 'acc', 'engine_hours': 18908104, 'last_acc': 1}, 'is_wasl_connected': 'Connected', 'iconUrl': 'https://api.afaqy.sa/images/units/icons/icon.png', 'hasCCTV': False}
[2024-05-05T11:42:08.852+0000] {warnings.py:109} WARNING - /home/***/.local/lib/python3.8/site-packages/elasticsearch/_sync/client/__init__.py:399: SecurityWarning: Connecting to 'https://dbelk2.afaqy.local:9200' using TLS with verify_certs=False is insecure
  _transport = transport_class(

[2024-05-05T11:42:08.935+0000] {warnings.py:109} WARNING - /home/***/.local/lib/python3.8/site-packages/elasticsearch/_sync/client/__init__.py:399: SecurityWarning: Connecting to 'https://dbelk3.afaqy.local:9200' using TLS with verify_certs=False is insecure
  _transport = transport_class(

[2024-05-05T11:42:09.017+0000] {warnings.py:109} WARNING - /home/***/.local/lib/python3.8/site-packages/elasticsearch/_sync/client/__init__.py:399: SecurityWarning: Connecting to 'https://dbelk1.afaqy.local:9200' using TLS with verify_certs=False is insecure
  _transport = transport_class(

[2024-05-05T11:42:09.041+0000] {warnings.py:109} WARNING - /home/***/.local/lib/python3.8/site-packages/urllib3/connectionpool.py:1061: InsecureRequestWarning: Unverified HTTPS request is being made to host 'dbelk2.afaqy.local'. Adding certificate verification is strongly advised. See: https://urllib3.readthedocs.io/en/1.26.x/advanced-usage.html#ssl-warnings
  warnings.warn(

[2024-05-05T11:42:09.218+0000] {_transport.py:335} INFO - GET https://dbelk2.afaqy.local:9200/_cluster/health [status:200 duration:0.199s]
[2024-05-05T11:42:09.601+0000] {warnings.py:109} WARNING - /home/***/.local/lib/python3.8/site-packages/urllib3/connectionpool.py:1061: InsecureRequestWarning: Unverified HTTPS request is being made to host 'dbelk3.afaqy.local'. Adding certificate verification is strongly advised. See: https://urllib3.readthedocs.io/en/1.26.x/advanced-usage.html#ssl-warnings
  warnings.warn(

[2024-05-05T11:42:11.281+0000] {_transport.py:335} INFO - PUT https://dbelk3.afaqy.local:9200/units_statistics_***/_bulk [status:200 duration:1.697s]
[2024-05-05T11:42:11.632+0000] {python.py:202} INFO - Done. Returned value was: None
[2024-05-05T11:42:11.649+0000] {taskinstance.py:1149} INFO - Marking task as SUCCESS. dag_id=Units_statistics_DAG, task_id=ETL_job, map_index=6, execution_date=20240505T112000, start_date=20240505T114146, end_date=20240505T114211
[2024-05-05T11:42:11.709+0000] {local_task_job_runner.py:234} INFO - Task exited with return code 0
[2024-05-05T11:42:11.742+0000] {taskinstance.py:3312} INFO - 0 downstream tasks scheduled from follow-on schedule check
