[2024-04-24T13:40:15.543+0000] {taskinstance.py:1979} INFO - Dependencies all met for dep_context=non-requeueable deps ti=<TaskInstance: Units_statistics_DAG.ETL_job scheduled__2024-04-24T13:20:00+00:00 map_index=8 [queued]>
[2024-04-24T13:40:15.637+0000] {taskinstance.py:1979} INFO - Dependencies all met for dep_context=requeueable deps ti=<TaskInstance: Units_statistics_DAG.ETL_job scheduled__2024-04-24T13:20:00+00:00 map_index=8 [queued]>
[2024-04-24T13:40:15.638+0000] {taskinstance.py:2193} INFO - Starting attempt 1 of 4
[2024-04-24T13:40:15.752+0000] {taskinstance.py:2217} INFO - Executing <Mapped(_PythonDecoratedOperator): ETL_job> on 2024-04-24 13:20:00+00:00
[2024-04-24T13:40:15.796+0000] {standard_task_runner.py:60} INFO - Started process 520146 to run task
[2024-04-24T13:40:15.823+0000] {standard_task_runner.py:87} INFO - Running: ['***', 'tasks', 'run', 'Units_statistics_DAG', 'ETL_job', 'scheduled__2024-04-24T13:20:00+00:00', '--job-id', '14756', '--raw', '--subdir', 'DAGS_FOLDER/Units_dag.py', '--cfg-path', '/tmp/tmpavpiza1b', '--map-index', '8']
[2024-04-24T13:40:15.840+0000] {standard_task_runner.py:88} INFO - Job 14756: Subtask ETL_job
[2024-04-24T13:40:16.153+0000] {task_command.py:423} INFO - Running <TaskInstance: Units_statistics_DAG.ETL_job scheduled__2024-04-24T13:20:00+00:00 map_index=8 [running]> on host a09da322e808
[2024-04-24T13:40:16.679+0000] {taskinstance.py:2513} INFO - Exporting env vars: AIRFLOW_CTX_DAG_OWNER='abeer-araby' AIRFLOW_CTX_DAG_ID='Units_statistics_DAG' AIRFLOW_CTX_TASK_ID='ETL_job' AIRFLOW_CTX_EXECUTION_DATE='2024-04-24T13:20:00+00:00' AIRFLOW_CTX_TRY_NUMBER='1' AIRFLOW_CTX_DAG_RUN_ID='scheduled__2024-04-24T13:20:00+00:00'
[2024-04-24T13:40:16.681+0000] {Units_dag.py:99} INFO - i: 80000, chunk: 10000
[2024-04-24T13:40:16.682+0000] {Units_dag.py:100} INFO - child token is::: eyJ0eXAiOiJKV1QiLCJhbGciOiJIUzI1NiJ9.eyJpc3MiOiJodHRwczovL2FwaS5hZmFxeS5zYS9hdXRoL2xvZ2luX2FzIiwiaWF0IjoxNzEzOTY2MDAzLCJleHAiOjE3MTY1NTgwMDMsIm5iZiI6MTcxMzk2NjAwMywianRpIjoib0owSXFDVFhiWDF3SjU4bSIsInN1YiI6IjVkNjNlNTFlMDNlZDUyOTJhNDJjMjRlNiIsInBydiI6IjI3MGVjZmM3ZWEzZWQ5MzdlYTg0OTM2MmEzYTUwOTEwYzZkOGNlNGYiLCJsb2dpbl9hc19pZCI6IjY1N2YwYWQ3M2Y5NzcyOTVjZjA1NTc2YSJ9.6Zc0ERMxfAkny0IvwH4fs9eMFmYIDJ29gb7Y-V7aKlU
[2024-04-24T13:41:04.331+0000] {Units_dag.py:104} INFO - {'_id': '63d80d7daf4e5d0d28281895', 'icon': 'icons/icon.png', 'driver_id': '', 'tailer_id': '', 'profile': {'measurement_type': 'count', 'fuel_type': '91', 'year': 0, 'seats': 2}, 'device_password': '***', 'device_type': 'gps', 'gateway': False, 'name': '8546 - X B R', 'operation_code': None, 'device_gateway': None, 'business_types': {'waste': False, 'transportation': True, 'water': False}, 'imei': '866854051753377', 'sim_number': '+966830020810020', 'sim_serial': '996609821110853817', 'device_serial': '866854051753377', 'device': 'bce', 'user_id': '63c3ef672cabbb6db33623df', 'created_by': '5e6655bf03ed52e1ab79d301', 'updated_at': '2024-04-18 11:18:59', 'created_at': '2023-01-30 21:33:33', 'custom_fields': [], 'creator': 'amr.ahmed', 'company': '', 'owner': 'al-nakhla-admin', 'last_update': {'dtt': 1713965684000, 'dts': 1713965812603, 'spd': 0, 'ang': 206, 'alt': 651, 'chPrams': {'di16': {'v': 1, 'cdt': 1713931690000}, 'ePwrV': {'v': 12.638, 'cdt': 1713965684000}, 'di15': {'v': 0, 'cdt': 1675106810000}, 'rssi1': {'v': 75, 'cdt': 1713965684000}, 'di14': {'v': 0, 'cdt': 1713930878000}, 'di13': {'v': 0, 'cdt': 1711400874000}, 'di12': {'v': 0, 'cdt': 1711400874000}, 'di11': {'v': 0, 'cdt': 1711400874000}, 'di10': {'v': 0, 'cdt': 1711400874000}, 'di2': {'v': 1, 'cdt': 1711400874000}, 'di1': {'v': 0, 'cdt': 1713931750000}, 'di4': {'v': 0, 'cdt': 1711400874000}, 'di3': {'v': 0, 'cdt': 1711400874000}, 'di6': {'v': 1, 'cdt': 1711400874000}, 'di5': {'v': 0, 'cdt': 1713931720000}, 'lac1': {'v': 1251, 'cdt': 1713930794000}, 'protocol': {'v': 'bce', 'cdt': 1711400874000}, 'di8': {'v': 1, 'cdt': 1711400874000}, 'di7': {'v': 0, 'cdt': 1713931750000}, 'di9': {'v': 0, 'cdt': 1711400874000}, 'iPwrV': {'v': 3.981, 'cdt': 1713965684000}, 'cid1': {'v': 7583, 'cdt': 1713965082000}, 'odometer': {'v': 0, 'cdt': 1713955476000}, 'spd': {'v': 0, 'cdt': 1713931690000}, 'sat': {'v': 14, 'cdt': 1713965684000}, 'hdop': {'v': 1, 'cdt': 1713887460000}, 'ta': {'v': 0, 'cdt': 1711400874000}, 'mcc1': {'v': 420, 'cdt': 1711923000000}, 'mnc1': {'v': 3, 'cdt': 1711923000000}}, 'prms': {'protocol': 'bce', 'spd': 0, 'sat': 14, 'hdop': 1, 'odometer': 0, 'di16': 1, 'di15': 0, 'di14': 0, 'di13': 0, 'di12': 0, 'di11': 0, 'di10': 0, 'di9': 0, 'di8': 1, 'di7': 0, 'di6': 1, 'di5': 0, 'di4': 0, 'di3': 0, 'di2': 1, 'di1': 0, 'ePwrV': 12.638, 'iPwrV': 3.981, 'ta': 0, 'mcc1': 420, 'mnc1': 3, 'lac1': 1251, 'cid1': 7583, 'rssi1': 75}, 'devPrms': ['protocol', 'spd', 'sat', 'hdop', 'odometer', 'di16', 'di15', 'di14', 'di13', 'di12', 'di11', 'di10', 'di9', 'di8', 'di7', 'di6', 'di5', 'di4', 'di3', 'di2', 'di1', 'ePwrV', 'iPwrV', 'ta', 'mcc1', 'mnc1', 'lac1', 'cid1', 'rssi1'], 'old_params': {'di16': 1, 'ePwrV': 12.629, 'di15': 0, 'rssi1': 76, 'di14': 0, 'di13': 0, 'di12': 0, 'di11': 0, 'di10': 0, 'di2': 1, 'di1': 0, 'di4': 0, 'di3': 0, 'di6': 1, 'di5': 0, 'lac1': 1251, 'protocol': 'bce', 'di8': 1, 'di7': 0, 'di9': 0, 'iPwrV': 3.979, 'cid1': 7583, 'odometer': 0, 'spd': 0, 'sat': 15, 'hdop': 1, 'ta': 0, 'mcc1': 420, 'mnc1': 3}, 'vLoc': 1, 'vCon': 1, 'ip': '109.83.20.49', 'rl': 0, 'trl': 10277.5842, 'mdu': 0, 'tmdu': 680804, 'eidl': 0, 'teidl': 266048, 'fc': 0, 'tfc': 2.535456, 'acc': 0, 'accOn': 1685792, 'accOff': 38942698, 'sdu': 300, 'tsdu': 33964, 'lat': 24.912614822387695, 'lng': 46.68894577026367}, 'counters': {'odometer_type': 'gps', 'odometer': 14754.1155, 'engine_hours_type': 'acc', 'engine_hours': 1685792, 'last_acc': 0}, 'is_wasl_connected': 'Not Connected', 'iconUrl': 'https://api.afaqy.sa/images/units/icons/icon.png', 'hasCCTV': False}
[2024-04-24T13:41:05.368+0000] {warnings.py:109} WARNING - /home/***/.local/lib/python3.8/site-packages/elasticsearch/_sync/client/__init__.py:399: SecurityWarning: Connecting to 'https://dbelk1.afaqy.local:9200' using TLS with verify_certs=False is insecure
  _transport = transport_class(

[2024-04-24T13:41:05.472+0000] {warnings.py:109} WARNING - /home/***/.local/lib/python3.8/site-packages/elasticsearch/_sync/client/__init__.py:399: SecurityWarning: Connecting to 'https://dbelk3.afaqy.local:9200' using TLS with verify_certs=False is insecure
  _transport = transport_class(

[2024-04-24T13:41:05.595+0000] {warnings.py:109} WARNING - /home/***/.local/lib/python3.8/site-packages/elasticsearch/_sync/client/__init__.py:399: SecurityWarning: Connecting to 'https://dbelk2.afaqy.local:9200' using TLS with verify_certs=False is insecure
  _transport = transport_class(

[2024-04-24T13:41:05.636+0000] {warnings.py:109} WARNING - /home/***/.local/lib/python3.8/site-packages/urllib3/connectionpool.py:1061: InsecureRequestWarning: Unverified HTTPS request is being made to host 'dbelk1.afaqy.local'. Adding certificate verification is strongly advised. See: https://urllib3.readthedocs.io/en/1.26.x/advanced-usage.html#ssl-warnings
  warnings.warn(

[2024-04-24T13:41:05.690+0000] {_transport.py:335} INFO - GET https://dbelk1.afaqy.local:9200/_cluster/health [status:200 duration:0.093s]
[2024-04-24T13:41:06.285+0000] {warnings.py:109} WARNING - /home/***/.local/lib/python3.8/site-packages/urllib3/connectionpool.py:1061: InsecureRequestWarning: Unverified HTTPS request is being made to host 'dbelk3.afaqy.local'. Adding certificate verification is strongly advised. See: https://urllib3.readthedocs.io/en/1.26.x/advanced-usage.html#ssl-warnings
  warnings.warn(

[2024-04-24T13:41:09.824+0000] {_transport.py:335} INFO - PUT https://dbelk3.afaqy.local:9200/units_statistics_***/_bulk [status:200 duration:3.565s]
[2024-04-24T13:41:10.027+0000] {python.py:202} INFO - Done. Returned value was: None
[2024-04-24T13:41:10.050+0000] {taskinstance.py:1149} INFO - Marking task as SUCCESS. dag_id=Units_statistics_DAG, task_id=ETL_job, map_index=8, execution_date=20240424T132000, start_date=20240424T134015, end_date=20240424T134110
[2024-04-24T13:41:10.135+0000] {local_task_job_runner.py:234} INFO - Task exited with return code 0
[2024-04-24T13:41:10.167+0000] {taskinstance.py:3312} INFO - 0 downstream tasks scheduled from follow-on schedule check
