[2024-05-13T09:20:22.343+0000] {local_task_job_runner.py:120} INFO - ::group::Pre task execution logs
[2024-05-13T09:20:22.637+0000] {taskinstance.py:2076} INFO - Dependencies all met for dep_context=non-requeueable deps ti=<TaskInstance: Units_statistics_DAG.ETL_job scheduled__2024-05-13T09:00:00+00:00 map_index=13 [queued]>
[2024-05-13T09:20:22.743+0000] {taskinstance.py:2076} INFO - Dependencies all met for dep_context=requeueable deps ti=<TaskInstance: Units_statistics_DAG.ETL_job scheduled__2024-05-13T09:00:00+00:00 map_index=13 [queued]>
[2024-05-13T09:20:22.743+0000] {taskinstance.py:2306} INFO - Starting attempt 1 of 4
[2024-05-13T09:20:22.900+0000] {taskinstance.py:2330} INFO - Executing <Mapped(_PythonDecoratedOperator): ETL_job> on 2024-05-13 09:00:00+00:00
[2024-05-13T09:20:22.925+0000] {standard_task_runner.py:90} INFO - Running: ['***', 'tasks', 'run', 'Units_statistics_DAG', 'ETL_job', 'scheduled__2024-05-13T09:00:00+00:00', '--job-id', '55634', '--raw', '--subdir', 'DAGS_FOLDER/Units_dag.py', '--cfg-path', '/tmp/tmpfhmji0lh', '--map-index', '13']
[2024-05-13T09:20:22.928+0000] {standard_task_runner.py:91} INFO - Job 55634: Subtask ETL_job
[2024-05-13T09:20:22.951+0000] {warnings.py:110} WARNING - /home/***/.local/lib/python3.12/site-packages/***/task/task_runner/standard_task_runner.py:61: DeprecationWarning: This process (pid=16030) is multi-threaded, use of fork() may lead to deadlocks in the child.
  pid = os.fork()

[2024-05-13T09:20:22.967+0000] {standard_task_runner.py:63} INFO - Started process 16052 to run task
[2024-05-13T09:20:23.140+0000] {task_command.py:426} INFO - Running <TaskInstance: Units_statistics_DAG.ETL_job scheduled__2024-05-13T09:00:00+00:00 map_index=13 [running]> on host 7138d7e072c5
[2024-05-13T09:20:23.532+0000] {taskinstance.py:2648} INFO - Exporting env vars: AIRFLOW_CTX_DAG_OWNER='abeer-araby' AIRFLOW_CTX_DAG_ID='Units_statistics_DAG' AIRFLOW_CTX_TASK_ID='ETL_job' AIRFLOW_CTX_EXECUTION_DATE='2024-05-13T09:00:00+00:00' AIRFLOW_CTX_TRY_NUMBER='1' AIRFLOW_CTX_DAG_RUN_ID='scheduled__2024-05-13T09:00:00+00:00'
[2024-05-13T09:20:23.533+0000] {taskinstance.py:430} INFO - ::endgroup::
[2024-05-13T09:20:23.534+0000] {Units_dag.py:98} INFO - i: 130000, chunk: 10000
[2024-05-13T09:20:23.534+0000] {Units_dag.py:99} INFO - child token is::: eyJ0eXAiOiJKV1QiLCJhbGciOiJIUzI1NiJ9.eyJpc3MiOiJodHRwczovL2FwaS5hZmFxeS5zYS9hdXRoL2xvZ2luX2FzIiwiaWF0IjoxNzE1NTkyMDA1LCJleHAiOjE3MTgxODQwMDUsIm5iZiI6MTcxNTU5MjAwNSwianRpIjoia2NWZkhNVmJXVkM4Ym1nYyIsInN1YiI6IjVkNjNlNTFlMDNlZDUyOTJhNDJjMjRlNiIsInBydiI6IjI3MGVjZmM3ZWEzZWQ5MzdlYTg0OTM2MmEzYTUwOTEwYzZkOGNlNGYiLCJsb2dpbl9hc19pZCI6IjY1N2YwYWQ3M2Y5NzcyOTVjZjA1NTc2YSJ9.XN76fHJ1-NWLsbiGpkYAlCez2FwNzZrqEsIDsrr7ZJc
[2024-05-13T09:20:50.905+0000] {Units_dag.py:103} INFO - {'_id': '6511933083058411385904a6', 'icon': 'icons/icon.png', 'driver_id': '', 'tailer_id': '', 'profile': {'vehicle_type': '', 'measurement_type': 'count', 'max_capacity': 0, 'vin': '', 'plate_number': '', 'start_operation': '', 'contract_milage': '', 'opening_milage': '', 'model': '', 'fuel_type': '91', 'year': 0, 'seats': 2}, 'shipment_info': {'product_category': None, 'truck_type': None, 'shipment_type': None, 'shipment_payment_type': None, 'transporter_type': None, 'operating_area': None, 'weight_kilograms_per_day': None, 'kms_per_day': None, 'shipment_trip_drive_hrs_day': None, 'allowable_delay_drive_hrs_day': None, 'expected_shipment_trip_day': None, 'car_pay_per_day': None, 'exceeding_temperature_limit_per_day': None, 'temperature_upper_limit': None, 'exceeding_humidity_limit_per_day': None, 'humidity_upper_limit': None}, 'device_password': '***', 'device_type': 'gps', 'gateway': False, 'business_types': {'waste': False, 'transportation': True, 'water': False}, 'name': '4507 ر س ن', 'operation_code': '46de2c4d-080c-44da-83f0-3f34140c1b6f', 'device_gateway': '', 'skip_sim_information': False, 'imei': '867994060817836', 'sim_number': '+966830032001835', 'sim_serial': '421296782470', 'device_serial': '867994060817836', 'device': 'bce', 'user_id': '5f0d614303ed52b67f28d078', 'created_by': '5e6655bf03ed52e1ab79d301', 'updated_at': '2024-04-18 11:18:59', 'created_at': '2023-09-25 17:03:28', 'custom_fields': [], 'creator': 'amr.ahmed', 'company': '', 'owner': 'alwefaq-idrive', 'last_update': {'dtt': 1697393920000, 'dts': 1702764939419, 'spd': 0, 'ang': 336, 'alt': 612, 'chPrams': {'di16': {'v': 1, 'cdt': 1695208022000}, 'ePwrV': {'v': 12.244, 'cdt': 1697393320000}, 'di15': {'v': 0, 'cdt': 1695208022000}, 'rssi1': {'v': 49, 'cdt': 1697393020000}, 'di14': {'v': 0, 'cdt': 1696872672000}, 'di13': {'v': 0, 'cdt': 1695706030000}, 'di12': {'v': 0, 'cdt': 1695208022000}, 'di11': {'v': 0, 'cdt': 1695208022000}, 'di10': {'v': 0, 'cdt': 1695208022000}, 'di2': {'v': 0, 'cdt': 1695208022000}, 'di1': {'v': 0, 'cdt': 1697088232000}, 'ai4': {'v': 299, 'cdt': 1697391520000}, 'di4': {'v': 0, 'cdt': 1695208022000}, 'di3': {'v': 0, 'cdt': 1695208022000}, 'di6': {'v': 0, 'cdt': 1695208022000}, 'di5': {'v': 0, 'cdt': 1697087932000}, 'lac1': {'v': 22111, 'cdt': 1696868622000}, 'protocol': {'v': 'bce', 'cdt': 1695208022000}, 'di8': {'v': 1, 'cdt': 1695208882000}, 'di7': {'v': 0, 'cdt': 1697088232000}, 'di9': {'v': 0, 'cdt': 1695208022000}, 'iPwrV': {'v': 4.063, 'cdt': 1697393920000}, 'humidity': {'v': -1, 'cdt': 1695208882000}, 'cid1': {'v': 13021, 'cdt': 1697391820000}, 'temp': {'v': -273, 'cdt': 1697387020000}, 'odometer': {'v': 0, 'cdt': 1697087932000}, 'spd': {'v': 0, 'cdt': 1697387020000}, 'sat': {'v': 12, 'cdt': 1697341122000}, 'ta': {'v': 0, 'cdt': 1695208882000}, 'hdop': {'v': 1, 'cdt': 1696872016000}, 'mcc1': {'v': 420, 'cdt': 1696853912000}, 'mnc1': {'v': 4, 'cdt': 1696853912000}}, 'prms': {'protocol': 'bce', 'spd': 0, 'sat': 12, 'hdop': 1, 'odometer': 0, 'di16': 1, 'di15': 0, 'di14': 0, 'di13': 0, 'di12': 0, 'di11': 0, 'di10': 0, 'di9': 0, 'di8': 1, 'di7': 0, 'di6': 0, 'di5': 0, 'di4': 0, 'di3': 0, 'di2': 0, 'di1': 0, 'ePwrV': 12.244, 'ai4': 299, 'iPwrV': 4.063, 'ta': 0, 'mcc1': 420, 'mnc1': 4, 'lac1': 22111, 'cid1': 13021, 'rssi1': 49, 'temp': -273, 'humidity': -1}, 'devPrms': ['protocol', 'spd', 'sat', 'hdop', 'odometer', 'di16', 'di15', 'di14', 'di13', 'di12', 'di11', 'di10', 'di9', 'di8', 'di7', 'di6', 'di5', 'di4', 'di3', 'di2', 'di1', 'ePwrV', 'ai4', 'iPwrV', 'ta', 'mcc1', 'mnc1', 'lac1', 'cid1', 'rssi1', 'temp', 'humidity'], 'old_params': {'protocol': 'bce', 'spd': 0, 'sat': 12, 'hdop': 1, 'odometer': 0, 'di16': 1, 'di15': 0, 'di14': 0, 'di13': 0, 'di12': 0, 'di11': 0, 'di10': 0, 'di9': 0, 'di8': 1, 'di7': 0, 'di6': 0, 'di5': 0, 'di4': 0, 'di3': 0, 'di2': 0, 'di1': 0, 'ePwrV': 12.244, 'ai4': 299, 'iPwrV': 4.064, 'ta': 0, 'mcc1': 420, 'mnc1': 4, 'lac1': 22111, 'cid1': 13021, 'rssi1': 49, 'temp': -273, 'humidity': -1}, 'vLoc': 1, 'vCon': 1, 'ip': '51.39.192.70', 'rl': 0, 'trl': 919.8068, 'mdu': 0, 'tmdu': 64384, 'eidl': 0, 'teidl': 32082, 'fc': 0, 'tfc': 0, 'acc': 0, 'accOn': 106092, 'accOff': 2105770, 'sdu': 300, 'tsdu': 44098, 'lat': 24.929443359375, 'lng': 46.77410125732422}, 'counters': {'odometer_type': 'gps', 'odometer': 935.81, 'engine_hours_type': 'acc', 'engine_hours': 106092, 'last_acc': 0}, 'is_wasl_connected': 'Not Connected', 'iconUrl': 'https://api.afaqy.sa/images/units/icons/icon.png', 'hasCCTV': False}
[2024-05-13T09:20:53.452+0000] {warnings.py:110} WARNING - /home/***/.local/lib/python3.12/site-packages/elasticsearch/_sync/client/__init__.py:399: SecurityWarning: Connecting to 'https://dbelk2.afaqy.local:9200' using TLS with verify_certs=False is insecure
  _transport = transport_class(

[2024-05-13T09:20:53.711+0000] {warnings.py:110} WARNING - /home/***/.local/lib/python3.12/site-packages/elasticsearch/_sync/client/__init__.py:399: SecurityWarning: Connecting to 'https://dbelk3.afaqy.local:9200' using TLS with verify_certs=False is insecure
  _transport = transport_class(

[2024-05-13T09:20:54.678+0000] {warnings.py:110} WARNING - /home/***/.local/lib/python3.12/site-packages/elasticsearch/_sync/client/__init__.py:399: SecurityWarning: Connecting to 'https://dbelk1.afaqy.local:9200' using TLS with verify_certs=False is insecure
  _transport = transport_class(

[2024-05-13T09:20:54.755+0000] {warnings.py:110} WARNING - /home/***/.local/lib/python3.12/site-packages/urllib3/connectionpool.py:1103: InsecureRequestWarning: Unverified HTTPS request is being made to host 'dbelk2.afaqy.local'. Adding certificate verification is strongly advised. See: https://urllib3.readthedocs.io/en/latest/advanced-usage.html#tls-warnings
  warnings.warn(

[2024-05-13T09:20:54.816+0000] {_transport.py:349} INFO - GET https://dbelk2.afaqy.local:9200/_cluster/health [status:200 duration:0.110s]
[2024-05-13T09:20:55.731+0000] {warnings.py:110} WARNING - /home/***/.local/lib/python3.12/site-packages/urllib3/connectionpool.py:1103: InsecureRequestWarning: Unverified HTTPS request is being made to host 'dbelk3.afaqy.local'. Adding certificate verification is strongly advised. See: https://urllib3.readthedocs.io/en/latest/advanced-usage.html#tls-warnings
  warnings.warn(

[2024-05-13T09:20:56.966+0000] {_transport.py:349} INFO - PUT https://dbelk3.afaqy.local:9200/units_statistics_***/_bulk [status:200 duration:1.266s]
[2024-05-13T09:20:57.238+0000] {python.py:237} INFO - Done. Returned value was: None
[2024-05-13T09:20:57.239+0000] {taskinstance.py:441} INFO - ::group::Post task execution logs
[2024-05-13T09:20:57.259+0000] {taskinstance.py:1206} INFO - Marking task as SUCCESS. dag_id=Units_statistics_DAG, task_id=ETL_job, run_id=scheduled__2024-05-13T09:00:00+00:00, map_index=13, execution_date=20240513T090000, start_date=20240513T092022, end_date=20240513T092057
[2024-05-13T09:20:57.357+0000] {local_task_job_runner.py:240} INFO - Task exited with return code 0
[2024-05-13T09:20:57.378+0000] {taskinstance.py:3498} INFO - 0 downstream tasks scheduled from follow-on schedule check
[2024-05-13T09:20:57.380+0000] {local_task_job_runner.py:222} INFO - ::endgroup::
