[2024-04-26T10:40:15.653+0000] {taskinstance.py:1979} INFO - Dependencies all met for dep_context=non-requeueable deps ti=<TaskInstance: Units_statistics_DAG.ETL_job scheduled__2024-04-26T10:20:00+00:00 map_index=6 [queued]>
[2024-04-26T10:40:15.756+0000] {taskinstance.py:1979} INFO - Dependencies all met for dep_context=requeueable deps ti=<TaskInstance: Units_statistics_DAG.ETL_job scheduled__2024-04-26T10:20:00+00:00 map_index=6 [queued]>
[2024-04-26T10:40:15.757+0000] {taskinstance.py:2193} INFO - Starting attempt 1 of 4
[2024-04-26T10:40:15.895+0000] {taskinstance.py:2217} INFO - Executing <Mapped(_PythonDecoratedOperator): ETL_job> on 2024-04-26 10:20:00+00:00
[2024-04-26T10:40:15.957+0000] {standard_task_runner.py:60} INFO - Started process 564877 to run task
[2024-04-26T10:40:16.009+0000] {standard_task_runner.py:87} INFO - Running: ['***', 'tasks', 'run', 'Units_statistics_DAG', 'ETL_job', 'scheduled__2024-04-26T10:20:00+00:00', '--job-id', '17852', '--raw', '--subdir', 'DAGS_FOLDER/Units_dag.py', '--cfg-path', '/tmp/tmp1m8kh_r1', '--map-index', '6']
[2024-04-26T10:40:16.018+0000] {standard_task_runner.py:88} INFO - Job 17852: Subtask ETL_job
[2024-04-26T10:40:16.435+0000] {task_command.py:423} INFO - Running <TaskInstance: Units_statistics_DAG.ETL_job scheduled__2024-04-26T10:20:00+00:00 map_index=6 [running]> on host a09da322e808
[2024-04-26T10:40:16.891+0000] {taskinstance.py:2513} INFO - Exporting env vars: AIRFLOW_CTX_DAG_OWNER='abeer-araby' AIRFLOW_CTX_DAG_ID='Units_statistics_DAG' AIRFLOW_CTX_TASK_ID='ETL_job' AIRFLOW_CTX_EXECUTION_DATE='2024-04-26T10:20:00+00:00' AIRFLOW_CTX_TRY_NUMBER='1' AIRFLOW_CTX_DAG_RUN_ID='scheduled__2024-04-26T10:20:00+00:00'
[2024-04-26T10:40:16.892+0000] {Units_dag.py:99} INFO - i: 60000, chunk: 10000
[2024-04-26T10:40:16.895+0000] {Units_dag.py:100} INFO - child token is::: eyJ0eXAiOiJKV1QiLCJhbGciOiJIUzI1NiJ9.eyJpc3MiOiJodHRwczovL2FwaS5hZmFxeS5zYS9hdXRoL2xvZ2luX2FzIiwiaWF0IjoxNzE0MTI4MDA0LCJleHAiOjE3MTY3MjAwMDQsIm5iZiI6MTcxNDEyODAwNCwianRpIjoiMmQ0ZldmcFA1SFBsazdOQiIsInN1YiI6IjVkNjNlNTFlMDNlZDUyOTJhNDJjMjRlNiIsInBydiI6IjI3MGVjZmM3ZWEzZWQ5MzdlYTg0OTM2MmEzYTUwOTEwYzZkOGNlNGYiLCJsb2dpbl9hc19pZCI6IjY1N2YwYWQ3M2Y5NzcyOTVjZjA1NTc2YSJ9.0mdQmIkqq9O4Vy48l06IVOsmp5MGcZfjMY0MeSQdlLs
[2024-04-26T10:40:40.472+0000] {Units_dag.py:104} INFO - {'_id': '632884ab9db0e62dc147ab6f', 'icon': 'icons/D_7.png', 'driver_id': '', 'tailer_id': '', 'profile': {'vehicle_type': None, 'measurement_type': 'count', 'max_capacity': 0, 'vin': None, 'plate_number': None, 'start_operation': None, 'contract_milage': None, 'opening_milage': None, 'model': None, 'fuel_type': '91', 'year': 0, 'seats': 2}, 'device_password': '***', 'device_type': 'gps', 'gateway': False, 'name': '1990 A S A', 'operation_code': '', 'device_gateway': '', 'business_types': {'waste': False, 'transportation': True, 'water': False}, 'imei': '357073292778608', 'sim_number': '+966830031790988', 'sim_serial': '21296726661', 'device_serial': '1118904949', 'device': 'teltonika', 'user_id': '62b9a1516bfc54699f7b0c2b', 'created_by': '5e6655bf03ed52e1ab79d301', 'updated_at': '2024-04-18 11:18:59', 'created_at': '2022-09-19 18:03:07', 'shipment_info': None, 'skip_sim_information': False, 'custom_fields': [], 'creator': 'amr.ahmed', 'company': '', 'owner': 'saudi-hemaya-admin', 'last_update': {'dtt': 1714128016000, 'dts': 1714128018694, 'spd': 0, 'ang': 234, 'alt': 41, 'chPrams': {'Speed': {'v': 0, 'cdt': 1714116565000}, 'output1': {'v': False, 'cdt': 1714017043000}, 'output2': {'v': False, 'cdt': 1714017043000}, 'ePwrV': {'v': 28.555, 'cdt': 1714128016000}, 'parm24': {'v': 0, 'cdt': 1714116565000}, 'sat': {'v': 15, 'cdt': 1714127986000}, 'ai1': {'v': 9026, 'cdt': 1714127986000}, 'priority': {'v': 0, 'cdt': 1713687445000}, 'di2': {'v': 0, 'cdt': 1713687746000}, 'type': {'v': 6, 'cdt': 1714010071000}, 'di1': {'v': 1, 'cdt': 1072915259000}, 'result': {'v': '5665723a30332e32372e31335f3033204750533a41584e5f352e312e392048773a464d42313230204d6f643a333320494d45493a33353730373332393237373836303820496e69743a313937302d312d3120303a3020557074696d653a3332204d41433a303031453432373443414630205350433a312830292041584c3a32204f42443a3020424c3a312e31302042543a34', 'cdt': 1714092642000}, 'parm6': {'v': 217, 'cdt': 1713687746000}, 'protocol': {'v': 'FMB120', 'cdt': 1714095420000}, 'iPwrV': {'v': 4.01, 'cdt': 1714126243000}, 'event': {'v': 0, 'cdt': 1713687445000}}, 'prms': {'protocol': 'FMB120', 'priority': 0, 'sat': 15, 'event': 0, 'di1': 1, 'output1': 0, 'di2': 0, 'output2': 0, 'ePwrV': 28.555, 'Speed': 0, 'parm24': 0, 'iPwrV': 4.01, 'ai1': 9026, 'parm6': 217}, 'devPrms': ['protocol', 'priority', 'sat', 'event', 'di1', 'output1', 'di2', 'output2', 'ePwrV', 'Speed', 'parm24', 'iPwrV', 'ai1', 'parm6', 'type', 'result'], 'old_params': {'protocol': 'FMB120', 'priority': 0, 'sat': 15, 'event': 0, 'di1': 1, 'output1': 0, 'di2': 0, 'output2': 0, 'ePwrV': 28.534, 'Speed': 0, 'parm24': 0, 'iPwrV': 4.01, 'ai1': 9026, 'parm6': 217}, 'vLoc': 1, 'vCon': 1, 'ip': '51.39.21.191', 'rl': 0, 'trl': 242077.7281, 'mdu': 0, 'tmdu': 13518178, 'eidl': 30, 'teidl': 14264027, 'fc': 0, 'tfc': 43.403184, 'acc': 1, 'accOn': 48849574485, 'accOff': 44837001525, 'sdu': 0, 'tsdu': 0, 'lat': 24.1066816, 'lng': 38.0926216}, 'counters': {'odometer_type': 'gps', 'odometer': 242077.1952, 'engine_hours_type': 'acc', 'engine_hours': 48849574485, 'last_acc': 1}, 'is_wasl_connected': 'Connected', 'iconUrl': 'https://api.afaqy.sa/images/units/icons/D_7.png', 'hasCCTV': False}
[2024-04-26T10:40:44.161+0000] {warnings.py:109} WARNING - /home/***/.local/lib/python3.8/site-packages/elasticsearch/_sync/client/__init__.py:399: SecurityWarning: Connecting to 'https://dbelk3.afaqy.local:9200' using TLS with verify_certs=False is insecure
  _transport = transport_class(

[2024-04-26T10:40:44.405+0000] {warnings.py:109} WARNING - /home/***/.local/lib/python3.8/site-packages/elasticsearch/_sync/client/__init__.py:399: SecurityWarning: Connecting to 'https://dbelk2.afaqy.local:9200' using TLS with verify_certs=False is insecure
  _transport = transport_class(

[2024-04-26T10:40:44.560+0000] {warnings.py:109} WARNING - /home/***/.local/lib/python3.8/site-packages/elasticsearch/_sync/client/__init__.py:399: SecurityWarning: Connecting to 'https://dbelk1.afaqy.local:9200' using TLS with verify_certs=False is insecure
  _transport = transport_class(

[2024-04-26T10:40:44.591+0000] {warnings.py:109} WARNING - /home/***/.local/lib/python3.8/site-packages/urllib3/connectionpool.py:1061: InsecureRequestWarning: Unverified HTTPS request is being made to host 'dbelk3.afaqy.local'. Adding certificate verification is strongly advised. See: https://urllib3.readthedocs.io/en/1.26.x/advanced-usage.html#ssl-warnings
  warnings.warn(

[2024-04-26T10:40:44.662+0000] {_transport.py:335} INFO - GET https://dbelk3.afaqy.local:9200/_cluster/health [status:200 duration:0.101s]
[2024-04-26T10:40:45.959+0000] {warnings.py:109} WARNING - /home/***/.local/lib/python3.8/site-packages/urllib3/connectionpool.py:1061: InsecureRequestWarning: Unverified HTTPS request is being made to host 'dbelk2.afaqy.local'. Adding certificate verification is strongly advised. See: https://urllib3.readthedocs.io/en/1.26.x/advanced-usage.html#ssl-warnings
  warnings.warn(

[2024-04-26T10:40:47.498+0000] {_transport.py:335} INFO - PUT https://dbelk2.afaqy.local:9200/units_statistics_***/_bulk [status:200 duration:1.563s]
[2024-04-26T10:40:47.805+0000] {python.py:202} INFO - Done. Returned value was: None
[2024-04-26T10:40:47.821+0000] {taskinstance.py:1149} INFO - Marking task as SUCCESS. dag_id=Units_statistics_DAG, task_id=ETL_job, map_index=6, execution_date=20240426T102000, start_date=20240426T104015, end_date=20240426T104047
[2024-04-26T10:40:47.885+0000] {local_task_job_runner.py:234} INFO - Task exited with return code 0
[2024-04-26T10:40:47.912+0000] {taskinstance.py:3312} INFO - 0 downstream tasks scheduled from follow-on schedule check
