[2024-04-24T13:40:15.540+0000] {taskinstance.py:1979} INFO - Dependencies all met for dep_context=non-requeueable deps ti=<TaskInstance: Units_statistics_DAG.ETL_job scheduled__2024-04-24T13:20:00+00:00 map_index=12 [queued]>
[2024-04-24T13:40:15.658+0000] {taskinstance.py:1979} INFO - Dependencies all met for dep_context=requeueable deps ti=<TaskInstance: Units_statistics_DAG.ETL_job scheduled__2024-04-24T13:20:00+00:00 map_index=12 [queued]>
[2024-04-24T13:40:15.666+0000] {taskinstance.py:2193} INFO - Starting attempt 1 of 4
[2024-04-24T13:40:15.799+0000] {taskinstance.py:2217} INFO - Executing <Mapped(_PythonDecoratedOperator): ETL_job> on 2024-04-24 13:20:00+00:00
[2024-04-24T13:40:15.856+0000] {standard_task_runner.py:60} INFO - Started process 520148 to run task
[2024-04-24T13:40:15.900+0000] {standard_task_runner.py:87} INFO - Running: ['***', 'tasks', 'run', 'Units_statistics_DAG', 'ETL_job', 'scheduled__2024-04-24T13:20:00+00:00', '--job-id', '14755', '--raw', '--subdir', 'DAGS_FOLDER/Units_dag.py', '--cfg-path', '/tmp/tmp1n9pg89e', '--map-index', '12']
[2024-04-24T13:40:15.915+0000] {standard_task_runner.py:88} INFO - Job 14755: Subtask ETL_job
[2024-04-24T13:40:16.281+0000] {task_command.py:423} INFO - Running <TaskInstance: Units_statistics_DAG.ETL_job scheduled__2024-04-24T13:20:00+00:00 map_index=12 [running]> on host a09da322e808
[2024-04-24T13:40:16.753+0000] {taskinstance.py:2513} INFO - Exporting env vars: AIRFLOW_CTX_DAG_OWNER='abeer-araby' AIRFLOW_CTX_DAG_ID='Units_statistics_DAG' AIRFLOW_CTX_TASK_ID='ETL_job' AIRFLOW_CTX_EXECUTION_DATE='2024-04-24T13:20:00+00:00' AIRFLOW_CTX_TRY_NUMBER='1' AIRFLOW_CTX_DAG_RUN_ID='scheduled__2024-04-24T13:20:00+00:00'
[2024-04-24T13:40:16.755+0000] {Units_dag.py:99} INFO - i: 120000, chunk: 10000
[2024-04-24T13:40:16.755+0000] {Units_dag.py:100} INFO - child token is::: eyJ0eXAiOiJKV1QiLCJhbGciOiJIUzI1NiJ9.eyJpc3MiOiJodHRwczovL2FwaS5hZmFxeS5zYS9hdXRoL2xvZ2luX2FzIiwiaWF0IjoxNzEzOTY2MDAzLCJleHAiOjE3MTY1NTgwMDMsIm5iZiI6MTcxMzk2NjAwMywianRpIjoib0owSXFDVFhiWDF3SjU4bSIsInN1YiI6IjVkNjNlNTFlMDNlZDUyOTJhNDJjMjRlNiIsInBydiI6IjI3MGVjZmM3ZWEzZWQ5MzdlYTg0OTM2MmEzYTUwOTEwYzZkOGNlNGYiLCJsb2dpbl9hc19pZCI6IjY1N2YwYWQ3M2Y5NzcyOTVjZjA1NTc2YSJ9.6Zc0ERMxfAkny0IvwH4fs9eMFmYIDJ29gb7Y-V7aKlU
[2024-04-24T13:40:36.892+0000] {Units_dag.py:104} INFO - {'_id': '64c7ab40d9393902a25523f2', 'icon': 'icons/icon.png', 'driver_id': '', 'tailer_id': '', 'profile': {'vehicle_type': '', 'measurement_type': 'count', 'max_capacity': 0, 'vin': '', 'plate_number': '', 'start_operation': '', 'contract_milage': '', 'opening_milage': '', 'model': '', 'fuel_type': '91', 'year': 0, 'seats': 2}, 'device_password': '***', 'device_type': 'gps', 'gateway': False, 'business_types': {'waste': False, 'transportation': True, 'water': False}, 'name': '4764HRA', 'operation_code': '', 'device_gateway': '', 'skip_sim_information': False, 'imei': '861230045010932', 'sim_number': '+966830031896455', 'sim_serial': '421296742570', 'device_serial': '861230045010932', 'device': 'bce', 'user_id': '605b2ce24dfbf765482210f2', 'created_by': '5e6655bf03ed52e1ab79d301', 'updated_at': '2024-04-18 11:18:59', 'created_at': '2023-07-31 15:38:24', 'custom_fields': [], 'creator': 'amr.ahmed', 'company': '', 'owner': 'theeb-admin', 'last_update': {'dtt': 1713964926000, 'dts': 1713965137887, 'spd': 0, 'ang': 348, 'alt': 16, 'chPrams': {'oneWireTemp2': {'v': '-273.00', 'cdt': 1711618750000}, 'oneWireTemp1': {'v': '-273.00', 'cdt': 1711618750000}, 'oneWireTemp4': {'v': '-273.00', 'cdt': 1711618750000}, 'ePwrV': {'v': 26.65, 'cdt': 1713964926000}, 'di16': {'v': 1, 'cdt': 1711618750000}, 'oneWireTemp3': {'v': '-273.00', 'cdt': 1711618750000}, 'di15': {'v': 0, 'cdt': 1698308478000}, 'rssi1': {'v': 55, 'cdt': 1713964626000}, 'di14': {'v': 0, 'cdt': 1713960726000}, 'di13': {'v': 0, 'cdt': 1711619050000}, 'di12': {'v': 0, 'cdt': 1711618750000}, 'di11': {'v': 0, 'cdt': 1711618750000}, 'di10': {'v': 0, 'cdt': 1711618750000}, 'di2': {'v': 1, 'cdt': 1712434512000}, 'ai4': {'v': 13208, 'cdt': 1713964926000}, 'di1': {'v': 0, 'cdt': 1713955484000}, 'di4': {'v': 0, 'cdt': 1711618750000}, 'di3': {'v': 0, 'cdt': 1711618750000}, 'di6': {'v': 0, 'cdt': 1711619350000}, 'di5': {'v': 0, 'cdt': 1713960426000}, 'lac1': {'v': 62016, 'cdt': 1713706348000}, 'di8': {'v': 1, 'cdt': 1712434512000}, 'protocol': {'v': 'bce', 'cdt': 1711618750000}, 'oneWireTemp1Hex': {'v': '0', 'cdt': 1711618750000}, 'di7': {'v': 1, 'cdt': 1713958368000}, 'di9': {'v': 0, 'cdt': 1711618750000}, 'iPwrV': {'v': 3.984, 'cdt': 1713964626000}, 'oneWireTemp3Hex': {'v': '0', 'cdt': 1711618750000}, 'cid1': {'v': 10101, 'cdt': 1713955574000}, 'oneWireTemp2ID': {'v': '0', 'cdt': 1711618750000}, 'oneWireTemp3ID': {'v': '0', 'cdt': 1711618750000}, 'oneWireTemp1ID': {'v': '0', 'cdt': 1711618750000}, 'odometer': {'v': 0, 'cdt': 1713955484000}, 'spd': {'v': 0, 'cdt': 1713955454000}, 'sat': {'v': 12, 'cdt': 1713955664000}, 'hdop': {'v': 1, 'cdt': 1713627410000}, 'ta': {'v': 0, 'cdt': 1711619650000}, 'oneWireTemp2Hex': {'v': '0', 'cdt': 1711618750000}, 'mcc1': {'v': 420, 'cdt': 1711697324000}, 'oneWireTemp4Hex': {'v': '0', 'cdt': 1711618750000}, 'mnc1': {'v': 4, 'cdt': 1713686762000}, 'oneWireTemp4ID': {'v': '0', 'cdt': 1711618750000}}, 'prms': {'protocol': 'bce', 'spd': 0, 'sat': 12, 'hdop': 1, 'odometer': 0, 'di16': 1, 'di15': 0, 'di14': 0, 'di13': 0, 'di12': 0, 'di11': 0, 'di10': 0, 'di9': 0, 'di8': 1, 'di7': 1, 'di6': 0, 'di5': 0, 'di4': 0, 'di3': 0, 'di2': 1, 'di1': 0, 'ePwrV': 26.65, 'ai4': 13208, 'iPwrV': 3.984, 'ta': 0, 'mcc1': 420, 'mnc1': 4, 'lac1': 62016, 'cid1': 10101, 'rssi1': 55, 'oneWireTemp1': '-273.00', 'oneWireTemp1ID': '0', 'oneWireTemp1Hex': '0', 'oneWireTemp2': '-273.00', 'oneWireTemp2ID': '0', 'oneWireTemp2Hex': '0', 'oneWireTemp3': '-273.00', 'oneWireTemp3ID': '0', 'oneWireTemp3Hex': '0', 'oneWireTemp4': '-273.00', 'oneWireTemp4ID': '0', 'oneWireTemp4Hex': '0'}, 'devPrms': ['protocol', 'spd', 'sat', 'hdop', 'odometer', 'di16', 'di15', 'di14', 'di13', 'di12', 'di11', 'di10', 'di9', 'di8', 'di7', 'di6', 'di5', 'di4', 'di3', 'di2', 'di1', 'ePwrV', 'ai4', 'iPwrV', 'ta', 'mcc1', 'mnc1', 'lac1', 'cid1', 'rssi1', 'oneWireTemp1', 'oneWireTemp1ID', 'oneWireTemp1Hex', 'oneWireTemp2', 'oneWireTemp2ID', 'oneWireTemp2Hex', 'oneWireTemp3', 'oneWireTemp3ID', 'oneWireTemp3Hex', 'oneWireTemp4', 'oneWireTemp4ID', 'oneWireTemp4Hex'], 'old_params': {'protocol': 'bce', 'spd': 0, 'sat': 12, 'hdop': 1, 'odometer': 0, 'di16': 1, 'di15': 0, 'di14': 0, 'di13': 0, 'di12': 0, 'di11': 0, 'di10': 0, 'di9': 0, 'di8': 1, 'di7': 1, 'di6': 0, 'di5': 0, 'di4': 0, 'di3': 0, 'di2': 1, 'di1': 0, 'ePwrV': 26.667, 'ai4': 13301, 'iPwrV': 3.984, 'ta': 0, 'mcc1': 420, 'mnc1': 4, 'lac1': 62016, 'cid1': 10101, 'rssi1': 55, 'oneWireTemp1': '-273.00', 'oneWireTemp1ID': '0', 'oneWireTemp1Hex': '0', 'oneWireTemp2': '-273.00', 'oneWireTemp2ID': '0', 'oneWireTemp2Hex': '0', 'oneWireTemp3': '-273.00', 'oneWireTemp3ID': '0', 'oneWireTemp3Hex': '0', 'oneWireTemp4': '-273.00', 'oneWireTemp4ID': '0', 'oneWireTemp4Hex': '0'}, 'vLoc': 1, 'vCon': 1, 'ip': '51.36.200.249', 'rl': 0, 'trl': 24720.016, 'mdu': 0, 'tmdu': 2069142, 'eidl': 0, 'teidl': 3544850, 'fc': 0, 'tfc': 0.067704, 'acc': 0, 'accOn': 10945346, 'accOff': 17224928, 'sdu': 300, 'tsdu': 4500, 'lat': 16.920211791992188, 'lng': 42.57029724121094}, 'counters': {'odometer_type': 'gps', 'odometer': 24720.0041, 'engine_hours_type': 'acc', 'engine_hours': 10945346, 'last_acc': 0}, 'is_wasl_connected': 'Connected', 'iconUrl': 'https://api.afaqy.sa/images/units/icons/icon.png', 'hasCCTV': False}
[2024-04-24T13:40:37.555+0000] {warnings.py:109} WARNING - /home/***/.local/lib/python3.8/site-packages/elasticsearch/_sync/client/__init__.py:399: SecurityWarning: Connecting to 'https://dbelk3.afaqy.local:9200' using TLS with verify_certs=False is insecure
  _transport = transport_class(

[2024-04-24T13:40:37.625+0000] {warnings.py:109} WARNING - /home/***/.local/lib/python3.8/site-packages/elasticsearch/_sync/client/__init__.py:399: SecurityWarning: Connecting to 'https://dbelk1.afaqy.local:9200' using TLS with verify_certs=False is insecure
  _transport = transport_class(

[2024-04-24T13:40:37.713+0000] {warnings.py:109} WARNING - /home/***/.local/lib/python3.8/site-packages/elasticsearch/_sync/client/__init__.py:399: SecurityWarning: Connecting to 'https://dbelk2.afaqy.local:9200' using TLS with verify_certs=False is insecure
  _transport = transport_class(

[2024-04-24T13:40:37.773+0000] {warnings.py:109} WARNING - /home/***/.local/lib/python3.8/site-packages/urllib3/connectionpool.py:1061: InsecureRequestWarning: Unverified HTTPS request is being made to host 'dbelk3.afaqy.local'. Adding certificate verification is strongly advised. See: https://urllib3.readthedocs.io/en/1.26.x/advanced-usage.html#ssl-warnings
  warnings.warn(

[2024-04-24T13:40:37.929+0000] {_transport.py:335} INFO - GET https://dbelk3.afaqy.local:9200/_cluster/health [status:200 duration:0.205s]
[2024-04-24T13:40:38.503+0000] {warnings.py:109} WARNING - /home/***/.local/lib/python3.8/site-packages/urllib3/connectionpool.py:1061: InsecureRequestWarning: Unverified HTTPS request is being made to host 'dbelk1.afaqy.local'. Adding certificate verification is strongly advised. See: https://urllib3.readthedocs.io/en/1.26.x/advanced-usage.html#ssl-warnings
  warnings.warn(

[2024-04-24T13:40:42.650+0000] {_transport.py:335} INFO - PUT https://dbelk1.afaqy.local:9200/units_statistics_***/_bulk [status:200 duration:4.169s]
[2024-04-24T13:40:42.757+0000] {taskinstance.py:2731} ERROR - Task failed with exception
Traceback (most recent call last):
  File "/home/airflow/.local/lib/python3.8/site-packages/airflow/models/taskinstance.py", line 444, in _execute_task
    result = _execute_callable(context=context, **execute_callable_kwargs)
  File "/home/airflow/.local/lib/python3.8/site-packages/airflow/models/taskinstance.py", line 414, in _execute_callable
    return execute_callable(context=context, **execute_callable_kwargs)
  File "/home/airflow/.local/lib/python3.8/site-packages/airflow/decorators/base.py", line 241, in execute
    return_value = super().execute(context)
  File "/home/airflow/.local/lib/python3.8/site-packages/airflow/operators/python.py", line 200, in execute
    return_value = self.execute_callable()
  File "/home/airflow/.local/lib/python3.8/site-packages/airflow/operators/python.py", line 217, in execute_callable
    return self.python_callable(*self.op_args, **self.op_kwargs)
  File "/opt/airflow/dags/Units_dag.py", line 112, in ETL_job
    Elk_client.elk_pushData(Globals.index_name,units_list_update)
  File "/opt/airflow/dags/elk_manager.py", line 69, in elk_pushData
    helpers.bulk(self.elk_client, docs_list, index=index_name, chunk_size=batch)
  File "/home/airflow/.local/lib/python3.8/site-packages/elasticsearch/helpers/actions.py", line 521, in bulk
    for ok, item in streaming_bulk(
  File "/home/airflow/.local/lib/python3.8/site-packages/elasticsearch/helpers/actions.py", line 436, in streaming_bulk
    for data, (ok, info) in zip(
  File "/home/airflow/.local/lib/python3.8/site-packages/elasticsearch/helpers/actions.py", line 355, in _process_bulk_chunk
    yield from gen
  File "/home/airflow/.local/lib/python3.8/site-packages/elasticsearch/helpers/actions.py", line 274, in _process_bulk_chunk_success
    raise BulkIndexError(f"{len(errors)} document(s) failed to index.", errors)
elasticsearch.helpers.BulkIndexError: 1 document(s) failed to index.
[2024-04-24T13:40:42.772+0000] {taskinstance.py:1149} INFO - Marking task as UP_FOR_RETRY. dag_id=Units_statistics_DAG, task_id=ETL_job, map_index=12, execution_date=20240424T132000, start_date=20240424T134015, end_date=20240424T134042
[2024-04-24T13:40:42.816+0000] {standard_task_runner.py:107} ERROR - Failed to execute job 14755 for task ETL_job (1 document(s) failed to index.; 520148)
[2024-04-24T13:40:42.880+0000] {local_task_job_runner.py:234} INFO - Task exited with return code 1
[2024-04-24T13:40:42.911+0000] {taskinstance.py:3312} INFO - 0 downstream tasks scheduled from follow-on schedule check
