[2024-05-13T00:22:13.693+0000] {local_task_job_runner.py:120} INFO - ::group::Pre task execution logs
[2024-05-13T00:22:13.756+0000] {taskinstance.py:2076} INFO - Dependencies all met for dep_context=non-requeueable deps ti=<TaskInstance: Units_statistics_DAG.ETL_job scheduled__2024-05-13T00:00:00+00:00 map_index=9 [queued]>
[2024-05-13T00:22:13.787+0000] {taskinstance.py:2076} INFO - Dependencies all met for dep_context=requeueable deps ti=<TaskInstance: Units_statistics_DAG.ETL_job scheduled__2024-05-13T00:00:00+00:00 map_index=9 [queued]>
[2024-05-13T00:22:13.788+0000] {taskinstance.py:2306} INFO - Starting attempt 2 of 4
[2024-05-13T00:22:13.811+0000] {taskinstance.py:2330} INFO - Executing <Mapped(_PythonDecoratedOperator): ETL_job> on 2024-05-13 00:00:00+00:00
[2024-05-13T00:22:13.824+0000] {warnings.py:110} WARNING - /home/***/.local/lib/python3.12/site-packages/***/task/task_runner/standard_task_runner.py:61: DeprecationWarning: This process (pid=8216) is multi-threaded, use of fork() may lead to deadlocks in the child.
  pid = os.fork()

[2024-05-13T00:22:13.827+0000] {standard_task_runner.py:63} INFO - Started process 8218 to run task
[2024-05-13T00:22:13.833+0000] {standard_task_runner.py:90} INFO - Running: ['***', 'tasks', 'run', 'Units_statistics_DAG', 'ETL_job', 'scheduled__2024-05-13T00:00:00+00:00', '--job-id', '54987', '--raw', '--subdir', 'DAGS_FOLDER/Units_dag.py', '--cfg-path', '/tmp/tmpe2ybffuq', '--map-index', '9']
[2024-05-13T00:22:13.836+0000] {standard_task_runner.py:91} INFO - Job 54987: Subtask ETL_job
[2024-05-13T00:22:13.952+0000] {task_command.py:426} INFO - Running <TaskInstance: Units_statistics_DAG.ETL_job scheduled__2024-05-13T00:00:00+00:00 map_index=9 [running]> on host 7138d7e072c5
[2024-05-13T00:22:14.170+0000] {taskinstance.py:2648} INFO - Exporting env vars: AIRFLOW_CTX_DAG_OWNER='abeer-araby' AIRFLOW_CTX_DAG_ID='Units_statistics_DAG' AIRFLOW_CTX_TASK_ID='ETL_job' AIRFLOW_CTX_EXECUTION_DATE='2024-05-13T00:00:00+00:00' AIRFLOW_CTX_TRY_NUMBER='2' AIRFLOW_CTX_DAG_RUN_ID='scheduled__2024-05-13T00:00:00+00:00'
[2024-05-13T00:22:14.172+0000] {taskinstance.py:430} INFO - ::endgroup::
[2024-05-13T00:22:14.173+0000] {Units_dag.py:98} INFO - i: 90000, chunk: 10000
[2024-05-13T00:22:14.174+0000] {Units_dag.py:99} INFO - child token is::: eyJ0eXAiOiJKV1QiLCJhbGciOiJIUzI1NiJ9.eyJpc3MiOiJodHRwczovL2FwaS5hZmFxeS5zYS9hdXRoL2xvZ2luX2FzIiwiaWF0IjoxNzE1NTU5NjA0LCJleHAiOjE3MTgxNTE2MDQsIm5iZiI6MTcxNTU1OTYwNCwianRpIjoiNWNtZkhQdW1RME45YlJDYSIsInN1YiI6IjVkNjNlNTFlMDNlZDUyOTJhNDJjMjRlNiIsInBydiI6IjI3MGVjZmM3ZWEzZWQ5MzdlYTg0OTM2MmEzYTUwOTEwYzZkOGNlNGYiLCJsb2dpbl9hc19pZCI6IjY1N2YwYWQ3M2Y5NzcyOTVjZjA1NTc2YSJ9.SbvQzsSxYXnIN4I6bi-Lae4dl0m9Um3IZ0WdXIFMptg
[2024-05-13T00:22:29.432+0000] {Units_dag.py:103} INFO - {'_id': '640f13efd776f26c0a2f8041', 'icon': 'icons/icon.png', 'driver_id': '', 'tailer_id': '', 'profile': {'measurement_type': 'count', 'fuel_type': '91', 'year': 0, 'seats': 2}, 'device_password': '***', 'device_type': 'gps', 'gateway': False, 'name': '5207 U X B', 'operation_code': None, 'device_gateway': None, 'business_types': {'waste': False, 'transportation': True, 'water': False}, 'imei': '350424066440411', 'sim_number': '+966830030954072', 'sim_serial': '21294048953', 'device_serial': '1125830868', 'device': 'teltonika', 'user_id': '6374f3b2471fe5122740db03', 'created_by': '5e6655bf03ed52e1ab79d301', 'updated_at': '2024-04-18 11:18:59', 'created_at': '2023-03-13 15:15:43', 'custom_fields': [], 'creator': 'amr.ahmed', 'company': '', 'owner': 'riyada-maintenance-and-cleaning-admin', 'last_update': {'dtt': 1715559529000, 'dts': 1715559533009, 'spd': 0, 'ang': 1, 'alt': 8, 'chPrams': {'Speed': {'v': 0, 'cdt': 1715548108000}, 'output1': {'v': False, 'cdt': 1714056205000}, 'output2': {'v': False, 'cdt': 1714056205000}, 'ePwrV': {'v': 13.06, 'cdt': 1715559529000}, 'parm24': {'v': 0, 'cdt': 1715548108000}, 'sat': {'v': 13, 'cdt': 1715558928000}, 'ai1': {'v': 87, 'cdt': 1715545770000}, 'priority': {'v': 0, 'cdt': 1713019393000}, 'di2': {'v': 0, 'cdt': 1713153319000}, 'type': {'v': 6, 'cdt': 1713707728000}, 'di1': {'v': 0, 'cdt': 1715547753000}, 'result': {'v': '5665723a30332e32372e31335f3033204750533a41584e5f352e312e392048773a464d42313230204d6f643a333320494d45493a33353034323430363634343034313120496e69743a323032342d312d31382032323a313920557074696d653a39303931383730204d41433a333838413231304130314339205350433a312830292041584c3a32204f42443a3020424c3a312e31302042543a34', 'cdt': 1714724540000}, 'protocol': {'v': 'FMB120', 'cdt': 1714724571000}, 'parm6': {'v': 87, 'cdt': 1713153319000}, 'iPwrV': {'v': 3.9490000000000003, 'cdt': 1715547753000}, 'event': {'v': 0, 'cdt': 1713019393000}}, 'prms': {'protocol': 'FMB120', 'priority': 0, 'sat': 13, 'event': 0, 'di1': 0, 'output1': 0, 'di2': 0, 'output2': 0, 'ePwrV': 13.06, 'Speed': 0, 'parm24': 0, 'iPwrV': 3.9490000000000003, 'ai1': 87, 'parm6': 87}, 'devPrms': ['protocol', 'priority', 'sat', 'event', 'di1', 'output1', 'di2', 'output2', 'ePwrV', 'Speed', 'parm24', 'iPwrV', 'ai1', 'parm6'], 'old_params': {'Speed': 0, 'output1': 0, 'output2': 0, 'ePwrV': 13.059000000000001, 'parm24': 0, 'sat': 13, 'ai1': 87, 'priority': 0, 'di2': 0, 'di1': 0, 'protocol': 'teltonika', 'parm6': 87, 'iPwrV': 3.9490000000000003, 'event': 0}, 'vLoc': 1, 'vCon': 1, 'ip': '51.39.52.105', 'rl': 0, 'trl': 19311.344, 'mdu': 0, 'tmdu': 1675892, 'eidl': 0, 'teidl': 687181, 'fc': 0, 'tfc': 111.200808, 'acc': 0, 'accOn': 1843630306, 'accOff': 32691139, 'sdu': 301, 'tsdu': 11421, 'lat': 26.4302633, 'lng': 50.1075683}, 'counters': {'odometer_type': 'gps', 'odometer': 19320.4941, 'engine_hours_type': 'acc', 'engine_hours': 1843630306, 'last_acc': 0}, 'is_wasl_connected': 'Not Connected', 'iconUrl': 'https://api.afaqy.sa/images/units/icons/icon.png', 'hasCCTV': False}
[2024-05-13T00:22:30.078+0000] {warnings.py:110} WARNING - /home/***/.local/lib/python3.12/site-packages/elasticsearch/_sync/client/__init__.py:399: SecurityWarning: Connecting to 'https://dbelk2.afaqy.local:9200' using TLS with verify_certs=False is insecure
  _transport = transport_class(

[2024-05-13T00:22:30.128+0000] {warnings.py:110} WARNING - /home/***/.local/lib/python3.12/site-packages/elasticsearch/_sync/client/__init__.py:399: SecurityWarning: Connecting to 'https://dbelk3.afaqy.local:9200' using TLS with verify_certs=False is insecure
  _transport = transport_class(

[2024-05-13T00:22:30.551+0000] {warnings.py:110} WARNING - /home/***/.local/lib/python3.12/site-packages/elasticsearch/_sync/client/__init__.py:399: SecurityWarning: Connecting to 'https://dbelk1.afaqy.local:9200' using TLS with verify_certs=False is insecure
  _transport = transport_class(

[2024-05-13T00:22:30.572+0000] {warnings.py:110} WARNING - /home/***/.local/lib/python3.12/site-packages/urllib3/connectionpool.py:1103: InsecureRequestWarning: Unverified HTTPS request is being made to host 'dbelk2.afaqy.local'. Adding certificate verification is strongly advised. See: https://urllib3.readthedocs.io/en/latest/advanced-usage.html#tls-warnings
  warnings.warn(

[2024-05-13T00:22:30.624+0000] {_transport.py:349} INFO - GET https://dbelk2.afaqy.local:9200/_cluster/health [status:200 duration:0.072s]
[2024-05-13T00:22:30.973+0000] {warnings.py:110} WARNING - /home/***/.local/lib/python3.12/site-packages/urllib3/connectionpool.py:1103: InsecureRequestWarning: Unverified HTTPS request is being made to host 'dbelk3.afaqy.local'. Adding certificate verification is strongly advised. See: https://urllib3.readthedocs.io/en/latest/advanced-usage.html#tls-warnings
  warnings.warn(

[2024-05-13T00:22:32.342+0000] {_transport.py:349} INFO - PUT https://dbelk3.afaqy.local:9200/units_statistics_***/_bulk [status:200 duration:1.389s]
[2024-05-13T00:22:32.601+0000] {python.py:237} INFO - Done. Returned value was: None
[2024-05-13T00:22:32.602+0000] {taskinstance.py:441} INFO - ::group::Post task execution logs
[2024-05-13T00:22:32.632+0000] {taskinstance.py:1206} INFO - Marking task as SUCCESS. dag_id=Units_statistics_DAG, task_id=ETL_job, run_id=scheduled__2024-05-13T00:00:00+00:00, map_index=9, execution_date=20240513T000000, start_date=20240513T002213, end_date=20240513T002232
[2024-05-13T00:22:32.708+0000] {local_task_job_runner.py:240} INFO - Task exited with return code 0
[2024-05-13T00:22:32.746+0000] {taskinstance.py:3498} INFO - 0 downstream tasks scheduled from follow-on schedule check
[2024-05-13T00:22:32.748+0000] {local_task_job_runner.py:222} INFO - ::endgroup::
