[2024-05-13T14:20:20.186+0000] {local_task_job_runner.py:120} INFO - ::group::Pre task execution logs
[2024-05-13T14:20:20.381+0000] {taskinstance.py:2076} INFO - Dependencies all met for dep_context=non-requeueable deps ti=<TaskInstance: Units_statistics_DAG.ETL_job scheduled__2024-05-13T14:00:00+00:00 map_index=10 [queued]>
[2024-05-13T14:20:20.486+0000] {taskinstance.py:2076} INFO - Dependencies all met for dep_context=requeueable deps ti=<TaskInstance: Units_statistics_DAG.ETL_job scheduled__2024-05-13T14:00:00+00:00 map_index=10 [queued]>
[2024-05-13T14:20:20.486+0000] {taskinstance.py:2306} INFO - Starting attempt 1 of 4
[2024-05-13T14:20:20.576+0000] {taskinstance.py:2330} INFO - Executing <Mapped(_PythonDecoratedOperator): ETL_job> on 2024-05-13 14:00:00+00:00
[2024-05-13T14:20:20.615+0000] {warnings.py:110} WARNING - /home/***/.local/lib/python3.12/site-packages/***/task/task_runner/standard_task_runner.py:61: DeprecationWarning: This process (pid=20371) is multi-threaded, use of fork() may lead to deadlocks in the child.
  pid = os.fork()

[2024-05-13T14:20:20.618+0000] {standard_task_runner.py:63} INFO - Started process 20388 to run task
[2024-05-13T14:20:20.641+0000] {standard_task_runner.py:90} INFO - Running: ['***', 'tasks', 'run', 'Units_statistics_DAG', 'ETL_job', 'scheduled__2024-05-13T14:00:00+00:00', '--job-id', '55982', '--raw', '--subdir', 'DAGS_FOLDER/Units_dag.py', '--cfg-path', '/tmp/tmpa10zwp7m', '--map-index', '10']
[2024-05-13T14:20:20.660+0000] {standard_task_runner.py:91} INFO - Job 55982: Subtask ETL_job
[2024-05-13T14:20:21.059+0000] {task_command.py:426} INFO - Running <TaskInstance: Units_statistics_DAG.ETL_job scheduled__2024-05-13T14:00:00+00:00 map_index=10 [running]> on host 7138d7e072c5
[2024-05-13T14:20:21.465+0000] {taskinstance.py:2648} INFO - Exporting env vars: AIRFLOW_CTX_DAG_OWNER='abeer-araby' AIRFLOW_CTX_DAG_ID='Units_statistics_DAG' AIRFLOW_CTX_TASK_ID='ETL_job' AIRFLOW_CTX_EXECUTION_DATE='2024-05-13T14:00:00+00:00' AIRFLOW_CTX_TRY_NUMBER='1' AIRFLOW_CTX_DAG_RUN_ID='scheduled__2024-05-13T14:00:00+00:00'
[2024-05-13T14:20:21.466+0000] {taskinstance.py:430} INFO - ::endgroup::
[2024-05-13T14:20:21.467+0000] {Units_dag.py:98} INFO - i: 100000, chunk: 10000
[2024-05-13T14:20:21.467+0000] {Units_dag.py:99} INFO - child token is::: eyJ0eXAiOiJKV1QiLCJhbGciOiJIUzI1NiJ9.eyJpc3MiOiJodHRwczovL2FwaS5hZmFxeS5zYS9hdXRoL2xvZ2luX2FzIiwiaWF0IjoxNzE1NjEwMDA1LCJleHAiOjE3MTgyMDIwMDUsIm5iZiI6MTcxNTYxMDAwNSwianRpIjoiMzM5cjR4eWNmYXVzbndZVyIsInN1YiI6IjVkNjNlNTFlMDNlZDUyOTJhNDJjMjRlNiIsInBydiI6IjI3MGVjZmM3ZWEzZWQ5MzdlYTg0OTM2MmEzYTUwOTEwYzZkOGNlNGYiLCJsb2dpbl9hc19pZCI6IjY1N2YwYWQ3M2Y5NzcyOTVjZjA1NTc2YSJ9.bQtjbS2vSmI10a47NC8bMoJO2SZfahGm4vnoLrGgvBQ
[2024-05-13T14:20:54.751+0000] {Units_dag.py:103} INFO - {'_id': '6457a07c3900033df46b120a', 'icon': 'icons/icon.png', 'driver_id': '', 'tailer_id': '', 'profile': {'vehicle_type': '', 'measurement_type': 'count', 'max_capacity': 0, 'vin': '', 'plate_number': '', 'start_operation': '', 'contract_milage': '', 'opening_milage': '', 'model': '', 'fuel_type': '91', 'year': 0, 'seats': 2}, 'device_password': '***', 'device_type': 'gps', 'gateway': False, 'name': 'ر س ق 5378', 'operation_code': '29302d97-91f8-44e9-bcf6-3ee5daa7eedf', 'device_gateway': '', 'business_types': {'waste': False, 'transportation': True, 'water': False}, 'imei': '861937063370655', 'sim_number': '+966830031819138', 'sim_serial': '421296829726', 'device_serial': '861937063370655', 'device': 'bce', 'user_id': '5f0d614303ed52b67f28d078', 'created_by': '5e6655bf03ed52e1ab79d301', 'updated_at': '2024-04-18 11:18:59', 'created_at': '2023-05-07 15:58:36', 'skip_sim_information': False, 'shipment_info': {'product_category': None, 'truck_type': None, 'shipment_type': None, 'shipment_payment_type': None, 'transporter_type': None, 'operating_area': None, 'weight_kilograms_per_day': None, 'kms_per_day': None, 'shipment_trip_drive_hrs_day': None, 'allowable_delay_drive_hrs_day': None, 'expected_shipment_trip_day': None, 'car_pay_per_day': None, 'exceeding_temperature_limit_per_day': None, 'temperature_upper_limit': None, 'exceeding_humidity_limit_per_day': None, 'humidity_upper_limit': None}, 'custom_fields': [], 'creator': 'amr.ahmed', 'company': '', 'owner': 'alwefaq-idrive', 'last_update': {'dtt': 1698064234000, 'dts': 1698064419793, 'spd': 0, 'ang': 342, 'alt': 603, 'chPrams': {'ePwrV': {'v': 12.727, 'cdt': 1698063932000}, 'di16': {'v': 1, 'cdt': 1696427488000}, 'rssi1': {'v': 57, 'cdt': 1698064234000}, 'di15': {'v': 0, 'cdt': 1696427488000}, 'di14': {'v': 0, 'cdt': 1697930602000}, 'di13': {'v': 0, 'cdt': 1696427488000}, 'di12': {'v': 0, 'cdt': 1696427488000}, 'di11': {'v': 0, 'cdt': 1696427488000}, 'di10': {'v': 0, 'cdt': 1683465678000}, 'di2': {'v': 0, 'cdt': 1696427488000}, 'ai4': {'v': 278, 'cdt': 1698054934000}, 'di1': {'v': 0, 'cdt': 1697932236000}, 'di4': {'v': 0, 'cdt': 1696427488000}, 'di3': {'v': 0, 'cdt': 1697932212000}, 'di6': {'v': 0, 'cdt': 1696427488000}, 'di5': {'v': 0, 'cdt': 1697932236000}, 'lac1': {'v': 22119, 'cdt': 1697929606000}, 'protocol': {'v': 'bce', 'cdt': 1696427488000}, 'di8': {'v': 1, 'cdt': 1697210668000}, 'di7': {'v': 0, 'cdt': 1697932536000}, 'di9': {'v': 0, 'cdt': 1696427488000}, 'iPwrV': {'v': 4.033, 'cdt': 1698051034000}, 'cid1': {'v': 22302, 'cdt': 1697930414000}, 'odometer': {'v': 0, 'cdt': 1697930616000}, 'spd': {'v': 0, 'cdt': 1697930614000}, 'sat': {'v': 12, 'cdt': 1697799308000}, 'hdop': {'v': 1, 'cdt': 1696872302000}, 'ta': {'v': 0, 'cdt': 1696427488000}, 'mcc1': {'v': 420, 'cdt': 1697208048000}, 'mnc1': {'v': 4, 'cdt': 1697281114000}}, 'prms': {'protocol': 'bce', 'spd': 0, 'sat': 12, 'hdop': 1, 'odometer': 0, 'di16': 1, 'di15': 0, 'di14': 0, 'di13': 0, 'di12': 0, 'di11': 0, 'di10': 0, 'di9': 0, 'di8': 1, 'di7': 0, 'di6': 0, 'di5': 0, 'di4': 0, 'di3': 0, 'di2': 0, 'di1': 0, 'ePwrV': 12.727, 'ai4': 278, 'iPwrV': 4.033, 'ta': 0, 'mcc1': 420, 'mnc1': 4, 'lac1': 22119, 'cid1': 22302, 'rssi1': 57}, 'devPrms': ['protocol', 'spd', 'sat', 'hdop', 'odometer', 'di16', 'di15', 'di14', 'di13', 'di12', 'di11', 'di10', 'di9', 'di8', 'di7', 'di6', 'di5', 'di4', 'di3', 'di2', 'di1', 'ePwrV', 'ai4', 'iPwrV', 'ta', 'mcc1', 'mnc1', 'lac1', 'cid1', 'rssi1'], 'old_params': {'protocol': 'bce', 'spd': 0, 'sat': 12, 'hdop': 1, 'odometer': 0, 'di16': 1, 'di15': 0, 'di14': 0, 'di13': 0, 'di12': 0, 'di11': 0, 'di10': 0, 'di9': 0, 'di8': 1, 'di7': 0, 'di6': 0, 'di5': 0, 'di4': 0, 'di3': 0, 'di2': 0, 'di1': 0, 'ePwrV': 12.727, 'ai4': 278, 'iPwrV': 4.033, 'ta': 0, 'mcc1': 420, 'mnc1': 4, 'lac1': 22119, 'cid1': 22302, 'rssi1': 58}, 'vLoc': 1, 'vCon': 1, 'ip': '51.36.53.229', 'rl': 0, 'trl': 12223.9124, 'mdu': 0, 'tmdu': 647654, 'eidl': 0, 'teidl': 429416, 'fc': 0, 'tfc': 0.009492, 'acc': 0, 'accOn': 1604048, 'accOff': 13228048, 'sdu': 302, 'tsdu': 131998, 'lat': 24.609838485717773, 'lng': 46.84575271606445}, 'counters': {'odometer_type': 'gps', 'odometer': 12223.915, 'engine_hours_type': 'acc', 'engine_hours': 1604048, 'last_acc': 0}, 'is_wasl_connected': 'Not Connected', 'iconUrl': 'https://api.afaqy.sa/images/units/icons/icon.png', 'hasCCTV': False}
[2024-05-13T14:20:58.603+0000] {warnings.py:110} WARNING - /home/***/.local/lib/python3.12/site-packages/elasticsearch/_sync/client/__init__.py:399: SecurityWarning: Connecting to 'https://dbelk3.afaqy.local:9200' using TLS with verify_certs=False is insecure
  _transport = transport_class(

[2024-05-13T14:20:58.813+0000] {warnings.py:110} WARNING - /home/***/.local/lib/python3.12/site-packages/elasticsearch/_sync/client/__init__.py:399: SecurityWarning: Connecting to 'https://dbelk1.afaqy.local:9200' using TLS with verify_certs=False is insecure
  _transport = transport_class(

[2024-05-13T14:20:59.464+0000] {warnings.py:110} WARNING - /home/***/.local/lib/python3.12/site-packages/elasticsearch/_sync/client/__init__.py:399: SecurityWarning: Connecting to 'https://dbelk2.afaqy.local:9200' using TLS with verify_certs=False is insecure
  _transport = transport_class(

[2024-05-13T14:20:59.483+0000] {warnings.py:110} WARNING - /home/***/.local/lib/python3.12/site-packages/urllib3/connectionpool.py:1103: InsecureRequestWarning: Unverified HTTPS request is being made to host 'dbelk3.afaqy.local'. Adding certificate verification is strongly advised. See: https://urllib3.readthedocs.io/en/latest/advanced-usage.html#tls-warnings
  warnings.warn(

[2024-05-13T14:20:59.563+0000] {_transport.py:349} INFO - GET https://dbelk3.afaqy.local:9200/_cluster/health [status:200 duration:0.097s]
[2024-05-13T14:21:00.141+0000] {warnings.py:110} WARNING - /home/***/.local/lib/python3.12/site-packages/urllib3/connectionpool.py:1103: InsecureRequestWarning: Unverified HTTPS request is being made to host 'dbelk1.afaqy.local'. Adding certificate verification is strongly advised. See: https://urllib3.readthedocs.io/en/latest/advanced-usage.html#tls-warnings
  warnings.warn(

[2024-05-13T14:21:02.003+0000] {_transport.py:349} INFO - PUT https://dbelk1.afaqy.local:9200/units_statistics_***/_bulk [status:200 duration:1.890s]
[2024-05-13T14:21:02.224+0000] {python.py:237} INFO - Done. Returned value was: None
[2024-05-13T14:21:02.225+0000] {taskinstance.py:441} INFO - ::group::Post task execution logs
[2024-05-13T14:21:02.241+0000] {taskinstance.py:1206} INFO - Marking task as SUCCESS. dag_id=Units_statistics_DAG, task_id=ETL_job, run_id=scheduled__2024-05-13T14:00:00+00:00, map_index=10, execution_date=20240513T140000, start_date=20240513T142020, end_date=20240513T142102
[2024-05-13T14:21:02.289+0000] {local_task_job_runner.py:240} INFO - Task exited with return code 0
[2024-05-13T14:21:02.324+0000] {taskinstance.py:3498} INFO - 0 downstream tasks scheduled from follow-on schedule check
[2024-05-13T14:21:02.326+0000] {local_task_job_runner.py:222} INFO - ::endgroup::
