[2024-04-26T21:00:14.211+0000] {taskinstance.py:1979} INFO - Dependencies all met for dep_context=non-requeueable deps ti=<TaskInstance: Units_statistics_DAG.ETL_job scheduled__2024-04-26T20:40:00+00:00 map_index=2 [queued]>
[2024-04-26T21:00:14.250+0000] {taskinstance.py:1979} INFO - Dependencies all met for dep_context=requeueable deps ti=<TaskInstance: Units_statistics_DAG.ETL_job scheduled__2024-04-26T20:40:00+00:00 map_index=2 [queued]>
[2024-04-26T21:00:14.250+0000] {taskinstance.py:2193} INFO - Starting attempt 1 of 4
[2024-04-26T21:00:14.287+0000] {taskinstance.py:2217} INFO - Executing <Mapped(_PythonDecoratedOperator): ETL_job> on 2024-04-26 20:40:00+00:00
[2024-04-26T21:00:14.295+0000] {standard_task_runner.py:60} INFO - Started process 575116 to run task
[2024-04-26T21:00:14.361+0000] {standard_task_runner.py:87} INFO - Running: ['***', 'tasks', 'run', 'Units_statistics_DAG', 'ETL_job', 'scheduled__2024-04-26T20:40:00+00:00', '--job-id', '18547', '--raw', '--subdir', 'DAGS_FOLDER/Units_dag.py', '--cfg-path', '/tmp/tmp2sp201ly', '--map-index', '2']
[2024-04-26T21:00:14.364+0000] {standard_task_runner.py:88} INFO - Job 18547: Subtask ETL_job
[2024-04-26T21:00:14.759+0000] {task_command.py:423} INFO - Running <TaskInstance: Units_statistics_DAG.ETL_job scheduled__2024-04-26T20:40:00+00:00 map_index=2 [running]> on host a09da322e808
[2024-04-26T21:00:15.327+0000] {taskinstance.py:2513} INFO - Exporting env vars: AIRFLOW_CTX_DAG_OWNER='abeer-araby' AIRFLOW_CTX_DAG_ID='Units_statistics_DAG' AIRFLOW_CTX_TASK_ID='ETL_job' AIRFLOW_CTX_EXECUTION_DATE='2024-04-26T20:40:00+00:00' AIRFLOW_CTX_TRY_NUMBER='1' AIRFLOW_CTX_DAG_RUN_ID='scheduled__2024-04-26T20:40:00+00:00'
[2024-04-26T21:00:15.328+0000] {Units_dag.py:99} INFO - i: 20000, chunk: 10000
[2024-04-26T21:00:15.343+0000] {Units_dag.py:100} INFO - child token is::: eyJ0eXAiOiJKV1QiLCJhbGciOiJIUzI1NiJ9.eyJpc3MiOiJodHRwczovL2FwaS5hZmFxeS5zYS9hdXRoL2xvZ2luX2FzIiwiaWF0IjoxNzE0MTY1MjAzLCJleHAiOjE3MTY3NTcyMDMsIm5iZiI6MTcxNDE2NTIwMywianRpIjoicEEwMXVwVFBSZVJBWDZqVSIsInN1YiI6IjVkNjNlNTFlMDNlZDUyOTJhNDJjMjRlNiIsInBydiI6IjI3MGVjZmM3ZWEzZWQ5MzdlYTg0OTM2MmEzYTUwOTEwYzZkOGNlNGYiLCJsb2dpbl9hc19pZCI6IjY1N2YwYWQ3M2Y5NzcyOTVjZjA1NTc2YSJ9.ImtDiHw7h4ngGNBI4-DcNNGS3guQ5o18Y8ZQ92G4GeQ
[2024-04-26T21:00:37.935+0000] {Units_dag.py:104} INFO - {'_id': '6187cb4da66b056b38628407', 'icon': 'icons/icon.png', 'driver_id': '', 'tailer_id': '', 'profile': {'vehicle_type': None, 'measurement_type': 'count', 'max_capacity': 0, 'vin': None, 'plate_number': None, 'start_operation': None, 'contract_milage': None, 'opening_milage': None, 'model': None, 'fuel_type': '91', 'year': 0, 'seats': 2}, 'device_password': '***', 'device_type': 'gps', 'gateway': False, 'name': '5049 - د ي ن', 'operation_code': '', 'device_gateway': None, 'business_types': {'waste': False, 'transportation': True, 'water': False}, 'imei': '867556044031253', 'sim_number': '+966830020112688', 'sim_serial': '996641520415746714', 'device_serial': '867556044031253', 'device': 'bce', 'user_id': '5f8bf21303ed52b7fb1c11ba', 'created_by': '5e6655bf03ed52e1ab79d301', 'updated_at': '2024-04-18 11:18:59', 'created_at': '2021-11-07 15:49:17', 'custom_fields': [], 'creator': 'amr.ahmed', 'company': '', 'owner': 'alwefaq-rent', 'last_update': {'dtt': 1714165170000, 'dts': 1714165191710, 'spd': 0, 'ang': 58, 'alt': 590, 'chPrams': {'ePwrV': {'v': 13.019, 'cdt': 1714165170000}, 'di16': {'v': 1, 'cdt': 1714128892000}, 'rssi1': {'v': 57, 'cdt': 1714165170000}, 'di15': {'v': 0, 'cdt': 1714128892000}, 'di14': {'v': 0, 'cdt': 1714159710000}, 'di13': {'v': 0, 'cdt': 1714129492000}, 'di12': {'v': 0, 'cdt': 1714128892000}, 'di11': {'v': 0, 'cdt': 1714128892000}, 'di10': {'v': 0, 'cdt': 1714128892000}, 'di2': {'v': 0, 'cdt': 1714128892000}, 'di1': {'v': 0, 'cdt': 1714165140000}, 'ai4': {'v': 268, 'cdt': 1714165048000}, 'di4': {'v': 0, 'cdt': 1714128892000}, 'di3': {'v': 0, 'cdt': 1714128892000}, 'di6': {'v': 0, 'cdt': 1714128892000}, 'di5': {'v': 1, 'cdt': 1714164394000}, 'lac1': {'v': 1251, 'cdt': 1714165170000}, 'di8': {'v': 1, 'cdt': 1713689026000}, 'protocol': {'v': 'bce', 'cdt': 1714128892000}, 'di7': {'v': 0, 'cdt': 1714165170000}, 'di9': {'v': 0, 'cdt': 1713335584000}, 'iPwrV': {'v': 3.994, 'cdt': 1714165170000}, 'humidity': {'v': -1, 'cdt': 1714128892000}, 'cid1': {'v': 13703, 'cdt': 1714165170000}, 'temp': {'v': -273, 'cdt': 1712941534000}, 'odometer': {'v': 0, 'cdt': 1714165140000}, 'spd': {'v': 0, 'cdt': 1714165140000}, 'sat': {'v': 12, 'cdt': 1714165128000}, 'hdop': {'v': 1, 'cdt': 1714159694000}, 'ta': {'v': 0, 'cdt': 1714128892000}, 'mcc1': {'v': 420, 'cdt': 1713346440000}, 'mnc1': {'v': 3, 'cdt': 1713346440000}}, 'prms': {'protocol': 'bce', 'spd': 0, 'sat': 12, 'hdop': 1, 'odometer': 0, 'di16': 1, 'di15': 0, 'di14': 0, 'di13': 0, 'di12': 0, 'di11': 0, 'di10': 0, 'di9': 0, 'di8': 1, 'di7': 0, 'di6': 0, 'di5': 1, 'di4': 0, 'di3': 0, 'di2': 0, 'di1': 0, 'ePwrV': 13.019, 'ai4': 268, 'iPwrV': 3.994, 'ta': 0, 'mcc1': 420, 'mnc1': 3, 'lac1': 1251, 'cid1': 13703, 'rssi1': 57, 'temp': -273, 'humidity': -1}, 'devPrms': ['protocol', 'spd', 'sat', 'hdop', 'odometer', 'di16', 'di15', 'di14', 'di13', 'di12', 'di11', 'di10', 'di9', 'di8', 'di7', 'di6', 'di5', 'di4', 'di3', 'di2', 'di1', 'ePwrV', 'ai4', 'iPwrV', 'ta', 'mcc1', 'mnc1', 'lac1', 'cid1', 'rssi1', 'temp', 'humidity'], 'old_params': {'protocol': 'bce', 'spd': 0, 'sat': 12, 'hdop': 1, 'odometer': 0, 'di16': 1, 'di15': 0, 'di14': 0, 'di13': 0, 'di12': 0, 'di11': 0, 'di10': 0, 'di9': 0, 'di8': 1, 'di7': 1, 'di6': 0, 'di5': 1, 'di4': 0, 'di3': 0, 'di2': 0, 'di1': 0, 'ePwrV': 13.152, 'ai4': 268, 'iPwrV': 3.996, 'ta': 0, 'mcc1': 420, 'mnc1': 3, 'lac1': 1242, 'cid1': 10902, 'rssi1': 62, 'temp': -273, 'humidity': -1}, 'vLoc': 1, 'vCon': 1, 'ip': '109.83.251.194', 'rl': 0, 'trl': 195888.6297, 'mdu': 0, 'tmdu': 10346184, 'eidl': 30, 'teidl': 4653898, 'fc': 0, 'tfc': 3.856464, 'acc': 1, 'accOn': 16114425, 'accOff': 66399320, 'sdu': 0, 'tsdu': 0, 'lat': 24.622285842895508, 'lng': 46.70546340942383}, 'counters': {'odometer_type': 'gps', 'odometer': 195899.6297, 'engine_hours_type': 'acc', 'engine_hours': 16114425, 'last_acc': 1}, 'is_wasl_connected': 'Not Connected', 'iconUrl': 'https://api.afaqy.sa/images/units/icons/icon.png', 'hasCCTV': False}
[2024-04-26T21:00:38.472+0000] {warnings.py:109} WARNING - /home/***/.local/lib/python3.8/site-packages/elasticsearch/_sync/client/__init__.py:399: SecurityWarning: Connecting to 'https://dbelk2.afaqy.local:9200' using TLS with verify_certs=False is insecure
  _transport = transport_class(

[2024-04-26T21:00:38.519+0000] {warnings.py:109} WARNING - /home/***/.local/lib/python3.8/site-packages/elasticsearch/_sync/client/__init__.py:399: SecurityWarning: Connecting to 'https://dbelk1.afaqy.local:9200' using TLS with verify_certs=False is insecure
  _transport = transport_class(

[2024-04-26T21:00:38.562+0000] {warnings.py:109} WARNING - /home/***/.local/lib/python3.8/site-packages/elasticsearch/_sync/client/__init__.py:399: SecurityWarning: Connecting to 'https://dbelk3.afaqy.local:9200' using TLS with verify_certs=False is insecure
  _transport = transport_class(

[2024-04-26T21:00:38.587+0000] {warnings.py:109} WARNING - /home/***/.local/lib/python3.8/site-packages/urllib3/connectionpool.py:1061: InsecureRequestWarning: Unverified HTTPS request is being made to host 'dbelk2.afaqy.local'. Adding certificate verification is strongly advised. See: https://urllib3.readthedocs.io/en/1.26.x/advanced-usage.html#ssl-warnings
  warnings.warn(

[2024-04-26T21:00:38.669+0000] {_transport.py:335} INFO - GET https://dbelk2.afaqy.local:9200/_cluster/health [status:200 duration:0.105s]
[2024-04-26T21:00:39.084+0000] {warnings.py:109} WARNING - /home/***/.local/lib/python3.8/site-packages/urllib3/connectionpool.py:1061: InsecureRequestWarning: Unverified HTTPS request is being made to host 'dbelk1.afaqy.local'. Adding certificate verification is strongly advised. See: https://urllib3.readthedocs.io/en/1.26.x/advanced-usage.html#ssl-warnings
  warnings.warn(

[2024-04-26T21:00:41.861+0000] {_transport.py:335} INFO - PUT https://dbelk1.afaqy.local:9200/units_statistics_***/_bulk [status:200 duration:2.803s]
[2024-04-26T21:00:43.230+0000] {taskinstance.py:2731} ERROR - Task failed with exception
Traceback (most recent call last):
  File "/home/airflow/.local/lib/python3.8/site-packages/airflow/models/taskinstance.py", line 444, in _execute_task
    result = _execute_callable(context=context, **execute_callable_kwargs)
  File "/home/airflow/.local/lib/python3.8/site-packages/airflow/models/taskinstance.py", line 414, in _execute_callable
    return execute_callable(context=context, **execute_callable_kwargs)
  File "/home/airflow/.local/lib/python3.8/site-packages/airflow/decorators/base.py", line 241, in execute
    return_value = super().execute(context)
  File "/home/airflow/.local/lib/python3.8/site-packages/airflow/operators/python.py", line 200, in execute
    return_value = self.execute_callable()
  File "/home/airflow/.local/lib/python3.8/site-packages/airflow/operators/python.py", line 217, in execute_callable
    return self.python_callable(*self.op_args, **self.op_kwargs)
  File "/opt/airflow/dags/Units_dag.py", line 112, in ETL_job
    Elk_client.elk_pushData(Globals.index_name,units_list_update)
  File "/opt/airflow/dags/elk_manager.py", line 69, in elk_pushData
    helpers.bulk(self.elk_client, docs_list, index=index_name, chunk_size=batch)
  File "/home/airflow/.local/lib/python3.8/site-packages/elasticsearch/helpers/actions.py", line 521, in bulk
    for ok, item in streaming_bulk(
  File "/home/airflow/.local/lib/python3.8/site-packages/elasticsearch/helpers/actions.py", line 436, in streaming_bulk
    for data, (ok, info) in zip(
  File "/home/airflow/.local/lib/python3.8/site-packages/elasticsearch/helpers/actions.py", line 355, in _process_bulk_chunk
    yield from gen
  File "/home/airflow/.local/lib/python3.8/site-packages/elasticsearch/helpers/actions.py", line 274, in _process_bulk_chunk_success
    raise BulkIndexError(f"{len(errors)} document(s) failed to index.", errors)
elasticsearch.helpers.BulkIndexError: 1 document(s) failed to index.
[2024-04-26T21:00:43.262+0000] {taskinstance.py:1149} INFO - Marking task as UP_FOR_RETRY. dag_id=Units_statistics_DAG, task_id=ETL_job, map_index=2, execution_date=20240426T204000, start_date=20240426T210014, end_date=20240426T210043
[2024-04-26T21:00:43.292+0000] {standard_task_runner.py:107} ERROR - Failed to execute job 18547 for task ETL_job (1 document(s) failed to index.; 575116)
[2024-04-26T21:00:43.399+0000] {local_task_job_runner.py:234} INFO - Task exited with return code 1
[2024-04-26T21:00:43.436+0000] {taskinstance.py:3312} INFO - 0 downstream tasks scheduled from follow-on schedule check
