[2024-05-12T10:23:19.725+0000] {taskinstance.py:1979} INFO - Dependencies all met for dep_context=non-requeueable deps ti=<TaskInstance: Units_statistics_DAG.ETL_job scheduled__2024-05-12T10:00:00+00:00 map_index=9 [queued]>
[2024-05-12T10:23:19.741+0000] {taskinstance.py:1979} INFO - Dependencies all met for dep_context=requeueable deps ti=<TaskInstance: Units_statistics_DAG.ETL_job scheduled__2024-05-12T10:00:00+00:00 map_index=9 [queued]>
[2024-05-12T10:23:19.742+0000] {taskinstance.py:2193} INFO - Starting attempt 3 of 4
[2024-05-12T10:23:19.769+0000] {taskinstance.py:2217} INFO - Executing <Mapped(_PythonDecoratedOperator): ETL_job> on 2024-05-12 10:00:00+00:00
[2024-05-12T10:23:19.776+0000] {standard_task_runner.py:60} INFO - Started process 731 to run task
[2024-05-12T10:23:19.796+0000] {standard_task_runner.py:87} INFO - Running: ['***', 'tasks', 'run', 'Units_statistics_DAG', 'ETL_job', 'scheduled__2024-05-12T10:00:00+00:00', '--job-id', '53829', '--raw', '--subdir', 'DAGS_FOLDER/Units_dag.py', '--cfg-path', '/tmp/tmpb9_08dgg', '--map-index', '9']
[2024-05-12T10:23:19.800+0000] {standard_task_runner.py:88} INFO - Job 53829: Subtask ETL_job
[2024-05-12T10:23:19.908+0000] {task_command.py:423} INFO - Running <TaskInstance: Units_statistics_DAG.ETL_job scheduled__2024-05-12T10:00:00+00:00 map_index=9 [running]> on host 3abf70bf7e68
[2024-05-12T10:23:20.101+0000] {taskinstance.py:2513} INFO - Exporting env vars: AIRFLOW_CTX_DAG_OWNER='abeer-araby' AIRFLOW_CTX_DAG_ID='Units_statistics_DAG' AIRFLOW_CTX_TASK_ID='ETL_job' AIRFLOW_CTX_EXECUTION_DATE='2024-05-12T10:00:00+00:00' AIRFLOW_CTX_TRY_NUMBER='3' AIRFLOW_CTX_DAG_RUN_ID='scheduled__2024-05-12T10:00:00+00:00'
[2024-05-12T10:23:20.102+0000] {Units_dag.py:98} INFO - i: 90000, chunk: 10000
[2024-05-12T10:23:20.102+0000] {Units_dag.py:99} INFO - child token is::: eyJ0eXAiOiJKV1QiLCJhbGciOiJIUzI1NiJ9.eyJpc3MiOiJodHRwczovL2FwaS5hZmFxeS5zYS9hdXRoL2xvZ2luX2FzIiwiaWF0IjoxNzE1NTA5MjAzLCJleHAiOjE3MTgxMDEyMDMsIm5iZiI6MTcxNTUwOTIwMywianRpIjoibnhtaVR2dVR0eFN5ZkxxNCIsInN1YiI6IjVkNjNlNTFlMDNlZDUyOTJhNDJjMjRlNiIsInBydiI6IjI3MGVjZmM3ZWEzZWQ5MzdlYTg0OTM2MmEzYTUwOTEwYzZkOGNlNGYiLCJsb2dpbl9hc19pZCI6IjY1N2YwYWQ3M2Y5NzcyOTVjZjA1NTc2YSJ9.eGG5UfCxrdsbBAWnPkWAJF3Uzi_iG3Y4yIF1sM4WpFc
[2024-05-12T10:23:40.934+0000] {Units_dag.py:103} INFO - {'_id': '640f0c8a1bac4a558828834e', 'icon': 'icons/icon.png', 'driver_id': '', 'tailer_id': '', 'profile': {'vehicle_type': '', 'measurement_type': 'count', 'max_capacity': 0, 'vin': '', 'plate_number': '', 'start_operation': '', 'contract_milage': '', 'opening_milage': '', 'model': '', 'fuel_type': '91', 'year': 0, 'seats': 2}, 'device_password': '***', 'device_type': 'gps', 'gateway': False, 'name': '8487 H X B', 'operation_code': '', 'device_gateway': '', 'business_types': {'waste': False, 'transportation': False, 'water': False}, 'imei': '861937062951927', 'sim_number': '+966830032563808', 'sim_serial': '996609821111961222', 'device_serial': '861937062951927', 'device': 'bce', 'user_id': '64075ae04579721acc493583', 'created_by': '62304746cad4421750192616', 'updated_at': '2024-04-18 11:18:59', 'created_at': '2023-03-13 14:44:10', 'custom_fields': [], 'creator': 'mahmoud.sayed', 'company': '', 'owner': 'arabian-farms-admin', 'last_update': {'dtt': 1715509152000, 'dts': 1715509177256, 'spd': 0, 'ang': 102, 'alt': 468, 'chPrams': {'ePwrV': {'v': 25.825, 'cdt': 1715508552000}, 'di16': {'v': 1, 'cdt': 1715000294000}, 'di15': {'v': 0, 'cdt': 1678707776000}, 'rssi1': {'v': 77, 'cdt': 1715509152000}, 'di14': {'v': 0, 'cdt': 1715505852000}, 'di13': {'v': 0, 'cdt': 1715000294000}, 'di12': {'v': 0, 'cdt': 1715000294000}, 'di11': {'v': 0, 'cdt': 1715000294000}, 'di10': {'v': 0, 'cdt': 1715000294000}, 'di2': {'v': 1, 'cdt': 1714626814000}, 'ai4': {'v': 14141, 'cdt': 1715509152000}, 'di1': {'v': 0, 'cdt': 1715505852000}, 'di4': {'v': 0, 'cdt': 1715000294000}, 'di3': {'v': 0, 'cdt': 1715000294000}, 'di6': {'v': 0, 'cdt': 1715000294000}, 'di5': {'v': 0, 'cdt': 1715505552000}, 'lac1': {'v': 1707, 'cdt': 1715505470000}, 'protocol': {'v': 'bce', 'cdt': 1715000294000}, 'di8': {'v': 1, 'cdt': 1715000294000}, 'di7': {'v': 0, 'cdt': 1715505852000}, 'di9': {'v': 0, 'cdt': 1715000294000}, 'iPwrV': {'v': 3.976, 'cdt': 1715509152000}, 'cid1': {'v': 64863, 'cdt': 1715505852000}, 'odometer': {'v': 0, 'cdt': 1715505552000}, 'spd': {'v': 0, 'cdt': 1715505548000}, 'sat': {'v': 12, 'cdt': 1714570894000}, 'hdop': {'v': 1, 'cdt': 1713863494000}, 'ta': {'v': 0, 'cdt': 1715000294000}, 'mcc1': {'v': 420, 'cdt': 1714648780000}, 'mnc1': {'v': 3, 'cdt': 1714648780000}}, 'prms': {'protocol': 'bce', 'spd': 0, 'sat': 12, 'hdop': 1, 'odometer': 0, 'di16': 1, 'di15': 0, 'di14': 0, 'di13': 0, 'di12': 0, 'di11': 0, 'di10': 0, 'di9': 0, 'di8': 1, 'di7': 0, 'di6': 0, 'di5': 0, 'di4': 0, 'di3': 0, 'di2': 1, 'di1': 0, 'ePwrV': 25.825, 'ai4': 14141, 'iPwrV': 3.976, 'ta': 0, 'mcc1': 420, 'mnc1': 3, 'lac1': 1707, 'cid1': 64863, 'rssi1': 77}, 'devPrms': ['protocol', 'spd', 'sat', 'hdop', 'odometer', 'di16', 'di15', 'di14', 'di13', 'di12', 'di11', 'di10', 'di9', 'di8', 'di7', 'di6', 'di5', 'di4', 'di3', 'di2', 'di1', 'ePwrV', 'ai4', 'iPwrV', 'ta', 'mcc1', 'mnc1', 'lac1', 'cid1', 'rssi1'], 'old_params': {'protocol': 'bce', 'spd': 0, 'sat': 12, 'hdop': 1, 'odometer': 0, 'di16': 1, 'di15': 0, 'di14': 0, 'di13': 0, 'di12': 0, 'di11': 0, 'di10': 0, 'di9': 0, 'di8': 1, 'di7': 0, 'di6': 0, 'di5': 0, 'di4': 0, 'di3': 0, 'di2': 1, 'di1': 0, 'ePwrV': 25.825, 'ai4': 13314, 'iPwrV': 3.979, 'ta': 0, 'mcc1': 420, 'mnc1': 3, 'lac1': 1707, 'cid1': 64863, 'rssi1': 78}, 'vLoc': 1, 'vCon': 1, 'ip': '37.216.37.226', 'rl': 0, 'trl': 5122.006, 'mdu': 0, 'tmdu': 1147018, 'eidl': 0, 'teidl': 3611726, 'fc': 0, 'tfc': 0.653052, 'acc': 0, 'accOn': 5996360, 'accOff': 32439424, 'sdu': 300, 'tsdu': 3600, 'lat': 24.305749893188477, 'lng': 47.23821258544922}, 'counters': {'odometer_type': 'gps', 'odometer': 5121.8678, 'engine_hours_type': 'acc', 'engine_hours': 5996360, 'last_acc': 0}, 'is_wasl_connected': 'Connected', 'iconUrl': 'https://api.afaqy.sa/images/units/icons/icon.png', 'hasCCTV': False}
[2024-05-12T10:23:41.788+0000] {warnings.py:109} WARNING - /home/***/.local/lib/python3.8/site-packages/elasticsearch/_sync/client/__init__.py:399: SecurityWarning: Connecting to 'https://dbelk2.afaqy.local:9200' using TLS with verify_certs=False is insecure
  _transport = transport_class(

[2024-05-12T10:23:41.834+0000] {warnings.py:109} WARNING - /home/***/.local/lib/python3.8/site-packages/elasticsearch/_sync/client/__init__.py:399: SecurityWarning: Connecting to 'https://dbelk3.afaqy.local:9200' using TLS with verify_certs=False is insecure
  _transport = transport_class(

[2024-05-12T10:23:41.879+0000] {warnings.py:109} WARNING - /home/***/.local/lib/python3.8/site-packages/elasticsearch/_sync/client/__init__.py:399: SecurityWarning: Connecting to 'https://dbelk1.afaqy.local:9200' using TLS with verify_certs=False is insecure
  _transport = transport_class(

[2024-05-12T10:23:41.913+0000] {warnings.py:109} WARNING - /home/***/.local/lib/python3.8/site-packages/urllib3/connectionpool.py:1061: InsecureRequestWarning: Unverified HTTPS request is being made to host 'dbelk2.afaqy.local'. Adding certificate verification is strongly advised. See: https://urllib3.readthedocs.io/en/1.26.x/advanced-usage.html#ssl-warnings
  warnings.warn(

[2024-05-12T10:23:41.966+0000] {_transport.py:335} INFO - GET https://dbelk2.afaqy.local:9200/_cluster/health [status:200 duration:0.084s]
[2024-05-12T10:23:42.621+0000] {warnings.py:109} WARNING - /home/***/.local/lib/python3.8/site-packages/urllib3/connectionpool.py:1061: InsecureRequestWarning: Unverified HTTPS request is being made to host 'dbelk3.afaqy.local'. Adding certificate verification is strongly advised. See: https://urllib3.readthedocs.io/en/1.26.x/advanced-usage.html#ssl-warnings
  warnings.warn(

[2024-05-12T10:23:43.772+0000] {_transport.py:335} INFO - PUT https://dbelk3.afaqy.local:9200/units_statistics_***/_bulk [status:200 duration:1.172s]
[2024-05-12T10:23:44.029+0000] {taskinstance.py:2731} ERROR - Task failed with exception
Traceback (most recent call last):
  File "/home/airflow/.local/lib/python3.8/site-packages/airflow/models/taskinstance.py", line 444, in _execute_task
    result = _execute_callable(context=context, **execute_callable_kwargs)
  File "/home/airflow/.local/lib/python3.8/site-packages/airflow/models/taskinstance.py", line 414, in _execute_callable
    return execute_callable(context=context, **execute_callable_kwargs)
  File "/home/airflow/.local/lib/python3.8/site-packages/airflow/decorators/base.py", line 241, in execute
    return_value = super().execute(context)
  File "/home/airflow/.local/lib/python3.8/site-packages/airflow/operators/python.py", line 200, in execute
    return_value = self.execute_callable()
  File "/home/airflow/.local/lib/python3.8/site-packages/airflow/operators/python.py", line 217, in execute_callable
    return self.python_callable(*self.op_args, **self.op_kwargs)
  File "/opt/airflow/dags/Units_dag.py", line 111, in ETL_job
    Elk_client.elk_pushData(Globals.index_name,units_list_update)
  File "/opt/airflow/dags/units_statistics/elk_manager.py", line 69, in elk_pushData
    helpers.bulk(self.elk_client, docs_list, index=index_name, chunk_size=batch)
  File "/home/airflow/.local/lib/python3.8/site-packages/elasticsearch/helpers/actions.py", line 521, in bulk
    for ok, item in streaming_bulk(
  File "/home/airflow/.local/lib/python3.8/site-packages/elasticsearch/helpers/actions.py", line 436, in streaming_bulk
    for data, (ok, info) in zip(
  File "/home/airflow/.local/lib/python3.8/site-packages/elasticsearch/helpers/actions.py", line 355, in _process_bulk_chunk
    yield from gen
  File "/home/airflow/.local/lib/python3.8/site-packages/elasticsearch/helpers/actions.py", line 274, in _process_bulk_chunk_success
    raise BulkIndexError(f"{len(errors)} document(s) failed to index.", errors)
elasticsearch.helpers.BulkIndexError: 3124 document(s) failed to index.
[2024-05-12T10:23:44.043+0000] {taskinstance.py:1149} INFO - Marking task as UP_FOR_RETRY. dag_id=Units_statistics_DAG, task_id=ETL_job, map_index=9, execution_date=20240512T100000, start_date=20240512T102319, end_date=20240512T102344
[2024-05-12T10:23:44.060+0000] {standard_task_runner.py:107} ERROR - Failed to execute job 53829 for task ETL_job (3124 document(s) failed to index.; 731)
[2024-05-12T10:23:44.134+0000] {local_task_job_runner.py:234} INFO - Task exited with return code 1
[2024-05-12T10:23:44.161+0000] {taskinstance.py:3312} INFO - 0 downstream tasks scheduled from follow-on schedule check
