[2024-04-22T09:20:15.945+0000] {taskinstance.py:1979} INFO - Dependencies all met for dep_context=non-requeueable deps ti=<TaskInstance: Units_statistics_DAG.ETL_job scheduled__2024-04-22T09:00:00+00:00 map_index=9 [queued]>
[2024-04-22T09:20:16.017+0000] {taskinstance.py:1979} INFO - Dependencies all met for dep_context=requeueable deps ti=<TaskInstance: Units_statistics_DAG.ETL_job scheduled__2024-04-22T09:00:00+00:00 map_index=9 [queued]>
[2024-04-22T09:20:16.018+0000] {taskinstance.py:2193} INFO - Starting attempt 1 of 4
[2024-04-22T09:20:16.114+0000] {taskinstance.py:2217} INFO - Executing <Mapped(_PythonDecoratedOperator): ETL_job> on 2024-04-22 09:00:00+00:00
[2024-04-22T09:20:16.160+0000] {standard_task_runner.py:60} INFO - Started process 468019 to run task
[2024-04-22T09:20:16.196+0000] {standard_task_runner.py:87} INFO - Running: ['***', 'tasks', 'run', 'Units_statistics_DAG', 'ETL_job', 'scheduled__2024-04-22T09:00:00+00:00', '--job-id', '11141', '--raw', '--subdir', 'DAGS_FOLDER/Units_dag.py', '--cfg-path', '/tmp/tmpbnv3u4u_', '--map-index', '9']
[2024-04-22T09:20:16.198+0000] {standard_task_runner.py:88} INFO - Job 11141: Subtask ETL_job
[2024-04-22T09:20:16.530+0000] {task_command.py:423} INFO - Running <TaskInstance: Units_statistics_DAG.ETL_job scheduled__2024-04-22T09:00:00+00:00 map_index=9 [running]> on host a09da322e808
[2024-04-22T09:20:17.066+0000] {taskinstance.py:2513} INFO - Exporting env vars: AIRFLOW_CTX_DAG_OWNER='abeer-araby' AIRFLOW_CTX_DAG_ID='Units_statistics_DAG' AIRFLOW_CTX_TASK_ID='ETL_job' AIRFLOW_CTX_EXECUTION_DATE='2024-04-22T09:00:00+00:00' AIRFLOW_CTX_TRY_NUMBER='1' AIRFLOW_CTX_DAG_RUN_ID='scheduled__2024-04-22T09:00:00+00:00'
[2024-04-22T09:20:17.068+0000] {Units_dag.py:99} INFO - i: 90000, chunk: 10000
[2024-04-22T09:20:17.068+0000] {Units_dag.py:100} INFO - child token is::: eyJ0eXAiOiJKV1QiLCJhbGciOiJIUzI1NiJ9.eyJpc3MiOiJodHRwczovL2FwaS5hZmFxeS5zYS9hdXRoL2xvZ2luX2FzIiwiaWF0IjoxNzEzNzc3NjAzLCJleHAiOjE3MTYzNjk2MDMsIm5iZiI6MTcxMzc3NzYwMywianRpIjoiSVh6T3ZBbndSTndrWHdNZSIsInN1YiI6IjVkNjNlNTFlMDNlZDUyOTJhNDJjMjRlNiIsInBydiI6IjI3MGVjZmM3ZWEzZWQ5MzdlYTg0OTM2MmEzYTUwOTEwYzZkOGNlNGYiLCJsb2dpbl9hc19pZCI6IjY1N2YwYWQ3M2Y5NzcyOTVjZjA1NTc2YSJ9.6lFXAacMb76oMQ35kgXyhlMpuTQ3qvPn1KRaB4z_0ss
[2024-04-22T09:20:42.566+0000] {Units_dag.py:104} INFO - {'_id': '640ad9ed980ce775f473d0c7', 'icon': 'icons/icon.png', 'driver_id': '', 'tailer_id': '', 'profile': {'measurement_type': 'count', 'fuel_type': '91', 'year': 0, 'seats': 2}, 'device_password': '***', 'device_type': 'gps', 'gateway': False, 'name': '3736 G R A', 'operation_code': None, 'device_gateway': None, 'business_types': {'waste': False, 'transportation': True, 'water': False}, 'imei': '861937063046396', 'sim_number': '+966830031791082', 'sim_serial': '21296726719', 'device_serial': '861937063046396', 'device': 'bce', 'user_id': '6409878bd7dbaf7d402b3b24', 'created_by': '5e6655bf03ed52e1ab79d301', 'updated_at': '2024-04-18 11:18:59', 'created_at': '2023-03-10 10:19:09', 'custom_fields': [], 'creator': 'amr.ahmed', 'company': '', 'owner': 'aton-admin', 'last_update': {'dtt': 1713777506000, 'dts': 1713777556079, 'spd': 0, 'ang': 280, 'alt': 141, 'chPrams': {'ePwrV': {'v': 12.688, 'cdt': 1713777506000}, 'di16': {'v': 1, 'cdt': 1712136834000}, 'rssi1': {'v': 56, 'cdt': 1713776308000}, 'di15': {'v': 0, 'cdt': 1712662696000}, 'di14': {'v': 0, 'cdt': 1713765328000}, 'di13': {'v': 0, 'cdt': 1712136834000}, 'di12': {'v': 0, 'cdt': 1712136834000}, 'di11': {'v': 0, 'cdt': 1712136834000}, 'di10': {'v': 0, 'cdt': 1678436420000}, 'di2': {'v': 0, 'cdt': 1712136834000}, 'di1': {'v': 0, 'cdt': 1713770308000}, 'ai4': {'v': 196, 'cdt': 1713776008000}, 'di4': {'v': 0, 'cdt': 1712136834000}, 'di3': {'v': 0, 'cdt': 1713339160000}, 'di6': {'v': 0, 'cdt': 1712136834000}, 'di5': {'v': 0, 'cdt': 1713765478000}, 'lac1': {'v': 12102, 'cdt': 1713725732000}, 'protocol': {'v': 'bce', 'cdt': 1712136834000}, 'di8': {'v': 1, 'cdt': 1712136834000}, 'di7': {'v': 0, 'cdt': 1713765508000}, 'di9': {'v': 0, 'cdt': 1712136834000}, 'iPwrV': {'v': 4.088, 'cdt': 1713777506000}, 'cid1': {'v': 21703, 'cdt': 1713765418000}, 'odometer': {'v': 0, 'cdt': 1713765478000}, 'spd': {'v': 0, 'cdt': 1713765418000}, 'sat': {'v': 12, 'cdt': 1713714630000}, 'hdop': {'v': 1, 'cdt': 1712171554000}, 'ta': {'v': 0, 'cdt': 1712136834000}, 'mcc1': {'v': 420, 'cdt': 1713725732000}, 'mnc1': {'v': 4, 'cdt': 1713725732000}}, 'prms': {'protocol': 'bce', 'spd': 0, 'sat': 12, 'hdop': 1, 'odometer': 0, 'di16': 1, 'di15': 0, 'di14': 0, 'di13': 0, 'di12': 0, 'di11': 0, 'di10': 0, 'di9': 0, 'di8': 1, 'di7': 0, 'di6': 0, 'di5': 0, 'di4': 0, 'di3': 0, 'di2': 0, 'di1': 0, 'ePwrV': 12.688, 'ai4': 196, 'iPwrV': 4.088, 'ta': 0, 'mcc1': 420, 'mnc1': 4, 'lac1': 12102, 'cid1': 21703, 'rssi1': 56}, 'devPrms': ['protocol', 'spd', 'sat', 'hdop', 'odometer', 'di16', 'di15', 'di14', 'di13', 'di12', 'di11', 'di10', 'di9', 'di8', 'di7', 'di6', 'di5', 'di4', 'di3', 'di2', 'di1', 'ePwrV', 'ai4', 'iPwrV', 'ta', 'mcc1', 'mnc1', 'lac1', 'cid1', 'rssi1'], 'old_params': {'protocol': 'bce', 'spd': 0, 'sat': 12, 'hdop': 1, 'odometer': 0, 'di16': 1, 'di15': 0, 'di14': 0, 'di13': 0, 'di12': 0, 'di11': 0, 'di10': 0, 'di9': 0, 'di8': 1, 'di7': 0, 'di6': 0, 'di5': 0, 'di4': 0, 'di3': 0, 'di2': 0, 'di1': 0, 'ePwrV': 12.652, 'ai4': 196, 'iPwrV': 4.082, 'ta': 0, 'mcc1': 420, 'mnc1': 4, 'lac1': 12102, 'cid1': 21703, 'rssi1': 56}, 'vLoc': 1, 'vCon': 1, 'ip': '51.39.53.235', 'rl': 0, 'trl': 29988.0658, 'mdu': 0, 'tmdu': 2433310, 'eidl': 0, 'teidl': 2294894, 'fc': 0, 'tfc': 25.360884, 'acc': 0, 'accOn': 5596443, 'accOff': 30302854, 'sdu': 300, 'tsdu': 12028, 'lat': 25.452945709228516, 'lng': 49.662322998046875}, 'counters': {'odometer_type': 'gps', 'odometer': 29987.6507, 'engine_hours_type': 'acc', 'engine_hours': 5596443, 'last_acc': 0}, 'is_wasl_connected': 'Not Connected', 'iconUrl': 'https://api.afaqy.sa/images/units/icons/icon.png', 'hasCCTV': False}
[2024-04-22T09:20:43.220+0000] {warnings.py:109} WARNING - /home/***/.local/lib/python3.8/site-packages/elasticsearch/_sync/client/__init__.py:399: SecurityWarning: Connecting to 'https://dbelk2.afaqy.local:9200' using TLS with verify_certs=False is insecure
  _transport = transport_class(

[2024-04-22T09:20:43.305+0000] {warnings.py:109} WARNING - /home/***/.local/lib/python3.8/site-packages/elasticsearch/_sync/client/__init__.py:399: SecurityWarning: Connecting to 'https://dbelk3.afaqy.local:9200' using TLS with verify_certs=False is insecure
  _transport = transport_class(

[2024-04-22T09:20:43.397+0000] {warnings.py:109} WARNING - /home/***/.local/lib/python3.8/site-packages/elasticsearch/_sync/client/__init__.py:399: SecurityWarning: Connecting to 'https://dbelk1.afaqy.local:9200' using TLS with verify_certs=False is insecure
  _transport = transport_class(

[2024-04-22T09:20:43.428+0000] {warnings.py:109} WARNING - /home/***/.local/lib/python3.8/site-packages/urllib3/connectionpool.py:1061: InsecureRequestWarning: Unverified HTTPS request is being made to host 'dbelk2.afaqy.local'. Adding certificate verification is strongly advised. See: https://urllib3.readthedocs.io/en/1.26.x/advanced-usage.html#ssl-warnings
  warnings.warn(

[2024-04-22T09:20:43.501+0000] {_transport.py:335} INFO - GET https://dbelk2.afaqy.local:9200/_cluster/health [status:200 duration:0.102s]
[2024-04-22T09:20:44.657+0000] {warnings.py:109} WARNING - /home/***/.local/lib/python3.8/site-packages/urllib3/connectionpool.py:1061: InsecureRequestWarning: Unverified HTTPS request is being made to host 'dbelk3.afaqy.local'. Adding certificate verification is strongly advised. See: https://urllib3.readthedocs.io/en/1.26.x/advanced-usage.html#ssl-warnings
  warnings.warn(

[2024-04-22T09:20:46.189+0000] {_transport.py:335} INFO - PUT https://dbelk3.afaqy.local:9200/units_statistics_***/_bulk [status:200 duration:1.572s]
[2024-04-22T09:20:46.920+0000] {python.py:202} INFO - Done. Returned value was: None
[2024-04-22T09:20:46.949+0000] {taskinstance.py:1149} INFO - Marking task as SUCCESS. dag_id=Units_statistics_DAG, task_id=ETL_job, map_index=9, execution_date=20240422T090000, start_date=20240422T092015, end_date=20240422T092046
[2024-04-22T09:20:47.046+0000] {local_task_job_runner.py:234} INFO - Task exited with return code 0
[2024-04-22T09:20:47.129+0000] {taskinstance.py:3312} INFO - 0 downstream tasks scheduled from follow-on schedule check
