[2024-04-15T08:00:14.637+0000] {taskinstance.py:1979} INFO - Dependencies all met for dep_context=non-requeueable deps ti=<TaskInstance: Units_statistics_DAG.ETL_job scheduled__2024-04-15T07:00:00+00:00 map_index=3 [queued]>
[2024-04-15T08:00:14.683+0000] {taskinstance.py:1979} INFO - Dependencies all met for dep_context=requeueable deps ti=<TaskInstance: Units_statistics_DAG.ETL_job scheduled__2024-04-15T07:00:00+00:00 map_index=3 [queued]>
[2024-04-15T08:00:14.683+0000] {taskinstance.py:2193} INFO - Starting attempt 1 of 4
[2024-04-15T08:00:14.798+0000] {taskinstance.py:2217} INFO - Executing <Mapped(_PythonDecoratedOperator): ETL_job> on 2024-04-15 07:00:00+00:00
[2024-04-15T08:00:14.828+0000] {standard_task_runner.py:60} INFO - Started process 303933 to run task
[2024-04-15T08:00:14.874+0000] {standard_task_runner.py:87} INFO - Running: ['***', 'tasks', 'run', 'Units_statistics_DAG', 'ETL_job', 'scheduled__2024-04-15T07:00:00+00:00', '--job-id', '2347', '--raw', '--subdir', 'DAGS_FOLDER/Units_dag.py', '--cfg-path', '/tmp/tmpja22og8w', '--map-index', '3']
[2024-04-15T08:00:14.894+0000] {standard_task_runner.py:88} INFO - Job 2347: Subtask ETL_job
[2024-04-15T08:00:15.258+0000] {task_command.py:423} INFO - Running <TaskInstance: Units_statistics_DAG.ETL_job scheduled__2024-04-15T07:00:00+00:00 map_index=3 [running]> on host a09da322e808
[2024-04-15T08:00:15.745+0000] {taskinstance.py:2513} INFO - Exporting env vars: AIRFLOW_CTX_DAG_OWNER='abeer-araby' AIRFLOW_CTX_DAG_ID='Units_statistics_DAG' AIRFLOW_CTX_TASK_ID='ETL_job' AIRFLOW_CTX_EXECUTION_DATE='2024-04-15T07:00:00+00:00' AIRFLOW_CTX_TRY_NUMBER='1' AIRFLOW_CTX_DAG_RUN_ID='scheduled__2024-04-15T07:00:00+00:00'
[2024-04-15T08:00:15.746+0000] {Units_dag.py:89} INFO - i: 30000, chunk: 10000
[2024-04-15T08:00:15.747+0000] {Units_dag.py:90} INFO - child token is::: eyJ0eXAiOiJKV1QiLCJhbGciOiJIUzI1NiJ9.eyJpc3MiOiJodHRwczovL2FwaS5hZmFxeS5zYS9hdXRoL2xvZ2luX2FzIiwiaWF0IjoxNzEzMTY4MDAzLCJleHAiOjE3MTU3NjAwMDMsIm5iZiI6MTcxMzE2ODAwMywianRpIjoiRGdmTXJqanFHRXpnODVKNyIsInN1YiI6IjVkNjNlNTFlMDNlZDUyOTJhNDJjMjRlNiIsInBydiI6IjI3MGVjZmM3ZWEzZWQ5MzdlYTg0OTM2MmEzYTUwOTEwYzZkOGNlNGYiLCJsb2dpbl9hc19pZCI6IjY1N2YwYWQ3M2Y5NzcyOTVjZjA1NTc2YSJ9.0ohhJLdab4jbpmok3zQ5ggOApxoedAnH6HqYRPv3zQc
[2024-04-15T08:00:40.820+0000] {Units_dag.py:94} INFO - {'_id': '62164f31067dce381c0d5d04', 'icon': 'icons/icon.png', 'driver_id': '', 'tailer_id': '', 'profile': {'vehicle_type': 'BUS', 'vin': '', 'plate_number': '', 'model': '', 'year': 0, 'seats': 2, 'fuel_type': '91', 'start_operation': '', 'contract_milage': '', 'opening_milage': '', 'measurement_type': '', 'max_capacity': ''}, 'device_password': '***', 'device_type': 'gps', 'gateway': False, 'name': 'HB-327-31162', 'operation_code': '', 'imei': '356173060240053', 'sim_number': '+97431479322', 'sim_serial': '8942702111206225287', 'device_serial': '4849413', 'device': 'teltonika', 'created_by': '62136ed2b78f04217042a1e9', 'user_id': '62136ed2b78f04217042a1e9', 'updated_at': '2022-12-31 22:17:15', 'created_at': '2022-02-23 18:13:53', 'creator': 'elegancia-admin', 'company': '', 'owner': 'elegancia-admin', 'last_update': {'dtt': 1661518361000, 'dts': 1661518365454, 'spd': 0, 'ang': 0, 'alt': 43, 'chPrams': {'output1': {'v': False, 'cdt': 1659092710000}, 'output2': {'v': False, 'cdt': 1659092710000}, 'motion': {'v': False, 'cdt': 1661510576000}, 'sat': {'v': 19, 'cdt': 1661518148000}, 'priority': {'v': 0, 'cdt': 1661507794000}, 'di2': {'v': 0, 'cdt': 1659092710000}, 'di1': {'v': 0, 'cdt': 1661510576000}, 'di3': {'v': 0, 'cdt': 1659092710000}, 'temp1': {'v': 300, 'cdt': 1659092710000}, 'protocol': {'v': 'teltonika_FMB640', 'cdt': 1659092710000}, 'tripOdometer': {'v': 0, 'cdt': 1661510645000}, 'parm250': {'v': 0, 'cdt': 1661510585000}, 'event': {'v': 0, 'cdt': 1661510645000}}, 'prms': {'protocol': 'teltonika_FMB640', 'priority': 0, 'sat': 19, 'event': 0, 'di1': 0, 'di2': 0, 'di3': 0, 'output1': 0, 'output2': 0, 'motion': 0, 'tripOdometer': 0, 'temp1': 300}, 'devPrms': ['protocol', 'priority', 'sat', 'event', 'di1', 'di2', 'di3', 'output1', 'output2', 'motion', 'tripOdometer', 'temp1', 'parm250'], 'old_params': {'protocol': 'teltonika_FMB640', 'priority': 0, 'sat': 19, 'event': 0, 'di1': 0, 'di2': 0, 'di3': 0, 'output1': 0, 'output2': 0, 'motion': 0, 'tripOdometer': 0, 'temp1': 300}, 'vLoc': 1, 'vCon': 1, 'ip': '212.70.110.89', 'rl': 0, 'trl': 29522.435, 'mdu': 0, 'tmdu': 1730005, 'eidl': 0, 'teidl': 1364482, 'fc': 0, 'tfc': 2.820348, 'acc': 0, 'accOn': 3040867, 'accOff': 12369762, 'sdu': 33, 'tsdu': 7785, 'lat': 25.3589866, 'lng': 51.2379473}, 'counters': {'odometer_type': 'gps', 'engine_hours_type': 'acc', 'engine_hours': 3040867, 'odometer': 29522.435, 'last_acc': 0}, 'is_wasl_connected': 'Not Connected', 'iconUrl': 'https://api.afaqy.sa/images/units/icons/icon.png', 'hasCCTV': False}
[2024-04-15T08:00:41.402+0000] {warnings.py:109} WARNING - /home/***/.local/lib/python3.8/site-packages/elasticsearch/_sync/client/__init__.py:399: SecurityWarning: Connecting to 'https://dbelk2.afaqy.local:9200' using TLS with verify_certs=False is insecure
  _transport = transport_class(

[2024-04-15T08:00:41.450+0000] {warnings.py:109} WARNING - /home/***/.local/lib/python3.8/site-packages/elasticsearch/_sync/client/__init__.py:399: SecurityWarning: Connecting to 'https://dbelk1.afaqy.local:9200' using TLS with verify_certs=False is insecure
  _transport = transport_class(

[2024-04-15T08:00:41.499+0000] {warnings.py:109} WARNING - /home/***/.local/lib/python3.8/site-packages/elasticsearch/_sync/client/__init__.py:399: SecurityWarning: Connecting to 'https://dbelk3.afaqy.local:9200' using TLS with verify_certs=False is insecure
  _transport = transport_class(

[2024-04-15T08:00:41.525+0000] {warnings.py:109} WARNING - /home/***/.local/lib/python3.8/site-packages/urllib3/connectionpool.py:1061: InsecureRequestWarning: Unverified HTTPS request is being made to host 'dbelk2.afaqy.local'. Adding certificate verification is strongly advised. See: https://urllib3.readthedocs.io/en/1.26.x/advanced-usage.html#ssl-warnings
  warnings.warn(

[2024-04-15T08:00:41.617+0000] {_transport.py:335} INFO - GET https://dbelk2.afaqy.local:9200/_cluster/health [status:200 duration:0.116s]
[2024-04-15T08:00:42.092+0000] {warnings.py:109} WARNING - /home/***/.local/lib/python3.8/site-packages/urllib3/connectionpool.py:1061: InsecureRequestWarning: Unverified HTTPS request is being made to host 'dbelk1.afaqy.local'. Adding certificate verification is strongly advised. See: https://urllib3.readthedocs.io/en/1.26.x/advanced-usage.html#ssl-warnings
  warnings.warn(

[2024-04-15T08:00:46.059+0000] {local_task_job_runner.py:234} INFO - Task exited with return code -9
[2024-04-15T08:00:46.101+0000] {taskinstance.py:3312} INFO - 0 downstream tasks scheduled from follow-on schedule check
