[2024-05-11T08:21:46.481+0000] {taskinstance.py:1979} INFO - Dependencies all met for dep_context=non-requeueable deps ti=<TaskInstance: Units_statistics_DAG.ETL_job scheduled__2024-05-11T08:00:00+00:00 map_index=17 [queued]>
[2024-05-11T08:21:46.500+0000] {taskinstance.py:1979} INFO - Dependencies all met for dep_context=requeueable deps ti=<TaskInstance: Units_statistics_DAG.ETL_job scheduled__2024-05-11T08:00:00+00:00 map_index=17 [queued]>
[2024-05-11T08:21:46.500+0000] {taskinstance.py:2193} INFO - Starting attempt 2 of 4
[2024-05-11T08:21:46.523+0000] {taskinstance.py:2217} INFO - Executing <Mapped(_PythonDecoratedOperator): ETL_job> on 2024-05-11 08:00:00+00:00
[2024-05-11T08:21:46.533+0000] {standard_task_runner.py:60} INFO - Started process 935776 to run task
[2024-05-11T08:21:46.543+0000] {standard_task_runner.py:87} INFO - Running: ['***', 'tasks', 'run', 'Units_statistics_DAG', 'ETL_job', 'scheduled__2024-05-11T08:00:00+00:00', '--job-id', '50068', '--raw', '--subdir', 'DAGS_FOLDER/Units_dag.py', '--cfg-path', '/tmp/tmp52kye9kj', '--map-index', '17']
[2024-05-11T08:21:46.545+0000] {standard_task_runner.py:88} INFO - Job 50068: Subtask ETL_job
[2024-05-11T08:21:46.632+0000] {task_command.py:423} INFO - Running <TaskInstance: Units_statistics_DAG.ETL_job scheduled__2024-05-11T08:00:00+00:00 map_index=17 [running]> on host a09da322e808
[2024-05-11T08:21:46.799+0000] {taskinstance.py:2513} INFO - Exporting env vars: AIRFLOW_CTX_DAG_OWNER='abeer-araby' AIRFLOW_CTX_DAG_ID='Units_statistics_DAG' AIRFLOW_CTX_TASK_ID='ETL_job' AIRFLOW_CTX_EXECUTION_DATE='2024-05-11T08:00:00+00:00' AIRFLOW_CTX_TRY_NUMBER='2' AIRFLOW_CTX_DAG_RUN_ID='scheduled__2024-05-11T08:00:00+00:00'
[2024-05-11T08:21:46.800+0000] {Units_dag.py:98} INFO - i: 170000, chunk: 1681
[2024-05-11T08:21:46.801+0000] {Units_dag.py:99} INFO - child token is::: eyJ0eXAiOiJKV1QiLCJhbGciOiJIUzI1NiJ9.eyJpc3MiOiJodHRwczovL2FwaS5hZmFxeS5zYS9hdXRoL2xvZ2luX2FzIiwiaWF0IjoxNzE1NDE1NjAzLCJleHAiOjE3MTgwMDc2MDMsIm5iZiI6MTcxNTQxNTYwMywianRpIjoiUUtFZjhpUDltWTFmWTdQZiIsInN1YiI6IjVkNjNlNTFlMDNlZDUyOTJhNDJjMjRlNiIsInBydiI6IjI3MGVjZmM3ZWEzZWQ5MzdlYTg0OTM2MmEzYTUwOTEwYzZkOGNlNGYiLCJsb2dpbl9hc19pZCI6IjY1N2YwYWQ3M2Y5NzcyOTVjZjA1NTc2YSJ9.0nrLdiktEXQejOobyupCSLC3yMU_e2MSY6ZZuV_Fl50
[2024-05-11T08:21:50.522+0000] {Units_dag.py:103} INFO - {'_id': '6638786f95d079556a0b1589', 'icon': 'icons/icon.png', 'driver_id': '', 'tailer_id': '', 'profile': {'vehicle_type': '', 'measurement_type': 'count', 'max_capacity': 0, 'vin': '', 'plate_number': '', 'start_operation': '', 'contract_milage': '', 'opening_milage': '', 'model': '', 'fuel_type': '91', 'year': 0, 'seats': 2}, 'shipment_info': {'product_category': None, 'truck_type': None, 'shipment_type': None, 'shipment_payment_type': None, 'transporter_type': None, 'operating_area': None, 'weight_kilograms_per_day': None, 'kms_per_day': None, 'shipment_trip_drive_hrs_day': None, 'allowable_delay_drive_hrs_day': None, 'expected_shipment_trip_day': None, 'car_pay_per_day': None, 'exceeding_temperature_limit_per_day': None, 'temperature_upper_limit': None, 'exceeding_humidity_limit_per_day': None, 'humidity_upper_limit': None}, 'device_password': '***', 'device_type': 'gps', 'gateway': False, 'business_types': {'waste': False, 'transportation': True, 'water': False, 'hajj': False}, 'name': 'أ د س 4994', 'operation_code': '', 'device_gateway': '', 'skip_sim_information': '', 'custom_fields': [], 'imei': '352592575764147', 'sim_number': '+96699008642400', 'sim_serial': '8996606099008642400', 'device_serial': '1138280814', 'device': 'teltonika', 'user_id': '5e539d8203ed52f71d634478', 'created_by': '5e539d8203ed52f71d634478', 'updated_at': '2024-05-09 17:20:44', 'created_at': '2024-05-06 09:27:59', 'creator': 'aemallamar', 'company': '', 'owner': 'aemallamar', 'last_update': {'dtt': 1715412354000, 'dts': 1715412382160, 'spd': 0, 'ang': 344, 'alt': 60, 'chPrams': {'pdop': {'v': 0, 'cdt': 1714976449000}, 'output1': {'v': False, 'cdt': 1715243981000}, 'rssi': {'v': 3, 'cdt': 1714976449000}, 'motion': {'v': False, 'cdt': 1715358259000}, 'odometer': {'v': 0, 'cdt': 1714976449000}, 'ePwrV': {'v': 24.78, 'cdt': 1715390716000}, 'parm68': {'v': 0, 'cdt': 1714976449000}, 'sat': {'v': 14, 'cdt': 1715412354000}, 'ai1': {'v': 1090, 'cdt': 1715412354000}, 'priority': {'v': 0, 'cdt': 1715243981000}, 'type': {'v': 6, 'cdt': 1714976504000}, 'di1': {'v': 0, 'cdt': 1715239775000}, 'hdop': {'v': 0, 'cdt': 1714976449000}, 'operator': {'v': 42003, 'cdt': 1714976449000}, 'result': {'v': '5665723a30332e32372e31345f3030204750533a41584e5f352e312e392048773a464d42393230204d6f643a313320494d45493a33353235393235373537363431343720496e69743a323032342d352d3920373a3720557074696d653a313733363532204d41433a333838413231353239433835205350433a312830292041584c3a32204f42443a3020424c3a312e31302042543a34', 'cdt': 1715412354000}, 'protocol': {'v': 'teltonika', 'cdt': 1715397929000}, 'temp5': {'v': 30, 'cdt': 1714976504000}, 'gpsStatus': {'v': 2, 'cdt': 1714976449000}, 'iPwrV': {'v': 4.0760000000000005, 'cdt': 1715412354000}, 'parm252': {'v': 0, 'cdt': 1715238434000}, 'event': {'v': 0, 'cdt': 1715361865000}, 'humidity86': {'v': 300, 'cdt': 1714976504000}, 'parm200': {'v': 0, 'cdt': 1714976449000}}, 'prms': {'protocol': 'teltonika', 'priority': 0, 'sat': 14, 'event': 0, 'di1': 0, 'motion': 0, 'output1': 0, 'parm252': 0, 'ePwrV': 24.78, 'iPwrV': 4.0760000000000005, 'ai1': 1090, 'temp5': 30, 'humidity86': 300, 'type': 6, 'result': '5665723a30332e32372e31345f3030204750533a41584e5f352e312e392048773a464d42393230204d6f643a313320494d45493a33353235393235373537363431343720496e69743a323032342d352d3920373a3720557074696d653a313733363532204d41433a333838413231353239433835205350433a312830292041584c3a32204f42443a3020424c3a312e31302042543a34'}, 'devPrms': ['protocol', 'priority', 'sat', 'event', 'di1', 'motion', 'output1', 'parm252', 'ePwrV', 'iPwrV', 'ai1', 'temp5', 'humidity86', 'type', 'result'], 'old_params': {'protocol': 'teltonika', 'priority': 0, 'sat': 14, 'event': 0, 'di1': 0, 'motion': 0, 'output1': 0, 'parm252': 0, 'ePwrV': 24.78, 'iPwrV': 4.0760000000000005, 'ai1': 1090, 'temp5': 30, 'humidity86': 300}, 'vLoc': 1, 'vCon': 1, 'ip': '185.133.180.155', 'rl': 0, 'trl': 0.0231, 'mdu': 0, 'tmdu': 0, 'eidl': 0, 'teidl': 1319, 'fc': 0, 'tfc': 0, 'acc': 0, 'accOn': 257076, 'accOff': 430481, 'sdu': 0, 'tsdu': 172579, 'lat': 23.77279, 'lng': 38.7454199}, 'counters': {'engine_hours': 257076, 'last_acc': 0, 'odometer': 0.02, 'engine_hours_type': '', 'odometer_type': ''}, 'is_wasl_connected': 'Connected', 'iconUrl': 'https://api.afaqy.sa/images/units/icons/icon.png', 'hasCCTV': False}
[2024-05-11T08:21:51.013+0000] {warnings.py:109} WARNING - /home/***/.local/lib/python3.8/site-packages/elasticsearch/_sync/client/__init__.py:399: SecurityWarning: Connecting to 'https://dbelk2.afaqy.local:9200' using TLS with verify_certs=False is insecure
  _transport = transport_class(

[2024-05-11T08:21:51.057+0000] {warnings.py:109} WARNING - /home/***/.local/lib/python3.8/site-packages/elasticsearch/_sync/client/__init__.py:399: SecurityWarning: Connecting to 'https://dbelk3.afaqy.local:9200' using TLS with verify_certs=False is insecure
  _transport = transport_class(

[2024-05-11T08:21:51.100+0000] {warnings.py:109} WARNING - /home/***/.local/lib/python3.8/site-packages/elasticsearch/_sync/client/__init__.py:399: SecurityWarning: Connecting to 'https://dbelk1.afaqy.local:9200' using TLS with verify_certs=False is insecure
  _transport = transport_class(

[2024-05-11T08:21:51.124+0000] {warnings.py:109} WARNING - /home/***/.local/lib/python3.8/site-packages/urllib3/connectionpool.py:1061: InsecureRequestWarning: Unverified HTTPS request is being made to host 'dbelk2.afaqy.local'. Adding certificate verification is strongly advised. See: https://urllib3.readthedocs.io/en/1.26.x/advanced-usage.html#ssl-warnings
  warnings.warn(

[2024-05-11T08:21:51.197+0000] {_transport.py:335} INFO - GET https://dbelk2.afaqy.local:9200/_cluster/health [status:200 duration:0.094s]
[2024-05-11T08:21:51.288+0000] {warnings.py:109} WARNING - /home/***/.local/lib/python3.8/site-packages/urllib3/connectionpool.py:1061: InsecureRequestWarning: Unverified HTTPS request is being made to host 'dbelk3.afaqy.local'. Adding certificate verification is strongly advised. See: https://urllib3.readthedocs.io/en/1.26.x/advanced-usage.html#ssl-warnings
  warnings.warn(

[2024-05-11T08:21:51.505+0000] {_transport.py:335} INFO - PUT https://dbelk3.afaqy.local:9200/units_statistics_***/_bulk [status:200 duration:0.236s]
[2024-05-11T08:21:51.770+0000] {taskinstance.py:2731} ERROR - Task failed with exception
Traceback (most recent call last):
  File "/home/airflow/.local/lib/python3.8/site-packages/airflow/models/taskinstance.py", line 444, in _execute_task
    result = _execute_callable(context=context, **execute_callable_kwargs)
  File "/home/airflow/.local/lib/python3.8/site-packages/airflow/models/taskinstance.py", line 414, in _execute_callable
    return execute_callable(context=context, **execute_callable_kwargs)
  File "/home/airflow/.local/lib/python3.8/site-packages/airflow/decorators/base.py", line 241, in execute
    return_value = super().execute(context)
  File "/home/airflow/.local/lib/python3.8/site-packages/airflow/operators/python.py", line 200, in execute
    return_value = self.execute_callable()
  File "/home/airflow/.local/lib/python3.8/site-packages/airflow/operators/python.py", line 217, in execute_callable
    return self.python_callable(*self.op_args, **self.op_kwargs)
  File "/opt/airflow/dags/Units_dag.py", line 111, in ETL_job
    Elk_client.elk_pushData(Globals.index_name,units_list_update)
  File "/opt/airflow/dags/units_statistics/elk_manager.py", line 69, in elk_pushData
    helpers.bulk(self.elk_client, docs_list, index=index_name, chunk_size=batch)
  File "/home/airflow/.local/lib/python3.8/site-packages/elasticsearch/helpers/actions.py", line 521, in bulk
    for ok, item in streaming_bulk(
  File "/home/airflow/.local/lib/python3.8/site-packages/elasticsearch/helpers/actions.py", line 436, in streaming_bulk
    for data, (ok, info) in zip(
  File "/home/airflow/.local/lib/python3.8/site-packages/elasticsearch/helpers/actions.py", line 355, in _process_bulk_chunk
    yield from gen
  File "/home/airflow/.local/lib/python3.8/site-packages/elasticsearch/helpers/actions.py", line 274, in _process_bulk_chunk_success
    raise BulkIndexError(f"{len(errors)} document(s) failed to index.", errors)
elasticsearch.helpers.BulkIndexError: 15 document(s) failed to index.
[2024-05-11T08:21:51.788+0000] {taskinstance.py:1149} INFO - Marking task as UP_FOR_RETRY. dag_id=Units_statistics_DAG, task_id=ETL_job, map_index=17, execution_date=20240511T080000, start_date=20240511T082146, end_date=20240511T082151
[2024-05-11T08:21:51.807+0000] {standard_task_runner.py:107} ERROR - Failed to execute job 50068 for task ETL_job (15 document(s) failed to index.; 935776)
[2024-05-11T08:21:51.861+0000] {local_task_job_runner.py:234} INFO - Task exited with return code 1
[2024-05-11T08:21:51.899+0000] {taskinstance.py:3312} INFO - 0 downstream tasks scheduled from follow-on schedule check
