[2024-05-05T12:20:15.555+0000] {taskinstance.py:1979} INFO - Dependencies all met for dep_context=non-requeueable deps ti=<TaskInstance: Units_statistics_DAG.ETL_job scheduled__2024-05-05T12:00:00+00:00 map_index=6 [queued]>
[2024-05-05T12:20:15.603+0000] {taskinstance.py:1979} INFO - Dependencies all met for dep_context=requeueable deps ti=<TaskInstance: Units_statistics_DAG.ETL_job scheduled__2024-05-05T12:00:00+00:00 map_index=6 [queued]>
[2024-05-05T12:20:15.603+0000] {taskinstance.py:2193} INFO - Starting attempt 1 of 4
[2024-05-05T12:20:15.689+0000] {taskinstance.py:2217} INFO - Executing <Mapped(_PythonDecoratedOperator): ETL_job> on 2024-05-05 12:00:00+00:00
[2024-05-05T12:20:15.760+0000] {standard_task_runner.py:60} INFO - Started process 782339 to run task
[2024-05-05T12:20:15.831+0000] {standard_task_runner.py:87} INFO - Running: ['***', 'tasks', 'run', 'Units_statistics_DAG', 'ETL_job', 'scheduled__2024-05-05T12:00:00+00:00', '--job-id', '33267', '--raw', '--subdir', 'DAGS_FOLDER/Units_dag.py', '--cfg-path', '/tmp/tmp6csp1iwv', '--map-index', '6']
[2024-05-05T12:20:15.833+0000] {standard_task_runner.py:88} INFO - Job 33267: Subtask ETL_job
[2024-05-05T12:20:15.968+0000] {task_command.py:423} INFO - Running <TaskInstance: Units_statistics_DAG.ETL_job scheduled__2024-05-05T12:00:00+00:00 map_index=6 [running]> on host a09da322e808
[2024-05-05T12:20:16.695+0000] {taskinstance.py:2513} INFO - Exporting env vars: AIRFLOW_CTX_DAG_OWNER='abeer-araby' AIRFLOW_CTX_DAG_ID='Units_statistics_DAG' AIRFLOW_CTX_TASK_ID='ETL_job' AIRFLOW_CTX_EXECUTION_DATE='2024-05-05T12:00:00+00:00' AIRFLOW_CTX_TRY_NUMBER='1' AIRFLOW_CTX_DAG_RUN_ID='scheduled__2024-05-05T12:00:00+00:00'
[2024-05-05T12:20:16.697+0000] {Units_dag.py:99} INFO - i: 60000, chunk: 10000
[2024-05-05T12:20:16.697+0000] {Units_dag.py:100} INFO - child token is::: eyJ0eXAiOiJKV1QiLCJhbGciOiJIUzI1NiJ9.eyJpc3MiOiJodHRwczovL2FwaS5hZmFxeS5zYS9hdXRoL2xvZ2luX2FzIiwiaWF0IjoxNzE0OTExNjAzLCJleHAiOjE3MTc1MDM2MDMsIm5iZiI6MTcxNDkxMTYwMywianRpIjoidlBqcVlzVmt6aU1ZbHRmayIsInN1YiI6IjVkNjNlNTFlMDNlZDUyOTJhNDJjMjRlNiIsInBydiI6IjI3MGVjZmM3ZWEzZWQ5MzdlYTg0OTM2MmEzYTUwOTEwYzZkOGNlNGYiLCJsb2dpbl9hc19pZCI6IjY1N2YwYWQ3M2Y5NzcyOTVjZjA1NTc2YSJ9.O3sKsv6FeMkZz5C5wG6TaAxz0sxxG7LRWj3C4rY1I_Q
[2024-05-05T12:20:39.542+0000] {Units_dag.py:104} INFO - {'_id': '6329e8d1a6f87f6340786323', 'icon': 'icons/icon.png', 'driver_id': '', 'tailer_id': '', 'profile': {'vehicle_type': '', 'measurement_type': 'count', 'max_capacity': 0, 'vin': '', 'plate_number': '', 'start_operation': '', 'contract_milage': '', 'opening_milage': '', 'model': '', 'fuel_type': '91', 'year': 0, 'seats': 2}, 'device_password': '***', 'device_type': 'gps', 'gateway': False, 'name': 'ب ص س 2577', 'operation_code': '', 'imei': '357073298397130', 'sim_number': '+966821111337221', 'sim_serial': '8996609821111337221', 'device_serial': '1125805307', 'device': 'teltonika', 'created_by': '5e539d8203ed52f71d634478', 'user_id': '5e539d8203ed52f71d634478', 'updated_at': '2024-04-18 11:18:59', 'created_at': '2022-09-20 19:22:41', 'business_types': {'waste': False, 'transportation': True, 'water': False, 'hajj': False}, 'device_gateway': '', 'custom_fields': [], 'creator': 'aemallamar', 'company': '', 'owner': 'aemallamar', 'last_update': {'dtt': 1714911603000, 'dts': 1714911606700, 'spd': 53, 'ang': 355, 'alt': 347, 'chPrams': {'parm76': {'v': 0, 'cdt': 1712760019000}, 'output1': {'v': False, 'cdt': 1714801960000}, 'output2': {'v': False, 'cdt': 1714801960000}, 'ePwrV': {'v': 28.176000000000002, 'cdt': 1714911603000}, 'sat': {'v': 20, 'cdt': 1714911603000}, 'ai1': {'v': 43, 'cdt': 1714910723000}, 'priority': {'v': 0, 'cdt': 1714904547000}, 'di2': {'v': 0, 'cdt': 1712760019000}, 'type': {'v': 6, 'cdt': 1714103440000}, 'di1': {'v': 1, 'cdt': 1714903938000}, 'temp1': {'v': 0, 'cdt': 1712945663000}, 'result': {'v': '5665723a30332e32372e31335f3033204750533a41584e5f352e312e392048773a464d42313230204d6f643a333320494d45493a33353730373332393833393731333020496e69743a323032342d312d31382032323a313020557074696d653a39323636373135204d41433a303031453432374446303346205350433a312830292041584c3a32204f42443a3020424c3a312e31302042543a34', 'cdt': 1714899128000}, 'protocol': {'v': 'FMB120', 'cdt': 1714899150000}, 'temp5': {'v': 30, 'cdt': 1712945663000}, 'parm29': {'v': 0, 'cdt': 1712760019000}, 'iPwrV': {'v': 3.9570000000000003, 'cdt': 1714911584000}, 'event': {'v': 0, 'cdt': 1714903939000}, 'humidity86': {'v': 300, 'cdt': 1712945663000}}, 'prms': {'protocol': 'FMB120', 'priority': 0, 'sat': 20, 'event': 0, 'di1': 1, 'output1': 0, 'di2': 0, 'output2': 0, 'parm29': 0, 'ePwrV': 28.176000000000002, 'iPwrV': 3.9570000000000003, 'ai1': 43, 'temp5': 30, 'humidity86': 300, 'temp1': 0, 'parm76': 0}, 'devPrms': ['protocol', 'priority', 'sat', 'event', 'di1', 'output1', 'di2', 'output2', 'parm29', 'ePwrV', 'iPwrV', 'ai1', 'temp5', 'humidity86', 'temp1', 'parm76'], 'old_params': {'protocol': 'FMB120', 'priority': 0, 'sat': 21, 'event': 0, 'di1': 1, 'output1': 0, 'di2': 0, 'output2': 0, 'parm29': 0, 'ePwrV': 28.21, 'iPwrV': 3.9570000000000003, 'ai1': 43, 'temp5': 30, 'humidity86': 300, 'temp1': 0, 'parm76': 0}, 'vLoc': 1, 'vCon': 1, 'ip': '109.83.203.171', 'rl': 0.5147, 'trl': 227600.4747, 'mdu': 19, 'tmdu': 10741455, 'eidl': 0, 'teidl': 6778873, 'fc': 0.061764, 'tfc': 84.976572, 'acc': 1, 'accOn': 18910409, 'accOff': 32730133, 'sdu': 0, 'tsdu': 0, 'lat': 27.0857283, 'lng': 47.0226916}, 'counters': {'odometer_type': 'gps', 'odometer': 227600.4713, 'engine_hours_type': 'acc', 'engine_hours': 18910409, 'last_acc': 1}, 'is_wasl_connected': 'Connected', 'iconUrl': 'https://api.afaqy.sa/images/units/icons/icon.png', 'hasCCTV': False}
[2024-05-05T12:20:40.593+0000] {warnings.py:109} WARNING - /home/***/.local/lib/python3.8/site-packages/elasticsearch/_sync/client/__init__.py:399: SecurityWarning: Connecting to 'https://dbelk1.afaqy.local:9200' using TLS with verify_certs=False is insecure
  _transport = transport_class(

[2024-05-05T12:20:40.663+0000] {warnings.py:109} WARNING - /home/***/.local/lib/python3.8/site-packages/elasticsearch/_sync/client/__init__.py:399: SecurityWarning: Connecting to 'https://dbelk3.afaqy.local:9200' using TLS with verify_certs=False is insecure
  _transport = transport_class(

[2024-05-05T12:20:40.712+0000] {warnings.py:109} WARNING - /home/***/.local/lib/python3.8/site-packages/elasticsearch/_sync/client/__init__.py:399: SecurityWarning: Connecting to 'https://dbelk2.afaqy.local:9200' using TLS with verify_certs=False is insecure
  _transport = transport_class(

[2024-05-05T12:20:40.740+0000] {warnings.py:109} WARNING - /home/***/.local/lib/python3.8/site-packages/urllib3/connectionpool.py:1061: InsecureRequestWarning: Unverified HTTPS request is being made to host 'dbelk1.afaqy.local'. Adding certificate verification is strongly advised. See: https://urllib3.readthedocs.io/en/1.26.x/advanced-usage.html#ssl-warnings
  warnings.warn(

[2024-05-05T12:20:40.802+0000] {_transport.py:335} INFO - GET https://dbelk1.afaqy.local:9200/_cluster/health [status:200 duration:0.088s]
[2024-05-05T12:20:41.551+0000] {warnings.py:109} WARNING - /home/***/.local/lib/python3.8/site-packages/urllib3/connectionpool.py:1061: InsecureRequestWarning: Unverified HTTPS request is being made to host 'dbelk3.afaqy.local'. Adding certificate verification is strongly advised. See: https://urllib3.readthedocs.io/en/1.26.x/advanced-usage.html#ssl-warnings
  warnings.warn(

[2024-05-05T12:20:41.573+0000] {_transport.py:335} INFO - PUT https://dbelk3.afaqy.local:9200/units_statistics_***/_bulk [status:429 duration:0.047s]
[2024-05-05T12:20:41.574+0000] {_node_pool.py:249} WARNING - Node <Urllib3HttpNode(https://dbelk3.afaqy.local:9200)> has failed for 1 times in a row, putting on 1 second timeout
[2024-05-05T12:20:41.574+0000] {_transport.py:427} WARNING - Retrying request after non-successful status 429 (attempt 0 of 3)
[2024-05-05T12:20:41.575+0000] {warnings.py:109} WARNING - /home/***/.local/lib/python3.8/site-packages/urllib3/connectionpool.py:1061: InsecureRequestWarning: Unverified HTTPS request is being made to host 'dbelk1.afaqy.local'. Adding certificate verification is strongly advised. See: https://urllib3.readthedocs.io/en/1.26.x/advanced-usage.html#ssl-warnings
  warnings.warn(

[2024-05-05T12:20:45.399+0000] {_transport.py:335} INFO - PUT https://dbelk1.afaqy.local:9200/units_statistics_***/_bulk [status:200 duration:3.824s]
[2024-05-05T12:20:46.386+0000] {taskinstance.py:2731} ERROR - Task failed with exception
Traceback (most recent call last):
  File "/home/airflow/.local/lib/python3.8/site-packages/airflow/models/taskinstance.py", line 444, in _execute_task
    result = _execute_callable(context=context, **execute_callable_kwargs)
  File "/home/airflow/.local/lib/python3.8/site-packages/airflow/models/taskinstance.py", line 414, in _execute_callable
    return execute_callable(context=context, **execute_callable_kwargs)
  File "/home/airflow/.local/lib/python3.8/site-packages/airflow/decorators/base.py", line 241, in execute
    return_value = super().execute(context)
  File "/home/airflow/.local/lib/python3.8/site-packages/airflow/operators/python.py", line 200, in execute
    return_value = self.execute_callable()
  File "/home/airflow/.local/lib/python3.8/site-packages/airflow/operators/python.py", line 217, in execute_callable
    return self.python_callable(*self.op_args, **self.op_kwargs)
  File "/opt/airflow/dags/Units_dag.py", line 112, in ETL_job
    Elk_client.elk_pushData(Globals.index_name,units_list_update)
  File "/opt/airflow/dags/elk_manager.py", line 69, in elk_pushData
    helpers.bulk(self.elk_client, docs_list, index=index_name, chunk_size=batch)
  File "/home/airflow/.local/lib/python3.8/site-packages/elasticsearch/helpers/actions.py", line 521, in bulk
    for ok, item in streaming_bulk(
  File "/home/airflow/.local/lib/python3.8/site-packages/elasticsearch/helpers/actions.py", line 436, in streaming_bulk
    for data, (ok, info) in zip(
  File "/home/airflow/.local/lib/python3.8/site-packages/elasticsearch/helpers/actions.py", line 355, in _process_bulk_chunk
    yield from gen
  File "/home/airflow/.local/lib/python3.8/site-packages/elasticsearch/helpers/actions.py", line 274, in _process_bulk_chunk_success
    raise BulkIndexError(f"{len(errors)} document(s) failed to index.", errors)
elasticsearch.helpers.BulkIndexError: 1 document(s) failed to index.
[2024-05-05T12:20:46.420+0000] {taskinstance.py:1149} INFO - Marking task as UP_FOR_RETRY. dag_id=Units_statistics_DAG, task_id=ETL_job, map_index=6, execution_date=20240505T120000, start_date=20240505T122015, end_date=20240505T122046
[2024-05-05T12:20:46.462+0000] {standard_task_runner.py:107} ERROR - Failed to execute job 33267 for task ETL_job (1 document(s) failed to index.; 782339)
[2024-05-05T12:20:46.687+0000] {local_task_job_runner.py:234} INFO - Task exited with return code 1
[2024-05-05T12:20:46.721+0000] {taskinstance.py:3312} INFO - 0 downstream tasks scheduled from follow-on schedule check
