[2024-04-18T20:45:53.275+0000] {taskinstance.py:1979} INFO - Dependencies all met for dep_context=non-requeueable deps ti=<TaskInstance: Units_statistics_DAG.ETL_job manual__2024-04-18T20:41:02.988999+00:00 map_index=10 [queued]>
[2024-04-18T20:45:53.287+0000] {taskinstance.py:1979} INFO - Dependencies all met for dep_context=requeueable deps ti=<TaskInstance: Units_statistics_DAG.ETL_job manual__2024-04-18T20:41:02.988999+00:00 map_index=10 [queued]>
[2024-04-18T20:45:53.287+0000] {taskinstance.py:2193} INFO - Starting attempt 4 of 4
[2024-04-18T20:45:53.305+0000] {taskinstance.py:2217} INFO - Executing <Mapped(_PythonDecoratedOperator): ETL_job> on 2024-04-18 20:41:02.988999+00:00
[2024-04-18T20:45:53.309+0000] {standard_task_runner.py:60} INFO - Started process 388971 to run task
[2024-04-18T20:45:53.320+0000] {standard_task_runner.py:87} INFO - Running: ['***', 'tasks', 'run', 'Units_statistics_DAG', 'ETL_job', 'manual__2024-04-18T20:41:02.988999+00:00', '--job-id', '8186', '--raw', '--subdir', 'DAGS_FOLDER/Units_dag.py', '--cfg-path', '/tmp/tmpu_d331yn', '--map-index', '10']
[2024-04-18T20:45:53.322+0000] {standard_task_runner.py:88} INFO - Job 8186: Subtask ETL_job
[2024-04-18T20:45:53.407+0000] {task_command.py:423} INFO - Running <TaskInstance: Units_statistics_DAG.ETL_job manual__2024-04-18T20:41:02.988999+00:00 map_index=10 [running]> on host a09da322e808
[2024-04-18T20:45:53.564+0000] {taskinstance.py:2513} INFO - Exporting env vars: AIRFLOW_CTX_DAG_OWNER='abeer-araby' AIRFLOW_CTX_DAG_ID='Units_statistics_DAG' AIRFLOW_CTX_TASK_ID='ETL_job' AIRFLOW_CTX_EXECUTION_DATE='2024-04-18T20:41:02.988999+00:00' AIRFLOW_CTX_TRY_NUMBER='4' AIRFLOW_CTX_DAG_RUN_ID='manual__2024-04-18T20:41:02.988999+00:00'
[2024-04-18T20:45:53.565+0000] {Units_dag.py:99} INFO - i: 100000, chunk: 10000
[2024-04-18T20:45:53.565+0000] {Units_dag.py:100} INFO - child token is::: eyJ0eXAiOiJKV1QiLCJhbGciOiJIUzI1NiJ9.eyJpc3MiOiJodHRwczovL2FwaS5hZmFxeS5zYS9hdXRoL2xvZ2luX2FzIiwiaWF0IjoxNzEzNDcyODcxLCJleHAiOjE3MTYwNjQ4NzEsIm5iZiI6MTcxMzQ3Mjg3MSwianRpIjoib21icVFiMGlvdjFFQ1dmcSIsInN1YiI6IjVkNjNlNTFlMDNlZDUyOTJhNDJjMjRlNiIsInBydiI6IjI3MGVjZmM3ZWEzZWQ5MzdlYTg0OTM2MmEzYTUwOTEwYzZkOGNlNGYiLCJsb2dpbl9hc19pZCI6IjY1N2YwYWQ3M2Y5NzcyOTVjZjA1NTc2YSJ9.RgvErvTPNRSlB5Z3HsvnjKsqzFaxS237DQJtTse8d7I
[2024-04-18T20:46:31.820+0000] {Units_dag.py:104} INFO - {'_id': '6451faa773b78c5aa00a94f1', 'icon': 'icons/icon.png', 'driver_id': '', 'tailer_id': '', 'profile': {'measurement_type': 'count', 'fuel_type': '91', 'year': 0, 'seats': 2}, 'device_password': '***', 'device_type': 'gps', 'gateway': False, 'name': '9778 ر س ح', 'operation_code': None, 'device_gateway': None, 'business_types': {'waste': False, 'transportation': True, 'water': False}, 'imei': '861937063413620', 'sim_number': '+966830031818476', 'sim_serial': '421296831564', 'device_serial': '861937063413620', 'device': 'bce', 'user_id': '5f8bf21303ed52b7fb1c11ba', 'created_by': '5e6655bf03ed52e1ab79d301', 'updated_at': '2024-04-18 11:18:59', 'created_at': '2023-05-03 09:09:43', 'custom_fields': [], 'creator': 'amr.ahmed', 'company': '', 'owner': 'alwefaq-rent', 'last_update': {'dtt': 1713473134000, 'dts': 1713473146070, 'spd': 28, 'ang': 54, 'alt': 714, 'chPrams': {'ePwrV': {'v': 13.622, 'cdt': 1713473134000}, 'di16': {'v': 1, 'cdt': 1711616010000}, 'rssi1': {'v': 38, 'cdt': 1713473134000}, 'di15': {'v': 0, 'cdt': 1711296166000}, 'di14': {'v': 1, 'cdt': 1713473122000}, 'di13': {'v': 0, 'cdt': 1711616010000}, 'di12': {'v': 0, 'cdt': 1711616010000}, 'di11': {'v': 0, 'cdt': 1711616010000}, 'di10': {'v': 0, 'cdt': 1711616010000}, 'di2': {'v': 0, 'cdt': 1711616010000}, 'di1': {'v': 1, 'cdt': 1713473108000}, 'ai4': {'v': 268, 'cdt': 1713473108000}, 'di4': {'v': 0, 'cdt': 1711616010000}, 'di3': {'v': 0, 'cdt': 1711616010000}, 'di6': {'v': 0, 'cdt': 1711616010000}, 'di5': {'v': 1, 'cdt': 1713468994000}, 'lac1': {'v': 22106, 'cdt': 1713470500000}, 'di8': {'v': 1, 'cdt': 1711856526000}, 'protocol': {'v': 'bce', 'cdt': 1711616010000}, 'di7': {'v': 1, 'cdt': 1713472256000}, 'di9': {'v': 0, 'cdt': 1711616010000}, 'iPwrV': {'v': 4.163, 'cdt': 1713471380000}, 'humidity': {'v': -1, 'cdt': 1711616010000}, 'cid1': {'v': 11792, 'cdt': 1713473078000}, 'temp': {'v': -273, 'cdt': 1712942010000}, 'odometer': {'v': 1118264750, 'cdt': 1713473134000}, 'spd': {'v': 28, 'cdt': 1713473134000}, 'sat': {'v': 12, 'cdt': 1713472752000}, 'hdop': {'v': 1, 'cdt': 1713374856000}, 'ta': {'v': 0, 'cdt': 1711616010000}, 'mcc1': {'v': 420, 'cdt': 1711139376000}, 'mnc1': {'v': 4, 'cdt': 1711139376000}}, 'prms': {'protocol': 'bce', 'spd': 28, 'sat': 12, 'hdop': 1, 'odometer': 1118264750, 'di16': 1, 'di15': 0, 'di14': 1, 'di13': 0, 'di12': 0, 'di11': 0, 'di10': 0, 'di9': 0, 'di8': 1, 'di7': 1, 'di6': 0, 'di5': 1, 'di4': 0, 'di3': 0, 'di2': 0, 'di1': 1, 'ePwrV': 13.622, 'ai4': 268, 'iPwrV': 4.163, 'ta': 0, 'mcc1': 420, 'mnc1': 4, 'lac1': 22106, 'cid1': 11792, 'rssi1': 38, 'temp': -273, 'humidity': -1}, 'devPrms': ['protocol', 'di16', 'di15', 'di14', 'di13', 'di12', 'di11', 'di10', 'di9', 'di8', 'di7', 'di6', 'di5', 'di4', 'di3', 'di2', 'di1', 'ePwrV', 'ai4', 'iPwrV', 'ta', 'mcc1', 'mnc1', 'lac1', 'cid1', 'rssi1', 'temp', 'humidity', 'spd', 'sat', 'hdop', 'odometer'], 'old_params': {'protocol': 'bce', 'spd': 12, 'sat': 12, 'hdop': 1, 'odometer': 1091776120, 'di16': 1, 'di15': 0, 'di14': 1, 'di13': 0, 'di12': 0, 'di11': 0, 'di10': 0, 'di9': 0, 'di8': 1, 'di7': 1, 'di6': 0, 'di5': 1, 'di4': 0, 'di3': 0, 'di2': 0, 'di1': 1, 'ePwrV': 13.675, 'ai4': 268, 'iPwrV': 4.163, 'ta': 0, 'mcc1': 420, 'mnc1': 4, 'lac1': 22106, 'cid1': 11792, 'rssi1': 29, 'temp': -273, 'humidity': -1}, 'vLoc': 1, 'vCon': 1, 'ip': '51.36.200.177', 'rl': 0.0839, 'trl': 36109.0846, 'mdu': 12, 'tmdu': 2286852, 'eidl': 0, 'teidl': 1584592, 'fc': 0.010068, 'tfc': 6.751452, 'acc': 1, 'accOn': 5135779, 'accOff': 26072806, 'sdu': 0, 'tsdu': 0, 'lat': 24.564029693603516, 'lng': 46.63156509399414}, 'counters': {'odometer_type': 'gps', 'odometer': 36121.0776, 'engine_hours_type': 'acc', 'engine_hours': 5135779, 'last_acc': 1}, 'is_wasl_connected': 'Not Connected', 'iconUrl': 'https://api.afaqy.sa/images/units/icons/icon.png', 'hasCCTV': False}
[2024-04-18T20:46:32.647+0000] {warnings.py:109} WARNING - /home/***/.local/lib/python3.8/site-packages/elasticsearch/_sync/client/__init__.py:399: SecurityWarning: Connecting to 'https://dbelk3.afaqy.local:9200' using TLS with verify_certs=False is insecure
  _transport = transport_class(

[2024-04-18T20:46:32.691+0000] {warnings.py:109} WARNING - /home/***/.local/lib/python3.8/site-packages/elasticsearch/_sync/client/__init__.py:399: SecurityWarning: Connecting to 'https://dbelk1.afaqy.local:9200' using TLS with verify_certs=False is insecure
  _transport = transport_class(

[2024-04-18T20:46:32.734+0000] {warnings.py:109} WARNING - /home/***/.local/lib/python3.8/site-packages/elasticsearch/_sync/client/__init__.py:399: SecurityWarning: Connecting to 'https://dbelk2.afaqy.local:9200' using TLS with verify_certs=False is insecure
  _transport = transport_class(

[2024-04-18T20:46:32.753+0000] {warnings.py:109} WARNING - /home/***/.local/lib/python3.8/site-packages/urllib3/connectionpool.py:1061: InsecureRequestWarning: Unverified HTTPS request is being made to host 'dbelk3.afaqy.local'. Adding certificate verification is strongly advised. See: https://urllib3.readthedocs.io/en/1.26.x/advanced-usage.html#ssl-warnings
  warnings.warn(

[2024-04-18T20:46:32.819+0000] {_transport.py:335} INFO - GET https://dbelk3.afaqy.local:9200/_cluster/health [status:200 duration:0.083s]
[2024-04-18T20:46:33.639+0000] {taskinstance.py:2731} ERROR - Task failed with exception
Traceback (most recent call last):
  File "/home/airflow/.local/lib/python3.8/site-packages/elastic_transport/_serializer.py", line 108, in dumps
    return self.json_dumps(data)
  File "/home/airflow/.local/lib/python3.8/site-packages/elastic_transport/_serializer.py", line 79, in json_dumps
    return json.dumps(
  File "/usr/local/lib/python3.8/json/__init__.py", line 234, in dumps
    return cls(
  File "/usr/local/lib/python3.8/json/encoder.py", line 199, in encode
    chunks = self.iterencode(o, _one_shot=True)
  File "/usr/local/lib/python3.8/json/encoder.py", line 257, in iterencode
    return _iterencode(o, 0)
  File "/home/airflow/.local/lib/python3.8/site-packages/elasticsearch/serializer.py", line 73, in default
    raise TypeError(f"Unable to serialize {data!r} (type: {type(data)})")
TypeError: Unable to serialize <function Utils.units_transform.<locals>.<lambda> at 0x7faa0c98d820> (type: <class 'function'>)

During handling of the above exception, another exception occurred:

Traceback (most recent call last):
  File "/home/airflow/.local/lib/python3.8/site-packages/airflow/models/taskinstance.py", line 444, in _execute_task
    result = _execute_callable(context=context, **execute_callable_kwargs)
  File "/home/airflow/.local/lib/python3.8/site-packages/airflow/models/taskinstance.py", line 414, in _execute_callable
    return execute_callable(context=context, **execute_callable_kwargs)
  File "/home/airflow/.local/lib/python3.8/site-packages/airflow/decorators/base.py", line 241, in execute
    return_value = super().execute(context)
  File "/home/airflow/.local/lib/python3.8/site-packages/airflow/operators/python.py", line 200, in execute
    return_value = self.execute_callable()
  File "/home/airflow/.local/lib/python3.8/site-packages/airflow/operators/python.py", line 217, in execute_callable
    return self.python_callable(*self.op_args, **self.op_kwargs)
  File "/opt/airflow/dags/Units_dag.py", line 112, in ETL_job
    Elk_client.elk_pushData(Globals.index_name,units_list_update)
  File "/opt/airflow/dags/elk_manager.py", line 69, in elk_pushData
    helpers.bulk(self.elk_client, docs_list, index=index_name, chunk_size=batch)
  File "/home/airflow/.local/lib/python3.8/site-packages/elasticsearch/helpers/actions.py", line 521, in bulk
    for ok, item in streaming_bulk(
  File "/home/airflow/.local/lib/python3.8/site-packages/elasticsearch/helpers/actions.py", line 421, in streaming_bulk
    for bulk_data, bulk_actions in _chunk_actions(
  File "/home/airflow/.local/lib/python3.8/site-packages/elasticsearch/helpers/actions.py", line 233, in _chunk_actions
    ret = chunker.feed(action, data)
  File "/home/airflow/.local/lib/python3.8/site-packages/elasticsearch/helpers/actions.py", line 161, in feed
    data_bytes = to_bytes(self.serializer.dumps(data), "utf-8")
  File "/home/airflow/.local/lib/python3.8/site-packages/elastic_transport/_serializer.py", line 112, in dumps
    raise SerializationError(
elastic_transport.SerializationError: Unable to serialize to JSON: {'Unit': <function Utils.units_transform.<locals>.<lambda> at 0x7faa0c98d820>, 'spd': 28, 'acc': 1, 'last_update': 1713473134000, 'device_imei': '861937063413620', 'device_serial': '861937063413620', 'sim_number': '+966830031818476', 'sim_serial': '421296831564', 'device': 'bce', 'company': '', 'user_id_units': '5f8bf21303ed52b7fb1c11ba', 'account': 'alwefaq-rent', 'operation_code': None, 'vehicle_battery': 13.622} (type: dict)
[2024-04-18T20:46:33.650+0000] {taskinstance.py:1149} INFO - Marking task as FAILED. dag_id=Units_statistics_DAG, task_id=ETL_job, map_index=10, execution_date=20240418T204102, start_date=20240418T204553, end_date=20240418T204633
[2024-04-18T20:46:33.668+0000] {standard_task_runner.py:107} ERROR - Failed to execute job 8186 for task ETL_job (Unable to serialize to JSON: {'Unit': <function Utils.units_transform.<locals>.<lambda> at 0x7faa0c98d820>, 'spd': 28, 'acc': 1, 'last_update': 1713473134000, 'device_imei': '861937063413620', 'device_serial': '861937063413620', 'sim_number': '+966830031818476', 'sim_serial': '421296831564', 'device': 'bce', 'company': '', 'user_id_units': '5f8bf21303ed52b7fb1c11ba', 'account': 'alwefaq-rent', 'operation_code': None, 'vehicle_battery': 13.622} (type: dict); 388971)
[2024-04-18T20:46:33.732+0000] {local_task_job_runner.py:234} INFO - Task exited with return code 1
[2024-04-18T20:46:33.756+0000] {taskinstance.py:3312} INFO - 0 downstream tasks scheduled from follow-on schedule check
