[2024-05-05T19:22:10.129+0000] {taskinstance.py:1979} INFO - Dependencies all met for dep_context=non-requeueable deps ti=<TaskInstance: Units_statistics_DAG.ETL_job scheduled__2024-05-05T19:00:00+00:00 map_index=16 [queued]>
[2024-05-05T19:22:10.143+0000] {taskinstance.py:1979} INFO - Dependencies all met for dep_context=requeueable deps ti=<TaskInstance: Units_statistics_DAG.ETL_job scheduled__2024-05-05T19:00:00+00:00 map_index=16 [queued]>
[2024-05-05T19:22:10.144+0000] {taskinstance.py:2193} INFO - Starting attempt 2 of 4
[2024-05-05T19:22:10.165+0000] {taskinstance.py:2217} INFO - Executing <Mapped(_PythonDecoratedOperator): ETL_job> on 2024-05-05 19:00:00+00:00
[2024-05-05T19:22:10.173+0000] {standard_task_runner.py:60} INFO - Started process 789609 to run task
[2024-05-05T19:22:10.183+0000] {standard_task_runner.py:87} INFO - Running: ['***', 'tasks', 'run', 'Units_statistics_DAG', 'ETL_job', 'scheduled__2024-05-05T19:00:00+00:00', '--job-id', '33902', '--raw', '--subdir', 'DAGS_FOLDER/Units_dag.py', '--cfg-path', '/tmp/tmpi9aytdyd', '--map-index', '16']
[2024-05-05T19:22:10.186+0000] {standard_task_runner.py:88} INFO - Job 33902: Subtask ETL_job
[2024-05-05T19:22:10.279+0000] {task_command.py:423} INFO - Running <TaskInstance: Units_statistics_DAG.ETL_job scheduled__2024-05-05T19:00:00+00:00 map_index=16 [running]> on host a09da322e808
[2024-05-05T19:22:10.472+0000] {taskinstance.py:2513} INFO - Exporting env vars: AIRFLOW_CTX_DAG_OWNER='abeer-araby' AIRFLOW_CTX_DAG_ID='Units_statistics_DAG' AIRFLOW_CTX_TASK_ID='ETL_job' AIRFLOW_CTX_EXECUTION_DATE='2024-05-05T19:00:00+00:00' AIRFLOW_CTX_TRY_NUMBER='2' AIRFLOW_CTX_DAG_RUN_ID='scheduled__2024-05-05T19:00:00+00:00'
[2024-05-05T19:22:10.474+0000] {Units_dag.py:99} INFO - i: 160000, chunk: 10000
[2024-05-05T19:22:10.475+0000] {Units_dag.py:100} INFO - child token is::: eyJ0eXAiOiJKV1QiLCJhbGciOiJIUzI1NiJ9.eyJpc3MiOiJodHRwczovL2FwaS5hZmFxeS5zYS9hdXRoL2xvZ2luX2FzIiwiaWF0IjoxNzE0OTM2ODAzLCJleHAiOjE3MTc1Mjg4MDMsIm5iZiI6MTcxNDkzNjgwMywianRpIjoic3V1Uk5rTzZKdWxCRWt5UiIsInN1YiI6IjVkNjNlNTFlMDNlZDUyOTJhNDJjMjRlNiIsInBydiI6IjI3MGVjZmM3ZWEzZWQ5MzdlYTg0OTM2MmEzYTUwOTEwYzZkOGNlNGYiLCJsb2dpbl9hc19pZCI6IjY1N2YwYWQ3M2Y5NzcyOTVjZjA1NTc2YSJ9.3GCK6wh3caSMkrl8Sr5q3Luw2O3YIveca2yW14FTCqw
[2024-05-05T19:22:27.129+0000] {Units_dag.py:104} INFO - {'_id': '65ed92a2dd2947436508041a', 'icon': 'icons/icon.png', 'driver_id': '', 'tailer_id': '', 'profile': {'vehicle_type': '', 'measurement_type': 'count', 'max_capacity': 0, 'vin': '', 'plate_number': '', 'start_operation': '', 'contract_milage': '', 'opening_milage': '', 'model': '', 'fuel_type': '91', 'year': 0, 'seats': 2}, 'shipment_info': {'product_category': None, 'truck_type': None, 'shipment_type': None, 'shipment_payment_type': None, 'transporter_type': None, 'operating_area': None, 'weight_kilograms_per_day': None, 'kms_per_day': None, 'shipment_trip_drive_hrs_day': None, 'allowable_delay_drive_hrs_day': None, 'expected_shipment_trip_day': None, 'car_pay_per_day': None, 'exceeding_temperature_limit_per_day': None, 'temperature_upper_limit': None, 'exceeding_humidity_limit_per_day': None, 'humidity_upper_limit': None}, 'device_password': '***', 'device_type': 'gps', 'gateway': False, 'business_types': {'waste': False, 'transportation': True, 'water': False, 'hajj': False}, 'name': 'MR2BE9B33R0068157', 'operation_code': '', 'device_gateway': '', 'skip_sim_information': False, 'imei': '352016706824638', 'sim_number': '+966830020621460', 'sim_serial': '8996609821112198775', 'device_serial': '1134892140', 'device': 'teltonika', 'user_id': '61c43b241b5e6d541b2b65ce', 'created_by': '5e6655bf03ed52e1ab79d301', 'updated_at': '2024-04-18 11:18:59', 'created_at': '2024-03-10 13:59:46', 'custom_fields': [], 'creator': 'amr.ahmed', 'company': '', 'owner': 'al-jabr-renta-admin', 'last_update': {'dtt': 1714936764000, 'dts': 1714936768183, 'spd': 0, 'ang': 218, 'alt': 631, 'chPrams': {'Speed': {'v': 0, 'cdt': 1714906320000}, 'output1': {'v': False, 'cdt': 1714912722000}, 'output2': {'v': False, 'cdt': 1714912722000}, 'ePwrV': {'v': 12.579, 'cdt': 1714934661000}, 'parm24': {'v': 0, 'cdt': 1714906320000}, 'sat': {'v': 17, 'cdt': 1714936464000}, 'ai1': {'v': 0, 'cdt': 1712661889000}, 'priority': {'v': 0, 'cdt': 1712661889000}, 'di2': {'v': 0, 'cdt': 1712661889000}, 'type': {'v': 6, 'cdt': 1712854830000}, 'di1': {'v': 0, 'cdt': 1710071743000}, 'result': {'v': '5665723a30332e32372e31345f3030204750533a41584e5f352e312e392048773a464d42313230204d6f643a333320494d45493a33353230313637303638323436333820496e69743a323032342d342d32372031333a333820557074696d653a363836373131204d41433a333838413231343331373232205350433a312830292041584c3a32204f42443a3020424c3a312e31302042543a34', 'cdt': 1714912422000}, 'protocol': {'v': 'FMB120', 'cdt': 1714912722000}, 'parm6': {'v': 0, 'cdt': 1712661889000}, 'iPwrV': {'v': 0, 'cdt': 1714884865000}, 'event': {'v': 0, 'cdt': 1712661889000}}, 'prms': {'protocol': 'FMB120', 'priority': 0, 'sat': 17, 'event': 0, 'di1': 0, 'output1': 0, 'di2': 0, 'output2': 0, 'ePwrV': 12.579, 'Speed': 0, 'parm24': 0, 'iPwrV': 0, 'ai1': 0, 'parm6': 0}, 'devPrms': ['protocol', 'priority', 'sat', 'event', 'di1', 'output1', 'di2', 'output2', 'ePwrV', 'Speed', 'parm24', 'iPwrV', 'ai1', 'parm6'], 'old_params': {'Speed': 0, 'output1': 0, 'output2': 0, 'ePwrV': 12.579, 'parm24': 0, 'sat': 17, 'ai1': 0, 'priority': 0, 'di2': 0, 'di1': 0, 'protocol': 'teltonika', 'parm6': 0, 'iPwrV': 0, 'event': 0}, 'vLoc': 1, 'vCon': 1, 'ip': '109.83.246.56', 'rl': 0, 'trl': 0.0175, 'mdu': 0, 'tmdu': 0, 'eidl': 0, 'teidl': 1322, 'fc': 0, 'tfc': 0.0021, 'acc': 0, 'accOn': 649142, 'accOff': 7883311, 'sdu': 300, 'tsdu': 30444, 'lat': 24.7502466, 'lng': 46.7649783}, 'counters': {'engine_hours': 649142, 'last_acc': 0, 'odometer': 0, 'engine_hours_type': 'acc', 'odometer_type': 'gps'}, 'is_wasl_connected': 'Not Connected', 'iconUrl': 'https://api.afaqy.sa/images/units/icons/icon.png', 'hasCCTV': False}
[2024-05-05T19:22:27.662+0000] {warnings.py:109} WARNING - /home/***/.local/lib/python3.8/site-packages/elasticsearch/_sync/client/__init__.py:399: SecurityWarning: Connecting to 'https://dbelk3.afaqy.local:9200' using TLS with verify_certs=False is insecure
  _transport = transport_class(

[2024-05-05T19:22:27.706+0000] {warnings.py:109} WARNING - /home/***/.local/lib/python3.8/site-packages/elasticsearch/_sync/client/__init__.py:399: SecurityWarning: Connecting to 'https://dbelk1.afaqy.local:9200' using TLS with verify_certs=False is insecure
  _transport = transport_class(

[2024-05-05T19:22:27.758+0000] {warnings.py:109} WARNING - /home/***/.local/lib/python3.8/site-packages/elasticsearch/_sync/client/__init__.py:399: SecurityWarning: Connecting to 'https://dbelk2.afaqy.local:9200' using TLS with verify_certs=False is insecure
  _transport = transport_class(

[2024-05-05T19:22:27.779+0000] {warnings.py:109} WARNING - /home/***/.local/lib/python3.8/site-packages/urllib3/connectionpool.py:1061: InsecureRequestWarning: Unverified HTTPS request is being made to host 'dbelk3.afaqy.local'. Adding certificate verification is strongly advised. See: https://urllib3.readthedocs.io/en/1.26.x/advanced-usage.html#ssl-warnings
  warnings.warn(

[2024-05-05T19:22:27.861+0000] {_transport.py:335} INFO - GET https://dbelk3.afaqy.local:9200/_cluster/health [status:200 duration:0.101s]
[2024-05-05T19:22:28.265+0000] {warnings.py:109} WARNING - /home/***/.local/lib/python3.8/site-packages/urllib3/connectionpool.py:1061: InsecureRequestWarning: Unverified HTTPS request is being made to host 'dbelk1.afaqy.local'. Adding certificate verification is strongly advised. See: https://urllib3.readthedocs.io/en/1.26.x/advanced-usage.html#ssl-warnings
  warnings.warn(

[2024-05-05T19:22:28.427+0000] {_transport.py:335} INFO - PUT https://dbelk1.afaqy.local:9200/units_statistics_***/_bulk [status:200 duration:0.180s]
[2024-05-05T19:22:28.723+0000] {taskinstance.py:2731} ERROR - Task failed with exception
Traceback (most recent call last):
  File "/home/airflow/.local/lib/python3.8/site-packages/airflow/models/taskinstance.py", line 444, in _execute_task
    result = _execute_callable(context=context, **execute_callable_kwargs)
  File "/home/airflow/.local/lib/python3.8/site-packages/airflow/models/taskinstance.py", line 414, in _execute_callable
    return execute_callable(context=context, **execute_callable_kwargs)
  File "/home/airflow/.local/lib/python3.8/site-packages/airflow/decorators/base.py", line 241, in execute
    return_value = super().execute(context)
  File "/home/airflow/.local/lib/python3.8/site-packages/airflow/operators/python.py", line 200, in execute
    return_value = self.execute_callable()
  File "/home/airflow/.local/lib/python3.8/site-packages/airflow/operators/python.py", line 217, in execute_callable
    return self.python_callable(*self.op_args, **self.op_kwargs)
  File "/opt/airflow/dags/Units_dag.py", line 112, in ETL_job
    Elk_client.elk_pushData(Globals.index_name,units_list_update)
  File "/opt/airflow/dags/elk_manager.py", line 69, in elk_pushData
    helpers.bulk(self.elk_client, docs_list, index=index_name, chunk_size=batch)
  File "/home/airflow/.local/lib/python3.8/site-packages/elasticsearch/helpers/actions.py", line 521, in bulk
    for ok, item in streaming_bulk(
  File "/home/airflow/.local/lib/python3.8/site-packages/elasticsearch/helpers/actions.py", line 436, in streaming_bulk
    for data, (ok, info) in zip(
  File "/home/airflow/.local/lib/python3.8/site-packages/elasticsearch/helpers/actions.py", line 355, in _process_bulk_chunk
    yield from gen
  File "/home/airflow/.local/lib/python3.8/site-packages/elasticsearch/helpers/actions.py", line 274, in _process_bulk_chunk_success
    raise BulkIndexError(f"{len(errors)} document(s) failed to index.", errors)
elasticsearch.helpers.BulkIndexError: 10000 document(s) failed to index.
[2024-05-05T19:22:28.736+0000] {taskinstance.py:1149} INFO - Marking task as UP_FOR_RETRY. dag_id=Units_statistics_DAG, task_id=ETL_job, map_index=16, execution_date=20240505T190000, start_date=20240505T192210, end_date=20240505T192228
[2024-05-05T19:22:28.769+0000] {standard_task_runner.py:107} ERROR - Failed to execute job 33902 for task ETL_job (10000 document(s) failed to index.; 789609)
[2024-05-05T19:22:28.826+0000] {local_task_job_runner.py:234} INFO - Task exited with return code 1
[2024-05-05T19:22:28.861+0000] {taskinstance.py:3312} INFO - 0 downstream tasks scheduled from follow-on schedule check
