[2024-05-11T11:41:37.753+0000] {taskinstance.py:1979} INFO - Dependencies all met for dep_context=non-requeueable deps ti=<TaskInstance: Units_statistics_DAG.ETL_job scheduled__2024-05-11T11:20:00+00:00 map_index=14 [queued]>
[2024-05-11T11:41:37.765+0000] {taskinstance.py:1979} INFO - Dependencies all met for dep_context=requeueable deps ti=<TaskInstance: Units_statistics_DAG.ETL_job scheduled__2024-05-11T11:20:00+00:00 map_index=14 [queued]>
[2024-05-11T11:41:37.765+0000] {taskinstance.py:2193} INFO - Starting attempt 2 of 4
[2024-05-11T11:41:37.784+0000] {taskinstance.py:2217} INFO - Executing <Mapped(_PythonDecoratedOperator): ETL_job> on 2024-05-11 11:20:00+00:00
[2024-05-11T11:41:37.795+0000] {standard_task_runner.py:60} INFO - Started process 939479 to run task
[2024-05-11T11:41:37.806+0000] {standard_task_runner.py:87} INFO - Running: ['***', 'tasks', 'run', 'Units_statistics_DAG', 'ETL_job', 'scheduled__2024-05-11T11:20:00+00:00', '--job-id', '50484', '--raw', '--subdir', 'DAGS_FOLDER/Units_dag.py', '--cfg-path', '/tmp/tmpvn4fyqo7', '--map-index', '14']
[2024-05-11T11:41:37.809+0000] {standard_task_runner.py:88} INFO - Job 50484: Subtask ETL_job
[2024-05-11T11:41:37.895+0000] {task_command.py:423} INFO - Running <TaskInstance: Units_statistics_DAG.ETL_job scheduled__2024-05-11T11:20:00+00:00 map_index=14 [running]> on host a09da322e808
[2024-05-11T11:41:38.042+0000] {taskinstance.py:2513} INFO - Exporting env vars: AIRFLOW_CTX_DAG_OWNER='abeer-araby' AIRFLOW_CTX_DAG_ID='Units_statistics_DAG' AIRFLOW_CTX_TASK_ID='ETL_job' AIRFLOW_CTX_EXECUTION_DATE='2024-05-11T11:20:00+00:00' AIRFLOW_CTX_TRY_NUMBER='2' AIRFLOW_CTX_DAG_RUN_ID='scheduled__2024-05-11T11:20:00+00:00'
[2024-05-11T11:41:38.043+0000] {Units_dag.py:98} INFO - i: 140000, chunk: 10000
[2024-05-11T11:41:38.043+0000] {Units_dag.py:99} INFO - child token is::: eyJ0eXAiOiJKV1QiLCJhbGciOiJIUzI1NiJ9.eyJpc3MiOiJodHRwczovL2FwaS5hZmFxeS5zYS9hdXRoL2xvZ2luX2FzIiwiaWF0IjoxNzE1NDI3NjAyLCJleHAiOjE3MTgwMTk2MDIsIm5iZiI6MTcxNTQyNzYwMiwianRpIjoibENnVFBxbGd2MUl6ZlVGZCIsInN1YiI6IjVkNjNlNTFlMDNlZDUyOTJhNDJjMjRlNiIsInBydiI6IjI3MGVjZmM3ZWEzZWQ5MzdlYTg0OTM2MmEzYTUwOTEwYzZkOGNlNGYiLCJsb2dpbl9hc19pZCI6IjY1N2YwYWQ3M2Y5NzcyOTVjZjA1NTc2YSJ9._-4fm1E_W4nyZS7mOdPJIYipqSPhciqpQzSwnx9oNDI
[2024-05-11T11:41:56.913+0000] {Units_dag.py:103} INFO - {'_id': '6550cd3527d067e5160c593c', 'icon': 'icons/icon.png', 'driver_id': '', 'tailer_id': '', 'profile': {'measurement_type': 'count', 'fuel_type': '91', 'year': 0, 'seats': 2}, 'shipment_info': {'product_category': '', 'truck_type': '', 'shipment_type': '', 'shipment_payment_type': '', 'transporter_type': '', 'operating_area': '', 'weight_kilograms_per_day': '', 'kms_per_day': '', 'opening_milage': '', 'shipment_trip_drive_hrs_day': '', 'expected_shipment_trip_day': '', 'car_pay_per_day': '', 'exceeding_temperature_limit_per_day': '', 'temperature_upper_limit': '', 'exceeding_humidity_limit_per_day': '', 'humidity_upper_limit': '', 'allowable_delay_drive_hrs_day': ''}, 'device_password': '***', 'device_type': 'gps', 'gateway': False, 'business_types': {'waste': False, 'transportation': True, 'water': False}, 'name': '1283TZA', 'operation_code': None, 'device_gateway': None, 'skip_sim_information': False, 'imei': '863719061270055', 'sim_number': '+966830023515421', 'sim_serial': '8996609821112125521', 'device_serial': '1132767223', 'device': 'teltonika', 'user_id': '652e49a88762863226039b27', 'created_by': '5e6655bf03ed52e1ab79d301', 'updated_at': '2024-04-18 11:18:59', 'created_at': '2023-11-12 16:03:49', 'custom_fields': [], 'creator': 'amr.ahmed', 'company': '', 'owner': 'saveto-contracting-admin', 'last_update': {'dtt': 1705057009000, 'dts': 1705057014058, 'spd': 0, 'ang': 346, 'alt': 540, 'chPrams': {'Speed': {'v': 0, 'cdt': 1705051900000}, 'output1': {'v': False, 'cdt': 1705056408000}, 'output2': {'v': False, 'cdt': 1705056408000}, 'ePwrV': {'v': 9.227, 'cdt': 1705057009000}, 'parm24': {'v': 0, 'cdt': 1705051900000}, 'sat': {'v': 19, 'cdt': 1705057009000}, 'ai1': {'v': 216, 'cdt': 1704713503000}, 'priority': {'v': 0, 'cdt': 1704961741000}, 'di2': {'v': 0, 'cdt': 1704972260000}, 'type': {'v': 6, 'cdt': 1705047392000}, 'di1': {'v': 0, 'cdt': 1699866769000}, 'result': {'v': '5665723a30332e32372e31335f343433204750533a41584e5f352e312e392048773a464d43313330204d6f643a3420494d45493a38363337313930363132373030353520496e69743a323032332d31312d323320363a323820557074696d653a34333238313332204d41433a313339373942463536323631205350433a312830292041584c3a32204f42443a3020424c3a312e31302042543a34', 'cdt': 1705056107000}, 'protocol': {'v': 'FMC130', 'cdt': 1705056408000}, 'parm6': {'v': 216, 'cdt': 1704383221000}, 'iPwrV': {'v': 3.354, 'cdt': 1705057009000}, 'event': {'v': 0, 'cdt': 1704972260000}}, 'prms': {'protocol': 'FMC130', 'priority': 0, 'sat': 19, 'event': 0, 'di1': 0, 'output1': 0, 'di2': 0, 'output2': 0, 'ePwrV': 9.227, 'Speed': 0, 'parm24': 0, 'iPwrV': 3.354, 'ai1': 216, 'parm6': 216}, 'devPrms': ['Speed', 'output1', 'output2', 'ePwrV', 'parm24', 'sat', 'ai1', 'priority', 'di2', 'type', 'di1', 'result', 'protocol', 'parm6', 'iPwrV', 'event'], 'old_params': {'protocol': 'FMC130', 'priority': 0, 'sat': 20, 'event': 0, 'di1': 0, 'output1': 0, 'di2': 0, 'output2': 0, 'ePwrV': 9.253, 'Speed': 0, 'parm24': 0, 'iPwrV': 3.418, 'ai1': 216, 'parm6': 216}, 'vLoc': 1, 'vCon': 1, 'ip': '109.83.161.249', 'rl': 0, 'trl': 0.0595, 'mdu': 0, 'tmdu': 66, 'eidl': 0, 'teidl': 642, 'fc': 0, 'tfc': 0, 'acc': 0, 'accOn': 74942, 'accOff': 5219509, 'sdu': 300, 'tsdu': 2356186, 'lat': 24.51321, 'lng': 46.933905}, 'counters': {'engine_hours': 74942, 'last_acc': 0, 'odometer': 0.0595}, 'is_wasl_connected': 'Not Connected', 'iconUrl': 'https://api.afaqy.sa/images/units/icons/icon.png', 'hasCCTV': False}
[2024-05-11T11:41:57.412+0000] {warnings.py:109} WARNING - /home/***/.local/lib/python3.8/site-packages/elasticsearch/_sync/client/__init__.py:399: SecurityWarning: Connecting to 'https://dbelk3.afaqy.local:9200' using TLS with verify_certs=False is insecure
  _transport = transport_class(

[2024-05-11T11:41:57.454+0000] {warnings.py:109} WARNING - /home/***/.local/lib/python3.8/site-packages/elasticsearch/_sync/client/__init__.py:399: SecurityWarning: Connecting to 'https://dbelk1.afaqy.local:9200' using TLS with verify_certs=False is insecure
  _transport = transport_class(

[2024-05-11T11:41:57.495+0000] {warnings.py:109} WARNING - /home/***/.local/lib/python3.8/site-packages/elasticsearch/_sync/client/__init__.py:399: SecurityWarning: Connecting to 'https://dbelk2.afaqy.local:9200' using TLS with verify_certs=False is insecure
  _transport = transport_class(

[2024-05-11T11:41:57.515+0000] {warnings.py:109} WARNING - /home/***/.local/lib/python3.8/site-packages/urllib3/connectionpool.py:1061: InsecureRequestWarning: Unverified HTTPS request is being made to host 'dbelk3.afaqy.local'. Adding certificate verification is strongly advised. See: https://urllib3.readthedocs.io/en/1.26.x/advanced-usage.html#ssl-warnings
  warnings.warn(

[2024-05-11T11:41:57.590+0000] {_transport.py:335} INFO - GET https://dbelk3.afaqy.local:9200/_cluster/health [status:200 duration:0.093s]
[2024-05-11T11:41:57.956+0000] {warnings.py:109} WARNING - /home/***/.local/lib/python3.8/site-packages/urllib3/connectionpool.py:1061: InsecureRequestWarning: Unverified HTTPS request is being made to host 'dbelk1.afaqy.local'. Adding certificate verification is strongly advised. See: https://urllib3.readthedocs.io/en/1.26.x/advanced-usage.html#ssl-warnings
  warnings.warn(

[2024-05-11T11:41:58.113+0000] {_transport.py:335} INFO - PUT https://dbelk1.afaqy.local:9200/units_statistics_***/_bulk [status:200 duration:0.174s]
[2024-05-11T11:41:58.414+0000] {taskinstance.py:2731} ERROR - Task failed with exception
Traceback (most recent call last):
  File "/home/airflow/.local/lib/python3.8/site-packages/airflow/models/taskinstance.py", line 444, in _execute_task
    result = _execute_callable(context=context, **execute_callable_kwargs)
  File "/home/airflow/.local/lib/python3.8/site-packages/airflow/models/taskinstance.py", line 414, in _execute_callable
    return execute_callable(context=context, **execute_callable_kwargs)
  File "/home/airflow/.local/lib/python3.8/site-packages/airflow/decorators/base.py", line 241, in execute
    return_value = super().execute(context)
  File "/home/airflow/.local/lib/python3.8/site-packages/airflow/operators/python.py", line 200, in execute
    return_value = self.execute_callable()
  File "/home/airflow/.local/lib/python3.8/site-packages/airflow/operators/python.py", line 217, in execute_callable
    return self.python_callable(*self.op_args, **self.op_kwargs)
  File "/opt/airflow/dags/Units_dag.py", line 111, in ETL_job
    Elk_client.elk_pushData(Globals.index_name,units_list_update)
  File "/opt/airflow/dags/units_statistics/elk_manager.py", line 69, in elk_pushData
    helpers.bulk(self.elk_client, docs_list, index=index_name, chunk_size=batch)
  File "/home/airflow/.local/lib/python3.8/site-packages/elasticsearch/helpers/actions.py", line 521, in bulk
    for ok, item in streaming_bulk(
  File "/home/airflow/.local/lib/python3.8/site-packages/elasticsearch/helpers/actions.py", line 436, in streaming_bulk
    for data, (ok, info) in zip(
  File "/home/airflow/.local/lib/python3.8/site-packages/elasticsearch/helpers/actions.py", line 355, in _process_bulk_chunk
    yield from gen
  File "/home/airflow/.local/lib/python3.8/site-packages/elasticsearch/helpers/actions.py", line 274, in _process_bulk_chunk_success
    raise BulkIndexError(f"{len(errors)} document(s) failed to index.", errors)
elasticsearch.helpers.BulkIndexError: 10000 document(s) failed to index.
[2024-05-11T11:41:58.430+0000] {taskinstance.py:1149} INFO - Marking task as UP_FOR_RETRY. dag_id=Units_statistics_DAG, task_id=ETL_job, map_index=14, execution_date=20240511T112000, start_date=20240511T114137, end_date=20240511T114158
[2024-05-11T11:41:58.445+0000] {standard_task_runner.py:107} ERROR - Failed to execute job 50484 for task ETL_job (10000 document(s) failed to index.; 939479)
[2024-05-11T11:41:58.502+0000] {local_task_job_runner.py:234} INFO - Task exited with return code 1
[2024-05-11T11:41:58.527+0000] {taskinstance.py:3312} INFO - 0 downstream tasks scheduled from follow-on schedule check
