[2024-04-15T07:00:15.280+0000] {taskinstance.py:1979} INFO - Dependencies all met for dep_context=non-requeueable deps ti=<TaskInstance: Units_statistics_DAG.ETL_job scheduled__2024-04-15T06:00:00+00:00 map_index=15 [queued]>
[2024-04-15T07:00:15.339+0000] {taskinstance.py:1979} INFO - Dependencies all met for dep_context=requeueable deps ti=<TaskInstance: Units_statistics_DAG.ETL_job scheduled__2024-04-15T06:00:00+00:00 map_index=15 [queued]>
[2024-04-15T07:00:15.339+0000] {taskinstance.py:2193} INFO - Starting attempt 1 of 4
[2024-04-15T07:00:15.418+0000] {taskinstance.py:2217} INFO - Executing <Mapped(_PythonDecoratedOperator): ETL_job> on 2024-04-15 06:00:00+00:00
[2024-04-15T07:00:15.442+0000] {standard_task_runner.py:60} INFO - Started process 303019 to run task
[2024-04-15T07:00:15.513+0000] {standard_task_runner.py:87} INFO - Running: ['***', 'tasks', 'run', 'Units_statistics_DAG', 'ETL_job', 'scheduled__2024-04-15T06:00:00+00:00', '--job-id', '2320', '--raw', '--subdir', 'DAGS_FOLDER/Units_dag.py', '--cfg-path', '/tmp/tmpg4hy5v9_', '--map-index', '15']
[2024-04-15T07:00:15.515+0000] {standard_task_runner.py:88} INFO - Job 2320: Subtask ETL_job
[2024-04-15T07:00:15.853+0000] {task_command.py:423} INFO - Running <TaskInstance: Units_statistics_DAG.ETL_job scheduled__2024-04-15T06:00:00+00:00 map_index=15 [running]> on host a09da322e808
[2024-04-15T07:00:16.484+0000] {taskinstance.py:2513} INFO - Exporting env vars: AIRFLOW_CTX_DAG_OWNER='abeer-araby' AIRFLOW_CTX_DAG_ID='Units_statistics_DAG' AIRFLOW_CTX_TASK_ID='ETL_job' AIRFLOW_CTX_EXECUTION_DATE='2024-04-15T06:00:00+00:00' AIRFLOW_CTX_TRY_NUMBER='1' AIRFLOW_CTX_DAG_RUN_ID='scheduled__2024-04-15T06:00:00+00:00'
[2024-04-15T07:00:16.485+0000] {Units_dag.py:89} INFO - i: 150000, chunk: 10000
[2024-04-15T07:00:16.485+0000] {Units_dag.py:90} INFO - child token is::: eyJ0eXAiOiJKV1QiLCJhbGciOiJIUzI1NiJ9.eyJpc3MiOiJodHRwczovL2FwaS5hZmFxeS5zYS9hdXRoL2xvZ2luX2FzIiwiaWF0IjoxNzEzMTY0NDAzLCJleHAiOjE3MTU3NTY0MDMsIm5iZiI6MTcxMzE2NDQwMywianRpIjoiNzdzN1FJYVlsVXp0OENSNCIsInN1YiI6IjVkNjNlNTFlMDNlZDUyOTJhNDJjMjRlNiIsInBydiI6IjI3MGVjZmM3ZWEzZWQ5MzdlYTg0OTM2MmEzYTUwOTEwYzZkOGNlNGYiLCJsb2dpbl9hc19pZCI6IjY1N2YwYWQ3M2Y5NzcyOTVjZjA1NTc2YSJ9.Ec5TbIe0YZnwz9RlgEa9sRm-zK3DRwqagXyDcYtkob8
[2024-04-15T07:00:48.215+0000] {Units_dag.py:94} INFO - {'_id': '658d7b540d8de22bc0024231', 'icon': 'icons/icon.png', 'driver_id': '', 'tailer_id': '', 'profile': {'measurement_type': 'count', 'fuel_type': '91', 'year': 0, 'seats': 2}, 'shipment_info': {'product_category': '', 'truck_type': '', 'shipment_type': '', 'shipment_payment_type': '', 'transporter_type': '', 'operating_area': '', 'weight_kilograms_per_day': '', 'kms_per_day': '', 'opening_milage': '', 'shipment_trip_drive_hrs_day': '', 'expected_shipment_trip_day': '', 'car_pay_per_day': '', 'exceeding_temperature_limit_per_day': '', 'temperature_upper_limit': '', 'exceeding_humidity_limit_per_day': '', 'humidity_upper_limit': '', 'allowable_delay_drive_hrs_day': ''}, 'device_password': '***', 'device_type': 'gps', 'gateway': False, 'business_types': {'waste': False, 'transportation': True, 'water': False}, 'name': '3014 K E R', 'operation_code': None, 'device_gateway': None, 'skip_sim_information': False, 'imei': '350612077483459', 'sim_number': '+966830023485772', 'sim_serial': '8996609821112126473', 'device_serial': '1132665817', 'device': 'teltonika', 'user_id': '64492794a45ed63f0d2bdd84', 'created_by': '5e6655bf03ed52e1ab79d301', 'updated_at': '2024-01-02 11:57:15', 'created_at': '2023-12-28 16:42:44', 'creator': 'amr.ahmed', 'company': '', 'owner': 'adwa-najd-admin', 'last_update': {'dtt': 1713164414000, 'dts': 1713164417034, 'spd': 40, 'ang': 228, 'alt': 359, 'chPrams': {'Speed': {'v': 40, 'cdt': 1713164414000}, 'output1': {'v': False, 'cdt': 1713124498000}, 'output2': {'v': False, 'cdt': 1713124498000}, 'ePwrV': {'v': 14.186, 'cdt': 1713164414000}, 'parm24': {'v': 40, 'cdt': 1713164414000}, 'sat': {'v': 15, 'cdt': 1713164410000}, 'ai1': {'v': 174, 'cdt': 1711953578000}, 'priority': {'v': 0, 'cdt': 1711953578000}, 'di2': {'v': 0, 'cdt': 1711953578000}, 'type': {'v': 6, 'cdt': 1712028686000}, 'di1': {'v': 1, 'cdt': 1713159766000}, 'result': {'v': '5665723a30332e32372e31345f3030204750533a41584e5f352e312e392048773a464d42313230204d6f643a333320494d45493a33353036313230373734383334353920496e69743a323032342d342d313320373a343620557074696d653a313334333838204d41433a333838413231333532383731205350433a312830292041584c3a32204f42443a3020424c3a312e31302042543a34', 'cdt': 1713127973000}, 'protocol': {'v': 'FMB120', 'cdt': 1713128003000}, 'parm6': {'v': 174, 'cdt': 1711953578000}, 'iPwrV': {'v': 4.108, 'cdt': 1713164414000}, 'event': {'v': 0, 'cdt': 1711953578000}}, 'prms': {'protocol': 'FMB120', 'priority': 0, 'sat': 15, 'event': 0, 'di1': 1, 'output1': 0, 'di2': 0, 'output2': 0, 'ePwrV': 14.186, 'Speed': 40, 'parm24': 40, 'iPwrV': 4.108, 'ai1': 174, 'parm6': 174}, 'devPrms': ['protocol', 'priority', 'sat', 'event', 'di1', 'output1', 'di2', 'output2', 'ePwrV', 'Speed', 'parm24', 'iPwrV', 'ai1', 'parm6'], 'old_params': {'protocol': 'FMB120', 'priority': 0, 'sat': 15, 'event': 0, 'di1': 1, 'output1': 0, 'di2': 0, 'output2': 0, 'ePwrV': 14.294, 'Speed': 56, 'parm24': 56, 'iPwrV': 4.114, 'ai1': 174, 'parm6': 174}, 'vLoc': 1, 'vCon': 1, 'ip': '37.216.52.15', 'rl': 0.0248, 'trl': 19714.5447, 'mdu': 2, 'tmdu': 1003760, 'eidl': 0, 'teidl': 314149, 'fc': 0.002976, 'tfc': 226.05828, 'acc': 1, 'accOn': 1401532, 'accOff': 638847874, 'sdu': 0, 'tsdu': 0, 'lat': 28.1059616, 'lng': 45.6604383}, 'counters': {'engine_hours': 1401532, 'last_acc': 1, 'odometer': 19714.394, 'engine_hours_type': 'acc', 'odometer_type': 'gps'}, 'is_wasl_connected': 'Not Connected', 'iconUrl': 'https://api.afaqy.sa/images/units/icons/icon.png', 'hasCCTV': False}
[2024-04-15T07:00:49.740+0000] {warnings.py:109} WARNING - /home/***/.local/lib/python3.8/site-packages/elasticsearch/_sync/client/__init__.py:399: SecurityWarning: Connecting to 'https://dbelk2.afaqy.local:9200' using TLS with verify_certs=False is insecure
  _transport = transport_class(

[2024-04-15T07:00:49.924+0000] {warnings.py:109} WARNING - /home/***/.local/lib/python3.8/site-packages/elasticsearch/_sync/client/__init__.py:399: SecurityWarning: Connecting to 'https://dbelk3.afaqy.local:9200' using TLS with verify_certs=False is insecure
  _transport = transport_class(

[2024-04-15T07:00:50.120+0000] {warnings.py:109} WARNING - /home/***/.local/lib/python3.8/site-packages/elasticsearch/_sync/client/__init__.py:399: SecurityWarning: Connecting to 'https://dbelk1.afaqy.local:9200' using TLS with verify_certs=False is insecure
  _transport = transport_class(

[2024-04-15T07:00:50.148+0000] {warnings.py:109} WARNING - /home/***/.local/lib/python3.8/site-packages/urllib3/connectionpool.py:1061: InsecureRequestWarning: Unverified HTTPS request is being made to host 'dbelk2.afaqy.local'. Adding certificate verification is strongly advised. See: https://urllib3.readthedocs.io/en/1.26.x/advanced-usage.html#ssl-warnings
  warnings.warn(

[2024-04-15T07:00:50.217+0000] {_transport.py:335} INFO - GET https://dbelk2.afaqy.local:9200/_cluster/health [status:200 duration:0.094s]
[2024-04-15T07:00:51.830+0000] {warnings.py:109} WARNING - /home/***/.local/lib/python3.8/site-packages/urllib3/connectionpool.py:1061: InsecureRequestWarning: Unverified HTTPS request is being made to host 'dbelk3.afaqy.local'. Adding certificate verification is strongly advised. See: https://urllib3.readthedocs.io/en/1.26.x/advanced-usage.html#ssl-warnings
  warnings.warn(

[2024-04-15T07:00:53.368+0000] {_transport.py:335} INFO - PUT https://dbelk3.afaqy.local:9200/units_statistics_***/_bulk [status:200 duration:1.568s]
[2024-04-15T07:00:53.935+0000] {python.py:202} INFO - Done. Returned value was: None
[2024-04-15T07:00:53.956+0000] {taskinstance.py:1149} INFO - Marking task as SUCCESS. dag_id=Units_statistics_DAG, task_id=ETL_job, map_index=15, execution_date=20240415T060000, start_date=20240415T070015, end_date=20240415T070053
[2024-04-15T07:00:54.012+0000] {local_task_job_runner.py:234} INFO - Task exited with return code 0
[2024-04-15T07:00:54.040+0000] {taskinstance.py:3312} INFO - 0 downstream tasks scheduled from follow-on schedule check
