[2024-05-06T13:40:18.175+0000] {taskinstance.py:1979} INFO - Dependencies all met for dep_context=non-requeueable deps ti=<TaskInstance: Units_statistics_DAG.ETL_job scheduled__2024-05-06T13:20:00+00:00 map_index=6 [queued]>
[2024-05-06T13:40:18.191+0000] {taskinstance.py:1979} INFO - Dependencies all met for dep_context=requeueable deps ti=<TaskInstance: Units_statistics_DAG.ETL_job scheduled__2024-05-06T13:20:00+00:00 map_index=6 [queued]>
[2024-05-06T13:40:18.191+0000] {taskinstance.py:2193} INFO - Starting attempt 1 of 4
[2024-05-06T13:40:18.245+0000] {taskinstance.py:2217} INFO - Executing <Mapped(_PythonDecoratedOperator): ETL_job> on 2024-05-06 13:20:00+00:00
[2024-05-06T13:40:18.292+0000] {standard_task_runner.py:60} INFO - Started process 808994 to run task
[2024-05-06T13:40:18.306+0000] {standard_task_runner.py:87} INFO - Running: ['***', 'tasks', 'run', 'Units_statistics_DAG', 'ETL_job', 'scheduled__2024-05-06T13:20:00+00:00', '--job-id', '35735', '--raw', '--subdir', 'DAGS_FOLDER/Units_dag.py', '--cfg-path', '/tmp/tmp0qhjff97', '--map-index', '6']
[2024-05-06T13:40:18.317+0000] {standard_task_runner.py:88} INFO - Job 35735: Subtask ETL_job
[2024-05-06T13:40:18.667+0000] {task_command.py:423} INFO - Running <TaskInstance: Units_statistics_DAG.ETL_job scheduled__2024-05-06T13:20:00+00:00 map_index=6 [running]> on host a09da322e808
[2024-05-06T13:40:19.106+0000] {taskinstance.py:2513} INFO - Exporting env vars: AIRFLOW_CTX_DAG_OWNER='abeer-araby' AIRFLOW_CTX_DAG_ID='Units_statistics_DAG' AIRFLOW_CTX_TASK_ID='ETL_job' AIRFLOW_CTX_EXECUTION_DATE='2024-05-06T13:20:00+00:00' AIRFLOW_CTX_TRY_NUMBER='1' AIRFLOW_CTX_DAG_RUN_ID='scheduled__2024-05-06T13:20:00+00:00'
[2024-05-06T13:40:19.108+0000] {Units_dag.py:99} INFO - i: 60000, chunk: 10000
[2024-05-06T13:40:19.108+0000] {Units_dag.py:100} INFO - child token is::: eyJ0eXAiOiJKV1QiLCJhbGciOiJIUzI1NiJ9.eyJpc3MiOiJodHRwczovL2FwaS5hZmFxeS5zYS9hdXRoL2xvZ2luX2FzIiwiaWF0IjoxNzE1MDAyODAzLCJleHAiOjE3MTc1OTQ4MDMsIm5iZiI6MTcxNTAwMjgwMywianRpIjoiZHk1dzZjejJtQnZiYmo1bCIsInN1YiI6IjVkNjNlNTFlMDNlZDUyOTJhNDJjMjRlNiIsInBydiI6IjI3MGVjZmM3ZWEzZWQ5MzdlYTg0OTM2MmEzYTUwOTEwYzZkOGNlNGYiLCJsb2dpbl9hc19pZCI6IjY1N2YwYWQ3M2Y5NzcyOTVjZjA1NTc2YSJ9.nIt85oA62JM-jh3vDE_Z87p3cD1ig0V73BerG_vcZSk
[2024-05-06T13:40:39.945+0000] {Units_dag.py:104} INFO - {'_id': '632ac9a92d082643e158f542', 'icon': 'icons/icon.png', 'driver_id': '', 'tailer_id': '', 'profile': {'vehicle_type': None, 'measurement_type': 'count', 'max_capacity': 0, 'vin': None, 'plate_number': None, 'start_operation': None, 'contract_milage': None, 'opening_milage': None, 'model': None, 'fuel_type': '91', 'year': 0, 'seats': 2}, 'device_password': '***', 'device_type': 'gps', 'gateway': False, 'name': 'ADR9276', 'operation_code': '', 'device_gateway': '', 'business_types': {'waste': False, 'transportation': True, 'water': False}, 'imei': '357544377304007', 'sim_number': '+966830020159797', 'sim_serial': '996641520415665352', 'device_serial': '1118906464', 'device': 'teltonika', 'user_id': '5edc9ce503ed5252d3361fa8', 'created_by': '5e6655bf03ed52e1ab79d301', 'updated_at': '2024-04-18 11:18:59', 'created_at': '2022-09-21 11:22:01', 'custom_fields': [], 'creator': 'amr.ahmed', 'company': '', 'owner': 'hertz-admin', 'last_update': {'dtt': 1715002517000, 'dts': 1715002520820, 'spd': 0, 'ang': 48, 'alt': 498, 'chPrams': {'Speed': {'v': 0, 'cdt': 1714976282000}, 'output1': {'v': True, 'cdt': 1714893507000}, 'output2': {'v': True, 'cdt': 1714893507000}, 'ePwrV': {'v': 12.898, 'cdt': 1715002517000}, 'parm24': {'v': 0, 'cdt': 1714976282000}, 'sat': {'v': 14, 'cdt': 1715002217000}, 'ai1': {'v': 216, 'cdt': 1714976176000}, 'type': {'v': 6, 'cdt': 1713406662000}, 'priority': {'v': 0, 'cdt': 1713971981000}, 'di2': {'v': 0, 'cdt': 1713975098000}, 'di1': {'v': 0, 'cdt': 1714976311000}, 'result': {'v': '5665723a30332e32372e31335f3033204750533a41584e5f352e312e392048773a464d42313230204d6f643a333320494d45493a33353735343433373733303430303720496e69743a323032342d352d312031323a333720557074696d653a333937303734204d41433a303031453432373431363946205350433a312830292041584c3a32204f42443a3020424c3a312e31302042543a34', 'cdt': 1714964794000}, 'protocol': {'v': 'FMB120', 'cdt': 1714893507000}, 'parm6': {'v': 216, 'cdt': 1713125689000}, 'iPwrV': {'v': 4.033, 'cdt': 1715002217000}, 'event': {'v': 0, 'cdt': 1713971981000}}, 'prms': {'protocol': 'FMB120', 'priority': 0, 'sat': 14, 'event': 0, 'di1': 0, 'output1': 1, 'di2': 0, 'output2': 1, 'ePwrV': 12.898, 'Speed': 0, 'parm24': 0, 'iPwrV': 4.033, 'ai1': 216, 'parm6': 216}, 'devPrms': ['protocol', 'priority', 'sat', 'event', 'di1', 'output1', 'di2', 'output2', 'ePwrV', 'Speed', 'parm24', 'iPwrV', 'ai1', 'parm6'], 'old_params': {'protocol': 'FMB120', 'priority': 0, 'sat': 14, 'event': 0, 'di1': 0, 'output1': 1, 'di2': 0, 'output2': 1, 'ePwrV': 12.904, 'Speed': 0, 'parm24': 0, 'iPwrV': 4.033, 'ai1': 216, 'parm6': 216}, 'vLoc': 1, 'vCon': 1, 'ip': '109.83.224.98', 'rl': 0, 'trl': 39332.5973, 'mdu': 0, 'tmdu': 2704831, 'eidl': 0, 'teidl': 1629958, 'fc': 0, 'tfc': 128.792172, 'acc': 0, 'accOn': 20485314, 'accOff': 46836694, 'sdu': 300, 'tsdu': 26206, 'lat': 18.5514466, 'lng': 42.0597683}, 'counters': {'odometer_type': 'gps', 'odometer': 39406.594, 'engine_hours_type': 'acc', 'engine_hours': 20485314, 'last_acc': 0}, 'is_wasl_connected': 'Not Connected', 'iconUrl': 'https://api.afaqy.sa/images/units/icons/icon.png', 'hasCCTV': False}
[2024-05-06T13:40:40.905+0000] {warnings.py:109} WARNING - /home/***/.local/lib/python3.8/site-packages/elasticsearch/_sync/client/__init__.py:399: SecurityWarning: Connecting to 'https://dbelk3.afaqy.local:9200' using TLS with verify_certs=False is insecure
  _transport = transport_class(

[2024-05-06T13:40:40.953+0000] {warnings.py:109} WARNING - /home/***/.local/lib/python3.8/site-packages/elasticsearch/_sync/client/__init__.py:399: SecurityWarning: Connecting to 'https://dbelk2.afaqy.local:9200' using TLS with verify_certs=False is insecure
  _transport = transport_class(

[2024-05-06T13:40:40.999+0000] {warnings.py:109} WARNING - /home/***/.local/lib/python3.8/site-packages/elasticsearch/_sync/client/__init__.py:399: SecurityWarning: Connecting to 'https://dbelk1.afaqy.local:9200' using TLS with verify_certs=False is insecure
  _transport = transport_class(

[2024-05-06T13:40:41.025+0000] {warnings.py:109} WARNING - /home/***/.local/lib/python3.8/site-packages/urllib3/connectionpool.py:1061: InsecureRequestWarning: Unverified HTTPS request is being made to host 'dbelk3.afaqy.local'. Adding certificate verification is strongly advised. See: https://urllib3.readthedocs.io/en/1.26.x/advanced-usage.html#ssl-warnings
  warnings.warn(

[2024-05-06T13:40:41.174+0000] {_transport.py:335} INFO - GET https://dbelk3.afaqy.local:9200/_cluster/health [status:200 duration:0.173s]
[2024-05-06T13:40:41.733+0000] {warnings.py:109} WARNING - /home/***/.local/lib/python3.8/site-packages/urllib3/connectionpool.py:1061: InsecureRequestWarning: Unverified HTTPS request is being made to host 'dbelk2.afaqy.local'. Adding certificate verification is strongly advised. See: https://urllib3.readthedocs.io/en/1.26.x/advanced-usage.html#ssl-warnings
  warnings.warn(

[2024-05-06T13:40:41.747+0000] {_transport.py:335} INFO - PUT https://dbelk2.afaqy.local:9200/units_statistics_***/_bulk [status:429 duration:0.044s]
[2024-05-06T13:40:41.748+0000] {_node_pool.py:249} WARNING - Node <Urllib3HttpNode(https://dbelk2.afaqy.local:9200)> has failed for 1 times in a row, putting on 1 second timeout
[2024-05-06T13:40:41.748+0000] {_transport.py:427} WARNING - Retrying request after non-successful status 429 (attempt 0 of 3)
[2024-05-06T13:40:41.749+0000] {warnings.py:109} WARNING - /home/***/.local/lib/python3.8/site-packages/urllib3/connectionpool.py:1061: InsecureRequestWarning: Unverified HTTPS request is being made to host 'dbelk3.afaqy.local'. Adding certificate verification is strongly advised. See: https://urllib3.readthedocs.io/en/1.26.x/advanced-usage.html#ssl-warnings
  warnings.warn(

[2024-05-06T13:40:46.970+0000] {_transport.py:335} INFO - PUT https://dbelk3.afaqy.local:9200/units_statistics_***/_bulk [status:200 duration:5.222s]
[2024-05-06T13:40:49.250+0000] {python.py:202} INFO - Done. Returned value was: None
[2024-05-06T13:40:49.298+0000] {taskinstance.py:1149} INFO - Marking task as SUCCESS. dag_id=Units_statistics_DAG, task_id=ETL_job, map_index=6, execution_date=20240506T132000, start_date=20240506T134018, end_date=20240506T134049
[2024-05-06T13:40:49.417+0000] {local_task_job_runner.py:234} INFO - Task exited with return code 0
[2024-05-06T13:40:49.500+0000] {taskinstance.py:3312} INFO - 0 downstream tasks scheduled from follow-on schedule check
