[2024-05-10T08:22:10.929+0000] {taskinstance.py:1979} INFO - Dependencies all met for dep_context=non-requeueable deps ti=<TaskInstance: Units_statistics_DAG.ETL_job scheduled__2024-05-10T08:00:00+00:00 map_index=9 [queued]>
[2024-05-10T08:22:10.980+0000] {taskinstance.py:1979} INFO - Dependencies all met for dep_context=requeueable deps ti=<TaskInstance: Units_statistics_DAG.ETL_job scheduled__2024-05-10T08:00:00+00:00 map_index=9 [queued]>
[2024-05-10T08:22:10.980+0000] {taskinstance.py:2193} INFO - Starting attempt 2 of 4
[2024-05-10T08:22:11.022+0000] {taskinstance.py:2217} INFO - Executing <Mapped(_PythonDecoratedOperator): ETL_job> on 2024-05-10 08:00:00+00:00
[2024-05-10T08:22:11.038+0000] {standard_task_runner.py:60} INFO - Started process 909285 to run task
[2024-05-10T08:22:11.063+0000] {standard_task_runner.py:87} INFO - Running: ['***', 'tasks', 'run', 'Units_statistics_DAG', 'ETL_job', 'scheduled__2024-05-10T08:00:00+00:00', '--job-id', '47096', '--raw', '--subdir', 'DAGS_FOLDER/Units_dag.py', '--cfg-path', '/tmp/tmpr0n6kf7h', '--map-index', '9']
[2024-05-10T08:22:11.065+0000] {standard_task_runner.py:88} INFO - Job 47096: Subtask ETL_job
[2024-05-10T08:22:11.145+0000] {task_command.py:423} INFO - Running <TaskInstance: Units_statistics_DAG.ETL_job scheduled__2024-05-10T08:00:00+00:00 map_index=9 [running]> on host a09da322e808
[2024-05-10T08:22:11.303+0000] {taskinstance.py:2513} INFO - Exporting env vars: AIRFLOW_CTX_DAG_OWNER='abeer-araby' AIRFLOW_CTX_DAG_ID='Units_statistics_DAG' AIRFLOW_CTX_TASK_ID='ETL_job' AIRFLOW_CTX_EXECUTION_DATE='2024-05-10T08:00:00+00:00' AIRFLOW_CTX_TRY_NUMBER='2' AIRFLOW_CTX_DAG_RUN_ID='scheduled__2024-05-10T08:00:00+00:00'
[2024-05-10T08:22:11.304+0000] {Units_dag.py:98} INFO - i: 90000, chunk: 10000
[2024-05-10T08:22:11.304+0000] {Units_dag.py:99} INFO - child token is::: eyJ0eXAiOiJKV1QiLCJhbGciOiJIUzI1NiJ9.eyJpc3MiOiJodHRwczovL2FwaS5hZmFxeS5zYS9hdXRoL2xvZ2luX2FzIiwiaWF0IjoxNzE1MzI5MjAzLCJleHAiOjE3MTc5MjEyMDMsIm5iZiI6MTcxNTMyOTIwMywianRpIjoiUUprN3FiNlU3bGY3b2NUSiIsInN1YiI6IjVkNjNlNTFlMDNlZDUyOTJhNDJjMjRlNiIsInBydiI6IjI3MGVjZmM3ZWEzZWQ5MzdlYTg0OTM2MmEzYTUwOTEwYzZkOGNlNGYiLCJsb2dpbl9hc19pZCI6IjY1N2YwYWQ3M2Y5NzcyOTVjZjA1NTc2YSJ9.xSSo9WaZVsXgqKMpl-dymuFMm97JQbAjVc4k0fVRq1A
[2024-05-10T08:22:27.336+0000] {Units_dag.py:103} INFO - {'_id': '640efa5117d2845d147326bb', 'icon': 'icons/icon.png', 'driver_id': '', 'tailer_id': '', 'profile': {'vehicle_type': None, 'measurement_type': 'count', 'max_capacity': 0, 'vin': None, 'plate_number': None, 'start_operation': None, 'contract_milage': None, 'opening_milage': None, 'model': None, 'fuel_type': '91', 'year': 0, 'seats': 2}, 'device_password': '***', 'device_type': 'gps', 'gateway': False, 'name': 'ر س ح 3771', 'operation_code': 'Enter_b7a46e90-12c2-41d9-b37c-e3e80c737587', 'device_gateway': '', 'business_types': {'waste': False, 'transportation': True, 'water': False}, 'imei': '861937062945325', 'sim_number': '+966830031778977', 'sim_serial': '21296774232', 'device_serial': '861937062945325', 'device': 'bceIotm', 'user_id': '5f0d614303ed52b67f28d078', 'created_by': '5e6655bf03ed52e1ab79d301', 'updated_at': '2024-04-18 11:18:59', 'created_at': '2023-03-13 13:26:25', 'custom_fields': [], 'creator': 'amr.ahmed', 'company': '', 'owner': 'alwefaq-idrive', 'last_update': {'dtt': 1692624139000, 'dts': 1692624145339, 'spd': 0, 'ang': 0, 'alt': 13, 'chPrams': {'acc': {'v': 0, 'cdt': 1692615064000}, 'sensor_8192': {'v': 0, 'cdt': 1692615030000}, 'fw_name': {'v': 'FF0_01_122', 'cdt': 1690366859000}, 'ePwrV': {'v': 12587, 'cdt': 1692624093000}, 'sensor_136': {'v': 0, 'cdt': 1692558614000}, 'sensor_8199': {'v': 39, 'cdt': 1692614081000}, 'sensor_16387': {'v': 2627920, 'cdt': 1692615030000}, 'war_id': {'v': 176, 'cdt': 1692621085000}, 'sensor_12300': {'v': 6780, 'cdt': 1692615064000}, 'protocol': {'v': 'MQTT', 'cdt': 1692589916000}, 'sensor_98': {'v': 0, 'cdt': 1692615081000}, 'sensor_8201': {'v': 100, 'cdt': 1692552527000}, 'sensor_99': {'v': 0, 'cdt': 1692614186000}, 'sensor_139': {'v': 0, 'cdt': 1690198536000}, 'sensor_2': {'v': 0, 'cdt': 1692615061000}, 'sensor_137': {'v': 0, 'cdt': 1691887921000}, 'sensor_45058': {'v': 16235843.382308856, 'cdt': 1692615030000}, 'sensor_12292': {'v': 4018, 'cdt': 1692624093000}, 'spd': {'v': 0, 'cdt': 1692615030000}, 'sat': {'v': 12, 'cdt': 1692610550000}, 'sensor_103': {'v': 0, 'cdt': 1692084382000}, 'fun_id': {'v': 0, 'cdt': 1692610694000}, 'sensor_8200': {'v': 0, 'cdt': 1679829543000}, 'sensor_101': {'v': 0, 'cdt': 1692526715000}, 'sensor_100': {'v': 0, 'cdt': 1692558632000}, 'hdop': {'v': 8, 'cdt': 1692624093000}, 'sensor_12299': {'v': 0, 'cdt': 1692615030000}, 'sensor_140': {'v': 1, 'cdt': 1692615064000}, 'sensor_12317': {'v': 0, 'cdt': 1692615030000}, 'sensor_129': {'v': 1, 'cdt': 1692615064000}, 'sensor_127': {'v': 0, 'cdt': 1692557812000}, 'sensor_149': {'v': 1, 'cdt': 1690400753000}, 'sensor_40961': {'v': -0.772296667098999, 'cdt': 1692623491000}}, 'prms': {'fun_id': 0, 'war_id': 176, 'fw_name': 'FF0_01_122', 'protocol': 'MQTT', 'sensor_45058': 16235843.382308856, 'sensor_12300': 6780, 'ePwrV': 12587, 'sensor_16387': 2627920, 'sensor_12317': 0, 'sensor_40961': -0.772296667098999, 'sensor_12299': 0, 'sensor_12292': 4018, 'sensor_149': 1, 'sensor_8199': 39, 'sensor_98': 0, 'sensor_140': 1, 'sensor_8201': 100, 'sensor_103': 0, 'sensor_8200': 0, 'sensor_136': 0, 'sensor_101': 0, 'sensor_137': 0, 'sensor_127': 0, 'acc': 0, 'sensor_99': 0, 'sensor_139': 0, 'sensor_2': 0, 'sensor_8192': 0, 'sensor_100': 0, 'sensor_129': 1, 'spd': 0, 'hdop': 8, 'sat': 12}, 'devPrms': ['sensor_45058', 'sensor_12300', 'ePwrV', 'sensor_16387', 'sensor_12317', 'sensor_40961', 'sensor_12299', 'sensor_12292', 'sensor_149', 'sensor_8199', 'sensor_98', 'sensor_140', 'sensor_8201', 'sensor_103', 'sensor_8200', 'sensor_136', 'sensor_101', 'sensor_137', 'sensor_127', 'acc', 'sensor_99', 'sensor_139', 'sensor_2', 'sensor_8192', 'sensor_100', 'sensor_129', 'spd', 'hdop', 'sat', 'protocol', 'fun_id', 'war_id', 'fw_name'], 'old_params': {'sensor_45058': 16235843.382308856, 'sensor_12300': 6780, 'ePwrV': 12587, 'sensor_16387': 2627920, 'sensor_12317': 0, 'sensor_40961': -0.772296667098999, 'sensor_12299': 0, 'sensor_12292': 4018, 'sensor_149': 1, 'sensor_8199': 39, 'sensor_98': 0, 'sensor_140': 1, 'sensor_8201': 100, 'sensor_103': 0, 'sensor_8200': 0, 'sensor_136': 0, 'sensor_101': 0, 'sensor_137': 0, 'sensor_127': 0, 'acc': 0, 'sensor_99': 0, 'sensor_139': 0, 'sensor_2': 0, 'sensor_8192': 0, 'sensor_100': 0, 'sensor_129': 1, 'spd': 0, 'hdop': 8, 'sat': 12, 'protocol': 'MQTT'}, 'vLoc': 1, 'vCon': 1, 'ip': '51.36.132.24', 'rl': 0, 'trl': 13139.6, 'mdu': 0, 'tmdu': 825420, 'eidl': 0, 'teidl': 506936, 'fc': 0, 'tfc': 3.72, 'acc': 0, 'accOn': 1400651, 'accOff': 11616091, 'sdu': 46, 'tsdu': 9075, 'lat': 26.307456970214844, 'lng': 50.224464416503906}, 'counters': {'odometer_type': 'canbus', 'odometer': 13139.6, 'engine_hours_type': 'acc', 'engine_hours': 1400651, 'last_acc': 0}, 'is_wasl_connected': 'Not Connected', 'iconUrl': 'https://api.afaqy.sa/images/units/icons/icon.png', 'hasCCTV': False}
[2024-05-10T08:22:27.824+0000] {warnings.py:109} WARNING - /home/***/.local/lib/python3.8/site-packages/elasticsearch/_sync/client/__init__.py:399: SecurityWarning: Connecting to 'https://dbelk3.afaqy.local:9200' using TLS with verify_certs=False is insecure
  _transport = transport_class(

[2024-05-10T08:22:27.866+0000] {warnings.py:109} WARNING - /home/***/.local/lib/python3.8/site-packages/elasticsearch/_sync/client/__init__.py:399: SecurityWarning: Connecting to 'https://dbelk2.afaqy.local:9200' using TLS with verify_certs=False is insecure
  _transport = transport_class(

[2024-05-10T08:22:27.906+0000] {warnings.py:109} WARNING - /home/***/.local/lib/python3.8/site-packages/elasticsearch/_sync/client/__init__.py:399: SecurityWarning: Connecting to 'https://dbelk1.afaqy.local:9200' using TLS with verify_certs=False is insecure
  _transport = transport_class(

[2024-05-10T08:22:27.925+0000] {warnings.py:109} WARNING - /home/***/.local/lib/python3.8/site-packages/urllib3/connectionpool.py:1061: InsecureRequestWarning: Unverified HTTPS request is being made to host 'dbelk3.afaqy.local'. Adding certificate verification is strongly advised. See: https://urllib3.readthedocs.io/en/1.26.x/advanced-usage.html#ssl-warnings
  warnings.warn(

[2024-05-10T08:22:28.003+0000] {_transport.py:335} INFO - GET https://dbelk3.afaqy.local:9200/_cluster/health [status:200 duration:0.095s]
[2024-05-10T08:22:28.370+0000] {warnings.py:109} WARNING - /home/***/.local/lib/python3.8/site-packages/urllib3/connectionpool.py:1061: InsecureRequestWarning: Unverified HTTPS request is being made to host 'dbelk2.afaqy.local'. Adding certificate verification is strongly advised. See: https://urllib3.readthedocs.io/en/1.26.x/advanced-usage.html#ssl-warnings
  warnings.warn(

[2024-05-10T08:22:28.384+0000] {_transport.py:335} INFO - PUT https://dbelk2.afaqy.local:9200/units_statistics_***/_bulk [status:429 duration:0.035s]
[2024-05-10T08:22:28.384+0000] {_node_pool.py:249} WARNING - Node <Urllib3HttpNode(https://dbelk2.afaqy.local:9200)> has failed for 1 times in a row, putting on 1 second timeout
[2024-05-10T08:22:28.385+0000] {_transport.py:427} WARNING - Retrying request after non-successful status 429 (attempt 0 of 3)
[2024-05-10T08:22:28.385+0000] {warnings.py:109} WARNING - /home/***/.local/lib/python3.8/site-packages/urllib3/connectionpool.py:1061: InsecureRequestWarning: Unverified HTTPS request is being made to host 'dbelk3.afaqy.local'. Adding certificate verification is strongly advised. See: https://urllib3.readthedocs.io/en/1.26.x/advanced-usage.html#ssl-warnings
  warnings.warn(

[2024-05-10T08:22:28.395+0000] {_transport.py:335} INFO - PUT https://dbelk3.afaqy.local:9200/units_statistics_***/_bulk [status:429 duration:0.010s]
[2024-05-10T08:22:28.396+0000] {_node_pool.py:249} WARNING - Node <Urllib3HttpNode(https://dbelk3.afaqy.local:9200)> has failed for 1 times in a row, putting on 1 second timeout
[2024-05-10T08:22:28.396+0000] {_transport.py:427} WARNING - Retrying request after non-successful status 429 (attempt 1 of 3)
[2024-05-10T08:22:28.421+0000] {warnings.py:109} WARNING - /home/***/.local/lib/python3.8/site-packages/urllib3/connectionpool.py:1061: InsecureRequestWarning: Unverified HTTPS request is being made to host 'dbelk1.afaqy.local'. Adding certificate verification is strongly advised. See: https://urllib3.readthedocs.io/en/1.26.x/advanced-usage.html#ssl-warnings
  warnings.warn(

[2024-05-10T08:22:29.144+0000] {_transport.py:335} INFO - PUT https://dbelk1.afaqy.local:9200/units_statistics_***/_bulk [status:200 duration:0.748s]
[2024-05-10T08:22:29.499+0000] {python.py:202} INFO - Done. Returned value was: None
[2024-05-10T08:22:29.517+0000] {taskinstance.py:1149} INFO - Marking task as SUCCESS. dag_id=Units_statistics_DAG, task_id=ETL_job, map_index=9, execution_date=20240510T080000, start_date=20240510T082210, end_date=20240510T082229
[2024-05-10T08:22:29.577+0000] {local_task_job_runner.py:234} INFO - Task exited with return code 0
[2024-05-10T08:22:29.615+0000] {taskinstance.py:3312} INFO - 0 downstream tasks scheduled from follow-on schedule check
