[2024-05-11T05:20:18.126+0000] {taskinstance.py:1979} INFO - Dependencies all met for dep_context=non-requeueable deps ti=<TaskInstance: Units_statistics_DAG.ETL_job scheduled__2024-05-11T05:00:00+00:00 map_index=10 [queued]>
[2024-05-11T05:20:18.219+0000] {taskinstance.py:1979} INFO - Dependencies all met for dep_context=requeueable deps ti=<TaskInstance: Units_statistics_DAG.ETL_job scheduled__2024-05-11T05:00:00+00:00 map_index=10 [queued]>
[2024-05-11T05:20:18.219+0000] {taskinstance.py:2193} INFO - Starting attempt 1 of 4
[2024-05-11T05:20:18.341+0000] {taskinstance.py:2217} INFO - Executing <Mapped(_PythonDecoratedOperator): ETL_job> on 2024-05-11 05:00:00+00:00
[2024-05-11T05:20:18.366+0000] {standard_task_runner.py:60} INFO - Started process 932547 to run task
[2024-05-11T05:20:18.406+0000] {standard_task_runner.py:87} INFO - Running: ['***', 'tasks', 'run', 'Units_statistics_DAG', 'ETL_job', 'scheduled__2024-05-11T05:00:00+00:00', '--job-id', '49749', '--raw', '--subdir', 'DAGS_FOLDER/Units_dag.py', '--cfg-path', '/tmp/tmplw9ndb0e', '--map-index', '10']
[2024-05-11T05:20:18.414+0000] {standard_task_runner.py:88} INFO - Job 49749: Subtask ETL_job
[2024-05-11T05:20:18.647+0000] {task_command.py:423} INFO - Running <TaskInstance: Units_statistics_DAG.ETL_job scheduled__2024-05-11T05:00:00+00:00 map_index=10 [running]> on host a09da322e808
[2024-05-11T05:20:19.081+0000] {taskinstance.py:2513} INFO - Exporting env vars: AIRFLOW_CTX_DAG_OWNER='abeer-araby' AIRFLOW_CTX_DAG_ID='Units_statistics_DAG' AIRFLOW_CTX_TASK_ID='ETL_job' AIRFLOW_CTX_EXECUTION_DATE='2024-05-11T05:00:00+00:00' AIRFLOW_CTX_TRY_NUMBER='1' AIRFLOW_CTX_DAG_RUN_ID='scheduled__2024-05-11T05:00:00+00:00'
[2024-05-11T05:20:19.083+0000] {Units_dag.py:98} INFO - i: 100000, chunk: 10000
[2024-05-11T05:20:19.083+0000] {Units_dag.py:99} INFO - child token is::: eyJ0eXAiOiJKV1QiLCJhbGciOiJIUzI1NiJ9.eyJpc3MiOiJodHRwczovL2FwaS5hZmFxeS5zYS9hdXRoL2xvZ2luX2FzIiwiaWF0IjoxNzE1NDA0ODA0LCJleHAiOjE3MTc5OTY4MDQsIm5iZiI6MTcxNTQwNDgwNCwianRpIjoiQjVmRGRzeTUzT3FETlN5WiIsInN1YiI6IjVkNjNlNTFlMDNlZDUyOTJhNDJjMjRlNiIsInBydiI6IjI3MGVjZmM3ZWEzZWQ5MzdlYTg0OTM2MmEzYTUwOTEwYzZkOGNlNGYiLCJsb2dpbl9hc19pZCI6IjY1N2YwYWQ3M2Y5NzcyOTVjZjA1NTc2YSJ9.wugs-G0sFzGeUzgG_1UXSmvZZlgLR3hL9CIf4fRVUm0
[2024-05-11T05:20:50.374+0000] {Units_dag.py:103} INFO - {'_id': '64579c5c6bab2451187feaa1', 'icon': 'icons/icon.png', 'driver_id': '', 'tailer_id': '', 'profile': {'measurement_type': 'count', 'fuel_type': '91', 'year': 0, 'seats': 2, 'max_capacity': None, 'model': None, 'plate_number': None, 'vehicle_type': None, 'vin': None}, 'device_password': '***', 'device_type': 'gps', 'gateway': False, 'name': 'V0002020 ( 7997KBB )', 'operation_code': 'V0002020', 'device_gateway': None, 'business_types': {'waste': False, 'transportation': True, 'water': False}, 'imei': '350544507864786', 'sim_number': '+966830031794230', 'sim_serial': '421296730058', 'device_serial': '1125711457', 'device': 'teltonika', 'user_id': '62bb1bb23c00423a7b3af933', 'created_by': '5e6655bf03ed52e1ab79d301', 'updated_at': '2024-04-18 11:18:59', 'created_at': '2023-05-07 15:41:00', 'shipment_info': None, 'skip_sim_information': False, 'custom_fields': [], 'creator': 'amr.ahmed', 'company': '', 'owner': 'al-yamama-trading-admin', 'last_update': {'dtt': 1715404516000, 'dts': 1715404521404, 'spd': 0, 'ang': 225, 'alt': 10, 'chPrams': {'Speed': {'v': 0, 'cdt': 1715386365000}, 'output1': {'v': False, 'cdt': 1715209662000}, 'output2': {'v': False, 'cdt': 1715209662000}, 'ePwrV': {'v': 13.278, 'cdt': 1715399408000}, 'parm24': {'v': 0, 'cdt': 1715386365000}, 'sat': {'v': 13, 'cdt': 1715404216000}, 'ai1': {'v': 174, 'cdt': 1715386232000}, 'priority': {'v': 0, 'cdt': 1714121038000}, 'di2': {'v': 0, 'cdt': 1714121339000}, 'type': {'v': 6, 'cdt': 1714158777000}, 'di1': {'v': 0, 'cdt': 1715386365000}, 'result': {'v': '5665723a30332e32372e31335f3033204750533a41584e5f352e312e392048773a464d42313230204d6f643a333320494d45493a33353035343435303738363437383620496e69743a323032342d352d382031383a333620557074696d653a313339383438204d41433a333838413231313638353130205350433a312830292041584c3a32204f42443a3020424c3a312e31302042543a34', 'cdt': 1715333394000}, 'parm6': {'v': 174, 'cdt': 1715385904000}, 'protocol': {'v': 'FMB120', 'cdt': 1715333411000}, 'iPwrV': {'v': 4.0520000000000005, 'cdt': 1715386365000}, 'event': {'v': 0, 'cdt': 1714121038000}}, 'prms': {'protocol': 'FMB120', 'priority': 0, 'sat': 13, 'event': 0, 'di1': 0, 'output1': 0, 'di2': 0, 'output2': 0, 'ePwrV': 13.278, 'Speed': 0, 'parm24': 0, 'iPwrV': 4.0520000000000005, 'ai1': 174, 'parm6': 174}, 'devPrms': ['protocol', 'priority', 'sat', 'event', 'di1', 'output1', 'di2', 'output2', 'ePwrV', 'Speed', 'parm24', 'iPwrV', 'ai1', 'parm6'], 'old_params': {'protocol': 'FMB120', 'priority': 0, 'sat': 13, 'event': 0, 'di1': 0, 'output1': 0, 'di2': 0, 'output2': 0, 'ePwrV': 13.278, 'Speed': 0, 'parm24': 0, 'iPwrV': 4.0520000000000005, 'ai1': 174, 'parm6': 174}, 'vLoc': 1, 'vCon': 1, 'ip': '51.39.52.27', 'rl': 0, 'trl': 42885.3709, 'mdu': 0, 'tmdu': 3609163, 'eidl': 0, 'teidl': 2332160, 'fc': 0, 'tfc': 51.316332, 'acc': 0, 'accOn': 15355965802, 'accOff': 3211324104, 'sdu': 300, 'tsdu': 18151, 'lat': 27.941655, 'lng': 48.6512649}, 'counters': {'odometer_type': 'gps', 'odometer': 188090.4161, 'engine_hours_type': 'acc', 'engine_hours': 15355965802, 'last_acc': 0}, 'is_wasl_connected': 'Not Connected', 'iconUrl': 'https://api.afaqy.sa/images/units/icons/icon.png', 'hasCCTV': False}
[2024-05-11T05:20:51.706+0000] {warnings.py:109} WARNING - /home/***/.local/lib/python3.8/site-packages/elasticsearch/_sync/client/__init__.py:399: SecurityWarning: Connecting to 'https://dbelk3.afaqy.local:9200' using TLS with verify_certs=False is insecure
  _transport = transport_class(

[2024-05-11T05:20:51.842+0000] {warnings.py:109} WARNING - /home/***/.local/lib/python3.8/site-packages/elasticsearch/_sync/client/__init__.py:399: SecurityWarning: Connecting to 'https://dbelk2.afaqy.local:9200' using TLS with verify_certs=False is insecure
  _transport = transport_class(

[2024-05-11T05:20:51.905+0000] {warnings.py:109} WARNING - /home/***/.local/lib/python3.8/site-packages/elasticsearch/_sync/client/__init__.py:399: SecurityWarning: Connecting to 'https://dbelk1.afaqy.local:9200' using TLS with verify_certs=False is insecure
  _transport = transport_class(

[2024-05-11T05:20:51.923+0000] {warnings.py:109} WARNING - /home/***/.local/lib/python3.8/site-packages/urllib3/connectionpool.py:1061: InsecureRequestWarning: Unverified HTTPS request is being made to host 'dbelk3.afaqy.local'. Adding certificate verification is strongly advised. See: https://urllib3.readthedocs.io/en/1.26.x/advanced-usage.html#ssl-warnings
  warnings.warn(

[2024-05-11T05:20:52.031+0000] {_transport.py:335} INFO - GET https://dbelk3.afaqy.local:9200/_cluster/health [status:200 duration:0.124s]
[2024-05-11T05:20:52.440+0000] {warnings.py:109} WARNING - /home/***/.local/lib/python3.8/site-packages/urllib3/connectionpool.py:1061: InsecureRequestWarning: Unverified HTTPS request is being made to host 'dbelk2.afaqy.local'. Adding certificate verification is strongly advised. See: https://urllib3.readthedocs.io/en/1.26.x/advanced-usage.html#ssl-warnings
  warnings.warn(

[2024-05-11T05:21:00.197+0000] {_transport.py:335} INFO - PUT https://dbelk2.afaqy.local:9200/units_statistics_***/_bulk [status:200 duration:7.787s]
[2024-05-11T05:21:00.553+0000] {python.py:202} INFO - Done. Returned value was: None
[2024-05-11T05:21:00.580+0000] {taskinstance.py:1149} INFO - Marking task as SUCCESS. dag_id=Units_statistics_DAG, task_id=ETL_job, map_index=10, execution_date=20240511T050000, start_date=20240511T052018, end_date=20240511T052100
[2024-05-11T05:21:00.683+0000] {local_task_job_runner.py:234} INFO - Task exited with return code 0
[2024-05-11T05:21:00.719+0000] {taskinstance.py:3312} INFO - 0 downstream tasks scheduled from follow-on schedule check
