[2024-05-07T10:21:53.489+0000] {taskinstance.py:1979} INFO - Dependencies all met for dep_context=non-requeueable deps ti=<TaskInstance: Units_statistics_DAG.ETL_job scheduled__2024-05-07T10:00:00+00:00 map_index=15 [queued]>
[2024-05-07T10:21:53.579+0000] {taskinstance.py:1979} INFO - Dependencies all met for dep_context=requeueable deps ti=<TaskInstance: Units_statistics_DAG.ETL_job scheduled__2024-05-07T10:00:00+00:00 map_index=15 [queued]>
[2024-05-07T10:21:53.579+0000] {taskinstance.py:2193} INFO - Starting attempt 1 of 4
[2024-05-07T10:21:53.717+0000] {taskinstance.py:2217} INFO - Executing <Mapped(_PythonDecoratedOperator): ETL_job> on 2024-05-07 10:00:00+00:00
[2024-05-07T10:21:53.760+0000] {standard_task_runner.py:60} INFO - Started process 831398 to run task
[2024-05-07T10:21:53.819+0000] {standard_task_runner.py:87} INFO - Running: ['***', 'tasks', 'run', 'Units_statistics_DAG', 'ETL_job', 'scheduled__2024-05-07T10:00:00+00:00', '--job-id', '38071', '--raw', '--subdir', 'DAGS_FOLDER/Units_dag.py', '--cfg-path', '/tmp/tmpddilk5p0', '--map-index', '15']
[2024-05-07T10:21:53.822+0000] {standard_task_runner.py:88} INFO - Job 38071: Subtask ETL_job
[2024-05-07T10:21:54.198+0000] {task_command.py:423} INFO - Running <TaskInstance: Units_statistics_DAG.ETL_job scheduled__2024-05-07T10:00:00+00:00 map_index=15 [running]> on host a09da322e808
[2024-05-07T10:21:54.554+0000] {taskinstance.py:2513} INFO - Exporting env vars: AIRFLOW_CTX_DAG_OWNER='abeer-araby' AIRFLOW_CTX_DAG_ID='Units_statistics_DAG' AIRFLOW_CTX_TASK_ID='ETL_job' AIRFLOW_CTX_EXECUTION_DATE='2024-05-07T10:00:00+00:00' AIRFLOW_CTX_TRY_NUMBER='1' AIRFLOW_CTX_DAG_RUN_ID='scheduled__2024-05-07T10:00:00+00:00'
[2024-05-07T10:21:54.555+0000] {Units_dag.py:98} INFO - i: 150000, chunk: 10000
[2024-05-07T10:21:54.556+0000] {Units_dag.py:99} INFO - child token is::: eyJ0eXAiOiJKV1QiLCJhbGciOiJIUzI1NiJ9.eyJpc3MiOiJodHRwczovL2FwaS5hZmFxeS5zYS9hdXRoL2xvZ2luX2FzIiwiaWF0IjoxNzE1MDc3MzAxLCJleHAiOjE3MTc2NjkzMDEsIm5iZiI6MTcxNTA3NzMwMSwianRpIjoiZW9HOUdDMjJXMEtEZ0VCSiIsInN1YiI6IjVkNjNlNTFlMDNlZDUyOTJhNDJjMjRlNiIsInBydiI6IjI3MGVjZmM3ZWEzZWQ5MzdlYTg0OTM2MmEzYTUwOTEwYzZkOGNlNGYiLCJsb2dpbl9hc19pZCI6IjY1N2YwYWQ3M2Y5NzcyOTVjZjA1NTc2YSJ9.fSGVwKQBMFFFDsC35ibe9LKCVk6A-k3mGC1KMduMVbw
[2024-05-07T10:22:29.120+0000] {Units_dag.py:103} INFO - {'_id': '659ac06aaf36b092190d09ff', 'icon': 'icons/icon.png', 'driver_id': '', 'tailer_id': '', 'profile': {'measurement_type': 'count', 'fuel_type': '91', 'year': 0, 'seats': 2}, 'shipment_info': {'product_category': '', 'truck_type': '', 'shipment_type': '', 'shipment_payment_type': '', 'transporter_type': '', 'operating_area': '', 'weight_kilograms_per_day': '', 'kms_per_day': '', 'opening_milage': '', 'shipment_trip_drive_hrs_day': '', 'expected_shipment_trip_day': '', 'car_pay_per_day': '', 'exceeding_temperature_limit_per_day': '', 'temperature_upper_limit': '', 'exceeding_humidity_limit_per_day': '', 'humidity_upper_limit': '', 'allowable_delay_drive_hrs_day': ''}, 'device_password': '***', 'device_type': 'gps', 'gateway': False, 'business_types': {'waste': False, 'transportation': True, 'water': False}, 'name': '4003 L T B', 'operation_code': None, 'device_gateway': None, 'skip_sim_information': False, 'imei': '352016703988642', 'sim_number': '+966830023484175', 'sim_serial': '8996609821112132719', 'device_serial': '1134119717', 'device': 'teltonika', 'user_id': '659654bdb6df9eedbf0d73e4', 'created_by': '5e6655bf03ed52e1ab79d301', 'updated_at': '2024-04-18 11:18:59', 'created_at': '2024-01-07 18:16:58', 'custom_fields': [], 'creator': 'amr.ahmed', 'company': '', 'owner': 'masarat-al-emtyaz-admin', 'last_update': {'dtt': 1715077285000, 'dts': 1715077288788, 'spd': 81, 'ang': 3, 'alt': 92, 'chPrams': {'Speed': {'v': 81, 'cdt': 1715077285000}, 'output1': {'v': False, 'cdt': 1714934989000}, 'output2': {'v': False, 'cdt': 1714934989000}, 'ePwrV': {'v': 14.51, 'cdt': 1715077285000}, 'parm24': {'v': 81, 'cdt': 1715077285000}, 'sat': {'v': 21, 'cdt': 1715077285000}, 'ai1': {'v': 174, 'cdt': 1712474627000}, 'type': {'v': 6, 'cdt': 1712740228000}, 'priority': {'v': 0, 'cdt': 1713172693000}, 'di2': {'v': 0, 'cdt': 1715066798000}, 'di1': {'v': 1, 'cdt': 1715066798000}, 'result': {'v': '5665723a30332e32372e31345f3030204750533a41584e5f352e312e392048773a464d42313230204d6f643a333320494d45493a33353230313637303339383836343220496e69743a323032342d322d332031313a3720557074696d653a38303739303736204d41433a333838413231334632333646205350433a312830292041584c3a32204f42443a3020424c3a312e31302042543a34', 'cdt': 1715051854000}, 'protocol': {'v': 'FMB120', 'cdt': 1715052155000}, 'parm6': {'v': 174, 'cdt': 1715066798000}, 'iPwrV': {'v': 3.9490000000000003, 'cdt': 1715076910000}, 'event': {'v': 0, 'cdt': 1713173594000}}, 'prms': {'protocol': 'FMB120', 'priority': 0, 'sat': 21, 'event': 0, 'di1': 1, 'output1': 0, 'di2': 0, 'output2': 0, 'ePwrV': 14.51, 'Speed': 81, 'parm24': 81, 'iPwrV': 3.9490000000000003, 'ai1': 174, 'parm6': 174}, 'devPrms': ['protocol', 'priority', 'sat', 'event', 'di1', 'output1', 'di2', 'output2', 'ePwrV', 'Speed', 'parm24', 'iPwrV', 'ai1', 'parm6'], 'old_params': {'protocol': 'FMB120', 'priority': 0, 'sat': 22, 'event': 0, 'di1': 1, 'output1': 0, 'di2': 0, 'output2': 0, 'ePwrV': 14.511000000000001, 'Speed': 88, 'parm24': 88, 'iPwrV': 3.9490000000000003, 'ai1': 174, 'parm6': 174}, 'vLoc': 1, 'vCon': 1, 'ip': '109.83.217.177', 'rl': 0.7312, 'trl': 10116.1206, 'mdu': 31, 'tmdu': 496539, 'eidl': 0, 'teidl': 152610, 'fc': 0.087744, 'tfc': 1097.687072, 'acc': 1, 'accOn': 683527, 'accOff': 11588698, 'sdu': 0, 'tsdu': 0, 'lat': 27.1776316, 'lng': 48.4131716}, 'counters': {'engine_hours': 683527, 'last_acc': 1, 'odometer': 10116.097, 'engine_hours_type': 'acc', 'odometer_type': 'gps'}, 'is_wasl_connected': 'Not Connected', 'iconUrl': 'https://api.afaqy.sa/images/units/icons/icon.png', 'hasCCTV': False}
[2024-05-07T10:22:30.554+0000] {warnings.py:109} WARNING - /home/***/.local/lib/python3.8/site-packages/elasticsearch/_sync/client/__init__.py:399: SecurityWarning: Connecting to 'https://dbelk1.afaqy.local:9200' using TLS with verify_certs=False is insecure
  _transport = transport_class(

[2024-05-07T10:22:30.675+0000] {warnings.py:109} WARNING - /home/***/.local/lib/python3.8/site-packages/elasticsearch/_sync/client/__init__.py:399: SecurityWarning: Connecting to 'https://dbelk2.afaqy.local:9200' using TLS with verify_certs=False is insecure
  _transport = transport_class(

[2024-05-07T10:22:30.746+0000] {warnings.py:109} WARNING - /home/***/.local/lib/python3.8/site-packages/elasticsearch/_sync/client/__init__.py:399: SecurityWarning: Connecting to 'https://dbelk3.afaqy.local:9200' using TLS with verify_certs=False is insecure
  _transport = transport_class(

[2024-05-07T10:22:30.774+0000] {warnings.py:109} WARNING - /home/***/.local/lib/python3.8/site-packages/urllib3/connectionpool.py:1061: InsecureRequestWarning: Unverified HTTPS request is being made to host 'dbelk1.afaqy.local'. Adding certificate verification is strongly advised. See: https://urllib3.readthedocs.io/en/1.26.x/advanced-usage.html#ssl-warnings
  warnings.warn(

[2024-05-07T10:22:30.844+0000] {_transport.py:335} INFO - GET https://dbelk1.afaqy.local:9200/_cluster/health [status:200 duration:0.095s]
[2024-05-07T10:22:31.409+0000] {warnings.py:109} WARNING - /home/***/.local/lib/python3.8/site-packages/urllib3/connectionpool.py:1061: InsecureRequestWarning: Unverified HTTPS request is being made to host 'dbelk2.afaqy.local'. Adding certificate verification is strongly advised. See: https://urllib3.readthedocs.io/en/1.26.x/advanced-usage.html#ssl-warnings
  warnings.warn(

[2024-05-07T10:22:31.421+0000] {_transport.py:335} INFO - PUT https://dbelk2.afaqy.local:9200/units_statistics_***/_bulk [status:429 duration:0.031s]
[2024-05-07T10:22:31.422+0000] {_node_pool.py:249} WARNING - Node <Urllib3HttpNode(https://dbelk2.afaqy.local:9200)> has failed for 1 times in a row, putting on 1 second timeout
[2024-05-07T10:22:31.422+0000] {_transport.py:427} WARNING - Retrying request after non-successful status 429 (attempt 0 of 3)
[2024-05-07T10:22:31.423+0000] {warnings.py:109} WARNING - /home/***/.local/lib/python3.8/site-packages/urllib3/connectionpool.py:1061: InsecureRequestWarning: Unverified HTTPS request is being made to host 'dbelk1.afaqy.local'. Adding certificate verification is strongly advised. See: https://urllib3.readthedocs.io/en/1.26.x/advanced-usage.html#ssl-warnings
  warnings.warn(

[2024-05-07T10:22:31.593+0000] {_transport.py:335} INFO - PUT https://dbelk1.afaqy.local:9200/units_statistics_***/_bulk [status:200 duration:0.171s]
[2024-05-07T10:22:32.168+0000] {taskinstance.py:2731} ERROR - Task failed with exception
Traceback (most recent call last):
  File "/home/airflow/.local/lib/python3.8/site-packages/airflow/models/taskinstance.py", line 444, in _execute_task
    result = _execute_callable(context=context, **execute_callable_kwargs)
  File "/home/airflow/.local/lib/python3.8/site-packages/airflow/models/taskinstance.py", line 414, in _execute_callable
    return execute_callable(context=context, **execute_callable_kwargs)
  File "/home/airflow/.local/lib/python3.8/site-packages/airflow/decorators/base.py", line 241, in execute
    return_value = super().execute(context)
  File "/home/airflow/.local/lib/python3.8/site-packages/airflow/operators/python.py", line 200, in execute
    return_value = self.execute_callable()
  File "/home/airflow/.local/lib/python3.8/site-packages/airflow/operators/python.py", line 217, in execute_callable
    return self.python_callable(*self.op_args, **self.op_kwargs)
  File "/opt/airflow/dags/Units_dag.py", line 111, in ETL_job
    Elk_client.elk_pushData(Globals.index_name,units_list_update)
  File "/opt/airflow/dags/units_statistics/elk_manager.py", line 69, in elk_pushData
    helpers.bulk(self.elk_client, docs_list, index=index_name, chunk_size=batch)
  File "/home/airflow/.local/lib/python3.8/site-packages/elasticsearch/helpers/actions.py", line 521, in bulk
    for ok, item in streaming_bulk(
  File "/home/airflow/.local/lib/python3.8/site-packages/elasticsearch/helpers/actions.py", line 436, in streaming_bulk
    for data, (ok, info) in zip(
  File "/home/airflow/.local/lib/python3.8/site-packages/elasticsearch/helpers/actions.py", line 355, in _process_bulk_chunk
    yield from gen
  File "/home/airflow/.local/lib/python3.8/site-packages/elasticsearch/helpers/actions.py", line 274, in _process_bulk_chunk_success
    raise BulkIndexError(f"{len(errors)} document(s) failed to index.", errors)
elasticsearch.helpers.BulkIndexError: 10000 document(s) failed to index.
[2024-05-07T10:22:32.188+0000] {taskinstance.py:1149} INFO - Marking task as UP_FOR_RETRY. dag_id=Units_statistics_DAG, task_id=ETL_job, map_index=15, execution_date=20240507T100000, start_date=20240507T102153, end_date=20240507T102232
[2024-05-07T10:22:32.205+0000] {standard_task_runner.py:107} ERROR - Failed to execute job 38071 for task ETL_job (10000 document(s) failed to index.; 831398)
[2024-05-07T10:22:32.286+0000] {local_task_job_runner.py:234} INFO - Task exited with return code 1
[2024-05-07T10:22:32.312+0000] {taskinstance.py:3312} INFO - 0 downstream tasks scheduled from follow-on schedule check
