[2024-05-07T11:20:12.305+0000] {taskinstance.py:1979} INFO - Dependencies all met for dep_context=non-requeueable deps ti=<TaskInstance: Units_statistics_DAG.ETL_job scheduled__2024-05-07T11:00:00+00:00 map_index=12 [queued]>
[2024-05-07T11:20:12.353+0000] {taskinstance.py:1979} INFO - Dependencies all met for dep_context=requeueable deps ti=<TaskInstance: Units_statistics_DAG.ETL_job scheduled__2024-05-07T11:00:00+00:00 map_index=12 [queued]>
[2024-05-07T11:20:12.353+0000] {taskinstance.py:2193} INFO - Starting attempt 1 of 4
[2024-05-07T11:20:12.440+0000] {taskinstance.py:2217} INFO - Executing <Mapped(_PythonDecoratedOperator): ETL_job> on 2024-05-07 11:00:00+00:00
[2024-05-07T11:20:12.462+0000] {standard_task_runner.py:60} INFO - Started process 832535 to run task
[2024-05-07T11:20:12.526+0000] {standard_task_runner.py:87} INFO - Running: ['***', 'tasks', 'run', 'Units_statistics_DAG', 'ETL_job', 'scheduled__2024-05-07T11:00:00+00:00', '--job-id', '38222', '--raw', '--subdir', 'DAGS_FOLDER/Units_dag.py', '--cfg-path', '/tmp/tmp93_j28em', '--map-index', '12']
[2024-05-07T11:20:12.547+0000] {standard_task_runner.py:88} INFO - Job 38222: Subtask ETL_job
[2024-05-07T11:20:12.790+0000] {task_command.py:423} INFO - Running <TaskInstance: Units_statistics_DAG.ETL_job scheduled__2024-05-07T11:00:00+00:00 map_index=12 [running]> on host a09da322e808
[2024-05-07T11:20:13.218+0000] {taskinstance.py:2513} INFO - Exporting env vars: AIRFLOW_CTX_DAG_OWNER='abeer-araby' AIRFLOW_CTX_DAG_ID='Units_statistics_DAG' AIRFLOW_CTX_TASK_ID='ETL_job' AIRFLOW_CTX_EXECUTION_DATE='2024-05-07T11:00:00+00:00' AIRFLOW_CTX_TRY_NUMBER='1' AIRFLOW_CTX_DAG_RUN_ID='scheduled__2024-05-07T11:00:00+00:00'
[2024-05-07T11:20:13.219+0000] {Units_dag.py:98} INFO - i: 120000, chunk: 10000
[2024-05-07T11:20:13.220+0000] {Units_dag.py:99} INFO - child token is::: eyJ0eXAiOiJKV1QiLCJhbGciOiJIUzI1NiJ9.eyJpc3MiOiJodHRwczovL2FwaS5hZmFxeS5zYS9hdXRoL2xvZ2luX2FzIiwiaWF0IjoxNzE1MDgwODAzLCJleHAiOjE3MTc2NzI4MDMsIm5iZiI6MTcxNTA4MDgwMywianRpIjoiMTlCVWZyZThYQUNwN1RiMiIsInN1YiI6IjVkNjNlNTFlMDNlZDUyOTJhNDJjMjRlNiIsInBydiI6IjI3MGVjZmM3ZWEzZWQ5MzdlYTg0OTM2MmEzYTUwOTEwYzZkOGNlNGYiLCJsb2dpbl9hc19pZCI6IjY1N2YwYWQ3M2Y5NzcyOTVjZjA1NTc2YSJ9.zwTzRdWqK7ufXPVt-UUO0sS9cKF7Ss9lZNhTg_vPxp0
[2024-05-07T11:20:48.330+0000] {Units_dag.py:103} INFO - {'_id': '64cbb0be1c082110bb657045', 'icon': 'icons/icon.png', 'driver_id': '', 'tailer_id': '', 'profile': {'vehicle_type': '', 'measurement_type': 'count', 'max_capacity': 0, 'vin': '', 'plate_number': '', 'start_operation': '', 'contract_milage': '', 'opening_milage': '', 'model': '', 'fuel_type': '91', 'year': 0, 'seats': 2}, 'device_password': '***', 'device_type': 'gps', 'gateway': False, 'business_types': {'waste': False, 'transportation': True, 'water': False}, 'name': '8504EXR', 'operation_code': '', 'device_gateway': '', 'skip_sim_information': False, 'imei': '861937063080015', 'sim_number': '+966830030947062', 'sim_serial': '421294041458', 'device_serial': '861937063080015', 'device': 'bceIotm', 'user_id': '5e68ea7a03ed528a611e0f38', 'created_by': '5e6655bf03ed52e1ab79d301', 'updated_at': '2024-04-18 11:18:59', 'created_at': '2023-08-03 16:50:54', 'shipment_info': {'product_category': None, 'truck_type': None, 'shipment_type': None, 'shipment_payment_type': None, 'transporter_type': None, 'operating_area': None, 'weight_kilograms_per_day': None, 'kms_per_day': None, 'shipment_trip_drive_hrs_day': None, 'allowable_delay_drive_hrs_day': None, 'expected_shipment_trip_day': None, 'car_pay_per_day': None, 'exceeding_temperature_limit_per_day': None, 'temperature_upper_limit': None, 'exceeding_humidity_limit_per_day': None, 'humidity_upper_limit': None}, 'cctv': {'dvr_id': '', 'channels': 1}, 'custom_fields': [], 'creator': 'amr.ahmed', 'company': '', 'owner': 'shift_co', 'last_update': {'dtt': 1715080509000, 'dts': 1715080514390, 'spd': 0, 'ang': 0, 'alt': 691, 'chPrams': {'acc': {'v': 0, 'cdt': 1715075298000}, 'sensor_8192': {'v': 0, 'cdt': 1715023622000}, 'ePwrV': {'v': 12640, 'cdt': 1715080509000}, 'sensor_136': {'v': 0, 'cdt': 1714566054000}, 'sensor_8199': {'v': 0, 'cdt': 1715075693000}, 'sensor_16387': {'v': 0, 'cdt': 1715075693000}, 'sensor_153': {'v': 0, 'cdt': 1712489712000}, 'sensor_12300': {'v': 0, 'cdt': 1715023639000}, 'protocol': {'v': 'MQTT', 'cdt': 1713178716000}, 'sensor_96': {'v': 0, 'cdt': 1714566054000}, 'sensor_98': {'v': 0, 'cdt': 1715023660000}, 'sensor_99': {'v': 0, 'cdt': 1714993809000}, 'sensor_8201': {'v': 0, 'cdt': 1714566054000}, 'sensor_139': {'v': 0, 'cdt': 1714566054000}, 'sensor_2': {'v': 0, 'cdt': 1715023639000}, 'sensor_137': {'v': 0, 'cdt': 1714566054000}, 'sensor_45058': {'v': 18494170, 'cdt': 1715075693000}, 'sensor_12292': {'v': 4091, 'cdt': 1715080509000}, 'spd': {'v': 0, 'cdt': 1715023600000}, 'sat': {'v': 12, 'cdt': 1715036882000}, 'sensor_103': {'v': 0, 'cdt': 1714566054000}, 'sensor_101': {'v': 0, 'cdt': 1715023694000}, 'sensor_8200': {'v': 0, 'cdt': 1714566054000}, 'sensor_100': {'v': 0, 'cdt': 1715023694000}, 'hdop': {'v': 7, 'cdt': 1715080509000}, 'sensor_12299': {'v': 0, 'cdt': 1715023622000}, 'sensor_140': {'v': 0, 'cdt': 1714566054000}, 'sensor_12317': {'v': 0, 'cdt': 1714566054000}, 'sensor_129': {'v': 0, 'cdt': 1714566054000}, 'sensor_127': {'v': 0, 'cdt': 1714566054000}, 'sensor_40962': {'v': 0, 'cdt': 1715023624000}, 'sensor_49156': {'v': 'script1', 'cdt': 1714817658000}, 'sensor_40961': {'v': 0, 'cdt': 1715023624000}}, 'prms': {'sensor_45058': 18494170, 'sensor_40962': 0, 'sensor_40961': 0, 'ePwrV': 12640, 'sensor_12300': 0, 'sensor_12317': 0, 'sensor_16387': 0, 'sensor_12292': 4091, 'sensor_12299': 0, 'sensor_153': 0, 'sensor_8192': 0, 'sensor_8201': 0, 'sensor_8199': 0, 'sensor_98': 0, 'sensor_127': 0, 'sensor_8200': 0, 'sensor_140': 0, 'sensor_136': 0, 'sensor_103': 0, 'sensor_96': 0, 'acc': 0, 'sensor_139': 0, 'sensor_129': 0, 'sensor_137': 0, 'sensor_99': 0, 'sensor_101': 0, 'sensor_2': 0, 'sensor_100': 0, 'spd': 0, 'hdop': 7, 'sat': 12, 'protocol': 'MQTT'}, 'devPrms': ['sensor_45058', 'sensor_40962', 'sensor_40961', 'ePwrV', 'sensor_12300', 'sensor_12317', 'sensor_16387', 'sensor_12292', 'sensor_12299', 'sensor_153', 'sensor_8192', 'sensor_8201', 'sensor_8199', 'sensor_98', 'sensor_127', 'sensor_8200', 'sensor_140', 'sensor_136', 'sensor_103', 'sensor_96', 'acc', 'sensor_139', 'sensor_129', 'sensor_137', 'sensor_99', 'sensor_101', 'sensor_2', 'sensor_100', 'spd', 'hdop', 'sat', 'protocol'], 'old_params': {'acc': 0, 'sensor_8192': 0, 'ePwrV': 12605, 'sensor_136': 0, 'sensor_8199': 0, 'sensor_16387': 0, 'sensor_153': 0, 'sensor_12300': 0, 'sensor_96': 0, 'protocol': 'bceIotm', 'sensor_98': 0, 'sensor_8201': 0, 'sensor_139': 0, 'sensor_99': 0, 'sensor_137': 0, 'sensor_2': 0, 'sensor_45058': 18494170, 'sensor_12292': 4089, 'spd': 0, 'sat': 12, 'sensor_103': 0, 'sensor_8200': 0, 'sensor_101': 0, 'sensor_100': 0, 'hdop': 8, 'sensor_12299': 0, 'sensor_140': 0, 'sensor_12317': 0, 'sensor_129': 0, 'sensor_127': 0, 'sensor_40962': 0, 'sensor_40961': 0}, 'vLoc': 1, 'vCon': 1, 'ip': '51.39.192.109', 'rl': 0, 'trl': 22131, 'mdu': 0, 'tmdu': 572822, 'eidl': 0, 'teidl': 1672931, 'fc': 0, 'tfc': 5.64, 'acc': 0, 'accOn': 4808920, 'accOff': 19027429, 'sdu': 301, 'tsdu': 5211, 'lat': 24.851362228393555, 'lng': 46.67665481567383}, 'counters': {'odometer_type': 'canbus', 'odometer': 22131, 'engine_hours_type': 'acc', 'engine_hours': 4808920, 'last_acc': 0}, 'is_wasl_connected': 'Not Connected', 'iconUrl': 'https://api.afaqy.sa/images/units/icons/icon.png', 'hasCCTV': False}
[2024-05-07T11:20:49.767+0000] {warnings.py:109} WARNING - /home/***/.local/lib/python3.8/site-packages/elasticsearch/_sync/client/__init__.py:399: SecurityWarning: Connecting to 'https://dbelk2.afaqy.local:9200' using TLS with verify_certs=False is insecure
  _transport = transport_class(

[2024-05-07T11:20:50.166+0000] {warnings.py:109} WARNING - /home/***/.local/lib/python3.8/site-packages/elasticsearch/_sync/client/__init__.py:399: SecurityWarning: Connecting to 'https://dbelk1.afaqy.local:9200' using TLS with verify_certs=False is insecure
  _transport = transport_class(

[2024-05-07T11:20:50.320+0000] {warnings.py:109} WARNING - /home/***/.local/lib/python3.8/site-packages/elasticsearch/_sync/client/__init__.py:399: SecurityWarning: Connecting to 'https://dbelk3.afaqy.local:9200' using TLS with verify_certs=False is insecure
  _transport = transport_class(

[2024-05-07T11:20:50.449+0000] {warnings.py:109} WARNING - /home/***/.local/lib/python3.8/site-packages/urllib3/connectionpool.py:1061: InsecureRequestWarning: Unverified HTTPS request is being made to host 'dbelk2.afaqy.local'. Adding certificate verification is strongly advised. See: https://urllib3.readthedocs.io/en/1.26.x/advanced-usage.html#ssl-warnings
  warnings.warn(

[2024-05-07T11:20:50.527+0000] {_transport.py:335} INFO - GET https://dbelk2.afaqy.local:9200/_cluster/health [status:200 duration:0.203s]
[2024-05-07T11:20:51.202+0000] {warnings.py:109} WARNING - /home/***/.local/lib/python3.8/site-packages/urllib3/connectionpool.py:1061: InsecureRequestWarning: Unverified HTTPS request is being made to host 'dbelk1.afaqy.local'. Adding certificate verification is strongly advised. See: https://urllib3.readthedocs.io/en/1.26.x/advanced-usage.html#ssl-warnings
  warnings.warn(

[2024-05-07T11:22:08.312+0000] {_transport.py:335} INFO - PUT https://dbelk1.afaqy.local:9200/units_statistics_***/_bulk [status:200 duration:77.270s]
[2024-05-07T11:22:08.706+0000] {taskinstance.py:2731} ERROR - Task failed with exception
Traceback (most recent call last):
  File "/home/airflow/.local/lib/python3.8/site-packages/airflow/models/taskinstance.py", line 444, in _execute_task
    result = _execute_callable(context=context, **execute_callable_kwargs)
  File "/home/airflow/.local/lib/python3.8/site-packages/airflow/models/taskinstance.py", line 414, in _execute_callable
    return execute_callable(context=context, **execute_callable_kwargs)
  File "/home/airflow/.local/lib/python3.8/site-packages/airflow/decorators/base.py", line 241, in execute
    return_value = super().execute(context)
  File "/home/airflow/.local/lib/python3.8/site-packages/airflow/operators/python.py", line 200, in execute
    return_value = self.execute_callable()
  File "/home/airflow/.local/lib/python3.8/site-packages/airflow/operators/python.py", line 217, in execute_callable
    return self.python_callable(*self.op_args, **self.op_kwargs)
  File "/opt/airflow/dags/Units_dag.py", line 111, in ETL_job
    Elk_client.elk_pushData(Globals.index_name,units_list_update)
  File "/opt/airflow/dags/units_statistics/elk_manager.py", line 69, in elk_pushData
    helpers.bulk(self.elk_client, docs_list, index=index_name, chunk_size=batch)
  File "/home/airflow/.local/lib/python3.8/site-packages/elasticsearch/helpers/actions.py", line 521, in bulk
    for ok, item in streaming_bulk(
  File "/home/airflow/.local/lib/python3.8/site-packages/elasticsearch/helpers/actions.py", line 436, in streaming_bulk
    for data, (ok, info) in zip(
  File "/home/airflow/.local/lib/python3.8/site-packages/elasticsearch/helpers/actions.py", line 355, in _process_bulk_chunk
    yield from gen
  File "/home/airflow/.local/lib/python3.8/site-packages/elasticsearch/helpers/actions.py", line 274, in _process_bulk_chunk_success
    raise BulkIndexError(f"{len(errors)} document(s) failed to index.", errors)
elasticsearch.helpers.BulkIndexError: 2500 document(s) failed to index.
[2024-05-07T11:22:08.723+0000] {taskinstance.py:1149} INFO - Marking task as UP_FOR_RETRY. dag_id=Units_statistics_DAG, task_id=ETL_job, map_index=12, execution_date=20240507T110000, start_date=20240507T112012, end_date=20240507T112208
[2024-05-07T11:22:08.748+0000] {standard_task_runner.py:107} ERROR - Failed to execute job 38222 for task ETL_job (2500 document(s) failed to index.; 832535)
[2024-05-07T11:22:08.800+0000] {local_task_job_runner.py:234} INFO - Task exited with return code 1
[2024-05-07T11:22:08.829+0000] {taskinstance.py:3312} INFO - 0 downstream tasks scheduled from follow-on schedule check
