[2024-04-21T03:00:19.839+0000] {taskinstance.py:1979} INFO - Dependencies all met for dep_context=non-requeueable deps ti=<TaskInstance: Units_statistics_DAG.ETL_job scheduled__2024-04-21T02:00:00+00:00 map_index=8 [queued]>
[2024-04-21T03:00:19.907+0000] {taskinstance.py:1979} INFO - Dependencies all met for dep_context=requeueable deps ti=<TaskInstance: Units_statistics_DAG.ETL_job scheduled__2024-04-21T02:00:00+00:00 map_index=8 [queued]>
[2024-04-21T03:00:19.908+0000] {taskinstance.py:2193} INFO - Starting attempt 1 of 4
[2024-04-21T03:00:20.018+0000] {taskinstance.py:2217} INFO - Executing <Mapped(_PythonDecoratedOperator): ETL_job> on 2024-04-21 02:00:00+00:00
[2024-04-21T03:00:20.057+0000] {standard_task_runner.py:60} INFO - Started process 438865 to run task
[2024-04-21T03:00:20.094+0000] {standard_task_runner.py:87} INFO - Running: ['***', 'tasks', 'run', 'Units_statistics_DAG', 'ETL_job', 'scheduled__2024-04-21T02:00:00+00:00', '--job-id', '9607', '--raw', '--subdir', 'DAGS_FOLDER/Units_dag.py', '--cfg-path', '/tmp/tmpz56ewtx6', '--map-index', '8']
[2024-04-21T03:00:20.104+0000] {standard_task_runner.py:88} INFO - Job 9607: Subtask ETL_job
[2024-04-21T03:00:20.371+0000] {task_command.py:423} INFO - Running <TaskInstance: Units_statistics_DAG.ETL_job scheduled__2024-04-21T02:00:00+00:00 map_index=8 [running]> on host a09da322e808
[2024-04-21T03:00:20.991+0000] {taskinstance.py:2513} INFO - Exporting env vars: AIRFLOW_CTX_DAG_OWNER='abeer-araby' AIRFLOW_CTX_DAG_ID='Units_statistics_DAG' AIRFLOW_CTX_TASK_ID='ETL_job' AIRFLOW_CTX_EXECUTION_DATE='2024-04-21T02:00:00+00:00' AIRFLOW_CTX_TRY_NUMBER='1' AIRFLOW_CTX_DAG_RUN_ID='scheduled__2024-04-21T02:00:00+00:00'
[2024-04-21T03:00:20.992+0000] {Units_dag.py:99} INFO - i: 80000, chunk: 10000
[2024-04-21T03:00:20.993+0000] {Units_dag.py:100} INFO - child token is::: eyJ0eXAiOiJKV1QiLCJhbGciOiJIUzI1NiJ9.eyJpc3MiOiJodHRwczovL2FwaS5hZmFxeS5zYS9hdXRoL2xvZ2luX2FzIiwiaWF0IjoxNzEzNjY4NDA0LCJleHAiOjE3MTYyNjA0MDQsIm5iZiI6MTcxMzY2ODQwNCwianRpIjoidGE1OEdiaThZbEJORllQOCIsInN1YiI6IjVkNjNlNTFlMDNlZDUyOTJhNDJjMjRlNiIsInBydiI6IjI3MGVjZmM3ZWEzZWQ5MzdlYTg0OTM2MmEzYTUwOTEwYzZkOGNlNGYiLCJsb2dpbl9hc19pZCI6IjY1N2YwYWQ3M2Y5NzcyOTVjZjA1NTc2YSJ9.8mPJBxP5es03oVSt6xchM6hlvvuy0aNB1lHQatnLXRw
[2024-04-21T03:01:00.144+0000] {Units_dag.py:104} INFO - {'_id': '63d7da674cb4377dc150c821', 'icon': 'icons/icon.png', 'driver_id': '', 'tailer_id': '', 'profile': {'measurement_type': 'count', 'fuel_type': '91', 'year': 0, 'seats': 2}, 'device_password': '***', 'device_type': 'gps', 'gateway': False, 'name': '9713 - J B R', 'operation_code': None, 'device_gateway': None, 'business_types': {'waste': False, 'transportation': True, 'water': False}, 'imei': '866854051722927', 'sim_number': '+966830020289945', 'sim_serial': '996609821110851567', 'device_serial': '866854051722927', 'device': 'bce', 'user_id': '63c3ef672cabbb6db33623df', 'created_by': '5e6655bf03ed52e1ab79d301', 'updated_at': '2024-04-18 11:18:59', 'created_at': '2023-01-30 17:55:35', 'custom_fields': [], 'creator': 'amr.ahmed', 'company': '', 'owner': 'al-nakhla-admin', 'last_update': {'dtt': 1713665980000, 'dts': 1713666001355, 'spd': 57, 'ang': 188, 'alt': 10, 'chPrams': {'ePwrV': {'v': 13.081, 'cdt': 1713665980000}, 'di16': {'v': 0, 'cdt': 1711167950000}, 'di15': {'v': 0, 'cdt': 1675103462000}, 'rssi1': {'v': 93, 'cdt': 1713665980000}, 'di14': {'v': 0, 'cdt': 1713665934000}, 'di13': {'v': 0, 'cdt': 1711426072000}, 'di12': {'v': 0, 'cdt': 1711426072000}, 'di11': {'v': 0, 'cdt': 1711426072000}, 'di10': {'v': 0, 'cdt': 1711426072000}, 'di2': {'v': 1, 'cdt': 1712571038000}, 'di1': {'v': 1, 'cdt': 1713665792000}, 'di4': {'v': 0, 'cdt': 1711426072000}, 'di3': {'v': 0, 'cdt': 1711426072000}, 'di6': {'v': 1, 'cdt': 1711426072000}, 'di5': {'v': 1, 'cdt': 1713665640000}, 'lac1': {'v': 7353, 'cdt': 1713575510000}, 'protocol': {'v': 'bce', 'cdt': 1711426072000}, 'di8': {'v': 1, 'cdt': 1711426072000}, 'di7': {'v': 0, 'cdt': 1713665692000}, 'di9': {'v': 1, 'cdt': 1713625222000}, 'iPwrV': {'v': 3.967, 'cdt': 1713665980000}, 'cid1': {'v': 60841, 'cdt': 1713665490000}, 'odometer': {'v': 1139714573, 'cdt': 1713665980000}, 'spd': {'v': 57, 'cdt': 1713665950000}, 'sat': {'v': 15, 'cdt': 1713665714000}, 'hdop': {'v': 1, 'cdt': 1713664386000}, 'ta': {'v': 0, 'cdt': 1711426072000}, 'mcc1': {'v': 420, 'cdt': 1711713414000}, 'mnc1': {'v': 3, 'cdt': 1711713414000}}, 'prms': {'protocol': 'bce', 'spd': 57, 'sat': 15, 'hdop': 1, 'odometer': 1139714573, 'di16': 0, 'di15': 0, 'di14': 0, 'di13': 0, 'di12': 0, 'di11': 0, 'di10': 0, 'di9': 1, 'di8': 1, 'di7': 0, 'di6': 1, 'di5': 1, 'di4': 0, 'di3': 0, 'di2': 1, 'di1': 1, 'ePwrV': 13.081, 'iPwrV': 3.967, 'ta': 0, 'mcc1': 420, 'mnc1': 3, 'lac1': 7353, 'cid1': 60841, 'rssi1': 93}, 'devPrms': ['protocol', 'spd', 'sat', 'hdop', 'odometer', 'di16', 'di15', 'di14', 'di13', 'di12', 'di11', 'di10', 'di9', 'di8', 'di7', 'di6', 'di5', 'di4', 'di3', 'di2', 'di1', 'ePwrV', 'iPwrV', 'ta', 'mcc1', 'mnc1', 'lac1', 'cid1', 'rssi1'], 'old_params': {'protocol': 'bce', 'spd': 57, 'sat': 15, 'hdop': 1, 'odometer': 1131932112, 'di16': 0, 'di15': 0, 'di14': 0, 'di13': 0, 'di12': 0, 'di11': 0, 'di10': 0, 'di9': 1, 'di8': 1, 'di7': 0, 'di6': 1, 'di5': 1, 'di4': 0, 'di3': 0, 'di2': 1, 'di1': 1, 'ePwrV': 13.099, 'iPwrV': 3.965, 'ta': 0, 'mcc1': 420, 'mnc1': 3, 'lac1': 7353, 'cid1': 60841, 'rssi1': 90}, 'vLoc': 1, 'vCon': 1, 'ip': '109.83.153.94', 'rl': 0.4774, 'trl': 60902.3286, 'mdu': 30, 'tmdu': 9155568, 'eidl': 0, 'teidl': 8735284, 'fc': 0.057288, 'tfc': 1.663812, 'acc': 1, 'accOn': 342187758, 'accOff': 13696868, 'sdu': 0, 'tsdu': 0, 'lat': 16.665340423583984, 'lng': 42.15352249145508}, 'counters': {'odometer_type': 'gps', 'odometer': 105924.2733, 'engine_hours_type': 'acc', 'engine_hours': 342187758, 'last_acc': 1}, 'is_wasl_connected': 'Not Connected', 'iconUrl': 'https://api.afaqy.sa/images/units/icons/icon.png', 'hasCCTV': False}
[2024-04-21T03:01:00.720+0000] {warnings.py:109} WARNING - /home/***/.local/lib/python3.8/site-packages/elasticsearch/_sync/client/__init__.py:399: SecurityWarning: Connecting to 'https://dbelk2.afaqy.local:9200' using TLS with verify_certs=False is insecure
  _transport = transport_class(

[2024-04-21T03:01:00.764+0000] {warnings.py:109} WARNING - /home/***/.local/lib/python3.8/site-packages/elasticsearch/_sync/client/__init__.py:399: SecurityWarning: Connecting to 'https://dbelk1.afaqy.local:9200' using TLS with verify_certs=False is insecure
  _transport = transport_class(

[2024-04-21T03:01:00.859+0000] {warnings.py:109} WARNING - /home/***/.local/lib/python3.8/site-packages/elasticsearch/_sync/client/__init__.py:399: SecurityWarning: Connecting to 'https://dbelk3.afaqy.local:9200' using TLS with verify_certs=False is insecure
  _transport = transport_class(

[2024-04-21T03:01:00.886+0000] {warnings.py:109} WARNING - /home/***/.local/lib/python3.8/site-packages/urllib3/connectionpool.py:1061: InsecureRequestWarning: Unverified HTTPS request is being made to host 'dbelk2.afaqy.local'. Adding certificate verification is strongly advised. See: https://urllib3.readthedocs.io/en/1.26.x/advanced-usage.html#ssl-warnings
  warnings.warn(

[2024-04-21T03:01:00.983+0000] {_transport.py:335} INFO - GET https://dbelk2.afaqy.local:9200/_cluster/health [status:200 duration:0.122s]
[2024-04-21T03:01:01.923+0000] {warnings.py:109} WARNING - /home/***/.local/lib/python3.8/site-packages/urllib3/connectionpool.py:1061: InsecureRequestWarning: Unverified HTTPS request is being made to host 'dbelk1.afaqy.local'. Adding certificate verification is strongly advised. See: https://urllib3.readthedocs.io/en/1.26.x/advanced-usage.html#ssl-warnings
  warnings.warn(

[2024-04-21T03:01:04.236+0000] {_transport.py:335} INFO - PUT https://dbelk1.afaqy.local:9200/units_statistics_***/_bulk [status:200 duration:2.337s]
[2024-04-21T03:01:04.674+0000] {python.py:202} INFO - Done. Returned value was: None
[2024-04-21T03:01:04.700+0000] {taskinstance.py:1149} INFO - Marking task as SUCCESS. dag_id=Units_statistics_DAG, task_id=ETL_job, map_index=8, execution_date=20240421T020000, start_date=20240421T030019, end_date=20240421T030104
[2024-04-21T03:01:04.795+0000] {local_task_job_runner.py:234} INFO - Task exited with return code 0
[2024-04-21T03:01:04.828+0000] {taskinstance.py:3312} INFO - 0 downstream tasks scheduled from follow-on schedule check
