[2024-05-12T17:00:23.051+0000] {local_task_job_runner.py:120} INFO - ::group::Pre task execution logs
[2024-05-12T17:00:23.224+0000] {taskinstance.py:2076} INFO - Dependencies all met for dep_context=non-requeueable deps ti=<TaskInstance: Units_statistics_DAG.ETL_job scheduled__2024-05-12T16:40:00+00:00 map_index=4 [queued]>
[2024-05-12T17:00:23.318+0000] {taskinstance.py:2076} INFO - Dependencies all met for dep_context=requeueable deps ti=<TaskInstance: Units_statistics_DAG.ETL_job scheduled__2024-05-12T16:40:00+00:00 map_index=4 [queued]>
[2024-05-12T17:00:23.319+0000] {taskinstance.py:2306} INFO - Starting attempt 1 of 4
[2024-05-12T17:00:23.459+0000] {taskinstance.py:2330} INFO - Executing <Mapped(_PythonDecoratedOperator): ETL_job> on 2024-05-12 16:40:00+00:00
[2024-05-12T17:00:23.512+0000] {warnings.py:110} WARNING - /home/***/.local/lib/python3.12/site-packages/***/task/task_runner/standard_task_runner.py:61: DeprecationWarning: This process (pid=1765) is multi-threaded, use of fork() may lead to deadlocks in the child.
  pid = os.fork()

[2024-05-12T17:00:23.535+0000] {standard_task_runner.py:63} INFO - Started process 1768 to run task
[2024-05-12T17:00:23.541+0000] {standard_task_runner.py:90} INFO - Running: ['***', 'tasks', 'run', 'Units_statistics_DAG', 'ETL_job', 'scheduled__2024-05-12T16:40:00+00:00', '--job-id', '54424', '--raw', '--subdir', 'DAGS_FOLDER/Units_dag.py', '--cfg-path', '/tmp/tmptxy8l_g_', '--map-index', '4']
[2024-05-12T17:00:23.560+0000] {standard_task_runner.py:91} INFO - Job 54424: Subtask ETL_job
[2024-05-12T17:00:23.898+0000] {task_command.py:426} INFO - Running <TaskInstance: Units_statistics_DAG.ETL_job scheduled__2024-05-12T16:40:00+00:00 map_index=4 [running]> on host 7138d7e072c5
[2024-05-12T17:00:24.814+0000] {taskinstance.py:2648} INFO - Exporting env vars: AIRFLOW_CTX_DAG_OWNER='abeer-araby' AIRFLOW_CTX_DAG_ID='Units_statistics_DAG' AIRFLOW_CTX_TASK_ID='ETL_job' AIRFLOW_CTX_EXECUTION_DATE='2024-05-12T16:40:00+00:00' AIRFLOW_CTX_TRY_NUMBER='1' AIRFLOW_CTX_DAG_RUN_ID='scheduled__2024-05-12T16:40:00+00:00'
[2024-05-12T17:00:24.816+0000] {taskinstance.py:430} INFO - ::endgroup::
[2024-05-12T17:00:24.817+0000] {Units_dag.py:98} INFO - i: 40000, chunk: 10000
[2024-05-12T17:00:24.817+0000] {Units_dag.py:99} INFO - child token is::: eyJ0eXAiOiJKV1QiLCJhbGciOiJIUzI1NiJ9.eyJpc3MiOiJodHRwczovL2FwaS5hZmFxeS5zYS9hdXRoL2xvZ2luX2FzIiwiaWF0IjoxNzE1NTMzMjA2LCJleHAiOjE3MTgxMjUyMDYsIm5iZiI6MTcxNTUzMzIwNiwianRpIjoiTlJ1WWRpR09ON3Y5ZU1COCIsInN1YiI6IjVkNjNlNTFlMDNlZDUyOTJhNDJjMjRlNiIsInBydiI6IjI3MGVjZmM3ZWEzZWQ5MzdlYTg0OTM2MmEzYTUwOTEwYzZkOGNlNGYiLCJsb2dpbl9hc19pZCI6IjY1N2YwYWQ3M2Y5NzcyOTVjZjA1NTc2YSJ9.-M8xN9K_yXs6u-8qgJkrEr9qZMKap48_eGlUcSnnxoU
[2024-05-12T17:01:04.537+0000] {Units_dag.py:103} INFO - {'_id': '626800f61e70cc7866540ff7', 'icon': 'icons/icon.png', 'driver_id': '', 'tailer_id': '', 'profile': {'measurement_type': 'count', 'fuel_type': '91', 'year': 0, 'seats': 2}, 'device_password': '***', 'device_type': 'gps', 'gateway': False, 'name': '7578 - L B R', 'operation_code': None, 'device_gateway': None, 'business_types': {'waste': False, 'transportation': True, 'water': False}, 'imei': '866854051805623', 'sim_number': '+966830028522246', 'sim_serial': '996609821110927313', 'device_serial': '866854051805623', 'device': 'bce', 'user_id': '6203ca86d5264a332265ce5d', 'created_by': '5e6655bf03ed52e1ab79d301', 'updated_at': '2024-04-18 11:18:59', 'created_at': '2022-04-26 17:25:58', 'custom_fields': [], 'creator': 'amr.ahmed', 'company': '', 'owner': 'i_drive_co_admin', 'last_update': {'dtt': 1715532930000, 'dts': 1715533119903, 'spd': 0, 'ang': 232, 'alt': 634, 'chPrams': {'ePwrV': {'v': 12.16, 'cdt': 1715532930000}, 'di16': {'v': 0, 'cdt': 1714551258000}, 'rssi1': {'v': 46, 'cdt': 1715530228000}, 'di15': {'v': 0, 'cdt': 1713527288000}, 'di14': {'v': 0, 'cdt': 1714556524000}, 'di13': {'v': 0, 'cdt': 1713527288000}, 'di12': {'v': 0, 'cdt': 1713527288000}, 'di11': {'v': 0, 'cdt': 1713527288000}, 'di10': {'v': 0, 'cdt': 1713527288000}, 'di2': {'v': 1, 'cdt': 1713527288000}, 'di1': {'v': 0, 'cdt': 1714557202000}, 'di4': {'v': 0, 'cdt': 1713527288000}, 'di3': {'v': 0, 'cdt': 1713527288000}, 'di6': {'v': 1, 'cdt': 1713527288000}, 'di5': {'v': 0, 'cdt': 1714997296000}, 'lac1': {'v': 1241, 'cdt': 1714556498000}, 'protocol': {'v': 'bce', 'cdt': 1713527288000}, 'di8': {'v': 1, 'cdt': 1713527288000}, 'di7': {'v': 0, 'cdt': 1714557232000}, 'di9': {'v': 0, 'cdt': 1713527288000}, 'iPwrV': {'v': 3.913, 'cdt': 1715532930000}, 'cid1': {'v': 6673, 'cdt': 1715529928000}, 'odometer': {'v': 0, 'cdt': 1715510112000}, 'spd': {'v': 0, 'cdt': 1714556632000}, 'sat': {'v': 15, 'cdt': 1715529328000}, 'hdop': {'v': 1, 'cdt': 1713599330000}, 'ta': {'v': 0, 'cdt': 1713527288000}, 'mcc1': {'v': 420, 'cdt': 1714551258000}, 'mnc1': {'v': 3, 'cdt': 1714551258000}}, 'prms': {'protocol': 'bce', 'spd': 0, 'sat': 15, 'hdop': 1, 'odometer': 0, 'di16': 0, 'di15': 0, 'di14': 0, 'di13': 0, 'di12': 0, 'di11': 0, 'di10': 0, 'di9': 0, 'di8': 1, 'di7': 0, 'di6': 1, 'di5': 0, 'di4': 0, 'di3': 0, 'di2': 1, 'di1': 0, 'ePwrV': 12.16, 'iPwrV': 3.913, 'ta': 0, 'mcc1': 420, 'mnc1': 3, 'lac1': 1241, 'cid1': 6673, 'rssi1': 46}, 'devPrms': ['protocol', 'spd', 'sat', 'hdop', 'odometer', 'di16', 'di15', 'di14', 'di13', 'di12', 'di11', 'di10', 'di9', 'di8', 'di7', 'di6', 'di5', 'di4', 'di3', 'di2', 'di1', 'ePwrV', 'iPwrV', 'ta', 'mcc1', 'mnc1', 'lac1', 'cid1', 'rssi1'], 'old_params': {'protocol': 'bce', 'spd': 0, 'sat': 15, 'hdop': 1, 'odometer': 0, 'di16': 0, 'di15': 0, 'di14': 0, 'di13': 0, 'di12': 0, 'di11': 0, 'di10': 0, 'di9': 0, 'di8': 1, 'di7': 0, 'di6': 1, 'di5': 0, 'di4': 0, 'di3': 0, 'di2': 1, 'di1': 0, 'ePwrV': 12.124, 'iPwrV': 3.912, 'ta': 0, 'mcc1': 420, 'mnc1': 3, 'lac1': 1241, 'cid1': 6673, 'rssi1': 46}, 'vLoc': 1, 'vCon': 1, 'ip': '109.83.22.173', 'rl': 0, 'trl': 41112.0962, 'mdu': 0, 'tmdu': 3103902, 'eidl': 0, 'teidl': 2228626, 'fc': 0, 'tfc': 5.022684, 'acc': 0, 'accOn': 11743598, 'accOff': 57230152, 'sdu': 300, 'tsdu': 535634, 'lat': 24.70490837097168, 'lng': 46.664878845214844}, 'counters': {'odometer_type': 'gps', 'odometer': 41112.0962, 'engine_hours_type': 'acc', 'engine_hours': 11743598, 'last_acc': 0}, 'is_wasl_connected': 'Not Connected', 'iconUrl': 'https://api.afaqy.sa/images/units/icons/icon.png', 'hasCCTV': False}
[2024-05-12T17:01:07.556+0000] {warnings.py:110} WARNING - /home/***/.local/lib/python3.12/site-packages/elasticsearch/_sync/client/__init__.py:399: SecurityWarning: Connecting to 'https://dbelk1.afaqy.local:9200' using TLS with verify_certs=False is insecure
  _transport = transport_class(

[2024-05-12T17:01:07.939+0000] {warnings.py:110} WARNING - /home/***/.local/lib/python3.12/site-packages/elasticsearch/_sync/client/__init__.py:399: SecurityWarning: Connecting to 'https://dbelk2.afaqy.local:9200' using TLS with verify_certs=False is insecure
  _transport = transport_class(

[2024-05-12T17:01:08.765+0000] {warnings.py:110} WARNING - /home/***/.local/lib/python3.12/site-packages/elasticsearch/_sync/client/__init__.py:399: SecurityWarning: Connecting to 'https://dbelk3.afaqy.local:9200' using TLS with verify_certs=False is insecure
  _transport = transport_class(

[2024-05-12T17:01:08.796+0000] {warnings.py:110} WARNING - /home/***/.local/lib/python3.12/site-packages/urllib3/connectionpool.py:1103: InsecureRequestWarning: Unverified HTTPS request is being made to host 'dbelk1.afaqy.local'. Adding certificate verification is strongly advised. See: https://urllib3.readthedocs.io/en/latest/advanced-usage.html#tls-warnings
  warnings.warn(

[2024-05-12T17:01:08.889+0000] {_transport.py:349} INFO - GET https://dbelk1.afaqy.local:9200/_cluster/health [status:200 duration:0.120s]
[2024-05-12T17:01:09.431+0000] {warnings.py:110} WARNING - /home/***/.local/lib/python3.12/site-packages/urllib3/connectionpool.py:1103: InsecureRequestWarning: Unverified HTTPS request is being made to host 'dbelk2.afaqy.local'. Adding certificate verification is strongly advised. See: https://urllib3.readthedocs.io/en/latest/advanced-usage.html#tls-warnings
  warnings.warn(

[2024-05-12T17:01:14.122+0000] {_transport.py:349} INFO - PUT https://dbelk2.afaqy.local:9200/units_statistics_***/_bulk [status:200 duration:4.715s]
[2024-05-12T17:01:14.384+0000] {python.py:237} INFO - Done. Returned value was: None
[2024-05-12T17:01:14.385+0000] {taskinstance.py:441} INFO - ::group::Post task execution logs
[2024-05-12T17:01:14.403+0000] {taskinstance.py:1206} INFO - Marking task as SUCCESS. dag_id=Units_statistics_DAG, task_id=ETL_job, run_id=scheduled__2024-05-12T16:40:00+00:00, map_index=4, execution_date=20240512T164000, start_date=20240512T170023, end_date=20240512T170114
[2024-05-12T17:01:14.473+0000] {local_task_job_runner.py:240} INFO - Task exited with return code 0
[2024-05-12T17:01:14.502+0000] {taskinstance.py:3498} INFO - 0 downstream tasks scheduled from follow-on schedule check
[2024-05-12T17:01:14.508+0000] {local_task_job_runner.py:222} INFO - ::endgroup::
