[2024-05-07T06:20:17.668+0000] {taskinstance.py:1979} INFO - Dependencies all met for dep_context=non-requeueable deps ti=<TaskInstance: Units_statistics_DAG.ETL_job scheduled__2024-05-07T06:00:00+00:00 map_index=8 [queued]>
[2024-05-07T06:20:17.773+0000] {taskinstance.py:1979} INFO - Dependencies all met for dep_context=requeueable deps ti=<TaskInstance: Units_statistics_DAG.ETL_job scheduled__2024-05-07T06:00:00+00:00 map_index=8 [queued]>
[2024-05-07T06:20:17.773+0000] {taskinstance.py:2193} INFO - Starting attempt 1 of 4
[2024-05-07T06:20:17.887+0000] {taskinstance.py:2217} INFO - Executing <Mapped(_PythonDecoratedOperator): ETL_job> on 2024-05-07 06:00:00+00:00
[2024-05-07T06:20:17.931+0000] {standard_task_runner.py:60} INFO - Started process 827055 to run task
[2024-05-07T06:20:18.011+0000] {standard_task_runner.py:87} INFO - Running: ['***', 'tasks', 'run', 'Units_statistics_DAG', 'ETL_job', 'scheduled__2024-05-07T06:00:00+00:00', '--job-id', '37627', '--raw', '--subdir', 'DAGS_FOLDER/Units_dag.py', '--cfg-path', '/tmp/tmpvg2jm7xq', '--map-index', '8']
[2024-05-07T06:20:18.014+0000] {standard_task_runner.py:88} INFO - Job 37627: Subtask ETL_job
[2024-05-07T06:20:18.413+0000] {task_command.py:423} INFO - Running <TaskInstance: Units_statistics_DAG.ETL_job scheduled__2024-05-07T06:00:00+00:00 map_index=8 [running]> on host a09da322e808
[2024-05-07T06:20:18.991+0000] {taskinstance.py:2513} INFO - Exporting env vars: AIRFLOW_CTX_DAG_OWNER='abeer-araby' AIRFLOW_CTX_DAG_ID='Units_statistics_DAG' AIRFLOW_CTX_TASK_ID='ETL_job' AIRFLOW_CTX_EXECUTION_DATE='2024-05-07T06:00:00+00:00' AIRFLOW_CTX_TRY_NUMBER='1' AIRFLOW_CTX_DAG_RUN_ID='scheduled__2024-05-07T06:00:00+00:00'
[2024-05-07T06:20:18.992+0000] {Units_dag.py:98} INFO - i: 80000, chunk: 10000
[2024-05-07T06:20:18.993+0000] {Units_dag.py:99} INFO - child token is::: eyJ0eXAiOiJKV1QiLCJhbGciOiJIUzI1NiJ9.eyJpc3MiOiJodHRwczovL2FwaS5hZmFxeS5zYS9hdXRoL2xvZ2luX2FzIiwiaWF0IjoxNzE1MDYyODAzLCJleHAiOjE3MTc2NTQ4MDMsIm5iZiI6MTcxNTA2MjgwMywianRpIjoickpOc0pENkZDdndRYkxPaSIsInN1YiI6IjVkNjNlNTFlMDNlZDUyOTJhNDJjMjRlNiIsInBydiI6IjI3MGVjZmM3ZWEzZWQ5MzdlYTg0OTM2MmEzYTUwOTEwYzZkOGNlNGYiLCJsb2dpbl9hc19pZCI6IjY1N2YwYWQ3M2Y5NzcyOTVjZjA1NTc2YSJ9.NQpmbFhQ-H0Ueu6zYQVCOW2f-L9JWuQIsoefb0ohDzw
[2024-05-07T06:20:42.057+0000] {Units_dag.py:103} INFO - {'_id': '63d9034bd86dfb6c287949ed', 'icon': 'icons/A_40.png', 'driver_id': '63fdcbf33b4776112f44d812', 'tailer_id': '657966542030c001f504a13c', 'profile': {'vehicle_type': '', 'measurement_type': 'count', 'max_capacity': 0, 'vin': '', 'plate_number': '', 'start_operation': '', 'contract_milage': '', 'opening_milage': '', 'model': '', 'fuel_type': '91', 'year': 0, 'seats': 2}, 'device_password': '***', 'device_type': 'gps', 'gateway': False, 'name': '3763 D S A .', 'operation_code': 'كود شريحة الديزل 8484 موديل 2023', 'device_gateway': '', 'business_types': {'waste': False, 'transportation': True, 'water': False}, 'imei': '869688059421042', 'sim_number': '+966830032369114', 'sim_serial': '996609821111962768', 'device_serial': '869688059421042', 'device': 'bce', 'user_id': '62fb8b24fa421e301d821261', 'created_by': '5e6655bf03ed52e1ab79d301', 'updated_at': '2024-04-18 11:18:59', 'created_at': '2023-01-31 15:02:19', 'skip_sim_information': '', 'shipment_info': {'product_category': None, 'truck_type': None, 'shipment_type': None, 'shipment_payment_type': None, 'transporter_type': None, 'operating_area': None, 'weight_kilograms_per_day': None, 'kms_per_day': None, 'shipment_trip_drive_hrs_day': None, 'allowable_delay_drive_hrs_day': None, 'expected_shipment_trip_day': None, 'car_pay_per_day': None, 'exceeding_temperature_limit_per_day': None, 'temperature_upper_limit': None, 'exceeding_humidity_limit_per_day': None, 'humidity_upper_limit': None}, 'custom_fields': [], 'creator': 'amr.ahmed', 'company': '', 'owner': 'abdelelah-housen-admin', 'last_update': {'dtt': 1715062790000, 'dts': 1715062815060, 'spd': 72, 'ang': 278, 'alt': 971, 'chPrams': {'ePwrV': {'v': 27.562, 'cdt': 1715062710000}, 'di16': {'v': 1, 'cdt': 1712940592000}, 'di15': {'v': 0, 'cdt': 1697387078000}, 'rssi1': {'v': 60, 'cdt': 1715062790000}, 'di14': {'v': 0, 'cdt': 1715062790000}, 'di13': {'v': 0, 'cdt': 1712940592000}, 'di12': {'v': 0, 'cdt': 1712940592000}, 'di11': {'v': 0, 'cdt': 1715058998000}, 'di10': {'v': 0, 'cdt': 1712940592000}, 'di2': {'v': 1, 'cdt': 1714476754000}, 'di1': {'v': 1, 'cdt': 1715062658000}, 'ai4': {'v': 12922, 'cdt': 1715062790000}, 'di4': {'v': 0, 'cdt': 1712940592000}, 'di3': {'v': 0, 'cdt': 1712940592000}, 'di6': {'v': 0, 'cdt': 1712940592000}, 'di5': {'v': 1, 'cdt': 1715054162000}, 'lac1': {'v': 2912, 'cdt': 1715062580000}, 'protocol': {'v': 'bce', 'cdt': 1712940592000}, 'di8': {'v': 1, 'cdt': 1712940592000}, 'di7': {'v': 1, 'cdt': 1715054194000}, 'di9': {'v': 0, 'cdt': 1712940592000}, 'iPwrV': {'v': 4.159, 'cdt': 1715062684000}, 'brk': {'v': '0.02', 'cdt': 1715062790000}, 'cid1': {'v': 53781, 'cdt': 1715062580000}, 'crn': {'v': '0.06', 'cdt': 1715062790000}, 'odometer': {'v': 1142018454, 'cdt': 1715062790000}, 'spd': {'v': 72, 'cdt': 1715062790000}, 'sat': {'v': 12, 'cdt': 1714979612000}, 'hdop': {'v': 1, 'cdt': 1714925954000}, 'accel': {'v': '0.00', 'cdt': 1715062632000}, 'ta': {'v': 0, 'cdt': 1712940592000}, 'mcc1': {'v': 420, 'cdt': 1712753148000}, 'mnc1': {'v': 3, 'cdt': 1715061068000}}, 'prms': {'protocol': 'bce', 'spd': 72, 'sat': 12, 'hdop': 1, 'odometer': 1142018454, 'di16': 1, 'di15': 0, 'di14': 0, 'di13': 0, 'di12': 0, 'di11': 0, 'di10': 0, 'di9': 0, 'di8': 1, 'di7': 1, 'di6': 0, 'di5': 1, 'di4': 0, 'di3': 0, 'di2': 1, 'di1': 1, 'ePwrV': 27.562, 'ai4': 12922, 'iPwrV': 4.159, 'ta': 0, 'mcc1': 420, 'mnc1': 3, 'lac1': 2912, 'cid1': 53781, 'rssi1': 60, 'accel': '0.00', 'brk': '0.02', 'crn': '0.06'}, 'devPrms': ['protocol', 'spd', 'sat', 'hdop', 'odometer', 'di16', 'di15', 'di14', 'di13', 'di12', 'di11', 'di10', 'di9', 'di8', 'di7', 'di6', 'di5', 'di4', 'di3', 'di2', 'di1', 'ePwrV', 'ai4', 'iPwrV', 'ta', 'mcc1', 'mnc1', 'lac1', 'cid1', 'rssi1', 'accel', 'brk', 'crn'], 'old_params': {'protocol': 'bce', 'spd': 78, 'sat': 12, 'hdop': 1, 'odometer': 1141730527, 'di16': 1, 'di15': 0, 'di14': 1, 'di13': 0, 'di12': 0, 'di11': 0, 'di10': 0, 'di9': 0, 'di8': 1, 'di7': 1, 'di6': 0, 'di5': 1, 'di4': 0, 'di3': 0, 'di2': 1, 'di1': 1, 'ePwrV': 27.562, 'ai4': 12819, 'iPwrV': 4.159, 'ta': 0, 'mcc1': 420, 'mnc1': 3, 'lac1': 2912, 'cid1': 53781, 'rssi1': 61, 'accel': '0.00', 'brk': '0.00', 'crn': '0.00'}, 'vLoc': 1, 'vCon': 1, 'ip': '109.83.19.8', 'rl': 0.5839, 'trl': 107659.5262, 'mdu': 28, 'tmdu': 5802324, 'eidl': 0, 'teidl': 2795770, 'fc': 0.070068, 'tfc': 9.120756, 'acc': 1, 'accOn': 24773220, 'accOff': 9377634, 'sdu': 0, 'tsdu': 0, 'lat': 21.828895568847656, 'lng': 42.522605895996094}, 'counters': {'odometer_type': 'gps', 'odometer': 208616.369, 'engine_hours_type': 'acc', 'engine_hours': 24773220, 'last_acc': 1}, 'is_wasl_connected': 'Connected', 'iconUrl': 'https://api.afaqy.sa/images/units/icons/A_40.png', 'hasCCTV': False}
[2024-05-07T06:20:43.215+0000] {warnings.py:109} WARNING - /home/***/.local/lib/python3.8/site-packages/elasticsearch/_sync/client/__init__.py:399: SecurityWarning: Connecting to 'https://dbelk1.afaqy.local:9200' using TLS with verify_certs=False is insecure
  _transport = transport_class(

[2024-05-07T06:20:43.455+0000] {warnings.py:109} WARNING - /home/***/.local/lib/python3.8/site-packages/elasticsearch/_sync/client/__init__.py:399: SecurityWarning: Connecting to 'https://dbelk3.afaqy.local:9200' using TLS with verify_certs=False is insecure
  _transport = transport_class(

[2024-05-07T06:20:43.558+0000] {warnings.py:109} WARNING - /home/***/.local/lib/python3.8/site-packages/elasticsearch/_sync/client/__init__.py:399: SecurityWarning: Connecting to 'https://dbelk2.afaqy.local:9200' using TLS with verify_certs=False is insecure
  _transport = transport_class(

[2024-05-07T06:20:43.581+0000] {warnings.py:109} WARNING - /home/***/.local/lib/python3.8/site-packages/urllib3/connectionpool.py:1061: InsecureRequestWarning: Unverified HTTPS request is being made to host 'dbelk1.afaqy.local'. Adding certificate verification is strongly advised. See: https://urllib3.readthedocs.io/en/1.26.x/advanced-usage.html#ssl-warnings
  warnings.warn(

[2024-05-07T06:20:43.657+0000] {_transport.py:335} INFO - GET https://dbelk1.afaqy.local:9200/_cluster/health [status:200 duration:0.097s]
[2024-05-07T06:20:44.556+0000] {warnings.py:109} WARNING - /home/***/.local/lib/python3.8/site-packages/urllib3/connectionpool.py:1061: InsecureRequestWarning: Unverified HTTPS request is being made to host 'dbelk3.afaqy.local'. Adding certificate verification is strongly advised. See: https://urllib3.readthedocs.io/en/1.26.x/advanced-usage.html#ssl-warnings
  warnings.warn(

[2024-05-07T06:20:44.571+0000] {_transport.py:335} INFO - PUT https://dbelk3.afaqy.local:9200/units_statistics_***/_bulk [status:429 duration:0.039s]
[2024-05-07T06:20:44.572+0000] {_node_pool.py:249} WARNING - Node <Urllib3HttpNode(https://dbelk3.afaqy.local:9200)> has failed for 1 times in a row, putting on 1 second timeout
[2024-05-07T06:20:44.572+0000] {_transport.py:427} WARNING - Retrying request after non-successful status 429 (attempt 0 of 3)
[2024-05-07T06:20:44.573+0000] {warnings.py:109} WARNING - /home/***/.local/lib/python3.8/site-packages/urllib3/connectionpool.py:1061: InsecureRequestWarning: Unverified HTTPS request is being made to host 'dbelk1.afaqy.local'. Adding certificate verification is strongly advised. See: https://urllib3.readthedocs.io/en/1.26.x/advanced-usage.html#ssl-warnings
  warnings.warn(

[2024-05-07T06:20:44.776+0000] {_transport.py:335} INFO - PUT https://dbelk1.afaqy.local:9200/units_statistics_***/_bulk [status:200 duration:0.204s]
[2024-05-07T06:20:45.386+0000] {taskinstance.py:2731} ERROR - Task failed with exception
Traceback (most recent call last):
  File "/home/airflow/.local/lib/python3.8/site-packages/airflow/models/taskinstance.py", line 444, in _execute_task
    result = _execute_callable(context=context, **execute_callable_kwargs)
  File "/home/airflow/.local/lib/python3.8/site-packages/airflow/models/taskinstance.py", line 414, in _execute_callable
    return execute_callable(context=context, **execute_callable_kwargs)
  File "/home/airflow/.local/lib/python3.8/site-packages/airflow/decorators/base.py", line 241, in execute
    return_value = super().execute(context)
  File "/home/airflow/.local/lib/python3.8/site-packages/airflow/operators/python.py", line 200, in execute
    return_value = self.execute_callable()
  File "/home/airflow/.local/lib/python3.8/site-packages/airflow/operators/python.py", line 217, in execute_callable
    return self.python_callable(*self.op_args, **self.op_kwargs)
  File "/opt/airflow/dags/Units_dag.py", line 111, in ETL_job
    Elk_client.elk_pushData(Globals.index_name,units_list_update)
  File "/opt/airflow/dags/units_statistics/elk_manager.py", line 69, in elk_pushData
    helpers.bulk(self.elk_client, docs_list, index=index_name, chunk_size=batch)
  File "/home/airflow/.local/lib/python3.8/site-packages/elasticsearch/helpers/actions.py", line 521, in bulk
    for ok, item in streaming_bulk(
  File "/home/airflow/.local/lib/python3.8/site-packages/elasticsearch/helpers/actions.py", line 436, in streaming_bulk
    for data, (ok, info) in zip(
  File "/home/airflow/.local/lib/python3.8/site-packages/elasticsearch/helpers/actions.py", line 355, in _process_bulk_chunk
    yield from gen
  File "/home/airflow/.local/lib/python3.8/site-packages/elasticsearch/helpers/actions.py", line 274, in _process_bulk_chunk_success
    raise BulkIndexError(f"{len(errors)} document(s) failed to index.", errors)
elasticsearch.helpers.BulkIndexError: 10000 document(s) failed to index.
[2024-05-07T06:20:45.413+0000] {taskinstance.py:1149} INFO - Marking task as UP_FOR_RETRY. dag_id=Units_statistics_DAG, task_id=ETL_job, map_index=8, execution_date=20240507T060000, start_date=20240507T062017, end_date=20240507T062045
[2024-05-07T06:20:45.428+0000] {standard_task_runner.py:107} ERROR - Failed to execute job 37627 for task ETL_job (10000 document(s) failed to index.; 827055)
[2024-05-07T06:20:45.504+0000] {local_task_job_runner.py:234} INFO - Task exited with return code 1
[2024-05-07T06:20:45.564+0000] {taskinstance.py:3312} INFO - 0 downstream tasks scheduled from follow-on schedule check
