[2024-05-05T13:02:09.082+0000] {taskinstance.py:1979} INFO - Dependencies all met for dep_context=non-requeueable deps ti=<TaskInstance: Units_statistics_DAG.ETL_job scheduled__2024-05-05T12:40:00+00:00 map_index=0 [queued]>
[2024-05-05T13:02:09.100+0000] {taskinstance.py:1979} INFO - Dependencies all met for dep_context=requeueable deps ti=<TaskInstance: Units_statistics_DAG.ETL_job scheduled__2024-05-05T12:40:00+00:00 map_index=0 [queued]>
[2024-05-05T13:02:09.100+0000] {taskinstance.py:2193} INFO - Starting attempt 2 of 4
[2024-05-05T13:02:09.127+0000] {taskinstance.py:2217} INFO - Executing <Mapped(_PythonDecoratedOperator): ETL_job> on 2024-05-05 12:40:00+00:00
[2024-05-05T13:02:09.135+0000] {standard_task_runner.py:60} INFO - Started process 783069 to run task
[2024-05-05T13:02:09.142+0000] {standard_task_runner.py:87} INFO - Running: ['***', 'tasks', 'run', 'Units_statistics_DAG', 'ETL_job', 'scheduled__2024-05-05T12:40:00+00:00', '--job-id', '33342', '--raw', '--subdir', 'DAGS_FOLDER/Units_dag.py', '--cfg-path', '/tmp/tmpp0zxx3o2', '--map-index', '0']
[2024-05-05T13:02:09.144+0000] {standard_task_runner.py:88} INFO - Job 33342: Subtask ETL_job
[2024-05-05T13:02:09.232+0000] {task_command.py:423} INFO - Running <TaskInstance: Units_statistics_DAG.ETL_job scheduled__2024-05-05T12:40:00+00:00 map_index=0 [running]> on host a09da322e808
[2024-05-05T13:02:09.411+0000] {taskinstance.py:2513} INFO - Exporting env vars: AIRFLOW_CTX_DAG_OWNER='abeer-araby' AIRFLOW_CTX_DAG_ID='Units_statistics_DAG' AIRFLOW_CTX_TASK_ID='ETL_job' AIRFLOW_CTX_EXECUTION_DATE='2024-05-05T12:40:00+00:00' AIRFLOW_CTX_TRY_NUMBER='2' AIRFLOW_CTX_DAG_RUN_ID='scheduled__2024-05-05T12:40:00+00:00'
[2024-05-05T13:02:09.412+0000] {Units_dag.py:99} INFO - i: 0, chunk: 10000
[2024-05-05T13:02:09.413+0000] {Units_dag.py:100} INFO - child token is::: eyJ0eXAiOiJKV1QiLCJhbGciOiJIUzI1NiJ9.eyJpc3MiOiJodHRwczovL2FwaS5hZmFxeS5zYS9hdXRoL2xvZ2luX2FzIiwiaWF0IjoxNzE0OTE0MDA0LCJleHAiOjE3MTc1MDYwMDQsIm5iZiI6MTcxNDkxNDAwNCwianRpIjoib0Rtalh6U3ZWQTdhaW0zdSIsInN1YiI6IjVkNjNlNTFlMDNlZDUyOTJhNDJjMjRlNiIsInBydiI6IjI3MGVjZmM3ZWEzZWQ5MzdlYTg0OTM2MmEzYTUwOTEwYzZkOGNlNGYiLCJsb2dpbl9hc19pZCI6IjY1N2YwYWQ3M2Y5NzcyOTVjZjA1NTc2YSJ9.jsOA05S2yTLMGSMQRw_NJsi38-noIQVlfwut4zGs_O4
[2024-05-05T13:02:26.573+0000] {Units_dag.py:104} INFO - {'_id': '5c3b1d7303ed52664c40f2c5', 'icon': 'icons/icon.png', 'driver_id': '', 'tailer_id': '', 'profile': {'vehicle_type': '', 'measurement_type': 'count', 'max_capacity': 0, 'vin': 'ddffffff', 'plate_number': '8222222f', 'start_operation': '', 'contract_milage': '', 'opening_milage': '', 'model': '', 'fuel_type': '91', 'year': 0, 'seats': 2}, 'device_password': '***', 'name': 'yasser nabeh', 'imei': '867459040839029', 'sim_number': '', 'sim_serial': '', 'device_serial': '867459040839029', 'device': 'bceIotm', 'created_by': '5b5475eeec689d30c527f124', 'user_id': '5b5475eeec689d30c527f124', 'operation_code': '51420085', 'updated_at': '2024-05-01 07:52:12', 'device_type': 'fixed_unit', 'business_types': {'waste': False, 'transportation': False, 'water': False, 'hajj': False}, 'device_gateway': '', 'gateway': False, 'deleted_at': '', 'skip_sim_information': True, 'cctv': {'dvr_id': '', 'channels': 1}, 'shipment_info': {'product_category': 'frozen_meat', 'truck_type': 'bulker_40_footer', 'shipment_type': 'long_haul', 'shipment_payment_type': 'trip_paid', 'transporter_type': 't typw', 'operating_area': 'oparea', 'weight_kilograms_per_day': 1, 'kms_per_day': 2, 'shipment_trip_drive_hrs_day': 1, 'allowable_delay_drive_hrs_day': 1, 'expected_shipment_trip_day': 1, 'car_pay_per_day': 1, 'exceeding_temperature_limit_per_day': 1, 'temperature_upper_limit': 1, 'exceeding_humidity_limit_per_day': 1, 'humidity_upper_limit': 1}, 'custom_fields': [{'id': '6621020a721cc3fb8c0b7ca4', 'key': 'test-1', 'value': 'value-1', 'type': 'general', 'measurement_unit': ''}, {'id': '6621020a721cc3fb8c0b7ca6', 'key': 'test-4', 'value': 'value-4', 'type': 'general', 'measurement_unit': ''}, {'id': '6621020a721cc3fb8c0b7ca8', 'key': 'test-3', 'value': 'value-3', 'type': 'general', 'measurement_unit': ''}, {'id': '6621020a721cc3fb8c0b7caa', 'key': 'test-2', 'value': 'value-2', 'type': 'general', 'measurement_unit': ''}], 'creator': 'afaqy', 'company': '', 'owner': 'afaqy', 'last_update': {'dtt': 1714461864792, 'dts': 1714461962788, 'spd': 60, 'ang': 0, 'alt': 28, 'chPrams': {'sat': {'v': '12', 'cdt': 1714461862914}, 'temp2': {'v': '15', 'cdt': 1714399279052}, 'Temp6': {'v': '-50', 'cdt': 1714461862914}, 'temp3': {'v': '-6', 'cdt': 1714399279052}, 'Temp5': {'v': '-13', 'cdt': 1714461862914}, 'Temp4': {'v': '-0.9', 'cdt': 1714461862914}, 'Temp3': {'v': '30', 'cdt': 1714461862914}, 'temp6': {'v': '120', 'cdt': 1714399279052}, 'di5': {'v': '0', 'cdt': 1714461862914}, 'Temp2': {'v': '10', 'cdt': 1714399845265}, 'Temp1': {'v': '0', 'cdt': 1714461862914}, 'temp4': {'v': '20', 'cdt': 1714399279052}, 'temp5': {'v': '100', 'cdt': 1714399279052}}, 'prms': {'di5': '0', 'sat': '12', 'Temp1': '0', 'Temp2': '10', 'Temp3': '30', 'Temp4': '-0.9', 'Temp5': '-13', 'Temp6': '-50'}, 'devPrms': ['di5', 'sat', 'Temp1', 'Temp2', 'Temp3', 'Temp4', 'Temp5', 'Temp6'], 'old_params': {'di5': '0', 'sat': '12', 'Temp1': '0', 'Temp2': '10', 'Temp3': '30', 'Temp4': '-0.9', 'Temp5': '-13', 'Temp6': '-50'}, 'vLoc': 1, 'vCon': 1, 'ip': '156.215.28.59', 'rl': 0, 'trl': 0, 'mdu': 0, 'tmdu': 0, 'eidl': 0, 'teidl': 0, 'fc': 0, 'tfc': 0, 'acc': 0, 'accOn': 0, 'accOff': 0, 'sdu': 0, 'tsdu': 0, 'lat': 25.489138151307813, 'lng': 46.88460248065079}, 'counters': {'odometer_type': 'gps', 'odometer': 0, 'engine_hours_type': 'acc', 'engine_hours': 0, 'last_acc': None}, 'is_wasl_connected': 'Not Connected', 'iconUrl': 'https://api.afaqy.sa/images/units/icons/icon.png', 'hasCCTV': False}
[2024-05-05T13:02:27.111+0000] {warnings.py:109} WARNING - /home/***/.local/lib/python3.8/site-packages/elasticsearch/_sync/client/__init__.py:399: SecurityWarning: Connecting to 'https://dbelk1.afaqy.local:9200' using TLS with verify_certs=False is insecure
  _transport = transport_class(

[2024-05-05T13:02:27.155+0000] {warnings.py:109} WARNING - /home/***/.local/lib/python3.8/site-packages/elasticsearch/_sync/client/__init__.py:399: SecurityWarning: Connecting to 'https://dbelk3.afaqy.local:9200' using TLS with verify_certs=False is insecure
  _transport = transport_class(

[2024-05-05T13:02:27.215+0000] {warnings.py:109} WARNING - /home/***/.local/lib/python3.8/site-packages/elasticsearch/_sync/client/__init__.py:399: SecurityWarning: Connecting to 'https://dbelk2.afaqy.local:9200' using TLS with verify_certs=False is insecure
  _transport = transport_class(

[2024-05-05T13:02:27.239+0000] {warnings.py:109} WARNING - /home/***/.local/lib/python3.8/site-packages/urllib3/connectionpool.py:1061: InsecureRequestWarning: Unverified HTTPS request is being made to host 'dbelk1.afaqy.local'. Adding certificate verification is strongly advised. See: https://urllib3.readthedocs.io/en/1.26.x/advanced-usage.html#ssl-warnings
  warnings.warn(

[2024-05-05T13:02:27.306+0000] {_transport.py:335} INFO - GET https://dbelk1.afaqy.local:9200/_cluster/health [status:200 duration:0.089s]
[2024-05-05T13:02:27.676+0000] {warnings.py:109} WARNING - /home/***/.local/lib/python3.8/site-packages/urllib3/connectionpool.py:1061: InsecureRequestWarning: Unverified HTTPS request is being made to host 'dbelk3.afaqy.local'. Adding certificate verification is strongly advised. See: https://urllib3.readthedocs.io/en/1.26.x/advanced-usage.html#ssl-warnings
  warnings.warn(

[2024-05-05T13:02:27.689+0000] {_transport.py:335} INFO - PUT https://dbelk3.afaqy.local:9200/units_statistics_***/_bulk [status:429 duration:0.030s]
[2024-05-05T13:02:27.689+0000] {_node_pool.py:249} WARNING - Node <Urllib3HttpNode(https://dbelk3.afaqy.local:9200)> has failed for 1 times in a row, putting on 1 second timeout
[2024-05-05T13:02:27.690+0000] {_transport.py:427} WARNING - Retrying request after non-successful status 429 (attempt 0 of 3)
[2024-05-05T13:02:27.690+0000] {warnings.py:109} WARNING - /home/***/.local/lib/python3.8/site-packages/urllib3/connectionpool.py:1061: InsecureRequestWarning: Unverified HTTPS request is being made to host 'dbelk1.afaqy.local'. Adding certificate verification is strongly advised. See: https://urllib3.readthedocs.io/en/1.26.x/advanced-usage.html#ssl-warnings
  warnings.warn(

[2024-05-05T13:02:27.840+0000] {_transport.py:335} INFO - PUT https://dbelk1.afaqy.local:9200/units_statistics_***/_bulk [status:200 duration:0.150s]
[2024-05-05T13:02:28.110+0000] {taskinstance.py:2731} ERROR - Task failed with exception
Traceback (most recent call last):
  File "/home/airflow/.local/lib/python3.8/site-packages/airflow/models/taskinstance.py", line 444, in _execute_task
    result = _execute_callable(context=context, **execute_callable_kwargs)
  File "/home/airflow/.local/lib/python3.8/site-packages/airflow/models/taskinstance.py", line 414, in _execute_callable
    return execute_callable(context=context, **execute_callable_kwargs)
  File "/home/airflow/.local/lib/python3.8/site-packages/airflow/decorators/base.py", line 241, in execute
    return_value = super().execute(context)
  File "/home/airflow/.local/lib/python3.8/site-packages/airflow/operators/python.py", line 200, in execute
    return_value = self.execute_callable()
  File "/home/airflow/.local/lib/python3.8/site-packages/airflow/operators/python.py", line 217, in execute_callable
    return self.python_callable(*self.op_args, **self.op_kwargs)
  File "/opt/airflow/dags/Units_dag.py", line 112, in ETL_job
    Elk_client.elk_pushData(Globals.index_name,units_list_update)
  File "/opt/airflow/dags/elk_manager.py", line 69, in elk_pushData
    helpers.bulk(self.elk_client, docs_list, index=index_name, chunk_size=batch)
  File "/home/airflow/.local/lib/python3.8/site-packages/elasticsearch/helpers/actions.py", line 521, in bulk
    for ok, item in streaming_bulk(
  File "/home/airflow/.local/lib/python3.8/site-packages/elasticsearch/helpers/actions.py", line 436, in streaming_bulk
    for data, (ok, info) in zip(
  File "/home/airflow/.local/lib/python3.8/site-packages/elasticsearch/helpers/actions.py", line 355, in _process_bulk_chunk
    yield from gen
  File "/home/airflow/.local/lib/python3.8/site-packages/elasticsearch/helpers/actions.py", line 274, in _process_bulk_chunk_success
    raise BulkIndexError(f"{len(errors)} document(s) failed to index.", errors)
elasticsearch.helpers.BulkIndexError: 10000 document(s) failed to index.
[2024-05-05T13:02:28.126+0000] {taskinstance.py:1149} INFO - Marking task as UP_FOR_RETRY. dag_id=Units_statistics_DAG, task_id=ETL_job, map_index=0, execution_date=20240505T124000, start_date=20240505T130209, end_date=20240505T130228
[2024-05-05T13:02:28.144+0000] {standard_task_runner.py:107} ERROR - Failed to execute job 33342 for task ETL_job (10000 document(s) failed to index.; 783069)
[2024-05-05T13:02:28.221+0000] {local_task_job_runner.py:234} INFO - Task exited with return code 1
[2024-05-05T13:02:28.259+0000] {taskinstance.py:3312} INFO - 0 downstream tasks scheduled from follow-on schedule check
