[2024-05-13T18:40:22.121+0000] {local_task_job_runner.py:120} INFO - ::group::Pre task execution logs
[2024-05-13T18:40:22.211+0000] {taskinstance.py:2076} INFO - Dependencies all met for dep_context=non-requeueable deps ti=<TaskInstance: Units_statistics_DAG.ETL_job scheduled__2024-05-13T18:20:00+00:00 map_index=7 [queued]>
[2024-05-13T18:40:22.260+0000] {taskinstance.py:2076} INFO - Dependencies all met for dep_context=requeueable deps ti=<TaskInstance: Units_statistics_DAG.ETL_job scheduled__2024-05-13T18:20:00+00:00 map_index=7 [queued]>
[2024-05-13T18:40:22.261+0000] {taskinstance.py:2306} INFO - Starting attempt 1 of 4
[2024-05-13T18:40:22.346+0000] {taskinstance.py:2330} INFO - Executing <Mapped(_PythonDecoratedOperator): ETL_job> on 2024-05-13 18:20:00+00:00
[2024-05-13T18:40:22.380+0000] {standard_task_runner.py:90} INFO - Running: ['***', 'tasks', 'run', 'Units_statistics_DAG', 'ETL_job', 'scheduled__2024-05-13T18:20:00+00:00', '--job-id', '56393', '--raw', '--subdir', 'DAGS_FOLDER/Units_dag.py', '--cfg-path', '/tmp/tmp470zrnk0', '--map-index', '7']
[2024-05-13T18:40:22.390+0000] {standard_task_runner.py:91} INFO - Job 56393: Subtask ETL_job
[2024-05-13T18:40:22.378+0000] {warnings.py:110} WARNING - /home/***/.local/lib/python3.12/site-packages/***/task/task_runner/standard_task_runner.py:61: DeprecationWarning: This process (pid=990) is multi-threaded, use of fork() may lead to deadlocks in the child.
  pid = os.fork()

[2024-05-13T18:40:22.394+0000] {standard_task_runner.py:63} INFO - Started process 1001 to run task
[2024-05-13T18:40:22.692+0000] {task_command.py:426} INFO - Running <TaskInstance: Units_statistics_DAG.ETL_job scheduled__2024-05-13T18:20:00+00:00 map_index=7 [running]> on host 117fd00757b6
[2024-05-13T18:40:23.253+0000] {taskinstance.py:2648} INFO - Exporting env vars: AIRFLOW_CTX_DAG_OWNER='abeer-araby' AIRFLOW_CTX_DAG_ID='Units_statistics_DAG' AIRFLOW_CTX_TASK_ID='ETL_job' AIRFLOW_CTX_EXECUTION_DATE='2024-05-13T18:20:00+00:00' AIRFLOW_CTX_TRY_NUMBER='1' AIRFLOW_CTX_DAG_RUN_ID='scheduled__2024-05-13T18:20:00+00:00'
[2024-05-13T18:40:23.255+0000] {taskinstance.py:430} INFO - ::endgroup::
[2024-05-13T18:40:23.255+0000] {Units_dag.py:98} INFO - i: 70000, chunk: 10000
[2024-05-13T18:40:23.255+0000] {Units_dag.py:99} INFO - child token is::: eyJ0eXAiOiJKV1QiLCJhbGciOiJIUzI1NiJ9.eyJpc3MiOiJodHRwczovL2FwaS5hZmFxeS5zYS9hdXRoL2xvZ2luX2FzIiwiaWF0IjoxNzE1NjI1NjA0LCJleHAiOjE3MTgyMTc2MDQsIm5iZiI6MTcxNTYyNTYwNCwianRpIjoiWXM0OHhKeEZaSVVkMktxVCIsInN1YiI6IjVkNjNlNTFlMDNlZDUyOTJhNDJjMjRlNiIsInBydiI6IjI3MGVjZmM3ZWEzZWQ5MzdlYTg0OTM2MmEzYTUwOTEwYzZkOGNlNGYiLCJsb2dpbl9hc19pZCI6IjY1N2YwYWQ3M2Y5NzcyOTVjZjA1NTc2YSJ9.5pY3vXaAaWo2NShag6XQDhr7JOOIMOG0-7u-4VJY_Ec
[2024-05-13T18:41:52.829+0000] {Units_dag.py:103} INFO - {'_id': '63a7f8db8b4f716b44204ff6', 'icon': 'icons/icon.png', 'driver_id': '', 'tailer_id': '', 'profile': {'vehicle_type': None, 'measurement_type': 'count', 'max_capacity': 0, 'vin': None, 'plate_number': '1844 - V D R', 'start_operation': None, 'contract_milage': None, 'opening_milage': None, 'model': None, 'fuel_type': '91', 'year': 0, 'seats': 2}, 'device_password': '***', 'device_type': 'gps', 'gateway': False, 'name': 'VDR1844', 'operation_code': '', 'device_gateway': '', 'business_types': {'waste': False, 'transportation': True, 'water': False}, 'imei': '866907059085687', 'sim_number': '+966830030948691', 'sim_serial': '21294045087', 'device_serial': '1125896725', 'device': 'teltonika', 'user_id': '5edc9ce503ed5252d3361fa8', 'created_by': '5e6655bf03ed52e1ab79d301', 'updated_at': '2024-04-18 11:18:59', 'created_at': '2022-12-25 10:16:43', 'custom_fields': [], 'creator': 'amr.ahmed', 'company': '', 'owner': 'hertz-admin', 'last_update': {'dtt': 1715625438000, 'dts': 1715625443530, 'spd': 0, 'ang': 21, 'alt': 721, 'chPrams': {'output1': {'v': False, 'cdt': 1715474160000}, 'output2': {'v': False, 'cdt': 1715474160000}, 'ePwrV': {'v': 12.973, 'cdt': 1715625438000}, 'sat': {'v': 17, 'cdt': 1715625438000}, 'ai1': {'v': 174, 'cdt': 1713559398000}, 'priority': {'v': 0, 'cdt': 1715613717000}, 'di2': {'v': 0, 'cdt': 1713559398000}, 'type': {'v': 6, 'cdt': 1713879140000}, 'di1': {'v': 0, 'cdt': 1715613416000}, 'result': {'v': '5665723a30332e32372e31335f3033204750533a41584e5f352e312e392048773a464d43313330204d6f643a3420494d45493a38363639303730353930383536383720496e69743a323032342d322d3820363a3820557074696d653a38313338303932204d41433a303031453432354639444346205350433a312830292041584c3a32204f42443a3020424c3a312e31302042543a34', 'cdt': 1715525062000}, 'protocol': {'v': 'FMC130', 'cdt': 1715478646000}, 'parm6': {'v': 174, 'cdt': 1713124989000}, 'iPwrV': {'v': 3.982, 'cdt': 1715618225000}, 'event': {'v': 0, 'cdt': 1715613717000}}, 'prms': {'protocol': 'FMC130', 'priority': 0, 'sat': 17, 'event': 0, 'di1': 0, 'output1': 0, 'di2': 0, 'output2': 0, 'ePwrV': 12.973, 'iPwrV': 3.982, 'ai1': 174, 'parm6': 174}, 'devPrms': ['protocol', 'priority', 'sat', 'event', 'di1', 'output1', 'di2', 'output2', 'ePwrV', 'iPwrV', 'ai1', 'parm6'], 'old_params': {'protocol': 'teltonika', 'output1': 0, 'parm6': 174, 'output2': 0, 'ePwrV': 12.975, 'sat': 16, 'ai1': 174, 'iPwrV': 3.982, 'priority': 0, 'event': 0, 'di2': 0, 'di1': 0}, 'vLoc': 1, 'vCon': 1, 'ip': '51.39.204.225', 'rl': 0, 'trl': 17776.2698, 'mdu': 0, 'tmdu': 1150004, 'eidl': 0, 'teidl': 691831, 'fc': 0, 'tfc': 7.590864, 'acc': 0, 'accOn': 2145308, 'accOff': 54529235, 'sdu': 301, 'tsdu': 12022, 'lat': 24.945505, 'lng': 46.7960583}, 'counters': {'odometer_type': 'gps', 'odometer': 17776.2674, 'engine_hours_type': 'acc', 'engine_hours': 2145308, 'last_acc': 0}, 'is_wasl_connected': 'Not Connected', 'iconUrl': 'https://api.afaqy.sa/images/units/icons/icon.png', 'hasCCTV': False}
[2024-05-13T18:41:54.878+0000] {warnings.py:110} WARNING - /home/***/.local/lib/python3.12/site-packages/elasticsearch/_sync/client/__init__.py:399: SecurityWarning: Connecting to 'https://dbelk3.afaqy.local:9200' using TLS with verify_certs=False is insecure
  _transport = transport_class(

[2024-05-13T18:41:55.074+0000] {warnings.py:110} WARNING - /home/***/.local/lib/python3.12/site-packages/elasticsearch/_sync/client/__init__.py:399: SecurityWarning: Connecting to 'https://dbelk2.afaqy.local:9200' using TLS with verify_certs=False is insecure
  _transport = transport_class(

[2024-05-13T18:41:55.927+0000] {warnings.py:110} WARNING - /home/***/.local/lib/python3.12/site-packages/elasticsearch/_sync/client/__init__.py:399: SecurityWarning: Connecting to 'https://dbelk1.afaqy.local:9200' using TLS with verify_certs=False is insecure
  _transport = transport_class(

[2024-05-13T18:41:55.946+0000] {warnings.py:110} WARNING - /home/***/.local/lib/python3.12/site-packages/urllib3/connectionpool.py:1103: InsecureRequestWarning: Unverified HTTPS request is being made to host 'dbelk3.afaqy.local'. Adding certificate verification is strongly advised. See: https://urllib3.readthedocs.io/en/latest/advanced-usage.html#tls-warnings
  warnings.warn(

[2024-05-13T18:41:56.040+0000] {_transport.py:349} INFO - GET https://dbelk3.afaqy.local:9200/_cluster/health [status:200 duration:0.111s]
[2024-05-13T18:41:56.566+0000] {warnings.py:110} WARNING - /home/***/.local/lib/python3.12/site-packages/urllib3/connectionpool.py:1103: InsecureRequestWarning: Unverified HTTPS request is being made to host 'dbelk2.afaqy.local'. Adding certificate verification is strongly advised. See: https://urllib3.readthedocs.io/en/latest/advanced-usage.html#tls-warnings
  warnings.warn(

[2024-05-13T18:41:57.981+0000] {_transport.py:349} INFO - PUT https://dbelk2.afaqy.local:9200/units_statistics_***/_bulk [status:200 duration:1.440s]
[2024-05-13T18:41:58.208+0000] {python.py:237} INFO - Done. Returned value was: None
[2024-05-13T18:41:58.209+0000] {taskinstance.py:441} INFO - ::group::Post task execution logs
[2024-05-13T18:41:58.226+0000] {taskinstance.py:1206} INFO - Marking task as SUCCESS. dag_id=Units_statistics_DAG, task_id=ETL_job, run_id=scheduled__2024-05-13T18:20:00+00:00, map_index=7, execution_date=20240513T182000, start_date=20240513T184022, end_date=20240513T184158
[2024-05-13T18:41:58.307+0000] {local_task_job_runner.py:240} INFO - Task exited with return code 0
[2024-05-13T18:41:58.337+0000] {taskinstance.py:3498} INFO - 0 downstream tasks scheduled from follow-on schedule check
[2024-05-13T18:41:58.341+0000] {local_task_job_runner.py:222} INFO - ::endgroup::
