[2024-05-13T17:20:19.890+0000] {local_task_job_runner.py:120} INFO - ::group::Pre task execution logs
[2024-05-13T17:20:20.071+0000] {taskinstance.py:2076} INFO - Dependencies all met for dep_context=non-requeueable deps ti=<TaskInstance: Units_statistics_DAG.ETL_job scheduled__2024-05-13T17:00:00+00:00 map_index=14 [queued]>
[2024-05-13T17:20:20.174+0000] {taskinstance.py:2076} INFO - Dependencies all met for dep_context=requeueable deps ti=<TaskInstance: Units_statistics_DAG.ETL_job scheduled__2024-05-13T17:00:00+00:00 map_index=14 [queued]>
[2024-05-13T17:20:20.176+0000] {taskinstance.py:2306} INFO - Starting attempt 1 of 4
[2024-05-13T17:20:20.343+0000] {taskinstance.py:2330} INFO - Executing <Mapped(_PythonDecoratedOperator): ETL_job> on 2024-05-13 17:00:00+00:00
[2024-05-13T17:20:20.424+0000] {warnings.py:110} WARNING - /home/***/.local/lib/python3.12/site-packages/***/task/task_runner/standard_task_runner.py:61: DeprecationWarning: This process (pid=23211) is multi-threaded, use of fork() may lead to deadlocks in the child.
  pid = os.fork()

[2024-05-13T17:20:20.427+0000] {standard_task_runner.py:63} INFO - Started process 23224 to run task
[2024-05-13T17:20:20.426+0000] {standard_task_runner.py:90} INFO - Running: ['***', 'tasks', 'run', 'Units_statistics_DAG', 'ETL_job', 'scheduled__2024-05-13T17:00:00+00:00', '--job-id', '56270', '--raw', '--subdir', 'DAGS_FOLDER/Units_dag.py', '--cfg-path', '/tmp/tmp8k5pq0l4', '--map-index', '14']
[2024-05-13T17:20:20.428+0000] {standard_task_runner.py:91} INFO - Job 56270: Subtask ETL_job
[2024-05-13T17:20:20.691+0000] {task_command.py:426} INFO - Running <TaskInstance: Units_statistics_DAG.ETL_job scheduled__2024-05-13T17:00:00+00:00 map_index=14 [running]> on host 7138d7e072c5
[2024-05-13T17:20:21.411+0000] {taskinstance.py:2648} INFO - Exporting env vars: AIRFLOW_CTX_DAG_OWNER='abeer-araby' AIRFLOW_CTX_DAG_ID='Units_statistics_DAG' AIRFLOW_CTX_TASK_ID='ETL_job' AIRFLOW_CTX_EXECUTION_DATE='2024-05-13T17:00:00+00:00' AIRFLOW_CTX_TRY_NUMBER='1' AIRFLOW_CTX_DAG_RUN_ID='scheduled__2024-05-13T17:00:00+00:00'
[2024-05-13T17:20:21.412+0000] {taskinstance.py:430} INFO - ::endgroup::
[2024-05-13T17:20:21.413+0000] {Units_dag.py:98} INFO - i: 140000, chunk: 10000
[2024-05-13T17:20:21.413+0000] {Units_dag.py:99} INFO - child token is::: eyJ0eXAiOiJKV1QiLCJhbGciOiJIUzI1NiJ9.eyJpc3MiOiJodHRwczovL2FwaS5hZmFxeS5zYS9hdXRoL2xvZ2luX2FzIiwiaWF0IjoxNzE1NjIwODA1LCJleHAiOjE3MTgyMTI4MDUsIm5iZiI6MTcxNTYyMDgwNSwianRpIjoienpXRVFxV0NxQklmeG9hWCIsInN1YiI6IjVkNjNlNTFlMDNlZDUyOTJhNDJjMjRlNiIsInBydiI6IjI3MGVjZmM3ZWEzZWQ5MzdlYTg0OTM2MmEzYTUwOTEwYzZkOGNlNGYiLCJsb2dpbl9hc19pZCI6IjY1N2YwYWQ3M2Y5NzcyOTVjZjA1NTc2YSJ9.GWuD6qDBfbr7G9VJcQYXwXlH3vxElAhg8QI9We9mIcE
[2024-05-13T17:21:07.045+0000] {Units_dag.py:103} INFO - {'_id': '655217b08bb3983f540d7a5f', 'icon': 'icons/icon.png', 'driver_id': '', 'tailer_id': '', 'profile': {'measurement_type': 'count', 'fuel_type': '91', 'year': 0, 'seats': 2}, 'shipment_info': {'product_category': '', 'truck_type': '', 'shipment_type': '', 'shipment_payment_type': '', 'transporter_type': '', 'operating_area': '', 'weight_kilograms_per_day': '', 'kms_per_day': '', 'opening_milage': '', 'shipment_trip_drive_hrs_day': '', 'expected_shipment_trip_day': '', 'car_pay_per_day': '', 'exceeding_temperature_limit_per_day': '', 'temperature_upper_limit': '', 'exceeding_humidity_limit_per_day': '', 'humidity_upper_limit': '', 'allowable_delay_drive_hrs_day': ''}, 'device_password': '***', 'device_type': 'gps', 'gateway': False, 'business_types': {'waste': False, 'transportation': True, 'water': False}, 'name': '9420 K D R', 'operation_code': None, 'device_gateway': None, 'skip_sim_information': False, 'imei': '866907058511618', 'sim_number': '+966830028717347', 'sim_serial': '8996609821111011544', 'device_serial': '1125556173', 'device': 'teltonika', 'user_id': '652d05984097bd2b6f0e4bc9', 'created_by': '5e6655bf03ed52e1ab79d301', 'updated_at': '2024-04-18 11:18:59', 'created_at': '2023-11-13 15:33:52', 'custom_fields': [], 'creator': 'amr.ahmed', 'company': '', 'owner': 'united-car-admin', 'last_update': {'dtt': 1715620644000, 'dts': 1715620647926, 'spd': 0, 'ang': 170, 'alt': 29, 'chPrams': {'Speed': {'v': 0, 'cdt': 1715267189000}, 'output1': {'v': False, 'cdt': 1715618540000}, 'output2': {'v': False, 'cdt': 1715618540000}, 'ePwrV': {'v': 12.824, 'cdt': 1715620042000}, 'parm24': {'v': 0, 'cdt': 1715267189000}, 'sat': {'v': 13, 'cdt': 1715620644000}, 'ai1': {'v': 86, 'cdt': 1715436718000}, 'type': {'v': 6, 'cdt': 1715432511000}, 'priority': {'v': 0, 'cdt': 1715436718000}, 'di2': {'v': 0, 'cdt': 1715436718000}, 'di1': {'v': 0, 'cdt': 1715267189000}, 'result': {'v': '5665723a30332e32372e31335f3534204750533a41584e5f352e312e392048773a464d43313330204d6f643a3420494d45493a38363639303730353835313136313820496e69743a323032342d342d31342031303a313020557074696d653a32353234363232204d41433a303031453432353846384345205350433a312830292041584c3a32204f42443a3020424c3a312e31302042543a34', 'cdt': 1715618240000}, 'protocol': {'v': 'FMC130', 'cdt': 1715618540000}, 'parm237': {'v': 1, 'cdt': 1715608923000}, 'parm6': {'v': 86, 'cdt': 1714940401000}, 'iPwrV': {'v': 4.023, 'cdt': 1715609825000}, 'event': {'v': 0, 'cdt': 1715436718000}}, 'prms': {'protocol': 'FMC130', 'priority': 0, 'sat': 13, 'event': 0, 'di1': 0, 'output1': 0, 'di2': 0, 'output2': 0, 'parm237': 1, 'ePwrV': 12.824, 'Speed': 0, 'parm24': 0, 'iPwrV': 4.023, 'ai1': 86, 'parm6': 86}, 'devPrms': ['protocol', 'priority', 'sat', 'event', 'di1', 'output1', 'di2', 'output2', 'parm237', 'ePwrV', 'Speed', 'parm24', 'iPwrV', 'ai1', 'parm6'], 'old_params': {'protocol': 'FMC130', 'priority': 0, 'sat': 12, 'event': 0, 'di1': 0, 'output1': 0, 'di2': 0, 'output2': 0, 'parm237': 1, 'ePwrV': 12.824, 'Speed': 0, 'parm24': 0, 'iPwrV': 4.023, 'ai1': 86, 'parm6': 86}, 'vLoc': 1, 'vCon': 1, 'ip': '37.216.106.132', 'rl': 0, 'trl': 44017.8206, 'mdu': 0, 'tmdu': 2329249, 'eidl': 0, 'teidl': 785153, 'fc': 0, 'tfc': 0, 'acc': 0, 'accOn': 9930877, 'accOff': 27285443, 'sdu': 301, 'tsdu': 57101, 'lat': 21.5860183, 'lng': 39.1618133}, 'counters': {'engine_hours': 9930877, 'last_acc': 0, 'odometer': 69588.0668}, 'is_wasl_connected': 'Not Connected', 'iconUrl': 'https://api.afaqy.sa/images/units/icons/icon.png', 'hasCCTV': False}
[2024-05-13T17:21:08.784+0000] {warnings.py:110} WARNING - /home/***/.local/lib/python3.12/site-packages/elasticsearch/_sync/client/__init__.py:399: SecurityWarning: Connecting to 'https://dbelk1.afaqy.local:9200' using TLS with verify_certs=False is insecure
  _transport = transport_class(

[2024-05-13T17:21:08.944+0000] {warnings.py:110} WARNING - /home/***/.local/lib/python3.12/site-packages/elasticsearch/_sync/client/__init__.py:399: SecurityWarning: Connecting to 'https://dbelk2.afaqy.local:9200' using TLS with verify_certs=False is insecure
  _transport = transport_class(

[2024-05-13T17:21:10.006+0000] {warnings.py:110} WARNING - /home/***/.local/lib/python3.12/site-packages/elasticsearch/_sync/client/__init__.py:399: SecurityWarning: Connecting to 'https://dbelk3.afaqy.local:9200' using TLS with verify_certs=False is insecure
  _transport = transport_class(

[2024-05-13T17:21:17.110+0000] {warnings.py:110} WARNING - /home/***/.local/lib/python3.12/site-packages/urllib3/connectionpool.py:1103: InsecureRequestWarning: Unverified HTTPS request is being made to host 'dbelk1.afaqy.local'. Adding certificate verification is strongly advised. See: https://urllib3.readthedocs.io/en/latest/advanced-usage.html#tls-warnings
  warnings.warn(

[2024-05-13T17:21:17.285+0000] {_transport.py:349} INFO - GET https://dbelk1.afaqy.local:9200/_cluster/health [status:200 duration:7.267s]
[2024-05-13T17:21:18.261+0000] {warnings.py:110} WARNING - /home/***/.local/lib/python3.12/site-packages/urllib3/connectionpool.py:1103: InsecureRequestWarning: Unverified HTTPS request is being made to host 'dbelk2.afaqy.local'. Adding certificate verification is strongly advised. See: https://urllib3.readthedocs.io/en/latest/advanced-usage.html#tls-warnings
  warnings.warn(

[2024-05-13T17:21:19.593+0000] {_transport.py:349} INFO - PUT https://dbelk2.afaqy.local:9200/units_statistics_***/_bulk [status:200 duration:1.380s]
[2024-05-13T17:21:19.828+0000] {python.py:237} INFO - Done. Returned value was: None
[2024-05-13T17:21:19.836+0000] {taskinstance.py:441} INFO - ::group::Post task execution logs
[2024-05-13T17:21:19.855+0000] {taskinstance.py:1206} INFO - Marking task as SUCCESS. dag_id=Units_statistics_DAG, task_id=ETL_job, run_id=scheduled__2024-05-13T17:00:00+00:00, map_index=14, execution_date=20240513T170000, start_date=20240513T172020, end_date=20240513T172119
[2024-05-13T17:21:19.915+0000] {local_task_job_runner.py:240} INFO - Task exited with return code 0
[2024-05-13T17:21:19.967+0000] {taskinstance.py:3498} INFO - 0 downstream tasks scheduled from follow-on schedule check
[2024-05-13T17:21:19.971+0000] {local_task_job_runner.py:222} INFO - ::endgroup::
