[2024-04-16T00:05:58.987+0000] {taskinstance.py:1979} INFO - Dependencies all met for dep_context=non-requeueable deps ti=<TaskInstance: Units_statistics_DAG.ETL_job scheduled__2024-04-15T23:00:00+00:00 map_index=4 [queued]>
[2024-04-16T00:05:59.054+0000] {taskinstance.py:1979} INFO - Dependencies all met for dep_context=requeueable deps ti=<TaskInstance: Units_statistics_DAG.ETL_job scheduled__2024-04-15T23:00:00+00:00 map_index=4 [queued]>
[2024-04-16T00:05:59.055+0000] {taskinstance.py:2193} INFO - Starting attempt 2 of 4
[2024-04-16T00:05:59.127+0000] {taskinstance.py:2217} INFO - Executing <Mapped(_PythonDecoratedOperator): ETL_job> on 2024-04-15 23:00:00+00:00
[2024-04-16T00:05:59.161+0000] {standard_task_runner.py:60} INFO - Started process 319690 to run task
[2024-04-16T00:05:59.204+0000] {standard_task_runner.py:87} INFO - Running: ['***', 'tasks', 'run', 'Units_statistics_DAG', 'ETL_job', 'scheduled__2024-04-15T23:00:00+00:00', '--job-id', '3311', '--raw', '--subdir', 'DAGS_FOLDER/Units_dag.py', '--cfg-path', '/tmp/tmp9co7d4pb', '--map-index', '4']
[2024-04-16T00:05:59.230+0000] {standard_task_runner.py:88} INFO - Job 3311: Subtask ETL_job
[2024-04-16T00:05:59.671+0000] {task_command.py:423} INFO - Running <TaskInstance: Units_statistics_DAG.ETL_job scheduled__2024-04-15T23:00:00+00:00 map_index=4 [running]> on host a09da322e808
[2024-04-16T00:06:00.419+0000] {taskinstance.py:2513} INFO - Exporting env vars: AIRFLOW_CTX_DAG_OWNER='abeer-araby' AIRFLOW_CTX_DAG_ID='Units_statistics_DAG' AIRFLOW_CTX_TASK_ID='ETL_job' AIRFLOW_CTX_EXECUTION_DATE='2024-04-15T23:00:00+00:00' AIRFLOW_CTX_TRY_NUMBER='2' AIRFLOW_CTX_DAG_RUN_ID='scheduled__2024-04-15T23:00:00+00:00'
[2024-04-16T00:06:00.421+0000] {Units_dag.py:90} INFO - i: 40000, chunk: 10000
[2024-04-16T00:06:00.421+0000] {Units_dag.py:91} INFO - child token is::: eyJ0eXAiOiJKV1QiLCJhbGciOiJIUzI1NiJ9.eyJpc3MiOiJodHRwczovL2FwaS5hZmFxeS5zYS9hdXRoL2xvZ2luX2FzIiwiaWF0IjoxNzEzMjI1NjA0LCJleHAiOjE3MTU4MTc2MDQsIm5iZiI6MTcxMzIyNTYwNCwianRpIjoiZkM3bFEzZDV3U0lEYXlMRSIsInN1YiI6IjVkNjNlNTFlMDNlZDUyOTJhNDJjMjRlNiIsInBydiI6IjI3MGVjZmM3ZWEzZWQ5MzdlYTg0OTM2MmEzYTUwOTEwYzZkOGNlNGYiLCJsb2dpbl9hc19pZCI6IjY1N2YwYWQ3M2Y5NzcyOTVjZjA1NTc2YSJ9.e8Yf1v39G-QCfqwFDmL8UocxtIzIJALD09JxXQKLz2Q
[2024-04-16T00:06:19.695+0000] {Units_dag.py:95} INFO - {'_id': '6264cf99e9329914615101a7', 'icon': 'icons/icon.png', 'driver_id': '', 'tailer_id': '', 'profile': {'measurement_type': 'count', 'fuel_type': '91', 'year': 0, 'seats': 2}, 'device_password': '***', 'device_type': 'gps', 'gateway': False, 'name': '9473EBR.', 'operation_code': None, 'device_gateway': None, 'business_types': {'waste': False, 'transportation': True, 'water': False}, 'imei': '866854051684622', 'sim_number': '+966830020807626', 'sim_serial': '996609821110852396', 'device_serial': '866854051684622', 'device': 'bce', 'user_id': '61adecadb70c9664dd5bc901', 'created_by': '5e6655bf03ed52e1ab79d301', 'updated_at': '2023-12-31 11:57:30', 'created_at': '2022-04-24 07:18:33', 'creator': 'amr.ahmed', 'company': '', 'owner': 'shift-inc-co', 'last_update': {'dtt': 1706685912000, 'dts': 1706685926062, 'spd': 0, 'ang': 290, 'alt': 36, 'chPrams': {'ePwrV': {'v': 12.479, 'cdt': 1706685912000}, 'di16': {'v': 0, 'cdt': 1706630206000}, 'rssi1': {'v': 67, 'cdt': 1706685912000}, 'di15': {'v': 0, 'cdt': 1704100058000}, 'di14': {'v': 0, 'cdt': 1706630814000}, 'di13': {'v': 0, 'cdt': 1704100058000}, 'di12': {'v': 0, 'cdt': 1704100058000}, 'di11': {'v': 0, 'cdt': 1704100058000}, 'di10': {'v': 0, 'cdt': 1704100058000}, 'di2': {'v': 1, 'cdt': 1704100058000}, 'di1': {'v': 0, 'cdt': 1706632756000}, 'di4': {'v': 0, 'cdt': 1704100058000}, 'di3': {'v': 0, 'cdt': 1704100058000}, 'di6': {'v': 1, 'cdt': 1704100058000}, 'di5': {'v': 0, 'cdt': 1706632454000}, 'lac1': {'v': 2232, 'cdt': 1706533878000}, 'protocol': {'v': 'bce', 'cdt': 1704100058000}, 'di8': {'v': 1, 'cdt': 1704100058000}, 'di7': {'v': 0, 'cdt': 1706632756000}, 'di9': {'v': 0, 'cdt': 1704100058000}, 'iPwrV': {'v': 3.991, 'cdt': 1706685912000}, 'cid1': {'v': 23211, 'cdt': 1706630442000}, 'odometer': {'v': 0, 'cdt': 1706630852000}, 'spd': {'v': 0, 'cdt': 1706632446000}, 'sat': {'v': 14, 'cdt': 1706685912000}, 'hdop': {'v': 1, 'cdt': 1706622276000}, 'ta': {'v': 0, 'cdt': 1704100058000}, 'mcc1': {'v': 420, 'cdt': 1704538542000}, 'mnc1': {'v': 3, 'cdt': 1706293258000}}, 'prms': {'protocol': 'bce', 'spd': 0, 'sat': 14, 'hdop': 1, 'odometer': 0, 'di16': 0, 'di15': 0, 'di14': 0, 'di13': 0, 'di12': 0, 'di11': 0, 'di10': 0, 'di9': 0, 'di8': 1, 'di7': 0, 'di6': 1, 'di5': 0, 'di4': 0, 'di3': 0, 'di2': 1, 'di1': 0, 'ePwrV': 12.479, 'iPwrV': 3.991, 'ta': 0, 'mcc1': 420, 'mnc1': 3, 'lac1': 2232, 'cid1': 23211, 'rssi1': 67}, 'devPrms': ['protocol', 'spd', 'sat', 'hdop', 'odometer', 'di16', 'di15', 'di14', 'di13', 'di12', 'di11', 'di10', 'di9', 'di8', 'di7', 'di6', 'di5', 'di4', 'di3', 'di2', 'di1', 'ePwrV', 'iPwrV', 'ta', 'mcc1', 'mnc1', 'lac1', 'cid1', 'rssi1'], 'old_params': {'protocol': 'bce', 'spd': 0, 'sat': 15, 'hdop': 1, 'odometer': 0, 'di16': 0, 'di15': 0, 'di14': 0, 'di13': 0, 'di12': 0, 'di11': 0, 'di10': 0, 'di9': 0, 'di8': 1, 'di7': 0, 'di6': 1, 'di5': 0, 'di4': 0, 'di3': 0, 'di2': 1, 'di1': 0, 'ePwrV': 12.435, 'iPwrV': 3.989, 'ta': 0, 'mcc1': 420, 'mnc1': 3, 'lac1': 2232, 'cid1': 23211, 'rssi1': 68}, 'vLoc': 1, 'vCon': 1, 'ip': '37.216.118.27', 'rl': 0, 'trl': 80412.673, 'mdu': 0, 'tmdu': 4569814, 'eidl': 0, 'teidl': 3580948, 'fc': 0, 'tfc': 17.63351, 'acc': 0, 'accOn': 11421256, 'accOff': 49788744, 'sdu': 300, 'tsdu': 53458, 'lat': 21.434776306152344, 'lng': 39.25528335571289}, 'counters': {'odometer_type': 'gps', 'odometer': 80422.673, 'engine_hours_type': 'acc', 'engine_hours': 11421256, 'last_acc': 0}, 'is_wasl_connected': 'Not Connected', 'iconUrl': 'https://api.afaqy.sa/images/units/icons/icon.png', 'hasCCTV': False}
[2024-04-16T00:06:20.360+0000] {warnings.py:109} WARNING - /home/***/.local/lib/python3.8/site-packages/elasticsearch/_sync/client/__init__.py:399: SecurityWarning: Connecting to 'https://dbelk2.afaqy.local:9200' using TLS with verify_certs=False is insecure
  _transport = transport_class(

[2024-04-16T00:06:20.402+0000] {warnings.py:109} WARNING - /home/***/.local/lib/python3.8/site-packages/elasticsearch/_sync/client/__init__.py:399: SecurityWarning: Connecting to 'https://dbelk3.afaqy.local:9200' using TLS with verify_certs=False is insecure
  _transport = transport_class(

[2024-04-16T00:06:20.454+0000] {warnings.py:109} WARNING - /home/***/.local/lib/python3.8/site-packages/elasticsearch/_sync/client/__init__.py:399: SecurityWarning: Connecting to 'https://dbelk1.afaqy.local:9200' using TLS with verify_certs=False is insecure
  _transport = transport_class(

[2024-04-16T00:06:20.474+0000] {warnings.py:109} WARNING - /home/***/.local/lib/python3.8/site-packages/urllib3/connectionpool.py:1061: InsecureRequestWarning: Unverified HTTPS request is being made to host 'dbelk2.afaqy.local'. Adding certificate verification is strongly advised. See: https://urllib3.readthedocs.io/en/1.26.x/advanced-usage.html#ssl-warnings
  warnings.warn(

[2024-04-16T00:06:20.539+0000] {_transport.py:335} INFO - GET https://dbelk2.afaqy.local:9200/_cluster/health [status:200 duration:0.082s]
[2024-04-16T00:06:21.013+0000] {_transport.py:358} INFO - PUT https://dbelk3.afaqy.local:9200/units_statistics_***/_bulk [status:N/A duration:0.002s]
[2024-04-16T00:06:21.014+0000] {_node_pool.py:249} WARNING - Node <Urllib3HttpNode(https://dbelk3.afaqy.local:9200)> has failed for 1 times in a row, putting on 1 second timeout
[2024-04-16T00:06:21.014+0000] {_transport.py:395} WARNING - Retrying request after failure (attempt 0 of 3)
Traceback (most recent call last):
  File "/home/airflow/.local/lib/python3.8/site-packages/elastic_transport/_transport.py", line 328, in perform_request
    meta, raw_data = node.perform_request(
  File "/home/airflow/.local/lib/python3.8/site-packages/elastic_transport/_node/_http_urllib3.py", line 202, in perform_request
    raise err from None
elastic_transport.ConnectionError: Connection error caused by: NewConnectionError(<urllib3.connection.HTTPSConnection object at 0x7faa1783c3a0>: Failed to establish a new connection: [Errno 111] Connection refused)
[2024-04-16T00:06:21.016+0000] {warnings.py:109} WARNING - /home/***/.local/lib/python3.8/site-packages/urllib3/connectionpool.py:1061: InsecureRequestWarning: Unverified HTTPS request is being made to host 'dbelk2.afaqy.local'. Adding certificate verification is strongly advised. See: https://urllib3.readthedocs.io/en/1.26.x/advanced-usage.html#ssl-warnings
  warnings.warn(

[2024-04-16T00:06:21.029+0000] {_transport.py:335} INFO - PUT https://dbelk2.afaqy.local:9200/units_statistics_***/_bulk [status:429 duration:0.013s]
[2024-04-16T00:06:21.030+0000] {_node_pool.py:249} WARNING - Node <Urllib3HttpNode(https://dbelk2.afaqy.local:9200)> has failed for 1 times in a row, putting on 1 second timeout
[2024-04-16T00:06:21.031+0000] {_transport.py:427} WARNING - Retrying request after non-successful status 429 (attempt 1 of 3)
[2024-04-16T00:06:21.055+0000] {warnings.py:109} WARNING - /home/***/.local/lib/python3.8/site-packages/urllib3/connectionpool.py:1061: InsecureRequestWarning: Unverified HTTPS request is being made to host 'dbelk1.afaqy.local'. Adding certificate verification is strongly advised. See: https://urllib3.readthedocs.io/en/1.26.x/advanced-usage.html#ssl-warnings
  warnings.warn(

[2024-04-16T00:06:21.241+0000] {_transport.py:335} INFO - PUT https://dbelk1.afaqy.local:9200/units_statistics_***/_bulk [status:200 duration:0.210s]
[2024-04-16T00:06:21.356+0000] {taskinstance.py:2731} ERROR - Task failed with exception
Traceback (most recent call last):
  File "/home/airflow/.local/lib/python3.8/site-packages/airflow/models/taskinstance.py", line 444, in _execute_task
    result = _execute_callable(context=context, **execute_callable_kwargs)
  File "/home/airflow/.local/lib/python3.8/site-packages/airflow/models/taskinstance.py", line 414, in _execute_callable
    return execute_callable(context=context, **execute_callable_kwargs)
  File "/home/airflow/.local/lib/python3.8/site-packages/airflow/decorators/base.py", line 241, in execute
    return_value = super().execute(context)
  File "/home/airflow/.local/lib/python3.8/site-packages/airflow/operators/python.py", line 200, in execute
    return_value = self.execute_callable()
  File "/home/airflow/.local/lib/python3.8/site-packages/airflow/operators/python.py", line 217, in execute_callable
    return self.python_callable(*self.op_args, **self.op_kwargs)
  File "/opt/airflow/dags/Units_dag.py", line 103, in ETL_job
    Elk_client.elk_pushData(Globals.index_name,units_list_update)
  File "/opt/airflow/dags/elk_manager.py", line 69, in elk_pushData
    helpers.bulk(self.elk_client, docs_list, index=index_name, chunk_size=batch)
  File "/home/airflow/.local/lib/python3.8/site-packages/elasticsearch/helpers/actions.py", line 521, in bulk
    for ok, item in streaming_bulk(
  File "/home/airflow/.local/lib/python3.8/site-packages/elasticsearch/helpers/actions.py", line 436, in streaming_bulk
    for data, (ok, info) in zip(
  File "/home/airflow/.local/lib/python3.8/site-packages/elasticsearch/helpers/actions.py", line 355, in _process_bulk_chunk
    yield from gen
  File "/home/airflow/.local/lib/python3.8/site-packages/elasticsearch/helpers/actions.py", line 274, in _process_bulk_chunk_success
    raise BulkIndexError(f"{len(errors)} document(s) failed to index.", errors)
elasticsearch.helpers.BulkIndexError: 10000 document(s) failed to index.
[2024-04-16T00:06:21.372+0000] {taskinstance.py:1149} INFO - Marking task as UP_FOR_RETRY. dag_id=Units_statistics_DAG, task_id=ETL_job, map_index=4, execution_date=20240415T230000, start_date=20240416T000559, end_date=20240416T000621
[2024-04-16T00:06:21.391+0000] {standard_task_runner.py:107} ERROR - Failed to execute job 3311 for task ETL_job (10000 document(s) failed to index.; 319690)
[2024-04-16T00:06:21.461+0000] {local_task_job_runner.py:234} INFO - Task exited with return code 1
[2024-04-16T00:06:21.481+0000] {taskinstance.py:3312} INFO - 0 downstream tasks scheduled from follow-on schedule check
