[2024-05-13T13:00:59.946+0000] {local_task_job_runner.py:120} INFO - ::group::Pre task execution logs
[2024-05-13T13:01:00.118+0000] {taskinstance.py:2076} INFO - Dependencies all met for dep_context=non-requeueable deps ti=<TaskInstance: Units_statistics_DAG.ETL_job scheduled__2024-05-13T12:40:00+00:00 map_index=16 [queued]>
[2024-05-13T13:01:00.190+0000] {taskinstance.py:2076} INFO - Dependencies all met for dep_context=requeueable deps ti=<TaskInstance: Units_statistics_DAG.ETL_job scheduled__2024-05-13T12:40:00+00:00 map_index=16 [queued]>
[2024-05-13T13:01:00.191+0000] {taskinstance.py:2306} INFO - Starting attempt 1 of 4
[2024-05-13T13:01:00.295+0000] {taskinstance.py:2330} INFO - Executing <Mapped(_PythonDecoratedOperator): ETL_job> on 2024-05-13 12:40:00+00:00
[2024-05-13T13:01:00.335+0000] {warnings.py:110} WARNING - /home/***/.local/lib/python3.12/site-packages/***/task/task_runner/standard_task_runner.py:61: DeprecationWarning: This process (pid=19239) is multi-threaded, use of fork() may lead to deadlocks in the child.
  pid = os.fork()

[2024-05-13T13:01:00.337+0000] {standard_task_runner.py:63} INFO - Started process 19241 to run task
[2024-05-13T13:01:00.341+0000] {standard_task_runner.py:90} INFO - Running: ['***', 'tasks', 'run', 'Units_statistics_DAG', 'ETL_job', 'scheduled__2024-05-13T12:40:00+00:00', '--job-id', '55893', '--raw', '--subdir', 'DAGS_FOLDER/Units_dag.py', '--cfg-path', '/tmp/tmp38xo6a2n', '--map-index', '16']
[2024-05-13T13:01:00.355+0000] {standard_task_runner.py:91} INFO - Job 55893: Subtask ETL_job
[2024-05-13T13:01:00.498+0000] {task_command.py:426} INFO - Running <TaskInstance: Units_statistics_DAG.ETL_job scheduled__2024-05-13T12:40:00+00:00 map_index=16 [running]> on host 7138d7e072c5
[2024-05-13T13:01:01.128+0000] {taskinstance.py:2648} INFO - Exporting env vars: AIRFLOW_CTX_DAG_OWNER='abeer-araby' AIRFLOW_CTX_DAG_ID='Units_statistics_DAG' AIRFLOW_CTX_TASK_ID='ETL_job' AIRFLOW_CTX_EXECUTION_DATE='2024-05-13T12:40:00+00:00' AIRFLOW_CTX_TRY_NUMBER='1' AIRFLOW_CTX_DAG_RUN_ID='scheduled__2024-05-13T12:40:00+00:00'
[2024-05-13T13:01:01.129+0000] {taskinstance.py:430} INFO - ::endgroup::
[2024-05-13T13:01:01.130+0000] {Units_dag.py:98} INFO - i: 160000, chunk: 10000
[2024-05-13T13:01:01.130+0000] {Units_dag.py:99} INFO - child token is::: eyJ0eXAiOiJKV1QiLCJhbGciOiJIUzI1NiJ9.eyJpc3MiOiJodHRwczovL2FwaS5hZmFxeS5zYS9hdXRoL2xvZ2luX2FzIiwiaWF0IjoxNzE1NjA1MjA0LCJleHAiOjE3MTgxOTcyMDQsIm5iZiI6MTcxNTYwNTIwNCwianRpIjoidUE1UVRkeVdjbWI5MWpZeCIsInN1YiI6IjVkNjNlNTFlMDNlZDUyOTJhNDJjMjRlNiIsInBydiI6IjI3MGVjZmM3ZWEzZWQ5MzdlYTg0OTM2MmEzYTUwOTEwYzZkOGNlNGYiLCJsb2dpbl9hc19pZCI6IjY1N2YwYWQ3M2Y5NzcyOTVjZjA1NTc2YSJ9.ao82Ki2paqm36M9HJsvCm39bdIuwPG2X0ph_fbnnhaI
[2024-05-13T13:01:18.762+0000] {Units_dag.py:103} INFO - {'_id': '65f1519ccf3e9f2fbd0b2a00', 'icon': 'icons/icon.png', 'driver_id': '', 'tailer_id': '', 'profile': {'measurement_type': 'count', 'fuel_type': '91', 'year': 0, 'seats': 2}, 'shipment_info': {'product_category': '', 'truck_type': '', 'shipment_type': '', 'shipment_payment_type': '', 'transporter_type': '', 'operating_area': '', 'weight_kilograms_per_day': '', 'kms_per_day': '', 'opening_milage': '', 'shipment_trip_drive_hrs_day': '', 'expected_shipment_trip_day': '', 'car_pay_per_day': '', 'exceeding_temperature_limit_per_day': '', 'temperature_upper_limit': '', 'exceeding_humidity_limit_per_day': '', 'humidity_upper_limit': '', 'allowable_delay_drive_hrs_day': ''}, 'device_password': '***', 'device_type': 'gps', 'gateway': False, 'business_types': {'waste': False, 'transportation': True, 'water': False}, 'name': '3035TGR', 'operation_code': None, 'device_gateway': None, 'skip_sim_information': False, 'imei': '866069060863998', 'sim_number': '+966830020542143', 'sim_serial': '8996609821112200540', 'device_serial': '1135689340', 'device': 'teltonika', 'user_id': '65f03ef76f5a696e5406c904', 'created_by': '5e6655bf03ed52e1ab79d301', 'updated_at': '2024-04-18 11:18:59', 'created_at': '2024-03-13 10:11:24', 'custom_fields': [], 'creator': 'amr.ahmed', 'company': '', 'owner': 'ruwais-alqimam-admin', 'last_update': {'dtt': 1715605244000, 'dts': 1715605245399, 'spd': 0, 'ang': 90, 'alt': 642, 'chPrams': {'Speed': {'v': 0, 'cdt': 1715604071000}, 'output1': {'v': False, 'cdt': 1715605090000}, 'motion': {'v': True, 'cdt': 1715605093000}, 'ePwrV': {'v': 13.768, 'cdt': 1715605244000}, 'parm24': {'v': 0, 'cdt': 1715604071000}, 'sat': {'v': 16, 'cdt': 1715605154000}, 'ai1': {'v': 174, 'cdt': 1715605077000}, 'priority': {'v': 0, 'cdt': 1715605077000}, 'type': {'v': 6, 'cdt': 1715605123000}, 'di1': {'v': 1, 'cdt': 1715605093000}, 'result': {'v': '5665723a30332e32382e30325f313937204750533a41584e5f352e312e392048773a464d43393230204d6f643a3120494d45493a38363630363930363038363339393820496e69743a323032342d332d31342031323a343820557074696d653a35313735303531204d41433a333838413231393136363337205350433a312830292041584c3a31204f42443a3020424c3a312e31302042543a34', 'cdt': 1715605154000}, 'protocol': {'v': 'FMC920', 'cdt': 1715605090000}, 'iPwrV': {'v': 4, 'cdt': 1715605244000}, 'event': {'v': 0, 'cdt': 1715605123000}}, 'prms': {'protocol': 'FMC920', 'priority': 0, 'sat': 16, 'event': 0, 'di1': 1, 'motion': 1, 'output1': 0, 'ePwrV': 13.768, 'Speed': 0, 'parm24': 0, 'iPwrV': 4, 'ai1': 174}, 'devPrms': ['Speed', 'output1', 'motion', 'ePwrV', 'parm24', 'sat', 'ai1', 'priority', 'type', 'di1', 'result', 'protocol', 'iPwrV', 'event'], 'old_params': {'protocol': 'FMC920', 'priority': 0, 'sat': 16, 'event': 0, 'di1': 1, 'motion': 1, 'output1': 0, 'ePwrV': 13.499, 'Speed': 0, 'parm24': 0, 'iPwrV': 3.997, 'ai1': 174}, 'vLoc': 1, 'vCon': 1, 'ip': '37.216.66.163', 'rl': 0, 'trl': 9545.2724, 'mdu': 0, 'tmdu': 576808, 'eidl': 30, 'teidl': 465633, 'fc': 0, 'tfc': 0, 'acc': 1, 'accOn': 1157961, 'accOff': 641553993, 'sdu': 0, 'tsdu': 0, 'lat': 24.4259333, 'lng': 39.5982266}, 'counters': {'engine_hours': 1157961, 'last_acc': 1, 'odometer': 9545.2484, 'engine_hours_type': 'acc', 'odometer_type': 'gps'}, 'is_wasl_connected': 'Not Connected', 'iconUrl': 'https://api.afaqy.sa/images/units/icons/icon.png', 'hasCCTV': False}
[2024-05-13T13:01:19.336+0000] {warnings.py:110} WARNING - /home/***/.local/lib/python3.12/site-packages/elasticsearch/_sync/client/__init__.py:399: SecurityWarning: Connecting to 'https://dbelk2.afaqy.local:9200' using TLS with verify_certs=False is insecure
  _transport = transport_class(

[2024-05-13T13:01:19.383+0000] {warnings.py:110} WARNING - /home/***/.local/lib/python3.12/site-packages/elasticsearch/_sync/client/__init__.py:399: SecurityWarning: Connecting to 'https://dbelk1.afaqy.local:9200' using TLS with verify_certs=False is insecure
  _transport = transport_class(

[2024-05-13T13:01:19.722+0000] {warnings.py:110} WARNING - /home/***/.local/lib/python3.12/site-packages/elasticsearch/_sync/client/__init__.py:399: SecurityWarning: Connecting to 'https://dbelk3.afaqy.local:9200' using TLS with verify_certs=False is insecure
  _transport = transport_class(

[2024-05-13T13:01:19.743+0000] {warnings.py:110} WARNING - /home/***/.local/lib/python3.12/site-packages/urllib3/connectionpool.py:1103: InsecureRequestWarning: Unverified HTTPS request is being made to host 'dbelk2.afaqy.local'. Adding certificate verification is strongly advised. See: https://urllib3.readthedocs.io/en/latest/advanced-usage.html#tls-warnings
  warnings.warn(

[2024-05-13T13:01:19.823+0000] {_transport.py:349} INFO - GET https://dbelk2.afaqy.local:9200/_cluster/health [status:200 duration:0.099s]
[2024-05-13T13:01:20.090+0000] {warnings.py:110} WARNING - /home/***/.local/lib/python3.12/site-packages/urllib3/connectionpool.py:1103: InsecureRequestWarning: Unverified HTTPS request is being made to host 'dbelk1.afaqy.local'. Adding certificate verification is strongly advised. See: https://urllib3.readthedocs.io/en/latest/advanced-usage.html#tls-warnings
  warnings.warn(

[2024-05-13T13:01:21.342+0000] {_transport.py:349} INFO - PUT https://dbelk1.afaqy.local:9200/units_statistics_***/_bulk [status:200 duration:1.271s]
[2024-05-13T13:01:21.633+0000] {python.py:237} INFO - Done. Returned value was: None
[2024-05-13T13:01:21.634+0000] {taskinstance.py:441} INFO - ::group::Post task execution logs
[2024-05-13T13:01:21.654+0000] {taskinstance.py:1206} INFO - Marking task as SUCCESS. dag_id=Units_statistics_DAG, task_id=ETL_job, run_id=scheduled__2024-05-13T12:40:00+00:00, map_index=16, execution_date=20240513T124000, start_date=20240513T130100, end_date=20240513T130121
[2024-05-13T13:01:21.707+0000] {local_task_job_runner.py:240} INFO - Task exited with return code 0
[2024-05-13T13:01:21.748+0000] {taskinstance.py:3498} INFO - 0 downstream tasks scheduled from follow-on schedule check
[2024-05-13T13:01:21.750+0000] {local_task_job_runner.py:222} INFO - ::endgroup::
