[2024-05-12T06:25:11.228+0000] {taskinstance.py:1979} INFO - Dependencies all met for dep_context=non-requeueable deps ti=<TaskInstance: Units_statistics_DAG.ETL_job scheduled__2024-05-12T06:00:00+00:00 map_index=16 [queued]>
[2024-05-12T06:25:11.243+0000] {taskinstance.py:1979} INFO - Dependencies all met for dep_context=requeueable deps ti=<TaskInstance: Units_statistics_DAG.ETL_job scheduled__2024-05-12T06:00:00+00:00 map_index=16 [queued]>
[2024-05-12T06:25:11.243+0000] {taskinstance.py:2193} INFO - Starting attempt 4 of 4
[2024-05-12T06:25:11.263+0000] {taskinstance.py:2217} INFO - Executing <Mapped(_PythonDecoratedOperator): ETL_job> on 2024-05-12 06:00:00+00:00
[2024-05-12T06:25:11.271+0000] {standard_task_runner.py:60} INFO - Started process 960925 to run task
[2024-05-12T06:25:11.278+0000] {standard_task_runner.py:87} INFO - Running: ['***', 'tasks', 'run', 'Units_statistics_DAG', 'ETL_job', 'scheduled__2024-05-12T06:00:00+00:00', '--job-id', '53224', '--raw', '--subdir', 'DAGS_FOLDER/Units_dag.py', '--cfg-path', '/tmp/tmpmvl6o9s5', '--map-index', '16']
[2024-05-12T06:25:11.281+0000] {standard_task_runner.py:88} INFO - Job 53224: Subtask ETL_job
[2024-05-12T06:25:11.379+0000] {task_command.py:423} INFO - Running <TaskInstance: Units_statistics_DAG.ETL_job scheduled__2024-05-12T06:00:00+00:00 map_index=16 [running]> on host a09da322e808
[2024-05-12T06:25:11.572+0000] {taskinstance.py:2513} INFO - Exporting env vars: AIRFLOW_CTX_DAG_OWNER='abeer-araby' AIRFLOW_CTX_DAG_ID='Units_statistics_DAG' AIRFLOW_CTX_TASK_ID='ETL_job' AIRFLOW_CTX_EXECUTION_DATE='2024-05-12T06:00:00+00:00' AIRFLOW_CTX_TRY_NUMBER='4' AIRFLOW_CTX_DAG_RUN_ID='scheduled__2024-05-12T06:00:00+00:00'
[2024-05-12T06:25:11.573+0000] {Units_dag.py:98} INFO - i: 160000, chunk: 10000
[2024-05-12T06:25:11.574+0000] {Units_dag.py:99} INFO - child token is::: eyJ0eXAiOiJKV1QiLCJhbGciOiJIUzI1NiJ9.eyJpc3MiOiJodHRwczovL2FwaS5hZmFxeS5zYS9hdXRoL2xvZ2luX2FzIiwiaWF0IjoxNzE1NDk0ODA0LCJleHAiOjE3MTgwODY4MDQsIm5iZiI6MTcxNTQ5NDgwNCwianRpIjoiUHVmUXhxTDlWZjJBSkVYayIsInN1YiI6IjVkNjNlNTFlMDNlZDUyOTJhNDJjMjRlNiIsInBydiI6IjI3MGVjZmM3ZWEzZWQ5MzdlYTg0OTM2MmEzYTUwOTEwYzZkOGNlNGYiLCJsb2dpbl9hc19pZCI6IjY1N2YwYWQ3M2Y5NzcyOTVjZjA1NTc2YSJ9.aSs76THnXamzTeXsSJeHafNmI9QpmCKxQYu_O72yz3M
[2024-05-12T06:25:29.953+0000] {Units_dag.py:103} INFO - {'_id': '65f03d54466f4668910a90f4', 'icon': 'icons/icon.png', 'driver_id': '', 'tailer_id': '', 'profile': {'measurement_type': 'count', 'fuel_type': '91', 'year': 0, 'seats': 2}, 'shipment_info': {'product_category': '', 'truck_type': '', 'shipment_type': '', 'shipment_payment_type': '', 'transporter_type': '', 'operating_area': '', 'weight_kilograms_per_day': '', 'kms_per_day': '', 'opening_milage': '', 'shipment_trip_drive_hrs_day': '', 'expected_shipment_trip_day': '', 'car_pay_per_day': '', 'exceeding_temperature_limit_per_day': '', 'temperature_upper_limit': '', 'exceeding_humidity_limit_per_day': '', 'humidity_upper_limit': '', 'allowable_delay_drive_hrs_day': ''}, 'device_password': '***', 'device_type': 'gps', 'gateway': False, 'business_types': {'waste': False, 'transportation': True, 'water': False}, 'name': '6670EGR', 'operation_code': None, 'device_gateway': None, 'skip_sim_information': False, 'imei': '866069061055644', 'sim_number': '+966830020541398', 'sim_serial': '8996609821112199467', 'device_serial': '1135899360', 'device': 'teltonika', 'user_id': '64a521fa2b89b242d0656ad2', 'created_by': '5e6655bf03ed52e1ab79d301', 'updated_at': '2024-04-18 11:18:59', 'created_at': '2024-03-12 14:32:36', 'custom_fields': [], 'creator': 'amr.ahmed', 'company': '', 'owner': 'chery-trading-admin', 'last_update': {'dtt': 1715495102000, 'dts': 1715495103264, 'spd': 74, 'ang': 268, 'alt': 17, 'chPrams': {'Speed': {'v': 74, 'cdt': 1715495102000}, 'output1': {'v': False, 'cdt': 1715459292000}, 'ePwrV': {'v': 13.929, 'cdt': 1715495102000}, 'parm24': {'v': 74, 'cdt': 1715495102000}, 'sat': {'v': 15, 'cdt': 1715495102000}, 'ai1': {'v': 43, 'cdt': 1713171177000}, 'priority': {'v': 0, 'cdt': 1713171177000}, 'type': {'v': 6, 'cdt': 1713192815000}, 'di1': {'v': 1, 'cdt': 1715493964000}, 'result': {'v': '5665723a30332e32382e30325f313937204750533a41584e5f352e312e392048773a464d43393230204d6f643a3120494d45493a38363630363930363130353536343420496e69743a323032342d342d32382031303a323520557074696d653a31313537333030204d41433a333838413231393043414139205350433a312830292041584c3a31204f42443a3020424c3a312e31302042543a34', 'cdt': 1715458990000}, 'protocol': {'v': 'FMC920', 'cdt': 1715459292000}, 'iPwrV': {'v': 4.041, 'cdt': 1715495102000}, 'event': {'v': 0, 'cdt': 1713171778000}}, 'prms': {'protocol': 'FMC920', 'priority': 0, 'sat': 15, 'event': 0, 'di1': 1, 'output1': 0, 'ePwrV': 13.929, 'Speed': 74, 'parm24': 74, 'iPwrV': 4.041, 'ai1': 43}, 'devPrms': ['protocol', 'priority', 'sat', 'event', 'di1', 'output1', 'ePwrV', 'Speed', 'parm24', 'iPwrV', 'ai1'], 'old_params': {'protocol': 'FMC920', 'priority': 0, 'sat': 14, 'event': 0, 'di1': 1, 'output1': 0, 'ePwrV': 13.845, 'Speed': 69, 'parm24': 69, 'iPwrV': 4.042, 'ai1': 43}, 'vLoc': 1, 'vCon': 1, 'ip': '109.83.107.11', 'rl': 0.1759, 'trl': 20.2053, 'mdu': 9, 'tmdu': 2111, 'eidl': 0, 'teidl': 10986, 'fc': 0.021108, 'tfc': 2.424636, 'acc': 1, 'accOn': 90218, 'accOff': 642489450, 'sdu': 0, 'tsdu': 0, 'lat': 21.51118, 'lng': 39.1949399}, 'counters': {'engine_hours': 90218, 'last_acc': 1, 'odometer': 20.2053, 'engine_hours_type': 'acc', 'odometer_type': 'gps'}, 'is_wasl_connected': 'Not Connected', 'iconUrl': 'https://api.afaqy.sa/images/units/icons/icon.png', 'hasCCTV': False}
[2024-05-12T06:25:30.493+0000] {warnings.py:109} WARNING - /home/***/.local/lib/python3.8/site-packages/elasticsearch/_sync/client/__init__.py:399: SecurityWarning: Connecting to 'https://dbelk1.afaqy.local:9200' using TLS with verify_certs=False is insecure
  _transport = transport_class(

[2024-05-12T06:25:30.537+0000] {warnings.py:109} WARNING - /home/***/.local/lib/python3.8/site-packages/elasticsearch/_sync/client/__init__.py:399: SecurityWarning: Connecting to 'https://dbelk2.afaqy.local:9200' using TLS with verify_certs=False is insecure
  _transport = transport_class(

[2024-05-12T06:25:30.587+0000] {warnings.py:109} WARNING - /home/***/.local/lib/python3.8/site-packages/elasticsearch/_sync/client/__init__.py:399: SecurityWarning: Connecting to 'https://dbelk3.afaqy.local:9200' using TLS with verify_certs=False is insecure
  _transport = transport_class(

[2024-05-12T06:25:30.616+0000] {warnings.py:109} WARNING - /home/***/.local/lib/python3.8/site-packages/urllib3/connectionpool.py:1061: InsecureRequestWarning: Unverified HTTPS request is being made to host 'dbelk1.afaqy.local'. Adding certificate verification is strongly advised. See: https://urllib3.readthedocs.io/en/1.26.x/advanced-usage.html#ssl-warnings
  warnings.warn(

[2024-05-12T06:25:30.691+0000] {_transport.py:335} INFO - GET https://dbelk1.afaqy.local:9200/_cluster/health [status:200 duration:0.102s]
[2024-05-12T06:25:31.087+0000] {warnings.py:109} WARNING - /home/***/.local/lib/python3.8/site-packages/urllib3/connectionpool.py:1061: InsecureRequestWarning: Unverified HTTPS request is being made to host 'dbelk2.afaqy.local'. Adding certificate verification is strongly advised. See: https://urllib3.readthedocs.io/en/1.26.x/advanced-usage.html#ssl-warnings
  warnings.warn(

[2024-05-12T06:25:31.102+0000] {_transport.py:335} INFO - PUT https://dbelk2.afaqy.local:9200/units_statistics_***/_bulk [status:429 duration:0.036s]
[2024-05-12T06:25:31.103+0000] {_node_pool.py:249} WARNING - Node <Urllib3HttpNode(https://dbelk2.afaqy.local:9200)> has failed for 1 times in a row, putting on 1 second timeout
[2024-05-12T06:25:31.103+0000] {_transport.py:427} WARNING - Retrying request after non-successful status 429 (attempt 0 of 3)
[2024-05-12T06:25:31.104+0000] {warnings.py:109} WARNING - /home/***/.local/lib/python3.8/site-packages/urllib3/connectionpool.py:1061: InsecureRequestWarning: Unverified HTTPS request is being made to host 'dbelk1.afaqy.local'. Adding certificate verification is strongly advised. See: https://urllib3.readthedocs.io/en/1.26.x/advanced-usage.html#ssl-warnings
  warnings.warn(

[2024-05-12T06:25:31.290+0000] {_transport.py:335} INFO - PUT https://dbelk1.afaqy.local:9200/units_statistics_***/_bulk [status:200 duration:0.187s]
[2024-05-12T06:25:31.552+0000] {taskinstance.py:2731} ERROR - Task failed with exception
Traceback (most recent call last):
  File "/home/airflow/.local/lib/python3.8/site-packages/airflow/models/taskinstance.py", line 444, in _execute_task
    result = _execute_callable(context=context, **execute_callable_kwargs)
  File "/home/airflow/.local/lib/python3.8/site-packages/airflow/models/taskinstance.py", line 414, in _execute_callable
    return execute_callable(context=context, **execute_callable_kwargs)
  File "/home/airflow/.local/lib/python3.8/site-packages/airflow/decorators/base.py", line 241, in execute
    return_value = super().execute(context)
  File "/home/airflow/.local/lib/python3.8/site-packages/airflow/operators/python.py", line 200, in execute
    return_value = self.execute_callable()
  File "/home/airflow/.local/lib/python3.8/site-packages/airflow/operators/python.py", line 217, in execute_callable
    return self.python_callable(*self.op_args, **self.op_kwargs)
  File "/opt/airflow/dags/Units_dag.py", line 111, in ETL_job
    Elk_client.elk_pushData(Globals.index_name,units_list_update)
  File "/opt/airflow/dags/units_statistics/elk_manager.py", line 69, in elk_pushData
    helpers.bulk(self.elk_client, docs_list, index=index_name, chunk_size=batch)
  File "/home/airflow/.local/lib/python3.8/site-packages/elasticsearch/helpers/actions.py", line 521, in bulk
    for ok, item in streaming_bulk(
  File "/home/airflow/.local/lib/python3.8/site-packages/elasticsearch/helpers/actions.py", line 436, in streaming_bulk
    for data, (ok, info) in zip(
  File "/home/airflow/.local/lib/python3.8/site-packages/elasticsearch/helpers/actions.py", line 355, in _process_bulk_chunk
    yield from gen
  File "/home/airflow/.local/lib/python3.8/site-packages/elasticsearch/helpers/actions.py", line 274, in _process_bulk_chunk_success
    raise BulkIndexError(f"{len(errors)} document(s) failed to index.", errors)
elasticsearch.helpers.BulkIndexError: 10000 document(s) failed to index.
[2024-05-12T06:25:31.570+0000] {taskinstance.py:1149} INFO - Marking task as FAILED. dag_id=Units_statistics_DAG, task_id=ETL_job, map_index=16, execution_date=20240512T060000, start_date=20240512T062511, end_date=20240512T062531
[2024-05-12T06:25:31.589+0000] {standard_task_runner.py:107} ERROR - Failed to execute job 53224 for task ETL_job (10000 document(s) failed to index.; 960925)
[2024-05-12T06:25:31.642+0000] {local_task_job_runner.py:234} INFO - Task exited with return code 1
[2024-05-12T06:25:31.676+0000] {taskinstance.py:3312} INFO - 0 downstream tasks scheduled from follow-on schedule check
