[2024-04-24T13:20:14.539+0000] {taskinstance.py:1979} INFO - Dependencies all met for dep_context=non-requeueable deps ti=<TaskInstance: Units_statistics_DAG.ETL_job scheduled__2024-04-24T13:00:00+00:00 map_index=6 [queued]>
[2024-04-24T13:20:14.599+0000] {taskinstance.py:1979} INFO - Dependencies all met for dep_context=requeueable deps ti=<TaskInstance: Units_statistics_DAG.ETL_job scheduled__2024-04-24T13:00:00+00:00 map_index=6 [queued]>
[2024-04-24T13:20:14.601+0000] {taskinstance.py:2193} INFO - Starting attempt 1 of 4
[2024-04-24T13:20:14.730+0000] {taskinstance.py:2217} INFO - Executing <Mapped(_PythonDecoratedOperator): ETL_job> on 2024-04-24 13:00:00+00:00
[2024-04-24T13:20:14.757+0000] {standard_task_runner.py:60} INFO - Started process 519818 to run task
[2024-04-24T13:20:14.820+0000] {standard_task_runner.py:87} INFO - Running: ['***', 'tasks', 'run', 'Units_statistics_DAG', 'ETL_job', 'scheduled__2024-04-24T13:00:00+00:00', '--job-id', '14728', '--raw', '--subdir', 'DAGS_FOLDER/Units_dag.py', '--cfg-path', '/tmp/tmp6sw6pq2f', '--map-index', '6']
[2024-04-24T13:20:14.855+0000] {standard_task_runner.py:88} INFO - Job 14728: Subtask ETL_job
[2024-04-24T13:20:15.154+0000] {task_command.py:423} INFO - Running <TaskInstance: Units_statistics_DAG.ETL_job scheduled__2024-04-24T13:00:00+00:00 map_index=6 [running]> on host a09da322e808
[2024-04-24T13:20:15.986+0000] {taskinstance.py:2513} INFO - Exporting env vars: AIRFLOW_CTX_DAG_OWNER='abeer-araby' AIRFLOW_CTX_DAG_ID='Units_statistics_DAG' AIRFLOW_CTX_TASK_ID='ETL_job' AIRFLOW_CTX_EXECUTION_DATE='2024-04-24T13:00:00+00:00' AIRFLOW_CTX_TRY_NUMBER='1' AIRFLOW_CTX_DAG_RUN_ID='scheduled__2024-04-24T13:00:00+00:00'
[2024-04-24T13:20:15.987+0000] {Units_dag.py:99} INFO - i: 60000, chunk: 10000
[2024-04-24T13:20:15.988+0000] {Units_dag.py:100} INFO - child token is::: eyJ0eXAiOiJKV1QiLCJhbGciOiJIUzI1NiJ9.eyJpc3MiOiJodHRwczovL2FwaS5hZmFxeS5zYS9hdXRoL2xvZ2luX2FzIiwiaWF0IjoxNzEzOTY0ODA0LCJleHAiOjE3MTY1NTY4MDQsIm5iZiI6MTcxMzk2NDgwNCwianRpIjoiOEJCSHNxWG5LdVl1VWdidyIsInN1YiI6IjVkNjNlNTFlMDNlZDUyOTJhNDJjMjRlNiIsInBydiI6IjI3MGVjZmM3ZWEzZWQ5MzdlYTg0OTM2MmEzYTUwOTEwYzZkOGNlNGYiLCJsb2dpbl9hc19pZCI6IjY1N2YwYWQ3M2Y5NzcyOTVjZjA1NTc2YSJ9.BfxnoMkgQKDt7AJxC1WczwowseZBRekTl-Yt9h1WzoU
[2024-04-24T13:20:48.440+0000] {Units_dag.py:104} INFO - {'_id': '632884aa7662272f81103471', 'icon': 'icons/D_7.png', 'driver_id': '', 'tailer_id': '', 'profile': {'vehicle_type': None, 'measurement_type': 'count', 'max_capacity': 0, 'vin': None, 'plate_number': None, 'start_operation': None, 'contract_milage': None, 'opening_milage': None, 'model': None, 'fuel_type': '91', 'year': 0, 'seats': 2}, 'device_password': '***', 'device_type': 'gps', 'gateway': False, 'name': '1992 - A S A', 'operation_code': '', 'device_gateway': '', 'business_types': {'waste': False, 'transportation': True, 'water': False}, 'imei': '357073298605268', 'sim_number': '+966830028616385', 'sim_serial': '996609821111330851', 'device_serial': '1125014756', 'device': 'teltonika', 'user_id': '62b9a1516bfc54699f7b0c2b', 'created_by': '5e6655bf03ed52e1ab79d301', 'updated_at': '2024-04-18 11:18:59', 'created_at': '2022-09-19 18:03:06', 'shipment_info': None, 'skip_sim_information': False, 'custom_fields': [], 'creator': 'amr.ahmed', 'company': '', 'owner': 'saudi-hemaya-admin', 'last_update': {'dtt': 1713964805000, 'dts': 1713964812467, 'spd': 0, 'ang': 336, 'alt': 641, 'chPrams': {'Speed': {'v': 0, 'cdt': 1713964504000}, 'output1': {'v': False, 'cdt': 1713703892000}, 'output2': {'v': False, 'cdt': 1713703892000}, 'ePwrV': {'v': 28.78, 'cdt': 1713964805000}, 'parm24': {'v': 0, 'cdt': 1713964504000}, 'sat': {'v': 17, 'cdt': 1713964774000}, 'ai1': {'v': 10672, 'cdt': 1713964805000}, 'priority': {'v': 0, 'cdt': 1711460606000}, 'di2': {'v': 0, 'cdt': 1711460606000}, 'type': {'v': 6, 'cdt': 1711516001000}, 'di1': {'v': 1, 'cdt': 1713949220000}, 'result': {'v': '5665723a30332e32372e30375f3030204750533a41584e5f352e312e392048773a464d42313230204d6f643a333320494d45493a33353730373332393836303532363820496e69743a323032342d342d32322032313a323620557074696d653a3338343235204d41433a303031453432374632453545205350433a312830292041584c3a32204f42443a3020424c3a312e31302042543a34', 'cdt': 1713859671000}, 'parm6': {'v': 174, 'cdt': 1713959928000}, 'protocol': {'v': 'FMB120', 'cdt': 1713859702000}, 'iPwrV': {'v': 4.005, 'cdt': 1713964744000}, 'event': {'v': 0, 'cdt': 1711460606000}}, 'prms': {'protocol': 'FMB120', 'priority': 0, 'sat': 17, 'event': 0, 'di1': 1, 'output1': 0, 'di2': 0, 'output2': 0, 'ePwrV': 28.78, 'Speed': 0, 'parm24': 0, 'iPwrV': 4.005, 'ai1': 10672, 'parm6': 174}, 'devPrms': ['protocol', 'priority', 'sat', 'event', 'di1', 'output1', 'di2', 'output2', 'ePwrV', 'Speed', 'parm24', 'iPwrV', 'ai1', 'parm6'], 'old_params': {'protocol': 'FMB120', 'priority': 0, 'sat': 17, 'event': 0, 'di1': 1, 'output1': 0, 'di2': 0, 'output2': 0, 'ePwrV': 28.782, 'Speed': 0, 'parm24': 0, 'iPwrV': 4.005, 'ai1': 12106, 'parm6': 174}, 'vLoc': 1, 'vCon': 1, 'ip': '109.83.71.217', 'rl': 0, 'trl': 260835.1437, 'mdu': 0, 'tmdu': 14440403, 'eidl': 31, 'teidl': 6506337, 'fc': 0, 'tfc': 808.228248, 'acc': 1, 'accOn': -1109236138, 'accOff': 4310163171, 'sdu': 0, 'tsdu': 0, 'lat': 24.5761349, 'lng': 39.6855266}, 'counters': {'odometer_type': 'gps', 'odometer': 260835.1281, 'engine_hours_type': 'acc', 'engine_hours': -1109236138, 'last_acc': 1}, 'is_wasl_connected': 'Connected', 'iconUrl': 'https://api.afaqy.sa/images/units/icons/D_7.png', 'hasCCTV': False}
[2024-04-24T13:20:49.667+0000] {warnings.py:109} WARNING - /home/***/.local/lib/python3.8/site-packages/elasticsearch/_sync/client/__init__.py:399: SecurityWarning: Connecting to 'https://dbelk1.afaqy.local:9200' using TLS with verify_certs=False is insecure
  _transport = transport_class(

[2024-04-24T13:20:49.712+0000] {warnings.py:109} WARNING - /home/***/.local/lib/python3.8/site-packages/elasticsearch/_sync/client/__init__.py:399: SecurityWarning: Connecting to 'https://dbelk2.afaqy.local:9200' using TLS with verify_certs=False is insecure
  _transport = transport_class(

[2024-04-24T13:20:49.766+0000] {warnings.py:109} WARNING - /home/***/.local/lib/python3.8/site-packages/elasticsearch/_sync/client/__init__.py:399: SecurityWarning: Connecting to 'https://dbelk3.afaqy.local:9200' using TLS with verify_certs=False is insecure
  _transport = transport_class(

[2024-04-24T13:20:49.788+0000] {warnings.py:109} WARNING - /home/***/.local/lib/python3.8/site-packages/urllib3/connectionpool.py:1061: InsecureRequestWarning: Unverified HTTPS request is being made to host 'dbelk1.afaqy.local'. Adding certificate verification is strongly advised. See: https://urllib3.readthedocs.io/en/1.26.x/advanced-usage.html#ssl-warnings
  warnings.warn(

[2024-04-24T13:20:49.841+0000] {_transport.py:335} INFO - GET https://dbelk1.afaqy.local:9200/_cluster/health [status:200 duration:0.072s]
[2024-04-24T13:20:50.298+0000] {warnings.py:109} WARNING - /home/***/.local/lib/python3.8/site-packages/urllib3/connectionpool.py:1061: InsecureRequestWarning: Unverified HTTPS request is being made to host 'dbelk2.afaqy.local'. Adding certificate verification is strongly advised. See: https://urllib3.readthedocs.io/en/1.26.x/advanced-usage.html#ssl-warnings
  warnings.warn(

[2024-04-24T13:20:51.983+0000] {_transport.py:335} INFO - PUT https://dbelk2.afaqy.local:9200/units_statistics_***/_bulk [status:200 duration:1.716s]
[2024-04-24T13:20:52.454+0000] {python.py:202} INFO - Done. Returned value was: None
[2024-04-24T13:20:52.475+0000] {taskinstance.py:1149} INFO - Marking task as SUCCESS. dag_id=Units_statistics_DAG, task_id=ETL_job, map_index=6, execution_date=20240424T130000, start_date=20240424T132014, end_date=20240424T132052
[2024-04-24T13:20:52.544+0000] {local_task_job_runner.py:234} INFO - Task exited with return code 0
[2024-04-24T13:20:52.572+0000] {taskinstance.py:3312} INFO - 0 downstream tasks scheduled from follow-on schedule check
