[2024-04-16T08:00:15.671+0000] {taskinstance.py:1979} INFO - Dependencies all met for dep_context=non-requeueable deps ti=<TaskInstance: Units_statistics_DAG.ETL_job scheduled__2024-04-16T07:00:00+00:00 map_index=0 [queued]>
[2024-04-16T08:00:15.722+0000] {taskinstance.py:1979} INFO - Dependencies all met for dep_context=requeueable deps ti=<TaskInstance: Units_statistics_DAG.ETL_job scheduled__2024-04-16T07:00:00+00:00 map_index=0 [queued]>
[2024-04-16T08:00:15.723+0000] {taskinstance.py:2193} INFO - Starting attempt 1 of 4
[2024-04-16T08:00:15.828+0000] {taskinstance.py:2217} INFO - Executing <Mapped(_PythonDecoratedOperator): ETL_job> on 2024-04-16 07:00:00+00:00
[2024-04-16T08:00:15.859+0000] {standard_task_runner.py:60} INFO - Started process 327636 to run task
[2024-04-16T08:00:15.916+0000] {standard_task_runner.py:87} INFO - Running: ['***', 'tasks', 'run', 'Units_statistics_DAG', 'ETL_job', 'scheduled__2024-04-16T07:00:00+00:00', '--job-id', '3860', '--raw', '--subdir', 'DAGS_FOLDER/Units_dag.py', '--cfg-path', '/tmp/tmpscxr46e0', '--map-index', '0']
[2024-04-16T08:00:15.933+0000] {standard_task_runner.py:88} INFO - Job 3860: Subtask ETL_job
[2024-04-16T08:00:16.284+0000] {task_command.py:423} INFO - Running <TaskInstance: Units_statistics_DAG.ETL_job scheduled__2024-04-16T07:00:00+00:00 map_index=0 [running]> on host a09da322e808
[2024-04-16T08:00:16.819+0000] {taskinstance.py:2513} INFO - Exporting env vars: AIRFLOW_CTX_DAG_OWNER='abeer-araby' AIRFLOW_CTX_DAG_ID='Units_statistics_DAG' AIRFLOW_CTX_TASK_ID='ETL_job' AIRFLOW_CTX_EXECUTION_DATE='2024-04-16T07:00:00+00:00' AIRFLOW_CTX_TRY_NUMBER='1' AIRFLOW_CTX_DAG_RUN_ID='scheduled__2024-04-16T07:00:00+00:00'
[2024-04-16T08:00:16.821+0000] {Units_dag.py:90} INFO - i: 0, chunk: 10000
[2024-04-16T08:00:16.821+0000] {Units_dag.py:91} INFO - child token is::: eyJ0eXAiOiJKV1QiLCJhbGciOiJIUzI1NiJ9.eyJpc3MiOiJodHRwczovL2FwaS5hZmFxeS5zYS9hdXRoL2xvZ2luX2FzIiwiaWF0IjoxNzEzMjU0NDA0LCJleHAiOjE3MTU4NDY0MDQsIm5iZiI6MTcxMzI1NDQwNCwianRpIjoiSW9WN3Q3Y3FPQVVybUxxaSIsInN1YiI6IjVkNjNlNTFlMDNlZDUyOTJhNDJjMjRlNiIsInBydiI6IjI3MGVjZmM3ZWEzZWQ5MzdlYTg0OTM2MmEzYTUwOTEwYzZkOGNlNGYiLCJsb2dpbl9hc19pZCI6IjY1N2YwYWQ3M2Y5NzcyOTVjZjA1NTc2YSJ9.2M05etDgrssmUKXcq11gV1jvK03n9KTdp2BRqhSWC2k
[2024-04-16T08:00:52.561+0000] {Units_dag.py:95} INFO - {'_id': '5c3b1d7303ed52664c40f2c5', 'icon': 'icons/icon.png', 'driver_id': '5c3f264603ed52153f630624', 'tailer_id': '', 'profile': {'vehicle_type': '', 'measurement_type': 'count', 'max_capacity': 0, 'vin': 'ddffffff', 'plate_number': '8222222f', 'start_operation': '', 'contract_milage': '', 'opening_milage': '', 'model': '', 'fuel_type': '91', 'year': 0, 'seats': 2}, 'device_password': '***', 'name': 'yasser nabeh', 'imei': '867459040839029', 'sim_number': '+966830030204787', 'sim_serial': '212515969044', 'device_serial': '867459040839029', 'device': 'bceIotm', 'created_by': '5b5475eeec689d30c527f124', 'user_id': '5b5475eeec689d30c527f124', 'operation_code': '5142005', 'updated_at': '2024-04-03 09:23:11', 'device_type': 'gps', 'business_types': {'waste': False, 'transportation': False, 'water': False, 'hajj': False}, 'device_gateway': '', 'gateway': False, 'deleted_at': '', 'skip_sim_information': '', 'cctv': {'dvr_id': '', 'channels': 1}, 'shipment_info': {'product_category': 'frozen_meat', 'truck_type': 'bulker_40_footer', 'shipment_type': 'long_haul', 'shipment_payment_type': 'trip_paid', 'transporter_type': 't typw', 'operating_area': 'oparea', 'weight_kilograms_per_day': 1, 'kms_per_day': 2, 'shipment_trip_drive_hrs_day': 1, 'allowable_delay_drive_hrs_day': 1, 'expected_shipment_trip_day': 1, 'car_pay_per_day': 1, 'exceeding_temperature_limit_per_day': 1, 'temperature_upper_limit': 1, 'exceeding_humidity_limit_per_day': 1, 'humidity_upper_limit': 1}, 'creator': 'afaqy', 'company': '', 'owner': 'afaqy', 'last_update': {'dtt': 1707675521000, 'dts': 1707675521187, 'spd': 15, 'ang': 0, 'alt': 28, 'chPrams': {'acc': {'v': '1', 'cdt': 1702840104000}, 'hum': {'v': '21', 'cdt': 1705417941000}, 'tempSamy': {'v': '20', 'cdt': 1705417941000}, 'di5': {'v': '1', 'cdt': 1707675521000}, 'temp': {'v': '12', 'cdt': 1705417941000}, 'ePwrV': {'v': '0', 'cdt': 1698259614000}, 'di15': {'v': '123456', 'cdt': 1700044705000}, 'sat': {'v': '8', 'cdt': 1707675521000}}, 'prms': {'sat': '8', 'di5': '1'}, 'devPrms': ['sat', 'di5'], 'old_params': {'hum': '21', 'tempSamy': '20', 'temp': '12', 'protocol': 'bceIotm', 'sat': '15'}, 'vLoc': 1, 'vCon': 1, 'ip': '156.213.115.37', 'rl': 0, 'trl': 0, 'mdu': 0, 'tmdu': 0, 'eidl': 0, 'teidl': 0, 'fc': 0, 'tfc': 0, 'acc': 0, 'accOn': 0, 'accOff': 2085966, 'sdu': 0, 'tsdu': 0, 'lat': 26.205389, 'lng': 50.212957}, 'counters': {'odometer_type': 'gps', 'odometer': 0, 'engine_hours_type': 'acc', 'engine_hours': 0, 'last_acc': None}, 'is_wasl_connected': 'Not Connected', 'iconUrl': 'https://api.afaqy.sa/images/units/icons/icon.png', 'hasCCTV': False}
[2024-04-16T08:00:53.421+0000] {warnings.py:109} WARNING - /home/***/.local/lib/python3.8/site-packages/elasticsearch/_sync/client/__init__.py:399: SecurityWarning: Connecting to 'https://dbelk1.afaqy.local:9200' using TLS with verify_certs=False is insecure
  _transport = transport_class(

[2024-04-16T08:00:53.495+0000] {warnings.py:109} WARNING - /home/***/.local/lib/python3.8/site-packages/elasticsearch/_sync/client/__init__.py:399: SecurityWarning: Connecting to 'https://dbelk3.afaqy.local:9200' using TLS with verify_certs=False is insecure
  _transport = transport_class(

[2024-04-16T08:00:53.560+0000] {warnings.py:109} WARNING - /home/***/.local/lib/python3.8/site-packages/elasticsearch/_sync/client/__init__.py:399: SecurityWarning: Connecting to 'https://dbelk2.afaqy.local:9200' using TLS with verify_certs=False is insecure
  _transport = transport_class(

[2024-04-16T08:00:53.590+0000] {warnings.py:109} WARNING - /home/***/.local/lib/python3.8/site-packages/urllib3/connectionpool.py:1061: InsecureRequestWarning: Unverified HTTPS request is being made to host 'dbelk1.afaqy.local'. Adding certificate verification is strongly advised. See: https://urllib3.readthedocs.io/en/1.26.x/advanced-usage.html#ssl-warnings
  warnings.warn(

[2024-04-16T08:00:53.650+0000] {_transport.py:335} INFO - GET https://dbelk1.afaqy.local:9200/_cluster/health [status:200 duration:0.089s]
[2024-04-16T08:00:53.951+0000] {_transport.py:358} INFO - PUT https://dbelk3.afaqy.local:9200/units_statistics_***/_bulk [status:N/A duration:0.002s]
[2024-04-16T08:00:53.951+0000] {_node_pool.py:249} WARNING - Node <Urllib3HttpNode(https://dbelk3.afaqy.local:9200)> has failed for 1 times in a row, putting on 1 second timeout
[2024-04-16T08:00:53.952+0000] {_transport.py:395} WARNING - Retrying request after failure (attempt 0 of 3)
Traceback (most recent call last):
  File "/home/airflow/.local/lib/python3.8/site-packages/elastic_transport/_transport.py", line 328, in perform_request
    meta, raw_data = node.perform_request(
  File "/home/airflow/.local/lib/python3.8/site-packages/elastic_transport/_node/_http_urllib3.py", line 202, in perform_request
    raise err from None
elastic_transport.ConnectionError: Connection error caused by: NewConnectionError(<urllib3.connection.HTTPSConnection object at 0x7faa176dfa90>: Failed to establish a new connection: [Errno 111] Connection refused)
[2024-04-16T08:00:53.953+0000] {warnings.py:109} WARNING - /home/***/.local/lib/python3.8/site-packages/urllib3/connectionpool.py:1061: InsecureRequestWarning: Unverified HTTPS request is being made to host 'dbelk1.afaqy.local'. Adding certificate verification is strongly advised. See: https://urllib3.readthedocs.io/en/1.26.x/advanced-usage.html#ssl-warnings
  warnings.warn(

[2024-04-16T08:00:54.171+0000] {_transport.py:335} INFO - PUT https://dbelk1.afaqy.local:9200/units_statistics_***/_bulk [status:200 duration:0.218s]
[2024-04-16T08:00:54.403+0000] {taskinstance.py:2731} ERROR - Task failed with exception
Traceback (most recent call last):
  File "/home/airflow/.local/lib/python3.8/site-packages/airflow/models/taskinstance.py", line 444, in _execute_task
    result = _execute_callable(context=context, **execute_callable_kwargs)
  File "/home/airflow/.local/lib/python3.8/site-packages/airflow/models/taskinstance.py", line 414, in _execute_callable
    return execute_callable(context=context, **execute_callable_kwargs)
  File "/home/airflow/.local/lib/python3.8/site-packages/airflow/decorators/base.py", line 241, in execute
    return_value = super().execute(context)
  File "/home/airflow/.local/lib/python3.8/site-packages/airflow/operators/python.py", line 200, in execute
    return_value = self.execute_callable()
  File "/home/airflow/.local/lib/python3.8/site-packages/airflow/operators/python.py", line 217, in execute_callable
    return self.python_callable(*self.op_args, **self.op_kwargs)
  File "/opt/airflow/dags/Units_dag.py", line 103, in ETL_job
    Elk_client.elk_pushData(Globals.index_name,units_list_update)
  File "/opt/airflow/dags/elk_manager.py", line 69, in elk_pushData
    helpers.bulk(self.elk_client, docs_list, index=index_name, chunk_size=batch)
  File "/home/airflow/.local/lib/python3.8/site-packages/elasticsearch/helpers/actions.py", line 521, in bulk
    for ok, item in streaming_bulk(
  File "/home/airflow/.local/lib/python3.8/site-packages/elasticsearch/helpers/actions.py", line 436, in streaming_bulk
    for data, (ok, info) in zip(
  File "/home/airflow/.local/lib/python3.8/site-packages/elasticsearch/helpers/actions.py", line 355, in _process_bulk_chunk
    yield from gen
  File "/home/airflow/.local/lib/python3.8/site-packages/elasticsearch/helpers/actions.py", line 274, in _process_bulk_chunk_success
    raise BulkIndexError(f"{len(errors)} document(s) failed to index.", errors)
elasticsearch.helpers.BulkIndexError: 10000 document(s) failed to index.
[2024-04-16T08:00:54.422+0000] {taskinstance.py:1149} INFO - Marking task as UP_FOR_RETRY. dag_id=Units_statistics_DAG, task_id=ETL_job, map_index=0, execution_date=20240416T070000, start_date=20240416T080015, end_date=20240416T080054
[2024-04-16T08:00:54.441+0000] {standard_task_runner.py:107} ERROR - Failed to execute job 3860 for task ETL_job (10000 document(s) failed to index.; 327636)
[2024-04-16T08:00:54.484+0000] {local_task_job_runner.py:234} INFO - Task exited with return code 1
[2024-04-16T08:00:54.510+0000] {taskinstance.py:3312} INFO - 0 downstream tasks scheduled from follow-on schedule check
