[2024-05-06T22:00:16.179+0000] {taskinstance.py:1979} INFO - Dependencies all met for dep_context=non-requeueable deps ti=<TaskInstance: Units_statistics_DAG.ETL_job scheduled__2024-05-06T21:40:00+00:00 map_index=11 [queued]>
[2024-05-06T22:00:16.194+0000] {taskinstance.py:1979} INFO - Dependencies all met for dep_context=requeueable deps ti=<TaskInstance: Units_statistics_DAG.ETL_job scheduled__2024-05-06T21:40:00+00:00 map_index=11 [queued]>
[2024-05-06T22:00:16.202+0000] {taskinstance.py:2193} INFO - Starting attempt 1 of 4
[2024-05-06T22:00:16.328+0000] {taskinstance.py:2217} INFO - Executing <Mapped(_PythonDecoratedOperator): ETL_job> on 2024-05-06 21:40:00+00:00
[2024-05-06T22:00:16.333+0000] {standard_task_runner.py:60} INFO - Started process 817918 to run task
[2024-05-06T22:00:16.386+0000] {standard_task_runner.py:87} INFO - Running: ['***', 'tasks', 'run', 'Units_statistics_DAG', 'ETL_job', 'scheduled__2024-05-06T21:40:00+00:00', '--job-id', '36617', '--raw', '--subdir', 'DAGS_FOLDER/Units_dag.py', '--cfg-path', '/tmp/tmpnf7h0fzb', '--map-index', '11']
[2024-05-06T22:00:16.389+0000] {standard_task_runner.py:88} INFO - Job 36617: Subtask ETL_job
[2024-05-06T22:00:16.650+0000] {task_command.py:423} INFO - Running <TaskInstance: Units_statistics_DAG.ETL_job scheduled__2024-05-06T21:40:00+00:00 map_index=11 [running]> on host a09da322e808
[2024-05-06T22:00:17.264+0000] {taskinstance.py:2513} INFO - Exporting env vars: AIRFLOW_CTX_DAG_OWNER='abeer-araby' AIRFLOW_CTX_DAG_ID='Units_statistics_DAG' AIRFLOW_CTX_TASK_ID='ETL_job' AIRFLOW_CTX_EXECUTION_DATE='2024-05-06T21:40:00+00:00' AIRFLOW_CTX_TRY_NUMBER='1' AIRFLOW_CTX_DAG_RUN_ID='scheduled__2024-05-06T21:40:00+00:00'
[2024-05-06T22:00:17.279+0000] {Units_dag.py:99} INFO - i: 110000, chunk: 10000
[2024-05-06T22:00:17.280+0000] {Units_dag.py:100} INFO - child token is::: eyJ0eXAiOiJKV1QiLCJhbGciOiJIUzI1NiJ9.eyJpc3MiOiJodHRwczovL2FwaS5hZmFxeS5zYS9hdXRoL2xvZ2luX2FzIiwiaWF0IjoxNzE1MDMyODAzLCJleHAiOjE3MTc2MjQ4MDMsIm5iZiI6MTcxNTAzMjgwMywianRpIjoiakRUN0Vnamh3VTRCTmR6ZiIsInN1YiI6IjVkNjNlNTFlMDNlZDUyOTJhNDJjMjRlNiIsInBydiI6IjI3MGVjZmM3ZWEzZWQ5MzdlYTg0OTM2MmEzYTUwOTEwYzZkOGNlNGYiLCJsb2dpbl9hc19pZCI6IjY1N2YwYWQ3M2Y5NzcyOTVjZjA1NTc2YSJ9.uD6Us0vcLu_IMVSKGbJFPtFUXR5xSr1Q4B6mTDers-8
[2024-05-06T22:00:47.676+0000] {Units_dag.py:104} INFO - {'_id': '6489bfcde9ffba35ec18ec3d', 'icon': 'uploads/1687761402WELDING , WELDING MACHINE , LINCOLN , FLEET 500 , 2019.jpg', 'driver_id': '', 'tailer_id': '', 'profile': {'vehicle_type': '', 'measurement_type': 'count', 'max_capacity': 0, 'vin': 'C1200300349', 'plate_number': '', 'start_operation': '', 'contract_milage': '', 'opening_milage': '', 'model': '', 'fuel_type': 'diesel', 'year': 2019, 'seats': 2}, 'device_password': '***', 'device_type': 'gps', 'gateway': False, 'business_types': {'waste': False, 'transportation': True, 'water': False}, 'name': 'PM00017766', 'operation_code': '', 'device_gateway': '', 'skip_sim_information': False, 'imei': '861937063338397', 'sim_number': '+966830031900792', 'sim_serial': '421296744575', 'device_serial': '861937063338397', 'device': 'bce', 'user_id': '605312957b88fe2047308f54', 'created_by': '5e6655bf03ed52e1ab79d301', 'updated_at': '2024-04-18 11:18:59', 'created_at': '2023-06-14 16:25:33', 'shipment_info': {'product_category': None, 'truck_type': None, 'shipment_type': None, 'shipment_payment_type': None, 'transporter_type': None, 'operating_area': None, 'weight_kilograms_per_day': None, 'kms_per_day': None, 'shipment_trip_drive_hrs_day': None, 'allowable_delay_drive_hrs_day': None, 'expected_shipment_trip_day': None, 'car_pay_per_day': None, 'exceeding_temperature_limit_per_day': None, 'temperature_upper_limit': None, 'exceeding_humidity_limit_per_day': None, 'humidity_upper_limit': None}, 'custom_fields': [{'id': '662101bc721cc3fb8c0b7b4c', 'key': 'Description', 'value': 'WELDING , WELDING MACHINE , LINCOLN , FLEET 500 , 2019', 'type': 'general', 'measurement_unit': None}], 'creator': 'amr.ahmed', 'company': 'nesma&partners-contracting-co', 'owner': 'nesma-admin', 'last_update': {'dtt': 1715032364000, 'dts': 1715032601998, 'spd': 0, 'ang': 0, 'alt': 272, 'chPrams': {'ePwrV': {'v': 12.683, 'cdt': 1715032364000}, 'di16': {'v': 1, 'cdt': 1712566000000}, 'rssi1': {'v': 97, 'cdt': 1715032364000}, 'di15': {'v': 0, 'cdt': 1712566000000}, 'di14': {'v': 0, 'cdt': 1714909690000}, 'di13': {'v': 0, 'cdt': 1712566000000}, 'di12': {'v': 0, 'cdt': 1712566000000}, 'di11': {'v': 0, 'cdt': 1712566000000}, 'di10': {'v': 0, 'cdt': 1712566000000}, 'di2': {'v': 0, 'cdt': 1712566000000}, 'di1': {'v': 0, 'cdt': 1714911766000}, 'ai4': {'v': 268, 'cdt': 1715032064000}, 'di4': {'v': 0, 'cdt': 1712566000000}, 'di3': {'v': 0, 'cdt': 1712566000000}, 'di6': {'v': 0, 'cdt': 1712566000000}, 'di5': {'v': 0, 'cdt': 1714911760000}, 'lac1': {'v': 12105, 'cdt': 1714967864000}, 'protocol': {'v': 'bce', 'cdt': 1712566000000}, 'di8': {'v': 1, 'cdt': 1714287270000}, 'di7': {'v': 0, 'cdt': 1714912066000}, 'di9': {'v': 0, 'cdt': 1712453260000}, 'iPwrV': {'v': 4.184, 'cdt': 1715024262000}, 'humidity': {'v': -1, 'cdt': 1712567154000}, 'cid1': {'v': 16013, 'cdt': 1715032364000}, 'temp': {'v': -273, 'cdt': 1712941988000}, 'odometer': {'v': 0, 'cdt': 1714725740000}, 'spd': {'v': 0, 'cdt': 1713689080000}, 'sat': {'v': 12, 'cdt': 1715029662000}, 'ta': {'v': 0, 'cdt': 1712567154000}, 'hdop': {'v': 1, 'cdt': 1714119968000}, 'mcc1': {'v': 420, 'cdt': 1713163710000}, 'mnc1': {'v': 4, 'cdt': 1713163710000}}, 'prms': {'protocol': 'bce', 'spd': 0, 'sat': 12, 'hdop': 1, 'odometer': 0, 'di16': 1, 'di15': 0, 'di14': 0, 'di13': 0, 'di12': 0, 'di11': 0, 'di10': 0, 'di9': 0, 'di8': 1, 'di7': 0, 'di6': 0, 'di5': 0, 'di4': 0, 'di3': 0, 'di2': 0, 'di1': 0, 'ePwrV': 12.683, 'ai4': 268, 'iPwrV': 4.184, 'ta': 0, 'mcc1': 420, 'mnc1': 4, 'lac1': 12105, 'cid1': 16013, 'rssi1': 97, 'temp': -273, 'humidity': -1}, 'devPrms': ['protocol', 'spd', 'sat', 'hdop', 'odometer', 'di16', 'di15', 'di14', 'di13', 'di12', 'di11', 'di10', 'di9', 'di8', 'di7', 'di6', 'di5', 'di4', 'di3', 'di2', 'di1', 'ePwrV', 'ai4', 'iPwrV', 'ta', 'mcc1', 'mnc1', 'lac1', 'cid1', 'rssi1', 'temp', 'humidity'], 'old_params': {'di16': 1, 'ePwrV': 12.709, 'di15': 0, 'rssi1': 92, 'di14': 0, 'di13': 0, 'di12': 0, 'di11': 0, 'di10': 0, 'di2': 0, 'di1': 0, 'ai4': 268, 'di4': 0, 'di3': 0, 'di6': 0, 'di5': 0, 'lac1': 12105, 'protocol': 'bce', 'di8': 1, 'di7': 0, 'di9': 0, 'iPwrV': 4.184, 'humidity': -1, 'cid1': 17521, 'temp': -273, 'odometer': 0, 'spd': 0, 'sat': 12, 'hdop': 1, 'ta': 0, 'mcc1': 420, 'mnc1': 4}, 'vLoc': 1, 'vCon': 1, 'ip': '51.36.55.56', 'rl': 0, 'trl': 232.5622, 'mdu': 0, 'tmdu': 146, 'eidl': 0, 'teidl': 1970096, 'fc': 0, 'tfc': 0, 'acc': 0, 'accOn': 8160490, 'accOff': 26451102, 'sdu': 300, 'tsdu': 120604, 'lat': 24.765920639038086, 'lng': 49.29938507080078}, 'counters': {'odometer_type': 'gps', 'odometer': 4.1768, 'engine_hours_type': 'acc', 'engine_hours': 8160490, 'last_acc': 0}, 'is_wasl_connected': 'Not Connected', 'iconUrl': 'https://api.afaqy.sa/images/units/uploads/1687761402WELDING , WELDING MACHINE , LINCOLN , FLEET 500 , 2019.jpg', 'hasCCTV': False}
[2024-05-06T22:00:51.774+0000] {warnings.py:109} WARNING - /home/***/.local/lib/python3.8/site-packages/elasticsearch/_sync/client/__init__.py:399: SecurityWarning: Connecting to 'https://dbelk2.afaqy.local:9200' using TLS with verify_certs=False is insecure
  _transport = transport_class(

[2024-05-06T22:00:51.965+0000] {warnings.py:109} WARNING - /home/***/.local/lib/python3.8/site-packages/elasticsearch/_sync/client/__init__.py:399: SecurityWarning: Connecting to 'https://dbelk3.afaqy.local:9200' using TLS with verify_certs=False is insecure
  _transport = transport_class(

[2024-05-06T22:00:52.101+0000] {warnings.py:109} WARNING - /home/***/.local/lib/python3.8/site-packages/elasticsearch/_sync/client/__init__.py:399: SecurityWarning: Connecting to 'https://dbelk1.afaqy.local:9200' using TLS with verify_certs=False is insecure
  _transport = transport_class(

[2024-05-06T22:00:52.135+0000] {warnings.py:109} WARNING - /home/***/.local/lib/python3.8/site-packages/urllib3/connectionpool.py:1061: InsecureRequestWarning: Unverified HTTPS request is being made to host 'dbelk2.afaqy.local'. Adding certificate verification is strongly advised. See: https://urllib3.readthedocs.io/en/1.26.x/advanced-usage.html#ssl-warnings
  warnings.warn(

[2024-05-06T22:00:52.205+0000] {_transport.py:335} INFO - GET https://dbelk2.afaqy.local:9200/_cluster/health [status:200 duration:0.094s]
[2024-05-06T22:00:53.132+0000] {warnings.py:109} WARNING - /home/***/.local/lib/python3.8/site-packages/urllib3/connectionpool.py:1061: InsecureRequestWarning: Unverified HTTPS request is being made to host 'dbelk3.afaqy.local'. Adding certificate verification is strongly advised. See: https://urllib3.readthedocs.io/en/1.26.x/advanced-usage.html#ssl-warnings
  warnings.warn(

[2024-05-06T22:00:53.149+0000] {_transport.py:335} INFO - PUT https://dbelk3.afaqy.local:9200/units_statistics_***/_bulk [status:429 duration:0.050s]
[2024-05-06T22:00:53.149+0000] {_node_pool.py:249} WARNING - Node <Urllib3HttpNode(https://dbelk3.afaqy.local:9200)> has failed for 1 times in a row, putting on 1 second timeout
[2024-05-06T22:00:53.150+0000] {_transport.py:427} WARNING - Retrying request after non-successful status 429 (attempt 0 of 3)
[2024-05-06T22:00:53.150+0000] {warnings.py:109} WARNING - /home/***/.local/lib/python3.8/site-packages/urllib3/connectionpool.py:1061: InsecureRequestWarning: Unverified HTTPS request is being made to host 'dbelk2.afaqy.local'. Adding certificate verification is strongly advised. See: https://urllib3.readthedocs.io/en/1.26.x/advanced-usage.html#ssl-warnings
  warnings.warn(

[2024-05-06T22:00:53.164+0000] {_transport.py:335} INFO - PUT https://dbelk2.afaqy.local:9200/units_statistics_***/_bulk [status:429 duration:0.015s]
[2024-05-06T22:00:53.166+0000] {_node_pool.py:249} WARNING - Node <Urllib3HttpNode(https://dbelk2.afaqy.local:9200)> has failed for 1 times in a row, putting on 1 second timeout
[2024-05-06T22:00:53.166+0000] {_transport.py:427} WARNING - Retrying request after non-successful status 429 (attempt 1 of 3)
[2024-05-06T22:00:53.195+0000] {warnings.py:109} WARNING - /home/***/.local/lib/python3.8/site-packages/urllib3/connectionpool.py:1061: InsecureRequestWarning: Unverified HTTPS request is being made to host 'dbelk1.afaqy.local'. Adding certificate verification is strongly advised. See: https://urllib3.readthedocs.io/en/1.26.x/advanced-usage.html#ssl-warnings
  warnings.warn(

[2024-05-06T22:00:53.363+0000] {_transport.py:335} INFO - PUT https://dbelk1.afaqy.local:9200/units_statistics_***/_bulk [status:200 duration:0.197s]
[2024-05-06T22:00:53.815+0000] {taskinstance.py:2731} ERROR - Task failed with exception
Traceback (most recent call last):
  File "/home/airflow/.local/lib/python3.8/site-packages/airflow/models/taskinstance.py", line 444, in _execute_task
    result = _execute_callable(context=context, **execute_callable_kwargs)
  File "/home/airflow/.local/lib/python3.8/site-packages/airflow/models/taskinstance.py", line 414, in _execute_callable
    return execute_callable(context=context, **execute_callable_kwargs)
  File "/home/airflow/.local/lib/python3.8/site-packages/airflow/decorators/base.py", line 241, in execute
    return_value = super().execute(context)
  File "/home/airflow/.local/lib/python3.8/site-packages/airflow/operators/python.py", line 200, in execute
    return_value = self.execute_callable()
  File "/home/airflow/.local/lib/python3.8/site-packages/airflow/operators/python.py", line 217, in execute_callable
    return self.python_callable(*self.op_args, **self.op_kwargs)
  File "/opt/airflow/dags/Units_dag.py", line 112, in ETL_job
    Elk_client.elk_pushData(Globals.index_name,units_list_update)
  File "/opt/airflow/dags/elk_manager.py", line 69, in elk_pushData
    helpers.bulk(self.elk_client, docs_list, index=index_name, chunk_size=batch)
  File "/home/airflow/.local/lib/python3.8/site-packages/elasticsearch/helpers/actions.py", line 521, in bulk
    for ok, item in streaming_bulk(
  File "/home/airflow/.local/lib/python3.8/site-packages/elasticsearch/helpers/actions.py", line 436, in streaming_bulk
    for data, (ok, info) in zip(
  File "/home/airflow/.local/lib/python3.8/site-packages/elasticsearch/helpers/actions.py", line 355, in _process_bulk_chunk
    yield from gen
  File "/home/airflow/.local/lib/python3.8/site-packages/elasticsearch/helpers/actions.py", line 274, in _process_bulk_chunk_success
    raise BulkIndexError(f"{len(errors)} document(s) failed to index.", errors)
elasticsearch.helpers.BulkIndexError: 10000 document(s) failed to index.
[2024-05-06T22:00:53.829+0000] {taskinstance.py:1149} INFO - Marking task as UP_FOR_RETRY. dag_id=Units_statistics_DAG, task_id=ETL_job, map_index=11, execution_date=20240506T214000, start_date=20240506T220016, end_date=20240506T220053
[2024-05-06T22:00:53.857+0000] {standard_task_runner.py:107} ERROR - Failed to execute job 36617 for task ETL_job (10000 document(s) failed to index.; 817918)
[2024-05-06T22:00:53.907+0000] {local_task_job_runner.py:234} INFO - Task exited with return code 1
[2024-05-06T22:00:53.947+0000] {taskinstance.py:3312} INFO - 0 downstream tasks scheduled from follow-on schedule check
