[2024-05-13T16:40:19.923+0000] {local_task_job_runner.py:120} INFO - ::group::Pre task execution logs
[2024-05-13T16:40:20.172+0000] {taskinstance.py:2076} INFO - Dependencies all met for dep_context=non-requeueable deps ti=<TaskInstance: Units_statistics_DAG.ETL_job scheduled__2024-05-13T16:20:00+00:00 map_index=9 [queued]>
[2024-05-13T16:40:20.291+0000] {taskinstance.py:2076} INFO - Dependencies all met for dep_context=requeueable deps ti=<TaskInstance: Units_statistics_DAG.ETL_job scheduled__2024-05-13T16:20:00+00:00 map_index=9 [queued]>
[2024-05-13T16:40:20.295+0000] {taskinstance.py:2306} INFO - Starting attempt 1 of 4
[2024-05-13T16:40:20.447+0000] {taskinstance.py:2330} INFO - Executing <Mapped(_PythonDecoratedOperator): ETL_job> on 2024-05-13 16:20:00+00:00
[2024-05-13T16:40:20.490+0000] {warnings.py:110} WARNING - /home/***/.local/lib/python3.12/site-packages/***/task/task_runner/standard_task_runner.py:61: DeprecationWarning: This process (pid=22552) is multi-threaded, use of fork() may lead to deadlocks in the child.
  pid = os.fork()

[2024-05-13T16:40:20.514+0000] {standard_task_runner.py:63} INFO - Started process 22571 to run task
[2024-05-13T16:40:20.541+0000] {standard_task_runner.py:90} INFO - Running: ['***', 'tasks', 'run', 'Units_statistics_DAG', 'ETL_job', 'scheduled__2024-05-13T16:20:00+00:00', '--job-id', '56198', '--raw', '--subdir', 'DAGS_FOLDER/Units_dag.py', '--cfg-path', '/tmp/tmpve7598de', '--map-index', '9']
[2024-05-13T16:40:20.543+0000] {standard_task_runner.py:91} INFO - Job 56198: Subtask ETL_job
[2024-05-13T16:40:20.866+0000] {task_command.py:426} INFO - Running <TaskInstance: Units_statistics_DAG.ETL_job scheduled__2024-05-13T16:20:00+00:00 map_index=9 [running]> on host 7138d7e072c5
[2024-05-13T16:40:21.593+0000] {taskinstance.py:2648} INFO - Exporting env vars: AIRFLOW_CTX_DAG_OWNER='abeer-araby' AIRFLOW_CTX_DAG_ID='Units_statistics_DAG' AIRFLOW_CTX_TASK_ID='ETL_job' AIRFLOW_CTX_EXECUTION_DATE='2024-05-13T16:20:00+00:00' AIRFLOW_CTX_TRY_NUMBER='1' AIRFLOW_CTX_DAG_RUN_ID='scheduled__2024-05-13T16:20:00+00:00'
[2024-05-13T16:40:21.594+0000] {taskinstance.py:430} INFO - ::endgroup::
[2024-05-13T16:40:21.595+0000] {Units_dag.py:98} INFO - i: 90000, chunk: 10000
[2024-05-13T16:40:21.595+0000] {Units_dag.py:99} INFO - child token is::: eyJ0eXAiOiJKV1QiLCJhbGciOiJIUzI1NiJ9.eyJpc3MiOiJodHRwczovL2FwaS5hZmFxeS5zYS9hdXRoL2xvZ2luX2FzIiwiaWF0IjoxNzE1NjE4NDA0LCJleHAiOjE3MTgyMTA0MDQsIm5iZiI6MTcxNTYxODQwNCwianRpIjoiV21Ha3NzanpJZ3Y5NmpNNSIsInN1YiI6IjVkNjNlNTFlMDNlZDUyOTJhNDJjMjRlNiIsInBydiI6IjI3MGVjZmM3ZWEzZWQ5MzdlYTg0OTM2MmEzYTUwOTEwYzZkOGNlNGYiLCJsb2dpbl9hc19pZCI6IjY1N2YwYWQ3M2Y5NzcyOTVjZjA1NTc2YSJ9.jHsBt2pe49sYetWJcHGpjlULvCVzWrGUqI2aMga901Q
[2024-05-13T16:40:42.777+0000] {Units_dag.py:103} INFO - {'_id': '640f246a18a7876c5c5e2720', 'icon': 'icons/icon.png', 'driver_id': '', 'tailer_id': '', 'profile': {'vehicle_type': '', 'measurement_type': 'count', 'max_capacity': 0, 'vin': '', 'plate_number': '', 'start_operation': '', 'contract_milage': '', 'opening_milage': '', 'model': '', 'fuel_type': '91', 'year': 0, 'seats': 2}, 'device_password': '***', 'device_type': 'gps', 'gateway': False, 'name': '6758 H T J (Relay)', 'operation_code': '', 'device_gateway': '', 'business_types': {'waste': False, 'transportation': True, 'water': False}, 'imei': '350424065219006', 'sim_number': '+966830030954489', 'sim_serial': '21294049318', 'device_serial': '1125712992', 'device': 'teltonika', 'user_id': '62693bbb07a96a0b2714bff8', 'created_by': '5e6655bf03ed52e1ab79d301', 'updated_at': '2024-04-18 11:18:59', 'created_at': '2023-03-13 16:26:02', 'custom_fields': [], 'creator': 'amr.ahmed', 'company': '', 'owner': 'hawadij-rental-admin', 'last_update': {'dtt': 1715618413000, 'dts': 1715618419975, 'spd': 95, 'ang': 334, 'alt': 4, 'chPrams': {'Speed': {'v': 95, 'cdt': 1715618413000}, 'output1': {'v': False, 'cdt': 1714930548000}, 'output2': {'v': False, 'cdt': 1714930548000}, 'ePwrV': {'v': 14.048, 'cdt': 1715618413000}, 'parm24': {'v': 95, 'cdt': 1715618413000}, 'sat': {'v': 13, 'cdt': 1715618413000}, 'ai1': {'v': 300, 'cdt': 1715566744000}, 'type': {'v': 6, 'cdt': 1713305602000}, 'di2': {'v': 0, 'cdt': 1715075372000}, 'priority': {'v': 0, 'cdt': 1715362523000}, 'di1': {'v': 1, 'cdt': 1715615398000}, 'result': {'v': '5665723a30332e32372e31335f3033204750533a41584e5f352e312e392048773a464d42313230204d6f643a333320494d45493a33353034323430363532313930303620496e69743a323032342d312d31382032323a313020557074696d653a39373338363630204d41433a333838413231303642463138205350433a312830292041584c3a32204f42443a3020424c3a312e31302042543a34', 'cdt': 1715372057000}, 'protocol': {'v': 'FMB120', 'cdt': 1715372080000}, 'parm6': {'v': 300, 'cdt': 1715257164000}, 'iPwrV': {'v': 4.027, 'cdt': 1715618413000}, 'event': {'v': 0, 'cdt': 1715362523000}}, 'prms': {'protocol': 'FMB120', 'priority': 0, 'sat': 13, 'event': 0, 'di1': 1, 'output1': 0, 'di2': 0, 'output2': 0, 'ePwrV': 14.048, 'Speed': 95, 'parm24': 95, 'iPwrV': 4.027, 'ai1': 300, 'parm6': 300}, 'devPrms': ['protocol', 'priority', 'sat', 'event', 'di1', 'output1', 'di2', 'output2', 'ePwrV', 'Speed', 'parm24', 'iPwrV', 'ai1', 'parm6'], 'old_params': {'protocol': 'FMB120', 'priority': 0, 'sat': 14, 'event': 0, 'di1': 1, 'output1': 0, 'di2': 0, 'output2': 0, 'ePwrV': 14.051, 'Speed': 108, 'parm24': 108, 'iPwrV': 4.023, 'ai1': 300, 'parm6': 300}, 'vLoc': 1, 'vCon': 1, 'ip': '51.39.52.197', 'rl': 0.5091, 'trl': 87309.6785, 'mdu': 16, 'tmdu': 6966755, 'eidl': 0, 'teidl': 957409, 'fc': 0.061092, 'tfc': 758.49846, 'acc': 1, 'accOn': 8073008, 'accOff': 29350726, 'sdu': 0, 'tsdu': 0, 'lat': 26.9164116, 'lng': 49.7154366}, 'counters': {'odometer_type': 'gps', 'odometer': 314717.7683, 'engine_hours_type': 'acc', 'engine_hours': 8073008, 'last_acc': 1}, 'is_wasl_connected': 'Not Connected', 'iconUrl': 'https://api.afaqy.sa/images/units/icons/icon.png', 'hasCCTV': False}
[2024-05-13T16:40:43.400+0000] {warnings.py:110} WARNING - /home/***/.local/lib/python3.12/site-packages/elasticsearch/_sync/client/__init__.py:399: SecurityWarning: Connecting to 'https://dbelk2.afaqy.local:9200' using TLS with verify_certs=False is insecure
  _transport = transport_class(

[2024-05-13T16:40:43.454+0000] {warnings.py:110} WARNING - /home/***/.local/lib/python3.12/site-packages/elasticsearch/_sync/client/__init__.py:399: SecurityWarning: Connecting to 'https://dbelk3.afaqy.local:9200' using TLS with verify_certs=False is insecure
  _transport = transport_class(

[2024-05-13T16:40:43.503+0000] {warnings.py:110} WARNING - /home/***/.local/lib/python3.12/site-packages/elasticsearch/_sync/client/__init__.py:399: SecurityWarning: Connecting to 'https://dbelk1.afaqy.local:9200' using TLS with verify_certs=False is insecure
  _transport = transport_class(

[2024-05-13T16:40:43.528+0000] {warnings.py:110} WARNING - /home/***/.local/lib/python3.12/site-packages/urllib3/connectionpool.py:1103: InsecureRequestWarning: Unverified HTTPS request is being made to host 'dbelk2.afaqy.local'. Adding certificate verification is strongly advised. See: https://urllib3.readthedocs.io/en/latest/advanced-usage.html#tls-warnings
  warnings.warn(

[2024-05-13T16:40:43.594+0000] {_transport.py:349} INFO - GET https://dbelk2.afaqy.local:9200/_cluster/health [status:200 duration:0.089s]
[2024-05-13T16:40:44.264+0000] {warnings.py:110} WARNING - /home/***/.local/lib/python3.12/site-packages/urllib3/connectionpool.py:1103: InsecureRequestWarning: Unverified HTTPS request is being made to host 'dbelk3.afaqy.local'. Adding certificate verification is strongly advised. See: https://urllib3.readthedocs.io/en/latest/advanced-usage.html#tls-warnings
  warnings.warn(

[2024-05-13T16:40:47.422+0000] {_transport.py:349} INFO - PUT https://dbelk3.afaqy.local:9200/units_statistics_***/_bulk [status:200 duration:3.175s]
[2024-05-13T16:40:47.705+0000] {python.py:237} INFO - Done. Returned value was: None
[2024-05-13T16:40:47.706+0000] {taskinstance.py:441} INFO - ::group::Post task execution logs
[2024-05-13T16:40:47.723+0000] {taskinstance.py:1206} INFO - Marking task as SUCCESS. dag_id=Units_statistics_DAG, task_id=ETL_job, run_id=scheduled__2024-05-13T16:20:00+00:00, map_index=9, execution_date=20240513T162000, start_date=20240513T164020, end_date=20240513T164047
[2024-05-13T16:40:47.798+0000] {local_task_job_runner.py:240} INFO - Task exited with return code 0
[2024-05-13T16:40:47.852+0000] {taskinstance.py:3498} INFO - 0 downstream tasks scheduled from follow-on schedule check
[2024-05-13T16:40:47.863+0000] {local_task_job_runner.py:222} INFO - ::endgroup::
