[2024-04-16T07:16:43.678+0000] {taskinstance.py:1979} INFO - Dependencies all met for dep_context=non-requeueable deps ti=<TaskInstance: Units_statistics_DAG.ETL_job scheduled__2024-04-16T06:00:00+00:00 map_index=8 [queued]>
[2024-04-16T07:16:43.703+0000] {taskinstance.py:1979} INFO - Dependencies all met for dep_context=requeueable deps ti=<TaskInstance: Units_statistics_DAG.ETL_job scheduled__2024-04-16T06:00:00+00:00 map_index=8 [queued]>
[2024-04-16T07:16:43.705+0000] {taskinstance.py:2193} INFO - Starting attempt 4 of 4
[2024-04-16T07:16:43.730+0000] {taskinstance.py:2217} INFO - Executing <Mapped(_PythonDecoratedOperator): ETL_job> on 2024-04-16 06:00:00+00:00
[2024-04-16T07:16:43.739+0000] {standard_task_runner.py:60} INFO - Started process 326978 to run task
[2024-04-16T07:16:43.755+0000] {standard_task_runner.py:87} INFO - Running: ['***', 'tasks', 'run', 'Units_statistics_DAG', 'ETL_job', 'scheduled__2024-04-16T06:00:00+00:00', '--job-id', '3852', '--raw', '--subdir', 'DAGS_FOLDER/Units_dag.py', '--cfg-path', '/tmp/tmpr7wyviaa', '--map-index', '8']
[2024-04-16T07:16:43.757+0000] {standard_task_runner.py:88} INFO - Job 3852: Subtask ETL_job
[2024-04-16T07:16:43.840+0000] {task_command.py:423} INFO - Running <TaskInstance: Units_statistics_DAG.ETL_job scheduled__2024-04-16T06:00:00+00:00 map_index=8 [running]> on host a09da322e808
[2024-04-16T07:16:44.010+0000] {taskinstance.py:2513} INFO - Exporting env vars: AIRFLOW_CTX_DAG_OWNER='abeer-araby' AIRFLOW_CTX_DAG_ID='Units_statistics_DAG' AIRFLOW_CTX_TASK_ID='ETL_job' AIRFLOW_CTX_EXECUTION_DATE='2024-04-16T06:00:00+00:00' AIRFLOW_CTX_TRY_NUMBER='4' AIRFLOW_CTX_DAG_RUN_ID='scheduled__2024-04-16T06:00:00+00:00'
[2024-04-16T07:16:44.011+0000] {Units_dag.py:90} INFO - i: 80000, chunk: 10000
[2024-04-16T07:16:44.012+0000] {Units_dag.py:91} INFO - child token is::: eyJ0eXAiOiJKV1QiLCJhbGciOiJIUzI1NiJ9.eyJpc3MiOiJodHRwczovL2FwaS5hZmFxeS5zYS9hdXRoL2xvZ2luX2FzIiwiaWF0IjoxNzEzMjUwODA0LCJleHAiOjE3MTU4NDI4MDQsIm5iZiI6MTcxMzI1MDgwNCwianRpIjoieTE3aXZmQUFyR3JQU0pqcSIsInN1YiI6IjVkNjNlNTFlMDNlZDUyOTJhNDJjMjRlNiIsInBydiI6IjI3MGVjZmM3ZWEzZWQ5MzdlYTg0OTM2MmEzYTUwOTEwYzZkOGNlNGYiLCJsb2dpbl9hc19pZCI6IjY1N2YwYWQ3M2Y5NzcyOTVjZjA1NTc2YSJ9.gsyLu_Gx11ieWmkPFJYogPd_Xw96CzvfJa5zCnVkARE
[2024-04-16T07:17:03.969+0000] {Units_dag.py:95} INFO - {'_id': '63d7ce94cdd99e512a738b77', 'icon': 'icons/icon.png', 'driver_id': '', 'tailer_id': '', 'profile': {'measurement_type': 'count', 'fuel_type': '91', 'year': 0, 'seats': 2}, 'device_password': '***', 'device_type': 'gps', 'gateway': False, 'name': '2437 - A J R', 'operation_code': None, 'device_gateway': None, 'business_types': {'waste': False, 'transportation': True, 'water': False}, 'imei': '865532049893841', 'sim_number': '+966830030003781', 'sim_serial': '21267418107', 'device_serial': '865532049893841', 'device': 'bce', 'user_id': '63c3ef672cabbb6db33623df', 'created_by': '5e6655bf03ed52e1ab79d301', 'updated_at': '2023-12-31 11:50:15', 'created_at': '2023-01-30 17:05:08', 'creator': 'amr.ahmed', 'company': '', 'owner': 'al-nakhla-admin', 'last_update': {'dtt': 1713251494000, 'dts': 1713251560285, 'spd': 0, 'ang': 172, 'alt': 757, 'chPrams': {'ePwrV': {'v': 12.736, 'cdt': 1713251194000}, 'di16': {'v': 1, 'cdt': 1711381534000}, 'di15': {'v': 0, 'cdt': 1675088246000}, 'rssi1': {'v': 56, 'cdt': 1713247294000}, 'di14': {'v': 0, 'cdt': 1713241288000}, 'di13': {'v': 0, 'cdt': 1711381534000}, 'di12': {'v': 0, 'cdt': 1711381534000}, 'di11': {'v': 0, 'cdt': 1711381534000}, 'di10': {'v': 0, 'cdt': 1711381534000}, 'di2': {'v': 0, 'cdt': 1711381534000}, 'ai4': {'v': 289, 'cdt': 1713246694000}, 'di1': {'v': 0, 'cdt': 1713241714000}, 'di4': {'v': 0, 'cdt': 1711381534000}, 'di3': {'v': 0, 'cdt': 1711381534000}, 'di6': {'v': 0, 'cdt': 1711381534000}, 'di5': {'v': 0, 'cdt': 1713241894000}, 'lac1': {'v': 30110, 'cdt': 1713040836000}, 'protocol': {'v': 'bce', 'cdt': 1711381534000}, 'di8': {'v': 1, 'cdt': 1711381534000}, 'di7': {'v': 0, 'cdt': 1713241894000}, 'di9': {'v': 0, 'cdt': 1712916984000}, 'iPwrV': {'v': 4.018, 'cdt': 1713250594000}, 'cid1': {'v': 15161, 'cdt': 1713242194000}, 'odometer': {'v': 0, 'cdt': 1713241654000}, 'spd': {'v': 0, 'cdt': 1713241684000}, 'sat': {'v': 11, 'cdt': 1713251194000}, 'hdop': {'v': 1, 'cdt': 1713224308000}, 'ta': {'v': 0, 'cdt': 1711381534000}, 'mcc1': {'v': 420, 'cdt': 1711339538000}, 'mnc1': {'v': 4, 'cdt': 1713251494000}}, 'prms': {'protocol': 'bce', 'spd': 0, 'sat': 11, 'hdop': 1, 'odometer': 0, 'di16': 1, 'di15': 0, 'di14': 0, 'di13': 0, 'di12': 0, 'di11': 0, 'di10': 0, 'di9': 0, 'di8': 1, 'di7': 0, 'di6': 0, 'di5': 0, 'di4': 0, 'di3': 0, 'di2': 0, 'di1': 0, 'ePwrV': 12.736, 'ai4': 289, 'iPwrV': 4.018, 'ta': 0, 'mcc1': 420, 'mnc1': 4, 'lac1': 30110, 'cid1': 15161, 'rssi1': 56}, 'devPrms': ['protocol', 'spd', 'sat', 'hdop', 'odometer', 'di16', 'di15', 'di14', 'di13', 'di12', 'di11', 'di10', 'di9', 'di8', 'di7', 'di6', 'di5', 'di4', 'di3', 'di2', 'di1', 'ePwrV', 'ai4', 'iPwrV', 'ta', 'mcc1', 'mnc1', 'lac1', 'cid1', 'rssi1'], 'old_params': {'di16': 1, 'ePwrV': 12.736, 'di15': 0, 'rssi1': 56, 'di14': 0, 'di13': 0, 'di12': 0, 'di11': 0, 'di10': 0, 'di2': 0, 'di1': 0, 'ai4': 289, 'di4': 0, 'di3': 0, 'di6': 0, 'di5': 0, 'lac1': 30110, 'protocol': 'bce', 'di8': 1, 'di7': 0, 'di9': 0, 'iPwrV': 4.018, 'cid1': 15161, 'odometer': 0, 'spd': 0, 'sat': 11, 'hdop': 1, 'ta': 0, 'mcc1': 420, 'mnc1': 4}, 'vLoc': 1, 'vCon': 1, 'ip': '51.36.24.137', 'rl': 0, 'trl': 34637.6384, 'mdu': 0, 'tmdu': 1663750, 'eidl': 0, 'teidl': 482406, 'fc': 0, 'tfc': 16.589724, 'acc': 0, 'accOn': 4121094, 'accOff': 37340340, 'sdu': 300, 'tsdu': 9600, 'lat': 25.66884422302246, 'lng': 39.297698974609375}, 'counters': {'odometer_type': 'gps', 'odometer': 56192.0824, 'engine_hours_type': 'acc', 'engine_hours': 4121094, 'last_acc': 0}, 'is_wasl_connected': 'Not Connected', 'iconUrl': 'https://api.afaqy.sa/images/units/icons/icon.png', 'hasCCTV': False}
[2024-04-16T07:17:04.353+0000] {warnings.py:109} WARNING - /home/***/.local/lib/python3.8/site-packages/elasticsearch/_sync/client/__init__.py:399: SecurityWarning: Connecting to 'https://dbelk3.afaqy.local:9200' using TLS with verify_certs=False is insecure
  _transport = transport_class(

[2024-04-16T07:17:04.385+0000] {warnings.py:109} WARNING - /home/***/.local/lib/python3.8/site-packages/elasticsearch/_sync/client/__init__.py:399: SecurityWarning: Connecting to 'https://dbelk2.afaqy.local:9200' using TLS with verify_certs=False is insecure
  _transport = transport_class(

[2024-04-16T07:17:04.417+0000] {warnings.py:109} WARNING - /home/***/.local/lib/python3.8/site-packages/elasticsearch/_sync/client/__init__.py:399: SecurityWarning: Connecting to 'https://dbelk1.afaqy.local:9200' using TLS with verify_certs=False is insecure
  _transport = transport_class(

[2024-04-16T07:17:04.421+0000] {_transport.py:358} INFO - GET https://dbelk3.afaqy.local:9200/_cluster/health [status:N/A duration:0.003s]
[2024-04-16T07:17:04.421+0000] {_node_pool.py:249} WARNING - Node <Urllib3HttpNode(https://dbelk3.afaqy.local:9200)> has failed for 1 times in a row, putting on 1 second timeout
[2024-04-16T07:17:04.422+0000] {_transport.py:395} WARNING - Retrying request after failure (attempt 0 of 3)
Traceback (most recent call last):
  File "/home/airflow/.local/lib/python3.8/site-packages/elastic_transport/_transport.py", line 328, in perform_request
    meta, raw_data = node.perform_request(
  File "/home/airflow/.local/lib/python3.8/site-packages/elastic_transport/_node/_http_urllib3.py", line 202, in perform_request
    raise err from None
elastic_transport.ConnectionError: Connection error caused by: NewConnectionError(<urllib3.connection.HTTPSConnection object at 0x7faa18464490>: Failed to establish a new connection: [Errno 111] Connection refused)
[2024-04-16T07:17:04.448+0000] {warnings.py:109} WARNING - /home/***/.local/lib/python3.8/site-packages/urllib3/connectionpool.py:1061: InsecureRequestWarning: Unverified HTTPS request is being made to host 'dbelk1.afaqy.local'. Adding certificate verification is strongly advised. See: https://urllib3.readthedocs.io/en/1.26.x/advanced-usage.html#ssl-warnings
  warnings.warn(

[2024-04-16T07:17:04.505+0000] {_transport.py:335} INFO - GET https://dbelk1.afaqy.local:9200/_cluster/health [status:200 duration:0.082s]
[2024-04-16T07:17:04.843+0000] {warnings.py:109} WARNING - /home/***/.local/lib/python3.8/site-packages/urllib3/connectionpool.py:1061: InsecureRequestWarning: Unverified HTTPS request is being made to host 'dbelk2.afaqy.local'. Adding certificate verification is strongly advised. See: https://urllib3.readthedocs.io/en/1.26.x/advanced-usage.html#ssl-warnings
  warnings.warn(

[2024-04-16T07:17:04.861+0000] {_transport.py:335} INFO - PUT https://dbelk2.afaqy.local:9200/units_statistics_***/_bulk [status:429 duration:0.045s]
[2024-04-16T07:17:04.862+0000] {_node_pool.py:249} WARNING - Node <Urllib3HttpNode(https://dbelk2.afaqy.local:9200)> has failed for 1 times in a row, putting on 1 second timeout
[2024-04-16T07:17:04.862+0000] {_transport.py:427} WARNING - Retrying request after non-successful status 429 (attempt 0 of 3)
[2024-04-16T07:17:04.863+0000] {warnings.py:109} WARNING - /home/***/.local/lib/python3.8/site-packages/urllib3/connectionpool.py:1061: InsecureRequestWarning: Unverified HTTPS request is being made to host 'dbelk1.afaqy.local'. Adding certificate verification is strongly advised. See: https://urllib3.readthedocs.io/en/1.26.x/advanced-usage.html#ssl-warnings
  warnings.warn(

[2024-04-16T07:17:05.069+0000] {_transport.py:335} INFO - PUT https://dbelk1.afaqy.local:9200/units_statistics_***/_bulk [status:200 duration:0.206s]
[2024-04-16T07:17:05.276+0000] {taskinstance.py:2731} ERROR - Task failed with exception
Traceback (most recent call last):
  File "/home/airflow/.local/lib/python3.8/site-packages/airflow/models/taskinstance.py", line 444, in _execute_task
    result = _execute_callable(context=context, **execute_callable_kwargs)
  File "/home/airflow/.local/lib/python3.8/site-packages/airflow/models/taskinstance.py", line 414, in _execute_callable
    return execute_callable(context=context, **execute_callable_kwargs)
  File "/home/airflow/.local/lib/python3.8/site-packages/airflow/decorators/base.py", line 241, in execute
    return_value = super().execute(context)
  File "/home/airflow/.local/lib/python3.8/site-packages/airflow/operators/python.py", line 200, in execute
    return_value = self.execute_callable()
  File "/home/airflow/.local/lib/python3.8/site-packages/airflow/operators/python.py", line 217, in execute_callable
    return self.python_callable(*self.op_args, **self.op_kwargs)
  File "/opt/airflow/dags/Units_dag.py", line 103, in ETL_job
    Elk_client.elk_pushData(Globals.index_name,units_list_update)
  File "/opt/airflow/dags/elk_manager.py", line 69, in elk_pushData
    helpers.bulk(self.elk_client, docs_list, index=index_name, chunk_size=batch)
  File "/home/airflow/.local/lib/python3.8/site-packages/elasticsearch/helpers/actions.py", line 521, in bulk
    for ok, item in streaming_bulk(
  File "/home/airflow/.local/lib/python3.8/site-packages/elasticsearch/helpers/actions.py", line 436, in streaming_bulk
    for data, (ok, info) in zip(
  File "/home/airflow/.local/lib/python3.8/site-packages/elasticsearch/helpers/actions.py", line 355, in _process_bulk_chunk
    yield from gen
  File "/home/airflow/.local/lib/python3.8/site-packages/elasticsearch/helpers/actions.py", line 274, in _process_bulk_chunk_success
    raise BulkIndexError(f"{len(errors)} document(s) failed to index.", errors)
elasticsearch.helpers.BulkIndexError: 10000 document(s) failed to index.
[2024-04-16T07:17:05.294+0000] {taskinstance.py:1149} INFO - Marking task as FAILED. dag_id=Units_statistics_DAG, task_id=ETL_job, map_index=8, execution_date=20240416T060000, start_date=20240416T071643, end_date=20240416T071705
[2024-04-16T07:17:05.310+0000] {standard_task_runner.py:107} ERROR - Failed to execute job 3852 for task ETL_job (10000 document(s) failed to index.; 326978)
[2024-04-16T07:17:05.377+0000] {local_task_job_runner.py:234} INFO - Task exited with return code 1
[2024-04-16T07:17:05.412+0000] {taskinstance.py:3312} INFO - 0 downstream tasks scheduled from follow-on schedule check
