[2024-05-13T16:04:16.340+0000] {local_task_job_runner.py:120} INFO - ::group::Pre task execution logs
[2024-05-13T16:04:16.384+0000] {taskinstance.py:2076} INFO - Dependencies all met for dep_context=non-requeueable deps ti=<TaskInstance: AVL_DAG.get_units_from_APi.login_to_parent manual__2024-05-13T16:04:14.284143+00:00 [queued]>
[2024-05-13T16:04:16.400+0000] {taskinstance.py:2076} INFO - Dependencies all met for dep_context=requeueable deps ti=<TaskInstance: AVL_DAG.get_units_from_APi.login_to_parent manual__2024-05-13T16:04:14.284143+00:00 [queued]>
[2024-05-13T16:04:16.401+0000] {taskinstance.py:2306} INFO - Starting attempt 1 of 2
[2024-05-13T16:04:16.423+0000] {taskinstance.py:2330} INFO - Executing <Task(PythonOperator): get_units_from_APi.login_to_parent> on 2024-05-13 16:04:14.284143+00:00
[2024-05-13T16:04:16.433+0000] {warnings.py:110} WARNING - /home/***/.local/lib/python3.12/site-packages/***/task/task_runner/standard_task_runner.py:61: DeprecationWarning: This process (pid=21958) is multi-threaded, use of fork() may lead to deadlocks in the child.
  pid = os.fork()

[2024-05-13T16:04:16.435+0000] {standard_task_runner.py:63} INFO - Started process 21959 to run task
[2024-05-13T16:04:16.437+0000] {standard_task_runner.py:90} INFO - Running: ['***', 'tasks', 'run', 'AVL_DAG', 'get_units_from_APi.login_to_parent', 'manual__2024-05-13T16:04:14.284143+00:00', '--job-id', '56133', '--raw', '--subdir', 'DAGS_FOLDER/Avl_dag.py', '--cfg-path', '/tmp/tmpipm_knrx']
[2024-05-13T16:04:16.439+0000] {standard_task_runner.py:91} INFO - Job 56133: Subtask get_units_from_APi.login_to_parent
[2024-05-13T16:04:16.527+0000] {task_command.py:426} INFO - Running <TaskInstance: AVL_DAG.get_units_from_APi.login_to_parent manual__2024-05-13T16:04:14.284143+00:00 [running]> on host 7138d7e072c5
[2024-05-13T16:04:16.732+0000] {taskinstance.py:2648} INFO - Exporting env vars: AIRFLOW_CTX_DAG_OWNER='abeer-araby' AIRFLOW_CTX_DAG_ID='AVL_DAG' AIRFLOW_CTX_TASK_ID='get_units_from_APi.login_to_parent' AIRFLOW_CTX_EXECUTION_DATE='2024-05-13T16:04:14.284143+00:00' AIRFLOW_CTX_TRY_NUMBER='1' AIRFLOW_CTX_DAG_RUN_ID='manual__2024-05-13T16:04:14.284143+00:00'
[2024-05-13T16:04:16.733+0000] {taskinstance.py:430} INFO - ::endgroup::
[2024-05-13T16:04:17.426+0000] {apis_group.py:22} INFO - ti context info :None
[2024-05-13T16:04:17.428+0000] {python.py:237} INFO - Done. Returned value was: None
[2024-05-13T16:04:17.430+0000] {taskinstance.py:441} INFO - ::group::Post task execution logs
[2024-05-13T16:04:17.446+0000] {taskinstance.py:1206} INFO - Marking task as SUCCESS. dag_id=AVL_DAG, task_id=get_units_from_APi.login_to_parent, run_id=manual__2024-05-13T16:04:14.284143+00:00, execution_date=20240513T160414, start_date=20240513T160416, end_date=20240513T160417
[2024-05-13T16:04:17.495+0000] {local_task_job_runner.py:240} INFO - Task exited with return code 0
[2024-05-13T16:04:17.565+0000] {taskinstance.py:3498} INFO - 1 downstream tasks scheduled from follow-on schedule check
[2024-05-13T16:04:17.567+0000] {local_task_job_runner.py:222} INFO - ::endgroup::
