[2024-05-11T08:24:35.613+0000] {taskinstance.py:1979} INFO - Dependencies all met for dep_context=non-requeueable deps ti=<TaskInstance: Units_statistics_DAG.ETL_job scheduled__2024-05-11T08:00:00+00:00 map_index=7 [queued]>
[2024-05-11T08:24:35.625+0000] {taskinstance.py:1979} INFO - Dependencies all met for dep_context=requeueable deps ti=<TaskInstance: Units_statistics_DAG.ETL_job scheduled__2024-05-11T08:00:00+00:00 map_index=7 [queued]>
[2024-05-11T08:24:35.626+0000] {taskinstance.py:2193} INFO - Starting attempt 4 of 4
[2024-05-11T08:24:35.650+0000] {taskinstance.py:2217} INFO - Executing <Mapped(_PythonDecoratedOperator): ETL_job> on 2024-05-11 08:00:00+00:00
[2024-05-11T08:24:35.659+0000] {standard_task_runner.py:60} INFO - Started process 935894 to run task
[2024-05-11T08:24:35.672+0000] {standard_task_runner.py:87} INFO - Running: ['***', 'tasks', 'run', 'Units_statistics_DAG', 'ETL_job', 'scheduled__2024-05-11T08:00:00+00:00', '--job-id', '50105', '--raw', '--subdir', 'DAGS_FOLDER/Units_dag.py', '--cfg-path', '/tmp/tmp460izibt', '--map-index', '7']
[2024-05-11T08:24:35.686+0000] {standard_task_runner.py:88} INFO - Job 50105: Subtask ETL_job
[2024-05-11T08:24:35.783+0000] {task_command.py:423} INFO - Running <TaskInstance: Units_statistics_DAG.ETL_job scheduled__2024-05-11T08:00:00+00:00 map_index=7 [running]> on host a09da322e808
[2024-05-11T08:24:35.977+0000] {taskinstance.py:2513} INFO - Exporting env vars: AIRFLOW_CTX_DAG_OWNER='abeer-araby' AIRFLOW_CTX_DAG_ID='Units_statistics_DAG' AIRFLOW_CTX_TASK_ID='ETL_job' AIRFLOW_CTX_EXECUTION_DATE='2024-05-11T08:00:00+00:00' AIRFLOW_CTX_TRY_NUMBER='4' AIRFLOW_CTX_DAG_RUN_ID='scheduled__2024-05-11T08:00:00+00:00'
[2024-05-11T08:24:35.978+0000] {Units_dag.py:98} INFO - i: 70000, chunk: 10000
[2024-05-11T08:24:35.978+0000] {Units_dag.py:99} INFO - child token is::: eyJ0eXAiOiJKV1QiLCJhbGciOiJIUzI1NiJ9.eyJpc3MiOiJodHRwczovL2FwaS5hZmFxeS5zYS9hdXRoL2xvZ2luX2FzIiwiaWF0IjoxNzE1NDE1NjAzLCJleHAiOjE3MTgwMDc2MDMsIm5iZiI6MTcxNTQxNTYwMywianRpIjoiUUtFZjhpUDltWTFmWTdQZiIsInN1YiI6IjVkNjNlNTFlMDNlZDUyOTJhNDJjMjRlNiIsInBydiI6IjI3MGVjZmM3ZWEzZWQ5MzdlYTg0OTM2MmEzYTUwOTEwYzZkOGNlNGYiLCJsb2dpbl9hc19pZCI6IjY1N2YwYWQ3M2Y5NzcyOTVjZjA1NTc2YSJ9.0nrLdiktEXQejOobyupCSLC3yMU_e2MSY6ZZuV_Fl50
[2024-05-11T08:24:56.516+0000] {Units_dag.py:103} INFO - {'_id': '63a466fe4f0dbb24824e5b49', 'icon': 'icons/icon.png', 'driver_id': '', 'tailer_id': '', 'profile': {'vehicle_type': '', 'measurement_type': 'count', 'max_capacity': 0, 'vin': '', 'plate_number': '7012 - J S A', 'start_operation': '', 'contract_milage': '', 'opening_milage': '', 'model': '', 'fuel_type': '91', 'year': 0, 'seats': 2}, 'device_password': '***', 'device_type': 'gps', 'gateway': False, 'name': '7012 - J S A', 'operation_code': '', 'device_gateway': '', 'business_types': {'waste': False, 'transportation': True, 'water': False}, 'imei': '869688059136806', 'sim_number': '+966830028982130', 'sim_serial': '996609821111010818', 'device_serial': '869688059136806', 'device': 'bce', 'user_id': '61ee87763844a671b85a553f', 'created_by': '5e6655bf03ed52e1ab79d301', 'updated_at': '2024-04-18 11:18:59', 'created_at': '2022-12-22 17:17:34', 'custom_fields': [], 'creator': 'amr.ahmed', 'company': '', 'owner': 'al-jameel-int-admin', 'last_update': {'dtt': 1715415794000, 'dts': 1715415844259, 'spd': 0, 'ang': 304, 'alt': 577, 'chPrams': {'ePwrV': {'v': 26.499, 'cdt': 1715415494000}, 'di16': {'v': 1, 'cdt': 1712945120000}, 'di15': {'v': 0, 'cdt': 1697390612000}, 'rssi1': {'v': 65, 'cdt': 1715415794000}, 'di14': {'v': 0, 'cdt': 1715412794000}, 'di13': {'v': 0, 'cdt': 1712945120000}, 'di12': {'v': 0, 'cdt': 1712945120000}, 'ai3': {'v': 423, 'cdt': 1715413394000}, 'di11': {'v': 0, 'cdt': 1712945120000}, 'di10': {'v': 0, 'cdt': 1712945120000}, 'di2': {'v': 0, 'cdt': 1715280620000}, 'di1': {'v': 0, 'cdt': 1715412794000}, 'ai4': {'v': 92, 'cdt': 1715413994000}, 'di4': {'v': 0, 'cdt': 1712945120000}, 'di3': {'v': 0, 'cdt': 1712945120000}, 'di6': {'v': 0, 'cdt': 1712945120000}, 'di5': {'v': 0, 'cdt': 1715412494000}, 'lac1': {'v': 1252, 'cdt': 1715405520000}, 'protocol': {'v': 'bce', 'cdt': 1712945120000}, 'di8': {'v': 1, 'cdt': 1712945120000}, 'di7': {'v': 0, 'cdt': 1715412794000}, 'di9': {'v': 0, 'cdt': 1712945120000}, 'iPwrV': {'v': 4.008, 'cdt': 1715410430000}, 'humidity': {'v': 13, 'cdt': 1715413994000}, 'cid1': {'v': 6243, 'cdt': 1715412794000}, 'temp': {'v': 34.5, 'cdt': 1715415794000}, 'odometer': {'v': 0, 'cdt': 1715406276000}, 'spd': {'v': 0, 'cdt': 1715406246000}, 'sat': {'v': 12, 'cdt': 1715404602000}, 'hdop': {'v': 1, 'cdt': 1715326244000}, 'ta': {'v': 0, 'cdt': 1712945120000}, 'mcc1': {'v': 420, 'cdt': 1715248780000}, 'mnc1': {'v': 3, 'cdt': 1715006454000}}, 'prms': {'protocol': 'bce', 'spd': 0, 'sat': 12, 'hdop': 1, 'odometer': 0, 'di16': 1, 'di15': 0, 'di14': 0, 'di13': 0, 'di12': 0, 'di11': 0, 'di10': 0, 'di9': 0, 'di8': 1, 'di7': 0, 'di6': 0, 'di5': 0, 'di4': 0, 'di3': 0, 'di2': 0, 'di1': 0, 'ePwrV': 26.499, 'ai3': 423, 'ai4': 92, 'iPwrV': 4.008, 'ta': 0, 'mcc1': 420, 'mnc1': 3, 'lac1': 1252, 'cid1': 6243, 'rssi1': 65, 'temp': 34.5, 'humidity': 13}, 'devPrms': ['protocol', 'spd', 'sat', 'hdop', 'odometer', 'di16', 'di15', 'di14', 'di13', 'di12', 'di11', 'di10', 'di9', 'di8', 'di7', 'di6', 'di5', 'di4', 'di3', 'di2', 'di1', 'ePwrV', 'ai3', 'ai4', 'iPwrV', 'ta', 'mcc1', 'mnc1', 'lac1', 'cid1', 'rssi1', 'temp', 'humidity'], 'old_params': {'di16': 1, 'ePwrV': 26.499, 'di15': 0, 'rssi1': 62, 'di14': 0, 'di13': 0, 'di12': 0, 'di11': 0, 'ai3': 423, 'di10': 0, 'di2': 0, 'di1': 0, 'ai4': 92, 'di4': 0, 'di3': 0, 'di6': 0, 'di5': 0, 'lac1': 1252, 'protocol': 'bce', 'di8': 1, 'di7': 0, 'di9': 0, 'iPwrV': 4.008, 'humidity': 13, 'cid1': 6243, 'temp': 34.400000000000034, 'odometer': 0, 'spd': 0, 'sat': 12, 'hdop': 1, 'ta': 0, 'mcc1': 420, 'mnc1': 3}, 'vLoc': 1, 'vCon': 1, 'ip': '109.83.118.42', 'rl': 0, 'trl': 20571.8253, 'mdu': 0, 'tmdu': 1894962, 'eidl': 0, 'teidl': 4483852, 'fc': 0, 'tfc': 12.663108, 'acc': 0, 'accOn': 13176664, 'accOff': 11819136, 'sdu': 300, 'tsdu': 3300, 'lat': 24.557815551757812, 'lng': 46.757354736328125}, 'counters': {'odometer_type': 'gps', 'odometer': 45772.5838, 'engine_hours_type': 'acc', 'engine_hours': 13176664, 'last_acc': 0}, 'is_wasl_connected': 'Connected', 'iconUrl': 'https://api.afaqy.sa/images/units/icons/icon.png', 'hasCCTV': False}
[2024-05-11T08:24:57.782+0000] {warnings.py:109} WARNING - /home/***/.local/lib/python3.8/site-packages/elasticsearch/_sync/client/__init__.py:399: SecurityWarning: Connecting to 'https://dbelk1.afaqy.local:9200' using TLS with verify_certs=False is insecure
  _transport = transport_class(

[2024-05-11T08:24:57.936+0000] {warnings.py:109} WARNING - /home/***/.local/lib/python3.8/site-packages/elasticsearch/_sync/client/__init__.py:399: SecurityWarning: Connecting to 'https://dbelk3.afaqy.local:9200' using TLS with verify_certs=False is insecure
  _transport = transport_class(

[2024-05-11T08:24:58.055+0000] {warnings.py:109} WARNING - /home/***/.local/lib/python3.8/site-packages/elasticsearch/_sync/client/__init__.py:399: SecurityWarning: Connecting to 'https://dbelk2.afaqy.local:9200' using TLS with verify_certs=False is insecure
  _transport = transport_class(

[2024-05-11T08:24:58.080+0000] {warnings.py:109} WARNING - /home/***/.local/lib/python3.8/site-packages/urllib3/connectionpool.py:1061: InsecureRequestWarning: Unverified HTTPS request is being made to host 'dbelk1.afaqy.local'. Adding certificate verification is strongly advised. See: https://urllib3.readthedocs.io/en/1.26.x/advanced-usage.html#ssl-warnings
  warnings.warn(

[2024-05-11T08:24:58.166+0000] {_transport.py:335} INFO - GET https://dbelk1.afaqy.local:9200/_cluster/health [status:200 duration:0.110s]
[2024-05-11T08:24:58.977+0000] {warnings.py:109} WARNING - /home/***/.local/lib/python3.8/site-packages/urllib3/connectionpool.py:1061: InsecureRequestWarning: Unverified HTTPS request is being made to host 'dbelk3.afaqy.local'. Adding certificate verification is strongly advised. See: https://urllib3.readthedocs.io/en/1.26.x/advanced-usage.html#ssl-warnings
  warnings.warn(

[2024-05-11T08:24:58.992+0000] {_transport.py:335} INFO - PUT https://dbelk3.afaqy.local:9200/units_statistics_***/_bulk [status:429 duration:0.049s]
[2024-05-11T08:24:58.993+0000] {_node_pool.py:249} WARNING - Node <Urllib3HttpNode(https://dbelk3.afaqy.local:9200)> has failed for 1 times in a row, putting on 1 second timeout
[2024-05-11T08:24:58.993+0000] {_transport.py:427} WARNING - Retrying request after non-successful status 429 (attempt 0 of 3)
[2024-05-11T08:24:58.993+0000] {warnings.py:109} WARNING - /home/***/.local/lib/python3.8/site-packages/urllib3/connectionpool.py:1061: InsecureRequestWarning: Unverified HTTPS request is being made to host 'dbelk1.afaqy.local'. Adding certificate verification is strongly advised. See: https://urllib3.readthedocs.io/en/1.26.x/advanced-usage.html#ssl-warnings
  warnings.warn(

[2024-05-11T08:24:59.218+0000] {_transport.py:335} INFO - PUT https://dbelk1.afaqy.local:9200/units_statistics_***/_bulk [status:200 duration:0.225s]
[2024-05-11T08:24:59.906+0000] {taskinstance.py:2731} ERROR - Task failed with exception
Traceback (most recent call last):
  File "/home/airflow/.local/lib/python3.8/site-packages/airflow/models/taskinstance.py", line 444, in _execute_task
    result = _execute_callable(context=context, **execute_callable_kwargs)
  File "/home/airflow/.local/lib/python3.8/site-packages/airflow/models/taskinstance.py", line 414, in _execute_callable
    return execute_callable(context=context, **execute_callable_kwargs)
  File "/home/airflow/.local/lib/python3.8/site-packages/airflow/decorators/base.py", line 241, in execute
    return_value = super().execute(context)
  File "/home/airflow/.local/lib/python3.8/site-packages/airflow/operators/python.py", line 200, in execute
    return_value = self.execute_callable()
  File "/home/airflow/.local/lib/python3.8/site-packages/airflow/operators/python.py", line 217, in execute_callable
    return self.python_callable(*self.op_args, **self.op_kwargs)
  File "/opt/airflow/dags/Units_dag.py", line 111, in ETL_job
    Elk_client.elk_pushData(Globals.index_name,units_list_update)
  File "/opt/airflow/dags/units_statistics/elk_manager.py", line 69, in elk_pushData
    helpers.bulk(self.elk_client, docs_list, index=index_name, chunk_size=batch)
  File "/home/airflow/.local/lib/python3.8/site-packages/elasticsearch/helpers/actions.py", line 521, in bulk
    for ok, item in streaming_bulk(
  File "/home/airflow/.local/lib/python3.8/site-packages/elasticsearch/helpers/actions.py", line 436, in streaming_bulk
    for data, (ok, info) in zip(
  File "/home/airflow/.local/lib/python3.8/site-packages/elasticsearch/helpers/actions.py", line 355, in _process_bulk_chunk
    yield from gen
  File "/home/airflow/.local/lib/python3.8/site-packages/elasticsearch/helpers/actions.py", line 274, in _process_bulk_chunk_success
    raise BulkIndexError(f"{len(errors)} document(s) failed to index.", errors)
elasticsearch.helpers.BulkIndexError: 10000 document(s) failed to index.
[2024-05-11T08:24:59.931+0000] {taskinstance.py:1149} INFO - Marking task as FAILED. dag_id=Units_statistics_DAG, task_id=ETL_job, map_index=7, execution_date=20240511T080000, start_date=20240511T082435, end_date=20240511T082459
[2024-05-11T08:24:59.967+0000] {standard_task_runner.py:107} ERROR - Failed to execute job 50105 for task ETL_job (10000 document(s) failed to index.; 935894)
[2024-05-11T08:25:00.070+0000] {local_task_job_runner.py:234} INFO - Task exited with return code 1
[2024-05-11T08:25:00.091+0000] {taskinstance.py:3312} INFO - 0 downstream tasks scheduled from follow-on schedule check
