[2024-05-08T06:44:42.673+0000] {taskinstance.py:1979} INFO - Dependencies all met for dep_context=non-requeueable deps ti=<TaskInstance: Units_statistics_DAG.ETL_job scheduled__2024-05-08T06:20:00+00:00 map_index=2 [queued]>
[2024-05-08T06:44:42.689+0000] {taskinstance.py:1979} INFO - Dependencies all met for dep_context=requeueable deps ti=<TaskInstance: Units_statistics_DAG.ETL_job scheduled__2024-05-08T06:20:00+00:00 map_index=2 [queued]>
[2024-05-08T06:44:42.690+0000] {taskinstance.py:2193} INFO - Starting attempt 4 of 4
[2024-05-08T06:44:42.712+0000] {taskinstance.py:2217} INFO - Executing <Mapped(_PythonDecoratedOperator): ETL_job> on 2024-05-08 06:20:00+00:00
[2024-05-08T06:44:42.725+0000] {standard_task_runner.py:60} INFO - Started process 854800 to run task
[2024-05-08T06:44:42.738+0000] {standard_task_runner.py:87} INFO - Running: ['***', 'tasks', 'run', 'Units_statistics_DAG', 'ETL_job', 'scheduled__2024-05-08T06:20:00+00:00', '--job-id', '41053', '--raw', '--subdir', 'DAGS_FOLDER/Units_dag.py', '--cfg-path', '/tmp/tmppo9ar2mw', '--map-index', '2']
[2024-05-08T06:44:42.740+0000] {standard_task_runner.py:88} INFO - Job 41053: Subtask ETL_job
[2024-05-08T06:44:42.825+0000] {task_command.py:423} INFO - Running <TaskInstance: Units_statistics_DAG.ETL_job scheduled__2024-05-08T06:20:00+00:00 map_index=2 [running]> on host a09da322e808
[2024-05-08T06:44:43.009+0000] {taskinstance.py:2513} INFO - Exporting env vars: AIRFLOW_CTX_DAG_OWNER='abeer-araby' AIRFLOW_CTX_DAG_ID='Units_statistics_DAG' AIRFLOW_CTX_TASK_ID='ETL_job' AIRFLOW_CTX_EXECUTION_DATE='2024-05-08T06:20:00+00:00' AIRFLOW_CTX_TRY_NUMBER='4' AIRFLOW_CTX_DAG_RUN_ID='scheduled__2024-05-08T06:20:00+00:00'
[2024-05-08T06:44:43.011+0000] {Units_dag.py:98} INFO - i: 20000, chunk: 10000
[2024-05-08T06:44:43.011+0000] {Units_dag.py:99} INFO - child token is::: eyJ0eXAiOiJKV1QiLCJhbGciOiJIUzI1NiJ9.eyJpc3MiOiJodHRwczovL2FwaS5hZmFxeS5zYS9hdXRoL2xvZ2luX2FzIiwiaWF0IjoxNzE1MTUwNDAzLCJleHAiOjE3MTc3NDI0MDMsIm5iZiI6MTcxNTE1MDQwMywianRpIjoic2FNbTh4RFdsZWpubWZLNSIsInN1YiI6IjVkNjNlNTFlMDNlZDUyOTJhNDJjMjRlNiIsInBydiI6IjI3MGVjZmM3ZWEzZWQ5MzdlYTg0OTM2MmEzYTUwOTEwYzZkOGNlNGYiLCJsb2dpbl9hc19pZCI6IjY1N2YwYWQ3M2Y5NzcyOTVjZjA1NTc2YSJ9.9410tioS5FBEVCPZLbhCyiIYGWS1iMGR63I5hrU3W4o
[2024-05-08T06:45:03.330+0000] {Units_dag.py:103} INFO - {'_id': '618a70e9fabb56337f79c30f', 'icon': 'icons/icon.png', 'driver_id': '', 'tailer_id': '', 'profile': {'vehicle_type': '', 'measurement_type': 'weight', 'max_capacity': 0, 'vin': '', 'plate_number': '', 'start_operation': '', 'contract_milage': '', 'opening_milage': '', 'model': '', 'fuel_type': '91', 'year': 0, 'seats': 2}, 'device_password': '***', 'device_type': 'gps', 'gateway': False, 'name': 'ب س م 7343', 'operation_code': '', 'device_gateway': '', 'business_types': {'waste': False, 'transportation': True, 'water': False}, 'imei': '862549044125154', 'sim_number': '+966862549084845', 'sim_serial': '862549044125154', 'device_serial': '862549044125154', 'device': 'ruptela', 'user_id': '5e539d8203ed52f71d634478', 'created_by': '5e6655bf03ed52e1ab79d301', 'updated_at': '2024-04-18 11:18:59', 'created_at': '2021-11-09 16:00:25', 'custom_fields': [], 'creator': 'amr.ahmed', 'company': '', 'owner': 'aemallamar', 'last_update': {'dtt': 1715150646000, 'dts': 1715150648619, 'spd': 0, 'ang': 155, 'alt': 618, 'chPrams': {'gsm': {'v': 31, 'cdt': 1715150646000}, 'io_1_176': {'v': 0, 'cdt': 1715150635000}, 'io_1_134': {'v': 0, 'cdt': 1715150646000}, 'io_1_136': {'v': 0, 'cdt': 1715086038000}, 'ai22': {'v': 2922, 'cdt': 1715150575000}, 'ePwrV': {'v': 27.702, 'cdt': 1715150646000}, 'io_1_135': {'v': 0, 'cdt': 1715150635000}, 'io_2_139': {'v': 11, 'cdt': 1715150646000}, 'di2': {'v': 0, 'cdt': 1636636963000}, 'operator': {'v': 42004, 'cdt': 1714544431000}, 'io_1_130': {'v': 0, 'cdt': 1715150646000}, 'di5': {'v': 1, 'cdt': 1715149360000}, 'io_2_131': {'v': 0, 'cdt': 1715001417000}, 'protocol': {'v': 'ruptela', 'cdt': 1714399624000}, 'io_2_137': {'v': 0, 'cdt': 1715149406000}, 'iPwrV': {'v': 4.079, 'cdt': 1715150646000}, 'event': {'v': 173, 'cdt': 1715150646000}, 'io_1_418': {'v': 1, 'cdt': 1714544431000}, 'move': {'v': 0, 'cdt': 1715150646000}, 'spd': {'v': 0, 'cdt': 1715150635000}, 'sat': {'v': 19, 'cdt': 1715150635000}, 'hdop': {'v': 0.6, 'cdt': 1715150635000}, 'io_2_560': {'v': 0, 'cdt': 1714472247000}, 'accTemp': {'v': 35, 'cdt': 1715149586000}, 'vOdometer': {'v': 188258982, 'cdt': 1715150635000}, 'io_1_405': {'v': 1, 'cdt': 1714399624000}}, 'prms': {'protocol': 'ruptela', 'sat': 19, 'spd': 0, 'hdop': 0.6, 'event': 173, 'io_1_130': 0, 'io_1_134': 0, 'io_1_135': 0, 'io_1_136': 0, 'di2': 0, 'di5': 1, 'accTemp': 35, 'io_1_405': 1, 'gsm': 31, 'move': 0, 'io_1_176': 0, 'io_1_418': 1, 'io_2_131': 0, 'io_2_137': 0, 'io_2_139': 11, 'ai22': 2922, 'io_2_560': 0, 'ePwrV': 27.702, 'iPwrV': 4.079, 'vOdometer': 188258982, 'operator': 42004}, 'devPrms': ['protocol', 'sat', 'spd', 'hdop', 'event', 'io_1_130', 'io_1_134', 'io_1_135', 'io_1_136', 'di2', 'di5', 'accTemp', 'io_1_405', 'gsm', 'move', 'io_1_176', 'io_1_418', 'io_2_131', 'io_2_137', 'io_2_139', 'ai22', 'io_2_560', 'ePwrV', 'iPwrV', 'vOdometer', 'operator'], 'old_params': {'protocol': 'ruptela', 'sat': 19, 'spd': 0, 'hdop': 0.6, 'event': 7, 'io_1_130': 72, 'io_1_134': 2, 'io_1_135': 0, 'io_1_136': 0, 'di2': 0, 'di5': 1, 'accTemp': 35, 'io_1_405': 1, 'gsm': 26, 'move': 1, 'io_1_176': 0, 'io_1_418': 1, 'io_2_131': 0, 'io_2_137': 0, 'io_2_139': 60, 'ai22': 2922, 'io_2_560': 0, 'ePwrV': 27.682, 'iPwrV': 4.082, 'vOdometer': 188258982, 'operator': 42004}, 'vLoc': 1, 'vCon': 1, 'ip': '51.39.13.86', 'rl': 0, 'trl': 189743.7151, 'mdu': 0, 'tmdu': 10369202, 'eidl': 11, 'teidl': 6647001, 'fc': 0, 'tfc': 683.754768, 'acc': 1, 'accOn': 143234766, 'accOff': 61795346, 'sdu': 0, 'tsdu': 0, 'lat': 26.36406, 'lng': 43.962075}, 'counters': {'odometer_type': 'gps', 'odometer': 189743.7151, 'engine_hours_type': 'acc', 'engine_hours': 143234766, 'last_acc': 1}, 'is_wasl_connected': 'Connected', 'iconUrl': 'https://api.afaqy.sa/images/units/icons/icon.png', 'hasCCTV': False}
[2024-05-08T06:45:04.504+0000] {warnings.py:109} WARNING - /home/***/.local/lib/python3.8/site-packages/elasticsearch/_sync/client/__init__.py:399: SecurityWarning: Connecting to 'https://dbelk3.afaqy.local:9200' using TLS with verify_certs=False is insecure
  _transport = transport_class(

[2024-05-08T06:45:04.676+0000] {warnings.py:109} WARNING - /home/***/.local/lib/python3.8/site-packages/elasticsearch/_sync/client/__init__.py:399: SecurityWarning: Connecting to 'https://dbelk2.afaqy.local:9200' using TLS with verify_certs=False is insecure
  _transport = transport_class(

[2024-05-08T06:45:04.817+0000] {warnings.py:109} WARNING - /home/***/.local/lib/python3.8/site-packages/elasticsearch/_sync/client/__init__.py:399: SecurityWarning: Connecting to 'https://dbelk1.afaqy.local:9200' using TLS with verify_certs=False is insecure
  _transport = transport_class(

[2024-05-08T06:45:04.848+0000] {warnings.py:109} WARNING - /home/***/.local/lib/python3.8/site-packages/urllib3/connectionpool.py:1061: InsecureRequestWarning: Unverified HTTPS request is being made to host 'dbelk3.afaqy.local'. Adding certificate verification is strongly advised. See: https://urllib3.readthedocs.io/en/1.26.x/advanced-usage.html#ssl-warnings
  warnings.warn(

[2024-05-08T06:45:04.936+0000] {_transport.py:335} INFO - GET https://dbelk3.afaqy.local:9200/_cluster/health [status:200 duration:0.117s]
[2024-05-08T06:45:05.803+0000] {warnings.py:109} WARNING - /home/***/.local/lib/python3.8/site-packages/urllib3/connectionpool.py:1061: InsecureRequestWarning: Unverified HTTPS request is being made to host 'dbelk2.afaqy.local'. Adding certificate verification is strongly advised. See: https://urllib3.readthedocs.io/en/1.26.x/advanced-usage.html#ssl-warnings
  warnings.warn(

[2024-05-08T06:45:05.816+0000] {_transport.py:335} INFO - PUT https://dbelk2.afaqy.local:9200/units_statistics_***/_bulk [status:429 duration:0.034s]
[2024-05-08T06:45:05.816+0000] {_node_pool.py:249} WARNING - Node <Urllib3HttpNode(https://dbelk2.afaqy.local:9200)> has failed for 1 times in a row, putting on 1 second timeout
[2024-05-08T06:45:05.816+0000] {_transport.py:427} WARNING - Retrying request after non-successful status 429 (attempt 0 of 3)
[2024-05-08T06:45:05.817+0000] {warnings.py:109} WARNING - /home/***/.local/lib/python3.8/site-packages/urllib3/connectionpool.py:1061: InsecureRequestWarning: Unverified HTTPS request is being made to host 'dbelk3.afaqy.local'. Adding certificate verification is strongly advised. See: https://urllib3.readthedocs.io/en/1.26.x/advanced-usage.html#ssl-warnings
  warnings.warn(

[2024-05-08T06:45:05.830+0000] {_transport.py:335} INFO - PUT https://dbelk3.afaqy.local:9200/units_statistics_***/_bulk [status:429 duration:0.014s]
[2024-05-08T06:45:05.831+0000] {_node_pool.py:249} WARNING - Node <Urllib3HttpNode(https://dbelk3.afaqy.local:9200)> has failed for 1 times in a row, putting on 1 second timeout
[2024-05-08T06:45:05.831+0000] {_transport.py:427} WARNING - Retrying request after non-successful status 429 (attempt 1 of 3)
[2024-05-08T06:45:05.856+0000] {warnings.py:109} WARNING - /home/***/.local/lib/python3.8/site-packages/urllib3/connectionpool.py:1061: InsecureRequestWarning: Unverified HTTPS request is being made to host 'dbelk1.afaqy.local'. Adding certificate verification is strongly advised. See: https://urllib3.readthedocs.io/en/1.26.x/advanced-usage.html#ssl-warnings
  warnings.warn(

[2024-05-08T06:45:06.030+0000] {_transport.py:335} INFO - PUT https://dbelk1.afaqy.local:9200/units_statistics_***/_bulk [status:200 duration:0.198s]
[2024-05-08T06:45:06.484+0000] {taskinstance.py:2731} ERROR - Task failed with exception
Traceback (most recent call last):
  File "/home/airflow/.local/lib/python3.8/site-packages/airflow/models/taskinstance.py", line 444, in _execute_task
    result = _execute_callable(context=context, **execute_callable_kwargs)
  File "/home/airflow/.local/lib/python3.8/site-packages/airflow/models/taskinstance.py", line 414, in _execute_callable
    return execute_callable(context=context, **execute_callable_kwargs)
  File "/home/airflow/.local/lib/python3.8/site-packages/airflow/decorators/base.py", line 241, in execute
    return_value = super().execute(context)
  File "/home/airflow/.local/lib/python3.8/site-packages/airflow/operators/python.py", line 200, in execute
    return_value = self.execute_callable()
  File "/home/airflow/.local/lib/python3.8/site-packages/airflow/operators/python.py", line 217, in execute_callable
    return self.python_callable(*self.op_args, **self.op_kwargs)
  File "/opt/airflow/dags/Units_dag.py", line 111, in ETL_job
    Elk_client.elk_pushData(Globals.index_name,units_list_update)
  File "/opt/airflow/dags/units_statistics/elk_manager.py", line 69, in elk_pushData
    helpers.bulk(self.elk_client, docs_list, index=index_name, chunk_size=batch)
  File "/home/airflow/.local/lib/python3.8/site-packages/elasticsearch/helpers/actions.py", line 521, in bulk
    for ok, item in streaming_bulk(
  File "/home/airflow/.local/lib/python3.8/site-packages/elasticsearch/helpers/actions.py", line 436, in streaming_bulk
    for data, (ok, info) in zip(
  File "/home/airflow/.local/lib/python3.8/site-packages/elasticsearch/helpers/actions.py", line 355, in _process_bulk_chunk
    yield from gen
  File "/home/airflow/.local/lib/python3.8/site-packages/elasticsearch/helpers/actions.py", line 274, in _process_bulk_chunk_success
    raise BulkIndexError(f"{len(errors)} document(s) failed to index.", errors)
elasticsearch.helpers.BulkIndexError: 10000 document(s) failed to index.
[2024-05-08T06:45:06.503+0000] {taskinstance.py:1149} INFO - Marking task as FAILED. dag_id=Units_statistics_DAG, task_id=ETL_job, map_index=2, execution_date=20240508T062000, start_date=20240508T064442, end_date=20240508T064506
[2024-05-08T06:45:06.526+0000] {standard_task_runner.py:107} ERROR - Failed to execute job 41053 for task ETL_job (10000 document(s) failed to index.; 854800)
[2024-05-08T06:45:06.641+0000] {local_task_job_runner.py:234} INFO - Task exited with return code 1
[2024-05-08T06:45:06.672+0000] {taskinstance.py:3312} INFO - 0 downstream tasks scheduled from follow-on schedule check
