[2024-05-08T12:25:15.142+0000] {taskinstance.py:1979} INFO - Dependencies all met for dep_context=non-requeueable deps ti=<TaskInstance: Units_statistics_DAG.ETL_job scheduled__2024-05-08T12:00:00+00:00 map_index=4 [queued]>
[2024-05-08T12:25:15.161+0000] {taskinstance.py:1979} INFO - Dependencies all met for dep_context=requeueable deps ti=<TaskInstance: Units_statistics_DAG.ETL_job scheduled__2024-05-08T12:00:00+00:00 map_index=4 [queued]>
[2024-05-08T12:25:15.162+0000] {taskinstance.py:2193} INFO - Starting attempt 4 of 4
[2024-05-08T12:25:15.181+0000] {taskinstance.py:2217} INFO - Executing <Mapped(_PythonDecoratedOperator): ETL_job> on 2024-05-08 12:00:00+00:00
[2024-05-08T12:25:15.190+0000] {standard_task_runner.py:60} INFO - Started process 860898 to run task
[2024-05-08T12:25:15.196+0000] {standard_task_runner.py:87} INFO - Running: ['***', 'tasks', 'run', 'Units_statistics_DAG', 'ETL_job', 'scheduled__2024-05-08T12:00:00+00:00', '--job-id', '41682', '--raw', '--subdir', 'DAGS_FOLDER/Units_dag.py', '--cfg-path', '/tmp/tmpe0lwq2ra', '--map-index', '4']
[2024-05-08T12:25:15.199+0000] {standard_task_runner.py:88} INFO - Job 41682: Subtask ETL_job
[2024-05-08T12:25:15.323+0000] {task_command.py:423} INFO - Running <TaskInstance: Units_statistics_DAG.ETL_job scheduled__2024-05-08T12:00:00+00:00 map_index=4 [running]> on host a09da322e808
[2024-05-08T12:25:15.547+0000] {taskinstance.py:2513} INFO - Exporting env vars: AIRFLOW_CTX_DAG_OWNER='abeer-araby' AIRFLOW_CTX_DAG_ID='Units_statistics_DAG' AIRFLOW_CTX_TASK_ID='ETL_job' AIRFLOW_CTX_EXECUTION_DATE='2024-05-08T12:00:00+00:00' AIRFLOW_CTX_TRY_NUMBER='4' AIRFLOW_CTX_DAG_RUN_ID='scheduled__2024-05-08T12:00:00+00:00'
[2024-05-08T12:25:15.555+0000] {Units_dag.py:98} INFO - i: 40000, chunk: 10000
[2024-05-08T12:25:15.555+0000] {Units_dag.py:99} INFO - child token is::: eyJ0eXAiOiJKV1QiLCJhbGciOiJIUzI1NiJ9.eyJpc3MiOiJodHRwczovL2FwaS5hZmFxeS5zYS9hdXRoL2xvZ2luX2FzIiwiaWF0IjoxNzE1MTcwODA0LCJleHAiOjE3MTc3NjI4MDQsIm5iZiI6MTcxNTE3MDgwNCwianRpIjoiYVJHUHRnenhpN1QxSUVkeCIsInN1YiI6IjVkNjNlNTFlMDNlZDUyOTJhNDJjMjRlNiIsInBydiI6IjI3MGVjZmM3ZWEzZWQ5MzdlYTg0OTM2MmEzYTUwOTEwYzZkOGNlNGYiLCJsb2dpbl9hc19pZCI6IjY1N2YwYWQ3M2Y5NzcyOTVjZjA1NTc2YSJ9.dpY4mxlksSSejE9n3HUeVa2cZu3JAlzgSi-4g02gT5I
[2024-05-08T12:25:33.623+0000] {Units_dag.py:103} INFO - {'_id': '6266f22554f73b36d158b678', 'icon': 'icons/icon.png', 'driver_id': '', 'tailer_id': '', 'profile': {'year': 0, 'seats': 2, 'fuel_type': 91}, 'device_password': '***', 'device_type': 'gps', 'gateway': False, 'name': '6780 - A H A', 'operation_code': '', 'device_gateway': '', 'business_types': {'waste': False, 'transportation': False, 'water': False}, 'imei': '862095054392862', 'sim_number': '+966830020299393', 'sim_serial': '8996609821110850879', 'device_serial': '862095054392862', 'device': 'bce', 'user_id': '625685c924a7b86aa91052e7', 'created_by': '5dbd87fc03ed5231da4571e5', 'updated_at': '2024-04-18 11:18:59', 'created_at': '2022-04-25 22:10:29', 'custom_fields': [], 'creator': 'omar', 'company': '', 'owner': 'zaty-company-admin', 'last_update': {'dtt': 1715170962000, 'dts': 1715170970991, 'spd': 0, 'ang': 62, 'alt': 605, 'chPrams': {'ePwrV': {'v': 26.393, 'cdt': 1715170962000}, 'di16': {'v': 1, 'cdt': 1713099022000}, 'di15': {'v': 0, 'cdt': 1650914292000}, 'rssi1': {'v': 55, 'cdt': 1715170934000}, 'di14': {'v': 0, 'cdt': 1715170954000}, 'di13': {'v': 0, 'cdt': 1713099022000}, 'di12': {'v': 0, 'cdt': 1713099022000}, 'di11': {'v': 0, 'cdt': 1713099022000}, 'di10': {'v': 0, 'cdt': 1713099022000}, 'di2': {'v': 0, 'cdt': 1713099022000}, 'ai4': {'v': 1559, 'cdt': 1715170962000}, 'di1': {'v': 0, 'cdt': 1715170962000}, 'di4': {'v': 0, 'cdt': 1713099022000}, 'di3': {'v': 0, 'cdt': 1713099022000}, 'di6': {'v': 0, 'cdt': 1713099022000}, 'di5': {'v': 0, 'cdt': 1715170962000}, 'lac1': {'v': 1232, 'cdt': 1715168162000}, 'protocol': {'v': 'bce', 'cdt': 1713099022000}, 'di8': {'v': 1, 'cdt': 1713439904000}, 'di7': {'v': 1, 'cdt': 1715170646000}, 'di9': {'v': 0, 'cdt': 1713099022000}, 'iPwrV': {'v': 3.989, 'cdt': 1715170954000}, 'cid1': {'v': 46982, 'cdt': 1715170754000}, 'odometer': {'v': 0, 'cdt': 1715170944000}, 'spd': {'v': 0, 'cdt': 1715170954000}, 'sat': {'v': 12, 'cdt': 1715148134000}, 'hdop': {'v': 1, 'cdt': 1715080568000}, 'ta': {'v': 0, 'cdt': 1713099022000}, 'mcc1': {'v': 420, 'cdt': 1713099022000}, 'mnc1': {'v': 3, 'cdt': 1713099022000}}, 'prms': {'protocol': 'bce', 'spd': 0, 'sat': 12, 'hdop': 1, 'odometer': 0, 'di16': 1, 'di15': 0, 'di14': 0, 'di13': 0, 'di12': 0, 'di11': 0, 'di10': 0, 'di9': 0, 'di8': 1, 'di7': 1, 'di6': 0, 'di5': 0, 'di4': 0, 'di3': 0, 'di2': 0, 'di1': 0, 'ePwrV': 26.393, 'ai4': 1559, 'iPwrV': 3.989, 'ta': 0, 'mcc1': 420, 'mnc1': 3, 'lac1': 1232, 'cid1': 46982, 'rssi1': 55}, 'devPrms': ['protocol', 'spd', 'sat', 'hdop', 'odometer', 'di16', 'di15', 'di14', 'di13', 'di12', 'di11', 'di10', 'di9', 'di8', 'di7', 'di6', 'di5', 'di4', 'di3', 'di2', 'di1', 'ePwrV', 'ai4', 'iPwrV', 'ta', 'mcc1', 'mnc1', 'lac1', 'cid1', 'rssi1'], 'old_params': {'protocol': 'bce', 'spd': 0, 'sat': 12, 'hdop': 1, 'odometer': 0, 'di16': 1, 'di15': 0, 'di14': 0, 'di13': 0, 'di12': 0, 'di11': 0, 'di10': 0, 'di9': 0, 'di8': 1, 'di7': 1, 'di6': 0, 'di5': 1, 'di4': 0, 'di3': 0, 'di2': 0, 'di1': 1, 'ePwrV': 26.827, 'ai4': 309, 'iPwrV': 3.989, 'ta': 0, 'mcc1': 420, 'mnc1': 3, 'lac1': 1232, 'cid1': 46982, 'rssi1': 55}, 'vLoc': 1, 'vCon': 1, 'ip': '37.216.118.189', 'rl': 0, 'trl': 60196.6683, 'mdu': 0, 'tmdu': 3896076, 'eidl': 8, 'teidl': 4762728, 'fc': 0, 'tfc': 23.263248, 'acc': 0, 'accOn': 9809392, 'accOff': 56740946, 'sdu': 0, 'tsdu': 0, 'lat': 24.614643096923828, 'lng': 46.848941802978516}, 'counters': {'odometer_type': 'gps', 'odometer': 335718.6229, 'engine_hours_type': 'acc', 'engine_hours': 9809392, 'last_acc': 0}, 'is_wasl_connected': 'Connected', 'iconUrl': 'https://api.afaqy.sa/images/units/icons/icon.png', 'hasCCTV': False}
[2024-05-08T12:25:34.275+0000] {warnings.py:109} WARNING - /home/***/.local/lib/python3.8/site-packages/elasticsearch/_sync/client/__init__.py:399: SecurityWarning: Connecting to 'https://dbelk3.afaqy.local:9200' using TLS with verify_certs=False is insecure
  _transport = transport_class(

[2024-05-08T12:25:34.326+0000] {warnings.py:109} WARNING - /home/***/.local/lib/python3.8/site-packages/elasticsearch/_sync/client/__init__.py:399: SecurityWarning: Connecting to 'https://dbelk1.afaqy.local:9200' using TLS with verify_certs=False is insecure
  _transport = transport_class(

[2024-05-08T12:25:34.376+0000] {warnings.py:109} WARNING - /home/***/.local/lib/python3.8/site-packages/elasticsearch/_sync/client/__init__.py:399: SecurityWarning: Connecting to 'https://dbelk2.afaqy.local:9200' using TLS with verify_certs=False is insecure
  _transport = transport_class(

[2024-05-08T12:25:34.711+0000] {warnings.py:109} WARNING - /home/***/.local/lib/python3.8/site-packages/urllib3/connectionpool.py:1061: InsecureRequestWarning: Unverified HTTPS request is being made to host 'dbelk3.afaqy.local'. Adding certificate verification is strongly advised. See: https://urllib3.readthedocs.io/en/1.26.x/advanced-usage.html#ssl-warnings
  warnings.warn(

[2024-05-08T12:25:34.812+0000] {_transport.py:335} INFO - GET https://dbelk3.afaqy.local:9200/_cluster/health [status:200 duration:0.434s]
[2024-05-08T12:25:35.205+0000] {warnings.py:109} WARNING - /home/***/.local/lib/python3.8/site-packages/urllib3/connectionpool.py:1061: InsecureRequestWarning: Unverified HTTPS request is being made to host 'dbelk1.afaqy.local'. Adding certificate verification is strongly advised. See: https://urllib3.readthedocs.io/en/1.26.x/advanced-usage.html#ssl-warnings
  warnings.warn(

[2024-05-08T12:26:34.023+0000] {_transport.py:335} INFO - PUT https://dbelk1.afaqy.local:9200/units_statistics_***/_bulk [status:200 duration:58.841s]
[2024-05-08T12:26:34.176+0000] {taskinstance.py:2731} ERROR - Task failed with exception
Traceback (most recent call last):
  File "/home/airflow/.local/lib/python3.8/site-packages/airflow/models/taskinstance.py", line 444, in _execute_task
    result = _execute_callable(context=context, **execute_callable_kwargs)
  File "/home/airflow/.local/lib/python3.8/site-packages/airflow/models/taskinstance.py", line 414, in _execute_callable
    return execute_callable(context=context, **execute_callable_kwargs)
  File "/home/airflow/.local/lib/python3.8/site-packages/airflow/decorators/base.py", line 241, in execute
    return_value = super().execute(context)
  File "/home/airflow/.local/lib/python3.8/site-packages/airflow/operators/python.py", line 200, in execute
    return_value = self.execute_callable()
  File "/home/airflow/.local/lib/python3.8/site-packages/airflow/operators/python.py", line 217, in execute_callable
    return self.python_callable(*self.op_args, **self.op_kwargs)
  File "/opt/airflow/dags/Units_dag.py", line 111, in ETL_job
    Elk_client.elk_pushData(Globals.index_name,units_list_update)
  File "/opt/airflow/dags/units_statistics/elk_manager.py", line 69, in elk_pushData
    helpers.bulk(self.elk_client, docs_list, index=index_name, chunk_size=batch)
  File "/home/airflow/.local/lib/python3.8/site-packages/elasticsearch/helpers/actions.py", line 521, in bulk
    for ok, item in streaming_bulk(
  File "/home/airflow/.local/lib/python3.8/site-packages/elasticsearch/helpers/actions.py", line 436, in streaming_bulk
    for data, (ok, info) in zip(
  File "/home/airflow/.local/lib/python3.8/site-packages/elasticsearch/helpers/actions.py", line 355, in _process_bulk_chunk
    yield from gen
  File "/home/airflow/.local/lib/python3.8/site-packages/elasticsearch/helpers/actions.py", line 274, in _process_bulk_chunk_success
    raise BulkIndexError(f"{len(errors)} document(s) failed to index.", errors)
elasticsearch.helpers.BulkIndexError: 1207 document(s) failed to index.
[2024-05-08T12:26:34.206+0000] {taskinstance.py:1149} INFO - Marking task as FAILED. dag_id=Units_statistics_DAG, task_id=ETL_job, map_index=4, execution_date=20240508T120000, start_date=20240508T122515, end_date=20240508T122634
[2024-05-08T12:26:34.744+0000] {standard_task_runner.py:107} ERROR - Failed to execute job 41682 for task ETL_job (1207 document(s) failed to index.; 860898)
[2024-05-08T12:26:34.849+0000] {local_task_job_runner.py:234} INFO - Task exited with return code 1
[2024-05-08T12:26:34.901+0000] {taskinstance.py:3312} INFO - 0 downstream tasks scheduled from follow-on schedule check
