[2024-05-12T21:40:20.995+0000] {local_task_job_runner.py:120} INFO - ::group::Pre task execution logs
[2024-05-12T21:40:21.198+0000] {taskinstance.py:2076} INFO - Dependencies all met for dep_context=non-requeueable deps ti=<TaskInstance: Units_statistics_DAG.ETL_job scheduled__2024-05-12T21:20:00+00:00 map_index=11 [queued]>
[2024-05-12T21:40:21.287+0000] {taskinstance.py:2076} INFO - Dependencies all met for dep_context=requeueable deps ti=<TaskInstance: Units_statistics_DAG.ETL_job scheduled__2024-05-12T21:20:00+00:00 map_index=11 [queued]>
[2024-05-12T21:40:21.288+0000] {taskinstance.py:2306} INFO - Starting attempt 1 of 4
[2024-05-12T21:40:21.407+0000] {taskinstance.py:2330} INFO - Executing <Mapped(_PythonDecoratedOperator): ETL_job> on 2024-05-12 21:20:00+00:00
[2024-05-12T21:40:21.418+0000] {warnings.py:110} WARNING - /home/***/.local/lib/python3.12/site-packages/***/task/task_runner/standard_task_runner.py:61: DeprecationWarning: This process (pid=5843) is multi-threaded, use of fork() may lead to deadlocks in the child.
  pid = os.fork()

[2024-05-12T21:40:21.434+0000] {standard_task_runner.py:63} INFO - Started process 5859 to run task
[2024-05-12T21:40:21.445+0000] {standard_task_runner.py:90} INFO - Running: ['***', 'tasks', 'run', 'Units_statistics_DAG', 'ETL_job', 'scheduled__2024-05-12T21:20:00+00:00', '--job-id', '54785', '--raw', '--subdir', 'DAGS_FOLDER/Units_dag.py', '--cfg-path', '/tmp/tmpjt5vim3t', '--map-index', '11']
[2024-05-12T21:40:21.455+0000] {standard_task_runner.py:91} INFO - Job 54785: Subtask ETL_job
[2024-05-12T21:40:21.705+0000] {task_command.py:426} INFO - Running <TaskInstance: Units_statistics_DAG.ETL_job scheduled__2024-05-12T21:20:00+00:00 map_index=11 [running]> on host 7138d7e072c5
[2024-05-12T21:40:22.225+0000] {taskinstance.py:2648} INFO - Exporting env vars: AIRFLOW_CTX_DAG_OWNER='abeer-araby' AIRFLOW_CTX_DAG_ID='Units_statistics_DAG' AIRFLOW_CTX_TASK_ID='ETL_job' AIRFLOW_CTX_EXECUTION_DATE='2024-05-12T21:20:00+00:00' AIRFLOW_CTX_TRY_NUMBER='1' AIRFLOW_CTX_DAG_RUN_ID='scheduled__2024-05-12T21:20:00+00:00'
[2024-05-12T21:40:22.230+0000] {taskinstance.py:430} INFO - ::endgroup::
[2024-05-12T21:40:22.231+0000] {Units_dag.py:98} INFO - i: 110000, chunk: 10000
[2024-05-12T21:40:22.232+0000] {Units_dag.py:99} INFO - child token is::: eyJ0eXAiOiJKV1QiLCJhbGciOiJIUzI1NiJ9.eyJpc3MiOiJodHRwczovL2FwaS5hZmFxeS5zYS9hdXRoL2xvZ2luX2FzIiwiaWF0IjoxNzE1NTUwMDA1LCJleHAiOjE3MTgxNDIwMDUsIm5iZiI6MTcxNTU1MDAwNSwianRpIjoiZDBNYWJOSUNjNGdDUUJQRiIsInN1YiI6IjVkNjNlNTFlMDNlZDUyOTJhNDJjMjRlNiIsInBydiI6IjI3MGVjZmM3ZWEzZWQ5MzdlYTg0OTM2MmEzYTUwOTEwYzZkOGNlNGYiLCJsb2dpbl9hc19pZCI6IjY1N2YwYWQ3M2Y5NzcyOTVjZjA1NTc2YSJ9.YBII9vZJcvEwZsGGQHQx_POJ3aabFzkVeVxGMGMS9ws
[2024-05-12T21:40:52.463+0000] {Units_dag.py:103} INFO - {'_id': '648afb3dede8ad0f4c06248f', 'icon': 'icons/icon.png', 'driver_id': '', 'tailer_id': '', 'profile': {'vehicle_type': '', 'measurement_type': 'count', 'max_capacity': 0, 'vin': '', 'plate_number': '', 'start_operation': '', 'contract_milage': '', 'opening_milage': '', 'model': '', 'fuel_type': '91', 'year': 0, 'seats': 2}, 'device_password': '***', 'device_type': 'gps', 'gateway': False, 'business_types': {'waste': False, 'transportation': False, 'water': False}, 'name': '7691 - X B D - Jeddah warehouse', 'operation_code': '', 'imei': '861230044981489', 'sim_number': '+966830030000590', 'sim_serial': '421267418529', 'device_serial': '861230044981489', 'device': 'bce', 'skip_sim_information': False, 'created_by': '63ff606788feaa51797ff0d3', 'user_id': '63ff606788feaa51797ff0d3', 'updated_at': '2024-04-18 11:18:59', 'created_at': '2023-06-15 14:51:25', 'device_gateway': '', 'custom_fields': [], 'creator': 'rawabi-integrated-admin', 'company': '', 'owner': 'rawabi-integrated-admin', 'last_update': {'dtt': 1715549766000, 'dts': 1715549877873, 'spd': 0, 'ang': 38, 'alt': 19, 'chPrams': {'ePwrV': {'v': 12.913, 'cdt': 1715549766000}, 'di16': {'v': 1, 'cdt': 1715346988000}, 'rssi1': {'v': 77, 'cdt': 1715549766000}, 'di15': {'v': 0, 'cdt': 1715346988000}, 'di14': {'v': 0, 'cdt': 1715543672000}, 'di13': {'v': 0, 'cdt': 1715346988000}, 'di12': {'v': 0, 'cdt': 1715346988000}, 'di11': {'v': 0, 'cdt': 1715346988000}, 'di10': {'v': 0, 'cdt': 1715346988000}, 'di2': {'v': 0, 'cdt': 1715346988000}, 'di1': {'v': 0, 'cdt': 1715544042000}, 'ai4': {'v': 278, 'cdt': 1715549466000}, 'di4': {'v': 0, 'cdt': 1715346988000}, 'di3': {'v': 0, 'cdt': 1715346988000}, 'di6': {'v': 0, 'cdt': 1715346988000}, 'di5': {'v': 0, 'cdt': 1715544068000}, 'lac1': {'v': 42006, 'cdt': 1715543732000}, 'protocol': {'v': 'bce', 'cdt': 1715346988000}, 'di8': {'v': 1, 'cdt': 1715346988000}, 'di7': {'v': 0, 'cdt': 1715544368000}, 'di9': {'v': 0, 'cdt': 1715346988000}, 'iPwrV': {'v': 0.003, 'cdt': 1715549766000}, 'cid1': {'v': 13162, 'cdt': 1715544030000}, 'odometer': {'v': 0, 'cdt': 1715544024000}, 'spd': {'v': 0, 'cdt': 1715544042000}, 'sat': {'v': 7, 'cdt': 1715549766000}, 'hdop': {'v': 1, 'cdt': 1715523138000}, 'ta': {'v': 0, 'cdt': 1715346988000}, 'mcc1': {'v': 420, 'cdt': 1715067816000}, 'mnc1': {'v': 4, 'cdt': 1713677378000}}, 'prms': {'protocol': 'bce', 'spd': 0, 'sat': 7, 'hdop': 1, 'odometer': 0, 'di16': 1, 'di15': 0, 'di14': 0, 'di13': 0, 'di12': 0, 'di11': 0, 'di10': 0, 'di9': 0, 'di8': 1, 'di7': 0, 'di6': 0, 'di5': 0, 'di4': 0, 'di3': 0, 'di2': 0, 'di1': 0, 'ePwrV': 12.913, 'ai4': 278, 'iPwrV': 0.003, 'ta': 0, 'mcc1': 420, 'mnc1': 4, 'lac1': 42006, 'cid1': 13162, 'rssi1': 77}, 'devPrms': ['protocol', 'spd', 'sat', 'hdop', 'odometer', 'di16', 'di15', 'di14', 'di13', 'di12', 'di11', 'di10', 'di9', 'di8', 'di7', 'di6', 'di5', 'di4', 'di3', 'di2', 'di1', 'ePwrV', 'ai4', 'iPwrV', 'ta', 'mcc1', 'mnc1', 'lac1', 'cid1', 'rssi1'], 'old_params': {'protocol': 'bce', 'spd': 0, 'sat': 8, 'hdop': 1, 'odometer': 0, 'di16': 1, 'di15': 0, 'di14': 0, 'di13': 0, 'di12': 0, 'di11': 0, 'di10': 0, 'di9': 0, 'di8': 1, 'di7': 0, 'di6': 0, 'di5': 0, 'di4': 0, 'di3': 0, 'di2': 0, 'di1': 0, 'ePwrV': 12.993, 'ai4': 278, 'iPwrV': 0.235, 'ta': 0, 'mcc1': 420, 'mnc1': 4, 'lac1': 42006, 'cid1': 13162, 'rssi1': 76}, 'vLoc': 1, 'vCon': 1, 'ip': '51.36.195.61', 'rl': 0, 'trl': 37490.2993, 'mdu': 0, 'tmdu': 2326962, 'eidl': 0, 'teidl': 1004492, 'fc': 0, 'tfc': 3.92898, 'acc': 0, 'accOn': 14205660, 'accOff': 25760072, 'sdu': 300, 'tsdu': 5698, 'lat': 21.444107055664062, 'lng': 39.2003059387207}, 'counters': {'odometer_type': 'gps', 'odometer': 116973.2993, 'engine_hours_type': 'acc', 'engine_hours': 14205660, 'last_acc': 0}, 'is_wasl_connected': 'Not Connected', 'iconUrl': 'https://api.afaqy.sa/images/units/icons/icon.png', 'hasCCTV': False}
[2024-05-12T21:40:53.342+0000] {warnings.py:110} WARNING - /home/***/.local/lib/python3.12/site-packages/elasticsearch/_sync/client/__init__.py:399: SecurityWarning: Connecting to 'https://dbelk2.afaqy.local:9200' using TLS with verify_certs=False is insecure
  _transport = transport_class(

[2024-05-12T21:40:53.382+0000] {warnings.py:110} WARNING - /home/***/.local/lib/python3.12/site-packages/elasticsearch/_sync/client/__init__.py:399: SecurityWarning: Connecting to 'https://dbelk1.afaqy.local:9200' using TLS with verify_certs=False is insecure
  _transport = transport_class(

[2024-05-12T21:40:53.879+0000] {warnings.py:110} WARNING - /home/***/.local/lib/python3.12/site-packages/elasticsearch/_sync/client/__init__.py:399: SecurityWarning: Connecting to 'https://dbelk3.afaqy.local:9200' using TLS with verify_certs=False is insecure
  _transport = transport_class(

[2024-05-12T21:40:53.909+0000] {warnings.py:110} WARNING - /home/***/.local/lib/python3.12/site-packages/urllib3/connectionpool.py:1103: InsecureRequestWarning: Unverified HTTPS request is being made to host 'dbelk2.afaqy.local'. Adding certificate verification is strongly advised. See: https://urllib3.readthedocs.io/en/latest/advanced-usage.html#tls-warnings
  warnings.warn(

[2024-05-12T21:40:54.016+0000] {_transport.py:349} INFO - GET https://dbelk2.afaqy.local:9200/_cluster/health [status:200 duration:0.135s]
[2024-05-12T21:40:54.441+0000] {warnings.py:110} WARNING - /home/***/.local/lib/python3.12/site-packages/urllib3/connectionpool.py:1103: InsecureRequestWarning: Unverified HTTPS request is being made to host 'dbelk1.afaqy.local'. Adding certificate verification is strongly advised. See: https://urllib3.readthedocs.io/en/latest/advanced-usage.html#tls-warnings
  warnings.warn(

[2024-05-12T21:40:56.053+0000] {_transport.py:349} INFO - PUT https://dbelk1.afaqy.local:9200/units_statistics_***/_bulk [status:200 duration:1.641s]
[2024-05-12T21:40:56.273+0000] {python.py:237} INFO - Done. Returned value was: None
[2024-05-12T21:40:56.273+0000] {taskinstance.py:441} INFO - ::group::Post task execution logs
[2024-05-12T21:40:56.295+0000] {taskinstance.py:1206} INFO - Marking task as SUCCESS. dag_id=Units_statistics_DAG, task_id=ETL_job, run_id=scheduled__2024-05-12T21:20:00+00:00, map_index=11, execution_date=20240512T212000, start_date=20240512T214021, end_date=20240512T214056
[2024-05-12T21:40:56.352+0000] {local_task_job_runner.py:240} INFO - Task exited with return code 0
[2024-05-12T21:40:56.374+0000] {taskinstance.py:3498} INFO - 0 downstream tasks scheduled from follow-on schedule check
[2024-05-12T21:40:56.375+0000] {local_task_job_runner.py:222} INFO - ::endgroup::
