[2024-04-20T04:00:21.655+0000] {taskinstance.py:1979} INFO - Dependencies all met for dep_context=non-requeueable deps ti=<TaskInstance: Units_statistics_DAG.ETL_job scheduled__2024-04-20T03:00:00+00:00 map_index=6 [queued]>
[2024-04-20T04:00:21.735+0000] {taskinstance.py:1979} INFO - Dependencies all met for dep_context=requeueable deps ti=<TaskInstance: Units_statistics_DAG.ETL_job scheduled__2024-04-20T03:00:00+00:00 map_index=6 [queued]>
[2024-04-20T04:00:21.735+0000] {taskinstance.py:2193} INFO - Starting attempt 1 of 4
[2024-04-20T04:00:21.792+0000] {taskinstance.py:2217} INFO - Executing <Mapped(_PythonDecoratedOperator): ETL_job> on 2024-04-20 03:00:00+00:00
[2024-04-20T04:00:21.813+0000] {standard_task_runner.py:60} INFO - Started process 417880 to run task
[2024-04-20T04:00:21.834+0000] {standard_task_runner.py:87} INFO - Running: ['***', 'tasks', 'run', 'Units_statistics_DAG', 'ETL_job', 'scheduled__2024-04-20T03:00:00+00:00', '--job-id', '9084', '--raw', '--subdir', 'DAGS_FOLDER/Units_dag.py', '--cfg-path', '/tmp/tmpwvncq2_n', '--map-index', '6']
[2024-04-20T04:00:21.852+0000] {standard_task_runner.py:88} INFO - Job 9084: Subtask ETL_job
[2024-04-20T04:00:22.078+0000] {task_command.py:423} INFO - Running <TaskInstance: Units_statistics_DAG.ETL_job scheduled__2024-04-20T03:00:00+00:00 map_index=6 [running]> on host a09da322e808
[2024-04-20T04:00:22.463+0000] {taskinstance.py:2513} INFO - Exporting env vars: AIRFLOW_CTX_DAG_OWNER='abeer-araby' AIRFLOW_CTX_DAG_ID='Units_statistics_DAG' AIRFLOW_CTX_TASK_ID='ETL_job' AIRFLOW_CTX_EXECUTION_DATE='2024-04-20T03:00:00+00:00' AIRFLOW_CTX_TRY_NUMBER='1' AIRFLOW_CTX_DAG_RUN_ID='scheduled__2024-04-20T03:00:00+00:00'
[2024-04-20T04:00:22.464+0000] {Units_dag.py:99} INFO - i: 60000, chunk: 10000
[2024-04-20T04:00:22.464+0000] {Units_dag.py:100} INFO - child token is::: eyJ0eXAiOiJKV1QiLCJhbGciOiJIUzI1NiJ9.eyJpc3MiOiJodHRwczovL2FwaS5hZmFxeS5zYS9hdXRoL2xvZ2luX2FzIiwiaWF0IjoxNzEzNTg1NjA5LCJleHAiOjE3MTYxNzc2MDksIm5iZiI6MTcxMzU4NTYwOSwianRpIjoiUnZ4cWFlc200Q2NJVGgyeiIsInN1YiI6IjVkNjNlNTFlMDNlZDUyOTJhNDJjMjRlNiIsInBydiI6IjI3MGVjZmM3ZWEzZWQ5MzdlYTg0OTM2MmEzYTUwOTEwYzZkOGNlNGYiLCJsb2dpbl9hc19pZCI6IjY1N2YwYWQ3M2Y5NzcyOTVjZjA1NTc2YSJ9.RtwiFh-sTno2tfg3Ul_3mpq9xGsEqXUrTOTtpwqtE3A
[2024-04-20T04:00:51.672+0000] {Units_dag.py:104} INFO - {'_id': '63271f714b20587ef75a1640', 'icon': 'icons/icon.png', 'driver_id': '', 'tailer_id': '', 'profile': {'vehicle_type': None, 'measurement_type': 'count', 'max_capacity': 0, 'vin': None, 'plate_number': '9269 - A D R', 'start_operation': None, 'contract_milage': None, 'opening_milage': None, 'model': None, 'fuel_type': '91', 'year': 0, 'seats': 2}, 'device_password': '***', 'device_type': 'gps', 'gateway': False, 'name': 'ADR9269', 'operation_code': '', 'device_gateway': '', 'business_types': {'waste': False, 'transportation': True, 'water': False}, 'imei': '357073298590940', 'sim_number': '+966830028783115', 'sim_serial': '996609821111333356', 'device_serial': '1125015014', 'device': 'teltonika', 'user_id': '5edc9ce503ed5252d3361fa8', 'created_by': '5e6655bf03ed52e1ab79d301', 'updated_at': '2024-04-18 11:18:59', 'created_at': '2022-09-18 16:38:57', 'custom_fields': [], 'creator': 'amr.ahmed', 'company': '', 'owner': 'hertz-admin', 'last_update': {'dtt': 1713585605000, 'dts': 1713585609241, 'spd': 0, 'ang': 300, 'alt': 632, 'chPrams': {'Speed': {'v': 0, 'cdt': 1713540826000}, 'output1': {'v': False, 'cdt': 1713522937000}, 'output2': {'v': False, 'cdt': 1713522937000}, 'ePwrV': {'v': 13.016, 'cdt': 1713585004000}, 'parm24': {'v': 0, 'cdt': 1713540826000}, 'sat': {'v': 15, 'cdt': 1713585605000}, 'ai1': {'v': 131, 'cdt': 1713194032000}, 'type': {'v': 6, 'cdt': 1711256577000}, 'di2': {'v': 0, 'cdt': 1711371079000}, 'priority': {'v': 0, 'cdt': 1712911994000}, 'di1': {'v': 0, 'cdt': 1713540826000}, 'result': {'v': '5665723a30332e32372e31335f3033204750533a41584e5f352e312e392048773a464d42313230204d6f643a333320494d45493a33353730373332393835393039343020496e69743a323032342d342d313720343a313820557074696d653a323035313730204d41433a303031453432374632453739205350433a312830292041584c3a32204f42443a3020424c3a312e31302042543a34', 'cdt': 1713522907000}, 'protocol': {'v': 'FMB120', 'cdt': 1713522937000}, 'parm6': {'v': 131, 'cdt': 1713125281000}, 'iPwrV': {'v': 4.0520000000000005, 'cdt': 1713570278000}, 'event': {'v': 0, 'cdt': 1712911994000}}, 'prms': {'protocol': 'FMB120', 'priority': 0, 'sat': 15, 'event': 0, 'di1': 0, 'output1': 0, 'di2': 0, 'output2': 0, 'ePwrV': 13.016, 'Speed': 0, 'parm24': 0, 'iPwrV': 4.0520000000000005, 'ai1': 131, 'parm6': 131}, 'devPrms': ['protocol', 'priority', 'sat', 'event', 'di1', 'output1', 'di2', 'output2', 'ePwrV', 'Speed', 'parm24', 'iPwrV', 'ai1', 'parm6'], 'old_params': {'Speed': 0, 'output1': 0, 'output2': 0, 'ePwrV': 13.016, 'parm24': 0, 'sat': 13, 'ai1': 131, 'priority': 0, 'di2': 0, 'di1': 0, 'protocol': 'teltonika', 'parm6': 131, 'iPwrV': 4.0520000000000005, 'event': 0}, 'vLoc': 1, 'vCon': 1, 'ip': '109.83.172.115', 'rl': 0, 'trl': 23789.5683, 'mdu': 0, 'tmdu': 1988048, 'eidl': 0, 'teidl': 511994, 'fc': 0, 'tfc': 223.570742, 'acc': 0, 'accOn': 4883561, 'accOff': 46296567, 'sdu': 300, 'tsdu': 44779, 'lat': 24.9182799, 'lng': 46.7065833}, 'counters': {'odometer_type': 'gps', 'odometer': 23804.5712, 'engine_hours_type': 'acc', 'engine_hours': 4883561, 'last_acc': 0}, 'is_wasl_connected': 'Not Connected', 'iconUrl': 'https://api.afaqy.sa/images/units/icons/icon.png', 'hasCCTV': False}
[2024-04-20T04:00:52.422+0000] {warnings.py:109} WARNING - /home/***/.local/lib/python3.8/site-packages/elasticsearch/_sync/client/__init__.py:399: SecurityWarning: Connecting to 'https://dbelk1.afaqy.local:9200' using TLS with verify_certs=False is insecure
  _transport = transport_class(

[2024-04-20T04:00:52.453+0000] {warnings.py:109} WARNING - /home/***/.local/lib/python3.8/site-packages/elasticsearch/_sync/client/__init__.py:399: SecurityWarning: Connecting to 'https://dbelk2.afaqy.local:9200' using TLS with verify_certs=False is insecure
  _transport = transport_class(

[2024-04-20T04:00:52.483+0000] {warnings.py:109} WARNING - /home/***/.local/lib/python3.8/site-packages/elasticsearch/_sync/client/__init__.py:399: SecurityWarning: Connecting to 'https://dbelk3.afaqy.local:9200' using TLS with verify_certs=False is insecure
  _transport = transport_class(

[2024-04-20T04:00:52.510+0000] {warnings.py:109} WARNING - /home/***/.local/lib/python3.8/site-packages/urllib3/connectionpool.py:1061: InsecureRequestWarning: Unverified HTTPS request is being made to host 'dbelk1.afaqy.local'. Adding certificate verification is strongly advised. See: https://urllib3.readthedocs.io/en/1.26.x/advanced-usage.html#ssl-warnings
  warnings.warn(

[2024-04-20T04:00:52.560+0000] {_transport.py:335} INFO - GET https://dbelk1.afaqy.local:9200/_cluster/health [status:200 duration:0.075s]
[2024-04-20T04:00:52.897+0000] {warnings.py:109} WARNING - /home/***/.local/lib/python3.8/site-packages/urllib3/connectionpool.py:1061: InsecureRequestWarning: Unverified HTTPS request is being made to host 'dbelk2.afaqy.local'. Adding certificate verification is strongly advised. See: https://urllib3.readthedocs.io/en/1.26.x/advanced-usage.html#ssl-warnings
  warnings.warn(

[2024-04-20T04:00:55.232+0000] {_transport.py:335} INFO - PUT https://dbelk2.afaqy.local:9200/units_statistics_***/_bulk [status:200 duration:2.360s]
[2024-04-20T04:00:55.665+0000] {python.py:202} INFO - Done. Returned value was: None
[2024-04-20T04:00:55.679+0000] {taskinstance.py:1149} INFO - Marking task as SUCCESS. dag_id=Units_statistics_DAG, task_id=ETL_job, map_index=6, execution_date=20240420T030000, start_date=20240420T040021, end_date=20240420T040055
[2024-04-20T04:00:55.708+0000] {local_task_job_runner.py:234} INFO - Task exited with return code 0
[2024-04-20T04:00:55.736+0000] {taskinstance.py:3312} INFO - 0 downstream tasks scheduled from follow-on schedule check
