[2024-05-09T16:23:19.949+0000] {taskinstance.py:1979} INFO - Dependencies all met for dep_context=non-requeueable deps ti=<TaskInstance: Units_statistics_DAG.ETL_job scheduled__2024-05-09T16:00:00+00:00 map_index=4 [queued]>
[2024-05-09T16:23:19.980+0000] {taskinstance.py:1979} INFO - Dependencies all met for dep_context=requeueable deps ti=<TaskInstance: Units_statistics_DAG.ETL_job scheduled__2024-05-09T16:00:00+00:00 map_index=4 [queued]>
[2024-05-09T16:23:19.980+0000] {taskinstance.py:2193} INFO - Starting attempt 3 of 4
[2024-05-09T16:23:20.016+0000] {taskinstance.py:2217} INFO - Executing <Mapped(_PythonDecoratedOperator): ETL_job> on 2024-05-09 16:00:00+00:00
[2024-05-09T16:23:20.025+0000] {standard_task_runner.py:60} INFO - Started process 890995 to run task
[2024-05-09T16:23:20.044+0000] {standard_task_runner.py:87} INFO - Running: ['***', 'tasks', 'run', 'Units_statistics_DAG', 'ETL_job', 'scheduled__2024-05-09T16:00:00+00:00', '--job-id', '44779', '--raw', '--subdir', 'DAGS_FOLDER/Units_dag.py', '--cfg-path', '/tmp/tmp0twl7jm2', '--map-index', '4']
[2024-05-09T16:23:20.047+0000] {standard_task_runner.py:88} INFO - Job 44779: Subtask ETL_job
[2024-05-09T16:23:20.202+0000] {task_command.py:423} INFO - Running <TaskInstance: Units_statistics_DAG.ETL_job scheduled__2024-05-09T16:00:00+00:00 map_index=4 [running]> on host a09da322e808
[2024-05-09T16:23:20.477+0000] {taskinstance.py:2513} INFO - Exporting env vars: AIRFLOW_CTX_DAG_OWNER='abeer-araby' AIRFLOW_CTX_DAG_ID='Units_statistics_DAG' AIRFLOW_CTX_TASK_ID='ETL_job' AIRFLOW_CTX_EXECUTION_DATE='2024-05-09T16:00:00+00:00' AIRFLOW_CTX_TRY_NUMBER='3' AIRFLOW_CTX_DAG_RUN_ID='scheduled__2024-05-09T16:00:00+00:00'
[2024-05-09T16:23:20.478+0000] {Units_dag.py:98} INFO - i: 40000, chunk: 10000
[2024-05-09T16:23:20.479+0000] {Units_dag.py:99} INFO - child token is::: eyJ0eXAiOiJKV1QiLCJhbGciOiJIUzI1NiJ9.eyJpc3MiOiJodHRwczovL2FwaS5hZmFxeS5zYS9hdXRoL2xvZ2luX2FzIiwiaWF0IjoxNzE1MjcxNjAzLCJleHAiOjE3MTc4NjM2MDMsIm5iZiI6MTcxNTI3MTYwMywianRpIjoibG5IakxVUHg2a2RUclExZiIsInN1YiI6IjVkNjNlNTFlMDNlZDUyOTJhNDJjMjRlNiIsInBydiI6IjI3MGVjZmM3ZWEzZWQ5MzdlYTg0OTM2MmEzYTUwOTEwYzZkOGNlNGYiLCJsb2dpbl9hc19pZCI6IjY1N2YwYWQ3M2Y5NzcyOTVjZjA1NTc2YSJ9.HbgJAj5mMBh9E-u_DWysuByw1_X90eA6P78NomUgwFo
[2024-05-09T16:23:38.473+0000] {Units_dag.py:103} INFO - {'_id': '6267e2ab018afb6f91321e71', 'icon': 'icons/icon.png', 'driver_id': '', 'tailer_id': '', 'profile': {'vehicle_type': '', 'measurement_type': 'count', 'max_capacity': 0, 'vin': '', 'plate_number': '', 'start_operation': '', 'contract_milage': '', 'opening_milage': '', 'model': '', 'fuel_type': '91', 'year': 0, 'seats': 2}, 'device_password': '***', 'device_type': 'gps', 'gateway': False, 'name': '1953LBR', 'operation_code': '', 'device_gateway': '', 'business_types': {'waste': False, 'transportation': False, 'water': False}, 'imei': '860665057437104', 'sim_number': '+966830028521014', 'sim_serial': '8996609821110926081', 'device_serial': '860665057437104', 'device': 'bce', 'user_id': '605b2ce24dfbf765482210f2', 'created_by': '62271a5cd4ce5c43410dd468', 'updated_at': '2024-04-18 11:18:59', 'created_at': '2022-04-26 15:16:43', 'custom_fields': [], 'creator': '', 'company': '', 'owner': 'theeb-admin', 'last_update': {'dtt': 1715271764000, 'dts': 1715271774375, 'spd': 15, 'ang': 40, 'alt': 15, 'chPrams': {'ePwrV': {'v': 13.631, 'cdt': 1715271764000}, 'di16': {'v': 1, 'cdt': 1713192850000}, 'rssi1': {'v': 59, 'cdt': 1715271764000}, 'di15': {'v': 0, 'cdt': 1713192850000}, 'di14': {'v': 0, 'cdt': 1715271536000}, 'di13': {'v': 0, 'cdt': 1713192850000}, 'di12': {'v': 0, 'cdt': 1713192850000}, 'di11': {'v': 0, 'cdt': 1713192850000}, 'di10': {'v': 0, 'cdt': 1713192850000}, 'di2': {'v': 0, 'cdt': 1713192850000}, 'ai4': {'v': 268, 'cdt': 1715271760000}, 'di1': {'v': 1, 'cdt': 1715271424000}, 'di4': {'v': 0, 'cdt': 1713192850000}, 'di3': {'v': 0, 'cdt': 1713192850000}, 'di6': {'v': 0, 'cdt': 1713192850000}, 'di5': {'v': 1, 'cdt': 1715268852000}, 'lac1': {'v': 3503, 'cdt': 1715271606000}, 'protocol': {'v': 'bce', 'cdt': 1713192850000}, 'di8': {'v': 1, 'cdt': 1713432028000}, 'di7': {'v': 1, 'cdt': 1715268916000}, 'di9': {'v': 0, 'cdt': 1714527444000}, 'iPwrV': {'v': 4.002, 'cdt': 1715271248000}, 'humidity': {'v': -1, 'cdt': 1713193450000}, 'cid1': {'v': 29012, 'cdt': 1715271764000}, 'temp': {'v': -273, 'cdt': 1712940340000}, 'odometer': {'v': 1101138372, 'cdt': 1715271764000}, 'spd': {'v': 15, 'cdt': 1715271764000}, 'sat': {'v': 10, 'cdt': 1715271764000}, 'hdop': {'v': 1, 'cdt': 1715210204000}, 'ta': {'v': 0, 'cdt': 1713193450000}, 'mcc1': {'v': 420, 'cdt': 1714937172000}, 'mnc1': {'v': 3, 'cdt': 1714937172000}}, 'prms': {'protocol': 'bce', 'spd': 15, 'sat': 10, 'hdop': 1, 'odometer': 1101138372, 'di16': 1, 'di15': 0, 'di14': 0, 'di13': 0, 'di12': 0, 'di11': 0, 'di10': 0, 'di9': 0, 'di8': 1, 'di7': 1, 'di6': 0, 'di5': 1, 'di4': 0, 'di3': 0, 'di2': 0, 'di1': 1, 'ePwrV': 13.631, 'ai4': 268, 'iPwrV': 4.002, 'ta': 0, 'mcc1': 420, 'mnc1': 3, 'lac1': 3503, 'cid1': 29012, 'rssi1': 59, 'temp': -273, 'humidity': -1}, 'devPrms': ['protocol', 'spd', 'sat', 'hdop', 'odometer', 'di16', 'di15', 'di14', 'di13', 'di12', 'di11', 'di10', 'di9', 'di8', 'di7', 'di6', 'di5', 'di4', 'di3', 'di2', 'di1', 'ePwrV', 'ai4', 'iPwrV', 'ta', 'mcc1', 'mnc1', 'lac1', 'cid1', 'rssi1', 'temp', 'humidity'], 'old_params': {'protocol': 'bce', 'spd': 35, 'sat': 12, 'hdop': 1, 'odometer': 1123920776, 'di16': 1, 'di15': 0, 'di14': 0, 'di13': 0, 'di12': 0, 'di11': 0, 'di10': 0, 'di9': 0, 'di8': 1, 'di7': 1, 'di6': 0, 'di5': 1, 'di4': 0, 'di3': 0, 'di2': 0, 'di1': 1, 'ePwrV': 14.216, 'ai4': 268, 'iPwrV': 4.002, 'ta': 0, 'mcc1': 420, 'mnc1': 3, 'lac1': 3503, 'cid1': 36483, 'rssi1': 54, 'temp': -273, 'humidity': -1}, 'vLoc': 1, 'vCon': 1, 'ip': '109.83.242.212', 'rl': 0.0206, 'trl': 106889.7605, 'mdu': 4, 'tmdu': 4429474, 'eidl': 0, 'teidl': 6498884, 'fc': 0.002472, 'tfc': 6.164904, 'acc': 1, 'accOn': 11377280, 'accOff': 58959132, 'sdu': 0, 'tsdu': 0, 'lat': 26.304351806640625, 'lng': 50.17378234863281}, 'counters': {'odometer_type': 'gps', 'odometer': 106889.7605, 'engine_hours_type': 'acc', 'engine_hours': 11377280, 'last_acc': 1}, 'is_wasl_connected': 'Not Connected', 'iconUrl': 'https://api.afaqy.sa/images/units/icons/icon.png', 'hasCCTV': False}
[2024-05-09T16:23:39.062+0000] {warnings.py:109} WARNING - /home/***/.local/lib/python3.8/site-packages/elasticsearch/_sync/client/__init__.py:399: SecurityWarning: Connecting to 'https://dbelk2.afaqy.local:9200' using TLS with verify_certs=False is insecure
  _transport = transport_class(

[2024-05-09T16:23:39.108+0000] {warnings.py:109} WARNING - /home/***/.local/lib/python3.8/site-packages/elasticsearch/_sync/client/__init__.py:399: SecurityWarning: Connecting to 'https://dbelk3.afaqy.local:9200' using TLS with verify_certs=False is insecure
  _transport = transport_class(

[2024-05-09T16:23:39.161+0000] {warnings.py:109} WARNING - /home/***/.local/lib/python3.8/site-packages/elasticsearch/_sync/client/__init__.py:399: SecurityWarning: Connecting to 'https://dbelk1.afaqy.local:9200' using TLS with verify_certs=False is insecure
  _transport = transport_class(

[2024-05-09T16:23:39.182+0000] {warnings.py:109} WARNING - /home/***/.local/lib/python3.8/site-packages/urllib3/connectionpool.py:1061: InsecureRequestWarning: Unverified HTTPS request is being made to host 'dbelk2.afaqy.local'. Adding certificate verification is strongly advised. See: https://urllib3.readthedocs.io/en/1.26.x/advanced-usage.html#ssl-warnings
  warnings.warn(

[2024-05-09T16:23:39.268+0000] {_transport.py:335} INFO - GET https://dbelk2.afaqy.local:9200/_cluster/health [status:200 duration:0.105s]
[2024-05-09T16:23:39.716+0000] {warnings.py:109} WARNING - /home/***/.local/lib/python3.8/site-packages/urllib3/connectionpool.py:1061: InsecureRequestWarning: Unverified HTTPS request is being made to host 'dbelk3.afaqy.local'. Adding certificate verification is strongly advised. See: https://urllib3.readthedocs.io/en/1.26.x/advanced-usage.html#ssl-warnings
  warnings.warn(

[2024-05-09T16:23:39.731+0000] {_transport.py:335} INFO - PUT https://dbelk3.afaqy.local:9200/units_statistics_***/_bulk [status:429 duration:0.042s]
[2024-05-09T16:23:39.732+0000] {_node_pool.py:249} WARNING - Node <Urllib3HttpNode(https://dbelk3.afaqy.local:9200)> has failed for 1 times in a row, putting on 1 second timeout
[2024-05-09T16:23:39.732+0000] {_transport.py:427} WARNING - Retrying request after non-successful status 429 (attempt 0 of 3)
[2024-05-09T16:23:39.733+0000] {warnings.py:109} WARNING - /home/***/.local/lib/python3.8/site-packages/urllib3/connectionpool.py:1061: InsecureRequestWarning: Unverified HTTPS request is being made to host 'dbelk2.afaqy.local'. Adding certificate verification is strongly advised. See: https://urllib3.readthedocs.io/en/1.26.x/advanced-usage.html#ssl-warnings
  warnings.warn(

[2024-05-09T16:23:39.749+0000] {_transport.py:335} INFO - PUT https://dbelk2.afaqy.local:9200/units_statistics_***/_bulk [status:429 duration:0.017s]
[2024-05-09T16:23:39.750+0000] {_node_pool.py:249} WARNING - Node <Urllib3HttpNode(https://dbelk2.afaqy.local:9200)> has failed for 1 times in a row, putting on 1 second timeout
[2024-05-09T16:23:39.750+0000] {_transport.py:427} WARNING - Retrying request after non-successful status 429 (attempt 1 of 3)
[2024-05-09T16:23:39.776+0000] {warnings.py:109} WARNING - /home/***/.local/lib/python3.8/site-packages/urllib3/connectionpool.py:1061: InsecureRequestWarning: Unverified HTTPS request is being made to host 'dbelk1.afaqy.local'. Adding certificate verification is strongly advised. See: https://urllib3.readthedocs.io/en/1.26.x/advanced-usage.html#ssl-warnings
  warnings.warn(

[2024-05-09T16:23:39.944+0000] {_transport.py:335} INFO - PUT https://dbelk1.afaqy.local:9200/units_statistics_***/_bulk [status:200 duration:0.193s]
[2024-05-09T16:23:40.233+0000] {taskinstance.py:2731} ERROR - Task failed with exception
Traceback (most recent call last):
  File "/home/airflow/.local/lib/python3.8/site-packages/airflow/models/taskinstance.py", line 444, in _execute_task
    result = _execute_callable(context=context, **execute_callable_kwargs)
  File "/home/airflow/.local/lib/python3.8/site-packages/airflow/models/taskinstance.py", line 414, in _execute_callable
    return execute_callable(context=context, **execute_callable_kwargs)
  File "/home/airflow/.local/lib/python3.8/site-packages/airflow/decorators/base.py", line 241, in execute
    return_value = super().execute(context)
  File "/home/airflow/.local/lib/python3.8/site-packages/airflow/operators/python.py", line 200, in execute
    return_value = self.execute_callable()
  File "/home/airflow/.local/lib/python3.8/site-packages/airflow/operators/python.py", line 217, in execute_callable
    return self.python_callable(*self.op_args, **self.op_kwargs)
  File "/opt/airflow/dags/Units_dag.py", line 111, in ETL_job
    Elk_client.elk_pushData(Globals.index_name,units_list_update)
  File "/opt/airflow/dags/units_statistics/elk_manager.py", line 69, in elk_pushData
    helpers.bulk(self.elk_client, docs_list, index=index_name, chunk_size=batch)
  File "/home/airflow/.local/lib/python3.8/site-packages/elasticsearch/helpers/actions.py", line 521, in bulk
    for ok, item in streaming_bulk(
  File "/home/airflow/.local/lib/python3.8/site-packages/elasticsearch/helpers/actions.py", line 436, in streaming_bulk
    for data, (ok, info) in zip(
  File "/home/airflow/.local/lib/python3.8/site-packages/elasticsearch/helpers/actions.py", line 355, in _process_bulk_chunk
    yield from gen
  File "/home/airflow/.local/lib/python3.8/site-packages/elasticsearch/helpers/actions.py", line 274, in _process_bulk_chunk_success
    raise BulkIndexError(f"{len(errors)} document(s) failed to index.", errors)
elasticsearch.helpers.BulkIndexError: 10000 document(s) failed to index.
[2024-05-09T16:23:40.246+0000] {taskinstance.py:1149} INFO - Marking task as UP_FOR_RETRY. dag_id=Units_statistics_DAG, task_id=ETL_job, map_index=4, execution_date=20240509T160000, start_date=20240509T162319, end_date=20240509T162340
[2024-05-09T16:23:40.266+0000] {standard_task_runner.py:107} ERROR - Failed to execute job 44779 for task ETL_job (10000 document(s) failed to index.; 890995)
[2024-05-09T16:23:40.340+0000] {local_task_job_runner.py:234} INFO - Task exited with return code 1
[2024-05-09T16:23:40.371+0000] {taskinstance.py:3312} INFO - 0 downstream tasks scheduled from follow-on schedule check
