[2024-04-28T10:20:20.261+0000] {taskinstance.py:1979} INFO - Dependencies all met for dep_context=non-requeueable deps ti=<TaskInstance: Units_statistics_DAG.ETL_job scheduled__2024-04-28T10:00:00+00:00 map_index=6 [queued]>
[2024-04-28T10:20:20.336+0000] {taskinstance.py:1979} INFO - Dependencies all met for dep_context=requeueable deps ti=<TaskInstance: Units_statistics_DAG.ETL_job scheduled__2024-04-28T10:00:00+00:00 map_index=6 [queued]>
[2024-04-28T10:20:20.344+0000] {taskinstance.py:2193} INFO - Starting attempt 1 of 4
[2024-04-28T10:20:20.429+0000] {taskinstance.py:2217} INFO - Executing <Mapped(_PythonDecoratedOperator): ETL_job> on 2024-04-28 10:00:00+00:00
[2024-04-28T10:20:20.475+0000] {standard_task_runner.py:60} INFO - Started process 612222 to run task
[2024-04-28T10:20:20.509+0000] {standard_task_runner.py:87} INFO - Running: ['***', 'tasks', 'run', 'Units_statistics_DAG', 'ETL_job', 'scheduled__2024-04-28T10:00:00+00:00', '--job-id', '21105', '--raw', '--subdir', 'DAGS_FOLDER/Units_dag.py', '--cfg-path', '/tmp/tmpaj3mav5t', '--map-index', '6']
[2024-04-28T10:20:20.511+0000] {standard_task_runner.py:88} INFO - Job 21105: Subtask ETL_job
[2024-04-28T10:20:20.935+0000] {task_command.py:423} INFO - Running <TaskInstance: Units_statistics_DAG.ETL_job scheduled__2024-04-28T10:00:00+00:00 map_index=6 [running]> on host a09da322e808
[2024-04-28T10:20:21.568+0000] {taskinstance.py:2513} INFO - Exporting env vars: AIRFLOW_CTX_DAG_OWNER='abeer-araby' AIRFLOW_CTX_DAG_ID='Units_statistics_DAG' AIRFLOW_CTX_TASK_ID='ETL_job' AIRFLOW_CTX_EXECUTION_DATE='2024-04-28T10:00:00+00:00' AIRFLOW_CTX_TRY_NUMBER='1' AIRFLOW_CTX_DAG_RUN_ID='scheduled__2024-04-28T10:00:00+00:00'
[2024-04-28T10:20:21.570+0000] {Units_dag.py:99} INFO - i: 60000, chunk: 10000
[2024-04-28T10:20:21.570+0000] {Units_dag.py:100} INFO - child token is::: eyJ0eXAiOiJKV1QiLCJhbGciOiJIUzI1NiJ9.eyJpc3MiOiJodHRwczovL2FwaS5hZmFxeS5zYS9hdXRoL2xvZ2luX2FzIiwiaWF0IjoxNzE0Mjk5NjA3LCJleHAiOjE3MTY4OTE2MDcsIm5iZiI6MTcxNDI5OTYwNywianRpIjoiVXh6RjA2bUs0MmM3ODZXcCIsInN1YiI6IjVkNjNlNTFlMDNlZDUyOTJhNDJjMjRlNiIsInBydiI6IjI3MGVjZmM3ZWEzZWQ5MzdlYTg0OTM2MmEzYTUwOTEwYzZkOGNlNGYiLCJsb2dpbl9hc19pZCI6IjY1N2YwYWQ3M2Y5NzcyOTVjZjA1NTc2YSJ9.rmQAr8Pcp5e5Hs5REbo9AzkjBCRqa-8f9wemT0wXy6A
[2024-04-28T10:20:48.196+0000] {Units_dag.py:104} INFO - {'_id': '632884b2a5af0951e27e6491', 'icon': 'icons/D_7.png', 'driver_id': '', 'tailer_id': '', 'profile': {'vehicle_type': None, 'measurement_type': 'count', 'max_capacity': 0, 'vin': None, 'plate_number': None, 'start_operation': None, 'contract_milage': None, 'opening_milage': None, 'model': None, 'fuel_type': '91', 'year': 0, 'seats': 2}, 'device_password': '***', 'device_type': 'gps', 'gateway': False, 'name': '6676 RSA', 'operation_code': '', 'device_gateway': '', 'business_types': {'waste': False, 'transportation': True, 'water': False}, 'imei': '357073298711124', 'sim_number': '+966830031807101', 'sim_serial': '421296736317', 'device_serial': '1124886983', 'device': 'teltonika', 'user_id': '62b9a1516bfc54699f7b0c2b', 'created_by': '5e6655bf03ed52e1ab79d301', 'updated_at': '2024-04-18 11:18:59', 'created_at': '2022-09-19 18:03:14', 'skip_sim_information': False, 'shipment_info': None, 'custom_fields': [], 'creator': 'amr.ahmed', 'company': '', 'owner': 'saudi-hemaya-admin', 'last_update': {'dtt': 1714299599000, 'dts': 1714299601215, 'spd': 63, 'ang': 244, 'alt': 720, 'chPrams': {'Speed': {'v': 63, 'cdt': 1714299569000}, 'output1': {'v': False, 'cdt': 1714127120000}, 'output2': {'v': False, 'cdt': 1714127120000}, 'ePwrV': {'v': 28.651, 'cdt': 1714299599000}, 'parm24': {'v': 63, 'cdt': 1714299569000}, 'sat': {'v': 17, 'cdt': 1714299599000}, 'ai1': {'v': 14364, 'cdt': 1714299599000}, 'priority': {'v': 0, 'cdt': 1712940373000}, 'di2': {'v': 0, 'cdt': 1712940673000}, 'type': {'v': 6, 'cdt': 1713131612000}, 'di1': {'v': 1, 'cdt': 1714284976000}, 'result': {'v': '5665723a30332e32372e31345f3030204750533a41584e5f352e312e392048773a464d42313230204d6f643a333320494d45493a33353730373332393837313131323420496e69743a323032342d342d323620353a323320557074696d653a313833303334204d41433a303031453432374635373743205350433a312830292041584c3a32204f42443a3020424c3a312e31302042543a34', 'cdt': 1714292326000}, 'parm6': {'v': 130, 'cdt': 1714206368000}, 'protocol': {'v': 'FMB120', 'cdt': 1714292356000}, 'iPwrV': {'v': 4.056, 'cdt': 1714299027000}, 'event': {'v': 0, 'cdt': 1712940373000}}, 'prms': {'protocol': 'FMB120', 'priority': 0, 'sat': 17, 'event': 0, 'di1': 1, 'output1': 0, 'di2': 0, 'output2': 0, 'ePwrV': 28.651, 'Speed': 63, 'parm24': 63, 'iPwrV': 4.056, 'ai1': 14364, 'parm6': 130}, 'devPrms': ['protocol', 'priority', 'sat', 'event', 'di1', 'output1', 'di2', 'output2', 'ePwrV', 'Speed', 'parm24', 'iPwrV', 'ai1', 'parm6', 'type', 'result'], 'old_params': {'protocol': 'FMB120', 'priority': 0, 'sat': 19, 'event': 0, 'di1': 1, 'output1': 0, 'di2': 0, 'output2': 0, 'ePwrV': 28.647000000000002, 'Speed': 63, 'parm24': 63, 'iPwrV': 4.056, 'ai1': 14561, 'parm6': 130}, 'vLoc': 1, 'vCon': 1, 'ip': '51.36.59.39', 'rl': 0.533, 'trl': 93744.6003, 'mdu': 30, 'tmdu': 5318945, 'eidl': 0, 'teidl': 2508808, 'fc': 0.06396, 'tfc': 179.913252, 'acc': 1, 'accOn': 61341323273, 'accOff': 42311541378, 'sdu': 0, 'tsdu': 0, 'lat': 24.1835883, 'lng': 45.4945883}, 'counters': {'odometer_type': 'gps', 'odometer': 155823.7304, 'engine_hours_type': 'acc', 'engine_hours': 61341323273, 'last_acc': 1}, 'is_wasl_connected': 'Connected', 'iconUrl': 'https://api.afaqy.sa/images/units/icons/D_7.png', 'hasCCTV': False}
[2024-04-28T10:20:55.675+0000] {warnings.py:109} WARNING - /home/***/.local/lib/python3.8/site-packages/elasticsearch/_sync/client/__init__.py:399: SecurityWarning: Connecting to 'https://dbelk1.afaqy.local:9200' using TLS with verify_certs=False is insecure
  _transport = transport_class(

[2024-04-28T10:20:55.861+0000] {warnings.py:109} WARNING - /home/***/.local/lib/python3.8/site-packages/elasticsearch/_sync/client/__init__.py:399: SecurityWarning: Connecting to 'https://dbelk3.afaqy.local:9200' using TLS with verify_certs=False is insecure
  _transport = transport_class(

[2024-04-28T10:20:55.967+0000] {warnings.py:109} WARNING - /home/***/.local/lib/python3.8/site-packages/elasticsearch/_sync/client/__init__.py:399: SecurityWarning: Connecting to 'https://dbelk2.afaqy.local:9200' using TLS with verify_certs=False is insecure
  _transport = transport_class(

[2024-04-28T10:20:55.990+0000] {warnings.py:109} WARNING - /home/***/.local/lib/python3.8/site-packages/urllib3/connectionpool.py:1061: InsecureRequestWarning: Unverified HTTPS request is being made to host 'dbelk1.afaqy.local'. Adding certificate verification is strongly advised. See: https://urllib3.readthedocs.io/en/1.26.x/advanced-usage.html#ssl-warnings
  warnings.warn(

[2024-04-28T10:20:56.035+0000] {_transport.py:335} INFO - GET https://dbelk1.afaqy.local:9200/_cluster/health [status:200 duration:0.066s]
[2024-04-28T10:20:56.930+0000] {warnings.py:109} WARNING - /home/***/.local/lib/python3.8/site-packages/urllib3/connectionpool.py:1061: InsecureRequestWarning: Unverified HTTPS request is being made to host 'dbelk3.afaqy.local'. Adding certificate verification is strongly advised. See: https://urllib3.readthedocs.io/en/1.26.x/advanced-usage.html#ssl-warnings
  warnings.warn(

[2024-04-28T10:20:59.176+0000] {_transport.py:335} INFO - PUT https://dbelk3.afaqy.local:9200/units_statistics_***/_bulk [status:200 duration:2.265s]
[2024-04-28T10:21:00.052+0000] {python.py:202} INFO - Done. Returned value was: None
[2024-04-28T10:21:00.068+0000] {taskinstance.py:1149} INFO - Marking task as SUCCESS. dag_id=Units_statistics_DAG, task_id=ETL_job, map_index=6, execution_date=20240428T100000, start_date=20240428T102020, end_date=20240428T102100
[2024-04-28T10:21:00.186+0000] {local_task_job_runner.py:234} INFO - Task exited with return code 0
[2024-04-28T10:21:00.223+0000] {taskinstance.py:3312} INFO - 0 downstream tasks scheduled from follow-on schedule check
