[2024-04-22T03:20:20.044+0000] {taskinstance.py:1979} INFO - Dependencies all met for dep_context=non-requeueable deps ti=<TaskInstance: Units_statistics_DAG.ETL_job scheduled__2024-04-22T03:00:00+00:00 map_index=15 [queued]>
[2024-04-22T03:20:20.207+0000] {taskinstance.py:1979} INFO - Dependencies all met for dep_context=requeueable deps ti=<TaskInstance: Units_statistics_DAG.ETL_job scheduled__2024-04-22T03:00:00+00:00 map_index=15 [queued]>
[2024-04-22T03:20:20.208+0000] {taskinstance.py:2193} INFO - Starting attempt 1 of 4
[2024-04-22T03:20:20.424+0000] {taskinstance.py:2217} INFO - Executing <Mapped(_PythonDecoratedOperator): ETL_job> on 2024-04-22 03:00:00+00:00
[2024-04-22T03:20:20.502+0000] {standard_task_runner.py:60} INFO - Started process 462082 to run task
[2024-04-22T03:20:20.562+0000] {standard_task_runner.py:87} INFO - Running: ['***', 'tasks', 'run', 'Units_statistics_DAG', 'ETL_job', 'scheduled__2024-04-22T03:00:00+00:00', '--job-id', '10735', '--raw', '--subdir', 'DAGS_FOLDER/Units_dag.py', '--cfg-path', '/tmp/tmpdxymnzux', '--map-index', '15']
[2024-04-22T03:20:20.564+0000] {standard_task_runner.py:88} INFO - Job 10735: Subtask ETL_job
[2024-04-22T03:20:21.135+0000] {task_command.py:423} INFO - Running <TaskInstance: Units_statistics_DAG.ETL_job scheduled__2024-04-22T03:00:00+00:00 map_index=15 [running]> on host a09da322e808
[2024-04-22T03:20:22.105+0000] {taskinstance.py:2513} INFO - Exporting env vars: AIRFLOW_CTX_DAG_OWNER='abeer-araby' AIRFLOW_CTX_DAG_ID='Units_statistics_DAG' AIRFLOW_CTX_TASK_ID='ETL_job' AIRFLOW_CTX_EXECUTION_DATE='2024-04-22T03:00:00+00:00' AIRFLOW_CTX_TRY_NUMBER='1' AIRFLOW_CTX_DAG_RUN_ID='scheduled__2024-04-22T03:00:00+00:00'
[2024-04-22T03:20:22.107+0000] {Units_dag.py:99} INFO - i: 150000, chunk: 10000
[2024-04-22T03:20:22.108+0000] {Units_dag.py:100} INFO - child token is::: eyJ0eXAiOiJKV1QiLCJhbGciOiJIUzI1NiJ9.eyJpc3MiOiJodHRwczovL2FwaS5hZmFxeS5zYS9hdXRoL2xvZ2luX2FzIiwiaWF0IjoxNzEzNzU2MDA0LCJleHAiOjE3MTYzNDgwMDQsIm5iZiI6MTcxMzc1NjAwNCwianRpIjoiVjlnMW82OGRMOU4zcFNjcSIsInN1YiI6IjVkNjNlNTFlMDNlZDUyOTJhNDJjMjRlNiIsInBydiI6IjI3MGVjZmM3ZWEzZWQ5MzdlYTg0OTM2MmEzYTUwOTEwYzZkOGNlNGYiLCJsb2dpbl9hc19pZCI6IjY1N2YwYWQ3M2Y5NzcyOTVjZjA1NTc2YSJ9.Jf9w08MoEcyQEX_0IFARTaKuyUvFlA3kxHWzBPoK2iQ
[2024-04-22T03:20:44.649+0000] {Units_dag.py:104} INFO - {'_id': '6593e4fc9b521955b50c7e75', 'icon': 'icons/icon.png', 'driver_id': '', 'tailer_id': '', 'profile': {'measurement_type': 'count', 'fuel_type': '91', 'year': 0, 'seats': 2}, 'shipment_info': {'product_category': '', 'truck_type': '', 'shipment_type': '', 'shipment_payment_type': '', 'transporter_type': '', 'operating_area': '', 'weight_kilograms_per_day': '', 'kms_per_day': '', 'opening_milage': '', 'shipment_trip_drive_hrs_day': '', 'expected_shipment_trip_day': '', 'car_pay_per_day': '', 'exceeding_temperature_limit_per_day': '', 'temperature_upper_limit': '', 'exceeding_humidity_limit_per_day': '', 'humidity_upper_limit': '', 'allowable_delay_drive_hrs_day': ''}, 'device_password': '***', 'device_type': 'gps', 'gateway': False, 'business_types': {'waste': False, 'transportation': True, 'water': False}, 'name': '5069RTB', 'operation_code': None, 'device_gateway': None, 'skip_sim_information': False, 'imei': '352016704161611', 'sim_number': '+966830020683795', 'sim_serial': '8996609821112134811', 'device_serial': '1134124463', 'device': 'teltonika', 'user_id': '605b2ce24dfbf765482210f2', 'created_by': '5e6655bf03ed52e1ab79d301', 'updated_at': '2024-04-18 11:18:59', 'created_at': '2024-01-02 13:27:08', 'custom_fields': [], 'creator': 'amr.ahmed', 'company': '', 'owner': 'theeb-admin', 'last_update': {'dtt': 1713755793000, 'dts': 1713755797159, 'spd': 0, 'ang': 85, 'alt': 621, 'chPrams': {'Speed': {'v': 0, 'cdt': 1713725109000}, 'output1': {'v': False, 'cdt': 1712618743000}, 'output2': {'v': False, 'cdt': 1712618743000}, 'ePwrV': {'v': 12.998000000000001, 'cdt': 1713755793000}, 'parm24': {'v': 0, 'cdt': 1713725109000}, 'sat': {'v': 17, 'cdt': 1713755493000}, 'ai1': {'v': 6092, 'cdt': 1713755793000}, 'priority': {'v': 0, 'cdt': 1711449672000}, 'di2': {'v': 0, 'cdt': 1712059608000}, 'type': {'v': 6, 'cdt': 1712389791000}, 'di1': {'v': 0, 'cdt': 1713725109000}, 'result': {'v': '5665723a30332e32372e31345f3030204750533a41584e5f352e312e392048773a464d42313230204d6f643a333320494d45493a33353230313637303431363136313120496e69743a323032342d332d3520323a353220557074696d653a34303933333335204d41433a333838413231334634424245205350433a312830292041584c3a32204f42443a3020424c3a312e31302042543a34', 'cdt': 1713704253000}, 'protocol': {'v': 'FMB120', 'cdt': 1713704267000}, 'parm6': {'v': 43, 'cdt': 1712059608000}, 'iPwrV': {'v': 3.99, 'cdt': 1713754590000}, 'event': {'v': 0, 'cdt': 1711449672000}}, 'prms': {'protocol': 'FMB120', 'priority': 0, 'sat': 17, 'event': 0, 'di1': 0, 'output1': 0, 'di2': 0, 'output2': 0, 'ePwrV': 12.998000000000001, 'Speed': 0, 'parm24': 0, 'iPwrV': 3.99, 'ai1': 6092, 'parm6': 43}, 'devPrms': ['protocol', 'priority', 'sat', 'event', 'di1', 'output1', 'di2', 'output2', 'ePwrV', 'Speed', 'parm24', 'iPwrV', 'ai1', 'parm6'], 'old_params': {'Speed': 0, 'output1': 0, 'output2': 0, 'ePwrV': 13, 'parm24': 0, 'sat': 17, 'ai1': 6098, 'priority': 0, 'di2': 0, 'di1': 0, 'protocol': 'teltonika', 'parm6': 43, 'iPwrV': 3.99, 'event': 0}, 'vLoc': 1, 'vCon': 1, 'ip': '37.216.23.156', 'rl': 0, 'trl': 12167.5655, 'mdu': 0, 'tmdu': 822691, 'eidl': 0, 'teidl': 389030, 'fc': 0, 'tfc': 1451.730124, 'acc': 0, 'accOn': 1241743, 'accOff': 8838707, 'sdu': 300, 'tsdu': 30684, 'lat': 24.628865, 'lng': 46.8138083}, 'counters': {'engine_hours': 1241743, 'last_acc': 0, 'odometer': 12167.3491, 'engine_hours_type': 'acc', 'odometer_type': 'gps'}, 'is_wasl_connected': 'Not Connected', 'iconUrl': 'https://api.afaqy.sa/images/units/icons/icon.png', 'hasCCTV': False}
[2024-04-22T03:21:04.778+0000] {warnings.py:109} WARNING - /home/***/.local/lib/python3.8/site-packages/elasticsearch/_sync/client/__init__.py:399: SecurityWarning: Connecting to 'https://dbelk2.afaqy.local:9200' using TLS with verify_certs=False is insecure
  _transport = transport_class(

[2024-04-22T03:21:04.948+0000] {warnings.py:109} WARNING - /home/***/.local/lib/python3.8/site-packages/elasticsearch/_sync/client/__init__.py:399: SecurityWarning: Connecting to 'https://dbelk3.afaqy.local:9200' using TLS with verify_certs=False is insecure
  _transport = transport_class(

[2024-04-22T03:21:05.008+0000] {warnings.py:109} WARNING - /home/***/.local/lib/python3.8/site-packages/elasticsearch/_sync/client/__init__.py:399: SecurityWarning: Connecting to 'https://dbelk1.afaqy.local:9200' using TLS with verify_certs=False is insecure
  _transport = transport_class(

[2024-04-22T03:21:05.038+0000] {warnings.py:109} WARNING - /home/***/.local/lib/python3.8/site-packages/urllib3/connectionpool.py:1061: InsecureRequestWarning: Unverified HTTPS request is being made to host 'dbelk2.afaqy.local'. Adding certificate verification is strongly advised. See: https://urllib3.readthedocs.io/en/1.26.x/advanced-usage.html#ssl-warnings
  warnings.warn(

[2024-04-22T03:21:05.118+0000] {_transport.py:335} INFO - GET https://dbelk2.afaqy.local:9200/_cluster/health [status:200 duration:0.107s]
[2024-04-22T03:21:06.508+0000] {warnings.py:109} WARNING - /home/***/.local/lib/python3.8/site-packages/urllib3/connectionpool.py:1061: InsecureRequestWarning: Unverified HTTPS request is being made to host 'dbelk3.afaqy.local'. Adding certificate verification is strongly advised. See: https://urllib3.readthedocs.io/en/1.26.x/advanced-usage.html#ssl-warnings
  warnings.warn(

[2024-04-22T03:21:08.235+0000] {_transport.py:335} INFO - PUT https://dbelk3.afaqy.local:9200/units_statistics_***/_bulk [status:200 duration:1.749s]
[2024-04-22T03:21:08.407+0000] {python.py:202} INFO - Done. Returned value was: None
[2024-04-22T03:21:08.421+0000] {taskinstance.py:1149} INFO - Marking task as SUCCESS. dag_id=Units_statistics_DAG, task_id=ETL_job, map_index=15, execution_date=20240422T030000, start_date=20240422T032020, end_date=20240422T032108
[2024-04-22T03:21:08.489+0000] {local_task_job_runner.py:234} INFO - Task exited with return code 0
[2024-04-22T03:21:08.516+0000] {taskinstance.py:3312} INFO - 0 downstream tasks scheduled from follow-on schedule check
