[2024-05-13T01:00:19.595+0000] {local_task_job_runner.py:120} INFO - ::group::Pre task execution logs
[2024-05-13T01:00:19.742+0000] {taskinstance.py:2076} INFO - Dependencies all met for dep_context=non-requeueable deps ti=<TaskInstance: Units_statistics_DAG.ETL_job scheduled__2024-05-13T00:40:00+00:00 map_index=6 [queued]>
[2024-05-13T01:00:19.852+0000] {taskinstance.py:2076} INFO - Dependencies all met for dep_context=requeueable deps ti=<TaskInstance: Units_statistics_DAG.ETL_job scheduled__2024-05-13T00:40:00+00:00 map_index=6 [queued]>
[2024-05-13T01:00:19.852+0000] {taskinstance.py:2306} INFO - Starting attempt 1 of 4
[2024-05-13T01:00:19.980+0000] {taskinstance.py:2330} INFO - Executing <Mapped(_PythonDecoratedOperator): ETL_job> on 2024-05-13 00:40:00+00:00
[2024-05-13T01:00:20.024+0000] {warnings.py:110} WARNING - /home/***/.local/lib/python3.12/site-packages/***/task/task_runner/standard_task_runner.py:61: DeprecationWarning: This process (pid=8735) is multi-threaded, use of fork() may lead to deadlocks in the child.
  pid = os.fork()

[2024-05-13T01:00:20.030+0000] {standard_task_runner.py:63} INFO - Started process 8756 to run task
[2024-05-13T01:00:20.056+0000] {standard_task_runner.py:90} INFO - Running: ['***', 'tasks', 'run', 'Units_statistics_DAG', 'ETL_job', 'scheduled__2024-05-13T00:40:00+00:00', '--job-id', '55021', '--raw', '--subdir', 'DAGS_FOLDER/Units_dag.py', '--cfg-path', '/tmp/tmpv_bmz190', '--map-index', '6']
[2024-05-13T01:00:20.058+0000] {standard_task_runner.py:91} INFO - Job 55021: Subtask ETL_job
[2024-05-13T01:00:20.359+0000] {task_command.py:426} INFO - Running <TaskInstance: Units_statistics_DAG.ETL_job scheduled__2024-05-13T00:40:00+00:00 map_index=6 [running]> on host 7138d7e072c5
[2024-05-13T01:00:20.972+0000] {taskinstance.py:2648} INFO - Exporting env vars: AIRFLOW_CTX_DAG_OWNER='abeer-araby' AIRFLOW_CTX_DAG_ID='Units_statistics_DAG' AIRFLOW_CTX_TASK_ID='ETL_job' AIRFLOW_CTX_EXECUTION_DATE='2024-05-13T00:40:00+00:00' AIRFLOW_CTX_TRY_NUMBER='1' AIRFLOW_CTX_DAG_RUN_ID='scheduled__2024-05-13T00:40:00+00:00'
[2024-05-13T01:00:20.974+0000] {taskinstance.py:430} INFO - ::endgroup::
[2024-05-13T01:00:20.974+0000] {Units_dag.py:98} INFO - i: 60000, chunk: 10000
[2024-05-13T01:00:20.975+0000] {Units_dag.py:99} INFO - child token is::: eyJ0eXAiOiJKV1QiLCJhbGciOiJIUzI1NiJ9.eyJpc3MiOiJodHRwczovL2FwaS5hZmFxeS5zYS9hdXRoL2xvZ2luX2FzIiwiaWF0IjoxNzE1NTYyMDA1LCJleHAiOjE3MTgxNTQwMDUsIm5iZiI6MTcxNTU2MjAwNSwianRpIjoidGcwMEJNREFqUWE3ME4yYyIsInN1YiI6IjVkNjNlNTFlMDNlZDUyOTJhNDJjMjRlNiIsInBydiI6IjI3MGVjZmM3ZWEzZWQ5MzdlYTg0OTM2MmEzYTUwOTEwYzZkOGNlNGYiLCJsb2dpbl9hc19pZCI6IjY1N2YwYWQ3M2Y5NzcyOTVjZjA1NTc2YSJ9.EKnFf6GSatEH3xZNpQhzu05IevTusbqtZLAGxQtjHpk
[2024-05-13T01:00:38.265+0000] {Units_dag.py:103} INFO - {'_id': '6331497c87902377655f589d', 'icon': 'icons/icon.png', 'driver_id': '', 'tailer_id': '', 'profile': {'vehicle_type': None, 'measurement_type': 'count', 'max_capacity': 0, 'vin': 'U5YPG81C4NL147688', 'plate_number': 'ر ح و 6110', 'start_operation': None, 'contract_milage': None, 'opening_milage': None, 'model': None, 'fuel_type': '91', 'year': 0, 'seats': 2}, 'device_password': '***', 'device_type': 'gps', 'gateway': False, 'name': 'U5YPG81C4NL147688', 'operation_code': 'ر ح و 6110', 'device_gateway': '', 'business_types': {'waste': False, 'transportation': True, 'water': False}, 'imei': '866854059865645', 'sim_number': '+966830020151493', 'sim_serial': '996641520415679576', 'device_serial': '866854059865645', 'device': 'bce', 'user_id': '61c43b241b5e6d541b2b65ce', 'created_by': '5e6655bf03ed52e1ab79d301', 'updated_at': '2024-04-18 11:18:59', 'created_at': '2022-09-26 09:41:00', 'shipment_info': None, 'skip_sim_information': False, 'custom_fields': [], 'creator': 'amr.ahmed', 'company': '', 'owner': 'al-jabr-renta-admin', 'last_update': {'dtt': 1664305638000, 'dts': 1664305638852, 'spd': 0, 'ang': 116, 'alt': 586, 'chPrams': {'di16': {'v': 1, 'cdt': 1661934768000}, 'ePwrV': {'v': 12.1, 'cdt': 1664305604000}, 'di15': {'v': 0, 'cdt': 1661934768000}, 'rssi1': {'v': 56, 'cdt': 1664305372000}, 'di14': {'v': 0, 'cdt': 1664267566000}, 'di13': {'v': 0, 'cdt': 1664183142000}, 'di12': {'v': 0, 'cdt': 1661934768000}, 'di11': {'v': 0, 'cdt': 1661934768000}, 'di10': {'v': 0, 'cdt': 1661934768000}, 'di2': {'v': 0, 'cdt': 1661934768000}, 'di1': {'v': 0, 'cdt': 1664295664000}, 'ai4': {'v': 28148, 'cdt': 1664305472000}, 'di4': {'v': 0, 'cdt': 1661934768000}, 'di3': {'v': 0, 'cdt': 1661934768000}, 'di6': {'v': 0, 'cdt': 1664292538000}, 'di5': {'v': 0, 'cdt': 1664292540000}, 'lac1': {'v': 1232, 'cdt': 1664267522000}, 'protocol': {'v': 'bce', 'cdt': 1661934768000}, 'di8': {'v': 1, 'cdt': 1661934768000}, 'di7': {'v': 0, 'cdt': 1664292538000}, 'di9': {'v': 0, 'cdt': 1661934768000}, 'iPwrV': {'v': 4.082, 'cdt': 1664305638000}, 'cid1': {'v': 6101, 'cdt': 1664288042000}, 'odometer': {'v': 0, 'cdt': 1664292538000}, 'spd': {'v': 0, 'cdt': 1664292538000}, 'sat': {'v': 15, 'cdt': 1664293920000}, 'hdop': {'v': 1, 'cdt': 1664182406000}, 'ta': {'v': 0, 'cdt': 1664182982000}, 'mcc1': {'v': 420, 'cdt': 1664182982000}, 'mnc1': {'v': 3, 'cdt': 1664182982000}}, 'prms': {'protocol': 'bce', 'spd': 0, 'sat': 15, 'hdop': 1, 'odometer': 0, 'di16': 1, 'di15': 0, 'di14': 0, 'di13': 0, 'di12': 0, 'di11': 0, 'di10': 0, 'di9': 0, 'di8': 1, 'di7': 0, 'di6': 0, 'di5': 0, 'di4': 0, 'di3': 0, 'di2': 0, 'di1': 0, 'ePwrV': 12.1, 'ai4': 28148, 'iPwrV': 4.082, 'ta': 0, 'mcc1': 420, 'mnc1': 3, 'lac1': 1232, 'cid1': 6101, 'rssi1': 56}, 'devPrms': ['protocol', 'spd', 'sat', 'hdop', 'odometer', 'di16', 'di15', 'di14', 'di13', 'di12', 'di11', 'di10', 'di9', 'di8', 'di7', 'di6', 'di5', 'di4', 'di3', 'di2', 'di1', 'ePwrV', 'ai4', 'iPwrV', 'ta', 'mcc1', 'mnc1', 'lac1', 'cid1', 'rssi1'], 'old_params': {'protocol': 'bce', 'spd': 0, 'sat': 15, 'hdop': 1, 'odometer': 0, 'di16': 1, 'di15': 0, 'di14': 0, 'di13': 0, 'di12': 0, 'di11': 0, 'di10': 0, 'di9': 0, 'di8': 1, 'di7': 0, 'di6': 0, 'di5': 0, 'di4': 0, 'di3': 0, 'di2': 0, 'di1': 0, 'ePwrV': 12.1, 'ai4': 28148, 'iPwrV': 4.079, 'ta': 0, 'mcc1': 420, 'mnc1': 3, 'lac1': 1232, 'cid1': 6101, 'rssi1': 56}, 'vLoc': 1, 'vCon': 1, 'ip': '37.121.106.133', 'rl': 0, 'trl': 0.5931, 'mdu': 0, 'tmdu': 90, 'eidl': 0, 'teidl': 3124, 'fc': 0, 'tfc': 0, 'acc': 0, 'accOn': 3630, 'accOff': 2364540, 'sdu': 34, 'tsdu': 892, 'lat': 24.66297721862793, 'lng': 46.856136322021484}, 'counters': {'odometer_type': 'gps', 'odometer': 0.59, 'engine_hours_type': 'acc', 'engine_hours': 0}, 'is_wasl_connected': 'Not Connected', 'iconUrl': 'https://api.afaqy.sa/images/units/icons/icon.png', 'hasCCTV': False}
[2024-05-13T01:00:38.974+0000] {warnings.py:110} WARNING - /home/***/.local/lib/python3.12/site-packages/elasticsearch/_sync/client/__init__.py:399: SecurityWarning: Connecting to 'https://dbelk3.afaqy.local:9200' using TLS with verify_certs=False is insecure
  _transport = transport_class(

[2024-05-13T01:00:39.029+0000] {warnings.py:110} WARNING - /home/***/.local/lib/python3.12/site-packages/elasticsearch/_sync/client/__init__.py:399: SecurityWarning: Connecting to 'https://dbelk2.afaqy.local:9200' using TLS with verify_certs=False is insecure
  _transport = transport_class(

[2024-05-13T01:00:39.379+0000] {warnings.py:110} WARNING - /home/***/.local/lib/python3.12/site-packages/elasticsearch/_sync/client/__init__.py:399: SecurityWarning: Connecting to 'https://dbelk1.afaqy.local:9200' using TLS with verify_certs=False is insecure
  _transport = transport_class(

[2024-05-13T01:00:39.399+0000] {warnings.py:110} WARNING - /home/***/.local/lib/python3.12/site-packages/urllib3/connectionpool.py:1103: InsecureRequestWarning: Unverified HTTPS request is being made to host 'dbelk3.afaqy.local'. Adding certificate verification is strongly advised. See: https://urllib3.readthedocs.io/en/latest/advanced-usage.html#tls-warnings
  warnings.warn(

[2024-05-13T01:00:39.495+0000] {_transport.py:349} INFO - GET https://dbelk3.afaqy.local:9200/_cluster/health [status:200 duration:0.114s]
[2024-05-13T01:00:39.893+0000] {warnings.py:110} WARNING - /home/***/.local/lib/python3.12/site-packages/urllib3/connectionpool.py:1103: InsecureRequestWarning: Unverified HTTPS request is being made to host 'dbelk2.afaqy.local'. Adding certificate verification is strongly advised. See: https://urllib3.readthedocs.io/en/latest/advanced-usage.html#tls-warnings
  warnings.warn(

[2024-05-13T01:00:43.722+0000] {_transport.py:349} INFO - PUT https://dbelk2.afaqy.local:9200/units_statistics_***/_bulk [status:200 duration:3.858s]
[2024-05-13T01:00:44.540+0000] {python.py:237} INFO - Done. Returned value was: None
[2024-05-13T01:00:44.541+0000] {taskinstance.py:441} INFO - ::group::Post task execution logs
[2024-05-13T01:00:44.592+0000] {taskinstance.py:1206} INFO - Marking task as SUCCESS. dag_id=Units_statistics_DAG, task_id=ETL_job, run_id=scheduled__2024-05-13T00:40:00+00:00, map_index=6, execution_date=20240513T004000, start_date=20240513T010019, end_date=20240513T010044
[2024-05-13T01:00:44.839+0000] {local_task_job_runner.py:240} INFO - Task exited with return code 0
[2024-05-13T01:00:44.859+0000] {local_task_job_runner.py:222} INFO - ::endgroup::
