[2024-05-06T07:24:46.869+0000] {taskinstance.py:1979} INFO - Dependencies all met for dep_context=non-requeueable deps ti=<TaskInstance: Units_statistics_DAG.ETL_job scheduled__2024-05-06T07:00:00+00:00 map_index=2 [queued]>
[2024-05-06T07:24:46.885+0000] {taskinstance.py:1979} INFO - Dependencies all met for dep_context=requeueable deps ti=<TaskInstance: Units_statistics_DAG.ETL_job scheduled__2024-05-06T07:00:00+00:00 map_index=2 [queued]>
[2024-05-06T07:24:46.885+0000] {taskinstance.py:2193} INFO - Starting attempt 4 of 4
[2024-05-06T07:24:46.908+0000] {taskinstance.py:2217} INFO - Executing <Mapped(_PythonDecoratedOperator): ETL_job> on 2024-05-06 07:00:00+00:00
[2024-05-06T07:24:46.915+0000] {standard_task_runner.py:60} INFO - Started process 802345 to run task
[2024-05-06T07:24:46.926+0000] {standard_task_runner.py:87} INFO - Running: ['***', 'tasks', 'run', 'Units_statistics_DAG', 'ETL_job', 'scheduled__2024-05-06T07:00:00+00:00', '--job-id', '35094', '--raw', '--subdir', 'DAGS_FOLDER/Units_dag.py', '--cfg-path', '/tmp/tmput3ijeqk', '--map-index', '2']
[2024-05-06T07:24:46.928+0000] {standard_task_runner.py:88} INFO - Job 35094: Subtask ETL_job
[2024-05-06T07:24:47.020+0000] {task_command.py:423} INFO - Running <TaskInstance: Units_statistics_DAG.ETL_job scheduled__2024-05-06T07:00:00+00:00 map_index=2 [running]> on host a09da322e808
[2024-05-06T07:24:47.186+0000] {taskinstance.py:2513} INFO - Exporting env vars: AIRFLOW_CTX_DAG_OWNER='abeer-araby' AIRFLOW_CTX_DAG_ID='Units_statistics_DAG' AIRFLOW_CTX_TASK_ID='ETL_job' AIRFLOW_CTX_EXECUTION_DATE='2024-05-06T07:00:00+00:00' AIRFLOW_CTX_TRY_NUMBER='4' AIRFLOW_CTX_DAG_RUN_ID='scheduled__2024-05-06T07:00:00+00:00'
[2024-05-06T07:24:47.188+0000] {Units_dag.py:99} INFO - i: 20000, chunk: 10000
[2024-05-06T07:24:47.188+0000] {Units_dag.py:100} INFO - child token is::: eyJ0eXAiOiJKV1QiLCJhbGciOiJIUzI1NiJ9.eyJpc3MiOiJodHRwczovL2FwaS5hZmFxeS5zYS9hdXRoL2xvZ2luX2FzIiwiaWF0IjoxNzE0OTgwMDA0LCJleHAiOjE3MTc1NzIwMDQsIm5iZiI6MTcxNDk4MDAwNCwianRpIjoidGozamN5N0g3dnk5d1ZuWSIsInN1YiI6IjVkNjNlNTFlMDNlZDUyOTJhNDJjMjRlNiIsInBydiI6IjI3MGVjZmM3ZWEzZWQ5MzdlYTg0OTM2MmEzYTUwOTEwYzZkOGNlNGYiLCJsb2dpbl9hc19pZCI6IjY1N2YwYWQ3M2Y5NzcyOTVjZjA1NTc2YSJ9.oxqVX2Gfq_jmgG5D2ak7An3RVLZ1NoPvE6aWejAttkQ
[2024-05-06T07:25:04.467+0000] {Units_dag.py:104} INFO - {'_id': '618a65290b109613ae23a642', 'icon': 'icons/icon.png', 'driver_id': '', 'tailer_id': '', 'profile': {'vehicle_type': None, 'measurement_type': 'count', 'max_capacity': 0, 'vin': None, 'plate_number': 'N6A999007', 'start_operation': None, 'contract_milage': None, 'opening_milage': None, 'model': None, 'fuel_type': '91', 'year': 0, 'seats': 2}, 'device_password': '***', 'device_type': 'gps', 'gateway': False, 'name': 'N6A999007', 'operation_code': '', 'device_gateway': '', 'business_types': {'waste': False, 'transportation': False, 'water': False}, 'imei': '354018119626483', 'sim_number': '+966830020112194', 'sim_serial': '8996641520415744220', 'device_serial': '1112640208', 'device': 'teltonika', 'user_id': '611b92eaaf5e583b85498e13', 'created_by': '6062f431508e5a56d725461b', 'updated_at': '2024-04-18 11:18:59', 'created_at': '2021-11-09 15:10:17', 'custom_fields': [], 'creator': 'moataz2', 'company': 'jeddah municipality', 'owner': 'jeddah-confinement-admin', 'last_update': {'dtt': 1714980256000, 'dts': 1714980258916, 'spd': 0, 'ang': 328, 'alt': 3, 'chPrams': {'Speed': {'v': 0, 'cdt': 1714979534000}, 'output1': {'v': False, 'cdt': 1714968413000}, 'output2': {'v': False, 'cdt': 1714968413000}, 'ePwrV': {'v': 28.352, 'cdt': 1714980256000}, 'parm24': {'v': 0, 'cdt': 1714979534000}, 'sat': {'v': 15, 'cdt': 1714980256000}, 'ai1': {'v': 43, 'cdt': 1712500215000}, 'type': {'v': 6, 'cdt': 1712977447000}, 'priority': {'v': 0, 'cdt': 1713843870000}, 'di2': {'v': 0, 'cdt': 1713843870000}, 'di1': {'v': 1, 'cdt': 1714966793000}, 'result': {'v': '5665723a30332e32352e31385f3035204750533a41584e5f352e31302048773a464d42313230204d6f643a333320494d45493a33353430313831313936323634383320496e69743a323032342d352d3620333a333920557074696d653a31393834204d41433a303031453432453245354337205350433a312830292041584c3a32204f42443a3020424c3a312e372042543a34', 'cdt': 1714968729000}, 'protocol': {'v': 'FMB120', 'cdt': 1714968759000}, 'parm6': {'v': 43, 'cdt': 1714851927000}, 'iPwrV': {'v': 3.839, 'cdt': 1714979986000}, 'event': {'v': 0, 'cdt': 1713843870000}}, 'prms': {'protocol': 'FMB120', 'priority': 0, 'sat': 15, 'event': 0, 'di1': 1, 'output1': 0, 'di2': 0, 'output2': 0, 'ePwrV': 28.352, 'Speed': 0, 'parm24': 0, 'iPwrV': 3.839, 'ai1': 43, 'parm6': 43}, 'devPrms': ['Speed', 'output1', 'output2', 'ePwrV', 'parm24', 'sat', 'ai1', 'priority', 'di2', 'type', 'di1', 'result', 'protocol', 'parm6', 'iPwrV', 'event'], 'old_params': {'protocol': 'FMB120', 'priority': 0, 'sat': 14, 'event': 0, 'di1': 1, 'output1': 0, 'di2': 0, 'output2': 0, 'ePwrV': 28.343, 'Speed': 0, 'parm24': 0, 'iPwrV': 3.839, 'ai1': 43, 'parm6': 43}, 'vLoc': 1, 'vCon': 1, 'ip': '37.216.31.35', 'rl': 0, 'trl': 1694.8013, 'mdu': 0, 'tmdu': 394863, 'eidl': 30, 'teidl': 16044888, 'fc': 0, 'tfc': 0.189648, 'acc': 1, 'accOn': -3418574956, 'accOff': 6522126333, 'sdu': 0, 'tsdu': 0, 'lat': 21.8428483, 'lng': 39.039415}, 'counters': {'odometer_type': 'gps', 'odometer': 1694.8037, 'engine_hours_type': 'acc', 'engine_hours': -3418574956, 'last_acc': 1}, 'is_wasl_connected': 'Not Connected', 'iconUrl': 'https://api.afaqy.sa/images/units/icons/icon.png', 'hasCCTV': False}
[2024-05-06T07:25:04.994+0000] {warnings.py:109} WARNING - /home/***/.local/lib/python3.8/site-packages/elasticsearch/_sync/client/__init__.py:399: SecurityWarning: Connecting to 'https://dbelk3.afaqy.local:9200' using TLS with verify_certs=False is insecure
  _transport = transport_class(

[2024-05-06T07:25:05.037+0000] {warnings.py:109} WARNING - /home/***/.local/lib/python3.8/site-packages/elasticsearch/_sync/client/__init__.py:399: SecurityWarning: Connecting to 'https://dbelk1.afaqy.local:9200' using TLS with verify_certs=False is insecure
  _transport = transport_class(

[2024-05-06T07:25:05.080+0000] {warnings.py:109} WARNING - /home/***/.local/lib/python3.8/site-packages/elasticsearch/_sync/client/__init__.py:399: SecurityWarning: Connecting to 'https://dbelk2.afaqy.local:9200' using TLS with verify_certs=False is insecure
  _transport = transport_class(

[2024-05-06T07:25:05.100+0000] {warnings.py:109} WARNING - /home/***/.local/lib/python3.8/site-packages/urllib3/connectionpool.py:1061: InsecureRequestWarning: Unverified HTTPS request is being made to host 'dbelk3.afaqy.local'. Adding certificate verification is strongly advised. See: https://urllib3.readthedocs.io/en/1.26.x/advanced-usage.html#ssl-warnings
  warnings.warn(

[2024-05-06T07:25:05.187+0000] {_transport.py:335} INFO - GET https://dbelk3.afaqy.local:9200/_cluster/health [status:200 duration:0.105s]
[2024-05-06T07:25:05.557+0000] {warnings.py:109} WARNING - /home/***/.local/lib/python3.8/site-packages/urllib3/connectionpool.py:1061: InsecureRequestWarning: Unverified HTTPS request is being made to host 'dbelk1.afaqy.local'. Adding certificate verification is strongly advised. See: https://urllib3.readthedocs.io/en/1.26.x/advanced-usage.html#ssl-warnings
  warnings.warn(

[2024-05-06T07:25:06.955+0000] {_transport.py:335} INFO - PUT https://dbelk1.afaqy.local:9200/units_statistics_***/_bulk [status:200 duration:1.416s]
[2024-05-06T07:25:07.407+0000] {python.py:202} INFO - Done. Returned value was: None
[2024-05-06T07:25:07.423+0000] {taskinstance.py:1149} INFO - Marking task as SUCCESS. dag_id=Units_statistics_DAG, task_id=ETL_job, map_index=2, execution_date=20240506T070000, start_date=20240506T072446, end_date=20240506T072507
[2024-05-06T07:25:07.466+0000] {local_task_job_runner.py:234} INFO - Task exited with return code 0
[2024-05-06T07:25:07.491+0000] {taskinstance.py:3312} INFO - 0 downstream tasks scheduled from follow-on schedule check
