[2024-04-29T09:00:16.023+0000] {taskinstance.py:1979} INFO - Dependencies all met for dep_context=non-requeueable deps ti=<TaskInstance: Units_statistics_DAG.ETL_job scheduled__2024-04-29T08:40:00+00:00 map_index=5 [queued]>
[2024-04-29T09:00:16.129+0000] {taskinstance.py:1979} INFO - Dependencies all met for dep_context=requeueable deps ti=<TaskInstance: Units_statistics_DAG.ETL_job scheduled__2024-04-29T08:40:00+00:00 map_index=5 [queued]>
[2024-04-29T09:00:16.130+0000] {taskinstance.py:2193} INFO - Starting attempt 1 of 4
[2024-04-29T09:00:16.275+0000] {taskinstance.py:2217} INFO - Executing <Mapped(_PythonDecoratedOperator): ETL_job> on 2024-04-29 08:40:00+00:00
[2024-04-29T09:00:16.316+0000] {standard_task_runner.py:60} INFO - Started process 634830 to run task
[2024-04-29T09:00:16.395+0000] {standard_task_runner.py:87} INFO - Running: ['***', 'tasks', 'run', 'Units_statistics_DAG', 'ETL_job', 'scheduled__2024-04-29T08:40:00+00:00', '--job-id', '22726', '--raw', '--subdir', 'DAGS_FOLDER/Units_dag.py', '--cfg-path', '/tmp/tmpw_658l3r', '--map-index', '5']
[2024-04-29T09:00:16.397+0000] {standard_task_runner.py:88} INFO - Job 22726: Subtask ETL_job
[2024-04-29T09:00:16.868+0000] {task_command.py:423} INFO - Running <TaskInstance: Units_statistics_DAG.ETL_job scheduled__2024-04-29T08:40:00+00:00 map_index=5 [running]> on host a09da322e808
[2024-04-29T09:00:17.571+0000] {taskinstance.py:2513} INFO - Exporting env vars: AIRFLOW_CTX_DAG_OWNER='abeer-araby' AIRFLOW_CTX_DAG_ID='Units_statistics_DAG' AIRFLOW_CTX_TASK_ID='ETL_job' AIRFLOW_CTX_EXECUTION_DATE='2024-04-29T08:40:00+00:00' AIRFLOW_CTX_TRY_NUMBER='1' AIRFLOW_CTX_DAG_RUN_ID='scheduled__2024-04-29T08:40:00+00:00'
[2024-04-29T09:00:17.572+0000] {Units_dag.py:99} INFO - i: 50000, chunk: 10000
[2024-04-29T09:00:17.573+0000] {Units_dag.py:100} INFO - child token is::: eyJ0eXAiOiJKV1QiLCJhbGciOiJIUzI1NiJ9.eyJpc3MiOiJodHRwczovL2FwaS5hZmFxeS5zYS9hdXRoL2xvZ2luX2FzIiwiaWF0IjoxNzE0MzgxMjA1LCJleHAiOjE3MTY5NzMyMDUsIm5iZiI6MTcxNDM4MTIwNSwianRpIjoiN01EZ0pudDdvb1dOS3FzMSIsInN1YiI6IjVkNjNlNTFlMDNlZDUyOTJhNDJjMjRlNiIsInBydiI6IjI3MGVjZmM3ZWEzZWQ5MzdlYTg0OTM2MmEzYTUwOTEwYzZkOGNlNGYiLCJsb2dpbl9hc19pZCI6IjY1N2YwYWQ3M2Y5NzcyOTVjZjA1NTc2YSJ9.XwpW803BRqSxBKGqMpiwW2nddXNIN_LVZmD6rGdOCKE
[2024-04-29T09:00:39.872+0000] {Units_dag.py:104} INFO - {'_id': '62aedda112ae46735e410fad', 'icon': 'icons/G_13.png', 'driver_id': '', 'tailer_id': '', 'profile': {'vehicle_type': None, 'measurement_type': 'count', 'max_capacity': 0, 'vin': None, 'plate_number': None, 'start_operation': None, 'contract_milage': None, 'opening_milage': None, 'model': None, 'fuel_type': '91', 'year': 0, 'seats': 2}, 'device_password': '***', 'device_type': 'gps', 'gateway': False, 'name': '0152', 'operation_code': '152', 'device_gateway': '', 'business_types': {'waste': False, 'transportation': False, 'water': False, 'hajj': True}, 'imei': '358480085145995', 'sim_number': '+966830030799924', 'sim_serial': '421276213326', 'device_serial': '1102300864', 'device': 'teltonika', 'user_id': '62ae28f6e2df4352f3455062', 'created_by': '5d5d152003ed5207c22d6fb5', 'updated_at': '2024-04-18 11:18:59', 'created_at': '2022-06-19 11:26:09', 'custom_fields': [], 'creator': 'diaa.ahmed', 'company': 'مؤسسة بسمة اعمار لنقل الحجاج والمعتمرين', 'owner': 'basma-emaar-hajj', 'last_update': {'dtt': 1714381193015, 'dts': 1714381199595, 'spd': 0, 'ang': 0, 'alt': 0, 'chPrams': {'Speed': {'v': 0, 'cdt': 1714241216726}, 'output1': {'v': False, 'cdt': 1714377885535}, 'motion': {'v': False, 'cdt': 1714379393050}, 'ePwrV': {'v': 27.074, 'cdt': 1714381193015}, 'parm24': {'v': 0, 'cdt': 1714241216726}, 'sat': {'v': 0, 'cdt': 1714241216726}, 'priority': {'v': 0, 'cdt': 1714374934972}, 'type': {'v': 6, 'cdt': 1713766886945}, 'di2': {'v': 0, 'cdt': 1713838908496}, 'di1': {'v': 1, 'cdt': 1714378013480}, 'result': {'v': '5665723a30312e30302e303520494d45493a3335383438303038353134353939352049443a333320424c3a31362e3039204d6f64656d3a30312e30302e30312e30305f3030352048773a464d423634302048572e3320455854205350433a3128302920', 'cdt': 1713766886945}, 'protocol': {'v': 'FMB640', 'cdt': 1714377885535}, 'iPwrV': {'v': 0, 'cdt': 1714344190335}, 'event': {'v': 0, 'cdt': 1714374934972}}, 'prms': {'protocol': 'FMB640', 'priority': 0, 'sat': 0, 'event': 0, 'di1': 1, 'di2': 0, 'output1': 0, 'motion': 0, 'iPwrV': 0, 'ePwrV': 27.074, 'Speed': 0, 'parm24': 0}, 'devPrms': ['protocol', 'priority', 'sat', 'event', 'di1', 'di2', 'output1', 'motion', 'iPwrV', 'ePwrV', 'Speed', 'parm24'], 'old_params': {'Speed': 0, 'protocol': 'teltonika', 'output1': 0, 'motion': 0, 'ePwrV': 27.088, 'parm24': 0, 'sat': 0, 'iPwrV': 0, 'priority': 0, 'event': 0, 'di2': 0, 'di1': 1}, 'vLoc': 1, 'vCon': 0, 'ip': '51.39.48.15', 'rl': 0, 'trl': 1011753.6125, 'mdu': 0, 'tmdu': 30300858, 'eidl': 299, 'teidl': 20863568, 'fc': 0, 'tfc': 0, 'acc': 1, 'accOn': 2315688987, 'accOff': 3327304645, 'sdu': 0, 'tsdu': 0, 'lat': 21.58087, 'lng': 39.7624583}, 'counters': {'odometer_type': 'gps', 'odometer': 1011753.6125, 'engine_hours_type': 'acc', 'engine_hours': 2315688987, 'last_acc': 1}, 'is_wasl_connected': 'Not Connected', 'iconUrl': 'https://api.afaqy.sa/images/units/icons/G_13.png', 'hasCCTV': False}
[2024-04-29T09:00:40.619+0000] {warnings.py:109} WARNING - /home/***/.local/lib/python3.8/site-packages/elasticsearch/_sync/client/__init__.py:399: SecurityWarning: Connecting to 'https://dbelk3.afaqy.local:9200' using TLS with verify_certs=False is insecure
  _transport = transport_class(

[2024-04-29T09:00:40.674+0000] {warnings.py:109} WARNING - /home/***/.local/lib/python3.8/site-packages/elasticsearch/_sync/client/__init__.py:399: SecurityWarning: Connecting to 'https://dbelk1.afaqy.local:9200' using TLS with verify_certs=False is insecure
  _transport = transport_class(

[2024-04-29T09:00:40.781+0000] {warnings.py:109} WARNING - /home/***/.local/lib/python3.8/site-packages/elasticsearch/_sync/client/__init__.py:399: SecurityWarning: Connecting to 'https://dbelk2.afaqy.local:9200' using TLS with verify_certs=False is insecure
  _transport = transport_class(

[2024-04-29T09:00:40.812+0000] {warnings.py:109} WARNING - /home/***/.local/lib/python3.8/site-packages/urllib3/connectionpool.py:1061: InsecureRequestWarning: Unverified HTTPS request is being made to host 'dbelk3.afaqy.local'. Adding certificate verification is strongly advised. See: https://urllib3.readthedocs.io/en/1.26.x/advanced-usage.html#ssl-warnings
  warnings.warn(

[2024-04-29T09:00:40.882+0000] {_transport.py:335} INFO - GET https://dbelk3.afaqy.local:9200/_cluster/health [status:200 duration:0.086s]
[2024-04-29T09:00:41.761+0000] {warnings.py:109} WARNING - /home/***/.local/lib/python3.8/site-packages/urllib3/connectionpool.py:1061: InsecureRequestWarning: Unverified HTTPS request is being made to host 'dbelk1.afaqy.local'. Adding certificate verification is strongly advised. See: https://urllib3.readthedocs.io/en/1.26.x/advanced-usage.html#ssl-warnings
  warnings.warn(

[2024-04-29T09:00:43.692+0000] {_transport.py:335} INFO - PUT https://dbelk1.afaqy.local:9200/units_statistics_***/_bulk [status:200 duration:1.972s]
[2024-04-29T09:00:45.933+0000] {local_task_job_runner.py:234} INFO - Task exited with return code -9
[2024-04-29T09:00:46.012+0000] {taskinstance.py:3312} INFO - 0 downstream tasks scheduled from follow-on schedule check
