[2024-05-09T06:40:15.261+0000] {taskinstance.py:1979} INFO - Dependencies all met for dep_context=non-requeueable deps ti=<TaskInstance: Units_statistics_DAG.ETL_job scheduled__2024-05-09T06:20:00+00:00 map_index=4 [queued]>
[2024-05-09T06:40:15.356+0000] {taskinstance.py:1979} INFO - Dependencies all met for dep_context=requeueable deps ti=<TaskInstance: Units_statistics_DAG.ETL_job scheduled__2024-05-09T06:20:00+00:00 map_index=4 [queued]>
[2024-05-09T06:40:15.371+0000] {taskinstance.py:2193} INFO - Starting attempt 1 of 4
[2024-05-09T06:40:15.482+0000] {taskinstance.py:2217} INFO - Executing <Mapped(_PythonDecoratedOperator): ETL_job> on 2024-05-09 06:20:00+00:00
[2024-05-09T06:40:15.524+0000] {standard_task_runner.py:87} INFO - Running: ['***', 'tasks', 'run', 'Units_statistics_DAG', 'ETL_job', 'scheduled__2024-05-09T06:20:00+00:00', '--job-id', '43650', '--raw', '--subdir', 'DAGS_FOLDER/Units_dag.py', '--cfg-path', '/tmp/tmpnzo2_6ua', '--map-index', '4']
[2024-05-09T06:40:15.531+0000] {standard_task_runner.py:88} INFO - Job 43650: Subtask ETL_job
[2024-05-09T06:40:15.524+0000] {standard_task_runner.py:60} INFO - Started process 880463 to run task
[2024-05-09T06:40:15.776+0000] {task_command.py:423} INFO - Running <TaskInstance: Units_statistics_DAG.ETL_job scheduled__2024-05-09T06:20:00+00:00 map_index=4 [running]> on host a09da322e808
[2024-05-09T06:40:16.554+0000] {taskinstance.py:2513} INFO - Exporting env vars: AIRFLOW_CTX_DAG_OWNER='abeer-araby' AIRFLOW_CTX_DAG_ID='Units_statistics_DAG' AIRFLOW_CTX_TASK_ID='ETL_job' AIRFLOW_CTX_EXECUTION_DATE='2024-05-09T06:20:00+00:00' AIRFLOW_CTX_TRY_NUMBER='1' AIRFLOW_CTX_DAG_RUN_ID='scheduled__2024-05-09T06:20:00+00:00'
[2024-05-09T06:40:16.555+0000] {Units_dag.py:98} INFO - i: 40000, chunk: 10000
[2024-05-09T06:40:16.556+0000] {Units_dag.py:99} INFO - child token is::: eyJ0eXAiOiJKV1QiLCJhbGciOiJIUzI1NiJ9.eyJpc3MiOiJodHRwczovL2FwaS5hZmFxeS5zYS9hdXRoL2xvZ2luX2FzIiwiaWF0IjoxNzE1MjM2ODA0LCJleHAiOjE3MTc4Mjg4MDQsIm5iZiI6MTcxNTIzNjgwNCwianRpIjoicGNrVGhERFRBcEo3TG13eiIsInN1YiI6IjVkNjNlNTFlMDNlZDUyOTJhNDJjMjRlNiIsInBydiI6IjI3MGVjZmM3ZWEzZWQ5MzdlYTg0OTM2MmEzYTUwOTEwYzZkOGNlNGYiLCJsb2dpbl9hc19pZCI6IjY1N2YwYWQ3M2Y5NzcyOTVjZjA1NTc2YSJ9.VXrY0EnYoYfg6yR-zOvc-6_oGUY2Fpkal-myewiLsMY
[2024-05-09T06:40:41.019+0000] {Units_dag.py:103} INFO - {'_id': '62679f33edc36f39c2833ded', 'icon': 'icons/A_36.png', 'driver_id': '657371d35e6dea6c390aacf8', 'tailer_id': '', 'profile': {'vehicle_type': '', 'measurement_type': 'count', 'max_capacity': 0, 'vin': '', 'plate_number': '', 'start_operation': '', 'contract_milage': '', 'opening_milage': '', 'model': '', 'fuel_type': '91', 'year': 0, 'seats': 2}, 'device_password': '***', 'device_type': 'gps', 'gateway': False, 'name': '1201-XRA', 'operation_code': '', 'device_gateway': '', 'business_types': {'waste': False, 'transportation': False, 'water': False}, 'imei': '862095054389686', 'sim_number': '+966830020809567', 'sim_serial': '8996609821110849736', 'device_serial': '862095054389686', 'device': 'bce', 'user_id': '615d44e4a46644246428383a', 'created_by': '6062f4057f236761b5255ef4', 'updated_at': '2024-04-18 11:18:59', 'created_at': '2022-04-26 10:28:51', 'custom_fields': [], 'creator': 'hassan.salem', 'company': '', 'owner': 'saliyhim-saeed-alhajri-admin', 'last_update': {'dtt': 1715236790000, 'dts': 1715236805109, 'spd': 68, 'ang': 136, 'alt': 41, 'chPrams': {'ePwrV': {'v': 28.192, 'cdt': 1715236790000}, 'di16': {'v': 1, 'cdt': 1713167420000}, 'rssi1': {'v': 78, 'cdt': 1715236790000}, 'di15': {'v': 0, 'cdt': 1653550432000}, 'di14': {'v': 1, 'cdt': 1715236790000}, 'di13': {'v': 0, 'cdt': 1713826414000}, 'di12': {'v': 0, 'cdt': 1713167420000}, 'di11': {'v': 0, 'cdt': 1713167420000}, 'di10': {'v': 0, 'cdt': 1713167420000}, 'di2': {'v': 0, 'cdt': 1715120610000}, 'di1': {'v': 1, 'cdt': 1715235862000}, 'ai4': {'v': 2158, 'cdt': 1715236790000}, 'di4': {'v': 0, 'cdt': 1713167420000}, 'di3': {'v': 0, 'cdt': 1713167420000}, 'di6': {'v': 0, 'cdt': 1713167420000}, 'di5': {'v': 1, 'cdt': 1715230384000}, 'lac1': {'v': 3718, 'cdt': 1715141226000}, 'protocol': {'v': 'bce', 'cdt': 1713167420000}, 'di8': {'v': 1, 'cdt': 1715100512000}, 'di7': {'v': 1, 'cdt': 1715230384000}, 'di9': {'v': 0, 'cdt': 1714760724000}, 'iPwrV': {'v': 4.067, 'cdt': 1715236694000}, 'cid1': {'v': 37842, 'cdt': 1715236694000}, 'odometer': {'v': 1128192439, 'cdt': 1715236790000}, 'spd': {'v': 68, 'cdt': 1715236780000}, 'sat': {'v': 12, 'cdt': 1715236736000}, 'hdop': {'v': 1, 'cdt': 1715212386000}, 'ta': {'v': 0, 'cdt': 1713167420000}, 'mcc1': {'v': 420, 'cdt': 1714263188000}, 'mnc1': {'v': 3, 'cdt': 1714263188000}}, 'prms': {'protocol': 'bce', 'spd': 68, 'sat': 12, 'hdop': 1, 'odometer': 1128192439, 'di16': 1, 'di15': 0, 'di14': 1, 'di13': 0, 'di12': 0, 'di11': 0, 'di10': 0, 'di9': 0, 'di8': 1, 'di7': 1, 'di6': 0, 'di5': 1, 'di4': 0, 'di3': 0, 'di2': 0, 'di1': 1, 'ePwrV': 28.192, 'ai4': 2158, 'iPwrV': 4.067, 'ta': 0, 'mcc1': 420, 'mnc1': 3, 'lac1': 3718, 'cid1': 37842, 'rssi1': 78}, 'devPrms': ['protocol', 'spd', 'sat', 'hdop', 'odometer', 'di16', 'di15', 'di14', 'di13', 'di12', 'di11', 'di10', 'di9', 'di8', 'di7', 'di6', 'di5', 'di4', 'di3', 'di2', 'di1', 'ePwrV', 'ai4', 'iPwrV', 'ta', 'mcc1', 'mnc1', 'lac1', 'cid1', 'rssi1'], 'old_params': {'protocol': 'bce', 'spd': 68, 'sat': 12, 'hdop': 1, 'odometer': 1141936322, 'di16': 1, 'di15': 0, 'di14': 0, 'di13': 0, 'di12': 0, 'di11': 0, 'di10': 0, 'di9': 0, 'di8': 1, 'di7': 1, 'di6': 0, 'di5': 1, 'di4': 0, 'di3': 0, 'di2': 0, 'di1': 1, 'ePwrV': 28.13, 'ai4': 2107, 'iPwrV': 4.067, 'ta': 0, 'mcc1': 420, 'mnc1': 3, 'lac1': 3718, 'cid1': 37842, 'rssi1': 81}, 'vLoc': 1, 'vCon': 1, 'ip': '109.83.221.12', 'rl': 0.1913, 'trl': 184807.2208, 'mdu': 10, 'tmdu': 11790840, 'eidl': 0, 'teidl': 27352236, 'fc': 0.022956, 'tfc': 10.370616, 'acc': 1, 'accOn': 39530968, 'accOff': 26722860, 'sdu': 0, 'tsdu': 0, 'lat': 27.10548210144043, 'lng': 49.20634078979492}, 'counters': {'odometer_type': 'gps', 'odometer': 184806.1625, 'engine_hours_type': 'acc', 'engine_hours': 39530968, 'last_acc': 1}, 'is_wasl_connected': 'Connected', 'iconUrl': 'https://api.afaqy.sa/images/units/icons/A_36.png', 'hasCCTV': False}
[2024-05-09T06:40:41.818+0000] {warnings.py:109} WARNING - /home/***/.local/lib/python3.8/site-packages/elasticsearch/_sync/client/__init__.py:399: SecurityWarning: Connecting to 'https://dbelk1.afaqy.local:9200' using TLS with verify_certs=False is insecure
  _transport = transport_class(

[2024-05-09T06:40:41.863+0000] {warnings.py:109} WARNING - /home/***/.local/lib/python3.8/site-packages/elasticsearch/_sync/client/__init__.py:399: SecurityWarning: Connecting to 'https://dbelk3.afaqy.local:9200' using TLS with verify_certs=False is insecure
  _transport = transport_class(

[2024-05-09T06:40:41.916+0000] {warnings.py:109} WARNING - /home/***/.local/lib/python3.8/site-packages/elasticsearch/_sync/client/__init__.py:399: SecurityWarning: Connecting to 'https://dbelk2.afaqy.local:9200' using TLS with verify_certs=False is insecure
  _transport = transport_class(

[2024-05-09T06:40:41.985+0000] {warnings.py:109} WARNING - /home/***/.local/lib/python3.8/site-packages/urllib3/connectionpool.py:1061: InsecureRequestWarning: Unverified HTTPS request is being made to host 'dbelk1.afaqy.local'. Adding certificate verification is strongly advised. See: https://urllib3.readthedocs.io/en/1.26.x/advanced-usage.html#ssl-warnings
  warnings.warn(

[2024-05-09T06:40:42.058+0000] {_transport.py:335} INFO - GET https://dbelk1.afaqy.local:9200/_cluster/health [status:200 duration:0.140s]
[2024-05-09T06:40:42.404+0000] {warnings.py:109} WARNING - /home/***/.local/lib/python3.8/site-packages/urllib3/connectionpool.py:1061: InsecureRequestWarning: Unverified HTTPS request is being made to host 'dbelk3.afaqy.local'. Adding certificate verification is strongly advised. See: https://urllib3.readthedocs.io/en/1.26.x/advanced-usage.html#ssl-warnings
  warnings.warn(

[2024-05-09T06:40:42.417+0000] {_transport.py:335} INFO - PUT https://dbelk3.afaqy.local:9200/units_statistics_***/_bulk [status:429 duration:0.029s]
[2024-05-09T06:40:42.417+0000] {_node_pool.py:249} WARNING - Node <Urllib3HttpNode(https://dbelk3.afaqy.local:9200)> has failed for 1 times in a row, putting on 1 second timeout
[2024-05-09T06:40:42.418+0000] {_transport.py:427} WARNING - Retrying request after non-successful status 429 (attempt 0 of 3)
[2024-05-09T06:40:42.418+0000] {warnings.py:109} WARNING - /home/***/.local/lib/python3.8/site-packages/urllib3/connectionpool.py:1061: InsecureRequestWarning: Unverified HTTPS request is being made to host 'dbelk1.afaqy.local'. Adding certificate verification is strongly advised. See: https://urllib3.readthedocs.io/en/1.26.x/advanced-usage.html#ssl-warnings
  warnings.warn(

[2024-05-09T06:40:45.160+0000] {_transport.py:335} INFO - PUT https://dbelk1.afaqy.local:9200/units_statistics_***/_bulk [status:200 duration:2.742s]
[2024-05-09T06:40:45.942+0000] {python.py:202} INFO - Done. Returned value was: None
[2024-05-09T06:40:45.977+0000] {taskinstance.py:1149} INFO - Marking task as SUCCESS. dag_id=Units_statistics_DAG, task_id=ETL_job, map_index=4, execution_date=20240509T062000, start_date=20240509T064015, end_date=20240509T064045
[2024-05-09T06:40:46.062+0000] {local_task_job_runner.py:234} INFO - Task exited with return code 0
[2024-05-09T06:40:46.092+0000] {taskinstance.py:3312} INFO - 0 downstream tasks scheduled from follow-on schedule check
