[2024-05-13T10:20:20.260+0000] {local_task_job_runner.py:120} INFO - ::group::Pre task execution logs
[2024-05-13T10:20:20.521+0000] {taskinstance.py:2076} INFO - Dependencies all met for dep_context=non-requeueable deps ti=<TaskInstance: Units_statistics_DAG.ETL_job scheduled__2024-05-13T10:00:00+00:00 map_index=13 [queued]>
[2024-05-13T10:20:20.594+0000] {taskinstance.py:2076} INFO - Dependencies all met for dep_context=requeueable deps ti=<TaskInstance: Units_statistics_DAG.ETL_job scheduled__2024-05-13T10:00:00+00:00 map_index=13 [queued]>
[2024-05-13T10:20:20.596+0000] {taskinstance.py:2306} INFO - Starting attempt 1 of 4
[2024-05-13T10:20:20.669+0000] {taskinstance.py:2330} INFO - Executing <Mapped(_PythonDecoratedOperator): ETL_job> on 2024-05-13 10:00:00+00:00
[2024-05-13T10:20:20.708+0000] {warnings.py:110} WARNING - /home/***/.local/lib/python3.12/site-packages/***/task/task_runner/standard_task_runner.py:61: DeprecationWarning: This process (pid=16898) is multi-threaded, use of fork() may lead to deadlocks in the child.
  pid = os.fork()

[2024-05-13T10:20:20.710+0000] {standard_task_runner.py:63} INFO - Started process 16914 to run task
[2024-05-13T10:20:20.741+0000] {standard_task_runner.py:90} INFO - Running: ['***', 'tasks', 'run', 'Units_statistics_DAG', 'ETL_job', 'scheduled__2024-05-13T10:00:00+00:00', '--job-id', '55694', '--raw', '--subdir', 'DAGS_FOLDER/Units_dag.py', '--cfg-path', '/tmp/tmp01wwdvke', '--map-index', '13']
[2024-05-13T10:20:20.759+0000] {standard_task_runner.py:91} INFO - Job 55694: Subtask ETL_job
[2024-05-13T10:20:20.946+0000] {task_command.py:426} INFO - Running <TaskInstance: Units_statistics_DAG.ETL_job scheduled__2024-05-13T10:00:00+00:00 map_index=13 [running]> on host 7138d7e072c5
[2024-05-13T10:20:21.468+0000] {taskinstance.py:2648} INFO - Exporting env vars: AIRFLOW_CTX_DAG_OWNER='abeer-araby' AIRFLOW_CTX_DAG_ID='Units_statistics_DAG' AIRFLOW_CTX_TASK_ID='ETL_job' AIRFLOW_CTX_EXECUTION_DATE='2024-05-13T10:00:00+00:00' AIRFLOW_CTX_TRY_NUMBER='1' AIRFLOW_CTX_DAG_RUN_ID='scheduled__2024-05-13T10:00:00+00:00'
[2024-05-13T10:20:21.470+0000] {taskinstance.py:430} INFO - ::endgroup::
[2024-05-13T10:20:21.477+0000] {Units_dag.py:98} INFO - i: 130000, chunk: 10000
[2024-05-13T10:20:21.478+0000] {Units_dag.py:99} INFO - child token is::: eyJ0eXAiOiJKV1QiLCJhbGciOiJIUzI1NiJ9.eyJpc3MiOiJodHRwczovL2FwaS5hZmFxeS5zYS9hdXRoL2xvZ2luX2FzIiwiaWF0IjoxNzE1NTk1NjA0LCJleHAiOjE3MTgxODc2MDQsIm5iZiI6MTcxNTU5NTYwNCwianRpIjoiTVd1UGJpUmhHUno5aTZIMCIsInN1YiI6IjVkNjNlNTFlMDNlZDUyOTJhNDJjMjRlNiIsInBydiI6IjI3MGVjZmM3ZWEzZWQ5MzdlYTg0OTM2MmEzYTUwOTEwYzZkOGNlNGYiLCJsb2dpbl9hc19pZCI6IjY1N2YwYWQ3M2Y5NzcyOTVjZjA1NTc2YSJ9.Gp64twqz-eXdT2DFeQhRFEOSC86wV_PMnoZlxQTPTh0
[2024-05-13T10:20:47.657+0000] {Units_dag.py:103} INFO - {'_id': '651193300ea5a26bef43994d', 'icon': 'icons/icon.png', 'driver_id': '', 'tailer_id': '', 'profile': {'vehicle_type': '', 'measurement_type': 'count', 'max_capacity': 0, 'vin': '', 'plate_number': '', 'start_operation': '', 'contract_milage': '', 'opening_milage': '', 'model': '', 'fuel_type': '91', 'year': 0, 'seats': 2}, 'shipment_info': {'product_category': None, 'truck_type': None, 'shipment_type': None, 'shipment_payment_type': None, 'transporter_type': None, 'operating_area': None, 'weight_kilograms_per_day': None, 'kms_per_day': None, 'shipment_trip_drive_hrs_day': None, 'allowable_delay_drive_hrs_day': None, 'expected_shipment_trip_day': None, 'car_pay_per_day': None, 'exceeding_temperature_limit_per_day': None, 'temperature_upper_limit': None, 'exceeding_humidity_limit_per_day': None, 'humidity_upper_limit': None}, 'device_password': '***', 'device_type': 'gps', 'gateway': False, 'business_types': {'waste': False, 'transportation': True, 'water': False}, 'name': '4506 ر س ن', 'operation_code': '4abf0549-cc64-46e8-8f61-793938676616', 'device_gateway': '', 'skip_sim_information': False, 'imei': '867994060790603', 'sim_number': '+966830032001834', 'sim_serial': '421296782469', 'device_serial': '867994060790603', 'device': 'bce', 'user_id': '5f0d614303ed52b67f28d078', 'created_by': '5e6655bf03ed52e1ab79d301', 'updated_at': '2024-04-18 11:18:59', 'created_at': '2023-09-25 17:03:28', 'custom_fields': [], 'creator': 'amr.ahmed', 'company': '', 'owner': 'alwefaq-idrive', 'last_update': {'dtt': 1700643558000, 'dts': 1700672475241, 'spd': 0, 'ang': 162, 'alt': 655, 'chPrams': {'ePwrV': {'v': 12.448, 'cdt': 1700643258000}, 'di16': {'v': 1, 'cdt': 1700392404000}, 'di15': {'v': 0, 'cdt': 1695207998000}, 'rssi1': {'v': 46, 'cdt': 1700643258000}, 'di14': {'v': 0, 'cdt': 1700616948000}, 'di13': {'v': 0, 'cdt': 1700392404000}, 'di12': {'v': 0, 'cdt': 1700392404000}, 'di11': {'v': 0, 'cdt': 1700392404000}, 'di10': {'v': 0, 'cdt': 1695207998000}, 'di2': {'v': 0, 'cdt': 1700392404000}, 'di1': {'v': 0, 'cdt': 1700617160000}, 'ai4': {'v': 309, 'cdt': 1700643558000}, 'di4': {'v': 0, 'cdt': 1700392404000}, 'di3': {'v': 0, 'cdt': 1700392404000}, 'di6': {'v': 0, 'cdt': 1700392404000}, 'di5': {'v': 0, 'cdt': 1700617160000}, 'lac1': {'v': 22122, 'cdt': 1700616684000}, 'protocol': {'v': 'bce', 'cdt': 1700392404000}, 'di8': {'v': 1, 'cdt': 1700395412000}, 'di7': {'v': 0, 'cdt': 1700617460000}, 'di9': {'v': 0, 'cdt': 1700392404000}, 'iPwrV': {'v': 4.038, 'cdt': 1700643558000}, 'cid1': {'v': 17951, 'cdt': 1700617152000}, 'odometer': {'v': 0, 'cdt': 1700617152000}, 'spd': {'v': 0, 'cdt': 1700617122000}, 'sat': {'v': 12, 'cdt': 1700642358000}, 'hdop': {'v': 1, 'cdt': 1700616938000}, 'ta': {'v': 0, 'cdt': 1700395412000}, 'mcc1': {'v': 420, 'cdt': 1700413312000}, 'mnc1': {'v': 4, 'cdt': 1700413312000}}, 'prms': {'protocol': 'bce', 'spd': 0, 'sat': 12, 'hdop': 1, 'odometer': 0, 'di16': 1, 'di15': 0, 'di14': 0, 'di13': 0, 'di12': 0, 'di11': 0, 'di10': 0, 'di9': 0, 'di8': 1, 'di7': 0, 'di6': 0, 'di5': 0, 'di4': 0, 'di3': 0, 'di2': 0, 'di1': 0, 'ePwrV': 12.448, 'ai4': 309, 'iPwrV': 4.038, 'ta': 0, 'mcc1': 420, 'mnc1': 4, 'lac1': 22122, 'cid1': 17951, 'rssi1': 46}, 'devPrms': ['protocol', 'spd', 'sat', 'hdop', 'odometer', 'di16', 'di15', 'di14', 'di13', 'di12', 'di11', 'di10', 'di9', 'di8', 'di7', 'di6', 'di5', 'di4', 'di3', 'di2', 'di1', 'ePwrV', 'ai4', 'iPwrV', 'ta', 'mcc1', 'mnc1', 'lac1', 'cid1', 'rssi1'], 'old_params': {'protocol': 'bce', 'spd': 0, 'sat': 12, 'hdop': 1, 'odometer': 0, 'di16': 1, 'di15': 0, 'di14': 0, 'di13': 0, 'di12': 0, 'di11': 0, 'di10': 0, 'di9': 0, 'di8': 1, 'di7': 0, 'di6': 0, 'di5': 0, 'di4': 0, 'di3': 0, 'di2': 0, 'di1': 0, 'ePwrV': 12.448, 'ai4': 299, 'iPwrV': 4.037, 'ta': 0, 'mcc1': 420, 'mnc1': 4, 'lac1': 22122, 'cid1': 17951, 'rssi1': 46}, 'vLoc': 1, 'vCon': 1, 'ip': '51.36.52.252', 'rl': 0, 'trl': 1477.8336, 'mdu': 0, 'tmdu': 94834, 'eidl': 0, 'teidl': 105640, 'fc': 0, 'tfc': 15.545112, 'acc': 0, 'accOn': 614602, 'accOff': 5207598, 'sdu': 300, 'tsdu': 26398, 'lat': 24.797622680664062, 'lng': 46.62158966064453}, 'counters': {'odometer_type': 'gps', 'odometer': 1492.8369, 'engine_hours_type': 'acc', 'engine_hours': 614602, 'last_acc': 0}, 'is_wasl_connected': 'Not Connected', 'iconUrl': 'https://api.afaqy.sa/images/units/icons/icon.png', 'hasCCTV': False}
[2024-05-13T10:20:52.282+0000] {warnings.py:110} WARNING - /home/***/.local/lib/python3.12/site-packages/elasticsearch/_sync/client/__init__.py:399: SecurityWarning: Connecting to 'https://dbelk2.afaqy.local:9200' using TLS with verify_certs=False is insecure
  _transport = transport_class(

[2024-05-13T10:20:52.501+0000] {warnings.py:110} WARNING - /home/***/.local/lib/python3.12/site-packages/elasticsearch/_sync/client/__init__.py:399: SecurityWarning: Connecting to 'https://dbelk1.afaqy.local:9200' using TLS with verify_certs=False is insecure
  _transport = transport_class(

[2024-05-13T10:20:53.528+0000] {warnings.py:110} WARNING - /home/***/.local/lib/python3.12/site-packages/elasticsearch/_sync/client/__init__.py:399: SecurityWarning: Connecting to 'https://dbelk3.afaqy.local:9200' using TLS with verify_certs=False is insecure
  _transport = transport_class(

[2024-05-13T10:20:53.673+0000] {warnings.py:110} WARNING - /home/***/.local/lib/python3.12/site-packages/urllib3/connectionpool.py:1103: InsecureRequestWarning: Unverified HTTPS request is being made to host 'dbelk2.afaqy.local'. Adding certificate verification is strongly advised. See: https://urllib3.readthedocs.io/en/latest/advanced-usage.html#tls-warnings
  warnings.warn(

[2024-05-13T10:20:53.752+0000] {_transport.py:349} INFO - GET https://dbelk2.afaqy.local:9200/_cluster/health [status:200 duration:0.180s]
[2024-05-13T10:20:54.914+0000] {warnings.py:110} WARNING - /home/***/.local/lib/python3.12/site-packages/urllib3/connectionpool.py:1103: InsecureRequestWarning: Unverified HTTPS request is being made to host 'dbelk1.afaqy.local'. Adding certificate verification is strongly advised. See: https://urllib3.readthedocs.io/en/latest/advanced-usage.html#tls-warnings
  warnings.warn(

[2024-05-13T10:20:58.319+0000] {_transport.py:349} INFO - PUT https://dbelk1.afaqy.local:9200/units_statistics_***/_bulk [status:200 duration:3.439s]
[2024-05-13T10:20:58.565+0000] {python.py:237} INFO - Done. Returned value was: None
[2024-05-13T10:20:58.566+0000] {taskinstance.py:441} INFO - ::group::Post task execution logs
[2024-05-13T10:20:58.581+0000] {taskinstance.py:1206} INFO - Marking task as SUCCESS. dag_id=Units_statistics_DAG, task_id=ETL_job, run_id=scheduled__2024-05-13T10:00:00+00:00, map_index=13, execution_date=20240513T100000, start_date=20240513T102020, end_date=20240513T102058
[2024-05-13T10:20:58.648+0000] {local_task_job_runner.py:240} INFO - Task exited with return code 0
[2024-05-13T10:20:58.684+0000] {taskinstance.py:3498} INFO - 0 downstream tasks scheduled from follow-on schedule check
[2024-05-13T10:20:58.686+0000] {local_task_job_runner.py:222} INFO - ::endgroup::
