[2024-05-11T11:20:18.698+0000] {taskinstance.py:1979} INFO - Dependencies all met for dep_context=non-requeueable deps ti=<TaskInstance: Units_statistics_DAG.ETL_job scheduled__2024-05-11T11:00:00+00:00 map_index=6 [queued]>
[2024-05-11T11:20:18.735+0000] {taskinstance.py:1979} INFO - Dependencies all met for dep_context=requeueable deps ti=<TaskInstance: Units_statistics_DAG.ETL_job scheduled__2024-05-11T11:00:00+00:00 map_index=6 [queued]>
[2024-05-11T11:20:18.735+0000] {taskinstance.py:2193} INFO - Starting attempt 1 of 4
[2024-05-11T11:20:18.898+0000] {taskinstance.py:2217} INFO - Executing <Mapped(_PythonDecoratedOperator): ETL_job> on 2024-05-11 11:00:00+00:00
[2024-05-11T11:20:18.967+0000] {standard_task_runner.py:60} INFO - Started process 938998 to run task
[2024-05-11T11:20:18.971+0000] {standard_task_runner.py:87} INFO - Running: ['***', 'tasks', 'run', 'Units_statistics_DAG', 'ETL_job', 'scheduled__2024-05-11T11:00:00+00:00', '--job-id', '50389', '--raw', '--subdir', 'DAGS_FOLDER/Units_dag.py', '--cfg-path', '/tmp/tmp6n43ox_f', '--map-index', '6']
[2024-05-11T11:20:18.973+0000] {standard_task_runner.py:88} INFO - Job 50389: Subtask ETL_job
[2024-05-11T11:20:19.383+0000] {task_command.py:423} INFO - Running <TaskInstance: Units_statistics_DAG.ETL_job scheduled__2024-05-11T11:00:00+00:00 map_index=6 [running]> on host a09da322e808
[2024-05-11T11:20:20.112+0000] {taskinstance.py:2513} INFO - Exporting env vars: AIRFLOW_CTX_DAG_OWNER='abeer-araby' AIRFLOW_CTX_DAG_ID='Units_statistics_DAG' AIRFLOW_CTX_TASK_ID='ETL_job' AIRFLOW_CTX_EXECUTION_DATE='2024-05-11T11:00:00+00:00' AIRFLOW_CTX_TRY_NUMBER='1' AIRFLOW_CTX_DAG_RUN_ID='scheduled__2024-05-11T11:00:00+00:00'
[2024-05-11T11:20:20.114+0000] {Units_dag.py:98} INFO - i: 60000, chunk: 10000
[2024-05-11T11:20:20.118+0000] {Units_dag.py:99} INFO - child token is::: eyJ0eXAiOiJKV1QiLCJhbGciOiJIUzI1NiJ9.eyJpc3MiOiJodHRwczovL2FwaS5hZmFxeS5zYS9hdXRoL2xvZ2luX2FzIiwiaWF0IjoxNzE1NDI2NDA0LCJleHAiOjE3MTgwMTg0MDQsIm5iZiI6MTcxNTQyNjQwNCwianRpIjoiT1ZIWjBUb0E1eHFaSVZUeSIsInN1YiI6IjVkNjNlNTFlMDNlZDUyOTJhNDJjMjRlNiIsInBydiI6IjI3MGVjZmM3ZWEzZWQ5MzdlYTg0OTM2MmEzYTUwOTEwYzZkOGNlNGYiLCJsb2dpbl9hc19pZCI6IjY1N2YwYWQ3M2Y5NzcyOTVjZjA1NTc2YSJ9.NPoX5iGOYyWKmhtAUAoGHAsFBBguADAt_ZZjFA8xKl4
[2024-05-11T11:20:51.874+0000] {Units_dag.py:103} INFO - {'_id': '6330674839baaf271156bc57', 'icon': 'icons/icon.png', 'driver_id': '', 'tailer_id': '', 'profile': {'vehicle_type': '', 'measurement_type': 'count', 'max_capacity': 0, 'vin': '', 'plate_number': '', 'start_operation': '', 'contract_milage': '', 'opening_milage': '', 'model': '', 'fuel_type': '91', 'year': 0, 'seats': 2}, 'device_password': '***', 'device_type': 'gps', 'gateway': False, 'name': '5625BSB', 'operation_code': 'الثلاجة', 'device_gateway': '', 'business_types': {'waste': False, 'transportation': True, 'water': False}, 'imei': '350544503475223', 'sim_number': '+966830028979572', 'sim_serial': '8996609821111333169', 'device_serial': '1124875233', 'device': 'teltonika', 'user_id': '632aff69cb60e744b161d498', 'created_by': '5e6655bf03ed52e1ab79d301', 'updated_at': '2024-04-18 11:18:59', 'created_at': '2022-09-25 17:35:52', 'custom_fields': [], 'creator': 'amr.ahmed', 'company': '', 'owner': 'square-limited-admin', 'last_update': {'dtt': 1715426416000, 'dts': 1715426419510, 'spd': 0, 'ang': 57, 'alt': 647, 'chPrams': {'Speed': {'v': 0, 'cdt': 1715426145000}, 'output1': {'v': False, 'cdt': 1714695749000}, 'output2': {'v': False, 'cdt': 1714695749000}, 'ePwrV': {'v': 14.059000000000001, 'cdt': 1715426416000}, 'parm24': {'v': 0, 'cdt': 1715426145000}, 'sat': {'v': 14, 'cdt': 1715426416000}, 'ai1': {'v': 218, 'cdt': 1715170246000}, 'type': {'v': 6, 'cdt': 1714156115000}, 'priority': {'v': 0, 'cdt': 1714381993000}, 'di2': {'v': 0, 'cdt': 1714464958000}, 'di1': {'v': 1, 'cdt': 1715414521000}, 'result': {'v': '5665723a30332e32372e30375f3030204750533a41584e5f352e312e392048773a464d42313230204d6f643a333320494d45493a33353035343435303334373532323320496e69743a323032342d312d31382032323a3920557074696d653a39363537323130204d41433a333838413231304634353838205350433a312830292041584c3a32204f42443a3020424c3a312e31302042543a34', 'cdt': 1715290274000}, 'protocol': {'v': 'FMB120', 'cdt': 1715290574000}, 'parm6': {'v': 218, 'cdt': 1715424799000}, 'temp5': {'v': 2.27, 'cdt': 1688470123000}, 'parm29': {'v': 0, 'cdt': 1714843133000}, 'iPwrV': {'v': 3.954, 'cdt': 1715426175000}, 'humidity86': {'v': 32, 'cdt': 1688470123000}, 'event': {'v': 0, 'cdt': 1714381993000}}, 'prms': {'protocol': 'FMB120', 'priority': 0, 'sat': 14, 'event': 0, 'di1': 1, 'output1': 0, 'di2': 0, 'output2': 0, 'parm29': 0, 'ePwrV': 14.059000000000001, 'Speed': 0, 'parm24': 0, 'iPwrV': 3.954, 'ai1': 218, 'parm6': 218}, 'devPrms': ['protocol', 'priority', 'sat', 'event', 'di1', 'output1', 'di2', 'output2', 'parm29', 'ePwrV', 'Speed', 'parm24', 'iPwrV', 'ai1', 'parm6'], 'old_params': {'protocol': 'FMB120', 'priority': 0, 'sat': 16, 'event': 0, 'di1': 1, 'output1': 0, 'di2': 0, 'output2': 0, 'parm29': 0, 'ePwrV': 14.049, 'Speed': 0, 'parm24': 0, 'iPwrV': 3.954, 'ai1': 218, 'parm6': 218}, 'vLoc': 1, 'vCon': 1, 'ip': '109.83.218.48', 'rl': 0, 'trl': 192799.7776, 'mdu': 0, 'tmdu': 11344099, 'eidl': 30, 'teidl': 9390409, 'fc': 0, 'tfc': 2905.10318, 'acc': 1, 'accOn': -11925617708, 'accOff': 15644280553, 'sdu': 0, 'tsdu': 0, 'lat': 24.7620083, 'lng': 46.7230799}, 'counters': {'odometer_type': 'gps', 'odometer': 192799.7837, 'engine_hours_type': 'acc', 'engine_hours': -11925617708, 'last_acc': 1}, 'is_wasl_connected': 'Not Connected', 'iconUrl': 'https://api.afaqy.sa/images/units/icons/icon.png', 'hasCCTV': False}
[2024-05-11T11:20:53.625+0000] {warnings.py:109} WARNING - /home/***/.local/lib/python3.8/site-packages/elasticsearch/_sync/client/__init__.py:399: SecurityWarning: Connecting to 'https://dbelk3.afaqy.local:9200' using TLS with verify_certs=False is insecure
  _transport = transport_class(

[2024-05-11T11:20:53.700+0000] {warnings.py:109} WARNING - /home/***/.local/lib/python3.8/site-packages/elasticsearch/_sync/client/__init__.py:399: SecurityWarning: Connecting to 'https://dbelk1.afaqy.local:9200' using TLS with verify_certs=False is insecure
  _transport = transport_class(

[2024-05-11T11:20:53.781+0000] {warnings.py:109} WARNING - /home/***/.local/lib/python3.8/site-packages/elasticsearch/_sync/client/__init__.py:399: SecurityWarning: Connecting to 'https://dbelk2.afaqy.local:9200' using TLS with verify_certs=False is insecure
  _transport = transport_class(

[2024-05-11T11:20:53.812+0000] {warnings.py:109} WARNING - /home/***/.local/lib/python3.8/site-packages/urllib3/connectionpool.py:1061: InsecureRequestWarning: Unverified HTTPS request is being made to host 'dbelk3.afaqy.local'. Adding certificate verification is strongly advised. See: https://urllib3.readthedocs.io/en/1.26.x/advanced-usage.html#ssl-warnings
  warnings.warn(

[2024-05-11T11:20:53.934+0000] {_transport.py:335} INFO - GET https://dbelk3.afaqy.local:9200/_cluster/health [status:200 duration:0.139s]
[2024-05-11T11:20:54.981+0000] {warnings.py:109} WARNING - /home/***/.local/lib/python3.8/site-packages/urllib3/connectionpool.py:1061: InsecureRequestWarning: Unverified HTTPS request is being made to host 'dbelk1.afaqy.local'. Adding certificate verification is strongly advised. See: https://urllib3.readthedocs.io/en/1.26.x/advanced-usage.html#ssl-warnings
  warnings.warn(

[2024-05-11T11:20:58.778+0000] {_transport.py:335} INFO - PUT https://dbelk1.afaqy.local:9200/units_statistics_***/_bulk [status:200 duration:3.822s]
[2024-05-11T11:20:59.066+0000] {taskinstance.py:2731} ERROR - Task failed with exception
Traceback (most recent call last):
  File "/home/airflow/.local/lib/python3.8/site-packages/airflow/models/taskinstance.py", line 444, in _execute_task
    result = _execute_callable(context=context, **execute_callable_kwargs)
  File "/home/airflow/.local/lib/python3.8/site-packages/airflow/models/taskinstance.py", line 414, in _execute_callable
    return execute_callable(context=context, **execute_callable_kwargs)
  File "/home/airflow/.local/lib/python3.8/site-packages/airflow/decorators/base.py", line 241, in execute
    return_value = super().execute(context)
  File "/home/airflow/.local/lib/python3.8/site-packages/airflow/operators/python.py", line 200, in execute
    return_value = self.execute_callable()
  File "/home/airflow/.local/lib/python3.8/site-packages/airflow/operators/python.py", line 217, in execute_callable
    return self.python_callable(*self.op_args, **self.op_kwargs)
  File "/opt/airflow/dags/Units_dag.py", line 111, in ETL_job
    Elk_client.elk_pushData(Globals.index_name,units_list_update)
  File "/opt/airflow/dags/units_statistics/elk_manager.py", line 69, in elk_pushData
    helpers.bulk(self.elk_client, docs_list, index=index_name, chunk_size=batch)
  File "/home/airflow/.local/lib/python3.8/site-packages/elasticsearch/helpers/actions.py", line 521, in bulk
    for ok, item in streaming_bulk(
  File "/home/airflow/.local/lib/python3.8/site-packages/elasticsearch/helpers/actions.py", line 436, in streaming_bulk
    for data, (ok, info) in zip(
  File "/home/airflow/.local/lib/python3.8/site-packages/elasticsearch/helpers/actions.py", line 355, in _process_bulk_chunk
    yield from gen
  File "/home/airflow/.local/lib/python3.8/site-packages/elasticsearch/helpers/actions.py", line 274, in _process_bulk_chunk_success
    raise BulkIndexError(f"{len(errors)} document(s) failed to index.", errors)
elasticsearch.helpers.BulkIndexError: 2180 document(s) failed to index.
[2024-05-11T11:20:59.080+0000] {taskinstance.py:1149} INFO - Marking task as UP_FOR_RETRY. dag_id=Units_statistics_DAG, task_id=ETL_job, map_index=6, execution_date=20240511T110000, start_date=20240511T112018, end_date=20240511T112059
[2024-05-11T11:20:59.098+0000] {standard_task_runner.py:107} ERROR - Failed to execute job 50389 for task ETL_job (2180 document(s) failed to index.; 938998)
[2024-05-11T11:20:59.164+0000] {local_task_job_runner.py:234} INFO - Task exited with return code 1
[2024-05-11T11:20:59.188+0000] {taskinstance.py:3312} INFO - 0 downstream tasks scheduled from follow-on schedule check
